<?xml version="1.0" encoding="UTF-8" ?>
<testsuite failures="0" time="3.248" errors="1" skipped="0" tests="2" name="de.bioinformatikmuenchen.pg4.ssp.ssppredict.PredictTest">
  <properties>
    <property name="java.runtime.name" value="OpenJDK Runtime Environment"/>
    <property name="sun.boot.library.path" value="/usr/lib/jvm/java-7-openjdk-amd64/jre/lib/amd64"/>
    <property name="java.vm.version" value="23.7-b01"/>
    <property name="java.vm.vendor" value="Oracle Corporation"/>
    <property name="java.vendor.url" value="http://java.oracle.com/"/>
    <property name="path.separator" value=":"/>
    <property name="guice.disable.misplaced.annotation.check" value="true"/>
    <property name="java.vm.name" value="OpenJDK 64-Bit Server VM"/>
    <property name="file.encoding.pkg" value="sun.io"/>
    <property name="user.country" value="DE"/>
    <property name="sun.java.launcher" value="SUN_STANDARD"/>
    <property name="sun.os.patch.level" value="unknown"/>
    <property name="test" value="de.bioinformatikmuenchen.pg4.ssp.ssppredict.PredictTest"/>
    <property name="java.vm.specification.name" value="Java Virtual Machine Specification"/>
    <property name="user.dir" value="/home/s/spoeri/Desktop/Programmierpraktikum/Solution4/SSPPredict"/>
    <property name="java.runtime.version" value="1.7.0_15-b20"/>
    <property name="java.awt.graphicsenv" value="sun.awt.X11GraphicsEnvironment"/>
    <property name="java.endorsed.dirs" value="/usr/lib/jvm/java-7-openjdk-amd64/jre/lib/endorsed"/>
    <property name="os.arch" value="amd64"/>
    <property name="java.io.tmpdir" value="/tmp"/>
    <property name="line.separator" value="
"/>
    <property name="java.vm.specification.vendor" value="Oracle Corporation"/>
    <property name="os.name" value="Linux"/>
    <property name="classworlds.conf" value="/home/s/spoeri/netbeans-7.3/java/maven/bin/m2.conf"/>
    <property name="sun.jnu.encoding" value="UTF-8"/>
    <property name="java.library.path" value="/usr/lib/jvm/java-7-openjdk-amd64/jre/lib/amd64:/usr/lib/jvm/java-7-openjdk-amd64/jre/lib/i386::/usr/java/packages/lib/amd64:/usr/lib/jni:/lib:/usr/lib"/>
    <property name="java.specification.name" value="Java Platform API Specification"/>
    <property name="java.class.version" value="51.0"/>
    <property name="sun.management.compiler" value="HotSpot 64-Bit Tiered Compilers"/>
    <property name="os.version" value="3.2.0-38-generic"/>
    <property name="user.home" value="/home/s/spoeri"/>
    <property name="user.timezone" value="Europe/Berlin"/>
    <property name="java.awt.printerjob" value="sun.print.PSPrinterJob"/>
    <property name="file.encoding" value="UTF-8"/>
    <property name="java.specification.version" value="1.7"/>
    <property name="user.name" value="spoeri"/>
    <property name="java.class.path" value="/home/s/spoeri/netbeans-7.3/java/maven/boot/plexus-classworlds-2.4.jar"/>
    <property name="java.vm.specification.version" value="1.7"/>
    <property name="sun.arch.data.model" value="64"/>
    <property name="java.home" value="/usr/lib/jvm/java-7-openjdk-amd64/jre"/>
    <property name="sun.java.command" value="org.codehaus.plexus.classworlds.launcher.Launcher -Dtest=de.bioinformatikmuenchen.pg4.ssp.ssppredict.PredictTest test-compile surefire:test"/>
    <property name="java.specification.vendor" value="Oracle Corporation"/>
    <property name="user.language" value="de"/>
    <property name="awt.toolkit" value="sun.awt.X11.XToolkit"/>
    <property name="java.vm.info" value="mixed mode"/>
    <property name="java.version" value="1.7.0_15"/>
    <property name="java.ext.dirs" value="/usr/lib/jvm/java-7-openjdk-amd64/jre/lib/ext:/usr/java/packages/lib/ext"/>
    <property name="securerandom.source" value="file:/dev/./urandom"/>
    <property name="sun.boot.class.path" value="/usr/lib/jvm/java-7-openjdk-amd64/jre/lib/resources.jar:/usr/lib/jvm/java-7-openjdk-amd64/jre/lib/rt.jar:/usr/lib/jvm/java-7-openjdk-amd64/jre/lib/sunrsasign.jar:/usr/lib/jvm/java-7-openjdk-amd64/jre/lib/jsse.jar:/usr/lib/jvm/java-7-openjdk-amd64/jre/lib/jce.jar:/usr/lib/jvm/java-7-openjdk-amd64/jre/lib/charsets.jar:/usr/lib/jvm/java-7-openjdk-amd64/jre/lib/netx.jar:/usr/lib/jvm/java-7-openjdk-amd64/jre/lib/plugin.jar:/usr/lib/jvm/java-7-openjdk-amd64/jre/lib/rhino.jar:/usr/lib/jvm/java-7-openjdk-amd64/jre/lib/jfr.jar:/usr/lib/jvm/java-7-openjdk-amd64/jre/classes"/>
    <property name="java.vendor" value="Oracle Corporation"/>
    <property name="maven.home" value="/home/s/spoeri/netbeans-7.3/java/maven"/>
    <property name="file.separator" value="/"/>
    <property name="java.vendor.url.bug" value="http://bugreport.sun.com/bugreport/"/>
    <property name="sun.cpu.endian" value="little"/>
    <property name="sun.io.unicode.encoding" value="UnicodeLittle"/>
    <property name="sun.cpu.isalist" value=""/>
  </properties>
  <testcase time="3.187" classname="de.bioinformatikmuenchen.pg4.ssp.ssppredict.PredictTest" name="testMain">
    <error type="java.lang.NullPointerException">java.lang.NullPointerException
	at de.bioinformatikmuenchen.pg4.ssp.ssppredict.Predict.main(Predict.java:197)
	at de.bioinformatikmuenchen.pg4.ssp.ssppredict.PredictTest.testMain(PredictTest.java:47)
	at sun.reflect.NativeMethodAccessorImpl.invoke0(Native Method)
	at sun.reflect.NativeMethodAccessorImpl.invoke(NativeMethodAccessorImpl.java:57)
	at sun.reflect.DelegatingMethodAccessorImpl.invoke(DelegatingMethodAccessorImpl.java:43)
	at java.lang.reflect.Method.invoke(Method.java:601)
	at org.junit.runners.model.FrameworkMethod$1.runReflectiveCall(FrameworkMethod.java:44)
	at org.junit.internal.runners.model.ReflectiveCallable.run(ReflectiveCallable.java:15)
	at org.junit.runners.model.FrameworkMethod.invokeExplosively(FrameworkMethod.java:41)
	at org.junit.internal.runners.statements.InvokeMethod.evaluate(InvokeMethod.java:20)
	at org.junit.internal.runners.statements.RunBefores.evaluate(RunBefores.java:28)
	at org.junit.internal.runners.statements.RunAfters.evaluate(RunAfters.java:31)
	at org.junit.runners.BlockJUnit4ClassRunner.runNotIgnored(BlockJUnit4ClassRunner.java:79)
	at org.junit.runners.BlockJUnit4ClassRunner.runChild(BlockJUnit4ClassRunner.java:71)
	at org.junit.runners.BlockJUnit4ClassRunner.runChild(BlockJUnit4ClassRunner.java:49)
	at org.junit.runners.ParentRunner$3.run(ParentRunner.java:193)
	at org.junit.runners.ParentRunner$1.schedule(ParentRunner.java:52)
	at org.junit.runners.ParentRunner.runChildren(ParentRunner.java:191)
	at org.junit.runners.ParentRunner.access$000(ParentRunner.java:42)
	at org.junit.runners.ParentRunner$2.evaluate(ParentRunner.java:184)
	at org.junit.internal.runners.statements.RunBefores.evaluate(RunBefores.java:28)
	at org.junit.internal.runners.statements.RunAfters.evaluate(RunAfters.java:31)
	at org.junit.runners.ParentRunner.run(ParentRunner.java:236)
	at org.apache.maven.surefire.junit4.JUnit4TestSet.execute(JUnit4TestSet.java:53)
	at org.apache.maven.surefire.junit4.JUnit4Provider.executeTestSet(JUnit4Provider.java:123)
	at org.apache.maven.surefire.junit4.JUnit4Provider.invoke(JUnit4Provider.java:104)
	at sun.reflect.NativeMethodAccessorImpl.invoke0(Native Method)
	at sun.reflect.NativeMethodAccessorImpl.invoke(NativeMethodAccessorImpl.java:57)
	at sun.reflect.DelegatingMethodAccessorImpl.invoke(DelegatingMethodAccessorImpl.java:43)
	at java.lang.reflect.Method.invoke(Method.java:601)
	at org.apache.maven.surefire.util.ReflectionUtils.invokeMethodWithArray(ReflectionUtils.java:164)
	at org.apache.maven.surefire.booter.ProviderFactory$ProviderProxy.invoke(ProviderFactory.java:110)
	at org.apache.maven.surefire.booter.SurefireStarter.invokeProvider(SurefireStarter.java:175)
	at org.apache.maven.surefire.booter.SurefireStarter.runSuitesInProcessWhenForked(SurefireStarter.java:107)
	at org.apache.maven.surefire.booter.ForkedBooter.main(ForkedBooter.java:68)
</error>
    <system-out>Preprocessing ...
Init gor5 ...
Parse gor5 model file ...
read model file: /home/s/spoeri/Desktop/Programmierpraktikum/Solution4/SSPPredict/src/test/resources/Ugor3CB513DSSP.db.txt
Process line: // Matrix4D
 Skip line!
Process line: 
 Skip line!
Process line: =A,C=
 state line! (now in state: C)
Process line: 
 Skip line!
Process line: A	213	210	186	214	200	206	190	187	2164	147	170	189	193	184	176	196	214
 data line!
  input in matrix: state: C currentWindowPosition: 0 currentAminoAcid: A =&gt; 213
  input in matrix: state: C currentWindowPosition: 1 currentAminoAcid: A =&gt; 210
  input in matrix: state: C currentWindowPosition: 2 currentAminoAcid: A =&gt; 186
  input in matrix: state: C currentWindowPosition: 3 currentAminoAcid: A =&gt; 214
  input in matrix: state: C currentWindowPosition: 4 currentAminoAcid: A =&gt; 200
  input in matrix: state: C currentWindowPosition: 5 currentAminoAcid: A =&gt; 206
  input in matrix: state: C currentWindowPosition: 6 currentAminoAcid: A =&gt; 190
  input in matrix: state: C currentWindowPosition: 7 currentAminoAcid: A =&gt; 187
  input in matrix: state: C currentWindowPosition: 8 currentAminoAcid: A =&gt; 2164
  input in matrix: state: C currentWindowPosition: 9 currentAminoAcid: A =&gt; 147
  input in matrix: state: C currentWindowPosition: 10 currentAminoAcid: A =&gt; 170
  input in matrix: state: C currentWindowPosition: 11 currentAminoAcid: A =&gt; 189
  input in matrix: state: C currentWindowPosition: 12 currentAminoAcid: A =&gt; 193
  input in matrix: state: C currentWindowPosition: 13 currentAminoAcid: A =&gt; 184
  input in matrix: state: C currentWindowPosition: 14 currentAminoAcid: A =&gt; 176
  input in matrix: state: C currentWindowPosition: 15 currentAminoAcid: A =&gt; 196
  input in matrix: state: C currentWindowPosition: 16 currentAminoAcid: A =&gt; 214
Process line: C	46	39	28	39	44	37	44	42	0	45	35	40	34	44	42	39	45
 data line!
  input in matrix: state: C currentWindowPosition: 0 currentAminoAcid: C =&gt; 46
  input in matrix: state: C currentWindowPosition: 1 currentAminoAcid: C =&gt; 39
  input in matrix: state: C currentWindowPosition: 2 currentAminoAcid: C =&gt; 28
  input in matrix: state: C currentWindowPosition: 3 currentAminoAcid: C =&gt; 39
  input in matrix: state: C currentWindowPosition: 4 currentAminoAcid: C =&gt; 44
  input in matrix: state: C currentWindowPosition: 5 currentAminoAcid: C =&gt; 37
  input in matrix: state: C currentWindowPosition: 6 currentAminoAcid: C =&gt; 44
  input in matrix: state: C currentWindowPosition: 7 currentAminoAcid: C =&gt; 42
  input in matrix: state: C currentWindowPosition: 8 currentAminoAcid: C =&gt; 0
  input in matrix: state: C currentWindowPosition: 9 currentAminoAcid: C =&gt; 45
  input in matrix: state: C currentWindowPosition: 10 currentAminoAcid: C =&gt; 35
  input in matrix: state: C currentWindowPosition: 11 currentAminoAcid: C =&gt; 40
  input in matrix: state: C currentWindowPosition: 12 currentAminoAcid: C =&gt; 34
  input in matrix: state: C currentWindowPosition: 13 currentAminoAcid: C =&gt; 44
  input in matrix: state: C currentWindowPosition: 14 currentAminoAcid: C =&gt; 42
  input in matrix: state: C currentWindowPosition: 15 currentAminoAcid: C =&gt; 39
  input in matrix: state: C currentWindowPosition: 16 currentAminoAcid: C =&gt; 45
Process line: D	125	109	110	127	114	134	133	148	0	198	151	133	150	116	128	113	133
 data line!
  input in matrix: state: C currentWindowPosition: 0 currentAminoAcid: D =&gt; 125
  input in matrix: state: C currentWindowPosition: 1 currentAminoAcid: D =&gt; 109
  input in matrix: state: C currentWindowPosition: 2 currentAminoAcid: D =&gt; 110
  input in matrix: state: C currentWindowPosition: 3 currentAminoAcid: D =&gt; 127
  input in matrix: state: C currentWindowPosition: 4 currentAminoAcid: D =&gt; 114
  input in matrix: state: C currentWindowPosition: 5 currentAminoAcid: D =&gt; 134
  input in matrix: state: C currentWindowPosition: 6 currentAminoAcid: D =&gt; 133
  input in matrix: state: C currentWindowPosition: 7 currentAminoAcid: D =&gt; 148
  input in matrix: state: C currentWindowPosition: 8 currentAminoAcid: D =&gt; 0
  input in matrix: state: C currentWindowPosition: 9 currentAminoAcid: D =&gt; 198
  input in matrix: state: C currentWindowPosition: 10 currentAminoAcid: D =&gt; 151
  input in matrix: state: C currentWindowPosition: 11 currentAminoAcid: D =&gt; 133
  input in matrix: state: C currentWindowPosition: 12 currentAminoAcid: D =&gt; 150
  input in matrix: state: C currentWindowPosition: 13 currentAminoAcid: D =&gt; 116
  input in matrix: state: C currentWindowPosition: 14 currentAminoAcid: D =&gt; 128
  input in matrix: state: C currentWindowPosition: 15 currentAminoAcid: D =&gt; 113
  input in matrix: state: C currentWindowPosition: 16 currentAminoAcid: D =&gt; 133
Process line: E	114	126	107	121	111	122	103	102	0	119	105	112	101	122	125	116	97
 data line!
  input in matrix: state: C currentWindowPosition: 0 currentAminoAcid: E =&gt; 114
  input in matrix: state: C currentWindowPosition: 1 currentAminoAcid: E =&gt; 126
  input in matrix: state: C currentWindowPosition: 2 currentAminoAcid: E =&gt; 107
  input in matrix: state: C currentWindowPosition: 3 currentAminoAcid: E =&gt; 121
  input in matrix: state: C currentWindowPosition: 4 currentAminoAcid: E =&gt; 111
  input in matrix: state: C currentWindowPosition: 5 currentAminoAcid: E =&gt; 122
  input in matrix: state: C currentWindowPosition: 6 currentAminoAcid: E =&gt; 103
  input in matrix: state: C currentWindowPosition: 7 currentAminoAcid: E =&gt; 102
  input in matrix: state: C currentWindowPosition: 8 currentAminoAcid: E =&gt; 0
  input in matrix: state: C currentWindowPosition: 9 currentAminoAcid: E =&gt; 119
  input in matrix: state: C currentWindowPosition: 10 currentAminoAcid: E =&gt; 105
  input in matrix: state: C currentWindowPosition: 11 currentAminoAcid: E =&gt; 112
  input in matrix: state: C currentWindowPosition: 12 currentAminoAcid: E =&gt; 101
  input in matrix: state: C currentWindowPosition: 13 currentAminoAcid: E =&gt; 122
  input in matrix: state: C currentWindowPosition: 14 currentAminoAcid: E =&gt; 125
  input in matrix: state: C currentWindowPosition: 15 currentAminoAcid: E =&gt; 116
  input in matrix: state: C currentWindowPosition: 16 currentAminoAcid: E =&gt; 97
Process line: F	109	90	97	90	80	80	85	86	0	54	81	72	81	98	85	94	98
 data line!
  input in matrix: state: C currentWindowPosition: 0 currentAminoAcid: F =&gt; 109
  input in matrix: state: C currentWindowPosition: 1 currentAminoAcid: F =&gt; 90
  input in matrix: state: C currentWindowPosition: 2 currentAminoAcid: F =&gt; 97
  input in matrix: state: C currentWindowPosition: 3 currentAminoAcid: F =&gt; 90
  input in matrix: state: C currentWindowPosition: 4 currentAminoAcid: F =&gt; 80
  input in matrix: state: C currentWindowPosition: 5 currentAminoAcid: F =&gt; 80
  input in matrix: state: C currentWindowPosition: 6 currentAminoAcid: F =&gt; 85
  input in matrix: state: C currentWindowPosition: 7 currentAminoAcid: F =&gt; 86
  input in matrix: state: C currentWindowPosition: 8 currentAminoAcid: F =&gt; 0
  input in matrix: state: C currentWindowPosition: 9 currentAminoAcid: F =&gt; 54
  input in matrix: state: C currentWindowPosition: 10 currentAminoAcid: F =&gt; 81
  input in matrix: state: C currentWindowPosition: 11 currentAminoAcid: F =&gt; 72
  input in matrix: state: C currentWindowPosition: 12 currentAminoAcid: F =&gt; 81
  input in matrix: state: C currentWindowPosition: 13 currentAminoAcid: F =&gt; 98
  input in matrix: state: C currentWindowPosition: 14 currentAminoAcid: F =&gt; 85
  input in matrix: state: C currentWindowPosition: 15 currentAminoAcid: F =&gt; 94
  input in matrix: state: C currentWindowPosition: 16 currentAminoAcid: F =&gt; 98
Process line: G	165	177	171	165	163	183	202	265	0	285	275	180	169	147	192	146	177
 data line!
  input in matrix: state: C currentWindowPosition: 0 currentAminoAcid: G =&gt; 165
  input in matrix: state: C currentWindowPosition: 1 currentAminoAcid: G =&gt; 177
  input in matrix: state: C currentWindowPosition: 2 currentAminoAcid: G =&gt; 171
  input in matrix: state: C currentWindowPosition: 3 currentAminoAcid: G =&gt; 165
  input in matrix: state: C currentWindowPosition: 4 currentAminoAcid: G =&gt; 163
  input in matrix: state: C currentWindowPosition: 5 currentAminoAcid: G =&gt; 183
  input in matrix: state: C currentWindowPosition: 6 currentAminoAcid: G =&gt; 202
  input in matrix: state: C currentWindowPosition: 7 currentAminoAcid: G =&gt; 265
  input in matrix: state: C currentWindowPosition: 8 currentAminoAcid: G =&gt; 0
  input in matrix: state: C currentWindowPosition: 9 currentAminoAcid: G =&gt; 285
  input in matrix: state: C currentWindowPosition: 10 currentAminoAcid: G =&gt; 275
  input in matrix: state: C currentWindowPosition: 11 currentAminoAcid: G =&gt; 180
  input in matrix: state: C currentWindowPosition: 12 currentAminoAcid: G =&gt; 169
  input in matrix: state: C currentWindowPosition: 13 currentAminoAcid: G =&gt; 147
  input in matrix: state: C currentWindowPosition: 14 currentAminoAcid: G =&gt; 192
  input in matrix: state: C currentWindowPosition: 15 currentAminoAcid: G =&gt; 146
  input in matrix: state: C currentWindowPosition: 16 currentAminoAcid: G =&gt; 177
Process line: H	54	61	57	37	49	44	55	40	0	47	57	41	44	56	41	47	39
 data line!
  input in matrix: state: C currentWindowPosition: 0 currentAminoAcid: H =&gt; 54
  input in matrix: state: C currentWindowPosition: 1 currentAminoAcid: H =&gt; 61
  input in matrix: state: C currentWindowPosition: 2 currentAminoAcid: H =&gt; 57
  input in matrix: state: C currentWindowPosition: 3 currentAminoAcid: H =&gt; 37
  input in matrix: state: C currentWindowPosition: 4 currentAminoAcid: H =&gt; 49
  input in matrix: state: C currentWindowPosition: 5 currentAminoAcid: H =&gt; 44
  input in matrix: state: C currentWindowPosition: 6 currentAminoAcid: H =&gt; 55
  input in matrix: state: C currentWindowPosition: 7 currentAminoAcid: H =&gt; 40
  input in matrix: state: C currentWindowPosition: 8 currentAminoAcid: H =&gt; 0
  input in matrix: state: C currentWindowPosition: 9 currentAminoAcid: H =&gt; 47
  input in matrix: state: C currentWindowPosition: 10 currentAminoAcid: H =&gt; 57
  input in matrix: state: C currentWindowPosition: 11 currentAminoAcid: H =&gt; 41
  input in matrix: state: C currentWindowPosition: 12 currentAminoAcid: H =&gt; 44
  input in matrix: state: C currentWindowPosition: 13 currentAminoAcid: H =&gt; 56
  input in matrix: state: C currentWindowPosition: 14 currentAminoAcid: H =&gt; 41
  input in matrix: state: C currentWindowPosition: 15 currentAminoAcid: H =&gt; 47
  input in matrix: state: C currentWindowPosition: 16 currentAminoAcid: H =&gt; 39
Process line: I	114	138	142	128	138	111	106	86	0	59	92	96	123	126	131	143	117
 data line!
  input in matrix: state: C currentWindowPosition: 0 currentAminoAcid: I =&gt; 114
  input in matrix: state: C currentWindowPosition: 1 currentAminoAcid: I =&gt; 138
  input in matrix: state: C currentWindowPosition: 2 currentAminoAcid: I =&gt; 142
  input in matrix: state: C currentWindowPosition: 3 currentAminoAcid: I =&gt; 128
  input in matrix: state: C currentWindowPosition: 4 currentAminoAcid: I =&gt; 138
  input in matrix: state: C currentWindowPosition: 5 currentAminoAcid: I =&gt; 111
  input in matrix: state: C currentWindowPosition: 6 currentAminoAcid: I =&gt; 106
  input in matrix: state: C currentWindowPosition: 7 currentAminoAcid: I =&gt; 86
  input in matrix: state: C currentWindowPosition: 8 currentAminoAcid: I =&gt; 0
  input in matrix: state: C currentWindowPosition: 9 currentAminoAcid: I =&gt; 59
  input in matrix: state: C currentWindowPosition: 10 currentAminoAcid: I =&gt; 92
  input in matrix: state: C currentWindowPosition: 11 currentAminoAcid: I =&gt; 96
  input in matrix: state: C currentWindowPosition: 12 currentAminoAcid: I =&gt; 123
  input in matrix: state: C currentWindowPosition: 13 currentAminoAcid: I =&gt; 126
  input in matrix: state: C currentWindowPosition: 14 currentAminoAcid: I =&gt; 131
  input in matrix: state: C currentWindowPosition: 15 currentAminoAcid: I =&gt; 143
  input in matrix: state: C currentWindowPosition: 16 currentAminoAcid: I =&gt; 117
Process line: K	125	116	122	114	129	124	100	116	0	123	123	126	103	93	100	96	117
 data line!
  input in matrix: state: C currentWindowPosition: 0 currentAminoAcid: K =&gt; 125
  input in matrix: state: C currentWindowPosition: 1 currentAminoAcid: K =&gt; 116
  input in matrix: state: C currentWindowPosition: 2 currentAminoAcid: K =&gt; 122
  input in matrix: state: C currentWindowPosition: 3 currentAminoAcid: K =&gt; 114
  input in matrix: state: C currentWindowPosition: 4 currentAminoAcid: K =&gt; 129
  input in matrix: state: C currentWindowPosition: 5 currentAminoAcid: K =&gt; 124
  input in matrix: state: C currentWindowPosition: 6 currentAminoAcid: K =&gt; 100
  input in matrix: state: C currentWindowPosition: 7 currentAminoAcid: K =&gt; 116
  input in matrix: state: C currentWindowPosition: 8 currentAminoAcid: K =&gt; 0
  input in matrix: state: C currentWindowPosition: 9 currentAminoAcid: K =&gt; 123
  input in matrix: state: C currentWindowPosition: 10 currentAminoAcid: K =&gt; 123
  input in matrix: state: C currentWindowPosition: 11 currentAminoAcid: K =&gt; 126
  input in matrix: state: C currentWindowPosition: 12 currentAminoAcid: K =&gt; 103
  input in matrix: state: C currentWindowPosition: 13 currentAminoAcid: K =&gt; 93
  input in matrix: state: C currentWindowPosition: 14 currentAminoAcid: K =&gt; 100
  input in matrix: state: C currentWindowPosition: 15 currentAminoAcid: K =&gt; 96
  input in matrix: state: C currentWindowPosition: 16 currentAminoAcid: K =&gt; 117
Process line: L	178	178	177	182	200	186	171	136	0	107	123	139	165	180	152	163	175
 data line!
  input in matrix: state: C currentWindowPosition: 0 currentAminoAcid: L =&gt; 178
  input in matrix: state: C currentWindowPosition: 1 currentAminoAcid: L =&gt; 178
  input in matrix: state: C currentWindowPosition: 2 currentAminoAcid: L =&gt; 177
  input in matrix: state: C currentWindowPosition: 3 currentAminoAcid: L =&gt; 182
  input in matrix: state: C currentWindowPosition: 4 currentAminoAcid: L =&gt; 200
  input in matrix: state: C currentWindowPosition: 5 currentAminoAcid: L =&gt; 186
  input in matrix: state: C currentWindowPosition: 6 currentAminoAcid: L =&gt; 171
  input in matrix: state: C currentWindowPosition: 7 currentAminoAcid: L =&gt; 136
  input in matrix: state: C currentWindowPosition: 8 currentAminoAcid: L =&gt; 0
  input in matrix: state: C currentWindowPosition: 9 currentAminoAcid: L =&gt; 107
  input in matrix: state: C currentWindowPosition: 10 currentAminoAcid: L =&gt; 123
  input in matrix: state: C currentWindowPosition: 11 currentAminoAcid: L =&gt; 139
  input in matrix: state: C currentWindowPosition: 12 currentAminoAcid: L =&gt; 165
  input in matrix: state: C currentWindowPosition: 13 currentAminoAcid: L =&gt; 180
  input in matrix: state: C currentWindowPosition: 14 currentAminoAcid: L =&gt; 152
  input in matrix: state: C currentWindowPosition: 15 currentAminoAcid: L =&gt; 163
  input in matrix: state: C currentWindowPosition: 16 currentAminoAcid: L =&gt; 175
Process line: M	46	37	34	40	38	48	37	22	0	33	35	30	38	38	35	46	31
 data line!
  input in matrix: state: C currentWindowPosition: 0 currentAminoAcid: M =&gt; 46
  input in matrix: state: C currentWindowPosition: 1 currentAminoAcid: M =&gt; 37
  input in matrix: state: C currentWindowPosition: 2 currentAminoAcid: M =&gt; 34
  input in matrix: state: C currentWindowPosition: 3 currentAminoAcid: M =&gt; 40
  input in matrix: state: C currentWindowPosition: 4 currentAminoAcid: M =&gt; 38
  input in matrix: state: C currentWindowPosition: 5 currentAminoAcid: M =&gt; 48
  input in matrix: state: C currentWindowPosition: 6 currentAminoAcid: M =&gt; 37
  input in matrix: state: C currentWindowPosition: 7 currentAminoAcid: M =&gt; 22
  input in matrix: state: C currentWindowPosition: 8 currentAminoAcid: M =&gt; 0
  input in matrix: state: C currentWindowPosition: 9 currentAminoAcid: M =&gt; 33
  input in matrix: state: C currentWindowPosition: 10 currentAminoAcid: M =&gt; 35
  input in matrix: state: C currentWindowPosition: 11 currentAminoAcid: M =&gt; 30
  input in matrix: state: C currentWindowPosition: 12 currentAminoAcid: M =&gt; 38
  input in matrix: state: C currentWindowPosition: 13 currentAminoAcid: M =&gt; 38
  input in matrix: state: C currentWindowPosition: 14 currentAminoAcid: M =&gt; 35
  input in matrix: state: C currentWindowPosition: 15 currentAminoAcid: M =&gt; 46
  input in matrix: state: C currentWindowPosition: 16 currentAminoAcid: M =&gt; 31
Process line: N	90	79	96	90	80	87	122	131	0	125	131	105	85	105	95	88	96
 data line!
  input in matrix: state: C currentWindowPosition: 0 currentAminoAcid: N =&gt; 90
  input in matrix: state: C currentWindowPosition: 1 currentAminoAcid: N =&gt; 79
  input in matrix: state: C currentWindowPosition: 2 currentAminoAcid: N =&gt; 96
  input in matrix: state: C currentWindowPosition: 3 currentAminoAcid: N =&gt; 90
  input in matrix: state: C currentWindowPosition: 4 currentAminoAcid: N =&gt; 80
  input in matrix: state: C currentWindowPosition: 5 currentAminoAcid: N =&gt; 87
  input in matrix: state: C currentWindowPosition: 6 currentAminoAcid: N =&gt; 122
  input in matrix: state: C currentWindowPosition: 7 currentAminoAcid: N =&gt; 131
  input in matrix: state: C currentWindowPosition: 8 currentAminoAcid: N =&gt; 0
  input in matrix: state: C currentWindowPosition: 9 currentAminoAcid: N =&gt; 125
  input in matrix: state: C currentWindowPosition: 10 currentAminoAcid: N =&gt; 131
  input in matrix: state: C currentWindowPosition: 11 currentAminoAcid: N =&gt; 105
  input in matrix: state: C currentWindowPosition: 12 currentAminoAcid: N =&gt; 85
  input in matrix: state: C currentWindowPosition: 13 currentAminoAcid: N =&gt; 105
  input in matrix: state: C currentWindowPosition: 14 currentAminoAcid: N =&gt; 95
  input in matrix: state: C currentWindowPosition: 15 currentAminoAcid: N =&gt; 88
  input in matrix: state: C currentWindowPosition: 16 currentAminoAcid: N =&gt; 96
Process line: P	91	98	107	95	108	127	149	143	0	206	143	187	124	109	111	121	107
 data line!
  input in matrix: state: C currentWindowPosition: 0 currentAminoAcid: P =&gt; 91
  input in matrix: state: C currentWindowPosition: 1 currentAminoAcid: P =&gt; 98
  input in matrix: state: C currentWindowPosition: 2 currentAminoAcid: P =&gt; 107
  input in matrix: state: C currentWindowPosition: 3 currentAminoAcid: P =&gt; 95
  input in matrix: state: C currentWindowPosition: 4 currentAminoAcid: P =&gt; 108
  input in matrix: state: C currentWindowPosition: 5 currentAminoAcid: P =&gt; 127
  input in matrix: state: C currentWindowPosition: 6 currentAminoAcid: P =&gt; 149
  input in matrix: state: C currentWindowPosition: 7 currentAminoAcid: P =&gt; 143
  input in matrix: state: C currentWindowPosition: 8 currentAminoAcid: P =&gt; 0
  input in matrix: state: C currentWindowPosition: 9 currentAminoAcid: P =&gt; 206
  input in matrix: state: C currentWindowPosition: 10 currentAminoAcid: P =&gt; 143
  input in matrix: state: C currentWindowPosition: 11 currentAminoAcid: P =&gt; 187
  input in matrix: state: C currentWindowPosition: 12 currentAminoAcid: P =&gt; 124
  input in matrix: state: C currentWindowPosition: 13 currentAminoAcid: P =&gt; 109
  input in matrix: state: C currentWindowPosition: 14 currentAminoAcid: P =&gt; 111
  input in matrix: state: C currentWindowPosition: 15 currentAminoAcid: P =&gt; 121
  input in matrix: state: C currentWindowPosition: 16 currentAminoAcid: P =&gt; 107
Process line: Q	77	74	82	78	69	73	82	69	0	59	67	67	89	85	89	79	68
 data line!
  input in matrix: state: C currentWindowPosition: 0 currentAminoAcid: Q =&gt; 77
  input in matrix: state: C currentWindowPosition: 1 currentAminoAcid: Q =&gt; 74
  input in matrix: state: C currentWindowPosition: 2 currentAminoAcid: Q =&gt; 82
  input in matrix: state: C currentWindowPosition: 3 currentAminoAcid: Q =&gt; 78
  input in matrix: state: C currentWindowPosition: 4 currentAminoAcid: Q =&gt; 69
  input in matrix: state: C currentWindowPosition: 5 currentAminoAcid: Q =&gt; 73
  input in matrix: state: C currentWindowPosition: 6 currentAminoAcid: Q =&gt; 82
  input in matrix: state: C currentWindowPosition: 7 currentAminoAcid: Q =&gt; 69
  input in matrix: state: C currentWindowPosition: 8 currentAminoAcid: Q =&gt; 0
  input in matrix: state: C currentWindowPosition: 9 currentAminoAcid: Q =&gt; 59
  input in matrix: state: C currentWindowPosition: 10 currentAminoAcid: Q =&gt; 67
  input in matrix: state: C currentWindowPosition: 11 currentAminoAcid: Q =&gt; 67
  input in matrix: state: C currentWindowPosition: 12 currentAminoAcid: Q =&gt; 89
  input in matrix: state: C currentWindowPosition: 13 currentAminoAcid: Q =&gt; 85
  input in matrix: state: C currentWindowPosition: 14 currentAminoAcid: Q =&gt; 89
  input in matrix: state: C currentWindowPosition: 15 currentAminoAcid: Q =&gt; 79
  input in matrix: state: C currentWindowPosition: 16 currentAminoAcid: Q =&gt; 68
Process line: R	108	91	94	78	103	93	71	83	0	79	76	79	73	77	87	94	116
 data line!
  input in matrix: state: C currentWindowPosition: 0 currentAminoAcid: R =&gt; 108
  input in matrix: state: C currentWindowPosition: 1 currentAminoAcid: R =&gt; 91
  input in matrix: state: C currentWindowPosition: 2 currentAminoAcid: R =&gt; 94
  input in matrix: state: C currentWindowPosition: 3 currentAminoAcid: R =&gt; 78
  input in matrix: state: C currentWindowPosition: 4 currentAminoAcid: R =&gt; 103
  input in matrix: state: C currentWindowPosition: 5 currentAminoAcid: R =&gt; 93
  input in matrix: state: C currentWindowPosition: 6 currentAminoAcid: R =&gt; 71
  input in matrix: state: C currentWindowPosition: 7 currentAminoAcid: R =&gt; 83
  input in matrix: state: C currentWindowPosition: 8 currentAminoAcid: R =&gt; 0
  input in matrix: state: C currentWindowPosition: 9 currentAminoAcid: R =&gt; 79
  input in matrix: state: C currentWindowPosition: 10 currentAminoAcid: R =&gt; 76
  input in matrix: state: C currentWindowPosition: 11 currentAminoAcid: R =&gt; 79
  input in matrix: state: C currentWindowPosition: 12 currentAminoAcid: R =&gt; 73
  input in matrix: state: C currentWindowPosition: 13 currentAminoAcid: R =&gt; 77
  input in matrix: state: C currentWindowPosition: 14 currentAminoAcid: R =&gt; 87
  input in matrix: state: C currentWindowPosition: 15 currentAminoAcid: R =&gt; 94
  input in matrix: state: C currentWindowPosition: 16 currentAminoAcid: R =&gt; 116
Process line: S	123	133	120	140	138	137	143	168	0	160	167	170	153	119	139	137	145
 data line!
  input in matrix: state: C currentWindowPosition: 0 currentAminoAcid: S =&gt; 123
  input in matrix: state: C currentWindowPosition: 1 currentAminoAcid: S =&gt; 133
  input in matrix: state: C currentWindowPosition: 2 currentAminoAcid: S =&gt; 120
  input in matrix: state: C currentWindowPosition: 3 currentAminoAcid: S =&gt; 140
  input in matrix: state: C currentWindowPosition: 4 currentAminoAcid: S =&gt; 138
  input in matrix: state: C currentWindowPosition: 5 currentAminoAcid: S =&gt; 137
  input in matrix: state: C currentWindowPosition: 6 currentAminoAcid: S =&gt; 143
  input in matrix: state: C currentWindowPosition: 7 currentAminoAcid: S =&gt; 168
  input in matrix: state: C currentWindowPosition: 8 currentAminoAcid: S =&gt; 0
  input in matrix: state: C currentWindowPosition: 9 currentAminoAcid: S =&gt; 160
  input in matrix: state: C currentWindowPosition: 10 currentAminoAcid: S =&gt; 167
  input in matrix: state: C currentWindowPosition: 11 currentAminoAcid: S =&gt; 170
  input in matrix: state: C currentWindowPosition: 12 currentAminoAcid: S =&gt; 153
  input in matrix: state: C currentWindowPosition: 13 currentAminoAcid: S =&gt; 119
  input in matrix: state: C currentWindowPosition: 14 currentAminoAcid: S =&gt; 139
  input in matrix: state: C currentWindowPosition: 15 currentAminoAcid: S =&gt; 137
  input in matrix: state: C currentWindowPosition: 16 currentAminoAcid: S =&gt; 145
Process line: T	127	131	152	140	133	130	131	122	0	145	136	153	161	137	129	143	123
 data line!
  input in matrix: state: C currentWindowPosition: 0 currentAminoAcid: T =&gt; 127
  input in matrix: state: C currentWindowPosition: 1 currentAminoAcid: T =&gt; 131
  input in matrix: state: C currentWindowPosition: 2 currentAminoAcid: T =&gt; 152
  input in matrix: state: C currentWindowPosition: 3 currentAminoAcid: T =&gt; 140
  input in matrix: state: C currentWindowPosition: 4 currentAminoAcid: T =&gt; 133
  input in matrix: state: C currentWindowPosition: 5 currentAminoAcid: T =&gt; 130
  input in matrix: state: C currentWindowPosition: 6 currentAminoAcid: T =&gt; 131
  input in matrix: state: C currentWindowPosition: 7 currentAminoAcid: T =&gt; 122
  input in matrix: state: C currentWindowPosition: 8 currentAminoAcid: T =&gt; 0
  input in matrix: state: C currentWindowPosition: 9 currentAminoAcid: T =&gt; 145
  input in matrix: state: C currentWindowPosition: 10 currentAminoAcid: T =&gt; 136
  input in matrix: state: C currentWindowPosition: 11 currentAminoAcid: T =&gt; 153
  input in matrix: state: C currentWindowPosition: 12 currentAminoAcid: T =&gt; 161
  input in matrix: state: C currentWindowPosition: 13 currentAminoAcid: T =&gt; 137
  input in matrix: state: C currentWindowPosition: 14 currentAminoAcid: T =&gt; 129
  input in matrix: state: C currentWindowPosition: 15 currentAminoAcid: T =&gt; 143
  input in matrix: state: C currentWindowPosition: 16 currentAminoAcid: T =&gt; 123
Process line: V	144	157	172	170	166	135	129	120	0	86	110	152	157	193	194	173	159
 data line!
  input in matrix: state: C currentWindowPosition: 0 currentAminoAcid: V =&gt; 144
  input in matrix: state: C currentWindowPosition: 1 currentAminoAcid: V =&gt; 157
  input in matrix: state: C currentWindowPosition: 2 currentAminoAcid: V =&gt; 172
  input in matrix: state: C currentWindowPosition: 3 currentAminoAcid: V =&gt; 170
  input in matrix: state: C currentWindowPosition: 4 currentAminoAcid: V =&gt; 166
  input in matrix: state: C currentWindowPosition: 5 currentAminoAcid: V =&gt; 135
  input in matrix: state: C currentWindowPosition: 6 currentAminoAcid: V =&gt; 129
  input in matrix: state: C currentWindowPosition: 7 currentAminoAcid: V =&gt; 120
  input in matrix: state: C currentWindowPosition: 8 currentAminoAcid: V =&gt; 0
  input in matrix: state: C currentWindowPosition: 9 currentAminoAcid: V =&gt; 86
  input in matrix: state: C currentWindowPosition: 10 currentAminoAcid: V =&gt; 110
  input in matrix: state: C currentWindowPosition: 11 currentAminoAcid: V =&gt; 152
  input in matrix: state: C currentWindowPosition: 12 currentAminoAcid: V =&gt; 157
  input in matrix: state: C currentWindowPosition: 13 currentAminoAcid: V =&gt; 193
  input in matrix: state: C currentWindowPosition: 14 currentAminoAcid: V =&gt; 194
  input in matrix: state: C currentWindowPosition: 15 currentAminoAcid: V =&gt; 173
  input in matrix: state: C currentWindowPosition: 16 currentAminoAcid: V =&gt; 159
Process line: W	30	44	28	40	22	28	24	25	0	27	27	23	33	46	27	42	31
 data line!
  input in matrix: state: C currentWindowPosition: 0 currentAminoAcid: W =&gt; 30
  input in matrix: state: C currentWindowPosition: 1 currentAminoAcid: W =&gt; 44
  input in matrix: state: C currentWindowPosition: 2 currentAminoAcid: W =&gt; 28
  input in matrix: state: C currentWindowPosition: 3 currentAminoAcid: W =&gt; 40
  input in matrix: state: C currentWindowPosition: 4 currentAminoAcid: W =&gt; 22
  input in matrix: state: C currentWindowPosition: 5 currentAminoAcid: W =&gt; 28
  input in matrix: state: C currentWindowPosition: 6 currentAminoAcid: W =&gt; 24
  input in matrix: state: C currentWindowPosition: 7 currentAminoAcid: W =&gt; 25
  input in matrix: state: C currentWindowPosition: 8 currentAminoAcid: W =&gt; 0
  input in matrix: state: C currentWindowPosition: 9 currentAminoAcid: W =&gt; 27
  input in matrix: state: C currentWindowPosition: 10 currentAminoAcid: W =&gt; 27
  input in matrix: state: C currentWindowPosition: 11 currentAminoAcid: W =&gt; 23
  input in matrix: state: C currentWindowPosition: 12 currentAminoAcid: W =&gt; 33
  input in matrix: state: C currentWindowPosition: 13 currentAminoAcid: W =&gt; 46
  input in matrix: state: C currentWindowPosition: 14 currentAminoAcid: W =&gt; 27
  input in matrix: state: C currentWindowPosition: 15 currentAminoAcid: W =&gt; 42
  input in matrix: state: C currentWindowPosition: 16 currentAminoAcid: W =&gt; 31
Process line: Y	82	75	80	75	77	77	83	70	0	58	60	67	88	84	85	85	75
 data line!
  input in matrix: state: C currentWindowPosition: 0 currentAminoAcid: Y =&gt; 82
  input in matrix: state: C currentWindowPosition: 1 currentAminoAcid: Y =&gt; 75
  input in matrix: state: C currentWindowPosition: 2 currentAminoAcid: Y =&gt; 80
  input in matrix: state: C currentWindowPosition: 3 currentAminoAcid: Y =&gt; 75
  input in matrix: state: C currentWindowPosition: 4 currentAminoAcid: Y =&gt; 77
  input in matrix: state: C currentWindowPosition: 5 currentAminoAcid: Y =&gt; 77
  input in matrix: state: C currentWindowPosition: 6 currentAminoAcid: Y =&gt; 83
  input in matrix: state: C currentWindowPosition: 7 currentAminoAcid: Y =&gt; 70
  input in matrix: state: C currentWindowPosition: 8 currentAminoAcid: Y =&gt; 0
  input in matrix: state: C currentWindowPosition: 9 currentAminoAcid: Y =&gt; 58
  input in matrix: state: C currentWindowPosition: 10 currentAminoAcid: Y =&gt; 60
  input in matrix: state: C currentWindowPosition: 11 currentAminoAcid: Y =&gt; 67
  input in matrix: state: C currentWindowPosition: 12 currentAminoAcid: Y =&gt; 88
  input in matrix: state: C currentWindowPosition: 13 currentAminoAcid: Y =&gt; 84
  input in matrix: state: C currentWindowPosition: 14 currentAminoAcid: Y =&gt; 85
  input in matrix: state: C currentWindowPosition: 15 currentAminoAcid: Y =&gt; 85
  input in matrix: state: C currentWindowPosition: 16 currentAminoAcid: Y =&gt; 75
Process line: 
 Skip line!
Process line: 
 Skip line!
Process line: =A,E=
 state line! (now in state: E)
Process line: 
 Skip line!
Process line: A	113	96	97	96	84	81	84	96	1122	85	86	81	71	102	99	107	118
 data line!
  input in matrix: state: E currentWindowPosition: 0 currentAminoAcid: A =&gt; 113
  input in matrix: state: E currentWindowPosition: 1 currentAminoAcid: A =&gt; 96
  input in matrix: state: E currentWindowPosition: 2 currentAminoAcid: A =&gt; 97
  input in matrix: state: E currentWindowPosition: 3 currentAminoAcid: A =&gt; 96
  input in matrix: state: E currentWindowPosition: 4 currentAminoAcid: A =&gt; 84
  input in matrix: state: E currentWindowPosition: 5 currentAminoAcid: A =&gt; 81
  input in matrix: state: E currentWindowPosition: 6 currentAminoAcid: A =&gt; 84
  input in matrix: state: E currentWindowPosition: 7 currentAminoAcid: A =&gt; 96
  input in matrix: state: E currentWindowPosition: 8 currentAminoAcid: A =&gt; 1122
  input in matrix: state: E currentWindowPosition: 9 currentAminoAcid: A =&gt; 85
  input in matrix: state: E currentWindowPosition: 10 currentAminoAcid: A =&gt; 86
  input in matrix: state: E currentWindowPosition: 11 currentAminoAcid: A =&gt; 81
  input in matrix: state: E currentWindowPosition: 12 currentAminoAcid: A =&gt; 71
  input in matrix: state: E currentWindowPosition: 13 currentAminoAcid: A =&gt; 102
  input in matrix: state: E currentWindowPosition: 14 currentAminoAcid: A =&gt; 99
  input in matrix: state: E currentWindowPosition: 15 currentAminoAcid: A =&gt; 107
  input in matrix: state: E currentWindowPosition: 16 currentAminoAcid: A =&gt; 118
Process line: C	15	16	17	15	14	23	12	20	0	26	20	22	17	16	13	15	18
 data line!
  input in matrix: state: E currentWindowPosition: 0 currentAminoAcid: C =&gt; 15
  input in matrix: state: E currentWindowPosition: 1 currentAminoAcid: C =&gt; 16
  input in matrix: state: E currentWindowPosition: 2 currentAminoAcid: C =&gt; 17
  input in matrix: state: E currentWindowPosition: 3 currentAminoAcid: C =&gt; 15
  input in matrix: state: E currentWindowPosition: 4 currentAminoAcid: C =&gt; 14
  input in matrix: state: E currentWindowPosition: 5 currentAminoAcid: C =&gt; 23
  input in matrix: state: E currentWindowPosition: 6 currentAminoAcid: C =&gt; 12
  input in matrix: state: E currentWindowPosition: 7 currentAminoAcid: C =&gt; 20
  input in matrix: state: E currentWindowPosition: 8 currentAminoAcid: C =&gt; 0
  input in matrix: state: E currentWindowPosition: 9 currentAminoAcid: C =&gt; 26
  input in matrix: state: E currentWindowPosition: 10 currentAminoAcid: C =&gt; 20
  input in matrix: state: E currentWindowPosition: 11 currentAminoAcid: C =&gt; 22
  input in matrix: state: E currentWindowPosition: 12 currentAminoAcid: C =&gt; 17
  input in matrix: state: E currentWindowPosition: 13 currentAminoAcid: C =&gt; 16
  input in matrix: state: E currentWindowPosition: 14 currentAminoAcid: C =&gt; 13
  input in matrix: state: E currentWindowPosition: 15 currentAminoAcid: C =&gt; 15
  input in matrix: state: E currentWindowPosition: 16 currentAminoAcid: C =&gt; 18
Process line: D	53	84	55	70	60	53	50	36	0	43	53	80	84	62	65	86	60
 data line!
  input in matrix: state: E currentWindowPosition: 0 currentAminoAcid: D =&gt; 53
  input in matrix: state: E currentWindowPosition: 1 currentAminoAcid: D =&gt; 84
  input in matrix: state: E currentWindowPosition: 2 currentAminoAcid: D =&gt; 55
  input in matrix: state: E currentWindowPosition: 3 currentAminoAcid: D =&gt; 70
  input in matrix: state: E currentWindowPosition: 4 currentAminoAcid: D =&gt; 60
  input in matrix: state: E currentWindowPosition: 5 currentAminoAcid: D =&gt; 53
  input in matrix: state: E currentWindowPosition: 6 currentAminoAcid: D =&gt; 50
  input in matrix: state: E currentWindowPosition: 7 currentAminoAcid: D =&gt; 36
  input in matrix: state: E currentWindowPosition: 8 currentAminoAcid: D =&gt; 0
  input in matrix: state: E currentWindowPosition: 9 currentAminoAcid: D =&gt; 43
  input in matrix: state: E currentWindowPosition: 10 currentAminoAcid: D =&gt; 53
  input in matrix: state: E currentWindowPosition: 11 currentAminoAcid: D =&gt; 80
  input in matrix: state: E currentWindowPosition: 12 currentAminoAcid: D =&gt; 84
  input in matrix: state: E currentWindowPosition: 13 currentAminoAcid: D =&gt; 62
  input in matrix: state: E currentWindowPosition: 14 currentAminoAcid: D =&gt; 65
  input in matrix: state: E currentWindowPosition: 15 currentAminoAcid: D =&gt; 86
  input in matrix: state: E currentWindowPosition: 16 currentAminoAcid: D =&gt; 60
Process line: E	58	70	51	72	47	37	48	39	0	43	38	57	70	64	56	63	58
 data line!
  input in matrix: state: E currentWindowPosition: 0 currentAminoAcid: E =&gt; 58
  input in matrix: state: E currentWindowPosition: 1 currentAminoAcid: E =&gt; 70
  input in matrix: state: E currentWindowPosition: 2 currentAminoAcid: E =&gt; 51
  input in matrix: state: E currentWindowPosition: 3 currentAminoAcid: E =&gt; 72
  input in matrix: state: E currentWindowPosition: 4 currentAminoAcid: E =&gt; 47
  input in matrix: state: E currentWindowPosition: 5 currentAminoAcid: E =&gt; 37
  input in matrix: state: E currentWindowPosition: 6 currentAminoAcid: E =&gt; 48
  input in matrix: state: E currentWindowPosition: 7 currentAminoAcid: E =&gt; 39
  input in matrix: state: E currentWindowPosition: 8 currentAminoAcid: E =&gt; 0
  input in matrix: state: E currentWindowPosition: 9 currentAminoAcid: E =&gt; 43
  input in matrix: state: E currentWindowPosition: 10 currentAminoAcid: E =&gt; 38
  input in matrix: state: E currentWindowPosition: 11 currentAminoAcid: E =&gt; 57
  input in matrix: state: E currentWindowPosition: 12 currentAminoAcid: E =&gt; 70
  input in matrix: state: E currentWindowPosition: 13 currentAminoAcid: E =&gt; 64
  input in matrix: state: E currentWindowPosition: 14 currentAminoAcid: E =&gt; 56
  input in matrix: state: E currentWindowPosition: 15 currentAminoAcid: E =&gt; 63
  input in matrix: state: E currentWindowPosition: 16 currentAminoAcid: E =&gt; 58
Process line: F	28	30	32	37	49	26	42	53	0	59	58	48	52	46	43	34	35
 data line!
  input in matrix: state: E currentWindowPosition: 0 currentAminoAcid: F =&gt; 28
  input in matrix: state: E currentWindowPosition: 1 currentAminoAcid: F =&gt; 30
  input in matrix: state: E currentWindowPosition: 2 currentAminoAcid: F =&gt; 32
  input in matrix: state: E currentWindowPosition: 3 currentAminoAcid: F =&gt; 37
  input in matrix: state: E currentWindowPosition: 4 currentAminoAcid: F =&gt; 49
  input in matrix: state: E currentWindowPosition: 5 currentAminoAcid: F =&gt; 26
  input in matrix: state: E currentWindowPosition: 6 currentAminoAcid: F =&gt; 42
  input in matrix: state: E currentWindowPosition: 7 currentAminoAcid: F =&gt; 53
  input in matrix: state: E currentWindowPosition: 8 currentAminoAcid: F =&gt; 0
  input in matrix: state: E currentWindowPosition: 9 currentAminoAcid: F =&gt; 59
  input in matrix: state: E currentWindowPosition: 10 currentAminoAcid: F =&gt; 58
  input in matrix: state: E currentWindowPosition: 11 currentAminoAcid: F =&gt; 48
  input in matrix: state: E currentWindowPosition: 12 currentAminoAcid: F =&gt; 52
  input in matrix: state: E currentWindowPosition: 13 currentAminoAcid: F =&gt; 46
  input in matrix: state: E currentWindowPosition: 14 currentAminoAcid: F =&gt; 43
  input in matrix: state: E currentWindowPosition: 15 currentAminoAcid: F =&gt; 34
  input in matrix: state: E currentWindowPosition: 16 currentAminoAcid: F =&gt; 35
Process line: G	112	90	116	142	123	112	114	92	0	80	87	113	116	104	140	114	119
 data line!
  input in matrix: state: E currentWindowPosition: 0 currentAminoAcid: G =&gt; 112
  input in matrix: state: E currentWindowPosition: 1 currentAminoAcid: G =&gt; 90
  input in matrix: state: E currentWindowPosition: 2 currentAminoAcid: G =&gt; 116
  input in matrix: state: E currentWindowPosition: 3 currentAminoAcid: G =&gt; 142
  input in matrix: state: E currentWindowPosition: 4 currentAminoAcid: G =&gt; 123
  input in matrix: state: E currentWindowPosition: 5 currentAminoAcid: G =&gt; 112
  input in matrix: state: E currentWindowPosition: 6 currentAminoAcid: G =&gt; 114
  input in matrix: state: E currentWindowPosition: 7 currentAminoAcid: G =&gt; 92
  input in matrix: state: E currentWindowPosition: 8 currentAminoAcid: G =&gt; 0
  input in matrix: state: E currentWindowPosition: 9 currentAminoAcid: G =&gt; 80
  input in matrix: state: E currentWindowPosition: 10 currentAminoAcid: G =&gt; 87
  input in matrix: state: E currentWindowPosition: 11 currentAminoAcid: G =&gt; 113
  input in matrix: state: E currentWindowPosition: 12 currentAminoAcid: G =&gt; 116
  input in matrix: state: E currentWindowPosition: 13 currentAminoAcid: G =&gt; 104
  input in matrix: state: E currentWindowPosition: 14 currentAminoAcid: G =&gt; 140
  input in matrix: state: E currentWindowPosition: 15 currentAminoAcid: G =&gt; 114
  input in matrix: state: E currentWindowPosition: 16 currentAminoAcid: G =&gt; 119
Process line: H	27	29	36	26	37	32	23	22	0	36	31	22	29	22	29	19	20
 data line!
  input in matrix: state: E currentWindowPosition: 0 currentAminoAcid: H =&gt; 27
  input in matrix: state: E currentWindowPosition: 1 currentAminoAcid: H =&gt; 29
  input in matrix: state: E currentWindowPosition: 2 currentAminoAcid: H =&gt; 36
  input in matrix: state: E currentWindowPosition: 3 currentAminoAcid: H =&gt; 26
  input in matrix: state: E currentWindowPosition: 4 currentAminoAcid: H =&gt; 37
  input in matrix: state: E currentWindowPosition: 5 currentAminoAcid: H =&gt; 32
  input in matrix: state: E currentWindowPosition: 6 currentAminoAcid: H =&gt; 23
  input in matrix: state: E currentWindowPosition: 7 currentAminoAcid: H =&gt; 22
  input in matrix: state: E currentWindowPosition: 8 currentAminoAcid: H =&gt; 0
  input in matrix: state: E currentWindowPosition: 9 currentAminoAcid: H =&gt; 36
  input in matrix: state: E currentWindowPosition: 10 currentAminoAcid: H =&gt; 31
  input in matrix: state: E currentWindowPosition: 11 currentAminoAcid: H =&gt; 22
  input in matrix: state: E currentWindowPosition: 12 currentAminoAcid: H =&gt; 29
  input in matrix: state: E currentWindowPosition: 13 currentAminoAcid: H =&gt; 22
  input in matrix: state: E currentWindowPosition: 14 currentAminoAcid: H =&gt; 29
  input in matrix: state: E currentWindowPosition: 15 currentAminoAcid: H =&gt; 19
  input in matrix: state: E currentWindowPosition: 16 currentAminoAcid: H =&gt; 20
Process line: I	51	53	53	48	78	72	90	108	0	103	89	64	53	47	43	49	56
 data line!
  input in matrix: state: E currentWindowPosition: 0 currentAminoAcid: I =&gt; 51
  input in matrix: state: E currentWindowPosition: 1 currentAminoAcid: I =&gt; 53
  input in matrix: state: E currentWindowPosition: 2 currentAminoAcid: I =&gt; 53
  input in matrix: state: E currentWindowPosition: 3 currentAminoAcid: I =&gt; 48
  input in matrix: state: E currentWindowPosition: 4 currentAminoAcid: I =&gt; 78
  input in matrix: state: E currentWindowPosition: 5 currentAminoAcid: I =&gt; 72
  input in matrix: state: E currentWindowPosition: 6 currentAminoAcid: I =&gt; 90
  input in matrix: state: E currentWindowPosition: 7 currentAminoAcid: I =&gt; 108
  input in matrix: state: E currentWindowPosition: 8 currentAminoAcid: I =&gt; 0
  input in matrix: state: E currentWindowPosition: 9 currentAminoAcid: I =&gt; 103
  input in matrix: state: E currentWindowPosition: 10 currentAminoAcid: I =&gt; 89
  input in matrix: state: E currentWindowPosition: 11 currentAminoAcid: I =&gt; 64
  input in matrix: state: E currentWindowPosition: 12 currentAminoAcid: I =&gt; 53
  input in matrix: state: E currentWindowPosition: 13 currentAminoAcid: I =&gt; 47
  input in matrix: state: E currentWindowPosition: 14 currentAminoAcid: I =&gt; 43
  input in matrix: state: E currentWindowPosition: 15 currentAminoAcid: I =&gt; 49
  input in matrix: state: E currentWindowPosition: 16 currentAminoAcid: I =&gt; 56
Process line: K	68	69	77	68	66	83	55	50	0	41	52	54	46	51	65	63	57
 data line!
  input in matrix: state: E currentWindowPosition: 0 currentAminoAcid: K =&gt; 68
  input in matrix: state: E currentWindowPosition: 1 currentAminoAcid: K =&gt; 69
  input in matrix: state: E currentWindowPosition: 2 currentAminoAcid: K =&gt; 77
  input in matrix: state: E currentWindowPosition: 3 currentAminoAcid: K =&gt; 68
  input in matrix: state: E currentWindowPosition: 4 currentAminoAcid: K =&gt; 66
  input in matrix: state: E currentWindowPosition: 5 currentAminoAcid: K =&gt; 83
  input in matrix: state: E currentWindowPosition: 6 currentAminoAcid: K =&gt; 55
  input in matrix: state: E currentWindowPosition: 7 currentAminoAcid: K =&gt; 50
  input in matrix: state: E currentWindowPosition: 8 currentAminoAcid: K =&gt; 0
  input in matrix: state: E currentWindowPosition: 9 currentAminoAcid: K =&gt; 41
  input in matrix: state: E currentWindowPosition: 10 currentAminoAcid: K =&gt; 52
  input in matrix: state: E currentWindowPosition: 11 currentAminoAcid: K =&gt; 54
  input in matrix: state: E currentWindowPosition: 12 currentAminoAcid: K =&gt; 46
  input in matrix: state: E currentWindowPosition: 13 currentAminoAcid: K =&gt; 51
  input in matrix: state: E currentWindowPosition: 14 currentAminoAcid: K =&gt; 65
  input in matrix: state: E currentWindowPosition: 15 currentAminoAcid: K =&gt; 63
  input in matrix: state: E currentWindowPosition: 16 currentAminoAcid: K =&gt; 57
Process line: L	94	91	85	73	82	77	94	91	0	96	87	64	69	62	62	67	75
 data line!
  input in matrix: state: E currentWindowPosition: 0 currentAminoAcid: L =&gt; 94
  input in matrix: state: E currentWindowPosition: 1 currentAminoAcid: L =&gt; 91
  input in matrix: state: E currentWindowPosition: 2 currentAminoAcid: L =&gt; 85
  input in matrix: state: E currentWindowPosition: 3 currentAminoAcid: L =&gt; 73
  input in matrix: state: E currentWindowPosition: 4 currentAminoAcid: L =&gt; 82
  input in matrix: state: E currentWindowPosition: 5 currentAminoAcid: L =&gt; 77
  input in matrix: state: E currentWindowPosition: 6 currentAminoAcid: L =&gt; 94
  input in matrix: state: E currentWindowPosition: 7 currentAminoAcid: L =&gt; 91
  input in matrix: state: E currentWindowPosition: 8 currentAminoAcid: L =&gt; 0
  input in matrix: state: E currentWindowPosition: 9 currentAminoAcid: L =&gt; 96
  input in matrix: state: E currentWindowPosition: 10 currentAminoAcid: L =&gt; 87
  input in matrix: state: E currentWindowPosition: 11 currentAminoAcid: L =&gt; 64
  input in matrix: state: E currentWindowPosition: 12 currentAminoAcid: L =&gt; 69
  input in matrix: state: E currentWindowPosition: 13 currentAminoAcid: L =&gt; 62
  input in matrix: state: E currentWindowPosition: 14 currentAminoAcid: L =&gt; 62
  input in matrix: state: E currentWindowPosition: 15 currentAminoAcid: L =&gt; 67
  input in matrix: state: E currentWindowPosition: 16 currentAminoAcid: L =&gt; 75
Process line: M	15	19	17	15	17	21	18	27	0	26	19	24	18	12	16	18	27
 data line!
  input in matrix: state: E currentWindowPosition: 0 currentAminoAcid: M =&gt; 15
  input in matrix: state: E currentWindowPosition: 1 currentAminoAcid: M =&gt; 19
  input in matrix: state: E currentWindowPosition: 2 currentAminoAcid: M =&gt; 17
  input in matrix: state: E currentWindowPosition: 3 currentAminoAcid: M =&gt; 15
  input in matrix: state: E currentWindowPosition: 4 currentAminoAcid: M =&gt; 17
  input in matrix: state: E currentWindowPosition: 5 currentAminoAcid: M =&gt; 21
  input in matrix: state: E currentWindowPosition: 6 currentAminoAcid: M =&gt; 18
  input in matrix: state: E currentWindowPosition: 7 currentAminoAcid: M =&gt; 27
  input in matrix: state: E currentWindowPosition: 8 currentAminoAcid: M =&gt; 0
  input in matrix: state: E currentWindowPosition: 9 currentAminoAcid: M =&gt; 26
  input in matrix: state: E currentWindowPosition: 10 currentAminoAcid: M =&gt; 19
  input in matrix: state: E currentWindowPosition: 11 currentAminoAcid: M =&gt; 24
  input in matrix: state: E currentWindowPosition: 12 currentAminoAcid: M =&gt; 18
  input in matrix: state: E currentWindowPosition: 13 currentAminoAcid: M =&gt; 12
  input in matrix: state: E currentWindowPosition: 14 currentAminoAcid: M =&gt; 16
  input in matrix: state: E currentWindowPosition: 15 currentAminoAcid: M =&gt; 18
  input in matrix: state: E currentWindowPosition: 16 currentAminoAcid: M =&gt; 27
Process line: N	48	60	70	62	50	66	38	37	0	51	53	51	57	68	62	55	60
 data line!
  input in matrix: state: E currentWindowPosition: 0 currentAminoAcid: N =&gt; 48
  input in matrix: state: E currentWindowPosition: 1 currentAminoAcid: N =&gt; 60
  input in matrix: state: E currentWindowPosition: 2 currentAminoAcid: N =&gt; 70
  input in matrix: state: E currentWindowPosition: 3 currentAminoAcid: N =&gt; 62
  input in matrix: state: E currentWindowPosition: 4 currentAminoAcid: N =&gt; 50
  input in matrix: state: E currentWindowPosition: 5 currentAminoAcid: N =&gt; 66
  input in matrix: state: E currentWindowPosition: 6 currentAminoAcid: N =&gt; 38
  input in matrix: state: E currentWindowPosition: 7 currentAminoAcid: N =&gt; 37
  input in matrix: state: E currentWindowPosition: 8 currentAminoAcid: N =&gt; 0
  input in matrix: state: E currentWindowPosition: 9 currentAminoAcid: N =&gt; 51
  input in matrix: state: E currentWindowPosition: 10 currentAminoAcid: N =&gt; 53
  input in matrix: state: E currentWindowPosition: 11 currentAminoAcid: N =&gt; 51
  input in matrix: state: E currentWindowPosition: 12 currentAminoAcid: N =&gt; 57
  input in matrix: state: E currentWindowPosition: 13 currentAminoAcid: N =&gt; 68
  input in matrix: state: E currentWindowPosition: 14 currentAminoAcid: N =&gt; 62
  input in matrix: state: E currentWindowPosition: 15 currentAminoAcid: N =&gt; 55
  input in matrix: state: E currentWindowPosition: 16 currentAminoAcid: N =&gt; 60
Process line: P	57	55	62	52	50	42	51	25	0	31	43	51	60	78	72	57	58
 data line!
  input in matrix: state: E currentWindowPosition: 0 currentAminoAcid: P =&gt; 57
  input in matrix: state: E currentWindowPosition: 1 currentAminoAcid: P =&gt; 55
  input in matrix: state: E currentWindowPosition: 2 currentAminoAcid: P =&gt; 62
  input in matrix: state: E currentWindowPosition: 3 currentAminoAcid: P =&gt; 52
  input in matrix: state: E currentWindowPosition: 4 currentAminoAcid: P =&gt; 50
  input in matrix: state: E currentWindowPosition: 5 currentAminoAcid: P =&gt; 42
  input in matrix: state: E currentWindowPosition: 6 currentAminoAcid: P =&gt; 51
  input in matrix: state: E currentWindowPosition: 7 currentAminoAcid: P =&gt; 25
  input in matrix: state: E currentWindowPosition: 8 currentAminoAcid: P =&gt; 0
  input in matrix: state: E currentWindowPosition: 9 currentAminoAcid: P =&gt; 31
  input in matrix: state: E currentWindowPosition: 10 currentAminoAcid: P =&gt; 43
  input in matrix: state: E currentWindowPosition: 11 currentAminoAcid: P =&gt; 51
  input in matrix: state: E currentWindowPosition: 12 currentAminoAcid: P =&gt; 60
  input in matrix: state: E currentWindowPosition: 13 currentAminoAcid: P =&gt; 78
  input in matrix: state: E currentWindowPosition: 14 currentAminoAcid: P =&gt; 72
  input in matrix: state: E currentWindowPosition: 15 currentAminoAcid: P =&gt; 57
  input in matrix: state: E currentWindowPosition: 16 currentAminoAcid: P =&gt; 58
Process line: Q	41	37	29	31	31	28	31	29	0	28	28	30	36	30	36	40	30
 data line!
  input in matrix: state: E currentWindowPosition: 0 currentAminoAcid: Q =&gt; 41
  input in matrix: state: E currentWindowPosition: 1 currentAminoAcid: Q =&gt; 37
  input in matrix: state: E currentWindowPosition: 2 currentAminoAcid: Q =&gt; 29
  input in matrix: state: E currentWindowPosition: 3 currentAminoAcid: Q =&gt; 31
  input in matrix: state: E currentWindowPosition: 4 currentAminoAcid: Q =&gt; 31
  input in matrix: state: E currentWindowPosition: 5 currentAminoAcid: Q =&gt; 28
  input in matrix: state: E currentWindowPosition: 6 currentAminoAcid: Q =&gt; 31
  input in matrix: state: E currentWindowPosition: 7 currentAminoAcid: Q =&gt; 29
  input in matrix: state: E currentWindowPosition: 8 currentAminoAcid: Q =&gt; 0
  input in matrix: state: E currentWindowPosition: 9 currentAminoAcid: Q =&gt; 28
  input in matrix: state: E currentWindowPosition: 10 currentAminoAcid: Q =&gt; 28
  input in matrix: state: E currentWindowPosition: 11 currentAminoAcid: Q =&gt; 30
  input in matrix: state: E currentWindowPosition: 12 currentAminoAcid: Q =&gt; 36
  input in matrix: state: E currentWindowPosition: 13 currentAminoAcid: Q =&gt; 30
  input in matrix: state: E currentWindowPosition: 14 currentAminoAcid: Q =&gt; 36
  input in matrix: state: E currentWindowPosition: 15 currentAminoAcid: Q =&gt; 40
  input in matrix: state: E currentWindowPosition: 16 currentAminoAcid: Q =&gt; 30
Process line: R	46	35	47	52	57	63	59	51	0	34	37	52	29	39	47	53	46
 data line!
  input in matrix: state: E currentWindowPosition: 0 currentAminoAcid: R =&gt; 46
  input in matrix: state: E currentWindowPosition: 1 currentAminoAcid: R =&gt; 35
  input in matrix: state: E currentWindowPosition: 2 currentAminoAcid: R =&gt; 47
  input in matrix: state: E currentWindowPosition: 3 currentAminoAcid: R =&gt; 52
  input in matrix: state: E currentWindowPosition: 4 currentAminoAcid: R =&gt; 57
  input in matrix: state: E currentWindowPosition: 5 currentAminoAcid: R =&gt; 63
  input in matrix: state: E currentWindowPosition: 6 currentAminoAcid: R =&gt; 59
  input in matrix: state: E currentWindowPosition: 7 currentAminoAcid: R =&gt; 51
  input in matrix: state: E currentWindowPosition: 8 currentAminoAcid: R =&gt; 0
  input in matrix: state: E currentWindowPosition: 9 currentAminoAcid: R =&gt; 34
  input in matrix: state: E currentWindowPosition: 10 currentAminoAcid: R =&gt; 37
  input in matrix: state: E currentWindowPosition: 11 currentAminoAcid: R =&gt; 52
  input in matrix: state: E currentWindowPosition: 12 currentAminoAcid: R =&gt; 29
  input in matrix: state: E currentWindowPosition: 13 currentAminoAcid: R =&gt; 39
  input in matrix: state: E currentWindowPosition: 14 currentAminoAcid: R =&gt; 47
  input in matrix: state: E currentWindowPosition: 15 currentAminoAcid: R =&gt; 53
  input in matrix: state: E currentWindowPosition: 16 currentAminoAcid: R =&gt; 46
Process line: S	80	93	85	76	66	76	63	57	0	63	74	88	93	95	89	84	77
 data line!
  input in matrix: state: E currentWindowPosition: 0 currentAminoAcid: S =&gt; 80
  input in matrix: state: E currentWindowPosition: 1 currentAminoAcid: S =&gt; 93
  input in matrix: state: E currentWindowPosition: 2 currentAminoAcid: S =&gt; 85
  input in matrix: state: E currentWindowPosition: 3 currentAminoAcid: S =&gt; 76
  input in matrix: state: E currentWindowPosition: 4 currentAminoAcid: S =&gt; 66
  input in matrix: state: E currentWindowPosition: 5 currentAminoAcid: S =&gt; 76
  input in matrix: state: E currentWindowPosition: 6 currentAminoAcid: S =&gt; 63
  input in matrix: state: E currentWindowPosition: 7 currentAminoAcid: S =&gt; 57
  input in matrix: state: E currentWindowPosition: 8 currentAminoAcid: S =&gt; 0
  input in matrix: state: E currentWindowPosition: 9 currentAminoAcid: S =&gt; 63
  input in matrix: state: E currentWindowPosition: 10 currentAminoAcid: S =&gt; 74
  input in matrix: state: E currentWindowPosition: 11 currentAminoAcid: S =&gt; 88
  input in matrix: state: E currentWindowPosition: 12 currentAminoAcid: S =&gt; 93
  input in matrix: state: E currentWindowPosition: 13 currentAminoAcid: S =&gt; 95
  input in matrix: state: E currentWindowPosition: 14 currentAminoAcid: S =&gt; 89
  input in matrix: state: E currentWindowPosition: 15 currentAminoAcid: S =&gt; 84
  input in matrix: state: E currentWindowPosition: 16 currentAminoAcid: S =&gt; 77
Process line: T	72	76	70	67	66	74	58	76	0	77	75	70	83	93	59	68	77
 data line!
  input in matrix: state: E currentWindowPosition: 0 currentAminoAcid: T =&gt; 72
  input in matrix: state: E currentWindowPosition: 1 currentAminoAcid: T =&gt; 76
  input in matrix: state: E currentWindowPosition: 2 currentAminoAcid: T =&gt; 70
  input in matrix: state: E currentWindowPosition: 3 currentAminoAcid: T =&gt; 67
  input in matrix: state: E currentWindowPosition: 4 currentAminoAcid: T =&gt; 66
  input in matrix: state: E currentWindowPosition: 5 currentAminoAcid: T =&gt; 74
  input in matrix: state: E currentWindowPosition: 6 currentAminoAcid: T =&gt; 58
  input in matrix: state: E currentWindowPosition: 7 currentAminoAcid: T =&gt; 76
  input in matrix: state: E currentWindowPosition: 8 currentAminoAcid: T =&gt; 0
  input in matrix: state: E currentWindowPosition: 9 currentAminoAcid: T =&gt; 77
  input in matrix: state: E currentWindowPosition: 10 currentAminoAcid: T =&gt; 75
  input in matrix: state: E currentWindowPosition: 11 currentAminoAcid: T =&gt; 70
  input in matrix: state: E currentWindowPosition: 12 currentAminoAcid: T =&gt; 83
  input in matrix: state: E currentWindowPosition: 13 currentAminoAcid: T =&gt; 93
  input in matrix: state: E currentWindowPosition: 14 currentAminoAcid: T =&gt; 59
  input in matrix: state: E currentWindowPosition: 15 currentAminoAcid: T =&gt; 68
  input in matrix: state: E currentWindowPosition: 16 currentAminoAcid: T =&gt; 77
Process line: V	85	66	68	72	84	98	127	131	0	136	119	98	84	81	82	71	72
 data line!
  input in matrix: state: E currentWindowPosition: 0 currentAminoAcid: V =&gt; 85
  input in matrix: state: E currentWindowPosition: 1 currentAminoAcid: V =&gt; 66
  input in matrix: state: E currentWindowPosition: 2 currentAminoAcid: V =&gt; 68
  input in matrix: state: E currentWindowPosition: 3 currentAminoAcid: V =&gt; 72
  input in matrix: state: E currentWindowPosition: 4 currentAminoAcid: V =&gt; 84
  input in matrix: state: E currentWindowPosition: 5 currentAminoAcid: V =&gt; 98
  input in matrix: state: E currentWindowPosition: 6 currentAminoAcid: V =&gt; 127
  input in matrix: state: E currentWindowPosition: 7 currentAminoAcid: V =&gt; 131
  input in matrix: state: E currentWindowPosition: 8 currentAminoAcid: V =&gt; 0
  input in matrix: state: E currentWindowPosition: 9 currentAminoAcid: V =&gt; 136
  input in matrix: state: E currentWindowPosition: 10 currentAminoAcid: V =&gt; 119
  input in matrix: state: E currentWindowPosition: 11 currentAminoAcid: V =&gt; 98
  input in matrix: state: E currentWindowPosition: 12 currentAminoAcid: V =&gt; 84
  input in matrix: state: E currentWindowPosition: 13 currentAminoAcid: V =&gt; 81
  input in matrix: state: E currentWindowPosition: 14 currentAminoAcid: V =&gt; 82
  input in matrix: state: E currentWindowPosition: 15 currentAminoAcid: V =&gt; 71
  input in matrix: state: E currentWindowPosition: 16 currentAminoAcid: V =&gt; 72
Process line: W	15	18	12	13	14	15	14	25	0	16	23	23	15	11	8	16	16
 data line!
  input in matrix: state: E currentWindowPosition: 0 currentAminoAcid: W =&gt; 15
  input in matrix: state: E currentWindowPosition: 1 currentAminoAcid: W =&gt; 18
  input in matrix: state: E currentWindowPosition: 2 currentAminoAcid: W =&gt; 12
  input in matrix: state: E currentWindowPosition: 3 currentAminoAcid: W =&gt; 13
  input in matrix: state: E currentWindowPosition: 4 currentAminoAcid: W =&gt; 14
  input in matrix: state: E currentWindowPosition: 5 currentAminoAcid: W =&gt; 15
  input in matrix: state: E currentWindowPosition: 6 currentAminoAcid: W =&gt; 14
  input in matrix: state: E currentWindowPosition: 7 currentAminoAcid: W =&gt; 25
  input in matrix: state: E currentWindowPosition: 8 currentAminoAcid: W =&gt; 0
  input in matrix: state: E currentWindowPosition: 9 currentAminoAcid: W =&gt; 16
  input in matrix: state: E currentWindowPosition: 10 currentAminoAcid: W =&gt; 23
  input in matrix: state: E currentWindowPosition: 11 currentAminoAcid: W =&gt; 23
  input in matrix: state: E currentWindowPosition: 12 currentAminoAcid: W =&gt; 15
  input in matrix: state: E currentWindowPosition: 13 currentAminoAcid: W =&gt; 11
  input in matrix: state: E currentWindowPosition: 14 currentAminoAcid: W =&gt; 8
  input in matrix: state: E currentWindowPosition: 15 currentAminoAcid: W =&gt; 16
  input in matrix: state: E currentWindowPosition: 16 currentAminoAcid: W =&gt; 16
Process line: Y	43	31	42	32	46	41	47	54	0	45	49	28	38	38	33	42	38
 data line!
  input in matrix: state: E currentWindowPosition: 0 currentAminoAcid: Y =&gt; 43
  input in matrix: state: E currentWindowPosition: 1 currentAminoAcid: Y =&gt; 31
  input in matrix: state: E currentWindowPosition: 2 currentAminoAcid: Y =&gt; 42
  input in matrix: state: E currentWindowPosition: 3 currentAminoAcid: Y =&gt; 32
  input in matrix: state: E currentWindowPosition: 4 currentAminoAcid: Y =&gt; 46
  input in matrix: state: E currentWindowPosition: 5 currentAminoAcid: Y =&gt; 41
  input in matrix: state: E currentWindowPosition: 6 currentAminoAcid: Y =&gt; 47
  input in matrix: state: E currentWindowPosition: 7 currentAminoAcid: Y =&gt; 54
  input in matrix: state: E currentWindowPosition: 8 currentAminoAcid: Y =&gt; 0
  input in matrix: state: E currentWindowPosition: 9 currentAminoAcid: Y =&gt; 45
  input in matrix: state: E currentWindowPosition: 10 currentAminoAcid: Y =&gt; 49
  input in matrix: state: E currentWindowPosition: 11 currentAminoAcid: Y =&gt; 28
  input in matrix: state: E currentWindowPosition: 12 currentAminoAcid: Y =&gt; 38
  input in matrix: state: E currentWindowPosition: 13 currentAminoAcid: Y =&gt; 38
  input in matrix: state: E currentWindowPosition: 14 currentAminoAcid: Y =&gt; 33
  input in matrix: state: E currentWindowPosition: 15 currentAminoAcid: Y =&gt; 42
  input in matrix: state: E currentWindowPosition: 16 currentAminoAcid: Y =&gt; 38
Process line: 
 Skip line!
Process line: 
 Skip line!
Process line: =A,H=
 state line! (now in state: H)
Process line: 
 Skip line!
Process line: A	348	356	350	339	447	391	436	414	3307	462	455	407	465	368	359	364	345
 data line!
  input in matrix: state: H currentWindowPosition: 0 currentAminoAcid: A =&gt; 348
  input in matrix: state: H currentWindowPosition: 1 currentAminoAcid: A =&gt; 356
  input in matrix: state: H currentWindowPosition: 2 currentAminoAcid: A =&gt; 350
  input in matrix: state: H currentWindowPosition: 3 currentAminoAcid: A =&gt; 339
  input in matrix: state: H currentWindowPosition: 4 currentAminoAcid: A =&gt; 447
  input in matrix: state: H currentWindowPosition: 5 currentAminoAcid: A =&gt; 391
  input in matrix: state: H currentWindowPosition: 6 currentAminoAcid: A =&gt; 436
  input in matrix: state: H currentWindowPosition: 7 currentAminoAcid: A =&gt; 414
  input in matrix: state: H currentWindowPosition: 8 currentAminoAcid: A =&gt; 3307
  input in matrix: state: H currentWindowPosition: 9 currentAminoAcid: A =&gt; 462
  input in matrix: state: H currentWindowPosition: 10 currentAminoAcid: A =&gt; 455
  input in matrix: state: H currentWindowPosition: 11 currentAminoAcid: A =&gt; 407
  input in matrix: state: H currentWindowPosition: 12 currentAminoAcid: A =&gt; 465
  input in matrix: state: H currentWindowPosition: 13 currentAminoAcid: A =&gt; 368
  input in matrix: state: H currentWindowPosition: 14 currentAminoAcid: A =&gt; 359
  input in matrix: state: H currentWindowPosition: 15 currentAminoAcid: A =&gt; 364
  input in matrix: state: H currentWindowPosition: 16 currentAminoAcid: A =&gt; 345
Process line: C	44	35	36	44	53	39	34	27	0	39	42	45	40	41	45	40	39
 data line!
  input in matrix: state: H currentWindowPosition: 0 currentAminoAcid: C =&gt; 44
  input in matrix: state: H currentWindowPosition: 1 currentAminoAcid: C =&gt; 35
  input in matrix: state: H currentWindowPosition: 2 currentAminoAcid: C =&gt; 36
  input in matrix: state: H currentWindowPosition: 3 currentAminoAcid: C =&gt; 44
  input in matrix: state: H currentWindowPosition: 4 currentAminoAcid: C =&gt; 53
  input in matrix: state: H currentWindowPosition: 5 currentAminoAcid: C =&gt; 39
  input in matrix: state: H currentWindowPosition: 6 currentAminoAcid: C =&gt; 34
  input in matrix: state: H currentWindowPosition: 7 currentAminoAcid: C =&gt; 27
  input in matrix: state: H currentWindowPosition: 8 currentAminoAcid: C =&gt; 0
  input in matrix: state: H currentWindowPosition: 9 currentAminoAcid: C =&gt; 39
  input in matrix: state: H currentWindowPosition: 10 currentAminoAcid: C =&gt; 42
  input in matrix: state: H currentWindowPosition: 11 currentAminoAcid: C =&gt; 45
  input in matrix: state: H currentWindowPosition: 12 currentAminoAcid: C =&gt; 40
  input in matrix: state: H currentWindowPosition: 13 currentAminoAcid: C =&gt; 41
  input in matrix: state: H currentWindowPosition: 14 currentAminoAcid: C =&gt; 45
  input in matrix: state: H currentWindowPosition: 15 currentAminoAcid: C =&gt; 40
  input in matrix: state: H currentWindowPosition: 16 currentAminoAcid: C =&gt; 39
Process line: D	218	205	226	231	240	216	219	210	0	156	144	151	156	171	182	167	189
 data line!
  input in matrix: state: H currentWindowPosition: 0 currentAminoAcid: D =&gt; 218
  input in matrix: state: H currentWindowPosition: 1 currentAminoAcid: D =&gt; 205
  input in matrix: state: H currentWindowPosition: 2 currentAminoAcid: D =&gt; 226
  input in matrix: state: H currentWindowPosition: 3 currentAminoAcid: D =&gt; 231
  input in matrix: state: H currentWindowPosition: 4 currentAminoAcid: D =&gt; 240
  input in matrix: state: H currentWindowPosition: 5 currentAminoAcid: D =&gt; 216
  input in matrix: state: H currentWindowPosition: 6 currentAminoAcid: D =&gt; 219
  input in matrix: state: H currentWindowPosition: 7 currentAminoAcid: D =&gt; 210
  input in matrix: state: H currentWindowPosition: 8 currentAminoAcid: D =&gt; 0
  input in matrix: state: H currentWindowPosition: 9 currentAminoAcid: D =&gt; 156
  input in matrix: state: H currentWindowPosition: 10 currentAminoAcid: D =&gt; 144
  input in matrix: state: H currentWindowPosition: 11 currentAminoAcid: D =&gt; 151
  input in matrix: state: H currentWindowPosition: 12 currentAminoAcid: D =&gt; 156
  input in matrix: state: H currentWindowPosition: 13 currentAminoAcid: D =&gt; 171
  input in matrix: state: H currentWindowPosition: 14 currentAminoAcid: D =&gt; 182
  input in matrix: state: H currentWindowPosition: 15 currentAminoAcid: D =&gt; 167
  input in matrix: state: H currentWindowPosition: 16 currentAminoAcid: D =&gt; 189
Process line: E	209	202	208	201	223	239	256	269	0	248	275	216	210	203	221	200	206
 data line!
  input in matrix: state: H currentWindowPosition: 0 currentAminoAcid: E =&gt; 209
  input in matrix: state: H currentWindowPosition: 1 currentAminoAcid: E =&gt; 202
  input in matrix: state: H currentWindowPosition: 2 currentAminoAcid: E =&gt; 208
  input in matrix: state: H currentWindowPosition: 3 currentAminoAcid: E =&gt; 201
  input in matrix: state: H currentWindowPosition: 4 currentAminoAcid: E =&gt; 223
  input in matrix: state: H currentWindowPosition: 5 currentAminoAcid: E =&gt; 239
  input in matrix: state: H currentWindowPosition: 6 currentAminoAcid: E =&gt; 256
  input in matrix: state: H currentWindowPosition: 7 currentAminoAcid: E =&gt; 269
  input in matrix: state: H currentWindowPosition: 8 currentAminoAcid: E =&gt; 0
  input in matrix: state: H currentWindowPosition: 9 currentAminoAcid: E =&gt; 248
  input in matrix: state: H currentWindowPosition: 10 currentAminoAcid: E =&gt; 275
  input in matrix: state: H currentWindowPosition: 11 currentAminoAcid: E =&gt; 216
  input in matrix: state: H currentWindowPosition: 12 currentAminoAcid: E =&gt; 210
  input in matrix: state: H currentWindowPosition: 13 currentAminoAcid: E =&gt; 203
  input in matrix: state: H currentWindowPosition: 14 currentAminoAcid: E =&gt; 221
  input in matrix: state: H currentWindowPosition: 15 currentAminoAcid: E =&gt; 200
  input in matrix: state: H currentWindowPosition: 16 currentAminoAcid: E =&gt; 206
Process line: F	124	126	105	121	95	109	104	115	0	116	117	116	120	117	111	138	113
 data line!
  input in matrix: state: H currentWindowPosition: 0 currentAminoAcid: F =&gt; 124
  input in matrix: state: H currentWindowPosition: 1 currentAminoAcid: F =&gt; 126
  input in matrix: state: H currentWindowPosition: 2 currentAminoAcid: F =&gt; 105
  input in matrix: state: H currentWindowPosition: 3 currentAminoAcid: F =&gt; 121
  input in matrix: state: H currentWindowPosition: 4 currentAminoAcid: F =&gt; 95
  input in matrix: state: H currentWindowPosition: 5 currentAminoAcid: F =&gt; 109
  input in matrix: state: H currentWindowPosition: 6 currentAminoAcid: F =&gt; 104
  input in matrix: state: H currentWindowPosition: 7 currentAminoAcid: F =&gt; 115
  input in matrix: state: H currentWindowPosition: 8 currentAminoAcid: F =&gt; 0
  input in matrix: state: H currentWindowPosition: 9 currentAminoAcid: F =&gt; 116
  input in matrix: state: H currentWindowPosition: 10 currentAminoAcid: F =&gt; 117
  input in matrix: state: H currentWindowPosition: 11 currentAminoAcid: F =&gt; 116
  input in matrix: state: H currentWindowPosition: 12 currentAminoAcid: F =&gt; 120
  input in matrix: state: H currentWindowPosition: 13 currentAminoAcid: F =&gt; 117
  input in matrix: state: H currentWindowPosition: 14 currentAminoAcid: F =&gt; 111
  input in matrix: state: H currentWindowPosition: 15 currentAminoAcid: F =&gt; 138
  input in matrix: state: H currentWindowPosition: 16 currentAminoAcid: F =&gt; 113
Process line: G	268	275	257	230	250	203	163	115	0	158	215	219	305	242	245	281	245
 data line!
  input in matrix: state: H currentWindowPosition: 0 currentAminoAcid: G =&gt; 268
  input in matrix: state: H currentWindowPosition: 1 currentAminoAcid: G =&gt; 275
  input in matrix: state: H currentWindowPosition: 2 currentAminoAcid: G =&gt; 257
  input in matrix: state: H currentWindowPosition: 3 currentAminoAcid: G =&gt; 230
  input in matrix: state: H currentWindowPosition: 4 currentAminoAcid: G =&gt; 250
  input in matrix: state: H currentWindowPosition: 5 currentAminoAcid: G =&gt; 203
  input in matrix: state: H currentWindowPosition: 6 currentAminoAcid: G =&gt; 163
  input in matrix: state: H currentWindowPosition: 7 currentAminoAcid: G =&gt; 115
  input in matrix: state: H currentWindowPosition: 8 currentAminoAcid: G =&gt; 0
  input in matrix: state: H currentWindowPosition: 9 currentAminoAcid: G =&gt; 158
  input in matrix: state: H currentWindowPosition: 10 currentAminoAcid: G =&gt; 215
  input in matrix: state: H currentWindowPosition: 11 currentAminoAcid: G =&gt; 219
  input in matrix: state: H currentWindowPosition: 12 currentAminoAcid: G =&gt; 305
  input in matrix: state: H currentWindowPosition: 13 currentAminoAcid: G =&gt; 242
  input in matrix: state: H currentWindowPosition: 14 currentAminoAcid: G =&gt; 245
  input in matrix: state: H currentWindowPosition: 15 currentAminoAcid: G =&gt; 281
  input in matrix: state: H currentWindowPosition: 16 currentAminoAcid: G =&gt; 245
Process line: H	58	75	71	65	52	69	52	44	0	60	53	69	57	62	71	75	64
 data line!
  input in matrix: state: H currentWindowPosition: 0 currentAminoAcid: H =&gt; 58
  input in matrix: state: H currentWindowPosition: 1 currentAminoAcid: H =&gt; 75
  input in matrix: state: H currentWindowPosition: 2 currentAminoAcid: H =&gt; 71
  input in matrix: state: H currentWindowPosition: 3 currentAminoAcid: H =&gt; 65
  input in matrix: state: H currentWindowPosition: 4 currentAminoAcid: H =&gt; 52
  input in matrix: state: H currentWindowPosition: 5 currentAminoAcid: H =&gt; 69
  input in matrix: state: H currentWindowPosition: 6 currentAminoAcid: H =&gt; 52
  input in matrix: state: H currentWindowPosition: 7 currentAminoAcid: H =&gt; 44
  input in matrix: state: H currentWindowPosition: 8 currentAminoAcid: H =&gt; 0
  input in matrix: state: H currentWindowPosition: 9 currentAminoAcid: H =&gt; 60
  input in matrix: state: H currentWindowPosition: 10 currentAminoAcid: H =&gt; 53
  input in matrix: state: H currentWindowPosition: 11 currentAminoAcid: H =&gt; 69
  input in matrix: state: H currentWindowPosition: 12 currentAminoAcid: H =&gt; 57
  input in matrix: state: H currentWindowPosition: 13 currentAminoAcid: H =&gt; 62
  input in matrix: state: H currentWindowPosition: 14 currentAminoAcid: H =&gt; 71
  input in matrix: state: H currentWindowPosition: 15 currentAminoAcid: H =&gt; 75
  input in matrix: state: H currentWindowPosition: 16 currentAminoAcid: H =&gt; 64
Process line: I	153	172	161	174	158	197	158	186	0	176	167	195	152	182	189	177	191
 data line!
  input in matrix: state: H currentWindowPosition: 0 currentAminoAcid: I =&gt; 153
  input in matrix: state: H currentWindowPosition: 1 currentAminoAcid: I =&gt; 172
  input in matrix: state: H currentWindowPosition: 2 currentAminoAcid: I =&gt; 161
  input in matrix: state: H currentWindowPosition: 3 currentAminoAcid: I =&gt; 174
  input in matrix: state: H currentWindowPosition: 4 currentAminoAcid: I =&gt; 158
  input in matrix: state: H currentWindowPosition: 5 currentAminoAcid: I =&gt; 197
  input in matrix: state: H currentWindowPosition: 6 currentAminoAcid: I =&gt; 158
  input in matrix: state: H currentWindowPosition: 7 currentAminoAcid: I =&gt; 186
  input in matrix: state: H currentWindowPosition: 8 currentAminoAcid: I =&gt; 0
  input in matrix: state: H currentWindowPosition: 9 currentAminoAcid: I =&gt; 176
  input in matrix: state: H currentWindowPosition: 10 currentAminoAcid: I =&gt; 167
  input in matrix: state: H currentWindowPosition: 11 currentAminoAcid: I =&gt; 195
  input in matrix: state: H currentWindowPosition: 12 currentAminoAcid: I =&gt; 152
  input in matrix: state: H currentWindowPosition: 13 currentAminoAcid: I =&gt; 182
  input in matrix: state: H currentWindowPosition: 14 currentAminoAcid: I =&gt; 189
  input in matrix: state: H currentWindowPosition: 15 currentAminoAcid: I =&gt; 177
  input in matrix: state: H currentWindowPosition: 16 currentAminoAcid: I =&gt; 191
Process line: K	172	166	167	194	148	184	183	210	0	246	257	238	237	258	217	201	221
 data line!
  input in matrix: state: H currentWindowPosition: 0 currentAminoAcid: K =&gt; 172
  input in matrix: state: H currentWindowPosition: 1 currentAminoAcid: K =&gt; 166
  input in matrix: state: H currentWindowPosition: 2 currentAminoAcid: K =&gt; 167
  input in matrix: state: H currentWindowPosition: 3 currentAminoAcid: K =&gt; 194
  input in matrix: state: H currentWindowPosition: 4 currentAminoAcid: K =&gt; 148
  input in matrix: state: H currentWindowPosition: 5 currentAminoAcid: K =&gt; 184
  input in matrix: state: H currentWindowPosition: 6 currentAminoAcid: K =&gt; 183
  input in matrix: state: H currentWindowPosition: 7 currentAminoAcid: K =&gt; 210
  input in matrix: state: H currentWindowPosition: 8 currentAminoAcid: K =&gt; 0
  input in matrix: state: H currentWindowPosition: 9 currentAminoAcid: K =&gt; 246
  input in matrix: state: H currentWindowPosition: 10 currentAminoAcid: K =&gt; 257
  input in matrix: state: H currentWindowPosition: 11 currentAminoAcid: K =&gt; 238
  input in matrix: state: H currentWindowPosition: 12 currentAminoAcid: K =&gt; 237
  input in matrix: state: H currentWindowPosition: 13 currentAminoAcid: K =&gt; 258
  input in matrix: state: H currentWindowPosition: 14 currentAminoAcid: K =&gt; 217
  input in matrix: state: H currentWindowPosition: 15 currentAminoAcid: K =&gt; 201
  input in matrix: state: H currentWindowPosition: 16 currentAminoAcid: K =&gt; 221
Process line: L	314	285	312	298	270	317	319	354	0	408	342	374	329	351	350	303	303
 data line!
  input in matrix: state: H currentWindowPosition: 0 currentAminoAcid: L =&gt; 314
  input in matrix: state: H currentWindowPosition: 1 currentAminoAcid: L =&gt; 285
  input in matrix: state: H currentWindowPosition: 2 currentAminoAcid: L =&gt; 312
  input in matrix: state: H currentWindowPosition: 3 currentAminoAcid: L =&gt; 298
  input in matrix: state: H currentWindowPosition: 4 currentAminoAcid: L =&gt; 270
  input in matrix: state: H currentWindowPosition: 5 currentAminoAcid: L =&gt; 317
  input in matrix: state: H currentWindowPosition: 6 currentAminoAcid: L =&gt; 319
  input in matrix: state: H currentWindowPosition: 7 currentAminoAcid: L =&gt; 354
  input in matrix: state: H currentWindowPosition: 8 currentAminoAcid: L =&gt; 0
  input in matrix: state: H currentWindowPosition: 9 currentAminoAcid: L =&gt; 408
  input in matrix: state: H currentWindowPosition: 10 currentAminoAcid: L =&gt; 342
  input in matrix: state: H currentWindowPosition: 11 currentAminoAcid: L =&gt; 374
  input in matrix: state: H currentWindowPosition: 12 currentAminoAcid: L =&gt; 329
  input in matrix: state: H currentWindowPosition: 13 currentAminoAcid: L =&gt; 351
  input in matrix: state: H currentWindowPosition: 14 currentAminoAcid: L =&gt; 350
  input in matrix: state: H currentWindowPosition: 15 currentAminoAcid: L =&gt; 303
  input in matrix: state: H currentWindowPosition: 16 currentAminoAcid: L =&gt; 303
Process line: M	56	78	63	89	79	82	80	81	0	83	66	82	89	65	75	60	63
 data line!
  input in matrix: state: H currentWindowPosition: 0 currentAminoAcid: M =&gt; 56
  input in matrix: state: H currentWindowPosition: 1 currentAminoAcid: M =&gt; 78
  input in matrix: state: H currentWindowPosition: 2 currentAminoAcid: M =&gt; 63
  input in matrix: state: H currentWindowPosition: 3 currentAminoAcid: M =&gt; 89
  input in matrix: state: H currentWindowPosition: 4 currentAminoAcid: M =&gt; 79
  input in matrix: state: H currentWindowPosition: 5 currentAminoAcid: M =&gt; 82
  input in matrix: state: H currentWindowPosition: 6 currentAminoAcid: M =&gt; 80
  input in matrix: state: H currentWindowPosition: 7 currentAminoAcid: M =&gt; 81
  input in matrix: state: H currentWindowPosition: 8 currentAminoAcid: M =&gt; 0
  input in matrix: state: H currentWindowPosition: 9 currentAminoAcid: M =&gt; 83
  input in matrix: state: H currentWindowPosition: 10 currentAminoAcid: M =&gt; 66
  input in matrix: state: H currentWindowPosition: 11 currentAminoAcid: M =&gt; 82
  input in matrix: state: H currentWindowPosition: 12 currentAminoAcid: M =&gt; 89
  input in matrix: state: H currentWindowPosition: 13 currentAminoAcid: M =&gt; 65
  input in matrix: state: H currentWindowPosition: 14 currentAminoAcid: M =&gt; 75
  input in matrix: state: H currentWindowPosition: 15 currentAminoAcid: M =&gt; 60
  input in matrix: state: H currentWindowPosition: 16 currentAminoAcid: M =&gt; 63
Process line: N	159	149	158	148	133	137	153	152	0	128	124	157	117	150	133	137	141
 data line!
  input in matrix: state: H currentWindowPosition: 0 currentAminoAcid: N =&gt; 159
  input in matrix: state: H currentWindowPosition: 1 currentAminoAcid: N =&gt; 149
  input in matrix: state: H currentWindowPosition: 2 currentAminoAcid: N =&gt; 158
  input in matrix: state: H currentWindowPosition: 3 currentAminoAcid: N =&gt; 148
  input in matrix: state: H currentWindowPosition: 4 currentAminoAcid: N =&gt; 133
  input in matrix: state: H currentWindowPosition: 5 currentAminoAcid: N =&gt; 137
  input in matrix: state: H currentWindowPosition: 6 currentAminoAcid: N =&gt; 153
  input in matrix: state: H currentWindowPosition: 7 currentAminoAcid: N =&gt; 152
  input in matrix: state: H currentWindowPosition: 8 currentAminoAcid: N =&gt; 0
  input in matrix: state: H currentWindowPosition: 9 currentAminoAcid: N =&gt; 128
  input in matrix: state: H currentWindowPosition: 10 currentAminoAcid: N =&gt; 124
  input in matrix: state: H currentWindowPosition: 11 currentAminoAcid: N =&gt; 157
  input in matrix: state: H currentWindowPosition: 12 currentAminoAcid: N =&gt; 117
  input in matrix: state: H currentWindowPosition: 13 currentAminoAcid: N =&gt; 150
  input in matrix: state: H currentWindowPosition: 14 currentAminoAcid: N =&gt; 133
  input in matrix: state: H currentWindowPosition: 15 currentAminoAcid: N =&gt; 137
  input in matrix: state: H currentWindowPosition: 16 currentAminoAcid: N =&gt; 141
Process line: P	144	148	137	129	146	116	104	99	0	26	41	51	88	111	127	135	140
 data line!
  input in matrix: state: H currentWindowPosition: 0 currentAminoAcid: P =&gt; 144
  input in matrix: state: H currentWindowPosition: 1 currentAminoAcid: P =&gt; 148
  input in matrix: state: H currentWindowPosition: 2 currentAminoAcid: P =&gt; 137
  input in matrix: state: H currentWindowPosition: 3 currentAminoAcid: P =&gt; 129
  input in matrix: state: H currentWindowPosition: 4 currentAminoAcid: P =&gt; 146
  input in matrix: state: H currentWindowPosition: 5 currentAminoAcid: P =&gt; 116
  input in matrix: state: H currentWindowPosition: 6 currentAminoAcid: P =&gt; 104
  input in matrix: state: H currentWindowPosition: 7 currentAminoAcid: P =&gt; 99
  input in matrix: state: H currentWindowPosition: 8 currentAminoAcid: P =&gt; 0
  input in matrix: state: H currentWindowPosition: 9 currentAminoAcid: P =&gt; 26
  input in matrix: state: H currentWindowPosition: 10 currentAminoAcid: P =&gt; 41
  input in matrix: state: H currentWindowPosition: 11 currentAminoAcid: P =&gt; 51
  input in matrix: state: H currentWindowPosition: 12 currentAminoAcid: P =&gt; 88
  input in matrix: state: H currentWindowPosition: 13 currentAminoAcid: P =&gt; 111
  input in matrix: state: H currentWindowPosition: 14 currentAminoAcid: P =&gt; 127
  input in matrix: state: H currentWindowPosition: 15 currentAminoAcid: P =&gt; 135
  input in matrix: state: H currentWindowPosition: 16 currentAminoAcid: P =&gt; 140
Process line: Q	122	128	133	147	126	125	154	163	0	167	140	154	134	130	112	154	136
 data line!
  input in matrix: state: H currentWindowPosition: 0 currentAminoAcid: Q =&gt; 122
  input in matrix: state: H currentWindowPosition: 1 currentAminoAcid: Q =&gt; 128
  input in matrix: state: H currentWindowPosition: 2 currentAminoAcid: Q =&gt; 133
  input in matrix: state: H currentWindowPosition: 3 currentAminoAcid: Q =&gt; 147
  input in matrix: state: H currentWindowPosition: 4 currentAminoAcid: Q =&gt; 126
  input in matrix: state: H currentWindowPosition: 5 currentAminoAcid: Q =&gt; 125
  input in matrix: state: H currentWindowPosition: 6 currentAminoAcid: Q =&gt; 154
  input in matrix: state: H currentWindowPosition: 7 currentAminoAcid: Q =&gt; 163
  input in matrix: state: H currentWindowPosition: 8 currentAminoAcid: Q =&gt; 0
  input in matrix: state: H currentWindowPosition: 9 currentAminoAcid: Q =&gt; 167
  input in matrix: state: H currentWindowPosition: 10 currentAminoAcid: Q =&gt; 140
  input in matrix: state: H currentWindowPosition: 11 currentAminoAcid: Q =&gt; 154
  input in matrix: state: H currentWindowPosition: 12 currentAminoAcid: Q =&gt; 134
  input in matrix: state: H currentWindowPosition: 13 currentAminoAcid: Q =&gt; 130
  input in matrix: state: H currentWindowPosition: 14 currentAminoAcid: Q =&gt; 112
  input in matrix: state: H currentWindowPosition: 15 currentAminoAcid: Q =&gt; 154
  input in matrix: state: H currentWindowPosition: 16 currentAminoAcid: Q =&gt; 136
Process line: R	156	150	152	135	129	154	181	162	0	180	218	197	184	171	169	164	175
 data line!
  input in matrix: state: H currentWindowPosition: 0 currentAminoAcid: R =&gt; 156
  input in matrix: state: H currentWindowPosition: 1 currentAminoAcid: R =&gt; 150
  input in matrix: state: H currentWindowPosition: 2 currentAminoAcid: R =&gt; 152
  input in matrix: state: H currentWindowPosition: 3 currentAminoAcid: R =&gt; 135
  input in matrix: state: H currentWindowPosition: 4 currentAminoAcid: R =&gt; 129
  input in matrix: state: H currentWindowPosition: 5 currentAminoAcid: R =&gt; 154
  input in matrix: state: H currentWindowPosition: 6 currentAminoAcid: R =&gt; 181
  input in matrix: state: H currentWindowPosition: 7 currentAminoAcid: R =&gt; 162
  input in matrix: state: H currentWindowPosition: 8 currentAminoAcid: R =&gt; 0
  input in matrix: state: H currentWindowPosition: 9 currentAminoAcid: R =&gt; 180
  input in matrix: state: H currentWindowPosition: 10 currentAminoAcid: R =&gt; 218
  input in matrix: state: H currentWindowPosition: 11 currentAminoAcid: R =&gt; 197
  input in matrix: state: H currentWindowPosition: 12 currentAminoAcid: R =&gt; 184
  input in matrix: state: H currentWindowPosition: 13 currentAminoAcid: R =&gt; 171
  input in matrix: state: H currentWindowPosition: 14 currentAminoAcid: R =&gt; 169
  input in matrix: state: H currentWindowPosition: 15 currentAminoAcid: R =&gt; 164
  input in matrix: state: H currentWindowPosition: 16 currentAminoAcid: R =&gt; 175
Process line: S	199	199	222	203	219	161	175	178	0	159	153	152	166	160	154	167	162
 data line!
  input in matrix: state: H currentWindowPosition: 0 currentAminoAcid: S =&gt; 199
  input in matrix: state: H currentWindowPosition: 1 currentAminoAcid: S =&gt; 199
  input in matrix: state: H currentWindowPosition: 2 currentAminoAcid: S =&gt; 222
  input in matrix: state: H currentWindowPosition: 3 currentAminoAcid: S =&gt; 203
  input in matrix: state: H currentWindowPosition: 4 currentAminoAcid: S =&gt; 219
  input in matrix: state: H currentWindowPosition: 5 currentAminoAcid: S =&gt; 161
  input in matrix: state: H currentWindowPosition: 6 currentAminoAcid: S =&gt; 175
  input in matrix: state: H currentWindowPosition: 7 currentAminoAcid: S =&gt; 178
  input in matrix: state: H currentWindowPosition: 8 currentAminoAcid: S =&gt; 0
  input in matrix: state: H currentWindowPosition: 9 currentAminoAcid: S =&gt; 159
  input in matrix: state: H currentWindowPosition: 10 currentAminoAcid: S =&gt; 153
  input in matrix: state: H currentWindowPosition: 11 currentAminoAcid: S =&gt; 152
  input in matrix: state: H currentWindowPosition: 12 currentAminoAcid: S =&gt; 166
  input in matrix: state: H currentWindowPosition: 13 currentAminoAcid: S =&gt; 160
  input in matrix: state: H currentWindowPosition: 14 currentAminoAcid: S =&gt; 154
  input in matrix: state: H currentWindowPosition: 15 currentAminoAcid: S =&gt; 167
  input in matrix: state: H currentWindowPosition: 16 currentAminoAcid: S =&gt; 162
Process line: T	188	188	183	188	189	174	180	165	0	117	135	142	119	131	195	175	185
 data line!
  input in matrix: state: H currentWindowPosition: 0 currentAminoAcid: T =&gt; 188
  input in matrix: state: H currentWindowPosition: 1 currentAminoAcid: T =&gt; 188
  input in matrix: state: H currentWindowPosition: 2 currentAminoAcid: T =&gt; 183
  input in matrix: state: H currentWindowPosition: 3 currentAminoAcid: T =&gt; 188
  input in matrix: state: H currentWindowPosition: 4 currentAminoAcid: T =&gt; 189
  input in matrix: state: H currentWindowPosition: 5 currentAminoAcid: T =&gt; 174
  input in matrix: state: H currentWindowPosition: 6 currentAminoAcid: T =&gt; 180
  input in matrix: state: H currentWindowPosition: 7 currentAminoAcid: T =&gt; 165
  input in matrix: state: H currentWindowPosition: 8 currentAminoAcid: T =&gt; 0
  input in matrix: state: H currentWindowPosition: 9 currentAminoAcid: T =&gt; 117
  input in matrix: state: H currentWindowPosition: 10 currentAminoAcid: T =&gt; 135
  input in matrix: state: H currentWindowPosition: 11 currentAminoAcid: T =&gt; 142
  input in matrix: state: H currentWindowPosition: 12 currentAminoAcid: T =&gt; 119
  input in matrix: state: H currentWindowPosition: 13 currentAminoAcid: T =&gt; 131
  input in matrix: state: H currentWindowPosition: 14 currentAminoAcid: T =&gt; 195
  input in matrix: state: H currentWindowPosition: 15 currentAminoAcid: T =&gt; 175
  input in matrix: state: H currentWindowPosition: 16 currentAminoAcid: T =&gt; 185
Process line: V	214	216	214	226	200	249	219	212	0	210	199	203	178	227	213	216	228
 data line!
  input in matrix: state: H currentWindowPosition: 0 currentAminoAcid: V =&gt; 214
  input in matrix: state: H currentWindowPosition: 1 currentAminoAcid: V =&gt; 216
  input in matrix: state: H currentWindowPosition: 2 currentAminoAcid: V =&gt; 214
  input in matrix: state: H currentWindowPosition: 3 currentAminoAcid: V =&gt; 226
  input in matrix: state: H currentWindowPosition: 4 currentAminoAcid: V =&gt; 200
  input in matrix: state: H currentWindowPosition: 5 currentAminoAcid: V =&gt; 249
  input in matrix: state: H currentWindowPosition: 6 currentAminoAcid: V =&gt; 219
  input in matrix: state: H currentWindowPosition: 7 currentAminoAcid: V =&gt; 212
  input in matrix: state: H currentWindowPosition: 8 currentAminoAcid: V =&gt; 0
  input in matrix: state: H currentWindowPosition: 9 currentAminoAcid: V =&gt; 210
  input in matrix: state: H currentWindowPosition: 10 currentAminoAcid: V =&gt; 199
  input in matrix: state: H currentWindowPosition: 11 currentAminoAcid: V =&gt; 203
  input in matrix: state: H currentWindowPosition: 12 currentAminoAcid: V =&gt; 178
  input in matrix: state: H currentWindowPosition: 13 currentAminoAcid: V =&gt; 227
  input in matrix: state: H currentWindowPosition: 14 currentAminoAcid: V =&gt; 213
  input in matrix: state: H currentWindowPosition: 15 currentAminoAcid: V =&gt; 216
  input in matrix: state: H currentWindowPosition: 16 currentAminoAcid: V =&gt; 228
Process line: W	38	51	46	47	47	39	46	51	0	57	31	26	57	58	31	42	51
 data line!
  input in matrix: state: H currentWindowPosition: 0 currentAminoAcid: W =&gt; 38
  input in matrix: state: H currentWindowPosition: 1 currentAminoAcid: W =&gt; 51
  input in matrix: state: H currentWindowPosition: 2 currentAminoAcid: W =&gt; 46
  input in matrix: state: H currentWindowPosition: 3 currentAminoAcid: W =&gt; 47
  input in matrix: state: H currentWindowPosition: 4 currentAminoAcid: W =&gt; 47
  input in matrix: state: H currentWindowPosition: 5 currentAminoAcid: W =&gt; 39
  input in matrix: state: H currentWindowPosition: 6 currentAminoAcid: W =&gt; 46
  input in matrix: state: H currentWindowPosition: 7 currentAminoAcid: W =&gt; 51
  input in matrix: state: H currentWindowPosition: 8 currentAminoAcid: W =&gt; 0
  input in matrix: state: H currentWindowPosition: 9 currentAminoAcid: W =&gt; 57
  input in matrix: state: H currentWindowPosition: 10 currentAminoAcid: W =&gt; 31
  input in matrix: state: H currentWindowPosition: 11 currentAminoAcid: W =&gt; 26
  input in matrix: state: H currentWindowPosition: 12 currentAminoAcid: W =&gt; 57
  input in matrix: state: H currentWindowPosition: 13 currentAminoAcid: W =&gt; 58
  input in matrix: state: H currentWindowPosition: 14 currentAminoAcid: W =&gt; 31
  input in matrix: state: H currentWindowPosition: 15 currentAminoAcid: W =&gt; 42
  input in matrix: state: H currentWindowPosition: 16 currentAminoAcid: W =&gt; 51
Process line: Y	121	101	104	95	102	104	90	99	0	109	129	109	99	103	104	108	109
 data line!
  input in matrix: state: H currentWindowPosition: 0 currentAminoAcid: Y =&gt; 121
  input in matrix: state: H currentWindowPosition: 1 currentAminoAcid: Y =&gt; 101
  input in matrix: state: H currentWindowPosition: 2 currentAminoAcid: Y =&gt; 104
  input in matrix: state: H currentWindowPosition: 3 currentAminoAcid: Y =&gt; 95
  input in matrix: state: H currentWindowPosition: 4 currentAminoAcid: Y =&gt; 102
  input in matrix: state: H currentWindowPosition: 5 currentAminoAcid: Y =&gt; 104
  input in matrix: state: H currentWindowPosition: 6 currentAminoAcid: Y =&gt; 90
  input in matrix: state: H currentWindowPosition: 7 currentAminoAcid: Y =&gt; 99
  input in matrix: state: H currentWindowPosition: 8 currentAminoAcid: Y =&gt; 0
  input in matrix: state: H currentWindowPosition: 9 currentAminoAcid: Y =&gt; 109
  input in matrix: state: H currentWindowPosition: 10 currentAminoAcid: Y =&gt; 129
  input in matrix: state: H currentWindowPosition: 11 currentAminoAcid: Y =&gt; 109
  input in matrix: state: H currentWindowPosition: 12 currentAminoAcid: Y =&gt; 99
  input in matrix: state: H currentWindowPosition: 13 currentAminoAcid: Y =&gt; 103
  input in matrix: state: H currentWindowPosition: 14 currentAminoAcid: Y =&gt; 104
  input in matrix: state: H currentWindowPosition: 15 currentAminoAcid: Y =&gt; 108
  input in matrix: state: H currentWindowPosition: 16 currentAminoAcid: Y =&gt; 109
Process line: 
 Skip line!
Process line: 
 Skip line!
Process line: =C,C=
 state line! (now in state: C)
Process line: 
 Skip line!
Process line: A	39	33	22	49	39	40	35	47	0	40	31	36	51	48	31	43	46
 data line!
  input in matrix: state: C currentWindowPosition: 0 currentAminoAcid: A =&gt; 39
  input in matrix: state: C currentWindowPosition: 1 currentAminoAcid: A =&gt; 33
  input in matrix: state: C currentWindowPosition: 2 currentAminoAcid: A =&gt; 22
  input in matrix: state: C currentWindowPosition: 3 currentAminoAcid: A =&gt; 49
  input in matrix: state: C currentWindowPosition: 4 currentAminoAcid: A =&gt; 39
  input in matrix: state: C currentWindowPosition: 5 currentAminoAcid: A =&gt; 40
  input in matrix: state: C currentWindowPosition: 6 currentAminoAcid: A =&gt; 35
  input in matrix: state: C currentWindowPosition: 7 currentAminoAcid: A =&gt; 47
  input in matrix: state: C currentWindowPosition: 8 currentAminoAcid: A =&gt; 0
  input in matrix: state: C currentWindowPosition: 9 currentAminoAcid: A =&gt; 40
  input in matrix: state: C currentWindowPosition: 10 currentAminoAcid: A =&gt; 31
  input in matrix: state: C currentWindowPosition: 11 currentAminoAcid: A =&gt; 36
  input in matrix: state: C currentWindowPosition: 12 currentAminoAcid: A =&gt; 51
  input in matrix: state: C currentWindowPosition: 13 currentAminoAcid: A =&gt; 48
  input in matrix: state: C currentWindowPosition: 14 currentAminoAcid: A =&gt; 31
  input in matrix: state: C currentWindowPosition: 15 currentAminoAcid: A =&gt; 43
  input in matrix: state: C currentWindowPosition: 16 currentAminoAcid: A =&gt; 46
Process line: C	27	18	23	19	26	23	8	3	478	6	9	33	16	16	32	26	18
 data line!
  input in matrix: state: C currentWindowPosition: 0 currentAminoAcid: C =&gt; 27
  input in matrix: state: C currentWindowPosition: 1 currentAminoAcid: C =&gt; 18
  input in matrix: state: C currentWindowPosition: 2 currentAminoAcid: C =&gt; 23
  input in matrix: state: C currentWindowPosition: 3 currentAminoAcid: C =&gt; 19
  input in matrix: state: C currentWindowPosition: 4 currentAminoAcid: C =&gt; 26
  input in matrix: state: C currentWindowPosition: 5 currentAminoAcid: C =&gt; 23
  input in matrix: state: C currentWindowPosition: 6 currentAminoAcid: C =&gt; 8
  input in matrix: state: C currentWindowPosition: 7 currentAminoAcid: C =&gt; 3
  input in matrix: state: C currentWindowPosition: 8 currentAminoAcid: C =&gt; 478
  input in matrix: state: C currentWindowPosition: 9 currentAminoAcid: C =&gt; 6
  input in matrix: state: C currentWindowPosition: 10 currentAminoAcid: C =&gt; 9
  input in matrix: state: C currentWindowPosition: 11 currentAminoAcid: C =&gt; 33
  input in matrix: state: C currentWindowPosition: 12 currentAminoAcid: C =&gt; 16
  input in matrix: state: C currentWindowPosition: 13 currentAminoAcid: C =&gt; 16
  input in matrix: state: C currentWindowPosition: 14 currentAminoAcid: C =&gt; 32
  input in matrix: state: C currentWindowPosition: 15 currentAminoAcid: C =&gt; 26
  input in matrix: state: C currentWindowPosition: 16 currentAminoAcid: C =&gt; 18
Process line: D	31	29	33	22	18	26	21	32	0	25	30	26	32	25	23	21	26
 data line!
  input in matrix: state: C currentWindowPosition: 0 currentAminoAcid: D =&gt; 31
  input in matrix: state: C currentWindowPosition: 1 currentAminoAcid: D =&gt; 29
  input in matrix: state: C currentWindowPosition: 2 currentAminoAcid: D =&gt; 33
  input in matrix: state: C currentWindowPosition: 3 currentAminoAcid: D =&gt; 22
  input in matrix: state: C currentWindowPosition: 4 currentAminoAcid: D =&gt; 18
  input in matrix: state: C currentWindowPosition: 5 currentAminoAcid: D =&gt; 26
  input in matrix: state: C currentWindowPosition: 6 currentAminoAcid: D =&gt; 21
  input in matrix: state: C currentWindowPosition: 7 currentAminoAcid: D =&gt; 32
  input in matrix: state: C currentWindowPosition: 8 currentAminoAcid: D =&gt; 0
  input in matrix: state: C currentWindowPosition: 9 currentAminoAcid: D =&gt; 25
  input in matrix: state: C currentWindowPosition: 10 currentAminoAcid: D =&gt; 30
  input in matrix: state: C currentWindowPosition: 11 currentAminoAcid: D =&gt; 26
  input in matrix: state: C currentWindowPosition: 12 currentAminoAcid: D =&gt; 32
  input in matrix: state: C currentWindowPosition: 13 currentAminoAcid: D =&gt; 25
  input in matrix: state: C currentWindowPosition: 14 currentAminoAcid: D =&gt; 23
  input in matrix: state: C currentWindowPosition: 15 currentAminoAcid: D =&gt; 21
  input in matrix: state: C currentWindowPosition: 16 currentAminoAcid: D =&gt; 26
Process line: E	21	31	28	22	17	26	32	18	0	13	28	20	25	21	34	22	32
 data line!
  input in matrix: state: C currentWindowPosition: 0 currentAminoAcid: E =&gt; 21
  input in matrix: state: C currentWindowPosition: 1 currentAminoAcid: E =&gt; 31
  input in matrix: state: C currentWindowPosition: 2 currentAminoAcid: E =&gt; 28
  input in matrix: state: C currentWindowPosition: 3 currentAminoAcid: E =&gt; 22
  input in matrix: state: C currentWindowPosition: 4 currentAminoAcid: E =&gt; 17
  input in matrix: state: C currentWindowPosition: 5 currentAminoAcid: E =&gt; 26
  input in matrix: state: C currentWindowPosition: 6 currentAminoAcid: E =&gt; 32
  input in matrix: state: C currentWindowPosition: 7 currentAminoAcid: E =&gt; 18
  input in matrix: state: C currentWindowPosition: 8 currentAminoAcid: E =&gt; 0
  input in matrix: state: C currentWindowPosition: 9 currentAminoAcid: E =&gt; 13
  input in matrix: state: C currentWindowPosition: 10 currentAminoAcid: E =&gt; 28
  input in matrix: state: C currentWindowPosition: 11 currentAminoAcid: E =&gt; 20
  input in matrix: state: C currentWindowPosition: 12 currentAminoAcid: E =&gt; 25
  input in matrix: state: C currentWindowPosition: 13 currentAminoAcid: E =&gt; 21
  input in matrix: state: C currentWindowPosition: 14 currentAminoAcid: E =&gt; 34
  input in matrix: state: C currentWindowPosition: 15 currentAminoAcid: E =&gt; 22
  input in matrix: state: C currentWindowPosition: 16 currentAminoAcid: E =&gt; 32
Process line: F	13	22	9	20	15	21	15	13	0	8	14	22	14	15	15	16	19
 data line!
  input in matrix: state: C currentWindowPosition: 0 currentAminoAcid: F =&gt; 13
  input in matrix: state: C currentWindowPosition: 1 currentAminoAcid: F =&gt; 22
  input in matrix: state: C currentWindowPosition: 2 currentAminoAcid: F =&gt; 9
  input in matrix: state: C currentWindowPosition: 3 currentAminoAcid: F =&gt; 20
  input in matrix: state: C currentWindowPosition: 4 currentAminoAcid: F =&gt; 15
  input in matrix: state: C currentWindowPosition: 5 currentAminoAcid: F =&gt; 21
  input in matrix: state: C currentWindowPosition: 6 currentAminoAcid: F =&gt; 15
  input in matrix: state: C currentWindowPosition: 7 currentAminoAcid: F =&gt; 13
  input in matrix: state: C currentWindowPosition: 8 currentAminoAcid: F =&gt; 0
  input in matrix: state: C currentWindowPosition: 9 currentAminoAcid: F =&gt; 8
  input in matrix: state: C currentWindowPosition: 10 currentAminoAcid: F =&gt; 14
  input in matrix: state: C currentWindowPosition: 11 currentAminoAcid: F =&gt; 22
  input in matrix: state: C currentWindowPosition: 12 currentAminoAcid: F =&gt; 14
  input in matrix: state: C currentWindowPosition: 13 currentAminoAcid: F =&gt; 15
  input in matrix: state: C currentWindowPosition: 14 currentAminoAcid: F =&gt; 15
  input in matrix: state: C currentWindowPosition: 15 currentAminoAcid: F =&gt; 16
  input in matrix: state: C currentWindowPosition: 16 currentAminoAcid: F =&gt; 19
Process line: G	51	50	44	32	43	48	53	66	0	71	51	58	44	45	40	35	48
 data line!
  input in matrix: state: C currentWindowPosition: 0 currentAminoAcid: G =&gt; 51
  input in matrix: state: C currentWindowPosition: 1 currentAminoAcid: G =&gt; 50
  input in matrix: state: C currentWindowPosition: 2 currentAminoAcid: G =&gt; 44
  input in matrix: state: C currentWindowPosition: 3 currentAminoAcid: G =&gt; 32
  input in matrix: state: C currentWindowPosition: 4 currentAminoAcid: G =&gt; 43
  input in matrix: state: C currentWindowPosition: 5 currentAminoAcid: G =&gt; 48
  input in matrix: state: C currentWindowPosition: 6 currentAminoAcid: G =&gt; 53
  input in matrix: state: C currentWindowPosition: 7 currentAminoAcid: G =&gt; 66
  input in matrix: state: C currentWindowPosition: 8 currentAminoAcid: G =&gt; 0
  input in matrix: state: C currentWindowPosition: 9 currentAminoAcid: G =&gt; 71
  input in matrix: state: C currentWindowPosition: 10 currentAminoAcid: G =&gt; 51
  input in matrix: state: C currentWindowPosition: 11 currentAminoAcid: G =&gt; 58
  input in matrix: state: C currentWindowPosition: 12 currentAminoAcid: G =&gt; 44
  input in matrix: state: C currentWindowPosition: 13 currentAminoAcid: G =&gt; 45
  input in matrix: state: C currentWindowPosition: 14 currentAminoAcid: G =&gt; 40
  input in matrix: state: C currentWindowPosition: 15 currentAminoAcid: G =&gt; 35
  input in matrix: state: C currentWindowPosition: 16 currentAminoAcid: G =&gt; 48
Process line: H	11	7	7	10	14	13	11	14	0	21	14	13	21	11	15	11	11
 data line!
  input in matrix: state: C currentWindowPosition: 0 currentAminoAcid: H =&gt; 11
  input in matrix: state: C currentWindowPosition: 1 currentAminoAcid: H =&gt; 7
  input in matrix: state: C currentWindowPosition: 2 currentAminoAcid: H =&gt; 7
  input in matrix: state: C currentWindowPosition: 3 currentAminoAcid: H =&gt; 10
  input in matrix: state: C currentWindowPosition: 4 currentAminoAcid: H =&gt; 14
  input in matrix: state: C currentWindowPosition: 5 currentAminoAcid: H =&gt; 13
  input in matrix: state: C currentWindowPosition: 6 currentAminoAcid: H =&gt; 11
  input in matrix: state: C currentWindowPosition: 7 currentAminoAcid: H =&gt; 14
  input in matrix: state: C currentWindowPosition: 8 currentAminoAcid: H =&gt; 0
  input in matrix: state: C currentWindowPosition: 9 currentAminoAcid: H =&gt; 21
  input in matrix: state: C currentWindowPosition: 10 currentAminoAcid: H =&gt; 14
  input in matrix: state: C currentWindowPosition: 11 currentAminoAcid: H =&gt; 13
  input in matrix: state: C currentWindowPosition: 12 currentAminoAcid: H =&gt; 21
  input in matrix: state: C currentWindowPosition: 13 currentAminoAcid: H =&gt; 11
  input in matrix: state: C currentWindowPosition: 14 currentAminoAcid: H =&gt; 15
  input in matrix: state: C currentWindowPosition: 15 currentAminoAcid: H =&gt; 11
  input in matrix: state: C currentWindowPosition: 16 currentAminoAcid: H =&gt; 11
Process line: I	31	22	27	23	23	31	22	9	0	18	22	27	19	22	21	20	23
 data line!
  input in matrix: state: C currentWindowPosition: 0 currentAminoAcid: I =&gt; 31
  input in matrix: state: C currentWindowPosition: 1 currentAminoAcid: I =&gt; 22
  input in matrix: state: C currentWindowPosition: 2 currentAminoAcid: I =&gt; 27
  input in matrix: state: C currentWindowPosition: 3 currentAminoAcid: I =&gt; 23
  input in matrix: state: C currentWindowPosition: 4 currentAminoAcid: I =&gt; 23
  input in matrix: state: C currentWindowPosition: 5 currentAminoAcid: I =&gt; 31
  input in matrix: state: C currentWindowPosition: 6 currentAminoAcid: I =&gt; 22
  input in matrix: state: C currentWindowPosition: 7 currentAminoAcid: I =&gt; 9
  input in matrix: state: C currentWindowPosition: 8 currentAminoAcid: I =&gt; 0
  input in matrix: state: C currentWindowPosition: 9 currentAminoAcid: I =&gt; 18
  input in matrix: state: C currentWindowPosition: 10 currentAminoAcid: I =&gt; 22
  input in matrix: state: C currentWindowPosition: 11 currentAminoAcid: I =&gt; 27
  input in matrix: state: C currentWindowPosition: 12 currentAminoAcid: I =&gt; 19
  input in matrix: state: C currentWindowPosition: 13 currentAminoAcid: I =&gt; 22
  input in matrix: state: C currentWindowPosition: 14 currentAminoAcid: I =&gt; 21
  input in matrix: state: C currentWindowPosition: 15 currentAminoAcid: I =&gt; 20
  input in matrix: state: C currentWindowPosition: 16 currentAminoAcid: I =&gt; 23
Process line: K	28	31	24	23	17	19	33	28	0	19	20	17	26	25	18	29	30
 data line!
  input in matrix: state: C currentWindowPosition: 0 currentAminoAcid: K =&gt; 28
  input in matrix: state: C currentWindowPosition: 1 currentAminoAcid: K =&gt; 31
  input in matrix: state: C currentWindowPosition: 2 currentAminoAcid: K =&gt; 24
  input in matrix: state: C currentWindowPosition: 3 currentAminoAcid: K =&gt; 23
  input in matrix: state: C currentWindowPosition: 4 currentAminoAcid: K =&gt; 17
  input in matrix: state: C currentWindowPosition: 5 currentAminoAcid: K =&gt; 19
  input in matrix: state: C currentWindowPosition: 6 currentAminoAcid: K =&gt; 33
  input in matrix: state: C currentWindowPosition: 7 currentAminoAcid: K =&gt; 28
  input in matrix: state: C currentWindowPosition: 8 currentAminoAcid: K =&gt; 0
  input in matrix: state: C currentWindowPosition: 9 currentAminoAcid: K =&gt; 19
  input in matrix: state: C currentWindowPosition: 10 currentAminoAcid: K =&gt; 20
  input in matrix: state: C currentWindowPosition: 11 currentAminoAcid: K =&gt; 17
  input in matrix: state: C currentWindowPosition: 12 currentAminoAcid: K =&gt; 26
  input in matrix: state: C currentWindowPosition: 13 currentAminoAcid: K =&gt; 25
  input in matrix: state: C currentWindowPosition: 14 currentAminoAcid: K =&gt; 18
  input in matrix: state: C currentWindowPosition: 15 currentAminoAcid: K =&gt; 29
  input in matrix: state: C currentWindowPosition: 16 currentAminoAcid: K =&gt; 30
Process line: L	36	39	34	42	45	35	34	23	0	25	32	24	25	38	32	44	32
 data line!
  input in matrix: state: C currentWindowPosition: 0 currentAminoAcid: L =&gt; 36
  input in matrix: state: C currentWindowPosition: 1 currentAminoAcid: L =&gt; 39
  input in matrix: state: C currentWindowPosition: 2 currentAminoAcid: L =&gt; 34
  input in matrix: state: C currentWindowPosition: 3 currentAminoAcid: L =&gt; 42
  input in matrix: state: C currentWindowPosition: 4 currentAminoAcid: L =&gt; 45
  input in matrix: state: C currentWindowPosition: 5 currentAminoAcid: L =&gt; 35
  input in matrix: state: C currentWindowPosition: 6 currentAminoAcid: L =&gt; 34
  input in matrix: state: C currentWindowPosition: 7 currentAminoAcid: L =&gt; 23
  input in matrix: state: C currentWindowPosition: 8 currentAminoAcid: L =&gt; 0
  input in matrix: state: C currentWindowPosition: 9 currentAminoAcid: L =&gt; 25
  input in matrix: state: C currentWindowPosition: 10 currentAminoAcid: L =&gt; 32
  input in matrix: state: C currentWindowPosition: 11 currentAminoAcid: L =&gt; 24
  input in matrix: state: C currentWindowPosition: 12 currentAminoAcid: L =&gt; 25
  input in matrix: state: C currentWindowPosition: 13 currentAminoAcid: L =&gt; 38
  input in matrix: state: C currentWindowPosition: 14 currentAminoAcid: L =&gt; 32
  input in matrix: state: C currentWindowPosition: 15 currentAminoAcid: L =&gt; 44
  input in matrix: state: C currentWindowPosition: 16 currentAminoAcid: L =&gt; 32
Process line: M	10	8	8	13	4	8	4	6	0	6	7	6	11	10	7	9	13
 data line!
  input in matrix: state: C currentWindowPosition: 0 currentAminoAcid: M =&gt; 10
  input in matrix: state: C currentWindowPosition: 1 currentAminoAcid: M =&gt; 8
  input in matrix: state: C currentWindowPosition: 2 currentAminoAcid: M =&gt; 8
  input in matrix: state: C currentWindowPosition: 3 currentAminoAcid: M =&gt; 13
  input in matrix: state: C currentWindowPosition: 4 currentAminoAcid: M =&gt; 4
  input in matrix: state: C currentWindowPosition: 5 currentAminoAcid: M =&gt; 8
  input in matrix: state: C currentWindowPosition: 6 currentAminoAcid: M =&gt; 4
  input in matrix: state: C currentWindowPosition: 7 currentAminoAcid: M =&gt; 6
  input in matrix: state: C currentWindowPosition: 8 currentAminoAcid: M =&gt; 0
  input in matrix: state: C currentWindowPosition: 9 currentAminoAcid: M =&gt; 6
  input in matrix: state: C currentWindowPosition: 10 currentAminoAcid: M =&gt; 7
  input in matrix: state: C currentWindowPosition: 11 currentAminoAcid: M =&gt; 6
  input in matrix: state: C currentWindowPosition: 12 currentAminoAcid: M =&gt; 11
  input in matrix: state: C currentWindowPosition: 13 currentAminoAcid: M =&gt; 10
  input in matrix: state: C currentWindowPosition: 14 currentAminoAcid: M =&gt; 7
  input in matrix: state: C currentWindowPosition: 15 currentAminoAcid: M =&gt; 9
  input in matrix: state: C currentWindowPosition: 16 currentAminoAcid: M =&gt; 13
Process line: N	22	18	25	18	17	22	29	32	0	22	30	29	18	15	31	20	22
 data line!
  input in matrix: state: C currentWindowPosition: 0 currentAminoAcid: N =&gt; 22
  input in matrix: state: C currentWindowPosition: 1 currentAminoAcid: N =&gt; 18
  input in matrix: state: C currentWindowPosition: 2 currentAminoAcid: N =&gt; 25
  input in matrix: state: C currentWindowPosition: 3 currentAminoAcid: N =&gt; 18
  input in matrix: state: C currentWindowPosition: 4 currentAminoAcid: N =&gt; 17
  input in matrix: state: C currentWindowPosition: 5 currentAminoAcid: N =&gt; 22
  input in matrix: state: C currentWindowPosition: 6 currentAminoAcid: N =&gt; 29
  input in matrix: state: C currentWindowPosition: 7 currentAminoAcid: N =&gt; 32
  input in matrix: state: C currentWindowPosition: 8 currentAminoAcid: N =&gt; 0
  input in matrix: state: C currentWindowPosition: 9 currentAminoAcid: N =&gt; 22
  input in matrix: state: C currentWindowPosition: 10 currentAminoAcid: N =&gt; 30
  input in matrix: state: C currentWindowPosition: 11 currentAminoAcid: N =&gt; 29
  input in matrix: state: C currentWindowPosition: 12 currentAminoAcid: N =&gt; 18
  input in matrix: state: C currentWindowPosition: 13 currentAminoAcid: N =&gt; 15
  input in matrix: state: C currentWindowPosition: 14 currentAminoAcid: N =&gt; 31
  input in matrix: state: C currentWindowPosition: 15 currentAminoAcid: N =&gt; 20
  input in matrix: state: C currentWindowPosition: 16 currentAminoAcid: N =&gt; 22
Process line: P	23	22	27	24	23	18	36	35	0	64	41	27	22	25	19	16	20
 data line!
  input in matrix: state: C currentWindowPosition: 0 currentAminoAcid: P =&gt; 23
  input in matrix: state: C currentWindowPosition: 1 currentAminoAcid: P =&gt; 22
  input in matrix: state: C currentWindowPosition: 2 currentAminoAcid: P =&gt; 27
  input in matrix: state: C currentWindowPosition: 3 currentAminoAcid: P =&gt; 24
  input in matrix: state: C currentWindowPosition: 4 currentAminoAcid: P =&gt; 23
  input in matrix: state: C currentWindowPosition: 5 currentAminoAcid: P =&gt; 18
  input in matrix: state: C currentWindowPosition: 6 currentAminoAcid: P =&gt; 36
  input in matrix: state: C currentWindowPosition: 7 currentAminoAcid: P =&gt; 35
  input in matrix: state: C currentWindowPosition: 8 currentAminoAcid: P =&gt; 0
  input in matrix: state: C currentWindowPosition: 9 currentAminoAcid: P =&gt; 64
  input in matrix: state: C currentWindowPosition: 10 currentAminoAcid: P =&gt; 41
  input in matrix: state: C currentWindowPosition: 11 currentAminoAcid: P =&gt; 27
  input in matrix: state: C currentWindowPosition: 12 currentAminoAcid: P =&gt; 22
  input in matrix: state: C currentWindowPosition: 13 currentAminoAcid: P =&gt; 25
  input in matrix: state: C currentWindowPosition: 14 currentAminoAcid: P =&gt; 19
  input in matrix: state: C currentWindowPosition: 15 currentAminoAcid: P =&gt; 16
  input in matrix: state: C currentWindowPosition: 16 currentAminoAcid: P =&gt; 20
Process line: Q	9	16	19	14	16	18	13	14	0	17	14	12	15	14	13	16	19
 data line!
  input in matrix: state: C currentWindowPosition: 0 currentAminoAcid: Q =&gt; 9
  input in matrix: state: C currentWindowPosition: 1 currentAminoAcid: Q =&gt; 16
  input in matrix: state: C currentWindowPosition: 2 currentAminoAcid: Q =&gt; 19
  input in matrix: state: C currentWindowPosition: 3 currentAminoAcid: Q =&gt; 14
  input in matrix: state: C currentWindowPosition: 4 currentAminoAcid: Q =&gt; 16
  input in matrix: state: C currentWindowPosition: 5 currentAminoAcid: Q =&gt; 18
  input in matrix: state: C currentWindowPosition: 6 currentAminoAcid: Q =&gt; 13
  input in matrix: state: C currentWindowPosition: 7 currentAminoAcid: Q =&gt; 14
  input in matrix: state: C currentWindowPosition: 8 currentAminoAcid: Q =&gt; 0
  input in matrix: state: C currentWindowPosition: 9 currentAminoAcid: Q =&gt; 17
  input in matrix: state: C currentWindowPosition: 10 currentAminoAcid: Q =&gt; 14
  input in matrix: state: C currentWindowPosition: 11 currentAminoAcid: Q =&gt; 12
  input in matrix: state: C currentWindowPosition: 12 currentAminoAcid: Q =&gt; 15
  input in matrix: state: C currentWindowPosition: 13 currentAminoAcid: Q =&gt; 14
  input in matrix: state: C currentWindowPosition: 14 currentAminoAcid: Q =&gt; 13
  input in matrix: state: C currentWindowPosition: 15 currentAminoAcid: Q =&gt; 16
  input in matrix: state: C currentWindowPosition: 16 currentAminoAcid: Q =&gt; 19
Process line: R	20	23	19	26	22	14	17	25	0	27	18	16	16	26	33	27	17
 data line!
  input in matrix: state: C currentWindowPosition: 0 currentAminoAcid: R =&gt; 20
  input in matrix: state: C currentWindowPosition: 1 currentAminoAcid: R =&gt; 23
  input in matrix: state: C currentWindowPosition: 2 currentAminoAcid: R =&gt; 19
  input in matrix: state: C currentWindowPosition: 3 currentAminoAcid: R =&gt; 26
  input in matrix: state: C currentWindowPosition: 4 currentAminoAcid: R =&gt; 22
  input in matrix: state: C currentWindowPosition: 5 currentAminoAcid: R =&gt; 14
  input in matrix: state: C currentWindowPosition: 6 currentAminoAcid: R =&gt; 17
  input in matrix: state: C currentWindowPosition: 7 currentAminoAcid: R =&gt; 25
  input in matrix: state: C currentWindowPosition: 8 currentAminoAcid: R =&gt; 0
  input in matrix: state: C currentWindowPosition: 9 currentAminoAcid: R =&gt; 27
  input in matrix: state: C currentWindowPosition: 10 currentAminoAcid: R =&gt; 18
  input in matrix: state: C currentWindowPosition: 11 currentAminoAcid: R =&gt; 16
  input in matrix: state: C currentWindowPosition: 12 currentAminoAcid: R =&gt; 16
  input in matrix: state: C currentWindowPosition: 13 currentAminoAcid: R =&gt; 26
  input in matrix: state: C currentWindowPosition: 14 currentAminoAcid: R =&gt; 33
  input in matrix: state: C currentWindowPosition: 15 currentAminoAcid: R =&gt; 27
  input in matrix: state: C currentWindowPosition: 16 currentAminoAcid: R =&gt; 17
Process line: S	23	29	30	28	41	42	35	38	0	38	39	44	37	33	35	43	35
 data line!
  input in matrix: state: C currentWindowPosition: 0 currentAminoAcid: S =&gt; 23
  input in matrix: state: C currentWindowPosition: 1 currentAminoAcid: S =&gt; 29
  input in matrix: state: C currentWindowPosition: 2 currentAminoAcid: S =&gt; 30
  input in matrix: state: C currentWindowPosition: 3 currentAminoAcid: S =&gt; 28
  input in matrix: state: C currentWindowPosition: 4 currentAminoAcid: S =&gt; 41
  input in matrix: state: C currentWindowPosition: 5 currentAminoAcid: S =&gt; 42
  input in matrix: state: C currentWindowPosition: 6 currentAminoAcid: S =&gt; 35
  input in matrix: state: C currentWindowPosition: 7 currentAminoAcid: S =&gt; 38
  input in matrix: state: C currentWindowPosition: 8 currentAminoAcid: S =&gt; 0
  input in matrix: state: C currentWindowPosition: 9 currentAminoAcid: S =&gt; 38
  input in matrix: state: C currentWindowPosition: 10 currentAminoAcid: S =&gt; 39
  input in matrix: state: C currentWindowPosition: 11 currentAminoAcid: S =&gt; 44
  input in matrix: state: C currentWindowPosition: 12 currentAminoAcid: S =&gt; 37
  input in matrix: state: C currentWindowPosition: 13 currentAminoAcid: S =&gt; 33
  input in matrix: state: C currentWindowPosition: 14 currentAminoAcid: S =&gt; 35
  input in matrix: state: C currentWindowPosition: 15 currentAminoAcid: S =&gt; 43
  input in matrix: state: C currentWindowPosition: 16 currentAminoAcid: S =&gt; 35
Process line: T	31	27	36	23	25	22	27	31	0	29	30	30	26	31	21	34	16
 data line!
  input in matrix: state: C currentWindowPosition: 0 currentAminoAcid: T =&gt; 31
  input in matrix: state: C currentWindowPosition: 1 currentAminoAcid: T =&gt; 27
  input in matrix: state: C currentWindowPosition: 2 currentAminoAcid: T =&gt; 36
  input in matrix: state: C currentWindowPosition: 3 currentAminoAcid: T =&gt; 23
  input in matrix: state: C currentWindowPosition: 4 currentAminoAcid: T =&gt; 25
  input in matrix: state: C currentWindowPosition: 5 currentAminoAcid: T =&gt; 22
  input in matrix: state: C currentWindowPosition: 6 currentAminoAcid: T =&gt; 27
  input in matrix: state: C currentWindowPosition: 7 currentAminoAcid: T =&gt; 31
  input in matrix: state: C currentWindowPosition: 8 currentAminoAcid: T =&gt; 0
  input in matrix: state: C currentWindowPosition: 9 currentAminoAcid: T =&gt; 29
  input in matrix: state: C currentWindowPosition: 10 currentAminoAcid: T =&gt; 30
  input in matrix: state: C currentWindowPosition: 11 currentAminoAcid: T =&gt; 30
  input in matrix: state: C currentWindowPosition: 12 currentAminoAcid: T =&gt; 26
  input in matrix: state: C currentWindowPosition: 13 currentAminoAcid: T =&gt; 31
  input in matrix: state: C currentWindowPosition: 14 currentAminoAcid: T =&gt; 21
  input in matrix: state: C currentWindowPosition: 15 currentAminoAcid: T =&gt; 34
  input in matrix: state: C currentWindowPosition: 16 currentAminoAcid: T =&gt; 16
Process line: V	28	26	39	47	34	27	27	23	0	18	19	24	31	40	27	26	27
 data line!
  input in matrix: state: C currentWindowPosition: 0 currentAminoAcid: V =&gt; 28
  input in matrix: state: C currentWindowPosition: 1 currentAminoAcid: V =&gt; 26
  input in matrix: state: C currentWindowPosition: 2 currentAminoAcid: V =&gt; 39
  input in matrix: state: C currentWindowPosition: 3 currentAminoAcid: V =&gt; 47
  input in matrix: state: C currentWindowPosition: 4 currentAminoAcid: V =&gt; 34
  input in matrix: state: C currentWindowPosition: 5 currentAminoAcid: V =&gt; 27
  input in matrix: state: C currentWindowPosition: 6 currentAminoAcid: V =&gt; 27
  input in matrix: state: C currentWindowPosition: 7 currentAminoAcid: V =&gt; 23
  input in matrix: state: C currentWindowPosition: 8 currentAminoAcid: V =&gt; 0
  input in matrix: state: C currentWindowPosition: 9 currentAminoAcid: V =&gt; 18
  input in matrix: state: C currentWindowPosition: 10 currentAminoAcid: V =&gt; 19
  input in matrix: state: C currentWindowPosition: 11 currentAminoAcid: V =&gt; 24
  input in matrix: state: C currentWindowPosition: 12 currentAminoAcid: V =&gt; 31
  input in matrix: state: C currentWindowPosition: 13 currentAminoAcid: V =&gt; 40
  input in matrix: state: C currentWindowPosition: 14 currentAminoAcid: V =&gt; 27
  input in matrix: state: C currentWindowPosition: 15 currentAminoAcid: V =&gt; 26
  input in matrix: state: C currentWindowPosition: 16 currentAminoAcid: V =&gt; 27
Process line: W	4	6	6	8	13	4	9	8	0	3	6	4	10	3	11	8	8
 data line!
  input in matrix: state: C currentWindowPosition: 0 currentAminoAcid: W =&gt; 4
  input in matrix: state: C currentWindowPosition: 1 currentAminoAcid: W =&gt; 6
  input in matrix: state: C currentWindowPosition: 2 currentAminoAcid: W =&gt; 6
  input in matrix: state: C currentWindowPosition: 3 currentAminoAcid: W =&gt; 8
  input in matrix: state: C currentWindowPosition: 4 currentAminoAcid: W =&gt; 13
  input in matrix: state: C currentWindowPosition: 5 currentAminoAcid: W =&gt; 4
  input in matrix: state: C currentWindowPosition: 6 currentAminoAcid: W =&gt; 9
  input in matrix: state: C currentWindowPosition: 7 currentAminoAcid: W =&gt; 8
  input in matrix: state: C currentWindowPosition: 8 currentAminoAcid: W =&gt; 0
  input in matrix: state: C currentWindowPosition: 9 currentAminoAcid: W =&gt; 3
  input in matrix: state: C currentWindowPosition: 10 currentAminoAcid: W =&gt; 6
  input in matrix: state: C currentWindowPosition: 11 currentAminoAcid: W =&gt; 4
  input in matrix: state: C currentWindowPosition: 12 currentAminoAcid: W =&gt; 10
  input in matrix: state: C currentWindowPosition: 13 currentAminoAcid: W =&gt; 3
  input in matrix: state: C currentWindowPosition: 14 currentAminoAcid: W =&gt; 11
  input in matrix: state: C currentWindowPosition: 15 currentAminoAcid: W =&gt; 8
  input in matrix: state: C currentWindowPosition: 16 currentAminoAcid: W =&gt; 8
Process line: Y	20	21	18	15	26	21	17	13	0	8	23	10	19	15	20	12	16
 data line!
  input in matrix: state: C currentWindowPosition: 0 currentAminoAcid: Y =&gt; 20
  input in matrix: state: C currentWindowPosition: 1 currentAminoAcid: Y =&gt; 21
  input in matrix: state: C currentWindowPosition: 2 currentAminoAcid: Y =&gt; 18
  input in matrix: state: C currentWindowPosition: 3 currentAminoAcid: Y =&gt; 15
  input in matrix: state: C currentWindowPosition: 4 currentAminoAcid: Y =&gt; 26
  input in matrix: state: C currentWindowPosition: 5 currentAminoAcid: Y =&gt; 21
  input in matrix: state: C currentWindowPosition: 6 currentAminoAcid: Y =&gt; 17
  input in matrix: state: C currentWindowPosition: 7 currentAminoAcid: Y =&gt; 13
  input in matrix: state: C currentWindowPosition: 8 currentAminoAcid: Y =&gt; 0
  input in matrix: state: C currentWindowPosition: 9 currentAminoAcid: Y =&gt; 8
  input in matrix: state: C currentWindowPosition: 10 currentAminoAcid: Y =&gt; 23
  input in matrix: state: C currentWindowPosition: 11 currentAminoAcid: Y =&gt; 10
  input in matrix: state: C currentWindowPosition: 12 currentAminoAcid: Y =&gt; 19
  input in matrix: state: C currentWindowPosition: 13 currentAminoAcid: Y =&gt; 15
  input in matrix: state: C currentWindowPosition: 14 currentAminoAcid: Y =&gt; 20
  input in matrix: state: C currentWindowPosition: 15 currentAminoAcid: Y =&gt; 12
  input in matrix: state: C currentWindowPosition: 16 currentAminoAcid: Y =&gt; 16
Process line: 
 Skip line!
Process line: 
 Skip line!
Process line: =C,E=
 state line! (now in state: E)
Process line: 
 Skip line!
Process line: A	35	29	30	24	18	28	19	24	0	25	22	25	24	22	22	19	33
 data line!
  input in matrix: state: E currentWindowPosition: 0 currentAminoAcid: A =&gt; 35
  input in matrix: state: E currentWindowPosition: 1 currentAminoAcid: A =&gt; 29
  input in matrix: state: E currentWindowPosition: 2 currentAminoAcid: A =&gt; 30
  input in matrix: state: E currentWindowPosition: 3 currentAminoAcid: A =&gt; 24
  input in matrix: state: E currentWindowPosition: 4 currentAminoAcid: A =&gt; 18
  input in matrix: state: E currentWindowPosition: 5 currentAminoAcid: A =&gt; 28
  input in matrix: state: E currentWindowPosition: 6 currentAminoAcid: A =&gt; 19
  input in matrix: state: E currentWindowPosition: 7 currentAminoAcid: A =&gt; 24
  input in matrix: state: E currentWindowPosition: 8 currentAminoAcid: A =&gt; 0
  input in matrix: state: E currentWindowPosition: 9 currentAminoAcid: A =&gt; 25
  input in matrix: state: E currentWindowPosition: 10 currentAminoAcid: A =&gt; 22
  input in matrix: state: E currentWindowPosition: 11 currentAminoAcid: A =&gt; 25
  input in matrix: state: E currentWindowPosition: 12 currentAminoAcid: A =&gt; 24
  input in matrix: state: E currentWindowPosition: 13 currentAminoAcid: A =&gt; 22
  input in matrix: state: E currentWindowPosition: 14 currentAminoAcid: A =&gt; 22
  input in matrix: state: E currentWindowPosition: 15 currentAminoAcid: A =&gt; 19
  input in matrix: state: E currentWindowPosition: 16 currentAminoAcid: A =&gt; 33
Process line: C	10	17	20	13	11	7	10	13	367	10	11	5	10	11	8	19	9
 data line!
  input in matrix: state: E currentWindowPosition: 0 currentAminoAcid: C =&gt; 10
  input in matrix: state: E currentWindowPosition: 1 currentAminoAcid: C =&gt; 17
  input in matrix: state: E currentWindowPosition: 2 currentAminoAcid: C =&gt; 20
  input in matrix: state: E currentWindowPosition: 3 currentAminoAcid: C =&gt; 13
  input in matrix: state: E currentWindowPosition: 4 currentAminoAcid: C =&gt; 11
  input in matrix: state: E currentWindowPosition: 5 currentAminoAcid: C =&gt; 7
  input in matrix: state: E currentWindowPosition: 6 currentAminoAcid: C =&gt; 10
  input in matrix: state: E currentWindowPosition: 7 currentAminoAcid: C =&gt; 13
  input in matrix: state: E currentWindowPosition: 8 currentAminoAcid: C =&gt; 367
  input in matrix: state: E currentWindowPosition: 9 currentAminoAcid: C =&gt; 10
  input in matrix: state: E currentWindowPosition: 10 currentAminoAcid: C =&gt; 11
  input in matrix: state: E currentWindowPosition: 11 currentAminoAcid: C =&gt; 5
  input in matrix: state: E currentWindowPosition: 12 currentAminoAcid: C =&gt; 10
  input in matrix: state: E currentWindowPosition: 13 currentAminoAcid: C =&gt; 11
  input in matrix: state: E currentWindowPosition: 14 currentAminoAcid: C =&gt; 8
  input in matrix: state: E currentWindowPosition: 15 currentAminoAcid: C =&gt; 19
  input in matrix: state: E currentWindowPosition: 16 currentAminoAcid: C =&gt; 9
Process line: D	15	25	25	22	21	23	11	9	0	14	19	20	28	32	30	23	16
 data line!
  input in matrix: state: E currentWindowPosition: 0 currentAminoAcid: D =&gt; 15
  input in matrix: state: E currentWindowPosition: 1 currentAminoAcid: D =&gt; 25
  input in matrix: state: E currentWindowPosition: 2 currentAminoAcid: D =&gt; 25
  input in matrix: state: E currentWindowPosition: 3 currentAminoAcid: D =&gt; 22
  input in matrix: state: E currentWindowPosition: 4 currentAminoAcid: D =&gt; 21
  input in matrix: state: E currentWindowPosition: 5 currentAminoAcid: D =&gt; 23
  input in matrix: state: E currentWindowPosition: 6 currentAminoAcid: D =&gt; 11
  input in matrix: state: E currentWindowPosition: 7 currentAminoAcid: D =&gt; 9
  input in matrix: state: E currentWindowPosition: 8 currentAminoAcid: D =&gt; 0
  input in matrix: state: E currentWindowPosition: 9 currentAminoAcid: D =&gt; 14
  input in matrix: state: E currentWindowPosition: 10 currentAminoAcid: D =&gt; 19
  input in matrix: state: E currentWindowPosition: 11 currentAminoAcid: D =&gt; 20
  input in matrix: state: E currentWindowPosition: 12 currentAminoAcid: D =&gt; 28
  input in matrix: state: E currentWindowPosition: 13 currentAminoAcid: D =&gt; 32
  input in matrix: state: E currentWindowPosition: 14 currentAminoAcid: D =&gt; 30
  input in matrix: state: E currentWindowPosition: 15 currentAminoAcid: D =&gt; 23
  input in matrix: state: E currentWindowPosition: 16 currentAminoAcid: D =&gt; 16
Process line: E	16	27	24	15	20	16	15	15	0	20	15	17	17	20	22	22	25
 data line!
  input in matrix: state: E currentWindowPosition: 0 currentAminoAcid: E =&gt; 16
  input in matrix: state: E currentWindowPosition: 1 currentAminoAcid: E =&gt; 27
  input in matrix: state: E currentWindowPosition: 2 currentAminoAcid: E =&gt; 24
  input in matrix: state: E currentWindowPosition: 3 currentAminoAcid: E =&gt; 15
  input in matrix: state: E currentWindowPosition: 4 currentAminoAcid: E =&gt; 20
  input in matrix: state: E currentWindowPosition: 5 currentAminoAcid: E =&gt; 16
  input in matrix: state: E currentWindowPosition: 6 currentAminoAcid: E =&gt; 15
  input in matrix: state: E currentWindowPosition: 7 currentAminoAcid: E =&gt; 15
  input in matrix: state: E currentWindowPosition: 8 currentAminoAcid: E =&gt; 0
  input in matrix: state: E currentWindowPosition: 9 currentAminoAcid: E =&gt; 20
  input in matrix: state: E currentWindowPosition: 10 currentAminoAcid: E =&gt; 15
  input in matrix: state: E currentWindowPosition: 11 currentAminoAcid: E =&gt; 17
  input in matrix: state: E currentWindowPosition: 12 currentAminoAcid: E =&gt; 17
  input in matrix: state: E currentWindowPosition: 13 currentAminoAcid: E =&gt; 20
  input in matrix: state: E currentWindowPosition: 14 currentAminoAcid: E =&gt; 22
  input in matrix: state: E currentWindowPosition: 15 currentAminoAcid: E =&gt; 22
  input in matrix: state: E currentWindowPosition: 16 currentAminoAcid: E =&gt; 25
Process line: F	12	12	5	13	5	10	13	11	0	13	17	17	7	9	12	6	17
 data line!
  input in matrix: state: E currentWindowPosition: 0 currentAminoAcid: F =&gt; 12
  input in matrix: state: E currentWindowPosition: 1 currentAminoAcid: F =&gt; 12
  input in matrix: state: E currentWindowPosition: 2 currentAminoAcid: F =&gt; 5
  input in matrix: state: E currentWindowPosition: 3 currentAminoAcid: F =&gt; 13
  input in matrix: state: E currentWindowPosition: 4 currentAminoAcid: F =&gt; 5
  input in matrix: state: E currentWindowPosition: 5 currentAminoAcid: F =&gt; 10
  input in matrix: state: E currentWindowPosition: 6 currentAminoAcid: F =&gt; 13
  input in matrix: state: E currentWindowPosition: 7 currentAminoAcid: F =&gt; 11
  input in matrix: state: E currentWindowPosition: 8 currentAminoAcid: F =&gt; 0
  input in matrix: state: E currentWindowPosition: 9 currentAminoAcid: F =&gt; 13
  input in matrix: state: E currentWindowPosition: 10 currentAminoAcid: F =&gt; 17
  input in matrix: state: E currentWindowPosition: 11 currentAminoAcid: F =&gt; 17
  input in matrix: state: E currentWindowPosition: 12 currentAminoAcid: F =&gt; 7
  input in matrix: state: E currentWindowPosition: 13 currentAminoAcid: F =&gt; 9
  input in matrix: state: E currentWindowPosition: 14 currentAminoAcid: F =&gt; 12
  input in matrix: state: E currentWindowPosition: 15 currentAminoAcid: F =&gt; 6
  input in matrix: state: E currentWindowPosition: 16 currentAminoAcid: F =&gt; 17
Process line: G	30	34	27	46	46	46	46	21	0	25	35	37	44	51	38	30	42
 data line!
  input in matrix: state: E currentWindowPosition: 0 currentAminoAcid: G =&gt; 30
  input in matrix: state: E currentWindowPosition: 1 currentAminoAcid: G =&gt; 34
  input in matrix: state: E currentWindowPosition: 2 currentAminoAcid: G =&gt; 27
  input in matrix: state: E currentWindowPosition: 3 currentAminoAcid: G =&gt; 46
  input in matrix: state: E currentWindowPosition: 4 currentAminoAcid: G =&gt; 46
  input in matrix: state: E currentWindowPosition: 5 currentAminoAcid: G =&gt; 46
  input in matrix: state: E currentWindowPosition: 6 currentAminoAcid: G =&gt; 46
  input in matrix: state: E currentWindowPosition: 7 currentAminoAcid: G =&gt; 21
  input in matrix: state: E currentWindowPosition: 8 currentAminoAcid: G =&gt; 0
  input in matrix: state: E currentWindowPosition: 9 currentAminoAcid: G =&gt; 25
  input in matrix: state: E currentWindowPosition: 10 currentAminoAcid: G =&gt; 35
  input in matrix: state: E currentWindowPosition: 11 currentAminoAcid: G =&gt; 37
  input in matrix: state: E currentWindowPosition: 12 currentAminoAcid: G =&gt; 44
  input in matrix: state: E currentWindowPosition: 13 currentAminoAcid: G =&gt; 51
  input in matrix: state: E currentWindowPosition: 14 currentAminoAcid: G =&gt; 38
  input in matrix: state: E currentWindowPosition: 15 currentAminoAcid: G =&gt; 30
  input in matrix: state: E currentWindowPosition: 16 currentAminoAcid: G =&gt; 42
Process line: H	10	7	10	7	8	9	6	13	0	8	7	9	12	8	7	9	9
 data line!
  input in matrix: state: E currentWindowPosition: 0 currentAminoAcid: H =&gt; 10
  input in matrix: state: E currentWindowPosition: 1 currentAminoAcid: H =&gt; 7
  input in matrix: state: E currentWindowPosition: 2 currentAminoAcid: H =&gt; 10
  input in matrix: state: E currentWindowPosition: 3 currentAminoAcid: H =&gt; 7
  input in matrix: state: E currentWindowPosition: 4 currentAminoAcid: H =&gt; 8
  input in matrix: state: E currentWindowPosition: 5 currentAminoAcid: H =&gt; 9
  input in matrix: state: E currentWindowPosition: 6 currentAminoAcid: H =&gt; 6
  input in matrix: state: E currentWindowPosition: 7 currentAminoAcid: H =&gt; 13
  input in matrix: state: E currentWindowPosition: 8 currentAminoAcid: H =&gt; 0
  input in matrix: state: E currentWindowPosition: 9 currentAminoAcid: H =&gt; 8
  input in matrix: state: E currentWindowPosition: 10 currentAminoAcid: H =&gt; 7
  input in matrix: state: E currentWindowPosition: 11 currentAminoAcid: H =&gt; 9
  input in matrix: state: E currentWindowPosition: 12 currentAminoAcid: H =&gt; 12
  input in matrix: state: E currentWindowPosition: 13 currentAminoAcid: H =&gt; 8
  input in matrix: state: E currentWindowPosition: 14 currentAminoAcid: H =&gt; 7
  input in matrix: state: E currentWindowPosition: 15 currentAminoAcid: H =&gt; 9
  input in matrix: state: E currentWindowPosition: 16 currentAminoAcid: H =&gt; 9
Process line: I	12	14	11	18	23	15	21	26	0	22	20	18	14	14	20	13	13
 data line!
  input in matrix: state: E currentWindowPosition: 0 currentAminoAcid: I =&gt; 12
  input in matrix: state: E currentWindowPosition: 1 currentAminoAcid: I =&gt; 14
  input in matrix: state: E currentWindowPosition: 2 currentAminoAcid: I =&gt; 11
  input in matrix: state: E currentWindowPosition: 3 currentAminoAcid: I =&gt; 18
  input in matrix: state: E currentWindowPosition: 4 currentAminoAcid: I =&gt; 23
  input in matrix: state: E currentWindowPosition: 5 currentAminoAcid: I =&gt; 15
  input in matrix: state: E currentWindowPosition: 6 currentAminoAcid: I =&gt; 21
  input in matrix: state: E currentWindowPosition: 7 currentAminoAcid: I =&gt; 26
  input in matrix: state: E currentWindowPosition: 8 currentAminoAcid: I =&gt; 0
  input in matrix: state: E currentWindowPosition: 9 currentAminoAcid: I =&gt; 22
  input in matrix: state: E currentWindowPosition: 10 currentAminoAcid: I =&gt; 20
  input in matrix: state: E currentWindowPosition: 11 currentAminoAcid: I =&gt; 18
  input in matrix: state: E currentWindowPosition: 12 currentAminoAcid: I =&gt; 14
  input in matrix: state: E currentWindowPosition: 13 currentAminoAcid: I =&gt; 14
  input in matrix: state: E currentWindowPosition: 14 currentAminoAcid: I =&gt; 20
  input in matrix: state: E currentWindowPosition: 15 currentAminoAcid: I =&gt; 13
  input in matrix: state: E currentWindowPosition: 16 currentAminoAcid: I =&gt; 13
Process line: K	27	12	28	18	23	24	17	22	0	15	14	23	24	12	25	20	24
 data line!
  input in matrix: state: E currentWindowPosition: 0 currentAminoAcid: K =&gt; 27
  input in matrix: state: E currentWindowPosition: 1 currentAminoAcid: K =&gt; 12
  input in matrix: state: E currentWindowPosition: 2 currentAminoAcid: K =&gt; 28
  input in matrix: state: E currentWindowPosition: 3 currentAminoAcid: K =&gt; 18
  input in matrix: state: E currentWindowPosition: 4 currentAminoAcid: K =&gt; 23
  input in matrix: state: E currentWindowPosition: 5 currentAminoAcid: K =&gt; 24
  input in matrix: state: E currentWindowPosition: 6 currentAminoAcid: K =&gt; 17
  input in matrix: state: E currentWindowPosition: 7 currentAminoAcid: K =&gt; 22
  input in matrix: state: E currentWindowPosition: 8 currentAminoAcid: K =&gt; 0
  input in matrix: state: E currentWindowPosition: 9 currentAminoAcid: K =&gt; 15
  input in matrix: state: E currentWindowPosition: 10 currentAminoAcid: K =&gt; 14
  input in matrix: state: E currentWindowPosition: 11 currentAminoAcid: K =&gt; 23
  input in matrix: state: E currentWindowPosition: 12 currentAminoAcid: K =&gt; 24
  input in matrix: state: E currentWindowPosition: 13 currentAminoAcid: K =&gt; 12
  input in matrix: state: E currentWindowPosition: 14 currentAminoAcid: K =&gt; 25
  input in matrix: state: E currentWindowPosition: 15 currentAminoAcid: K =&gt; 20
  input in matrix: state: E currentWindowPosition: 16 currentAminoAcid: K =&gt; 24
Process line: L	23	27	17	28	24	17	36	36	0	29	42	22	24	24	14	26	23
 data line!
  input in matrix: state: E currentWindowPosition: 0 currentAminoAcid: L =&gt; 23
  input in matrix: state: E currentWindowPosition: 1 currentAminoAcid: L =&gt; 27
  input in matrix: state: E currentWindowPosition: 2 currentAminoAcid: L =&gt; 17
  input in matrix: state: E currentWindowPosition: 3 currentAminoAcid: L =&gt; 28
  input in matrix: state: E currentWindowPosition: 4 currentAminoAcid: L =&gt; 24
  input in matrix: state: E currentWindowPosition: 5 currentAminoAcid: L =&gt; 17
  input in matrix: state: E currentWindowPosition: 6 currentAminoAcid: L =&gt; 36
  input in matrix: state: E currentWindowPosition: 7 currentAminoAcid: L =&gt; 36
  input in matrix: state: E currentWindowPosition: 8 currentAminoAcid: L =&gt; 0
  input in matrix: state: E currentWindowPosition: 9 currentAminoAcid: L =&gt; 29
  input in matrix: state: E currentWindowPosition: 10 currentAminoAcid: L =&gt; 42
  input in matrix: state: E currentWindowPosition: 11 currentAminoAcid: L =&gt; 22
  input in matrix: state: E currentWindowPosition: 12 currentAminoAcid: L =&gt; 24
  input in matrix: state: E currentWindowPosition: 13 currentAminoAcid: L =&gt; 24
  input in matrix: state: E currentWindowPosition: 14 currentAminoAcid: L =&gt; 14
  input in matrix: state: E currentWindowPosition: 15 currentAminoAcid: L =&gt; 26
  input in matrix: state: E currentWindowPosition: 16 currentAminoAcid: L =&gt; 23
Process line: M	7	6	6	3	9	3	7	6	0	8	8	8	9	6	3	4	7
 data line!
  input in matrix: state: E currentWindowPosition: 0 currentAminoAcid: M =&gt; 7
  input in matrix: state: E currentWindowPosition: 1 currentAminoAcid: M =&gt; 6
  input in matrix: state: E currentWindowPosition: 2 currentAminoAcid: M =&gt; 6
  input in matrix: state: E currentWindowPosition: 3 currentAminoAcid: M =&gt; 3
  input in matrix: state: E currentWindowPosition: 4 currentAminoAcid: M =&gt; 9
  input in matrix: state: E currentWindowPosition: 5 currentAminoAcid: M =&gt; 3
  input in matrix: state: E currentWindowPosition: 6 currentAminoAcid: M =&gt; 7
  input in matrix: state: E currentWindowPosition: 7 currentAminoAcid: M =&gt; 6
  input in matrix: state: E currentWindowPosition: 8 currentAminoAcid: M =&gt; 0
  input in matrix: state: E currentWindowPosition: 9 currentAminoAcid: M =&gt; 8
  input in matrix: state: E currentWindowPosition: 10 currentAminoAcid: M =&gt; 8
  input in matrix: state: E currentWindowPosition: 11 currentAminoAcid: M =&gt; 8
  input in matrix: state: E currentWindowPosition: 12 currentAminoAcid: M =&gt; 9
  input in matrix: state: E currentWindowPosition: 13 currentAminoAcid: M =&gt; 6
  input in matrix: state: E currentWindowPosition: 14 currentAminoAcid: M =&gt; 3
  input in matrix: state: E currentWindowPosition: 15 currentAminoAcid: M =&gt; 4
  input in matrix: state: E currentWindowPosition: 16 currentAminoAcid: M =&gt; 7
Process line: N	26	18	22	20	26	21	22	16	0	10	12	21	22	17	19	16	15
 data line!
  input in matrix: state: E currentWindowPosition: 0 currentAminoAcid: N =&gt; 26
  input in matrix: state: E currentWindowPosition: 1 currentAminoAcid: N =&gt; 18
  input in matrix: state: E currentWindowPosition: 2 currentAminoAcid: N =&gt; 22
  input in matrix: state: E currentWindowPosition: 3 currentAminoAcid: N =&gt; 20
  input in matrix: state: E currentWindowPosition: 4 currentAminoAcid: N =&gt; 26
  input in matrix: state: E currentWindowPosition: 5 currentAminoAcid: N =&gt; 21
  input in matrix: state: E currentWindowPosition: 6 currentAminoAcid: N =&gt; 22
  input in matrix: state: E currentWindowPosition: 7 currentAminoAcid: N =&gt; 16
  input in matrix: state: E currentWindowPosition: 8 currentAminoAcid: N =&gt; 0
  input in matrix: state: E currentWindowPosition: 9 currentAminoAcid: N =&gt; 10
  input in matrix: state: E currentWindowPosition: 10 currentAminoAcid: N =&gt; 12
  input in matrix: state: E currentWindowPosition: 11 currentAminoAcid: N =&gt; 21
  input in matrix: state: E currentWindowPosition: 12 currentAminoAcid: N =&gt; 22
  input in matrix: state: E currentWindowPosition: 13 currentAminoAcid: N =&gt; 17
  input in matrix: state: E currentWindowPosition: 14 currentAminoAcid: N =&gt; 19
  input in matrix: state: E currentWindowPosition: 15 currentAminoAcid: N =&gt; 16
  input in matrix: state: E currentWindowPosition: 16 currentAminoAcid: N =&gt; 15
Process line: P	18	18	17	14	17	12	13	11	0	8	13	18	25	26	18	21	14
 data line!
  input in matrix: state: E currentWindowPosition: 0 currentAminoAcid: P =&gt; 18
  input in matrix: state: E currentWindowPosition: 1 currentAminoAcid: P =&gt; 18
  input in matrix: state: E currentWindowPosition: 2 currentAminoAcid: P =&gt; 17
  input in matrix: state: E currentWindowPosition: 3 currentAminoAcid: P =&gt; 14
  input in matrix: state: E currentWindowPosition: 4 currentAminoAcid: P =&gt; 17
  input in matrix: state: E currentWindowPosition: 5 currentAminoAcid: P =&gt; 12
  input in matrix: state: E currentWindowPosition: 6 currentAminoAcid: P =&gt; 13
  input in matrix: state: E currentWindowPosition: 7 currentAminoAcid: P =&gt; 11
  input in matrix: state: E currentWindowPosition: 8 currentAminoAcid: P =&gt; 0
  input in matrix: state: E currentWindowPosition: 9 currentAminoAcid: P =&gt; 8
  input in matrix: state: E currentWindowPosition: 10 currentAminoAcid: P =&gt; 13
  input in matrix: state: E currentWindowPosition: 11 currentAminoAcid: P =&gt; 18
  input in matrix: state: E currentWindowPosition: 12 currentAminoAcid: P =&gt; 25
  input in matrix: state: E currentWindowPosition: 13 currentAminoAcid: P =&gt; 26
  input in matrix: state: E currentWindowPosition: 14 currentAminoAcid: P =&gt; 18
  input in matrix: state: E currentWindowPosition: 15 currentAminoAcid: P =&gt; 21
  input in matrix: state: E currentWindowPosition: 16 currentAminoAcid: P =&gt; 14
Process line: Q	12	9	15	12	8	10	11	10	0	17	13	15	16	9	9	15	16
 data line!
  input in matrix: state: E currentWindowPosition: 0 currentAminoAcid: Q =&gt; 12
  input in matrix: state: E currentWindowPosition: 1 currentAminoAcid: Q =&gt; 9
  input in matrix: state: E currentWindowPosition: 2 currentAminoAcid: Q =&gt; 15
  input in matrix: state: E currentWindowPosition: 3 currentAminoAcid: Q =&gt; 12
  input in matrix: state: E currentWindowPosition: 4 currentAminoAcid: Q =&gt; 8
  input in matrix: state: E currentWindowPosition: 5 currentAminoAcid: Q =&gt; 10
  input in matrix: state: E currentWindowPosition: 6 currentAminoAcid: Q =&gt; 11
  input in matrix: state: E currentWindowPosition: 7 currentAminoAcid: Q =&gt; 10
  input in matrix: state: E currentWindowPosition: 8 currentAminoAcid: Q =&gt; 0
  input in matrix: state: E currentWindowPosition: 9 currentAminoAcid: Q =&gt; 17
  input in matrix: state: E currentWindowPosition: 10 currentAminoAcid: Q =&gt; 13
  input in matrix: state: E currentWindowPosition: 11 currentAminoAcid: Q =&gt; 15
  input in matrix: state: E currentWindowPosition: 12 currentAminoAcid: Q =&gt; 16
  input in matrix: state: E currentWindowPosition: 13 currentAminoAcid: Q =&gt; 9
  input in matrix: state: E currentWindowPosition: 14 currentAminoAcid: Q =&gt; 9
  input in matrix: state: E currentWindowPosition: 15 currentAminoAcid: Q =&gt; 15
  input in matrix: state: E currentWindowPosition: 16 currentAminoAcid: Q =&gt; 16
Process line: R	19	18	16	19	20	21	6	16	0	23	16	9	12	11	11	24	11
 data line!
  input in matrix: state: E currentWindowPosition: 0 currentAminoAcid: R =&gt; 19
  input in matrix: state: E currentWindowPosition: 1 currentAminoAcid: R =&gt; 18
  input in matrix: state: E currentWindowPosition: 2 currentAminoAcid: R =&gt; 16
  input in matrix: state: E currentWindowPosition: 3 currentAminoAcid: R =&gt; 19
  input in matrix: state: E currentWindowPosition: 4 currentAminoAcid: R =&gt; 20
  input in matrix: state: E currentWindowPosition: 5 currentAminoAcid: R =&gt; 21
  input in matrix: state: E currentWindowPosition: 6 currentAminoAcid: R =&gt; 6
  input in matrix: state: E currentWindowPosition: 7 currentAminoAcid: R =&gt; 16
  input in matrix: state: E currentWindowPosition: 8 currentAminoAcid: R =&gt; 0
  input in matrix: state: E currentWindowPosition: 9 currentAminoAcid: R =&gt; 23
  input in matrix: state: E currentWindowPosition: 10 currentAminoAcid: R =&gt; 16
  input in matrix: state: E currentWindowPosition: 11 currentAminoAcid: R =&gt; 9
  input in matrix: state: E currentWindowPosition: 12 currentAminoAcid: R =&gt; 12
  input in matrix: state: E currentWindowPosition: 13 currentAminoAcid: R =&gt; 11
  input in matrix: state: E currentWindowPosition: 14 currentAminoAcid: R =&gt; 11
  input in matrix: state: E currentWindowPosition: 15 currentAminoAcid: R =&gt; 24
  input in matrix: state: E currentWindowPosition: 16 currentAminoAcid: R =&gt; 11
Process line: S	26	26	29	34	21	27	23	33	0	34	27	27	27	36	28	32	36
 data line!
  input in matrix: state: E currentWindowPosition: 0 currentAminoAcid: S =&gt; 26
  input in matrix: state: E currentWindowPosition: 1 currentAminoAcid: S =&gt; 26
  input in matrix: state: E currentWindowPosition: 2 currentAminoAcid: S =&gt; 29
  input in matrix: state: E currentWindowPosition: 3 currentAminoAcid: S =&gt; 34
  input in matrix: state: E currentWindowPosition: 4 currentAminoAcid: S =&gt; 21
  input in matrix: state: E currentWindowPosition: 5 currentAminoAcid: S =&gt; 27
  input in matrix: state: E currentWindowPosition: 6 currentAminoAcid: S =&gt; 23
  input in matrix: state: E currentWindowPosition: 7 currentAminoAcid: S =&gt; 33
  input in matrix: state: E currentWindowPosition: 8 currentAminoAcid: S =&gt; 0
  input in matrix: state: E currentWindowPosition: 9 currentAminoAcid: S =&gt; 34
  input in matrix: state: E currentWindowPosition: 10 currentAminoAcid: S =&gt; 27
  input in matrix: state: E currentWindowPosition: 11 currentAminoAcid: S =&gt; 27
  input in matrix: state: E currentWindowPosition: 12 currentAminoAcid: S =&gt; 27
  input in matrix: state: E currentWindowPosition: 13 currentAminoAcid: S =&gt; 36
  input in matrix: state: E currentWindowPosition: 14 currentAminoAcid: S =&gt; 28
  input in matrix: state: E currentWindowPosition: 15 currentAminoAcid: S =&gt; 32
  input in matrix: state: E currentWindowPosition: 16 currentAminoAcid: S =&gt; 36
Process line: T	23	27	29	23	17	22	29	36	0	25	21	22	18	25	30	19	21
 data line!
  input in matrix: state: E currentWindowPosition: 0 currentAminoAcid: T =&gt; 23
  input in matrix: state: E currentWindowPosition: 1 currentAminoAcid: T =&gt; 27
  input in matrix: state: E currentWindowPosition: 2 currentAminoAcid: T =&gt; 29
  input in matrix: state: E currentWindowPosition: 3 currentAminoAcid: T =&gt; 23
  input in matrix: state: E currentWindowPosition: 4 currentAminoAcid: T =&gt; 17
  input in matrix: state: E currentWindowPosition: 5 currentAminoAcid: T =&gt; 22
  input in matrix: state: E currentWindowPosition: 6 currentAminoAcid: T =&gt; 29
  input in matrix: state: E currentWindowPosition: 7 currentAminoAcid: T =&gt; 36
  input in matrix: state: E currentWindowPosition: 8 currentAminoAcid: T =&gt; 0
  input in matrix: state: E currentWindowPosition: 9 currentAminoAcid: T =&gt; 25
  input in matrix: state: E currentWindowPosition: 10 currentAminoAcid: T =&gt; 21
  input in matrix: state: E currentWindowPosition: 11 currentAminoAcid: T =&gt; 22
  input in matrix: state: E currentWindowPosition: 12 currentAminoAcid: T =&gt; 18
  input in matrix: state: E currentWindowPosition: 13 currentAminoAcid: T =&gt; 25
  input in matrix: state: E currentWindowPosition: 14 currentAminoAcid: T =&gt; 30
  input in matrix: state: E currentWindowPosition: 15 currentAminoAcid: T =&gt; 19
  input in matrix: state: E currentWindowPosition: 16 currentAminoAcid: T =&gt; 21
Process line: V	21	27	23	21	22	27	42	25	0	35	36	28	14	19	20	31	24
 data line!
  input in matrix: state: E currentWindowPosition: 0 currentAminoAcid: V =&gt; 21
  input in matrix: state: E currentWindowPosition: 1 currentAminoAcid: V =&gt; 27
  input in matrix: state: E currentWindowPosition: 2 currentAminoAcid: V =&gt; 23
  input in matrix: state: E currentWindowPosition: 3 currentAminoAcid: V =&gt; 21
  input in matrix: state: E currentWindowPosition: 4 currentAminoAcid: V =&gt; 22
  input in matrix: state: E currentWindowPosition: 5 currentAminoAcid: V =&gt; 27
  input in matrix: state: E currentWindowPosition: 6 currentAminoAcid: V =&gt; 42
  input in matrix: state: E currentWindowPosition: 7 currentAminoAcid: V =&gt; 25
  input in matrix: state: E currentWindowPosition: 8 currentAminoAcid: V =&gt; 0
  input in matrix: state: E currentWindowPosition: 9 currentAminoAcid: V =&gt; 35
  input in matrix: state: E currentWindowPosition: 10 currentAminoAcid: V =&gt; 36
  input in matrix: state: E currentWindowPosition: 11 currentAminoAcid: V =&gt; 28
  input in matrix: state: E currentWindowPosition: 12 currentAminoAcid: V =&gt; 14
  input in matrix: state: E currentWindowPosition: 13 currentAminoAcid: V =&gt; 19
  input in matrix: state: E currentWindowPosition: 14 currentAminoAcid: V =&gt; 20
  input in matrix: state: E currentWindowPosition: 15 currentAminoAcid: V =&gt; 31
  input in matrix: state: E currentWindowPosition: 16 currentAminoAcid: V =&gt; 24
Process line: W	3	4	0	2	10	11	4	4	0	8	5	12	5	5	5	7	3
 data line!
  input in matrix: state: E currentWindowPosition: 0 currentAminoAcid: W =&gt; 3
  input in matrix: state: E currentWindowPosition: 1 currentAminoAcid: W =&gt; 4
  input in matrix: state: E currentWindowPosition: 2 currentAminoAcid: W =&gt; 0
  input in matrix: state: E currentWindowPosition: 3 currentAminoAcid: W =&gt; 2
  input in matrix: state: E currentWindowPosition: 4 currentAminoAcid: W =&gt; 10
  input in matrix: state: E currentWindowPosition: 5 currentAminoAcid: W =&gt; 11
  input in matrix: state: E currentWindowPosition: 6 currentAminoAcid: W =&gt; 4
  input in matrix: state: E currentWindowPosition: 7 currentAminoAcid: W =&gt; 4
  input in matrix: state: E currentWindowPosition: 8 currentAminoAcid: W =&gt; 0
  input in matrix: state: E currentWindowPosition: 9 currentAminoAcid: W =&gt; 8
  input in matrix: state: E currentWindowPosition: 10 currentAminoAcid: W =&gt; 5
  input in matrix: state: E currentWindowPosition: 11 currentAminoAcid: W =&gt; 12
  input in matrix: state: E currentWindowPosition: 12 currentAminoAcid: W =&gt; 5
  input in matrix: state: E currentWindowPosition: 13 currentAminoAcid: W =&gt; 5
  input in matrix: state: E currentWindowPosition: 14 currentAminoAcid: W =&gt; 5
  input in matrix: state: E currentWindowPosition: 15 currentAminoAcid: W =&gt; 7
  input in matrix: state: E currentWindowPosition: 16 currentAminoAcid: W =&gt; 3
Process line: Y	22	10	13	15	17	18	16	19	0	18	14	14	15	9	26	11	9
 data line!
  input in matrix: state: E currentWindowPosition: 0 currentAminoAcid: Y =&gt; 22
  input in matrix: state: E currentWindowPosition: 1 currentAminoAcid: Y =&gt; 10
  input in matrix: state: E currentWindowPosition: 2 currentAminoAcid: Y =&gt; 13
  input in matrix: state: E currentWindowPosition: 3 currentAminoAcid: Y =&gt; 15
  input in matrix: state: E currentWindowPosition: 4 currentAminoAcid: Y =&gt; 17
  input in matrix: state: E currentWindowPosition: 5 currentAminoAcid: Y =&gt; 18
  input in matrix: state: E currentWindowPosition: 6 currentAminoAcid: Y =&gt; 16
  input in matrix: state: E currentWindowPosition: 7 currentAminoAcid: Y =&gt; 19
  input in matrix: state: E currentWindowPosition: 8 currentAminoAcid: Y =&gt; 0
  input in matrix: state: E currentWindowPosition: 9 currentAminoAcid: Y =&gt; 18
  input in matrix: state: E currentWindowPosition: 10 currentAminoAcid: Y =&gt; 14
  input in matrix: state: E currentWindowPosition: 11 currentAminoAcid: Y =&gt; 14
  input in matrix: state: E currentWindowPosition: 12 currentAminoAcid: Y =&gt; 15
  input in matrix: state: E currentWindowPosition: 13 currentAminoAcid: Y =&gt; 9
  input in matrix: state: E currentWindowPosition: 14 currentAminoAcid: Y =&gt; 26
  input in matrix: state: E currentWindowPosition: 15 currentAminoAcid: Y =&gt; 11
  input in matrix: state: E currentWindowPosition: 16 currentAminoAcid: Y =&gt; 9
Process line: 
 Skip line!
Process line: 
 Skip line!
Process line: =C,H=
 state line! (now in state: H)
Process line: 
 Skip line!
Process line: A	29	29	47	29	34	41	44	38	0	25	36	38	37	28	27	26	33
 data line!
  input in matrix: state: H currentWindowPosition: 0 currentAminoAcid: A =&gt; 29
  input in matrix: state: H currentWindowPosition: 1 currentAminoAcid: A =&gt; 29
  input in matrix: state: H currentWindowPosition: 2 currentAminoAcid: A =&gt; 47
  input in matrix: state: H currentWindowPosition: 3 currentAminoAcid: A =&gt; 29
  input in matrix: state: H currentWindowPosition: 4 currentAminoAcid: A =&gt; 34
  input in matrix: state: H currentWindowPosition: 5 currentAminoAcid: A =&gt; 41
  input in matrix: state: H currentWindowPosition: 6 currentAminoAcid: A =&gt; 44
  input in matrix: state: H currentWindowPosition: 7 currentAminoAcid: A =&gt; 38
  input in matrix: state: H currentWindowPosition: 8 currentAminoAcid: A =&gt; 0
  input in matrix: state: H currentWindowPosition: 9 currentAminoAcid: A =&gt; 25
  input in matrix: state: H currentWindowPosition: 10 currentAminoAcid: A =&gt; 36
  input in matrix: state: H currentWindowPosition: 11 currentAminoAcid: A =&gt; 38
  input in matrix: state: H currentWindowPosition: 12 currentAminoAcid: A =&gt; 37
  input in matrix: state: H currentWindowPosition: 13 currentAminoAcid: A =&gt; 28
  input in matrix: state: H currentWindowPosition: 14 currentAminoAcid: A =&gt; 27
  input in matrix: state: H currentWindowPosition: 15 currentAminoAcid: A =&gt; 26
  input in matrix: state: H currentWindowPosition: 16 currentAminoAcid: A =&gt; 33
Process line: C	4	22	9	7	9	18	4	7	329	7	4	8	15	7	4	11	13
 data line!
  input in matrix: state: H currentWindowPosition: 0 currentAminoAcid: C =&gt; 4
  input in matrix: state: H currentWindowPosition: 1 currentAminoAcid: C =&gt; 22
  input in matrix: state: H currentWindowPosition: 2 currentAminoAcid: C =&gt; 9
  input in matrix: state: H currentWindowPosition: 3 currentAminoAcid: C =&gt; 7
  input in matrix: state: H currentWindowPosition: 4 currentAminoAcid: C =&gt; 9
  input in matrix: state: H currentWindowPosition: 5 currentAminoAcid: C =&gt; 18
  input in matrix: state: H currentWindowPosition: 6 currentAminoAcid: C =&gt; 4
  input in matrix: state: H currentWindowPosition: 7 currentAminoAcid: C =&gt; 7
  input in matrix: state: H currentWindowPosition: 8 currentAminoAcid: C =&gt; 329
  input in matrix: state: H currentWindowPosition: 9 currentAminoAcid: C =&gt; 7
  input in matrix: state: H currentWindowPosition: 10 currentAminoAcid: C =&gt; 4
  input in matrix: state: H currentWindowPosition: 11 currentAminoAcid: C =&gt; 8
  input in matrix: state: H currentWindowPosition: 12 currentAminoAcid: C =&gt; 15
  input in matrix: state: H currentWindowPosition: 13 currentAminoAcid: C =&gt; 7
  input in matrix: state: H currentWindowPosition: 14 currentAminoAcid: C =&gt; 4
  input in matrix: state: H currentWindowPosition: 15 currentAminoAcid: C =&gt; 11
  input in matrix: state: H currentWindowPosition: 16 currentAminoAcid: C =&gt; 13
Process line: D	27	17	24	17	16	21	31	17	0	23	21	10	8	12	26	19	19
 data line!
  input in matrix: state: H currentWindowPosition: 0 currentAminoAcid: D =&gt; 27
  input in matrix: state: H currentWindowPosition: 1 currentAminoAcid: D =&gt; 17
  input in matrix: state: H currentWindowPosition: 2 currentAminoAcid: D =&gt; 24
  input in matrix: state: H currentWindowPosition: 3 currentAminoAcid: D =&gt; 17
  input in matrix: state: H currentWindowPosition: 4 currentAminoAcid: D =&gt; 16
  input in matrix: state: H currentWindowPosition: 5 currentAminoAcid: D =&gt; 21
  input in matrix: state: H currentWindowPosition: 6 currentAminoAcid: D =&gt; 31
  input in matrix: state: H currentWindowPosition: 7 currentAminoAcid: D =&gt; 17
  input in matrix: state: H currentWindowPosition: 8 currentAminoAcid: D =&gt; 0
  input in matrix: state: H currentWindowPosition: 9 currentAminoAcid: D =&gt; 23
  input in matrix: state: H currentWindowPosition: 10 currentAminoAcid: D =&gt; 21
  input in matrix: state: H currentWindowPosition: 11 currentAminoAcid: D =&gt; 10
  input in matrix: state: H currentWindowPosition: 12 currentAminoAcid: D =&gt; 8
  input in matrix: state: H currentWindowPosition: 13 currentAminoAcid: D =&gt; 12
  input in matrix: state: H currentWindowPosition: 14 currentAminoAcid: D =&gt; 26
  input in matrix: state: H currentWindowPosition: 15 currentAminoAcid: D =&gt; 19
  input in matrix: state: H currentWindowPosition: 16 currentAminoAcid: D =&gt; 19
Process line: E	15	10	25	24	14	16	24	14	0	21	30	21	16	25	29	11	20
 data line!
  input in matrix: state: H currentWindowPosition: 0 currentAminoAcid: E =&gt; 15
  input in matrix: state: H currentWindowPosition: 1 currentAminoAcid: E =&gt; 10
  input in matrix: state: H currentWindowPosition: 2 currentAminoAcid: E =&gt; 25
  input in matrix: state: H currentWindowPosition: 3 currentAminoAcid: E =&gt; 24
  input in matrix: state: H currentWindowPosition: 4 currentAminoAcid: E =&gt; 14
  input in matrix: state: H currentWindowPosition: 5 currentAminoAcid: E =&gt; 16
  input in matrix: state: H currentWindowPosition: 6 currentAminoAcid: E =&gt; 24
  input in matrix: state: H currentWindowPosition: 7 currentAminoAcid: E =&gt; 14
  input in matrix: state: H currentWindowPosition: 8 currentAminoAcid: E =&gt; 0
  input in matrix: state: H currentWindowPosition: 9 currentAminoAcid: E =&gt; 21
  input in matrix: state: H currentWindowPosition: 10 currentAminoAcid: E =&gt; 30
  input in matrix: state: H currentWindowPosition: 11 currentAminoAcid: E =&gt; 21
  input in matrix: state: H currentWindowPosition: 12 currentAminoAcid: E =&gt; 16
  input in matrix: state: H currentWindowPosition: 13 currentAminoAcid: E =&gt; 25
  input in matrix: state: H currentWindowPosition: 14 currentAminoAcid: E =&gt; 29
  input in matrix: state: H currentWindowPosition: 15 currentAminoAcid: E =&gt; 11
  input in matrix: state: H currentWindowPosition: 16 currentAminoAcid: E =&gt; 20
Process line: F	11	13	15	7	12	12	7	10	0	15	6	15	19	10	14	15	6
 data line!
  input in matrix: state: H currentWindowPosition: 0 currentAminoAcid: F =&gt; 11
  input in matrix: state: H currentWindowPosition: 1 currentAminoAcid: F =&gt; 13
  input in matrix: state: H currentWindowPosition: 2 currentAminoAcid: F =&gt; 15
  input in matrix: state: H currentWindowPosition: 3 currentAminoAcid: F =&gt; 7
  input in matrix: state: H currentWindowPosition: 4 currentAminoAcid: F =&gt; 12
  input in matrix: state: H currentWindowPosition: 5 currentAminoAcid: F =&gt; 12
  input in matrix: state: H currentWindowPosition: 6 currentAminoAcid: F =&gt; 7
  input in matrix: state: H currentWindowPosition: 7 currentAminoAcid: F =&gt; 10
  input in matrix: state: H currentWindowPosition: 8 currentAminoAcid: F =&gt; 0
  input in matrix: state: H currentWindowPosition: 9 currentAminoAcid: F =&gt; 15
  input in matrix: state: H currentWindowPosition: 10 currentAminoAcid: F =&gt; 6
  input in matrix: state: H currentWindowPosition: 11 currentAminoAcid: F =&gt; 15
  input in matrix: state: H currentWindowPosition: 12 currentAminoAcid: F =&gt; 19
  input in matrix: state: H currentWindowPosition: 13 currentAminoAcid: F =&gt; 10
  input in matrix: state: H currentWindowPosition: 14 currentAminoAcid: F =&gt; 14
  input in matrix: state: H currentWindowPosition: 15 currentAminoAcid: F =&gt; 15
  input in matrix: state: H currentWindowPosition: 16 currentAminoAcid: F =&gt; 6
Process line: G	37	35	31	26	21	24	27	27	0	21	22	15	37	31	27	38	22
 data line!
  input in matrix: state: H currentWindowPosition: 0 currentAminoAcid: G =&gt; 37
  input in matrix: state: H currentWindowPosition: 1 currentAminoAcid: G =&gt; 35
  input in matrix: state: H currentWindowPosition: 2 currentAminoAcid: G =&gt; 31
  input in matrix: state: H currentWindowPosition: 3 currentAminoAcid: G =&gt; 26
  input in matrix: state: H currentWindowPosition: 4 currentAminoAcid: G =&gt; 21
  input in matrix: state: H currentWindowPosition: 5 currentAminoAcid: G =&gt; 24
  input in matrix: state: H currentWindowPosition: 6 currentAminoAcid: G =&gt; 27
  input in matrix: state: H currentWindowPosition: 7 currentAminoAcid: G =&gt; 27
  input in matrix: state: H currentWindowPosition: 8 currentAminoAcid: G =&gt; 0
  input in matrix: state: H currentWindowPosition: 9 currentAminoAcid: G =&gt; 21
  input in matrix: state: H currentWindowPosition: 10 currentAminoAcid: G =&gt; 22
  input in matrix: state: H currentWindowPosition: 11 currentAminoAcid: G =&gt; 15
  input in matrix: state: H currentWindowPosition: 12 currentAminoAcid: G =&gt; 37
  input in matrix: state: H currentWindowPosition: 13 currentAminoAcid: G =&gt; 31
  input in matrix: state: H currentWindowPosition: 14 currentAminoAcid: G =&gt; 27
  input in matrix: state: H currentWindowPosition: 15 currentAminoAcid: G =&gt; 38
  input in matrix: state: H currentWindowPosition: 16 currentAminoAcid: G =&gt; 22
Process line: H	5	7	9	6	5	6	3	14	0	11	11	14	13	3	4	7	5
 data line!
  input in matrix: state: H currentWindowPosition: 0 currentAminoAcid: H =&gt; 5
  input in matrix: state: H currentWindowPosition: 1 currentAminoAcid: H =&gt; 7
  input in matrix: state: H currentWindowPosition: 2 currentAminoAcid: H =&gt; 9
  input in matrix: state: H currentWindowPosition: 3 currentAminoAcid: H =&gt; 6
  input in matrix: state: H currentWindowPosition: 4 currentAminoAcid: H =&gt; 5
  input in matrix: state: H currentWindowPosition: 5 currentAminoAcid: H =&gt; 6
  input in matrix: state: H currentWindowPosition: 6 currentAminoAcid: H =&gt; 3
  input in matrix: state: H currentWindowPosition: 7 currentAminoAcid: H =&gt; 14
  input in matrix: state: H currentWindowPosition: 8 currentAminoAcid: H =&gt; 0
  input in matrix: state: H currentWindowPosition: 9 currentAminoAcid: H =&gt; 11
  input in matrix: state: H currentWindowPosition: 10 currentAminoAcid: H =&gt; 11
  input in matrix: state: H currentWindowPosition: 11 currentAminoAcid: H =&gt; 14
  input in matrix: state: H currentWindowPosition: 12 currentAminoAcid: H =&gt; 13
  input in matrix: state: H currentWindowPosition: 13 currentAminoAcid: H =&gt; 3
  input in matrix: state: H currentWindowPosition: 14 currentAminoAcid: H =&gt; 4
  input in matrix: state: H currentWindowPosition: 15 currentAminoAcid: H =&gt; 7
  input in matrix: state: H currentWindowPosition: 16 currentAminoAcid: H =&gt; 5
Process line: I	19	20	12	20	24	20	12	17	0	12	14	18	14	14	13	22	30
 data line!
  input in matrix: state: H currentWindowPosition: 0 currentAminoAcid: I =&gt; 19
  input in matrix: state: H currentWindowPosition: 1 currentAminoAcid: I =&gt; 20
  input in matrix: state: H currentWindowPosition: 2 currentAminoAcid: I =&gt; 12
  input in matrix: state: H currentWindowPosition: 3 currentAminoAcid: I =&gt; 20
  input in matrix: state: H currentWindowPosition: 4 currentAminoAcid: I =&gt; 24
  input in matrix: state: H currentWindowPosition: 5 currentAminoAcid: I =&gt; 20
  input in matrix: state: H currentWindowPosition: 6 currentAminoAcid: I =&gt; 12
  input in matrix: state: H currentWindowPosition: 7 currentAminoAcid: I =&gt; 17
  input in matrix: state: H currentWindowPosition: 8 currentAminoAcid: I =&gt; 0
  input in matrix: state: H currentWindowPosition: 9 currentAminoAcid: I =&gt; 12
  input in matrix: state: H currentWindowPosition: 10 currentAminoAcid: I =&gt; 14
  input in matrix: state: H currentWindowPosition: 11 currentAminoAcid: I =&gt; 18
  input in matrix: state: H currentWindowPosition: 12 currentAminoAcid: I =&gt; 14
  input in matrix: state: H currentWindowPosition: 13 currentAminoAcid: I =&gt; 14
  input in matrix: state: H currentWindowPosition: 14 currentAminoAcid: I =&gt; 13
  input in matrix: state: H currentWindowPosition: 15 currentAminoAcid: I =&gt; 22
  input in matrix: state: H currentWindowPosition: 16 currentAminoAcid: I =&gt; 30
Process line: K	16	10	11	22	16	19	16	16	0	22	26	14	19	20	26	12	21
 data line!
  input in matrix: state: H currentWindowPosition: 0 currentAminoAcid: K =&gt; 16
  input in matrix: state: H currentWindowPosition: 1 currentAminoAcid: K =&gt; 10
  input in matrix: state: H currentWindowPosition: 2 currentAminoAcid: K =&gt; 11
  input in matrix: state: H currentWindowPosition: 3 currentAminoAcid: K =&gt; 22
  input in matrix: state: H currentWindowPosition: 4 currentAminoAcid: K =&gt; 16
  input in matrix: state: H currentWindowPosition: 5 currentAminoAcid: K =&gt; 19
  input in matrix: state: H currentWindowPosition: 6 currentAminoAcid: K =&gt; 16
  input in matrix: state: H currentWindowPosition: 7 currentAminoAcid: K =&gt; 16
  input in matrix: state: H currentWindowPosition: 8 currentAminoAcid: K =&gt; 0
  input in matrix: state: H currentWindowPosition: 9 currentAminoAcid: K =&gt; 22
  input in matrix: state: H currentWindowPosition: 10 currentAminoAcid: K =&gt; 26
  input in matrix: state: H currentWindowPosition: 11 currentAminoAcid: K =&gt; 14
  input in matrix: state: H currentWindowPosition: 12 currentAminoAcid: K =&gt; 19
  input in matrix: state: H currentWindowPosition: 13 currentAminoAcid: K =&gt; 20
  input in matrix: state: H currentWindowPosition: 14 currentAminoAcid: K =&gt; 26
  input in matrix: state: H currentWindowPosition: 15 currentAminoAcid: K =&gt; 12
  input in matrix: state: H currentWindowPosition: 16 currentAminoAcid: K =&gt; 21
Process line: L	25	23	22	28	36	18	25	34	0	35	27	53	37	26	35	37	30
 data line!
  input in matrix: state: H currentWindowPosition: 0 currentAminoAcid: L =&gt; 25
  input in matrix: state: H currentWindowPosition: 1 currentAminoAcid: L =&gt; 23
  input in matrix: state: H currentWindowPosition: 2 currentAminoAcid: L =&gt; 22
  input in matrix: state: H currentWindowPosition: 3 currentAminoAcid: L =&gt; 28
  input in matrix: state: H currentWindowPosition: 4 currentAminoAcid: L =&gt; 36
  input in matrix: state: H currentWindowPosition: 5 currentAminoAcid: L =&gt; 18
  input in matrix: state: H currentWindowPosition: 6 currentAminoAcid: L =&gt; 25
  input in matrix: state: H currentWindowPosition: 7 currentAminoAcid: L =&gt; 34
  input in matrix: state: H currentWindowPosition: 8 currentAminoAcid: L =&gt; 0
  input in matrix: state: H currentWindowPosition: 9 currentAminoAcid: L =&gt; 35
  input in matrix: state: H currentWindowPosition: 10 currentAminoAcid: L =&gt; 27
  input in matrix: state: H currentWindowPosition: 11 currentAminoAcid: L =&gt; 53
  input in matrix: state: H currentWindowPosition: 12 currentAminoAcid: L =&gt; 37
  input in matrix: state: H currentWindowPosition: 13 currentAminoAcid: L =&gt; 26
  input in matrix: state: H currentWindowPosition: 14 currentAminoAcid: L =&gt; 35
  input in matrix: state: H currentWindowPosition: 15 currentAminoAcid: L =&gt; 37
  input in matrix: state: H currentWindowPosition: 16 currentAminoAcid: L =&gt; 30
Process line: M	6	4	6	9	8	8	4	9	0	2	7	10	5	8	11	10	6
 data line!
  input in matrix: state: H currentWindowPosition: 0 currentAminoAcid: M =&gt; 6
  input in matrix: state: H currentWindowPosition: 1 currentAminoAcid: M =&gt; 4
  input in matrix: state: H currentWindowPosition: 2 currentAminoAcid: M =&gt; 6
  input in matrix: state: H currentWindowPosition: 3 currentAminoAcid: M =&gt; 9
  input in matrix: state: H currentWindowPosition: 4 currentAminoAcid: M =&gt; 8
  input in matrix: state: H currentWindowPosition: 5 currentAminoAcid: M =&gt; 8
  input in matrix: state: H currentWindowPosition: 6 currentAminoAcid: M =&gt; 4
  input in matrix: state: H currentWindowPosition: 7 currentAminoAcid: M =&gt; 9
  input in matrix: state: H currentWindowPosition: 8 currentAminoAcid: M =&gt; 0
  input in matrix: state: H currentWindowPosition: 9 currentAminoAcid: M =&gt; 2
  input in matrix: state: H currentWindowPosition: 10 currentAminoAcid: M =&gt; 7
  input in matrix: state: H currentWindowPosition: 11 currentAminoAcid: M =&gt; 10
  input in matrix: state: H currentWindowPosition: 12 currentAminoAcid: M =&gt; 5
  input in matrix: state: H currentWindowPosition: 13 currentAminoAcid: M =&gt; 8
  input in matrix: state: H currentWindowPosition: 14 currentAminoAcid: M =&gt; 11
  input in matrix: state: H currentWindowPosition: 15 currentAminoAcid: M =&gt; 10
  input in matrix: state: H currentWindowPosition: 16 currentAminoAcid: M =&gt; 6
Process line: N	18	17	13	21	15	20	17	12	0	20	16	11	15	18	18	11	16
 data line!
  input in matrix: state: H currentWindowPosition: 0 currentAminoAcid: N =&gt; 18
  input in matrix: state: H currentWindowPosition: 1 currentAminoAcid: N =&gt; 17
  input in matrix: state: H currentWindowPosition: 2 currentAminoAcid: N =&gt; 13
  input in matrix: state: H currentWindowPosition: 3 currentAminoAcid: N =&gt; 21
  input in matrix: state: H currentWindowPosition: 4 currentAminoAcid: N =&gt; 15
  input in matrix: state: H currentWindowPosition: 5 currentAminoAcid: N =&gt; 20
  input in matrix: state: H currentWindowPosition: 6 currentAminoAcid: N =&gt; 17
  input in matrix: state: H currentWindowPosition: 7 currentAminoAcid: N =&gt; 12
  input in matrix: state: H currentWindowPosition: 8 currentAminoAcid: N =&gt; 0
  input in matrix: state: H currentWindowPosition: 9 currentAminoAcid: N =&gt; 20
  input in matrix: state: H currentWindowPosition: 10 currentAminoAcid: N =&gt; 16
  input in matrix: state: H currentWindowPosition: 11 currentAminoAcid: N =&gt; 11
  input in matrix: state: H currentWindowPosition: 12 currentAminoAcid: N =&gt; 15
  input in matrix: state: H currentWindowPosition: 13 currentAminoAcid: N =&gt; 18
  input in matrix: state: H currentWindowPosition: 14 currentAminoAcid: N =&gt; 18
  input in matrix: state: H currentWindowPosition: 15 currentAminoAcid: N =&gt; 11
  input in matrix: state: H currentWindowPosition: 16 currentAminoAcid: N =&gt; 16
Process line: P	8	20	10	12	7	12	9	11	0	1	6	7	5	16	10	18	10
 data line!
  input in matrix: state: H currentWindowPosition: 0 currentAminoAcid: P =&gt; 8
  input in matrix: state: H currentWindowPosition: 1 currentAminoAcid: P =&gt; 20
  input in matrix: state: H currentWindowPosition: 2 currentAminoAcid: P =&gt; 10
  input in matrix: state: H currentWindowPosition: 3 currentAminoAcid: P =&gt; 12
  input in matrix: state: H currentWindowPosition: 4 currentAminoAcid: P =&gt; 7
  input in matrix: state: H currentWindowPosition: 5 currentAminoAcid: P =&gt; 12
  input in matrix: state: H currentWindowPosition: 6 currentAminoAcid: P =&gt; 9
  input in matrix: state: H currentWindowPosition: 7 currentAminoAcid: P =&gt; 11
  input in matrix: state: H currentWindowPosition: 8 currentAminoAcid: P =&gt; 0
  input in matrix: state: H currentWindowPosition: 9 currentAminoAcid: P =&gt; 1
  input in matrix: state: H currentWindowPosition: 10 currentAminoAcid: P =&gt; 6
  input in matrix: state: H currentWindowPosition: 11 currentAminoAcid: P =&gt; 7
  input in matrix: state: H currentWindowPosition: 12 currentAminoAcid: P =&gt; 5
  input in matrix: state: H currentWindowPosition: 13 currentAminoAcid: P =&gt; 16
  input in matrix: state: H currentWindowPosition: 14 currentAminoAcid: P =&gt; 10
  input in matrix: state: H currentWindowPosition: 15 currentAminoAcid: P =&gt; 18
  input in matrix: state: H currentWindowPosition: 16 currentAminoAcid: P =&gt; 10
Process line: Q	7	12	14	20	9	11	16	13	0	24	27	10	10	17	6	10	15
 data line!
  input in matrix: state: H currentWindowPosition: 0 currentAminoAcid: Q =&gt; 7
  input in matrix: state: H currentWindowPosition: 1 currentAminoAcid: Q =&gt; 12
  input in matrix: state: H currentWindowPosition: 2 currentAminoAcid: Q =&gt; 14
  input in matrix: state: H currentWindowPosition: 3 currentAminoAcid: Q =&gt; 20
  input in matrix: state: H currentWindowPosition: 4 currentAminoAcid: Q =&gt; 9
  input in matrix: state: H currentWindowPosition: 5 currentAminoAcid: Q =&gt; 11
  input in matrix: state: H currentWindowPosition: 6 currentAminoAcid: Q =&gt; 16
  input in matrix: state: H currentWindowPosition: 7 currentAminoAcid: Q =&gt; 13
  input in matrix: state: H currentWindowPosition: 8 currentAminoAcid: Q =&gt; 0
  input in matrix: state: H currentWindowPosition: 9 currentAminoAcid: Q =&gt; 24
  input in matrix: state: H currentWindowPosition: 10 currentAminoAcid: Q =&gt; 27
  input in matrix: state: H currentWindowPosition: 11 currentAminoAcid: Q =&gt; 10
  input in matrix: state: H currentWindowPosition: 12 currentAminoAcid: Q =&gt; 10
  input in matrix: state: H currentWindowPosition: 13 currentAminoAcid: Q =&gt; 17
  input in matrix: state: H currentWindowPosition: 14 currentAminoAcid: Q =&gt; 6
  input in matrix: state: H currentWindowPosition: 15 currentAminoAcid: Q =&gt; 10
  input in matrix: state: H currentWindowPosition: 16 currentAminoAcid: Q =&gt; 15
Process line: R	16	9	20	16	12	14	27	16	0	23	21	17	10	21	9	18	14
 data line!
  input in matrix: state: H currentWindowPosition: 0 currentAminoAcid: R =&gt; 16
  input in matrix: state: H currentWindowPosition: 1 currentAminoAcid: R =&gt; 9
  input in matrix: state: H currentWindowPosition: 2 currentAminoAcid: R =&gt; 20
  input in matrix: state: H currentWindowPosition: 3 currentAminoAcid: R =&gt; 16
  input in matrix: state: H currentWindowPosition: 4 currentAminoAcid: R =&gt; 12
  input in matrix: state: H currentWindowPosition: 5 currentAminoAcid: R =&gt; 14
  input in matrix: state: H currentWindowPosition: 6 currentAminoAcid: R =&gt; 27
  input in matrix: state: H currentWindowPosition: 7 currentAminoAcid: R =&gt; 16
  input in matrix: state: H currentWindowPosition: 8 currentAminoAcid: R =&gt; 0
  input in matrix: state: H currentWindowPosition: 9 currentAminoAcid: R =&gt; 23
  input in matrix: state: H currentWindowPosition: 10 currentAminoAcid: R =&gt; 21
  input in matrix: state: H currentWindowPosition: 11 currentAminoAcid: R =&gt; 17
  input in matrix: state: H currentWindowPosition: 12 currentAminoAcid: R =&gt; 10
  input in matrix: state: H currentWindowPosition: 13 currentAminoAcid: R =&gt; 21
  input in matrix: state: H currentWindowPosition: 14 currentAminoAcid: R =&gt; 9
  input in matrix: state: H currentWindowPosition: 15 currentAminoAcid: R =&gt; 18
  input in matrix: state: H currentWindowPosition: 16 currentAminoAcid: R =&gt; 14
Process line: S	21	20	21	26	19	21	12	23	0	14	15	15	19	20	20	13	16
 data line!
  input in matrix: state: H currentWindowPosition: 0 currentAminoAcid: S =&gt; 21
  input in matrix: state: H currentWindowPosition: 1 currentAminoAcid: S =&gt; 20
  input in matrix: state: H currentWindowPosition: 2 currentAminoAcid: S =&gt; 21
  input in matrix: state: H currentWindowPosition: 3 currentAminoAcid: S =&gt; 26
  input in matrix: state: H currentWindowPosition: 4 currentAminoAcid: S =&gt; 19
  input in matrix: state: H currentWindowPosition: 5 currentAminoAcid: S =&gt; 21
  input in matrix: state: H currentWindowPosition: 6 currentAminoAcid: S =&gt; 12
  input in matrix: state: H currentWindowPosition: 7 currentAminoAcid: S =&gt; 23
  input in matrix: state: H currentWindowPosition: 8 currentAminoAcid: S =&gt; 0
  input in matrix: state: H currentWindowPosition: 9 currentAminoAcid: S =&gt; 14
  input in matrix: state: H currentWindowPosition: 10 currentAminoAcid: S =&gt; 15
  input in matrix: state: H currentWindowPosition: 11 currentAminoAcid: S =&gt; 15
  input in matrix: state: H currentWindowPosition: 12 currentAminoAcid: S =&gt; 19
  input in matrix: state: H currentWindowPosition: 13 currentAminoAcid: S =&gt; 20
  input in matrix: state: H currentWindowPosition: 14 currentAminoAcid: S =&gt; 20
  input in matrix: state: H currentWindowPosition: 15 currentAminoAcid: S =&gt; 13
  input in matrix: state: H currentWindowPosition: 16 currentAminoAcid: S =&gt; 16
Process line: T	25	17	18	16	28	14	22	15	0	19	18	10	13	15	19	15	16
 data line!
  input in matrix: state: H currentWindowPosition: 0 currentAminoAcid: T =&gt; 25
  input in matrix: state: H currentWindowPosition: 1 currentAminoAcid: T =&gt; 17
  input in matrix: state: H currentWindowPosition: 2 currentAminoAcid: T =&gt; 18
  input in matrix: state: H currentWindowPosition: 3 currentAminoAcid: T =&gt; 16
  input in matrix: state: H currentWindowPosition: 4 currentAminoAcid: T =&gt; 28
  input in matrix: state: H currentWindowPosition: 5 currentAminoAcid: T =&gt; 14
  input in matrix: state: H currentWindowPosition: 6 currentAminoAcid: T =&gt; 22
  input in matrix: state: H currentWindowPosition: 7 currentAminoAcid: T =&gt; 15
  input in matrix: state: H currentWindowPosition: 8 currentAminoAcid: T =&gt; 0
  input in matrix: state: H currentWindowPosition: 9 currentAminoAcid: T =&gt; 19
  input in matrix: state: H currentWindowPosition: 10 currentAminoAcid: T =&gt; 18
  input in matrix: state: H currentWindowPosition: 11 currentAminoAcid: T =&gt; 10
  input in matrix: state: H currentWindowPosition: 12 currentAminoAcid: T =&gt; 13
  input in matrix: state: H currentWindowPosition: 13 currentAminoAcid: T =&gt; 15
  input in matrix: state: H currentWindowPosition: 14 currentAminoAcid: T =&gt; 19
  input in matrix: state: H currentWindowPosition: 15 currentAminoAcid: T =&gt; 15
  input in matrix: state: H currentWindowPosition: 16 currentAminoAcid: T =&gt; 16
Process line: V	19	24	9	14	26	20	20	23	0	17	16	22	22	22	15	18	22
 data line!
  input in matrix: state: H currentWindowPosition: 0 currentAminoAcid: V =&gt; 19
  input in matrix: state: H currentWindowPosition: 1 currentAminoAcid: V =&gt; 24
  input in matrix: state: H currentWindowPosition: 2 currentAminoAcid: V =&gt; 9
  input in matrix: state: H currentWindowPosition: 3 currentAminoAcid: V =&gt; 14
  input in matrix: state: H currentWindowPosition: 4 currentAminoAcid: V =&gt; 26
  input in matrix: state: H currentWindowPosition: 5 currentAminoAcid: V =&gt; 20
  input in matrix: state: H currentWindowPosition: 6 currentAminoAcid: V =&gt; 20
  input in matrix: state: H currentWindowPosition: 7 currentAminoAcid: V =&gt; 23
  input in matrix: state: H currentWindowPosition: 8 currentAminoAcid: V =&gt; 0
  input in matrix: state: H currentWindowPosition: 9 currentAminoAcid: V =&gt; 17
  input in matrix: state: H currentWindowPosition: 10 currentAminoAcid: V =&gt; 16
  input in matrix: state: H currentWindowPosition: 11 currentAminoAcid: V =&gt; 22
  input in matrix: state: H currentWindowPosition: 12 currentAminoAcid: V =&gt; 22
  input in matrix: state: H currentWindowPosition: 13 currentAminoAcid: V =&gt; 22
  input in matrix: state: H currentWindowPosition: 14 currentAminoAcid: V =&gt; 15
  input in matrix: state: H currentWindowPosition: 15 currentAminoAcid: V =&gt; 18
  input in matrix: state: H currentWindowPosition: 16 currentAminoAcid: V =&gt; 22
Process line: W	5	3	1	3	3	3	2	1	0	4	0	1	6	5	1	4	2
 data line!
  input in matrix: state: H currentWindowPosition: 0 currentAminoAcid: W =&gt; 5
  input in matrix: state: H currentWindowPosition: 1 currentAminoAcid: W =&gt; 3
  input in matrix: state: H currentWindowPosition: 2 currentAminoAcid: W =&gt; 1
  input in matrix: state: H currentWindowPosition: 3 currentAminoAcid: W =&gt; 3
  input in matrix: state: H currentWindowPosition: 4 currentAminoAcid: W =&gt; 3
  input in matrix: state: H currentWindowPosition: 5 currentAminoAcid: W =&gt; 3
  input in matrix: state: H currentWindowPosition: 6 currentAminoAcid: W =&gt; 2
  input in matrix: state: H currentWindowPosition: 7 currentAminoAcid: W =&gt; 1
  input in matrix: state: H currentWindowPosition: 8 currentAminoAcid: W =&gt; 0
  input in matrix: state: H currentWindowPosition: 9 currentAminoAcid: W =&gt; 4
  input in matrix: state: H currentWindowPosition: 10 currentAminoAcid: W =&gt; 0
  input in matrix: state: H currentWindowPosition: 11 currentAminoAcid: W =&gt; 1
  input in matrix: state: H currentWindowPosition: 12 currentAminoAcid: W =&gt; 6
  input in matrix: state: H currentWindowPosition: 13 currentAminoAcid: W =&gt; 5
  input in matrix: state: H currentWindowPosition: 14 currentAminoAcid: W =&gt; 1
  input in matrix: state: H currentWindowPosition: 15 currentAminoAcid: W =&gt; 4
  input in matrix: state: H currentWindowPosition: 16 currentAminoAcid: W =&gt; 2
Process line: Y	16	17	12	6	15	10	7	12	0	13	6	20	9	11	14	14	12
 data line!
  input in matrix: state: H currentWindowPosition: 0 currentAminoAcid: Y =&gt; 16
  input in matrix: state: H currentWindowPosition: 1 currentAminoAcid: Y =&gt; 17
  input in matrix: state: H currentWindowPosition: 2 currentAminoAcid: Y =&gt; 12
  input in matrix: state: H currentWindowPosition: 3 currentAminoAcid: Y =&gt; 6
  input in matrix: state: H currentWindowPosition: 4 currentAminoAcid: Y =&gt; 15
  input in matrix: state: H currentWindowPosition: 5 currentAminoAcid: Y =&gt; 10
  input in matrix: state: H currentWindowPosition: 6 currentAminoAcid: Y =&gt; 7
  input in matrix: state: H currentWindowPosition: 7 currentAminoAcid: Y =&gt; 12
  input in matrix: state: H currentWindowPosition: 8 currentAminoAcid: Y =&gt; 0
  input in matrix: state: H currentWindowPosition: 9 currentAminoAcid: Y =&gt; 13
  input in matrix: state: H currentWindowPosition: 10 currentAminoAcid: Y =&gt; 6
  input in matrix: state: H currentWindowPosition: 11 currentAminoAcid: Y =&gt; 20
  input in matrix: state: H currentWindowPosition: 12 currentAminoAcid: Y =&gt; 9
  input in matrix: state: H currentWindowPosition: 13 currentAminoAcid: Y =&gt; 11
  input in matrix: state: H currentWindowPosition: 14 currentAminoAcid: Y =&gt; 14
  input in matrix: state: H currentWindowPosition: 15 currentAminoAcid: Y =&gt; 14
  input in matrix: state: H currentWindowPosition: 16 currentAminoAcid: Y =&gt; 12
Process line: 
 Skip line!
Process line: 
 Skip line!
Process line: =D,C=
 state line! (now in state: C)
Process line: 
 Skip line!
Process line: A	196	202	206	195	224	204	184	214	0	172	212	197	211	209	199	221	212
 data line!
  input in matrix: state: C currentWindowPosition: 0 currentAminoAcid: A =&gt; 196
  input in matrix: state: C currentWindowPosition: 1 currentAminoAcid: A =&gt; 202
  input in matrix: state: C currentWindowPosition: 2 currentAminoAcid: A =&gt; 206
  input in matrix: state: C currentWindowPosition: 3 currentAminoAcid: A =&gt; 195
  input in matrix: state: C currentWindowPosition: 4 currentAminoAcid: A =&gt; 224
  input in matrix: state: C currentWindowPosition: 5 currentAminoAcid: A =&gt; 204
  input in matrix: state: C currentWindowPosition: 6 currentAminoAcid: A =&gt; 184
  input in matrix: state: C currentWindowPosition: 7 currentAminoAcid: A =&gt; 214
  input in matrix: state: C currentWindowPosition: 8 currentAminoAcid: A =&gt; 0
  input in matrix: state: C currentWindowPosition: 9 currentAminoAcid: A =&gt; 172
  input in matrix: state: C currentWindowPosition: 10 currentAminoAcid: A =&gt; 212
  input in matrix: state: C currentWindowPosition: 11 currentAminoAcid: A =&gt; 197
  input in matrix: state: C currentWindowPosition: 12 currentAminoAcid: A =&gt; 211
  input in matrix: state: C currentWindowPosition: 13 currentAminoAcid: A =&gt; 209
  input in matrix: state: C currentWindowPosition: 14 currentAminoAcid: A =&gt; 199
  input in matrix: state: C currentWindowPosition: 15 currentAminoAcid: A =&gt; 221
  input in matrix: state: C currentWindowPosition: 16 currentAminoAcid: A =&gt; 212
Process line: C	40	43	53	40	42	32	44	40	0	30	25	39	37	38	44	35	48
 data line!
  input in matrix: state: C currentWindowPosition: 0 currentAminoAcid: C =&gt; 40
  input in matrix: state: C currentWindowPosition: 1 currentAminoAcid: C =&gt; 43
  input in matrix: state: C currentWindowPosition: 2 currentAminoAcid: C =&gt; 53
  input in matrix: state: C currentWindowPosition: 3 currentAminoAcid: C =&gt; 40
  input in matrix: state: C currentWindowPosition: 4 currentAminoAcid: C =&gt; 42
  input in matrix: state: C currentWindowPosition: 5 currentAminoAcid: C =&gt; 32
  input in matrix: state: C currentWindowPosition: 6 currentAminoAcid: C =&gt; 44
  input in matrix: state: C currentWindowPosition: 7 currentAminoAcid: C =&gt; 40
  input in matrix: state: C currentWindowPosition: 8 currentAminoAcid: C =&gt; 0
  input in matrix: state: C currentWindowPosition: 9 currentAminoAcid: C =&gt; 30
  input in matrix: state: C currentWindowPosition: 10 currentAminoAcid: C =&gt; 25
  input in matrix: state: C currentWindowPosition: 11 currentAminoAcid: C =&gt; 39
  input in matrix: state: C currentWindowPosition: 12 currentAminoAcid: C =&gt; 37
  input in matrix: state: C currentWindowPosition: 13 currentAminoAcid: C =&gt; 38
  input in matrix: state: C currentWindowPosition: 14 currentAminoAcid: C =&gt; 44
  input in matrix: state: C currentWindowPosition: 15 currentAminoAcid: C =&gt; 35
  input in matrix: state: C currentWindowPosition: 16 currentAminoAcid: C =&gt; 48
Process line: D	158	148	124	148	124	116	152	152	2596	155	158	141	137	157	154	147	155
 data line!
  input in matrix: state: C currentWindowPosition: 0 currentAminoAcid: D =&gt; 158
  input in matrix: state: C currentWindowPosition: 1 currentAminoAcid: D =&gt; 148
  input in matrix: state: C currentWindowPosition: 2 currentAminoAcid: D =&gt; 124
  input in matrix: state: C currentWindowPosition: 3 currentAminoAcid: D =&gt; 148
  input in matrix: state: C currentWindowPosition: 4 currentAminoAcid: D =&gt; 124
  input in matrix: state: C currentWindowPosition: 5 currentAminoAcid: D =&gt; 116
  input in matrix: state: C currentWindowPosition: 6 currentAminoAcid: D =&gt; 152
  input in matrix: state: C currentWindowPosition: 7 currentAminoAcid: D =&gt; 152
  input in matrix: state: C currentWindowPosition: 8 currentAminoAcid: D =&gt; 2596
  input in matrix: state: C currentWindowPosition: 9 currentAminoAcid: D =&gt; 155
  input in matrix: state: C currentWindowPosition: 10 currentAminoAcid: D =&gt; 158
  input in matrix: state: C currentWindowPosition: 11 currentAminoAcid: D =&gt; 141
  input in matrix: state: C currentWindowPosition: 12 currentAminoAcid: D =&gt; 137
  input in matrix: state: C currentWindowPosition: 13 currentAminoAcid: D =&gt; 157
  input in matrix: state: C currentWindowPosition: 14 currentAminoAcid: D =&gt; 154
  input in matrix: state: C currentWindowPosition: 15 currentAminoAcid: D =&gt; 147
  input in matrix: state: C currentWindowPosition: 16 currentAminoAcid: D =&gt; 155
Process line: E	183	137	134	130	132	143	121	117	0	133	171	123	120	139	147	167	152
 data line!
  input in matrix: state: C currentWindowPosition: 0 currentAminoAcid: E =&gt; 183
  input in matrix: state: C currentWindowPosition: 1 currentAminoAcid: E =&gt; 137
  input in matrix: state: C currentWindowPosition: 2 currentAminoAcid: E =&gt; 134
  input in matrix: state: C currentWindowPosition: 3 currentAminoAcid: E =&gt; 130
  input in matrix: state: C currentWindowPosition: 4 currentAminoAcid: E =&gt; 132
  input in matrix: state: C currentWindowPosition: 5 currentAminoAcid: E =&gt; 143
  input in matrix: state: C currentWindowPosition: 6 currentAminoAcid: E =&gt; 121
  input in matrix: state: C currentWindowPosition: 7 currentAminoAcid: E =&gt; 117
  input in matrix: state: C currentWindowPosition: 8 currentAminoAcid: E =&gt; 0
  input in matrix: state: C currentWindowPosition: 9 currentAminoAcid: E =&gt; 133
  input in matrix: state: C currentWindowPosition: 10 currentAminoAcid: E =&gt; 171
  input in matrix: state: C currentWindowPosition: 11 currentAminoAcid: E =&gt; 123
  input in matrix: state: C currentWindowPosition: 12 currentAminoAcid: E =&gt; 120
  input in matrix: state: C currentWindowPosition: 13 currentAminoAcid: E =&gt; 139
  input in matrix: state: C currentWindowPosition: 14 currentAminoAcid: E =&gt; 147
  input in matrix: state: C currentWindowPosition: 15 currentAminoAcid: E =&gt; 167
  input in matrix: state: C currentWindowPosition: 16 currentAminoAcid: E =&gt; 152
Process line: F	109	110	121	122	139	131	116	101	0	95	85	114	134	116	109	112	122
 data line!
  input in matrix: state: C currentWindowPosition: 0 currentAminoAcid: F =&gt; 109
  input in matrix: state: C currentWindowPosition: 1 currentAminoAcid: F =&gt; 110
  input in matrix: state: C currentWindowPosition: 2 currentAminoAcid: F =&gt; 121
  input in matrix: state: C currentWindowPosition: 3 currentAminoAcid: F =&gt; 122
  input in matrix: state: C currentWindowPosition: 4 currentAminoAcid: F =&gt; 139
  input in matrix: state: C currentWindowPosition: 5 currentAminoAcid: F =&gt; 131
  input in matrix: state: C currentWindowPosition: 6 currentAminoAcid: F =&gt; 116
  input in matrix: state: C currentWindowPosition: 7 currentAminoAcid: F =&gt; 101
  input in matrix: state: C currentWindowPosition: 8 currentAminoAcid: F =&gt; 0
  input in matrix: state: C currentWindowPosition: 9 currentAminoAcid: F =&gt; 95
  input in matrix: state: C currentWindowPosition: 10 currentAminoAcid: F =&gt; 85
  input in matrix: state: C currentWindowPosition: 11 currentAminoAcid: F =&gt; 114
  input in matrix: state: C currentWindowPosition: 12 currentAminoAcid: F =&gt; 134
  input in matrix: state: C currentWindowPosition: 13 currentAminoAcid: F =&gt; 116
  input in matrix: state: C currentWindowPosition: 14 currentAminoAcid: F =&gt; 109
  input in matrix: state: C currentWindowPosition: 15 currentAminoAcid: F =&gt; 112
  input in matrix: state: C currentWindowPosition: 16 currentAminoAcid: F =&gt; 122
Process line: G	223	172	196	182	194	203	236	281	0	335	154	210	163	175	188	186	185
 data line!
  input in matrix: state: C currentWindowPosition: 0 currentAminoAcid: G =&gt; 223
  input in matrix: state: C currentWindowPosition: 1 currentAminoAcid: G =&gt; 172
  input in matrix: state: C currentWindowPosition: 2 currentAminoAcid: G =&gt; 196
  input in matrix: state: C currentWindowPosition: 3 currentAminoAcid: G =&gt; 182
  input in matrix: state: C currentWindowPosition: 4 currentAminoAcid: G =&gt; 194
  input in matrix: state: C currentWindowPosition: 5 currentAminoAcid: G =&gt; 203
  input in matrix: state: C currentWindowPosition: 6 currentAminoAcid: G =&gt; 236
  input in matrix: state: C currentWindowPosition: 7 currentAminoAcid: G =&gt; 281
  input in matrix: state: C currentWindowPosition: 8 currentAminoAcid: G =&gt; 0
  input in matrix: state: C currentWindowPosition: 9 currentAminoAcid: G =&gt; 335
  input in matrix: state: C currentWindowPosition: 10 currentAminoAcid: G =&gt; 154
  input in matrix: state: C currentWindowPosition: 11 currentAminoAcid: G =&gt; 210
  input in matrix: state: C currentWindowPosition: 12 currentAminoAcid: G =&gt; 163
  input in matrix: state: C currentWindowPosition: 13 currentAminoAcid: G =&gt; 175
  input in matrix: state: C currentWindowPosition: 14 currentAminoAcid: G =&gt; 188
  input in matrix: state: C currentWindowPosition: 15 currentAminoAcid: G =&gt; 186
  input in matrix: state: C currentWindowPosition: 16 currentAminoAcid: G =&gt; 185
Process line: H	66	61	53	43	63	75	68	66	0	51	47	55	53	57	52	60	73
 data line!
  input in matrix: state: C currentWindowPosition: 0 currentAminoAcid: H =&gt; 66
  input in matrix: state: C currentWindowPosition: 1 currentAminoAcid: H =&gt; 61
  input in matrix: state: C currentWindowPosition: 2 currentAminoAcid: H =&gt; 53
  input in matrix: state: C currentWindowPosition: 3 currentAminoAcid: H =&gt; 43
  input in matrix: state: C currentWindowPosition: 4 currentAminoAcid: H =&gt; 63
  input in matrix: state: C currentWindowPosition: 5 currentAminoAcid: H =&gt; 75
  input in matrix: state: C currentWindowPosition: 6 currentAminoAcid: H =&gt; 68
  input in matrix: state: C currentWindowPosition: 7 currentAminoAcid: H =&gt; 66
  input in matrix: state: C currentWindowPosition: 8 currentAminoAcid: H =&gt; 0
  input in matrix: state: C currentWindowPosition: 9 currentAminoAcid: H =&gt; 51
  input in matrix: state: C currentWindowPosition: 10 currentAminoAcid: H =&gt; 47
  input in matrix: state: C currentWindowPosition: 11 currentAminoAcid: H =&gt; 55
  input in matrix: state: C currentWindowPosition: 12 currentAminoAcid: H =&gt; 53
  input in matrix: state: C currentWindowPosition: 13 currentAminoAcid: H =&gt; 57
  input in matrix: state: C currentWindowPosition: 14 currentAminoAcid: H =&gt; 52
  input in matrix: state: C currentWindowPosition: 15 currentAminoAcid: H =&gt; 60
  input in matrix: state: C currentWindowPosition: 16 currentAminoAcid: H =&gt; 73
Process line: I	141	154	156	168	167	162	129	145	0	121	121	177	186	132	160	158	146
 data line!
  input in matrix: state: C currentWindowPosition: 0 currentAminoAcid: I =&gt; 141
  input in matrix: state: C currentWindowPosition: 1 currentAminoAcid: I =&gt; 154
  input in matrix: state: C currentWindowPosition: 2 currentAminoAcid: I =&gt; 156
  input in matrix: state: C currentWindowPosition: 3 currentAminoAcid: I =&gt; 168
  input in matrix: state: C currentWindowPosition: 4 currentAminoAcid: I =&gt; 167
  input in matrix: state: C currentWindowPosition: 5 currentAminoAcid: I =&gt; 162
  input in matrix: state: C currentWindowPosition: 6 currentAminoAcid: I =&gt; 129
  input in matrix: state: C currentWindowPosition: 7 currentAminoAcid: I =&gt; 145
  input in matrix: state: C currentWindowPosition: 8 currentAminoAcid: I =&gt; 0
  input in matrix: state: C currentWindowPosition: 9 currentAminoAcid: I =&gt; 121
  input in matrix: state: C currentWindowPosition: 10 currentAminoAcid: I =&gt; 121
  input in matrix: state: C currentWindowPosition: 11 currentAminoAcid: I =&gt; 177
  input in matrix: state: C currentWindowPosition: 12 currentAminoAcid: I =&gt; 186
  input in matrix: state: C currentWindowPosition: 13 currentAminoAcid: I =&gt; 132
  input in matrix: state: C currentWindowPosition: 14 currentAminoAcid: I =&gt; 160
  input in matrix: state: C currentWindowPosition: 15 currentAminoAcid: I =&gt; 158
  input in matrix: state: C currentWindowPosition: 16 currentAminoAcid: I =&gt; 146
Process line: K	154	151	151	140	164	149	166	157	0	159	179	153	111	143	149	153	123
 data line!
  input in matrix: state: C currentWindowPosition: 0 currentAminoAcid: K =&gt; 154
  input in matrix: state: C currentWindowPosition: 1 currentAminoAcid: K =&gt; 151
  input in matrix: state: C currentWindowPosition: 2 currentAminoAcid: K =&gt; 151
  input in matrix: state: C currentWindowPosition: 3 currentAminoAcid: K =&gt; 140
  input in matrix: state: C currentWindowPosition: 4 currentAminoAcid: K =&gt; 164
  input in matrix: state: C currentWindowPosition: 5 currentAminoAcid: K =&gt; 149
  input in matrix: state: C currentWindowPosition: 6 currentAminoAcid: K =&gt; 166
  input in matrix: state: C currentWindowPosition: 7 currentAminoAcid: K =&gt; 157
  input in matrix: state: C currentWindowPosition: 8 currentAminoAcid: K =&gt; 0
  input in matrix: state: C currentWindowPosition: 9 currentAminoAcid: K =&gt; 159
  input in matrix: state: C currentWindowPosition: 10 currentAminoAcid: K =&gt; 179
  input in matrix: state: C currentWindowPosition: 11 currentAminoAcid: K =&gt; 153
  input in matrix: state: C currentWindowPosition: 12 currentAminoAcid: K =&gt; 111
  input in matrix: state: C currentWindowPosition: 13 currentAminoAcid: K =&gt; 143
  input in matrix: state: C currentWindowPosition: 14 currentAminoAcid: K =&gt; 149
  input in matrix: state: C currentWindowPosition: 15 currentAminoAcid: K =&gt; 153
  input in matrix: state: C currentWindowPosition: 16 currentAminoAcid: K =&gt; 123
Process line: L	171	238	269	231	240	241	208	169	0	171	152	212	256	217	204	229	253
 data line!
  input in matrix: state: C currentWindowPosition: 0 currentAminoAcid: L =&gt; 171
  input in matrix: state: C currentWindowPosition: 1 currentAminoAcid: L =&gt; 238
  input in matrix: state: C currentWindowPosition: 2 currentAminoAcid: L =&gt; 269
  input in matrix: state: C currentWindowPosition: 3 currentAminoAcid: L =&gt; 231
  input in matrix: state: C currentWindowPosition: 4 currentAminoAcid: L =&gt; 240
  input in matrix: state: C currentWindowPosition: 5 currentAminoAcid: L =&gt; 241
  input in matrix: state: C currentWindowPosition: 6 currentAminoAcid: L =&gt; 208
  input in matrix: state: C currentWindowPosition: 7 currentAminoAcid: L =&gt; 169
  input in matrix: state: C currentWindowPosition: 8 currentAminoAcid: L =&gt; 0
  input in matrix: state: C currentWindowPosition: 9 currentAminoAcid: L =&gt; 171
  input in matrix: state: C currentWindowPosition: 10 currentAminoAcid: L =&gt; 152
  input in matrix: state: C currentWindowPosition: 11 currentAminoAcid: L =&gt; 212
  input in matrix: state: C currentWindowPosition: 12 currentAminoAcid: L =&gt; 256
  input in matrix: state: C currentWindowPosition: 13 currentAminoAcid: L =&gt; 217
  input in matrix: state: C currentWindowPosition: 14 currentAminoAcid: L =&gt; 204
  input in matrix: state: C currentWindowPosition: 15 currentAminoAcid: L =&gt; 229
  input in matrix: state: C currentWindowPosition: 16 currentAminoAcid: L =&gt; 253
Process line: M	53	49	57	57	66	45	55	46	0	28	45	47	44	62	47	37	62
 data line!
  input in matrix: state: C currentWindowPosition: 0 currentAminoAcid: M =&gt; 53
  input in matrix: state: C currentWindowPosition: 1 currentAminoAcid: M =&gt; 49
  input in matrix: state: C currentWindowPosition: 2 currentAminoAcid: M =&gt; 57
  input in matrix: state: C currentWindowPosition: 3 currentAminoAcid: M =&gt; 57
  input in matrix: state: C currentWindowPosition: 4 currentAminoAcid: M =&gt; 66
  input in matrix: state: C currentWindowPosition: 5 currentAminoAcid: M =&gt; 45
  input in matrix: state: C currentWindowPosition: 6 currentAminoAcid: M =&gt; 55
  input in matrix: state: C currentWindowPosition: 7 currentAminoAcid: M =&gt; 46
  input in matrix: state: C currentWindowPosition: 8 currentAminoAcid: M =&gt; 0
  input in matrix: state: C currentWindowPosition: 9 currentAminoAcid: M =&gt; 28
  input in matrix: state: C currentWindowPosition: 10 currentAminoAcid: M =&gt; 45
  input in matrix: state: C currentWindowPosition: 11 currentAminoAcid: M =&gt; 47
  input in matrix: state: C currentWindowPosition: 12 currentAminoAcid: M =&gt; 44
  input in matrix: state: C currentWindowPosition: 13 currentAminoAcid: M =&gt; 62
  input in matrix: state: C currentWindowPosition: 14 currentAminoAcid: M =&gt; 47
  input in matrix: state: C currentWindowPosition: 15 currentAminoAcid: M =&gt; 37
  input in matrix: state: C currentWindowPosition: 16 currentAminoAcid: M =&gt; 62
Process line: N	118	113	118	125	120	124	163	135	0	136	162	128	125	126	123	117	118
 data line!
  input in matrix: state: C currentWindowPosition: 0 currentAminoAcid: N =&gt; 118
  input in matrix: state: C currentWindowPosition: 1 currentAminoAcid: N =&gt; 113
  input in matrix: state: C currentWindowPosition: 2 currentAminoAcid: N =&gt; 118
  input in matrix: state: C currentWindowPosition: 3 currentAminoAcid: N =&gt; 125
  input in matrix: state: C currentWindowPosition: 4 currentAminoAcid: N =&gt; 120
  input in matrix: state: C currentWindowPosition: 5 currentAminoAcid: N =&gt; 124
  input in matrix: state: C currentWindowPosition: 6 currentAminoAcid: N =&gt; 163
  input in matrix: state: C currentWindowPosition: 7 currentAminoAcid: N =&gt; 135
  input in matrix: state: C currentWindowPosition: 8 currentAminoAcid: N =&gt; 0
  input in matrix: state: C currentWindowPosition: 9 currentAminoAcid: N =&gt; 136
  input in matrix: state: C currentWindowPosition: 10 currentAminoAcid: N =&gt; 162
  input in matrix: state: C currentWindowPosition: 11 currentAminoAcid: N =&gt; 128
  input in matrix: state: C currentWindowPosition: 12 currentAminoAcid: N =&gt; 125
  input in matrix: state: C currentWindowPosition: 13 currentAminoAcid: N =&gt; 126
  input in matrix: state: C currentWindowPosition: 14 currentAminoAcid: N =&gt; 123
  input in matrix: state: C currentWindowPosition: 15 currentAminoAcid: N =&gt; 117
  input in matrix: state: C currentWindowPosition: 16 currentAminoAcid: N =&gt; 118
Process line: P	124	125	131	125	109	126	135	191	0	199	169	143	114	115	122	103	110
 data line!
  input in matrix: state: C currentWindowPosition: 0 currentAminoAcid: P =&gt; 124
  input in matrix: state: C currentWindowPosition: 1 currentAminoAcid: P =&gt; 125
  input in matrix: state: C currentWindowPosition: 2 currentAminoAcid: P =&gt; 131
  input in matrix: state: C currentWindowPosition: 3 currentAminoAcid: P =&gt; 125
  input in matrix: state: C currentWindowPosition: 4 currentAminoAcid: P =&gt; 109
  input in matrix: state: C currentWindowPosition: 5 currentAminoAcid: P =&gt; 126
  input in matrix: state: C currentWindowPosition: 6 currentAminoAcid: P =&gt; 135
  input in matrix: state: C currentWindowPosition: 7 currentAminoAcid: P =&gt; 191
  input in matrix: state: C currentWindowPosition: 8 currentAminoAcid: P =&gt; 0
  input in matrix: state: C currentWindowPosition: 9 currentAminoAcid: P =&gt; 199
  input in matrix: state: C currentWindowPosition: 10 currentAminoAcid: P =&gt; 169
  input in matrix: state: C currentWindowPosition: 11 currentAminoAcid: P =&gt; 143
  input in matrix: state: C currentWindowPosition: 12 currentAminoAcid: P =&gt; 114
  input in matrix: state: C currentWindowPosition: 13 currentAminoAcid: P =&gt; 115
  input in matrix: state: C currentWindowPosition: 14 currentAminoAcid: P =&gt; 122
  input in matrix: state: C currentWindowPosition: 15 currentAminoAcid: P =&gt; 103
  input in matrix: state: C currentWindowPosition: 16 currentAminoAcid: P =&gt; 110
Process line: Q	91	102	81	99	92	95	80	72	0	74	103	93	98	109	94	87	97
 data line!
  input in matrix: state: C currentWindowPosition: 0 currentAminoAcid: Q =&gt; 91
  input in matrix: state: C currentWindowPosition: 1 currentAminoAcid: Q =&gt; 102
  input in matrix: state: C currentWindowPosition: 2 currentAminoAcid: Q =&gt; 81
  input in matrix: state: C currentWindowPosition: 3 currentAminoAcid: Q =&gt; 99
  input in matrix: state: C currentWindowPosition: 4 currentAminoAcid: Q =&gt; 92
  input in matrix: state: C currentWindowPosition: 5 currentAminoAcid: Q =&gt; 95
  input in matrix: state: C currentWindowPosition: 6 currentAminoAcid: Q =&gt; 80
  input in matrix: state: C currentWindowPosition: 7 currentAminoAcid: Q =&gt; 72
  input in matrix: state: C currentWindowPosition: 8 currentAminoAcid: Q =&gt; 0
  input in matrix: state: C currentWindowPosition: 9 currentAminoAcid: Q =&gt; 74
  input in matrix: state: C currentWindowPosition: 10 currentAminoAcid: Q =&gt; 103
  input in matrix: state: C currentWindowPosition: 11 currentAminoAcid: Q =&gt; 93
  input in matrix: state: C currentWindowPosition: 12 currentAminoAcid: Q =&gt; 98
  input in matrix: state: C currentWindowPosition: 13 currentAminoAcid: Q =&gt; 109
  input in matrix: state: C currentWindowPosition: 14 currentAminoAcid: Q =&gt; 94
  input in matrix: state: C currentWindowPosition: 15 currentAminoAcid: Q =&gt; 87
  input in matrix: state: C currentWindowPosition: 16 currentAminoAcid: Q =&gt; 97
Process line: R	134	137	112	133	101	115	110	106	0	102	122	108	94	140	123	110	105
 data line!
  input in matrix: state: C currentWindowPosition: 0 currentAminoAcid: R =&gt; 134
  input in matrix: state: C currentWindowPosition: 1 currentAminoAcid: R =&gt; 137
  input in matrix: state: C currentWindowPosition: 2 currentAminoAcid: R =&gt; 112
  input in matrix: state: C currentWindowPosition: 3 currentAminoAcid: R =&gt; 133
  input in matrix: state: C currentWindowPosition: 4 currentAminoAcid: R =&gt; 101
  input in matrix: state: C currentWindowPosition: 5 currentAminoAcid: R =&gt; 115
  input in matrix: state: C currentWindowPosition: 6 currentAminoAcid: R =&gt; 110
  input in matrix: state: C currentWindowPosition: 7 currentAminoAcid: R =&gt; 106
  input in matrix: state: C currentWindowPosition: 8 currentAminoAcid: R =&gt; 0
  input in matrix: state: C currentWindowPosition: 9 currentAminoAcid: R =&gt; 102
  input in matrix: state: C currentWindowPosition: 10 currentAminoAcid: R =&gt; 122
  input in matrix: state: C currentWindowPosition: 11 currentAminoAcid: R =&gt; 108
  input in matrix: state: C currentWindowPosition: 12 currentAminoAcid: R =&gt; 94
  input in matrix: state: C currentWindowPosition: 13 currentAminoAcid: R =&gt; 140
  input in matrix: state: C currentWindowPosition: 14 currentAminoAcid: R =&gt; 123
  input in matrix: state: C currentWindowPosition: 15 currentAminoAcid: R =&gt; 110
  input in matrix: state: C currentWindowPosition: 16 currentAminoAcid: R =&gt; 105
Process line: S	145	130	157	148	121	134	194	171	0	177	205	148	152	177	169	162	163
 data line!
  input in matrix: state: C currentWindowPosition: 0 currentAminoAcid: S =&gt; 145
  input in matrix: state: C currentWindowPosition: 1 currentAminoAcid: S =&gt; 130
  input in matrix: state: C currentWindowPosition: 2 currentAminoAcid: S =&gt; 157
  input in matrix: state: C currentWindowPosition: 3 currentAminoAcid: S =&gt; 148
  input in matrix: state: C currentWindowPosition: 4 currentAminoAcid: S =&gt; 121
  input in matrix: state: C currentWindowPosition: 5 currentAminoAcid: S =&gt; 134
  input in matrix: state: C currentWindowPosition: 6 currentAminoAcid: S =&gt; 194
  input in matrix: state: C currentWindowPosition: 7 currentAminoAcid: S =&gt; 171
  input in matrix: state: C currentWindowPosition: 8 currentAminoAcid: S =&gt; 0
  input in matrix: state: C currentWindowPosition: 9 currentAminoAcid: S =&gt; 177
  input in matrix: state: C currentWindowPosition: 10 currentAminoAcid: S =&gt; 205
  input in matrix: state: C currentWindowPosition: 11 currentAminoAcid: S =&gt; 148
  input in matrix: state: C currentWindowPosition: 12 currentAminoAcid: S =&gt; 152
  input in matrix: state: C currentWindowPosition: 13 currentAminoAcid: S =&gt; 177
  input in matrix: state: C currentWindowPosition: 14 currentAminoAcid: S =&gt; 169
  input in matrix: state: C currentWindowPosition: 15 currentAminoAcid: S =&gt; 162
  input in matrix: state: C currentWindowPosition: 16 currentAminoAcid: S =&gt; 163
Process line: T	173	167	134	155	150	159	161	150	0	167	179	194	168	155	148	156	157
 data line!
  input in matrix: state: C currentWindowPosition: 0 currentAminoAcid: T =&gt; 173
  input in matrix: state: C currentWindowPosition: 1 currentAminoAcid: T =&gt; 167
  input in matrix: state: C currentWindowPosition: 2 currentAminoAcid: T =&gt; 134
  input in matrix: state: C currentWindowPosition: 3 currentAminoAcid: T =&gt; 155
  input in matrix: state: C currentWindowPosition: 4 currentAminoAcid: T =&gt; 150
  input in matrix: state: C currentWindowPosition: 5 currentAminoAcid: T =&gt; 159
  input in matrix: state: C currentWindowPosition: 6 currentAminoAcid: T =&gt; 161
  input in matrix: state: C currentWindowPosition: 7 currentAminoAcid: T =&gt; 150
  input in matrix: state: C currentWindowPosition: 8 currentAminoAcid: T =&gt; 0
  input in matrix: state: C currentWindowPosition: 9 currentAminoAcid: T =&gt; 167
  input in matrix: state: C currentWindowPosition: 10 currentAminoAcid: T =&gt; 179
  input in matrix: state: C currentWindowPosition: 11 currentAminoAcid: T =&gt; 194
  input in matrix: state: C currentWindowPosition: 12 currentAminoAcid: T =&gt; 168
  input in matrix: state: C currentWindowPosition: 13 currentAminoAcid: T =&gt; 155
  input in matrix: state: C currentWindowPosition: 14 currentAminoAcid: T =&gt; 148
  input in matrix: state: C currentWindowPosition: 15 currentAminoAcid: T =&gt; 156
  input in matrix: state: C currentWindowPosition: 16 currentAminoAcid: T =&gt; 157
Process line: V	185	212	206	192	202	176	147	159	0	143	174	174	218	187	208	192	180
 data line!
  input in matrix: state: C currentWindowPosition: 0 currentAminoAcid: V =&gt; 185
  input in matrix: state: C currentWindowPosition: 1 currentAminoAcid: V =&gt; 212
  input in matrix: state: C currentWindowPosition: 2 currentAminoAcid: V =&gt; 206
  input in matrix: state: C currentWindowPosition: 3 currentAminoAcid: V =&gt; 192
  input in matrix: state: C currentWindowPosition: 4 currentAminoAcid: V =&gt; 202
  input in matrix: state: C currentWindowPosition: 5 currentAminoAcid: V =&gt; 176
  input in matrix: state: C currentWindowPosition: 6 currentAminoAcid: V =&gt; 147
  input in matrix: state: C currentWindowPosition: 7 currentAminoAcid: V =&gt; 159
  input in matrix: state: C currentWindowPosition: 8 currentAminoAcid: V =&gt; 0
  input in matrix: state: C currentWindowPosition: 9 currentAminoAcid: V =&gt; 143
  input in matrix: state: C currentWindowPosition: 10 currentAminoAcid: V =&gt; 174
  input in matrix: state: C currentWindowPosition: 11 currentAminoAcid: V =&gt; 174
  input in matrix: state: C currentWindowPosition: 12 currentAminoAcid: V =&gt; 218
  input in matrix: state: C currentWindowPosition: 13 currentAminoAcid: V =&gt; 187
  input in matrix: state: C currentWindowPosition: 14 currentAminoAcid: V =&gt; 208
  input in matrix: state: C currentWindowPosition: 15 currentAminoAcid: V =&gt; 192
  input in matrix: state: C currentWindowPosition: 16 currentAminoAcid: V =&gt; 180
Process line: W	31	36	47	39	38	40	40	32	0	44	30	51	53	50	52	34	39
 data line!
  input in matrix: state: C currentWindowPosition: 0 currentAminoAcid: W =&gt; 31
  input in matrix: state: C currentWindowPosition: 1 currentAminoAcid: W =&gt; 36
  input in matrix: state: C currentWindowPosition: 2 currentAminoAcid: W =&gt; 47
  input in matrix: state: C currentWindowPosition: 3 currentAminoAcid: W =&gt; 39
  input in matrix: state: C currentWindowPosition: 4 currentAminoAcid: W =&gt; 38
  input in matrix: state: C currentWindowPosition: 5 currentAminoAcid: W =&gt; 40
  input in matrix: state: C currentWindowPosition: 6 currentAminoAcid: W =&gt; 40
  input in matrix: state: C currentWindowPosition: 7 currentAminoAcid: W =&gt; 32
  input in matrix: state: C currentWindowPosition: 8 currentAminoAcid: W =&gt; 0
  input in matrix: state: C currentWindowPosition: 9 currentAminoAcid: W =&gt; 44
  input in matrix: state: C currentWindowPosition: 10 currentAminoAcid: W =&gt; 30
  input in matrix: state: C currentWindowPosition: 11 currentAminoAcid: W =&gt; 51
  input in matrix: state: C currentWindowPosition: 12 currentAminoAcid: W =&gt; 53
  input in matrix: state: C currentWindowPosition: 13 currentAminoAcid: W =&gt; 50
  input in matrix: state: C currentWindowPosition: 14 currentAminoAcid: W =&gt; 52
  input in matrix: state: C currentWindowPosition: 15 currentAminoAcid: W =&gt; 34
  input in matrix: state: C currentWindowPosition: 16 currentAminoAcid: W =&gt; 39
Process line: Y	100	109	90	123	108	126	87	92	0	103	102	88	122	92	104	130	96
 data line!
  input in matrix: state: C currentWindowPosition: 0 currentAminoAcid: Y =&gt; 100
  input in matrix: state: C currentWindowPosition: 1 currentAminoAcid: Y =&gt; 109
  input in matrix: state: C currentWindowPosition: 2 currentAminoAcid: Y =&gt; 90
  input in matrix: state: C currentWindowPosition: 3 currentAminoAcid: Y =&gt; 123
  input in matrix: state: C currentWindowPosition: 4 currentAminoAcid: Y =&gt; 108
  input in matrix: state: C currentWindowPosition: 5 currentAminoAcid: Y =&gt; 126
  input in matrix: state: C currentWindowPosition: 6 currentAminoAcid: Y =&gt; 87
  input in matrix: state: C currentWindowPosition: 7 currentAminoAcid: Y =&gt; 92
  input in matrix: state: C currentWindowPosition: 8 currentAminoAcid: Y =&gt; 0
  input in matrix: state: C currentWindowPosition: 9 currentAminoAcid: Y =&gt; 103
  input in matrix: state: C currentWindowPosition: 10 currentAminoAcid: Y =&gt; 102
  input in matrix: state: C currentWindowPosition: 11 currentAminoAcid: Y =&gt; 88
  input in matrix: state: C currentWindowPosition: 12 currentAminoAcid: Y =&gt; 122
  input in matrix: state: C currentWindowPosition: 13 currentAminoAcid: Y =&gt; 92
  input in matrix: state: C currentWindowPosition: 14 currentAminoAcid: Y =&gt; 104
  input in matrix: state: C currentWindowPosition: 15 currentAminoAcid: Y =&gt; 130
  input in matrix: state: C currentWindowPosition: 16 currentAminoAcid: Y =&gt; 96
Process line: 
 Skip line!
Process line: 
 Skip line!
Process line: =D,E=
 state line! (now in state: E)
Process line: 
 Skip line!
Process line: A	46	45	38	23	32	31	31	40	0	46	32	41	38	55	37	43	31
 data line!
  input in matrix: state: E currentWindowPosition: 0 currentAminoAcid: A =&gt; 46
  input in matrix: state: E currentWindowPosition: 1 currentAminoAcid: A =&gt; 45
  input in matrix: state: E currentWindowPosition: 2 currentAminoAcid: A =&gt; 38
  input in matrix: state: E currentWindowPosition: 3 currentAminoAcid: A =&gt; 23
  input in matrix: state: E currentWindowPosition: 4 currentAminoAcid: A =&gt; 32
  input in matrix: state: E currentWindowPosition: 5 currentAminoAcid: A =&gt; 31
  input in matrix: state: E currentWindowPosition: 6 currentAminoAcid: A =&gt; 31
  input in matrix: state: E currentWindowPosition: 7 currentAminoAcid: A =&gt; 40
  input in matrix: state: E currentWindowPosition: 8 currentAminoAcid: A =&gt; 0
  input in matrix: state: E currentWindowPosition: 9 currentAminoAcid: A =&gt; 46
  input in matrix: state: E currentWindowPosition: 10 currentAminoAcid: A =&gt; 32
  input in matrix: state: E currentWindowPosition: 11 currentAminoAcid: A =&gt; 41
  input in matrix: state: E currentWindowPosition: 12 currentAminoAcid: A =&gt; 38
  input in matrix: state: E currentWindowPosition: 13 currentAminoAcid: A =&gt; 55
  input in matrix: state: E currentWindowPosition: 14 currentAminoAcid: A =&gt; 37
  input in matrix: state: E currentWindowPosition: 15 currentAminoAcid: A =&gt; 43
  input in matrix: state: E currentWindowPosition: 16 currentAminoAcid: A =&gt; 31
Process line: C	11	8	9	4	13	7	6	7	0	8	7	11	8	7	8	7	10
 data line!
  input in matrix: state: E currentWindowPosition: 0 currentAminoAcid: C =&gt; 11
  input in matrix: state: E currentWindowPosition: 1 currentAminoAcid: C =&gt; 8
  input in matrix: state: E currentWindowPosition: 2 currentAminoAcid: C =&gt; 9
  input in matrix: state: E currentWindowPosition: 3 currentAminoAcid: C =&gt; 4
  input in matrix: state: E currentWindowPosition: 4 currentAminoAcid: C =&gt; 13
  input in matrix: state: E currentWindowPosition: 5 currentAminoAcid: C =&gt; 7
  input in matrix: state: E currentWindowPosition: 6 currentAminoAcid: C =&gt; 6
  input in matrix: state: E currentWindowPosition: 7 currentAminoAcid: C =&gt; 7
  input in matrix: state: E currentWindowPosition: 8 currentAminoAcid: C =&gt; 0
  input in matrix: state: E currentWindowPosition: 9 currentAminoAcid: C =&gt; 8
  input in matrix: state: E currentWindowPosition: 10 currentAminoAcid: C =&gt; 7
  input in matrix: state: E currentWindowPosition: 11 currentAminoAcid: C =&gt; 11
  input in matrix: state: E currentWindowPosition: 12 currentAminoAcid: C =&gt; 8
  input in matrix: state: E currentWindowPosition: 13 currentAminoAcid: C =&gt; 7
  input in matrix: state: E currentWindowPosition: 14 currentAminoAcid: C =&gt; 8
  input in matrix: state: E currentWindowPosition: 15 currentAminoAcid: C =&gt; 7
  input in matrix: state: E currentWindowPosition: 16 currentAminoAcid: C =&gt; 10
Process line: D	35	37	28	40	29	36	23	7	553	19	33	29	36	35	31	43	39
 data line!
  input in matrix: state: E currentWindowPosition: 0 currentAminoAcid: D =&gt; 35
  input in matrix: state: E currentWindowPosition: 1 currentAminoAcid: D =&gt; 37
  input in matrix: state: E currentWindowPosition: 2 currentAminoAcid: D =&gt; 28
  input in matrix: state: E currentWindowPosition: 3 currentAminoAcid: D =&gt; 40
  input in matrix: state: E currentWindowPosition: 4 currentAminoAcid: D =&gt; 29
  input in matrix: state: E currentWindowPosition: 5 currentAminoAcid: D =&gt; 36
  input in matrix: state: E currentWindowPosition: 6 currentAminoAcid: D =&gt; 23
  input in matrix: state: E currentWindowPosition: 7 currentAminoAcid: D =&gt; 7
  input in matrix: state: E currentWindowPosition: 8 currentAminoAcid: D =&gt; 553
  input in matrix: state: E currentWindowPosition: 9 currentAminoAcid: D =&gt; 19
  input in matrix: state: E currentWindowPosition: 10 currentAminoAcid: D =&gt; 33
  input in matrix: state: E currentWindowPosition: 11 currentAminoAcid: D =&gt; 29
  input in matrix: state: E currentWindowPosition: 12 currentAminoAcid: D =&gt; 36
  input in matrix: state: E currentWindowPosition: 13 currentAminoAcid: D =&gt; 35
  input in matrix: state: E currentWindowPosition: 14 currentAminoAcid: D =&gt; 31
  input in matrix: state: E currentWindowPosition: 15 currentAminoAcid: D =&gt; 43
  input in matrix: state: E currentWindowPosition: 16 currentAminoAcid: D =&gt; 39
Process line: E	30	22	28	29	29	30	32	15	0	19	27	26	32	33	39	27	26
 data line!
  input in matrix: state: E currentWindowPosition: 0 currentAminoAcid: E =&gt; 30
  input in matrix: state: E currentWindowPosition: 1 currentAminoAcid: E =&gt; 22
  input in matrix: state: E currentWindowPosition: 2 currentAminoAcid: E =&gt; 28
  input in matrix: state: E currentWindowPosition: 3 currentAminoAcid: E =&gt; 29
  input in matrix: state: E currentWindowPosition: 4 currentAminoAcid: E =&gt; 29
  input in matrix: state: E currentWindowPosition: 5 currentAminoAcid: E =&gt; 30
  input in matrix: state: E currentWindowPosition: 6 currentAminoAcid: E =&gt; 32
  input in matrix: state: E currentWindowPosition: 7 currentAminoAcid: E =&gt; 15
  input in matrix: state: E currentWindowPosition: 8 currentAminoAcid: E =&gt; 0
  input in matrix: state: E currentWindowPosition: 9 currentAminoAcid: E =&gt; 19
  input in matrix: state: E currentWindowPosition: 10 currentAminoAcid: E =&gt; 27
  input in matrix: state: E currentWindowPosition: 11 currentAminoAcid: E =&gt; 26
  input in matrix: state: E currentWindowPosition: 12 currentAminoAcid: E =&gt; 32
  input in matrix: state: E currentWindowPosition: 13 currentAminoAcid: E =&gt; 33
  input in matrix: state: E currentWindowPosition: 14 currentAminoAcid: E =&gt; 39
  input in matrix: state: E currentWindowPosition: 15 currentAminoAcid: E =&gt; 27
  input in matrix: state: E currentWindowPosition: 16 currentAminoAcid: E =&gt; 26
Process line: F	18	23	20	12	17	29	28	42	0	42	17	20	22	25	14	18	16
 data line!
  input in matrix: state: E currentWindowPosition: 0 currentAminoAcid: F =&gt; 18
  input in matrix: state: E currentWindowPosition: 1 currentAminoAcid: F =&gt; 23
  input in matrix: state: E currentWindowPosition: 2 currentAminoAcid: F =&gt; 20
  input in matrix: state: E currentWindowPosition: 3 currentAminoAcid: F =&gt; 12
  input in matrix: state: E currentWindowPosition: 4 currentAminoAcid: F =&gt; 17
  input in matrix: state: E currentWindowPosition: 5 currentAminoAcid: F =&gt; 29
  input in matrix: state: E currentWindowPosition: 6 currentAminoAcid: F =&gt; 28
  input in matrix: state: E currentWindowPosition: 7 currentAminoAcid: F =&gt; 42
  input in matrix: state: E currentWindowPosition: 8 currentAminoAcid: F =&gt; 0
  input in matrix: state: E currentWindowPosition: 9 currentAminoAcid: F =&gt; 42
  input in matrix: state: E currentWindowPosition: 10 currentAminoAcid: F =&gt; 17
  input in matrix: state: E currentWindowPosition: 11 currentAminoAcid: F =&gt; 20
  input in matrix: state: E currentWindowPosition: 12 currentAminoAcid: F =&gt; 22
  input in matrix: state: E currentWindowPosition: 13 currentAminoAcid: F =&gt; 25
  input in matrix: state: E currentWindowPosition: 14 currentAminoAcid: F =&gt; 14
  input in matrix: state: E currentWindowPosition: 15 currentAminoAcid: F =&gt; 18
  input in matrix: state: E currentWindowPosition: 16 currentAminoAcid: F =&gt; 16
Process line: G	58	51	48	62	61	49	41	40	0	29	43	51	63	46	56	51	36
 data line!
  input in matrix: state: E currentWindowPosition: 0 currentAminoAcid: G =&gt; 58
  input in matrix: state: E currentWindowPosition: 1 currentAminoAcid: G =&gt; 51
  input in matrix: state: E currentWindowPosition: 2 currentAminoAcid: G =&gt; 48
  input in matrix: state: E currentWindowPosition: 3 currentAminoAcid: G =&gt; 62
  input in matrix: state: E currentWindowPosition: 4 currentAminoAcid: G =&gt; 61
  input in matrix: state: E currentWindowPosition: 5 currentAminoAcid: G =&gt; 49
  input in matrix: state: E currentWindowPosition: 6 currentAminoAcid: G =&gt; 41
  input in matrix: state: E currentWindowPosition: 7 currentAminoAcid: G =&gt; 40
  input in matrix: state: E currentWindowPosition: 8 currentAminoAcid: G =&gt; 0
  input in matrix: state: E currentWindowPosition: 9 currentAminoAcid: G =&gt; 29
  input in matrix: state: E currentWindowPosition: 10 currentAminoAcid: G =&gt; 43
  input in matrix: state: E currentWindowPosition: 11 currentAminoAcid: G =&gt; 51
  input in matrix: state: E currentWindowPosition: 12 currentAminoAcid: G =&gt; 63
  input in matrix: state: E currentWindowPosition: 13 currentAminoAcid: G =&gt; 46
  input in matrix: state: E currentWindowPosition: 14 currentAminoAcid: G =&gt; 56
  input in matrix: state: E currentWindowPosition: 15 currentAminoAcid: G =&gt; 51
  input in matrix: state: E currentWindowPosition: 16 currentAminoAcid: G =&gt; 36
Process line: H	13	18	10	19	9	13	13	7	0	8	16	15	16	7	14	15	17
 data line!
  input in matrix: state: E currentWindowPosition: 0 currentAminoAcid: H =&gt; 13
  input in matrix: state: E currentWindowPosition: 1 currentAminoAcid: H =&gt; 18
  input in matrix: state: E currentWindowPosition: 2 currentAminoAcid: H =&gt; 10
  input in matrix: state: E currentWindowPosition: 3 currentAminoAcid: H =&gt; 19
  input in matrix: state: E currentWindowPosition: 4 currentAminoAcid: H =&gt; 9
  input in matrix: state: E currentWindowPosition: 5 currentAminoAcid: H =&gt; 13
  input in matrix: state: E currentWindowPosition: 6 currentAminoAcid: H =&gt; 13
  input in matrix: state: E currentWindowPosition: 7 currentAminoAcid: H =&gt; 7
  input in matrix: state: E currentWindowPosition: 8 currentAminoAcid: H =&gt; 0
  input in matrix: state: E currentWindowPosition: 9 currentAminoAcid: H =&gt; 8
  input in matrix: state: E currentWindowPosition: 10 currentAminoAcid: H =&gt; 16
  input in matrix: state: E currentWindowPosition: 11 currentAminoAcid: H =&gt; 15
  input in matrix: state: E currentWindowPosition: 12 currentAminoAcid: H =&gt; 16
  input in matrix: state: E currentWindowPosition: 13 currentAminoAcid: H =&gt; 7
  input in matrix: state: E currentWindowPosition: 14 currentAminoAcid: H =&gt; 14
  input in matrix: state: E currentWindowPosition: 15 currentAminoAcid: H =&gt; 15
  input in matrix: state: E currentWindowPosition: 16 currentAminoAcid: H =&gt; 17
Process line: I	33	35	31	25	33	42	50	73	0	61	43	37	30	24	38	21	28
 data line!
  input in matrix: state: E currentWindowPosition: 0 currentAminoAcid: I =&gt; 33
  input in matrix: state: E currentWindowPosition: 1 currentAminoAcid: I =&gt; 35
  input in matrix: state: E currentWindowPosition: 2 currentAminoAcid: I =&gt; 31
  input in matrix: state: E currentWindowPosition: 3 currentAminoAcid: I =&gt; 25
  input in matrix: state: E currentWindowPosition: 4 currentAminoAcid: I =&gt; 33
  input in matrix: state: E currentWindowPosition: 5 currentAminoAcid: I =&gt; 42
  input in matrix: state: E currentWindowPosition: 6 currentAminoAcid: I =&gt; 50
  input in matrix: state: E currentWindowPosition: 7 currentAminoAcid: I =&gt; 73
  input in matrix: state: E currentWindowPosition: 8 currentAminoAcid: I =&gt; 0
  input in matrix: state: E currentWindowPosition: 9 currentAminoAcid: I =&gt; 61
  input in matrix: state: E currentWindowPosition: 10 currentAminoAcid: I =&gt; 43
  input in matrix: state: E currentWindowPosition: 11 currentAminoAcid: I =&gt; 37
  input in matrix: state: E currentWindowPosition: 12 currentAminoAcid: I =&gt; 30
  input in matrix: state: E currentWindowPosition: 13 currentAminoAcid: I =&gt; 24
  input in matrix: state: E currentWindowPosition: 14 currentAminoAcid: I =&gt; 38
  input in matrix: state: E currentWindowPosition: 15 currentAminoAcid: I =&gt; 21
  input in matrix: state: E currentWindowPosition: 16 currentAminoAcid: I =&gt; 28
Process line: K	40	32	36	42	16	24	26	15	0	12	41	27	23	35	26	34	46
 data line!
  input in matrix: state: E currentWindowPosition: 0 currentAminoAcid: K =&gt; 40
  input in matrix: state: E currentWindowPosition: 1 currentAminoAcid: K =&gt; 32
  input in matrix: state: E currentWindowPosition: 2 currentAminoAcid: K =&gt; 36
  input in matrix: state: E currentWindowPosition: 3 currentAminoAcid: K =&gt; 42
  input in matrix: state: E currentWindowPosition: 4 currentAminoAcid: K =&gt; 16
  input in matrix: state: E currentWindowPosition: 5 currentAminoAcid: K =&gt; 24
  input in matrix: state: E currentWindowPosition: 6 currentAminoAcid: K =&gt; 26
  input in matrix: state: E currentWindowPosition: 7 currentAminoAcid: K =&gt; 15
  input in matrix: state: E currentWindowPosition: 8 currentAminoAcid: K =&gt; 0
  input in matrix: state: E currentWindowPosition: 9 currentAminoAcid: K =&gt; 12
  input in matrix: state: E currentWindowPosition: 10 currentAminoAcid: K =&gt; 41
  input in matrix: state: E currentWindowPosition: 11 currentAminoAcid: K =&gt; 27
  input in matrix: state: E currentWindowPosition: 12 currentAminoAcid: K =&gt; 23
  input in matrix: state: E currentWindowPosition: 13 currentAminoAcid: K =&gt; 35
  input in matrix: state: E currentWindowPosition: 14 currentAminoAcid: K =&gt; 26
  input in matrix: state: E currentWindowPosition: 15 currentAminoAcid: K =&gt; 34
  input in matrix: state: E currentWindowPosition: 16 currentAminoAcid: K =&gt; 46
Process line: L	44	35	41	41	48	50	48	74	0	61	24	37	30	47	34	36	51
 data line!
  input in matrix: state: E currentWindowPosition: 0 currentAminoAcid: L =&gt; 44
  input in matrix: state: E currentWindowPosition: 1 currentAminoAcid: L =&gt; 35
  input in matrix: state: E currentWindowPosition: 2 currentAminoAcid: L =&gt; 41
  input in matrix: state: E currentWindowPosition: 3 currentAminoAcid: L =&gt; 41
  input in matrix: state: E currentWindowPosition: 4 currentAminoAcid: L =&gt; 48
  input in matrix: state: E currentWindowPosition: 5 currentAminoAcid: L =&gt; 50
  input in matrix: state: E currentWindowPosition: 6 currentAminoAcid: L =&gt; 48
  input in matrix: state: E currentWindowPosition: 7 currentAminoAcid: L =&gt; 74
  input in matrix: state: E currentWindowPosition: 8 currentAminoAcid: L =&gt; 0
  input in matrix: state: E currentWindowPosition: 9 currentAminoAcid: L =&gt; 61
  input in matrix: state: E currentWindowPosition: 10 currentAminoAcid: L =&gt; 24
  input in matrix: state: E currentWindowPosition: 11 currentAminoAcid: L =&gt; 37
  input in matrix: state: E currentWindowPosition: 12 currentAminoAcid: L =&gt; 30
  input in matrix: state: E currentWindowPosition: 13 currentAminoAcid: L =&gt; 47
  input in matrix: state: E currentWindowPosition: 14 currentAminoAcid: L =&gt; 34
  input in matrix: state: E currentWindowPosition: 15 currentAminoAcid: L =&gt; 36
  input in matrix: state: E currentWindowPosition: 16 currentAminoAcid: L =&gt; 51
Process line: M	15	9	9	10	9	9	15	10	0	11	5	9	6	8	7	6	18
 data line!
  input in matrix: state: E currentWindowPosition: 0 currentAminoAcid: M =&gt; 15
  input in matrix: state: E currentWindowPosition: 1 currentAminoAcid: M =&gt; 9
  input in matrix: state: E currentWindowPosition: 2 currentAminoAcid: M =&gt; 9
  input in matrix: state: E currentWindowPosition: 3 currentAminoAcid: M =&gt; 10
  input in matrix: state: E currentWindowPosition: 4 currentAminoAcid: M =&gt; 9
  input in matrix: state: E currentWindowPosition: 5 currentAminoAcid: M =&gt; 9
  input in matrix: state: E currentWindowPosition: 6 currentAminoAcid: M =&gt; 15
  input in matrix: state: E currentWindowPosition: 7 currentAminoAcid: M =&gt; 10
  input in matrix: state: E currentWindowPosition: 8 currentAminoAcid: M =&gt; 0
  input in matrix: state: E currentWindowPosition: 9 currentAminoAcid: M =&gt; 11
  input in matrix: state: E currentWindowPosition: 10 currentAminoAcid: M =&gt; 5
  input in matrix: state: E currentWindowPosition: 11 currentAminoAcid: M =&gt; 9
  input in matrix: state: E currentWindowPosition: 12 currentAminoAcid: M =&gt; 6
  input in matrix: state: E currentWindowPosition: 13 currentAminoAcid: M =&gt; 8
  input in matrix: state: E currentWindowPosition: 14 currentAminoAcid: M =&gt; 7
  input in matrix: state: E currentWindowPosition: 15 currentAminoAcid: M =&gt; 6
  input in matrix: state: E currentWindowPosition: 16 currentAminoAcid: M =&gt; 18
Process line: N	32	41	28	31	22	18	21	9	0	30	24	27	35	28	26	27	24
 data line!
  input in matrix: state: E currentWindowPosition: 0 currentAminoAcid: N =&gt; 32
  input in matrix: state: E currentWindowPosition: 1 currentAminoAcid: N =&gt; 41
  input in matrix: state: E currentWindowPosition: 2 currentAminoAcid: N =&gt; 28
  input in matrix: state: E currentWindowPosition: 3 currentAminoAcid: N =&gt; 31
  input in matrix: state: E currentWindowPosition: 4 currentAminoAcid: N =&gt; 22
  input in matrix: state: E currentWindowPosition: 5 currentAminoAcid: N =&gt; 18
  input in matrix: state: E currentWindowPosition: 6 currentAminoAcid: N =&gt; 21
  input in matrix: state: E currentWindowPosition: 7 currentAminoAcid: N =&gt; 9
  input in matrix: state: E currentWindowPosition: 8 currentAminoAcid: N =&gt; 0
  input in matrix: state: E currentWindowPosition: 9 currentAminoAcid: N =&gt; 30
  input in matrix: state: E currentWindowPosition: 10 currentAminoAcid: N =&gt; 24
  input in matrix: state: E currentWindowPosition: 11 currentAminoAcid: N =&gt; 27
  input in matrix: state: E currentWindowPosition: 12 currentAminoAcid: N =&gt; 35
  input in matrix: state: E currentWindowPosition: 13 currentAminoAcid: N =&gt; 28
  input in matrix: state: E currentWindowPosition: 14 currentAminoAcid: N =&gt; 26
  input in matrix: state: E currentWindowPosition: 15 currentAminoAcid: N =&gt; 27
  input in matrix: state: E currentWindowPosition: 16 currentAminoAcid: N =&gt; 24
Process line: P	23	38	25	25	20	18	20	11	0	18	18	19	21	18	32	22	28
 data line!
  input in matrix: state: E currentWindowPosition: 0 currentAminoAcid: P =&gt; 23
  input in matrix: state: E currentWindowPosition: 1 currentAminoAcid: P =&gt; 38
  input in matrix: state: E currentWindowPosition: 2 currentAminoAcid: P =&gt; 25
  input in matrix: state: E currentWindowPosition: 3 currentAminoAcid: P =&gt; 25
  input in matrix: state: E currentWindowPosition: 4 currentAminoAcid: P =&gt; 20
  input in matrix: state: E currentWindowPosition: 5 currentAminoAcid: P =&gt; 18
  input in matrix: state: E currentWindowPosition: 6 currentAminoAcid: P =&gt; 20
  input in matrix: state: E currentWindowPosition: 7 currentAminoAcid: P =&gt; 11
  input in matrix: state: E currentWindowPosition: 8 currentAminoAcid: P =&gt; 0
  input in matrix: state: E currentWindowPosition: 9 currentAminoAcid: P =&gt; 18
  input in matrix: state: E currentWindowPosition: 10 currentAminoAcid: P =&gt; 18
  input in matrix: state: E currentWindowPosition: 11 currentAminoAcid: P =&gt; 19
  input in matrix: state: E currentWindowPosition: 12 currentAminoAcid: P =&gt; 21
  input in matrix: state: E currentWindowPosition: 13 currentAminoAcid: P =&gt; 18
  input in matrix: state: E currentWindowPosition: 14 currentAminoAcid: P =&gt; 32
  input in matrix: state: E currentWindowPosition: 15 currentAminoAcid: P =&gt; 22
  input in matrix: state: E currentWindowPosition: 16 currentAminoAcid: P =&gt; 28
Process line: Q	24	22	16	18	14	16	17	15	0	7	25	19	28	16	14	24	22
 data line!
  input in matrix: state: E currentWindowPosition: 0 currentAminoAcid: Q =&gt; 24
  input in matrix: state: E currentWindowPosition: 1 currentAminoAcid: Q =&gt; 22
  input in matrix: state: E currentWindowPosition: 2 currentAminoAcid: Q =&gt; 16
  input in matrix: state: E currentWindowPosition: 3 currentAminoAcid: Q =&gt; 18
  input in matrix: state: E currentWindowPosition: 4 currentAminoAcid: Q =&gt; 14
  input in matrix: state: E currentWindowPosition: 5 currentAminoAcid: Q =&gt; 16
  input in matrix: state: E currentWindowPosition: 6 currentAminoAcid: Q =&gt; 17
  input in matrix: state: E currentWindowPosition: 7 currentAminoAcid: Q =&gt; 15
  input in matrix: state: E currentWindowPosition: 8 currentAminoAcid: Q =&gt; 0
  input in matrix: state: E currentWindowPosition: 9 currentAminoAcid: Q =&gt; 7
  input in matrix: state: E currentWindowPosition: 10 currentAminoAcid: Q =&gt; 25
  input in matrix: state: E currentWindowPosition: 11 currentAminoAcid: Q =&gt; 19
  input in matrix: state: E currentWindowPosition: 12 currentAminoAcid: Q =&gt; 28
  input in matrix: state: E currentWindowPosition: 13 currentAminoAcid: Q =&gt; 16
  input in matrix: state: E currentWindowPosition: 14 currentAminoAcid: Q =&gt; 14
  input in matrix: state: E currentWindowPosition: 15 currentAminoAcid: Q =&gt; 24
  input in matrix: state: E currentWindowPosition: 16 currentAminoAcid: Q =&gt; 22
Process line: R	26	17	32	28	21	28	25	12	0	12	39	27	16	27	22	25	12
 data line!
  input in matrix: state: E currentWindowPosition: 0 currentAminoAcid: R =&gt; 26
  input in matrix: state: E currentWindowPosition: 1 currentAminoAcid: R =&gt; 17
  input in matrix: state: E currentWindowPosition: 2 currentAminoAcid: R =&gt; 32
  input in matrix: state: E currentWindowPosition: 3 currentAminoAcid: R =&gt; 28
  input in matrix: state: E currentWindowPosition: 4 currentAminoAcid: R =&gt; 21
  input in matrix: state: E currentWindowPosition: 5 currentAminoAcid: R =&gt; 28
  input in matrix: state: E currentWindowPosition: 6 currentAminoAcid: R =&gt; 25
  input in matrix: state: E currentWindowPosition: 7 currentAminoAcid: R =&gt; 12
  input in matrix: state: E currentWindowPosition: 8 currentAminoAcid: R =&gt; 0
  input in matrix: state: E currentWindowPosition: 9 currentAminoAcid: R =&gt; 12
  input in matrix: state: E currentWindowPosition: 10 currentAminoAcid: R =&gt; 39
  input in matrix: state: E currentWindowPosition: 11 currentAminoAcid: R =&gt; 27
  input in matrix: state: E currentWindowPosition: 12 currentAminoAcid: R =&gt; 16
  input in matrix: state: E currentWindowPosition: 13 currentAminoAcid: R =&gt; 27
  input in matrix: state: E currentWindowPosition: 14 currentAminoAcid: R =&gt; 22
  input in matrix: state: E currentWindowPosition: 15 currentAminoAcid: R =&gt; 25
  input in matrix: state: E currentWindowPosition: 16 currentAminoAcid: R =&gt; 12
Process line: S	29	33	39	34	44	37	25	20	0	43	35	40	37	36	45	41	36
 data line!
  input in matrix: state: E currentWindowPosition: 0 currentAminoAcid: S =&gt; 29
  input in matrix: state: E currentWindowPosition: 1 currentAminoAcid: S =&gt; 33
  input in matrix: state: E currentWindowPosition: 2 currentAminoAcid: S =&gt; 39
  input in matrix: state: E currentWindowPosition: 3 currentAminoAcid: S =&gt; 34
  input in matrix: state: E currentWindowPosition: 4 currentAminoAcid: S =&gt; 44
  input in matrix: state: E currentWindowPosition: 5 currentAminoAcid: S =&gt; 37
  input in matrix: state: E currentWindowPosition: 6 currentAminoAcid: S =&gt; 25
  input in matrix: state: E currentWindowPosition: 7 currentAminoAcid: S =&gt; 20
  input in matrix: state: E currentWindowPosition: 8 currentAminoAcid: S =&gt; 0
  input in matrix: state: E currentWindowPosition: 9 currentAminoAcid: S =&gt; 43
  input in matrix: state: E currentWindowPosition: 10 currentAminoAcid: S =&gt; 35
  input in matrix: state: E currentWindowPosition: 11 currentAminoAcid: S =&gt; 40
  input in matrix: state: E currentWindowPosition: 12 currentAminoAcid: S =&gt; 37
  input in matrix: state: E currentWindowPosition: 13 currentAminoAcid: S =&gt; 36
  input in matrix: state: E currentWindowPosition: 14 currentAminoAcid: S =&gt; 45
  input in matrix: state: E currentWindowPosition: 15 currentAminoAcid: S =&gt; 41
  input in matrix: state: E currentWindowPosition: 16 currentAminoAcid: S =&gt; 36
Process line: T	32	31	39	43	48	32	44	25	0	29	35	42	37	44	42	36	44
 data line!
  input in matrix: state: E currentWindowPosition: 0 currentAminoAcid: T =&gt; 32
  input in matrix: state: E currentWindowPosition: 1 currentAminoAcid: T =&gt; 31
  input in matrix: state: E currentWindowPosition: 2 currentAminoAcid: T =&gt; 39
  input in matrix: state: E currentWindowPosition: 3 currentAminoAcid: T =&gt; 43
  input in matrix: state: E currentWindowPosition: 4 currentAminoAcid: T =&gt; 48
  input in matrix: state: E currentWindowPosition: 5 currentAminoAcid: T =&gt; 32
  input in matrix: state: E currentWindowPosition: 6 currentAminoAcid: T =&gt; 44
  input in matrix: state: E currentWindowPosition: 7 currentAminoAcid: T =&gt; 25
  input in matrix: state: E currentWindowPosition: 8 currentAminoAcid: T =&gt; 0
  input in matrix: state: E currentWindowPosition: 9 currentAminoAcid: T =&gt; 29
  input in matrix: state: E currentWindowPosition: 10 currentAminoAcid: T =&gt; 35
  input in matrix: state: E currentWindowPosition: 11 currentAminoAcid: T =&gt; 42
  input in matrix: state: E currentWindowPosition: 12 currentAminoAcid: T =&gt; 37
  input in matrix: state: E currentWindowPosition: 13 currentAminoAcid: T =&gt; 44
  input in matrix: state: E currentWindowPosition: 14 currentAminoAcid: T =&gt; 42
  input in matrix: state: E currentWindowPosition: 15 currentAminoAcid: T =&gt; 36
  input in matrix: state: E currentWindowPosition: 16 currentAminoAcid: T =&gt; 44
Process line: V	23	32	31	36	58	50	59	70	0	60	46	36	42	36	40	43	40
 data line!
  input in matrix: state: E currentWindowPosition: 0 currentAminoAcid: V =&gt; 23
  input in matrix: state: E currentWindowPosition: 1 currentAminoAcid: V =&gt; 32
  input in matrix: state: E currentWindowPosition: 2 currentAminoAcid: V =&gt; 31
  input in matrix: state: E currentWindowPosition: 3 currentAminoAcid: V =&gt; 36
  input in matrix: state: E currentWindowPosition: 4 currentAminoAcid: V =&gt; 58
  input in matrix: state: E currentWindowPosition: 5 currentAminoAcid: V =&gt; 50
  input in matrix: state: E currentWindowPosition: 6 currentAminoAcid: V =&gt; 59
  input in matrix: state: E currentWindowPosition: 7 currentAminoAcid: V =&gt; 70
  input in matrix: state: E currentWindowPosition: 8 currentAminoAcid: V =&gt; 0
  input in matrix: state: E currentWindowPosition: 9 currentAminoAcid: V =&gt; 60
  input in matrix: state: E currentWindowPosition: 10 currentAminoAcid: V =&gt; 46
  input in matrix: state: E currentWindowPosition: 11 currentAminoAcid: V =&gt; 36
  input in matrix: state: E currentWindowPosition: 12 currentAminoAcid: V =&gt; 42
  input in matrix: state: E currentWindowPosition: 13 currentAminoAcid: V =&gt; 36
  input in matrix: state: E currentWindowPosition: 14 currentAminoAcid: V =&gt; 40
  input in matrix: state: E currentWindowPosition: 15 currentAminoAcid: V =&gt; 43
  input in matrix: state: E currentWindowPosition: 16 currentAminoAcid: V =&gt; 40
Process line: W	4	8	11	7	11	12	8	22	0	11	15	13	13	7	10	14	10
 data line!
  input in matrix: state: E currentWindowPosition: 0 currentAminoAcid: W =&gt; 4
  input in matrix: state: E currentWindowPosition: 1 currentAminoAcid: W =&gt; 8
  input in matrix: state: E currentWindowPosition: 2 currentAminoAcid: W =&gt; 11
  input in matrix: state: E currentWindowPosition: 3 currentAminoAcid: W =&gt; 7
  input in matrix: state: E currentWindowPosition: 4 currentAminoAcid: W =&gt; 11
  input in matrix: state: E currentWindowPosition: 5 currentAminoAcid: W =&gt; 12
  input in matrix: state: E currentWindowPosition: 6 currentAminoAcid: W =&gt; 8
  input in matrix: state: E currentWindowPosition: 7 currentAminoAcid: W =&gt; 22
  input in matrix: state: E currentWindowPosition: 8 currentAminoAcid: W =&gt; 0
  input in matrix: state: E currentWindowPosition: 9 currentAminoAcid: W =&gt; 11
  input in matrix: state: E currentWindowPosition: 10 currentAminoAcid: W =&gt; 15
  input in matrix: state: E currentWindowPosition: 11 currentAminoAcid: W =&gt; 13
  input in matrix: state: E currentWindowPosition: 12 currentAminoAcid: W =&gt; 13
  input in matrix: state: E currentWindowPosition: 13 currentAminoAcid: W =&gt; 7
  input in matrix: state: E currentWindowPosition: 14 currentAminoAcid: W =&gt; 10
  input in matrix: state: E currentWindowPosition: 15 currentAminoAcid: W =&gt; 14
  input in matrix: state: E currentWindowPosition: 16 currentAminoAcid: W =&gt; 10
Process line: Y	17	16	34	24	19	22	21	39	0	27	28	27	20	19	18	20	19
 data line!
  input in matrix: state: E currentWindowPosition: 0 currentAminoAcid: Y =&gt; 17
  input in matrix: state: E currentWindowPosition: 1 currentAminoAcid: Y =&gt; 16
  input in matrix: state: E currentWindowPosition: 2 currentAminoAcid: Y =&gt; 34
  input in matrix: state: E currentWindowPosition: 3 currentAminoAcid: Y =&gt; 24
  input in matrix: state: E currentWindowPosition: 4 currentAminoAcid: Y =&gt; 19
  input in matrix: state: E currentWindowPosition: 5 currentAminoAcid: Y =&gt; 22
  input in matrix: state: E currentWindowPosition: 6 currentAminoAcid: Y =&gt; 21
  input in matrix: state: E currentWindowPosition: 7 currentAminoAcid: Y =&gt; 39
  input in matrix: state: E currentWindowPosition: 8 currentAminoAcid: Y =&gt; 0
  input in matrix: state: E currentWindowPosition: 9 currentAminoAcid: Y =&gt; 27
  input in matrix: state: E currentWindowPosition: 10 currentAminoAcid: Y =&gt; 28
  input in matrix: state: E currentWindowPosition: 11 currentAminoAcid: Y =&gt; 27
  input in matrix: state: E currentWindowPosition: 12 currentAminoAcid: Y =&gt; 20
  input in matrix: state: E currentWindowPosition: 13 currentAminoAcid: Y =&gt; 19
  input in matrix: state: E currentWindowPosition: 14 currentAminoAcid: Y =&gt; 18
  input in matrix: state: E currentWindowPosition: 15 currentAminoAcid: Y =&gt; 20
  input in matrix: state: E currentWindowPosition: 16 currentAminoAcid: Y =&gt; 19
Process line: 
 Skip line!
Process line: 
 Skip line!
Process line: =D,H=
 state line! (now in state: H)
Process line: 
 Skip line!
Process line: A	141	122	133	130	136	128	132	144	0	178	160	165	160	162	151	138	150
 data line!
  input in matrix: state: H currentWindowPosition: 0 currentAminoAcid: A =&gt; 141
  input in matrix: state: H currentWindowPosition: 1 currentAminoAcid: A =&gt; 122
  input in matrix: state: H currentWindowPosition: 2 currentAminoAcid: A =&gt; 133
  input in matrix: state: H currentWindowPosition: 3 currentAminoAcid: A =&gt; 130
  input in matrix: state: H currentWindowPosition: 4 currentAminoAcid: A =&gt; 136
  input in matrix: state: H currentWindowPosition: 5 currentAminoAcid: A =&gt; 128
  input in matrix: state: H currentWindowPosition: 6 currentAminoAcid: A =&gt; 132
  input in matrix: state: H currentWindowPosition: 7 currentAminoAcid: A =&gt; 144
  input in matrix: state: H currentWindowPosition: 8 currentAminoAcid: A =&gt; 0
  input in matrix: state: H currentWindowPosition: 9 currentAminoAcid: A =&gt; 178
  input in matrix: state: H currentWindowPosition: 10 currentAminoAcid: A =&gt; 160
  input in matrix: state: H currentWindowPosition: 11 currentAminoAcid: A =&gt; 165
  input in matrix: state: H currentWindowPosition: 12 currentAminoAcid: A =&gt; 160
  input in matrix: state: H currentWindowPosition: 13 currentAminoAcid: A =&gt; 162
  input in matrix: state: H currentWindowPosition: 14 currentAminoAcid: A =&gt; 151
  input in matrix: state: H currentWindowPosition: 15 currentAminoAcid: A =&gt; 138
  input in matrix: state: H currentWindowPosition: 16 currentAminoAcid: A =&gt; 150
Process line: C	16	14	19	26	15	17	23	20	0	22	31	18	10	18	30	23	16
 data line!
  input in matrix: state: H currentWindowPosition: 0 currentAminoAcid: C =&gt; 16
  input in matrix: state: H currentWindowPosition: 1 currentAminoAcid: C =&gt; 14
  input in matrix: state: H currentWindowPosition: 2 currentAminoAcid: C =&gt; 19
  input in matrix: state: H currentWindowPosition: 3 currentAminoAcid: C =&gt; 26
  input in matrix: state: H currentWindowPosition: 4 currentAminoAcid: C =&gt; 15
  input in matrix: state: H currentWindowPosition: 5 currentAminoAcid: C =&gt; 17
  input in matrix: state: H currentWindowPosition: 6 currentAminoAcid: C =&gt; 23
  input in matrix: state: H currentWindowPosition: 7 currentAminoAcid: C =&gt; 20
  input in matrix: state: H currentWindowPosition: 8 currentAminoAcid: C =&gt; 0
  input in matrix: state: H currentWindowPosition: 9 currentAminoAcid: C =&gt; 22
  input in matrix: state: H currentWindowPosition: 10 currentAminoAcid: C =&gt; 31
  input in matrix: state: H currentWindowPosition: 11 currentAminoAcid: C =&gt; 18
  input in matrix: state: H currentWindowPosition: 12 currentAminoAcid: C =&gt; 10
  input in matrix: state: H currentWindowPosition: 13 currentAminoAcid: C =&gt; 18
  input in matrix: state: H currentWindowPosition: 14 currentAminoAcid: C =&gt; 30
  input in matrix: state: H currentWindowPosition: 15 currentAminoAcid: C =&gt; 23
  input in matrix: state: H currentWindowPosition: 16 currentAminoAcid: C =&gt; 16
Process line: D	83	103	91	77	91	93	60	83	1416	66	43	72	75	64	56	100	86
 data line!
  input in matrix: state: H currentWindowPosition: 0 currentAminoAcid: D =&gt; 83
  input in matrix: state: H currentWindowPosition: 1 currentAminoAcid: D =&gt; 103
  input in matrix: state: H currentWindowPosition: 2 currentAminoAcid: D =&gt; 91
  input in matrix: state: H currentWindowPosition: 3 currentAminoAcid: D =&gt; 77
  input in matrix: state: H currentWindowPosition: 4 currentAminoAcid: D =&gt; 91
  input in matrix: state: H currentWindowPosition: 5 currentAminoAcid: D =&gt; 93
  input in matrix: state: H currentWindowPosition: 6 currentAminoAcid: D =&gt; 60
  input in matrix: state: H currentWindowPosition: 7 currentAminoAcid: D =&gt; 83
  input in matrix: state: H currentWindowPosition: 8 currentAminoAcid: D =&gt; 1416
  input in matrix: state: H currentWindowPosition: 9 currentAminoAcid: D =&gt; 66
  input in matrix: state: H currentWindowPosition: 10 currentAminoAcid: D =&gt; 43
  input in matrix: state: H currentWindowPosition: 11 currentAminoAcid: D =&gt; 72
  input in matrix: state: H currentWindowPosition: 12 currentAminoAcid: D =&gt; 75
  input in matrix: state: H currentWindowPosition: 13 currentAminoAcid: D =&gt; 64
  input in matrix: state: H currentWindowPosition: 14 currentAminoAcid: D =&gt; 56
  input in matrix: state: H currentWindowPosition: 15 currentAminoAcid: D =&gt; 100
  input in matrix: state: H currentWindowPosition: 16 currentAminoAcid: D =&gt; 86
Process line: E	92	134	90	85	83	100	59	98	0	114	66	76	104	72	71	104	89
 data line!
  input in matrix: state: H currentWindowPosition: 0 currentAminoAcid: E =&gt; 92
  input in matrix: state: H currentWindowPosition: 1 currentAminoAcid: E =&gt; 134
  input in matrix: state: H currentWindowPosition: 2 currentAminoAcid: E =&gt; 90
  input in matrix: state: H currentWindowPosition: 3 currentAminoAcid: E =&gt; 85
  input in matrix: state: H currentWindowPosition: 4 currentAminoAcid: E =&gt; 83
  input in matrix: state: H currentWindowPosition: 5 currentAminoAcid: E =&gt; 100
  input in matrix: state: H currentWindowPosition: 6 currentAminoAcid: E =&gt; 59
  input in matrix: state: H currentWindowPosition: 7 currentAminoAcid: E =&gt; 98
  input in matrix: state: H currentWindowPosition: 8 currentAminoAcid: E =&gt; 0
  input in matrix: state: H currentWindowPosition: 9 currentAminoAcid: E =&gt; 114
  input in matrix: state: H currentWindowPosition: 10 currentAminoAcid: E =&gt; 66
  input in matrix: state: H currentWindowPosition: 11 currentAminoAcid: E =&gt; 76
  input in matrix: state: H currentWindowPosition: 12 currentAminoAcid: E =&gt; 104
  input in matrix: state: H currentWindowPosition: 13 currentAminoAcid: E =&gt; 72
  input in matrix: state: H currentWindowPosition: 14 currentAminoAcid: E =&gt; 71
  input in matrix: state: H currentWindowPosition: 15 currentAminoAcid: E =&gt; 104
  input in matrix: state: H currentWindowPosition: 16 currentAminoAcid: E =&gt; 89
Process line: F	59	44	61	63	40	49	80	56	0	77	85	52	39	67	68	47	54
 data line!
  input in matrix: state: H currentWindowPosition: 0 currentAminoAcid: F =&gt; 59
  input in matrix: state: H currentWindowPosition: 1 currentAminoAcid: F =&gt; 44
  input in matrix: state: H currentWindowPosition: 2 currentAminoAcid: F =&gt; 61
  input in matrix: state: H currentWindowPosition: 3 currentAminoAcid: F =&gt; 63
  input in matrix: state: H currentWindowPosition: 4 currentAminoAcid: F =&gt; 40
  input in matrix: state: H currentWindowPosition: 5 currentAminoAcid: F =&gt; 49
  input in matrix: state: H currentWindowPosition: 6 currentAminoAcid: F =&gt; 80
  input in matrix: state: H currentWindowPosition: 7 currentAminoAcid: F =&gt; 56
  input in matrix: state: H currentWindowPosition: 8 currentAminoAcid: F =&gt; 0
  input in matrix: state: H currentWindowPosition: 9 currentAminoAcid: F =&gt; 77
  input in matrix: state: H currentWindowPosition: 10 currentAminoAcid: F =&gt; 85
  input in matrix: state: H currentWindowPosition: 11 currentAminoAcid: F =&gt; 52
  input in matrix: state: H currentWindowPosition: 12 currentAminoAcid: F =&gt; 39
  input in matrix: state: H currentWindowPosition: 13 currentAminoAcid: F =&gt; 67
  input in matrix: state: H currentWindowPosition: 14 currentAminoAcid: F =&gt; 68
  input in matrix: state: H currentWindowPosition: 15 currentAminoAcid: F =&gt; 47
  input in matrix: state: H currentWindowPosition: 16 currentAminoAcid: F =&gt; 54
Process line: G	114	112	102	116	112	89	81	70	0	48	81	80	85	83	106	115	104
 data line!
  input in matrix: state: H currentWindowPosition: 0 currentAminoAcid: G =&gt; 114
  input in matrix: state: H currentWindowPosition: 1 currentAminoAcid: G =&gt; 112
  input in matrix: state: H currentWindowPosition: 2 currentAminoAcid: G =&gt; 102
  input in matrix: state: H currentWindowPosition: 3 currentAminoAcid: G =&gt; 116
  input in matrix: state: H currentWindowPosition: 4 currentAminoAcid: G =&gt; 112
  input in matrix: state: H currentWindowPosition: 5 currentAminoAcid: G =&gt; 89
  input in matrix: state: H currentWindowPosition: 6 currentAminoAcid: G =&gt; 81
  input in matrix: state: H currentWindowPosition: 7 currentAminoAcid: G =&gt; 70
  input in matrix: state: H currentWindowPosition: 8 currentAminoAcid: G =&gt; 0
  input in matrix: state: H currentWindowPosition: 9 currentAminoAcid: G =&gt; 48
  input in matrix: state: H currentWindowPosition: 10 currentAminoAcid: G =&gt; 81
  input in matrix: state: H currentWindowPosition: 11 currentAminoAcid: G =&gt; 80
  input in matrix: state: H currentWindowPosition: 12 currentAminoAcid: G =&gt; 85
  input in matrix: state: H currentWindowPosition: 13 currentAminoAcid: G =&gt; 83
  input in matrix: state: H currentWindowPosition: 14 currentAminoAcid: G =&gt; 106
  input in matrix: state: H currentWindowPosition: 15 currentAminoAcid: G =&gt; 115
  input in matrix: state: H currentWindowPosition: 16 currentAminoAcid: G =&gt; 104
Process line: H	29	23	27	33	29	31	29	22	0	24	21	25	31	35	26	23	34
 data line!
  input in matrix: state: H currentWindowPosition: 0 currentAminoAcid: H =&gt; 29
  input in matrix: state: H currentWindowPosition: 1 currentAminoAcid: H =&gt; 23
  input in matrix: state: H currentWindowPosition: 2 currentAminoAcid: H =&gt; 27
  input in matrix: state: H currentWindowPosition: 3 currentAminoAcid: H =&gt; 33
  input in matrix: state: H currentWindowPosition: 4 currentAminoAcid: H =&gt; 29
  input in matrix: state: H currentWindowPosition: 5 currentAminoAcid: H =&gt; 31
  input in matrix: state: H currentWindowPosition: 6 currentAminoAcid: H =&gt; 29
  input in matrix: state: H currentWindowPosition: 7 currentAminoAcid: H =&gt; 22
  input in matrix: state: H currentWindowPosition: 8 currentAminoAcid: H =&gt; 0
  input in matrix: state: H currentWindowPosition: 9 currentAminoAcid: H =&gt; 24
  input in matrix: state: H currentWindowPosition: 10 currentAminoAcid: H =&gt; 21
  input in matrix: state: H currentWindowPosition: 11 currentAminoAcid: H =&gt; 25
  input in matrix: state: H currentWindowPosition: 12 currentAminoAcid: H =&gt; 31
  input in matrix: state: H currentWindowPosition: 13 currentAminoAcid: H =&gt; 35
  input in matrix: state: H currentWindowPosition: 14 currentAminoAcid: H =&gt; 26
  input in matrix: state: H currentWindowPosition: 15 currentAminoAcid: H =&gt; 23
  input in matrix: state: H currentWindowPosition: 16 currentAminoAcid: H =&gt; 34
Process line: I	84	76	66	81	72	72	115	94	0	84	139	87	54	88	95	89	79
 data line!
  input in matrix: state: H currentWindowPosition: 0 currentAminoAcid: I =&gt; 84
  input in matrix: state: H currentWindowPosition: 1 currentAminoAcid: I =&gt; 76
  input in matrix: state: H currentWindowPosition: 2 currentAminoAcid: I =&gt; 66
  input in matrix: state: H currentWindowPosition: 3 currentAminoAcid: I =&gt; 81
  input in matrix: state: H currentWindowPosition: 4 currentAminoAcid: I =&gt; 72
  input in matrix: state: H currentWindowPosition: 5 currentAminoAcid: I =&gt; 72
  input in matrix: state: H currentWindowPosition: 6 currentAminoAcid: I =&gt; 115
  input in matrix: state: H currentWindowPosition: 7 currentAminoAcid: I =&gt; 94
  input in matrix: state: H currentWindowPosition: 8 currentAminoAcid: I =&gt; 0
  input in matrix: state: H currentWindowPosition: 9 currentAminoAcid: I =&gt; 84
  input in matrix: state: H currentWindowPosition: 10 currentAminoAcid: I =&gt; 139
  input in matrix: state: H currentWindowPosition: 11 currentAminoAcid: I =&gt; 87
  input in matrix: state: H currentWindowPosition: 12 currentAminoAcid: I =&gt; 54
  input in matrix: state: H currentWindowPosition: 13 currentAminoAcid: I =&gt; 88
  input in matrix: state: H currentWindowPosition: 14 currentAminoAcid: I =&gt; 95
  input in matrix: state: H currentWindowPosition: 15 currentAminoAcid: I =&gt; 89
  input in matrix: state: H currentWindowPosition: 16 currentAminoAcid: I =&gt; 79
Process line: K	77	86	80	82	132	93	49	101	0	96	51	136	140	91	93	106	103
 data line!
  input in matrix: state: H currentWindowPosition: 0 currentAminoAcid: K =&gt; 77
  input in matrix: state: H currentWindowPosition: 1 currentAminoAcid: K =&gt; 86
  input in matrix: state: H currentWindowPosition: 2 currentAminoAcid: K =&gt; 80
  input in matrix: state: H currentWindowPosition: 3 currentAminoAcid: K =&gt; 82
  input in matrix: state: H currentWindowPosition: 4 currentAminoAcid: K =&gt; 132
  input in matrix: state: H currentWindowPosition: 5 currentAminoAcid: K =&gt; 93
  input in matrix: state: H currentWindowPosition: 6 currentAminoAcid: K =&gt; 49
  input in matrix: state: H currentWindowPosition: 7 currentAminoAcid: K =&gt; 101
  input in matrix: state: H currentWindowPosition: 8 currentAminoAcid: K =&gt; 0
  input in matrix: state: H currentWindowPosition: 9 currentAminoAcid: K =&gt; 96
  input in matrix: state: H currentWindowPosition: 10 currentAminoAcid: K =&gt; 51
  input in matrix: state: H currentWindowPosition: 11 currentAminoAcid: K =&gt; 136
  input in matrix: state: H currentWindowPosition: 12 currentAminoAcid: K =&gt; 140
  input in matrix: state: H currentWindowPosition: 13 currentAminoAcid: K =&gt; 91
  input in matrix: state: H currentWindowPosition: 14 currentAminoAcid: K =&gt; 93
  input in matrix: state: H currentWindowPosition: 15 currentAminoAcid: K =&gt; 106
  input in matrix: state: H currentWindowPosition: 16 currentAminoAcid: K =&gt; 103
Process line: L	125	122	137	129	109	126	181	149	0	148	222	123	101	165	166	118	130
 data line!
  input in matrix: state: H currentWindowPosition: 0 currentAminoAcid: L =&gt; 125
  input in matrix: state: H currentWindowPosition: 1 currentAminoAcid: L =&gt; 122
  input in matrix: state: H currentWindowPosition: 2 currentAminoAcid: L =&gt; 137
  input in matrix: state: H currentWindowPosition: 3 currentAminoAcid: L =&gt; 129
  input in matrix: state: H currentWindowPosition: 4 currentAminoAcid: L =&gt; 109
  input in matrix: state: H currentWindowPosition: 5 currentAminoAcid: L =&gt; 126
  input in matrix: state: H currentWindowPosition: 6 currentAminoAcid: L =&gt; 181
  input in matrix: state: H currentWindowPosition: 7 currentAminoAcid: L =&gt; 149
  input in matrix: state: H currentWindowPosition: 8 currentAminoAcid: L =&gt; 0
  input in matrix: state: H currentWindowPosition: 9 currentAminoAcid: L =&gt; 148
  input in matrix: state: H currentWindowPosition: 10 currentAminoAcid: L =&gt; 222
  input in matrix: state: H currentWindowPosition: 11 currentAminoAcid: L =&gt; 123
  input in matrix: state: H currentWindowPosition: 12 currentAminoAcid: L =&gt; 101
  input in matrix: state: H currentWindowPosition: 13 currentAminoAcid: L =&gt; 165
  input in matrix: state: H currentWindowPosition: 14 currentAminoAcid: L =&gt; 166
  input in matrix: state: H currentWindowPosition: 15 currentAminoAcid: L =&gt; 118
  input in matrix: state: H currentWindowPosition: 16 currentAminoAcid: L =&gt; 130
Process line: M	38	31	35	31	25	26	43	33	0	37	58	46	27	41	36	22	25
 data line!
  input in matrix: state: H currentWindowPosition: 0 currentAminoAcid: M =&gt; 38
  input in matrix: state: H currentWindowPosition: 1 currentAminoAcid: M =&gt; 31
  input in matrix: state: H currentWindowPosition: 2 currentAminoAcid: M =&gt; 35
  input in matrix: state: H currentWindowPosition: 3 currentAminoAcid: M =&gt; 31
  input in matrix: state: H currentWindowPosition: 4 currentAminoAcid: M =&gt; 25
  input in matrix: state: H currentWindowPosition: 5 currentAminoAcid: M =&gt; 26
  input in matrix: state: H currentWindowPosition: 6 currentAminoAcid: M =&gt; 43
  input in matrix: state: H currentWindowPosition: 7 currentAminoAcid: M =&gt; 33
  input in matrix: state: H currentWindowPosition: 8 currentAminoAcid: M =&gt; 0
  input in matrix: state: H currentWindowPosition: 9 currentAminoAcid: M =&gt; 37
  input in matrix: state: H currentWindowPosition: 10 currentAminoAcid: M =&gt; 58
  input in matrix: state: H currentWindowPosition: 11 currentAminoAcid: M =&gt; 46
  input in matrix: state: H currentWindowPosition: 12 currentAminoAcid: M =&gt; 27
  input in matrix: state: H currentWindowPosition: 13 currentAminoAcid: M =&gt; 41
  input in matrix: state: H currentWindowPosition: 14 currentAminoAcid: M =&gt; 36
  input in matrix: state: H currentWindowPosition: 15 currentAminoAcid: M =&gt; 22
  input in matrix: state: H currentWindowPosition: 16 currentAminoAcid: M =&gt; 25
Process line: N	61	74	54	56	71	72	60	52	0	46	34	60	87	50	50	67	69
 data line!
  input in matrix: state: H currentWindowPosition: 0 currentAminoAcid: N =&gt; 61
  input in matrix: state: H currentWindowPosition: 1 currentAminoAcid: N =&gt; 74
  input in matrix: state: H currentWindowPosition: 2 currentAminoAcid: N =&gt; 54
  input in matrix: state: H currentWindowPosition: 3 currentAminoAcid: N =&gt; 56
  input in matrix: state: H currentWindowPosition: 4 currentAminoAcid: N =&gt; 71
  input in matrix: state: H currentWindowPosition: 5 currentAminoAcid: N =&gt; 72
  input in matrix: state: H currentWindowPosition: 6 currentAminoAcid: N =&gt; 60
  input in matrix: state: H currentWindowPosition: 7 currentAminoAcid: N =&gt; 52
  input in matrix: state: H currentWindowPosition: 8 currentAminoAcid: N =&gt; 0
  input in matrix: state: H currentWindowPosition: 9 currentAminoAcid: N =&gt; 46
  input in matrix: state: H currentWindowPosition: 10 currentAminoAcid: N =&gt; 34
  input in matrix: state: H currentWindowPosition: 11 currentAminoAcid: N =&gt; 60
  input in matrix: state: H currentWindowPosition: 12 currentAminoAcid: N =&gt; 87
  input in matrix: state: H currentWindowPosition: 13 currentAminoAcid: N =&gt; 50
  input in matrix: state: H currentWindowPosition: 14 currentAminoAcid: N =&gt; 50
  input in matrix: state: H currentWindowPosition: 15 currentAminoAcid: N =&gt; 67
  input in matrix: state: H currentWindowPosition: 16 currentAminoAcid: N =&gt; 69
Process line: P	54	60	57	55	64	50	56	51	0	9	21	41	42	36	46	52	65
 data line!
  input in matrix: state: H currentWindowPosition: 0 currentAminoAcid: P =&gt; 54
  input in matrix: state: H currentWindowPosition: 1 currentAminoAcid: P =&gt; 60
  input in matrix: state: H currentWindowPosition: 2 currentAminoAcid: P =&gt; 57
  input in matrix: state: H currentWindowPosition: 3 currentAminoAcid: P =&gt; 55
  input in matrix: state: H currentWindowPosition: 4 currentAminoAcid: P =&gt; 64
  input in matrix: state: H currentWindowPosition: 5 currentAminoAcid: P =&gt; 50
  input in matrix: state: H currentWindowPosition: 6 currentAminoAcid: P =&gt; 56
  input in matrix: state: H currentWindowPosition: 7 currentAminoAcid: P =&gt; 51
  input in matrix: state: H currentWindowPosition: 8 currentAminoAcid: P =&gt; 0
  input in matrix: state: H currentWindowPosition: 9 currentAminoAcid: P =&gt; 9
  input in matrix: state: H currentWindowPosition: 10 currentAminoAcid: P =&gt; 21
  input in matrix: state: H currentWindowPosition: 11 currentAminoAcid: P =&gt; 41
  input in matrix: state: H currentWindowPosition: 12 currentAminoAcid: P =&gt; 42
  input in matrix: state: H currentWindowPosition: 13 currentAminoAcid: P =&gt; 36
  input in matrix: state: H currentWindowPosition: 14 currentAminoAcid: P =&gt; 46
  input in matrix: state: H currentWindowPosition: 15 currentAminoAcid: P =&gt; 52
  input in matrix: state: H currentWindowPosition: 16 currentAminoAcid: P =&gt; 65
Process line: Q	53	55	55	48	89	65	36	53	0	55	51	53	73	48	53	47	62
 data line!
  input in matrix: state: H currentWindowPosition: 0 currentAminoAcid: Q =&gt; 53
  input in matrix: state: H currentWindowPosition: 1 currentAminoAcid: Q =&gt; 55
  input in matrix: state: H currentWindowPosition: 2 currentAminoAcid: Q =&gt; 55
  input in matrix: state: H currentWindowPosition: 3 currentAminoAcid: Q =&gt; 48
  input in matrix: state: H currentWindowPosition: 4 currentAminoAcid: Q =&gt; 89
  input in matrix: state: H currentWindowPosition: 5 currentAminoAcid: Q =&gt; 65
  input in matrix: state: H currentWindowPosition: 6 currentAminoAcid: Q =&gt; 36
  input in matrix: state: H currentWindowPosition: 7 currentAminoAcid: Q =&gt; 53
  input in matrix: state: H currentWindowPosition: 8 currentAminoAcid: Q =&gt; 0
  input in matrix: state: H currentWindowPosition: 9 currentAminoAcid: Q =&gt; 55
  input in matrix: state: H currentWindowPosition: 10 currentAminoAcid: Q =&gt; 51
  input in matrix: state: H currentWindowPosition: 11 currentAminoAcid: Q =&gt; 53
  input in matrix: state: H currentWindowPosition: 12 currentAminoAcid: Q =&gt; 73
  input in matrix: state: H currentWindowPosition: 13 currentAminoAcid: Q =&gt; 48
  input in matrix: state: H currentWindowPosition: 14 currentAminoAcid: Q =&gt; 53
  input in matrix: state: H currentWindowPosition: 15 currentAminoAcid: Q =&gt; 47
  input in matrix: state: H currentWindowPosition: 16 currentAminoAcid: Q =&gt; 62
Process line: R	50	57	67	52	83	73	52	97	0	70	47	102	95	58	59	83	75
 data line!
  input in matrix: state: H currentWindowPosition: 0 currentAminoAcid: R =&gt; 50
  input in matrix: state: H currentWindowPosition: 1 currentAminoAcid: R =&gt; 57
  input in matrix: state: H currentWindowPosition: 2 currentAminoAcid: R =&gt; 67
  input in matrix: state: H currentWindowPosition: 3 currentAminoAcid: R =&gt; 52
  input in matrix: state: H currentWindowPosition: 4 currentAminoAcid: R =&gt; 83
  input in matrix: state: H currentWindowPosition: 5 currentAminoAcid: R =&gt; 73
  input in matrix: state: H currentWindowPosition: 6 currentAminoAcid: R =&gt; 52
  input in matrix: state: H currentWindowPosition: 7 currentAminoAcid: R =&gt; 97
  input in matrix: state: H currentWindowPosition: 8 currentAminoAcid: R =&gt; 0
  input in matrix: state: H currentWindowPosition: 9 currentAminoAcid: R =&gt; 70
  input in matrix: state: H currentWindowPosition: 10 currentAminoAcid: R =&gt; 47
  input in matrix: state: H currentWindowPosition: 11 currentAminoAcid: R =&gt; 102
  input in matrix: state: H currentWindowPosition: 12 currentAminoAcid: R =&gt; 95
  input in matrix: state: H currentWindowPosition: 13 currentAminoAcid: R =&gt; 58
  input in matrix: state: H currentWindowPosition: 14 currentAminoAcid: R =&gt; 59
  input in matrix: state: H currentWindowPosition: 15 currentAminoAcid: R =&gt; 83
  input in matrix: state: H currentWindowPosition: 16 currentAminoAcid: R =&gt; 75
Process line: S	78	75	92	85	66	115	68	64	0	60	36	50	82	64	64	78	78
 data line!
  input in matrix: state: H currentWindowPosition: 0 currentAminoAcid: S =&gt; 78
  input in matrix: state: H currentWindowPosition: 1 currentAminoAcid: S =&gt; 75
  input in matrix: state: H currentWindowPosition: 2 currentAminoAcid: S =&gt; 92
  input in matrix: state: H currentWindowPosition: 3 currentAminoAcid: S =&gt; 85
  input in matrix: state: H currentWindowPosition: 4 currentAminoAcid: S =&gt; 66
  input in matrix: state: H currentWindowPosition: 5 currentAminoAcid: S =&gt; 115
  input in matrix: state: H currentWindowPosition: 6 currentAminoAcid: S =&gt; 68
  input in matrix: state: H currentWindowPosition: 7 currentAminoAcid: S =&gt; 64
  input in matrix: state: H currentWindowPosition: 8 currentAminoAcid: S =&gt; 0
  input in matrix: state: H currentWindowPosition: 9 currentAminoAcid: S =&gt; 60
  input in matrix: state: H currentWindowPosition: 10 currentAminoAcid: S =&gt; 36
  input in matrix: state: H currentWindowPosition: 11 currentAminoAcid: S =&gt; 50
  input in matrix: state: H currentWindowPosition: 12 currentAminoAcid: S =&gt; 82
  input in matrix: state: H currentWindowPosition: 13 currentAminoAcid: S =&gt; 64
  input in matrix: state: H currentWindowPosition: 14 currentAminoAcid: S =&gt; 64
  input in matrix: state: H currentWindowPosition: 15 currentAminoAcid: S =&gt; 78
  input in matrix: state: H currentWindowPosition: 16 currentAminoAcid: S =&gt; 78
Process line: T	84	73	98	82	75	80	108	71	0	64	55	54	68	79	63	68	71
 data line!
  input in matrix: state: H currentWindowPosition: 0 currentAminoAcid: T =&gt; 84
  input in matrix: state: H currentWindowPosition: 1 currentAminoAcid: T =&gt; 73
  input in matrix: state: H currentWindowPosition: 2 currentAminoAcid: T =&gt; 98
  input in matrix: state: H currentWindowPosition: 3 currentAminoAcid: T =&gt; 82
  input in matrix: state: H currentWindowPosition: 4 currentAminoAcid: T =&gt; 75
  input in matrix: state: H currentWindowPosition: 5 currentAminoAcid: T =&gt; 80
  input in matrix: state: H currentWindowPosition: 6 currentAminoAcid: T =&gt; 108
  input in matrix: state: H currentWindowPosition: 7 currentAminoAcid: T =&gt; 71
  input in matrix: state: H currentWindowPosition: 8 currentAminoAcid: T =&gt; 0
  input in matrix: state: H currentWindowPosition: 9 currentAminoAcid: T =&gt; 64
  input in matrix: state: H currentWindowPosition: 10 currentAminoAcid: T =&gt; 55
  input in matrix: state: H currentWindowPosition: 11 currentAminoAcid: T =&gt; 54
  input in matrix: state: H currentWindowPosition: 12 currentAminoAcid: T =&gt; 68
  input in matrix: state: H currentWindowPosition: 13 currentAminoAcid: T =&gt; 79
  input in matrix: state: H currentWindowPosition: 14 currentAminoAcid: T =&gt; 63
  input in matrix: state: H currentWindowPosition: 15 currentAminoAcid: T =&gt; 68
  input in matrix: state: H currentWindowPosition: 16 currentAminoAcid: T =&gt; 71
Process line: V	111	96	77	101	74	71	122	82	0	104	129	100	71	95	104	74	70
 data line!
  input in matrix: state: H currentWindowPosition: 0 currentAminoAcid: V =&gt; 111
  input in matrix: state: H currentWindowPosition: 1 currentAminoAcid: V =&gt; 96
  input in matrix: state: H currentWindowPosition: 2 currentAminoAcid: V =&gt; 77
  input in matrix: state: H currentWindowPosition: 3 currentAminoAcid: V =&gt; 101
  input in matrix: state: H currentWindowPosition: 4 currentAminoAcid: V =&gt; 74
  input in matrix: state: H currentWindowPosition: 5 currentAminoAcid: V =&gt; 71
  input in matrix: state: H currentWindowPosition: 6 currentAminoAcid: V =&gt; 122
  input in matrix: state: H currentWindowPosition: 7 currentAminoAcid: V =&gt; 82
  input in matrix: state: H currentWindowPosition: 8 currentAminoAcid: V =&gt; 0
  input in matrix: state: H currentWindowPosition: 9 currentAminoAcid: V =&gt; 104
  input in matrix: state: H currentWindowPosition: 10 currentAminoAcid: V =&gt; 129
  input in matrix: state: H currentWindowPosition: 11 currentAminoAcid: V =&gt; 100
  input in matrix: state: H currentWindowPosition: 12 currentAminoAcid: V =&gt; 71
  input in matrix: state: H currentWindowPosition: 13 currentAminoAcid: V =&gt; 95
  input in matrix: state: H currentWindowPosition: 14 currentAminoAcid: V =&gt; 104
  input in matrix: state: H currentWindowPosition: 15 currentAminoAcid: V =&gt; 74
  input in matrix: state: H currentWindowPosition: 16 currentAminoAcid: V =&gt; 70
Process line: W	20	14	26	26	14	19	14	21	0	34	28	20	14	19	22	11	14
 data line!
  input in matrix: state: H currentWindowPosition: 0 currentAminoAcid: W =&gt; 20
  input in matrix: state: H currentWindowPosition: 1 currentAminoAcid: W =&gt; 14
  input in matrix: state: H currentWindowPosition: 2 currentAminoAcid: W =&gt; 26
  input in matrix: state: H currentWindowPosition: 3 currentAminoAcid: W =&gt; 26
  input in matrix: state: H currentWindowPosition: 4 currentAminoAcid: W =&gt; 14
  input in matrix: state: H currentWindowPosition: 5 currentAminoAcid: W =&gt; 19
  input in matrix: state: H currentWindowPosition: 6 currentAminoAcid: W =&gt; 14
  input in matrix: state: H currentWindowPosition: 7 currentAminoAcid: W =&gt; 21
  input in matrix: state: H currentWindowPosition: 8 currentAminoAcid: W =&gt; 0
  input in matrix: state: H currentWindowPosition: 9 currentAminoAcid: W =&gt; 34
  input in matrix: state: H currentWindowPosition: 10 currentAminoAcid: W =&gt; 28
  input in matrix: state: H currentWindowPosition: 11 currentAminoAcid: W =&gt; 20
  input in matrix: state: H currentWindowPosition: 12 currentAminoAcid: W =&gt; 14
  input in matrix: state: H currentWindowPosition: 13 currentAminoAcid: W =&gt; 19
  input in matrix: state: H currentWindowPosition: 14 currentAminoAcid: W =&gt; 22
  input in matrix: state: H currentWindowPosition: 15 currentAminoAcid: W =&gt; 11
  input in matrix: state: H currentWindowPosition: 16 currentAminoAcid: W =&gt; 14
Process line: Y	47	45	49	58	36	47	48	55	0	80	58	56	58	80	57	50	42
 data line!
  input in matrix: state: H currentWindowPosition: 0 currentAminoAcid: Y =&gt; 47
  input in matrix: state: H currentWindowPosition: 1 currentAminoAcid: Y =&gt; 45
  input in matrix: state: H currentWindowPosition: 2 currentAminoAcid: Y =&gt; 49
  input in matrix: state: H currentWindowPosition: 3 currentAminoAcid: Y =&gt; 58
  input in matrix: state: H currentWindowPosition: 4 currentAminoAcid: Y =&gt; 36
  input in matrix: state: H currentWindowPosition: 5 currentAminoAcid: Y =&gt; 47
  input in matrix: state: H currentWindowPosition: 6 currentAminoAcid: Y =&gt; 48
  input in matrix: state: H currentWindowPosition: 7 currentAminoAcid: Y =&gt; 55
  input in matrix: state: H currentWindowPosition: 8 currentAminoAcid: Y =&gt; 0
  input in matrix: state: H currentWindowPosition: 9 currentAminoAcid: Y =&gt; 80
  input in matrix: state: H currentWindowPosition: 10 currentAminoAcid: Y =&gt; 58
  input in matrix: state: H currentWindowPosition: 11 currentAminoAcid: Y =&gt; 56
  input in matrix: state: H currentWindowPosition: 12 currentAminoAcid: Y =&gt; 58
  input in matrix: state: H currentWindowPosition: 13 currentAminoAcid: Y =&gt; 80
  input in matrix: state: H currentWindowPosition: 14 currentAminoAcid: Y =&gt; 57
  input in matrix: state: H currentWindowPosition: 15 currentAminoAcid: Y =&gt; 50
  input in matrix: state: H currentWindowPosition: 16 currentAminoAcid: Y =&gt; 42
Process line: 
 Skip line!
Process line: 
 Skip line!
Process line: =E,C=
 state line! (now in state: C)
Process line: 
 Skip line!
Process line: A	113	121	123	134	126	118	109	120	0	93	97	88	94	126	114	120	128
 data line!
  input in matrix: state: C currentWindowPosition: 0 currentAminoAcid: A =&gt; 113
  input in matrix: state: C currentWindowPosition: 1 currentAminoAcid: A =&gt; 121
  input in matrix: state: C currentWindowPosition: 2 currentAminoAcid: A =&gt; 123
  input in matrix: state: C currentWindowPosition: 3 currentAminoAcid: A =&gt; 134
  input in matrix: state: C currentWindowPosition: 4 currentAminoAcid: A =&gt; 126
  input in matrix: state: C currentWindowPosition: 5 currentAminoAcid: A =&gt; 118
  input in matrix: state: C currentWindowPosition: 6 currentAminoAcid: A =&gt; 109
  input in matrix: state: C currentWindowPosition: 7 currentAminoAcid: A =&gt; 120
  input in matrix: state: C currentWindowPosition: 8 currentAminoAcid: A =&gt; 0
  input in matrix: state: C currentWindowPosition: 9 currentAminoAcid: A =&gt; 93
  input in matrix: state: C currentWindowPosition: 10 currentAminoAcid: A =&gt; 97
  input in matrix: state: C currentWindowPosition: 11 currentAminoAcid: A =&gt; 88
  input in matrix: state: C currentWindowPosition: 12 currentAminoAcid: A =&gt; 94
  input in matrix: state: C currentWindowPosition: 13 currentAminoAcid: A =&gt; 126
  input in matrix: state: C currentWindowPosition: 14 currentAminoAcid: A =&gt; 114
  input in matrix: state: C currentWindowPosition: 15 currentAminoAcid: A =&gt; 120
  input in matrix: state: C currentWindowPosition: 16 currentAminoAcid: A =&gt; 128
Process line: C	29	29	43	26	20	31	32	17	0	13	27	25	19	23	21	34	23
 data line!
  input in matrix: state: C currentWindowPosition: 0 currentAminoAcid: C =&gt; 29
  input in matrix: state: C currentWindowPosition: 1 currentAminoAcid: C =&gt; 29
  input in matrix: state: C currentWindowPosition: 2 currentAminoAcid: C =&gt; 43
  input in matrix: state: C currentWindowPosition: 3 currentAminoAcid: C =&gt; 26
  input in matrix: state: C currentWindowPosition: 4 currentAminoAcid: C =&gt; 20
  input in matrix: state: C currentWindowPosition: 5 currentAminoAcid: C =&gt; 31
  input in matrix: state: C currentWindowPosition: 6 currentAminoAcid: C =&gt; 32
  input in matrix: state: C currentWindowPosition: 7 currentAminoAcid: C =&gt; 17
  input in matrix: state: C currentWindowPosition: 8 currentAminoAcid: C =&gt; 0
  input in matrix: state: C currentWindowPosition: 9 currentAminoAcid: C =&gt; 13
  input in matrix: state: C currentWindowPosition: 10 currentAminoAcid: C =&gt; 27
  input in matrix: state: C currentWindowPosition: 11 currentAminoAcid: C =&gt; 25
  input in matrix: state: C currentWindowPosition: 12 currentAminoAcid: C =&gt; 19
  input in matrix: state: C currentWindowPosition: 13 currentAminoAcid: C =&gt; 23
  input in matrix: state: C currentWindowPosition: 14 currentAminoAcid: C =&gt; 21
  input in matrix: state: C currentWindowPosition: 15 currentAminoAcid: C =&gt; 34
  input in matrix: state: C currentWindowPosition: 16 currentAminoAcid: C =&gt; 23
Process line: D	89	95	74	71	73	75	97	115	0	109	100	97	81	89	101	105	103
 data line!
  input in matrix: state: C currentWindowPosition: 0 currentAminoAcid: D =&gt; 89
  input in matrix: state: C currentWindowPosition: 1 currentAminoAcid: D =&gt; 95
  input in matrix: state: C currentWindowPosition: 2 currentAminoAcid: D =&gt; 74
  input in matrix: state: C currentWindowPosition: 3 currentAminoAcid: D =&gt; 71
  input in matrix: state: C currentWindowPosition: 4 currentAminoAcid: D =&gt; 73
  input in matrix: state: C currentWindowPosition: 5 currentAminoAcid: D =&gt; 75
  input in matrix: state: C currentWindowPosition: 6 currentAminoAcid: D =&gt; 97
  input in matrix: state: C currentWindowPosition: 7 currentAminoAcid: D =&gt; 115
  input in matrix: state: C currentWindowPosition: 8 currentAminoAcid: D =&gt; 0
  input in matrix: state: C currentWindowPosition: 9 currentAminoAcid: D =&gt; 109
  input in matrix: state: C currentWindowPosition: 10 currentAminoAcid: D =&gt; 100
  input in matrix: state: C currentWindowPosition: 11 currentAminoAcid: D =&gt; 97
  input in matrix: state: C currentWindowPosition: 12 currentAminoAcid: D =&gt; 81
  input in matrix: state: C currentWindowPosition: 13 currentAminoAcid: D =&gt; 89
  input in matrix: state: C currentWindowPosition: 14 currentAminoAcid: D =&gt; 101
  input in matrix: state: C currentWindowPosition: 15 currentAminoAcid: D =&gt; 105
  input in matrix: state: C currentWindowPosition: 16 currentAminoAcid: D =&gt; 103
Process line: E	95	86	81	99	81	83	103	90	1561	84	84	103	95	106	96	100	97
 data line!
  input in matrix: state: C currentWindowPosition: 0 currentAminoAcid: E =&gt; 95
  input in matrix: state: C currentWindowPosition: 1 currentAminoAcid: E =&gt; 86
  input in matrix: state: C currentWindowPosition: 2 currentAminoAcid: E =&gt; 81
  input in matrix: state: C currentWindowPosition: 3 currentAminoAcid: E =&gt; 99
  input in matrix: state: C currentWindowPosition: 4 currentAminoAcid: E =&gt; 81
  input in matrix: state: C currentWindowPosition: 5 currentAminoAcid: E =&gt; 83
  input in matrix: state: C currentWindowPosition: 6 currentAminoAcid: E =&gt; 103
  input in matrix: state: C currentWindowPosition: 7 currentAminoAcid: E =&gt; 90
  input in matrix: state: C currentWindowPosition: 8 currentAminoAcid: E =&gt; 1561
  input in matrix: state: C currentWindowPosition: 9 currentAminoAcid: E =&gt; 84
  input in matrix: state: C currentWindowPosition: 10 currentAminoAcid: E =&gt; 84
  input in matrix: state: C currentWindowPosition: 11 currentAminoAcid: E =&gt; 103
  input in matrix: state: C currentWindowPosition: 12 currentAminoAcid: E =&gt; 95
  input in matrix: state: C currentWindowPosition: 13 currentAminoAcid: E =&gt; 106
  input in matrix: state: C currentWindowPosition: 14 currentAminoAcid: E =&gt; 96
  input in matrix: state: C currentWindowPosition: 15 currentAminoAcid: E =&gt; 100
  input in matrix: state: C currentWindowPosition: 16 currentAminoAcid: E =&gt; 97
Process line: F	73	56	72	79	77	83	67	48	0	40	64	70	86	59	74	63	61
 data line!
  input in matrix: state: C currentWindowPosition: 0 currentAminoAcid: F =&gt; 73
  input in matrix: state: C currentWindowPosition: 1 currentAminoAcid: F =&gt; 56
  input in matrix: state: C currentWindowPosition: 2 currentAminoAcid: F =&gt; 72
  input in matrix: state: C currentWindowPosition: 3 currentAminoAcid: F =&gt; 79
  input in matrix: state: C currentWindowPosition: 4 currentAminoAcid: F =&gt; 77
  input in matrix: state: C currentWindowPosition: 5 currentAminoAcid: F =&gt; 83
  input in matrix: state: C currentWindowPosition: 6 currentAminoAcid: F =&gt; 67
  input in matrix: state: C currentWindowPosition: 7 currentAminoAcid: F =&gt; 48
  input in matrix: state: C currentWindowPosition: 8 currentAminoAcid: F =&gt; 0
  input in matrix: state: C currentWindowPosition: 9 currentAminoAcid: F =&gt; 40
  input in matrix: state: C currentWindowPosition: 10 currentAminoAcid: F =&gt; 64
  input in matrix: state: C currentWindowPosition: 11 currentAminoAcid: F =&gt; 70
  input in matrix: state: C currentWindowPosition: 12 currentAminoAcid: F =&gt; 86
  input in matrix: state: C currentWindowPosition: 13 currentAminoAcid: F =&gt; 59
  input in matrix: state: C currentWindowPosition: 14 currentAminoAcid: F =&gt; 74
  input in matrix: state: C currentWindowPosition: 15 currentAminoAcid: F =&gt; 63
  input in matrix: state: C currentWindowPosition: 16 currentAminoAcid: F =&gt; 61
Process line: G	125	143	121	99	116	131	129	175	0	196	162	105	104	111	96	121	130
 data line!
  input in matrix: state: C currentWindowPosition: 0 currentAminoAcid: G =&gt; 125
  input in matrix: state: C currentWindowPosition: 1 currentAminoAcid: G =&gt; 143
  input in matrix: state: C currentWindowPosition: 2 currentAminoAcid: G =&gt; 121
  input in matrix: state: C currentWindowPosition: 3 currentAminoAcid: G =&gt; 99
  input in matrix: state: C currentWindowPosition: 4 currentAminoAcid: G =&gt; 116
  input in matrix: state: C currentWindowPosition: 5 currentAminoAcid: G =&gt; 131
  input in matrix: state: C currentWindowPosition: 6 currentAminoAcid: G =&gt; 129
  input in matrix: state: C currentWindowPosition: 7 currentAminoAcid: G =&gt; 175
  input in matrix: state: C currentWindowPosition: 8 currentAminoAcid: G =&gt; 0
  input in matrix: state: C currentWindowPosition: 9 currentAminoAcid: G =&gt; 196
  input in matrix: state: C currentWindowPosition: 10 currentAminoAcid: G =&gt; 162
  input in matrix: state: C currentWindowPosition: 11 currentAminoAcid: G =&gt; 105
  input in matrix: state: C currentWindowPosition: 12 currentAminoAcid: G =&gt; 104
  input in matrix: state: C currentWindowPosition: 13 currentAminoAcid: G =&gt; 111
  input in matrix: state: C currentWindowPosition: 14 currentAminoAcid: G =&gt; 96
  input in matrix: state: C currentWindowPosition: 15 currentAminoAcid: G =&gt; 121
  input in matrix: state: C currentWindowPosition: 16 currentAminoAcid: G =&gt; 130
Process line: H	31	44	46	44	39	47	39	39	0	52	35	43	34	31	37	36	39
 data line!
  input in matrix: state: C currentWindowPosition: 0 currentAminoAcid: H =&gt; 31
  input in matrix: state: C currentWindowPosition: 1 currentAminoAcid: H =&gt; 44
  input in matrix: state: C currentWindowPosition: 2 currentAminoAcid: H =&gt; 46
  input in matrix: state: C currentWindowPosition: 3 currentAminoAcid: H =&gt; 44
  input in matrix: state: C currentWindowPosition: 4 currentAminoAcid: H =&gt; 39
  input in matrix: state: C currentWindowPosition: 5 currentAminoAcid: H =&gt; 47
  input in matrix: state: C currentWindowPosition: 6 currentAminoAcid: H =&gt; 39
  input in matrix: state: C currentWindowPosition: 7 currentAminoAcid: H =&gt; 39
  input in matrix: state: C currentWindowPosition: 8 currentAminoAcid: H =&gt; 0
  input in matrix: state: C currentWindowPosition: 9 currentAminoAcid: H =&gt; 52
  input in matrix: state: C currentWindowPosition: 10 currentAminoAcid: H =&gt; 35
  input in matrix: state: C currentWindowPosition: 11 currentAminoAcid: H =&gt; 43
  input in matrix: state: C currentWindowPosition: 12 currentAminoAcid: H =&gt; 34
  input in matrix: state: C currentWindowPosition: 13 currentAminoAcid: H =&gt; 31
  input in matrix: state: C currentWindowPosition: 14 currentAminoAcid: H =&gt; 37
  input in matrix: state: C currentWindowPosition: 15 currentAminoAcid: H =&gt; 36
  input in matrix: state: C currentWindowPosition: 16 currentAminoAcid: H =&gt; 39
Process line: I	114	109	98	101	117	81	77	65	0	50	88	69	109	94	101	89	95
 data line!
  input in matrix: state: C currentWindowPosition: 0 currentAminoAcid: I =&gt; 114
  input in matrix: state: C currentWindowPosition: 1 currentAminoAcid: I =&gt; 109
  input in matrix: state: C currentWindowPosition: 2 currentAminoAcid: I =&gt; 98
  input in matrix: state: C currentWindowPosition: 3 currentAminoAcid: I =&gt; 101
  input in matrix: state: C currentWindowPosition: 4 currentAminoAcid: I =&gt; 117
  input in matrix: state: C currentWindowPosition: 5 currentAminoAcid: I =&gt; 81
  input in matrix: state: C currentWindowPosition: 6 currentAminoAcid: I =&gt; 77
  input in matrix: state: C currentWindowPosition: 7 currentAminoAcid: I =&gt; 65
  input in matrix: state: C currentWindowPosition: 8 currentAminoAcid: I =&gt; 0
  input in matrix: state: C currentWindowPosition: 9 currentAminoAcid: I =&gt; 50
  input in matrix: state: C currentWindowPosition: 10 currentAminoAcid: I =&gt; 88
  input in matrix: state: C currentWindowPosition: 11 currentAminoAcid: I =&gt; 69
  input in matrix: state: C currentWindowPosition: 12 currentAminoAcid: I =&gt; 109
  input in matrix: state: C currentWindowPosition: 13 currentAminoAcid: I =&gt; 94
  input in matrix: state: C currentWindowPosition: 14 currentAminoAcid: I =&gt; 101
  input in matrix: state: C currentWindowPosition: 15 currentAminoAcid: I =&gt; 89
  input in matrix: state: C currentWindowPosition: 16 currentAminoAcid: I =&gt; 95
Process line: K	97	82	82	98	98	121	105	93	0	106	110	98	78	89	83	73	87
 data line!
  input in matrix: state: C currentWindowPosition: 0 currentAminoAcid: K =&gt; 97
  input in matrix: state: C currentWindowPosition: 1 currentAminoAcid: K =&gt; 82
  input in matrix: state: C currentWindowPosition: 2 currentAminoAcid: K =&gt; 82
  input in matrix: state: C currentWindowPosition: 3 currentAminoAcid: K =&gt; 98
  input in matrix: state: C currentWindowPosition: 4 currentAminoAcid: K =&gt; 98
  input in matrix: state: C currentWindowPosition: 5 currentAminoAcid: K =&gt; 121
  input in matrix: state: C currentWindowPosition: 6 currentAminoAcid: K =&gt; 105
  input in matrix: state: C currentWindowPosition: 7 currentAminoAcid: K =&gt; 93
  input in matrix: state: C currentWindowPosition: 8 currentAminoAcid: K =&gt; 0
  input in matrix: state: C currentWindowPosition: 9 currentAminoAcid: K =&gt; 106
  input in matrix: state: C currentWindowPosition: 10 currentAminoAcid: K =&gt; 110
  input in matrix: state: C currentWindowPosition: 11 currentAminoAcid: K =&gt; 98
  input in matrix: state: C currentWindowPosition: 12 currentAminoAcid: K =&gt; 78
  input in matrix: state: C currentWindowPosition: 13 currentAminoAcid: K =&gt; 89
  input in matrix: state: C currentWindowPosition: 14 currentAminoAcid: K =&gt; 83
  input in matrix: state: C currentWindowPosition: 15 currentAminoAcid: K =&gt; 73
  input in matrix: state: C currentWindowPosition: 16 currentAminoAcid: K =&gt; 87
Process line: L	146	162	144	145	165	149	130	98	0	78	107	143	144	143	150	121	120
 data line!
  input in matrix: state: C currentWindowPosition: 0 currentAminoAcid: L =&gt; 146
  input in matrix: state: C currentWindowPosition: 1 currentAminoAcid: L =&gt; 162
  input in matrix: state: C currentWindowPosition: 2 currentAminoAcid: L =&gt; 144
  input in matrix: state: C currentWindowPosition: 3 currentAminoAcid: L =&gt; 145
  input in matrix: state: C currentWindowPosition: 4 currentAminoAcid: L =&gt; 165
  input in matrix: state: C currentWindowPosition: 5 currentAminoAcid: L =&gt; 149
  input in matrix: state: C currentWindowPosition: 6 currentAminoAcid: L =&gt; 130
  input in matrix: state: C currentWindowPosition: 7 currentAminoAcid: L =&gt; 98
  input in matrix: state: C currentWindowPosition: 8 currentAminoAcid: L =&gt; 0
  input in matrix: state: C currentWindowPosition: 9 currentAminoAcid: L =&gt; 78
  input in matrix: state: C currentWindowPosition: 10 currentAminoAcid: L =&gt; 107
  input in matrix: state: C currentWindowPosition: 11 currentAminoAcid: L =&gt; 143
  input in matrix: state: C currentWindowPosition: 12 currentAminoAcid: L =&gt; 144
  input in matrix: state: C currentWindowPosition: 13 currentAminoAcid: L =&gt; 143
  input in matrix: state: C currentWindowPosition: 14 currentAminoAcid: L =&gt; 150
  input in matrix: state: C currentWindowPosition: 15 currentAminoAcid: L =&gt; 121
  input in matrix: state: C currentWindowPosition: 16 currentAminoAcid: L =&gt; 120
Process line: M	35	29	43	30	35	30	24	16	0	29	29	20	31	33	30	29	34
 data line!
  input in matrix: state: C currentWindowPosition: 0 currentAminoAcid: M =&gt; 35
  input in matrix: state: C currentWindowPosition: 1 currentAminoAcid: M =&gt; 29
  input in matrix: state: C currentWindowPosition: 2 currentAminoAcid: M =&gt; 43
  input in matrix: state: C currentWindowPosition: 3 currentAminoAcid: M =&gt; 30
  input in matrix: state: C currentWindowPosition: 4 currentAminoAcid: M =&gt; 35
  input in matrix: state: C currentWindowPosition: 5 currentAminoAcid: M =&gt; 30
  input in matrix: state: C currentWindowPosition: 6 currentAminoAcid: M =&gt; 24
  input in matrix: state: C currentWindowPosition: 7 currentAminoAcid: M =&gt; 16
  input in matrix: state: C currentWindowPosition: 8 currentAminoAcid: M =&gt; 0
  input in matrix: state: C currentWindowPosition: 9 currentAminoAcid: M =&gt; 29
  input in matrix: state: C currentWindowPosition: 10 currentAminoAcid: M =&gt; 29
  input in matrix: state: C currentWindowPosition: 11 currentAminoAcid: M =&gt; 20
  input in matrix: state: C currentWindowPosition: 12 currentAminoAcid: M =&gt; 31
  input in matrix: state: C currentWindowPosition: 13 currentAminoAcid: M =&gt; 33
  input in matrix: state: C currentWindowPosition: 14 currentAminoAcid: M =&gt; 30
  input in matrix: state: C currentWindowPosition: 15 currentAminoAcid: M =&gt; 29
  input in matrix: state: C currentWindowPosition: 16 currentAminoAcid: M =&gt; 34
Process line: N	62	60	53	65	77	63	84	98	0	97	80	76	64	72	61	69	70
 data line!
  input in matrix: state: C currentWindowPosition: 0 currentAminoAcid: N =&gt; 62
  input in matrix: state: C currentWindowPosition: 1 currentAminoAcid: N =&gt; 60
  input in matrix: state: C currentWindowPosition: 2 currentAminoAcid: N =&gt; 53
  input in matrix: state: C currentWindowPosition: 3 currentAminoAcid: N =&gt; 65
  input in matrix: state: C currentWindowPosition: 4 currentAminoAcid: N =&gt; 77
  input in matrix: state: C currentWindowPosition: 5 currentAminoAcid: N =&gt; 63
  input in matrix: state: C currentWindowPosition: 6 currentAminoAcid: N =&gt; 84
  input in matrix: state: C currentWindowPosition: 7 currentAminoAcid: N =&gt; 98
  input in matrix: state: C currentWindowPosition: 8 currentAminoAcid: N =&gt; 0
  input in matrix: state: C currentWindowPosition: 9 currentAminoAcid: N =&gt; 97
  input in matrix: state: C currentWindowPosition: 10 currentAminoAcid: N =&gt; 80
  input in matrix: state: C currentWindowPosition: 11 currentAminoAcid: N =&gt; 76
  input in matrix: state: C currentWindowPosition: 12 currentAminoAcid: N =&gt; 64
  input in matrix: state: C currentWindowPosition: 13 currentAminoAcid: N =&gt; 72
  input in matrix: state: C currentWindowPosition: 14 currentAminoAcid: N =&gt; 61
  input in matrix: state: C currentWindowPosition: 15 currentAminoAcid: N =&gt; 69
  input in matrix: state: C currentWindowPosition: 16 currentAminoAcid: N =&gt; 70
Process line: P	63	61	77	73	78	75	90	120	0	132	115	110	99	81	71	69	67
 data line!
  input in matrix: state: C currentWindowPosition: 0 currentAminoAcid: P =&gt; 63
  input in matrix: state: C currentWindowPosition: 1 currentAminoAcid: P =&gt; 61
  input in matrix: state: C currentWindowPosition: 2 currentAminoAcid: P =&gt; 77
  input in matrix: state: C currentWindowPosition: 3 currentAminoAcid: P =&gt; 73
  input in matrix: state: C currentWindowPosition: 4 currentAminoAcid: P =&gt; 78
  input in matrix: state: C currentWindowPosition: 5 currentAminoAcid: P =&gt; 75
  input in matrix: state: C currentWindowPosition: 6 currentAminoAcid: P =&gt; 90
  input in matrix: state: C currentWindowPosition: 7 currentAminoAcid: P =&gt; 120
  input in matrix: state: C currentWindowPosition: 8 currentAminoAcid: P =&gt; 0
  input in matrix: state: C currentWindowPosition: 9 currentAminoAcid: P =&gt; 132
  input in matrix: state: C currentWindowPosition: 10 currentAminoAcid: P =&gt; 115
  input in matrix: state: C currentWindowPosition: 11 currentAminoAcid: P =&gt; 110
  input in matrix: state: C currentWindowPosition: 12 currentAminoAcid: P =&gt; 99
  input in matrix: state: C currentWindowPosition: 13 currentAminoAcid: P =&gt; 81
  input in matrix: state: C currentWindowPosition: 14 currentAminoAcid: P =&gt; 71
  input in matrix: state: C currentWindowPosition: 15 currentAminoAcid: P =&gt; 69
  input in matrix: state: C currentWindowPosition: 16 currentAminoAcid: P =&gt; 67
Process line: Q	51	38	57	54	56	61	60	48	0	49	62	51	46	49	45	57	51
 data line!
  input in matrix: state: C currentWindowPosition: 0 currentAminoAcid: Q =&gt; 51
  input in matrix: state: C currentWindowPosition: 1 currentAminoAcid: Q =&gt; 38
  input in matrix: state: C currentWindowPosition: 2 currentAminoAcid: Q =&gt; 57
  input in matrix: state: C currentWindowPosition: 3 currentAminoAcid: Q =&gt; 54
  input in matrix: state: C currentWindowPosition: 4 currentAminoAcid: Q =&gt; 56
  input in matrix: state: C currentWindowPosition: 5 currentAminoAcid: Q =&gt; 61
  input in matrix: state: C currentWindowPosition: 6 currentAminoAcid: Q =&gt; 60
  input in matrix: state: C currentWindowPosition: 7 currentAminoAcid: Q =&gt; 48
  input in matrix: state: C currentWindowPosition: 8 currentAminoAcid: Q =&gt; 0
  input in matrix: state: C currentWindowPosition: 9 currentAminoAcid: Q =&gt; 49
  input in matrix: state: C currentWindowPosition: 10 currentAminoAcid: Q =&gt; 62
  input in matrix: state: C currentWindowPosition: 11 currentAminoAcid: Q =&gt; 51
  input in matrix: state: C currentWindowPosition: 12 currentAminoAcid: Q =&gt; 46
  input in matrix: state: C currentWindowPosition: 13 currentAminoAcid: Q =&gt; 49
  input in matrix: state: C currentWindowPosition: 14 currentAminoAcid: Q =&gt; 45
  input in matrix: state: C currentWindowPosition: 15 currentAminoAcid: Q =&gt; 57
  input in matrix: state: C currentWindowPosition: 16 currentAminoAcid: Q =&gt; 51
Process line: R	74	69	82	62	58	62	55	68	0	81	57	60	58	62	75	64	81
 data line!
  input in matrix: state: C currentWindowPosition: 0 currentAminoAcid: R =&gt; 74
  input in matrix: state: C currentWindowPosition: 1 currentAminoAcid: R =&gt; 69
  input in matrix: state: C currentWindowPosition: 2 currentAminoAcid: R =&gt; 82
  input in matrix: state: C currentWindowPosition: 3 currentAminoAcid: R =&gt; 62
  input in matrix: state: C currentWindowPosition: 4 currentAminoAcid: R =&gt; 58
  input in matrix: state: C currentWindowPosition: 5 currentAminoAcid: R =&gt; 62
  input in matrix: state: C currentWindowPosition: 6 currentAminoAcid: R =&gt; 55
  input in matrix: state: C currentWindowPosition: 7 currentAminoAcid: R =&gt; 68
  input in matrix: state: C currentWindowPosition: 8 currentAminoAcid: R =&gt; 0
  input in matrix: state: C currentWindowPosition: 9 currentAminoAcid: R =&gt; 81
  input in matrix: state: C currentWindowPosition: 10 currentAminoAcid: R =&gt; 57
  input in matrix: state: C currentWindowPosition: 11 currentAminoAcid: R =&gt; 60
  input in matrix: state: C currentWindowPosition: 12 currentAminoAcid: R =&gt; 58
  input in matrix: state: C currentWindowPosition: 13 currentAminoAcid: R =&gt; 62
  input in matrix: state: C currentWindowPosition: 14 currentAminoAcid: R =&gt; 75
  input in matrix: state: C currentWindowPosition: 15 currentAminoAcid: R =&gt; 64
  input in matrix: state: C currentWindowPosition: 16 currentAminoAcid: R =&gt; 81
Process line: S	96	68	81	79	79	95	103	107	0	89	76	97	87	91	105	104	100
 data line!
  input in matrix: state: C currentWindowPosition: 0 currentAminoAcid: S =&gt; 96
  input in matrix: state: C currentWindowPosition: 1 currentAminoAcid: S =&gt; 68
  input in matrix: state: C currentWindowPosition: 2 currentAminoAcid: S =&gt; 81
  input in matrix: state: C currentWindowPosition: 3 currentAminoAcid: S =&gt; 79
  input in matrix: state: C currentWindowPosition: 4 currentAminoAcid: S =&gt; 79
  input in matrix: state: C currentWindowPosition: 5 currentAminoAcid: S =&gt; 95
  input in matrix: state: C currentWindowPosition: 6 currentAminoAcid: S =&gt; 103
  input in matrix: state: C currentWindowPosition: 7 currentAminoAcid: S =&gt; 107
  input in matrix: state: C currentWindowPosition: 8 currentAminoAcid: S =&gt; 0
  input in matrix: state: C currentWindowPosition: 9 currentAminoAcid: S =&gt; 89
  input in matrix: state: C currentWindowPosition: 10 currentAminoAcid: S =&gt; 76
  input in matrix: state: C currentWindowPosition: 11 currentAminoAcid: S =&gt; 97
  input in matrix: state: C currentWindowPosition: 12 currentAminoAcid: S =&gt; 87
  input in matrix: state: C currentWindowPosition: 13 currentAminoAcid: S =&gt; 91
  input in matrix: state: C currentWindowPosition: 14 currentAminoAcid: S =&gt; 105
  input in matrix: state: C currentWindowPosition: 15 currentAminoAcid: S =&gt; 104
  input in matrix: state: C currentWindowPosition: 16 currentAminoAcid: S =&gt; 100
Process line: T	86	86	72	91	70	75	111	86	0	112	86	92	101	94	86	89	80
 data line!
  input in matrix: state: C currentWindowPosition: 0 currentAminoAcid: T =&gt; 86
  input in matrix: state: C currentWindowPosition: 1 currentAminoAcid: T =&gt; 86
  input in matrix: state: C currentWindowPosition: 2 currentAminoAcid: T =&gt; 72
  input in matrix: state: C currentWindowPosition: 3 currentAminoAcid: T =&gt; 91
  input in matrix: state: C currentWindowPosition: 4 currentAminoAcid: T =&gt; 70
  input in matrix: state: C currentWindowPosition: 5 currentAminoAcid: T =&gt; 75
  input in matrix: state: C currentWindowPosition: 6 currentAminoAcid: T =&gt; 111
  input in matrix: state: C currentWindowPosition: 7 currentAminoAcid: T =&gt; 86
  input in matrix: state: C currentWindowPosition: 8 currentAminoAcid: T =&gt; 0
  input in matrix: state: C currentWindowPosition: 9 currentAminoAcid: T =&gt; 112
  input in matrix: state: C currentWindowPosition: 10 currentAminoAcid: T =&gt; 86
  input in matrix: state: C currentWindowPosition: 11 currentAminoAcid: T =&gt; 92
  input in matrix: state: C currentWindowPosition: 12 currentAminoAcid: T =&gt; 101
  input in matrix: state: C currentWindowPosition: 13 currentAminoAcid: T =&gt; 94
  input in matrix: state: C currentWindowPosition: 14 currentAminoAcid: T =&gt; 86
  input in matrix: state: C currentWindowPosition: 15 currentAminoAcid: T =&gt; 89
  input in matrix: state: C currentWindowPosition: 16 currentAminoAcid: T =&gt; 80
Process line: V	100	137	113	125	108	99	89	75	0	84	109	130	130	113	121	137	115
 data line!
  input in matrix: state: C currentWindowPosition: 0 currentAminoAcid: V =&gt; 100
  input in matrix: state: C currentWindowPosition: 1 currentAminoAcid: V =&gt; 137
  input in matrix: state: C currentWindowPosition: 2 currentAminoAcid: V =&gt; 113
  input in matrix: state: C currentWindowPosition: 3 currentAminoAcid: V =&gt; 125
  input in matrix: state: C currentWindowPosition: 4 currentAminoAcid: V =&gt; 108
  input in matrix: state: C currentWindowPosition: 5 currentAminoAcid: V =&gt; 99
  input in matrix: state: C currentWindowPosition: 6 currentAminoAcid: V =&gt; 89
  input in matrix: state: C currentWindowPosition: 7 currentAminoAcid: V =&gt; 75
  input in matrix: state: C currentWindowPosition: 8 currentAminoAcid: V =&gt; 0
  input in matrix: state: C currentWindowPosition: 9 currentAminoAcid: V =&gt; 84
  input in matrix: state: C currentWindowPosition: 10 currentAminoAcid: V =&gt; 109
  input in matrix: state: C currentWindowPosition: 11 currentAminoAcid: V =&gt; 130
  input in matrix: state: C currentWindowPosition: 12 currentAminoAcid: V =&gt; 130
  input in matrix: state: C currentWindowPosition: 13 currentAminoAcid: V =&gt; 113
  input in matrix: state: C currentWindowPosition: 14 currentAminoAcid: V =&gt; 121
  input in matrix: state: C currentWindowPosition: 15 currentAminoAcid: V =&gt; 137
  input in matrix: state: C currentWindowPosition: 16 currentAminoAcid: V =&gt; 115
Process line: W	22	26	29	21	29	22	15	22	0	21	30	18	27	28	24	22	19
 data line!
  input in matrix: state: C currentWindowPosition: 0 currentAminoAcid: W =&gt; 22
  input in matrix: state: C currentWindowPosition: 1 currentAminoAcid: W =&gt; 26
  input in matrix: state: C currentWindowPosition: 2 currentAminoAcid: W =&gt; 29
  input in matrix: state: C currentWindowPosition: 3 currentAminoAcid: W =&gt; 21
  input in matrix: state: C currentWindowPosition: 4 currentAminoAcid: W =&gt; 29
  input in matrix: state: C currentWindowPosition: 5 currentAminoAcid: W =&gt; 22
  input in matrix: state: C currentWindowPosition: 6 currentAminoAcid: W =&gt; 15
  input in matrix: state: C currentWindowPosition: 7 currentAminoAcid: W =&gt; 22
  input in matrix: state: C currentWindowPosition: 8 currentAminoAcid: W =&gt; 0
  input in matrix: state: C currentWindowPosition: 9 currentAminoAcid: W =&gt; 21
  input in matrix: state: C currentWindowPosition: 10 currentAminoAcid: W =&gt; 30
  input in matrix: state: C currentWindowPosition: 11 currentAminoAcid: W =&gt; 18
  input in matrix: state: C currentWindowPosition: 12 currentAminoAcid: W =&gt; 27
  input in matrix: state: C currentWindowPosition: 13 currentAminoAcid: W =&gt; 28
  input in matrix: state: C currentWindowPosition: 14 currentAminoAcid: W =&gt; 24
  input in matrix: state: C currentWindowPosition: 15 currentAminoAcid: W =&gt; 22
  input in matrix: state: C currentWindowPosition: 16 currentAminoAcid: W =&gt; 19
Process line: Y	60	60	69	65	59	60	42	60	0	45	43	66	74	67	69	59	61
 data line!
  input in matrix: state: C currentWindowPosition: 0 currentAminoAcid: Y =&gt; 60
  input in matrix: state: C currentWindowPosition: 1 currentAminoAcid: Y =&gt; 60
  input in matrix: state: C currentWindowPosition: 2 currentAminoAcid: Y =&gt; 69
  input in matrix: state: C currentWindowPosition: 3 currentAminoAcid: Y =&gt; 65
  input in matrix: state: C currentWindowPosition: 4 currentAminoAcid: Y =&gt; 59
  input in matrix: state: C currentWindowPosition: 5 currentAminoAcid: Y =&gt; 60
  input in matrix: state: C currentWindowPosition: 6 currentAminoAcid: Y =&gt; 42
  input in matrix: state: C currentWindowPosition: 7 currentAminoAcid: Y =&gt; 60
  input in matrix: state: C currentWindowPosition: 8 currentAminoAcid: Y =&gt; 0
  input in matrix: state: C currentWindowPosition: 9 currentAminoAcid: Y =&gt; 45
  input in matrix: state: C currentWindowPosition: 10 currentAminoAcid: Y =&gt; 43
  input in matrix: state: C currentWindowPosition: 11 currentAminoAcid: Y =&gt; 66
  input in matrix: state: C currentWindowPosition: 12 currentAminoAcid: Y =&gt; 74
  input in matrix: state: C currentWindowPosition: 13 currentAminoAcid: Y =&gt; 67
  input in matrix: state: C currentWindowPosition: 14 currentAminoAcid: Y =&gt; 69
  input in matrix: state: C currentWindowPosition: 15 currentAminoAcid: Y =&gt; 59
  input in matrix: state: C currentWindowPosition: 16 currentAminoAcid: Y =&gt; 61
Process line: 
 Skip line!
Process line: 
 Skip line!
Process line: =E,E=
 state line! (now in state: E)
Process line: 
 Skip line!
Process line: A	50	56	51	41	45	47	39	42	0	43	54	44	48	55	45	64	52
 data line!
  input in matrix: state: E currentWindowPosition: 0 currentAminoAcid: A =&gt; 50
  input in matrix: state: E currentWindowPosition: 1 currentAminoAcid: A =&gt; 56
  input in matrix: state: E currentWindowPosition: 2 currentAminoAcid: A =&gt; 51
  input in matrix: state: E currentWindowPosition: 3 currentAminoAcid: A =&gt; 41
  input in matrix: state: E currentWindowPosition: 4 currentAminoAcid: A =&gt; 45
  input in matrix: state: E currentWindowPosition: 5 currentAminoAcid: A =&gt; 47
  input in matrix: state: E currentWindowPosition: 6 currentAminoAcid: A =&gt; 39
  input in matrix: state: E currentWindowPosition: 7 currentAminoAcid: A =&gt; 42
  input in matrix: state: E currentWindowPosition: 8 currentAminoAcid: A =&gt; 0
  input in matrix: state: E currentWindowPosition: 9 currentAminoAcid: A =&gt; 43
  input in matrix: state: E currentWindowPosition: 10 currentAminoAcid: A =&gt; 54
  input in matrix: state: E currentWindowPosition: 11 currentAminoAcid: A =&gt; 44
  input in matrix: state: E currentWindowPosition: 12 currentAminoAcid: A =&gt; 48
  input in matrix: state: E currentWindowPosition: 13 currentAminoAcid: A =&gt; 55
  input in matrix: state: E currentWindowPosition: 14 currentAminoAcid: A =&gt; 45
  input in matrix: state: E currentWindowPosition: 15 currentAminoAcid: A =&gt; 64
  input in matrix: state: E currentWindowPosition: 16 currentAminoAcid: A =&gt; 52
Process line: C	8	11	12	9	14	8	8	15	0	16	14	13	12	9	10	11	9
 data line!
  input in matrix: state: E currentWindowPosition: 0 currentAminoAcid: C =&gt; 8
  input in matrix: state: E currentWindowPosition: 1 currentAminoAcid: C =&gt; 11
  input in matrix: state: E currentWindowPosition: 2 currentAminoAcid: C =&gt; 12
  input in matrix: state: E currentWindowPosition: 3 currentAminoAcid: C =&gt; 9
  input in matrix: state: E currentWindowPosition: 4 currentAminoAcid: C =&gt; 14
  input in matrix: state: E currentWindowPosition: 5 currentAminoAcid: C =&gt; 8
  input in matrix: state: E currentWindowPosition: 6 currentAminoAcid: C =&gt; 8
  input in matrix: state: E currentWindowPosition: 7 currentAminoAcid: C =&gt; 15
  input in matrix: state: E currentWindowPosition: 8 currentAminoAcid: C =&gt; 0
  input in matrix: state: E currentWindowPosition: 9 currentAminoAcid: C =&gt; 16
  input in matrix: state: E currentWindowPosition: 10 currentAminoAcid: C =&gt; 14
  input in matrix: state: E currentWindowPosition: 11 currentAminoAcid: C =&gt; 13
  input in matrix: state: E currentWindowPosition: 12 currentAminoAcid: C =&gt; 12
  input in matrix: state: E currentWindowPosition: 13 currentAminoAcid: C =&gt; 9
  input in matrix: state: E currentWindowPosition: 14 currentAminoAcid: C =&gt; 10
  input in matrix: state: E currentWindowPosition: 15 currentAminoAcid: C =&gt; 11
  input in matrix: state: E currentWindowPosition: 16 currentAminoAcid: C =&gt; 9
Process line: D	30	48	39	49	43	36	42	14	0	18	48	61	59	53	44	36	49
 data line!
  input in matrix: state: E currentWindowPosition: 0 currentAminoAcid: D =&gt; 30
  input in matrix: state: E currentWindowPosition: 1 currentAminoAcid: D =&gt; 48
  input in matrix: state: E currentWindowPosition: 2 currentAminoAcid: D =&gt; 39
  input in matrix: state: E currentWindowPosition: 3 currentAminoAcid: D =&gt; 49
  input in matrix: state: E currentWindowPosition: 4 currentAminoAcid: D =&gt; 43
  input in matrix: state: E currentWindowPosition: 5 currentAminoAcid: D =&gt; 36
  input in matrix: state: E currentWindowPosition: 6 currentAminoAcid: D =&gt; 42
  input in matrix: state: E currentWindowPosition: 7 currentAminoAcid: D =&gt; 14
  input in matrix: state: E currentWindowPosition: 8 currentAminoAcid: D =&gt; 0
  input in matrix: state: E currentWindowPosition: 9 currentAminoAcid: D =&gt; 18
  input in matrix: state: E currentWindowPosition: 10 currentAminoAcid: D =&gt; 48
  input in matrix: state: E currentWindowPosition: 11 currentAminoAcid: D =&gt; 61
  input in matrix: state: E currentWindowPosition: 12 currentAminoAcid: D =&gt; 59
  input in matrix: state: E currentWindowPosition: 13 currentAminoAcid: D =&gt; 53
  input in matrix: state: E currentWindowPosition: 14 currentAminoAcid: D =&gt; 44
  input in matrix: state: E currentWindowPosition: 15 currentAminoAcid: D =&gt; 36
  input in matrix: state: E currentWindowPosition: 16 currentAminoAcid: D =&gt; 49
Process line: E	48	34	45	46	40	36	25	22	701	28	34	31	41	40	41	33	35
 data line!
  input in matrix: state: E currentWindowPosition: 0 currentAminoAcid: E =&gt; 48
  input in matrix: state: E currentWindowPosition: 1 currentAminoAcid: E =&gt; 34
  input in matrix: state: E currentWindowPosition: 2 currentAminoAcid: E =&gt; 45
  input in matrix: state: E currentWindowPosition: 3 currentAminoAcid: E =&gt; 46
  input in matrix: state: E currentWindowPosition: 4 currentAminoAcid: E =&gt; 40
  input in matrix: state: E currentWindowPosition: 5 currentAminoAcid: E =&gt; 36
  input in matrix: state: E currentWindowPosition: 6 currentAminoAcid: E =&gt; 25
  input in matrix: state: E currentWindowPosition: 7 currentAminoAcid: E =&gt; 22
  input in matrix: state: E currentWindowPosition: 8 currentAminoAcid: E =&gt; 701
  input in matrix: state: E currentWindowPosition: 9 currentAminoAcid: E =&gt; 28
  input in matrix: state: E currentWindowPosition: 10 currentAminoAcid: E =&gt; 34
  input in matrix: state: E currentWindowPosition: 11 currentAminoAcid: E =&gt; 31
  input in matrix: state: E currentWindowPosition: 12 currentAminoAcid: E =&gt; 41
  input in matrix: state: E currentWindowPosition: 13 currentAminoAcid: E =&gt; 40
  input in matrix: state: E currentWindowPosition: 14 currentAminoAcid: E =&gt; 41
  input in matrix: state: E currentWindowPosition: 15 currentAminoAcid: E =&gt; 33
  input in matrix: state: E currentWindowPosition: 16 currentAminoAcid: E =&gt; 35
Process line: F	24	24	33	25	33	34	31	44	0	46	26	36	29	23	27	28	27
 data line!
  input in matrix: state: E currentWindowPosition: 0 currentAminoAcid: F =&gt; 24
  input in matrix: state: E currentWindowPosition: 1 currentAminoAcid: F =&gt; 24
  input in matrix: state: E currentWindowPosition: 2 currentAminoAcid: F =&gt; 33
  input in matrix: state: E currentWindowPosition: 3 currentAminoAcid: F =&gt; 25
  input in matrix: state: E currentWindowPosition: 4 currentAminoAcid: F =&gt; 33
  input in matrix: state: E currentWindowPosition: 5 currentAminoAcid: F =&gt; 34
  input in matrix: state: E currentWindowPosition: 6 currentAminoAcid: F =&gt; 31
  input in matrix: state: E currentWindowPosition: 7 currentAminoAcid: F =&gt; 44
  input in matrix: state: E currentWindowPosition: 8 currentAminoAcid: F =&gt; 0
  input in matrix: state: E currentWindowPosition: 9 currentAminoAcid: F =&gt; 46
  input in matrix: state: E currentWindowPosition: 10 currentAminoAcid: F =&gt; 26
  input in matrix: state: E currentWindowPosition: 11 currentAminoAcid: F =&gt; 36
  input in matrix: state: E currentWindowPosition: 12 currentAminoAcid: F =&gt; 29
  input in matrix: state: E currentWindowPosition: 13 currentAminoAcid: F =&gt; 23
  input in matrix: state: E currentWindowPosition: 14 currentAminoAcid: F =&gt; 27
  input in matrix: state: E currentWindowPosition: 15 currentAminoAcid: F =&gt; 28
  input in matrix: state: E currentWindowPosition: 16 currentAminoAcid: F =&gt; 27
Process line: G	67	65	66	64	60	61	71	46	0	46	52	73	64	57	75	71	57
 data line!
  input in matrix: state: E currentWindowPosition: 0 currentAminoAcid: G =&gt; 67
  input in matrix: state: E currentWindowPosition: 1 currentAminoAcid: G =&gt; 65
  input in matrix: state: E currentWindowPosition: 2 currentAminoAcid: G =&gt; 66
  input in matrix: state: E currentWindowPosition: 3 currentAminoAcid: G =&gt; 64
  input in matrix: state: E currentWindowPosition: 4 currentAminoAcid: G =&gt; 60
  input in matrix: state: E currentWindowPosition: 5 currentAminoAcid: G =&gt; 61
  input in matrix: state: E currentWindowPosition: 6 currentAminoAcid: G =&gt; 71
  input in matrix: state: E currentWindowPosition: 7 currentAminoAcid: G =&gt; 46
  input in matrix: state: E currentWindowPosition: 8 currentAminoAcid: G =&gt; 0
  input in matrix: state: E currentWindowPosition: 9 currentAminoAcid: G =&gt; 46
  input in matrix: state: E currentWindowPosition: 10 currentAminoAcid: G =&gt; 52
  input in matrix: state: E currentWindowPosition: 11 currentAminoAcid: G =&gt; 73
  input in matrix: state: E currentWindowPosition: 12 currentAminoAcid: G =&gt; 64
  input in matrix: state: E currentWindowPosition: 13 currentAminoAcid: G =&gt; 57
  input in matrix: state: E currentWindowPosition: 14 currentAminoAcid: G =&gt; 75
  input in matrix: state: E currentWindowPosition: 15 currentAminoAcid: G =&gt; 71
  input in matrix: state: E currentWindowPosition: 16 currentAminoAcid: G =&gt; 57
Process line: H	5	15	32	10	12	19	22	10	0	6	27	17	15	24	22	17	9
 data line!
  input in matrix: state: E currentWindowPosition: 0 currentAminoAcid: H =&gt; 5
  input in matrix: state: E currentWindowPosition: 1 currentAminoAcid: H =&gt; 15
  input in matrix: state: E currentWindowPosition: 2 currentAminoAcid: H =&gt; 32
  input in matrix: state: E currentWindowPosition: 3 currentAminoAcid: H =&gt; 10
  input in matrix: state: E currentWindowPosition: 4 currentAminoAcid: H =&gt; 12
  input in matrix: state: E currentWindowPosition: 5 currentAminoAcid: H =&gt; 19
  input in matrix: state: E currentWindowPosition: 6 currentAminoAcid: H =&gt; 22
  input in matrix: state: E currentWindowPosition: 7 currentAminoAcid: H =&gt; 10
  input in matrix: state: E currentWindowPosition: 8 currentAminoAcid: H =&gt; 0
  input in matrix: state: E currentWindowPosition: 9 currentAminoAcid: H =&gt; 6
  input in matrix: state: E currentWindowPosition: 10 currentAminoAcid: H =&gt; 27
  input in matrix: state: E currentWindowPosition: 11 currentAminoAcid: H =&gt; 17
  input in matrix: state: E currentWindowPosition: 12 currentAminoAcid: H =&gt; 15
  input in matrix: state: E currentWindowPosition: 13 currentAminoAcid: H =&gt; 24
  input in matrix: state: E currentWindowPosition: 14 currentAminoAcid: H =&gt; 22
  input in matrix: state: E currentWindowPosition: 15 currentAminoAcid: H =&gt; 17
  input in matrix: state: E currentWindowPosition: 16 currentAminoAcid: H =&gt; 9
Process line: I	51	36	31	35	47	59	46	82	0	73	42	42	37	34	26	27	30
 data line!
  input in matrix: state: E currentWindowPosition: 0 currentAminoAcid: I =&gt; 51
  input in matrix: state: E currentWindowPosition: 1 currentAminoAcid: I =&gt; 36
  input in matrix: state: E currentWindowPosition: 2 currentAminoAcid: I =&gt; 31
  input in matrix: state: E currentWindowPosition: 3 currentAminoAcid: I =&gt; 35
  input in matrix: state: E currentWindowPosition: 4 currentAminoAcid: I =&gt; 47
  input in matrix: state: E currentWindowPosition: 5 currentAminoAcid: I =&gt; 59
  input in matrix: state: E currentWindowPosition: 6 currentAminoAcid: I =&gt; 46
  input in matrix: state: E currentWindowPosition: 7 currentAminoAcid: I =&gt; 82
  input in matrix: state: E currentWindowPosition: 8 currentAminoAcid: I =&gt; 0
  input in matrix: state: E currentWindowPosition: 9 currentAminoAcid: I =&gt; 73
  input in matrix: state: E currentWindowPosition: 10 currentAminoAcid: I =&gt; 42
  input in matrix: state: E currentWindowPosition: 11 currentAminoAcid: I =&gt; 42
  input in matrix: state: E currentWindowPosition: 12 currentAminoAcid: I =&gt; 37
  input in matrix: state: E currentWindowPosition: 13 currentAminoAcid: I =&gt; 34
  input in matrix: state: E currentWindowPosition: 14 currentAminoAcid: I =&gt; 26
  input in matrix: state: E currentWindowPosition: 15 currentAminoAcid: I =&gt; 27
  input in matrix: state: E currentWindowPosition: 16 currentAminoAcid: I =&gt; 30
Process line: K	48	47	51	61	49	40	47	36	0	31	43	32	46	42	41	48	50
 data line!
  input in matrix: state: E currentWindowPosition: 0 currentAminoAcid: K =&gt; 48
  input in matrix: state: E currentWindowPosition: 1 currentAminoAcid: K =&gt; 47
  input in matrix: state: E currentWindowPosition: 2 currentAminoAcid: K =&gt; 51
  input in matrix: state: E currentWindowPosition: 3 currentAminoAcid: K =&gt; 61
  input in matrix: state: E currentWindowPosition: 4 currentAminoAcid: K =&gt; 49
  input in matrix: state: E currentWindowPosition: 5 currentAminoAcid: K =&gt; 40
  input in matrix: state: E currentWindowPosition: 6 currentAminoAcid: K =&gt; 47
  input in matrix: state: E currentWindowPosition: 7 currentAminoAcid: K =&gt; 36
  input in matrix: state: E currentWindowPosition: 8 currentAminoAcid: K =&gt; 0
  input in matrix: state: E currentWindowPosition: 9 currentAminoAcid: K =&gt; 31
  input in matrix: state: E currentWindowPosition: 10 currentAminoAcid: K =&gt; 43
  input in matrix: state: E currentWindowPosition: 11 currentAminoAcid: K =&gt; 32
  input in matrix: state: E currentWindowPosition: 12 currentAminoAcid: K =&gt; 46
  input in matrix: state: E currentWindowPosition: 13 currentAminoAcid: K =&gt; 42
  input in matrix: state: E currentWindowPosition: 14 currentAminoAcid: K =&gt; 41
  input in matrix: state: E currentWindowPosition: 15 currentAminoAcid: K =&gt; 48
  input in matrix: state: E currentWindowPosition: 16 currentAminoAcid: K =&gt; 50
Process line: L	68	47	51	47	41	57	38	66	0	76	41	51	47	46	48	40	61
 data line!
  input in matrix: state: E currentWindowPosition: 0 currentAminoAcid: L =&gt; 68
  input in matrix: state: E currentWindowPosition: 1 currentAminoAcid: L =&gt; 47
  input in matrix: state: E currentWindowPosition: 2 currentAminoAcid: L =&gt; 51
  input in matrix: state: E currentWindowPosition: 3 currentAminoAcid: L =&gt; 47
  input in matrix: state: E currentWindowPosition: 4 currentAminoAcid: L =&gt; 41
  input in matrix: state: E currentWindowPosition: 5 currentAminoAcid: L =&gt; 57
  input in matrix: state: E currentWindowPosition: 6 currentAminoAcid: L =&gt; 38
  input in matrix: state: E currentWindowPosition: 7 currentAminoAcid: L =&gt; 66
  input in matrix: state: E currentWindowPosition: 8 currentAminoAcid: L =&gt; 0
  input in matrix: state: E currentWindowPosition: 9 currentAminoAcid: L =&gt; 76
  input in matrix: state: E currentWindowPosition: 10 currentAminoAcid: L =&gt; 41
  input in matrix: state: E currentWindowPosition: 11 currentAminoAcid: L =&gt; 51
  input in matrix: state: E currentWindowPosition: 12 currentAminoAcid: L =&gt; 47
  input in matrix: state: E currentWindowPosition: 13 currentAminoAcid: L =&gt; 46
  input in matrix: state: E currentWindowPosition: 14 currentAminoAcid: L =&gt; 48
  input in matrix: state: E currentWindowPosition: 15 currentAminoAcid: L =&gt; 40
  input in matrix: state: E currentWindowPosition: 16 currentAminoAcid: L =&gt; 61
Process line: M	15	16	13	11	11	11	10	18	0	11	12	10	13	12	16	9	15
 data line!
  input in matrix: state: E currentWindowPosition: 0 currentAminoAcid: M =&gt; 15
  input in matrix: state: E currentWindowPosition: 1 currentAminoAcid: M =&gt; 16
  input in matrix: state: E currentWindowPosition: 2 currentAminoAcid: M =&gt; 13
  input in matrix: state: E currentWindowPosition: 3 currentAminoAcid: M =&gt; 11
  input in matrix: state: E currentWindowPosition: 4 currentAminoAcid: M =&gt; 11
  input in matrix: state: E currentWindowPosition: 5 currentAminoAcid: M =&gt; 11
  input in matrix: state: E currentWindowPosition: 6 currentAminoAcid: M =&gt; 10
  input in matrix: state: E currentWindowPosition: 7 currentAminoAcid: M =&gt; 18
  input in matrix: state: E currentWindowPosition: 8 currentAminoAcid: M =&gt; 0
  input in matrix: state: E currentWindowPosition: 9 currentAminoAcid: M =&gt; 11
  input in matrix: state: E currentWindowPosition: 10 currentAminoAcid: M =&gt; 12
  input in matrix: state: E currentWindowPosition: 11 currentAminoAcid: M =&gt; 10
  input in matrix: state: E currentWindowPosition: 12 currentAminoAcid: M =&gt; 13
  input in matrix: state: E currentWindowPosition: 13 currentAminoAcid: M =&gt; 12
  input in matrix: state: E currentWindowPosition: 14 currentAminoAcid: M =&gt; 16
  input in matrix: state: E currentWindowPosition: 15 currentAminoAcid: M =&gt; 9
  input in matrix: state: E currentWindowPosition: 16 currentAminoAcid: M =&gt; 15
Process line: N	36	33	38	39	41	28	28	19	0	24	42	29	29	32	43	41	34
 data line!
  input in matrix: state: E currentWindowPosition: 0 currentAminoAcid: N =&gt; 36
  input in matrix: state: E currentWindowPosition: 1 currentAminoAcid: N =&gt; 33
  input in matrix: state: E currentWindowPosition: 2 currentAminoAcid: N =&gt; 38
  input in matrix: state: E currentWindowPosition: 3 currentAminoAcid: N =&gt; 39
  input in matrix: state: E currentWindowPosition: 4 currentAminoAcid: N =&gt; 41
  input in matrix: state: E currentWindowPosition: 5 currentAminoAcid: N =&gt; 28
  input in matrix: state: E currentWindowPosition: 6 currentAminoAcid: N =&gt; 28
  input in matrix: state: E currentWindowPosition: 7 currentAminoAcid: N =&gt; 19
  input in matrix: state: E currentWindowPosition: 8 currentAminoAcid: N =&gt; 0
  input in matrix: state: E currentWindowPosition: 9 currentAminoAcid: N =&gt; 24
  input in matrix: state: E currentWindowPosition: 10 currentAminoAcid: N =&gt; 42
  input in matrix: state: E currentWindowPosition: 11 currentAminoAcid: N =&gt; 29
  input in matrix: state: E currentWindowPosition: 12 currentAminoAcid: N =&gt; 29
  input in matrix: state: E currentWindowPosition: 13 currentAminoAcid: N =&gt; 32
  input in matrix: state: E currentWindowPosition: 14 currentAminoAcid: N =&gt; 43
  input in matrix: state: E currentWindowPosition: 15 currentAminoAcid: N =&gt; 41
  input in matrix: state: E currentWindowPosition: 16 currentAminoAcid: N =&gt; 34
Process line: P	30	28	31	47	34	37	15	10	0	23	26	41	44	43	37	35	38
 data line!
  input in matrix: state: E currentWindowPosition: 0 currentAminoAcid: P =&gt; 30
  input in matrix: state: E currentWindowPosition: 1 currentAminoAcid: P =&gt; 28
  input in matrix: state: E currentWindowPosition: 2 currentAminoAcid: P =&gt; 31
  input in matrix: state: E currentWindowPosition: 3 currentAminoAcid: P =&gt; 47
  input in matrix: state: E currentWindowPosition: 4 currentAminoAcid: P =&gt; 34
  input in matrix: state: E currentWindowPosition: 5 currentAminoAcid: P =&gt; 37
  input in matrix: state: E currentWindowPosition: 6 currentAminoAcid: P =&gt; 15
  input in matrix: state: E currentWindowPosition: 7 currentAminoAcid: P =&gt; 10
  input in matrix: state: E currentWindowPosition: 8 currentAminoAcid: P =&gt; 0
  input in matrix: state: E currentWindowPosition: 9 currentAminoAcid: P =&gt; 23
  input in matrix: state: E currentWindowPosition: 10 currentAminoAcid: P =&gt; 26
  input in matrix: state: E currentWindowPosition: 11 currentAminoAcid: P =&gt; 41
  input in matrix: state: E currentWindowPosition: 12 currentAminoAcid: P =&gt; 44
  input in matrix: state: E currentWindowPosition: 13 currentAminoAcid: P =&gt; 43
  input in matrix: state: E currentWindowPosition: 14 currentAminoAcid: P =&gt; 37
  input in matrix: state: E currentWindowPosition: 15 currentAminoAcid: P =&gt; 35
  input in matrix: state: E currentWindowPosition: 16 currentAminoAcid: P =&gt; 38
Process line: Q	16	30	18	22	14	21	23	19	0	18	15	21	12	22	23	20	23
 data line!
  input in matrix: state: E currentWindowPosition: 0 currentAminoAcid: Q =&gt; 16
  input in matrix: state: E currentWindowPosition: 1 currentAminoAcid: Q =&gt; 30
  input in matrix: state: E currentWindowPosition: 2 currentAminoAcid: Q =&gt; 18
  input in matrix: state: E currentWindowPosition: 3 currentAminoAcid: Q =&gt; 22
  input in matrix: state: E currentWindowPosition: 4 currentAminoAcid: Q =&gt; 14
  input in matrix: state: E currentWindowPosition: 5 currentAminoAcid: Q =&gt; 21
  input in matrix: state: E currentWindowPosition: 6 currentAminoAcid: Q =&gt; 23
  input in matrix: state: E currentWindowPosition: 7 currentAminoAcid: Q =&gt; 19
  input in matrix: state: E currentWindowPosition: 8 currentAminoAcid: Q =&gt; 0
  input in matrix: state: E currentWindowPosition: 9 currentAminoAcid: Q =&gt; 18
  input in matrix: state: E currentWindowPosition: 10 currentAminoAcid: Q =&gt; 15
  input in matrix: state: E currentWindowPosition: 11 currentAminoAcid: Q =&gt; 21
  input in matrix: state: E currentWindowPosition: 12 currentAminoAcid: Q =&gt; 12
  input in matrix: state: E currentWindowPosition: 13 currentAminoAcid: Q =&gt; 22
  input in matrix: state: E currentWindowPosition: 14 currentAminoAcid: Q =&gt; 23
  input in matrix: state: E currentWindowPosition: 15 currentAminoAcid: Q =&gt; 20
  input in matrix: state: E currentWindowPosition: 16 currentAminoAcid: Q =&gt; 23
Process line: R	34	36	34	38	30	25	20	28	0	28	26	29	22	29	29	29	26
 data line!
  input in matrix: state: E currentWindowPosition: 0 currentAminoAcid: R =&gt; 34
  input in matrix: state: E currentWindowPosition: 1 currentAminoAcid: R =&gt; 36
  input in matrix: state: E currentWindowPosition: 2 currentAminoAcid: R =&gt; 34
  input in matrix: state: E currentWindowPosition: 3 currentAminoAcid: R =&gt; 38
  input in matrix: state: E currentWindowPosition: 4 currentAminoAcid: R =&gt; 30
  input in matrix: state: E currentWindowPosition: 5 currentAminoAcid: R =&gt; 25
  input in matrix: state: E currentWindowPosition: 6 currentAminoAcid: R =&gt; 20
  input in matrix: state: E currentWindowPosition: 7 currentAminoAcid: R =&gt; 28
  input in matrix: state: E currentWindowPosition: 8 currentAminoAcid: R =&gt; 0
  input in matrix: state: E currentWindowPosition: 9 currentAminoAcid: R =&gt; 28
  input in matrix: state: E currentWindowPosition: 10 currentAminoAcid: R =&gt; 26
  input in matrix: state: E currentWindowPosition: 11 currentAminoAcid: R =&gt; 29
  input in matrix: state: E currentWindowPosition: 12 currentAminoAcid: R =&gt; 22
  input in matrix: state: E currentWindowPosition: 13 currentAminoAcid: R =&gt; 29
  input in matrix: state: E currentWindowPosition: 14 currentAminoAcid: R =&gt; 29
  input in matrix: state: E currentWindowPosition: 15 currentAminoAcid: R =&gt; 29
  input in matrix: state: E currentWindowPosition: 16 currentAminoAcid: R =&gt; 26
Process line: S	51	39	40	31	45	40	40	24	0	34	40	52	54	45	42	44	52
 data line!
  input in matrix: state: E currentWindowPosition: 0 currentAminoAcid: S =&gt; 51
  input in matrix: state: E currentWindowPosition: 1 currentAminoAcid: S =&gt; 39
  input in matrix: state: E currentWindowPosition: 2 currentAminoAcid: S =&gt; 40
  input in matrix: state: E currentWindowPosition: 3 currentAminoAcid: S =&gt; 31
  input in matrix: state: E currentWindowPosition: 4 currentAminoAcid: S =&gt; 45
  input in matrix: state: E currentWindowPosition: 5 currentAminoAcid: S =&gt; 40
  input in matrix: state: E currentWindowPosition: 6 currentAminoAcid: S =&gt; 40
  input in matrix: state: E currentWindowPosition: 7 currentAminoAcid: S =&gt; 24
  input in matrix: state: E currentWindowPosition: 8 currentAminoAcid: S =&gt; 0
  input in matrix: state: E currentWindowPosition: 9 currentAminoAcid: S =&gt; 34
  input in matrix: state: E currentWindowPosition: 10 currentAminoAcid: S =&gt; 40
  input in matrix: state: E currentWindowPosition: 11 currentAminoAcid: S =&gt; 52
  input in matrix: state: E currentWindowPosition: 12 currentAminoAcid: S =&gt; 54
  input in matrix: state: E currentWindowPosition: 13 currentAminoAcid: S =&gt; 45
  input in matrix: state: E currentWindowPosition: 14 currentAminoAcid: S =&gt; 42
  input in matrix: state: E currentWindowPosition: 15 currentAminoAcid: S =&gt; 44
  input in matrix: state: E currentWindowPosition: 16 currentAminoAcid: S =&gt; 52
Process line: T	35	53	36	43	50	39	61	35	0	37	58	38	32	45	40	53	35
 data line!
  input in matrix: state: E currentWindowPosition: 0 currentAminoAcid: T =&gt; 35
  input in matrix: state: E currentWindowPosition: 1 currentAminoAcid: T =&gt; 53
  input in matrix: state: E currentWindowPosition: 2 currentAminoAcid: T =&gt; 36
  input in matrix: state: E currentWindowPosition: 3 currentAminoAcid: T =&gt; 43
  input in matrix: state: E currentWindowPosition: 4 currentAminoAcid: T =&gt; 50
  input in matrix: state: E currentWindowPosition: 5 currentAminoAcid: T =&gt; 39
  input in matrix: state: E currentWindowPosition: 6 currentAminoAcid: T =&gt; 61
  input in matrix: state: E currentWindowPosition: 7 currentAminoAcid: T =&gt; 35
  input in matrix: state: E currentWindowPosition: 8 currentAminoAcid: T =&gt; 0
  input in matrix: state: E currentWindowPosition: 9 currentAminoAcid: T =&gt; 37
  input in matrix: state: E currentWindowPosition: 10 currentAminoAcid: T =&gt; 58
  input in matrix: state: E currentWindowPosition: 11 currentAminoAcid: T =&gt; 38
  input in matrix: state: E currentWindowPosition: 12 currentAminoAcid: T =&gt; 32
  input in matrix: state: E currentWindowPosition: 13 currentAminoAcid: T =&gt; 45
  input in matrix: state: E currentWindowPosition: 14 currentAminoAcid: T =&gt; 40
  input in matrix: state: E currentWindowPosition: 15 currentAminoAcid: T =&gt; 53
  input in matrix: state: E currentWindowPosition: 16 currentAminoAcid: T =&gt; 35
Process line: V	54	50	43	48	53	70	80	104	0	95	63	46	56	56	56	59	54
 data line!
  input in matrix: state: E currentWindowPosition: 0 currentAminoAcid: V =&gt; 54
  input in matrix: state: E currentWindowPosition: 1 currentAminoAcid: V =&gt; 50
  input in matrix: state: E currentWindowPosition: 2 currentAminoAcid: V =&gt; 43
  input in matrix: state: E currentWindowPosition: 3 currentAminoAcid: V =&gt; 48
  input in matrix: state: E currentWindowPosition: 4 currentAminoAcid: V =&gt; 53
  input in matrix: state: E currentWindowPosition: 5 currentAminoAcid: V =&gt; 70
  input in matrix: state: E currentWindowPosition: 6 currentAminoAcid: V =&gt; 80
  input in matrix: state: E currentWindowPosition: 7 currentAminoAcid: V =&gt; 104
  input in matrix: state: E currentWindowPosition: 8 currentAminoAcid: V =&gt; 0
  input in matrix: state: E currentWindowPosition: 9 currentAminoAcid: V =&gt; 95
  input in matrix: state: E currentWindowPosition: 10 currentAminoAcid: V =&gt; 63
  input in matrix: state: E currentWindowPosition: 11 currentAminoAcid: V =&gt; 46
  input in matrix: state: E currentWindowPosition: 12 currentAminoAcid: V =&gt; 56
  input in matrix: state: E currentWindowPosition: 13 currentAminoAcid: V =&gt; 56
  input in matrix: state: E currentWindowPosition: 14 currentAminoAcid: V =&gt; 56
  input in matrix: state: E currentWindowPosition: 15 currentAminoAcid: V =&gt; 59
  input in matrix: state: E currentWindowPosition: 16 currentAminoAcid: V =&gt; 54
Process line: W	8	5	12	8	13	8	20	28	0	12	15	9	13	9	12	7	11
 data line!
  input in matrix: state: E currentWindowPosition: 0 currentAminoAcid: W =&gt; 8
  input in matrix: state: E currentWindowPosition: 1 currentAminoAcid: W =&gt; 5
  input in matrix: state: E currentWindowPosition: 2 currentAminoAcid: W =&gt; 12
  input in matrix: state: E currentWindowPosition: 3 currentAminoAcid: W =&gt; 8
  input in matrix: state: E currentWindowPosition: 4 currentAminoAcid: W =&gt; 13
  input in matrix: state: E currentWindowPosition: 5 currentAminoAcid: W =&gt; 8
  input in matrix: state: E currentWindowPosition: 6 currentAminoAcid: W =&gt; 20
  input in matrix: state: E currentWindowPosition: 7 currentAminoAcid: W =&gt; 28
  input in matrix: state: E currentWindowPosition: 8 currentAminoAcid: W =&gt; 0
  input in matrix: state: E currentWindowPosition: 9 currentAminoAcid: W =&gt; 12
  input in matrix: state: E currentWindowPosition: 10 currentAminoAcid: W =&gt; 15
  input in matrix: state: E currentWindowPosition: 11 currentAminoAcid: W =&gt; 9
  input in matrix: state: E currentWindowPosition: 12 currentAminoAcid: W =&gt; 13
  input in matrix: state: E currentWindowPosition: 13 currentAminoAcid: W =&gt; 9
  input in matrix: state: E currentWindowPosition: 14 currentAminoAcid: W =&gt; 12
  input in matrix: state: E currentWindowPosition: 15 currentAminoAcid: W =&gt; 7
  input in matrix: state: E currentWindowPosition: 16 currentAminoAcid: W =&gt; 11
Process line: Y	23	28	25	27	26	25	35	39	0	36	23	26	27	25	24	29	34
 data line!
  input in matrix: state: E currentWindowPosition: 0 currentAminoAcid: Y =&gt; 23
  input in matrix: state: E currentWindowPosition: 1 currentAminoAcid: Y =&gt; 28
  input in matrix: state: E currentWindowPosition: 2 currentAminoAcid: Y =&gt; 25
  input in matrix: state: E currentWindowPosition: 3 currentAminoAcid: Y =&gt; 27
  input in matrix: state: E currentWindowPosition: 4 currentAminoAcid: Y =&gt; 26
  input in matrix: state: E currentWindowPosition: 5 currentAminoAcid: Y =&gt; 25
  input in matrix: state: E currentWindowPosition: 6 currentAminoAcid: Y =&gt; 35
  input in matrix: state: E currentWindowPosition: 7 currentAminoAcid: Y =&gt; 39
  input in matrix: state: E currentWindowPosition: 8 currentAminoAcid: Y =&gt; 0
  input in matrix: state: E currentWindowPosition: 9 currentAminoAcid: Y =&gt; 36
  input in matrix: state: E currentWindowPosition: 10 currentAminoAcid: Y =&gt; 23
  input in matrix: state: E currentWindowPosition: 11 currentAminoAcid: Y =&gt; 26
  input in matrix: state: E currentWindowPosition: 12 currentAminoAcid: Y =&gt; 27
  input in matrix: state: E currentWindowPosition: 13 currentAminoAcid: Y =&gt; 25
  input in matrix: state: E currentWindowPosition: 14 currentAminoAcid: Y =&gt; 24
  input in matrix: state: E currentWindowPosition: 15 currentAminoAcid: Y =&gt; 29
  input in matrix: state: E currentWindowPosition: 16 currentAminoAcid: Y =&gt; 34
Process line: 
 Skip line!
Process line: 
 Skip line!
Process line: =E,H=
 state line! (now in state: H)
Process line: 
 Skip line!
Process line: A	197	198	219	214	209	219	261	246	0	274	259	264	236	208	211	215	205
 data line!
  input in matrix: state: H currentWindowPosition: 0 currentAminoAcid: A =&gt; 197
  input in matrix: state: H currentWindowPosition: 1 currentAminoAcid: A =&gt; 198
  input in matrix: state: H currentWindowPosition: 2 currentAminoAcid: A =&gt; 219
  input in matrix: state: H currentWindowPosition: 3 currentAminoAcid: A =&gt; 214
  input in matrix: state: H currentWindowPosition: 4 currentAminoAcid: A =&gt; 209
  input in matrix: state: H currentWindowPosition: 5 currentAminoAcid: A =&gt; 219
  input in matrix: state: H currentWindowPosition: 6 currentAminoAcid: A =&gt; 261
  input in matrix: state: H currentWindowPosition: 7 currentAminoAcid: A =&gt; 246
  input in matrix: state: H currentWindowPosition: 8 currentAminoAcid: A =&gt; 0
  input in matrix: state: H currentWindowPosition: 9 currentAminoAcid: A =&gt; 274
  input in matrix: state: H currentWindowPosition: 10 currentAminoAcid: A =&gt; 259
  input in matrix: state: H currentWindowPosition: 11 currentAminoAcid: A =&gt; 264
  input in matrix: state: H currentWindowPosition: 12 currentAminoAcid: A =&gt; 236
  input in matrix: state: H currentWindowPosition: 13 currentAminoAcid: A =&gt; 208
  input in matrix: state: H currentWindowPosition: 14 currentAminoAcid: A =&gt; 211
  input in matrix: state: H currentWindowPosition: 15 currentAminoAcid: A =&gt; 215
  input in matrix: state: H currentWindowPosition: 16 currentAminoAcid: A =&gt; 205
Process line: C	35	17	31	28	23	20	33	22	0	17	32	20	17	30	44	23	21
 data line!
  input in matrix: state: H currentWindowPosition: 0 currentAminoAcid: C =&gt; 35
  input in matrix: state: H currentWindowPosition: 1 currentAminoAcid: C =&gt; 17
  input in matrix: state: H currentWindowPosition: 2 currentAminoAcid: C =&gt; 31
  input in matrix: state: H currentWindowPosition: 3 currentAminoAcid: C =&gt; 28
  input in matrix: state: H currentWindowPosition: 4 currentAminoAcid: C =&gt; 23
  input in matrix: state: H currentWindowPosition: 5 currentAminoAcid: C =&gt; 20
  input in matrix: state: H currentWindowPosition: 6 currentAminoAcid: C =&gt; 33
  input in matrix: state: H currentWindowPosition: 7 currentAminoAcid: C =&gt; 22
  input in matrix: state: H currentWindowPosition: 8 currentAminoAcid: C =&gt; 0
  input in matrix: state: H currentWindowPosition: 9 currentAminoAcid: C =&gt; 17
  input in matrix: state: H currentWindowPosition: 10 currentAminoAcid: C =&gt; 32
  input in matrix: state: H currentWindowPosition: 11 currentAminoAcid: C =&gt; 20
  input in matrix: state: H currentWindowPosition: 12 currentAminoAcid: C =&gt; 17
  input in matrix: state: H currentWindowPosition: 13 currentAminoAcid: C =&gt; 30
  input in matrix: state: H currentWindowPosition: 14 currentAminoAcid: C =&gt; 44
  input in matrix: state: H currentWindowPosition: 15 currentAminoAcid: C =&gt; 23
  input in matrix: state: H currentWindowPosition: 16 currentAminoAcid: C =&gt; 21
Process line: D	143	158	138	126	140	117	129	138	0	102	65	114	107	102	105	139	150
 data line!
  input in matrix: state: H currentWindowPosition: 0 currentAminoAcid: D =&gt; 143
  input in matrix: state: H currentWindowPosition: 1 currentAminoAcid: D =&gt; 158
  input in matrix: state: H currentWindowPosition: 2 currentAminoAcid: D =&gt; 138
  input in matrix: state: H currentWindowPosition: 3 currentAminoAcid: D =&gt; 126
  input in matrix: state: H currentWindowPosition: 4 currentAminoAcid: D =&gt; 140
  input in matrix: state: H currentWindowPosition: 5 currentAminoAcid: D =&gt; 117
  input in matrix: state: H currentWindowPosition: 6 currentAminoAcid: D =&gt; 129
  input in matrix: state: H currentWindowPosition: 7 currentAminoAcid: D =&gt; 138
  input in matrix: state: H currentWindowPosition: 8 currentAminoAcid: D =&gt; 0
  input in matrix: state: H currentWindowPosition: 9 currentAminoAcid: D =&gt; 102
  input in matrix: state: H currentWindowPosition: 10 currentAminoAcid: D =&gt; 65
  input in matrix: state: H currentWindowPosition: 11 currentAminoAcid: D =&gt; 114
  input in matrix: state: H currentWindowPosition: 12 currentAminoAcid: D =&gt; 107
  input in matrix: state: H currentWindowPosition: 13 currentAminoAcid: D =&gt; 102
  input in matrix: state: H currentWindowPosition: 14 currentAminoAcid: D =&gt; 105
  input in matrix: state: H currentWindowPosition: 15 currentAminoAcid: D =&gt; 139
  input in matrix: state: H currentWindowPosition: 16 currentAminoAcid: D =&gt; 150
Process line: E	178	204	147	131	180	166	127	207	2268	210	140	155	172	132	136	199	183
 data line!
  input in matrix: state: H currentWindowPosition: 0 currentAminoAcid: E =&gt; 178
  input in matrix: state: H currentWindowPosition: 1 currentAminoAcid: E =&gt; 204
  input in matrix: state: H currentWindowPosition: 2 currentAminoAcid: E =&gt; 147
  input in matrix: state: H currentWindowPosition: 3 currentAminoAcid: E =&gt; 131
  input in matrix: state: H currentWindowPosition: 4 currentAminoAcid: E =&gt; 180
  input in matrix: state: H currentWindowPosition: 5 currentAminoAcid: E =&gt; 166
  input in matrix: state: H currentWindowPosition: 6 currentAminoAcid: E =&gt; 127
  input in matrix: state: H currentWindowPosition: 7 currentAminoAcid: E =&gt; 207
  input in matrix: state: H currentWindowPosition: 8 currentAminoAcid: E =&gt; 2268
  input in matrix: state: H currentWindowPosition: 9 currentAminoAcid: E =&gt; 210
  input in matrix: state: H currentWindowPosition: 10 currentAminoAcid: E =&gt; 140
  input in matrix: state: H currentWindowPosition: 11 currentAminoAcid: E =&gt; 155
  input in matrix: state: H currentWindowPosition: 12 currentAminoAcid: E =&gt; 172
  input in matrix: state: H currentWindowPosition: 13 currentAminoAcid: E =&gt; 132
  input in matrix: state: H currentWindowPosition: 14 currentAminoAcid: E =&gt; 136
  input in matrix: state: H currentWindowPosition: 15 currentAminoAcid: E =&gt; 199
  input in matrix: state: H currentWindowPosition: 16 currentAminoAcid: E =&gt; 183
Process line: F	78	88	101	103	64	91	100	88	0	90	120	78	71	108	108	92	82
 data line!
  input in matrix: state: H currentWindowPosition: 0 currentAminoAcid: F =&gt; 78
  input in matrix: state: H currentWindowPosition: 1 currentAminoAcid: F =&gt; 88
  input in matrix: state: H currentWindowPosition: 2 currentAminoAcid: F =&gt; 101
  input in matrix: state: H currentWindowPosition: 3 currentAminoAcid: F =&gt; 103
  input in matrix: state: H currentWindowPosition: 4 currentAminoAcid: F =&gt; 64
  input in matrix: state: H currentWindowPosition: 5 currentAminoAcid: F =&gt; 91
  input in matrix: state: H currentWindowPosition: 6 currentAminoAcid: F =&gt; 100
  input in matrix: state: H currentWindowPosition: 7 currentAminoAcid: F =&gt; 88
  input in matrix: state: H currentWindowPosition: 8 currentAminoAcid: F =&gt; 0
  input in matrix: state: H currentWindowPosition: 9 currentAminoAcid: F =&gt; 90
  input in matrix: state: H currentWindowPosition: 10 currentAminoAcid: F =&gt; 120
  input in matrix: state: H currentWindowPosition: 11 currentAminoAcid: F =&gt; 78
  input in matrix: state: H currentWindowPosition: 12 currentAminoAcid: F =&gt; 71
  input in matrix: state: H currentWindowPosition: 13 currentAminoAcid: F =&gt; 108
  input in matrix: state: H currentWindowPosition: 14 currentAminoAcid: F =&gt; 108
  input in matrix: state: H currentWindowPosition: 15 currentAminoAcid: F =&gt; 92
  input in matrix: state: H currentWindowPosition: 16 currentAminoAcid: F =&gt; 82
Process line: G	156	156	175	146	121	93	107	84	0	106	166	160	105	135	195	150	139
 data line!
  input in matrix: state: H currentWindowPosition: 0 currentAminoAcid: G =&gt; 156
  input in matrix: state: H currentWindowPosition: 1 currentAminoAcid: G =&gt; 156
  input in matrix: state: H currentWindowPosition: 2 currentAminoAcid: G =&gt; 175
  input in matrix: state: H currentWindowPosition: 3 currentAminoAcid: G =&gt; 146
  input in matrix: state: H currentWindowPosition: 4 currentAminoAcid: G =&gt; 121
  input in matrix: state: H currentWindowPosition: 5 currentAminoAcid: G =&gt; 93
  input in matrix: state: H currentWindowPosition: 6 currentAminoAcid: G =&gt; 107
  input in matrix: state: H currentWindowPosition: 7 currentAminoAcid: G =&gt; 84
  input in matrix: state: H currentWindowPosition: 8 currentAminoAcid: G =&gt; 0
  input in matrix: state: H currentWindowPosition: 9 currentAminoAcid: G =&gt; 106
  input in matrix: state: H currentWindowPosition: 10 currentAminoAcid: G =&gt; 166
  input in matrix: state: H currentWindowPosition: 11 currentAminoAcid: G =&gt; 160
  input in matrix: state: H currentWindowPosition: 12 currentAminoAcid: G =&gt; 105
  input in matrix: state: H currentWindowPosition: 13 currentAminoAcid: G =&gt; 135
  input in matrix: state: H currentWindowPosition: 14 currentAminoAcid: G =&gt; 195
  input in matrix: state: H currentWindowPosition: 15 currentAminoAcid: G =&gt; 150
  input in matrix: state: H currentWindowPosition: 16 currentAminoAcid: G =&gt; 139
Process line: H	55	46	37	52	56	46	40	46	0	46	42	55	53	58	36	36	49
 data line!
  input in matrix: state: H currentWindowPosition: 0 currentAminoAcid: H =&gt; 55
  input in matrix: state: H currentWindowPosition: 1 currentAminoAcid: H =&gt; 46
  input in matrix: state: H currentWindowPosition: 2 currentAminoAcid: H =&gt; 37
  input in matrix: state: H currentWindowPosition: 3 currentAminoAcid: H =&gt; 52
  input in matrix: state: H currentWindowPosition: 4 currentAminoAcid: H =&gt; 56
  input in matrix: state: H currentWindowPosition: 5 currentAminoAcid: H =&gt; 46
  input in matrix: state: H currentWindowPosition: 6 currentAminoAcid: H =&gt; 40
  input in matrix: state: H currentWindowPosition: 7 currentAminoAcid: H =&gt; 46
  input in matrix: state: H currentWindowPosition: 8 currentAminoAcid: H =&gt; 0
  input in matrix: state: H currentWindowPosition: 9 currentAminoAcid: H =&gt; 46
  input in matrix: state: H currentWindowPosition: 10 currentAminoAcid: H =&gt; 42
  input in matrix: state: H currentWindowPosition: 11 currentAminoAcid: H =&gt; 55
  input in matrix: state: H currentWindowPosition: 12 currentAminoAcid: H =&gt; 53
  input in matrix: state: H currentWindowPosition: 13 currentAminoAcid: H =&gt; 58
  input in matrix: state: H currentWindowPosition: 14 currentAminoAcid: H =&gt; 36
  input in matrix: state: H currentWindowPosition: 15 currentAminoAcid: H =&gt; 36
  input in matrix: state: H currentWindowPosition: 16 currentAminoAcid: H =&gt; 49
Process line: I	128	103	148	135	106	112	153	116	0	133	185	111	97	144	144	112	147
 data line!
  input in matrix: state: H currentWindowPosition: 0 currentAminoAcid: I =&gt; 128
  input in matrix: state: H currentWindowPosition: 1 currentAminoAcid: I =&gt; 103
  input in matrix: state: H currentWindowPosition: 2 currentAminoAcid: I =&gt; 148
  input in matrix: state: H currentWindowPosition: 3 currentAminoAcid: I =&gt; 135
  input in matrix: state: H currentWindowPosition: 4 currentAminoAcid: I =&gt; 106
  input in matrix: state: H currentWindowPosition: 5 currentAminoAcid: I =&gt; 112
  input in matrix: state: H currentWindowPosition: 6 currentAminoAcid: I =&gt; 153
  input in matrix: state: H currentWindowPosition: 7 currentAminoAcid: I =&gt; 116
  input in matrix: state: H currentWindowPosition: 8 currentAminoAcid: I =&gt; 0
  input in matrix: state: H currentWindowPosition: 9 currentAminoAcid: I =&gt; 133
  input in matrix: state: H currentWindowPosition: 10 currentAminoAcid: I =&gt; 185
  input in matrix: state: H currentWindowPosition: 11 currentAminoAcid: I =&gt; 111
  input in matrix: state: H currentWindowPosition: 12 currentAminoAcid: I =&gt; 97
  input in matrix: state: H currentWindowPosition: 13 currentAminoAcid: I =&gt; 144
  input in matrix: state: H currentWindowPosition: 14 currentAminoAcid: I =&gt; 144
  input in matrix: state: H currentWindowPosition: 15 currentAminoAcid: I =&gt; 112
  input in matrix: state: H currentWindowPosition: 16 currentAminoAcid: I =&gt; 147
Process line: K	146	137	108	140	197	168	104	165	0	184	133	231	235	150	167	209	168
 data line!
  input in matrix: state: H currentWindowPosition: 0 currentAminoAcid: K =&gt; 146
  input in matrix: state: H currentWindowPosition: 1 currentAminoAcid: K =&gt; 137
  input in matrix: state: H currentWindowPosition: 2 currentAminoAcid: K =&gt; 108
  input in matrix: state: H currentWindowPosition: 3 currentAminoAcid: K =&gt; 140
  input in matrix: state: H currentWindowPosition: 4 currentAminoAcid: K =&gt; 197
  input in matrix: state: H currentWindowPosition: 5 currentAminoAcid: K =&gt; 168
  input in matrix: state: H currentWindowPosition: 6 currentAminoAcid: K =&gt; 104
  input in matrix: state: H currentWindowPosition: 7 currentAminoAcid: K =&gt; 165
  input in matrix: state: H currentWindowPosition: 8 currentAminoAcid: K =&gt; 0
  input in matrix: state: H currentWindowPosition: 9 currentAminoAcid: K =&gt; 184
  input in matrix: state: H currentWindowPosition: 10 currentAminoAcid: K =&gt; 133
  input in matrix: state: H currentWindowPosition: 11 currentAminoAcid: K =&gt; 231
  input in matrix: state: H currentWindowPosition: 12 currentAminoAcid: K =&gt; 235
  input in matrix: state: H currentWindowPosition: 13 currentAminoAcid: K =&gt; 150
  input in matrix: state: H currentWindowPosition: 14 currentAminoAcid: K =&gt; 167
  input in matrix: state: H currentWindowPosition: 15 currentAminoAcid: K =&gt; 209
  input in matrix: state: H currentWindowPosition: 16 currentAminoAcid: K =&gt; 168
Process line: L	189	206	213	242	198	212	313	229	0	255	325	230	225	300	289	188	212
 data line!
  input in matrix: state: H currentWindowPosition: 0 currentAminoAcid: L =&gt; 189
  input in matrix: state: H currentWindowPosition: 1 currentAminoAcid: L =&gt; 206
  input in matrix: state: H currentWindowPosition: 2 currentAminoAcid: L =&gt; 213
  input in matrix: state: H currentWindowPosition: 3 currentAminoAcid: L =&gt; 242
  input in matrix: state: H currentWindowPosition: 4 currentAminoAcid: L =&gt; 198
  input in matrix: state: H currentWindowPosition: 5 currentAminoAcid: L =&gt; 212
  input in matrix: state: H currentWindowPosition: 6 currentAminoAcid: L =&gt; 313
  input in matrix: state: H currentWindowPosition: 7 currentAminoAcid: L =&gt; 229
  input in matrix: state: H currentWindowPosition: 8 currentAminoAcid: L =&gt; 0
  input in matrix: state: H currentWindowPosition: 9 currentAminoAcid: L =&gt; 255
  input in matrix: state: H currentWindowPosition: 10 currentAminoAcid: L =&gt; 325
  input in matrix: state: H currentWindowPosition: 11 currentAminoAcid: L =&gt; 230
  input in matrix: state: H currentWindowPosition: 12 currentAminoAcid: L =&gt; 225
  input in matrix: state: H currentWindowPosition: 13 currentAminoAcid: L =&gt; 300
  input in matrix: state: H currentWindowPosition: 14 currentAminoAcid: L =&gt; 289
  input in matrix: state: H currentWindowPosition: 15 currentAminoAcid: L =&gt; 188
  input in matrix: state: H currentWindowPosition: 16 currentAminoAcid: L =&gt; 212
Process line: M	47	47	57	49	48	49	64	47	0	59	59	36	63	68	44	41	47
 data line!
  input in matrix: state: H currentWindowPosition: 0 currentAminoAcid: M =&gt; 47
  input in matrix: state: H currentWindowPosition: 1 currentAminoAcid: M =&gt; 47
  input in matrix: state: H currentWindowPosition: 2 currentAminoAcid: M =&gt; 57
  input in matrix: state: H currentWindowPosition: 3 currentAminoAcid: M =&gt; 49
  input in matrix: state: H currentWindowPosition: 4 currentAminoAcid: M =&gt; 48
  input in matrix: state: H currentWindowPosition: 5 currentAminoAcid: M =&gt; 49
  input in matrix: state: H currentWindowPosition: 6 currentAminoAcid: M =&gt; 64
  input in matrix: state: H currentWindowPosition: 7 currentAminoAcid: M =&gt; 47
  input in matrix: state: H currentWindowPosition: 8 currentAminoAcid: M =&gt; 0
  input in matrix: state: H currentWindowPosition: 9 currentAminoAcid: M =&gt; 59
  input in matrix: state: H currentWindowPosition: 10 currentAminoAcid: M =&gt; 59
  input in matrix: state: H currentWindowPosition: 11 currentAminoAcid: M =&gt; 36
  input in matrix: state: H currentWindowPosition: 12 currentAminoAcid: M =&gt; 63
  input in matrix: state: H currentWindowPosition: 13 currentAminoAcid: M =&gt; 68
  input in matrix: state: H currentWindowPosition: 14 currentAminoAcid: M =&gt; 44
  input in matrix: state: H currentWindowPosition: 15 currentAminoAcid: M =&gt; 41
  input in matrix: state: H currentWindowPosition: 16 currentAminoAcid: M =&gt; 47
Process line: N	90	109	106	84	93	87	77	78	0	98	68	97	107	87	89	84	87
 data line!
  input in matrix: state: H currentWindowPosition: 0 currentAminoAcid: N =&gt; 90
  input in matrix: state: H currentWindowPosition: 1 currentAminoAcid: N =&gt; 109
  input in matrix: state: H currentWindowPosition: 2 currentAminoAcid: N =&gt; 106
  input in matrix: state: H currentWindowPosition: 3 currentAminoAcid: N =&gt; 84
  input in matrix: state: H currentWindowPosition: 4 currentAminoAcid: N =&gt; 93
  input in matrix: state: H currentWindowPosition: 5 currentAminoAcid: N =&gt; 87
  input in matrix: state: H currentWindowPosition: 6 currentAminoAcid: N =&gt; 77
  input in matrix: state: H currentWindowPosition: 7 currentAminoAcid: N =&gt; 78
  input in matrix: state: H currentWindowPosition: 8 currentAminoAcid: N =&gt; 0
  input in matrix: state: H currentWindowPosition: 9 currentAminoAcid: N =&gt; 98
  input in matrix: state: H currentWindowPosition: 10 currentAminoAcid: N =&gt; 68
  input in matrix: state: H currentWindowPosition: 11 currentAminoAcid: N =&gt; 97
  input in matrix: state: H currentWindowPosition: 12 currentAminoAcid: N =&gt; 107
  input in matrix: state: H currentWindowPosition: 13 currentAminoAcid: N =&gt; 87
  input in matrix: state: H currentWindowPosition: 14 currentAminoAcid: N =&gt; 89
  input in matrix: state: H currentWindowPosition: 15 currentAminoAcid: N =&gt; 84
  input in matrix: state: H currentWindowPosition: 16 currentAminoAcid: N =&gt; 87
Process line: P	129	88	95	97	96	84	80	123	0	11	32	59	66	62	80	88	87
 data line!
  input in matrix: state: H currentWindowPosition: 0 currentAminoAcid: P =&gt; 129
  input in matrix: state: H currentWindowPosition: 1 currentAminoAcid: P =&gt; 88
  input in matrix: state: H currentWindowPosition: 2 currentAminoAcid: P =&gt; 95
  input in matrix: state: H currentWindowPosition: 3 currentAminoAcid: P =&gt; 97
  input in matrix: state: H currentWindowPosition: 4 currentAminoAcid: P =&gt; 96
  input in matrix: state: H currentWindowPosition: 5 currentAminoAcid: P =&gt; 84
  input in matrix: state: H currentWindowPosition: 6 currentAminoAcid: P =&gt; 80
  input in matrix: state: H currentWindowPosition: 7 currentAminoAcid: P =&gt; 123
  input in matrix: state: H currentWindowPosition: 8 currentAminoAcid: P =&gt; 0
  input in matrix: state: H currentWindowPosition: 9 currentAminoAcid: P =&gt; 11
  input in matrix: state: H currentWindowPosition: 10 currentAminoAcid: P =&gt; 32
  input in matrix: state: H currentWindowPosition: 11 currentAminoAcid: P =&gt; 59
  input in matrix: state: H currentWindowPosition: 12 currentAminoAcid: P =&gt; 66
  input in matrix: state: H currentWindowPosition: 13 currentAminoAcid: P =&gt; 62
  input in matrix: state: H currentWindowPosition: 14 currentAminoAcid: P =&gt; 80
  input in matrix: state: H currentWindowPosition: 15 currentAminoAcid: P =&gt; 88
  input in matrix: state: H currentWindowPosition: 16 currentAminoAcid: P =&gt; 87
Process line: Q	93	96	90	93	138	96	86	99	0	121	77	107	104	67	74	112	96
 data line!
  input in matrix: state: H currentWindowPosition: 0 currentAminoAcid: Q =&gt; 93
  input in matrix: state: H currentWindowPosition: 1 currentAminoAcid: Q =&gt; 96
  input in matrix: state: H currentWindowPosition: 2 currentAminoAcid: Q =&gt; 90
  input in matrix: state: H currentWindowPosition: 3 currentAminoAcid: Q =&gt; 93
  input in matrix: state: H currentWindowPosition: 4 currentAminoAcid: Q =&gt; 138
  input in matrix: state: H currentWindowPosition: 5 currentAminoAcid: Q =&gt; 96
  input in matrix: state: H currentWindowPosition: 6 currentAminoAcid: Q =&gt; 86
  input in matrix: state: H currentWindowPosition: 7 currentAminoAcid: Q =&gt; 99
  input in matrix: state: H currentWindowPosition: 8 currentAminoAcid: Q =&gt; 0
  input in matrix: state: H currentWindowPosition: 9 currentAminoAcid: Q =&gt; 121
  input in matrix: state: H currentWindowPosition: 10 currentAminoAcid: Q =&gt; 77
  input in matrix: state: H currentWindowPosition: 11 currentAminoAcid: Q =&gt; 107
  input in matrix: state: H currentWindowPosition: 12 currentAminoAcid: Q =&gt; 104
  input in matrix: state: H currentWindowPosition: 13 currentAminoAcid: Q =&gt; 67
  input in matrix: state: H currentWindowPosition: 14 currentAminoAcid: Q =&gt; 74
  input in matrix: state: H currentWindowPosition: 15 currentAminoAcid: Q =&gt; 112
  input in matrix: state: H currentWindowPosition: 16 currentAminoAcid: Q =&gt; 96
Process line: R	101	115	87	104	138	135	79	138	0	107	104	157	188	136	113	132	130
 data line!
  input in matrix: state: H currentWindowPosition: 0 currentAminoAcid: R =&gt; 101
  input in matrix: state: H currentWindowPosition: 1 currentAminoAcid: R =&gt; 115
  input in matrix: state: H currentWindowPosition: 2 currentAminoAcid: R =&gt; 87
  input in matrix: state: H currentWindowPosition: 3 currentAminoAcid: R =&gt; 104
  input in matrix: state: H currentWindowPosition: 4 currentAminoAcid: R =&gt; 138
  input in matrix: state: H currentWindowPosition: 5 currentAminoAcid: R =&gt; 135
  input in matrix: state: H currentWindowPosition: 6 currentAminoAcid: R =&gt; 79
  input in matrix: state: H currentWindowPosition: 7 currentAminoAcid: R =&gt; 138
  input in matrix: state: H currentWindowPosition: 8 currentAminoAcid: R =&gt; 0
  input in matrix: state: H currentWindowPosition: 9 currentAminoAcid: R =&gt; 107
  input in matrix: state: H currentWindowPosition: 10 currentAminoAcid: R =&gt; 104
  input in matrix: state: H currentWindowPosition: 11 currentAminoAcid: R =&gt; 157
  input in matrix: state: H currentWindowPosition: 12 currentAminoAcid: R =&gt; 188
  input in matrix: state: H currentWindowPosition: 13 currentAminoAcid: R =&gt; 136
  input in matrix: state: H currentWindowPosition: 14 currentAminoAcid: R =&gt; 113
  input in matrix: state: H currentWindowPosition: 15 currentAminoAcid: R =&gt; 132
  input in matrix: state: H currentWindowPosition: 16 currentAminoAcid: R =&gt; 130
Process line: S	123	141	126	117	109	147	134	108	0	99	83	88	104	92	95	124	110
 data line!
  input in matrix: state: H currentWindowPosition: 0 currentAminoAcid: S =&gt; 123
  input in matrix: state: H currentWindowPosition: 1 currentAminoAcid: S =&gt; 141
  input in matrix: state: H currentWindowPosition: 2 currentAminoAcid: S =&gt; 126
  input in matrix: state: H currentWindowPosition: 3 currentAminoAcid: S =&gt; 117
  input in matrix: state: H currentWindowPosition: 4 currentAminoAcid: S =&gt; 109
  input in matrix: state: H currentWindowPosition: 5 currentAminoAcid: S =&gt; 147
  input in matrix: state: H currentWindowPosition: 6 currentAminoAcid: S =&gt; 134
  input in matrix: state: H currentWindowPosition: 7 currentAminoAcid: S =&gt; 108
  input in matrix: state: H currentWindowPosition: 8 currentAminoAcid: S =&gt; 0
  input in matrix: state: H currentWindowPosition: 9 currentAminoAcid: S =&gt; 99
  input in matrix: state: H currentWindowPosition: 10 currentAminoAcid: S =&gt; 83
  input in matrix: state: H currentWindowPosition: 11 currentAminoAcid: S =&gt; 88
  input in matrix: state: H currentWindowPosition: 12 currentAminoAcid: S =&gt; 104
  input in matrix: state: H currentWindowPosition: 13 currentAminoAcid: S =&gt; 92
  input in matrix: state: H currentWindowPosition: 14 currentAminoAcid: S =&gt; 95
  input in matrix: state: H currentWindowPosition: 15 currentAminoAcid: S =&gt; 124
  input in matrix: state: H currentWindowPosition: 16 currentAminoAcid: S =&gt; 110
Process line: T	129	124	125	141	114	178	123	97	0	111	84	80	112	100	95	101	119
 data line!
  input in matrix: state: H currentWindowPosition: 0 currentAminoAcid: T =&gt; 129
  input in matrix: state: H currentWindowPosition: 1 currentAminoAcid: T =&gt; 124
  input in matrix: state: H currentWindowPosition: 2 currentAminoAcid: T =&gt; 125
  input in matrix: state: H currentWindowPosition: 3 currentAminoAcid: T =&gt; 141
  input in matrix: state: H currentWindowPosition: 4 currentAminoAcid: T =&gt; 114
  input in matrix: state: H currentWindowPosition: 5 currentAminoAcid: T =&gt; 178
  input in matrix: state: H currentWindowPosition: 6 currentAminoAcid: T =&gt; 123
  input in matrix: state: H currentWindowPosition: 7 currentAminoAcid: T =&gt; 97
  input in matrix: state: H currentWindowPosition: 8 currentAminoAcid: T =&gt; 0
  input in matrix: state: H currentWindowPosition: 9 currentAminoAcid: T =&gt; 111
  input in matrix: state: H currentWindowPosition: 10 currentAminoAcid: T =&gt; 84
  input in matrix: state: H currentWindowPosition: 11 currentAminoAcid: T =&gt; 80
  input in matrix: state: H currentWindowPosition: 12 currentAminoAcid: T =&gt; 112
  input in matrix: state: H currentWindowPosition: 13 currentAminoAcid: T =&gt; 100
  input in matrix: state: H currentWindowPosition: 14 currentAminoAcid: T =&gt; 95
  input in matrix: state: H currentWindowPosition: 15 currentAminoAcid: T =&gt; 101
  input in matrix: state: H currentWindowPosition: 16 currentAminoAcid: T =&gt; 119
Process line: V	152	122	153	151	141	146	152	150	0	139	174	133	93	152	132	134	130
 data line!
  input in matrix: state: H currentWindowPosition: 0 currentAminoAcid: V =&gt; 152
  input in matrix: state: H currentWindowPosition: 1 currentAminoAcid: V =&gt; 122
  input in matrix: state: H currentWindowPosition: 2 currentAminoAcid: V =&gt; 153
  input in matrix: state: H currentWindowPosition: 3 currentAminoAcid: V =&gt; 151
  input in matrix: state: H currentWindowPosition: 4 currentAminoAcid: V =&gt; 141
  input in matrix: state: H currentWindowPosition: 5 currentAminoAcid: V =&gt; 146
  input in matrix: state: H currentWindowPosition: 6 currentAminoAcid: V =&gt; 152
  input in matrix: state: H currentWindowPosition: 7 currentAminoAcid: V =&gt; 150
  input in matrix: state: H currentWindowPosition: 8 currentAminoAcid: V =&gt; 0
  input in matrix: state: H currentWindowPosition: 9 currentAminoAcid: V =&gt; 139
  input in matrix: state: H currentWindowPosition: 10 currentAminoAcid: V =&gt; 174
  input in matrix: state: H currentWindowPosition: 11 currentAminoAcid: V =&gt; 133
  input in matrix: state: H currentWindowPosition: 12 currentAminoAcid: V =&gt; 93
  input in matrix: state: H currentWindowPosition: 13 currentAminoAcid: V =&gt; 152
  input in matrix: state: H currentWindowPosition: 14 currentAminoAcid: V =&gt; 132
  input in matrix: state: H currentWindowPosition: 15 currentAminoAcid: V =&gt; 134
  input in matrix: state: H currentWindowPosition: 16 currentAminoAcid: V =&gt; 130
Process line: W	24	36	37	31	31	34	37	30	0	32	34	32	34	40	25	26	32
 data line!
  input in matrix: state: H currentWindowPosition: 0 currentAminoAcid: W =&gt; 24
  input in matrix: state: H currentWindowPosition: 1 currentAminoAcid: W =&gt; 36
  input in matrix: state: H currentWindowPosition: 2 currentAminoAcid: W =&gt; 37
  input in matrix: state: H currentWindowPosition: 3 currentAminoAcid: W =&gt; 31
  input in matrix: state: H currentWindowPosition: 4 currentAminoAcid: W =&gt; 31
  input in matrix: state: H currentWindowPosition: 5 currentAminoAcid: W =&gt; 34
  input in matrix: state: H currentWindowPosition: 6 currentAminoAcid: W =&gt; 37
  input in matrix: state: H currentWindowPosition: 7 currentAminoAcid: W =&gt; 30
  input in matrix: state: H currentWindowPosition: 8 currentAminoAcid: W =&gt; 0
  input in matrix: state: H currentWindowPosition: 9 currentAminoAcid: W =&gt; 32
  input in matrix: state: H currentWindowPosition: 10 currentAminoAcid: W =&gt; 34
  input in matrix: state: H currentWindowPosition: 11 currentAminoAcid: W =&gt; 32
  input in matrix: state: H currentWindowPosition: 12 currentAminoAcid: W =&gt; 34
  input in matrix: state: H currentWindowPosition: 13 currentAminoAcid: W =&gt; 40
  input in matrix: state: H currentWindowPosition: 14 currentAminoAcid: W =&gt; 25
  input in matrix: state: H currentWindowPosition: 15 currentAminoAcid: W =&gt; 26
  input in matrix: state: H currentWindowPosition: 16 currentAminoAcid: W =&gt; 32
Process line: Y	75	77	75	84	66	68	69	56	0	74	86	61	78	97	86	63	74
 data line!
  input in matrix: state: H currentWindowPosition: 0 currentAminoAcid: Y =&gt; 75
  input in matrix: state: H currentWindowPosition: 1 currentAminoAcid: Y =&gt; 77
  input in matrix: state: H currentWindowPosition: 2 currentAminoAcid: Y =&gt; 75
  input in matrix: state: H currentWindowPosition: 3 currentAminoAcid: Y =&gt; 84
  input in matrix: state: H currentWindowPosition: 4 currentAminoAcid: Y =&gt; 66
  input in matrix: state: H currentWindowPosition: 5 currentAminoAcid: Y =&gt; 68
  input in matrix: state: H currentWindowPosition: 6 currentAminoAcid: Y =&gt; 69
  input in matrix: state: H currentWindowPosition: 7 currentAminoAcid: Y =&gt; 56
  input in matrix: state: H currentWindowPosition: 8 currentAminoAcid: Y =&gt; 0
  input in matrix: state: H currentWindowPosition: 9 currentAminoAcid: Y =&gt; 74
  input in matrix: state: H currentWindowPosition: 10 currentAminoAcid: Y =&gt; 86
  input in matrix: state: H currentWindowPosition: 11 currentAminoAcid: Y =&gt; 61
  input in matrix: state: H currentWindowPosition: 12 currentAminoAcid: Y =&gt; 78
  input in matrix: state: H currentWindowPosition: 13 currentAminoAcid: Y =&gt; 97
  input in matrix: state: H currentWindowPosition: 14 currentAminoAcid: Y =&gt; 86
  input in matrix: state: H currentWindowPosition: 15 currentAminoAcid: Y =&gt; 63
  input in matrix: state: H currentWindowPosition: 16 currentAminoAcid: Y =&gt; 74
Process line: 
 Skip line!
Process line: 
 Skip line!
Process line: =F,C=
 state line! (now in state: C)
Process line: 
 Skip line!
Process line: A	76	84	69	92	86	81	68	63	0	65	65	67	67	88	79	70	87
 data line!
  input in matrix: state: C currentWindowPosition: 0 currentAminoAcid: A =&gt; 76
  input in matrix: state: C currentWindowPosition: 1 currentAminoAcid: A =&gt; 84
  input in matrix: state: C currentWindowPosition: 2 currentAminoAcid: A =&gt; 69
  input in matrix: state: C currentWindowPosition: 3 currentAminoAcid: A =&gt; 92
  input in matrix: state: C currentWindowPosition: 4 currentAminoAcid: A =&gt; 86
  input in matrix: state: C currentWindowPosition: 5 currentAminoAcid: A =&gt; 81
  input in matrix: state: C currentWindowPosition: 6 currentAminoAcid: A =&gt; 68
  input in matrix: state: C currentWindowPosition: 7 currentAminoAcid: A =&gt; 63
  input in matrix: state: C currentWindowPosition: 8 currentAminoAcid: A =&gt; 0
  input in matrix: state: C currentWindowPosition: 9 currentAminoAcid: A =&gt; 65
  input in matrix: state: C currentWindowPosition: 10 currentAminoAcid: A =&gt; 65
  input in matrix: state: C currentWindowPosition: 11 currentAminoAcid: A =&gt; 67
  input in matrix: state: C currentWindowPosition: 12 currentAminoAcid: A =&gt; 67
  input in matrix: state: C currentWindowPosition: 13 currentAminoAcid: A =&gt; 88
  input in matrix: state: C currentWindowPosition: 14 currentAminoAcid: A =&gt; 79
  input in matrix: state: C currentWindowPosition: 15 currentAminoAcid: A =&gt; 70
  input in matrix: state: C currentWindowPosition: 16 currentAminoAcid: A =&gt; 87
Process line: C	14	10	8	14	11	17	14	14	0	9	13	14	10	17	11	18	13
 data line!
  input in matrix: state: C currentWindowPosition: 0 currentAminoAcid: C =&gt; 14
  input in matrix: state: C currentWindowPosition: 1 currentAminoAcid: C =&gt; 10
  input in matrix: state: C currentWindowPosition: 2 currentAminoAcid: C =&gt; 8
  input in matrix: state: C currentWindowPosition: 3 currentAminoAcid: C =&gt; 14
  input in matrix: state: C currentWindowPosition: 4 currentAminoAcid: C =&gt; 11
  input in matrix: state: C currentWindowPosition: 5 currentAminoAcid: C =&gt; 17
  input in matrix: state: C currentWindowPosition: 6 currentAminoAcid: C =&gt; 14
  input in matrix: state: C currentWindowPosition: 7 currentAminoAcid: C =&gt; 14
  input in matrix: state: C currentWindowPosition: 8 currentAminoAcid: C =&gt; 0
  input in matrix: state: C currentWindowPosition: 9 currentAminoAcid: C =&gt; 9
  input in matrix: state: C currentWindowPosition: 10 currentAminoAcid: C =&gt; 13
  input in matrix: state: C currentWindowPosition: 11 currentAminoAcid: C =&gt; 14
  input in matrix: state: C currentWindowPosition: 12 currentAminoAcid: C =&gt; 10
  input in matrix: state: C currentWindowPosition: 13 currentAminoAcid: C =&gt; 17
  input in matrix: state: C currentWindowPosition: 14 currentAminoAcid: C =&gt; 11
  input in matrix: state: C currentWindowPosition: 15 currentAminoAcid: C =&gt; 18
  input in matrix: state: C currentWindowPosition: 16 currentAminoAcid: C =&gt; 13
Process line: D	60	53	58	55	61	66	70	72	0	76	90	67	82	52	55	73	51
 data line!
  input in matrix: state: C currentWindowPosition: 0 currentAminoAcid: D =&gt; 60
  input in matrix: state: C currentWindowPosition: 1 currentAminoAcid: D =&gt; 53
  input in matrix: state: C currentWindowPosition: 2 currentAminoAcid: D =&gt; 58
  input in matrix: state: C currentWindowPosition: 3 currentAminoAcid: D =&gt; 55
  input in matrix: state: C currentWindowPosition: 4 currentAminoAcid: D =&gt; 61
  input in matrix: state: C currentWindowPosition: 5 currentAminoAcid: D =&gt; 66
  input in matrix: state: C currentWindowPosition: 6 currentAminoAcid: D =&gt; 70
  input in matrix: state: C currentWindowPosition: 7 currentAminoAcid: D =&gt; 72
  input in matrix: state: C currentWindowPosition: 8 currentAminoAcid: D =&gt; 0
  input in matrix: state: C currentWindowPosition: 9 currentAminoAcid: D =&gt; 76
  input in matrix: state: C currentWindowPosition: 10 currentAminoAcid: D =&gt; 90
  input in matrix: state: C currentWindowPosition: 11 currentAminoAcid: D =&gt; 67
  input in matrix: state: C currentWindowPosition: 12 currentAminoAcid: D =&gt; 82
  input in matrix: state: C currentWindowPosition: 13 currentAminoAcid: D =&gt; 52
  input in matrix: state: C currentWindowPosition: 14 currentAminoAcid: D =&gt; 55
  input in matrix: state: C currentWindowPosition: 15 currentAminoAcid: D =&gt; 73
  input in matrix: state: C currentWindowPosition: 16 currentAminoAcid: D =&gt; 51
Process line: E	52	69	56	59	62	54	59	38	0	42	58	78	77	67	65	67	53
 data line!
  input in matrix: state: C currentWindowPosition: 0 currentAminoAcid: E =&gt; 52
  input in matrix: state: C currentWindowPosition: 1 currentAminoAcid: E =&gt; 69
  input in matrix: state: C currentWindowPosition: 2 currentAminoAcid: E =&gt; 56
  input in matrix: state: C currentWindowPosition: 3 currentAminoAcid: E =&gt; 59
  input in matrix: state: C currentWindowPosition: 4 currentAminoAcid: E =&gt; 62
  input in matrix: state: C currentWindowPosition: 5 currentAminoAcid: E =&gt; 54
  input in matrix: state: C currentWindowPosition: 6 currentAminoAcid: E =&gt; 59
  input in matrix: state: C currentWindowPosition: 7 currentAminoAcid: E =&gt; 38
  input in matrix: state: C currentWindowPosition: 8 currentAminoAcid: E =&gt; 0
  input in matrix: state: C currentWindowPosition: 9 currentAminoAcid: E =&gt; 42
  input in matrix: state: C currentWindowPosition: 10 currentAminoAcid: E =&gt; 58
  input in matrix: state: C currentWindowPosition: 11 currentAminoAcid: E =&gt; 78
  input in matrix: state: C currentWindowPosition: 12 currentAminoAcid: E =&gt; 77
  input in matrix: state: C currentWindowPosition: 13 currentAminoAcid: E =&gt; 67
  input in matrix: state: C currentWindowPosition: 14 currentAminoAcid: E =&gt; 65
  input in matrix: state: C currentWindowPosition: 15 currentAminoAcid: E =&gt; 67
  input in matrix: state: C currentWindowPosition: 16 currentAminoAcid: E =&gt; 53
Process line: F	37	45	45	52	30	39	29	29	955	19	31	35	32	40	37	45	40
 data line!
  input in matrix: state: C currentWindowPosition: 0 currentAminoAcid: F =&gt; 37
  input in matrix: state: C currentWindowPosition: 1 currentAminoAcid: F =&gt; 45
  input in matrix: state: C currentWindowPosition: 2 currentAminoAcid: F =&gt; 45
  input in matrix: state: C currentWindowPosition: 3 currentAminoAcid: F =&gt; 52
  input in matrix: state: C currentWindowPosition: 4 currentAminoAcid: F =&gt; 30
  input in matrix: state: C currentWindowPosition: 5 currentAminoAcid: F =&gt; 39
  input in matrix: state: C currentWindowPosition: 6 currentAminoAcid: F =&gt; 29
  input in matrix: state: C currentWindowPosition: 7 currentAminoAcid: F =&gt; 29
  input in matrix: state: C currentWindowPosition: 8 currentAminoAcid: F =&gt; 955
  input in matrix: state: C currentWindowPosition: 9 currentAminoAcid: F =&gt; 19
  input in matrix: state: C currentWindowPosition: 10 currentAminoAcid: F =&gt; 31
  input in matrix: state: C currentWindowPosition: 11 currentAminoAcid: F =&gt; 35
  input in matrix: state: C currentWindowPosition: 12 currentAminoAcid: F =&gt; 32
  input in matrix: state: C currentWindowPosition: 13 currentAminoAcid: F =&gt; 40
  input in matrix: state: C currentWindowPosition: 14 currentAminoAcid: F =&gt; 37
  input in matrix: state: C currentWindowPosition: 15 currentAminoAcid: F =&gt; 45
  input in matrix: state: C currentWindowPosition: 16 currentAminoAcid: F =&gt; 40
Process line: G	64	67	75	75	76	94	97	117	0	103	88	82	76	64	61	65	55
 data line!
  input in matrix: state: C currentWindowPosition: 0 currentAminoAcid: G =&gt; 64
  input in matrix: state: C currentWindowPosition: 1 currentAminoAcid: G =&gt; 67
  input in matrix: state: C currentWindowPosition: 2 currentAminoAcid: G =&gt; 75
  input in matrix: state: C currentWindowPosition: 3 currentAminoAcid: G =&gt; 75
  input in matrix: state: C currentWindowPosition: 4 currentAminoAcid: G =&gt; 76
  input in matrix: state: C currentWindowPosition: 5 currentAminoAcid: G =&gt; 94
  input in matrix: state: C currentWindowPosition: 6 currentAminoAcid: G =&gt; 97
  input in matrix: state: C currentWindowPosition: 7 currentAminoAcid: G =&gt; 117
  input in matrix: state: C currentWindowPosition: 8 currentAminoAcid: G =&gt; 0
  input in matrix: state: C currentWindowPosition: 9 currentAminoAcid: G =&gt; 103
  input in matrix: state: C currentWindowPosition: 10 currentAminoAcid: G =&gt; 88
  input in matrix: state: C currentWindowPosition: 11 currentAminoAcid: G =&gt; 82
  input in matrix: state: C currentWindowPosition: 12 currentAminoAcid: G =&gt; 76
  input in matrix: state: C currentWindowPosition: 13 currentAminoAcid: G =&gt; 64
  input in matrix: state: C currentWindowPosition: 14 currentAminoAcid: G =&gt; 61
  input in matrix: state: C currentWindowPosition: 15 currentAminoAcid: G =&gt; 65
  input in matrix: state: C currentWindowPosition: 16 currentAminoAcid: G =&gt; 55
Process line: H	28	23	16	19	18	17	33	29	0	23	27	25	18	16	26	22	18
 data line!
  input in matrix: state: C currentWindowPosition: 0 currentAminoAcid: H =&gt; 28
  input in matrix: state: C currentWindowPosition: 1 currentAminoAcid: H =&gt; 23
  input in matrix: state: C currentWindowPosition: 2 currentAminoAcid: H =&gt; 16
  input in matrix: state: C currentWindowPosition: 3 currentAminoAcid: H =&gt; 19
  input in matrix: state: C currentWindowPosition: 4 currentAminoAcid: H =&gt; 18
  input in matrix: state: C currentWindowPosition: 5 currentAminoAcid: H =&gt; 17
  input in matrix: state: C currentWindowPosition: 6 currentAminoAcid: H =&gt; 33
  input in matrix: state: C currentWindowPosition: 7 currentAminoAcid: H =&gt; 29
  input in matrix: state: C currentWindowPosition: 8 currentAminoAcid: H =&gt; 0
  input in matrix: state: C currentWindowPosition: 9 currentAminoAcid: H =&gt; 23
  input in matrix: state: C currentWindowPosition: 10 currentAminoAcid: H =&gt; 27
  input in matrix: state: C currentWindowPosition: 11 currentAminoAcid: H =&gt; 25
  input in matrix: state: C currentWindowPosition: 12 currentAminoAcid: H =&gt; 18
  input in matrix: state: C currentWindowPosition: 13 currentAminoAcid: H =&gt; 16
  input in matrix: state: C currentWindowPosition: 14 currentAminoAcid: H =&gt; 26
  input in matrix: state: C currentWindowPosition: 15 currentAminoAcid: H =&gt; 22
  input in matrix: state: C currentWindowPosition: 16 currentAminoAcid: H =&gt; 18
Process line: I	44	55	56	33	55	38	40	32	0	28	30	44	39	62	48	57	56
 data line!
  input in matrix: state: C currentWindowPosition: 0 currentAminoAcid: I =&gt; 44
  input in matrix: state: C currentWindowPosition: 1 currentAminoAcid: I =&gt; 55
  input in matrix: state: C currentWindowPosition: 2 currentAminoAcid: I =&gt; 56
  input in matrix: state: C currentWindowPosition: 3 currentAminoAcid: I =&gt; 33
  input in matrix: state: C currentWindowPosition: 4 currentAminoAcid: I =&gt; 55
  input in matrix: state: C currentWindowPosition: 5 currentAminoAcid: I =&gt; 38
  input in matrix: state: C currentWindowPosition: 6 currentAminoAcid: I =&gt; 40
  input in matrix: state: C currentWindowPosition: 7 currentAminoAcid: I =&gt; 32
  input in matrix: state: C currentWindowPosition: 8 currentAminoAcid: I =&gt; 0
  input in matrix: state: C currentWindowPosition: 9 currentAminoAcid: I =&gt; 28
  input in matrix: state: C currentWindowPosition: 10 currentAminoAcid: I =&gt; 30
  input in matrix: state: C currentWindowPosition: 11 currentAminoAcid: I =&gt; 44
  input in matrix: state: C currentWindowPosition: 12 currentAminoAcid: I =&gt; 39
  input in matrix: state: C currentWindowPosition: 13 currentAminoAcid: I =&gt; 62
  input in matrix: state: C currentWindowPosition: 14 currentAminoAcid: I =&gt; 48
  input in matrix: state: C currentWindowPosition: 15 currentAminoAcid: I =&gt; 57
  input in matrix: state: C currentWindowPosition: 16 currentAminoAcid: I =&gt; 56
Process line: K	63	68	55	55	50	41	77	59	0	57	45	60	57	46	78	61	61
 data line!
  input in matrix: state: C currentWindowPosition: 0 currentAminoAcid: K =&gt; 63
  input in matrix: state: C currentWindowPosition: 1 currentAminoAcid: K =&gt; 68
  input in matrix: state: C currentWindowPosition: 2 currentAminoAcid: K =&gt; 55
  input in matrix: state: C currentWindowPosition: 3 currentAminoAcid: K =&gt; 55
  input in matrix: state: C currentWindowPosition: 4 currentAminoAcid: K =&gt; 50
  input in matrix: state: C currentWindowPosition: 5 currentAminoAcid: K =&gt; 41
  input in matrix: state: C currentWindowPosition: 6 currentAminoAcid: K =&gt; 77
  input in matrix: state: C currentWindowPosition: 7 currentAminoAcid: K =&gt; 59
  input in matrix: state: C currentWindowPosition: 8 currentAminoAcid: K =&gt; 0
  input in matrix: state: C currentWindowPosition: 9 currentAminoAcid: K =&gt; 57
  input in matrix: state: C currentWindowPosition: 10 currentAminoAcid: K =&gt; 45
  input in matrix: state: C currentWindowPosition: 11 currentAminoAcid: K =&gt; 60
  input in matrix: state: C currentWindowPosition: 12 currentAminoAcid: K =&gt; 57
  input in matrix: state: C currentWindowPosition: 13 currentAminoAcid: K =&gt; 46
  input in matrix: state: C currentWindowPosition: 14 currentAminoAcid: K =&gt; 78
  input in matrix: state: C currentWindowPosition: 15 currentAminoAcid: K =&gt; 61
  input in matrix: state: C currentWindowPosition: 16 currentAminoAcid: K =&gt; 61
Process line: L	88	65	80	88	79	72	60	52	0	51	54	45	61	66	64	67	93
 data line!
  input in matrix: state: C currentWindowPosition: 0 currentAminoAcid: L =&gt; 88
  input in matrix: state: C currentWindowPosition: 1 currentAminoAcid: L =&gt; 65
  input in matrix: state: C currentWindowPosition: 2 currentAminoAcid: L =&gt; 80
  input in matrix: state: C currentWindowPosition: 3 currentAminoAcid: L =&gt; 88
  input in matrix: state: C currentWindowPosition: 4 currentAminoAcid: L =&gt; 79
  input in matrix: state: C currentWindowPosition: 5 currentAminoAcid: L =&gt; 72
  input in matrix: state: C currentWindowPosition: 6 currentAminoAcid: L =&gt; 60
  input in matrix: state: C currentWindowPosition: 7 currentAminoAcid: L =&gt; 52
  input in matrix: state: C currentWindowPosition: 8 currentAminoAcid: L =&gt; 0
  input in matrix: state: C currentWindowPosition: 9 currentAminoAcid: L =&gt; 51
  input in matrix: state: C currentWindowPosition: 10 currentAminoAcid: L =&gt; 54
  input in matrix: state: C currentWindowPosition: 11 currentAminoAcid: L =&gt; 45
  input in matrix: state: C currentWindowPosition: 12 currentAminoAcid: L =&gt; 61
  input in matrix: state: C currentWindowPosition: 13 currentAminoAcid: L =&gt; 66
  input in matrix: state: C currentWindowPosition: 14 currentAminoAcid: L =&gt; 64
  input in matrix: state: C currentWindowPosition: 15 currentAminoAcid: L =&gt; 67
  input in matrix: state: C currentWindowPosition: 16 currentAminoAcid: L =&gt; 93
Process line: M	21	18	23	26	20	17	18	10	0	17	14	24	12	23	20	19	21
 data line!
  input in matrix: state: C currentWindowPosition: 0 currentAminoAcid: M =&gt; 21
  input in matrix: state: C currentWindowPosition: 1 currentAminoAcid: M =&gt; 18
  input in matrix: state: C currentWindowPosition: 2 currentAminoAcid: M =&gt; 23
  input in matrix: state: C currentWindowPosition: 3 currentAminoAcid: M =&gt; 26
  input in matrix: state: C currentWindowPosition: 4 currentAminoAcid: M =&gt; 20
  input in matrix: state: C currentWindowPosition: 5 currentAminoAcid: M =&gt; 17
  input in matrix: state: C currentWindowPosition: 6 currentAminoAcid: M =&gt; 18
  input in matrix: state: C currentWindowPosition: 7 currentAminoAcid: M =&gt; 10
  input in matrix: state: C currentWindowPosition: 8 currentAminoAcid: M =&gt; 0
  input in matrix: state: C currentWindowPosition: 9 currentAminoAcid: M =&gt; 17
  input in matrix: state: C currentWindowPosition: 10 currentAminoAcid: M =&gt; 14
  input in matrix: state: C currentWindowPosition: 11 currentAminoAcid: M =&gt; 24
  input in matrix: state: C currentWindowPosition: 12 currentAminoAcid: M =&gt; 12
  input in matrix: state: C currentWindowPosition: 13 currentAminoAcid: M =&gt; 23
  input in matrix: state: C currentWindowPosition: 14 currentAminoAcid: M =&gt; 20
  input in matrix: state: C currentWindowPosition: 15 currentAminoAcid: M =&gt; 19
  input in matrix: state: C currentWindowPosition: 16 currentAminoAcid: M =&gt; 21
Process line: N	50	37	51	47	57	49	59	69	0	59	47	47	44	39	50	39	50
 data line!
  input in matrix: state: C currentWindowPosition: 0 currentAminoAcid: N =&gt; 50
  input in matrix: state: C currentWindowPosition: 1 currentAminoAcid: N =&gt; 37
  input in matrix: state: C currentWindowPosition: 2 currentAminoAcid: N =&gt; 51
  input in matrix: state: C currentWindowPosition: 3 currentAminoAcid: N =&gt; 47
  input in matrix: state: C currentWindowPosition: 4 currentAminoAcid: N =&gt; 57
  input in matrix: state: C currentWindowPosition: 5 currentAminoAcid: N =&gt; 49
  input in matrix: state: C currentWindowPosition: 6 currentAminoAcid: N =&gt; 59
  input in matrix: state: C currentWindowPosition: 7 currentAminoAcid: N =&gt; 69
  input in matrix: state: C currentWindowPosition: 8 currentAminoAcid: N =&gt; 0
  input in matrix: state: C currentWindowPosition: 9 currentAminoAcid: N =&gt; 59
  input in matrix: state: C currentWindowPosition: 10 currentAminoAcid: N =&gt; 47
  input in matrix: state: C currentWindowPosition: 11 currentAminoAcid: N =&gt; 47
  input in matrix: state: C currentWindowPosition: 12 currentAminoAcid: N =&gt; 44
  input in matrix: state: C currentWindowPosition: 13 currentAminoAcid: N =&gt; 39
  input in matrix: state: C currentWindowPosition: 14 currentAminoAcid: N =&gt; 50
  input in matrix: state: C currentWindowPosition: 15 currentAminoAcid: N =&gt; 39
  input in matrix: state: C currentWindowPosition: 16 currentAminoAcid: N =&gt; 50
Process line: P	49	46	46	51	52	39	51	82	0	110	92	64	60	60	51	52	41
 data line!
  input in matrix: state: C currentWindowPosition: 0 currentAminoAcid: P =&gt; 49
  input in matrix: state: C currentWindowPosition: 1 currentAminoAcid: P =&gt; 46
  input in matrix: state: C currentWindowPosition: 2 currentAminoAcid: P =&gt; 46
  input in matrix: state: C currentWindowPosition: 3 currentAminoAcid: P =&gt; 51
  input in matrix: state: C currentWindowPosition: 4 currentAminoAcid: P =&gt; 52
  input in matrix: state: C currentWindowPosition: 5 currentAminoAcid: P =&gt; 39
  input in matrix: state: C currentWindowPosition: 6 currentAminoAcid: P =&gt; 51
  input in matrix: state: C currentWindowPosition: 7 currentAminoAcid: P =&gt; 82
  input in matrix: state: C currentWindowPosition: 8 currentAminoAcid: P =&gt; 0
  input in matrix: state: C currentWindowPosition: 9 currentAminoAcid: P =&gt; 110
  input in matrix: state: C currentWindowPosition: 10 currentAminoAcid: P =&gt; 92
  input in matrix: state: C currentWindowPosition: 11 currentAminoAcid: P =&gt; 64
  input in matrix: state: C currentWindowPosition: 12 currentAminoAcid: P =&gt; 60
  input in matrix: state: C currentWindowPosition: 13 currentAminoAcid: P =&gt; 60
  input in matrix: state: C currentWindowPosition: 14 currentAminoAcid: P =&gt; 51
  input in matrix: state: C currentWindowPosition: 15 currentAminoAcid: P =&gt; 52
  input in matrix: state: C currentWindowPosition: 16 currentAminoAcid: P =&gt; 41
Process line: Q	30	33	28	27	30	39	31	43	0	33	35	31	38	26	43	36	42
 data line!
  input in matrix: state: C currentWindowPosition: 0 currentAminoAcid: Q =&gt; 30
  input in matrix: state: C currentWindowPosition: 1 currentAminoAcid: Q =&gt; 33
  input in matrix: state: C currentWindowPosition: 2 currentAminoAcid: Q =&gt; 28
  input in matrix: state: C currentWindowPosition: 3 currentAminoAcid: Q =&gt; 27
  input in matrix: state: C currentWindowPosition: 4 currentAminoAcid: Q =&gt; 30
  input in matrix: state: C currentWindowPosition: 5 currentAminoAcid: Q =&gt; 39
  input in matrix: state: C currentWindowPosition: 6 currentAminoAcid: Q =&gt; 31
  input in matrix: state: C currentWindowPosition: 7 currentAminoAcid: Q =&gt; 43
  input in matrix: state: C currentWindowPosition: 8 currentAminoAcid: Q =&gt; 0
  input in matrix: state: C currentWindowPosition: 9 currentAminoAcid: Q =&gt; 33
  input in matrix: state: C currentWindowPosition: 10 currentAminoAcid: Q =&gt; 35
  input in matrix: state: C currentWindowPosition: 11 currentAminoAcid: Q =&gt; 31
  input in matrix: state: C currentWindowPosition: 12 currentAminoAcid: Q =&gt; 38
  input in matrix: state: C currentWindowPosition: 13 currentAminoAcid: Q =&gt; 26
  input in matrix: state: C currentWindowPosition: 14 currentAminoAcid: Q =&gt; 43
  input in matrix: state: C currentWindowPosition: 15 currentAminoAcid: Q =&gt; 36
  input in matrix: state: C currentWindowPosition: 16 currentAminoAcid: Q =&gt; 42
Process line: R	45	48	38	41	44	57	45	51	0	41	34	41	39	35	42	38	49
 data line!
  input in matrix: state: C currentWindowPosition: 0 currentAminoAcid: R =&gt; 45
  input in matrix: state: C currentWindowPosition: 1 currentAminoAcid: R =&gt; 48
  input in matrix: state: C currentWindowPosition: 2 currentAminoAcid: R =&gt; 38
  input in matrix: state: C currentWindowPosition: 3 currentAminoAcid: R =&gt; 41
  input in matrix: state: C currentWindowPosition: 4 currentAminoAcid: R =&gt; 44
  input in matrix: state: C currentWindowPosition: 5 currentAminoAcid: R =&gt; 57
  input in matrix: state: C currentWindowPosition: 6 currentAminoAcid: R =&gt; 45
  input in matrix: state: C currentWindowPosition: 7 currentAminoAcid: R =&gt; 51
  input in matrix: state: C currentWindowPosition: 8 currentAminoAcid: R =&gt; 0
  input in matrix: state: C currentWindowPosition: 9 currentAminoAcid: R =&gt; 41
  input in matrix: state: C currentWindowPosition: 10 currentAminoAcid: R =&gt; 34
  input in matrix: state: C currentWindowPosition: 11 currentAminoAcid: R =&gt; 41
  input in matrix: state: C currentWindowPosition: 12 currentAminoAcid: R =&gt; 39
  input in matrix: state: C currentWindowPosition: 13 currentAminoAcid: R =&gt; 35
  input in matrix: state: C currentWindowPosition: 14 currentAminoAcid: R =&gt; 42
  input in matrix: state: C currentWindowPosition: 15 currentAminoAcid: R =&gt; 38
  input in matrix: state: C currentWindowPosition: 16 currentAminoAcid: R =&gt; 49
Process line: S	66	65	62	50	64	64	64	63	0	89	68	71	68	65	54	69	46
 data line!
  input in matrix: state: C currentWindowPosition: 0 currentAminoAcid: S =&gt; 66
  input in matrix: state: C currentWindowPosition: 1 currentAminoAcid: S =&gt; 65
  input in matrix: state: C currentWindowPosition: 2 currentAminoAcid: S =&gt; 62
  input in matrix: state: C currentWindowPosition: 3 currentAminoAcid: S =&gt; 50
  input in matrix: state: C currentWindowPosition: 4 currentAminoAcid: S =&gt; 64
  input in matrix: state: C currentWindowPosition: 5 currentAminoAcid: S =&gt; 64
  input in matrix: state: C currentWindowPosition: 6 currentAminoAcid: S =&gt; 64
  input in matrix: state: C currentWindowPosition: 7 currentAminoAcid: S =&gt; 63
  input in matrix: state: C currentWindowPosition: 8 currentAminoAcid: S =&gt; 0
  input in matrix: state: C currentWindowPosition: 9 currentAminoAcid: S =&gt; 89
  input in matrix: state: C currentWindowPosition: 10 currentAminoAcid: S =&gt; 68
  input in matrix: state: C currentWindowPosition: 11 currentAminoAcid: S =&gt; 71
  input in matrix: state: C currentWindowPosition: 12 currentAminoAcid: S =&gt; 68
  input in matrix: state: C currentWindowPosition: 13 currentAminoAcid: S =&gt; 65
  input in matrix: state: C currentWindowPosition: 14 currentAminoAcid: S =&gt; 54
  input in matrix: state: C currentWindowPosition: 15 currentAminoAcid: S =&gt; 69
  input in matrix: state: C currentWindowPosition: 16 currentAminoAcid: S =&gt; 46
Process line: T	44	61	53	50	53	62	54	54	0	61	78	66	64	62	52	54	57
 data line!
  input in matrix: state: C currentWindowPosition: 0 currentAminoAcid: T =&gt; 44
  input in matrix: state: C currentWindowPosition: 1 currentAminoAcid: T =&gt; 61
  input in matrix: state: C currentWindowPosition: 2 currentAminoAcid: T =&gt; 53
  input in matrix: state: C currentWindowPosition: 3 currentAminoAcid: T =&gt; 50
  input in matrix: state: C currentWindowPosition: 4 currentAminoAcid: T =&gt; 53
  input in matrix: state: C currentWindowPosition: 5 currentAminoAcid: T =&gt; 62
  input in matrix: state: C currentWindowPosition: 6 currentAminoAcid: T =&gt; 54
  input in matrix: state: C currentWindowPosition: 7 currentAminoAcid: T =&gt; 54
  input in matrix: state: C currentWindowPosition: 8 currentAminoAcid: T =&gt; 0
  input in matrix: state: C currentWindowPosition: 9 currentAminoAcid: T =&gt; 61
  input in matrix: state: C currentWindowPosition: 10 currentAminoAcid: T =&gt; 78
  input in matrix: state: C currentWindowPosition: 11 currentAminoAcid: T =&gt; 66
  input in matrix: state: C currentWindowPosition: 12 currentAminoAcid: T =&gt; 64
  input in matrix: state: C currentWindowPosition: 13 currentAminoAcid: T =&gt; 62
  input in matrix: state: C currentWindowPosition: 14 currentAminoAcid: T =&gt; 52
  input in matrix: state: C currentWindowPosition: 15 currentAminoAcid: T =&gt; 54
  input in matrix: state: C currentWindowPosition: 16 currentAminoAcid: T =&gt; 57
Process line: V	79	58	78	60	59	58	46	40	0	39	45	51	58	67	69	66	58
 data line!
  input in matrix: state: C currentWindowPosition: 0 currentAminoAcid: V =&gt; 79
  input in matrix: state: C currentWindowPosition: 1 currentAminoAcid: V =&gt; 58
  input in matrix: state: C currentWindowPosition: 2 currentAminoAcid: V =&gt; 78
  input in matrix: state: C currentWindowPosition: 3 currentAminoAcid: V =&gt; 60
  input in matrix: state: C currentWindowPosition: 4 currentAminoAcid: V =&gt; 59
  input in matrix: state: C currentWindowPosition: 5 currentAminoAcid: V =&gt; 58
  input in matrix: state: C currentWindowPosition: 6 currentAminoAcid: V =&gt; 46
  input in matrix: state: C currentWindowPosition: 7 currentAminoAcid: V =&gt; 40
  input in matrix: state: C currentWindowPosition: 8 currentAminoAcid: V =&gt; 0
  input in matrix: state: C currentWindowPosition: 9 currentAminoAcid: V =&gt; 39
  input in matrix: state: C currentWindowPosition: 10 currentAminoAcid: V =&gt; 45
  input in matrix: state: C currentWindowPosition: 11 currentAminoAcid: V =&gt; 51
  input in matrix: state: C currentWindowPosition: 12 currentAminoAcid: V =&gt; 58
  input in matrix: state: C currentWindowPosition: 13 currentAminoAcid: V =&gt; 67
  input in matrix: state: C currentWindowPosition: 14 currentAminoAcid: V =&gt; 69
  input in matrix: state: C currentWindowPosition: 15 currentAminoAcid: V =&gt; 66
  input in matrix: state: C currentWindowPosition: 16 currentAminoAcid: V =&gt; 58
Process line: W	15	13	21	17	14	16	9	10	0	5	13	13	16	16	10	11	18
 data line!
  input in matrix: state: C currentWindowPosition: 0 currentAminoAcid: W =&gt; 15
  input in matrix: state: C currentWindowPosition: 1 currentAminoAcid: W =&gt; 13
  input in matrix: state: C currentWindowPosition: 2 currentAminoAcid: W =&gt; 21
  input in matrix: state: C currentWindowPosition: 3 currentAminoAcid: W =&gt; 17
  input in matrix: state: C currentWindowPosition: 4 currentAminoAcid: W =&gt; 14
  input in matrix: state: C currentWindowPosition: 5 currentAminoAcid: W =&gt; 16
  input in matrix: state: C currentWindowPosition: 6 currentAminoAcid: W =&gt; 9
  input in matrix: state: C currentWindowPosition: 7 currentAminoAcid: W =&gt; 10
  input in matrix: state: C currentWindowPosition: 8 currentAminoAcid: W =&gt; 0
  input in matrix: state: C currentWindowPosition: 9 currentAminoAcid: W =&gt; 5
  input in matrix: state: C currentWindowPosition: 10 currentAminoAcid: W =&gt; 13
  input in matrix: state: C currentWindowPosition: 11 currentAminoAcid: W =&gt; 13
  input in matrix: state: C currentWindowPosition: 12 currentAminoAcid: W =&gt; 16
  input in matrix: state: C currentWindowPosition: 13 currentAminoAcid: W =&gt; 16
  input in matrix: state: C currentWindowPosition: 14 currentAminoAcid: W =&gt; 10
  input in matrix: state: C currentWindowPosition: 15 currentAminoAcid: W =&gt; 11
  input in matrix: state: C currentWindowPosition: 16 currentAminoAcid: W =&gt; 18
Process line: Y	30	36	37	43	34	34	27	28	0	26	28	28	36	44	37	26	45
 data line!
  input in matrix: state: C currentWindowPosition: 0 currentAminoAcid: Y =&gt; 30
  input in matrix: state: C currentWindowPosition: 1 currentAminoAcid: Y =&gt; 36
  input in matrix: state: C currentWindowPosition: 2 currentAminoAcid: Y =&gt; 37
  input in matrix: state: C currentWindowPosition: 3 currentAminoAcid: Y =&gt; 43
  input in matrix: state: C currentWindowPosition: 4 currentAminoAcid: Y =&gt; 34
  input in matrix: state: C currentWindowPosition: 5 currentAminoAcid: Y =&gt; 34
  input in matrix: state: C currentWindowPosition: 6 currentAminoAcid: Y =&gt; 27
  input in matrix: state: C currentWindowPosition: 7 currentAminoAcid: Y =&gt; 28
  input in matrix: state: C currentWindowPosition: 8 currentAminoAcid: Y =&gt; 0
  input in matrix: state: C currentWindowPosition: 9 currentAminoAcid: Y =&gt; 26
  input in matrix: state: C currentWindowPosition: 10 currentAminoAcid: Y =&gt; 28
  input in matrix: state: C currentWindowPosition: 11 currentAminoAcid: Y =&gt; 28
  input in matrix: state: C currentWindowPosition: 12 currentAminoAcid: Y =&gt; 36
  input in matrix: state: C currentWindowPosition: 13 currentAminoAcid: Y =&gt; 44
  input in matrix: state: C currentWindowPosition: 14 currentAminoAcid: Y =&gt; 37
  input in matrix: state: C currentWindowPosition: 15 currentAminoAcid: Y =&gt; 26
  input in matrix: state: C currentWindowPosition: 16 currentAminoAcid: Y =&gt; 45
Process line: 
 Skip line!
Process line: 
 Skip line!
Process line: =F,E=
 state line! (now in state: E)
Process line: 
 Skip line!
Process line: A	76	75	77	74	60	54	67	62	0	67	58	60	64	58	67	69	77
 data line!
  input in matrix: state: E currentWindowPosition: 0 currentAminoAcid: A =&gt; 76
  input in matrix: state: E currentWindowPosition: 1 currentAminoAcid: A =&gt; 75
  input in matrix: state: E currentWindowPosition: 2 currentAminoAcid: A =&gt; 77
  input in matrix: state: E currentWindowPosition: 3 currentAminoAcid: A =&gt; 74
  input in matrix: state: E currentWindowPosition: 4 currentAminoAcid: A =&gt; 60
  input in matrix: state: E currentWindowPosition: 5 currentAminoAcid: A =&gt; 54
  input in matrix: state: E currentWindowPosition: 6 currentAminoAcid: A =&gt; 67
  input in matrix: state: E currentWindowPosition: 7 currentAminoAcid: A =&gt; 62
  input in matrix: state: E currentWindowPosition: 8 currentAminoAcid: A =&gt; 0
  input in matrix: state: E currentWindowPosition: 9 currentAminoAcid: A =&gt; 67
  input in matrix: state: E currentWindowPosition: 10 currentAminoAcid: A =&gt; 58
  input in matrix: state: E currentWindowPosition: 11 currentAminoAcid: A =&gt; 60
  input in matrix: state: E currentWindowPosition: 12 currentAminoAcid: A =&gt; 64
  input in matrix: state: E currentWindowPosition: 13 currentAminoAcid: A =&gt; 58
  input in matrix: state: E currentWindowPosition: 14 currentAminoAcid: A =&gt; 67
  input in matrix: state: E currentWindowPosition: 15 currentAminoAcid: A =&gt; 69
  input in matrix: state: E currentWindowPosition: 16 currentAminoAcid: A =&gt; 77
Process line: C	15	10	12	14	12	21	15	12	0	14	17	16	9	19	12	11	8
 data line!
  input in matrix: state: E currentWindowPosition: 0 currentAminoAcid: C =&gt; 15
  input in matrix: state: E currentWindowPosition: 1 currentAminoAcid: C =&gt; 10
  input in matrix: state: E currentWindowPosition: 2 currentAminoAcid: C =&gt; 12
  input in matrix: state: E currentWindowPosition: 3 currentAminoAcid: C =&gt; 14
  input in matrix: state: E currentWindowPosition: 4 currentAminoAcid: C =&gt; 12
  input in matrix: state: E currentWindowPosition: 5 currentAminoAcid: C =&gt; 21
  input in matrix: state: E currentWindowPosition: 6 currentAminoAcid: C =&gt; 15
  input in matrix: state: E currentWindowPosition: 7 currentAminoAcid: C =&gt; 12
  input in matrix: state: E currentWindowPosition: 8 currentAminoAcid: C =&gt; 0
  input in matrix: state: E currentWindowPosition: 9 currentAminoAcid: C =&gt; 14
  input in matrix: state: E currentWindowPosition: 10 currentAminoAcid: C =&gt; 17
  input in matrix: state: E currentWindowPosition: 11 currentAminoAcid: C =&gt; 16
  input in matrix: state: E currentWindowPosition: 12 currentAminoAcid: C =&gt; 9
  input in matrix: state: E currentWindowPosition: 13 currentAminoAcid: C =&gt; 19
  input in matrix: state: E currentWindowPosition: 14 currentAminoAcid: C =&gt; 12
  input in matrix: state: E currentWindowPosition: 15 currentAminoAcid: C =&gt; 11
  input in matrix: state: E currentWindowPosition: 16 currentAminoAcid: C =&gt; 8
Process line: D	56	59	66	63	64	61	35	46	0	61	52	74	62	65	77	63	60
 data line!
  input in matrix: state: E currentWindowPosition: 0 currentAminoAcid: D =&gt; 56
  input in matrix: state: E currentWindowPosition: 1 currentAminoAcid: D =&gt; 59
  input in matrix: state: E currentWindowPosition: 2 currentAminoAcid: D =&gt; 66
  input in matrix: state: E currentWindowPosition: 3 currentAminoAcid: D =&gt; 63
  input in matrix: state: E currentWindowPosition: 4 currentAminoAcid: D =&gt; 64
  input in matrix: state: E currentWindowPosition: 5 currentAminoAcid: D =&gt; 61
  input in matrix: state: E currentWindowPosition: 6 currentAminoAcid: D =&gt; 35
  input in matrix: state: E currentWindowPosition: 7 currentAminoAcid: D =&gt; 46
  input in matrix: state: E currentWindowPosition: 8 currentAminoAcid: D =&gt; 0
  input in matrix: state: E currentWindowPosition: 9 currentAminoAcid: D =&gt; 61
  input in matrix: state: E currentWindowPosition: 10 currentAminoAcid: D =&gt; 52
  input in matrix: state: E currentWindowPosition: 11 currentAminoAcid: D =&gt; 74
  input in matrix: state: E currentWindowPosition: 12 currentAminoAcid: D =&gt; 62
  input in matrix: state: E currentWindowPosition: 13 currentAminoAcid: D =&gt; 65
  input in matrix: state: E currentWindowPosition: 14 currentAminoAcid: D =&gt; 77
  input in matrix: state: E currentWindowPosition: 15 currentAminoAcid: D =&gt; 63
  input in matrix: state: E currentWindowPosition: 16 currentAminoAcid: D =&gt; 60
Process line: E	52	60	62	47	56	55	38	48	0	48	42	66	55	66	62	42	53
 data line!
  input in matrix: state: E currentWindowPosition: 0 currentAminoAcid: E =&gt; 52
  input in matrix: state: E currentWindowPosition: 1 currentAminoAcid: E =&gt; 60
  input in matrix: state: E currentWindowPosition: 2 currentAminoAcid: E =&gt; 62
  input in matrix: state: E currentWindowPosition: 3 currentAminoAcid: E =&gt; 47
  input in matrix: state: E currentWindowPosition: 4 currentAminoAcid: E =&gt; 56
  input in matrix: state: E currentWindowPosition: 5 currentAminoAcid: E =&gt; 55
  input in matrix: state: E currentWindowPosition: 6 currentAminoAcid: E =&gt; 38
  input in matrix: state: E currentWindowPosition: 7 currentAminoAcid: E =&gt; 48
  input in matrix: state: E currentWindowPosition: 8 currentAminoAcid: E =&gt; 0
  input in matrix: state: E currentWindowPosition: 9 currentAminoAcid: E =&gt; 48
  input in matrix: state: E currentWindowPosition: 10 currentAminoAcid: E =&gt; 42
  input in matrix: state: E currentWindowPosition: 11 currentAminoAcid: E =&gt; 66
  input in matrix: state: E currentWindowPosition: 12 currentAminoAcid: E =&gt; 55
  input in matrix: state: E currentWindowPosition: 13 currentAminoAcid: E =&gt; 66
  input in matrix: state: E currentWindowPosition: 14 currentAminoAcid: E =&gt; 62
  input in matrix: state: E currentWindowPosition: 15 currentAminoAcid: E =&gt; 42
  input in matrix: state: E currentWindowPosition: 16 currentAminoAcid: E =&gt; 53
Process line: F	39	35	30	23	31	34	46	37	959	41	42	35	32	33	27	41	29
 data line!
  input in matrix: state: E currentWindowPosition: 0 currentAminoAcid: F =&gt; 39
  input in matrix: state: E currentWindowPosition: 1 currentAminoAcid: F =&gt; 35
  input in matrix: state: E currentWindowPosition: 2 currentAminoAcid: F =&gt; 30
  input in matrix: state: E currentWindowPosition: 3 currentAminoAcid: F =&gt; 23
  input in matrix: state: E currentWindowPosition: 4 currentAminoAcid: F =&gt; 31
  input in matrix: state: E currentWindowPosition: 5 currentAminoAcid: F =&gt; 34
  input in matrix: state: E currentWindowPosition: 6 currentAminoAcid: F =&gt; 46
  input in matrix: state: E currentWindowPosition: 7 currentAminoAcid: F =&gt; 37
  input in matrix: state: E currentWindowPosition: 8 currentAminoAcid: F =&gt; 959
  input in matrix: state: E currentWindowPosition: 9 currentAminoAcid: F =&gt; 41
  input in matrix: state: E currentWindowPosition: 10 currentAminoAcid: F =&gt; 42
  input in matrix: state: E currentWindowPosition: 11 currentAminoAcid: F =&gt; 35
  input in matrix: state: E currentWindowPosition: 12 currentAminoAcid: F =&gt; 32
  input in matrix: state: E currentWindowPosition: 13 currentAminoAcid: F =&gt; 33
  input in matrix: state: E currentWindowPosition: 14 currentAminoAcid: F =&gt; 27
  input in matrix: state: E currentWindowPosition: 15 currentAminoAcid: F =&gt; 41
  input in matrix: state: E currentWindowPosition: 16 currentAminoAcid: F =&gt; 29
Process line: G	68	92	82	120	113	109	70	70	0	61	77	80	125	114	104	91	82
 data line!
  input in matrix: state: E currentWindowPosition: 0 currentAminoAcid: G =&gt; 68
  input in matrix: state: E currentWindowPosition: 1 currentAminoAcid: G =&gt; 92
  input in matrix: state: E currentWindowPosition: 2 currentAminoAcid: G =&gt; 82
  input in matrix: state: E currentWindowPosition: 3 currentAminoAcid: G =&gt; 120
  input in matrix: state: E currentWindowPosition: 4 currentAminoAcid: G =&gt; 113
  input in matrix: state: E currentWindowPosition: 5 currentAminoAcid: G =&gt; 109
  input in matrix: state: E currentWindowPosition: 6 currentAminoAcid: G =&gt; 70
  input in matrix: state: E currentWindowPosition: 7 currentAminoAcid: G =&gt; 70
  input in matrix: state: E currentWindowPosition: 8 currentAminoAcid: G =&gt; 0
  input in matrix: state: E currentWindowPosition: 9 currentAminoAcid: G =&gt; 61
  input in matrix: state: E currentWindowPosition: 10 currentAminoAcid: G =&gt; 77
  input in matrix: state: E currentWindowPosition: 11 currentAminoAcid: G =&gt; 80
  input in matrix: state: E currentWindowPosition: 12 currentAminoAcid: G =&gt; 125
  input in matrix: state: E currentWindowPosition: 13 currentAminoAcid: G =&gt; 114
  input in matrix: state: E currentWindowPosition: 14 currentAminoAcid: G =&gt; 104
  input in matrix: state: E currentWindowPosition: 15 currentAminoAcid: G =&gt; 91
  input in matrix: state: E currentWindowPosition: 16 currentAminoAcid: G =&gt; 82
Process line: H	17	17	27	21	26	26	31	23	0	37	20	25	34	21	19	26	20
 data line!
  input in matrix: state: E currentWindowPosition: 0 currentAminoAcid: H =&gt; 17
  input in matrix: state: E currentWindowPosition: 1 currentAminoAcid: H =&gt; 17
  input in matrix: state: E currentWindowPosition: 2 currentAminoAcid: H =&gt; 27
  input in matrix: state: E currentWindowPosition: 3 currentAminoAcid: H =&gt; 21
  input in matrix: state: E currentWindowPosition: 4 currentAminoAcid: H =&gt; 26
  input in matrix: state: E currentWindowPosition: 5 currentAminoAcid: H =&gt; 26
  input in matrix: state: E currentWindowPosition: 6 currentAminoAcid: H =&gt; 31
  input in matrix: state: E currentWindowPosition: 7 currentAminoAcid: H =&gt; 23
  input in matrix: state: E currentWindowPosition: 8 currentAminoAcid: H =&gt; 0
  input in matrix: state: E currentWindowPosition: 9 currentAminoAcid: H =&gt; 37
  input in matrix: state: E currentWindowPosition: 10 currentAminoAcid: H =&gt; 20
  input in matrix: state: E currentWindowPosition: 11 currentAminoAcid: H =&gt; 25
  input in matrix: state: E currentWindowPosition: 12 currentAminoAcid: H =&gt; 34
  input in matrix: state: E currentWindowPosition: 13 currentAminoAcid: H =&gt; 21
  input in matrix: state: E currentWindowPosition: 14 currentAminoAcid: H =&gt; 19
  input in matrix: state: E currentWindowPosition: 15 currentAminoAcid: H =&gt; 26
  input in matrix: state: E currentWindowPosition: 16 currentAminoAcid: H =&gt; 20
Process line: I	46	40	46	27	34	41	74	63	0	67	70	51	30	41	43	34	56
 data line!
  input in matrix: state: E currentWindowPosition: 0 currentAminoAcid: I =&gt; 46
  input in matrix: state: E currentWindowPosition: 1 currentAminoAcid: I =&gt; 40
  input in matrix: state: E currentWindowPosition: 2 currentAminoAcid: I =&gt; 46
  input in matrix: state: E currentWindowPosition: 3 currentAminoAcid: I =&gt; 27
  input in matrix: state: E currentWindowPosition: 4 currentAminoAcid: I =&gt; 34
  input in matrix: state: E currentWindowPosition: 5 currentAminoAcid: I =&gt; 41
  input in matrix: state: E currentWindowPosition: 6 currentAminoAcid: I =&gt; 74
  input in matrix: state: E currentWindowPosition: 7 currentAminoAcid: I =&gt; 63
  input in matrix: state: E currentWindowPosition: 8 currentAminoAcid: I =&gt; 0
  input in matrix: state: E currentWindowPosition: 9 currentAminoAcid: I =&gt; 67
  input in matrix: state: E currentWindowPosition: 10 currentAminoAcid: I =&gt; 70
  input in matrix: state: E currentWindowPosition: 11 currentAminoAcid: I =&gt; 51
  input in matrix: state: E currentWindowPosition: 12 currentAminoAcid: I =&gt; 30
  input in matrix: state: E currentWindowPosition: 13 currentAminoAcid: I =&gt; 41
  input in matrix: state: E currentWindowPosition: 14 currentAminoAcid: I =&gt; 43
  input in matrix: state: E currentWindowPosition: 15 currentAminoAcid: I =&gt; 34
  input in matrix: state: E currentWindowPosition: 16 currentAminoAcid: I =&gt; 56
Process line: K	64	55	59	69	67	52	56	45	0	55	36	48	48	53	55	54	66
 data line!
  input in matrix: state: E currentWindowPosition: 0 currentAminoAcid: K =&gt; 64
  input in matrix: state: E currentWindowPosition: 1 currentAminoAcid: K =&gt; 55
  input in matrix: state: E currentWindowPosition: 2 currentAminoAcid: K =&gt; 59
  input in matrix: state: E currentWindowPosition: 3 currentAminoAcid: K =&gt; 69
  input in matrix: state: E currentWindowPosition: 4 currentAminoAcid: K =&gt; 67
  input in matrix: state: E currentWindowPosition: 5 currentAminoAcid: K =&gt; 52
  input in matrix: state: E currentWindowPosition: 6 currentAminoAcid: K =&gt; 56
  input in matrix: state: E currentWindowPosition: 7 currentAminoAcid: K =&gt; 45
  input in matrix: state: E currentWindowPosition: 8 currentAminoAcid: K =&gt; 0
  input in matrix: state: E currentWindowPosition: 9 currentAminoAcid: K =&gt; 55
  input in matrix: state: E currentWindowPosition: 10 currentAminoAcid: K =&gt; 36
  input in matrix: state: E currentWindowPosition: 11 currentAminoAcid: K =&gt; 48
  input in matrix: state: E currentWindowPosition: 12 currentAminoAcid: K =&gt; 48
  input in matrix: state: E currentWindowPosition: 13 currentAminoAcid: K =&gt; 53
  input in matrix: state: E currentWindowPosition: 14 currentAminoAcid: K =&gt; 55
  input in matrix: state: E currentWindowPosition: 15 currentAminoAcid: K =&gt; 54
  input in matrix: state: E currentWindowPosition: 16 currentAminoAcid: K =&gt; 66
Process line: L	80	56	54	56	54	53	74	66	0	73	94	47	40	58	55	69	64
 data line!
  input in matrix: state: E currentWindowPosition: 0 currentAminoAcid: L =&gt; 80
  input in matrix: state: E currentWindowPosition: 1 currentAminoAcid: L =&gt; 56
  input in matrix: state: E currentWindowPosition: 2 currentAminoAcid: L =&gt; 54
  input in matrix: state: E currentWindowPosition: 3 currentAminoAcid: L =&gt; 56
  input in matrix: state: E currentWindowPosition: 4 currentAminoAcid: L =&gt; 54
  input in matrix: state: E currentWindowPosition: 5 currentAminoAcid: L =&gt; 53
  input in matrix: state: E currentWindowPosition: 6 currentAminoAcid: L =&gt; 74
  input in matrix: state: E currentWindowPosition: 7 currentAminoAcid: L =&gt; 66
  input in matrix: state: E currentWindowPosition: 8 currentAminoAcid: L =&gt; 0
  input in matrix: state: E currentWindowPosition: 9 currentAminoAcid: L =&gt; 73
  input in matrix: state: E currentWindowPosition: 10 currentAminoAcid: L =&gt; 94
  input in matrix: state: E currentWindowPosition: 11 currentAminoAcid: L =&gt; 47
  input in matrix: state: E currentWindowPosition: 12 currentAminoAcid: L =&gt; 40
  input in matrix: state: E currentWindowPosition: 13 currentAminoAcid: L =&gt; 58
  input in matrix: state: E currentWindowPosition: 14 currentAminoAcid: L =&gt; 55
  input in matrix: state: E currentWindowPosition: 15 currentAminoAcid: L =&gt; 69
  input in matrix: state: E currentWindowPosition: 16 currentAminoAcid: L =&gt; 64
Process line: M	12	16	16	16	16	12	30	15	0	12	18	13	15	13	12	17	18
 data line!
  input in matrix: state: E currentWindowPosition: 0 currentAminoAcid: M =&gt; 12
  input in matrix: state: E currentWindowPosition: 1 currentAminoAcid: M =&gt; 16
  input in matrix: state: E currentWindowPosition: 2 currentAminoAcid: M =&gt; 16
  input in matrix: state: E currentWindowPosition: 3 currentAminoAcid: M =&gt; 16
  input in matrix: state: E currentWindowPosition: 4 currentAminoAcid: M =&gt; 16
  input in matrix: state: E currentWindowPosition: 5 currentAminoAcid: M =&gt; 12
  input in matrix: state: E currentWindowPosition: 6 currentAminoAcid: M =&gt; 30
  input in matrix: state: E currentWindowPosition: 7 currentAminoAcid: M =&gt; 15
  input in matrix: state: E currentWindowPosition: 8 currentAminoAcid: M =&gt; 0
  input in matrix: state: E currentWindowPosition: 9 currentAminoAcid: M =&gt; 12
  input in matrix: state: E currentWindowPosition: 10 currentAminoAcid: M =&gt; 18
  input in matrix: state: E currentWindowPosition: 11 currentAminoAcid: M =&gt; 13
  input in matrix: state: E currentWindowPosition: 12 currentAminoAcid: M =&gt; 15
  input in matrix: state: E currentWindowPosition: 13 currentAminoAcid: M =&gt; 13
  input in matrix: state: E currentWindowPosition: 14 currentAminoAcid: M =&gt; 12
  input in matrix: state: E currentWindowPosition: 15 currentAminoAcid: M =&gt; 17
  input in matrix: state: E currentWindowPosition: 16 currentAminoAcid: M =&gt; 18
Process line: N	49	53	57	61	70	66	32	32	0	48	46	72	68	50	67	51	50
 data line!
  input in matrix: state: E currentWindowPosition: 0 currentAminoAcid: N =&gt; 49
  input in matrix: state: E currentWindowPosition: 1 currentAminoAcid: N =&gt; 53
  input in matrix: state: E currentWindowPosition: 2 currentAminoAcid: N =&gt; 57
  input in matrix: state: E currentWindowPosition: 3 currentAminoAcid: N =&gt; 61
  input in matrix: state: E currentWindowPosition: 4 currentAminoAcid: N =&gt; 70
  input in matrix: state: E currentWindowPosition: 5 currentAminoAcid: N =&gt; 66
  input in matrix: state: E currentWindowPosition: 6 currentAminoAcid: N =&gt; 32
  input in matrix: state: E currentWindowPosition: 7 currentAminoAcid: N =&gt; 32
  input in matrix: state: E currentWindowPosition: 8 currentAminoAcid: N =&gt; 0
  input in matrix: state: E currentWindowPosition: 9 currentAminoAcid: N =&gt; 48
  input in matrix: state: E currentWindowPosition: 10 currentAminoAcid: N =&gt; 46
  input in matrix: state: E currentWindowPosition: 11 currentAminoAcid: N =&gt; 72
  input in matrix: state: E currentWindowPosition: 12 currentAminoAcid: N =&gt; 68
  input in matrix: state: E currentWindowPosition: 13 currentAminoAcid: N =&gt; 50
  input in matrix: state: E currentWindowPosition: 14 currentAminoAcid: N =&gt; 67
  input in matrix: state: E currentWindowPosition: 15 currentAminoAcid: N =&gt; 51
  input in matrix: state: E currentWindowPosition: 16 currentAminoAcid: N =&gt; 50
Process line: P	65	55	49	65	48	55	33	33	0	17	53	60	48	50	60	58	47
 data line!
  input in matrix: state: E currentWindowPosition: 0 currentAminoAcid: P =&gt; 65
  input in matrix: state: E currentWindowPosition: 1 currentAminoAcid: P =&gt; 55
  input in matrix: state: E currentWindowPosition: 2 currentAminoAcid: P =&gt; 49
  input in matrix: state: E currentWindowPosition: 3 currentAminoAcid: P =&gt; 65
  input in matrix: state: E currentWindowPosition: 4 currentAminoAcid: P =&gt; 48
  input in matrix: state: E currentWindowPosition: 5 currentAminoAcid: P =&gt; 55
  input in matrix: state: E currentWindowPosition: 6 currentAminoAcid: P =&gt; 33
  input in matrix: state: E currentWindowPosition: 7 currentAminoAcid: P =&gt; 33
  input in matrix: state: E currentWindowPosition: 8 currentAminoAcid: P =&gt; 0
  input in matrix: state: E currentWindowPosition: 9 currentAminoAcid: P =&gt; 17
  input in matrix: state: E currentWindowPosition: 10 currentAminoAcid: P =&gt; 53
  input in matrix: state: E currentWindowPosition: 11 currentAminoAcid: P =&gt; 60
  input in matrix: state: E currentWindowPosition: 12 currentAminoAcid: P =&gt; 48
  input in matrix: state: E currentWindowPosition: 13 currentAminoAcid: P =&gt; 50
  input in matrix: state: E currentWindowPosition: 14 currentAminoAcid: P =&gt; 60
  input in matrix: state: E currentWindowPosition: 15 currentAminoAcid: P =&gt; 58
  input in matrix: state: E currentWindowPosition: 16 currentAminoAcid: P =&gt; 47
Process line: Q	43	45	34	35	32	29	34	42	0	27	23	32	35	31	31	33	35
 data line!
  input in matrix: state: E currentWindowPosition: 0 currentAminoAcid: Q =&gt; 43
  input in matrix: state: E currentWindowPosition: 1 currentAminoAcid: Q =&gt; 45
  input in matrix: state: E currentWindowPosition: 2 currentAminoAcid: Q =&gt; 34
  input in matrix: state: E currentWindowPosition: 3 currentAminoAcid: Q =&gt; 35
  input in matrix: state: E currentWindowPosition: 4 currentAminoAcid: Q =&gt; 32
  input in matrix: state: E currentWindowPosition: 5 currentAminoAcid: Q =&gt; 29
  input in matrix: state: E currentWindowPosition: 6 currentAminoAcid: Q =&gt; 34
  input in matrix: state: E currentWindowPosition: 7 currentAminoAcid: Q =&gt; 42
  input in matrix: state: E currentWindowPosition: 8 currentAminoAcid: Q =&gt; 0
  input in matrix: state: E currentWindowPosition: 9 currentAminoAcid: Q =&gt; 27
  input in matrix: state: E currentWindowPosition: 10 currentAminoAcid: Q =&gt; 23
  input in matrix: state: E currentWindowPosition: 11 currentAminoAcid: Q =&gt; 32
  input in matrix: state: E currentWindowPosition: 12 currentAminoAcid: Q =&gt; 35
  input in matrix: state: E currentWindowPosition: 13 currentAminoAcid: Q =&gt; 31
  input in matrix: state: E currentWindowPosition: 14 currentAminoAcid: Q =&gt; 31
  input in matrix: state: E currentWindowPosition: 15 currentAminoAcid: Q =&gt; 33
  input in matrix: state: E currentWindowPosition: 16 currentAminoAcid: Q =&gt; 35
Process line: R	30	48	34	45	38	42	53	49	0	35	34	40	44	29	40	38	43
 data line!
  input in matrix: state: E currentWindowPosition: 0 currentAminoAcid: R =&gt; 30
  input in matrix: state: E currentWindowPosition: 1 currentAminoAcid: R =&gt; 48
  input in matrix: state: E currentWindowPosition: 2 currentAminoAcid: R =&gt; 34
  input in matrix: state: E currentWindowPosition: 3 currentAminoAcid: R =&gt; 45
  input in matrix: state: E currentWindowPosition: 4 currentAminoAcid: R =&gt; 38
  input in matrix: state: E currentWindowPosition: 5 currentAminoAcid: R =&gt; 42
  input in matrix: state: E currentWindowPosition: 6 currentAminoAcid: R =&gt; 53
  input in matrix: state: E currentWindowPosition: 7 currentAminoAcid: R =&gt; 49
  input in matrix: state: E currentWindowPosition: 8 currentAminoAcid: R =&gt; 0
  input in matrix: state: E currentWindowPosition: 9 currentAminoAcid: R =&gt; 35
  input in matrix: state: E currentWindowPosition: 10 currentAminoAcid: R =&gt; 34
  input in matrix: state: E currentWindowPosition: 11 currentAminoAcid: R =&gt; 40
  input in matrix: state: E currentWindowPosition: 12 currentAminoAcid: R =&gt; 44
  input in matrix: state: E currentWindowPosition: 13 currentAminoAcid: R =&gt; 29
  input in matrix: state: E currentWindowPosition: 14 currentAminoAcid: R =&gt; 40
  input in matrix: state: E currentWindowPosition: 15 currentAminoAcid: R =&gt; 38
  input in matrix: state: E currentWindowPosition: 16 currentAminoAcid: R =&gt; 43
Process line: S	62	77	75	60	50	66	50	68	0	75	66	76	77	81	73	77	66
 data line!
  input in matrix: state: E currentWindowPosition: 0 currentAminoAcid: S =&gt; 62
  input in matrix: state: E currentWindowPosition: 1 currentAminoAcid: S =&gt; 77
  input in matrix: state: E currentWindowPosition: 2 currentAminoAcid: S =&gt; 75
  input in matrix: state: E currentWindowPosition: 3 currentAminoAcid: S =&gt; 60
  input in matrix: state: E currentWindowPosition: 4 currentAminoAcid: S =&gt; 50
  input in matrix: state: E currentWindowPosition: 5 currentAminoAcid: S =&gt; 66
  input in matrix: state: E currentWindowPosition: 6 currentAminoAcid: S =&gt; 50
  input in matrix: state: E currentWindowPosition: 7 currentAminoAcid: S =&gt; 68
  input in matrix: state: E currentWindowPosition: 8 currentAminoAcid: S =&gt; 0
  input in matrix: state: E currentWindowPosition: 9 currentAminoAcid: S =&gt; 75
  input in matrix: state: E currentWindowPosition: 10 currentAminoAcid: S =&gt; 66
  input in matrix: state: E currentWindowPosition: 11 currentAminoAcid: S =&gt; 76
  input in matrix: state: E currentWindowPosition: 12 currentAminoAcid: S =&gt; 77
  input in matrix: state: E currentWindowPosition: 13 currentAminoAcid: S =&gt; 81
  input in matrix: state: E currentWindowPosition: 14 currentAminoAcid: S =&gt; 73
  input in matrix: state: E currentWindowPosition: 15 currentAminoAcid: S =&gt; 77
  input in matrix: state: E currentWindowPosition: 16 currentAminoAcid: S =&gt; 66
Process line: T	71	66	65	62	57	72	49	90	0	81	59	56	61	67	61	70	65
 data line!
  input in matrix: state: E currentWindowPosition: 0 currentAminoAcid: T =&gt; 71
  input in matrix: state: E currentWindowPosition: 1 currentAminoAcid: T =&gt; 66
  input in matrix: state: E currentWindowPosition: 2 currentAminoAcid: T =&gt; 65
  input in matrix: state: E currentWindowPosition: 3 currentAminoAcid: T =&gt; 62
  input in matrix: state: E currentWindowPosition: 4 currentAminoAcid: T =&gt; 57
  input in matrix: state: E currentWindowPosition: 5 currentAminoAcid: T =&gt; 72
  input in matrix: state: E currentWindowPosition: 6 currentAminoAcid: T =&gt; 49
  input in matrix: state: E currentWindowPosition: 7 currentAminoAcid: T =&gt; 90
  input in matrix: state: E currentWindowPosition: 8 currentAminoAcid: T =&gt; 0
  input in matrix: state: E currentWindowPosition: 9 currentAminoAcid: T =&gt; 81
  input in matrix: state: E currentWindowPosition: 10 currentAminoAcid: T =&gt; 59
  input in matrix: state: E currentWindowPosition: 11 currentAminoAcid: T =&gt; 56
  input in matrix: state: E currentWindowPosition: 12 currentAminoAcid: T =&gt; 61
  input in matrix: state: E currentWindowPosition: 13 currentAminoAcid: T =&gt; 67
  input in matrix: state: E currentWindowPosition: 14 currentAminoAcid: T =&gt; 61
  input in matrix: state: E currentWindowPosition: 15 currentAminoAcid: T =&gt; 70
  input in matrix: state: E currentWindowPosition: 16 currentAminoAcid: T =&gt; 65
Process line: V	61	47	66	54	71	73	106	112	0	93	90	63	57	57	44	78	59
 data line!
  input in matrix: state: E currentWindowPosition: 0 currentAminoAcid: V =&gt; 61
  input in matrix: state: E currentWindowPosition: 1 currentAminoAcid: V =&gt; 47
  input in matrix: state: E currentWindowPosition: 2 currentAminoAcid: V =&gt; 66
  input in matrix: state: E currentWindowPosition: 3 currentAminoAcid: V =&gt; 54
  input in matrix: state: E currentWindowPosition: 4 currentAminoAcid: V =&gt; 71
  input in matrix: state: E currentWindowPosition: 5 currentAminoAcid: V =&gt; 73
  input in matrix: state: E currentWindowPosition: 6 currentAminoAcid: V =&gt; 106
  input in matrix: state: E currentWindowPosition: 7 currentAminoAcid: V =&gt; 112
  input in matrix: state: E currentWindowPosition: 8 currentAminoAcid: V =&gt; 0
  input in matrix: state: E currentWindowPosition: 9 currentAminoAcid: V =&gt; 93
  input in matrix: state: E currentWindowPosition: 10 currentAminoAcid: V =&gt; 90
  input in matrix: state: E currentWindowPosition: 11 currentAminoAcid: V =&gt; 63
  input in matrix: state: E currentWindowPosition: 12 currentAminoAcid: V =&gt; 57
  input in matrix: state: E currentWindowPosition: 13 currentAminoAcid: V =&gt; 57
  input in matrix: state: E currentWindowPosition: 14 currentAminoAcid: V =&gt; 44
  input in matrix: state: E currentWindowPosition: 15 currentAminoAcid: V =&gt; 78
  input in matrix: state: E currentWindowPosition: 16 currentAminoAcid: V =&gt; 59
Process line: W	12	14	13	14	13	14	17	11	0	15	26	14	18	16	17	13	16
 data line!
  input in matrix: state: E currentWindowPosition: 0 currentAminoAcid: W =&gt; 12
  input in matrix: state: E currentWindowPosition: 1 currentAminoAcid: W =&gt; 14
  input in matrix: state: E currentWindowPosition: 2 currentAminoAcid: W =&gt; 13
  input in matrix: state: E currentWindowPosition: 3 currentAminoAcid: W =&gt; 14
  input in matrix: state: E currentWindowPosition: 4 currentAminoAcid: W =&gt; 13
  input in matrix: state: E currentWindowPosition: 5 currentAminoAcid: W =&gt; 14
  input in matrix: state: E currentWindowPosition: 6 currentAminoAcid: W =&gt; 17
  input in matrix: state: E currentWindowPosition: 7 currentAminoAcid: W =&gt; 11
  input in matrix: state: E currentWindowPosition: 8 currentAminoAcid: W =&gt; 0
  input in matrix: state: E currentWindowPosition: 9 currentAminoAcid: W =&gt; 15
  input in matrix: state: E currentWindowPosition: 10 currentAminoAcid: W =&gt; 26
  input in matrix: state: E currentWindowPosition: 11 currentAminoAcid: W =&gt; 14
  input in matrix: state: E currentWindowPosition: 12 currentAminoAcid: W =&gt; 18
  input in matrix: state: E currentWindowPosition: 13 currentAminoAcid: W =&gt; 16
  input in matrix: state: E currentWindowPosition: 14 currentAminoAcid: W =&gt; 17
  input in matrix: state: E currentWindowPosition: 15 currentAminoAcid: W =&gt; 13
  input in matrix: state: E currentWindowPosition: 16 currentAminoAcid: W =&gt; 16
Process line: Y	39	38	35	33	46	23	49	34	0	32	35	29	36	37	32	24	44
 data line!
  input in matrix: state: E currentWindowPosition: 0 currentAminoAcid: Y =&gt; 39
  input in matrix: state: E currentWindowPosition: 1 currentAminoAcid: Y =&gt; 38
  input in matrix: state: E currentWindowPosition: 2 currentAminoAcid: Y =&gt; 35
  input in matrix: state: E currentWindowPosition: 3 currentAminoAcid: Y =&gt; 33
  input in matrix: state: E currentWindowPosition: 4 currentAminoAcid: Y =&gt; 46
  input in matrix: state: E currentWindowPosition: 5 currentAminoAcid: Y =&gt; 23
  input in matrix: state: E currentWindowPosition: 6 currentAminoAcid: Y =&gt; 49
  input in matrix: state: E currentWindowPosition: 7 currentAminoAcid: Y =&gt; 34
  input in matrix: state: E currentWindowPosition: 8 currentAminoAcid: Y =&gt; 0
  input in matrix: state: E currentWindowPosition: 9 currentAminoAcid: Y =&gt; 32
  input in matrix: state: E currentWindowPosition: 10 currentAminoAcid: Y =&gt; 35
  input in matrix: state: E currentWindowPosition: 11 currentAminoAcid: Y =&gt; 29
  input in matrix: state: E currentWindowPosition: 12 currentAminoAcid: Y =&gt; 36
  input in matrix: state: E currentWindowPosition: 13 currentAminoAcid: Y =&gt; 37
  input in matrix: state: E currentWindowPosition: 14 currentAminoAcid: Y =&gt; 32
  input in matrix: state: E currentWindowPosition: 15 currentAminoAcid: Y =&gt; 24
  input in matrix: state: E currentWindowPosition: 16 currentAminoAcid: Y =&gt; 44
Process line: 
 Skip line!
Process line: 
 Skip line!
Process line: =F,H=
 state line! (now in state: H)
Process line: 
 Skip line!
Process line: A	87	94	95	92	107	97	116	107	0	121	108	92	93	103	89	106	95
 data line!
  input in matrix: state: H currentWindowPosition: 0 currentAminoAcid: A =&gt; 87
  input in matrix: state: H currentWindowPosition: 1 currentAminoAcid: A =&gt; 94
  input in matrix: state: H currentWindowPosition: 2 currentAminoAcid: A =&gt; 95
  input in matrix: state: H currentWindowPosition: 3 currentAminoAcid: A =&gt; 92
  input in matrix: state: H currentWindowPosition: 4 currentAminoAcid: A =&gt; 107
  input in matrix: state: H currentWindowPosition: 5 currentAminoAcid: A =&gt; 97
  input in matrix: state: H currentWindowPosition: 6 currentAminoAcid: A =&gt; 116
  input in matrix: state: H currentWindowPosition: 7 currentAminoAcid: A =&gt; 107
  input in matrix: state: H currentWindowPosition: 8 currentAminoAcid: A =&gt; 0
  input in matrix: state: H currentWindowPosition: 9 currentAminoAcid: A =&gt; 121
  input in matrix: state: H currentWindowPosition: 10 currentAminoAcid: A =&gt; 108
  input in matrix: state: H currentWindowPosition: 11 currentAminoAcid: A =&gt; 92
  input in matrix: state: H currentWindowPosition: 12 currentAminoAcid: A =&gt; 93
  input in matrix: state: H currentWindowPosition: 13 currentAminoAcid: A =&gt; 103
  input in matrix: state: H currentWindowPosition: 14 currentAminoAcid: A =&gt; 89
  input in matrix: state: H currentWindowPosition: 15 currentAminoAcid: A =&gt; 106
  input in matrix: state: H currentWindowPosition: 16 currentAminoAcid: A =&gt; 95
Process line: C	15	13	18	8	16	14	8	10	0	11	5	13	14	6	7	19	14
 data line!
  input in matrix: state: H currentWindowPosition: 0 currentAminoAcid: C =&gt; 15
  input in matrix: state: H currentWindowPosition: 1 currentAminoAcid: C =&gt; 13
  input in matrix: state: H currentWindowPosition: 2 currentAminoAcid: C =&gt; 18
  input in matrix: state: H currentWindowPosition: 3 currentAminoAcid: C =&gt; 8
  input in matrix: state: H currentWindowPosition: 4 currentAminoAcid: C =&gt; 16
  input in matrix: state: H currentWindowPosition: 5 currentAminoAcid: C =&gt; 14
  input in matrix: state: H currentWindowPosition: 6 currentAminoAcid: C =&gt; 8
  input in matrix: state: H currentWindowPosition: 7 currentAminoAcid: C =&gt; 10
  input in matrix: state: H currentWindowPosition: 8 currentAminoAcid: C =&gt; 0
  input in matrix: state: H currentWindowPosition: 9 currentAminoAcid: C =&gt; 11
  input in matrix: state: H currentWindowPosition: 10 currentAminoAcid: C =&gt; 5
  input in matrix: state: H currentWindowPosition: 11 currentAminoAcid: C =&gt; 13
  input in matrix: state: H currentWindowPosition: 12 currentAminoAcid: C =&gt; 14
  input in matrix: state: H currentWindowPosition: 13 currentAminoAcid: C =&gt; 6
  input in matrix: state: H currentWindowPosition: 14 currentAminoAcid: C =&gt; 7
  input in matrix: state: H currentWindowPosition: 15 currentAminoAcid: C =&gt; 19
  input in matrix: state: H currentWindowPosition: 16 currentAminoAcid: C =&gt; 14
Process line: D	75	59	69	79	71	62	84	95	0	66	84	68	47	69	70	42	70
 data line!
  input in matrix: state: H currentWindowPosition: 0 currentAminoAcid: D =&gt; 75
  input in matrix: state: H currentWindowPosition: 1 currentAminoAcid: D =&gt; 59
  input in matrix: state: H currentWindowPosition: 2 currentAminoAcid: D =&gt; 69
  input in matrix: state: H currentWindowPosition: 3 currentAminoAcid: D =&gt; 79
  input in matrix: state: H currentWindowPosition: 4 currentAminoAcid: D =&gt; 71
  input in matrix: state: H currentWindowPosition: 5 currentAminoAcid: D =&gt; 62
  input in matrix: state: H currentWindowPosition: 6 currentAminoAcid: D =&gt; 84
  input in matrix: state: H currentWindowPosition: 7 currentAminoAcid: D =&gt; 95
  input in matrix: state: H currentWindowPosition: 8 currentAminoAcid: D =&gt; 0
  input in matrix: state: H currentWindowPosition: 9 currentAminoAcid: D =&gt; 66
  input in matrix: state: H currentWindowPosition: 10 currentAminoAcid: D =&gt; 84
  input in matrix: state: H currentWindowPosition: 11 currentAminoAcid: D =&gt; 68
  input in matrix: state: H currentWindowPosition: 12 currentAminoAcid: D =&gt; 47
  input in matrix: state: H currentWindowPosition: 13 currentAminoAcid: D =&gt; 69
  input in matrix: state: H currentWindowPosition: 14 currentAminoAcid: D =&gt; 70
  input in matrix: state: H currentWindowPosition: 15 currentAminoAcid: D =&gt; 42
  input in matrix: state: H currentWindowPosition: 16 currentAminoAcid: D =&gt; 70
Process line: E	73	60	85	86	67	72	111	86	0	90	99	66	45	79	88	61	75
 data line!
  input in matrix: state: H currentWindowPosition: 0 currentAminoAcid: E =&gt; 73
  input in matrix: state: H currentWindowPosition: 1 currentAminoAcid: E =&gt; 60
  input in matrix: state: H currentWindowPosition: 2 currentAminoAcid: E =&gt; 85
  input in matrix: state: H currentWindowPosition: 3 currentAminoAcid: E =&gt; 86
  input in matrix: state: H currentWindowPosition: 4 currentAminoAcid: E =&gt; 67
  input in matrix: state: H currentWindowPosition: 5 currentAminoAcid: E =&gt; 72
  input in matrix: state: H currentWindowPosition: 6 currentAminoAcid: E =&gt; 111
  input in matrix: state: H currentWindowPosition: 7 currentAminoAcid: E =&gt; 86
  input in matrix: state: H currentWindowPosition: 8 currentAminoAcid: E =&gt; 0
  input in matrix: state: H currentWindowPosition: 9 currentAminoAcid: E =&gt; 90
  input in matrix: state: H currentWindowPosition: 10 currentAminoAcid: E =&gt; 99
  input in matrix: state: H currentWindowPosition: 11 currentAminoAcid: E =&gt; 66
  input in matrix: state: H currentWindowPosition: 12 currentAminoAcid: E =&gt; 45
  input in matrix: state: H currentWindowPosition: 13 currentAminoAcid: E =&gt; 79
  input in matrix: state: H currentWindowPosition: 14 currentAminoAcid: E =&gt; 88
  input in matrix: state: H currentWindowPosition: 15 currentAminoAcid: E =&gt; 61
  input in matrix: state: H currentWindowPosition: 16 currentAminoAcid: E =&gt; 75
Process line: F	42	49	38	30	45	39	27	39	1043	46	30	42	38	30	50	44	51
 data line!
  input in matrix: state: H currentWindowPosition: 0 currentAminoAcid: F =&gt; 42
  input in matrix: state: H currentWindowPosition: 1 currentAminoAcid: F =&gt; 49
  input in matrix: state: H currentWindowPosition: 2 currentAminoAcid: F =&gt; 38
  input in matrix: state: H currentWindowPosition: 3 currentAminoAcid: F =&gt; 30
  input in matrix: state: H currentWindowPosition: 4 currentAminoAcid: F =&gt; 45
  input in matrix: state: H currentWindowPosition: 5 currentAminoAcid: F =&gt; 39
  input in matrix: state: H currentWindowPosition: 6 currentAminoAcid: F =&gt; 27
  input in matrix: state: H currentWindowPosition: 7 currentAminoAcid: F =&gt; 39
  input in matrix: state: H currentWindowPosition: 8 currentAminoAcid: F =&gt; 1043
  input in matrix: state: H currentWindowPosition: 9 currentAminoAcid: F =&gt; 46
  input in matrix: state: H currentWindowPosition: 10 currentAminoAcid: F =&gt; 30
  input in matrix: state: H currentWindowPosition: 11 currentAminoAcid: F =&gt; 42
  input in matrix: state: H currentWindowPosition: 12 currentAminoAcid: F =&gt; 38
  input in matrix: state: H currentWindowPosition: 13 currentAminoAcid: F =&gt; 30
  input in matrix: state: H currentWindowPosition: 14 currentAminoAcid: F =&gt; 50
  input in matrix: state: H currentWindowPosition: 15 currentAminoAcid: F =&gt; 44
  input in matrix: state: H currentWindowPosition: 16 currentAminoAcid: F =&gt; 51
Process line: G	80	78	77	72	69	65	63	50	0	66	55	54	64	66	59	67	76
 data line!
  input in matrix: state: H currentWindowPosition: 0 currentAminoAcid: G =&gt; 80
  input in matrix: state: H currentWindowPosition: 1 currentAminoAcid: G =&gt; 78
  input in matrix: state: H currentWindowPosition: 2 currentAminoAcid: G =&gt; 77
  input in matrix: state: H currentWindowPosition: 3 currentAminoAcid: G =&gt; 72
  input in matrix: state: H currentWindowPosition: 4 currentAminoAcid: G =&gt; 69
  input in matrix: state: H currentWindowPosition: 5 currentAminoAcid: G =&gt; 65
  input in matrix: state: H currentWindowPosition: 6 currentAminoAcid: G =&gt; 63
  input in matrix: state: H currentWindowPosition: 7 currentAminoAcid: G =&gt; 50
  input in matrix: state: H currentWindowPosition: 8 currentAminoAcid: G =&gt; 0
  input in matrix: state: H currentWindowPosition: 9 currentAminoAcid: G =&gt; 66
  input in matrix: state: H currentWindowPosition: 10 currentAminoAcid: G =&gt; 55
  input in matrix: state: H currentWindowPosition: 11 currentAminoAcid: G =&gt; 54
  input in matrix: state: H currentWindowPosition: 12 currentAminoAcid: G =&gt; 64
  input in matrix: state: H currentWindowPosition: 13 currentAminoAcid: G =&gt; 66
  input in matrix: state: H currentWindowPosition: 14 currentAminoAcid: G =&gt; 59
  input in matrix: state: H currentWindowPosition: 15 currentAminoAcid: G =&gt; 67
  input in matrix: state: H currentWindowPosition: 16 currentAminoAcid: G =&gt; 76
Process line: H	21	17	21	21	24	26	21	23	0	14	26	28	32	23	23	30	26
 data line!
  input in matrix: state: H currentWindowPosition: 0 currentAminoAcid: H =&gt; 21
  input in matrix: state: H currentWindowPosition: 1 currentAminoAcid: H =&gt; 17
  input in matrix: state: H currentWindowPosition: 2 currentAminoAcid: H =&gt; 21
  input in matrix: state: H currentWindowPosition: 3 currentAminoAcid: H =&gt; 21
  input in matrix: state: H currentWindowPosition: 4 currentAminoAcid: H =&gt; 24
  input in matrix: state: H currentWindowPosition: 5 currentAminoAcid: H =&gt; 26
  input in matrix: state: H currentWindowPosition: 6 currentAminoAcid: H =&gt; 21
  input in matrix: state: H currentWindowPosition: 7 currentAminoAcid: H =&gt; 23
  input in matrix: state: H currentWindowPosition: 8 currentAminoAcid: H =&gt; 0
  input in matrix: state: H currentWindowPosition: 9 currentAminoAcid: H =&gt; 14
  input in matrix: state: H currentWindowPosition: 10 currentAminoAcid: H =&gt; 26
  input in matrix: state: H currentWindowPosition: 11 currentAminoAcid: H =&gt; 28
  input in matrix: state: H currentWindowPosition: 12 currentAminoAcid: H =&gt; 32
  input in matrix: state: H currentWindowPosition: 13 currentAminoAcid: H =&gt; 23
  input in matrix: state: H currentWindowPosition: 14 currentAminoAcid: H =&gt; 23
  input in matrix: state: H currentWindowPosition: 15 currentAminoAcid: H =&gt; 30
  input in matrix: state: H currentWindowPosition: 16 currentAminoAcid: H =&gt; 26
Process line: I	56	60	60	61	59	62	44	42	0	55	32	67	70	46	41	61	57
 data line!
  input in matrix: state: H currentWindowPosition: 0 currentAminoAcid: I =&gt; 56
  input in matrix: state: H currentWindowPosition: 1 currentAminoAcid: I =&gt; 60
  input in matrix: state: H currentWindowPosition: 2 currentAminoAcid: I =&gt; 60
  input in matrix: state: H currentWindowPosition: 3 currentAminoAcid: I =&gt; 61
  input in matrix: state: H currentWindowPosition: 4 currentAminoAcid: I =&gt; 59
  input in matrix: state: H currentWindowPosition: 5 currentAminoAcid: I =&gt; 62
  input in matrix: state: H currentWindowPosition: 6 currentAminoAcid: I =&gt; 44
  input in matrix: state: H currentWindowPosition: 7 currentAminoAcid: I =&gt; 42
  input in matrix: state: H currentWindowPosition: 8 currentAminoAcid: I =&gt; 0
  input in matrix: state: H currentWindowPosition: 9 currentAminoAcid: I =&gt; 55
  input in matrix: state: H currentWindowPosition: 10 currentAminoAcid: I =&gt; 32
  input in matrix: state: H currentWindowPosition: 11 currentAminoAcid: I =&gt; 67
  input in matrix: state: H currentWindowPosition: 12 currentAminoAcid: I =&gt; 70
  input in matrix: state: H currentWindowPosition: 13 currentAminoAcid: I =&gt; 46
  input in matrix: state: H currentWindowPosition: 14 currentAminoAcid: I =&gt; 41
  input in matrix: state: H currentWindowPosition: 15 currentAminoAcid: I =&gt; 61
  input in matrix: state: H currentWindowPosition: 16 currentAminoAcid: I =&gt; 57
Process line: K	58	52	61	64	36	53	95	66	0	64	104	60	70	98	85	59	62
 data line!
  input in matrix: state: H currentWindowPosition: 0 currentAminoAcid: K =&gt; 58
  input in matrix: state: H currentWindowPosition: 1 currentAminoAcid: K =&gt; 52
  input in matrix: state: H currentWindowPosition: 2 currentAminoAcid: K =&gt; 61
  input in matrix: state: H currentWindowPosition: 3 currentAminoAcid: K =&gt; 64
  input in matrix: state: H currentWindowPosition: 4 currentAminoAcid: K =&gt; 36
  input in matrix: state: H currentWindowPosition: 5 currentAminoAcid: K =&gt; 53
  input in matrix: state: H currentWindowPosition: 6 currentAminoAcid: K =&gt; 95
  input in matrix: state: H currentWindowPosition: 7 currentAminoAcid: K =&gt; 66
  input in matrix: state: H currentWindowPosition: 8 currentAminoAcid: K =&gt; 0
  input in matrix: state: H currentWindowPosition: 9 currentAminoAcid: K =&gt; 64
  input in matrix: state: H currentWindowPosition: 10 currentAminoAcid: K =&gt; 104
  input in matrix: state: H currentWindowPosition: 11 currentAminoAcid: K =&gt; 60
  input in matrix: state: H currentWindowPosition: 12 currentAminoAcid: K =&gt; 70
  input in matrix: state: H currentWindowPosition: 13 currentAminoAcid: K =&gt; 98
  input in matrix: state: H currentWindowPosition: 14 currentAminoAcid: K =&gt; 85
  input in matrix: state: H currentWindowPosition: 15 currentAminoAcid: K =&gt; 59
  input in matrix: state: H currentWindowPosition: 16 currentAminoAcid: K =&gt; 62
Process line: L	79	94	74	69	102	92	60	74	0	111	61	122	144	85	89	117	101
 data line!
  input in matrix: state: H currentWindowPosition: 0 currentAminoAcid: L =&gt; 79
  input in matrix: state: H currentWindowPosition: 1 currentAminoAcid: L =&gt; 94
  input in matrix: state: H currentWindowPosition: 2 currentAminoAcid: L =&gt; 74
  input in matrix: state: H currentWindowPosition: 3 currentAminoAcid: L =&gt; 69
  input in matrix: state: H currentWindowPosition: 4 currentAminoAcid: L =&gt; 102
  input in matrix: state: H currentWindowPosition: 5 currentAminoAcid: L =&gt; 92
  input in matrix: state: H currentWindowPosition: 6 currentAminoAcid: L =&gt; 60
  input in matrix: state: H currentWindowPosition: 7 currentAminoAcid: L =&gt; 74
  input in matrix: state: H currentWindowPosition: 8 currentAminoAcid: L =&gt; 0
  input in matrix: state: H currentWindowPosition: 9 currentAminoAcid: L =&gt; 111
  input in matrix: state: H currentWindowPosition: 10 currentAminoAcid: L =&gt; 61
  input in matrix: state: H currentWindowPosition: 11 currentAminoAcid: L =&gt; 122
  input in matrix: state: H currentWindowPosition: 12 currentAminoAcid: L =&gt; 144
  input in matrix: state: H currentWindowPosition: 13 currentAminoAcid: L =&gt; 85
  input in matrix: state: H currentWindowPosition: 14 currentAminoAcid: L =&gt; 89
  input in matrix: state: H currentWindowPosition: 15 currentAminoAcid: L =&gt; 117
  input in matrix: state: H currentWindowPosition: 16 currentAminoAcid: L =&gt; 101
Process line: M	21	27	21	22	26	28	18	18	0	30	24	34	37	17	19	26	26
 data line!
  input in matrix: state: H currentWindowPosition: 0 currentAminoAcid: M =&gt; 21
  input in matrix: state: H currentWindowPosition: 1 currentAminoAcid: M =&gt; 27
  input in matrix: state: H currentWindowPosition: 2 currentAminoAcid: M =&gt; 21
  input in matrix: state: H currentWindowPosition: 3 currentAminoAcid: M =&gt; 22
  input in matrix: state: H currentWindowPosition: 4 currentAminoAcid: M =&gt; 26
  input in matrix: state: H currentWindowPosition: 5 currentAminoAcid: M =&gt; 28
  input in matrix: state: H currentWindowPosition: 6 currentAminoAcid: M =&gt; 18
  input in matrix: state: H currentWindowPosition: 7 currentAminoAcid: M =&gt; 18
  input in matrix: state: H currentWindowPosition: 8 currentAminoAcid: M =&gt; 0
  input in matrix: state: H currentWindowPosition: 9 currentAminoAcid: M =&gt; 30
  input in matrix: state: H currentWindowPosition: 10 currentAminoAcid: M =&gt; 24
  input in matrix: state: H currentWindowPosition: 11 currentAminoAcid: M =&gt; 34
  input in matrix: state: H currentWindowPosition: 12 currentAminoAcid: M =&gt; 37
  input in matrix: state: H currentWindowPosition: 13 currentAminoAcid: M =&gt; 17
  input in matrix: state: H currentWindowPosition: 14 currentAminoAcid: M =&gt; 19
  input in matrix: state: H currentWindowPosition: 15 currentAminoAcid: M =&gt; 26
  input in matrix: state: H currentWindowPosition: 16 currentAminoAcid: M =&gt; 26
Process line: N	42	61	50	56	53	33	41	50	0	50	56	52	44	57	62	44	53
 data line!
  input in matrix: state: H currentWindowPosition: 0 currentAminoAcid: N =&gt; 42
  input in matrix: state: H currentWindowPosition: 1 currentAminoAcid: N =&gt; 61
  input in matrix: state: H currentWindowPosition: 2 currentAminoAcid: N =&gt; 50
  input in matrix: state: H currentWindowPosition: 3 currentAminoAcid: N =&gt; 56
  input in matrix: state: H currentWindowPosition: 4 currentAminoAcid: N =&gt; 53
  input in matrix: state: H currentWindowPosition: 5 currentAminoAcid: N =&gt; 33
  input in matrix: state: H currentWindowPosition: 6 currentAminoAcid: N =&gt; 41
  input in matrix: state: H currentWindowPosition: 7 currentAminoAcid: N =&gt; 50
  input in matrix: state: H currentWindowPosition: 8 currentAminoAcid: N =&gt; 0
  input in matrix: state: H currentWindowPosition: 9 currentAminoAcid: N =&gt; 50
  input in matrix: state: H currentWindowPosition: 10 currentAminoAcid: N =&gt; 56
  input in matrix: state: H currentWindowPosition: 11 currentAminoAcid: N =&gt; 52
  input in matrix: state: H currentWindowPosition: 12 currentAminoAcid: N =&gt; 44
  input in matrix: state: H currentWindowPosition: 13 currentAminoAcid: N =&gt; 57
  input in matrix: state: H currentWindowPosition: 14 currentAminoAcid: N =&gt; 62
  input in matrix: state: H currentWindowPosition: 15 currentAminoAcid: N =&gt; 44
  input in matrix: state: H currentWindowPosition: 16 currentAminoAcid: N =&gt; 53
Process line: P	60	40	52	38	32	43	49	35	0	11	18	23	30	47	52	49	54
 data line!
  input in matrix: state: H currentWindowPosition: 0 currentAminoAcid: P =&gt; 60
  input in matrix: state: H currentWindowPosition: 1 currentAminoAcid: P =&gt; 40
  input in matrix: state: H currentWindowPosition: 2 currentAminoAcid: P =&gt; 52
  input in matrix: state: H currentWindowPosition: 3 currentAminoAcid: P =&gt; 38
  input in matrix: state: H currentWindowPosition: 4 currentAminoAcid: P =&gt; 32
  input in matrix: state: H currentWindowPosition: 5 currentAminoAcid: P =&gt; 43
  input in matrix: state: H currentWindowPosition: 6 currentAminoAcid: P =&gt; 49
  input in matrix: state: H currentWindowPosition: 7 currentAminoAcid: P =&gt; 35
  input in matrix: state: H currentWindowPosition: 8 currentAminoAcid: P =&gt; 0
  input in matrix: state: H currentWindowPosition: 9 currentAminoAcid: P =&gt; 11
  input in matrix: state: H currentWindowPosition: 10 currentAminoAcid: P =&gt; 18
  input in matrix: state: H currentWindowPosition: 11 currentAminoAcid: P =&gt; 23
  input in matrix: state: H currentWindowPosition: 12 currentAminoAcid: P =&gt; 30
  input in matrix: state: H currentWindowPosition: 13 currentAminoAcid: P =&gt; 47
  input in matrix: state: H currentWindowPosition: 14 currentAminoAcid: P =&gt; 52
  input in matrix: state: H currentWindowPosition: 15 currentAminoAcid: P =&gt; 49
  input in matrix: state: H currentWindowPosition: 16 currentAminoAcid: P =&gt; 54
Process line: Q	28	30	47	46	40	38	36	37	0	43	73	35	35	56	50	31	31
 data line!
  input in matrix: state: H currentWindowPosition: 0 currentAminoAcid: Q =&gt; 28
  input in matrix: state: H currentWindowPosition: 1 currentAminoAcid: Q =&gt; 30
  input in matrix: state: H currentWindowPosition: 2 currentAminoAcid: Q =&gt; 47
  input in matrix: state: H currentWindowPosition: 3 currentAminoAcid: Q =&gt; 46
  input in matrix: state: H currentWindowPosition: 4 currentAminoAcid: Q =&gt; 40
  input in matrix: state: H currentWindowPosition: 5 currentAminoAcid: Q =&gt; 38
  input in matrix: state: H currentWindowPosition: 6 currentAminoAcid: Q =&gt; 36
  input in matrix: state: H currentWindowPosition: 7 currentAminoAcid: Q =&gt; 37
  input in matrix: state: H currentWindowPosition: 8 currentAminoAcid: Q =&gt; 0
  input in matrix: state: H currentWindowPosition: 9 currentAminoAcid: Q =&gt; 43
  input in matrix: state: H currentWindowPosition: 10 currentAminoAcid: Q =&gt; 73
  input in matrix: state: H currentWindowPosition: 11 currentAminoAcid: Q =&gt; 35
  input in matrix: state: H currentWindowPosition: 12 currentAminoAcid: Q =&gt; 35
  input in matrix: state: H currentWindowPosition: 13 currentAminoAcid: Q =&gt; 56
  input in matrix: state: H currentWindowPosition: 14 currentAminoAcid: Q =&gt; 50
  input in matrix: state: H currentWindowPosition: 15 currentAminoAcid: Q =&gt; 31
  input in matrix: state: H currentWindowPosition: 16 currentAminoAcid: Q =&gt; 31
Process line: R	38	61	53	48	44	60	72	62	0	49	74	49	42	51	59	55	47
 data line!
  input in matrix: state: H currentWindowPosition: 0 currentAminoAcid: R =&gt; 38
  input in matrix: state: H currentWindowPosition: 1 currentAminoAcid: R =&gt; 61
  input in matrix: state: H currentWindowPosition: 2 currentAminoAcid: R =&gt; 53
  input in matrix: state: H currentWindowPosition: 3 currentAminoAcid: R =&gt; 48
  input in matrix: state: H currentWindowPosition: 4 currentAminoAcid: R =&gt; 44
  input in matrix: state: H currentWindowPosition: 5 currentAminoAcid: R =&gt; 60
  input in matrix: state: H currentWindowPosition: 6 currentAminoAcid: R =&gt; 72
  input in matrix: state: H currentWindowPosition: 7 currentAminoAcid: R =&gt; 62
  input in matrix: state: H currentWindowPosition: 8 currentAminoAcid: R =&gt; 0
  input in matrix: state: H currentWindowPosition: 9 currentAminoAcid: R =&gt; 49
  input in matrix: state: H currentWindowPosition: 10 currentAminoAcid: R =&gt; 74
  input in matrix: state: H currentWindowPosition: 11 currentAminoAcid: R =&gt; 49
  input in matrix: state: H currentWindowPosition: 12 currentAminoAcid: R =&gt; 42
  input in matrix: state: H currentWindowPosition: 13 currentAminoAcid: R =&gt; 51
  input in matrix: state: H currentWindowPosition: 14 currentAminoAcid: R =&gt; 59
  input in matrix: state: H currentWindowPosition: 15 currentAminoAcid: R =&gt; 55
  input in matrix: state: H currentWindowPosition: 16 currentAminoAcid: R =&gt; 47
Process line: S	67	75	59	72	65	60	63	65	0	56	58	63	46	54	58	49	51
 data line!
  input in matrix: state: H currentWindowPosition: 0 currentAminoAcid: S =&gt; 67
  input in matrix: state: H currentWindowPosition: 1 currentAminoAcid: S =&gt; 75
  input in matrix: state: H currentWindowPosition: 2 currentAminoAcid: S =&gt; 59
  input in matrix: state: H currentWindowPosition: 3 currentAminoAcid: S =&gt; 72
  input in matrix: state: H currentWindowPosition: 4 currentAminoAcid: S =&gt; 65
  input in matrix: state: H currentWindowPosition: 5 currentAminoAcid: S =&gt; 60
  input in matrix: state: H currentWindowPosition: 6 currentAminoAcid: S =&gt; 63
  input in matrix: state: H currentWindowPosition: 7 currentAminoAcid: S =&gt; 65
  input in matrix: state: H currentWindowPosition: 8 currentAminoAcid: S =&gt; 0
  input in matrix: state: H currentWindowPosition: 9 currentAminoAcid: S =&gt; 56
  input in matrix: state: H currentWindowPosition: 10 currentAminoAcid: S =&gt; 58
  input in matrix: state: H currentWindowPosition: 11 currentAminoAcid: S =&gt; 63
  input in matrix: state: H currentWindowPosition: 12 currentAminoAcid: S =&gt; 46
  input in matrix: state: H currentWindowPosition: 13 currentAminoAcid: S =&gt; 54
  input in matrix: state: H currentWindowPosition: 14 currentAminoAcid: S =&gt; 58
  input in matrix: state: H currentWindowPosition: 15 currentAminoAcid: S =&gt; 49
  input in matrix: state: H currentWindowPosition: 16 currentAminoAcid: S =&gt; 51
Process line: T	74	62	60	61	73	53	45	52	0	49	53	55	39	59	43	47	50
 data line!
  input in matrix: state: H currentWindowPosition: 0 currentAminoAcid: T =&gt; 74
  input in matrix: state: H currentWindowPosition: 1 currentAminoAcid: T =&gt; 62
  input in matrix: state: H currentWindowPosition: 2 currentAminoAcid: T =&gt; 60
  input in matrix: state: H currentWindowPosition: 3 currentAminoAcid: T =&gt; 61
  input in matrix: state: H currentWindowPosition: 4 currentAminoAcid: T =&gt; 73
  input in matrix: state: H currentWindowPosition: 5 currentAminoAcid: T =&gt; 53
  input in matrix: state: H currentWindowPosition: 6 currentAminoAcid: T =&gt; 45
  input in matrix: state: H currentWindowPosition: 7 currentAminoAcid: T =&gt; 52
  input in matrix: state: H currentWindowPosition: 8 currentAminoAcid: T =&gt; 0
  input in matrix: state: H currentWindowPosition: 9 currentAminoAcid: T =&gt; 49
  input in matrix: state: H currentWindowPosition: 10 currentAminoAcid: T =&gt; 53
  input in matrix: state: H currentWindowPosition: 11 currentAminoAcid: T =&gt; 55
  input in matrix: state: H currentWindowPosition: 12 currentAminoAcid: T =&gt; 39
  input in matrix: state: H currentWindowPosition: 13 currentAminoAcid: T =&gt; 59
  input in matrix: state: H currentWindowPosition: 14 currentAminoAcid: T =&gt; 43
  input in matrix: state: H currentWindowPosition: 15 currentAminoAcid: T =&gt; 47
  input in matrix: state: H currentWindowPosition: 16 currentAminoAcid: T =&gt; 50
Process line: V	74	63	62	64	60	71	40	65	0	50	38	58	92	51	50	72	53
 data line!
  input in matrix: state: H currentWindowPosition: 0 currentAminoAcid: V =&gt; 74
  input in matrix: state: H currentWindowPosition: 1 currentAminoAcid: V =&gt; 63
  input in matrix: state: H currentWindowPosition: 2 currentAminoAcid: V =&gt; 62
  input in matrix: state: H currentWindowPosition: 3 currentAminoAcid: V =&gt; 64
  input in matrix: state: H currentWindowPosition: 4 currentAminoAcid: V =&gt; 60
  input in matrix: state: H currentWindowPosition: 5 currentAminoAcid: V =&gt; 71
  input in matrix: state: H currentWindowPosition: 6 currentAminoAcid: V =&gt; 40
  input in matrix: state: H currentWindowPosition: 7 currentAminoAcid: V =&gt; 65
  input in matrix: state: H currentWindowPosition: 8 currentAminoAcid: V =&gt; 0
  input in matrix: state: H currentWindowPosition: 9 currentAminoAcid: V =&gt; 50
  input in matrix: state: H currentWindowPosition: 10 currentAminoAcid: V =&gt; 38
  input in matrix: state: H currentWindowPosition: 11 currentAminoAcid: V =&gt; 58
  input in matrix: state: H currentWindowPosition: 12 currentAminoAcid: V =&gt; 92
  input in matrix: state: H currentWindowPosition: 13 currentAminoAcid: V =&gt; 51
  input in matrix: state: H currentWindowPosition: 14 currentAminoAcid: V =&gt; 50
  input in matrix: state: H currentWindowPosition: 15 currentAminoAcid: V =&gt; 72
  input in matrix: state: H currentWindowPosition: 16 currentAminoAcid: V =&gt; 53
Process line: W	17	12	13	12	21	26	16	20	0	15	10	18	20	15	10	16	11
 data line!
  input in matrix: state: H currentWindowPosition: 0 currentAminoAcid: W =&gt; 17
  input in matrix: state: H currentWindowPosition: 1 currentAminoAcid: W =&gt; 12
  input in matrix: state: H currentWindowPosition: 2 currentAminoAcid: W =&gt; 13
  input in matrix: state: H currentWindowPosition: 3 currentAminoAcid: W =&gt; 12
  input in matrix: state: H currentWindowPosition: 4 currentAminoAcid: W =&gt; 21
  input in matrix: state: H currentWindowPosition: 5 currentAminoAcid: W =&gt; 26
  input in matrix: state: H currentWindowPosition: 6 currentAminoAcid: W =&gt; 16
  input in matrix: state: H currentWindowPosition: 7 currentAminoAcid: W =&gt; 20
  input in matrix: state: H currentWindowPosition: 8 currentAminoAcid: W =&gt; 0
  input in matrix: state: H currentWindowPosition: 9 currentAminoAcid: W =&gt; 15
  input in matrix: state: H currentWindowPosition: 10 currentAminoAcid: W =&gt; 10
  input in matrix: state: H currentWindowPosition: 11 currentAminoAcid: W =&gt; 18
  input in matrix: state: H currentWindowPosition: 12 currentAminoAcid: W =&gt; 20
  input in matrix: state: H currentWindowPosition: 13 currentAminoAcid: W =&gt; 15
  input in matrix: state: H currentWindowPosition: 14 currentAminoAcid: W =&gt; 10
  input in matrix: state: H currentWindowPosition: 15 currentAminoAcid: W =&gt; 16
  input in matrix: state: H currentWindowPosition: 16 currentAminoAcid: W =&gt; 11
Process line: Y	33	35	28	40	32	49	34	44	0	46	34	43	40	28	37	47	37
 data line!
  input in matrix: state: H currentWindowPosition: 0 currentAminoAcid: Y =&gt; 33
  input in matrix: state: H currentWindowPosition: 1 currentAminoAcid: Y =&gt; 35
  input in matrix: state: H currentWindowPosition: 2 currentAminoAcid: Y =&gt; 28
  input in matrix: state: H currentWindowPosition: 3 currentAminoAcid: Y =&gt; 40
  input in matrix: state: H currentWindowPosition: 4 currentAminoAcid: Y =&gt; 32
  input in matrix: state: H currentWindowPosition: 5 currentAminoAcid: Y =&gt; 49
  input in matrix: state: H currentWindowPosition: 6 currentAminoAcid: Y =&gt; 34
  input in matrix: state: H currentWindowPosition: 7 currentAminoAcid: Y =&gt; 44
  input in matrix: state: H currentWindowPosition: 8 currentAminoAcid: Y =&gt; 0
  input in matrix: state: H currentWindowPosition: 9 currentAminoAcid: Y =&gt; 46
  input in matrix: state: H currentWindowPosition: 10 currentAminoAcid: Y =&gt; 34
  input in matrix: state: H currentWindowPosition: 11 currentAminoAcid: Y =&gt; 43
  input in matrix: state: H currentWindowPosition: 12 currentAminoAcid: Y =&gt; 40
  input in matrix: state: H currentWindowPosition: 13 currentAminoAcid: Y =&gt; 28
  input in matrix: state: H currentWindowPosition: 14 currentAminoAcid: Y =&gt; 37
  input in matrix: state: H currentWindowPosition: 15 currentAminoAcid: Y =&gt; 47
  input in matrix: state: H currentWindowPosition: 16 currentAminoAcid: Y =&gt; 37
Process line: 
 Skip line!
Process line: 
 Skip line!
Process line: =G,C=
 state line! (now in state: C)
Process line: 
 Skip line!
Process line: A	364	373	397	338	398	366	395	332	0	302	285	308	323	360	335	381	369
 data line!
  input in matrix: state: C currentWindowPosition: 0 currentAminoAcid: A =&gt; 364
  input in matrix: state: C currentWindowPosition: 1 currentAminoAcid: A =&gt; 373
  input in matrix: state: C currentWindowPosition: 2 currentAminoAcid: A =&gt; 397
  input in matrix: state: C currentWindowPosition: 3 currentAminoAcid: A =&gt; 338
  input in matrix: state: C currentWindowPosition: 4 currentAminoAcid: A =&gt; 398
  input in matrix: state: C currentWindowPosition: 5 currentAminoAcid: A =&gt; 366
  input in matrix: state: C currentWindowPosition: 6 currentAminoAcid: A =&gt; 395
  input in matrix: state: C currentWindowPosition: 7 currentAminoAcid: A =&gt; 332
  input in matrix: state: C currentWindowPosition: 8 currentAminoAcid: A =&gt; 0
  input in matrix: state: C currentWindowPosition: 9 currentAminoAcid: A =&gt; 302
  input in matrix: state: C currentWindowPosition: 10 currentAminoAcid: A =&gt; 285
  input in matrix: state: C currentWindowPosition: 11 currentAminoAcid: A =&gt; 308
  input in matrix: state: C currentWindowPosition: 12 currentAminoAcid: A =&gt; 323
  input in matrix: state: C currentWindowPosition: 13 currentAminoAcid: A =&gt; 360
  input in matrix: state: C currentWindowPosition: 14 currentAminoAcid: A =&gt; 335
  input in matrix: state: C currentWindowPosition: 15 currentAminoAcid: A =&gt; 381
  input in matrix: state: C currentWindowPosition: 16 currentAminoAcid: A =&gt; 369
Process line: C	71	77	81	89	98	96	68	76	0	73	79	85	87	70	71	89	92
 data line!
  input in matrix: state: C currentWindowPosition: 0 currentAminoAcid: C =&gt; 71
  input in matrix: state: C currentWindowPosition: 1 currentAminoAcid: C =&gt; 77
  input in matrix: state: C currentWindowPosition: 2 currentAminoAcid: C =&gt; 81
  input in matrix: state: C currentWindowPosition: 3 currentAminoAcid: C =&gt; 89
  input in matrix: state: C currentWindowPosition: 4 currentAminoAcid: C =&gt; 98
  input in matrix: state: C currentWindowPosition: 5 currentAminoAcid: C =&gt; 96
  input in matrix: state: C currentWindowPosition: 6 currentAminoAcid: C =&gt; 68
  input in matrix: state: C currentWindowPosition: 7 currentAminoAcid: C =&gt; 76
  input in matrix: state: C currentWindowPosition: 8 currentAminoAcid: C =&gt; 0
  input in matrix: state: C currentWindowPosition: 9 currentAminoAcid: C =&gt; 73
  input in matrix: state: C currentWindowPosition: 10 currentAminoAcid: C =&gt; 79
  input in matrix: state: C currentWindowPosition: 11 currentAminoAcid: C =&gt; 85
  input in matrix: state: C currentWindowPosition: 12 currentAminoAcid: C =&gt; 87
  input in matrix: state: C currentWindowPosition: 13 currentAminoAcid: C =&gt; 70
  input in matrix: state: C currentWindowPosition: 14 currentAminoAcid: C =&gt; 71
  input in matrix: state: C currentWindowPosition: 15 currentAminoAcid: C =&gt; 89
  input in matrix: state: C currentWindowPosition: 16 currentAminoAcid: C =&gt; 92
Process line: D	219	225	225	198	207	236	213	325	0	293	262	241	240	252	236	219	278
 data line!
  input in matrix: state: C currentWindowPosition: 0 currentAminoAcid: D =&gt; 219
  input in matrix: state: C currentWindowPosition: 1 currentAminoAcid: D =&gt; 225
  input in matrix: state: C currentWindowPosition: 2 currentAminoAcid: D =&gt; 225
  input in matrix: state: C currentWindowPosition: 3 currentAminoAcid: D =&gt; 198
  input in matrix: state: C currentWindowPosition: 4 currentAminoAcid: D =&gt; 207
  input in matrix: state: C currentWindowPosition: 5 currentAminoAcid: D =&gt; 236
  input in matrix: state: C currentWindowPosition: 6 currentAminoAcid: D =&gt; 213
  input in matrix: state: C currentWindowPosition: 7 currentAminoAcid: D =&gt; 325
  input in matrix: state: C currentWindowPosition: 8 currentAminoAcid: D =&gt; 0
  input in matrix: state: C currentWindowPosition: 9 currentAminoAcid: D =&gt; 293
  input in matrix: state: C currentWindowPosition: 10 currentAminoAcid: D =&gt; 262
  input in matrix: state: C currentWindowPosition: 11 currentAminoAcid: D =&gt; 241
  input in matrix: state: C currentWindowPosition: 12 currentAminoAcid: D =&gt; 240
  input in matrix: state: C currentWindowPosition: 13 currentAminoAcid: D =&gt; 252
  input in matrix: state: C currentWindowPosition: 14 currentAminoAcid: D =&gt; 236
  input in matrix: state: C currentWindowPosition: 15 currentAminoAcid: D =&gt; 219
  input in matrix: state: C currentWindowPosition: 16 currentAminoAcid: D =&gt; 278
Process line: E	221	222	250	202	191	241	285	243	0	202	218	208	214	208	248	237	244
 data line!
  input in matrix: state: C currentWindowPosition: 0 currentAminoAcid: E =&gt; 221
  input in matrix: state: C currentWindowPosition: 1 currentAminoAcid: E =&gt; 222
  input in matrix: state: C currentWindowPosition: 2 currentAminoAcid: E =&gt; 250
  input in matrix: state: C currentWindowPosition: 3 currentAminoAcid: E =&gt; 202
  input in matrix: state: C currentWindowPosition: 4 currentAminoAcid: E =&gt; 191
  input in matrix: state: C currentWindowPosition: 5 currentAminoAcid: E =&gt; 241
  input in matrix: state: C currentWindowPosition: 6 currentAminoAcid: E =&gt; 285
  input in matrix: state: C currentWindowPosition: 7 currentAminoAcid: E =&gt; 243
  input in matrix: state: C currentWindowPosition: 8 currentAminoAcid: E =&gt; 0
  input in matrix: state: C currentWindowPosition: 9 currentAminoAcid: E =&gt; 202
  input in matrix: state: C currentWindowPosition: 10 currentAminoAcid: E =&gt; 218
  input in matrix: state: C currentWindowPosition: 11 currentAminoAcid: E =&gt; 208
  input in matrix: state: C currentWindowPosition: 12 currentAminoAcid: E =&gt; 214
  input in matrix: state: C currentWindowPosition: 13 currentAminoAcid: E =&gt; 208
  input in matrix: state: C currentWindowPosition: 14 currentAminoAcid: E =&gt; 248
  input in matrix: state: C currentWindowPosition: 15 currentAminoAcid: E =&gt; 237
  input in matrix: state: C currentWindowPosition: 16 currentAminoAcid: E =&gt; 244
Process line: F	155	153	155	170	196	144	134	137	0	142	136	170	161	196	166	181	152
 data line!
  input in matrix: state: C currentWindowPosition: 0 currentAminoAcid: F =&gt; 155
  input in matrix: state: C currentWindowPosition: 1 currentAminoAcid: F =&gt; 153
  input in matrix: state: C currentWindowPosition: 2 currentAminoAcid: F =&gt; 155
  input in matrix: state: C currentWindowPosition: 3 currentAminoAcid: F =&gt; 170
  input in matrix: state: C currentWindowPosition: 4 currentAminoAcid: F =&gt; 196
  input in matrix: state: C currentWindowPosition: 5 currentAminoAcid: F =&gt; 144
  input in matrix: state: C currentWindowPosition: 6 currentAminoAcid: F =&gt; 134
  input in matrix: state: C currentWindowPosition: 7 currentAminoAcid: F =&gt; 137
  input in matrix: state: C currentWindowPosition: 8 currentAminoAcid: F =&gt; 0
  input in matrix: state: C currentWindowPosition: 9 currentAminoAcid: F =&gt; 142
  input in matrix: state: C currentWindowPosition: 10 currentAminoAcid: F =&gt; 136
  input in matrix: state: C currentWindowPosition: 11 currentAminoAcid: F =&gt; 170
  input in matrix: state: C currentWindowPosition: 12 currentAminoAcid: F =&gt; 161
  input in matrix: state: C currentWindowPosition: 13 currentAminoAcid: F =&gt; 196
  input in matrix: state: C currentWindowPosition: 14 currentAminoAcid: F =&gt; 166
  input in matrix: state: C currentWindowPosition: 15 currentAminoAcid: F =&gt; 181
  input in matrix: state: C currentWindowPosition: 16 currentAminoAcid: F =&gt; 152
Process line: G	360	349	300	329	317	314	358	347	4209	353	368	345	306	344	304	346	328
 data line!
  input in matrix: state: C currentWindowPosition: 0 currentAminoAcid: G =&gt; 360
  input in matrix: state: C currentWindowPosition: 1 currentAminoAcid: G =&gt; 349
  input in matrix: state: C currentWindowPosition: 2 currentAminoAcid: G =&gt; 300
  input in matrix: state: C currentWindowPosition: 3 currentAminoAcid: G =&gt; 329
  input in matrix: state: C currentWindowPosition: 4 currentAminoAcid: G =&gt; 317
  input in matrix: state: C currentWindowPosition: 5 currentAminoAcid: G =&gt; 314
  input in matrix: state: C currentWindowPosition: 6 currentAminoAcid: G =&gt; 358
  input in matrix: state: C currentWindowPosition: 7 currentAminoAcid: G =&gt; 347
  input in matrix: state: C currentWindowPosition: 8 currentAminoAcid: G =&gt; 4209
  input in matrix: state: C currentWindowPosition: 9 currentAminoAcid: G =&gt; 353
  input in matrix: state: C currentWindowPosition: 10 currentAminoAcid: G =&gt; 368
  input in matrix: state: C currentWindowPosition: 11 currentAminoAcid: G =&gt; 345
  input in matrix: state: C currentWindowPosition: 12 currentAminoAcid: G =&gt; 306
  input in matrix: state: C currentWindowPosition: 13 currentAminoAcid: G =&gt; 344
  input in matrix: state: C currentWindowPosition: 14 currentAminoAcid: G =&gt; 304
  input in matrix: state: C currentWindowPosition: 15 currentAminoAcid: G =&gt; 346
  input in matrix: state: C currentWindowPosition: 16 currentAminoAcid: G =&gt; 328
Process line: H	120	100	88	79	90	112	114	120	0	100	106	75	94	88	93	93	86
 data line!
  input in matrix: state: C currentWindowPosition: 0 currentAminoAcid: H =&gt; 120
  input in matrix: state: C currentWindowPosition: 1 currentAminoAcid: H =&gt; 100
  input in matrix: state: C currentWindowPosition: 2 currentAminoAcid: H =&gt; 88
  input in matrix: state: C currentWindowPosition: 3 currentAminoAcid: H =&gt; 79
  input in matrix: state: C currentWindowPosition: 4 currentAminoAcid: H =&gt; 90
  input in matrix: state: C currentWindowPosition: 5 currentAminoAcid: H =&gt; 112
  input in matrix: state: C currentWindowPosition: 6 currentAminoAcid: H =&gt; 114
  input in matrix: state: C currentWindowPosition: 7 currentAminoAcid: H =&gt; 120
  input in matrix: state: C currentWindowPosition: 8 currentAminoAcid: H =&gt; 0
  input in matrix: state: C currentWindowPosition: 9 currentAminoAcid: H =&gt; 100
  input in matrix: state: C currentWindowPosition: 10 currentAminoAcid: H =&gt; 106
  input in matrix: state: C currentWindowPosition: 11 currentAminoAcid: H =&gt; 75
  input in matrix: state: C currentWindowPosition: 12 currentAminoAcid: H =&gt; 94
  input in matrix: state: C currentWindowPosition: 13 currentAminoAcid: H =&gt; 88
  input in matrix: state: C currentWindowPosition: 14 currentAminoAcid: H =&gt; 93
  input in matrix: state: C currentWindowPosition: 15 currentAminoAcid: H =&gt; 93
  input in matrix: state: C currentWindowPosition: 16 currentAminoAcid: H =&gt; 86
Process line: I	269	239	277	298	267	263	221	157	0	241	218	233	270	257	271	238	216
 data line!
  input in matrix: state: C currentWindowPosition: 0 currentAminoAcid: I =&gt; 269
  input in matrix: state: C currentWindowPosition: 1 currentAminoAcid: I =&gt; 239
  input in matrix: state: C currentWindowPosition: 2 currentAminoAcid: I =&gt; 277
  input in matrix: state: C currentWindowPosition: 3 currentAminoAcid: I =&gt; 298
  input in matrix: state: C currentWindowPosition: 4 currentAminoAcid: I =&gt; 267
  input in matrix: state: C currentWindowPosition: 5 currentAminoAcid: I =&gt; 263
  input in matrix: state: C currentWindowPosition: 6 currentAminoAcid: I =&gt; 221
  input in matrix: state: C currentWindowPosition: 7 currentAminoAcid: I =&gt; 157
  input in matrix: state: C currentWindowPosition: 8 currentAminoAcid: I =&gt; 0
  input in matrix: state: C currentWindowPosition: 9 currentAminoAcid: I =&gt; 241
  input in matrix: state: C currentWindowPosition: 10 currentAminoAcid: I =&gt; 218
  input in matrix: state: C currentWindowPosition: 11 currentAminoAcid: I =&gt; 233
  input in matrix: state: C currentWindowPosition: 12 currentAminoAcid: I =&gt; 270
  input in matrix: state: C currentWindowPosition: 13 currentAminoAcid: I =&gt; 257
  input in matrix: state: C currentWindowPosition: 14 currentAminoAcid: I =&gt; 271
  input in matrix: state: C currentWindowPosition: 15 currentAminoAcid: I =&gt; 238
  input in matrix: state: C currentWindowPosition: 16 currentAminoAcid: I =&gt; 216
Process line: K	210	240	226	231	230	251	266	248	0	313	243	204	200	211	222	202	204
 data line!
  input in matrix: state: C currentWindowPosition: 0 currentAminoAcid: K =&gt; 210
  input in matrix: state: C currentWindowPosition: 1 currentAminoAcid: K =&gt; 240
  input in matrix: state: C currentWindowPosition: 2 currentAminoAcid: K =&gt; 226
  input in matrix: state: C currentWindowPosition: 3 currentAminoAcid: K =&gt; 231
  input in matrix: state: C currentWindowPosition: 4 currentAminoAcid: K =&gt; 230
  input in matrix: state: C currentWindowPosition: 5 currentAminoAcid: K =&gt; 251
  input in matrix: state: C currentWindowPosition: 6 currentAminoAcid: K =&gt; 266
  input in matrix: state: C currentWindowPosition: 7 currentAminoAcid: K =&gt; 248
  input in matrix: state: C currentWindowPosition: 8 currentAminoAcid: K =&gt; 0
  input in matrix: state: C currentWindowPosition: 9 currentAminoAcid: K =&gt; 313
  input in matrix: state: C currentWindowPosition: 10 currentAminoAcid: K =&gt; 243
  input in matrix: state: C currentWindowPosition: 11 currentAminoAcid: K =&gt; 204
  input in matrix: state: C currentWindowPosition: 12 currentAminoAcid: K =&gt; 200
  input in matrix: state: C currentWindowPosition: 13 currentAminoAcid: K =&gt; 211
  input in matrix: state: C currentWindowPosition: 14 currentAminoAcid: K =&gt; 222
  input in matrix: state: C currentWindowPosition: 15 currentAminoAcid: K =&gt; 202
  input in matrix: state: C currentWindowPosition: 16 currentAminoAcid: K =&gt; 204
Process line: L	390	359	391	437	404	379	300	293	0	275	276	330	334	320	327	330	350
 data line!
  input in matrix: state: C currentWindowPosition: 0 currentAminoAcid: L =&gt; 390
  input in matrix: state: C currentWindowPosition: 1 currentAminoAcid: L =&gt; 359
  input in matrix: state: C currentWindowPosition: 2 currentAminoAcid: L =&gt; 391
  input in matrix: state: C currentWindowPosition: 3 currentAminoAcid: L =&gt; 437
  input in matrix: state: C currentWindowPosition: 4 currentAminoAcid: L =&gt; 404
  input in matrix: state: C currentWindowPosition: 5 currentAminoAcid: L =&gt; 379
  input in matrix: state: C currentWindowPosition: 6 currentAminoAcid: L =&gt; 300
  input in matrix: state: C currentWindowPosition: 7 currentAminoAcid: L =&gt; 293
  input in matrix: state: C currentWindowPosition: 8 currentAminoAcid: L =&gt; 0
  input in matrix: state: C currentWindowPosition: 9 currentAminoAcid: L =&gt; 275
  input in matrix: state: C currentWindowPosition: 10 currentAminoAcid: L =&gt; 276
  input in matrix: state: C currentWindowPosition: 11 currentAminoAcid: L =&gt; 330
  input in matrix: state: C currentWindowPosition: 12 currentAminoAcid: L =&gt; 334
  input in matrix: state: C currentWindowPosition: 13 currentAminoAcid: L =&gt; 320
  input in matrix: state: C currentWindowPosition: 14 currentAminoAcid: L =&gt; 327
  input in matrix: state: C currentWindowPosition: 15 currentAminoAcid: L =&gt; 330
  input in matrix: state: C currentWindowPosition: 16 currentAminoAcid: L =&gt; 350
Process line: M	86	97	74	89	90	77	78	82	0	78	64	70	80	87	94	78	89
 data line!
  input in matrix: state: C currentWindowPosition: 0 currentAminoAcid: M =&gt; 86
  input in matrix: state: C currentWindowPosition: 1 currentAminoAcid: M =&gt; 97
  input in matrix: state: C currentWindowPosition: 2 currentAminoAcid: M =&gt; 74
  input in matrix: state: C currentWindowPosition: 3 currentAminoAcid: M =&gt; 89
  input in matrix: state: C currentWindowPosition: 4 currentAminoAcid: M =&gt; 90
  input in matrix: state: C currentWindowPosition: 5 currentAminoAcid: M =&gt; 77
  input in matrix: state: C currentWindowPosition: 6 currentAminoAcid: M =&gt; 78
  input in matrix: state: C currentWindowPosition: 7 currentAminoAcid: M =&gt; 82
  input in matrix: state: C currentWindowPosition: 8 currentAminoAcid: M =&gt; 0
  input in matrix: state: C currentWindowPosition: 9 currentAminoAcid: M =&gt; 78
  input in matrix: state: C currentWindowPosition: 10 currentAminoAcid: M =&gt; 64
  input in matrix: state: C currentWindowPosition: 11 currentAminoAcid: M =&gt; 70
  input in matrix: state: C currentWindowPosition: 12 currentAminoAcid: M =&gt; 80
  input in matrix: state: C currentWindowPosition: 13 currentAminoAcid: M =&gt; 87
  input in matrix: state: C currentWindowPosition: 14 currentAminoAcid: M =&gt; 94
  input in matrix: state: C currentWindowPosition: 15 currentAminoAcid: M =&gt; 78
  input in matrix: state: C currentWindowPosition: 16 currentAminoAcid: M =&gt; 89
Process line: N	191	211	169	177	181	203	197	245	0	211	221	186	177	182	195	212	187
 data line!
  input in matrix: state: C currentWindowPosition: 0 currentAminoAcid: N =&gt; 191
  input in matrix: state: C currentWindowPosition: 1 currentAminoAcid: N =&gt; 211
  input in matrix: state: C currentWindowPosition: 2 currentAminoAcid: N =&gt; 169
  input in matrix: state: C currentWindowPosition: 3 currentAminoAcid: N =&gt; 177
  input in matrix: state: C currentWindowPosition: 4 currentAminoAcid: N =&gt; 181
  input in matrix: state: C currentWindowPosition: 5 currentAminoAcid: N =&gt; 203
  input in matrix: state: C currentWindowPosition: 6 currentAminoAcid: N =&gt; 197
  input in matrix: state: C currentWindowPosition: 7 currentAminoAcid: N =&gt; 245
  input in matrix: state: C currentWindowPosition: 8 currentAminoAcid: N =&gt; 0
  input in matrix: state: C currentWindowPosition: 9 currentAminoAcid: N =&gt; 211
  input in matrix: state: C currentWindowPosition: 10 currentAminoAcid: N =&gt; 221
  input in matrix: state: C currentWindowPosition: 11 currentAminoAcid: N =&gt; 186
  input in matrix: state: C currentWindowPosition: 12 currentAminoAcid: N =&gt; 177
  input in matrix: state: C currentWindowPosition: 13 currentAminoAcid: N =&gt; 182
  input in matrix: state: C currentWindowPosition: 14 currentAminoAcid: N =&gt; 195
  input in matrix: state: C currentWindowPosition: 15 currentAminoAcid: N =&gt; 212
  input in matrix: state: C currentWindowPosition: 16 currentAminoAcid: N =&gt; 187
Process line: P	191	181	148	148	173	174	211	295	0	170	281	245	207	204	206	177	190
 data line!
  input in matrix: state: C currentWindowPosition: 0 currentAminoAcid: P =&gt; 191
  input in matrix: state: C currentWindowPosition: 1 currentAminoAcid: P =&gt; 181
  input in matrix: state: C currentWindowPosition: 2 currentAminoAcid: P =&gt; 148
  input in matrix: state: C currentWindowPosition: 3 currentAminoAcid: P =&gt; 148
  input in matrix: state: C currentWindowPosition: 4 currentAminoAcid: P =&gt; 173
  input in matrix: state: C currentWindowPosition: 5 currentAminoAcid: P =&gt; 174
  input in matrix: state: C currentWindowPosition: 6 currentAminoAcid: P =&gt; 211
  input in matrix: state: C currentWindowPosition: 7 currentAminoAcid: P =&gt; 295
  input in matrix: state: C currentWindowPosition: 8 currentAminoAcid: P =&gt; 0
  input in matrix: state: C currentWindowPosition: 9 currentAminoAcid: P =&gt; 170
  input in matrix: state: C currentWindowPosition: 10 currentAminoAcid: P =&gt; 281
  input in matrix: state: C currentWindowPosition: 11 currentAminoAcid: P =&gt; 245
  input in matrix: state: C currentWindowPosition: 12 currentAminoAcid: P =&gt; 207
  input in matrix: state: C currentWindowPosition: 13 currentAminoAcid: P =&gt; 204
  input in matrix: state: C currentWindowPosition: 14 currentAminoAcid: P =&gt; 206
  input in matrix: state: C currentWindowPosition: 15 currentAminoAcid: P =&gt; 177
  input in matrix: state: C currentWindowPosition: 16 currentAminoAcid: P =&gt; 190
Process line: Q	152	149	157	136	129	153	157	132	0	168	131	126	128	133	144	125	153
 data line!
  input in matrix: state: C currentWindowPosition: 0 currentAminoAcid: Q =&gt; 152
  input in matrix: state: C currentWindowPosition: 1 currentAminoAcid: Q =&gt; 149
  input in matrix: state: C currentWindowPosition: 2 currentAminoAcid: Q =&gt; 157
  input in matrix: state: C currentWindowPosition: 3 currentAminoAcid: Q =&gt; 136
  input in matrix: state: C currentWindowPosition: 4 currentAminoAcid: Q =&gt; 129
  input in matrix: state: C currentWindowPosition: 5 currentAminoAcid: Q =&gt; 153
  input in matrix: state: C currentWindowPosition: 6 currentAminoAcid: Q =&gt; 157
  input in matrix: state: C currentWindowPosition: 7 currentAminoAcid: Q =&gt; 132
  input in matrix: state: C currentWindowPosition: 8 currentAminoAcid: Q =&gt; 0
  input in matrix: state: C currentWindowPosition: 9 currentAminoAcid: Q =&gt; 168
  input in matrix: state: C currentWindowPosition: 10 currentAminoAcid: Q =&gt; 131
  input in matrix: state: C currentWindowPosition: 11 currentAminoAcid: Q =&gt; 126
  input in matrix: state: C currentWindowPosition: 12 currentAminoAcid: Q =&gt; 128
  input in matrix: state: C currentWindowPosition: 13 currentAminoAcid: Q =&gt; 133
  input in matrix: state: C currentWindowPosition: 14 currentAminoAcid: Q =&gt; 144
  input in matrix: state: C currentWindowPosition: 15 currentAminoAcid: Q =&gt; 125
  input in matrix: state: C currentWindowPosition: 16 currentAminoAcid: Q =&gt; 153
Process line: R	186	189	206	184	183	179	195	155	0	195	191	187	178	178	181	184	194
 data line!
  input in matrix: state: C currentWindowPosition: 0 currentAminoAcid: R =&gt; 186
  input in matrix: state: C currentWindowPosition: 1 currentAminoAcid: R =&gt; 189
  input in matrix: state: C currentWindowPosition: 2 currentAminoAcid: R =&gt; 206
  input in matrix: state: C currentWindowPosition: 3 currentAminoAcid: R =&gt; 184
  input in matrix: state: C currentWindowPosition: 4 currentAminoAcid: R =&gt; 183
  input in matrix: state: C currentWindowPosition: 5 currentAminoAcid: R =&gt; 179
  input in matrix: state: C currentWindowPosition: 6 currentAminoAcid: R =&gt; 195
  input in matrix: state: C currentWindowPosition: 7 currentAminoAcid: R =&gt; 155
  input in matrix: state: C currentWindowPosition: 8 currentAminoAcid: R =&gt; 0
  input in matrix: state: C currentWindowPosition: 9 currentAminoAcid: R =&gt; 195
  input in matrix: state: C currentWindowPosition: 10 currentAminoAcid: R =&gt; 191
  input in matrix: state: C currentWindowPosition: 11 currentAminoAcid: R =&gt; 187
  input in matrix: state: C currentWindowPosition: 12 currentAminoAcid: R =&gt; 178
  input in matrix: state: C currentWindowPosition: 13 currentAminoAcid: R =&gt; 178
  input in matrix: state: C currentWindowPosition: 14 currentAminoAcid: R =&gt; 181
  input in matrix: state: C currentWindowPosition: 15 currentAminoAcid: R =&gt; 184
  input in matrix: state: C currentWindowPosition: 16 currentAminoAcid: R =&gt; 194
Process line: S	224	258	249	266	251	250	266	327	0	316	289	281	304	285	257	300	274
 data line!
  input in matrix: state: C currentWindowPosition: 0 currentAminoAcid: S =&gt; 224
  input in matrix: state: C currentWindowPosition: 1 currentAminoAcid: S =&gt; 258
  input in matrix: state: C currentWindowPosition: 2 currentAminoAcid: S =&gt; 249
  input in matrix: state: C currentWindowPosition: 3 currentAminoAcid: S =&gt; 266
  input in matrix: state: C currentWindowPosition: 4 currentAminoAcid: S =&gt; 251
  input in matrix: state: C currentWindowPosition: 5 currentAminoAcid: S =&gt; 250
  input in matrix: state: C currentWindowPosition: 6 currentAminoAcid: S =&gt; 266
  input in matrix: state: C currentWindowPosition: 7 currentAminoAcid: S =&gt; 327
  input in matrix: state: C currentWindowPosition: 8 currentAminoAcid: S =&gt; 0
  input in matrix: state: C currentWindowPosition: 9 currentAminoAcid: S =&gt; 316
  input in matrix: state: C currentWindowPosition: 10 currentAminoAcid: S =&gt; 289
  input in matrix: state: C currentWindowPosition: 11 currentAminoAcid: S =&gt; 281
  input in matrix: state: C currentWindowPosition: 12 currentAminoAcid: S =&gt; 304
  input in matrix: state: C currentWindowPosition: 13 currentAminoAcid: S =&gt; 285
  input in matrix: state: C currentWindowPosition: 14 currentAminoAcid: S =&gt; 257
  input in matrix: state: C currentWindowPosition: 15 currentAminoAcid: S =&gt; 300
  input in matrix: state: C currentWindowPosition: 16 currentAminoAcid: S =&gt; 274
Process line: T	247	254	240	251	261	245	239	304	0	276	352	291	312	259	288	256	271
 data line!
  input in matrix: state: C currentWindowPosition: 0 currentAminoAcid: T =&gt; 247
  input in matrix: state: C currentWindowPosition: 1 currentAminoAcid: T =&gt; 254
  input in matrix: state: C currentWindowPosition: 2 currentAminoAcid: T =&gt; 240
  input in matrix: state: C currentWindowPosition: 3 currentAminoAcid: T =&gt; 251
  input in matrix: state: C currentWindowPosition: 4 currentAminoAcid: T =&gt; 261
  input in matrix: state: C currentWindowPosition: 5 currentAminoAcid: T =&gt; 245
  input in matrix: state: C currentWindowPosition: 6 currentAminoAcid: T =&gt; 239
  input in matrix: state: C currentWindowPosition: 7 currentAminoAcid: T =&gt; 304
  input in matrix: state: C currentWindowPosition: 8 currentAminoAcid: T =&gt; 0
  input in matrix: state: C currentWindowPosition: 9 currentAminoAcid: T =&gt; 276
  input in matrix: state: C currentWindowPosition: 10 currentAminoAcid: T =&gt; 352
  input in matrix: state: C currentWindowPosition: 11 currentAminoAcid: T =&gt; 291
  input in matrix: state: C currentWindowPosition: 12 currentAminoAcid: T =&gt; 312
  input in matrix: state: C currentWindowPosition: 13 currentAminoAcid: T =&gt; 259
  input in matrix: state: C currentWindowPosition: 14 currentAminoAcid: T =&gt; 288
  input in matrix: state: C currentWindowPosition: 15 currentAminoAcid: T =&gt; 256
  input in matrix: state: C currentWindowPosition: 16 currentAminoAcid: T =&gt; 271
Process line: V	337	312	357	320	306	313	266	200	0	278	283	360	368	332	338	310	294
 data line!
  input in matrix: state: C currentWindowPosition: 0 currentAminoAcid: V =&gt; 337
  input in matrix: state: C currentWindowPosition: 1 currentAminoAcid: V =&gt; 312
  input in matrix: state: C currentWindowPosition: 2 currentAminoAcid: V =&gt; 357
  input in matrix: state: C currentWindowPosition: 3 currentAminoAcid: V =&gt; 320
  input in matrix: state: C currentWindowPosition: 4 currentAminoAcid: V =&gt; 306
  input in matrix: state: C currentWindowPosition: 5 currentAminoAcid: V =&gt; 313
  input in matrix: state: C currentWindowPosition: 6 currentAminoAcid: V =&gt; 266
  input in matrix: state: C currentWindowPosition: 7 currentAminoAcid: V =&gt; 200
  input in matrix: state: C currentWindowPosition: 8 currentAminoAcid: V =&gt; 0
  input in matrix: state: C currentWindowPosition: 9 currentAminoAcid: V =&gt; 278
  input in matrix: state: C currentWindowPosition: 10 currentAminoAcid: V =&gt; 283
  input in matrix: state: C currentWindowPosition: 11 currentAminoAcid: V =&gt; 360
  input in matrix: state: C currentWindowPosition: 12 currentAminoAcid: V =&gt; 368
  input in matrix: state: C currentWindowPosition: 13 currentAminoAcid: V =&gt; 332
  input in matrix: state: C currentWindowPosition: 14 currentAminoAcid: V =&gt; 338
  input in matrix: state: C currentWindowPosition: 15 currentAminoAcid: V =&gt; 310
  input in matrix: state: C currentWindowPosition: 16 currentAminoAcid: V =&gt; 294
Process line: W	66	60	59	90	79	62	66	45	0	59	62	80	71	73	74	77	64
 data line!
  input in matrix: state: C currentWindowPosition: 0 currentAminoAcid: W =&gt; 66
  input in matrix: state: C currentWindowPosition: 1 currentAminoAcid: W =&gt; 60
  input in matrix: state: C currentWindowPosition: 2 currentAminoAcid: W =&gt; 59
  input in matrix: state: C currentWindowPosition: 3 currentAminoAcid: W =&gt; 90
  input in matrix: state: C currentWindowPosition: 4 currentAminoAcid: W =&gt; 79
  input in matrix: state: C currentWindowPosition: 5 currentAminoAcid: W =&gt; 62
  input in matrix: state: C currentWindowPosition: 6 currentAminoAcid: W =&gt; 66
  input in matrix: state: C currentWindowPosition: 7 currentAminoAcid: W =&gt; 45
  input in matrix: state: C currentWindowPosition: 8 currentAminoAcid: W =&gt; 0
  input in matrix: state: C currentWindowPosition: 9 currentAminoAcid: W =&gt; 59
  input in matrix: state: C currentWindowPosition: 10 currentAminoAcid: W =&gt; 62
  input in matrix: state: C currentWindowPosition: 11 currentAminoAcid: W =&gt; 80
  input in matrix: state: C currentWindowPosition: 12 currentAminoAcid: W =&gt; 71
  input in matrix: state: C currentWindowPosition: 13 currentAminoAcid: W =&gt; 73
  input in matrix: state: C currentWindowPosition: 14 currentAminoAcid: W =&gt; 74
  input in matrix: state: C currentWindowPosition: 15 currentAminoAcid: W =&gt; 77
  input in matrix: state: C currentWindowPosition: 16 currentAminoAcid: W =&gt; 64
Process line: Y	148	157	157	174	157	148	176	143	0	161	141	180	152	169	155	168	171
 data line!
  input in matrix: state: C currentWindowPosition: 0 currentAminoAcid: Y =&gt; 148
  input in matrix: state: C currentWindowPosition: 1 currentAminoAcid: Y =&gt; 157
  input in matrix: state: C currentWindowPosition: 2 currentAminoAcid: Y =&gt; 157
  input in matrix: state: C currentWindowPosition: 3 currentAminoAcid: Y =&gt; 174
  input in matrix: state: C currentWindowPosition: 4 currentAminoAcid: Y =&gt; 157
  input in matrix: state: C currentWindowPosition: 5 currentAminoAcid: Y =&gt; 148
  input in matrix: state: C currentWindowPosition: 6 currentAminoAcid: Y =&gt; 176
  input in matrix: state: C currentWindowPosition: 7 currentAminoAcid: Y =&gt; 143
  input in matrix: state: C currentWindowPosition: 8 currentAminoAcid: Y =&gt; 0
  input in matrix: state: C currentWindowPosition: 9 currentAminoAcid: Y =&gt; 161
  input in matrix: state: C currentWindowPosition: 10 currentAminoAcid: Y =&gt; 141
  input in matrix: state: C currentWindowPosition: 11 currentAminoAcid: Y =&gt; 180
  input in matrix: state: C currentWindowPosition: 12 currentAminoAcid: Y =&gt; 152
  input in matrix: state: C currentWindowPosition: 13 currentAminoAcid: Y =&gt; 169
  input in matrix: state: C currentWindowPosition: 14 currentAminoAcid: Y =&gt; 155
  input in matrix: state: C currentWindowPosition: 15 currentAminoAcid: Y =&gt; 168
  input in matrix: state: C currentWindowPosition: 16 currentAminoAcid: Y =&gt; 171
Process line: 
 Skip line!
Process line: 
 Skip line!
Process line: =G,E=
 state line! (now in state: E)
Process line: 
 Skip line!
Process line: A	95	81	78	67	70	59	75	63	0	70	70	75	65	67	95	61	64
 data line!
  input in matrix: state: E currentWindowPosition: 0 currentAminoAcid: A =&gt; 95
  input in matrix: state: E currentWindowPosition: 1 currentAminoAcid: A =&gt; 81
  input in matrix: state: E currentWindowPosition: 2 currentAminoAcid: A =&gt; 78
  input in matrix: state: E currentWindowPosition: 3 currentAminoAcid: A =&gt; 67
  input in matrix: state: E currentWindowPosition: 4 currentAminoAcid: A =&gt; 70
  input in matrix: state: E currentWindowPosition: 5 currentAminoAcid: A =&gt; 59
  input in matrix: state: E currentWindowPosition: 6 currentAminoAcid: A =&gt; 75
  input in matrix: state: E currentWindowPosition: 7 currentAminoAcid: A =&gt; 63
  input in matrix: state: E currentWindowPosition: 8 currentAminoAcid: A =&gt; 0
  input in matrix: state: E currentWindowPosition: 9 currentAminoAcid: A =&gt; 70
  input in matrix: state: E currentWindowPosition: 10 currentAminoAcid: A =&gt; 70
  input in matrix: state: E currentWindowPosition: 11 currentAminoAcid: A =&gt; 75
  input in matrix: state: E currentWindowPosition: 12 currentAminoAcid: A =&gt; 65
  input in matrix: state: E currentWindowPosition: 13 currentAminoAcid: A =&gt; 67
  input in matrix: state: E currentWindowPosition: 14 currentAminoAcid: A =&gt; 95
  input in matrix: state: E currentWindowPosition: 15 currentAminoAcid: A =&gt; 61
  input in matrix: state: E currentWindowPosition: 16 currentAminoAcid: A =&gt; 64
Process line: C	20	17	14	19	16	7	19	26	0	17	30	20	13	19	22	18	13
 data line!
  input in matrix: state: E currentWindowPosition: 0 currentAminoAcid: C =&gt; 20
  input in matrix: state: E currentWindowPosition: 1 currentAminoAcid: C =&gt; 17
  input in matrix: state: E currentWindowPosition: 2 currentAminoAcid: C =&gt; 14
  input in matrix: state: E currentWindowPosition: 3 currentAminoAcid: C =&gt; 19
  input in matrix: state: E currentWindowPosition: 4 currentAminoAcid: C =&gt; 16
  input in matrix: state: E currentWindowPosition: 5 currentAminoAcid: C =&gt; 7
  input in matrix: state: E currentWindowPosition: 6 currentAminoAcid: C =&gt; 19
  input in matrix: state: E currentWindowPosition: 7 currentAminoAcid: C =&gt; 26
  input in matrix: state: E currentWindowPosition: 8 currentAminoAcid: C =&gt; 0
  input in matrix: state: E currentWindowPosition: 9 currentAminoAcid: C =&gt; 17
  input in matrix: state: E currentWindowPosition: 10 currentAminoAcid: C =&gt; 30
  input in matrix: state: E currentWindowPosition: 11 currentAminoAcid: C =&gt; 20
  input in matrix: state: E currentWindowPosition: 12 currentAminoAcid: C =&gt; 13
  input in matrix: state: E currentWindowPosition: 13 currentAminoAcid: C =&gt; 19
  input in matrix: state: E currentWindowPosition: 14 currentAminoAcid: C =&gt; 22
  input in matrix: state: E currentWindowPosition: 15 currentAminoAcid: C =&gt; 18
  input in matrix: state: E currentWindowPosition: 16 currentAminoAcid: C =&gt; 13
Process line: D	48	61	57	50	47	42	25	37	0	39	50	55	67	67	65	55	57
 data line!
  input in matrix: state: E currentWindowPosition: 0 currentAminoAcid: D =&gt; 48
  input in matrix: state: E currentWindowPosition: 1 currentAminoAcid: D =&gt; 61
  input in matrix: state: E currentWindowPosition: 2 currentAminoAcid: D =&gt; 57
  input in matrix: state: E currentWindowPosition: 3 currentAminoAcid: D =&gt; 50
  input in matrix: state: E currentWindowPosition: 4 currentAminoAcid: D =&gt; 47
  input in matrix: state: E currentWindowPosition: 5 currentAminoAcid: D =&gt; 42
  input in matrix: state: E currentWindowPosition: 6 currentAminoAcid: D =&gt; 25
  input in matrix: state: E currentWindowPosition: 7 currentAminoAcid: D =&gt; 37
  input in matrix: state: E currentWindowPosition: 8 currentAminoAcid: D =&gt; 0
  input in matrix: state: E currentWindowPosition: 9 currentAminoAcid: D =&gt; 39
  input in matrix: state: E currentWindowPosition: 10 currentAminoAcid: D =&gt; 50
  input in matrix: state: E currentWindowPosition: 11 currentAminoAcid: D =&gt; 55
  input in matrix: state: E currentWindowPosition: 12 currentAminoAcid: D =&gt; 67
  input in matrix: state: E currentWindowPosition: 13 currentAminoAcid: D =&gt; 67
  input in matrix: state: E currentWindowPosition: 14 currentAminoAcid: D =&gt; 65
  input in matrix: state: E currentWindowPosition: 15 currentAminoAcid: D =&gt; 55
  input in matrix: state: E currentWindowPosition: 16 currentAminoAcid: D =&gt; 57
Process line: E	44	46	40	42	32	41	29	32	0	29	31	37	46	48	49	54	54
 data line!
  input in matrix: state: E currentWindowPosition: 0 currentAminoAcid: E =&gt; 44
  input in matrix: state: E currentWindowPosition: 1 currentAminoAcid: E =&gt; 46
  input in matrix: state: E currentWindowPosition: 2 currentAminoAcid: E =&gt; 40
  input in matrix: state: E currentWindowPosition: 3 currentAminoAcid: E =&gt; 42
  input in matrix: state: E currentWindowPosition: 4 currentAminoAcid: E =&gt; 32
  input in matrix: state: E currentWindowPosition: 5 currentAminoAcid: E =&gt; 41
  input in matrix: state: E currentWindowPosition: 6 currentAminoAcid: E =&gt; 29
  input in matrix: state: E currentWindowPosition: 7 currentAminoAcid: E =&gt; 32
  input in matrix: state: E currentWindowPosition: 8 currentAminoAcid: E =&gt; 0
  input in matrix: state: E currentWindowPosition: 9 currentAminoAcid: E =&gt; 29
  input in matrix: state: E currentWindowPosition: 10 currentAminoAcid: E =&gt; 31
  input in matrix: state: E currentWindowPosition: 11 currentAminoAcid: E =&gt; 37
  input in matrix: state: E currentWindowPosition: 12 currentAminoAcid: E =&gt; 46
  input in matrix: state: E currentWindowPosition: 13 currentAminoAcid: E =&gt; 48
  input in matrix: state: E currentWindowPosition: 14 currentAminoAcid: E =&gt; 49
  input in matrix: state: E currentWindowPosition: 15 currentAminoAcid: E =&gt; 54
  input in matrix: state: E currentWindowPosition: 16 currentAminoAcid: E =&gt; 54
Process line: F	31	39	28	25	35	36	46	50	0	51	45	50	55	41	33	30	28
 data line!
  input in matrix: state: E currentWindowPosition: 0 currentAminoAcid: F =&gt; 31
  input in matrix: state: E currentWindowPosition: 1 currentAminoAcid: F =&gt; 39
  input in matrix: state: E currentWindowPosition: 2 currentAminoAcid: F =&gt; 28
  input in matrix: state: E currentWindowPosition: 3 currentAminoAcid: F =&gt; 25
  input in matrix: state: E currentWindowPosition: 4 currentAminoAcid: F =&gt; 35
  input in matrix: state: E currentWindowPosition: 5 currentAminoAcid: F =&gt; 36
  input in matrix: state: E currentWindowPosition: 6 currentAminoAcid: F =&gt; 46
  input in matrix: state: E currentWindowPosition: 7 currentAminoAcid: F =&gt; 50
  input in matrix: state: E currentWindowPosition: 8 currentAminoAcid: F =&gt; 0
  input in matrix: state: E currentWindowPosition: 9 currentAminoAcid: F =&gt; 51
  input in matrix: state: E currentWindowPosition: 10 currentAminoAcid: F =&gt; 45
  input in matrix: state: E currentWindowPosition: 11 currentAminoAcid: F =&gt; 50
  input in matrix: state: E currentWindowPosition: 12 currentAminoAcid: F =&gt; 55
  input in matrix: state: E currentWindowPosition: 13 currentAminoAcid: F =&gt; 41
  input in matrix: state: E currentWindowPosition: 14 currentAminoAcid: F =&gt; 33
  input in matrix: state: E currentWindowPosition: 15 currentAminoAcid: F =&gt; 30
  input in matrix: state: E currentWindowPosition: 16 currentAminoAcid: F =&gt; 28
Process line: G	73	103	84	106	91	104	75	59	921	64	86	83	87	119	81	110	103
 data line!
  input in matrix: state: E currentWindowPosition: 0 currentAminoAcid: G =&gt; 73
  input in matrix: state: E currentWindowPosition: 1 currentAminoAcid: G =&gt; 103
  input in matrix: state: E currentWindowPosition: 2 currentAminoAcid: G =&gt; 84
  input in matrix: state: E currentWindowPosition: 3 currentAminoAcid: G =&gt; 106
  input in matrix: state: E currentWindowPosition: 4 currentAminoAcid: G =&gt; 91
  input in matrix: state: E currentWindowPosition: 5 currentAminoAcid: G =&gt; 104
  input in matrix: state: E currentWindowPosition: 6 currentAminoAcid: G =&gt; 75
  input in matrix: state: E currentWindowPosition: 7 currentAminoAcid: G =&gt; 59
  input in matrix: state: E currentWindowPosition: 8 currentAminoAcid: G =&gt; 921
  input in matrix: state: E currentWindowPosition: 9 currentAminoAcid: G =&gt; 64
  input in matrix: state: E currentWindowPosition: 10 currentAminoAcid: G =&gt; 86
  input in matrix: state: E currentWindowPosition: 11 currentAminoAcid: G =&gt; 83
  input in matrix: state: E currentWindowPosition: 12 currentAminoAcid: G =&gt; 87
  input in matrix: state: E currentWindowPosition: 13 currentAminoAcid: G =&gt; 119
  input in matrix: state: E currentWindowPosition: 14 currentAminoAcid: G =&gt; 81
  input in matrix: state: E currentWindowPosition: 15 currentAminoAcid: G =&gt; 110
  input in matrix: state: E currentWindowPosition: 16 currentAminoAcid: G =&gt; 103
Process line: H	24	18	25	21	23	18	15	18	0	23	23	21	27	21	21	28	21
 data line!
  input in matrix: state: E currentWindowPosition: 0 currentAminoAcid: H =&gt; 24
  input in matrix: state: E currentWindowPosition: 1 currentAminoAcid: H =&gt; 18
  input in matrix: state: E currentWindowPosition: 2 currentAminoAcid: H =&gt; 25
  input in matrix: state: E currentWindowPosition: 3 currentAminoAcid: H =&gt; 21
  input in matrix: state: E currentWindowPosition: 4 currentAminoAcid: H =&gt; 23
  input in matrix: state: E currentWindowPosition: 5 currentAminoAcid: H =&gt; 18
  input in matrix: state: E currentWindowPosition: 6 currentAminoAcid: H =&gt; 15
  input in matrix: state: E currentWindowPosition: 7 currentAminoAcid: H =&gt; 18
  input in matrix: state: E currentWindowPosition: 8 currentAminoAcid: H =&gt; 0
  input in matrix: state: E currentWindowPosition: 9 currentAminoAcid: H =&gt; 23
  input in matrix: state: E currentWindowPosition: 10 currentAminoAcid: H =&gt; 23
  input in matrix: state: E currentWindowPosition: 11 currentAminoAcid: H =&gt; 21
  input in matrix: state: E currentWindowPosition: 12 currentAminoAcid: H =&gt; 27
  input in matrix: state: E currentWindowPosition: 13 currentAminoAcid: H =&gt; 21
  input in matrix: state: E currentWindowPosition: 14 currentAminoAcid: H =&gt; 21
  input in matrix: state: E currentWindowPosition: 15 currentAminoAcid: H =&gt; 28
  input in matrix: state: E currentWindowPosition: 16 currentAminoAcid: H =&gt; 21
Process line: I	55	44	55	39	57	69	85	87	0	89	72	57	46	40	49	49	47
 data line!
  input in matrix: state: E currentWindowPosition: 0 currentAminoAcid: I =&gt; 55
  input in matrix: state: E currentWindowPosition: 1 currentAminoAcid: I =&gt; 44
  input in matrix: state: E currentWindowPosition: 2 currentAminoAcid: I =&gt; 55
  input in matrix: state: E currentWindowPosition: 3 currentAminoAcid: I =&gt; 39
  input in matrix: state: E currentWindowPosition: 4 currentAminoAcid: I =&gt; 57
  input in matrix: state: E currentWindowPosition: 5 currentAminoAcid: I =&gt; 69
  input in matrix: state: E currentWindowPosition: 6 currentAminoAcid: I =&gt; 85
  input in matrix: state: E currentWindowPosition: 7 currentAminoAcid: I =&gt; 87
  input in matrix: state: E currentWindowPosition: 8 currentAminoAcid: I =&gt; 0
  input in matrix: state: E currentWindowPosition: 9 currentAminoAcid: I =&gt; 89
  input in matrix: state: E currentWindowPosition: 10 currentAminoAcid: I =&gt; 72
  input in matrix: state: E currentWindowPosition: 11 currentAminoAcid: I =&gt; 57
  input in matrix: state: E currentWindowPosition: 12 currentAminoAcid: I =&gt; 46
  input in matrix: state: E currentWindowPosition: 13 currentAminoAcid: I =&gt; 40
  input in matrix: state: E currentWindowPosition: 14 currentAminoAcid: I =&gt; 49
  input in matrix: state: E currentWindowPosition: 15 currentAminoAcid: I =&gt; 49
  input in matrix: state: E currentWindowPosition: 16 currentAminoAcid: I =&gt; 47
Process line: K	54	56	64	72	53	44	43	38	0	34	46	31	41	37	64	51	54
 data line!
  input in matrix: state: E currentWindowPosition: 0 currentAminoAcid: K =&gt; 54
  input in matrix: state: E currentWindowPosition: 1 currentAminoAcid: K =&gt; 56
  input in matrix: state: E currentWindowPosition: 2 currentAminoAcid: K =&gt; 64
  input in matrix: state: E currentWindowPosition: 3 currentAminoAcid: K =&gt; 72
  input in matrix: state: E currentWindowPosition: 4 currentAminoAcid: K =&gt; 53
  input in matrix: state: E currentWindowPosition: 5 currentAminoAcid: K =&gt; 44
  input in matrix: state: E currentWindowPosition: 6 currentAminoAcid: K =&gt; 43
  input in matrix: state: E currentWindowPosition: 7 currentAminoAcid: K =&gt; 38
  input in matrix: state: E currentWindowPosition: 8 currentAminoAcid: K =&gt; 0
  input in matrix: state: E currentWindowPosition: 9 currentAminoAcid: K =&gt; 34
  input in matrix: state: E currentWindowPosition: 10 currentAminoAcid: K =&gt; 46
  input in matrix: state: E currentWindowPosition: 11 currentAminoAcid: K =&gt; 31
  input in matrix: state: E currentWindowPosition: 12 currentAminoAcid: K =&gt; 41
  input in matrix: state: E currentWindowPosition: 13 currentAminoAcid: K =&gt; 37
  input in matrix: state: E currentWindowPosition: 14 currentAminoAcid: K =&gt; 64
  input in matrix: state: E currentWindowPosition: 15 currentAminoAcid: K =&gt; 51
  input in matrix: state: E currentWindowPosition: 16 currentAminoAcid: K =&gt; 54
Process line: L	64	62	60	56	89	77	89	82	0	69	67	68	61	48	51	46	63
 data line!
  input in matrix: state: E currentWindowPosition: 0 currentAminoAcid: L =&gt; 64
  input in matrix: state: E currentWindowPosition: 1 currentAminoAcid: L =&gt; 62
  input in matrix: state: E currentWindowPosition: 2 currentAminoAcid: L =&gt; 60
  input in matrix: state: E currentWindowPosition: 3 currentAminoAcid: L =&gt; 56
  input in matrix: state: E currentWindowPosition: 4 currentAminoAcid: L =&gt; 89
  input in matrix: state: E currentWindowPosition: 5 currentAminoAcid: L =&gt; 77
  input in matrix: state: E currentWindowPosition: 6 currentAminoAcid: L =&gt; 89
  input in matrix: state: E currentWindowPosition: 7 currentAminoAcid: L =&gt; 82
  input in matrix: state: E currentWindowPosition: 8 currentAminoAcid: L =&gt; 0
  input in matrix: state: E currentWindowPosition: 9 currentAminoAcid: L =&gt; 69
  input in matrix: state: E currentWindowPosition: 10 currentAminoAcid: L =&gt; 67
  input in matrix: state: E currentWindowPosition: 11 currentAminoAcid: L =&gt; 68
  input in matrix: state: E currentWindowPosition: 12 currentAminoAcid: L =&gt; 61
  input in matrix: state: E currentWindowPosition: 13 currentAminoAcid: L =&gt; 48
  input in matrix: state: E currentWindowPosition: 14 currentAminoAcid: L =&gt; 51
  input in matrix: state: E currentWindowPosition: 15 currentAminoAcid: L =&gt; 46
  input in matrix: state: E currentWindowPosition: 16 currentAminoAcid: L =&gt; 63
Process line: M	14	7	15	20	19	15	19	21	0	23	19	23	15	15	20	22	20
 data line!
  input in matrix: state: E currentWindowPosition: 0 currentAminoAcid: M =&gt; 14
  input in matrix: state: E currentWindowPosition: 1 currentAminoAcid: M =&gt; 7
  input in matrix: state: E currentWindowPosition: 2 currentAminoAcid: M =&gt; 15
  input in matrix: state: E currentWindowPosition: 3 currentAminoAcid: M =&gt; 20
  input in matrix: state: E currentWindowPosition: 4 currentAminoAcid: M =&gt; 19
  input in matrix: state: E currentWindowPosition: 5 currentAminoAcid: M =&gt; 15
  input in matrix: state: E currentWindowPosition: 6 currentAminoAcid: M =&gt; 19
  input in matrix: state: E currentWindowPosition: 7 currentAminoAcid: M =&gt; 21
  input in matrix: state: E currentWindowPosition: 8 currentAminoAcid: M =&gt; 0
  input in matrix: state: E currentWindowPosition: 9 currentAminoAcid: M =&gt; 23
  input in matrix: state: E currentWindowPosition: 10 currentAminoAcid: M =&gt; 19
  input in matrix: state: E currentWindowPosition: 11 currentAminoAcid: M =&gt; 23
  input in matrix: state: E currentWindowPosition: 12 currentAminoAcid: M =&gt; 15
  input in matrix: state: E currentWindowPosition: 13 currentAminoAcid: M =&gt; 15
  input in matrix: state: E currentWindowPosition: 14 currentAminoAcid: M =&gt; 20
  input in matrix: state: E currentWindowPosition: 15 currentAminoAcid: M =&gt; 22
  input in matrix: state: E currentWindowPosition: 16 currentAminoAcid: M =&gt; 20
Process line: N	51	47	49	43	39	45	22	32	0	40	33	35	52	38	40	57	54
 data line!
  input in matrix: state: E currentWindowPosition: 0 currentAminoAcid: N =&gt; 51
  input in matrix: state: E currentWindowPosition: 1 currentAminoAcid: N =&gt; 47
  input in matrix: state: E currentWindowPosition: 2 currentAminoAcid: N =&gt; 49
  input in matrix: state: E currentWindowPosition: 3 currentAminoAcid: N =&gt; 43
  input in matrix: state: E currentWindowPosition: 4 currentAminoAcid: N =&gt; 39
  input in matrix: state: E currentWindowPosition: 5 currentAminoAcid: N =&gt; 45
  input in matrix: state: E currentWindowPosition: 6 currentAminoAcid: N =&gt; 22
  input in matrix: state: E currentWindowPosition: 7 currentAminoAcid: N =&gt; 32
  input in matrix: state: E currentWindowPosition: 8 currentAminoAcid: N =&gt; 0
  input in matrix: state: E currentWindowPosition: 9 currentAminoAcid: N =&gt; 40
  input in matrix: state: E currentWindowPosition: 10 currentAminoAcid: N =&gt; 33
  input in matrix: state: E currentWindowPosition: 11 currentAminoAcid: N =&gt; 35
  input in matrix: state: E currentWindowPosition: 12 currentAminoAcid: N =&gt; 52
  input in matrix: state: E currentWindowPosition: 13 currentAminoAcid: N =&gt; 38
  input in matrix: state: E currentWindowPosition: 14 currentAminoAcid: N =&gt; 40
  input in matrix: state: E currentWindowPosition: 15 currentAminoAcid: N =&gt; 57
  input in matrix: state: E currentWindowPosition: 16 currentAminoAcid: N =&gt; 54
Process line: P	61	48	56	54	49	39	43	38	0	22	27	41	33	45	36	52	49
 data line!
  input in matrix: state: E currentWindowPosition: 0 currentAminoAcid: P =&gt; 61
  input in matrix: state: E currentWindowPosition: 1 currentAminoAcid: P =&gt; 48
  input in matrix: state: E currentWindowPosition: 2 currentAminoAcid: P =&gt; 56
  input in matrix: state: E currentWindowPosition: 3 currentAminoAcid: P =&gt; 54
  input in matrix: state: E currentWindowPosition: 4 currentAminoAcid: P =&gt; 49
  input in matrix: state: E currentWindowPosition: 5 currentAminoAcid: P =&gt; 39
  input in matrix: state: E currentWindowPosition: 6 currentAminoAcid: P =&gt; 43
  input in matrix: state: E currentWindowPosition: 7 currentAminoAcid: P =&gt; 38
  input in matrix: state: E currentWindowPosition: 8 currentAminoAcid: P =&gt; 0
  input in matrix: state: E currentWindowPosition: 9 currentAminoAcid: P =&gt; 22
  input in matrix: state: E currentWindowPosition: 10 currentAminoAcid: P =&gt; 27
  input in matrix: state: E currentWindowPosition: 11 currentAminoAcid: P =&gt; 41
  input in matrix: state: E currentWindowPosition: 12 currentAminoAcid: P =&gt; 33
  input in matrix: state: E currentWindowPosition: 13 currentAminoAcid: P =&gt; 45
  input in matrix: state: E currentWindowPosition: 14 currentAminoAcid: P =&gt; 36
  input in matrix: state: E currentWindowPosition: 15 currentAminoAcid: P =&gt; 52
  input in matrix: state: E currentWindowPosition: 16 currentAminoAcid: P =&gt; 49
Process line: Q	34	33	33	27	30	25	21	21	0	24	25	28	24	21	30	36	30
 data line!
  input in matrix: state: E currentWindowPosition: 0 currentAminoAcid: Q =&gt; 34
  input in matrix: state: E currentWindowPosition: 1 currentAminoAcid: Q =&gt; 33
  input in matrix: state: E currentWindowPosition: 2 currentAminoAcid: Q =&gt; 33
  input in matrix: state: E currentWindowPosition: 3 currentAminoAcid: Q =&gt; 27
  input in matrix: state: E currentWindowPosition: 4 currentAminoAcid: Q =&gt; 30
  input in matrix: state: E currentWindowPosition: 5 currentAminoAcid: Q =&gt; 25
  input in matrix: state: E currentWindowPosition: 6 currentAminoAcid: Q =&gt; 21
  input in matrix: state: E currentWindowPosition: 7 currentAminoAcid: Q =&gt; 21
  input in matrix: state: E currentWindowPosition: 8 currentAminoAcid: Q =&gt; 0
  input in matrix: state: E currentWindowPosition: 9 currentAminoAcid: Q =&gt; 24
  input in matrix: state: E currentWindowPosition: 10 currentAminoAcid: Q =&gt; 25
  input in matrix: state: E currentWindowPosition: 11 currentAminoAcid: Q =&gt; 28
  input in matrix: state: E currentWindowPosition: 12 currentAminoAcid: Q =&gt; 24
  input in matrix: state: E currentWindowPosition: 13 currentAminoAcid: Q =&gt; 21
  input in matrix: state: E currentWindowPosition: 14 currentAminoAcid: Q =&gt; 30
  input in matrix: state: E currentWindowPosition: 15 currentAminoAcid: Q =&gt; 36
  input in matrix: state: E currentWindowPosition: 16 currentAminoAcid: Q =&gt; 30
Process line: R	37	45	45	49	36	43	42	32	0	36	28	33	34	29	30	28	32
 data line!
  input in matrix: state: E currentWindowPosition: 0 currentAminoAcid: R =&gt; 37
  input in matrix: state: E currentWindowPosition: 1 currentAminoAcid: R =&gt; 45
  input in matrix: state: E currentWindowPosition: 2 currentAminoAcid: R =&gt; 45
  input in matrix: state: E currentWindowPosition: 3 currentAminoAcid: R =&gt; 49
  input in matrix: state: E currentWindowPosition: 4 currentAminoAcid: R =&gt; 36
  input in matrix: state: E currentWindowPosition: 5 currentAminoAcid: R =&gt; 43
  input in matrix: state: E currentWindowPosition: 6 currentAminoAcid: R =&gt; 42
  input in matrix: state: E currentWindowPosition: 7 currentAminoAcid: R =&gt; 32
  input in matrix: state: E currentWindowPosition: 8 currentAminoAcid: R =&gt; 0
  input in matrix: state: E currentWindowPosition: 9 currentAminoAcid: R =&gt; 36
  input in matrix: state: E currentWindowPosition: 10 currentAminoAcid: R =&gt; 28
  input in matrix: state: E currentWindowPosition: 11 currentAminoAcid: R =&gt; 33
  input in matrix: state: E currentWindowPosition: 12 currentAminoAcid: R =&gt; 34
  input in matrix: state: E currentWindowPosition: 13 currentAminoAcid: R =&gt; 29
  input in matrix: state: E currentWindowPosition: 14 currentAminoAcid: R =&gt; 30
  input in matrix: state: E currentWindowPosition: 15 currentAminoAcid: R =&gt; 28
  input in matrix: state: E currentWindowPosition: 16 currentAminoAcid: R =&gt; 32
Process line: S	59	47	62	68	48	57	47	67	0	63	55	66	80	70	65	68	63
 data line!
  input in matrix: state: E currentWindowPosition: 0 currentAminoAcid: S =&gt; 59
  input in matrix: state: E currentWindowPosition: 1 currentAminoAcid: S =&gt; 47
  input in matrix: state: E currentWindowPosition: 2 currentAminoAcid: S =&gt; 62
  input in matrix: state: E currentWindowPosition: 3 currentAminoAcid: S =&gt; 68
  input in matrix: state: E currentWindowPosition: 4 currentAminoAcid: S =&gt; 48
  input in matrix: state: E currentWindowPosition: 5 currentAminoAcid: S =&gt; 57
  input in matrix: state: E currentWindowPosition: 6 currentAminoAcid: S =&gt; 47
  input in matrix: state: E currentWindowPosition: 7 currentAminoAcid: S =&gt; 67
  input in matrix: state: E currentWindowPosition: 8 currentAminoAcid: S =&gt; 0
  input in matrix: state: E currentWindowPosition: 9 currentAminoAcid: S =&gt; 63
  input in matrix: state: E currentWindowPosition: 10 currentAminoAcid: S =&gt; 55
  input in matrix: state: E currentWindowPosition: 11 currentAminoAcid: S =&gt; 66
  input in matrix: state: E currentWindowPosition: 12 currentAminoAcid: S =&gt; 80
  input in matrix: state: E currentWindowPosition: 13 currentAminoAcid: S =&gt; 70
  input in matrix: state: E currentWindowPosition: 14 currentAminoAcid: S =&gt; 65
  input in matrix: state: E currentWindowPosition: 15 currentAminoAcid: S =&gt; 68
  input in matrix: state: E currentWindowPosition: 16 currentAminoAcid: S =&gt; 63
Process line: T	52	48	56	62	55	57	51	63	0	75	68	66	56	80	58	60	54
 data line!
  input in matrix: state: E currentWindowPosition: 0 currentAminoAcid: T =&gt; 52
  input in matrix: state: E currentWindowPosition: 1 currentAminoAcid: T =&gt; 48
  input in matrix: state: E currentWindowPosition: 2 currentAminoAcid: T =&gt; 56
  input in matrix: state: E currentWindowPosition: 3 currentAminoAcid: T =&gt; 62
  input in matrix: state: E currentWindowPosition: 4 currentAminoAcid: T =&gt; 55
  input in matrix: state: E currentWindowPosition: 5 currentAminoAcid: T =&gt; 57
  input in matrix: state: E currentWindowPosition: 6 currentAminoAcid: T =&gt; 51
  input in matrix: state: E currentWindowPosition: 7 currentAminoAcid: T =&gt; 63
  input in matrix: state: E currentWindowPosition: 8 currentAminoAcid: T =&gt; 0
  input in matrix: state: E currentWindowPosition: 9 currentAminoAcid: T =&gt; 75
  input in matrix: state: E currentWindowPosition: 10 currentAminoAcid: T =&gt; 68
  input in matrix: state: E currentWindowPosition: 11 currentAminoAcid: T =&gt; 66
  input in matrix: state: E currentWindowPosition: 12 currentAminoAcid: T =&gt; 56
  input in matrix: state: E currentWindowPosition: 13 currentAminoAcid: T =&gt; 80
  input in matrix: state: E currentWindowPosition: 14 currentAminoAcid: T =&gt; 58
  input in matrix: state: E currentWindowPosition: 15 currentAminoAcid: T =&gt; 60
  input in matrix: state: E currentWindowPosition: 16 currentAminoAcid: T =&gt; 54
Process line: V	63	69	59	58	90	99	101	104	0	89	79	81	72	64	67	60	62
 data line!
  input in matrix: state: E currentWindowPosition: 0 currentAminoAcid: V =&gt; 63
  input in matrix: state: E currentWindowPosition: 1 currentAminoAcid: V =&gt; 69
  input in matrix: state: E currentWindowPosition: 2 currentAminoAcid: V =&gt; 59
  input in matrix: state: E currentWindowPosition: 3 currentAminoAcid: V =&gt; 58
  input in matrix: state: E currentWindowPosition: 4 currentAminoAcid: V =&gt; 90
  input in matrix: state: E currentWindowPosition: 5 currentAminoAcid: V =&gt; 99
  input in matrix: state: E currentWindowPosition: 6 currentAminoAcid: V =&gt; 101
  input in matrix: state: E currentWindowPosition: 7 currentAminoAcid: V =&gt; 104
  input in matrix: state: E currentWindowPosition: 8 currentAminoAcid: V =&gt; 0
  input in matrix: state: E currentWindowPosition: 9 currentAminoAcid: V =&gt; 89
  input in matrix: state: E currentWindowPosition: 10 currentAminoAcid: V =&gt; 79
  input in matrix: state: E currentWindowPosition: 11 currentAminoAcid: V =&gt; 81
  input in matrix: state: E currentWindowPosition: 12 currentAminoAcid: V =&gt; 72
  input in matrix: state: E currentWindowPosition: 13 currentAminoAcid: V =&gt; 64
  input in matrix: state: E currentWindowPosition: 14 currentAminoAcid: V =&gt; 67
  input in matrix: state: E currentWindowPosition: 15 currentAminoAcid: V =&gt; 60
  input in matrix: state: E currentWindowPosition: 16 currentAminoAcid: V =&gt; 62
Process line: W	10	10	11	13	14	8	19	12	0	18	21	10	17	11	11	8	12
 data line!
  input in matrix: state: E currentWindowPosition: 0 currentAminoAcid: W =&gt; 10
  input in matrix: state: E currentWindowPosition: 1 currentAminoAcid: W =&gt; 10
  input in matrix: state: E currentWindowPosition: 2 currentAminoAcid: W =&gt; 11
  input in matrix: state: E currentWindowPosition: 3 currentAminoAcid: W =&gt; 13
  input in matrix: state: E currentWindowPosition: 4 currentAminoAcid: W =&gt; 14
  input in matrix: state: E currentWindowPosition: 5 currentAminoAcid: W =&gt; 8
  input in matrix: state: E currentWindowPosition: 6 currentAminoAcid: W =&gt; 19
  input in matrix: state: E currentWindowPosition: 7 currentAminoAcid: W =&gt; 12
  input in matrix: state: E currentWindowPosition: 8 currentAminoAcid: W =&gt; 0
  input in matrix: state: E currentWindowPosition: 9 currentAminoAcid: W =&gt; 18
  input in matrix: state: E currentWindowPosition: 10 currentAminoAcid: W =&gt; 21
  input in matrix: state: E currentWindowPosition: 11 currentAminoAcid: W =&gt; 10
  input in matrix: state: E currentWindowPosition: 12 currentAminoAcid: W =&gt; 17
  input in matrix: state: E currentWindowPosition: 13 currentAminoAcid: W =&gt; 11
  input in matrix: state: E currentWindowPosition: 14 currentAminoAcid: W =&gt; 11
  input in matrix: state: E currentWindowPosition: 15 currentAminoAcid: W =&gt; 8
  input in matrix: state: E currentWindowPosition: 16 currentAminoAcid: W =&gt; 12
Process line: Y	32	38	29	30	27	35	54	36	0	45	45	40	27	38	34	27	40
 data line!
  input in matrix: state: E currentWindowPosition: 0 currentAminoAcid: Y =&gt; 32
  input in matrix: state: E currentWindowPosition: 1 currentAminoAcid: Y =&gt; 38
  input in matrix: state: E currentWindowPosition: 2 currentAminoAcid: Y =&gt; 29
  input in matrix: state: E currentWindowPosition: 3 currentAminoAcid: Y =&gt; 30
  input in matrix: state: E currentWindowPosition: 4 currentAminoAcid: Y =&gt; 27
  input in matrix: state: E currentWindowPosition: 5 currentAminoAcid: Y =&gt; 35
  input in matrix: state: E currentWindowPosition: 6 currentAminoAcid: Y =&gt; 54
  input in matrix: state: E currentWindowPosition: 7 currentAminoAcid: Y =&gt; 36
  input in matrix: state: E currentWindowPosition: 8 currentAminoAcid: Y =&gt; 0
  input in matrix: state: E currentWindowPosition: 9 currentAminoAcid: Y =&gt; 45
  input in matrix: state: E currentWindowPosition: 10 currentAminoAcid: Y =&gt; 45
  input in matrix: state: E currentWindowPosition: 11 currentAminoAcid: Y =&gt; 40
  input in matrix: state: E currentWindowPosition: 12 currentAminoAcid: Y =&gt; 27
  input in matrix: state: E currentWindowPosition: 13 currentAminoAcid: Y =&gt; 38
  input in matrix: state: E currentWindowPosition: 14 currentAminoAcid: Y =&gt; 34
  input in matrix: state: E currentWindowPosition: 15 currentAminoAcid: Y =&gt; 27
  input in matrix: state: E currentWindowPosition: 16 currentAminoAcid: Y =&gt; 40
Process line: 
 Skip line!
Process line: 
 Skip line!
Process line: =G,H=
 state line! (now in state: H)
Process line: 
 Skip line!
Process line: A	95	91	97	91	126	88	109	128	0	100	126	119	147	119	115	104	113
 data line!
  input in matrix: state: H currentWindowPosition: 0 currentAminoAcid: A =&gt; 95
  input in matrix: state: H currentWindowPosition: 1 currentAminoAcid: A =&gt; 91
  input in matrix: state: H currentWindowPosition: 2 currentAminoAcid: A =&gt; 97
  input in matrix: state: H currentWindowPosition: 3 currentAminoAcid: A =&gt; 91
  input in matrix: state: H currentWindowPosition: 4 currentAminoAcid: A =&gt; 126
  input in matrix: state: H currentWindowPosition: 5 currentAminoAcid: A =&gt; 88
  input in matrix: state: H currentWindowPosition: 6 currentAminoAcid: A =&gt; 109
  input in matrix: state: H currentWindowPosition: 7 currentAminoAcid: A =&gt; 128
  input in matrix: state: H currentWindowPosition: 8 currentAminoAcid: A =&gt; 0
  input in matrix: state: H currentWindowPosition: 9 currentAminoAcid: A =&gt; 100
  input in matrix: state: H currentWindowPosition: 10 currentAminoAcid: A =&gt; 126
  input in matrix: state: H currentWindowPosition: 11 currentAminoAcid: A =&gt; 119
  input in matrix: state: H currentWindowPosition: 12 currentAminoAcid: A =&gt; 147
  input in matrix: state: H currentWindowPosition: 13 currentAminoAcid: A =&gt; 119
  input in matrix: state: H currentWindowPosition: 14 currentAminoAcid: A =&gt; 115
  input in matrix: state: H currentWindowPosition: 15 currentAminoAcid: A =&gt; 104
  input in matrix: state: H currentWindowPosition: 16 currentAminoAcid: A =&gt; 113
Process line: C	22	12	15	21	14	9	23	16	0	24	19	17	9	16	15	14	13
 data line!
  input in matrix: state: H currentWindowPosition: 0 currentAminoAcid: C =&gt; 22
  input in matrix: state: H currentWindowPosition: 1 currentAminoAcid: C =&gt; 12
  input in matrix: state: H currentWindowPosition: 2 currentAminoAcid: C =&gt; 15
  input in matrix: state: H currentWindowPosition: 3 currentAminoAcid: C =&gt; 21
  input in matrix: state: H currentWindowPosition: 4 currentAminoAcid: C =&gt; 14
  input in matrix: state: H currentWindowPosition: 5 currentAminoAcid: C =&gt; 9
  input in matrix: state: H currentWindowPosition: 6 currentAminoAcid: C =&gt; 23
  input in matrix: state: H currentWindowPosition: 7 currentAminoAcid: C =&gt; 16
  input in matrix: state: H currentWindowPosition: 8 currentAminoAcid: C =&gt; 0
  input in matrix: state: H currentWindowPosition: 9 currentAminoAcid: C =&gt; 24
  input in matrix: state: H currentWindowPosition: 10 currentAminoAcid: C =&gt; 19
  input in matrix: state: H currentWindowPosition: 11 currentAminoAcid: C =&gt; 17
  input in matrix: state: H currentWindowPosition: 12 currentAminoAcid: C =&gt; 9
  input in matrix: state: H currentWindowPosition: 13 currentAminoAcid: C =&gt; 16
  input in matrix: state: H currentWindowPosition: 14 currentAminoAcid: C =&gt; 15
  input in matrix: state: H currentWindowPosition: 15 currentAminoAcid: C =&gt; 14
  input in matrix: state: H currentWindowPosition: 16 currentAminoAcid: C =&gt; 13
Process line: D	63	74	60	62	57	65	46	51	0	59	46	46	58	44	44	59	51
 data line!
  input in matrix: state: H currentWindowPosition: 0 currentAminoAcid: D =&gt; 63
  input in matrix: state: H currentWindowPosition: 1 currentAminoAcid: D =&gt; 74
  input in matrix: state: H currentWindowPosition: 2 currentAminoAcid: D =&gt; 60
  input in matrix: state: H currentWindowPosition: 3 currentAminoAcid: D =&gt; 62
  input in matrix: state: H currentWindowPosition: 4 currentAminoAcid: D =&gt; 57
  input in matrix: state: H currentWindowPosition: 5 currentAminoAcid: D =&gt; 65
  input in matrix: state: H currentWindowPosition: 6 currentAminoAcid: D =&gt; 46
  input in matrix: state: H currentWindowPosition: 7 currentAminoAcid: D =&gt; 51
  input in matrix: state: H currentWindowPosition: 8 currentAminoAcid: D =&gt; 0
  input in matrix: state: H currentWindowPosition: 9 currentAminoAcid: D =&gt; 59
  input in matrix: state: H currentWindowPosition: 10 currentAminoAcid: D =&gt; 46
  input in matrix: state: H currentWindowPosition: 11 currentAminoAcid: D =&gt; 46
  input in matrix: state: H currentWindowPosition: 12 currentAminoAcid: D =&gt; 58
  input in matrix: state: H currentWindowPosition: 13 currentAminoAcid: D =&gt; 44
  input in matrix: state: H currentWindowPosition: 14 currentAminoAcid: D =&gt; 44
  input in matrix: state: H currentWindowPosition: 15 currentAminoAcid: D =&gt; 59
  input in matrix: state: H currentWindowPosition: 16 currentAminoAcid: D =&gt; 51
Process line: E	57	70	66	66	52	56	65	75	0	73	59	38	42	55	71	76	56
 data line!
  input in matrix: state: H currentWindowPosition: 0 currentAminoAcid: E =&gt; 57
  input in matrix: state: H currentWindowPosition: 1 currentAminoAcid: E =&gt; 70
  input in matrix: state: H currentWindowPosition: 2 currentAminoAcid: E =&gt; 66
  input in matrix: state: H currentWindowPosition: 3 currentAminoAcid: E =&gt; 66
  input in matrix: state: H currentWindowPosition: 4 currentAminoAcid: E =&gt; 52
  input in matrix: state: H currentWindowPosition: 5 currentAminoAcid: E =&gt; 56
  input in matrix: state: H currentWindowPosition: 6 currentAminoAcid: E =&gt; 65
  input in matrix: state: H currentWindowPosition: 7 currentAminoAcid: E =&gt; 75
  input in matrix: state: H currentWindowPosition: 8 currentAminoAcid: E =&gt; 0
  input in matrix: state: H currentWindowPosition: 9 currentAminoAcid: E =&gt; 73
  input in matrix: state: H currentWindowPosition: 10 currentAminoAcid: E =&gt; 59
  input in matrix: state: H currentWindowPosition: 11 currentAminoAcid: E =&gt; 38
  input in matrix: state: H currentWindowPosition: 12 currentAminoAcid: E =&gt; 42
  input in matrix: state: H currentWindowPosition: 13 currentAminoAcid: E =&gt; 55
  input in matrix: state: H currentWindowPosition: 14 currentAminoAcid: E =&gt; 71
  input in matrix: state: H currentWindowPosition: 15 currentAminoAcid: E =&gt; 76
  input in matrix: state: H currentWindowPosition: 16 currentAminoAcid: E =&gt; 56
Process line: F	32	29	50	48	33	36	38	43	0	43	50	49	44	33	38	34	39
 data line!
  input in matrix: state: H currentWindowPosition: 0 currentAminoAcid: F =&gt; 32
  input in matrix: state: H currentWindowPosition: 1 currentAminoAcid: F =&gt; 29
  input in matrix: state: H currentWindowPosition: 2 currentAminoAcid: F =&gt; 50
  input in matrix: state: H currentWindowPosition: 3 currentAminoAcid: F =&gt; 48
  input in matrix: state: H currentWindowPosition: 4 currentAminoAcid: F =&gt; 33
  input in matrix: state: H currentWindowPosition: 5 currentAminoAcid: F =&gt; 36
  input in matrix: state: H currentWindowPosition: 6 currentAminoAcid: F =&gt; 38
  input in matrix: state: H currentWindowPosition: 7 currentAminoAcid: F =&gt; 43
  input in matrix: state: H currentWindowPosition: 8 currentAminoAcid: F =&gt; 0
  input in matrix: state: H currentWindowPosition: 9 currentAminoAcid: F =&gt; 43
  input in matrix: state: H currentWindowPosition: 10 currentAminoAcid: F =&gt; 50
  input in matrix: state: H currentWindowPosition: 11 currentAminoAcid: F =&gt; 49
  input in matrix: state: H currentWindowPosition: 12 currentAminoAcid: F =&gt; 44
  input in matrix: state: H currentWindowPosition: 13 currentAminoAcid: F =&gt; 33
  input in matrix: state: H currentWindowPosition: 14 currentAminoAcid: F =&gt; 38
  input in matrix: state: H currentWindowPosition: 15 currentAminoAcid: F =&gt; 34
  input in matrix: state: H currentWindowPosition: 16 currentAminoAcid: F =&gt; 39
Process line: G	85	101	90	87	92	94	71	66	1027	57	47	79	103	52	81	97	78
 data line!
  input in matrix: state: H currentWindowPosition: 0 currentAminoAcid: G =&gt; 85
  input in matrix: state: H currentWindowPosition: 1 currentAminoAcid: G =&gt; 101
  input in matrix: state: H currentWindowPosition: 2 currentAminoAcid: G =&gt; 90
  input in matrix: state: H currentWindowPosition: 3 currentAminoAcid: G =&gt; 87
  input in matrix: state: H currentWindowPosition: 4 currentAminoAcid: G =&gt; 92
  input in matrix: state: H currentWindowPosition: 5 currentAminoAcid: G =&gt; 94
  input in matrix: state: H currentWindowPosition: 6 currentAminoAcid: G =&gt; 71
  input in matrix: state: H currentWindowPosition: 7 currentAminoAcid: G =&gt; 66
  input in matrix: state: H currentWindowPosition: 8 currentAminoAcid: G =&gt; 1027
  input in matrix: state: H currentWindowPosition: 9 currentAminoAcid: G =&gt; 57
  input in matrix: state: H currentWindowPosition: 10 currentAminoAcid: G =&gt; 47
  input in matrix: state: H currentWindowPosition: 11 currentAminoAcid: G =&gt; 79
  input in matrix: state: H currentWindowPosition: 12 currentAminoAcid: G =&gt; 103
  input in matrix: state: H currentWindowPosition: 13 currentAminoAcid: G =&gt; 52
  input in matrix: state: H currentWindowPosition: 14 currentAminoAcid: G =&gt; 81
  input in matrix: state: H currentWindowPosition: 15 currentAminoAcid: G =&gt; 97
  input in matrix: state: H currentWindowPosition: 16 currentAminoAcid: G =&gt; 78
Process line: H	19	19	31	22	27	19	18	19	0	25	23	16	20	17	24	23	28
 data line!
  input in matrix: state: H currentWindowPosition: 0 currentAminoAcid: H =&gt; 19
  input in matrix: state: H currentWindowPosition: 1 currentAminoAcid: H =&gt; 19
  input in matrix: state: H currentWindowPosition: 2 currentAminoAcid: H =&gt; 31
  input in matrix: state: H currentWindowPosition: 3 currentAminoAcid: H =&gt; 22
  input in matrix: state: H currentWindowPosition: 4 currentAminoAcid: H =&gt; 27
  input in matrix: state: H currentWindowPosition: 5 currentAminoAcid: H =&gt; 19
  input in matrix: state: H currentWindowPosition: 6 currentAminoAcid: H =&gt; 18
  input in matrix: state: H currentWindowPosition: 7 currentAminoAcid: H =&gt; 19
  input in matrix: state: H currentWindowPosition: 8 currentAminoAcid: H =&gt; 0
  input in matrix: state: H currentWindowPosition: 9 currentAminoAcid: H =&gt; 25
  input in matrix: state: H currentWindowPosition: 10 currentAminoAcid: H =&gt; 23
  input in matrix: state: H currentWindowPosition: 11 currentAminoAcid: H =&gt; 16
  input in matrix: state: H currentWindowPosition: 12 currentAminoAcid: H =&gt; 20
  input in matrix: state: H currentWindowPosition: 13 currentAminoAcid: H =&gt; 17
  input in matrix: state: H currentWindowPosition: 14 currentAminoAcid: H =&gt; 24
  input in matrix: state: H currentWindowPosition: 15 currentAminoAcid: H =&gt; 23
  input in matrix: state: H currentWindowPosition: 16 currentAminoAcid: H =&gt; 28
Process line: I	56	58	80	52	50	73	67	54	0	71	65	55	49	59	66	58	56
 data line!
  input in matrix: state: H currentWindowPosition: 0 currentAminoAcid: I =&gt; 56
  input in matrix: state: H currentWindowPosition: 1 currentAminoAcid: I =&gt; 58
  input in matrix: state: H currentWindowPosition: 2 currentAminoAcid: I =&gt; 80
  input in matrix: state: H currentWindowPosition: 3 currentAminoAcid: I =&gt; 52
  input in matrix: state: H currentWindowPosition: 4 currentAminoAcid: I =&gt; 50
  input in matrix: state: H currentWindowPosition: 5 currentAminoAcid: I =&gt; 73
  input in matrix: state: H currentWindowPosition: 6 currentAminoAcid: I =&gt; 67
  input in matrix: state: H currentWindowPosition: 7 currentAminoAcid: I =&gt; 54
  input in matrix: state: H currentWindowPosition: 8 currentAminoAcid: I =&gt; 0
  input in matrix: state: H currentWindowPosition: 9 currentAminoAcid: I =&gt; 71
  input in matrix: state: H currentWindowPosition: 10 currentAminoAcid: I =&gt; 65
  input in matrix: state: H currentWindowPosition: 11 currentAminoAcid: I =&gt; 55
  input in matrix: state: H currentWindowPosition: 12 currentAminoAcid: I =&gt; 49
  input in matrix: state: H currentWindowPosition: 13 currentAminoAcid: I =&gt; 59
  input in matrix: state: H currentWindowPosition: 14 currentAminoAcid: I =&gt; 66
  input in matrix: state: H currentWindowPosition: 15 currentAminoAcid: I =&gt; 58
  input in matrix: state: H currentWindowPosition: 16 currentAminoAcid: I =&gt; 56
Process line: K	47	49	55	52	58	54	42	41	0	54	53	73	64	69	68	60	61
 data line!
  input in matrix: state: H currentWindowPosition: 0 currentAminoAcid: K =&gt; 47
  input in matrix: state: H currentWindowPosition: 1 currentAminoAcid: K =&gt; 49
  input in matrix: state: H currentWindowPosition: 2 currentAminoAcid: K =&gt; 55
  input in matrix: state: H currentWindowPosition: 3 currentAminoAcid: K =&gt; 52
  input in matrix: state: H currentWindowPosition: 4 currentAminoAcid: K =&gt; 58
  input in matrix: state: H currentWindowPosition: 5 currentAminoAcid: K =&gt; 54
  input in matrix: state: H currentWindowPosition: 6 currentAminoAcid: K =&gt; 42
  input in matrix: state: H currentWindowPosition: 7 currentAminoAcid: K =&gt; 41
  input in matrix: state: H currentWindowPosition: 8 currentAminoAcid: K =&gt; 0
  input in matrix: state: H currentWindowPosition: 9 currentAminoAcid: K =&gt; 54
  input in matrix: state: H currentWindowPosition: 10 currentAminoAcid: K =&gt; 53
  input in matrix: state: H currentWindowPosition: 11 currentAminoAcid: K =&gt; 73
  input in matrix: state: H currentWindowPosition: 12 currentAminoAcid: K =&gt; 64
  input in matrix: state: H currentWindowPosition: 13 currentAminoAcid: K =&gt; 69
  input in matrix: state: H currentWindowPosition: 14 currentAminoAcid: K =&gt; 68
  input in matrix: state: H currentWindowPosition: 15 currentAminoAcid: K =&gt; 60
  input in matrix: state: H currentWindowPosition: 16 currentAminoAcid: K =&gt; 61
Process line: L	92	72	95	82	93	86	120	102	0	112	139	149	126	134	115	107	134
 data line!
  input in matrix: state: H currentWindowPosition: 0 currentAminoAcid: L =&gt; 92
  input in matrix: state: H currentWindowPosition: 1 currentAminoAcid: L =&gt; 72
  input in matrix: state: H currentWindowPosition: 2 currentAminoAcid: L =&gt; 95
  input in matrix: state: H currentWindowPosition: 3 currentAminoAcid: L =&gt; 82
  input in matrix: state: H currentWindowPosition: 4 currentAminoAcid: L =&gt; 93
  input in matrix: state: H currentWindowPosition: 5 currentAminoAcid: L =&gt; 86
  input in matrix: state: H currentWindowPosition: 6 currentAminoAcid: L =&gt; 120
  input in matrix: state: H currentWindowPosition: 7 currentAminoAcid: L =&gt; 102
  input in matrix: state: H currentWindowPosition: 8 currentAminoAcid: L =&gt; 0
  input in matrix: state: H currentWindowPosition: 9 currentAminoAcid: L =&gt; 112
  input in matrix: state: H currentWindowPosition: 10 currentAminoAcid: L =&gt; 139
  input in matrix: state: H currentWindowPosition: 11 currentAminoAcid: L =&gt; 149
  input in matrix: state: H currentWindowPosition: 12 currentAminoAcid: L =&gt; 126
  input in matrix: state: H currentWindowPosition: 13 currentAminoAcid: L =&gt; 134
  input in matrix: state: H currentWindowPosition: 14 currentAminoAcid: L =&gt; 115
  input in matrix: state: H currentWindowPosition: 15 currentAminoAcid: L =&gt; 107
  input in matrix: state: H currentWindowPosition: 16 currentAminoAcid: L =&gt; 134
Process line: M	31	21	23	26	19	23	24	33	0	38	29	30	26	34	27	24	19
 data line!
  input in matrix: state: H currentWindowPosition: 0 currentAminoAcid: M =&gt; 31
  input in matrix: state: H currentWindowPosition: 1 currentAminoAcid: M =&gt; 21
  input in matrix: state: H currentWindowPosition: 2 currentAminoAcid: M =&gt; 23
  input in matrix: state: H currentWindowPosition: 3 currentAminoAcid: M =&gt; 26
  input in matrix: state: H currentWindowPosition: 4 currentAminoAcid: M =&gt; 19
  input in matrix: state: H currentWindowPosition: 5 currentAminoAcid: M =&gt; 23
  input in matrix: state: H currentWindowPosition: 6 currentAminoAcid: M =&gt; 24
  input in matrix: state: H currentWindowPosition: 7 currentAminoAcid: M =&gt; 33
  input in matrix: state: H currentWindowPosition: 8 currentAminoAcid: M =&gt; 0
  input in matrix: state: H currentWindowPosition: 9 currentAminoAcid: M =&gt; 38
  input in matrix: state: H currentWindowPosition: 10 currentAminoAcid: M =&gt; 29
  input in matrix: state: H currentWindowPosition: 11 currentAminoAcid: M =&gt; 30
  input in matrix: state: H currentWindowPosition: 12 currentAminoAcid: M =&gt; 26
  input in matrix: state: H currentWindowPosition: 13 currentAminoAcid: M =&gt; 34
  input in matrix: state: H currentWindowPosition: 14 currentAminoAcid: M =&gt; 27
  input in matrix: state: H currentWindowPosition: 15 currentAminoAcid: M =&gt; 24
  input in matrix: state: H currentWindowPosition: 16 currentAminoAcid: M =&gt; 19
Process line: N	45	39	45	45	46	56	55	30	0	34	28	32	49	42	55	34	41
 data line!
  input in matrix: state: H currentWindowPosition: 0 currentAminoAcid: N =&gt; 45
  input in matrix: state: H currentWindowPosition: 1 currentAminoAcid: N =&gt; 39
  input in matrix: state: H currentWindowPosition: 2 currentAminoAcid: N =&gt; 45
  input in matrix: state: H currentWindowPosition: 3 currentAminoAcid: N =&gt; 45
  input in matrix: state: H currentWindowPosition: 4 currentAminoAcid: N =&gt; 46
  input in matrix: state: H currentWindowPosition: 5 currentAminoAcid: N =&gt; 56
  input in matrix: state: H currentWindowPosition: 6 currentAminoAcid: N =&gt; 55
  input in matrix: state: H currentWindowPosition: 7 currentAminoAcid: N =&gt; 30
  input in matrix: state: H currentWindowPosition: 8 currentAminoAcid: N =&gt; 0
  input in matrix: state: H currentWindowPosition: 9 currentAminoAcid: N =&gt; 34
  input in matrix: state: H currentWindowPosition: 10 currentAminoAcid: N =&gt; 28
  input in matrix: state: H currentWindowPosition: 11 currentAminoAcid: N =&gt; 32
  input in matrix: state: H currentWindowPosition: 12 currentAminoAcid: N =&gt; 49
  input in matrix: state: H currentWindowPosition: 13 currentAminoAcid: N =&gt; 42
  input in matrix: state: H currentWindowPosition: 14 currentAminoAcid: N =&gt; 55
  input in matrix: state: H currentWindowPosition: 15 currentAminoAcid: N =&gt; 34
  input in matrix: state: H currentWindowPosition: 16 currentAminoAcid: N =&gt; 41
Process line: P	44	45	24	38	43	37	39	32	0	17	12	15	26	31	23	34	36
 data line!
  input in matrix: state: H currentWindowPosition: 0 currentAminoAcid: P =&gt; 44
  input in matrix: state: H currentWindowPosition: 1 currentAminoAcid: P =&gt; 45
  input in matrix: state: H currentWindowPosition: 2 currentAminoAcid: P =&gt; 24
  input in matrix: state: H currentWindowPosition: 3 currentAminoAcid: P =&gt; 38
  input in matrix: state: H currentWindowPosition: 4 currentAminoAcid: P =&gt; 43
  input in matrix: state: H currentWindowPosition: 5 currentAminoAcid: P =&gt; 37
  input in matrix: state: H currentWindowPosition: 6 currentAminoAcid: P =&gt; 39
  input in matrix: state: H currentWindowPosition: 7 currentAminoAcid: P =&gt; 32
  input in matrix: state: H currentWindowPosition: 8 currentAminoAcid: P =&gt; 0
  input in matrix: state: H currentWindowPosition: 9 currentAminoAcid: P =&gt; 17
  input in matrix: state: H currentWindowPosition: 10 currentAminoAcid: P =&gt; 12
  input in matrix: state: H currentWindowPosition: 11 currentAminoAcid: P =&gt; 15
  input in matrix: state: H currentWindowPosition: 12 currentAminoAcid: P =&gt; 26
  input in matrix: state: H currentWindowPosition: 13 currentAminoAcid: P =&gt; 31
  input in matrix: state: H currentWindowPosition: 14 currentAminoAcid: P =&gt; 23
  input in matrix: state: H currentWindowPosition: 15 currentAminoAcid: P =&gt; 34
  input in matrix: state: H currentWindowPosition: 16 currentAminoAcid: P =&gt; 36
Process line: Q	48	33	36	35	40	46	38	51	0	45	44	44	42	40	46	41	38
 data line!
  input in matrix: state: H currentWindowPosition: 0 currentAminoAcid: Q =&gt; 48
  input in matrix: state: H currentWindowPosition: 1 currentAminoAcid: Q =&gt; 33
  input in matrix: state: H currentWindowPosition: 2 currentAminoAcid: Q =&gt; 36
  input in matrix: state: H currentWindowPosition: 3 currentAminoAcid: Q =&gt; 35
  input in matrix: state: H currentWindowPosition: 4 currentAminoAcid: Q =&gt; 40
  input in matrix: state: H currentWindowPosition: 5 currentAminoAcid: Q =&gt; 46
  input in matrix: state: H currentWindowPosition: 6 currentAminoAcid: Q =&gt; 38
  input in matrix: state: H currentWindowPosition: 7 currentAminoAcid: Q =&gt; 51
  input in matrix: state: H currentWindowPosition: 8 currentAminoAcid: Q =&gt; 0
  input in matrix: state: H currentWindowPosition: 9 currentAminoAcid: Q =&gt; 45
  input in matrix: state: H currentWindowPosition: 10 currentAminoAcid: Q =&gt; 44
  input in matrix: state: H currentWindowPosition: 11 currentAminoAcid: Q =&gt; 44
  input in matrix: state: H currentWindowPosition: 12 currentAminoAcid: Q =&gt; 42
  input in matrix: state: H currentWindowPosition: 13 currentAminoAcid: Q =&gt; 40
  input in matrix: state: H currentWindowPosition: 14 currentAminoAcid: Q =&gt; 46
  input in matrix: state: H currentWindowPosition: 15 currentAminoAcid: Q =&gt; 41
  input in matrix: state: H currentWindowPosition: 16 currentAminoAcid: Q =&gt; 38
Process line: R	45	45	47	43	49	42	47	44	0	45	55	33	43	62	40	45	47
 data line!
  input in matrix: state: H currentWindowPosition: 0 currentAminoAcid: R =&gt; 45
  input in matrix: state: H currentWindowPosition: 1 currentAminoAcid: R =&gt; 45
  input in matrix: state: H currentWindowPosition: 2 currentAminoAcid: R =&gt; 47
  input in matrix: state: H currentWindowPosition: 3 currentAminoAcid: R =&gt; 43
  input in matrix: state: H currentWindowPosition: 4 currentAminoAcid: R =&gt; 49
  input in matrix: state: H currentWindowPosition: 5 currentAminoAcid: R =&gt; 42
  input in matrix: state: H currentWindowPosition: 6 currentAminoAcid: R =&gt; 47
  input in matrix: state: H currentWindowPosition: 7 currentAminoAcid: R =&gt; 44
  input in matrix: state: H currentWindowPosition: 8 currentAminoAcid: R =&gt; 0
  input in matrix: state: H currentWindowPosition: 9 currentAminoAcid: R =&gt; 45
  input in matrix: state: H currentWindowPosition: 10 currentAminoAcid: R =&gt; 55
  input in matrix: state: H currentWindowPosition: 11 currentAminoAcid: R =&gt; 33
  input in matrix: state: H currentWindowPosition: 12 currentAminoAcid: R =&gt; 43
  input in matrix: state: H currentWindowPosition: 13 currentAminoAcid: R =&gt; 62
  input in matrix: state: H currentWindowPosition: 14 currentAminoAcid: R =&gt; 40
  input in matrix: state: H currentWindowPosition: 15 currentAminoAcid: R =&gt; 45
  input in matrix: state: H currentWindowPosition: 16 currentAminoAcid: R =&gt; 47
Process line: S	55	72	55	60	60	57	50	61	0	52	49	60	55	41	52	51	54
 data line!
  input in matrix: state: H currentWindowPosition: 0 currentAminoAcid: S =&gt; 55
  input in matrix: state: H currentWindowPosition: 1 currentAminoAcid: S =&gt; 72
  input in matrix: state: H currentWindowPosition: 2 currentAminoAcid: S =&gt; 55
  input in matrix: state: H currentWindowPosition: 3 currentAminoAcid: S =&gt; 60
  input in matrix: state: H currentWindowPosition: 4 currentAminoAcid: S =&gt; 60
  input in matrix: state: H currentWindowPosition: 5 currentAminoAcid: S =&gt; 57
  input in matrix: state: H currentWindowPosition: 6 currentAminoAcid: S =&gt; 50
  input in matrix: state: H currentWindowPosition: 7 currentAminoAcid: S =&gt; 61
  input in matrix: state: H currentWindowPosition: 8 currentAminoAcid: S =&gt; 0
  input in matrix: state: H currentWindowPosition: 9 currentAminoAcid: S =&gt; 52
  input in matrix: state: H currentWindowPosition: 10 currentAminoAcid: S =&gt; 49
  input in matrix: state: H currentWindowPosition: 11 currentAminoAcid: S =&gt; 60
  input in matrix: state: H currentWindowPosition: 12 currentAminoAcid: S =&gt; 55
  input in matrix: state: H currentWindowPosition: 13 currentAminoAcid: S =&gt; 41
  input in matrix: state: H currentWindowPosition: 14 currentAminoAcid: S =&gt; 52
  input in matrix: state: H currentWindowPosition: 15 currentAminoAcid: S =&gt; 51
  input in matrix: state: H currentWindowPosition: 16 currentAminoAcid: S =&gt; 54
Process line: T	56	63	45	61	55	63	50	53	0	55	46	58	33	53	45	39	47
 data line!
  input in matrix: state: H currentWindowPosition: 0 currentAminoAcid: T =&gt; 56
  input in matrix: state: H currentWindowPosition: 1 currentAminoAcid: T =&gt; 63
  input in matrix: state: H currentWindowPosition: 2 currentAminoAcid: T =&gt; 45
  input in matrix: state: H currentWindowPosition: 3 currentAminoAcid: T =&gt; 61
  input in matrix: state: H currentWindowPosition: 4 currentAminoAcid: T =&gt; 55
  input in matrix: state: H currentWindowPosition: 5 currentAminoAcid: T =&gt; 63
  input in matrix: state: H currentWindowPosition: 6 currentAminoAcid: T =&gt; 50
  input in matrix: state: H currentWindowPosition: 7 currentAminoAcid: T =&gt; 53
  input in matrix: state: H currentWindowPosition: 8 currentAminoAcid: T =&gt; 0
  input in matrix: state: H currentWindowPosition: 9 currentAminoAcid: T =&gt; 55
  input in matrix: state: H currentWindowPosition: 10 currentAminoAcid: T =&gt; 46
  input in matrix: state: H currentWindowPosition: 11 currentAminoAcid: T =&gt; 58
  input in matrix: state: H currentWindowPosition: 12 currentAminoAcid: T =&gt; 33
  input in matrix: state: H currentWindowPosition: 13 currentAminoAcid: T =&gt; 53
  input in matrix: state: H currentWindowPosition: 14 currentAminoAcid: T =&gt; 45
  input in matrix: state: H currentWindowPosition: 15 currentAminoAcid: T =&gt; 39
  input in matrix: state: H currentWindowPosition: 16 currentAminoAcid: T =&gt; 47
Process line: V	74	80	75	76	64	72	73	71	0	71	75	71	55	73	65	66	68
 data line!
  input in matrix: state: H currentWindowPosition: 0 currentAminoAcid: V =&gt; 74
  input in matrix: state: H currentWindowPosition: 1 currentAminoAcid: V =&gt; 80
  input in matrix: state: H currentWindowPosition: 2 currentAminoAcid: V =&gt; 75
  input in matrix: state: H currentWindowPosition: 3 currentAminoAcid: V =&gt; 76
  input in matrix: state: H currentWindowPosition: 4 currentAminoAcid: V =&gt; 64
  input in matrix: state: H currentWindowPosition: 5 currentAminoAcid: V =&gt; 72
  input in matrix: state: H currentWindowPosition: 6 currentAminoAcid: V =&gt; 73
  input in matrix: state: H currentWindowPosition: 7 currentAminoAcid: V =&gt; 71
  input in matrix: state: H currentWindowPosition: 8 currentAminoAcid: V =&gt; 0
  input in matrix: state: H currentWindowPosition: 9 currentAminoAcid: V =&gt; 71
  input in matrix: state: H currentWindowPosition: 10 currentAminoAcid: V =&gt; 75
  input in matrix: state: H currentWindowPosition: 11 currentAminoAcid: V =&gt; 71
  input in matrix: state: H currentWindowPosition: 12 currentAminoAcid: V =&gt; 55
  input in matrix: state: H currentWindowPosition: 13 currentAminoAcid: V =&gt; 73
  input in matrix: state: H currentWindowPosition: 14 currentAminoAcid: V =&gt; 65
  input in matrix: state: H currentWindowPosition: 15 currentAminoAcid: V =&gt; 66
  input in matrix: state: H currentWindowPosition: 16 currentAminoAcid: V =&gt; 68
Process line: W	16	16	11	21	16	21	11	23	0	18	16	11	11	13	16	19	14
 data line!
  input in matrix: state: H currentWindowPosition: 0 currentAminoAcid: W =&gt; 16
  input in matrix: state: H currentWindowPosition: 1 currentAminoAcid: W =&gt; 16
  input in matrix: state: H currentWindowPosition: 2 currentAminoAcid: W =&gt; 11
  input in matrix: state: H currentWindowPosition: 3 currentAminoAcid: W =&gt; 21
  input in matrix: state: H currentWindowPosition: 4 currentAminoAcid: W =&gt; 16
  input in matrix: state: H currentWindowPosition: 5 currentAminoAcid: W =&gt; 21
  input in matrix: state: H currentWindowPosition: 6 currentAminoAcid: W =&gt; 11
  input in matrix: state: H currentWindowPosition: 7 currentAminoAcid: W =&gt; 23
  input in matrix: state: H currentWindowPosition: 8 currentAminoAcid: W =&gt; 0
  input in matrix: state: H currentWindowPosition: 9 currentAminoAcid: W =&gt; 18
  input in matrix: state: H currentWindowPosition: 10 currentAminoAcid: W =&gt; 16
  input in matrix: state: H currentWindowPosition: 11 currentAminoAcid: W =&gt; 11
  input in matrix: state: H currentWindowPosition: 12 currentAminoAcid: W =&gt; 11
  input in matrix: state: H currentWindowPosition: 13 currentAminoAcid: W =&gt; 13
  input in matrix: state: H currentWindowPosition: 14 currentAminoAcid: W =&gt; 16
  input in matrix: state: H currentWindowPosition: 15 currentAminoAcid: W =&gt; 19
  input in matrix: state: H currentWindowPosition: 16 currentAminoAcid: W =&gt; 14
Process line: Y	43	35	27	39	32	30	39	33	0	32	44	31	23	39	20	41	34
 data line!
  input in matrix: state: H currentWindowPosition: 0 currentAminoAcid: Y =&gt; 43
  input in matrix: state: H currentWindowPosition: 1 currentAminoAcid: Y =&gt; 35
  input in matrix: state: H currentWindowPosition: 2 currentAminoAcid: Y =&gt; 27
  input in matrix: state: H currentWindowPosition: 3 currentAminoAcid: Y =&gt; 39
  input in matrix: state: H currentWindowPosition: 4 currentAminoAcid: Y =&gt; 32
  input in matrix: state: H currentWindowPosition: 5 currentAminoAcid: Y =&gt; 30
  input in matrix: state: H currentWindowPosition: 6 currentAminoAcid: Y =&gt; 39
  input in matrix: state: H currentWindowPosition: 7 currentAminoAcid: Y =&gt; 33
  input in matrix: state: H currentWindowPosition: 8 currentAminoAcid: Y =&gt; 0
  input in matrix: state: H currentWindowPosition: 9 currentAminoAcid: Y =&gt; 32
  input in matrix: state: H currentWindowPosition: 10 currentAminoAcid: Y =&gt; 44
  input in matrix: state: H currentWindowPosition: 11 currentAminoAcid: Y =&gt; 31
  input in matrix: state: H currentWindowPosition: 12 currentAminoAcid: Y =&gt; 23
  input in matrix: state: H currentWindowPosition: 13 currentAminoAcid: Y =&gt; 39
  input in matrix: state: H currentWindowPosition: 14 currentAminoAcid: Y =&gt; 20
  input in matrix: state: H currentWindowPosition: 15 currentAminoAcid: Y =&gt; 41
  input in matrix: state: H currentWindowPosition: 16 currentAminoAcid: Y =&gt; 34
Process line: 
 Skip line!
Process line: 
 Skip line!
Process line: =H,C=
 state line! (now in state: C)
Process line: 
 Skip line!
Process line: A	56	60	63	58	63	51	67	55	0	44	54	57	65	60	79	77	63
 data line!
  input in matrix: state: C currentWindowPosition: 0 currentAminoAcid: A =&gt; 56
  input in matrix: state: C currentWindowPosition: 1 currentAminoAcid: A =&gt; 60
  input in matrix: state: C currentWindowPosition: 2 currentAminoAcid: A =&gt; 63
  input in matrix: state: C currentWindowPosition: 3 currentAminoAcid: A =&gt; 58
  input in matrix: state: C currentWindowPosition: 4 currentAminoAcid: A =&gt; 63
  input in matrix: state: C currentWindowPosition: 5 currentAminoAcid: A =&gt; 51
  input in matrix: state: C currentWindowPosition: 6 currentAminoAcid: A =&gt; 67
  input in matrix: state: C currentWindowPosition: 7 currentAminoAcid: A =&gt; 55
  input in matrix: state: C currentWindowPosition: 8 currentAminoAcid: A =&gt; 0
  input in matrix: state: C currentWindowPosition: 9 currentAminoAcid: A =&gt; 44
  input in matrix: state: C currentWindowPosition: 10 currentAminoAcid: A =&gt; 54
  input in matrix: state: C currentWindowPosition: 11 currentAminoAcid: A =&gt; 57
  input in matrix: state: C currentWindowPosition: 12 currentAminoAcid: A =&gt; 65
  input in matrix: state: C currentWindowPosition: 13 currentAminoAcid: A =&gt; 60
  input in matrix: state: C currentWindowPosition: 14 currentAminoAcid: A =&gt; 79
  input in matrix: state: C currentWindowPosition: 15 currentAminoAcid: A =&gt; 77
  input in matrix: state: C currentWindowPosition: 16 currentAminoAcid: A =&gt; 63
Process line: C	17	17	8	12	21	20	16	20	0	14	9	13	18	15	15	13	15
 data line!
  input in matrix: state: C currentWindowPosition: 0 currentAminoAcid: C =&gt; 17
  input in matrix: state: C currentWindowPosition: 1 currentAminoAcid: C =&gt; 17
  input in matrix: state: C currentWindowPosition: 2 currentAminoAcid: C =&gt; 8
  input in matrix: state: C currentWindowPosition: 3 currentAminoAcid: C =&gt; 12
  input in matrix: state: C currentWindowPosition: 4 currentAminoAcid: C =&gt; 21
  input in matrix: state: C currentWindowPosition: 5 currentAminoAcid: C =&gt; 20
  input in matrix: state: C currentWindowPosition: 6 currentAminoAcid: C =&gt; 16
  input in matrix: state: C currentWindowPosition: 7 currentAminoAcid: C =&gt; 20
  input in matrix: state: C currentWindowPosition: 8 currentAminoAcid: C =&gt; 0
  input in matrix: state: C currentWindowPosition: 9 currentAminoAcid: C =&gt; 14
  input in matrix: state: C currentWindowPosition: 10 currentAminoAcid: C =&gt; 9
  input in matrix: state: C currentWindowPosition: 11 currentAminoAcid: C =&gt; 13
  input in matrix: state: C currentWindowPosition: 12 currentAminoAcid: C =&gt; 18
  input in matrix: state: C currentWindowPosition: 13 currentAminoAcid: C =&gt; 15
  input in matrix: state: C currentWindowPosition: 14 currentAminoAcid: C =&gt; 15
  input in matrix: state: C currentWindowPosition: 15 currentAminoAcid: C =&gt; 13
  input in matrix: state: C currentWindowPosition: 16 currentAminoAcid: C =&gt; 15
Process line: D	46	38	43	48	50	49	43	43	0	56	63	73	44	35	34	46	36
 data line!
  input in matrix: state: C currentWindowPosition: 0 currentAminoAcid: D =&gt; 46
  input in matrix: state: C currentWindowPosition: 1 currentAminoAcid: D =&gt; 38
  input in matrix: state: C currentWindowPosition: 2 currentAminoAcid: D =&gt; 43
  input in matrix: state: C currentWindowPosition: 3 currentAminoAcid: D =&gt; 48
  input in matrix: state: C currentWindowPosition: 4 currentAminoAcid: D =&gt; 50
  input in matrix: state: C currentWindowPosition: 5 currentAminoAcid: D =&gt; 49
  input in matrix: state: C currentWindowPosition: 6 currentAminoAcid: D =&gt; 43
  input in matrix: state: C currentWindowPosition: 7 currentAminoAcid: D =&gt; 43
  input in matrix: state: C currentWindowPosition: 8 currentAminoAcid: D =&gt; 0
  input in matrix: state: C currentWindowPosition: 9 currentAminoAcid: D =&gt; 56
  input in matrix: state: C currentWindowPosition: 10 currentAminoAcid: D =&gt; 63
  input in matrix: state: C currentWindowPosition: 11 currentAminoAcid: D =&gt; 73
  input in matrix: state: C currentWindowPosition: 12 currentAminoAcid: D =&gt; 44
  input in matrix: state: C currentWindowPosition: 13 currentAminoAcid: D =&gt; 35
  input in matrix: state: C currentWindowPosition: 14 currentAminoAcid: D =&gt; 34
  input in matrix: state: C currentWindowPosition: 15 currentAminoAcid: D =&gt; 46
  input in matrix: state: C currentWindowPosition: 16 currentAminoAcid: D =&gt; 36
Process line: E	43	41	40	46	39	51	45	56	0	38	47	63	51	55	41	48	43
 data line!
  input in matrix: state: C currentWindowPosition: 0 currentAminoAcid: E =&gt; 43
  input in matrix: state: C currentWindowPosition: 1 currentAminoAcid: E =&gt; 41
  input in matrix: state: C currentWindowPosition: 2 currentAminoAcid: E =&gt; 40
  input in matrix: state: C currentWindowPosition: 3 currentAminoAcid: E =&gt; 46
  input in matrix: state: C currentWindowPosition: 4 currentAminoAcid: E =&gt; 39
  input in matrix: state: C currentWindowPosition: 5 currentAminoAcid: E =&gt; 51
  input in matrix: state: C currentWindowPosition: 6 currentAminoAcid: E =&gt; 45
  input in matrix: state: C currentWindowPosition: 7 currentAminoAcid: E =&gt; 56
  input in matrix: state: C currentWindowPosition: 8 currentAminoAcid: E =&gt; 0
  input in matrix: state: C currentWindowPosition: 9 currentAminoAcid: E =&gt; 38
  input in matrix: state: C currentWindowPosition: 10 currentAminoAcid: E =&gt; 47
  input in matrix: state: C currentWindowPosition: 11 currentAminoAcid: E =&gt; 63
  input in matrix: state: C currentWindowPosition: 12 currentAminoAcid: E =&gt; 51
  input in matrix: state: C currentWindowPosition: 13 currentAminoAcid: E =&gt; 55
  input in matrix: state: C currentWindowPosition: 14 currentAminoAcid: E =&gt; 41
  input in matrix: state: C currentWindowPosition: 15 currentAminoAcid: E =&gt; 48
  input in matrix: state: C currentWindowPosition: 16 currentAminoAcid: E =&gt; 43
Process line: F	31	45	37	28	39	36	30	24	0	28	36	26	32	29	35	24	36
 data line!
  input in matrix: state: C currentWindowPosition: 0 currentAminoAcid: F =&gt; 31
  input in matrix: state: C currentWindowPosition: 1 currentAminoAcid: F =&gt; 45
  input in matrix: state: C currentWindowPosition: 2 currentAminoAcid: F =&gt; 37
  input in matrix: state: C currentWindowPosition: 3 currentAminoAcid: F =&gt; 28
  input in matrix: state: C currentWindowPosition: 4 currentAminoAcid: F =&gt; 39
  input in matrix: state: C currentWindowPosition: 5 currentAminoAcid: F =&gt; 36
  input in matrix: state: C currentWindowPosition: 6 currentAminoAcid: F =&gt; 30
  input in matrix: state: C currentWindowPosition: 7 currentAminoAcid: F =&gt; 24
  input in matrix: state: C currentWindowPosition: 8 currentAminoAcid: F =&gt; 0
  input in matrix: state: C currentWindowPosition: 9 currentAminoAcid: F =&gt; 28
  input in matrix: state: C currentWindowPosition: 10 currentAminoAcid: F =&gt; 36
  input in matrix: state: C currentWindowPosition: 11 currentAminoAcid: F =&gt; 26
  input in matrix: state: C currentWindowPosition: 12 currentAminoAcid: F =&gt; 32
  input in matrix: state: C currentWindowPosition: 13 currentAminoAcid: F =&gt; 29
  input in matrix: state: C currentWindowPosition: 14 currentAminoAcid: F =&gt; 35
  input in matrix: state: C currentWindowPosition: 15 currentAminoAcid: F =&gt; 24
  input in matrix: state: C currentWindowPosition: 16 currentAminoAcid: F =&gt; 36
Process line: G	59	54	53	58	60	61	83	88	0	106	78	56	63	50	63	72	80
 data line!
  input in matrix: state: C currentWindowPosition: 0 currentAminoAcid: G =&gt; 59
  input in matrix: state: C currentWindowPosition: 1 currentAminoAcid: G =&gt; 54
  input in matrix: state: C currentWindowPosition: 2 currentAminoAcid: G =&gt; 53
  input in matrix: state: C currentWindowPosition: 3 currentAminoAcid: G =&gt; 58
  input in matrix: state: C currentWindowPosition: 4 currentAminoAcid: G =&gt; 60
  input in matrix: state: C currentWindowPosition: 5 currentAminoAcid: G =&gt; 61
  input in matrix: state: C currentWindowPosition: 6 currentAminoAcid: G =&gt; 83
  input in matrix: state: C currentWindowPosition: 7 currentAminoAcid: G =&gt; 88
  input in matrix: state: C currentWindowPosition: 8 currentAminoAcid: G =&gt; 0
  input in matrix: state: C currentWindowPosition: 9 currentAminoAcid: G =&gt; 106
  input in matrix: state: C currentWindowPosition: 10 currentAminoAcid: G =&gt; 78
  input in matrix: state: C currentWindowPosition: 11 currentAminoAcid: G =&gt; 56
  input in matrix: state: C currentWindowPosition: 12 currentAminoAcid: G =&gt; 63
  input in matrix: state: C currentWindowPosition: 13 currentAminoAcid: G =&gt; 50
  input in matrix: state: C currentWindowPosition: 14 currentAminoAcid: G =&gt; 63
  input in matrix: state: C currentWindowPosition: 15 currentAminoAcid: G =&gt; 72
  input in matrix: state: C currentWindowPosition: 16 currentAminoAcid: G =&gt; 80
Process line: H	15	20	21	24	20	17	21	24	779	20	18	17	17	20	19	19	17
 data line!
  input in matrix: state: C currentWindowPosition: 0 currentAminoAcid: H =&gt; 15
  input in matrix: state: C currentWindowPosition: 1 currentAminoAcid: H =&gt; 20
  input in matrix: state: C currentWindowPosition: 2 currentAminoAcid: H =&gt; 21
  input in matrix: state: C currentWindowPosition: 3 currentAminoAcid: H =&gt; 24
  input in matrix: state: C currentWindowPosition: 4 currentAminoAcid: H =&gt; 20
  input in matrix: state: C currentWindowPosition: 5 currentAminoAcid: H =&gt; 17
  input in matrix: state: C currentWindowPosition: 6 currentAminoAcid: H =&gt; 21
  input in matrix: state: C currentWindowPosition: 7 currentAminoAcid: H =&gt; 24
  input in matrix: state: C currentWindowPosition: 8 currentAminoAcid: H =&gt; 779
  input in matrix: state: C currentWindowPosition: 9 currentAminoAcid: H =&gt; 20
  input in matrix: state: C currentWindowPosition: 10 currentAminoAcid: H =&gt; 18
  input in matrix: state: C currentWindowPosition: 11 currentAminoAcid: H =&gt; 17
  input in matrix: state: C currentWindowPosition: 12 currentAminoAcid: H =&gt; 17
  input in matrix: state: C currentWindowPosition: 13 currentAminoAcid: H =&gt; 20
  input in matrix: state: C currentWindowPosition: 14 currentAminoAcid: H =&gt; 19
  input in matrix: state: C currentWindowPosition: 15 currentAminoAcid: H =&gt; 19
  input in matrix: state: C currentWindowPosition: 16 currentAminoAcid: H =&gt; 17
Process line: I	37	55	44	56	50	38	31	33	0	36	42	49	54	46	44	44	31
 data line!
  input in matrix: state: C currentWindowPosition: 0 currentAminoAcid: I =&gt; 37
  input in matrix: state: C currentWindowPosition: 1 currentAminoAcid: I =&gt; 55
  input in matrix: state: C currentWindowPosition: 2 currentAminoAcid: I =&gt; 44
  input in matrix: state: C currentWindowPosition: 3 currentAminoAcid: I =&gt; 56
  input in matrix: state: C currentWindowPosition: 4 currentAminoAcid: I =&gt; 50
  input in matrix: state: C currentWindowPosition: 5 currentAminoAcid: I =&gt; 38
  input in matrix: state: C currentWindowPosition: 6 currentAminoAcid: I =&gt; 31
  input in matrix: state: C currentWindowPosition: 7 currentAminoAcid: I =&gt; 33
  input in matrix: state: C currentWindowPosition: 8 currentAminoAcid: I =&gt; 0
  input in matrix: state: C currentWindowPosition: 9 currentAminoAcid: I =&gt; 36
  input in matrix: state: C currentWindowPosition: 10 currentAminoAcid: I =&gt; 42
  input in matrix: state: C currentWindowPosition: 11 currentAminoAcid: I =&gt; 49
  input in matrix: state: C currentWindowPosition: 12 currentAminoAcid: I =&gt; 54
  input in matrix: state: C currentWindowPosition: 13 currentAminoAcid: I =&gt; 46
  input in matrix: state: C currentWindowPosition: 14 currentAminoAcid: I =&gt; 44
  input in matrix: state: C currentWindowPosition: 15 currentAminoAcid: I =&gt; 44
  input in matrix: state: C currentWindowPosition: 16 currentAminoAcid: I =&gt; 31
Process line: K	43	46	49	54	38	35	52	35	0	27	50	31	39	47	36	36	43
 data line!
  input in matrix: state: C currentWindowPosition: 0 currentAminoAcid: K =&gt; 43
  input in matrix: state: C currentWindowPosition: 1 currentAminoAcid: K =&gt; 46
  input in matrix: state: C currentWindowPosition: 2 currentAminoAcid: K =&gt; 49
  input in matrix: state: C currentWindowPosition: 3 currentAminoAcid: K =&gt; 54
  input in matrix: state: C currentWindowPosition: 4 currentAminoAcid: K =&gt; 38
  input in matrix: state: C currentWindowPosition: 5 currentAminoAcid: K =&gt; 35
  input in matrix: state: C currentWindowPosition: 6 currentAminoAcid: K =&gt; 52
  input in matrix: state: C currentWindowPosition: 7 currentAminoAcid: K =&gt; 35
  input in matrix: state: C currentWindowPosition: 8 currentAminoAcid: K =&gt; 0
  input in matrix: state: C currentWindowPosition: 9 currentAminoAcid: K =&gt; 27
  input in matrix: state: C currentWindowPosition: 10 currentAminoAcid: K =&gt; 50
  input in matrix: state: C currentWindowPosition: 11 currentAminoAcid: K =&gt; 31
  input in matrix: state: C currentWindowPosition: 12 currentAminoAcid: K =&gt; 39
  input in matrix: state: C currentWindowPosition: 13 currentAminoAcid: K =&gt; 47
  input in matrix: state: C currentWindowPosition: 14 currentAminoAcid: K =&gt; 36
  input in matrix: state: C currentWindowPosition: 15 currentAminoAcid: K =&gt; 36
  input in matrix: state: C currentWindowPosition: 16 currentAminoAcid: K =&gt; 43
Process line: L	71	77	66	59	72	65	59	55	0	46	47	68	70	67	72	64	64
 data line!
  input in matrix: state: C currentWindowPosition: 0 currentAminoAcid: L =&gt; 71
  input in matrix: state: C currentWindowPosition: 1 currentAminoAcid: L =&gt; 77
  input in matrix: state: C currentWindowPosition: 2 currentAminoAcid: L =&gt; 66
  input in matrix: state: C currentWindowPosition: 3 currentAminoAcid: L =&gt; 59
  input in matrix: state: C currentWindowPosition: 4 currentAminoAcid: L =&gt; 72
  input in matrix: state: C currentWindowPosition: 5 currentAminoAcid: L =&gt; 65
  input in matrix: state: C currentWindowPosition: 6 currentAminoAcid: L =&gt; 59
  input in matrix: state: C currentWindowPosition: 7 currentAminoAcid: L =&gt; 55
  input in matrix: state: C currentWindowPosition: 8 currentAminoAcid: L =&gt; 0
  input in matrix: state: C currentWindowPosition: 9 currentAminoAcid: L =&gt; 46
  input in matrix: state: C currentWindowPosition: 10 currentAminoAcid: L =&gt; 47
  input in matrix: state: C currentWindowPosition: 11 currentAminoAcid: L =&gt; 68
  input in matrix: state: C currentWindowPosition: 12 currentAminoAcid: L =&gt; 70
  input in matrix: state: C currentWindowPosition: 13 currentAminoAcid: L =&gt; 67
  input in matrix: state: C currentWindowPosition: 14 currentAminoAcid: L =&gt; 72
  input in matrix: state: C currentWindowPosition: 15 currentAminoAcid: L =&gt; 64
  input in matrix: state: C currentWindowPosition: 16 currentAminoAcid: L =&gt; 64
Process line: M	17	22	19	16	13	23	13	10	0	10	14	8	9	23	16	17	8
 data line!
  input in matrix: state: C currentWindowPosition: 0 currentAminoAcid: M =&gt; 17
  input in matrix: state: C currentWindowPosition: 1 currentAminoAcid: M =&gt; 22
  input in matrix: state: C currentWindowPosition: 2 currentAminoAcid: M =&gt; 19
  input in matrix: state: C currentWindowPosition: 3 currentAminoAcid: M =&gt; 16
  input in matrix: state: C currentWindowPosition: 4 currentAminoAcid: M =&gt; 13
  input in matrix: state: C currentWindowPosition: 5 currentAminoAcid: M =&gt; 23
  input in matrix: state: C currentWindowPosition: 6 currentAminoAcid: M =&gt; 13
  input in matrix: state: C currentWindowPosition: 7 currentAminoAcid: M =&gt; 10
  input in matrix: state: C currentWindowPosition: 8 currentAminoAcid: M =&gt; 0
  input in matrix: state: C currentWindowPosition: 9 currentAminoAcid: M =&gt; 10
  input in matrix: state: C currentWindowPosition: 10 currentAminoAcid: M =&gt; 14
  input in matrix: state: C currentWindowPosition: 11 currentAminoAcid: M =&gt; 8
  input in matrix: state: C currentWindowPosition: 12 currentAminoAcid: M =&gt; 9
  input in matrix: state: C currentWindowPosition: 13 currentAminoAcid: M =&gt; 23
  input in matrix: state: C currentWindowPosition: 14 currentAminoAcid: M =&gt; 16
  input in matrix: state: C currentWindowPosition: 15 currentAminoAcid: M =&gt; 17
  input in matrix: state: C currentWindowPosition: 16 currentAminoAcid: M =&gt; 8
Process line: N	38	23	30	24	46	33	30	41	0	29	39	31	32	37	33	39	31
 data line!
  input in matrix: state: C currentWindowPosition: 0 currentAminoAcid: N =&gt; 38
  input in matrix: state: C currentWindowPosition: 1 currentAminoAcid: N =&gt; 23
  input in matrix: state: C currentWindowPosition: 2 currentAminoAcid: N =&gt; 30
  input in matrix: state: C currentWindowPosition: 3 currentAminoAcid: N =&gt; 24
  input in matrix: state: C currentWindowPosition: 4 currentAminoAcid: N =&gt; 46
  input in matrix: state: C currentWindowPosition: 5 currentAminoAcid: N =&gt; 33
  input in matrix: state: C currentWindowPosition: 6 currentAminoAcid: N =&gt; 30
  input in matrix: state: C currentWindowPosition: 7 currentAminoAcid: N =&gt; 41
  input in matrix: state: C currentWindowPosition: 8 currentAminoAcid: N =&gt; 0
  input in matrix: state: C currentWindowPosition: 9 currentAminoAcid: N =&gt; 29
  input in matrix: state: C currentWindowPosition: 10 currentAminoAcid: N =&gt; 39
  input in matrix: state: C currentWindowPosition: 11 currentAminoAcid: N =&gt; 31
  input in matrix: state: C currentWindowPosition: 12 currentAminoAcid: N =&gt; 32
  input in matrix: state: C currentWindowPosition: 13 currentAminoAcid: N =&gt; 37
  input in matrix: state: C currentWindowPosition: 14 currentAminoAcid: N =&gt; 33
  input in matrix: state: C currentWindowPosition: 15 currentAminoAcid: N =&gt; 39
  input in matrix: state: C currentWindowPosition: 16 currentAminoAcid: N =&gt; 31
Process line: P	40	45	29	37	43	39	51	45	0	95	48	46	37	37	44	28	36
 data line!
  input in matrix: state: C currentWindowPosition: 0 currentAminoAcid: P =&gt; 40
  input in matrix: state: C currentWindowPosition: 1 currentAminoAcid: P =&gt; 45
  input in matrix: state: C currentWindowPosition: 2 currentAminoAcid: P =&gt; 29
  input in matrix: state: C currentWindowPosition: 3 currentAminoAcid: P =&gt; 37
  input in matrix: state: C currentWindowPosition: 4 currentAminoAcid: P =&gt; 43
  input in matrix: state: C currentWindowPosition: 5 currentAminoAcid: P =&gt; 39
  input in matrix: state: C currentWindowPosition: 6 currentAminoAcid: P =&gt; 51
  input in matrix: state: C currentWindowPosition: 7 currentAminoAcid: P =&gt; 45
  input in matrix: state: C currentWindowPosition: 8 currentAminoAcid: P =&gt; 0
  input in matrix: state: C currentWindowPosition: 9 currentAminoAcid: P =&gt; 95
  input in matrix: state: C currentWindowPosition: 10 currentAminoAcid: P =&gt; 48
  input in matrix: state: C currentWindowPosition: 11 currentAminoAcid: P =&gt; 46
  input in matrix: state: C currentWindowPosition: 12 currentAminoAcid: P =&gt; 37
  input in matrix: state: C currentWindowPosition: 13 currentAminoAcid: P =&gt; 37
  input in matrix: state: C currentWindowPosition: 14 currentAminoAcid: P =&gt; 44
  input in matrix: state: C currentWindowPosition: 15 currentAminoAcid: P =&gt; 28
  input in matrix: state: C currentWindowPosition: 16 currentAminoAcid: P =&gt; 36
Process line: Q	29	27	24	24	26	29	26	28	0	22	17	22	28	20	28	29	28
 data line!
  input in matrix: state: C currentWindowPosition: 0 currentAminoAcid: Q =&gt; 29
  input in matrix: state: C currentWindowPosition: 1 currentAminoAcid: Q =&gt; 27
  input in matrix: state: C currentWindowPosition: 2 currentAminoAcid: Q =&gt; 24
  input in matrix: state: C currentWindowPosition: 3 currentAminoAcid: Q =&gt; 24
  input in matrix: state: C currentWindowPosition: 4 currentAminoAcid: Q =&gt; 26
  input in matrix: state: C currentWindowPosition: 5 currentAminoAcid: Q =&gt; 29
  input in matrix: state: C currentWindowPosition: 6 currentAminoAcid: Q =&gt; 26
  input in matrix: state: C currentWindowPosition: 7 currentAminoAcid: Q =&gt; 28
  input in matrix: state: C currentWindowPosition: 8 currentAminoAcid: Q =&gt; 0
  input in matrix: state: C currentWindowPosition: 9 currentAminoAcid: Q =&gt; 22
  input in matrix: state: C currentWindowPosition: 10 currentAminoAcid: Q =&gt; 17
  input in matrix: state: C currentWindowPosition: 11 currentAminoAcid: Q =&gt; 22
  input in matrix: state: C currentWindowPosition: 12 currentAminoAcid: Q =&gt; 28
  input in matrix: state: C currentWindowPosition: 13 currentAminoAcid: Q =&gt; 20
  input in matrix: state: C currentWindowPosition: 14 currentAminoAcid: Q =&gt; 28
  input in matrix: state: C currentWindowPosition: 15 currentAminoAcid: Q =&gt; 29
  input in matrix: state: C currentWindowPosition: 16 currentAminoAcid: Q =&gt; 28
Process line: R	31	46	44	35	33	34	41	31	0	30	30	27	43	32	24	33	44
 data line!
  input in matrix: state: C currentWindowPosition: 0 currentAminoAcid: R =&gt; 31
  input in matrix: state: C currentWindowPosition: 1 currentAminoAcid: R =&gt; 46
  input in matrix: state: C currentWindowPosition: 2 currentAminoAcid: R =&gt; 44
  input in matrix: state: C currentWindowPosition: 3 currentAminoAcid: R =&gt; 35
  input in matrix: state: C currentWindowPosition: 4 currentAminoAcid: R =&gt; 33
  input in matrix: state: C currentWindowPosition: 5 currentAminoAcid: R =&gt; 34
  input in matrix: state: C currentWindowPosition: 6 currentAminoAcid: R =&gt; 41
  input in matrix: state: C currentWindowPosition: 7 currentAminoAcid: R =&gt; 31
  input in matrix: state: C currentWindowPosition: 8 currentAminoAcid: R =&gt; 0
  input in matrix: state: C currentWindowPosition: 9 currentAminoAcid: R =&gt; 30
  input in matrix: state: C currentWindowPosition: 10 currentAminoAcid: R =&gt; 30
  input in matrix: state: C currentWindowPosition: 11 currentAminoAcid: R =&gt; 27
  input in matrix: state: C currentWindowPosition: 12 currentAminoAcid: R =&gt; 43
  input in matrix: state: C currentWindowPosition: 13 currentAminoAcid: R =&gt; 32
  input in matrix: state: C currentWindowPosition: 14 currentAminoAcid: R =&gt; 24
  input in matrix: state: C currentWindowPosition: 15 currentAminoAcid: R =&gt; 33
  input in matrix: state: C currentWindowPosition: 16 currentAminoAcid: R =&gt; 44
Process line: S	33	35	46	43	34	51	37	58	0	56	43	59	40	50	52	48	47
 data line!
  input in matrix: state: C currentWindowPosition: 0 currentAminoAcid: S =&gt; 33
  input in matrix: state: C currentWindowPosition: 1 currentAminoAcid: S =&gt; 35
  input in matrix: state: C currentWindowPosition: 2 currentAminoAcid: S =&gt; 46
  input in matrix: state: C currentWindowPosition: 3 currentAminoAcid: S =&gt; 43
  input in matrix: state: C currentWindowPosition: 4 currentAminoAcid: S =&gt; 34
  input in matrix: state: C currentWindowPosition: 5 currentAminoAcid: S =&gt; 51
  input in matrix: state: C currentWindowPosition: 6 currentAminoAcid: S =&gt; 37
  input in matrix: state: C currentWindowPosition: 7 currentAminoAcid: S =&gt; 58
  input in matrix: state: C currentWindowPosition: 8 currentAminoAcid: S =&gt; 0
  input in matrix: state: C currentWindowPosition: 9 currentAminoAcid: S =&gt; 56
  input in matrix: state: C currentWindowPosition: 10 currentAminoAcid: S =&gt; 43
  input in matrix: state: C currentWindowPosition: 11 currentAminoAcid: S =&gt; 59
  input in matrix: state: C currentWindowPosition: 12 currentAminoAcid: S =&gt; 40
  input in matrix: state: C currentWindowPosition: 13 currentAminoAcid: S =&gt; 50
  input in matrix: state: C currentWindowPosition: 14 currentAminoAcid: S =&gt; 52
  input in matrix: state: C currentWindowPosition: 15 currentAminoAcid: S =&gt; 48
  input in matrix: state: C currentWindowPosition: 16 currentAminoAcid: S =&gt; 47
Process line: T	52	40	42	45	42	47	47	52	0	51	46	48	46	48	49	34	49
 data line!
  input in matrix: state: C currentWindowPosition: 0 currentAminoAcid: T =&gt; 52
  input in matrix: state: C currentWindowPosition: 1 currentAminoAcid: T =&gt; 40
  input in matrix: state: C currentWindowPosition: 2 currentAminoAcid: T =&gt; 42
  input in matrix: state: C currentWindowPosition: 3 currentAminoAcid: T =&gt; 45
  input in matrix: state: C currentWindowPosition: 4 currentAminoAcid: T =&gt; 42
  input in matrix: state: C currentWindowPosition: 5 currentAminoAcid: T =&gt; 47
  input in matrix: state: C currentWindowPosition: 6 currentAminoAcid: T =&gt; 47
  input in matrix: state: C currentWindowPosition: 7 currentAminoAcid: T =&gt; 52
  input in matrix: state: C currentWindowPosition: 8 currentAminoAcid: T =&gt; 0
  input in matrix: state: C currentWindowPosition: 9 currentAminoAcid: T =&gt; 51
  input in matrix: state: C currentWindowPosition: 10 currentAminoAcid: T =&gt; 46
  input in matrix: state: C currentWindowPosition: 11 currentAminoAcid: T =&gt; 48
  input in matrix: state: C currentWindowPosition: 12 currentAminoAcid: T =&gt; 46
  input in matrix: state: C currentWindowPosition: 13 currentAminoAcid: T =&gt; 48
  input in matrix: state: C currentWindowPosition: 14 currentAminoAcid: T =&gt; 49
  input in matrix: state: C currentWindowPosition: 15 currentAminoAcid: T =&gt; 34
  input in matrix: state: C currentWindowPosition: 16 currentAminoAcid: T =&gt; 49
Process line: V	71	57	67	58	45	52	53	42	0	34	57	50	50	66	59	66	60
 data line!
  input in matrix: state: C currentWindowPosition: 0 currentAminoAcid: V =&gt; 71
  input in matrix: state: C currentWindowPosition: 1 currentAminoAcid: V =&gt; 57
  input in matrix: state: C currentWindowPosition: 2 currentAminoAcid: V =&gt; 67
  input in matrix: state: C currentWindowPosition: 3 currentAminoAcid: V =&gt; 58
  input in matrix: state: C currentWindowPosition: 4 currentAminoAcid: V =&gt; 45
  input in matrix: state: C currentWindowPosition: 5 currentAminoAcid: V =&gt; 52
  input in matrix: state: C currentWindowPosition: 6 currentAminoAcid: V =&gt; 53
  input in matrix: state: C currentWindowPosition: 7 currentAminoAcid: V =&gt; 42
  input in matrix: state: C currentWindowPosition: 8 currentAminoAcid: V =&gt; 0
  input in matrix: state: C currentWindowPosition: 9 currentAminoAcid: V =&gt; 34
  input in matrix: state: C currentWindowPosition: 10 currentAminoAcid: V =&gt; 57
  input in matrix: state: C currentWindowPosition: 11 currentAminoAcid: V =&gt; 50
  input in matrix: state: C currentWindowPosition: 12 currentAminoAcid: V =&gt; 50
  input in matrix: state: C currentWindowPosition: 13 currentAminoAcid: V =&gt; 66
  input in matrix: state: C currentWindowPosition: 14 currentAminoAcid: V =&gt; 59
  input in matrix: state: C currentWindowPosition: 15 currentAminoAcid: V =&gt; 66
  input in matrix: state: C currentWindowPosition: 16 currentAminoAcid: V =&gt; 60
Process line: W	13	10	20	11	6	12	8	11	0	12	12	10	10	14	9	9	16
 data line!
  input in matrix: state: C currentWindowPosition: 0 currentAminoAcid: W =&gt; 13
  input in matrix: state: C currentWindowPosition: 1 currentAminoAcid: W =&gt; 10
  input in matrix: state: C currentWindowPosition: 2 currentAminoAcid: W =&gt; 20
  input in matrix: state: C currentWindowPosition: 3 currentAminoAcid: W =&gt; 11
  input in matrix: state: C currentWindowPosition: 4 currentAminoAcid: W =&gt; 6
  input in matrix: state: C currentWindowPosition: 5 currentAminoAcid: W =&gt; 12
  input in matrix: state: C currentWindowPosition: 6 currentAminoAcid: W =&gt; 8
  input in matrix: state: C currentWindowPosition: 7 currentAminoAcid: W =&gt; 11
  input in matrix: state: C currentWindowPosition: 8 currentAminoAcid: W =&gt; 0
  input in matrix: state: C currentWindowPosition: 9 currentAminoAcid: W =&gt; 12
  input in matrix: state: C currentWindowPosition: 10 currentAminoAcid: W =&gt; 12
  input in matrix: state: C currentWindowPosition: 11 currentAminoAcid: W =&gt; 10
  input in matrix: state: C currentWindowPosition: 12 currentAminoAcid: W =&gt; 10
  input in matrix: state: C currentWindowPosition: 13 currentAminoAcid: W =&gt; 14
  input in matrix: state: C currentWindowPosition: 14 currentAminoAcid: W =&gt; 9
  input in matrix: state: C currentWindowPosition: 15 currentAminoAcid: W =&gt; 9
  input in matrix: state: C currentWindowPosition: 16 currentAminoAcid: W =&gt; 16
Process line: Y	36	21	33	43	39	36	26	27	0	25	28	25	30	27	26	33	32
 data line!
  input in matrix: state: C currentWindowPosition: 0 currentAminoAcid: Y =&gt; 36
  input in matrix: state: C currentWindowPosition: 1 currentAminoAcid: Y =&gt; 21
  input in matrix: state: C currentWindowPosition: 2 currentAminoAcid: Y =&gt; 33
  input in matrix: state: C currentWindowPosition: 3 currentAminoAcid: Y =&gt; 43
  input in matrix: state: C currentWindowPosition: 4 currentAminoAcid: Y =&gt; 39
  input in matrix: state: C currentWindowPosition: 5 currentAminoAcid: Y =&gt; 36
  input in matrix: state: C currentWindowPosition: 6 currentAminoAcid: Y =&gt; 26
  input in matrix: state: C currentWindowPosition: 7 currentAminoAcid: Y =&gt; 27
  input in matrix: state: C currentWindowPosition: 8 currentAminoAcid: Y =&gt; 0
  input in matrix: state: C currentWindowPosition: 9 currentAminoAcid: Y =&gt; 25
  input in matrix: state: C currentWindowPosition: 10 currentAminoAcid: Y =&gt; 28
  input in matrix: state: C currentWindowPosition: 11 currentAminoAcid: Y =&gt; 25
  input in matrix: state: C currentWindowPosition: 12 currentAminoAcid: Y =&gt; 30
  input in matrix: state: C currentWindowPosition: 13 currentAminoAcid: Y =&gt; 27
  input in matrix: state: C currentWindowPosition: 14 currentAminoAcid: Y =&gt; 26
  input in matrix: state: C currentWindowPosition: 15 currentAminoAcid: Y =&gt; 33
  input in matrix: state: C currentWindowPosition: 16 currentAminoAcid: Y =&gt; 32
Process line: 
 Skip line!
Process line: 
 Skip line!
Process line: =H,E=
 state line! (now in state: E)
Process line: 
 Skip line!
Process line: A	27	30	33	27	22	26	25	32	0	21	23	35	34	31	25	38	28
 data line!
  input in matrix: state: E currentWindowPosition: 0 currentAminoAcid: A =&gt; 27
  input in matrix: state: E currentWindowPosition: 1 currentAminoAcid: A =&gt; 30
  input in matrix: state: E currentWindowPosition: 2 currentAminoAcid: A =&gt; 33
  input in matrix: state: E currentWindowPosition: 3 currentAminoAcid: A =&gt; 27
  input in matrix: state: E currentWindowPosition: 4 currentAminoAcid: A =&gt; 22
  input in matrix: state: E currentWindowPosition: 5 currentAminoAcid: A =&gt; 26
  input in matrix: state: E currentWindowPosition: 6 currentAminoAcid: A =&gt; 25
  input in matrix: state: E currentWindowPosition: 7 currentAminoAcid: A =&gt; 32
  input in matrix: state: E currentWindowPosition: 8 currentAminoAcid: A =&gt; 0
  input in matrix: state: E currentWindowPosition: 9 currentAminoAcid: A =&gt; 21
  input in matrix: state: E currentWindowPosition: 10 currentAminoAcid: A =&gt; 23
  input in matrix: state: E currentWindowPosition: 11 currentAminoAcid: A =&gt; 35
  input in matrix: state: E currentWindowPosition: 12 currentAminoAcid: A =&gt; 34
  input in matrix: state: E currentWindowPosition: 13 currentAminoAcid: A =&gt; 31
  input in matrix: state: E currentWindowPosition: 14 currentAminoAcid: A =&gt; 25
  input in matrix: state: E currentWindowPosition: 15 currentAminoAcid: A =&gt; 38
  input in matrix: state: E currentWindowPosition: 16 currentAminoAcid: A =&gt; 28
Process line: C	6	3	11	3	8	4	3	10	0	14	5	9	5	3	7	3	4
 data line!
  input in matrix: state: E currentWindowPosition: 0 currentAminoAcid: C =&gt; 6
  input in matrix: state: E currentWindowPosition: 1 currentAminoAcid: C =&gt; 3
  input in matrix: state: E currentWindowPosition: 2 currentAminoAcid: C =&gt; 11
  input in matrix: state: E currentWindowPosition: 3 currentAminoAcid: C =&gt; 3
  input in matrix: state: E currentWindowPosition: 4 currentAminoAcid: C =&gt; 8
  input in matrix: state: E currentWindowPosition: 5 currentAminoAcid: C =&gt; 4
  input in matrix: state: E currentWindowPosition: 6 currentAminoAcid: C =&gt; 3
  input in matrix: state: E currentWindowPosition: 7 currentAminoAcid: C =&gt; 10
  input in matrix: state: E currentWindowPosition: 8 currentAminoAcid: C =&gt; 0
  input in matrix: state: E currentWindowPosition: 9 currentAminoAcid: C =&gt; 14
  input in matrix: state: E currentWindowPosition: 10 currentAminoAcid: C =&gt; 5
  input in matrix: state: E currentWindowPosition: 11 currentAminoAcid: C =&gt; 9
  input in matrix: state: E currentWindowPosition: 12 currentAminoAcid: C =&gt; 5
  input in matrix: state: E currentWindowPosition: 13 currentAminoAcid: C =&gt; 3
  input in matrix: state: E currentWindowPosition: 14 currentAminoAcid: C =&gt; 7
  input in matrix: state: E currentWindowPosition: 15 currentAminoAcid: C =&gt; 3
  input in matrix: state: E currentWindowPosition: 16 currentAminoAcid: C =&gt; 4
Process line: D	40	25	27	26	23	21	15	15	0	17	25	21	25	37	23	27	31
 data line!
  input in matrix: state: E currentWindowPosition: 0 currentAminoAcid: D =&gt; 40
  input in matrix: state: E currentWindowPosition: 1 currentAminoAcid: D =&gt; 25
  input in matrix: state: E currentWindowPosition: 2 currentAminoAcid: D =&gt; 27
  input in matrix: state: E currentWindowPosition: 3 currentAminoAcid: D =&gt; 26
  input in matrix: state: E currentWindowPosition: 4 currentAminoAcid: D =&gt; 23
  input in matrix: state: E currentWindowPosition: 5 currentAminoAcid: D =&gt; 21
  input in matrix: state: E currentWindowPosition: 6 currentAminoAcid: D =&gt; 15
  input in matrix: state: E currentWindowPosition: 7 currentAminoAcid: D =&gt; 15
  input in matrix: state: E currentWindowPosition: 8 currentAminoAcid: D =&gt; 0
  input in matrix: state: E currentWindowPosition: 9 currentAminoAcid: D =&gt; 17
  input in matrix: state: E currentWindowPosition: 10 currentAminoAcid: D =&gt; 25
  input in matrix: state: E currentWindowPosition: 11 currentAminoAcid: D =&gt; 21
  input in matrix: state: E currentWindowPosition: 12 currentAminoAcid: D =&gt; 25
  input in matrix: state: E currentWindowPosition: 13 currentAminoAcid: D =&gt; 37
  input in matrix: state: E currentWindowPosition: 14 currentAminoAcid: D =&gt; 23
  input in matrix: state: E currentWindowPosition: 15 currentAminoAcid: D =&gt; 27
  input in matrix: state: E currentWindowPosition: 16 currentAminoAcid: D =&gt; 31
Process line: E	24	12	21	21	19	17	28	7	0	14	21	16	20	22	33	16	26
 data line!
  input in matrix: state: E currentWindowPosition: 0 currentAminoAcid: E =&gt; 24
  input in matrix: state: E currentWindowPosition: 1 currentAminoAcid: E =&gt; 12
  input in matrix: state: E currentWindowPosition: 2 currentAminoAcid: E =&gt; 21
  input in matrix: state: E currentWindowPosition: 3 currentAminoAcid: E =&gt; 21
  input in matrix: state: E currentWindowPosition: 4 currentAminoAcid: E =&gt; 19
  input in matrix: state: E currentWindowPosition: 5 currentAminoAcid: E =&gt; 17
  input in matrix: state: E currentWindowPosition: 6 currentAminoAcid: E =&gt; 28
  input in matrix: state: E currentWindowPosition: 7 currentAminoAcid: E =&gt; 7
  input in matrix: state: E currentWindowPosition: 8 currentAminoAcid: E =&gt; 0
  input in matrix: state: E currentWindowPosition: 9 currentAminoAcid: E =&gt; 14
  input in matrix: state: E currentWindowPosition: 10 currentAminoAcid: E =&gt; 21
  input in matrix: state: E currentWindowPosition: 11 currentAminoAcid: E =&gt; 16
  input in matrix: state: E currentWindowPosition: 12 currentAminoAcid: E =&gt; 20
  input in matrix: state: E currentWindowPosition: 13 currentAminoAcid: E =&gt; 22
  input in matrix: state: E currentWindowPosition: 14 currentAminoAcid: E =&gt; 33
  input in matrix: state: E currentWindowPosition: 15 currentAminoAcid: E =&gt; 16
  input in matrix: state: E currentWindowPosition: 16 currentAminoAcid: E =&gt; 26
Process line: F	15	16	10	11	19	15	21	36	0	19	23	17	17	14	11	17	13
 data line!
  input in matrix: state: E currentWindowPosition: 0 currentAminoAcid: F =&gt; 15
  input in matrix: state: E currentWindowPosition: 1 currentAminoAcid: F =&gt; 16
  input in matrix: state: E currentWindowPosition: 2 currentAminoAcid: F =&gt; 10
  input in matrix: state: E currentWindowPosition: 3 currentAminoAcid: F =&gt; 11
  input in matrix: state: E currentWindowPosition: 4 currentAminoAcid: F =&gt; 19
  input in matrix: state: E currentWindowPosition: 5 currentAminoAcid: F =&gt; 15
  input in matrix: state: E currentWindowPosition: 6 currentAminoAcid: F =&gt; 21
  input in matrix: state: E currentWindowPosition: 7 currentAminoAcid: F =&gt; 36
  input in matrix: state: E currentWindowPosition: 8 currentAminoAcid: F =&gt; 0
  input in matrix: state: E currentWindowPosition: 9 currentAminoAcid: F =&gt; 19
  input in matrix: state: E currentWindowPosition: 10 currentAminoAcid: F =&gt; 23
  input in matrix: state: E currentWindowPosition: 11 currentAminoAcid: F =&gt; 17
  input in matrix: state: E currentWindowPosition: 12 currentAminoAcid: F =&gt; 17
  input in matrix: state: E currentWindowPosition: 13 currentAminoAcid: F =&gt; 14
  input in matrix: state: E currentWindowPosition: 14 currentAminoAcid: F =&gt; 11
  input in matrix: state: E currentWindowPosition: 15 currentAminoAcid: F =&gt; 17
  input in matrix: state: E currentWindowPosition: 16 currentAminoAcid: F =&gt; 13
Process line: G	35	47	50	34	48	31	44	33	0	20	37	41	37	32	44	31	50
 data line!
  input in matrix: state: E currentWindowPosition: 0 currentAminoAcid: G =&gt; 35
  input in matrix: state: E currentWindowPosition: 1 currentAminoAcid: G =&gt; 47
  input in matrix: state: E currentWindowPosition: 2 currentAminoAcid: G =&gt; 50
  input in matrix: state: E currentWindowPosition: 3 currentAminoAcid: G =&gt; 34
  input in matrix: state: E currentWindowPosition: 4 currentAminoAcid: G =&gt; 48
  input in matrix: state: E currentWindowPosition: 5 currentAminoAcid: G =&gt; 31
  input in matrix: state: E currentWindowPosition: 6 currentAminoAcid: G =&gt; 44
  input in matrix: state: E currentWindowPosition: 7 currentAminoAcid: G =&gt; 33
  input in matrix: state: E currentWindowPosition: 8 currentAminoAcid: G =&gt; 0
  input in matrix: state: E currentWindowPosition: 9 currentAminoAcid: G =&gt; 20
  input in matrix: state: E currentWindowPosition: 10 currentAminoAcid: G =&gt; 37
  input in matrix: state: E currentWindowPosition: 11 currentAminoAcid: G =&gt; 41
  input in matrix: state: E currentWindowPosition: 12 currentAminoAcid: G =&gt; 37
  input in matrix: state: E currentWindowPosition: 13 currentAminoAcid: G =&gt; 32
  input in matrix: state: E currentWindowPosition: 14 currentAminoAcid: G =&gt; 44
  input in matrix: state: E currentWindowPosition: 15 currentAminoAcid: G =&gt; 31
  input in matrix: state: E currentWindowPosition: 16 currentAminoAcid: G =&gt; 50
Process line: H	8	16	2	11	8	12	17	7	406	11	17	15	9	14	6	14	13
 data line!
  input in matrix: state: E currentWindowPosition: 0 currentAminoAcid: H =&gt; 8
  input in matrix: state: E currentWindowPosition: 1 currentAminoAcid: H =&gt; 16
  input in matrix: state: E currentWindowPosition: 2 currentAminoAcid: H =&gt; 2
  input in matrix: state: E currentWindowPosition: 3 currentAminoAcid: H =&gt; 11
  input in matrix: state: E currentWindowPosition: 4 currentAminoAcid: H =&gt; 8
  input in matrix: state: E currentWindowPosition: 5 currentAminoAcid: H =&gt; 12
  input in matrix: state: E currentWindowPosition: 6 currentAminoAcid: H =&gt; 17
  input in matrix: state: E currentWindowPosition: 7 currentAminoAcid: H =&gt; 7
  input in matrix: state: E currentWindowPosition: 8 currentAminoAcid: H =&gt; 406
  input in matrix: state: E currentWindowPosition: 9 currentAminoAcid: H =&gt; 11
  input in matrix: state: E currentWindowPosition: 10 currentAminoAcid: H =&gt; 17
  input in matrix: state: E currentWindowPosition: 11 currentAminoAcid: H =&gt; 15
  input in matrix: state: E currentWindowPosition: 12 currentAminoAcid: H =&gt; 9
  input in matrix: state: E currentWindowPosition: 13 currentAminoAcid: H =&gt; 14
  input in matrix: state: E currentWindowPosition: 14 currentAminoAcid: H =&gt; 6
  input in matrix: state: E currentWindowPosition: 15 currentAminoAcid: H =&gt; 14
  input in matrix: state: E currentWindowPosition: 16 currentAminoAcid: H =&gt; 13
Process line: I	25	15	22	19	23	24	28	41	0	40	27	21	22	20	14	21	15
 data line!
  input in matrix: state: E currentWindowPosition: 0 currentAminoAcid: I =&gt; 25
  input in matrix: state: E currentWindowPosition: 1 currentAminoAcid: I =&gt; 15
  input in matrix: state: E currentWindowPosition: 2 currentAminoAcid: I =&gt; 22
  input in matrix: state: E currentWindowPosition: 3 currentAminoAcid: I =&gt; 19
  input in matrix: state: E currentWindowPosition: 4 currentAminoAcid: I =&gt; 23
  input in matrix: state: E currentWindowPosition: 5 currentAminoAcid: I =&gt; 24
  input in matrix: state: E currentWindowPosition: 6 currentAminoAcid: I =&gt; 28
  input in matrix: state: E currentWindowPosition: 7 currentAminoAcid: I =&gt; 41
  input in matrix: state: E currentWindowPosition: 8 currentAminoAcid: I =&gt; 0
  input in matrix: state: E currentWindowPosition: 9 currentAminoAcid: I =&gt; 40
  input in matrix: state: E currentWindowPosition: 10 currentAminoAcid: I =&gt; 27
  input in matrix: state: E currentWindowPosition: 11 currentAminoAcid: I =&gt; 21
  input in matrix: state: E currentWindowPosition: 12 currentAminoAcid: I =&gt; 22
  input in matrix: state: E currentWindowPosition: 13 currentAminoAcid: I =&gt; 20
  input in matrix: state: E currentWindowPosition: 14 currentAminoAcid: I =&gt; 14
  input in matrix: state: E currentWindowPosition: 15 currentAminoAcid: I =&gt; 21
  input in matrix: state: E currentWindowPosition: 16 currentAminoAcid: I =&gt; 15
Process line: K	29	24	27	28	21	26	19	15	0	17	12	23	23	17	13	17	12
 data line!
  input in matrix: state: E currentWindowPosition: 0 currentAminoAcid: K =&gt; 29
  input in matrix: state: E currentWindowPosition: 1 currentAminoAcid: K =&gt; 24
  input in matrix: state: E currentWindowPosition: 2 currentAminoAcid: K =&gt; 27
  input in matrix: state: E currentWindowPosition: 3 currentAminoAcid: K =&gt; 28
  input in matrix: state: E currentWindowPosition: 4 currentAminoAcid: K =&gt; 21
  input in matrix: state: E currentWindowPosition: 5 currentAminoAcid: K =&gt; 26
  input in matrix: state: E currentWindowPosition: 6 currentAminoAcid: K =&gt; 19
  input in matrix: state: E currentWindowPosition: 7 currentAminoAcid: K =&gt; 15
  input in matrix: state: E currentWindowPosition: 8 currentAminoAcid: K =&gt; 0
  input in matrix: state: E currentWindowPosition: 9 currentAminoAcid: K =&gt; 17
  input in matrix: state: E currentWindowPosition: 10 currentAminoAcid: K =&gt; 12
  input in matrix: state: E currentWindowPosition: 11 currentAminoAcid: K =&gt; 23
  input in matrix: state: E currentWindowPosition: 12 currentAminoAcid: K =&gt; 23
  input in matrix: state: E currentWindowPosition: 13 currentAminoAcid: K =&gt; 17
  input in matrix: state: E currentWindowPosition: 14 currentAminoAcid: K =&gt; 13
  input in matrix: state: E currentWindowPosition: 15 currentAminoAcid: K =&gt; 17
  input in matrix: state: E currentWindowPosition: 16 currentAminoAcid: K =&gt; 12
Process line: L	35	37	33	35	30	31	20	29	0	47	33	31	32	27	27	29	28
 data line!
  input in matrix: state: E currentWindowPosition: 0 currentAminoAcid: L =&gt; 35
  input in matrix: state: E currentWindowPosition: 1 currentAminoAcid: L =&gt; 37
  input in matrix: state: E currentWindowPosition: 2 currentAminoAcid: L =&gt; 33
  input in matrix: state: E currentWindowPosition: 3 currentAminoAcid: L =&gt; 35
  input in matrix: state: E currentWindowPosition: 4 currentAminoAcid: L =&gt; 30
  input in matrix: state: E currentWindowPosition: 5 currentAminoAcid: L =&gt; 31
  input in matrix: state: E currentWindowPosition: 6 currentAminoAcid: L =&gt; 20
  input in matrix: state: E currentWindowPosition: 7 currentAminoAcid: L =&gt; 29
  input in matrix: state: E currentWindowPosition: 8 currentAminoAcid: L =&gt; 0
  input in matrix: state: E currentWindowPosition: 9 currentAminoAcid: L =&gt; 47
  input in matrix: state: E currentWindowPosition: 10 currentAminoAcid: L =&gt; 33
  input in matrix: state: E currentWindowPosition: 11 currentAminoAcid: L =&gt; 31
  input in matrix: state: E currentWindowPosition: 12 currentAminoAcid: L =&gt; 32
  input in matrix: state: E currentWindowPosition: 13 currentAminoAcid: L =&gt; 27
  input in matrix: state: E currentWindowPosition: 14 currentAminoAcid: L =&gt; 27
  input in matrix: state: E currentWindowPosition: 15 currentAminoAcid: L =&gt; 29
  input in matrix: state: E currentWindowPosition: 16 currentAminoAcid: L =&gt; 28
Process line: M	7	7	6	7	4	9	5	7	0	11	8	7	7	10	7	9	3
 data line!
  input in matrix: state: E currentWindowPosition: 0 currentAminoAcid: M =&gt; 7
  input in matrix: state: E currentWindowPosition: 1 currentAminoAcid: M =&gt; 7
  input in matrix: state: E currentWindowPosition: 2 currentAminoAcid: M =&gt; 6
  input in matrix: state: E currentWindowPosition: 3 currentAminoAcid: M =&gt; 7
  input in matrix: state: E currentWindowPosition: 4 currentAminoAcid: M =&gt; 4
  input in matrix: state: E currentWindowPosition: 5 currentAminoAcid: M =&gt; 9
  input in matrix: state: E currentWindowPosition: 6 currentAminoAcid: M =&gt; 5
  input in matrix: state: E currentWindowPosition: 7 currentAminoAcid: M =&gt; 7
  input in matrix: state: E currentWindowPosition: 8 currentAminoAcid: M =&gt; 0
  input in matrix: state: E currentWindowPosition: 9 currentAminoAcid: M =&gt; 11
  input in matrix: state: E currentWindowPosition: 10 currentAminoAcid: M =&gt; 8
  input in matrix: state: E currentWindowPosition: 11 currentAminoAcid: M =&gt; 7
  input in matrix: state: E currentWindowPosition: 12 currentAminoAcid: M =&gt; 7
  input in matrix: state: E currentWindowPosition: 13 currentAminoAcid: M =&gt; 10
  input in matrix: state: E currentWindowPosition: 14 currentAminoAcid: M =&gt; 7
  input in matrix: state: E currentWindowPosition: 15 currentAminoAcid: M =&gt; 9
  input in matrix: state: E currentWindowPosition: 16 currentAminoAcid: M =&gt; 3
Process line: N	20	23	32	22	26	20	17	7	0	10	20	16	24	23	23	19	23
 data line!
  input in matrix: state: E currentWindowPosition: 0 currentAminoAcid: N =&gt; 20
  input in matrix: state: E currentWindowPosition: 1 currentAminoAcid: N =&gt; 23
  input in matrix: state: E currentWindowPosition: 2 currentAminoAcid: N =&gt; 32
  input in matrix: state: E currentWindowPosition: 3 currentAminoAcid: N =&gt; 22
  input in matrix: state: E currentWindowPosition: 4 currentAminoAcid: N =&gt; 26
  input in matrix: state: E currentWindowPosition: 5 currentAminoAcid: N =&gt; 20
  input in matrix: state: E currentWindowPosition: 6 currentAminoAcid: N =&gt; 17
  input in matrix: state: E currentWindowPosition: 7 currentAminoAcid: N =&gt; 7
  input in matrix: state: E currentWindowPosition: 8 currentAminoAcid: N =&gt; 0
  input in matrix: state: E currentWindowPosition: 9 currentAminoAcid: N =&gt; 10
  input in matrix: state: E currentWindowPosition: 10 currentAminoAcid: N =&gt; 20
  input in matrix: state: E currentWindowPosition: 11 currentAminoAcid: N =&gt; 16
  input in matrix: state: E currentWindowPosition: 12 currentAminoAcid: N =&gt; 24
  input in matrix: state: E currentWindowPosition: 13 currentAminoAcid: N =&gt; 23
  input in matrix: state: E currentWindowPosition: 14 currentAminoAcid: N =&gt; 23
  input in matrix: state: E currentWindowPosition: 15 currentAminoAcid: N =&gt; 19
  input in matrix: state: E currentWindowPosition: 16 currentAminoAcid: N =&gt; 23
Process line: P	16	23	31	18	30	17	15	12	0	11	19	18	17	24	24	19	18
 data line!
  input in matrix: state: E currentWindowPosition: 0 currentAminoAcid: P =&gt; 16
  input in matrix: state: E currentWindowPosition: 1 currentAminoAcid: P =&gt; 23
  input in matrix: state: E currentWindowPosition: 2 currentAminoAcid: P =&gt; 31
  input in matrix: state: E currentWindowPosition: 3 currentAminoAcid: P =&gt; 18
  input in matrix: state: E currentWindowPosition: 4 currentAminoAcid: P =&gt; 30
  input in matrix: state: E currentWindowPosition: 5 currentAminoAcid: P =&gt; 17
  input in matrix: state: E currentWindowPosition: 6 currentAminoAcid: P =&gt; 15
  input in matrix: state: E currentWindowPosition: 7 currentAminoAcid: P =&gt; 12
  input in matrix: state: E currentWindowPosition: 8 currentAminoAcid: P =&gt; 0
  input in matrix: state: E currentWindowPosition: 9 currentAminoAcid: P =&gt; 11
  input in matrix: state: E currentWindowPosition: 10 currentAminoAcid: P =&gt; 19
  input in matrix: state: E currentWindowPosition: 11 currentAminoAcid: P =&gt; 18
  input in matrix: state: E currentWindowPosition: 12 currentAminoAcid: P =&gt; 17
  input in matrix: state: E currentWindowPosition: 13 currentAminoAcid: P =&gt; 24
  input in matrix: state: E currentWindowPosition: 14 currentAminoAcid: P =&gt; 24
  input in matrix: state: E currentWindowPosition: 15 currentAminoAcid: P =&gt; 19
  input in matrix: state: E currentWindowPosition: 16 currentAminoAcid: P =&gt; 18
Process line: Q	6	11	10	7	15	8	11	10	0	12	7	12	14	13	12	13	13
 data line!
  input in matrix: state: E currentWindowPosition: 0 currentAminoAcid: Q =&gt; 6
  input in matrix: state: E currentWindowPosition: 1 currentAminoAcid: Q =&gt; 11
  input in matrix: state: E currentWindowPosition: 2 currentAminoAcid: Q =&gt; 10
  input in matrix: state: E currentWindowPosition: 3 currentAminoAcid: Q =&gt; 7
  input in matrix: state: E currentWindowPosition: 4 currentAminoAcid: Q =&gt; 15
  input in matrix: state: E currentWindowPosition: 5 currentAminoAcid: Q =&gt; 8
  input in matrix: state: E currentWindowPosition: 6 currentAminoAcid: Q =&gt; 11
  input in matrix: state: E currentWindowPosition: 7 currentAminoAcid: Q =&gt; 10
  input in matrix: state: E currentWindowPosition: 8 currentAminoAcid: Q =&gt; 0
  input in matrix: state: E currentWindowPosition: 9 currentAminoAcid: Q =&gt; 12
  input in matrix: state: E currentWindowPosition: 10 currentAminoAcid: Q =&gt; 7
  input in matrix: state: E currentWindowPosition: 11 currentAminoAcid: Q =&gt; 12
  input in matrix: state: E currentWindowPosition: 12 currentAminoAcid: Q =&gt; 14
  input in matrix: state: E currentWindowPosition: 13 currentAminoAcid: Q =&gt; 13
  input in matrix: state: E currentWindowPosition: 14 currentAminoAcid: Q =&gt; 12
  input in matrix: state: E currentWindowPosition: 15 currentAminoAcid: Q =&gt; 13
  input in matrix: state: E currentWindowPosition: 16 currentAminoAcid: Q =&gt; 13
Process line: R	22	18	13	25	12	22	19	20	0	15	16	9	15	18	23	15	18
 data line!
  input in matrix: state: E currentWindowPosition: 0 currentAminoAcid: R =&gt; 22
  input in matrix: state: E currentWindowPosition: 1 currentAminoAcid: R =&gt; 18
  input in matrix: state: E currentWindowPosition: 2 currentAminoAcid: R =&gt; 13
  input in matrix: state: E currentWindowPosition: 3 currentAminoAcid: R =&gt; 25
  input in matrix: state: E currentWindowPosition: 4 currentAminoAcid: R =&gt; 12
  input in matrix: state: E currentWindowPosition: 5 currentAminoAcid: R =&gt; 22
  input in matrix: state: E currentWindowPosition: 6 currentAminoAcid: R =&gt; 19
  input in matrix: state: E currentWindowPosition: 7 currentAminoAcid: R =&gt; 20
  input in matrix: state: E currentWindowPosition: 8 currentAminoAcid: R =&gt; 0
  input in matrix: state: E currentWindowPosition: 9 currentAminoAcid: R =&gt; 15
  input in matrix: state: E currentWindowPosition: 10 currentAminoAcid: R =&gt; 16
  input in matrix: state: E currentWindowPosition: 11 currentAminoAcid: R =&gt; 9
  input in matrix: state: E currentWindowPosition: 12 currentAminoAcid: R =&gt; 15
  input in matrix: state: E currentWindowPosition: 13 currentAminoAcid: R =&gt; 18
  input in matrix: state: E currentWindowPosition: 14 currentAminoAcid: R =&gt; 23
  input in matrix: state: E currentWindowPosition: 15 currentAminoAcid: R =&gt; 15
  input in matrix: state: E currentWindowPosition: 16 currentAminoAcid: R =&gt; 18
Process line: S	20	28	19	27	22	32	28	18	0	20	33	31	38	30	30	31	42
 data line!
  input in matrix: state: E currentWindowPosition: 0 currentAminoAcid: S =&gt; 20
  input in matrix: state: E currentWindowPosition: 1 currentAminoAcid: S =&gt; 28
  input in matrix: state: E currentWindowPosition: 2 currentAminoAcid: S =&gt; 19
  input in matrix: state: E currentWindowPosition: 3 currentAminoAcid: S =&gt; 27
  input in matrix: state: E currentWindowPosition: 4 currentAminoAcid: S =&gt; 22
  input in matrix: state: E currentWindowPosition: 5 currentAminoAcid: S =&gt; 32
  input in matrix: state: E currentWindowPosition: 6 currentAminoAcid: S =&gt; 28
  input in matrix: state: E currentWindowPosition: 7 currentAminoAcid: S =&gt; 18
  input in matrix: state: E currentWindowPosition: 8 currentAminoAcid: S =&gt; 0
  input in matrix: state: E currentWindowPosition: 9 currentAminoAcid: S =&gt; 20
  input in matrix: state: E currentWindowPosition: 10 currentAminoAcid: S =&gt; 33
  input in matrix: state: E currentWindowPosition: 11 currentAminoAcid: S =&gt; 31
  input in matrix: state: E currentWindowPosition: 12 currentAminoAcid: S =&gt; 38
  input in matrix: state: E currentWindowPosition: 13 currentAminoAcid: S =&gt; 30
  input in matrix: state: E currentWindowPosition: 14 currentAminoAcid: S =&gt; 30
  input in matrix: state: E currentWindowPosition: 15 currentAminoAcid: S =&gt; 31
  input in matrix: state: E currentWindowPosition: 16 currentAminoAcid: S =&gt; 42
Process line: T	20	24	17	35	21	26	36	36	0	22	20	28	29	23	30	30	32
 data line!
  input in matrix: state: E currentWindowPosition: 0 currentAminoAcid: T =&gt; 20
  input in matrix: state: E currentWindowPosition: 1 currentAminoAcid: T =&gt; 24
  input in matrix: state: E currentWindowPosition: 2 currentAminoAcid: T =&gt; 17
  input in matrix: state: E currentWindowPosition: 3 currentAminoAcid: T =&gt; 35
  input in matrix: state: E currentWindowPosition: 4 currentAminoAcid: T =&gt; 21
  input in matrix: state: E currentWindowPosition: 5 currentAminoAcid: T =&gt; 26
  input in matrix: state: E currentWindowPosition: 6 currentAminoAcid: T =&gt; 36
  input in matrix: state: E currentWindowPosition: 7 currentAminoAcid: T =&gt; 36
  input in matrix: state: E currentWindowPosition: 8 currentAminoAcid: T =&gt; 0
  input in matrix: state: E currentWindowPosition: 9 currentAminoAcid: T =&gt; 22
  input in matrix: state: E currentWindowPosition: 10 currentAminoAcid: T =&gt; 20
  input in matrix: state: E currentWindowPosition: 11 currentAminoAcid: T =&gt; 28
  input in matrix: state: E currentWindowPosition: 12 currentAminoAcid: T =&gt; 29
  input in matrix: state: E currentWindowPosition: 13 currentAminoAcid: T =&gt; 23
  input in matrix: state: E currentWindowPosition: 14 currentAminoAcid: T =&gt; 30
  input in matrix: state: E currentWindowPosition: 15 currentAminoAcid: T =&gt; 30
  input in matrix: state: E currentWindowPosition: 16 currentAminoAcid: T =&gt; 32
Process line: V	24	23	20	28	28	40	32	47	0	46	31	35	24	31	31	29	23
 data line!
  input in matrix: state: E currentWindowPosition: 0 currentAminoAcid: V =&gt; 24
  input in matrix: state: E currentWindowPosition: 1 currentAminoAcid: V =&gt; 23
  input in matrix: state: E currentWindowPosition: 2 currentAminoAcid: V =&gt; 20
  input in matrix: state: E currentWindowPosition: 3 currentAminoAcid: V =&gt; 28
  input in matrix: state: E currentWindowPosition: 4 currentAminoAcid: V =&gt; 28
  input in matrix: state: E currentWindowPosition: 5 currentAminoAcid: V =&gt; 40
  input in matrix: state: E currentWindowPosition: 6 currentAminoAcid: V =&gt; 32
  input in matrix: state: E currentWindowPosition: 7 currentAminoAcid: V =&gt; 47
  input in matrix: state: E currentWindowPosition: 8 currentAminoAcid: V =&gt; 0
  input in matrix: state: E currentWindowPosition: 9 currentAminoAcid: V =&gt; 46
  input in matrix: state: E currentWindowPosition: 10 currentAminoAcid: V =&gt; 31
  input in matrix: state: E currentWindowPosition: 11 currentAminoAcid: V =&gt; 35
  input in matrix: state: E currentWindowPosition: 12 currentAminoAcid: V =&gt; 24
  input in matrix: state: E currentWindowPosition: 13 currentAminoAcid: V =&gt; 31
  input in matrix: state: E currentWindowPosition: 14 currentAminoAcid: V =&gt; 31
  input in matrix: state: E currentWindowPosition: 15 currentAminoAcid: V =&gt; 29
  input in matrix: state: E currentWindowPosition: 16 currentAminoAcid: V =&gt; 23
Process line: W	11	5	6	4	10	7	6	10	0	13	7	3	4	6	6	10	7
 data line!
  input in matrix: state: E currentWindowPosition: 0 currentAminoAcid: W =&gt; 11
  input in matrix: state: E currentWindowPosition: 1 currentAminoAcid: W =&gt; 5
  input in matrix: state: E currentWindowPosition: 2 currentAminoAcid: W =&gt; 6
  input in matrix: state: E currentWindowPosition: 3 currentAminoAcid: W =&gt; 4
  input in matrix: state: E currentWindowPosition: 4 currentAminoAcid: W =&gt; 10
  input in matrix: state: E currentWindowPosition: 5 currentAminoAcid: W =&gt; 7
  input in matrix: state: E currentWindowPosition: 6 currentAminoAcid: W =&gt; 6
  input in matrix: state: E currentWindowPosition: 7 currentAminoAcid: W =&gt; 10
  input in matrix: state: E currentWindowPosition: 8 currentAminoAcid: W =&gt; 0
  input in matrix: state: E currentWindowPosition: 9 currentAminoAcid: W =&gt; 13
  input in matrix: state: E currentWindowPosition: 10 currentAminoAcid: W =&gt; 7
  input in matrix: state: E currentWindowPosition: 11 currentAminoAcid: W =&gt; 3
  input in matrix: state: E currentWindowPosition: 12 currentAminoAcid: W =&gt; 4
  input in matrix: state: E currentWindowPosition: 13 currentAminoAcid: W =&gt; 6
  input in matrix: state: E currentWindowPosition: 14 currentAminoAcid: W =&gt; 6
  input in matrix: state: E currentWindowPosition: 15 currentAminoAcid: W =&gt; 10
  input in matrix: state: E currentWindowPosition: 16 currentAminoAcid: W =&gt; 7
Process line: Y	16	19	16	17	17	18	16	14	0	25	22	17	10	11	17	17	7
 data line!
  input in matrix: state: E currentWindowPosition: 0 currentAminoAcid: Y =&gt; 16
  input in matrix: state: E currentWindowPosition: 1 currentAminoAcid: Y =&gt; 19
  input in matrix: state: E currentWindowPosition: 2 currentAminoAcid: Y =&gt; 16
  input in matrix: state: E currentWindowPosition: 3 currentAminoAcid: Y =&gt; 17
  input in matrix: state: E currentWindowPosition: 4 currentAminoAcid: Y =&gt; 17
  input in matrix: state: E currentWindowPosition: 5 currentAminoAcid: Y =&gt; 18
  input in matrix: state: E currentWindowPosition: 6 currentAminoAcid: Y =&gt; 16
  input in matrix: state: E currentWindowPosition: 7 currentAminoAcid: Y =&gt; 14
  input in matrix: state: E currentWindowPosition: 8 currentAminoAcid: Y =&gt; 0
  input in matrix: state: E currentWindowPosition: 9 currentAminoAcid: Y =&gt; 25
  input in matrix: state: E currentWindowPosition: 10 currentAminoAcid: Y =&gt; 22
  input in matrix: state: E currentWindowPosition: 11 currentAminoAcid: Y =&gt; 17
  input in matrix: state: E currentWindowPosition: 12 currentAminoAcid: Y =&gt; 10
  input in matrix: state: E currentWindowPosition: 13 currentAminoAcid: Y =&gt; 11
  input in matrix: state: E currentWindowPosition: 14 currentAminoAcid: Y =&gt; 17
  input in matrix: state: E currentWindowPosition: 15 currentAminoAcid: Y =&gt; 17
  input in matrix: state: E currentWindowPosition: 16 currentAminoAcid: Y =&gt; 7
Process line: 
 Skip line!
Process line: 
 Skip line!
Process line: =H,H=
 state line! (now in state: H)
Process line: 
 Skip line!
Process line: A	38	55	52	53	45	53	48	55	0	41	53	54	39	41	57	52	48
 data line!
  input in matrix: state: H currentWindowPosition: 0 currentAminoAcid: A =&gt; 38
  input in matrix: state: H currentWindowPosition: 1 currentAminoAcid: A =&gt; 55
  input in matrix: state: H currentWindowPosition: 2 currentAminoAcid: A =&gt; 52
  input in matrix: state: H currentWindowPosition: 3 currentAminoAcid: A =&gt; 53
  input in matrix: state: H currentWindowPosition: 4 currentAminoAcid: A =&gt; 45
  input in matrix: state: H currentWindowPosition: 5 currentAminoAcid: A =&gt; 53
  input in matrix: state: H currentWindowPosition: 6 currentAminoAcid: A =&gt; 48
  input in matrix: state: H currentWindowPosition: 7 currentAminoAcid: A =&gt; 55
  input in matrix: state: H currentWindowPosition: 8 currentAminoAcid: A =&gt; 0
  input in matrix: state: H currentWindowPosition: 9 currentAminoAcid: A =&gt; 41
  input in matrix: state: H currentWindowPosition: 10 currentAminoAcid: A =&gt; 53
  input in matrix: state: H currentWindowPosition: 11 currentAminoAcid: A =&gt; 54
  input in matrix: state: H currentWindowPosition: 12 currentAminoAcid: A =&gt; 39
  input in matrix: state: H currentWindowPosition: 13 currentAminoAcid: A =&gt; 41
  input in matrix: state: H currentWindowPosition: 14 currentAminoAcid: A =&gt; 57
  input in matrix: state: H currentWindowPosition: 15 currentAminoAcid: A =&gt; 52
  input in matrix: state: H currentWindowPosition: 16 currentAminoAcid: A =&gt; 48
Process line: C	3	11	6	6	15	14	13	9	0	13	5	6	6	5	6	5	9
 data line!
  input in matrix: state: H currentWindowPosition: 0 currentAminoAcid: C =&gt; 3
  input in matrix: state: H currentWindowPosition: 1 currentAminoAcid: C =&gt; 11
  input in matrix: state: H currentWindowPosition: 2 currentAminoAcid: C =&gt; 6
  input in matrix: state: H currentWindowPosition: 3 currentAminoAcid: C =&gt; 6
  input in matrix: state: H currentWindowPosition: 4 currentAminoAcid: C =&gt; 15
  input in matrix: state: H currentWindowPosition: 5 currentAminoAcid: C =&gt; 14
  input in matrix: state: H currentWindowPosition: 6 currentAminoAcid: C =&gt; 13
  input in matrix: state: H currentWindowPosition: 7 currentAminoAcid: C =&gt; 9
  input in matrix: state: H currentWindowPosition: 8 currentAminoAcid: C =&gt; 0
  input in matrix: state: H currentWindowPosition: 9 currentAminoAcid: C =&gt; 13
  input in matrix: state: H currentWindowPosition: 10 currentAminoAcid: C =&gt; 5
  input in matrix: state: H currentWindowPosition: 11 currentAminoAcid: C =&gt; 6
  input in matrix: state: H currentWindowPosition: 12 currentAminoAcid: C =&gt; 6
  input in matrix: state: H currentWindowPosition: 13 currentAminoAcid: C =&gt; 5
  input in matrix: state: H currentWindowPosition: 14 currentAminoAcid: C =&gt; 6
  input in matrix: state: H currentWindowPosition: 15 currentAminoAcid: C =&gt; 5
  input in matrix: state: H currentWindowPosition: 16 currentAminoAcid: C =&gt; 9
Process line: D	39	33	23	26	32	25	28	25	0	22	22	26	34	23	32	23	37
 data line!
  input in matrix: state: H currentWindowPosition: 0 currentAminoAcid: D =&gt; 39
  input in matrix: state: H currentWindowPosition: 1 currentAminoAcid: D =&gt; 33
  input in matrix: state: H currentWindowPosition: 2 currentAminoAcid: D =&gt; 23
  input in matrix: state: H currentWindowPosition: 3 currentAminoAcid: D =&gt; 26
  input in matrix: state: H currentWindowPosition: 4 currentAminoAcid: D =&gt; 32
  input in matrix: state: H currentWindowPosition: 5 currentAminoAcid: D =&gt; 25
  input in matrix: state: H currentWindowPosition: 6 currentAminoAcid: D =&gt; 28
  input in matrix: state: H currentWindowPosition: 7 currentAminoAcid: D =&gt; 25
  input in matrix: state: H currentWindowPosition: 8 currentAminoAcid: D =&gt; 0
  input in matrix: state: H currentWindowPosition: 9 currentAminoAcid: D =&gt; 22
  input in matrix: state: H currentWindowPosition: 10 currentAminoAcid: D =&gt; 22
  input in matrix: state: H currentWindowPosition: 11 currentAminoAcid: D =&gt; 26
  input in matrix: state: H currentWindowPosition: 12 currentAminoAcid: D =&gt; 34
  input in matrix: state: H currentWindowPosition: 13 currentAminoAcid: D =&gt; 23
  input in matrix: state: H currentWindowPosition: 14 currentAminoAcid: D =&gt; 32
  input in matrix: state: H currentWindowPosition: 15 currentAminoAcid: D =&gt; 23
  input in matrix: state: H currentWindowPosition: 16 currentAminoAcid: D =&gt; 37
Process line: E	31	33	29	45	39	46	31	43	0	44	32	36	36	31	39	36	24
 data line!
  input in matrix: state: H currentWindowPosition: 0 currentAminoAcid: E =&gt; 31
  input in matrix: state: H currentWindowPosition: 1 currentAminoAcid: E =&gt; 33
  input in matrix: state: H currentWindowPosition: 2 currentAminoAcid: E =&gt; 29
  input in matrix: state: H currentWindowPosition: 3 currentAminoAcid: E =&gt; 45
  input in matrix: state: H currentWindowPosition: 4 currentAminoAcid: E =&gt; 39
  input in matrix: state: H currentWindowPosition: 5 currentAminoAcid: E =&gt; 46
  input in matrix: state: H currentWindowPosition: 6 currentAminoAcid: E =&gt; 31
  input in matrix: state: H currentWindowPosition: 7 currentAminoAcid: E =&gt; 43
  input in matrix: state: H currentWindowPosition: 8 currentAminoAcid: E =&gt; 0
  input in matrix: state: H currentWindowPosition: 9 currentAminoAcid: E =&gt; 44
  input in matrix: state: H currentWindowPosition: 10 currentAminoAcid: E =&gt; 32
  input in matrix: state: H currentWindowPosition: 11 currentAminoAcid: E =&gt; 36
  input in matrix: state: H currentWindowPosition: 12 currentAminoAcid: E =&gt; 36
  input in matrix: state: H currentWindowPosition: 13 currentAminoAcid: E =&gt; 31
  input in matrix: state: H currentWindowPosition: 14 currentAminoAcid: E =&gt; 39
  input in matrix: state: H currentWindowPosition: 15 currentAminoAcid: E =&gt; 36
  input in matrix: state: H currentWindowPosition: 16 currentAminoAcid: E =&gt; 24
Process line: F	18	19	21	21	25	24	21	14	0	27	27	24	23	19	20	14	21
 data line!
  input in matrix: state: H currentWindowPosition: 0 currentAminoAcid: F =&gt; 18
  input in matrix: state: H currentWindowPosition: 1 currentAminoAcid: F =&gt; 19
  input in matrix: state: H currentWindowPosition: 2 currentAminoAcid: F =&gt; 21
  input in matrix: state: H currentWindowPosition: 3 currentAminoAcid: F =&gt; 21
  input in matrix: state: H currentWindowPosition: 4 currentAminoAcid: F =&gt; 25
  input in matrix: state: H currentWindowPosition: 5 currentAminoAcid: F =&gt; 24
  input in matrix: state: H currentWindowPosition: 6 currentAminoAcid: F =&gt; 21
  input in matrix: state: H currentWindowPosition: 7 currentAminoAcid: F =&gt; 14
  input in matrix: state: H currentWindowPosition: 8 currentAminoAcid: F =&gt; 0
  input in matrix: state: H currentWindowPosition: 9 currentAminoAcid: F =&gt; 27
  input in matrix: state: H currentWindowPosition: 10 currentAminoAcid: F =&gt; 27
  input in matrix: state: H currentWindowPosition: 11 currentAminoAcid: F =&gt; 24
  input in matrix: state: H currentWindowPosition: 12 currentAminoAcid: F =&gt; 23
  input in matrix: state: H currentWindowPosition: 13 currentAminoAcid: F =&gt; 19
  input in matrix: state: H currentWindowPosition: 14 currentAminoAcid: F =&gt; 20
  input in matrix: state: H currentWindowPosition: 15 currentAminoAcid: F =&gt; 14
  input in matrix: state: H currentWindowPosition: 16 currentAminoAcid: F =&gt; 21
Process line: G	43	37	37	31	29	21	26	27	0	30	33	50	39	37	36	36	34
 data line!
  input in matrix: state: H currentWindowPosition: 0 currentAminoAcid: G =&gt; 43
  input in matrix: state: H currentWindowPosition: 1 currentAminoAcid: G =&gt; 37
  input in matrix: state: H currentWindowPosition: 2 currentAminoAcid: G =&gt; 37
  input in matrix: state: H currentWindowPosition: 3 currentAminoAcid: G =&gt; 31
  input in matrix: state: H currentWindowPosition: 4 currentAminoAcid: G =&gt; 29
  input in matrix: state: H currentWindowPosition: 5 currentAminoAcid: G =&gt; 21
  input in matrix: state: H currentWindowPosition: 6 currentAminoAcid: G =&gt; 26
  input in matrix: state: H currentWindowPosition: 7 currentAminoAcid: G =&gt; 27
  input in matrix: state: H currentWindowPosition: 8 currentAminoAcid: G =&gt; 0
  input in matrix: state: H currentWindowPosition: 9 currentAminoAcid: G =&gt; 30
  input in matrix: state: H currentWindowPosition: 10 currentAminoAcid: G =&gt; 33
  input in matrix: state: H currentWindowPosition: 11 currentAminoAcid: G =&gt; 50
  input in matrix: state: H currentWindowPosition: 12 currentAminoAcid: G =&gt; 39
  input in matrix: state: H currentWindowPosition: 13 currentAminoAcid: G =&gt; 37
  input in matrix: state: H currentWindowPosition: 14 currentAminoAcid: G =&gt; 36
  input in matrix: state: H currentWindowPosition: 15 currentAminoAcid: G =&gt; 36
  input in matrix: state: H currentWindowPosition: 16 currentAminoAcid: G =&gt; 34
Process line: H	13	11	17	12	20	14	9	10	525	10	12	10	18	11	14	14	7
 data line!
  input in matrix: state: H currentWindowPosition: 0 currentAminoAcid: H =&gt; 13
  input in matrix: state: H currentWindowPosition: 1 currentAminoAcid: H =&gt; 11
  input in matrix: state: H currentWindowPosition: 2 currentAminoAcid: H =&gt; 17
  input in matrix: state: H currentWindowPosition: 3 currentAminoAcid: H =&gt; 12
  input in matrix: state: H currentWindowPosition: 4 currentAminoAcid: H =&gt; 20
  input in matrix: state: H currentWindowPosition: 5 currentAminoAcid: H =&gt; 14
  input in matrix: state: H currentWindowPosition: 6 currentAminoAcid: H =&gt; 9
  input in matrix: state: H currentWindowPosition: 7 currentAminoAcid: H =&gt; 10
  input in matrix: state: H currentWindowPosition: 8 currentAminoAcid: H =&gt; 525
  input in matrix: state: H currentWindowPosition: 9 currentAminoAcid: H =&gt; 10
  input in matrix: state: H currentWindowPosition: 10 currentAminoAcid: H =&gt; 12
  input in matrix: state: H currentWindowPosition: 11 currentAminoAcid: H =&gt; 10
  input in matrix: state: H currentWindowPosition: 12 currentAminoAcid: H =&gt; 18
  input in matrix: state: H currentWindowPosition: 13 currentAminoAcid: H =&gt; 11
  input in matrix: state: H currentWindowPosition: 14 currentAminoAcid: H =&gt; 14
  input in matrix: state: H currentWindowPosition: 15 currentAminoAcid: H =&gt; 14
  input in matrix: state: H currentWindowPosition: 16 currentAminoAcid: H =&gt; 7
Process line: I	30	27	27	29	25	27	26	27	0	28	19	32	27	28	27	19	38
 data line!
  input in matrix: state: H currentWindowPosition: 0 currentAminoAcid: I =&gt; 30
  input in matrix: state: H currentWindowPosition: 1 currentAminoAcid: I =&gt; 27
  input in matrix: state: H currentWindowPosition: 2 currentAminoAcid: I =&gt; 27
  input in matrix: state: H currentWindowPosition: 3 currentAminoAcid: I =&gt; 29
  input in matrix: state: H currentWindowPosition: 4 currentAminoAcid: I =&gt; 25
  input in matrix: state: H currentWindowPosition: 5 currentAminoAcid: I =&gt; 27
  input in matrix: state: H currentWindowPosition: 6 currentAminoAcid: I =&gt; 26
  input in matrix: state: H currentWindowPosition: 7 currentAminoAcid: I =&gt; 27
  input in matrix: state: H currentWindowPosition: 8 currentAminoAcid: I =&gt; 0
  input in matrix: state: H currentWindowPosition: 9 currentAminoAcid: I =&gt; 28
  input in matrix: state: H currentWindowPosition: 10 currentAminoAcid: I =&gt; 19
  input in matrix: state: H currentWindowPosition: 11 currentAminoAcid: I =&gt; 32
  input in matrix: state: H currentWindowPosition: 12 currentAminoAcid: I =&gt; 27
  input in matrix: state: H currentWindowPosition: 13 currentAminoAcid: I =&gt; 28
  input in matrix: state: H currentWindowPosition: 14 currentAminoAcid: I =&gt; 27
  input in matrix: state: H currentWindowPosition: 15 currentAminoAcid: I =&gt; 19
  input in matrix: state: H currentWindowPosition: 16 currentAminoAcid: I =&gt; 38
Process line: K	25	31	29	19	24	28	24	36	0	30	29	34	27	45	34	35	29
 data line!
  input in matrix: state: H currentWindowPosition: 0 currentAminoAcid: K =&gt; 25
  input in matrix: state: H currentWindowPosition: 1 currentAminoAcid: K =&gt; 31
  input in matrix: state: H currentWindowPosition: 2 currentAminoAcid: K =&gt; 29
  input in matrix: state: H currentWindowPosition: 3 currentAminoAcid: K =&gt; 19
  input in matrix: state: H currentWindowPosition: 4 currentAminoAcid: K =&gt; 24
  input in matrix: state: H currentWindowPosition: 5 currentAminoAcid: K =&gt; 28
  input in matrix: state: H currentWindowPosition: 6 currentAminoAcid: K =&gt; 24
  input in matrix: state: H currentWindowPosition: 7 currentAminoAcid: K =&gt; 36
  input in matrix: state: H currentWindowPosition: 8 currentAminoAcid: K =&gt; 0
  input in matrix: state: H currentWindowPosition: 9 currentAminoAcid: K =&gt; 30
  input in matrix: state: H currentWindowPosition: 10 currentAminoAcid: K =&gt; 29
  input in matrix: state: H currentWindowPosition: 11 currentAminoAcid: K =&gt; 34
  input in matrix: state: H currentWindowPosition: 12 currentAminoAcid: K =&gt; 27
  input in matrix: state: H currentWindowPosition: 13 currentAminoAcid: K =&gt; 45
  input in matrix: state: H currentWindowPosition: 14 currentAminoAcid: K =&gt; 34
  input in matrix: state: H currentWindowPosition: 15 currentAminoAcid: K =&gt; 35
  input in matrix: state: H currentWindowPosition: 16 currentAminoAcid: K =&gt; 29
Process line: L	37	60	44	41	55	58	63	42	0	75	65	55	62	55	54	51	57
 data line!
  input in matrix: state: H currentWindowPosition: 0 currentAminoAcid: L =&gt; 37
  input in matrix: state: H currentWindowPosition: 1 currentAminoAcid: L =&gt; 60
  input in matrix: state: H currentWindowPosition: 2 currentAminoAcid: L =&gt; 44
  input in matrix: state: H currentWindowPosition: 3 currentAminoAcid: L =&gt; 41
  input in matrix: state: H currentWindowPosition: 4 currentAminoAcid: L =&gt; 55
  input in matrix: state: H currentWindowPosition: 5 currentAminoAcid: L =&gt; 58
  input in matrix: state: H currentWindowPosition: 6 currentAminoAcid: L =&gt; 63
  input in matrix: state: H currentWindowPosition: 7 currentAminoAcid: L =&gt; 42
  input in matrix: state: H currentWindowPosition: 8 currentAminoAcid: L =&gt; 0
  input in matrix: state: H currentWindowPosition: 9 currentAminoAcid: L =&gt; 75
  input in matrix: state: H currentWindowPosition: 10 currentAminoAcid: L =&gt; 65
  input in matrix: state: H currentWindowPosition: 11 currentAminoAcid: L =&gt; 55
  input in matrix: state: H currentWindowPosition: 12 currentAminoAcid: L =&gt; 62
  input in matrix: state: H currentWindowPosition: 13 currentAminoAcid: L =&gt; 55
  input in matrix: state: H currentWindowPosition: 14 currentAminoAcid: L =&gt; 54
  input in matrix: state: H currentWindowPosition: 15 currentAminoAcid: L =&gt; 51
  input in matrix: state: H currentWindowPosition: 16 currentAminoAcid: L =&gt; 57
Process line: M	13	7	18	14	13	15	14	13	0	19	16	12	13	16	6	13	13
 data line!
  input in matrix: state: H currentWindowPosition: 0 currentAminoAcid: M =&gt; 13
  input in matrix: state: H currentWindowPosition: 1 currentAminoAcid: M =&gt; 7
  input in matrix: state: H currentWindowPosition: 2 currentAminoAcid: M =&gt; 18
  input in matrix: state: H currentWindowPosition: 3 currentAminoAcid: M =&gt; 14
  input in matrix: state: H currentWindowPosition: 4 currentAminoAcid: M =&gt; 13
  input in matrix: state: H currentWindowPosition: 5 currentAminoAcid: M =&gt; 15
  input in matrix: state: H currentWindowPosition: 6 currentAminoAcid: M =&gt; 14
  input in matrix: state: H currentWindowPosition: 7 currentAminoAcid: M =&gt; 13
  input in matrix: state: H currentWindowPosition: 8 currentAminoAcid: M =&gt; 0
  input in matrix: state: H currentWindowPosition: 9 currentAminoAcid: M =&gt; 19
  input in matrix: state: H currentWindowPosition: 10 currentAminoAcid: M =&gt; 16
  input in matrix: state: H currentWindowPosition: 11 currentAminoAcid: M =&gt; 12
  input in matrix: state: H currentWindowPosition: 12 currentAminoAcid: M =&gt; 13
  input in matrix: state: H currentWindowPosition: 13 currentAminoAcid: M =&gt; 16
  input in matrix: state: H currentWindowPosition: 14 currentAminoAcid: M =&gt; 6
  input in matrix: state: H currentWindowPosition: 15 currentAminoAcid: M =&gt; 13
  input in matrix: state: H currentWindowPosition: 16 currentAminoAcid: M =&gt; 13
Process line: N	24	21	25	25	21	22	18	27	0	14	17	22	22	24	32	19	21
 data line!
  input in matrix: state: H currentWindowPosition: 0 currentAminoAcid: N =&gt; 24
  input in matrix: state: H currentWindowPosition: 1 currentAminoAcid: N =&gt; 21
  input in matrix: state: H currentWindowPosition: 2 currentAminoAcid: N =&gt; 25
  input in matrix: state: H currentWindowPosition: 3 currentAminoAcid: N =&gt; 25
  input in matrix: state: H currentWindowPosition: 4 currentAminoAcid: N =&gt; 21
  input in matrix: state: H currentWindowPosition: 5 currentAminoAcid: N =&gt; 22
  input in matrix: state: H currentWindowPosition: 6 currentAminoAcid: N =&gt; 18
  input in matrix: state: H currentWindowPosition: 7 currentAminoAcid: N =&gt; 27
  input in matrix: state: H currentWindowPosition: 8 currentAminoAcid: N =&gt; 0
  input in matrix: state: H currentWindowPosition: 9 currentAminoAcid: N =&gt; 14
  input in matrix: state: H currentWindowPosition: 10 currentAminoAcid: N =&gt; 17
  input in matrix: state: H currentWindowPosition: 11 currentAminoAcid: N =&gt; 22
  input in matrix: state: H currentWindowPosition: 12 currentAminoAcid: N =&gt; 22
  input in matrix: state: H currentWindowPosition: 13 currentAminoAcid: N =&gt; 24
  input in matrix: state: H currentWindowPosition: 14 currentAminoAcid: N =&gt; 32
  input in matrix: state: H currentWindowPosition: 15 currentAminoAcid: N =&gt; 19
  input in matrix: state: H currentWindowPosition: 16 currentAminoAcid: N =&gt; 21
Process line: P	23	25	29	24	23	22	27	15	0	1	12	15	21	14	22	13	23
 data line!
  input in matrix: state: H currentWindowPosition: 0 currentAminoAcid: P =&gt; 23
  input in matrix: state: H currentWindowPosition: 1 currentAminoAcid: P =&gt; 25
  input in matrix: state: H currentWindowPosition: 2 currentAminoAcid: P =&gt; 29
  input in matrix: state: H currentWindowPosition: 3 currentAminoAcid: P =&gt; 24
  input in matrix: state: H currentWindowPosition: 4 currentAminoAcid: P =&gt; 23
  input in matrix: state: H currentWindowPosition: 5 currentAminoAcid: P =&gt; 22
  input in matrix: state: H currentWindowPosition: 6 currentAminoAcid: P =&gt; 27
  input in matrix: state: H currentWindowPosition: 7 currentAminoAcid: P =&gt; 15
  input in matrix: state: H currentWindowPosition: 8 currentAminoAcid: P =&gt; 0
  input in matrix: state: H currentWindowPosition: 9 currentAminoAcid: P =&gt; 1
  input in matrix: state: H currentWindowPosition: 10 currentAminoAcid: P =&gt; 12
  input in matrix: state: H currentWindowPosition: 11 currentAminoAcid: P =&gt; 15
  input in matrix: state: H currentWindowPosition: 12 currentAminoAcid: P =&gt; 21
  input in matrix: state: H currentWindowPosition: 13 currentAminoAcid: P =&gt; 14
  input in matrix: state: H currentWindowPosition: 14 currentAminoAcid: P =&gt; 22
  input in matrix: state: H currentWindowPosition: 15 currentAminoAcid: P =&gt; 13
  input in matrix: state: H currentWindowPosition: 16 currentAminoAcid: P =&gt; 23
Process line: Q	19	18	17	21	16	16	20	31	0	20	30	16	17	23	22	23	19
 data line!
  input in matrix: state: H currentWindowPosition: 0 currentAminoAcid: Q =&gt; 19
  input in matrix: state: H currentWindowPosition: 1 currentAminoAcid: Q =&gt; 18
  input in matrix: state: H currentWindowPosition: 2 currentAminoAcid: Q =&gt; 17
  input in matrix: state: H currentWindowPosition: 3 currentAminoAcid: Q =&gt; 21
  input in matrix: state: H currentWindowPosition: 4 currentAminoAcid: Q =&gt; 16
  input in matrix: state: H currentWindowPosition: 5 currentAminoAcid: Q =&gt; 16
  input in matrix: state: H currentWindowPosition: 6 currentAminoAcid: Q =&gt; 20
  input in matrix: state: H currentWindowPosition: 7 currentAminoAcid: Q =&gt; 31
  input in matrix: state: H currentWindowPosition: 8 currentAminoAcid: Q =&gt; 0
  input in matrix: state: H currentWindowPosition: 9 currentAminoAcid: Q =&gt; 20
  input in matrix: state: H currentWindowPosition: 10 currentAminoAcid: Q =&gt; 30
  input in matrix: state: H currentWindowPosition: 11 currentAminoAcid: Q =&gt; 16
  input in matrix: state: H currentWindowPosition: 12 currentAminoAcid: Q =&gt; 17
  input in matrix: state: H currentWindowPosition: 13 currentAminoAcid: Q =&gt; 23
  input in matrix: state: H currentWindowPosition: 14 currentAminoAcid: Q =&gt; 22
  input in matrix: state: H currentWindowPosition: 15 currentAminoAcid: Q =&gt; 23
  input in matrix: state: H currentWindowPosition: 16 currentAminoAcid: Q =&gt; 19
Process line: R	31	21	30	27	29	21	21	33	0	30	27	28	29	24	30	30	30
 data line!
  input in matrix: state: H currentWindowPosition: 0 currentAminoAcid: R =&gt; 31
  input in matrix: state: H currentWindowPosition: 1 currentAminoAcid: R =&gt; 21
  input in matrix: state: H currentWindowPosition: 2 currentAminoAcid: R =&gt; 30
  input in matrix: state: H currentWindowPosition: 3 currentAminoAcid: R =&gt; 27
  input in matrix: state: H currentWindowPosition: 4 currentAminoAcid: R =&gt; 29
  input in matrix: state: H currentWindowPosition: 5 currentAminoAcid: R =&gt; 21
  input in matrix: state: H currentWindowPosition: 6 currentAminoAcid: R =&gt; 21
  input in matrix: state: H currentWindowPosition: 7 currentAminoAcid: R =&gt; 33
  input in matrix: state: H currentWindowPosition: 8 currentAminoAcid: R =&gt; 0
  input in matrix: state: H currentWindowPosition: 9 currentAminoAcid: R =&gt; 30
  input in matrix: state: H currentWindowPosition: 10 currentAminoAcid: R =&gt; 27
  input in matrix: state: H currentWindowPosition: 11 currentAminoAcid: R =&gt; 28
  input in matrix: state: H currentWindowPosition: 12 currentAminoAcid: R =&gt; 29
  input in matrix: state: H currentWindowPosition: 13 currentAminoAcid: R =&gt; 24
  input in matrix: state: H currentWindowPosition: 14 currentAminoAcid: R =&gt; 30
  input in matrix: state: H currentWindowPosition: 15 currentAminoAcid: R =&gt; 30
  input in matrix: state: H currentWindowPosition: 16 currentAminoAcid: R =&gt; 30
Process line: S	37	29	43	33	33	28	32	32	0	23	14	13	25	27	23	38	29
 data line!
  input in matrix: state: H currentWindowPosition: 0 currentAminoAcid: S =&gt; 37
  input in matrix: state: H currentWindowPosition: 1 currentAminoAcid: S =&gt; 29
  input in matrix: state: H currentWindowPosition: 2 currentAminoAcid: S =&gt; 43
  input in matrix: state: H currentWindowPosition: 3 currentAminoAcid: S =&gt; 33
  input in matrix: state: H currentWindowPosition: 4 currentAminoAcid: S =&gt; 33
  input in matrix: state: H currentWindowPosition: 5 currentAminoAcid: S =&gt; 28
  input in matrix: state: H currentWindowPosition: 6 currentAminoAcid: S =&gt; 32
  input in matrix: state: H currentWindowPosition: 7 currentAminoAcid: S =&gt; 32
  input in matrix: state: H currentWindowPosition: 8 currentAminoAcid: S =&gt; 0
  input in matrix: state: H currentWindowPosition: 9 currentAminoAcid: S =&gt; 23
  input in matrix: state: H currentWindowPosition: 10 currentAminoAcid: S =&gt; 14
  input in matrix: state: H currentWindowPosition: 11 currentAminoAcid: S =&gt; 13
  input in matrix: state: H currentWindowPosition: 12 currentAminoAcid: S =&gt; 25
  input in matrix: state: H currentWindowPosition: 13 currentAminoAcid: S =&gt; 27
  input in matrix: state: H currentWindowPosition: 14 currentAminoAcid: S =&gt; 23
  input in matrix: state: H currentWindowPosition: 15 currentAminoAcid: S =&gt; 38
  input in matrix: state: H currentWindowPosition: 16 currentAminoAcid: S =&gt; 29
Process line: T	36	21	29	27	25	30	32	37	0	22	35	28	25	29	21	28	23
 data line!
  input in matrix: state: H currentWindowPosition: 0 currentAminoAcid: T =&gt; 36
  input in matrix: state: H currentWindowPosition: 1 currentAminoAcid: T =&gt; 21
  input in matrix: state: H currentWindowPosition: 2 currentAminoAcid: T =&gt; 29
  input in matrix: state: H currentWindowPosition: 3 currentAminoAcid: T =&gt; 27
  input in matrix: state: H currentWindowPosition: 4 currentAminoAcid: T =&gt; 25
  input in matrix: state: H currentWindowPosition: 5 currentAminoAcid: T =&gt; 30
  input in matrix: state: H currentWindowPosition: 6 currentAminoAcid: T =&gt; 32
  input in matrix: state: H currentWindowPosition: 7 currentAminoAcid: T =&gt; 37
  input in matrix: state: H currentWindowPosition: 8 currentAminoAcid: T =&gt; 0
  input in matrix: state: H currentWindowPosition: 9 currentAminoAcid: T =&gt; 22
  input in matrix: state: H currentWindowPosition: 10 currentAminoAcid: T =&gt; 35
  input in matrix: state: H currentWindowPosition: 11 currentAminoAcid: T =&gt; 28
  input in matrix: state: H currentWindowPosition: 12 currentAminoAcid: T =&gt; 25
  input in matrix: state: H currentWindowPosition: 13 currentAminoAcid: T =&gt; 29
  input in matrix: state: H currentWindowPosition: 14 currentAminoAcid: T =&gt; 21
  input in matrix: state: H currentWindowPosition: 15 currentAminoAcid: T =&gt; 28
  input in matrix: state: H currentWindowPosition: 16 currentAminoAcid: T =&gt; 23
Process line: V	33	42	29	32	21	34	37	23	0	47	47	29	31	43	24	37	30
 data line!
  input in matrix: state: H currentWindowPosition: 0 currentAminoAcid: V =&gt; 33
  input in matrix: state: H currentWindowPosition: 1 currentAminoAcid: V =&gt; 42
  input in matrix: state: H currentWindowPosition: 2 currentAminoAcid: V =&gt; 29
  input in matrix: state: H currentWindowPosition: 3 currentAminoAcid: V =&gt; 32
  input in matrix: state: H currentWindowPosition: 4 currentAminoAcid: V =&gt; 21
  input in matrix: state: H currentWindowPosition: 5 currentAminoAcid: V =&gt; 34
  input in matrix: state: H currentWindowPosition: 6 currentAminoAcid: V =&gt; 37
  input in matrix: state: H currentWindowPosition: 7 currentAminoAcid: V =&gt; 23
  input in matrix: state: H currentWindowPosition: 8 currentAminoAcid: V =&gt; 0
  input in matrix: state: H currentWindowPosition: 9 currentAminoAcid: V =&gt; 47
  input in matrix: state: H currentWindowPosition: 10 currentAminoAcid: V =&gt; 47
  input in matrix: state: H currentWindowPosition: 11 currentAminoAcid: V =&gt; 29
  input in matrix: state: H currentWindowPosition: 12 currentAminoAcid: V =&gt; 31
  input in matrix: state: H currentWindowPosition: 13 currentAminoAcid: V =&gt; 43
  input in matrix: state: H currentWindowPosition: 14 currentAminoAcid: V =&gt; 24
  input in matrix: state: H currentWindowPosition: 15 currentAminoAcid: V =&gt; 37
  input in matrix: state: H currentWindowPosition: 16 currentAminoAcid: V =&gt; 30
Process line: W	6	7	6	8	6	8	12	10	0	10	10	10	7	5	11	13	2
 data line!
  input in matrix: state: H currentWindowPosition: 0 currentAminoAcid: W =&gt; 6
  input in matrix: state: H currentWindowPosition: 1 currentAminoAcid: W =&gt; 7
  input in matrix: state: H currentWindowPosition: 2 currentAminoAcid: W =&gt; 6
  input in matrix: state: H currentWindowPosition: 3 currentAminoAcid: W =&gt; 8
  input in matrix: state: H currentWindowPosition: 4 currentAminoAcid: W =&gt; 6
  input in matrix: state: H currentWindowPosition: 5 currentAminoAcid: W =&gt; 8
  input in matrix: state: H currentWindowPosition: 6 currentAminoAcid: W =&gt; 12
  input in matrix: state: H currentWindowPosition: 7 currentAminoAcid: W =&gt; 10
  input in matrix: state: H currentWindowPosition: 8 currentAminoAcid: W =&gt; 0
  input in matrix: state: H currentWindowPosition: 9 currentAminoAcid: W =&gt; 10
  input in matrix: state: H currentWindowPosition: 10 currentAminoAcid: W =&gt; 10
  input in matrix: state: H currentWindowPosition: 11 currentAminoAcid: W =&gt; 10
  input in matrix: state: H currentWindowPosition: 12 currentAminoAcid: W =&gt; 7
  input in matrix: state: H currentWindowPosition: 13 currentAminoAcid: W =&gt; 5
  input in matrix: state: H currentWindowPosition: 14 currentAminoAcid: W =&gt; 11
  input in matrix: state: H currentWindowPosition: 15 currentAminoAcid: W =&gt; 13
  input in matrix: state: H currentWindowPosition: 16 currentAminoAcid: W =&gt; 2
Process line: Y	25	17	13	30	29	19	23	15	0	19	20	25	24	25	15	25	29
 data line!
  input in matrix: state: H currentWindowPosition: 0 currentAminoAcid: Y =&gt; 25
  input in matrix: state: H currentWindowPosition: 1 currentAminoAcid: Y =&gt; 17
  input in matrix: state: H currentWindowPosition: 2 currentAminoAcid: Y =&gt; 13
  input in matrix: state: H currentWindowPosition: 3 currentAminoAcid: Y =&gt; 30
  input in matrix: state: H currentWindowPosition: 4 currentAminoAcid: Y =&gt; 29
  input in matrix: state: H currentWindowPosition: 5 currentAminoAcid: Y =&gt; 19
  input in matrix: state: H currentWindowPosition: 6 currentAminoAcid: Y =&gt; 23
  input in matrix: state: H currentWindowPosition: 7 currentAminoAcid: Y =&gt; 15
  input in matrix: state: H currentWindowPosition: 8 currentAminoAcid: Y =&gt; 0
  input in matrix: state: H currentWindowPosition: 9 currentAminoAcid: Y =&gt; 19
  input in matrix: state: H currentWindowPosition: 10 currentAminoAcid: Y =&gt; 20
  input in matrix: state: H currentWindowPosition: 11 currentAminoAcid: Y =&gt; 25
  input in matrix: state: H currentWindowPosition: 12 currentAminoAcid: Y =&gt; 24
  input in matrix: state: H currentWindowPosition: 13 currentAminoAcid: Y =&gt; 25
  input in matrix: state: H currentWindowPosition: 14 currentAminoAcid: Y =&gt; 15
  input in matrix: state: H currentWindowPosition: 15 currentAminoAcid: Y =&gt; 25
  input in matrix: state: H currentWindowPosition: 16 currentAminoAcid: Y =&gt; 29
Process line: 
 Skip line!
Process line: 
 Skip line!
Process line: =I,C=
 state line! (now in state: C)
Process line: 
 Skip line!
Process line: A	90	97	86	104	82	89	73	54	0	63	73	73	77	72	96	86	72
 data line!
  input in matrix: state: C currentWindowPosition: 0 currentAminoAcid: A =&gt; 90
  input in matrix: state: C currentWindowPosition: 1 currentAminoAcid: A =&gt; 97
  input in matrix: state: C currentWindowPosition: 2 currentAminoAcid: A =&gt; 86
  input in matrix: state: C currentWindowPosition: 3 currentAminoAcid: A =&gt; 104
  input in matrix: state: C currentWindowPosition: 4 currentAminoAcid: A =&gt; 82
  input in matrix: state: C currentWindowPosition: 5 currentAminoAcid: A =&gt; 89
  input in matrix: state: C currentWindowPosition: 6 currentAminoAcid: A =&gt; 73
  input in matrix: state: C currentWindowPosition: 7 currentAminoAcid: A =&gt; 54
  input in matrix: state: C currentWindowPosition: 8 currentAminoAcid: A =&gt; 0
  input in matrix: state: C currentWindowPosition: 9 currentAminoAcid: A =&gt; 63
  input in matrix: state: C currentWindowPosition: 10 currentAminoAcid: A =&gt; 73
  input in matrix: state: C currentWindowPosition: 11 currentAminoAcid: A =&gt; 73
  input in matrix: state: C currentWindowPosition: 12 currentAminoAcid: A =&gt; 77
  input in matrix: state: C currentWindowPosition: 13 currentAminoAcid: A =&gt; 72
  input in matrix: state: C currentWindowPosition: 14 currentAminoAcid: A =&gt; 96
  input in matrix: state: C currentWindowPosition: 15 currentAminoAcid: A =&gt; 86
  input in matrix: state: C currentWindowPosition: 16 currentAminoAcid: A =&gt; 72
Process line: C	24	19	15	15	13	18	19	16	0	7	18	14	13	24	17	9	19
 data line!
  input in matrix: state: C currentWindowPosition: 0 currentAminoAcid: C =&gt; 24
  input in matrix: state: C currentWindowPosition: 1 currentAminoAcid: C =&gt; 19
  input in matrix: state: C currentWindowPosition: 2 currentAminoAcid: C =&gt; 15
  input in matrix: state: C currentWindowPosition: 3 currentAminoAcid: C =&gt; 15
  input in matrix: state: C currentWindowPosition: 4 currentAminoAcid: C =&gt; 13
  input in matrix: state: C currentWindowPosition: 5 currentAminoAcid: C =&gt; 18
  input in matrix: state: C currentWindowPosition: 6 currentAminoAcid: C =&gt; 19
  input in matrix: state: C currentWindowPosition: 7 currentAminoAcid: C =&gt; 16
  input in matrix: state: C currentWindowPosition: 8 currentAminoAcid: C =&gt; 0
  input in matrix: state: C currentWindowPosition: 9 currentAminoAcid: C =&gt; 7
  input in matrix: state: C currentWindowPosition: 10 currentAminoAcid: C =&gt; 18
  input in matrix: state: C currentWindowPosition: 11 currentAminoAcid: C =&gt; 14
  input in matrix: state: C currentWindowPosition: 12 currentAminoAcid: C =&gt; 13
  input in matrix: state: C currentWindowPosition: 13 currentAminoAcid: C =&gt; 24
  input in matrix: state: C currentWindowPosition: 14 currentAminoAcid: C =&gt; 17
  input in matrix: state: C currentWindowPosition: 15 currentAminoAcid: C =&gt; 9
  input in matrix: state: C currentWindowPosition: 16 currentAminoAcid: C =&gt; 19
Process line: D	60	64	78	52	74	88	65	99	0	109	85	82	78	69	61	72	68
 data line!
  input in matrix: state: C currentWindowPosition: 0 currentAminoAcid: D =&gt; 60
  input in matrix: state: C currentWindowPosition: 1 currentAminoAcid: D =&gt; 64
  input in matrix: state: C currentWindowPosition: 2 currentAminoAcid: D =&gt; 78
  input in matrix: state: C currentWindowPosition: 3 currentAminoAcid: D =&gt; 52
  input in matrix: state: C currentWindowPosition: 4 currentAminoAcid: D =&gt; 74
  input in matrix: state: C currentWindowPosition: 5 currentAminoAcid: D =&gt; 88
  input in matrix: state: C currentWindowPosition: 6 currentAminoAcid: D =&gt; 65
  input in matrix: state: C currentWindowPosition: 7 currentAminoAcid: D =&gt; 99
  input in matrix: state: C currentWindowPosition: 8 currentAminoAcid: D =&gt; 0
  input in matrix: state: C currentWindowPosition: 9 currentAminoAcid: D =&gt; 109
  input in matrix: state: C currentWindowPosition: 10 currentAminoAcid: D =&gt; 85
  input in matrix: state: C currentWindowPosition: 11 currentAminoAcid: D =&gt; 82
  input in matrix: state: C currentWindowPosition: 12 currentAminoAcid: D =&gt; 78
  input in matrix: state: C currentWindowPosition: 13 currentAminoAcid: D =&gt; 69
  input in matrix: state: C currentWindowPosition: 14 currentAminoAcid: D =&gt; 61
  input in matrix: state: C currentWindowPosition: 15 currentAminoAcid: D =&gt; 72
  input in matrix: state: C currentWindowPosition: 16 currentAminoAcid: D =&gt; 68
Process line: E	67	61	45	54	54	53	61	53	0	58	67	61	75	62	65	64	63
 data line!
  input in matrix: state: C currentWindowPosition: 0 currentAminoAcid: E =&gt; 67
  input in matrix: state: C currentWindowPosition: 1 currentAminoAcid: E =&gt; 61
  input in matrix: state: C currentWindowPosition: 2 currentAminoAcid: E =&gt; 45
  input in matrix: state: C currentWindowPosition: 3 currentAminoAcid: E =&gt; 54
  input in matrix: state: C currentWindowPosition: 4 currentAminoAcid: E =&gt; 54
  input in matrix: state: C currentWindowPosition: 5 currentAminoAcid: E =&gt; 53
  input in matrix: state: C currentWindowPosition: 6 currentAminoAcid: E =&gt; 61
  input in matrix: state: C currentWindowPosition: 7 currentAminoAcid: E =&gt; 53
  input in matrix: state: C currentWindowPosition: 8 currentAminoAcid: E =&gt; 0
  input in matrix: state: C currentWindowPosition: 9 currentAminoAcid: E =&gt; 58
  input in matrix: state: C currentWindowPosition: 10 currentAminoAcid: E =&gt; 67
  input in matrix: state: C currentWindowPosition: 11 currentAminoAcid: E =&gt; 61
  input in matrix: state: C currentWindowPosition: 12 currentAminoAcid: E =&gt; 75
  input in matrix: state: C currentWindowPosition: 13 currentAminoAcid: E =&gt; 62
  input in matrix: state: C currentWindowPosition: 14 currentAminoAcid: E =&gt; 65
  input in matrix: state: C currentWindowPosition: 15 currentAminoAcid: E =&gt; 64
  input in matrix: state: C currentWindowPosition: 16 currentAminoAcid: E =&gt; 63
Process line: F	41	39	42	40	34	45	33	31	0	19	26	35	38	32	50	33	46
 data line!
  input in matrix: state: C currentWindowPosition: 0 currentAminoAcid: F =&gt; 41
  input in matrix: state: C currentWindowPosition: 1 currentAminoAcid: F =&gt; 39
  input in matrix: state: C currentWindowPosition: 2 currentAminoAcid: F =&gt; 42
  input in matrix: state: C currentWindowPosition: 3 currentAminoAcid: F =&gt; 40
  input in matrix: state: C currentWindowPosition: 4 currentAminoAcid: F =&gt; 34
  input in matrix: state: C currentWindowPosition: 5 currentAminoAcid: F =&gt; 45
  input in matrix: state: C currentWindowPosition: 6 currentAminoAcid: F =&gt; 33
  input in matrix: state: C currentWindowPosition: 7 currentAminoAcid: F =&gt; 31
  input in matrix: state: C currentWindowPosition: 8 currentAminoAcid: F =&gt; 0
  input in matrix: state: C currentWindowPosition: 9 currentAminoAcid: F =&gt; 19
  input in matrix: state: C currentWindowPosition: 10 currentAminoAcid: F =&gt; 26
  input in matrix: state: C currentWindowPosition: 11 currentAminoAcid: F =&gt; 35
  input in matrix: state: C currentWindowPosition: 12 currentAminoAcid: F =&gt; 38
  input in matrix: state: C currentWindowPosition: 13 currentAminoAcid: F =&gt; 32
  input in matrix: state: C currentWindowPosition: 14 currentAminoAcid: F =&gt; 50
  input in matrix: state: C currentWindowPosition: 15 currentAminoAcid: F =&gt; 33
  input in matrix: state: C currentWindowPosition: 16 currentAminoAcid: F =&gt; 46
Process line: G	77	77	99	67	85	98	109	190	0	105	103	109	72	75	87	78	84
 data line!
  input in matrix: state: C currentWindowPosition: 0 currentAminoAcid: G =&gt; 77
  input in matrix: state: C currentWindowPosition: 1 currentAminoAcid: G =&gt; 77
  input in matrix: state: C currentWindowPosition: 2 currentAminoAcid: G =&gt; 99
  input in matrix: state: C currentWindowPosition: 3 currentAminoAcid: G =&gt; 67
  input in matrix: state: C currentWindowPosition: 4 currentAminoAcid: G =&gt; 85
  input in matrix: state: C currentWindowPosition: 5 currentAminoAcid: G =&gt; 98
  input in matrix: state: C currentWindowPosition: 6 currentAminoAcid: G =&gt; 109
  input in matrix: state: C currentWindowPosition: 7 currentAminoAcid: G =&gt; 190
  input in matrix: state: C currentWindowPosition: 8 currentAminoAcid: G =&gt; 0
  input in matrix: state: C currentWindowPosition: 9 currentAminoAcid: G =&gt; 105
  input in matrix: state: C currentWindowPosition: 10 currentAminoAcid: G =&gt; 103
  input in matrix: state: C currentWindowPosition: 11 currentAminoAcid: G =&gt; 109
  input in matrix: state: C currentWindowPosition: 12 currentAminoAcid: G =&gt; 72
  input in matrix: state: C currentWindowPosition: 13 currentAminoAcid: G =&gt; 75
  input in matrix: state: C currentWindowPosition: 14 currentAminoAcid: G =&gt; 87
  input in matrix: state: C currentWindowPosition: 15 currentAminoAcid: G =&gt; 78
  input in matrix: state: C currentWindowPosition: 16 currentAminoAcid: G =&gt; 84
Process line: H	18	24	27	24	26	32	23	32	0	31	27	21	26	25	26	21	23
 data line!
  input in matrix: state: C currentWindowPosition: 0 currentAminoAcid: H =&gt; 18
  input in matrix: state: C currentWindowPosition: 1 currentAminoAcid: H =&gt; 24
  input in matrix: state: C currentWindowPosition: 2 currentAminoAcid: H =&gt; 27
  input in matrix: state: C currentWindowPosition: 3 currentAminoAcid: H =&gt; 24
  input in matrix: state: C currentWindowPosition: 4 currentAminoAcid: H =&gt; 26
  input in matrix: state: C currentWindowPosition: 5 currentAminoAcid: H =&gt; 32
  input in matrix: state: C currentWindowPosition: 6 currentAminoAcid: H =&gt; 23
  input in matrix: state: C currentWindowPosition: 7 currentAminoAcid: H =&gt; 32
  input in matrix: state: C currentWindowPosition: 8 currentAminoAcid: H =&gt; 0
  input in matrix: state: C currentWindowPosition: 9 currentAminoAcid: H =&gt; 31
  input in matrix: state: C currentWindowPosition: 10 currentAminoAcid: H =&gt; 27
  input in matrix: state: C currentWindowPosition: 11 currentAminoAcid: H =&gt; 21
  input in matrix: state: C currentWindowPosition: 12 currentAminoAcid: H =&gt; 26
  input in matrix: state: C currentWindowPosition: 13 currentAminoAcid: H =&gt; 25
  input in matrix: state: C currentWindowPosition: 14 currentAminoAcid: H =&gt; 26
  input in matrix: state: C currentWindowPosition: 15 currentAminoAcid: H =&gt; 21
  input in matrix: state: C currentWindowPosition: 16 currentAminoAcid: H =&gt; 23
Process line: I	62	46	61	67	69	43	44	25	1049	33	30	51	56	77	70	49	59
 data line!
  input in matrix: state: C currentWindowPosition: 0 currentAminoAcid: I =&gt; 62
  input in matrix: state: C currentWindowPosition: 1 currentAminoAcid: I =&gt; 46
  input in matrix: state: C currentWindowPosition: 2 currentAminoAcid: I =&gt; 61
  input in matrix: state: C currentWindowPosition: 3 currentAminoAcid: I =&gt; 67
  input in matrix: state: C currentWindowPosition: 4 currentAminoAcid: I =&gt; 69
  input in matrix: state: C currentWindowPosition: 5 currentAminoAcid: I =&gt; 43
  input in matrix: state: C currentWindowPosition: 6 currentAminoAcid: I =&gt; 44
  input in matrix: state: C currentWindowPosition: 7 currentAminoAcid: I =&gt; 25
  input in matrix: state: C currentWindowPosition: 8 currentAminoAcid: I =&gt; 1049
  input in matrix: state: C currentWindowPosition: 9 currentAminoAcid: I =&gt; 33
  input in matrix: state: C currentWindowPosition: 10 currentAminoAcid: I =&gt; 30
  input in matrix: state: C currentWindowPosition: 11 currentAminoAcid: I =&gt; 51
  input in matrix: state: C currentWindowPosition: 12 currentAminoAcid: I =&gt; 56
  input in matrix: state: C currentWindowPosition: 13 currentAminoAcid: I =&gt; 77
  input in matrix: state: C currentWindowPosition: 14 currentAminoAcid: I =&gt; 70
  input in matrix: state: C currentWindowPosition: 15 currentAminoAcid: I =&gt; 49
  input in matrix: state: C currentWindowPosition: 16 currentAminoAcid: I =&gt; 59
Process line: K	65	74	72	62	68	71	78	73	0	64	64	56	65	50	66	69	57
 data line!
  input in matrix: state: C currentWindowPosition: 0 currentAminoAcid: K =&gt; 65
  input in matrix: state: C currentWindowPosition: 1 currentAminoAcid: K =&gt; 74
  input in matrix: state: C currentWindowPosition: 2 currentAminoAcid: K =&gt; 72
  input in matrix: state: C currentWindowPosition: 3 currentAminoAcid: K =&gt; 62
  input in matrix: state: C currentWindowPosition: 4 currentAminoAcid: K =&gt; 68
  input in matrix: state: C currentWindowPosition: 5 currentAminoAcid: K =&gt; 71
  input in matrix: state: C currentWindowPosition: 6 currentAminoAcid: K =&gt; 78
  input in matrix: state: C currentWindowPosition: 7 currentAminoAcid: K =&gt; 73
  input in matrix: state: C currentWindowPosition: 8 currentAminoAcid: K =&gt; 0
  input in matrix: state: C currentWindowPosition: 9 currentAminoAcid: K =&gt; 64
  input in matrix: state: C currentWindowPosition: 10 currentAminoAcid: K =&gt; 64
  input in matrix: state: C currentWindowPosition: 11 currentAminoAcid: K =&gt; 56
  input in matrix: state: C currentWindowPosition: 12 currentAminoAcid: K =&gt; 65
  input in matrix: state: C currentWindowPosition: 13 currentAminoAcid: K =&gt; 50
  input in matrix: state: C currentWindowPosition: 14 currentAminoAcid: K =&gt; 66
  input in matrix: state: C currentWindowPosition: 15 currentAminoAcid: K =&gt; 69
  input in matrix: state: C currentWindowPosition: 16 currentAminoAcid: K =&gt; 57
Process line: L	84	97	88	98	61	72	71	49	0	44	59	59	74	89	75	89	98
 data line!
  input in matrix: state: C currentWindowPosition: 0 currentAminoAcid: L =&gt; 84
  input in matrix: state: C currentWindowPosition: 1 currentAminoAcid: L =&gt; 97
  input in matrix: state: C currentWindowPosition: 2 currentAminoAcid: L =&gt; 88
  input in matrix: state: C currentWindowPosition: 3 currentAminoAcid: L =&gt; 98
  input in matrix: state: C currentWindowPosition: 4 currentAminoAcid: L =&gt; 61
  input in matrix: state: C currentWindowPosition: 5 currentAminoAcid: L =&gt; 72
  input in matrix: state: C currentWindowPosition: 6 currentAminoAcid: L =&gt; 71
  input in matrix: state: C currentWindowPosition: 7 currentAminoAcid: L =&gt; 49
  input in matrix: state: C currentWindowPosition: 8 currentAminoAcid: L =&gt; 0
  input in matrix: state: C currentWindowPosition: 9 currentAminoAcid: L =&gt; 44
  input in matrix: state: C currentWindowPosition: 10 currentAminoAcid: L =&gt; 59
  input in matrix: state: C currentWindowPosition: 11 currentAminoAcid: L =&gt; 59
  input in matrix: state: C currentWindowPosition: 12 currentAminoAcid: L =&gt; 74
  input in matrix: state: C currentWindowPosition: 13 currentAminoAcid: L =&gt; 89
  input in matrix: state: C currentWindowPosition: 14 currentAminoAcid: L =&gt; 75
  input in matrix: state: C currentWindowPosition: 15 currentAminoAcid: L =&gt; 89
  input in matrix: state: C currentWindowPosition: 16 currentAminoAcid: L =&gt; 98
Process line: M	21	27	22	21	22	9	14	16	0	9	14	15	17	17	19	25	34
 data line!
  input in matrix: state: C currentWindowPosition: 0 currentAminoAcid: M =&gt; 21
  input in matrix: state: C currentWindowPosition: 1 currentAminoAcid: M =&gt; 27
  input in matrix: state: C currentWindowPosition: 2 currentAminoAcid: M =&gt; 22
  input in matrix: state: C currentWindowPosition: 3 currentAminoAcid: M =&gt; 21
  input in matrix: state: C currentWindowPosition: 4 currentAminoAcid: M =&gt; 22
  input in matrix: state: C currentWindowPosition: 5 currentAminoAcid: M =&gt; 9
  input in matrix: state: C currentWindowPosition: 6 currentAminoAcid: M =&gt; 14
  input in matrix: state: C currentWindowPosition: 7 currentAminoAcid: M =&gt; 16
  input in matrix: state: C currentWindowPosition: 8 currentAminoAcid: M =&gt; 0
  input in matrix: state: C currentWindowPosition: 9 currentAminoAcid: M =&gt; 9
  input in matrix: state: C currentWindowPosition: 10 currentAminoAcid: M =&gt; 14
  input in matrix: state: C currentWindowPosition: 11 currentAminoAcid: M =&gt; 15
  input in matrix: state: C currentWindowPosition: 12 currentAminoAcid: M =&gt; 17
  input in matrix: state: C currentWindowPosition: 13 currentAminoAcid: M =&gt; 17
  input in matrix: state: C currentWindowPosition: 14 currentAminoAcid: M =&gt; 19
  input in matrix: state: C currentWindowPosition: 15 currentAminoAcid: M =&gt; 25
  input in matrix: state: C currentWindowPosition: 16 currentAminoAcid: M =&gt; 34
Process line: N	47	36	41	54	66	60	76	71	0	65	48	59	42	37	37	54	45
 data line!
  input in matrix: state: C currentWindowPosition: 0 currentAminoAcid: N =&gt; 47
  input in matrix: state: C currentWindowPosition: 1 currentAminoAcid: N =&gt; 36
  input in matrix: state: C currentWindowPosition: 2 currentAminoAcid: N =&gt; 41
  input in matrix: state: C currentWindowPosition: 3 currentAminoAcid: N =&gt; 54
  input in matrix: state: C currentWindowPosition: 4 currentAminoAcid: N =&gt; 66
  input in matrix: state: C currentWindowPosition: 5 currentAminoAcid: N =&gt; 60
  input in matrix: state: C currentWindowPosition: 6 currentAminoAcid: N =&gt; 76
  input in matrix: state: C currentWindowPosition: 7 currentAminoAcid: N =&gt; 71
  input in matrix: state: C currentWindowPosition: 8 currentAminoAcid: N =&gt; 0
  input in matrix: state: C currentWindowPosition: 9 currentAminoAcid: N =&gt; 65
  input in matrix: state: C currentWindowPosition: 10 currentAminoAcid: N =&gt; 48
  input in matrix: state: C currentWindowPosition: 11 currentAminoAcid: N =&gt; 59
  input in matrix: state: C currentWindowPosition: 12 currentAminoAcid: N =&gt; 42
  input in matrix: state: C currentWindowPosition: 13 currentAminoAcid: N =&gt; 37
  input in matrix: state: C currentWindowPosition: 14 currentAminoAcid: N =&gt; 37
  input in matrix: state: C currentWindowPosition: 15 currentAminoAcid: N =&gt; 54
  input in matrix: state: C currentWindowPosition: 16 currentAminoAcid: N =&gt; 45
Process line: P	51	44	40	47	52	54	67	58	0	147	92	72	60	52	55	50	48
 data line!
  input in matrix: state: C currentWindowPosition: 0 currentAminoAcid: P =&gt; 51
  input in matrix: state: C currentWindowPosition: 1 currentAminoAcid: P =&gt; 44
  input in matrix: state: C currentWindowPosition: 2 currentAminoAcid: P =&gt; 40
  input in matrix: state: C currentWindowPosition: 3 currentAminoAcid: P =&gt; 47
  input in matrix: state: C currentWindowPosition: 4 currentAminoAcid: P =&gt; 52
  input in matrix: state: C currentWindowPosition: 5 currentAminoAcid: P =&gt; 54
  input in matrix: state: C currentWindowPosition: 6 currentAminoAcid: P =&gt; 67
  input in matrix: state: C currentWindowPosition: 7 currentAminoAcid: P =&gt; 58
  input in matrix: state: C currentWindowPosition: 8 currentAminoAcid: P =&gt; 0
  input in matrix: state: C currentWindowPosition: 9 currentAminoAcid: P =&gt; 147
  input in matrix: state: C currentWindowPosition: 10 currentAminoAcid: P =&gt; 92
  input in matrix: state: C currentWindowPosition: 11 currentAminoAcid: P =&gt; 72
  input in matrix: state: C currentWindowPosition: 12 currentAminoAcid: P =&gt; 60
  input in matrix: state: C currentWindowPosition: 13 currentAminoAcid: P =&gt; 52
  input in matrix: state: C currentWindowPosition: 14 currentAminoAcid: P =&gt; 55
  input in matrix: state: C currentWindowPosition: 15 currentAminoAcid: P =&gt; 50
  input in matrix: state: C currentWindowPosition: 16 currentAminoAcid: P =&gt; 48
Process line: Q	35	34	29	42	41	46	47	34	0	29	36	28	37	34	31	38	33
 data line!
  input in matrix: state: C currentWindowPosition: 0 currentAminoAcid: Q =&gt; 35
  input in matrix: state: C currentWindowPosition: 1 currentAminoAcid: Q =&gt; 34
  input in matrix: state: C currentWindowPosition: 2 currentAminoAcid: Q =&gt; 29
  input in matrix: state: C currentWindowPosition: 3 currentAminoAcid: Q =&gt; 42
  input in matrix: state: C currentWindowPosition: 4 currentAminoAcid: Q =&gt; 41
  input in matrix: state: C currentWindowPosition: 5 currentAminoAcid: Q =&gt; 46
  input in matrix: state: C currentWindowPosition: 6 currentAminoAcid: Q =&gt; 47
  input in matrix: state: C currentWindowPosition: 7 currentAminoAcid: Q =&gt; 34
  input in matrix: state: C currentWindowPosition: 8 currentAminoAcid: Q =&gt; 0
  input in matrix: state: C currentWindowPosition: 9 currentAminoAcid: Q =&gt; 29
  input in matrix: state: C currentWindowPosition: 10 currentAminoAcid: Q =&gt; 36
  input in matrix: state: C currentWindowPosition: 11 currentAminoAcid: Q =&gt; 28
  input in matrix: state: C currentWindowPosition: 12 currentAminoAcid: Q =&gt; 37
  input in matrix: state: C currentWindowPosition: 13 currentAminoAcid: Q =&gt; 34
  input in matrix: state: C currentWindowPosition: 14 currentAminoAcid: Q =&gt; 31
  input in matrix: state: C currentWindowPosition: 15 currentAminoAcid: Q =&gt; 38
  input in matrix: state: C currentWindowPosition: 16 currentAminoAcid: Q =&gt; 33
Process line: R	51	47	46	41	60	51	41	45	0	54	57	48	44	43	42	48	38
 data line!
  input in matrix: state: C currentWindowPosition: 0 currentAminoAcid: R =&gt; 51
  input in matrix: state: C currentWindowPosition: 1 currentAminoAcid: R =&gt; 47
  input in matrix: state: C currentWindowPosition: 2 currentAminoAcid: R =&gt; 46
  input in matrix: state: C currentWindowPosition: 3 currentAminoAcid: R =&gt; 41
  input in matrix: state: C currentWindowPosition: 4 currentAminoAcid: R =&gt; 60
  input in matrix: state: C currentWindowPosition: 5 currentAminoAcid: R =&gt; 51
  input in matrix: state: C currentWindowPosition: 6 currentAminoAcid: R =&gt; 41
  input in matrix: state: C currentWindowPosition: 7 currentAminoAcid: R =&gt; 45
  input in matrix: state: C currentWindowPosition: 8 currentAminoAcid: R =&gt; 0
  input in matrix: state: C currentWindowPosition: 9 currentAminoAcid: R =&gt; 54
  input in matrix: state: C currentWindowPosition: 10 currentAminoAcid: R =&gt; 57
  input in matrix: state: C currentWindowPosition: 11 currentAminoAcid: R =&gt; 48
  input in matrix: state: C currentWindowPosition: 12 currentAminoAcid: R =&gt; 44
  input in matrix: state: C currentWindowPosition: 13 currentAminoAcid: R =&gt; 43
  input in matrix: state: C currentWindowPosition: 14 currentAminoAcid: R =&gt; 42
  input in matrix: state: C currentWindowPosition: 15 currentAminoAcid: R =&gt; 48
  input in matrix: state: C currentWindowPosition: 16 currentAminoAcid: R =&gt; 38
Process line: S	57	71	61	68	71	78	77	71	0	67	72	66	77	74	68	66	71
 data line!
  input in matrix: state: C currentWindowPosition: 0 currentAminoAcid: S =&gt; 57
  input in matrix: state: C currentWindowPosition: 1 currentAminoAcid: S =&gt; 71
  input in matrix: state: C currentWindowPosition: 2 currentAminoAcid: S =&gt; 61
  input in matrix: state: C currentWindowPosition: 3 currentAminoAcid: S =&gt; 68
  input in matrix: state: C currentWindowPosition: 4 currentAminoAcid: S =&gt; 71
  input in matrix: state: C currentWindowPosition: 5 currentAminoAcid: S =&gt; 78
  input in matrix: state: C currentWindowPosition: 6 currentAminoAcid: S =&gt; 77
  input in matrix: state: C currentWindowPosition: 7 currentAminoAcid: S =&gt; 71
  input in matrix: state: C currentWindowPosition: 8 currentAminoAcid: S =&gt; 0
  input in matrix: state: C currentWindowPosition: 9 currentAminoAcid: S =&gt; 67
  input in matrix: state: C currentWindowPosition: 10 currentAminoAcid: S =&gt; 72
  input in matrix: state: C currentWindowPosition: 11 currentAminoAcid: S =&gt; 66
  input in matrix: state: C currentWindowPosition: 12 currentAminoAcid: S =&gt; 77
  input in matrix: state: C currentWindowPosition: 13 currentAminoAcid: S =&gt; 74
  input in matrix: state: C currentWindowPosition: 14 currentAminoAcid: S =&gt; 68
  input in matrix: state: C currentWindowPosition: 15 currentAminoAcid: S =&gt; 66
  input in matrix: state: C currentWindowPosition: 16 currentAminoAcid: S =&gt; 71
Process line: T	67	51	53	70	56	53	69	55	0	66	64	73	75	81	65	76	54
 data line!
  input in matrix: state: C currentWindowPosition: 0 currentAminoAcid: T =&gt; 67
  input in matrix: state: C currentWindowPosition: 1 currentAminoAcid: T =&gt; 51
  input in matrix: state: C currentWindowPosition: 2 currentAminoAcid: T =&gt; 53
  input in matrix: state: C currentWindowPosition: 3 currentAminoAcid: T =&gt; 70
  input in matrix: state: C currentWindowPosition: 4 currentAminoAcid: T =&gt; 56
  input in matrix: state: C currentWindowPosition: 5 currentAminoAcid: T =&gt; 53
  input in matrix: state: C currentWindowPosition: 6 currentAminoAcid: T =&gt; 69
  input in matrix: state: C currentWindowPosition: 7 currentAminoAcid: T =&gt; 55
  input in matrix: state: C currentWindowPosition: 8 currentAminoAcid: T =&gt; 0
  input in matrix: state: C currentWindowPosition: 9 currentAminoAcid: T =&gt; 66
  input in matrix: state: C currentWindowPosition: 10 currentAminoAcid: T =&gt; 64
  input in matrix: state: C currentWindowPosition: 11 currentAminoAcid: T =&gt; 73
  input in matrix: state: C currentWindowPosition: 12 currentAminoAcid: T =&gt; 75
  input in matrix: state: C currentWindowPosition: 13 currentAminoAcid: T =&gt; 81
  input in matrix: state: C currentWindowPosition: 14 currentAminoAcid: T =&gt; 65
  input in matrix: state: C currentWindowPosition: 15 currentAminoAcid: T =&gt; 76
  input in matrix: state: C currentWindowPosition: 16 currentAminoAcid: T =&gt; 54
Process line: V	76	80	70	62	56	49	39	46	0	39	53	72	70	87	65	70	78
 data line!
  input in matrix: state: C currentWindowPosition: 0 currentAminoAcid: V =&gt; 76
  input in matrix: state: C currentWindowPosition: 1 currentAminoAcid: V =&gt; 80
  input in matrix: state: C currentWindowPosition: 2 currentAminoAcid: V =&gt; 70
  input in matrix: state: C currentWindowPosition: 3 currentAminoAcid: V =&gt; 62
  input in matrix: state: C currentWindowPosition: 4 currentAminoAcid: V =&gt; 56
  input in matrix: state: C currentWindowPosition: 5 currentAminoAcid: V =&gt; 49
  input in matrix: state: C currentWindowPosition: 6 currentAminoAcid: V =&gt; 39
  input in matrix: state: C currentWindowPosition: 7 currentAminoAcid: V =&gt; 46
  input in matrix: state: C currentWindowPosition: 8 currentAminoAcid: V =&gt; 0
  input in matrix: state: C currentWindowPosition: 9 currentAminoAcid: V =&gt; 39
  input in matrix: state: C currentWindowPosition: 10 currentAminoAcid: V =&gt; 53
  input in matrix: state: C currentWindowPosition: 11 currentAminoAcid: V =&gt; 72
  input in matrix: state: C currentWindowPosition: 12 currentAminoAcid: V =&gt; 70
  input in matrix: state: C currentWindowPosition: 13 currentAminoAcid: V =&gt; 87
  input in matrix: state: C currentWindowPosition: 14 currentAminoAcid: V =&gt; 65
  input in matrix: state: C currentWindowPosition: 15 currentAminoAcid: V =&gt; 70
  input in matrix: state: C currentWindowPosition: 16 currentAminoAcid: V =&gt; 78
Process line: W	18	16	19	18	12	13	12	8	0	12	23	13	15	16	13	12	18
 data line!
  input in matrix: state: C currentWindowPosition: 0 currentAminoAcid: W =&gt; 18
  input in matrix: state: C currentWindowPosition: 1 currentAminoAcid: W =&gt; 16
  input in matrix: state: C currentWindowPosition: 2 currentAminoAcid: W =&gt; 19
  input in matrix: state: C currentWindowPosition: 3 currentAminoAcid: W =&gt; 18
  input in matrix: state: C currentWindowPosition: 4 currentAminoAcid: W =&gt; 12
  input in matrix: state: C currentWindowPosition: 5 currentAminoAcid: W =&gt; 13
  input in matrix: state: C currentWindowPosition: 6 currentAminoAcid: W =&gt; 12
  input in matrix: state: C currentWindowPosition: 7 currentAminoAcid: W =&gt; 8
  input in matrix: state: C currentWindowPosition: 8 currentAminoAcid: W =&gt; 0
  input in matrix: state: C currentWindowPosition: 9 currentAminoAcid: W =&gt; 12
  input in matrix: state: C currentWindowPosition: 10 currentAminoAcid: W =&gt; 23
  input in matrix: state: C currentWindowPosition: 11 currentAminoAcid: W =&gt; 13
  input in matrix: state: C currentWindowPosition: 12 currentAminoAcid: W =&gt; 15
  input in matrix: state: C currentWindowPosition: 13 currentAminoAcid: W =&gt; 16
  input in matrix: state: C currentWindowPosition: 14 currentAminoAcid: W =&gt; 13
  input in matrix: state: C currentWindowPosition: 15 currentAminoAcid: W =&gt; 12
  input in matrix: state: C currentWindowPosition: 16 currentAminoAcid: W =&gt; 18
Process line: Y	37	45	54	42	46	27	29	22	0	28	36	40	38	32	38	39	39
 data line!
  input in matrix: state: C currentWindowPosition: 0 currentAminoAcid: Y =&gt; 37
  input in matrix: state: C currentWindowPosition: 1 currentAminoAcid: Y =&gt; 45
  input in matrix: state: C currentWindowPosition: 2 currentAminoAcid: Y =&gt; 54
  input in matrix: state: C currentWindowPosition: 3 currentAminoAcid: Y =&gt; 42
  input in matrix: state: C currentWindowPosition: 4 currentAminoAcid: Y =&gt; 46
  input in matrix: state: C currentWindowPosition: 5 currentAminoAcid: Y =&gt; 27
  input in matrix: state: C currentWindowPosition: 6 currentAminoAcid: Y =&gt; 29
  input in matrix: state: C currentWindowPosition: 7 currentAminoAcid: Y =&gt; 22
  input in matrix: state: C currentWindowPosition: 8 currentAminoAcid: Y =&gt; 0
  input in matrix: state: C currentWindowPosition: 9 currentAminoAcid: Y =&gt; 28
  input in matrix: state: C currentWindowPosition: 10 currentAminoAcid: Y =&gt; 36
  input in matrix: state: C currentWindowPosition: 11 currentAminoAcid: Y =&gt; 40
  input in matrix: state: C currentWindowPosition: 12 currentAminoAcid: Y =&gt; 38
  input in matrix: state: C currentWindowPosition: 13 currentAminoAcid: Y =&gt; 32
  input in matrix: state: C currentWindowPosition: 14 currentAminoAcid: Y =&gt; 38
  input in matrix: state: C currentWindowPosition: 15 currentAminoAcid: Y =&gt; 39
  input in matrix: state: C currentWindowPosition: 16 currentAminoAcid: Y =&gt; 39
Process line: 
 Skip line!
Process line: 
 Skip line!
Process line: =I,E=
 state line! (now in state: E)
Process line: 
 Skip line!
Process line: A	140	146	125	109	104	104	115	114	0	125	122	114	141	122	117	136	121
 data line!
  input in matrix: state: E currentWindowPosition: 0 currentAminoAcid: A =&gt; 140
  input in matrix: state: E currentWindowPosition: 1 currentAminoAcid: A =&gt; 146
  input in matrix: state: E currentWindowPosition: 2 currentAminoAcid: A =&gt; 125
  input in matrix: state: E currentWindowPosition: 3 currentAminoAcid: A =&gt; 109
  input in matrix: state: E currentWindowPosition: 4 currentAminoAcid: A =&gt; 104
  input in matrix: state: E currentWindowPosition: 5 currentAminoAcid: A =&gt; 104
  input in matrix: state: E currentWindowPosition: 6 currentAminoAcid: A =&gt; 115
  input in matrix: state: E currentWindowPosition: 7 currentAminoAcid: A =&gt; 114
  input in matrix: state: E currentWindowPosition: 8 currentAminoAcid: A =&gt; 0
  input in matrix: state: E currentWindowPosition: 9 currentAminoAcid: A =&gt; 125
  input in matrix: state: E currentWindowPosition: 10 currentAminoAcid: A =&gt; 122
  input in matrix: state: E currentWindowPosition: 11 currentAminoAcid: A =&gt; 114
  input in matrix: state: E currentWindowPosition: 12 currentAminoAcid: A =&gt; 141
  input in matrix: state: E currentWindowPosition: 13 currentAminoAcid: A =&gt; 122
  input in matrix: state: E currentWindowPosition: 14 currentAminoAcid: A =&gt; 117
  input in matrix: state: E currentWindowPosition: 15 currentAminoAcid: A =&gt; 136
  input in matrix: state: E currentWindowPosition: 16 currentAminoAcid: A =&gt; 121
Process line: C	20	14	24	20	15	24	24	25	0	28	22	30	33	23	25	28	25
 data line!
  input in matrix: state: E currentWindowPosition: 0 currentAminoAcid: C =&gt; 20
  input in matrix: state: E currentWindowPosition: 1 currentAminoAcid: C =&gt; 14
  input in matrix: state: E currentWindowPosition: 2 currentAminoAcid: C =&gt; 24
  input in matrix: state: E currentWindowPosition: 3 currentAminoAcid: C =&gt; 20
  input in matrix: state: E currentWindowPosition: 4 currentAminoAcid: C =&gt; 15
  input in matrix: state: E currentWindowPosition: 5 currentAminoAcid: C =&gt; 24
  input in matrix: state: E currentWindowPosition: 6 currentAminoAcid: C =&gt; 24
  input in matrix: state: E currentWindowPosition: 7 currentAminoAcid: C =&gt; 25
  input in matrix: state: E currentWindowPosition: 8 currentAminoAcid: C =&gt; 0
  input in matrix: state: E currentWindowPosition: 9 currentAminoAcid: C =&gt; 28
  input in matrix: state: E currentWindowPosition: 10 currentAminoAcid: C =&gt; 22
  input in matrix: state: E currentWindowPosition: 11 currentAminoAcid: C =&gt; 30
  input in matrix: state: E currentWindowPosition: 12 currentAminoAcid: C =&gt; 33
  input in matrix: state: E currentWindowPosition: 13 currentAminoAcid: C =&gt; 23
  input in matrix: state: E currentWindowPosition: 14 currentAminoAcid: C =&gt; 25
  input in matrix: state: E currentWindowPosition: 15 currentAminoAcid: C =&gt; 28
  input in matrix: state: E currentWindowPosition: 16 currentAminoAcid: C =&gt; 25
Process line: D	86	109	120	88	120	120	91	73	0	103	98	134	128	108	98	110	107
 data line!
  input in matrix: state: E currentWindowPosition: 0 currentAminoAcid: D =&gt; 86
  input in matrix: state: E currentWindowPosition: 1 currentAminoAcid: D =&gt; 109
  input in matrix: state: E currentWindowPosition: 2 currentAminoAcid: D =&gt; 120
  input in matrix: state: E currentWindowPosition: 3 currentAminoAcid: D =&gt; 88
  input in matrix: state: E currentWindowPosition: 4 currentAminoAcid: D =&gt; 120
  input in matrix: state: E currentWindowPosition: 5 currentAminoAcid: D =&gt; 120
  input in matrix: state: E currentWindowPosition: 6 currentAminoAcid: D =&gt; 91
  input in matrix: state: E currentWindowPosition: 7 currentAminoAcid: D =&gt; 73
  input in matrix: state: E currentWindowPosition: 8 currentAminoAcid: D =&gt; 0
  input in matrix: state: E currentWindowPosition: 9 currentAminoAcid: D =&gt; 103
  input in matrix: state: E currentWindowPosition: 10 currentAminoAcid: D =&gt; 98
  input in matrix: state: E currentWindowPosition: 11 currentAminoAcid: D =&gt; 134
  input in matrix: state: E currentWindowPosition: 12 currentAminoAcid: D =&gt; 128
  input in matrix: state: E currentWindowPosition: 13 currentAminoAcid: D =&gt; 108
  input in matrix: state: E currentWindowPosition: 14 currentAminoAcid: D =&gt; 98
  input in matrix: state: E currentWindowPosition: 15 currentAminoAcid: D =&gt; 110
  input in matrix: state: E currentWindowPosition: 16 currentAminoAcid: D =&gt; 107
Process line: E	88	78	102	88	88	66	83	71	0	87	70	103	111	89	76	98	110
 data line!
  input in matrix: state: E currentWindowPosition: 0 currentAminoAcid: E =&gt; 88
  input in matrix: state: E currentWindowPosition: 1 currentAminoAcid: E =&gt; 78
  input in matrix: state: E currentWindowPosition: 2 currentAminoAcid: E =&gt; 102
  input in matrix: state: E currentWindowPosition: 3 currentAminoAcid: E =&gt; 88
  input in matrix: state: E currentWindowPosition: 4 currentAminoAcid: E =&gt; 88
  input in matrix: state: E currentWindowPosition: 5 currentAminoAcid: E =&gt; 66
  input in matrix: state: E currentWindowPosition: 6 currentAminoAcid: E =&gt; 83
  input in matrix: state: E currentWindowPosition: 7 currentAminoAcid: E =&gt; 71
  input in matrix: state: E currentWindowPosition: 8 currentAminoAcid: E =&gt; 0
  input in matrix: state: E currentWindowPosition: 9 currentAminoAcid: E =&gt; 87
  input in matrix: state: E currentWindowPosition: 10 currentAminoAcid: E =&gt; 70
  input in matrix: state: E currentWindowPosition: 11 currentAminoAcid: E =&gt; 103
  input in matrix: state: E currentWindowPosition: 12 currentAminoAcid: E =&gt; 111
  input in matrix: state: E currentWindowPosition: 13 currentAminoAcid: E =&gt; 89
  input in matrix: state: E currentWindowPosition: 14 currentAminoAcid: E =&gt; 76
  input in matrix: state: E currentWindowPosition: 15 currentAminoAcid: E =&gt; 98
  input in matrix: state: E currentWindowPosition: 16 currentAminoAcid: E =&gt; 110
Process line: F	57	50	50	58	36	52	68	68	0	70	92	43	46	44	55	41	51
 data line!
  input in matrix: state: E currentWindowPosition: 0 currentAminoAcid: F =&gt; 57
  input in matrix: state: E currentWindowPosition: 1 currentAminoAcid: F =&gt; 50
  input in matrix: state: E currentWindowPosition: 2 currentAminoAcid: F =&gt; 50
  input in matrix: state: E currentWindowPosition: 3 currentAminoAcid: F =&gt; 58
  input in matrix: state: E currentWindowPosition: 4 currentAminoAcid: F =&gt; 36
  input in matrix: state: E currentWindowPosition: 5 currentAminoAcid: F =&gt; 52
  input in matrix: state: E currentWindowPosition: 6 currentAminoAcid: F =&gt; 68
  input in matrix: state: E currentWindowPosition: 7 currentAminoAcid: F =&gt; 68
  input in matrix: state: E currentWindowPosition: 8 currentAminoAcid: F =&gt; 0
  input in matrix: state: E currentWindowPosition: 9 currentAminoAcid: F =&gt; 70
  input in matrix: state: E currentWindowPosition: 10 currentAminoAcid: F =&gt; 92
  input in matrix: state: E currentWindowPosition: 11 currentAminoAcid: F =&gt; 43
  input in matrix: state: E currentWindowPosition: 12 currentAminoAcid: F =&gt; 46
  input in matrix: state: E currentWindowPosition: 13 currentAminoAcid: F =&gt; 44
  input in matrix: state: E currentWindowPosition: 14 currentAminoAcid: F =&gt; 55
  input in matrix: state: E currentWindowPosition: 15 currentAminoAcid: F =&gt; 41
  input in matrix: state: E currentWindowPosition: 16 currentAminoAcid: F =&gt; 51
Process line: G	119	147	172	188	197	169	164	123	0	122	164	177	217	199	191	156	162
 data line!
  input in matrix: state: E currentWindowPosition: 0 currentAminoAcid: G =&gt; 119
  input in matrix: state: E currentWindowPosition: 1 currentAminoAcid: G =&gt; 147
  input in matrix: state: E currentWindowPosition: 2 currentAminoAcid: G =&gt; 172
  input in matrix: state: E currentWindowPosition: 3 currentAminoAcid: G =&gt; 188
  input in matrix: state: E currentWindowPosition: 4 currentAminoAcid: G =&gt; 197
  input in matrix: state: E currentWindowPosition: 5 currentAminoAcid: G =&gt; 169
  input in matrix: state: E currentWindowPosition: 6 currentAminoAcid: G =&gt; 164
  input in matrix: state: E currentWindowPosition: 7 currentAminoAcid: G =&gt; 123
  input in matrix: state: E currentWindowPosition: 8 currentAminoAcid: G =&gt; 0
  input in matrix: state: E currentWindowPosition: 9 currentAminoAcid: G =&gt; 122
  input in matrix: state: E currentWindowPosition: 10 currentAminoAcid: G =&gt; 164
  input in matrix: state: E currentWindowPosition: 11 currentAminoAcid: G =&gt; 177
  input in matrix: state: E currentWindowPosition: 12 currentAminoAcid: G =&gt; 217
  input in matrix: state: E currentWindowPosition: 13 currentAminoAcid: G =&gt; 199
  input in matrix: state: E currentWindowPosition: 14 currentAminoAcid: G =&gt; 191
  input in matrix: state: E currentWindowPosition: 15 currentAminoAcid: G =&gt; 156
  input in matrix: state: E currentWindowPosition: 16 currentAminoAcid: G =&gt; 162
Process line: H	33	36	28	36	45	40	42	44	0	42	32	41	43	42	37	47	39
 data line!
  input in matrix: state: E currentWindowPosition: 0 currentAminoAcid: H =&gt; 33
  input in matrix: state: E currentWindowPosition: 1 currentAminoAcid: H =&gt; 36
  input in matrix: state: E currentWindowPosition: 2 currentAminoAcid: H =&gt; 28
  input in matrix: state: E currentWindowPosition: 3 currentAminoAcid: H =&gt; 36
  input in matrix: state: E currentWindowPosition: 4 currentAminoAcid: H =&gt; 45
  input in matrix: state: E currentWindowPosition: 5 currentAminoAcid: H =&gt; 40
  input in matrix: state: E currentWindowPosition: 6 currentAminoAcid: H =&gt; 42
  input in matrix: state: E currentWindowPosition: 7 currentAminoAcid: H =&gt; 44
  input in matrix: state: E currentWindowPosition: 8 currentAminoAcid: H =&gt; 0
  input in matrix: state: E currentWindowPosition: 9 currentAminoAcid: H =&gt; 42
  input in matrix: state: E currentWindowPosition: 10 currentAminoAcid: H =&gt; 32
  input in matrix: state: E currentWindowPosition: 11 currentAminoAcid: H =&gt; 41
  input in matrix: state: E currentWindowPosition: 12 currentAminoAcid: H =&gt; 43
  input in matrix: state: E currentWindowPosition: 13 currentAminoAcid: H =&gt; 42
  input in matrix: state: E currentWindowPosition: 14 currentAminoAcid: H =&gt; 37
  input in matrix: state: E currentWindowPosition: 15 currentAminoAcid: H =&gt; 47
  input in matrix: state: E currentWindowPosition: 16 currentAminoAcid: H =&gt; 39
Process line: I	85	79	75	62	74	81	104	125	1619	117	118	68	78	57	71	70	75
 data line!
  input in matrix: state: E currentWindowPosition: 0 currentAminoAcid: I =&gt; 85
  input in matrix: state: E currentWindowPosition: 1 currentAminoAcid: I =&gt; 79
  input in matrix: state: E currentWindowPosition: 2 currentAminoAcid: I =&gt; 75
  input in matrix: state: E currentWindowPosition: 3 currentAminoAcid: I =&gt; 62
  input in matrix: state: E currentWindowPosition: 4 currentAminoAcid: I =&gt; 74
  input in matrix: state: E currentWindowPosition: 5 currentAminoAcid: I =&gt; 81
  input in matrix: state: E currentWindowPosition: 6 currentAminoAcid: I =&gt; 104
  input in matrix: state: E currentWindowPosition: 7 currentAminoAcid: I =&gt; 125
  input in matrix: state: E currentWindowPosition: 8 currentAminoAcid: I =&gt; 1619
  input in matrix: state: E currentWindowPosition: 9 currentAminoAcid: I =&gt; 117
  input in matrix: state: E currentWindowPosition: 10 currentAminoAcid: I =&gt; 118
  input in matrix: state: E currentWindowPosition: 11 currentAminoAcid: I =&gt; 68
  input in matrix: state: E currentWindowPosition: 12 currentAminoAcid: I =&gt; 78
  input in matrix: state: E currentWindowPosition: 13 currentAminoAcid: I =&gt; 57
  input in matrix: state: E currentWindowPosition: 14 currentAminoAcid: I =&gt; 71
  input in matrix: state: E currentWindowPosition: 15 currentAminoAcid: I =&gt; 70
  input in matrix: state: E currentWindowPosition: 16 currentAminoAcid: I =&gt; 75
Process line: K	122	118	107	107	125	116	98	84	0	79	50	82	78	92	75	83	82
 data line!
  input in matrix: state: E currentWindowPosition: 0 currentAminoAcid: K =&gt; 122
  input in matrix: state: E currentWindowPosition: 1 currentAminoAcid: K =&gt; 118
  input in matrix: state: E currentWindowPosition: 2 currentAminoAcid: K =&gt; 107
  input in matrix: state: E currentWindowPosition: 3 currentAminoAcid: K =&gt; 107
  input in matrix: state: E currentWindowPosition: 4 currentAminoAcid: K =&gt; 125
  input in matrix: state: E currentWindowPosition: 5 currentAminoAcid: K =&gt; 116
  input in matrix: state: E currentWindowPosition: 6 currentAminoAcid: K =&gt; 98
  input in matrix: state: E currentWindowPosition: 7 currentAminoAcid: K =&gt; 84
  input in matrix: state: E currentWindowPosition: 8 currentAminoAcid: K =&gt; 0
  input in matrix: state: E currentWindowPosition: 9 currentAminoAcid: K =&gt; 79
  input in matrix: state: E currentWindowPosition: 10 currentAminoAcid: K =&gt; 50
  input in matrix: state: E currentWindowPosition: 11 currentAminoAcid: K =&gt; 82
  input in matrix: state: E currentWindowPosition: 12 currentAminoAcid: K =&gt; 78
  input in matrix: state: E currentWindowPosition: 13 currentAminoAcid: K =&gt; 92
  input in matrix: state: E currentWindowPosition: 14 currentAminoAcid: K =&gt; 75
  input in matrix: state: E currentWindowPosition: 15 currentAminoAcid: K =&gt; 83
  input in matrix: state: E currentWindowPosition: 16 currentAminoAcid: K =&gt; 82
Process line: L	125	109	115	124	108	89	137	129	0	132	135	108	83	111	109	107	118
 data line!
  input in matrix: state: E currentWindowPosition: 0 currentAminoAcid: L =&gt; 125
  input in matrix: state: E currentWindowPosition: 1 currentAminoAcid: L =&gt; 109
  input in matrix: state: E currentWindowPosition: 2 currentAminoAcid: L =&gt; 115
  input in matrix: state: E currentWindowPosition: 3 currentAminoAcid: L =&gt; 124
  input in matrix: state: E currentWindowPosition: 4 currentAminoAcid: L =&gt; 108
  input in matrix: state: E currentWindowPosition: 5 currentAminoAcid: L =&gt; 89
  input in matrix: state: E currentWindowPosition: 6 currentAminoAcid: L =&gt; 137
  input in matrix: state: E currentWindowPosition: 7 currentAminoAcid: L =&gt; 129
  input in matrix: state: E currentWindowPosition: 8 currentAminoAcid: L =&gt; 0
  input in matrix: state: E currentWindowPosition: 9 currentAminoAcid: L =&gt; 132
  input in matrix: state: E currentWindowPosition: 10 currentAminoAcid: L =&gt; 135
  input in matrix: state: E currentWindowPosition: 11 currentAminoAcid: L =&gt; 108
  input in matrix: state: E currentWindowPosition: 12 currentAminoAcid: L =&gt; 83
  input in matrix: state: E currentWindowPosition: 13 currentAminoAcid: L =&gt; 111
  input in matrix: state: E currentWindowPosition: 14 currentAminoAcid: L =&gt; 109
  input in matrix: state: E currentWindowPosition: 15 currentAminoAcid: L =&gt; 107
  input in matrix: state: E currentWindowPosition: 16 currentAminoAcid: L =&gt; 118
Process line: M	38	26	22	27	19	19	34	31	0	28	34	35	22	24	32	26	32
 data line!
  input in matrix: state: E currentWindowPosition: 0 currentAminoAcid: M =&gt; 38
  input in matrix: state: E currentWindowPosition: 1 currentAminoAcid: M =&gt; 26
  input in matrix: state: E currentWindowPosition: 2 currentAminoAcid: M =&gt; 22
  input in matrix: state: E currentWindowPosition: 3 currentAminoAcid: M =&gt; 27
  input in matrix: state: E currentWindowPosition: 4 currentAminoAcid: M =&gt; 19
  input in matrix: state: E currentWindowPosition: 5 currentAminoAcid: M =&gt; 19
  input in matrix: state: E currentWindowPosition: 6 currentAminoAcid: M =&gt; 34
  input in matrix: state: E currentWindowPosition: 7 currentAminoAcid: M =&gt; 31
  input in matrix: state: E currentWindowPosition: 8 currentAminoAcid: M =&gt; 0
  input in matrix: state: E currentWindowPosition: 9 currentAminoAcid: M =&gt; 28
  input in matrix: state: E currentWindowPosition: 10 currentAminoAcid: M =&gt; 34
  input in matrix: state: E currentWindowPosition: 11 currentAminoAcid: M =&gt; 35
  input in matrix: state: E currentWindowPosition: 12 currentAminoAcid: M =&gt; 22
  input in matrix: state: E currentWindowPosition: 13 currentAminoAcid: M =&gt; 24
  input in matrix: state: E currentWindowPosition: 14 currentAminoAcid: M =&gt; 32
  input in matrix: state: E currentWindowPosition: 15 currentAminoAcid: M =&gt; 26
  input in matrix: state: E currentWindowPosition: 16 currentAminoAcid: M =&gt; 32
Process line: N	83	94	84	82	103	92	72	59	0	76	74	103	96	95	87	96	79
 data line!
  input in matrix: state: E currentWindowPosition: 0 currentAminoAcid: N =&gt; 83
  input in matrix: state: E currentWindowPosition: 1 currentAminoAcid: N =&gt; 94
  input in matrix: state: E currentWindowPosition: 2 currentAminoAcid: N =&gt; 84
  input in matrix: state: E currentWindowPosition: 3 currentAminoAcid: N =&gt; 82
  input in matrix: state: E currentWindowPosition: 4 currentAminoAcid: N =&gt; 103
  input in matrix: state: E currentWindowPosition: 5 currentAminoAcid: N =&gt; 92
  input in matrix: state: E currentWindowPosition: 6 currentAminoAcid: N =&gt; 72
  input in matrix: state: E currentWindowPosition: 7 currentAminoAcid: N =&gt; 59
  input in matrix: state: E currentWindowPosition: 8 currentAminoAcid: N =&gt; 0
  input in matrix: state: E currentWindowPosition: 9 currentAminoAcid: N =&gt; 76
  input in matrix: state: E currentWindowPosition: 10 currentAminoAcid: N =&gt; 74
  input in matrix: state: E currentWindowPosition: 11 currentAminoAcid: N =&gt; 103
  input in matrix: state: E currentWindowPosition: 12 currentAminoAcid: N =&gt; 96
  input in matrix: state: E currentWindowPosition: 13 currentAminoAcid: N =&gt; 95
  input in matrix: state: E currentWindowPosition: 14 currentAminoAcid: N =&gt; 87
  input in matrix: state: E currentWindowPosition: 15 currentAminoAcid: N =&gt; 96
  input in matrix: state: E currentWindowPosition: 16 currentAminoAcid: N =&gt; 79
Process line: P	86	101	93	105	104	82	68	48	0	61	74	83	77	87	96	85	68
 data line!
  input in matrix: state: E currentWindowPosition: 0 currentAminoAcid: P =&gt; 86
  input in matrix: state: E currentWindowPosition: 1 currentAminoAcid: P =&gt; 101
  input in matrix: state: E currentWindowPosition: 2 currentAminoAcid: P =&gt; 93
  input in matrix: state: E currentWindowPosition: 3 currentAminoAcid: P =&gt; 105
  input in matrix: state: E currentWindowPosition: 4 currentAminoAcid: P =&gt; 104
  input in matrix: state: E currentWindowPosition: 5 currentAminoAcid: P =&gt; 82
  input in matrix: state: E currentWindowPosition: 6 currentAminoAcid: P =&gt; 68
  input in matrix: state: E currentWindowPosition: 7 currentAminoAcid: P =&gt; 48
  input in matrix: state: E currentWindowPosition: 8 currentAminoAcid: P =&gt; 0
  input in matrix: state: E currentWindowPosition: 9 currentAminoAcid: P =&gt; 61
  input in matrix: state: E currentWindowPosition: 10 currentAminoAcid: P =&gt; 74
  input in matrix: state: E currentWindowPosition: 11 currentAminoAcid: P =&gt; 83
  input in matrix: state: E currentWindowPosition: 12 currentAminoAcid: P =&gt; 77
  input in matrix: state: E currentWindowPosition: 13 currentAminoAcid: P =&gt; 87
  input in matrix: state: E currentWindowPosition: 14 currentAminoAcid: P =&gt; 96
  input in matrix: state: E currentWindowPosition: 15 currentAminoAcid: P =&gt; 85
  input in matrix: state: E currentWindowPosition: 16 currentAminoAcid: P =&gt; 68
Process line: Q	61	65	60	60	47	65	36	49	0	37	40	40	45	50	61	59	60
 data line!
  input in matrix: state: E currentWindowPosition: 0 currentAminoAcid: Q =&gt; 61
  input in matrix: state: E currentWindowPosition: 1 currentAminoAcid: Q =&gt; 65
  input in matrix: state: E currentWindowPosition: 2 currentAminoAcid: Q =&gt; 60
  input in matrix: state: E currentWindowPosition: 3 currentAminoAcid: Q =&gt; 60
  input in matrix: state: E currentWindowPosition: 4 currentAminoAcid: Q =&gt; 47
  input in matrix: state: E currentWindowPosition: 5 currentAminoAcid: Q =&gt; 65
  input in matrix: state: E currentWindowPosition: 6 currentAminoAcid: Q =&gt; 36
  input in matrix: state: E currentWindowPosition: 7 currentAminoAcid: Q =&gt; 49
  input in matrix: state: E currentWindowPosition: 8 currentAminoAcid: Q =&gt; 0
  input in matrix: state: E currentWindowPosition: 9 currentAminoAcid: Q =&gt; 37
  input in matrix: state: E currentWindowPosition: 10 currentAminoAcid: Q =&gt; 40
  input in matrix: state: E currentWindowPosition: 11 currentAminoAcid: Q =&gt; 40
  input in matrix: state: E currentWindowPosition: 12 currentAminoAcid: Q =&gt; 45
  input in matrix: state: E currentWindowPosition: 13 currentAminoAcid: Q =&gt; 50
  input in matrix: state: E currentWindowPosition: 14 currentAminoAcid: Q =&gt; 61
  input in matrix: state: E currentWindowPosition: 15 currentAminoAcid: Q =&gt; 59
  input in matrix: state: E currentWindowPosition: 16 currentAminoAcid: Q =&gt; 60
Process line: R	81	76	74	78	58	93	74	92	0	75	61	56	56	59	65	71	68
 data line!
  input in matrix: state: E currentWindowPosition: 0 currentAminoAcid: R =&gt; 81
  input in matrix: state: E currentWindowPosition: 1 currentAminoAcid: R =&gt; 76
  input in matrix: state: E currentWindowPosition: 2 currentAminoAcid: R =&gt; 74
  input in matrix: state: E currentWindowPosition: 3 currentAminoAcid: R =&gt; 78
  input in matrix: state: E currentWindowPosition: 4 currentAminoAcid: R =&gt; 58
  input in matrix: state: E currentWindowPosition: 5 currentAminoAcid: R =&gt; 93
  input in matrix: state: E currentWindowPosition: 6 currentAminoAcid: R =&gt; 74
  input in matrix: state: E currentWindowPosition: 7 currentAminoAcid: R =&gt; 92
  input in matrix: state: E currentWindowPosition: 8 currentAminoAcid: R =&gt; 0
  input in matrix: state: E currentWindowPosition: 9 currentAminoAcid: R =&gt; 75
  input in matrix: state: E currentWindowPosition: 10 currentAminoAcid: R =&gt; 61
  input in matrix: state: E currentWindowPosition: 11 currentAminoAcid: R =&gt; 56
  input in matrix: state: E currentWindowPosition: 12 currentAminoAcid: R =&gt; 56
  input in matrix: state: E currentWindowPosition: 13 currentAminoAcid: R =&gt; 59
  input in matrix: state: E currentWindowPosition: 14 currentAminoAcid: R =&gt; 65
  input in matrix: state: E currentWindowPosition: 15 currentAminoAcid: R =&gt; 71
  input in matrix: state: E currentWindowPosition: 16 currentAminoAcid: R =&gt; 68
Process line: S	122	97	115	122	112	83	89	89	0	86	97	105	118	125	128	117	117
 data line!
  input in matrix: state: E currentWindowPosition: 0 currentAminoAcid: S =&gt; 122
  input in matrix: state: E currentWindowPosition: 1 currentAminoAcid: S =&gt; 97
  input in matrix: state: E currentWindowPosition: 2 currentAminoAcid: S =&gt; 115
  input in matrix: state: E currentWindowPosition: 3 currentAminoAcid: S =&gt; 122
  input in matrix: state: E currentWindowPosition: 4 currentAminoAcid: S =&gt; 112
  input in matrix: state: E currentWindowPosition: 5 currentAminoAcid: S =&gt; 83
  input in matrix: state: E currentWindowPosition: 6 currentAminoAcid: S =&gt; 89
  input in matrix: state: E currentWindowPosition: 7 currentAminoAcid: S =&gt; 89
  input in matrix: state: E currentWindowPosition: 8 currentAminoAcid: S =&gt; 0
  input in matrix: state: E currentWindowPosition: 9 currentAminoAcid: S =&gt; 86
  input in matrix: state: E currentWindowPosition: 10 currentAminoAcid: S =&gt; 97
  input in matrix: state: E currentWindowPosition: 11 currentAminoAcid: S =&gt; 105
  input in matrix: state: E currentWindowPosition: 12 currentAminoAcid: S =&gt; 118
  input in matrix: state: E currentWindowPosition: 13 currentAminoAcid: S =&gt; 125
  input in matrix: state: E currentWindowPosition: 14 currentAminoAcid: S =&gt; 128
  input in matrix: state: E currentWindowPosition: 15 currentAminoAcid: S =&gt; 117
  input in matrix: state: E currentWindowPosition: 16 currentAminoAcid: S =&gt; 117
Process line: T	102	97	97	99	91	118	88	133	0	134	103	106	100	112	114	117	117
 data line!
  input in matrix: state: E currentWindowPosition: 0 currentAminoAcid: T =&gt; 102
  input in matrix: state: E currentWindowPosition: 1 currentAminoAcid: T =&gt; 97
  input in matrix: state: E currentWindowPosition: 2 currentAminoAcid: T =&gt; 97
  input in matrix: state: E currentWindowPosition: 3 currentAminoAcid: T =&gt; 99
  input in matrix: state: E currentWindowPosition: 4 currentAminoAcid: T =&gt; 91
  input in matrix: state: E currentWindowPosition: 5 currentAminoAcid: T =&gt; 118
  input in matrix: state: E currentWindowPosition: 6 currentAminoAcid: T =&gt; 88
  input in matrix: state: E currentWindowPosition: 7 currentAminoAcid: T =&gt; 133
  input in matrix: state: E currentWindowPosition: 8 currentAminoAcid: T =&gt; 0
  input in matrix: state: E currentWindowPosition: 9 currentAminoAcid: T =&gt; 134
  input in matrix: state: E currentWindowPosition: 10 currentAminoAcid: T =&gt; 103
  input in matrix: state: E currentWindowPosition: 11 currentAminoAcid: T =&gt; 106
  input in matrix: state: E currentWindowPosition: 12 currentAminoAcid: T =&gt; 100
  input in matrix: state: E currentWindowPosition: 13 currentAminoAcid: T =&gt; 112
  input in matrix: state: E currentWindowPosition: 14 currentAminoAcid: T =&gt; 114
  input in matrix: state: E currentWindowPosition: 15 currentAminoAcid: T =&gt; 117
  input in matrix: state: E currentWindowPosition: 16 currentAminoAcid: T =&gt; 117
Process line: V	93	106	98	86	100	133	144	162	0	132	160	116	87	97	99	104	110
 data line!
  input in matrix: state: E currentWindowPosition: 0 currentAminoAcid: V =&gt; 93
  input in matrix: state: E currentWindowPosition: 1 currentAminoAcid: V =&gt; 106
  input in matrix: state: E currentWindowPosition: 2 currentAminoAcid: V =&gt; 98
  input in matrix: state: E currentWindowPosition: 3 currentAminoAcid: V =&gt; 86
  input in matrix: state: E currentWindowPosition: 4 currentAminoAcid: V =&gt; 100
  input in matrix: state: E currentWindowPosition: 5 currentAminoAcid: V =&gt; 133
  input in matrix: state: E currentWindowPosition: 6 currentAminoAcid: V =&gt; 144
  input in matrix: state: E currentWindowPosition: 7 currentAminoAcid: V =&gt; 162
  input in matrix: state: E currentWindowPosition: 8 currentAminoAcid: V =&gt; 0
  input in matrix: state: E currentWindowPosition: 9 currentAminoAcid: V =&gt; 132
  input in matrix: state: E currentWindowPosition: 10 currentAminoAcid: V =&gt; 160
  input in matrix: state: E currentWindowPosition: 11 currentAminoAcid: V =&gt; 116
  input in matrix: state: E currentWindowPosition: 12 currentAminoAcid: V =&gt; 87
  input in matrix: state: E currentWindowPosition: 13 currentAminoAcid: V =&gt; 97
  input in matrix: state: E currentWindowPosition: 14 currentAminoAcid: V =&gt; 99
  input in matrix: state: E currentWindowPosition: 15 currentAminoAcid: V =&gt; 104
  input in matrix: state: E currentWindowPosition: 16 currentAminoAcid: V =&gt; 110
Process line: W	23	16	12	19	15	23	29	28	0	13	24	12	17	22	25	19	26
 data line!
  input in matrix: state: E currentWindowPosition: 0 currentAminoAcid: W =&gt; 23
  input in matrix: state: E currentWindowPosition: 1 currentAminoAcid: W =&gt; 16
  input in matrix: state: E currentWindowPosition: 2 currentAminoAcid: W =&gt; 12
  input in matrix: state: E currentWindowPosition: 3 currentAminoAcid: W =&gt; 19
  input in matrix: state: E currentWindowPosition: 4 currentAminoAcid: W =&gt; 15
  input in matrix: state: E currentWindowPosition: 5 currentAminoAcid: W =&gt; 23
  input in matrix: state: E currentWindowPosition: 6 currentAminoAcid: W =&gt; 29
  input in matrix: state: E currentWindowPosition: 7 currentAminoAcid: W =&gt; 28
  input in matrix: state: E currentWindowPosition: 8 currentAminoAcid: W =&gt; 0
  input in matrix: state: E currentWindowPosition: 9 currentAminoAcid: W =&gt; 13
  input in matrix: state: E currentWindowPosition: 10 currentAminoAcid: W =&gt; 24
  input in matrix: state: E currentWindowPosition: 11 currentAminoAcid: W =&gt; 12
  input in matrix: state: E currentWindowPosition: 12 currentAminoAcid: W =&gt; 17
  input in matrix: state: E currentWindowPosition: 13 currentAminoAcid: W =&gt; 22
  input in matrix: state: E currentWindowPosition: 14 currentAminoAcid: W =&gt; 25
  input in matrix: state: E currentWindowPosition: 15 currentAminoAcid: W =&gt; 19
  input in matrix: state: E currentWindowPosition: 16 currentAminoAcid: W =&gt; 26
Process line: Y	53	53	43	57	56	48	57	71	0	67	46	61	43	58	57	47	51
 data line!
  input in matrix: state: E currentWindowPosition: 0 currentAminoAcid: Y =&gt; 53
  input in matrix: state: E currentWindowPosition: 1 currentAminoAcid: Y =&gt; 53
  input in matrix: state: E currentWindowPosition: 2 currentAminoAcid: Y =&gt; 43
  input in matrix: state: E currentWindowPosition: 3 currentAminoAcid: Y =&gt; 57
  input in matrix: state: E currentWindowPosition: 4 currentAminoAcid: Y =&gt; 56
  input in matrix: state: E currentWindowPosition: 5 currentAminoAcid: Y =&gt; 48
  input in matrix: state: E currentWindowPosition: 6 currentAminoAcid: Y =&gt; 57
  input in matrix: state: E currentWindowPosition: 7 currentAminoAcid: Y =&gt; 71
  input in matrix: state: E currentWindowPosition: 8 currentAminoAcid: Y =&gt; 0
  input in matrix: state: E currentWindowPosition: 9 currentAminoAcid: Y =&gt; 67
  input in matrix: state: E currentWindowPosition: 10 currentAminoAcid: Y =&gt; 46
  input in matrix: state: E currentWindowPosition: 11 currentAminoAcid: Y =&gt; 61
  input in matrix: state: E currentWindowPosition: 12 currentAminoAcid: Y =&gt; 43
  input in matrix: state: E currentWindowPosition: 13 currentAminoAcid: Y =&gt; 58
  input in matrix: state: E currentWindowPosition: 14 currentAminoAcid: Y =&gt; 57
  input in matrix: state: E currentWindowPosition: 15 currentAminoAcid: Y =&gt; 47
  input in matrix: state: E currentWindowPosition: 16 currentAminoAcid: Y =&gt; 51
Process line: 
 Skip line!
Process line: 
 Skip line!
Process line: =I,H=
 state line! (now in state: H)
Process line: 
 Skip line!
Process line: A	142	131	148	150	135	163	162	168	0	193	161	186	150	148	139	143	128
 data line!
  input in matrix: state: H currentWindowPosition: 0 currentAminoAcid: A =&gt; 142
  input in matrix: state: H currentWindowPosition: 1 currentAminoAcid: A =&gt; 131
  input in matrix: state: H currentWindowPosition: 2 currentAminoAcid: A =&gt; 148
  input in matrix: state: H currentWindowPosition: 3 currentAminoAcid: A =&gt; 150
  input in matrix: state: H currentWindowPosition: 4 currentAminoAcid: A =&gt; 135
  input in matrix: state: H currentWindowPosition: 5 currentAminoAcid: A =&gt; 163
  input in matrix: state: H currentWindowPosition: 6 currentAminoAcid: A =&gt; 162
  input in matrix: state: H currentWindowPosition: 7 currentAminoAcid: A =&gt; 168
  input in matrix: state: H currentWindowPosition: 8 currentAminoAcid: A =&gt; 0
  input in matrix: state: H currentWindowPosition: 9 currentAminoAcid: A =&gt; 193
  input in matrix: state: H currentWindowPosition: 10 currentAminoAcid: A =&gt; 161
  input in matrix: state: H currentWindowPosition: 11 currentAminoAcid: A =&gt; 186
  input in matrix: state: H currentWindowPosition: 12 currentAminoAcid: A =&gt; 150
  input in matrix: state: H currentWindowPosition: 13 currentAminoAcid: A =&gt; 148
  input in matrix: state: H currentWindowPosition: 14 currentAminoAcid: A =&gt; 139
  input in matrix: state: H currentWindowPosition: 15 currentAminoAcid: A =&gt; 143
  input in matrix: state: H currentWindowPosition: 16 currentAminoAcid: A =&gt; 128
Process line: C	19	25	20	14	19	21	13	12	0	16	12	19	24	14	10	16	17
 data line!
  input in matrix: state: H currentWindowPosition: 0 currentAminoAcid: C =&gt; 19
  input in matrix: state: H currentWindowPosition: 1 currentAminoAcid: C =&gt; 25
  input in matrix: state: H currentWindowPosition: 2 currentAminoAcid: C =&gt; 20
  input in matrix: state: H currentWindowPosition: 3 currentAminoAcid: C =&gt; 14
  input in matrix: state: H currentWindowPosition: 4 currentAminoAcid: C =&gt; 19
  input in matrix: state: H currentWindowPosition: 5 currentAminoAcid: C =&gt; 21
  input in matrix: state: H currentWindowPosition: 6 currentAminoAcid: C =&gt; 13
  input in matrix: state: H currentWindowPosition: 7 currentAminoAcid: C =&gt; 12
  input in matrix: state: H currentWindowPosition: 8 currentAminoAcid: C =&gt; 0
  input in matrix: state: H currentWindowPosition: 9 currentAminoAcid: C =&gt; 16
  input in matrix: state: H currentWindowPosition: 10 currentAminoAcid: C =&gt; 12
  input in matrix: state: H currentWindowPosition: 11 currentAminoAcid: C =&gt; 19
  input in matrix: state: H currentWindowPosition: 12 currentAminoAcid: C =&gt; 24
  input in matrix: state: H currentWindowPosition: 13 currentAminoAcid: C =&gt; 14
  input in matrix: state: H currentWindowPosition: 14 currentAminoAcid: C =&gt; 10
  input in matrix: state: H currentWindowPosition: 15 currentAminoAcid: C =&gt; 16
  input in matrix: state: H currentWindowPosition: 16 currentAminoAcid: C =&gt; 17
Process line: D	100	97	95	107	74	88	150	93	0	100	107	61	54	96	90	84	78
 data line!
  input in matrix: state: H currentWindowPosition: 0 currentAminoAcid: D =&gt; 100
  input in matrix: state: H currentWindowPosition: 1 currentAminoAcid: D =&gt; 97
  input in matrix: state: H currentWindowPosition: 2 currentAminoAcid: D =&gt; 95
  input in matrix: state: H currentWindowPosition: 3 currentAminoAcid: D =&gt; 107
  input in matrix: state: H currentWindowPosition: 4 currentAminoAcid: D =&gt; 74
  input in matrix: state: H currentWindowPosition: 5 currentAminoAcid: D =&gt; 88
  input in matrix: state: H currentWindowPosition: 6 currentAminoAcid: D =&gt; 150
  input in matrix: state: H currentWindowPosition: 7 currentAminoAcid: D =&gt; 93
  input in matrix: state: H currentWindowPosition: 8 currentAminoAcid: D =&gt; 0
  input in matrix: state: H currentWindowPosition: 9 currentAminoAcid: D =&gt; 100
  input in matrix: state: H currentWindowPosition: 10 currentAminoAcid: D =&gt; 107
  input in matrix: state: H currentWindowPosition: 11 currentAminoAcid: D =&gt; 61
  input in matrix: state: H currentWindowPosition: 12 currentAminoAcid: D =&gt; 54
  input in matrix: state: H currentWindowPosition: 13 currentAminoAcid: D =&gt; 96
  input in matrix: state: H currentWindowPosition: 14 currentAminoAcid: D =&gt; 90
  input in matrix: state: H currentWindowPosition: 15 currentAminoAcid: D =&gt; 84
  input in matrix: state: H currentWindowPosition: 16 currentAminoAcid: D =&gt; 78
Process line: E	112	87	118	130	99	102	171	131	0	117	137	93	79	126	133	76	118
 data line!
  input in matrix: state: H currentWindowPosition: 0 currentAminoAcid: E =&gt; 112
  input in matrix: state: H currentWindowPosition: 1 currentAminoAcid: E =&gt; 87
  input in matrix: state: H currentWindowPosition: 2 currentAminoAcid: E =&gt; 118
  input in matrix: state: H currentWindowPosition: 3 currentAminoAcid: E =&gt; 130
  input in matrix: state: H currentWindowPosition: 4 currentAminoAcid: E =&gt; 99
  input in matrix: state: H currentWindowPosition: 5 currentAminoAcid: E =&gt; 102
  input in matrix: state: H currentWindowPosition: 6 currentAminoAcid: E =&gt; 171
  input in matrix: state: H currentWindowPosition: 7 currentAminoAcid: E =&gt; 131
  input in matrix: state: H currentWindowPosition: 8 currentAminoAcid: E =&gt; 0
  input in matrix: state: H currentWindowPosition: 9 currentAminoAcid: E =&gt; 117
  input in matrix: state: H currentWindowPosition: 10 currentAminoAcid: E =&gt; 137
  input in matrix: state: H currentWindowPosition: 11 currentAminoAcid: E =&gt; 93
  input in matrix: state: H currentWindowPosition: 12 currentAminoAcid: E =&gt; 79
  input in matrix: state: H currentWindowPosition: 13 currentAminoAcid: E =&gt; 126
  input in matrix: state: H currentWindowPosition: 14 currentAminoAcid: E =&gt; 133
  input in matrix: state: H currentWindowPosition: 15 currentAminoAcid: E =&gt; 76
  input in matrix: state: H currentWindowPosition: 16 currentAminoAcid: E =&gt; 118
Process line: F	65	54	43	48	64	64	29	52	0	48	43	61	69	43	58	71	44
 data line!
  input in matrix: state: H currentWindowPosition: 0 currentAminoAcid: F =&gt; 65
  input in matrix: state: H currentWindowPosition: 1 currentAminoAcid: F =&gt; 54
  input in matrix: state: H currentWindowPosition: 2 currentAminoAcid: F =&gt; 43
  input in matrix: state: H currentWindowPosition: 3 currentAminoAcid: F =&gt; 48
  input in matrix: state: H currentWindowPosition: 4 currentAminoAcid: F =&gt; 64
  input in matrix: state: H currentWindowPosition: 5 currentAminoAcid: F =&gt; 64
  input in matrix: state: H currentWindowPosition: 6 currentAminoAcid: F =&gt; 29
  input in matrix: state: H currentWindowPosition: 7 currentAminoAcid: F =&gt; 52
  input in matrix: state: H currentWindowPosition: 8 currentAminoAcid: F =&gt; 0
  input in matrix: state: H currentWindowPosition: 9 currentAminoAcid: F =&gt; 48
  input in matrix: state: H currentWindowPosition: 10 currentAminoAcid: F =&gt; 43
  input in matrix: state: H currentWindowPosition: 11 currentAminoAcid: F =&gt; 61
  input in matrix: state: H currentWindowPosition: 12 currentAminoAcid: F =&gt; 69
  input in matrix: state: H currentWindowPosition: 13 currentAminoAcid: F =&gt; 43
  input in matrix: state: H currentWindowPosition: 14 currentAminoAcid: F =&gt; 58
  input in matrix: state: H currentWindowPosition: 15 currentAminoAcid: F =&gt; 71
  input in matrix: state: H currentWindowPosition: 16 currentAminoAcid: F =&gt; 44
Process line: G	119	110	116	98	80	77	85	90	0	69	102	110	76	110	118	97	125
 data line!
  input in matrix: state: H currentWindowPosition: 0 currentAminoAcid: G =&gt; 119
  input in matrix: state: H currentWindowPosition: 1 currentAminoAcid: G =&gt; 110
  input in matrix: state: H currentWindowPosition: 2 currentAminoAcid: G =&gt; 116
  input in matrix: state: H currentWindowPosition: 3 currentAminoAcid: G =&gt; 98
  input in matrix: state: H currentWindowPosition: 4 currentAminoAcid: G =&gt; 80
  input in matrix: state: H currentWindowPosition: 5 currentAminoAcid: G =&gt; 77
  input in matrix: state: H currentWindowPosition: 6 currentAminoAcid: G =&gt; 85
  input in matrix: state: H currentWindowPosition: 7 currentAminoAcid: G =&gt; 90
  input in matrix: state: H currentWindowPosition: 8 currentAminoAcid: G =&gt; 0
  input in matrix: state: H currentWindowPosition: 9 currentAminoAcid: G =&gt; 69
  input in matrix: state: H currentWindowPosition: 10 currentAminoAcid: G =&gt; 102
  input in matrix: state: H currentWindowPosition: 11 currentAminoAcid: G =&gt; 110
  input in matrix: state: H currentWindowPosition: 12 currentAminoAcid: G =&gt; 76
  input in matrix: state: H currentWindowPosition: 13 currentAminoAcid: G =&gt; 110
  input in matrix: state: H currentWindowPosition: 14 currentAminoAcid: G =&gt; 118
  input in matrix: state: H currentWindowPosition: 15 currentAminoAcid: G =&gt; 97
  input in matrix: state: H currentWindowPosition: 16 currentAminoAcid: G =&gt; 125
Process line: H	33	24	32	34	33	29	22	28	0	27	27	28	31	37	30	32	29
 data line!
  input in matrix: state: H currentWindowPosition: 0 currentAminoAcid: H =&gt; 33
  input in matrix: state: H currentWindowPosition: 1 currentAminoAcid: H =&gt; 24
  input in matrix: state: H currentWindowPosition: 2 currentAminoAcid: H =&gt; 32
  input in matrix: state: H currentWindowPosition: 3 currentAminoAcid: H =&gt; 34
  input in matrix: state: H currentWindowPosition: 4 currentAminoAcid: H =&gt; 33
  input in matrix: state: H currentWindowPosition: 5 currentAminoAcid: H =&gt; 29
  input in matrix: state: H currentWindowPosition: 6 currentAminoAcid: H =&gt; 22
  input in matrix: state: H currentWindowPosition: 7 currentAminoAcid: H =&gt; 28
  input in matrix: state: H currentWindowPosition: 8 currentAminoAcid: H =&gt; 0
  input in matrix: state: H currentWindowPosition: 9 currentAminoAcid: H =&gt; 27
  input in matrix: state: H currentWindowPosition: 10 currentAminoAcid: H =&gt; 27
  input in matrix: state: H currentWindowPosition: 11 currentAminoAcid: H =&gt; 28
  input in matrix: state: H currentWindowPosition: 12 currentAminoAcid: H =&gt; 31
  input in matrix: state: H currentWindowPosition: 13 currentAminoAcid: H =&gt; 37
  input in matrix: state: H currentWindowPosition: 14 currentAminoAcid: H =&gt; 30
  input in matrix: state: H currentWindowPosition: 15 currentAminoAcid: H =&gt; 32
  input in matrix: state: H currentWindowPosition: 16 currentAminoAcid: H =&gt; 29
Process line: I	93	89	76	70	119	98	45	81	1483	79	42	108	122	58	75	90	100
 data line!
  input in matrix: state: H currentWindowPosition: 0 currentAminoAcid: I =&gt; 93
  input in matrix: state: H currentWindowPosition: 1 currentAminoAcid: I =&gt; 89
  input in matrix: state: H currentWindowPosition: 2 currentAminoAcid: I =&gt; 76
  input in matrix: state: H currentWindowPosition: 3 currentAminoAcid: I =&gt; 70
  input in matrix: state: H currentWindowPosition: 4 currentAminoAcid: I =&gt; 119
  input in matrix: state: H currentWindowPosition: 5 currentAminoAcid: I =&gt; 98
  input in matrix: state: H currentWindowPosition: 6 currentAminoAcid: I =&gt; 45
  input in matrix: state: H currentWindowPosition: 7 currentAminoAcid: I =&gt; 81
  input in matrix: state: H currentWindowPosition: 8 currentAminoAcid: I =&gt; 1483
  input in matrix: state: H currentWindowPosition: 9 currentAminoAcid: I =&gt; 79
  input in matrix: state: H currentWindowPosition: 10 currentAminoAcid: I =&gt; 42
  input in matrix: state: H currentWindowPosition: 11 currentAminoAcid: I =&gt; 108
  input in matrix: state: H currentWindowPosition: 12 currentAminoAcid: I =&gt; 122
  input in matrix: state: H currentWindowPosition: 13 currentAminoAcid: I =&gt; 58
  input in matrix: state: H currentWindowPosition: 14 currentAminoAcid: I =&gt; 75
  input in matrix: state: H currentWindowPosition: 15 currentAminoAcid: I =&gt; 90
  input in matrix: state: H currentWindowPosition: 16 currentAminoAcid: I =&gt; 100
Process line: K	95	74	99	89	71	86	127	95	0	95	147	89	111	131	109	89	110
 data line!
  input in matrix: state: H currentWindowPosition: 0 currentAminoAcid: K =&gt; 95
  input in matrix: state: H currentWindowPosition: 1 currentAminoAcid: K =&gt; 74
  input in matrix: state: H currentWindowPosition: 2 currentAminoAcid: K =&gt; 99
  input in matrix: state: H currentWindowPosition: 3 currentAminoAcid: K =&gt; 89
  input in matrix: state: H currentWindowPosition: 4 currentAminoAcid: K =&gt; 71
  input in matrix: state: H currentWindowPosition: 5 currentAminoAcid: K =&gt; 86
  input in matrix: state: H currentWindowPosition: 6 currentAminoAcid: K =&gt; 127
  input in matrix: state: H currentWindowPosition: 7 currentAminoAcid: K =&gt; 95
  input in matrix: state: H currentWindowPosition: 8 currentAminoAcid: K =&gt; 0
  input in matrix: state: H currentWindowPosition: 9 currentAminoAcid: K =&gt; 95
  input in matrix: state: H currentWindowPosition: 10 currentAminoAcid: K =&gt; 147
  input in matrix: state: H currentWindowPosition: 11 currentAminoAcid: K =&gt; 89
  input in matrix: state: H currentWindowPosition: 12 currentAminoAcid: K =&gt; 111
  input in matrix: state: H currentWindowPosition: 13 currentAminoAcid: K =&gt; 131
  input in matrix: state: H currentWindowPosition: 14 currentAminoAcid: K =&gt; 109
  input in matrix: state: H currentWindowPosition: 15 currentAminoAcid: K =&gt; 89
  input in matrix: state: H currentWindowPosition: 16 currentAminoAcid: K =&gt; 110
Process line: L	124	128	112	123	150	154	81	138	0	126	101	178	170	128	112	165	125
 data line!
  input in matrix: state: H currentWindowPosition: 0 currentAminoAcid: L =&gt; 124
  input in matrix: state: H currentWindowPosition: 1 currentAminoAcid: L =&gt; 128
  input in matrix: state: H currentWindowPosition: 2 currentAminoAcid: L =&gt; 112
  input in matrix: state: H currentWindowPosition: 3 currentAminoAcid: L =&gt; 123
  input in matrix: state: H currentWindowPosition: 4 currentAminoAcid: L =&gt; 150
  input in matrix: state: H currentWindowPosition: 5 currentAminoAcid: L =&gt; 154
  input in matrix: state: H currentWindowPosition: 6 currentAminoAcid: L =&gt; 81
  input in matrix: state: H currentWindowPosition: 7 currentAminoAcid: L =&gt; 138
  input in matrix: state: H currentWindowPosition: 8 currentAminoAcid: L =&gt; 0
  input in matrix: state: H currentWindowPosition: 9 currentAminoAcid: L =&gt; 126
  input in matrix: state: H currentWindowPosition: 10 currentAminoAcid: L =&gt; 101
  input in matrix: state: H currentWindowPosition: 11 currentAminoAcid: L =&gt; 178
  input in matrix: state: H currentWindowPosition: 12 currentAminoAcid: L =&gt; 170
  input in matrix: state: H currentWindowPosition: 13 currentAminoAcid: L =&gt; 128
  input in matrix: state: H currentWindowPosition: 14 currentAminoAcid: L =&gt; 112
  input in matrix: state: H currentWindowPosition: 15 currentAminoAcid: L =&gt; 165
  input in matrix: state: H currentWindowPosition: 16 currentAminoAcid: L =&gt; 125
Process line: M	31	46	25	31	42	31	22	33	0	26	26	48	50	18	38	43	33
 data line!
  input in matrix: state: H currentWindowPosition: 0 currentAminoAcid: M =&gt; 31
  input in matrix: state: H currentWindowPosition: 1 currentAminoAcid: M =&gt; 46
  input in matrix: state: H currentWindowPosition: 2 currentAminoAcid: M =&gt; 25
  input in matrix: state: H currentWindowPosition: 3 currentAminoAcid: M =&gt; 31
  input in matrix: state: H currentWindowPosition: 4 currentAminoAcid: M =&gt; 42
  input in matrix: state: H currentWindowPosition: 5 currentAminoAcid: M =&gt; 31
  input in matrix: state: H currentWindowPosition: 6 currentAminoAcid: M =&gt; 22
  input in matrix: state: H currentWindowPosition: 7 currentAminoAcid: M =&gt; 33
  input in matrix: state: H currentWindowPosition: 8 currentAminoAcid: M =&gt; 0
  input in matrix: state: H currentWindowPosition: 9 currentAminoAcid: M =&gt; 26
  input in matrix: state: H currentWindowPosition: 10 currentAminoAcid: M =&gt; 26
  input in matrix: state: H currentWindowPosition: 11 currentAminoAcid: M =&gt; 48
  input in matrix: state: H currentWindowPosition: 12 currentAminoAcid: M =&gt; 50
  input in matrix: state: H currentWindowPosition: 13 currentAminoAcid: M =&gt; 18
  input in matrix: state: H currentWindowPosition: 14 currentAminoAcid: M =&gt; 38
  input in matrix: state: H currentWindowPosition: 15 currentAminoAcid: M =&gt; 43
  input in matrix: state: H currentWindowPosition: 16 currentAminoAcid: M =&gt; 33
Process line: N	65	65	81	70	75	70	87	74	0	76	107	69	71	79	77	77	66
 data line!
  input in matrix: state: H currentWindowPosition: 0 currentAminoAcid: N =&gt; 65
  input in matrix: state: H currentWindowPosition: 1 currentAminoAcid: N =&gt; 65
  input in matrix: state: H currentWindowPosition: 2 currentAminoAcid: N =&gt; 81
  input in matrix: state: H currentWindowPosition: 3 currentAminoAcid: N =&gt; 70
  input in matrix: state: H currentWindowPosition: 4 currentAminoAcid: N =&gt; 75
  input in matrix: state: H currentWindowPosition: 5 currentAminoAcid: N =&gt; 70
  input in matrix: state: H currentWindowPosition: 6 currentAminoAcid: N =&gt; 87
  input in matrix: state: H currentWindowPosition: 7 currentAminoAcid: N =&gt; 74
  input in matrix: state: H currentWindowPosition: 8 currentAminoAcid: N =&gt; 0
  input in matrix: state: H currentWindowPosition: 9 currentAminoAcid: N =&gt; 76
  input in matrix: state: H currentWindowPosition: 10 currentAminoAcid: N =&gt; 107
  input in matrix: state: H currentWindowPosition: 11 currentAminoAcid: N =&gt; 69
  input in matrix: state: H currentWindowPosition: 12 currentAminoAcid: N =&gt; 71
  input in matrix: state: H currentWindowPosition: 13 currentAminoAcid: N =&gt; 79
  input in matrix: state: H currentWindowPosition: 14 currentAminoAcid: N =&gt; 77
  input in matrix: state: H currentWindowPosition: 15 currentAminoAcid: N =&gt; 77
  input in matrix: state: H currentWindowPosition: 16 currentAminoAcid: N =&gt; 66
Process line: P	56	62	70	63	46	52	57	40	0	34	26	28	36	61	43	60	78
 data line!
  input in matrix: state: H currentWindowPosition: 0 currentAminoAcid: P =&gt; 56
  input in matrix: state: H currentWindowPosition: 1 currentAminoAcid: P =&gt; 62
  input in matrix: state: H currentWindowPosition: 2 currentAminoAcid: P =&gt; 70
  input in matrix: state: H currentWindowPosition: 3 currentAminoAcid: P =&gt; 63
  input in matrix: state: H currentWindowPosition: 4 currentAminoAcid: P =&gt; 46
  input in matrix: state: H currentWindowPosition: 5 currentAminoAcid: P =&gt; 52
  input in matrix: state: H currentWindowPosition: 6 currentAminoAcid: P =&gt; 57
  input in matrix: state: H currentWindowPosition: 7 currentAminoAcid: P =&gt; 40
  input in matrix: state: H currentWindowPosition: 8 currentAminoAcid: P =&gt; 0
  input in matrix: state: H currentWindowPosition: 9 currentAminoAcid: P =&gt; 34
  input in matrix: state: H currentWindowPosition: 10 currentAminoAcid: P =&gt; 26
  input in matrix: state: H currentWindowPosition: 11 currentAminoAcid: P =&gt; 28
  input in matrix: state: H currentWindowPosition: 12 currentAminoAcid: P =&gt; 36
  input in matrix: state: H currentWindowPosition: 13 currentAminoAcid: P =&gt; 61
  input in matrix: state: H currentWindowPosition: 14 currentAminoAcid: P =&gt; 43
  input in matrix: state: H currentWindowPosition: 15 currentAminoAcid: P =&gt; 60
  input in matrix: state: H currentWindowPosition: 16 currentAminoAcid: P =&gt; 78
Process line: Q	47	53	64	59	48	65	78	64	0	73	84	57	53	74	68	61	61
 data line!
  input in matrix: state: H currentWindowPosition: 0 currentAminoAcid: Q =&gt; 47
  input in matrix: state: H currentWindowPosition: 1 currentAminoAcid: Q =&gt; 53
  input in matrix: state: H currentWindowPosition: 2 currentAminoAcid: Q =&gt; 64
  input in matrix: state: H currentWindowPosition: 3 currentAminoAcid: Q =&gt; 59
  input in matrix: state: H currentWindowPosition: 4 currentAminoAcid: Q =&gt; 48
  input in matrix: state: H currentWindowPosition: 5 currentAminoAcid: Q =&gt; 65
  input in matrix: state: H currentWindowPosition: 6 currentAminoAcid: Q =&gt; 78
  input in matrix: state: H currentWindowPosition: 7 currentAminoAcid: Q =&gt; 64
  input in matrix: state: H currentWindowPosition: 8 currentAminoAcid: Q =&gt; 0
  input in matrix: state: H currentWindowPosition: 9 currentAminoAcid: Q =&gt; 73
  input in matrix: state: H currentWindowPosition: 10 currentAminoAcid: Q =&gt; 84
  input in matrix: state: H currentWindowPosition: 11 currentAminoAcid: Q =&gt; 57
  input in matrix: state: H currentWindowPosition: 12 currentAminoAcid: Q =&gt; 53
  input in matrix: state: H currentWindowPosition: 13 currentAminoAcid: Q =&gt; 74
  input in matrix: state: H currentWindowPosition: 14 currentAminoAcid: Q =&gt; 68
  input in matrix: state: H currentWindowPosition: 15 currentAminoAcid: Q =&gt; 61
  input in matrix: state: H currentWindowPosition: 16 currentAminoAcid: Q =&gt; 61
Process line: R	58	56	64	70	70	71	84	83	0	92	89	63	73	80	95	53	60
 data line!
  input in matrix: state: H currentWindowPosition: 0 currentAminoAcid: R =&gt; 58
  input in matrix: state: H currentWindowPosition: 1 currentAminoAcid: R =&gt; 56
  input in matrix: state: H currentWindowPosition: 2 currentAminoAcid: R =&gt; 64
  input in matrix: state: H currentWindowPosition: 3 currentAminoAcid: R =&gt; 70
  input in matrix: state: H currentWindowPosition: 4 currentAminoAcid: R =&gt; 70
  input in matrix: state: H currentWindowPosition: 5 currentAminoAcid: R =&gt; 71
  input in matrix: state: H currentWindowPosition: 6 currentAminoAcid: R =&gt; 84
  input in matrix: state: H currentWindowPosition: 7 currentAminoAcid: R =&gt; 83
  input in matrix: state: H currentWindowPosition: 8 currentAminoAcid: R =&gt; 0
  input in matrix: state: H currentWindowPosition: 9 currentAminoAcid: R =&gt; 92
  input in matrix: state: H currentWindowPosition: 10 currentAminoAcid: R =&gt; 89
  input in matrix: state: H currentWindowPosition: 11 currentAminoAcid: R =&gt; 63
  input in matrix: state: H currentWindowPosition: 12 currentAminoAcid: R =&gt; 73
  input in matrix: state: H currentWindowPosition: 13 currentAminoAcid: R =&gt; 80
  input in matrix: state: H currentWindowPosition: 14 currentAminoAcid: R =&gt; 95
  input in matrix: state: H currentWindowPosition: 15 currentAminoAcid: R =&gt; 53
  input in matrix: state: H currentWindowPosition: 16 currentAminoAcid: R =&gt; 60
Process line: S	93	90	91	91	81	80	92	102	0	95	98	67	59	81	80	76	83
 data line!
  input in matrix: state: H currentWindowPosition: 0 currentAminoAcid: S =&gt; 93
  input in matrix: state: H currentWindowPosition: 1 currentAminoAcid: S =&gt; 90
  input in matrix: state: H currentWindowPosition: 2 currentAminoAcid: S =&gt; 91
  input in matrix: state: H currentWindowPosition: 3 currentAminoAcid: S =&gt; 91
  input in matrix: state: H currentWindowPosition: 4 currentAminoAcid: S =&gt; 81
  input in matrix: state: H currentWindowPosition: 5 currentAminoAcid: S =&gt; 80
  input in matrix: state: H currentWindowPosition: 6 currentAminoAcid: S =&gt; 92
  input in matrix: state: H currentWindowPosition: 7 currentAminoAcid: S =&gt; 102
  input in matrix: state: H currentWindowPosition: 8 currentAminoAcid: S =&gt; 0
  input in matrix: state: H currentWindowPosition: 9 currentAminoAcid: S =&gt; 95
  input in matrix: state: H currentWindowPosition: 10 currentAminoAcid: S =&gt; 98
  input in matrix: state: H currentWindowPosition: 11 currentAminoAcid: S =&gt; 67
  input in matrix: state: H currentWindowPosition: 12 currentAminoAcid: S =&gt; 59
  input in matrix: state: H currentWindowPosition: 13 currentAminoAcid: S =&gt; 81
  input in matrix: state: H currentWindowPosition: 14 currentAminoAcid: S =&gt; 80
  input in matrix: state: H currentWindowPosition: 15 currentAminoAcid: S =&gt; 76
  input in matrix: state: H currentWindowPosition: 16 currentAminoAcid: S =&gt; 83
Process line: T	89	88	84	75	94	72	64	67	0	67	67	64	60	61	63	73	65
 data line!
  input in matrix: state: H currentWindowPosition: 0 currentAminoAcid: T =&gt; 89
  input in matrix: state: H currentWindowPosition: 1 currentAminoAcid: T =&gt; 88
  input in matrix: state: H currentWindowPosition: 2 currentAminoAcid: T =&gt; 84
  input in matrix: state: H currentWindowPosition: 3 currentAminoAcid: T =&gt; 75
  input in matrix: state: H currentWindowPosition: 4 currentAminoAcid: T =&gt; 94
  input in matrix: state: H currentWindowPosition: 5 currentAminoAcid: T =&gt; 72
  input in matrix: state: H currentWindowPosition: 6 currentAminoAcid: T =&gt; 64
  input in matrix: state: H currentWindowPosition: 7 currentAminoAcid: T =&gt; 67
  input in matrix: state: H currentWindowPosition: 8 currentAminoAcid: T =&gt; 0
  input in matrix: state: H currentWindowPosition: 9 currentAminoAcid: T =&gt; 67
  input in matrix: state: H currentWindowPosition: 10 currentAminoAcid: T =&gt; 67
  input in matrix: state: H currentWindowPosition: 11 currentAminoAcid: T =&gt; 64
  input in matrix: state: H currentWindowPosition: 12 currentAminoAcid: T =&gt; 60
  input in matrix: state: H currentWindowPosition: 13 currentAminoAcid: T =&gt; 61
  input in matrix: state: H currentWindowPosition: 14 currentAminoAcid: T =&gt; 63
  input in matrix: state: H currentWindowPosition: 15 currentAminoAcid: T =&gt; 73
  input in matrix: state: H currentWindowPosition: 16 currentAminoAcid: T =&gt; 65
Process line: V	73	113	81	96	102	94	58	69	0	89	42	73	109	73	74	84	86
 data line!
  input in matrix: state: H currentWindowPosition: 0 currentAminoAcid: V =&gt; 73
  input in matrix: state: H currentWindowPosition: 1 currentAminoAcid: V =&gt; 113
  input in matrix: state: H currentWindowPosition: 2 currentAminoAcid: V =&gt; 81
  input in matrix: state: H currentWindowPosition: 3 currentAminoAcid: V =&gt; 96
  input in matrix: state: H currentWindowPosition: 4 currentAminoAcid: V =&gt; 102
  input in matrix: state: H currentWindowPosition: 5 currentAminoAcid: V =&gt; 94
  input in matrix: state: H currentWindowPosition: 6 currentAminoAcid: V =&gt; 58
  input in matrix: state: H currentWindowPosition: 7 currentAminoAcid: V =&gt; 69
  input in matrix: state: H currentWindowPosition: 8 currentAminoAcid: V =&gt; 0
  input in matrix: state: H currentWindowPosition: 9 currentAminoAcid: V =&gt; 89
  input in matrix: state: H currentWindowPosition: 10 currentAminoAcid: V =&gt; 42
  input in matrix: state: H currentWindowPosition: 11 currentAminoAcid: V =&gt; 73
  input in matrix: state: H currentWindowPosition: 12 currentAminoAcid: V =&gt; 109
  input in matrix: state: H currentWindowPosition: 13 currentAminoAcid: V =&gt; 73
  input in matrix: state: H currentWindowPosition: 14 currentAminoAcid: V =&gt; 74
  input in matrix: state: H currentWindowPosition: 15 currentAminoAcid: V =&gt; 84
  input in matrix: state: H currentWindowPosition: 16 currentAminoAcid: V =&gt; 86
Process line: W	21	28	14	19	15	18	16	18	0	16	17	22	20	13	25	22	18
 data line!
  input in matrix: state: H currentWindowPosition: 0 currentAminoAcid: W =&gt; 21
  input in matrix: state: H currentWindowPosition: 1 currentAminoAcid: W =&gt; 28
  input in matrix: state: H currentWindowPosition: 2 currentAminoAcid: W =&gt; 14
  input in matrix: state: H currentWindowPosition: 3 currentAminoAcid: W =&gt; 19
  input in matrix: state: H currentWindowPosition: 4 currentAminoAcid: W =&gt; 15
  input in matrix: state: H currentWindowPosition: 5 currentAminoAcid: W =&gt; 18
  input in matrix: state: H currentWindowPosition: 6 currentAminoAcid: W =&gt; 16
  input in matrix: state: H currentWindowPosition: 7 currentAminoAcid: W =&gt; 18
  input in matrix: state: H currentWindowPosition: 8 currentAminoAcid: W =&gt; 0
  input in matrix: state: H currentWindowPosition: 9 currentAminoAcid: W =&gt; 16
  input in matrix: state: H currentWindowPosition: 10 currentAminoAcid: W =&gt; 17
  input in matrix: state: H currentWindowPosition: 11 currentAminoAcid: W =&gt; 22
  input in matrix: state: H currentWindowPosition: 12 currentAminoAcid: W =&gt; 20
  input in matrix: state: H currentWindowPosition: 13 currentAminoAcid: W =&gt; 13
  input in matrix: state: H currentWindowPosition: 14 currentAminoAcid: W =&gt; 25
  input in matrix: state: H currentWindowPosition: 15 currentAminoAcid: W =&gt; 22
  input in matrix: state: H currentWindowPosition: 16 currentAminoAcid: W =&gt; 18
Process line: Y	48	63	50	44	65	47	38	44	0	44	46	59	65	50	46	70	59
 data line!
  input in matrix: state: H currentWindowPosition: 0 currentAminoAcid: Y =&gt; 48
  input in matrix: state: H currentWindowPosition: 1 currentAminoAcid: Y =&gt; 63
  input in matrix: state: H currentWindowPosition: 2 currentAminoAcid: Y =&gt; 50
  input in matrix: state: H currentWindowPosition: 3 currentAminoAcid: Y =&gt; 44
  input in matrix: state: H currentWindowPosition: 4 currentAminoAcid: Y =&gt; 65
  input in matrix: state: H currentWindowPosition: 5 currentAminoAcid: Y =&gt; 47
  input in matrix: state: H currentWindowPosition: 6 currentAminoAcid: Y =&gt; 38
  input in matrix: state: H currentWindowPosition: 7 currentAminoAcid: Y =&gt; 44
  input in matrix: state: H currentWindowPosition: 8 currentAminoAcid: Y =&gt; 0
  input in matrix: state: H currentWindowPosition: 9 currentAminoAcid: Y =&gt; 44
  input in matrix: state: H currentWindowPosition: 10 currentAminoAcid: Y =&gt; 46
  input in matrix: state: H currentWindowPosition: 11 currentAminoAcid: Y =&gt; 59
  input in matrix: state: H currentWindowPosition: 12 currentAminoAcid: Y =&gt; 65
  input in matrix: state: H currentWindowPosition: 13 currentAminoAcid: Y =&gt; 50
  input in matrix: state: H currentWindowPosition: 14 currentAminoAcid: Y =&gt; 46
  input in matrix: state: H currentWindowPosition: 15 currentAminoAcid: Y =&gt; 70
  input in matrix: state: H currentWindowPosition: 16 currentAminoAcid: Y =&gt; 59
Process line: 
 Skip line!
Process line: 
 Skip line!
Process line: =K,C=
 state line! (now in state: C)
Process line: 
 Skip line!
Process line: A	142	132	161	148	146	135	148	131	0	109	101	130	117	121	139	151	142
 data line!
  input in matrix: state: C currentWindowPosition: 0 currentAminoAcid: A =&gt; 142
  input in matrix: state: C currentWindowPosition: 1 currentAminoAcid: A =&gt; 132
  input in matrix: state: C currentWindowPosition: 2 currentAminoAcid: A =&gt; 161
  input in matrix: state: C currentWindowPosition: 3 currentAminoAcid: A =&gt; 148
  input in matrix: state: C currentWindowPosition: 4 currentAminoAcid: A =&gt; 146
  input in matrix: state: C currentWindowPosition: 5 currentAminoAcid: A =&gt; 135
  input in matrix: state: C currentWindowPosition: 6 currentAminoAcid: A =&gt; 148
  input in matrix: state: C currentWindowPosition: 7 currentAminoAcid: A =&gt; 131
  input in matrix: state: C currentWindowPosition: 8 currentAminoAcid: A =&gt; 0
  input in matrix: state: C currentWindowPosition: 9 currentAminoAcid: A =&gt; 109
  input in matrix: state: C currentWindowPosition: 10 currentAminoAcid: A =&gt; 101
  input in matrix: state: C currentWindowPosition: 11 currentAminoAcid: A =&gt; 130
  input in matrix: state: C currentWindowPosition: 12 currentAminoAcid: A =&gt; 117
  input in matrix: state: C currentWindowPosition: 13 currentAminoAcid: A =&gt; 121
  input in matrix: state: C currentWindowPosition: 14 currentAminoAcid: A =&gt; 139
  input in matrix: state: C currentWindowPosition: 15 currentAminoAcid: A =&gt; 151
  input in matrix: state: C currentWindowPosition: 16 currentAminoAcid: A =&gt; 142
Process line: C	38	25	31	28	38	30	27	26	0	29	33	23	29	36	38	25	33
 data line!
  input in matrix: state: C currentWindowPosition: 0 currentAminoAcid: C =&gt; 38
  input in matrix: state: C currentWindowPosition: 1 currentAminoAcid: C =&gt; 25
  input in matrix: state: C currentWindowPosition: 2 currentAminoAcid: C =&gt; 31
  input in matrix: state: C currentWindowPosition: 3 currentAminoAcid: C =&gt; 28
  input in matrix: state: C currentWindowPosition: 4 currentAminoAcid: C =&gt; 38
  input in matrix: state: C currentWindowPosition: 5 currentAminoAcid: C =&gt; 30
  input in matrix: state: C currentWindowPosition: 6 currentAminoAcid: C =&gt; 27
  input in matrix: state: C currentWindowPosition: 7 currentAminoAcid: C =&gt; 26
  input in matrix: state: C currentWindowPosition: 8 currentAminoAcid: C =&gt; 0
  input in matrix: state: C currentWindowPosition: 9 currentAminoAcid: C =&gt; 29
  input in matrix: state: C currentWindowPosition: 10 currentAminoAcid: C =&gt; 33
  input in matrix: state: C currentWindowPosition: 11 currentAminoAcid: C =&gt; 23
  input in matrix: state: C currentWindowPosition: 12 currentAminoAcid: C =&gt; 29
  input in matrix: state: C currentWindowPosition: 13 currentAminoAcid: C =&gt; 36
  input in matrix: state: C currentWindowPosition: 14 currentAminoAcid: C =&gt; 38
  input in matrix: state: C currentWindowPosition: 15 currentAminoAcid: C =&gt; 25
  input in matrix: state: C currentWindowPosition: 16 currentAminoAcid: C =&gt; 33
Process line: D	93	95	89	105	100	124	153	140	0	133	128	126	104	112	121	101	113
 data line!
  input in matrix: state: C currentWindowPosition: 0 currentAminoAcid: D =&gt; 93
  input in matrix: state: C currentWindowPosition: 1 currentAminoAcid: D =&gt; 95
  input in matrix: state: C currentWindowPosition: 2 currentAminoAcid: D =&gt; 89
  input in matrix: state: C currentWindowPosition: 3 currentAminoAcid: D =&gt; 105
  input in matrix: state: C currentWindowPosition: 4 currentAminoAcid: D =&gt; 100
  input in matrix: state: C currentWindowPosition: 5 currentAminoAcid: D =&gt; 124
  input in matrix: state: C currentWindowPosition: 6 currentAminoAcid: D =&gt; 153
  input in matrix: state: C currentWindowPosition: 7 currentAminoAcid: D =&gt; 140
  input in matrix: state: C currentWindowPosition: 8 currentAminoAcid: D =&gt; 0
  input in matrix: state: C currentWindowPosition: 9 currentAminoAcid: D =&gt; 133
  input in matrix: state: C currentWindowPosition: 10 currentAminoAcid: D =&gt; 128
  input in matrix: state: C currentWindowPosition: 11 currentAminoAcid: D =&gt; 126
  input in matrix: state: C currentWindowPosition: 12 currentAminoAcid: D =&gt; 104
  input in matrix: state: C currentWindowPosition: 13 currentAminoAcid: D =&gt; 112
  input in matrix: state: C currentWindowPosition: 14 currentAminoAcid: D =&gt; 121
  input in matrix: state: C currentWindowPosition: 15 currentAminoAcid: D =&gt; 101
  input in matrix: state: C currentWindowPosition: 16 currentAminoAcid: D =&gt; 113
Process line: E	121	107	117	109	112	111	114	103	0	93	106	122	112	120	104	93	103
 data line!
  input in matrix: state: C currentWindowPosition: 0 currentAminoAcid: E =&gt; 121
  input in matrix: state: C currentWindowPosition: 1 currentAminoAcid: E =&gt; 107
  input in matrix: state: C currentWindowPosition: 2 currentAminoAcid: E =&gt; 117
  input in matrix: state: C currentWindowPosition: 3 currentAminoAcid: E =&gt; 109
  input in matrix: state: C currentWindowPosition: 4 currentAminoAcid: E =&gt; 112
  input in matrix: state: C currentWindowPosition: 5 currentAminoAcid: E =&gt; 111
  input in matrix: state: C currentWindowPosition: 6 currentAminoAcid: E =&gt; 114
  input in matrix: state: C currentWindowPosition: 7 currentAminoAcid: E =&gt; 103
  input in matrix: state: C currentWindowPosition: 8 currentAminoAcid: E =&gt; 0
  input in matrix: state: C currentWindowPosition: 9 currentAminoAcid: E =&gt; 93
  input in matrix: state: C currentWindowPosition: 10 currentAminoAcid: E =&gt; 106
  input in matrix: state: C currentWindowPosition: 11 currentAminoAcid: E =&gt; 122
  input in matrix: state: C currentWindowPosition: 12 currentAminoAcid: E =&gt; 112
  input in matrix: state: C currentWindowPosition: 13 currentAminoAcid: E =&gt; 120
  input in matrix: state: C currentWindowPosition: 14 currentAminoAcid: E =&gt; 104
  input in matrix: state: C currentWindowPosition: 15 currentAminoAcid: E =&gt; 93
  input in matrix: state: C currentWindowPosition: 16 currentAminoAcid: E =&gt; 103
Process line: F	83	80	79	84	78	75	54	66	0	51	83	52	82	86	80	73	77
 data line!
  input in matrix: state: C currentWindowPosition: 0 currentAminoAcid: F =&gt; 83
  input in matrix: state: C currentWindowPosition: 1 currentAminoAcid: F =&gt; 80
  input in matrix: state: C currentWindowPosition: 2 currentAminoAcid: F =&gt; 79
  input in matrix: state: C currentWindowPosition: 3 currentAminoAcid: F =&gt; 84
  input in matrix: state: C currentWindowPosition: 4 currentAminoAcid: F =&gt; 78
  input in matrix: state: C currentWindowPosition: 5 currentAminoAcid: F =&gt; 75
  input in matrix: state: C currentWindowPosition: 6 currentAminoAcid: F =&gt; 54
  input in matrix: state: C currentWindowPosition: 7 currentAminoAcid: F =&gt; 66
  input in matrix: state: C currentWindowPosition: 8 currentAminoAcid: F =&gt; 0
  input in matrix: state: C currentWindowPosition: 9 currentAminoAcid: F =&gt; 51
  input in matrix: state: C currentWindowPosition: 10 currentAminoAcid: F =&gt; 83
  input in matrix: state: C currentWindowPosition: 11 currentAminoAcid: F =&gt; 52
  input in matrix: state: C currentWindowPosition: 12 currentAminoAcid: F =&gt; 82
  input in matrix: state: C currentWindowPosition: 13 currentAminoAcid: F =&gt; 86
  input in matrix: state: C currentWindowPosition: 14 currentAminoAcid: F =&gt; 80
  input in matrix: state: C currentWindowPosition: 15 currentAminoAcid: F =&gt; 73
  input in matrix: state: C currentWindowPosition: 16 currentAminoAcid: F =&gt; 77
Process line: G	118	135	133	138	127	120	179	259	0	217	160	130	132	130	135	129	117
 data line!
  input in matrix: state: C currentWindowPosition: 0 currentAminoAcid: G =&gt; 118
  input in matrix: state: C currentWindowPosition: 1 currentAminoAcid: G =&gt; 135
  input in matrix: state: C currentWindowPosition: 2 currentAminoAcid: G =&gt; 133
  input in matrix: state: C currentWindowPosition: 3 currentAminoAcid: G =&gt; 138
  input in matrix: state: C currentWindowPosition: 4 currentAminoAcid: G =&gt; 127
  input in matrix: state: C currentWindowPosition: 5 currentAminoAcid: G =&gt; 120
  input in matrix: state: C currentWindowPosition: 6 currentAminoAcid: G =&gt; 179
  input in matrix: state: C currentWindowPosition: 7 currentAminoAcid: G =&gt; 259
  input in matrix: state: C currentWindowPosition: 8 currentAminoAcid: G =&gt; 0
  input in matrix: state: C currentWindowPosition: 9 currentAminoAcid: G =&gt; 217
  input in matrix: state: C currentWindowPosition: 10 currentAminoAcid: G =&gt; 160
  input in matrix: state: C currentWindowPosition: 11 currentAminoAcid: G =&gt; 130
  input in matrix: state: C currentWindowPosition: 12 currentAminoAcid: G =&gt; 132
  input in matrix: state: C currentWindowPosition: 13 currentAminoAcid: G =&gt; 130
  input in matrix: state: C currentWindowPosition: 14 currentAminoAcid: G =&gt; 135
  input in matrix: state: C currentWindowPosition: 15 currentAminoAcid: G =&gt; 129
  input in matrix: state: C currentWindowPosition: 16 currentAminoAcid: G =&gt; 117
Process line: H	38	42	39	53	39	35	41	31	0	34	42	34	25	39	43	44	42
 data line!
  input in matrix: state: C currentWindowPosition: 0 currentAminoAcid: H =&gt; 38
  input in matrix: state: C currentWindowPosition: 1 currentAminoAcid: H =&gt; 42
  input in matrix: state: C currentWindowPosition: 2 currentAminoAcid: H =&gt; 39
  input in matrix: state: C currentWindowPosition: 3 currentAminoAcid: H =&gt; 53
  input in matrix: state: C currentWindowPosition: 4 currentAminoAcid: H =&gt; 39
  input in matrix: state: C currentWindowPosition: 5 currentAminoAcid: H =&gt; 35
  input in matrix: state: C currentWindowPosition: 6 currentAminoAcid: H =&gt; 41
  input in matrix: state: C currentWindowPosition: 7 currentAminoAcid: H =&gt; 31
  input in matrix: state: C currentWindowPosition: 8 currentAminoAcid: H =&gt; 0
  input in matrix: state: C currentWindowPosition: 9 currentAminoAcid: H =&gt; 34
  input in matrix: state: C currentWindowPosition: 10 currentAminoAcid: H =&gt; 42
  input in matrix: state: C currentWindowPosition: 11 currentAminoAcid: H =&gt; 34
  input in matrix: state: C currentWindowPosition: 12 currentAminoAcid: H =&gt; 25
  input in matrix: state: C currentWindowPosition: 13 currentAminoAcid: H =&gt; 39
  input in matrix: state: C currentWindowPosition: 14 currentAminoAcid: H =&gt; 43
  input in matrix: state: C currentWindowPosition: 15 currentAminoAcid: H =&gt; 44
  input in matrix: state: C currentWindowPosition: 16 currentAminoAcid: H =&gt; 42
Process line: I	109	110	119	114	104	98	82	69	0	78	107	106	121	109	138	105	110
 data line!
  input in matrix: state: C currentWindowPosition: 0 currentAminoAcid: I =&gt; 109
  input in matrix: state: C currentWindowPosition: 1 currentAminoAcid: I =&gt; 110
  input in matrix: state: C currentWindowPosition: 2 currentAminoAcid: I =&gt; 119
  input in matrix: state: C currentWindowPosition: 3 currentAminoAcid: I =&gt; 114
  input in matrix: state: C currentWindowPosition: 4 currentAminoAcid: I =&gt; 104
  input in matrix: state: C currentWindowPosition: 5 currentAminoAcid: I =&gt; 98
  input in matrix: state: C currentWindowPosition: 6 currentAminoAcid: I =&gt; 82
  input in matrix: state: C currentWindowPosition: 7 currentAminoAcid: I =&gt; 69
  input in matrix: state: C currentWindowPosition: 8 currentAminoAcid: I =&gt; 0
  input in matrix: state: C currentWindowPosition: 9 currentAminoAcid: I =&gt; 78
  input in matrix: state: C currentWindowPosition: 10 currentAminoAcid: I =&gt; 107
  input in matrix: state: C currentWindowPosition: 11 currentAminoAcid: I =&gt; 106
  input in matrix: state: C currentWindowPosition: 12 currentAminoAcid: I =&gt; 121
  input in matrix: state: C currentWindowPosition: 13 currentAminoAcid: I =&gt; 109
  input in matrix: state: C currentWindowPosition: 14 currentAminoAcid: I =&gt; 138
  input in matrix: state: C currentWindowPosition: 15 currentAminoAcid: I =&gt; 105
  input in matrix: state: C currentWindowPosition: 16 currentAminoAcid: I =&gt; 110
Process line: K	108	115	134	108	98	123	121	98	1791	111	120	127	99	108	107	106	116
 data line!
  input in matrix: state: C currentWindowPosition: 0 currentAminoAcid: K =&gt; 108
  input in matrix: state: C currentWindowPosition: 1 currentAminoAcid: K =&gt; 115
  input in matrix: state: C currentWindowPosition: 2 currentAminoAcid: K =&gt; 134
  input in matrix: state: C currentWindowPosition: 3 currentAminoAcid: K =&gt; 108
  input in matrix: state: C currentWindowPosition: 4 currentAminoAcid: K =&gt; 98
  input in matrix: state: C currentWindowPosition: 5 currentAminoAcid: K =&gt; 123
  input in matrix: state: C currentWindowPosition: 6 currentAminoAcid: K =&gt; 121
  input in matrix: state: C currentWindowPosition: 7 currentAminoAcid: K =&gt; 98
  input in matrix: state: C currentWindowPosition: 8 currentAminoAcid: K =&gt; 1791
  input in matrix: state: C currentWindowPosition: 9 currentAminoAcid: K =&gt; 111
  input in matrix: state: C currentWindowPosition: 10 currentAminoAcid: K =&gt; 120
  input in matrix: state: C currentWindowPosition: 11 currentAminoAcid: K =&gt; 127
  input in matrix: state: C currentWindowPosition: 12 currentAminoAcid: K =&gt; 99
  input in matrix: state: C currentWindowPosition: 13 currentAminoAcid: K =&gt; 108
  input in matrix: state: C currentWindowPosition: 14 currentAminoAcid: K =&gt; 107
  input in matrix: state: C currentWindowPosition: 15 currentAminoAcid: K =&gt; 106
  input in matrix: state: C currentWindowPosition: 16 currentAminoAcid: K =&gt; 116
Process line: L	154	155	157	134	156	171	128	128	0	123	109	121	149	131	119	153	159
 data line!
  input in matrix: state: C currentWindowPosition: 0 currentAminoAcid: L =&gt; 154
  input in matrix: state: C currentWindowPosition: 1 currentAminoAcid: L =&gt; 155
  input in matrix: state: C currentWindowPosition: 2 currentAminoAcid: L =&gt; 157
  input in matrix: state: C currentWindowPosition: 3 currentAminoAcid: L =&gt; 134
  input in matrix: state: C currentWindowPosition: 4 currentAminoAcid: L =&gt; 156
  input in matrix: state: C currentWindowPosition: 5 currentAminoAcid: L =&gt; 171
  input in matrix: state: C currentWindowPosition: 6 currentAminoAcid: L =&gt; 128
  input in matrix: state: C currentWindowPosition: 7 currentAminoAcid: L =&gt; 128
  input in matrix: state: C currentWindowPosition: 8 currentAminoAcid: L =&gt; 0
  input in matrix: state: C currentWindowPosition: 9 currentAminoAcid: L =&gt; 123
  input in matrix: state: C currentWindowPosition: 10 currentAminoAcid: L =&gt; 109
  input in matrix: state: C currentWindowPosition: 11 currentAminoAcid: L =&gt; 121
  input in matrix: state: C currentWindowPosition: 12 currentAminoAcid: L =&gt; 149
  input in matrix: state: C currentWindowPosition: 13 currentAminoAcid: L =&gt; 131
  input in matrix: state: C currentWindowPosition: 14 currentAminoAcid: L =&gt; 119
  input in matrix: state: C currentWindowPosition: 15 currentAminoAcid: L =&gt; 153
  input in matrix: state: C currentWindowPosition: 16 currentAminoAcid: L =&gt; 159
Process line: M	41	38	35	42	36	36	40	30	0	16	27	25	37	34	30	48	35
 data line!
  input in matrix: state: C currentWindowPosition: 0 currentAminoAcid: M =&gt; 41
  input in matrix: state: C currentWindowPosition: 1 currentAminoAcid: M =&gt; 38
  input in matrix: state: C currentWindowPosition: 2 currentAminoAcid: M =&gt; 35
  input in matrix: state: C currentWindowPosition: 3 currentAminoAcid: M =&gt; 42
  input in matrix: state: C currentWindowPosition: 4 currentAminoAcid: M =&gt; 36
  input in matrix: state: C currentWindowPosition: 5 currentAminoAcid: M =&gt; 36
  input in matrix: state: C currentWindowPosition: 6 currentAminoAcid: M =&gt; 40
  input in matrix: state: C currentWindowPosition: 7 currentAminoAcid: M =&gt; 30
  input in matrix: state: C currentWindowPosition: 8 currentAminoAcid: M =&gt; 0
  input in matrix: state: C currentWindowPosition: 9 currentAminoAcid: M =&gt; 16
  input in matrix: state: C currentWindowPosition: 10 currentAminoAcid: M =&gt; 27
  input in matrix: state: C currentWindowPosition: 11 currentAminoAcid: M =&gt; 25
  input in matrix: state: C currentWindowPosition: 12 currentAminoAcid: M =&gt; 37
  input in matrix: state: C currentWindowPosition: 13 currentAminoAcid: M =&gt; 34
  input in matrix: state: C currentWindowPosition: 14 currentAminoAcid: M =&gt; 30
  input in matrix: state: C currentWindowPosition: 15 currentAminoAcid: M =&gt; 48
  input in matrix: state: C currentWindowPosition: 16 currentAminoAcid: M =&gt; 35
Process line: N	88	93	87	81	87	97	103	95	0	101	84	75	71	67	80	76	86
 data line!
  input in matrix: state: C currentWindowPosition: 0 currentAminoAcid: N =&gt; 88
  input in matrix: state: C currentWindowPosition: 1 currentAminoAcid: N =&gt; 93
  input in matrix: state: C currentWindowPosition: 2 currentAminoAcid: N =&gt; 87
  input in matrix: state: C currentWindowPosition: 3 currentAminoAcid: N =&gt; 81
  input in matrix: state: C currentWindowPosition: 4 currentAminoAcid: N =&gt; 87
  input in matrix: state: C currentWindowPosition: 5 currentAminoAcid: N =&gt; 97
  input in matrix: state: C currentWindowPosition: 6 currentAminoAcid: N =&gt; 103
  input in matrix: state: C currentWindowPosition: 7 currentAminoAcid: N =&gt; 95
  input in matrix: state: C currentWindowPosition: 8 currentAminoAcid: N =&gt; 0
  input in matrix: state: C currentWindowPosition: 9 currentAminoAcid: N =&gt; 101
  input in matrix: state: C currentWindowPosition: 10 currentAminoAcid: N =&gt; 84
  input in matrix: state: C currentWindowPosition: 11 currentAminoAcid: N =&gt; 75
  input in matrix: state: C currentWindowPosition: 12 currentAminoAcid: N =&gt; 71
  input in matrix: state: C currentWindowPosition: 13 currentAminoAcid: N =&gt; 67
  input in matrix: state: C currentWindowPosition: 14 currentAminoAcid: N =&gt; 80
  input in matrix: state: C currentWindowPosition: 15 currentAminoAcid: N =&gt; 76
  input in matrix: state: C currentWindowPosition: 16 currentAminoAcid: N =&gt; 86
Process line: P	78	87	63	77	100	108	89	117	0	145	121	115	106	82	67	77	66
 data line!
  input in matrix: state: C currentWindowPosition: 0 currentAminoAcid: P =&gt; 78
  input in matrix: state: C currentWindowPosition: 1 currentAminoAcid: P =&gt; 87
  input in matrix: state: C currentWindowPosition: 2 currentAminoAcid: P =&gt; 63
  input in matrix: state: C currentWindowPosition: 3 currentAminoAcid: P =&gt; 77
  input in matrix: state: C currentWindowPosition: 4 currentAminoAcid: P =&gt; 100
  input in matrix: state: C currentWindowPosition: 5 currentAminoAcid: P =&gt; 108
  input in matrix: state: C currentWindowPosition: 6 currentAminoAcid: P =&gt; 89
  input in matrix: state: C currentWindowPosition: 7 currentAminoAcid: P =&gt; 117
  input in matrix: state: C currentWindowPosition: 8 currentAminoAcid: P =&gt; 0
  input in matrix: state: C currentWindowPosition: 9 currentAminoAcid: P =&gt; 145
  input in matrix: state: C currentWindowPosition: 10 currentAminoAcid: P =&gt; 121
  input in matrix: state: C currentWindowPosition: 11 currentAminoAcid: P =&gt; 115
  input in matrix: state: C currentWindowPosition: 12 currentAminoAcid: P =&gt; 106
  input in matrix: state: C currentWindowPosition: 13 currentAminoAcid: P =&gt; 82
  input in matrix: state: C currentWindowPosition: 14 currentAminoAcid: P =&gt; 67
  input in matrix: state: C currentWindowPosition: 15 currentAminoAcid: P =&gt; 77
  input in matrix: state: C currentWindowPosition: 16 currentAminoAcid: P =&gt; 66
Process line: Q	65	63	57	59	64	50	58	56	0	52	43	64	63	60	86	63	58
 data line!
  input in matrix: state: C currentWindowPosition: 0 currentAminoAcid: Q =&gt; 65
  input in matrix: state: C currentWindowPosition: 1 currentAminoAcid: Q =&gt; 63
  input in matrix: state: C currentWindowPosition: 2 currentAminoAcid: Q =&gt; 57
  input in matrix: state: C currentWindowPosition: 3 currentAminoAcid: Q =&gt; 59
  input in matrix: state: C currentWindowPosition: 4 currentAminoAcid: Q =&gt; 64
  input in matrix: state: C currentWindowPosition: 5 currentAminoAcid: Q =&gt; 50
  input in matrix: state: C currentWindowPosition: 6 currentAminoAcid: Q =&gt; 58
  input in matrix: state: C currentWindowPosition: 7 currentAminoAcid: Q =&gt; 56
  input in matrix: state: C currentWindowPosition: 8 currentAminoAcid: Q =&gt; 0
  input in matrix: state: C currentWindowPosition: 9 currentAminoAcid: Q =&gt; 52
  input in matrix: state: C currentWindowPosition: 10 currentAminoAcid: Q =&gt; 43
  input in matrix: state: C currentWindowPosition: 11 currentAminoAcid: Q =&gt; 64
  input in matrix: state: C currentWindowPosition: 12 currentAminoAcid: Q =&gt; 63
  input in matrix: state: C currentWindowPosition: 13 currentAminoAcid: Q =&gt; 60
  input in matrix: state: C currentWindowPosition: 14 currentAminoAcid: Q =&gt; 86
  input in matrix: state: C currentWindowPosition: 15 currentAminoAcid: Q =&gt; 63
  input in matrix: state: C currentWindowPosition: 16 currentAminoAcid: Q =&gt; 58
Process line: R	69	69	65	90	68	67	62	51	0	74	58	93	69	66	64	71	62
 data line!
  input in matrix: state: C currentWindowPosition: 0 currentAminoAcid: R =&gt; 69
  input in matrix: state: C currentWindowPosition: 1 currentAminoAcid: R =&gt; 69
  input in matrix: state: C currentWindowPosition: 2 currentAminoAcid: R =&gt; 65
  input in matrix: state: C currentWindowPosition: 3 currentAminoAcid: R =&gt; 90
  input in matrix: state: C currentWindowPosition: 4 currentAminoAcid: R =&gt; 68
  input in matrix: state: C currentWindowPosition: 5 currentAminoAcid: R =&gt; 67
  input in matrix: state: C currentWindowPosition: 6 currentAminoAcid: R =&gt; 62
  input in matrix: state: C currentWindowPosition: 7 currentAminoAcid: R =&gt; 51
  input in matrix: state: C currentWindowPosition: 8 currentAminoAcid: R =&gt; 0
  input in matrix: state: C currentWindowPosition: 9 currentAminoAcid: R =&gt; 74
  input in matrix: state: C currentWindowPosition: 10 currentAminoAcid: R =&gt; 58
  input in matrix: state: C currentWindowPosition: 11 currentAminoAcid: R =&gt; 93
  input in matrix: state: C currentWindowPosition: 12 currentAminoAcid: R =&gt; 69
  input in matrix: state: C currentWindowPosition: 13 currentAminoAcid: R =&gt; 66
  input in matrix: state: C currentWindowPosition: 14 currentAminoAcid: R =&gt; 64
  input in matrix: state: C currentWindowPosition: 15 currentAminoAcid: R =&gt; 71
  input in matrix: state: C currentWindowPosition: 16 currentAminoAcid: R =&gt; 62
Process line: S	107	111	91	113	110	100	107	114	0	115	116	105	103	91	118	104	121
 data line!
  input in matrix: state: C currentWindowPosition: 0 currentAminoAcid: S =&gt; 107
  input in matrix: state: C currentWindowPosition: 1 currentAminoAcid: S =&gt; 111
  input in matrix: state: C currentWindowPosition: 2 currentAminoAcid: S =&gt; 91
  input in matrix: state: C currentWindowPosition: 3 currentAminoAcid: S =&gt; 113
  input in matrix: state: C currentWindowPosition: 4 currentAminoAcid: S =&gt; 110
  input in matrix: state: C currentWindowPosition: 5 currentAminoAcid: S =&gt; 100
  input in matrix: state: C currentWindowPosition: 6 currentAminoAcid: S =&gt; 107
  input in matrix: state: C currentWindowPosition: 7 currentAminoAcid: S =&gt; 114
  input in matrix: state: C currentWindowPosition: 8 currentAminoAcid: S =&gt; 0
  input in matrix: state: C currentWindowPosition: 9 currentAminoAcid: S =&gt; 115
  input in matrix: state: C currentWindowPosition: 10 currentAminoAcid: S =&gt; 116
  input in matrix: state: C currentWindowPosition: 11 currentAminoAcid: S =&gt; 105
  input in matrix: state: C currentWindowPosition: 12 currentAminoAcid: S =&gt; 103
  input in matrix: state: C currentWindowPosition: 13 currentAminoAcid: S =&gt; 91
  input in matrix: state: C currentWindowPosition: 14 currentAminoAcid: S =&gt; 118
  input in matrix: state: C currentWindowPosition: 15 currentAminoAcid: S =&gt; 104
  input in matrix: state: C currentWindowPosition: 16 currentAminoAcid: S =&gt; 121
Process line: T	99	95	99	75	87	110	97	104	0	120	120	125	118	138	94	103	113
 data line!
  input in matrix: state: C currentWindowPosition: 0 currentAminoAcid: T =&gt; 99
  input in matrix: state: C currentWindowPosition: 1 currentAminoAcid: T =&gt; 95
  input in matrix: state: C currentWindowPosition: 2 currentAminoAcid: T =&gt; 99
  input in matrix: state: C currentWindowPosition: 3 currentAminoAcid: T =&gt; 75
  input in matrix: state: C currentWindowPosition: 4 currentAminoAcid: T =&gt; 87
  input in matrix: state: C currentWindowPosition: 5 currentAminoAcid: T =&gt; 110
  input in matrix: state: C currentWindowPosition: 6 currentAminoAcid: T =&gt; 97
  input in matrix: state: C currentWindowPosition: 7 currentAminoAcid: T =&gt; 104
  input in matrix: state: C currentWindowPosition: 8 currentAminoAcid: T =&gt; 0
  input in matrix: state: C currentWindowPosition: 9 currentAminoAcid: T =&gt; 120
  input in matrix: state: C currentWindowPosition: 10 currentAminoAcid: T =&gt; 120
  input in matrix: state: C currentWindowPosition: 11 currentAminoAcid: T =&gt; 125
  input in matrix: state: C currentWindowPosition: 12 currentAminoAcid: T =&gt; 118
  input in matrix: state: C currentWindowPosition: 13 currentAminoAcid: T =&gt; 138
  input in matrix: state: C currentWindowPosition: 14 currentAminoAcid: T =&gt; 94
  input in matrix: state: C currentWindowPosition: 15 currentAminoAcid: T =&gt; 103
  input in matrix: state: C currentWindowPosition: 16 currentAminoAcid: T =&gt; 113
Process line: V	131	128	145	129	144	95	110	99	0	109	131	126	163	168	139	164	135
 data line!
  input in matrix: state: C currentWindowPosition: 0 currentAminoAcid: V =&gt; 131
  input in matrix: state: C currentWindowPosition: 1 currentAminoAcid: V =&gt; 128
  input in matrix: state: C currentWindowPosition: 2 currentAminoAcid: V =&gt; 145
  input in matrix: state: C currentWindowPosition: 3 currentAminoAcid: V =&gt; 129
  input in matrix: state: C currentWindowPosition: 4 currentAminoAcid: V =&gt; 144
  input in matrix: state: C currentWindowPosition: 5 currentAminoAcid: V =&gt; 95
  input in matrix: state: C currentWindowPosition: 6 currentAminoAcid: V =&gt; 110
  input in matrix: state: C currentWindowPosition: 7 currentAminoAcid: V =&gt; 99
  input in matrix: state: C currentWindowPosition: 8 currentAminoAcid: V =&gt; 0
  input in matrix: state: C currentWindowPosition: 9 currentAminoAcid: V =&gt; 109
  input in matrix: state: C currentWindowPosition: 10 currentAminoAcid: V =&gt; 131
  input in matrix: state: C currentWindowPosition: 11 currentAminoAcid: V =&gt; 126
  input in matrix: state: C currentWindowPosition: 12 currentAminoAcid: V =&gt; 163
  input in matrix: state: C currentWindowPosition: 13 currentAminoAcid: V =&gt; 168
  input in matrix: state: C currentWindowPosition: 14 currentAminoAcid: V =&gt; 139
  input in matrix: state: C currentWindowPosition: 15 currentAminoAcid: V =&gt; 164
  input in matrix: state: C currentWindowPosition: 16 currentAminoAcid: V =&gt; 135
Process line: W	28	26	24	29	24	31	24	16	0	16	34	23	33	23	30	32	26
 data line!
  input in matrix: state: C currentWindowPosition: 0 currentAminoAcid: W =&gt; 28
  input in matrix: state: C currentWindowPosition: 1 currentAminoAcid: W =&gt; 26
  input in matrix: state: C currentWindowPosition: 2 currentAminoAcid: W =&gt; 24
  input in matrix: state: C currentWindowPosition: 3 currentAminoAcid: W =&gt; 29
  input in matrix: state: C currentWindowPosition: 4 currentAminoAcid: W =&gt; 24
  input in matrix: state: C currentWindowPosition: 5 currentAminoAcid: W =&gt; 31
  input in matrix: state: C currentWindowPosition: 6 currentAminoAcid: W =&gt; 24
  input in matrix: state: C currentWindowPosition: 7 currentAminoAcid: W =&gt; 16
  input in matrix: state: C currentWindowPosition: 8 currentAminoAcid: W =&gt; 0
  input in matrix: state: C currentWindowPosition: 9 currentAminoAcid: W =&gt; 16
  input in matrix: state: C currentWindowPosition: 10 currentAminoAcid: W =&gt; 34
  input in matrix: state: C currentWindowPosition: 11 currentAminoAcid: W =&gt; 23
  input in matrix: state: C currentWindowPosition: 12 currentAminoAcid: W =&gt; 33
  input in matrix: state: C currentWindowPosition: 13 currentAminoAcid: W =&gt; 23
  input in matrix: state: C currentWindowPosition: 14 currentAminoAcid: W =&gt; 30
  input in matrix: state: C currentWindowPosition: 15 currentAminoAcid: W =&gt; 32
  input in matrix: state: C currentWindowPosition: 16 currentAminoAcid: W =&gt; 26
Process line: Y	80	85	65	74	72	73	54	57	0	65	66	69	58	67	58	71	76
 data line!
  input in matrix: state: C currentWindowPosition: 0 currentAminoAcid: Y =&gt; 80
  input in matrix: state: C currentWindowPosition: 1 currentAminoAcid: Y =&gt; 85
  input in matrix: state: C currentWindowPosition: 2 currentAminoAcid: Y =&gt; 65
  input in matrix: state: C currentWindowPosition: 3 currentAminoAcid: Y =&gt; 74
  input in matrix: state: C currentWindowPosition: 4 currentAminoAcid: Y =&gt; 72
  input in matrix: state: C currentWindowPosition: 5 currentAminoAcid: Y =&gt; 73
  input in matrix: state: C currentWindowPosition: 6 currentAminoAcid: Y =&gt; 54
  input in matrix: state: C currentWindowPosition: 7 currentAminoAcid: Y =&gt; 57
  input in matrix: state: C currentWindowPosition: 8 currentAminoAcid: Y =&gt; 0
  input in matrix: state: C currentWindowPosition: 9 currentAminoAcid: Y =&gt; 65
  input in matrix: state: C currentWindowPosition: 10 currentAminoAcid: Y =&gt; 66
  input in matrix: state: C currentWindowPosition: 11 currentAminoAcid: Y =&gt; 69
  input in matrix: state: C currentWindowPosition: 12 currentAminoAcid: Y =&gt; 58
  input in matrix: state: C currentWindowPosition: 13 currentAminoAcid: Y =&gt; 67
  input in matrix: state: C currentWindowPosition: 14 currentAminoAcid: Y =&gt; 58
  input in matrix: state: C currentWindowPosition: 15 currentAminoAcid: Y =&gt; 71
  input in matrix: state: C currentWindowPosition: 16 currentAminoAcid: Y =&gt; 76
Process line: 
 Skip line!
Process line: 
 Skip line!
Process line: =K,E=
 state line! (now in state: E)
Process line: 
 Skip line!
Process line: A	79	60	65	55	54	63	60	51	0	48	46	57	60	47	48	49	62
 data line!
  input in matrix: state: E currentWindowPosition: 0 currentAminoAcid: A =&gt; 79
  input in matrix: state: E currentWindowPosition: 1 currentAminoAcid: A =&gt; 60
  input in matrix: state: E currentWindowPosition: 2 currentAminoAcid: A =&gt; 65
  input in matrix: state: E currentWindowPosition: 3 currentAminoAcid: A =&gt; 55
  input in matrix: state: E currentWindowPosition: 4 currentAminoAcid: A =&gt; 54
  input in matrix: state: E currentWindowPosition: 5 currentAminoAcid: A =&gt; 63
  input in matrix: state: E currentWindowPosition: 6 currentAminoAcid: A =&gt; 60
  input in matrix: state: E currentWindowPosition: 7 currentAminoAcid: A =&gt; 51
  input in matrix: state: E currentWindowPosition: 8 currentAminoAcid: A =&gt; 0
  input in matrix: state: E currentWindowPosition: 9 currentAminoAcid: A =&gt; 48
  input in matrix: state: E currentWindowPosition: 10 currentAminoAcid: A =&gt; 46
  input in matrix: state: E currentWindowPosition: 11 currentAminoAcid: A =&gt; 57
  input in matrix: state: E currentWindowPosition: 12 currentAminoAcid: A =&gt; 60
  input in matrix: state: E currentWindowPosition: 13 currentAminoAcid: A =&gt; 47
  input in matrix: state: E currentWindowPosition: 14 currentAminoAcid: A =&gt; 48
  input in matrix: state: E currentWindowPosition: 15 currentAminoAcid: A =&gt; 49
  input in matrix: state: E currentWindowPosition: 16 currentAminoAcid: A =&gt; 62
Process line: C	17	13	9	12	15	13	10	9	0	19	9	19	12	14	12	15	19
 data line!
  input in matrix: state: E currentWindowPosition: 0 currentAminoAcid: C =&gt; 17
  input in matrix: state: E currentWindowPosition: 1 currentAminoAcid: C =&gt; 13
  input in matrix: state: E currentWindowPosition: 2 currentAminoAcid: C =&gt; 9
  input in matrix: state: E currentWindowPosition: 3 currentAminoAcid: C =&gt; 12
  input in matrix: state: E currentWindowPosition: 4 currentAminoAcid: C =&gt; 15
  input in matrix: state: E currentWindowPosition: 5 currentAminoAcid: C =&gt; 13
  input in matrix: state: E currentWindowPosition: 6 currentAminoAcid: C =&gt; 10
  input in matrix: state: E currentWindowPosition: 7 currentAminoAcid: C =&gt; 9
  input in matrix: state: E currentWindowPosition: 8 currentAminoAcid: C =&gt; 0
  input in matrix: state: E currentWindowPosition: 9 currentAminoAcid: C =&gt; 19
  input in matrix: state: E currentWindowPosition: 10 currentAminoAcid: C =&gt; 9
  input in matrix: state: E currentWindowPosition: 11 currentAminoAcid: C =&gt; 19
  input in matrix: state: E currentWindowPosition: 12 currentAminoAcid: C =&gt; 12
  input in matrix: state: E currentWindowPosition: 13 currentAminoAcid: C =&gt; 14
  input in matrix: state: E currentWindowPosition: 14 currentAminoAcid: C =&gt; 12
  input in matrix: state: E currentWindowPosition: 15 currentAminoAcid: C =&gt; 15
  input in matrix: state: E currentWindowPosition: 16 currentAminoAcid: C =&gt; 19
Process line: D	55	50	48	51	40	43	41	23	0	24	47	55	42	54	58	59	43
 data line!
  input in matrix: state: E currentWindowPosition: 0 currentAminoAcid: D =&gt; 55
  input in matrix: state: E currentWindowPosition: 1 currentAminoAcid: D =&gt; 50
  input in matrix: state: E currentWindowPosition: 2 currentAminoAcid: D =&gt; 48
  input in matrix: state: E currentWindowPosition: 3 currentAminoAcid: D =&gt; 51
  input in matrix: state: E currentWindowPosition: 4 currentAminoAcid: D =&gt; 40
  input in matrix: state: E currentWindowPosition: 5 currentAminoAcid: D =&gt; 43
  input in matrix: state: E currentWindowPosition: 6 currentAminoAcid: D =&gt; 41
  input in matrix: state: E currentWindowPosition: 7 currentAminoAcid: D =&gt; 23
  input in matrix: state: E currentWindowPosition: 8 currentAminoAcid: D =&gt; 0
  input in matrix: state: E currentWindowPosition: 9 currentAminoAcid: D =&gt; 24
  input in matrix: state: E currentWindowPosition: 10 currentAminoAcid: D =&gt; 47
  input in matrix: state: E currentWindowPosition: 11 currentAminoAcid: D =&gt; 55
  input in matrix: state: E currentWindowPosition: 12 currentAminoAcid: D =&gt; 42
  input in matrix: state: E currentWindowPosition: 13 currentAminoAcid: D =&gt; 54
  input in matrix: state: E currentWindowPosition: 14 currentAminoAcid: D =&gt; 58
  input in matrix: state: E currentWindowPosition: 15 currentAminoAcid: D =&gt; 59
  input in matrix: state: E currentWindowPosition: 16 currentAminoAcid: D =&gt; 43
Process line: E	45	54	44	45	50	41	55	39	0	29	54	37	41	55	52	44	47
 data line!
  input in matrix: state: E currentWindowPosition: 0 currentAminoAcid: E =&gt; 45
  input in matrix: state: E currentWindowPosition: 1 currentAminoAcid: E =&gt; 54
  input in matrix: state: E currentWindowPosition: 2 currentAminoAcid: E =&gt; 44
  input in matrix: state: E currentWindowPosition: 3 currentAminoAcid: E =&gt; 45
  input in matrix: state: E currentWindowPosition: 4 currentAminoAcid: E =&gt; 50
  input in matrix: state: E currentWindowPosition: 5 currentAminoAcid: E =&gt; 41
  input in matrix: state: E currentWindowPosition: 6 currentAminoAcid: E =&gt; 55
  input in matrix: state: E currentWindowPosition: 7 currentAminoAcid: E =&gt; 39
  input in matrix: state: E currentWindowPosition: 8 currentAminoAcid: E =&gt; 0
  input in matrix: state: E currentWindowPosition: 9 currentAminoAcid: E =&gt; 29
  input in matrix: state: E currentWindowPosition: 10 currentAminoAcid: E =&gt; 54
  input in matrix: state: E currentWindowPosition: 11 currentAminoAcid: E =&gt; 37
  input in matrix: state: E currentWindowPosition: 12 currentAminoAcid: E =&gt; 41
  input in matrix: state: E currentWindowPosition: 13 currentAminoAcid: E =&gt; 55
  input in matrix: state: E currentWindowPosition: 14 currentAminoAcid: E =&gt; 52
  input in matrix: state: E currentWindowPosition: 15 currentAminoAcid: E =&gt; 44
  input in matrix: state: E currentWindowPosition: 16 currentAminoAcid: E =&gt; 47
Process line: F	37	26	37	32	31	32	29	46	0	38	24	32	27	24	27	35	35
 data line!
  input in matrix: state: E currentWindowPosition: 0 currentAminoAcid: F =&gt; 37
  input in matrix: state: E currentWindowPosition: 1 currentAminoAcid: F =&gt; 26
  input in matrix: state: E currentWindowPosition: 2 currentAminoAcid: F =&gt; 37
  input in matrix: state: E currentWindowPosition: 3 currentAminoAcid: F =&gt; 32
  input in matrix: state: E currentWindowPosition: 4 currentAminoAcid: F =&gt; 31
  input in matrix: state: E currentWindowPosition: 5 currentAminoAcid: F =&gt; 32
  input in matrix: state: E currentWindowPosition: 6 currentAminoAcid: F =&gt; 29
  input in matrix: state: E currentWindowPosition: 7 currentAminoAcid: F =&gt; 46
  input in matrix: state: E currentWindowPosition: 8 currentAminoAcid: F =&gt; 0
  input in matrix: state: E currentWindowPosition: 9 currentAminoAcid: F =&gt; 38
  input in matrix: state: E currentWindowPosition: 10 currentAminoAcid: F =&gt; 24
  input in matrix: state: E currentWindowPosition: 11 currentAminoAcid: F =&gt; 32
  input in matrix: state: E currentWindowPosition: 12 currentAminoAcid: F =&gt; 27
  input in matrix: state: E currentWindowPosition: 13 currentAminoAcid: F =&gt; 24
  input in matrix: state: E currentWindowPosition: 14 currentAminoAcid: F =&gt; 27
  input in matrix: state: E currentWindowPosition: 15 currentAminoAcid: F =&gt; 35
  input in matrix: state: E currentWindowPosition: 16 currentAminoAcid: F =&gt; 35
Process line: G	57	70	85	75	84	76	94	76	0	41	62	59	83	91	81	81	82
 data line!
  input in matrix: state: E currentWindowPosition: 0 currentAminoAcid: G =&gt; 57
  input in matrix: state: E currentWindowPosition: 1 currentAminoAcid: G =&gt; 70
  input in matrix: state: E currentWindowPosition: 2 currentAminoAcid: G =&gt; 85
  input in matrix: state: E currentWindowPosition: 3 currentAminoAcid: G =&gt; 75
  input in matrix: state: E currentWindowPosition: 4 currentAminoAcid: G =&gt; 84
  input in matrix: state: E currentWindowPosition: 5 currentAminoAcid: G =&gt; 76
  input in matrix: state: E currentWindowPosition: 6 currentAminoAcid: G =&gt; 94
  input in matrix: state: E currentWindowPosition: 7 currentAminoAcid: G =&gt; 76
  input in matrix: state: E currentWindowPosition: 8 currentAminoAcid: G =&gt; 0
  input in matrix: state: E currentWindowPosition: 9 currentAminoAcid: G =&gt; 41
  input in matrix: state: E currentWindowPosition: 10 currentAminoAcid: G =&gt; 62
  input in matrix: state: E currentWindowPosition: 11 currentAminoAcid: G =&gt; 59
  input in matrix: state: E currentWindowPosition: 12 currentAminoAcid: G =&gt; 83
  input in matrix: state: E currentWindowPosition: 13 currentAminoAcid: G =&gt; 91
  input in matrix: state: E currentWindowPosition: 14 currentAminoAcid: G =&gt; 81
  input in matrix: state: E currentWindowPosition: 15 currentAminoAcid: G =&gt; 81
  input in matrix: state: E currentWindowPosition: 16 currentAminoAcid: G =&gt; 82
Process line: H	15	16	14	20	26	22	22	17	0	11	17	16	21	24	16	21	22
 data line!
  input in matrix: state: E currentWindowPosition: 0 currentAminoAcid: H =&gt; 15
  input in matrix: state: E currentWindowPosition: 1 currentAminoAcid: H =&gt; 16
  input in matrix: state: E currentWindowPosition: 2 currentAminoAcid: H =&gt; 14
  input in matrix: state: E currentWindowPosition: 3 currentAminoAcid: H =&gt; 20
  input in matrix: state: E currentWindowPosition: 4 currentAminoAcid: H =&gt; 26
  input in matrix: state: E currentWindowPosition: 5 currentAminoAcid: H =&gt; 22
  input in matrix: state: E currentWindowPosition: 6 currentAminoAcid: H =&gt; 22
  input in matrix: state: E currentWindowPosition: 7 currentAminoAcid: H =&gt; 17
  input in matrix: state: E currentWindowPosition: 8 currentAminoAcid: H =&gt; 0
  input in matrix: state: E currentWindowPosition: 9 currentAminoAcid: H =&gt; 11
  input in matrix: state: E currentWindowPosition: 10 currentAminoAcid: H =&gt; 17
  input in matrix: state: E currentWindowPosition: 11 currentAminoAcid: H =&gt; 16
  input in matrix: state: E currentWindowPosition: 12 currentAminoAcid: H =&gt; 21
  input in matrix: state: E currentWindowPosition: 13 currentAminoAcid: H =&gt; 24
  input in matrix: state: E currentWindowPosition: 14 currentAminoAcid: H =&gt; 16
  input in matrix: state: E currentWindowPosition: 15 currentAminoAcid: H =&gt; 21
  input in matrix: state: E currentWindowPosition: 16 currentAminoAcid: H =&gt; 22
Process line: I	37	38	37	47	48	42	34	79	0	71	56	60	49	41	40	56	44
 data line!
  input in matrix: state: E currentWindowPosition: 0 currentAminoAcid: I =&gt; 37
  input in matrix: state: E currentWindowPosition: 1 currentAminoAcid: I =&gt; 38
  input in matrix: state: E currentWindowPosition: 2 currentAminoAcid: I =&gt; 37
  input in matrix: state: E currentWindowPosition: 3 currentAminoAcid: I =&gt; 47
  input in matrix: state: E currentWindowPosition: 4 currentAminoAcid: I =&gt; 48
  input in matrix: state: E currentWindowPosition: 5 currentAminoAcid: I =&gt; 42
  input in matrix: state: E currentWindowPosition: 6 currentAminoAcid: I =&gt; 34
  input in matrix: state: E currentWindowPosition: 7 currentAminoAcid: I =&gt; 79
  input in matrix: state: E currentWindowPosition: 8 currentAminoAcid: I =&gt; 0
  input in matrix: state: E currentWindowPosition: 9 currentAminoAcid: I =&gt; 71
  input in matrix: state: E currentWindowPosition: 10 currentAminoAcid: I =&gt; 56
  input in matrix: state: E currentWindowPosition: 11 currentAminoAcid: I =&gt; 60
  input in matrix: state: E currentWindowPosition: 12 currentAminoAcid: I =&gt; 49
  input in matrix: state: E currentWindowPosition: 13 currentAminoAcid: I =&gt; 41
  input in matrix: state: E currentWindowPosition: 14 currentAminoAcid: I =&gt; 40
  input in matrix: state: E currentWindowPosition: 15 currentAminoAcid: I =&gt; 56
  input in matrix: state: E currentWindowPosition: 16 currentAminoAcid: I =&gt; 44
Process line: K	62	46	63	57	54	64	33	39	811	28	35	41	50	45	50	44	58
 data line!
  input in matrix: state: E currentWindowPosition: 0 currentAminoAcid: K =&gt; 62
  input in matrix: state: E currentWindowPosition: 1 currentAminoAcid: K =&gt; 46
  input in matrix: state: E currentWindowPosition: 2 currentAminoAcid: K =&gt; 63
  input in matrix: state: E currentWindowPosition: 3 currentAminoAcid: K =&gt; 57
  input in matrix: state: E currentWindowPosition: 4 currentAminoAcid: K =&gt; 54
  input in matrix: state: E currentWindowPosition: 5 currentAminoAcid: K =&gt; 64
  input in matrix: state: E currentWindowPosition: 6 currentAminoAcid: K =&gt; 33
  input in matrix: state: E currentWindowPosition: 7 currentAminoAcid: K =&gt; 39
  input in matrix: state: E currentWindowPosition: 8 currentAminoAcid: K =&gt; 811
  input in matrix: state: E currentWindowPosition: 9 currentAminoAcid: K =&gt; 28
  input in matrix: state: E currentWindowPosition: 10 currentAminoAcid: K =&gt; 35
  input in matrix: state: E currentWindowPosition: 11 currentAminoAcid: K =&gt; 41
  input in matrix: state: E currentWindowPosition: 12 currentAminoAcid: K =&gt; 50
  input in matrix: state: E currentWindowPosition: 13 currentAminoAcid: K =&gt; 45
  input in matrix: state: E currentWindowPosition: 14 currentAminoAcid: K =&gt; 50
  input in matrix: state: E currentWindowPosition: 15 currentAminoAcid: K =&gt; 44
  input in matrix: state: E currentWindowPosition: 16 currentAminoAcid: K =&gt; 58
Process line: L	60	56	62	54	48	61	62	73	0	95	58	71	49	58	57	54	58
 data line!
  input in matrix: state: E currentWindowPosition: 0 currentAminoAcid: L =&gt; 60
  input in matrix: state: E currentWindowPosition: 1 currentAminoAcid: L =&gt; 56
  input in matrix: state: E currentWindowPosition: 2 currentAminoAcid: L =&gt; 62
  input in matrix: state: E currentWindowPosition: 3 currentAminoAcid: L =&gt; 54
  input in matrix: state: E currentWindowPosition: 4 currentAminoAcid: L =&gt; 48
  input in matrix: state: E currentWindowPosition: 5 currentAminoAcid: L =&gt; 61
  input in matrix: state: E currentWindowPosition: 6 currentAminoAcid: L =&gt; 62
  input in matrix: state: E currentWindowPosition: 7 currentAminoAcid: L =&gt; 73
  input in matrix: state: E currentWindowPosition: 8 currentAminoAcid: L =&gt; 0
  input in matrix: state: E currentWindowPosition: 9 currentAminoAcid: L =&gt; 95
  input in matrix: state: E currentWindowPosition: 10 currentAminoAcid: L =&gt; 58
  input in matrix: state: E currentWindowPosition: 11 currentAminoAcid: L =&gt; 71
  input in matrix: state: E currentWindowPosition: 12 currentAminoAcid: L =&gt; 49
  input in matrix: state: E currentWindowPosition: 13 currentAminoAcid: L =&gt; 58
  input in matrix: state: E currentWindowPosition: 14 currentAminoAcid: L =&gt; 57
  input in matrix: state: E currentWindowPosition: 15 currentAminoAcid: L =&gt; 54
  input in matrix: state: E currentWindowPosition: 16 currentAminoAcid: L =&gt; 58
Process line: M	13	14	13	9	8	18	13	14	0	28	12	14	17	15	11	7	16
 data line!
  input in matrix: state: E currentWindowPosition: 0 currentAminoAcid: M =&gt; 13
  input in matrix: state: E currentWindowPosition: 1 currentAminoAcid: M =&gt; 14
  input in matrix: state: E currentWindowPosition: 2 currentAminoAcid: M =&gt; 13
  input in matrix: state: E currentWindowPosition: 3 currentAminoAcid: M =&gt; 9
  input in matrix: state: E currentWindowPosition: 4 currentAminoAcid: M =&gt; 8
  input in matrix: state: E currentWindowPosition: 5 currentAminoAcid: M =&gt; 18
  input in matrix: state: E currentWindowPosition: 6 currentAminoAcid: M =&gt; 13
  input in matrix: state: E currentWindowPosition: 7 currentAminoAcid: M =&gt; 14
  input in matrix: state: E currentWindowPosition: 8 currentAminoAcid: M =&gt; 0
  input in matrix: state: E currentWindowPosition: 9 currentAminoAcid: M =&gt; 28
  input in matrix: state: E currentWindowPosition: 10 currentAminoAcid: M =&gt; 12
  input in matrix: state: E currentWindowPosition: 11 currentAminoAcid: M =&gt; 14
  input in matrix: state: E currentWindowPosition: 12 currentAminoAcid: M =&gt; 17
  input in matrix: state: E currentWindowPosition: 13 currentAminoAcid: M =&gt; 15
  input in matrix: state: E currentWindowPosition: 14 currentAminoAcid: M =&gt; 11
  input in matrix: state: E currentWindowPosition: 15 currentAminoAcid: M =&gt; 7
  input in matrix: state: E currentWindowPosition: 16 currentAminoAcid: M =&gt; 16
Process line: N	31	41	35	49	37	28	60	27	0	28	41	51	46	44	51	40	34
 data line!
  input in matrix: state: E currentWindowPosition: 0 currentAminoAcid: N =&gt; 31
  input in matrix: state: E currentWindowPosition: 1 currentAminoAcid: N =&gt; 41
  input in matrix: state: E currentWindowPosition: 2 currentAminoAcid: N =&gt; 35
  input in matrix: state: E currentWindowPosition: 3 currentAminoAcid: N =&gt; 49
  input in matrix: state: E currentWindowPosition: 4 currentAminoAcid: N =&gt; 37
  input in matrix: state: E currentWindowPosition: 5 currentAminoAcid: N =&gt; 28
  input in matrix: state: E currentWindowPosition: 6 currentAminoAcid: N =&gt; 60
  input in matrix: state: E currentWindowPosition: 7 currentAminoAcid: N =&gt; 27
  input in matrix: state: E currentWindowPosition: 8 currentAminoAcid: N =&gt; 0
  input in matrix: state: E currentWindowPosition: 9 currentAminoAcid: N =&gt; 28
  input in matrix: state: E currentWindowPosition: 10 currentAminoAcid: N =&gt; 41
  input in matrix: state: E currentWindowPosition: 11 currentAminoAcid: N =&gt; 51
  input in matrix: state: E currentWindowPosition: 12 currentAminoAcid: N =&gt; 46
  input in matrix: state: E currentWindowPosition: 13 currentAminoAcid: N =&gt; 44
  input in matrix: state: E currentWindowPosition: 14 currentAminoAcid: N =&gt; 51
  input in matrix: state: E currentWindowPosition: 15 currentAminoAcid: N =&gt; 40
  input in matrix: state: E currentWindowPosition: 16 currentAminoAcid: N =&gt; 34
Process line: P	41	32	35	39	49	27	31	12	0	23	32	29	32	30	42	42	39
 data line!
  input in matrix: state: E currentWindowPosition: 0 currentAminoAcid: P =&gt; 41
  input in matrix: state: E currentWindowPosition: 1 currentAminoAcid: P =&gt; 32
  input in matrix: state: E currentWindowPosition: 2 currentAminoAcid: P =&gt; 35
  input in matrix: state: E currentWindowPosition: 3 currentAminoAcid: P =&gt; 39
  input in matrix: state: E currentWindowPosition: 4 currentAminoAcid: P =&gt; 49
  input in matrix: state: E currentWindowPosition: 5 currentAminoAcid: P =&gt; 27
  input in matrix: state: E currentWindowPosition: 6 currentAminoAcid: P =&gt; 31
  input in matrix: state: E currentWindowPosition: 7 currentAminoAcid: P =&gt; 12
  input in matrix: state: E currentWindowPosition: 8 currentAminoAcid: P =&gt; 0
  input in matrix: state: E currentWindowPosition: 9 currentAminoAcid: P =&gt; 23
  input in matrix: state: E currentWindowPosition: 10 currentAminoAcid: P =&gt; 32
  input in matrix: state: E currentWindowPosition: 11 currentAminoAcid: P =&gt; 29
  input in matrix: state: E currentWindowPosition: 12 currentAminoAcid: P =&gt; 32
  input in matrix: state: E currentWindowPosition: 13 currentAminoAcid: P =&gt; 30
  input in matrix: state: E currentWindowPosition: 14 currentAminoAcid: P =&gt; 42
  input in matrix: state: E currentWindowPosition: 15 currentAminoAcid: P =&gt; 42
  input in matrix: state: E currentWindowPosition: 16 currentAminoAcid: P =&gt; 39
Process line: Q	28	35	20	25	22	28	19	26	0	12	22	35	25	27	17	24	29
 data line!
  input in matrix: state: E currentWindowPosition: 0 currentAminoAcid: Q =&gt; 28
  input in matrix: state: E currentWindowPosition: 1 currentAminoAcid: Q =&gt; 35
  input in matrix: state: E currentWindowPosition: 2 currentAminoAcid: Q =&gt; 20
  input in matrix: state: E currentWindowPosition: 3 currentAminoAcid: Q =&gt; 25
  input in matrix: state: E currentWindowPosition: 4 currentAminoAcid: Q =&gt; 22
  input in matrix: state: E currentWindowPosition: 5 currentAminoAcid: Q =&gt; 28
  input in matrix: state: E currentWindowPosition: 6 currentAminoAcid: Q =&gt; 19
  input in matrix: state: E currentWindowPosition: 7 currentAminoAcid: Q =&gt; 26
  input in matrix: state: E currentWindowPosition: 8 currentAminoAcid: Q =&gt; 0
  input in matrix: state: E currentWindowPosition: 9 currentAminoAcid: Q =&gt; 12
  input in matrix: state: E currentWindowPosition: 10 currentAminoAcid: Q =&gt; 22
  input in matrix: state: E currentWindowPosition: 11 currentAminoAcid: Q =&gt; 35
  input in matrix: state: E currentWindowPosition: 12 currentAminoAcid: Q =&gt; 25
  input in matrix: state: E currentWindowPosition: 13 currentAminoAcid: Q =&gt; 27
  input in matrix: state: E currentWindowPosition: 14 currentAminoAcid: Q =&gt; 17
  input in matrix: state: E currentWindowPosition: 15 currentAminoAcid: Q =&gt; 24
  input in matrix: state: E currentWindowPosition: 16 currentAminoAcid: Q =&gt; 29
Process line: R	29	32	32	31	26	32	29	26	0	31	27	18	24	31	25	25	37
 data line!
  input in matrix: state: E currentWindowPosition: 0 currentAminoAcid: R =&gt; 29
  input in matrix: state: E currentWindowPosition: 1 currentAminoAcid: R =&gt; 32
  input in matrix: state: E currentWindowPosition: 2 currentAminoAcid: R =&gt; 32
  input in matrix: state: E currentWindowPosition: 3 currentAminoAcid: R =&gt; 31
  input in matrix: state: E currentWindowPosition: 4 currentAminoAcid: R =&gt; 26
  input in matrix: state: E currentWindowPosition: 5 currentAminoAcid: R =&gt; 32
  input in matrix: state: E currentWindowPosition: 6 currentAminoAcid: R =&gt; 29
  input in matrix: state: E currentWindowPosition: 7 currentAminoAcid: R =&gt; 26
  input in matrix: state: E currentWindowPosition: 8 currentAminoAcid: R =&gt; 0
  input in matrix: state: E currentWindowPosition: 9 currentAminoAcid: R =&gt; 31
  input in matrix: state: E currentWindowPosition: 10 currentAminoAcid: R =&gt; 27
  input in matrix: state: E currentWindowPosition: 11 currentAminoAcid: R =&gt; 18
  input in matrix: state: E currentWindowPosition: 12 currentAminoAcid: R =&gt; 24
  input in matrix: state: E currentWindowPosition: 13 currentAminoAcid: R =&gt; 31
  input in matrix: state: E currentWindowPosition: 14 currentAminoAcid: R =&gt; 25
  input in matrix: state: E currentWindowPosition: 15 currentAminoAcid: R =&gt; 25
  input in matrix: state: E currentWindowPosition: 16 currentAminoAcid: R =&gt; 37
Process line: S	51	57	63	45	60	52	50	30	0	44	60	71	58	64	62	51	52
 data line!
  input in matrix: state: E currentWindowPosition: 0 currentAminoAcid: S =&gt; 51
  input in matrix: state: E currentWindowPosition: 1 currentAminoAcid: S =&gt; 57
  input in matrix: state: E currentWindowPosition: 2 currentAminoAcid: S =&gt; 63
  input in matrix: state: E currentWindowPosition: 3 currentAminoAcid: S =&gt; 45
  input in matrix: state: E currentWindowPosition: 4 currentAminoAcid: S =&gt; 60
  input in matrix: state: E currentWindowPosition: 5 currentAminoAcid: S =&gt; 52
  input in matrix: state: E currentWindowPosition: 6 currentAminoAcid: S =&gt; 50
  input in matrix: state: E currentWindowPosition: 7 currentAminoAcid: S =&gt; 30
  input in matrix: state: E currentWindowPosition: 8 currentAminoAcid: S =&gt; 0
  input in matrix: state: E currentWindowPosition: 9 currentAminoAcid: S =&gt; 44
  input in matrix: state: E currentWindowPosition: 10 currentAminoAcid: S =&gt; 60
  input in matrix: state: E currentWindowPosition: 11 currentAminoAcid: S =&gt; 71
  input in matrix: state: E currentWindowPosition: 12 currentAminoAcid: S =&gt; 58
  input in matrix: state: E currentWindowPosition: 13 currentAminoAcid: S =&gt; 64
  input in matrix: state: E currentWindowPosition: 14 currentAminoAcid: S =&gt; 62
  input in matrix: state: E currentWindowPosition: 15 currentAminoAcid: S =&gt; 51
  input in matrix: state: E currentWindowPosition: 16 currentAminoAcid: S =&gt; 52
Process line: T	51	63	50	64	52	53	60	52	0	49	71	51	72	46	69	58	59
 data line!
  input in matrix: state: E currentWindowPosition: 0 currentAminoAcid: T =&gt; 51
  input in matrix: state: E currentWindowPosition: 1 currentAminoAcid: T =&gt; 63
  input in matrix: state: E currentWindowPosition: 2 currentAminoAcid: T =&gt; 50
  input in matrix: state: E currentWindowPosition: 3 currentAminoAcid: T =&gt; 64
  input in matrix: state: E currentWindowPosition: 4 currentAminoAcid: T =&gt; 52
  input in matrix: state: E currentWindowPosition: 5 currentAminoAcid: T =&gt; 53
  input in matrix: state: E currentWindowPosition: 6 currentAminoAcid: T =&gt; 60
  input in matrix: state: E currentWindowPosition: 7 currentAminoAcid: T =&gt; 52
  input in matrix: state: E currentWindowPosition: 8 currentAminoAcid: T =&gt; 0
  input in matrix: state: E currentWindowPosition: 9 currentAminoAcid: T =&gt; 49
  input in matrix: state: E currentWindowPosition: 10 currentAminoAcid: T =&gt; 71
  input in matrix: state: E currentWindowPosition: 11 currentAminoAcid: T =&gt; 51
  input in matrix: state: E currentWindowPosition: 12 currentAminoAcid: T =&gt; 72
  input in matrix: state: E currentWindowPosition: 13 currentAminoAcid: T =&gt; 46
  input in matrix: state: E currentWindowPosition: 14 currentAminoAcid: T =&gt; 69
  input in matrix: state: E currentWindowPosition: 15 currentAminoAcid: T =&gt; 58
  input in matrix: state: E currentWindowPosition: 16 currentAminoAcid: T =&gt; 59
Process line: V	46	69	42	63	70	69	65	114	0	138	87	60	62	50	55	58	44
 data line!
  input in matrix: state: E currentWindowPosition: 0 currentAminoAcid: V =&gt; 46
  input in matrix: state: E currentWindowPosition: 1 currentAminoAcid: V =&gt; 69
  input in matrix: state: E currentWindowPosition: 2 currentAminoAcid: V =&gt; 42
  input in matrix: state: E currentWindowPosition: 3 currentAminoAcid: V =&gt; 63
  input in matrix: state: E currentWindowPosition: 4 currentAminoAcid: V =&gt; 70
  input in matrix: state: E currentWindowPosition: 5 currentAminoAcid: V =&gt; 69
  input in matrix: state: E currentWindowPosition: 6 currentAminoAcid: V =&gt; 65
  input in matrix: state: E currentWindowPosition: 7 currentAminoAcid: V =&gt; 114
  input in matrix: state: E currentWindowPosition: 8 currentAminoAcid: V =&gt; 0
  input in matrix: state: E currentWindowPosition: 9 currentAminoAcid: V =&gt; 138
  input in matrix: state: E currentWindowPosition: 10 currentAminoAcid: V =&gt; 87
  input in matrix: state: E currentWindowPosition: 11 currentAminoAcid: V =&gt; 60
  input in matrix: state: E currentWindowPosition: 12 currentAminoAcid: V =&gt; 62
  input in matrix: state: E currentWindowPosition: 13 currentAminoAcid: V =&gt; 50
  input in matrix: state: E currentWindowPosition: 14 currentAminoAcid: V =&gt; 55
  input in matrix: state: E currentWindowPosition: 15 currentAminoAcid: V =&gt; 58
  input in matrix: state: E currentWindowPosition: 16 currentAminoAcid: V =&gt; 44
Process line: W	13	12	16	7	8	13	11	20	0	23	12	8	10	16	7	13	9
 data line!
  input in matrix: state: E currentWindowPosition: 0 currentAminoAcid: W =&gt; 13
  input in matrix: state: E currentWindowPosition: 1 currentAminoAcid: W =&gt; 12
  input in matrix: state: E currentWindowPosition: 2 currentAminoAcid: W =&gt; 16
  input in matrix: state: E currentWindowPosition: 3 currentAminoAcid: W =&gt; 7
  input in matrix: state: E currentWindowPosition: 4 currentAminoAcid: W =&gt; 8
  input in matrix: state: E currentWindowPosition: 5 currentAminoAcid: W =&gt; 13
  input in matrix: state: E currentWindowPosition: 6 currentAminoAcid: W =&gt; 11
  input in matrix: state: E currentWindowPosition: 7 currentAminoAcid: W =&gt; 20
  input in matrix: state: E currentWindowPosition: 8 currentAminoAcid: W =&gt; 0
  input in matrix: state: E currentWindowPosition: 9 currentAminoAcid: W =&gt; 23
  input in matrix: state: E currentWindowPosition: 10 currentAminoAcid: W =&gt; 12
  input in matrix: state: E currentWindowPosition: 11 currentAminoAcid: W =&gt; 8
  input in matrix: state: E currentWindowPosition: 12 currentAminoAcid: W =&gt; 10
  input in matrix: state: E currentWindowPosition: 13 currentAminoAcid: W =&gt; 16
  input in matrix: state: E currentWindowPosition: 14 currentAminoAcid: W =&gt; 7
  input in matrix: state: E currentWindowPosition: 15 currentAminoAcid: W =&gt; 13
  input in matrix: state: E currentWindowPosition: 16 currentAminoAcid: W =&gt; 9
Process line: Y	44	24	41	29	25	33	31	36	0	30	37	25	29	34	29	33	22
 data line!
  input in matrix: state: E currentWindowPosition: 0 currentAminoAcid: Y =&gt; 44
  input in matrix: state: E currentWindowPosition: 1 currentAminoAcid: Y =&gt; 24
  input in matrix: state: E currentWindowPosition: 2 currentAminoAcid: Y =&gt; 41
  input in matrix: state: E currentWindowPosition: 3 currentAminoAcid: Y =&gt; 29
  input in matrix: state: E currentWindowPosition: 4 currentAminoAcid: Y =&gt; 25
  input in matrix: state: E currentWindowPosition: 5 currentAminoAcid: Y =&gt; 33
  input in matrix: state: E currentWindowPosition: 6 currentAminoAcid: Y =&gt; 31
  input in matrix: state: E currentWindowPosition: 7 currentAminoAcid: Y =&gt; 36
  input in matrix: state: E currentWindowPosition: 8 currentAminoAcid: Y =&gt; 0
  input in matrix: state: E currentWindowPosition: 9 currentAminoAcid: Y =&gt; 30
  input in matrix: state: E currentWindowPosition: 10 currentAminoAcid: Y =&gt; 37
  input in matrix: state: E currentWindowPosition: 11 currentAminoAcid: Y =&gt; 25
  input in matrix: state: E currentWindowPosition: 12 currentAminoAcid: Y =&gt; 29
  input in matrix: state: E currentWindowPosition: 13 currentAminoAcid: Y =&gt; 34
  input in matrix: state: E currentWindowPosition: 14 currentAminoAcid: Y =&gt; 29
  input in matrix: state: E currentWindowPosition: 15 currentAminoAcid: Y =&gt; 33
  input in matrix: state: E currentWindowPosition: 16 currentAminoAcid: Y =&gt; 22
Process line: 
 Skip line!
Process line: 
 Skip line!
Process line: =K,H=
 state line! (now in state: H)
Process line: 
 Skip line!
Process line: A	168	171	155	200	181	214	222	227	0	220	191	203	163	211	180	153	154
 data line!
  input in matrix: state: H currentWindowPosition: 0 currentAminoAcid: A =&gt; 168
  input in matrix: state: H currentWindowPosition: 1 currentAminoAcid: A =&gt; 171
  input in matrix: state: H currentWindowPosition: 2 currentAminoAcid: A =&gt; 155
  input in matrix: state: H currentWindowPosition: 3 currentAminoAcid: A =&gt; 200
  input in matrix: state: H currentWindowPosition: 4 currentAminoAcid: A =&gt; 181
  input in matrix: state: H currentWindowPosition: 5 currentAminoAcid: A =&gt; 214
  input in matrix: state: H currentWindowPosition: 6 currentAminoAcid: A =&gt; 222
  input in matrix: state: H currentWindowPosition: 7 currentAminoAcid: A =&gt; 227
  input in matrix: state: H currentWindowPosition: 8 currentAminoAcid: A =&gt; 0
  input in matrix: state: H currentWindowPosition: 9 currentAminoAcid: A =&gt; 220
  input in matrix: state: H currentWindowPosition: 10 currentAminoAcid: A =&gt; 191
  input in matrix: state: H currentWindowPosition: 11 currentAminoAcid: A =&gt; 203
  input in matrix: state: H currentWindowPosition: 12 currentAminoAcid: A =&gt; 163
  input in matrix: state: H currentWindowPosition: 13 currentAminoAcid: A =&gt; 211
  input in matrix: state: H currentWindowPosition: 14 currentAminoAcid: A =&gt; 180
  input in matrix: state: H currentWindowPosition: 15 currentAminoAcid: A =&gt; 153
  input in matrix: state: H currentWindowPosition: 16 currentAminoAcid: A =&gt; 154
Process line: C	22	21	25	20	17	12	24	21	0	16	26	22	18	18	16	14	22
 data line!
  input in matrix: state: H currentWindowPosition: 0 currentAminoAcid: C =&gt; 22
  input in matrix: state: H currentWindowPosition: 1 currentAminoAcid: C =&gt; 21
  input in matrix: state: H currentWindowPosition: 2 currentAminoAcid: C =&gt; 25
  input in matrix: state: H currentWindowPosition: 3 currentAminoAcid: C =&gt; 20
  input in matrix: state: H currentWindowPosition: 4 currentAminoAcid: C =&gt; 17
  input in matrix: state: H currentWindowPosition: 5 currentAminoAcid: C =&gt; 12
  input in matrix: state: H currentWindowPosition: 6 currentAminoAcid: C =&gt; 24
  input in matrix: state: H currentWindowPosition: 7 currentAminoAcid: C =&gt; 21
  input in matrix: state: H currentWindowPosition: 8 currentAminoAcid: C =&gt; 0
  input in matrix: state: H currentWindowPosition: 9 currentAminoAcid: C =&gt; 16
  input in matrix: state: H currentWindowPosition: 10 currentAminoAcid: C =&gt; 26
  input in matrix: state: H currentWindowPosition: 11 currentAminoAcid: C =&gt; 22
  input in matrix: state: H currentWindowPosition: 12 currentAminoAcid: C =&gt; 18
  input in matrix: state: H currentWindowPosition: 13 currentAminoAcid: C =&gt; 18
  input in matrix: state: H currentWindowPosition: 14 currentAminoAcid: C =&gt; 16
  input in matrix: state: H currentWindowPosition: 15 currentAminoAcid: C =&gt; 14
  input in matrix: state: H currentWindowPosition: 16 currentAminoAcid: C =&gt; 22
Process line: D	122	145	130	112	136	152	81	105	0	116	66	84	166	105	89	105	112
 data line!
  input in matrix: state: H currentWindowPosition: 0 currentAminoAcid: D =&gt; 122
  input in matrix: state: H currentWindowPosition: 1 currentAminoAcid: D =&gt; 145
  input in matrix: state: H currentWindowPosition: 2 currentAminoAcid: D =&gt; 130
  input in matrix: state: H currentWindowPosition: 3 currentAminoAcid: D =&gt; 112
  input in matrix: state: H currentWindowPosition: 4 currentAminoAcid: D =&gt; 136
  input in matrix: state: H currentWindowPosition: 5 currentAminoAcid: D =&gt; 152
  input in matrix: state: H currentWindowPosition: 6 currentAminoAcid: D =&gt; 81
  input in matrix: state: H currentWindowPosition: 7 currentAminoAcid: D =&gt; 105
  input in matrix: state: H currentWindowPosition: 8 currentAminoAcid: D =&gt; 0
  input in matrix: state: H currentWindowPosition: 9 currentAminoAcid: D =&gt; 116
  input in matrix: state: H currentWindowPosition: 10 currentAminoAcid: D =&gt; 66
  input in matrix: state: H currentWindowPosition: 11 currentAminoAcid: D =&gt; 84
  input in matrix: state: H currentWindowPosition: 12 currentAminoAcid: D =&gt; 166
  input in matrix: state: H currentWindowPosition: 13 currentAminoAcid: D =&gt; 105
  input in matrix: state: H currentWindowPosition: 14 currentAminoAcid: D =&gt; 89
  input in matrix: state: H currentWindowPosition: 15 currentAminoAcid: D =&gt; 105
  input in matrix: state: H currentWindowPosition: 16 currentAminoAcid: D =&gt; 112
Process line: E	133	166	131	118	193	203	114	176	0	175	94	169	191	130	87	134	160
 data line!
  input in matrix: state: H currentWindowPosition: 0 currentAminoAcid: E =&gt; 133
  input in matrix: state: H currentWindowPosition: 1 currentAminoAcid: E =&gt; 166
  input in matrix: state: H currentWindowPosition: 2 currentAminoAcid: E =&gt; 131
  input in matrix: state: H currentWindowPosition: 3 currentAminoAcid: E =&gt; 118
  input in matrix: state: H currentWindowPosition: 4 currentAminoAcid: E =&gt; 193
  input in matrix: state: H currentWindowPosition: 5 currentAminoAcid: E =&gt; 203
  input in matrix: state: H currentWindowPosition: 6 currentAminoAcid: E =&gt; 114
  input in matrix: state: H currentWindowPosition: 7 currentAminoAcid: E =&gt; 176
  input in matrix: state: H currentWindowPosition: 8 currentAminoAcid: E =&gt; 0
  input in matrix: state: H currentWindowPosition: 9 currentAminoAcid: E =&gt; 175
  input in matrix: state: H currentWindowPosition: 10 currentAminoAcid: E =&gt; 94
  input in matrix: state: H currentWindowPosition: 11 currentAminoAcid: E =&gt; 169
  input in matrix: state: H currentWindowPosition: 12 currentAminoAcid: E =&gt; 191
  input in matrix: state: H currentWindowPosition: 13 currentAminoAcid: E =&gt; 130
  input in matrix: state: H currentWindowPosition: 14 currentAminoAcid: E =&gt; 87
  input in matrix: state: H currentWindowPosition: 15 currentAminoAcid: E =&gt; 134
  input in matrix: state: H currentWindowPosition: 16 currentAminoAcid: E =&gt; 160
Process line: F	61	63	90	80	64	62	100	64	0	81	116	64	47	78	63	64	72
 data line!
  input in matrix: state: H currentWindowPosition: 0 currentAminoAcid: F =&gt; 61
  input in matrix: state: H currentWindowPosition: 1 currentAminoAcid: F =&gt; 63
  input in matrix: state: H currentWindowPosition: 2 currentAminoAcid: F =&gt; 90
  input in matrix: state: H currentWindowPosition: 3 currentAminoAcid: F =&gt; 80
  input in matrix: state: H currentWindowPosition: 4 currentAminoAcid: F =&gt; 64
  input in matrix: state: H currentWindowPosition: 5 currentAminoAcid: F =&gt; 62
  input in matrix: state: H currentWindowPosition: 6 currentAminoAcid: F =&gt; 100
  input in matrix: state: H currentWindowPosition: 7 currentAminoAcid: F =&gt; 64
  input in matrix: state: H currentWindowPosition: 8 currentAminoAcid: F =&gt; 0
  input in matrix: state: H currentWindowPosition: 9 currentAminoAcid: F =&gt; 81
  input in matrix: state: H currentWindowPosition: 10 currentAminoAcid: F =&gt; 116
  input in matrix: state: H currentWindowPosition: 11 currentAminoAcid: F =&gt; 64
  input in matrix: state: H currentWindowPosition: 12 currentAminoAcid: F =&gt; 47
  input in matrix: state: H currentWindowPosition: 13 currentAminoAcid: F =&gt; 78
  input in matrix: state: H currentWindowPosition: 14 currentAminoAcid: F =&gt; 63
  input in matrix: state: H currentWindowPosition: 15 currentAminoAcid: F =&gt; 64
  input in matrix: state: H currentWindowPosition: 16 currentAminoAcid: F =&gt; 72
Process line: G	135	107	137	112	96	112	71	65	0	68	125	160	124	132	134	117	105
 data line!
  input in matrix: state: H currentWindowPosition: 0 currentAminoAcid: G =&gt; 135
  input in matrix: state: H currentWindowPosition: 1 currentAminoAcid: G =&gt; 107
  input in matrix: state: H currentWindowPosition: 2 currentAminoAcid: G =&gt; 137
  input in matrix: state: H currentWindowPosition: 3 currentAminoAcid: G =&gt; 112
  input in matrix: state: H currentWindowPosition: 4 currentAminoAcid: G =&gt; 96
  input in matrix: state: H currentWindowPosition: 5 currentAminoAcid: G =&gt; 112
  input in matrix: state: H currentWindowPosition: 6 currentAminoAcid: G =&gt; 71
  input in matrix: state: H currentWindowPosition: 7 currentAminoAcid: G =&gt; 65
  input in matrix: state: H currentWindowPosition: 8 currentAminoAcid: G =&gt; 0
  input in matrix: state: H currentWindowPosition: 9 currentAminoAcid: G =&gt; 68
  input in matrix: state: H currentWindowPosition: 10 currentAminoAcid: G =&gt; 125
  input in matrix: state: H currentWindowPosition: 11 currentAminoAcid: G =&gt; 160
  input in matrix: state: H currentWindowPosition: 12 currentAminoAcid: G =&gt; 124
  input in matrix: state: H currentWindowPosition: 13 currentAminoAcid: G =&gt; 132
  input in matrix: state: H currentWindowPosition: 14 currentAminoAcid: G =&gt; 134
  input in matrix: state: H currentWindowPosition: 15 currentAminoAcid: G =&gt; 117
  input in matrix: state: H currentWindowPosition: 16 currentAminoAcid: G =&gt; 105
Process line: H	33	27	29	32	23	30	26	27	0	41	36	40	36	35	47	40	34
 data line!
  input in matrix: state: H currentWindowPosition: 0 currentAminoAcid: H =&gt; 33
  input in matrix: state: H currentWindowPosition: 1 currentAminoAcid: H =&gt; 27
  input in matrix: state: H currentWindowPosition: 2 currentAminoAcid: H =&gt; 29
  input in matrix: state: H currentWindowPosition: 3 currentAminoAcid: H =&gt; 32
  input in matrix: state: H currentWindowPosition: 4 currentAminoAcid: H =&gt; 23
  input in matrix: state: H currentWindowPosition: 5 currentAminoAcid: H =&gt; 30
  input in matrix: state: H currentWindowPosition: 6 currentAminoAcid: H =&gt; 26
  input in matrix: state: H currentWindowPosition: 7 currentAminoAcid: H =&gt; 27
  input in matrix: state: H currentWindowPosition: 8 currentAminoAcid: H =&gt; 0
  input in matrix: state: H currentWindowPosition: 9 currentAminoAcid: H =&gt; 41
  input in matrix: state: H currentWindowPosition: 10 currentAminoAcid: H =&gt; 36
  input in matrix: state: H currentWindowPosition: 11 currentAminoAcid: H =&gt; 40
  input in matrix: state: H currentWindowPosition: 12 currentAminoAcid: H =&gt; 36
  input in matrix: state: H currentWindowPosition: 13 currentAminoAcid: H =&gt; 35
  input in matrix: state: H currentWindowPosition: 14 currentAminoAcid: H =&gt; 47
  input in matrix: state: H currentWindowPosition: 15 currentAminoAcid: H =&gt; 40
  input in matrix: state: H currentWindowPosition: 16 currentAminoAcid: H =&gt; 34
Process line: I	106	89	94	110	100	86	144	87	0	101	139	108	91	105	111	108	123
 data line!
  input in matrix: state: H currentWindowPosition: 0 currentAminoAcid: I =&gt; 106
  input in matrix: state: H currentWindowPosition: 1 currentAminoAcid: I =&gt; 89
  input in matrix: state: H currentWindowPosition: 2 currentAminoAcid: I =&gt; 94
  input in matrix: state: H currentWindowPosition: 3 currentAminoAcid: I =&gt; 110
  input in matrix: state: H currentWindowPosition: 4 currentAminoAcid: I =&gt; 100
  input in matrix: state: H currentWindowPosition: 5 currentAminoAcid: I =&gt; 86
  input in matrix: state: H currentWindowPosition: 6 currentAminoAcid: I =&gt; 144
  input in matrix: state: H currentWindowPosition: 7 currentAminoAcid: I =&gt; 87
  input in matrix: state: H currentWindowPosition: 8 currentAminoAcid: I =&gt; 0
  input in matrix: state: H currentWindowPosition: 9 currentAminoAcid: I =&gt; 101
  input in matrix: state: H currentWindowPosition: 10 currentAminoAcid: I =&gt; 139
  input in matrix: state: H currentWindowPosition: 11 currentAminoAcid: I =&gt; 108
  input in matrix: state: H currentWindowPosition: 12 currentAminoAcid: I =&gt; 91
  input in matrix: state: H currentWindowPosition: 13 currentAminoAcid: I =&gt; 105
  input in matrix: state: H currentWindowPosition: 14 currentAminoAcid: I =&gt; 111
  input in matrix: state: H currentWindowPosition: 15 currentAminoAcid: I =&gt; 108
  input in matrix: state: H currentWindowPosition: 16 currentAminoAcid: I =&gt; 123
Process line: K	136	141	118	93	109	82	104	138	1811	139	103	107	116	107	151	163	142
 data line!
  input in matrix: state: H currentWindowPosition: 0 currentAminoAcid: K =&gt; 136
  input in matrix: state: H currentWindowPosition: 1 currentAminoAcid: K =&gt; 141
  input in matrix: state: H currentWindowPosition: 2 currentAminoAcid: K =&gt; 118
  input in matrix: state: H currentWindowPosition: 3 currentAminoAcid: K =&gt; 93
  input in matrix: state: H currentWindowPosition: 4 currentAminoAcid: K =&gt; 109
  input in matrix: state: H currentWindowPosition: 5 currentAminoAcid: K =&gt; 82
  input in matrix: state: H currentWindowPosition: 6 currentAminoAcid: K =&gt; 104
  input in matrix: state: H currentWindowPosition: 7 currentAminoAcid: K =&gt; 138
  input in matrix: state: H currentWindowPosition: 8 currentAminoAcid: K =&gt; 1811
  input in matrix: state: H currentWindowPosition: 9 currentAminoAcid: K =&gt; 139
  input in matrix: state: H currentWindowPosition: 10 currentAminoAcid: K =&gt; 103
  input in matrix: state: H currentWindowPosition: 11 currentAminoAcid: K =&gt; 107
  input in matrix: state: H currentWindowPosition: 12 currentAminoAcid: K =&gt; 116
  input in matrix: state: H currentWindowPosition: 13 currentAminoAcid: K =&gt; 107
  input in matrix: state: H currentWindowPosition: 14 currentAminoAcid: K =&gt; 151
  input in matrix: state: H currentWindowPosition: 15 currentAminoAcid: K =&gt; 163
  input in matrix: state: H currentWindowPosition: 16 currentAminoAcid: K =&gt; 142
Process line: L	140	119	167	210	138	150	231	223	0	189	269	188	172	193	211	152	160
 data line!
  input in matrix: state: H currentWindowPosition: 0 currentAminoAcid: L =&gt; 140
  input in matrix: state: H currentWindowPosition: 1 currentAminoAcid: L =&gt; 119
  input in matrix: state: H currentWindowPosition: 2 currentAminoAcid: L =&gt; 167
  input in matrix: state: H currentWindowPosition: 3 currentAminoAcid: L =&gt; 210
  input in matrix: state: H currentWindowPosition: 4 currentAminoAcid: L =&gt; 138
  input in matrix: state: H currentWindowPosition: 5 currentAminoAcid: L =&gt; 150
  input in matrix: state: H currentWindowPosition: 6 currentAminoAcid: L =&gt; 231
  input in matrix: state: H currentWindowPosition: 7 currentAminoAcid: L =&gt; 223
  input in matrix: state: H currentWindowPosition: 8 currentAminoAcid: L =&gt; 0
  input in matrix: state: H currentWindowPosition: 9 currentAminoAcid: L =&gt; 189
  input in matrix: state: H currentWindowPosition: 10 currentAminoAcid: L =&gt; 269
  input in matrix: state: H currentWindowPosition: 11 currentAminoAcid: L =&gt; 188
  input in matrix: state: H currentWindowPosition: 12 currentAminoAcid: L =&gt; 172
  input in matrix: state: H currentWindowPosition: 13 currentAminoAcid: L =&gt; 193
  input in matrix: state: H currentWindowPosition: 14 currentAminoAcid: L =&gt; 211
  input in matrix: state: H currentWindowPosition: 15 currentAminoAcid: L =&gt; 152
  input in matrix: state: H currentWindowPosition: 16 currentAminoAcid: L =&gt; 160
Process line: M	48	37	48	43	42	27	58	56	0	40	43	32	33	28	49	41	40
 data line!
  input in matrix: state: H currentWindowPosition: 0 currentAminoAcid: M =&gt; 48
  input in matrix: state: H currentWindowPosition: 1 currentAminoAcid: M =&gt; 37
  input in matrix: state: H currentWindowPosition: 2 currentAminoAcid: M =&gt; 48
  input in matrix: state: H currentWindowPosition: 3 currentAminoAcid: M =&gt; 43
  input in matrix: state: H currentWindowPosition: 4 currentAminoAcid: M =&gt; 42
  input in matrix: state: H currentWindowPosition: 5 currentAminoAcid: M =&gt; 27
  input in matrix: state: H currentWindowPosition: 6 currentAminoAcid: M =&gt; 58
  input in matrix: state: H currentWindowPosition: 7 currentAminoAcid: M =&gt; 56
  input in matrix: state: H currentWindowPosition: 8 currentAminoAcid: M =&gt; 0
  input in matrix: state: H currentWindowPosition: 9 currentAminoAcid: M =&gt; 40
  input in matrix: state: H currentWindowPosition: 10 currentAminoAcid: M =&gt; 43
  input in matrix: state: H currentWindowPosition: 11 currentAminoAcid: M =&gt; 32
  input in matrix: state: H currentWindowPosition: 12 currentAminoAcid: M =&gt; 33
  input in matrix: state: H currentWindowPosition: 13 currentAminoAcid: M =&gt; 28
  input in matrix: state: H currentWindowPosition: 14 currentAminoAcid: M =&gt; 49
  input in matrix: state: H currentWindowPosition: 15 currentAminoAcid: M =&gt; 41
  input in matrix: state: H currentWindowPosition: 16 currentAminoAcid: M =&gt; 40
Process line: N	87	87	78	71	65	80	58	64	0	84	78	80	83	89	77	82	83
 data line!
  input in matrix: state: H currentWindowPosition: 0 currentAminoAcid: N =&gt; 87
  input in matrix: state: H currentWindowPosition: 1 currentAminoAcid: N =&gt; 87
  input in matrix: state: H currentWindowPosition: 2 currentAminoAcid: N =&gt; 78
  input in matrix: state: H currentWindowPosition: 3 currentAminoAcid: N =&gt; 71
  input in matrix: state: H currentWindowPosition: 4 currentAminoAcid: N =&gt; 65
  input in matrix: state: H currentWindowPosition: 5 currentAminoAcid: N =&gt; 80
  input in matrix: state: H currentWindowPosition: 6 currentAminoAcid: N =&gt; 58
  input in matrix: state: H currentWindowPosition: 7 currentAminoAcid: N =&gt; 64
  input in matrix: state: H currentWindowPosition: 8 currentAminoAcid: N =&gt; 0
  input in matrix: state: H currentWindowPosition: 9 currentAminoAcid: N =&gt; 84
  input in matrix: state: H currentWindowPosition: 10 currentAminoAcid: N =&gt; 78
  input in matrix: state: H currentWindowPosition: 11 currentAminoAcid: N =&gt; 80
  input in matrix: state: H currentWindowPosition: 12 currentAminoAcid: N =&gt; 83
  input in matrix: state: H currentWindowPosition: 13 currentAminoAcid: N =&gt; 89
  input in matrix: state: H currentWindowPosition: 14 currentAminoAcid: N =&gt; 77
  input in matrix: state: H currentWindowPosition: 15 currentAminoAcid: N =&gt; 82
  input in matrix: state: H currentWindowPosition: 16 currentAminoAcid: N =&gt; 83
Process line: P	63	71	52	67	74	66	37	41	0	14	28	52	73	58	73	67	58
 data line!
  input in matrix: state: H currentWindowPosition: 0 currentAminoAcid: P =&gt; 63
  input in matrix: state: H currentWindowPosition: 1 currentAminoAcid: P =&gt; 71
  input in matrix: state: H currentWindowPosition: 2 currentAminoAcid: P =&gt; 52
  input in matrix: state: H currentWindowPosition: 3 currentAminoAcid: P =&gt; 67
  input in matrix: state: H currentWindowPosition: 4 currentAminoAcid: P =&gt; 74
  input in matrix: state: H currentWindowPosition: 5 currentAminoAcid: P =&gt; 66
  input in matrix: state: H currentWindowPosition: 6 currentAminoAcid: P =&gt; 37
  input in matrix: state: H currentWindowPosition: 7 currentAminoAcid: P =&gt; 41
  input in matrix: state: H currentWindowPosition: 8 currentAminoAcid: P =&gt; 0
  input in matrix: state: H currentWindowPosition: 9 currentAminoAcid: P =&gt; 14
  input in matrix: state: H currentWindowPosition: 10 currentAminoAcid: P =&gt; 28
  input in matrix: state: H currentWindowPosition: 11 currentAminoAcid: P =&gt; 52
  input in matrix: state: H currentWindowPosition: 12 currentAminoAcid: P =&gt; 73
  input in matrix: state: H currentWindowPosition: 13 currentAminoAcid: P =&gt; 58
  input in matrix: state: H currentWindowPosition: 14 currentAminoAcid: P =&gt; 73
  input in matrix: state: H currentWindowPosition: 15 currentAminoAcid: P =&gt; 67
  input in matrix: state: H currentWindowPosition: 16 currentAminoAcid: P =&gt; 58
Process line: Q	72	71	61	64	79	88	68	75	0	74	60	83	78	74	58	57	76
 data line!
  input in matrix: state: H currentWindowPosition: 0 currentAminoAcid: Q =&gt; 72
  input in matrix: state: H currentWindowPosition: 1 currentAminoAcid: Q =&gt; 71
  input in matrix: state: H currentWindowPosition: 2 currentAminoAcid: Q =&gt; 61
  input in matrix: state: H currentWindowPosition: 3 currentAminoAcid: Q =&gt; 64
  input in matrix: state: H currentWindowPosition: 4 currentAminoAcid: Q =&gt; 79
  input in matrix: state: H currentWindowPosition: 5 currentAminoAcid: Q =&gt; 88
  input in matrix: state: H currentWindowPosition: 6 currentAminoAcid: Q =&gt; 68
  input in matrix: state: H currentWindowPosition: 7 currentAminoAcid: Q =&gt; 75
  input in matrix: state: H currentWindowPosition: 8 currentAminoAcid: Q =&gt; 0
  input in matrix: state: H currentWindowPosition: 9 currentAminoAcid: Q =&gt; 74
  input in matrix: state: H currentWindowPosition: 10 currentAminoAcid: Q =&gt; 60
  input in matrix: state: H currentWindowPosition: 11 currentAminoAcid: Q =&gt; 83
  input in matrix: state: H currentWindowPosition: 12 currentAminoAcid: Q =&gt; 78
  input in matrix: state: H currentWindowPosition: 13 currentAminoAcid: Q =&gt; 74
  input in matrix: state: H currentWindowPosition: 14 currentAminoAcid: Q =&gt; 58
  input in matrix: state: H currentWindowPosition: 15 currentAminoAcid: Q =&gt; 57
  input in matrix: state: H currentWindowPosition: 16 currentAminoAcid: Q =&gt; 76
Process line: R	73	78	74	71	83	82	74	81	0	99	71	85	83	98	80	90	80
 data line!
  input in matrix: state: H currentWindowPosition: 0 currentAminoAcid: R =&gt; 73
  input in matrix: state: H currentWindowPosition: 1 currentAminoAcid: R =&gt; 78
  input in matrix: state: H currentWindowPosition: 2 currentAminoAcid: R =&gt; 74
  input in matrix: state: H currentWindowPosition: 3 currentAminoAcid: R =&gt; 71
  input in matrix: state: H currentWindowPosition: 4 currentAminoAcid: R =&gt; 83
  input in matrix: state: H currentWindowPosition: 5 currentAminoAcid: R =&gt; 82
  input in matrix: state: H currentWindowPosition: 6 currentAminoAcid: R =&gt; 74
  input in matrix: state: H currentWindowPosition: 7 currentAminoAcid: R =&gt; 81
  input in matrix: state: H currentWindowPosition: 8 currentAminoAcid: R =&gt; 0
  input in matrix: state: H currentWindowPosition: 9 currentAminoAcid: R =&gt; 99
  input in matrix: state: H currentWindowPosition: 10 currentAminoAcid: R =&gt; 71
  input in matrix: state: H currentWindowPosition: 11 currentAminoAcid: R =&gt; 85
  input in matrix: state: H currentWindowPosition: 12 currentAminoAcid: R =&gt; 83
  input in matrix: state: H currentWindowPosition: 13 currentAminoAcid: R =&gt; 98
  input in matrix: state: H currentWindowPosition: 14 currentAminoAcid: R =&gt; 80
  input in matrix: state: H currentWindowPosition: 15 currentAminoAcid: R =&gt; 90
  input in matrix: state: H currentWindowPosition: 16 currentAminoAcid: R =&gt; 80
Process line: S	112	109	94	94	90	90	73	86	0	76	61	77	91	96	88	85	88
 data line!
  input in matrix: state: H currentWindowPosition: 0 currentAminoAcid: S =&gt; 112
  input in matrix: state: H currentWindowPosition: 1 currentAminoAcid: S =&gt; 109
  input in matrix: state: H currentWindowPosition: 2 currentAminoAcid: S =&gt; 94
  input in matrix: state: H currentWindowPosition: 3 currentAminoAcid: S =&gt; 94
  input in matrix: state: H currentWindowPosition: 4 currentAminoAcid: S =&gt; 90
  input in matrix: state: H currentWindowPosition: 5 currentAminoAcid: S =&gt; 90
  input in matrix: state: H currentWindowPosition: 6 currentAminoAcid: S =&gt; 73
  input in matrix: state: H currentWindowPosition: 7 currentAminoAcid: S =&gt; 86
  input in matrix: state: H currentWindowPosition: 8 currentAminoAcid: S =&gt; 0
  input in matrix: state: H currentWindowPosition: 9 currentAminoAcid: S =&gt; 76
  input in matrix: state: H currentWindowPosition: 10 currentAminoAcid: S =&gt; 61
  input in matrix: state: H currentWindowPosition: 11 currentAminoAcid: S =&gt; 77
  input in matrix: state: H currentWindowPosition: 12 currentAminoAcid: S =&gt; 91
  input in matrix: state: H currentWindowPosition: 13 currentAminoAcid: S =&gt; 96
  input in matrix: state: H currentWindowPosition: 14 currentAminoAcid: S =&gt; 88
  input in matrix: state: H currentWindowPosition: 15 currentAminoAcid: S =&gt; 85
  input in matrix: state: H currentWindowPosition: 16 currentAminoAcid: S =&gt; 88
Process line: T	107	116	107	94	109	106	87	84	0	85	64	69	83	86	71	101	94
 data line!
  input in matrix: state: H currentWindowPosition: 0 currentAminoAcid: T =&gt; 107
  input in matrix: state: H currentWindowPosition: 1 currentAminoAcid: T =&gt; 116
  input in matrix: state: H currentWindowPosition: 2 currentAminoAcid: T =&gt; 107
  input in matrix: state: H currentWindowPosition: 3 currentAminoAcid: T =&gt; 94
  input in matrix: state: H currentWindowPosition: 4 currentAminoAcid: T =&gt; 109
  input in matrix: state: H currentWindowPosition: 5 currentAminoAcid: T =&gt; 106
  input in matrix: state: H currentWindowPosition: 6 currentAminoAcid: T =&gt; 87
  input in matrix: state: H currentWindowPosition: 7 currentAminoAcid: T =&gt; 84
  input in matrix: state: H currentWindowPosition: 8 currentAminoAcid: T =&gt; 0
  input in matrix: state: H currentWindowPosition: 9 currentAminoAcid: T =&gt; 85
  input in matrix: state: H currentWindowPosition: 10 currentAminoAcid: T =&gt; 64
  input in matrix: state: H currentWindowPosition: 11 currentAminoAcid: T =&gt; 69
  input in matrix: state: H currentWindowPosition: 12 currentAminoAcid: T =&gt; 83
  input in matrix: state: H currentWindowPosition: 13 currentAminoAcid: T =&gt; 86
  input in matrix: state: H currentWindowPosition: 14 currentAminoAcid: T =&gt; 71
  input in matrix: state: H currentWindowPosition: 15 currentAminoAcid: T =&gt; 101
  input in matrix: state: H currentWindowPosition: 16 currentAminoAcid: T =&gt; 94
Process line: V	116	106	130	128	131	95	127	101	0	96	123	110	98	86	122	156	136
 data line!
  input in matrix: state: H currentWindowPosition: 0 currentAminoAcid: V =&gt; 116
  input in matrix: state: H currentWindowPosition: 1 currentAminoAcid: V =&gt; 106
  input in matrix: state: H currentWindowPosition: 2 currentAminoAcid: V =&gt; 130
  input in matrix: state: H currentWindowPosition: 3 currentAminoAcid: V =&gt; 128
  input in matrix: state: H currentWindowPosition: 4 currentAminoAcid: V =&gt; 131
  input in matrix: state: H currentWindowPosition: 5 currentAminoAcid: V =&gt; 95
  input in matrix: state: H currentWindowPosition: 6 currentAminoAcid: V =&gt; 127
  input in matrix: state: H currentWindowPosition: 7 currentAminoAcid: V =&gt; 101
  input in matrix: state: H currentWindowPosition: 8 currentAminoAcid: V =&gt; 0
  input in matrix: state: H currentWindowPosition: 9 currentAminoAcid: V =&gt; 96
  input in matrix: state: H currentWindowPosition: 10 currentAminoAcid: V =&gt; 123
  input in matrix: state: H currentWindowPosition: 11 currentAminoAcid: V =&gt; 110
  input in matrix: state: H currentWindowPosition: 12 currentAminoAcid: V =&gt; 98
  input in matrix: state: H currentWindowPosition: 13 currentAminoAcid: V =&gt; 86
  input in matrix: state: H currentWindowPosition: 14 currentAminoAcid: V =&gt; 122
  input in matrix: state: H currentWindowPosition: 15 currentAminoAcid: V =&gt; 156
  input in matrix: state: H currentWindowPosition: 16 currentAminoAcid: V =&gt; 136
Process line: W	26	30	21	20	22	17	35	34	0	20	35	20	18	17	33	22	18
 data line!
  input in matrix: state: H currentWindowPosition: 0 currentAminoAcid: W =&gt; 26
  input in matrix: state: H currentWindowPosition: 1 currentAminoAcid: W =&gt; 30
  input in matrix: state: H currentWindowPosition: 2 currentAminoAcid: W =&gt; 21
  input in matrix: state: H currentWindowPosition: 3 currentAminoAcid: W =&gt; 20
  input in matrix: state: H currentWindowPosition: 4 currentAminoAcid: W =&gt; 22
  input in matrix: state: H currentWindowPosition: 5 currentAminoAcid: W =&gt; 17
  input in matrix: state: H currentWindowPosition: 6 currentAminoAcid: W =&gt; 35
  input in matrix: state: H currentWindowPosition: 7 currentAminoAcid: W =&gt; 34
  input in matrix: state: H currentWindowPosition: 8 currentAminoAcid: W =&gt; 0
  input in matrix: state: H currentWindowPosition: 9 currentAminoAcid: W =&gt; 20
  input in matrix: state: H currentWindowPosition: 10 currentAminoAcid: W =&gt; 35
  input in matrix: state: H currentWindowPosition: 11 currentAminoAcid: W =&gt; 20
  input in matrix: state: H currentWindowPosition: 12 currentAminoAcid: W =&gt; 18
  input in matrix: state: H currentWindowPosition: 13 currentAminoAcid: W =&gt; 17
  input in matrix: state: H currentWindowPosition: 14 currentAminoAcid: W =&gt; 33
  input in matrix: state: H currentWindowPosition: 15 currentAminoAcid: W =&gt; 22
  input in matrix: state: H currentWindowPosition: 16 currentAminoAcid: W =&gt; 18
Process line: Y	49	57	68	72	59	57	77	56	0	77	83	58	47	65	71	59	53
 data line!
  input in matrix: state: H currentWindowPosition: 0 currentAminoAcid: Y =&gt; 49
  input in matrix: state: H currentWindowPosition: 1 currentAminoAcid: Y =&gt; 57
  input in matrix: state: H currentWindowPosition: 2 currentAminoAcid: Y =&gt; 68
  input in matrix: state: H currentWindowPosition: 3 currentAminoAcid: Y =&gt; 72
  input in matrix: state: H currentWindowPosition: 4 currentAminoAcid: Y =&gt; 59
  input in matrix: state: H currentWindowPosition: 5 currentAminoAcid: Y =&gt; 57
  input in matrix: state: H currentWindowPosition: 6 currentAminoAcid: Y =&gt; 77
  input in matrix: state: H currentWindowPosition: 7 currentAminoAcid: Y =&gt; 56
  input in matrix: state: H currentWindowPosition: 8 currentAminoAcid: Y =&gt; 0
  input in matrix: state: H currentWindowPosition: 9 currentAminoAcid: Y =&gt; 77
  input in matrix: state: H currentWindowPosition: 10 currentAminoAcid: Y =&gt; 83
  input in matrix: state: H currentWindowPosition: 11 currentAminoAcid: Y =&gt; 58
  input in matrix: state: H currentWindowPosition: 12 currentAminoAcid: Y =&gt; 47
  input in matrix: state: H currentWindowPosition: 13 currentAminoAcid: Y =&gt; 65
  input in matrix: state: H currentWindowPosition: 14 currentAminoAcid: Y =&gt; 71
  input in matrix: state: H currentWindowPosition: 15 currentAminoAcid: Y =&gt; 59
  input in matrix: state: H currentWindowPosition: 16 currentAminoAcid: Y =&gt; 53
Process line: 
 Skip line!
Process line: 
 Skip line!
Process line: =L,C=
 state line! (now in state: C)
Process line: 
 Skip line!
Process line: A	141	156	143	152	141	138	118	136	0	109	129	123	144	135	163	162	181
 data line!
  input in matrix: state: C currentWindowPosition: 0 currentAminoAcid: A =&gt; 141
  input in matrix: state: C currentWindowPosition: 1 currentAminoAcid: A =&gt; 156
  input in matrix: state: C currentWindowPosition: 2 currentAminoAcid: A =&gt; 143
  input in matrix: state: C currentWindowPosition: 3 currentAminoAcid: A =&gt; 152
  input in matrix: state: C currentWindowPosition: 4 currentAminoAcid: A =&gt; 141
  input in matrix: state: C currentWindowPosition: 5 currentAminoAcid: A =&gt; 138
  input in matrix: state: C currentWindowPosition: 6 currentAminoAcid: A =&gt; 118
  input in matrix: state: C currentWindowPosition: 7 currentAminoAcid: A =&gt; 136
  input in matrix: state: C currentWindowPosition: 8 currentAminoAcid: A =&gt; 0
  input in matrix: state: C currentWindowPosition: 9 currentAminoAcid: A =&gt; 109
  input in matrix: state: C currentWindowPosition: 10 currentAminoAcid: A =&gt; 129
  input in matrix: state: C currentWindowPosition: 11 currentAminoAcid: A =&gt; 123
  input in matrix: state: C currentWindowPosition: 12 currentAminoAcid: A =&gt; 144
  input in matrix: state: C currentWindowPosition: 13 currentAminoAcid: A =&gt; 135
  input in matrix: state: C currentWindowPosition: 14 currentAminoAcid: A =&gt; 163
  input in matrix: state: C currentWindowPosition: 15 currentAminoAcid: A =&gt; 162
  input in matrix: state: C currentWindowPosition: 16 currentAminoAcid: A =&gt; 181
Process line: C	31	35	21	27	27	23	43	26	0	22	30	25	31	38	23	26	32
 data line!
  input in matrix: state: C currentWindowPosition: 0 currentAminoAcid: C =&gt; 31
  input in matrix: state: C currentWindowPosition: 1 currentAminoAcid: C =&gt; 35
  input in matrix: state: C currentWindowPosition: 2 currentAminoAcid: C =&gt; 21
  input in matrix: state: C currentWindowPosition: 3 currentAminoAcid: C =&gt; 27
  input in matrix: state: C currentWindowPosition: 4 currentAminoAcid: C =&gt; 27
  input in matrix: state: C currentWindowPosition: 5 currentAminoAcid: C =&gt; 23
  input in matrix: state: C currentWindowPosition: 6 currentAminoAcid: C =&gt; 43
  input in matrix: state: C currentWindowPosition: 7 currentAminoAcid: C =&gt; 26
  input in matrix: state: C currentWindowPosition: 8 currentAminoAcid: C =&gt; 0
  input in matrix: state: C currentWindowPosition: 9 currentAminoAcid: C =&gt; 22
  input in matrix: state: C currentWindowPosition: 10 currentAminoAcid: C =&gt; 30
  input in matrix: state: C currentWindowPosition: 11 currentAminoAcid: C =&gt; 25
  input in matrix: state: C currentWindowPosition: 12 currentAminoAcid: C =&gt; 31
  input in matrix: state: C currentWindowPosition: 13 currentAminoAcid: C =&gt; 38
  input in matrix: state: C currentWindowPosition: 14 currentAminoAcid: C =&gt; 23
  input in matrix: state: C currentWindowPosition: 15 currentAminoAcid: C =&gt; 26
  input in matrix: state: C currentWindowPosition: 16 currentAminoAcid: C =&gt; 32
Process line: D	112	97	114	107	116	99	108	147	0	137	152	159	136	100	109	129	92
 data line!
  input in matrix: state: C currentWindowPosition: 0 currentAminoAcid: D =&gt; 112
  input in matrix: state: C currentWindowPosition: 1 currentAminoAcid: D =&gt; 97
  input in matrix: state: C currentWindowPosition: 2 currentAminoAcid: D =&gt; 114
  input in matrix: state: C currentWindowPosition: 3 currentAminoAcid: D =&gt; 107
  input in matrix: state: C currentWindowPosition: 4 currentAminoAcid: D =&gt; 116
  input in matrix: state: C currentWindowPosition: 5 currentAminoAcid: D =&gt; 99
  input in matrix: state: C currentWindowPosition: 6 currentAminoAcid: D =&gt; 108
  input in matrix: state: C currentWindowPosition: 7 currentAminoAcid: D =&gt; 147
  input in matrix: state: C currentWindowPosition: 8 currentAminoAcid: D =&gt; 0
  input in matrix: state: C currentWindowPosition: 9 currentAminoAcid: D =&gt; 137
  input in matrix: state: C currentWindowPosition: 10 currentAminoAcid: D =&gt; 152
  input in matrix: state: C currentWindowPosition: 11 currentAminoAcid: D =&gt; 159
  input in matrix: state: C currentWindowPosition: 12 currentAminoAcid: D =&gt; 136
  input in matrix: state: C currentWindowPosition: 13 currentAminoAcid: D =&gt; 100
  input in matrix: state: C currentWindowPosition: 14 currentAminoAcid: D =&gt; 109
  input in matrix: state: C currentWindowPosition: 15 currentAminoAcid: D =&gt; 129
  input in matrix: state: C currentWindowPosition: 16 currentAminoAcid: D =&gt; 92
Process line: E	109	102	127	130	120	127	111	92	0	83	109	136	143	113	128	112	108
 data line!
  input in matrix: state: C currentWindowPosition: 0 currentAminoAcid: E =&gt; 109
  input in matrix: state: C currentWindowPosition: 1 currentAminoAcid: E =&gt; 102
  input in matrix: state: C currentWindowPosition: 2 currentAminoAcid: E =&gt; 127
  input in matrix: state: C currentWindowPosition: 3 currentAminoAcid: E =&gt; 130
  input in matrix: state: C currentWindowPosition: 4 currentAminoAcid: E =&gt; 120
  input in matrix: state: C currentWindowPosition: 5 currentAminoAcid: E =&gt; 127
  input in matrix: state: C currentWindowPosition: 6 currentAminoAcid: E =&gt; 111
  input in matrix: state: C currentWindowPosition: 7 currentAminoAcid: E =&gt; 92
  input in matrix: state: C currentWindowPosition: 8 currentAminoAcid: E =&gt; 0
  input in matrix: state: C currentWindowPosition: 9 currentAminoAcid: E =&gt; 83
  input in matrix: state: C currentWindowPosition: 10 currentAminoAcid: E =&gt; 109
  input in matrix: state: C currentWindowPosition: 11 currentAminoAcid: E =&gt; 136
  input in matrix: state: C currentWindowPosition: 12 currentAminoAcid: E =&gt; 143
  input in matrix: state: C currentWindowPosition: 13 currentAminoAcid: E =&gt; 113
  input in matrix: state: C currentWindowPosition: 14 currentAminoAcid: E =&gt; 128
  input in matrix: state: C currentWindowPosition: 15 currentAminoAcid: E =&gt; 112
  input in matrix: state: C currentWindowPosition: 16 currentAminoAcid: E =&gt; 108
Process line: F	72	73	75	87	60	62	63	51	0	43	54	50	62	71	70	56	75
 data line!
  input in matrix: state: C currentWindowPosition: 0 currentAminoAcid: F =&gt; 72
  input in matrix: state: C currentWindowPosition: 1 currentAminoAcid: F =&gt; 73
  input in matrix: state: C currentWindowPosition: 2 currentAminoAcid: F =&gt; 75
  input in matrix: state: C currentWindowPosition: 3 currentAminoAcid: F =&gt; 87
  input in matrix: state: C currentWindowPosition: 4 currentAminoAcid: F =&gt; 60
  input in matrix: state: C currentWindowPosition: 5 currentAminoAcid: F =&gt; 62
  input in matrix: state: C currentWindowPosition: 6 currentAminoAcid: F =&gt; 63
  input in matrix: state: C currentWindowPosition: 7 currentAminoAcid: F =&gt; 51
  input in matrix: state: C currentWindowPosition: 8 currentAminoAcid: F =&gt; 0
  input in matrix: state: C currentWindowPosition: 9 currentAminoAcid: F =&gt; 43
  input in matrix: state: C currentWindowPosition: 10 currentAminoAcid: F =&gt; 54
  input in matrix: state: C currentWindowPosition: 11 currentAminoAcid: F =&gt; 50
  input in matrix: state: C currentWindowPosition: 12 currentAminoAcid: F =&gt; 62
  input in matrix: state: C currentWindowPosition: 13 currentAminoAcid: F =&gt; 71
  input in matrix: state: C currentWindowPosition: 14 currentAminoAcid: F =&gt; 70
  input in matrix: state: C currentWindowPosition: 15 currentAminoAcid: F =&gt; 56
  input in matrix: state: C currentWindowPosition: 16 currentAminoAcid: F =&gt; 75
Process line: G	126	124	122	140	147	174	160	231	0	222	179	169	134	127	150	134	123
 data line!
  input in matrix: state: C currentWindowPosition: 0 currentAminoAcid: G =&gt; 126
  input in matrix: state: C currentWindowPosition: 1 currentAminoAcid: G =&gt; 124
  input in matrix: state: C currentWindowPosition: 2 currentAminoAcid: G =&gt; 122
  input in matrix: state: C currentWindowPosition: 3 currentAminoAcid: G =&gt; 140
  input in matrix: state: C currentWindowPosition: 4 currentAminoAcid: G =&gt; 147
  input in matrix: state: C currentWindowPosition: 5 currentAminoAcid: G =&gt; 174
  input in matrix: state: C currentWindowPosition: 6 currentAminoAcid: G =&gt; 160
  input in matrix: state: C currentWindowPosition: 7 currentAminoAcid: G =&gt; 231
  input in matrix: state: C currentWindowPosition: 8 currentAminoAcid: G =&gt; 0
  input in matrix: state: C currentWindowPosition: 9 currentAminoAcid: G =&gt; 222
  input in matrix: state: C currentWindowPosition: 10 currentAminoAcid: G =&gt; 179
  input in matrix: state: C currentWindowPosition: 11 currentAminoAcid: G =&gt; 169
  input in matrix: state: C currentWindowPosition: 12 currentAminoAcid: G =&gt; 134
  input in matrix: state: C currentWindowPosition: 13 currentAminoAcid: G =&gt; 127
  input in matrix: state: C currentWindowPosition: 14 currentAminoAcid: G =&gt; 150
  input in matrix: state: C currentWindowPosition: 15 currentAminoAcid: G =&gt; 134
  input in matrix: state: C currentWindowPosition: 16 currentAminoAcid: G =&gt; 123
Process line: H	43	35	44	37	45	47	49	55	0	42	47	35	57	39	30	51	35
 data line!
  input in matrix: state: C currentWindowPosition: 0 currentAminoAcid: H =&gt; 43
  input in matrix: state: C currentWindowPosition: 1 currentAminoAcid: H =&gt; 35
  input in matrix: state: C currentWindowPosition: 2 currentAminoAcid: H =&gt; 44
  input in matrix: state: C currentWindowPosition: 3 currentAminoAcid: H =&gt; 37
  input in matrix: state: C currentWindowPosition: 4 currentAminoAcid: H =&gt; 45
  input in matrix: state: C currentWindowPosition: 5 currentAminoAcid: H =&gt; 47
  input in matrix: state: C currentWindowPosition: 6 currentAminoAcid: H =&gt; 49
  input in matrix: state: C currentWindowPosition: 7 currentAminoAcid: H =&gt; 55
  input in matrix: state: C currentWindowPosition: 8 currentAminoAcid: H =&gt; 0
  input in matrix: state: C currentWindowPosition: 9 currentAminoAcid: H =&gt; 42
  input in matrix: state: C currentWindowPosition: 10 currentAminoAcid: H =&gt; 47
  input in matrix: state: C currentWindowPosition: 11 currentAminoAcid: H =&gt; 35
  input in matrix: state: C currentWindowPosition: 12 currentAminoAcid: H =&gt; 57
  input in matrix: state: C currentWindowPosition: 13 currentAminoAcid: H =&gt; 39
  input in matrix: state: C currentWindowPosition: 14 currentAminoAcid: H =&gt; 30
  input in matrix: state: C currentWindowPosition: 15 currentAminoAcid: H =&gt; 51
  input in matrix: state: C currentWindowPosition: 16 currentAminoAcid: H =&gt; 35
Process line: I	106	102	96	108	90	82	65	47	0	49	66	64	80	125	109	86	115
 data line!
  input in matrix: state: C currentWindowPosition: 0 currentAminoAcid: I =&gt; 106
  input in matrix: state: C currentWindowPosition: 1 currentAminoAcid: I =&gt; 102
  input in matrix: state: C currentWindowPosition: 2 currentAminoAcid: I =&gt; 96
  input in matrix: state: C currentWindowPosition: 3 currentAminoAcid: I =&gt; 108
  input in matrix: state: C currentWindowPosition: 4 currentAminoAcid: I =&gt; 90
  input in matrix: state: C currentWindowPosition: 5 currentAminoAcid: I =&gt; 82
  input in matrix: state: C currentWindowPosition: 6 currentAminoAcid: I =&gt; 65
  input in matrix: state: C currentWindowPosition: 7 currentAminoAcid: I =&gt; 47
  input in matrix: state: C currentWindowPosition: 8 currentAminoAcid: I =&gt; 0
  input in matrix: state: C currentWindowPosition: 9 currentAminoAcid: I =&gt; 49
  input in matrix: state: C currentWindowPosition: 10 currentAminoAcid: I =&gt; 66
  input in matrix: state: C currentWindowPosition: 11 currentAminoAcid: I =&gt; 64
  input in matrix: state: C currentWindowPosition: 12 currentAminoAcid: I =&gt; 80
  input in matrix: state: C currentWindowPosition: 13 currentAminoAcid: I =&gt; 125
  input in matrix: state: C currentWindowPosition: 14 currentAminoAcid: I =&gt; 109
  input in matrix: state: C currentWindowPosition: 15 currentAminoAcid: I =&gt; 86
  input in matrix: state: C currentWindowPosition: 16 currentAminoAcid: I =&gt; 115
Process line: K	116	96	95	98	108	116	124	117	0	109	98	103	93	92	96	85	84
 data line!
  input in matrix: state: C currentWindowPosition: 0 currentAminoAcid: K =&gt; 116
  input in matrix: state: C currentWindowPosition: 1 currentAminoAcid: K =&gt; 96
  input in matrix: state: C currentWindowPosition: 2 currentAminoAcid: K =&gt; 95
  input in matrix: state: C currentWindowPosition: 3 currentAminoAcid: K =&gt; 98
  input in matrix: state: C currentWindowPosition: 4 currentAminoAcid: K =&gt; 108
  input in matrix: state: C currentWindowPosition: 5 currentAminoAcid: K =&gt; 116
  input in matrix: state: C currentWindowPosition: 6 currentAminoAcid: K =&gt; 124
  input in matrix: state: C currentWindowPosition: 7 currentAminoAcid: K =&gt; 117
  input in matrix: state: C currentWindowPosition: 8 currentAminoAcid: K =&gt; 0
  input in matrix: state: C currentWindowPosition: 9 currentAminoAcid: K =&gt; 109
  input in matrix: state: C currentWindowPosition: 10 currentAminoAcid: K =&gt; 98
  input in matrix: state: C currentWindowPosition: 11 currentAminoAcid: K =&gt; 103
  input in matrix: state: C currentWindowPosition: 12 currentAminoAcid: K =&gt; 93
  input in matrix: state: C currentWindowPosition: 13 currentAminoAcid: K =&gt; 92
  input in matrix: state: C currentWindowPosition: 14 currentAminoAcid: K =&gt; 96
  input in matrix: state: C currentWindowPosition: 15 currentAminoAcid: K =&gt; 85
  input in matrix: state: C currentWindowPosition: 16 currentAminoAcid: K =&gt; 84
Process line: L	163	171	160	166	151	153	157	94	1803	77	132	114	108	180	148	151	182
 data line!
  input in matrix: state: C currentWindowPosition: 0 currentAminoAcid: L =&gt; 163
  input in matrix: state: C currentWindowPosition: 1 currentAminoAcid: L =&gt; 171
  input in matrix: state: C currentWindowPosition: 2 currentAminoAcid: L =&gt; 160
  input in matrix: state: C currentWindowPosition: 3 currentAminoAcid: L =&gt; 166
  input in matrix: state: C currentWindowPosition: 4 currentAminoAcid: L =&gt; 151
  input in matrix: state: C currentWindowPosition: 5 currentAminoAcid: L =&gt; 153
  input in matrix: state: C currentWindowPosition: 6 currentAminoAcid: L =&gt; 157
  input in matrix: state: C currentWindowPosition: 7 currentAminoAcid: L =&gt; 94
  input in matrix: state: C currentWindowPosition: 8 currentAminoAcid: L =&gt; 1803
  input in matrix: state: C currentWindowPosition: 9 currentAminoAcid: L =&gt; 77
  input in matrix: state: C currentWindowPosition: 10 currentAminoAcid: L =&gt; 132
  input in matrix: state: C currentWindowPosition: 11 currentAminoAcid: L =&gt; 114
  input in matrix: state: C currentWindowPosition: 12 currentAminoAcid: L =&gt; 108
  input in matrix: state: C currentWindowPosition: 13 currentAminoAcid: L =&gt; 180
  input in matrix: state: C currentWindowPosition: 14 currentAminoAcid: L =&gt; 148
  input in matrix: state: C currentWindowPosition: 15 currentAminoAcid: L =&gt; 151
  input in matrix: state: C currentWindowPosition: 16 currentAminoAcid: L =&gt; 182
Process line: M	26	35	34	41	37	35	19	28	0	26	18	31	29	25	42	41	20
 data line!
  input in matrix: state: C currentWindowPosition: 0 currentAminoAcid: M =&gt; 26
  input in matrix: state: C currentWindowPosition: 1 currentAminoAcid: M =&gt; 35
  input in matrix: state: C currentWindowPosition: 2 currentAminoAcid: M =&gt; 34
  input in matrix: state: C currentWindowPosition: 3 currentAminoAcid: M =&gt; 41
  input in matrix: state: C currentWindowPosition: 4 currentAminoAcid: M =&gt; 37
  input in matrix: state: C currentWindowPosition: 5 currentAminoAcid: M =&gt; 35
  input in matrix: state: C currentWindowPosition: 6 currentAminoAcid: M =&gt; 19
  input in matrix: state: C currentWindowPosition: 7 currentAminoAcid: M =&gt; 28
  input in matrix: state: C currentWindowPosition: 8 currentAminoAcid: M =&gt; 0
  input in matrix: state: C currentWindowPosition: 9 currentAminoAcid: M =&gt; 26
  input in matrix: state: C currentWindowPosition: 10 currentAminoAcid: M =&gt; 18
  input in matrix: state: C currentWindowPosition: 11 currentAminoAcid: M =&gt; 31
  input in matrix: state: C currentWindowPosition: 12 currentAminoAcid: M =&gt; 29
  input in matrix: state: C currentWindowPosition: 13 currentAminoAcid: M =&gt; 25
  input in matrix: state: C currentWindowPosition: 14 currentAminoAcid: M =&gt; 42
  input in matrix: state: C currentWindowPosition: 15 currentAminoAcid: M =&gt; 41
  input in matrix: state: C currentWindowPosition: 16 currentAminoAcid: M =&gt; 20
Process line: N	81	92	85	73	80	103	90	126	0	124	100	94	83	72	67	91	93
 data line!
  input in matrix: state: C currentWindowPosition: 0 currentAminoAcid: N =&gt; 81
  input in matrix: state: C currentWindowPosition: 1 currentAminoAcid: N =&gt; 92
  input in matrix: state: C currentWindowPosition: 2 currentAminoAcid: N =&gt; 85
  input in matrix: state: C currentWindowPosition: 3 currentAminoAcid: N =&gt; 73
  input in matrix: state: C currentWindowPosition: 4 currentAminoAcid: N =&gt; 80
  input in matrix: state: C currentWindowPosition: 5 currentAminoAcid: N =&gt; 103
  input in matrix: state: C currentWindowPosition: 6 currentAminoAcid: N =&gt; 90
  input in matrix: state: C currentWindowPosition: 7 currentAminoAcid: N =&gt; 126
  input in matrix: state: C currentWindowPosition: 8 currentAminoAcid: N =&gt; 0
  input in matrix: state: C currentWindowPosition: 9 currentAminoAcid: N =&gt; 124
  input in matrix: state: C currentWindowPosition: 10 currentAminoAcid: N =&gt; 100
  input in matrix: state: C currentWindowPosition: 11 currentAminoAcid: N =&gt; 94
  input in matrix: state: C currentWindowPosition: 12 currentAminoAcid: N =&gt; 83
  input in matrix: state: C currentWindowPosition: 13 currentAminoAcid: N =&gt; 72
  input in matrix: state: C currentWindowPosition: 14 currentAminoAcid: N =&gt; 67
  input in matrix: state: C currentWindowPosition: 15 currentAminoAcid: N =&gt; 91
  input in matrix: state: C currentWindowPosition: 16 currentAminoAcid: N =&gt; 93
Process line: P	77	84	84	77	85	89	105	125	0	234	148	141	111	95	83	90	82
 data line!
  input in matrix: state: C currentWindowPosition: 0 currentAminoAcid: P =&gt; 77
  input in matrix: state: C currentWindowPosition: 1 currentAminoAcid: P =&gt; 84
  input in matrix: state: C currentWindowPosition: 2 currentAminoAcid: P =&gt; 84
  input in matrix: state: C currentWindowPosition: 3 currentAminoAcid: P =&gt; 77
  input in matrix: state: C currentWindowPosition: 4 currentAminoAcid: P =&gt; 85
  input in matrix: state: C currentWindowPosition: 5 currentAminoAcid: P =&gt; 89
  input in matrix: state: C currentWindowPosition: 6 currentAminoAcid: P =&gt; 105
  input in matrix: state: C currentWindowPosition: 7 currentAminoAcid: P =&gt; 125
  input in matrix: state: C currentWindowPosition: 8 currentAminoAcid: P =&gt; 0
  input in matrix: state: C currentWindowPosition: 9 currentAminoAcid: P =&gt; 234
  input in matrix: state: C currentWindowPosition: 10 currentAminoAcid: P =&gt; 148
  input in matrix: state: C currentWindowPosition: 11 currentAminoAcid: P =&gt; 141
  input in matrix: state: C currentWindowPosition: 12 currentAminoAcid: P =&gt; 111
  input in matrix: state: C currentWindowPosition: 13 currentAminoAcid: P =&gt; 95
  input in matrix: state: C currentWindowPosition: 14 currentAminoAcid: P =&gt; 83
  input in matrix: state: C currentWindowPosition: 15 currentAminoAcid: P =&gt; 90
  input in matrix: state: C currentWindowPosition: 16 currentAminoAcid: P =&gt; 82
Process line: Q	71	67	75	67	69	60	65	69	0	50	65	60	75	68	57	70	54
 data line!
  input in matrix: state: C currentWindowPosition: 0 currentAminoAcid: Q =&gt; 71
  input in matrix: state: C currentWindowPosition: 1 currentAminoAcid: Q =&gt; 67
  input in matrix: state: C currentWindowPosition: 2 currentAminoAcid: Q =&gt; 75
  input in matrix: state: C currentWindowPosition: 3 currentAminoAcid: Q =&gt; 67
  input in matrix: state: C currentWindowPosition: 4 currentAminoAcid: Q =&gt; 69
  input in matrix: state: C currentWindowPosition: 5 currentAminoAcid: Q =&gt; 60
  input in matrix: state: C currentWindowPosition: 6 currentAminoAcid: Q =&gt; 65
  input in matrix: state: C currentWindowPosition: 7 currentAminoAcid: Q =&gt; 69
  input in matrix: state: C currentWindowPosition: 8 currentAminoAcid: Q =&gt; 0
  input in matrix: state: C currentWindowPosition: 9 currentAminoAcid: Q =&gt; 50
  input in matrix: state: C currentWindowPosition: 10 currentAminoAcid: Q =&gt; 65
  input in matrix: state: C currentWindowPosition: 11 currentAminoAcid: Q =&gt; 60
  input in matrix: state: C currentWindowPosition: 12 currentAminoAcid: Q =&gt; 75
  input in matrix: state: C currentWindowPosition: 13 currentAminoAcid: Q =&gt; 68
  input in matrix: state: C currentWindowPosition: 14 currentAminoAcid: Q =&gt; 57
  input in matrix: state: C currentWindowPosition: 15 currentAminoAcid: Q =&gt; 70
  input in matrix: state: C currentWindowPosition: 16 currentAminoAcid: Q =&gt; 54
Process line: R	85	92	90	76	92	85	93	73	0	82	78	76	78	80	70	89	82
 data line!
  input in matrix: state: C currentWindowPosition: 0 currentAminoAcid: R =&gt; 85
  input in matrix: state: C currentWindowPosition: 1 currentAminoAcid: R =&gt; 92
  input in matrix: state: C currentWindowPosition: 2 currentAminoAcid: R =&gt; 90
  input in matrix: state: C currentWindowPosition: 3 currentAminoAcid: R =&gt; 76
  input in matrix: state: C currentWindowPosition: 4 currentAminoAcid: R =&gt; 92
  input in matrix: state: C currentWindowPosition: 5 currentAminoAcid: R =&gt; 85
  input in matrix: state: C currentWindowPosition: 6 currentAminoAcid: R =&gt; 93
  input in matrix: state: C currentWindowPosition: 7 currentAminoAcid: R =&gt; 73
  input in matrix: state: C currentWindowPosition: 8 currentAminoAcid: R =&gt; 0
  input in matrix: state: C currentWindowPosition: 9 currentAminoAcid: R =&gt; 82
  input in matrix: state: C currentWindowPosition: 10 currentAminoAcid: R =&gt; 78
  input in matrix: state: C currentWindowPosition: 11 currentAminoAcid: R =&gt; 76
  input in matrix: state: C currentWindowPosition: 12 currentAminoAcid: R =&gt; 78
  input in matrix: state: C currentWindowPosition: 13 currentAminoAcid: R =&gt; 80
  input in matrix: state: C currentWindowPosition: 14 currentAminoAcid: R =&gt; 70
  input in matrix: state: C currentWindowPosition: 15 currentAminoAcid: R =&gt; 89
  input in matrix: state: C currentWindowPosition: 16 currentAminoAcid: R =&gt; 82
Process line: S	111	96	103	97	133	121	146	130	0	135	128	124	101	107	120	116	110
 data line!
  input in matrix: state: C currentWindowPosition: 0 currentAminoAcid: S =&gt; 111
  input in matrix: state: C currentWindowPosition: 1 currentAminoAcid: S =&gt; 96
  input in matrix: state: C currentWindowPosition: 2 currentAminoAcid: S =&gt; 103
  input in matrix: state: C currentWindowPosition: 3 currentAminoAcid: S =&gt; 97
  input in matrix: state: C currentWindowPosition: 4 currentAminoAcid: S =&gt; 133
  input in matrix: state: C currentWindowPosition: 5 currentAminoAcid: S =&gt; 121
  input in matrix: state: C currentWindowPosition: 6 currentAminoAcid: S =&gt; 146
  input in matrix: state: C currentWindowPosition: 7 currentAminoAcid: S =&gt; 130
  input in matrix: state: C currentWindowPosition: 8 currentAminoAcid: S =&gt; 0
  input in matrix: state: C currentWindowPosition: 9 currentAminoAcid: S =&gt; 135
  input in matrix: state: C currentWindowPosition: 10 currentAminoAcid: S =&gt; 128
  input in matrix: state: C currentWindowPosition: 11 currentAminoAcid: S =&gt; 124
  input in matrix: state: C currentWindowPosition: 12 currentAminoAcid: S =&gt; 101
  input in matrix: state: C currentWindowPosition: 13 currentAminoAcid: S =&gt; 107
  input in matrix: state: C currentWindowPosition: 14 currentAminoAcid: S =&gt; 120
  input in matrix: state: C currentWindowPosition: 15 currentAminoAcid: S =&gt; 116
  input in matrix: state: C currentWindowPosition: 16 currentAminoAcid: S =&gt; 110
Process line: T	112	109	110	106	93	97	107	105	0	129	91	108	115	102	107	105	112
 data line!
  input in matrix: state: C currentWindowPosition: 0 currentAminoAcid: T =&gt; 112
  input in matrix: state: C currentWindowPosition: 1 currentAminoAcid: T =&gt; 109
  input in matrix: state: C currentWindowPosition: 2 currentAminoAcid: T =&gt; 110
  input in matrix: state: C currentWindowPosition: 3 currentAminoAcid: T =&gt; 106
  input in matrix: state: C currentWindowPosition: 4 currentAminoAcid: T =&gt; 93
  input in matrix: state: C currentWindowPosition: 5 currentAminoAcid: T =&gt; 97
  input in matrix: state: C currentWindowPosition: 6 currentAminoAcid: T =&gt; 107
  input in matrix: state: C currentWindowPosition: 7 currentAminoAcid: T =&gt; 105
  input in matrix: state: C currentWindowPosition: 8 currentAminoAcid: T =&gt; 0
  input in matrix: state: C currentWindowPosition: 9 currentAminoAcid: T =&gt; 129
  input in matrix: state: C currentWindowPosition: 10 currentAminoAcid: T =&gt; 91
  input in matrix: state: C currentWindowPosition: 11 currentAminoAcid: T =&gt; 108
  input in matrix: state: C currentWindowPosition: 12 currentAminoAcid: T =&gt; 115
  input in matrix: state: C currentWindowPosition: 13 currentAminoAcid: T =&gt; 102
  input in matrix: state: C currentWindowPosition: 14 currentAminoAcid: T =&gt; 107
  input in matrix: state: C currentWindowPosition: 15 currentAminoAcid: T =&gt; 105
  input in matrix: state: C currentWindowPosition: 16 currentAminoAcid: T =&gt; 112
Process line: V	125	139	137	133	122	109	92	79	0	71	90	114	128	151	135	130	124
 data line!
  input in matrix: state: C currentWindowPosition: 0 currentAminoAcid: V =&gt; 125
  input in matrix: state: C currentWindowPosition: 1 currentAminoAcid: V =&gt; 139
  input in matrix: state: C currentWindowPosition: 2 currentAminoAcid: V =&gt; 137
  input in matrix: state: C currentWindowPosition: 3 currentAminoAcid: V =&gt; 133
  input in matrix: state: C currentWindowPosition: 4 currentAminoAcid: V =&gt; 122
  input in matrix: state: C currentWindowPosition: 5 currentAminoAcid: V =&gt; 109
  input in matrix: state: C currentWindowPosition: 6 currentAminoAcid: V =&gt; 92
  input in matrix: state: C currentWindowPosition: 7 currentAminoAcid: V =&gt; 79
  input in matrix: state: C currentWindowPosition: 8 currentAminoAcid: V =&gt; 0
  input in matrix: state: C currentWindowPosition: 9 currentAminoAcid: V =&gt; 71
  input in matrix: state: C currentWindowPosition: 10 currentAminoAcid: V =&gt; 90
  input in matrix: state: C currentWindowPosition: 11 currentAminoAcid: V =&gt; 114
  input in matrix: state: C currentWindowPosition: 12 currentAminoAcid: V =&gt; 128
  input in matrix: state: C currentWindowPosition: 13 currentAminoAcid: V =&gt; 151
  input in matrix: state: C currentWindowPosition: 14 currentAminoAcid: V =&gt; 135
  input in matrix: state: C currentWindowPosition: 15 currentAminoAcid: V =&gt; 130
  input in matrix: state: C currentWindowPosition: 16 currentAminoAcid: V =&gt; 124
Process line: W	26	31	22	23	25	24	24	22	0	14	17	19	28	24	27	23	29
 data line!
  input in matrix: state: C currentWindowPosition: 0 currentAminoAcid: W =&gt; 26
  input in matrix: state: C currentWindowPosition: 1 currentAminoAcid: W =&gt; 31
  input in matrix: state: C currentWindowPosition: 2 currentAminoAcid: W =&gt; 22
  input in matrix: state: C currentWindowPosition: 3 currentAminoAcid: W =&gt; 23
  input in matrix: state: C currentWindowPosition: 4 currentAminoAcid: W =&gt; 25
  input in matrix: state: C currentWindowPosition: 5 currentAminoAcid: W =&gt; 24
  input in matrix: state: C currentWindowPosition: 6 currentAminoAcid: W =&gt; 24
  input in matrix: state: C currentWindowPosition: 7 currentAminoAcid: W =&gt; 22
  input in matrix: state: C currentWindowPosition: 8 currentAminoAcid: W =&gt; 0
  input in matrix: state: C currentWindowPosition: 9 currentAminoAcid: W =&gt; 14
  input in matrix: state: C currentWindowPosition: 10 currentAminoAcid: W =&gt; 17
  input in matrix: state: C currentWindowPosition: 11 currentAminoAcid: W =&gt; 19
  input in matrix: state: C currentWindowPosition: 12 currentAminoAcid: W =&gt; 28
  input in matrix: state: C currentWindowPosition: 13 currentAminoAcid: W =&gt; 24
  input in matrix: state: C currentWindowPosition: 14 currentAminoAcid: W =&gt; 27
  input in matrix: state: C currentWindowPosition: 15 currentAminoAcid: W =&gt; 23
  input in matrix: state: C currentWindowPosition: 16 currentAminoAcid: W =&gt; 29
Process line: Y	69	62	66	56	59	59	64	48	0	41	70	58	63	59	69	55	69
 data line!
  input in matrix: state: C currentWindowPosition: 0 currentAminoAcid: Y =&gt; 69
  input in matrix: state: C currentWindowPosition: 1 currentAminoAcid: Y =&gt; 62
  input in matrix: state: C currentWindowPosition: 2 currentAminoAcid: Y =&gt; 66
  input in matrix: state: C currentWindowPosition: 3 currentAminoAcid: Y =&gt; 56
  input in matrix: state: C currentWindowPosition: 4 currentAminoAcid: Y =&gt; 59
  input in matrix: state: C currentWindowPosition: 5 currentAminoAcid: Y =&gt; 59
  input in matrix: state: C currentWindowPosition: 6 currentAminoAcid: Y =&gt; 64
  input in matrix: state: C currentWindowPosition: 7 currentAminoAcid: Y =&gt; 48
  input in matrix: state: C currentWindowPosition: 8 currentAminoAcid: Y =&gt; 0
  input in matrix: state: C currentWindowPosition: 9 currentAminoAcid: Y =&gt; 41
  input in matrix: state: C currentWindowPosition: 10 currentAminoAcid: Y =&gt; 70
  input in matrix: state: C currentWindowPosition: 11 currentAminoAcid: Y =&gt; 58
  input in matrix: state: C currentWindowPosition: 12 currentAminoAcid: Y =&gt; 63
  input in matrix: state: C currentWindowPosition: 13 currentAminoAcid: Y =&gt; 59
  input in matrix: state: C currentWindowPosition: 14 currentAminoAcid: Y =&gt; 69
  input in matrix: state: C currentWindowPosition: 15 currentAminoAcid: Y =&gt; 55
  input in matrix: state: C currentWindowPosition: 16 currentAminoAcid: Y =&gt; 69
Process line: 
 Skip line!
Process line: 
 Skip line!
Process line: =L,E=
 state line! (now in state: E)
Process line: 
 Skip line!
Process line: A	151	123	136	118	124	106	109	104	0	103	119	119	119	122	110	117	136
 data line!
  input in matrix: state: E currentWindowPosition: 0 currentAminoAcid: A =&gt; 151
  input in matrix: state: E currentWindowPosition: 1 currentAminoAcid: A =&gt; 123
  input in matrix: state: E currentWindowPosition: 2 currentAminoAcid: A =&gt; 136
  input in matrix: state: E currentWindowPosition: 3 currentAminoAcid: A =&gt; 118
  input in matrix: state: E currentWindowPosition: 4 currentAminoAcid: A =&gt; 124
  input in matrix: state: E currentWindowPosition: 5 currentAminoAcid: A =&gt; 106
  input in matrix: state: E currentWindowPosition: 6 currentAminoAcid: A =&gt; 109
  input in matrix: state: E currentWindowPosition: 7 currentAminoAcid: A =&gt; 104
  input in matrix: state: E currentWindowPosition: 8 currentAminoAcid: A =&gt; 0
  input in matrix: state: E currentWindowPosition: 9 currentAminoAcid: A =&gt; 103
  input in matrix: state: E currentWindowPosition: 10 currentAminoAcid: A =&gt; 119
  input in matrix: state: E currentWindowPosition: 11 currentAminoAcid: A =&gt; 119
  input in matrix: state: E currentWindowPosition: 12 currentAminoAcid: A =&gt; 119
  input in matrix: state: E currentWindowPosition: 13 currentAminoAcid: A =&gt; 122
  input in matrix: state: E currentWindowPosition: 14 currentAminoAcid: A =&gt; 110
  input in matrix: state: E currentWindowPosition: 15 currentAminoAcid: A =&gt; 117
  input in matrix: state: E currentWindowPosition: 16 currentAminoAcid: A =&gt; 136
Process line: C	17	26	22	34	20	22	34	25	0	33	42	17	28	27	21	30	20
 data line!
  input in matrix: state: E currentWindowPosition: 0 currentAminoAcid: C =&gt; 17
  input in matrix: state: E currentWindowPosition: 1 currentAminoAcid: C =&gt; 26
  input in matrix: state: E currentWindowPosition: 2 currentAminoAcid: C =&gt; 22
  input in matrix: state: E currentWindowPosition: 3 currentAminoAcid: C =&gt; 34
  input in matrix: state: E currentWindowPosition: 4 currentAminoAcid: C =&gt; 20
  input in matrix: state: E currentWindowPosition: 5 currentAminoAcid: C =&gt; 22
  input in matrix: state: E currentWindowPosition: 6 currentAminoAcid: C =&gt; 34
  input in matrix: state: E currentWindowPosition: 7 currentAminoAcid: C =&gt; 25
  input in matrix: state: E currentWindowPosition: 8 currentAminoAcid: C =&gt; 0
  input in matrix: state: E currentWindowPosition: 9 currentAminoAcid: C =&gt; 33
  input in matrix: state: E currentWindowPosition: 10 currentAminoAcid: C =&gt; 42
  input in matrix: state: E currentWindowPosition: 11 currentAminoAcid: C =&gt; 17
  input in matrix: state: E currentWindowPosition: 12 currentAminoAcid: C =&gt; 28
  input in matrix: state: E currentWindowPosition: 13 currentAminoAcid: C =&gt; 27
  input in matrix: state: E currentWindowPosition: 14 currentAminoAcid: C =&gt; 21
  input in matrix: state: E currentWindowPosition: 15 currentAminoAcid: C =&gt; 30
  input in matrix: state: E currentWindowPosition: 16 currentAminoAcid: C =&gt; 20
Process line: D	115	98	96	99	115	118	70	55	0	92	92	132	119	125	130	106	96
 data line!
  input in matrix: state: E currentWindowPosition: 0 currentAminoAcid: D =&gt; 115
  input in matrix: state: E currentWindowPosition: 1 currentAminoAcid: D =&gt; 98
  input in matrix: state: E currentWindowPosition: 2 currentAminoAcid: D =&gt; 96
  input in matrix: state: E currentWindowPosition: 3 currentAminoAcid: D =&gt; 99
  input in matrix: state: E currentWindowPosition: 4 currentAminoAcid: D =&gt; 115
  input in matrix: state: E currentWindowPosition: 5 currentAminoAcid: D =&gt; 118
  input in matrix: state: E currentWindowPosition: 6 currentAminoAcid: D =&gt; 70
  input in matrix: state: E currentWindowPosition: 7 currentAminoAcid: D =&gt; 55
  input in matrix: state: E currentWindowPosition: 8 currentAminoAcid: D =&gt; 0
  input in matrix: state: E currentWindowPosition: 9 currentAminoAcid: D =&gt; 92
  input in matrix: state: E currentWindowPosition: 10 currentAminoAcid: D =&gt; 92
  input in matrix: state: E currentWindowPosition: 11 currentAminoAcid: D =&gt; 132
  input in matrix: state: E currentWindowPosition: 12 currentAminoAcid: D =&gt; 119
  input in matrix: state: E currentWindowPosition: 13 currentAminoAcid: D =&gt; 125
  input in matrix: state: E currentWindowPosition: 14 currentAminoAcid: D =&gt; 130
  input in matrix: state: E currentWindowPosition: 15 currentAminoAcid: D =&gt; 106
  input in matrix: state: E currentWindowPosition: 16 currentAminoAcid: D =&gt; 96
Process line: E	92	93	105	102	100	98	57	80	0	71	52	92	105	74	93	113	96
 data line!
  input in matrix: state: E currentWindowPosition: 0 currentAminoAcid: E =&gt; 92
  input in matrix: state: E currentWindowPosition: 1 currentAminoAcid: E =&gt; 93
  input in matrix: state: E currentWindowPosition: 2 currentAminoAcid: E =&gt; 105
  input in matrix: state: E currentWindowPosition: 3 currentAminoAcid: E =&gt; 102
  input in matrix: state: E currentWindowPosition: 4 currentAminoAcid: E =&gt; 100
  input in matrix: state: E currentWindowPosition: 5 currentAminoAcid: E =&gt; 98
  input in matrix: state: E currentWindowPosition: 6 currentAminoAcid: E =&gt; 57
  input in matrix: state: E currentWindowPosition: 7 currentAminoAcid: E =&gt; 80
  input in matrix: state: E currentWindowPosition: 8 currentAminoAcid: E =&gt; 0
  input in matrix: state: E currentWindowPosition: 9 currentAminoAcid: E =&gt; 71
  input in matrix: state: E currentWindowPosition: 10 currentAminoAcid: E =&gt; 52
  input in matrix: state: E currentWindowPosition: 11 currentAminoAcid: E =&gt; 92
  input in matrix: state: E currentWindowPosition: 12 currentAminoAcid: E =&gt; 105
  input in matrix: state: E currentWindowPosition: 13 currentAminoAcid: E =&gt; 74
  input in matrix: state: E currentWindowPosition: 14 currentAminoAcid: E =&gt; 93
  input in matrix: state: E currentWindowPosition: 15 currentAminoAcid: E =&gt; 113
  input in matrix: state: E currentWindowPosition: 16 currentAminoAcid: E =&gt; 96
Process line: F	50	62	48	38	49	38	80	73	0	63	73	55	62	44	50	62	64
 data line!
  input in matrix: state: E currentWindowPosition: 0 currentAminoAcid: F =&gt; 50
  input in matrix: state: E currentWindowPosition: 1 currentAminoAcid: F =&gt; 62
  input in matrix: state: E currentWindowPosition: 2 currentAminoAcid: F =&gt; 48
  input in matrix: state: E currentWindowPosition: 3 currentAminoAcid: F =&gt; 38
  input in matrix: state: E currentWindowPosition: 4 currentAminoAcid: F =&gt; 49
  input in matrix: state: E currentWindowPosition: 5 currentAminoAcid: F =&gt; 38
  input in matrix: state: E currentWindowPosition: 6 currentAminoAcid: F =&gt; 80
  input in matrix: state: E currentWindowPosition: 7 currentAminoAcid: F =&gt; 73
  input in matrix: state: E currentWindowPosition: 8 currentAminoAcid: F =&gt; 0
  input in matrix: state: E currentWindowPosition: 9 currentAminoAcid: F =&gt; 63
  input in matrix: state: E currentWindowPosition: 10 currentAminoAcid: F =&gt; 73
  input in matrix: state: E currentWindowPosition: 11 currentAminoAcid: F =&gt; 55
  input in matrix: state: E currentWindowPosition: 12 currentAminoAcid: F =&gt; 62
  input in matrix: state: E currentWindowPosition: 13 currentAminoAcid: F =&gt; 44
  input in matrix: state: E currentWindowPosition: 14 currentAminoAcid: F =&gt; 50
  input in matrix: state: E currentWindowPosition: 15 currentAminoAcid: F =&gt; 62
  input in matrix: state: E currentWindowPosition: 16 currentAminoAcid: F =&gt; 64
Process line: G	142	137	140	157	181	200	166	102	0	102	147	186	188	192	175	147	172
 data line!
  input in matrix: state: E currentWindowPosition: 0 currentAminoAcid: G =&gt; 142
  input in matrix: state: E currentWindowPosition: 1 currentAminoAcid: G =&gt; 137
  input in matrix: state: E currentWindowPosition: 2 currentAminoAcid: G =&gt; 140
  input in matrix: state: E currentWindowPosition: 3 currentAminoAcid: G =&gt; 157
  input in matrix: state: E currentWindowPosition: 4 currentAminoAcid: G =&gt; 181
  input in matrix: state: E currentWindowPosition: 5 currentAminoAcid: G =&gt; 200
  input in matrix: state: E currentWindowPosition: 6 currentAminoAcid: G =&gt; 166
  input in matrix: state: E currentWindowPosition: 7 currentAminoAcid: G =&gt; 102
  input in matrix: state: E currentWindowPosition: 8 currentAminoAcid: G =&gt; 0
  input in matrix: state: E currentWindowPosition: 9 currentAminoAcid: G =&gt; 102
  input in matrix: state: E currentWindowPosition: 10 currentAminoAcid: G =&gt; 147
  input in matrix: state: E currentWindowPosition: 11 currentAminoAcid: G =&gt; 186
  input in matrix: state: E currentWindowPosition: 12 currentAminoAcid: G =&gt; 188
  input in matrix: state: E currentWindowPosition: 13 currentAminoAcid: G =&gt; 192
  input in matrix: state: E currentWindowPosition: 14 currentAminoAcid: G =&gt; 175
  input in matrix: state: E currentWindowPosition: 15 currentAminoAcid: G =&gt; 147
  input in matrix: state: E currentWindowPosition: 16 currentAminoAcid: G =&gt; 172
Process line: H	38	46	43	53	48	50	35	40	0	36	28	45	34	36	39	42	35
 data line!
  input in matrix: state: E currentWindowPosition: 0 currentAminoAcid: H =&gt; 38
  input in matrix: state: E currentWindowPosition: 1 currentAminoAcid: H =&gt; 46
  input in matrix: state: E currentWindowPosition: 2 currentAminoAcid: H =&gt; 43
  input in matrix: state: E currentWindowPosition: 3 currentAminoAcid: H =&gt; 53
  input in matrix: state: E currentWindowPosition: 4 currentAminoAcid: H =&gt; 48
  input in matrix: state: E currentWindowPosition: 5 currentAminoAcid: H =&gt; 50
  input in matrix: state: E currentWindowPosition: 6 currentAminoAcid: H =&gt; 35
  input in matrix: state: E currentWindowPosition: 7 currentAminoAcid: H =&gt; 40
  input in matrix: state: E currentWindowPosition: 8 currentAminoAcid: H =&gt; 0
  input in matrix: state: E currentWindowPosition: 9 currentAminoAcid: H =&gt; 36
  input in matrix: state: E currentWindowPosition: 10 currentAminoAcid: H =&gt; 28
  input in matrix: state: E currentWindowPosition: 11 currentAminoAcid: H =&gt; 45
  input in matrix: state: E currentWindowPosition: 12 currentAminoAcid: H =&gt; 34
  input in matrix: state: E currentWindowPosition: 13 currentAminoAcid: H =&gt; 36
  input in matrix: state: E currentWindowPosition: 14 currentAminoAcid: H =&gt; 39
  input in matrix: state: E currentWindowPosition: 15 currentAminoAcid: H =&gt; 42
  input in matrix: state: E currentWindowPosition: 16 currentAminoAcid: H =&gt; 35
Process line: I	76	86	71	81	82	81	123	131	0	125	131	80	74	57	57	71	75
 data line!
  input in matrix: state: E currentWindowPosition: 0 currentAminoAcid: I =&gt; 76
  input in matrix: state: E currentWindowPosition: 1 currentAminoAcid: I =&gt; 86
  input in matrix: state: E currentWindowPosition: 2 currentAminoAcid: I =&gt; 71
  input in matrix: state: E currentWindowPosition: 3 currentAminoAcid: I =&gt; 81
  input in matrix: state: E currentWindowPosition: 4 currentAminoAcid: I =&gt; 82
  input in matrix: state: E currentWindowPosition: 5 currentAminoAcid: I =&gt; 81
  input in matrix: state: E currentWindowPosition: 6 currentAminoAcid: I =&gt; 123
  input in matrix: state: E currentWindowPosition: 7 currentAminoAcid: I =&gt; 131
  input in matrix: state: E currentWindowPosition: 8 currentAminoAcid: I =&gt; 0
  input in matrix: state: E currentWindowPosition: 9 currentAminoAcid: I =&gt; 125
  input in matrix: state: E currentWindowPosition: 10 currentAminoAcid: I =&gt; 131
  input in matrix: state: E currentWindowPosition: 11 currentAminoAcid: I =&gt; 80
  input in matrix: state: E currentWindowPosition: 12 currentAminoAcid: I =&gt; 74
  input in matrix: state: E currentWindowPosition: 13 currentAminoAcid: I =&gt; 57
  input in matrix: state: E currentWindowPosition: 14 currentAminoAcid: I =&gt; 57
  input in matrix: state: E currentWindowPosition: 15 currentAminoAcid: I =&gt; 71
  input in matrix: state: E currentWindowPosition: 16 currentAminoAcid: I =&gt; 75
Process line: K	113	125	120	106	107	103	70	110	0	72	87	82	77	82	86	87	89
 data line!
  input in matrix: state: E currentWindowPosition: 0 currentAminoAcid: K =&gt; 113
  input in matrix: state: E currentWindowPosition: 1 currentAminoAcid: K =&gt; 125
  input in matrix: state: E currentWindowPosition: 2 currentAminoAcid: K =&gt; 120
  input in matrix: state: E currentWindowPosition: 3 currentAminoAcid: K =&gt; 106
  input in matrix: state: E currentWindowPosition: 4 currentAminoAcid: K =&gt; 107
  input in matrix: state: E currentWindowPosition: 5 currentAminoAcid: K =&gt; 103
  input in matrix: state: E currentWindowPosition: 6 currentAminoAcid: K =&gt; 70
  input in matrix: state: E currentWindowPosition: 7 currentAminoAcid: K =&gt; 110
  input in matrix: state: E currentWindowPosition: 8 currentAminoAcid: K =&gt; 0
  input in matrix: state: E currentWindowPosition: 9 currentAminoAcid: K =&gt; 72
  input in matrix: state: E currentWindowPosition: 10 currentAminoAcid: K =&gt; 87
  input in matrix: state: E currentWindowPosition: 11 currentAminoAcid: K =&gt; 82
  input in matrix: state: E currentWindowPosition: 12 currentAminoAcid: K =&gt; 77
  input in matrix: state: E currentWindowPosition: 13 currentAminoAcid: K =&gt; 82
  input in matrix: state: E currentWindowPosition: 14 currentAminoAcid: K =&gt; 86
  input in matrix: state: E currentWindowPosition: 15 currentAminoAcid: K =&gt; 87
  input in matrix: state: E currentWindowPosition: 16 currentAminoAcid: K =&gt; 89
Process line: L	143	147	123	103	84	94	141	140	1648	146	162	85	90	107	104	126	102
 data line!
  input in matrix: state: E currentWindowPosition: 0 currentAminoAcid: L =&gt; 143
  input in matrix: state: E currentWindowPosition: 1 currentAminoAcid: L =&gt; 147
  input in matrix: state: E currentWindowPosition: 2 currentAminoAcid: L =&gt; 123
  input in matrix: state: E currentWindowPosition: 3 currentAminoAcid: L =&gt; 103
  input in matrix: state: E currentWindowPosition: 4 currentAminoAcid: L =&gt; 84
  input in matrix: state: E currentWindowPosition: 5 currentAminoAcid: L =&gt; 94
  input in matrix: state: E currentWindowPosition: 6 currentAminoAcid: L =&gt; 141
  input in matrix: state: E currentWindowPosition: 7 currentAminoAcid: L =&gt; 140
  input in matrix: state: E currentWindowPosition: 8 currentAminoAcid: L =&gt; 1648
  input in matrix: state: E currentWindowPosition: 9 currentAminoAcid: L =&gt; 146
  input in matrix: state: E currentWindowPosition: 10 currentAminoAcid: L =&gt; 162
  input in matrix: state: E currentWindowPosition: 11 currentAminoAcid: L =&gt; 85
  input in matrix: state: E currentWindowPosition: 12 currentAminoAcid: L =&gt; 90
  input in matrix: state: E currentWindowPosition: 13 currentAminoAcid: L =&gt; 107
  input in matrix: state: E currentWindowPosition: 14 currentAminoAcid: L =&gt; 104
  input in matrix: state: E currentWindowPosition: 15 currentAminoAcid: L =&gt; 126
  input in matrix: state: E currentWindowPosition: 16 currentAminoAcid: L =&gt; 102
Process line: M	23	27	28	23	22	23	26	30	0	44	29	25	21	28	28	27	33
 data line!
  input in matrix: state: E currentWindowPosition: 0 currentAminoAcid: M =&gt; 23
  input in matrix: state: E currentWindowPosition: 1 currentAminoAcid: M =&gt; 27
  input in matrix: state: E currentWindowPosition: 2 currentAminoAcid: M =&gt; 28
  input in matrix: state: E currentWindowPosition: 3 currentAminoAcid: M =&gt; 23
  input in matrix: state: E currentWindowPosition: 4 currentAminoAcid: M =&gt; 22
  input in matrix: state: E currentWindowPosition: 5 currentAminoAcid: M =&gt; 23
  input in matrix: state: E currentWindowPosition: 6 currentAminoAcid: M =&gt; 26
  input in matrix: state: E currentWindowPosition: 7 currentAminoAcid: M =&gt; 30
  input in matrix: state: E currentWindowPosition: 8 currentAminoAcid: M =&gt; 0
  input in matrix: state: E currentWindowPosition: 9 currentAminoAcid: M =&gt; 44
  input in matrix: state: E currentWindowPosition: 10 currentAminoAcid: M =&gt; 29
  input in matrix: state: E currentWindowPosition: 11 currentAminoAcid: M =&gt; 25
  input in matrix: state: E currentWindowPosition: 12 currentAminoAcid: M =&gt; 21
  input in matrix: state: E currentWindowPosition: 13 currentAminoAcid: M =&gt; 28
  input in matrix: state: E currentWindowPosition: 14 currentAminoAcid: M =&gt; 28
  input in matrix: state: E currentWindowPosition: 15 currentAminoAcid: M =&gt; 27
  input in matrix: state: E currentWindowPosition: 16 currentAminoAcid: M =&gt; 33
Process line: N	79	93	98	90	74	102	68	54	0	75	79	101	99	102	92	74	70
 data line!
  input in matrix: state: E currentWindowPosition: 0 currentAminoAcid: N =&gt; 79
  input in matrix: state: E currentWindowPosition: 1 currentAminoAcid: N =&gt; 93
  input in matrix: state: E currentWindowPosition: 2 currentAminoAcid: N =&gt; 98
  input in matrix: state: E currentWindowPosition: 3 currentAminoAcid: N =&gt; 90
  input in matrix: state: E currentWindowPosition: 4 currentAminoAcid: N =&gt; 74
  input in matrix: state: E currentWindowPosition: 5 currentAminoAcid: N =&gt; 102
  input in matrix: state: E currentWindowPosition: 6 currentAminoAcid: N =&gt; 68
  input in matrix: state: E currentWindowPosition: 7 currentAminoAcid: N =&gt; 54
  input in matrix: state: E currentWindowPosition: 8 currentAminoAcid: N =&gt; 0
  input in matrix: state: E currentWindowPosition: 9 currentAminoAcid: N =&gt; 75
  input in matrix: state: E currentWindowPosition: 10 currentAminoAcid: N =&gt; 79
  input in matrix: state: E currentWindowPosition: 11 currentAminoAcid: N =&gt; 101
  input in matrix: state: E currentWindowPosition: 12 currentAminoAcid: N =&gt; 99
  input in matrix: state: E currentWindowPosition: 13 currentAminoAcid: N =&gt; 102
  input in matrix: state: E currentWindowPosition: 14 currentAminoAcid: N =&gt; 92
  input in matrix: state: E currentWindowPosition: 15 currentAminoAcid: N =&gt; 74
  input in matrix: state: E currentWindowPosition: 16 currentAminoAcid: N =&gt; 70
Process line: P	77	90	88	108	92	81	78	62	0	54	79	82	86	98	88	108	96
 data line!
  input in matrix: state: E currentWindowPosition: 0 currentAminoAcid: P =&gt; 77
  input in matrix: state: E currentWindowPosition: 1 currentAminoAcid: P =&gt; 90
  input in matrix: state: E currentWindowPosition: 2 currentAminoAcid: P =&gt; 88
  input in matrix: state: E currentWindowPosition: 3 currentAminoAcid: P =&gt; 108
  input in matrix: state: E currentWindowPosition: 4 currentAminoAcid: P =&gt; 92
  input in matrix: state: E currentWindowPosition: 5 currentAminoAcid: P =&gt; 81
  input in matrix: state: E currentWindowPosition: 6 currentAminoAcid: P =&gt; 78
  input in matrix: state: E currentWindowPosition: 7 currentAminoAcid: P =&gt; 62
  input in matrix: state: E currentWindowPosition: 8 currentAminoAcid: P =&gt; 0
  input in matrix: state: E currentWindowPosition: 9 currentAminoAcid: P =&gt; 54
  input in matrix: state: E currentWindowPosition: 10 currentAminoAcid: P =&gt; 79
  input in matrix: state: E currentWindowPosition: 11 currentAminoAcid: P =&gt; 82
  input in matrix: state: E currentWindowPosition: 12 currentAminoAcid: P =&gt; 86
  input in matrix: state: E currentWindowPosition: 13 currentAminoAcid: P =&gt; 98
  input in matrix: state: E currentWindowPosition: 14 currentAminoAcid: P =&gt; 88
  input in matrix: state: E currentWindowPosition: 15 currentAminoAcid: P =&gt; 108
  input in matrix: state: E currentWindowPosition: 16 currentAminoAcid: P =&gt; 96
Process line: Q	71	57	77	64	66	52	50	63	0	45	33	51	63	64	71	57	77
 data line!
  input in matrix: state: E currentWindowPosition: 0 currentAminoAcid: Q =&gt; 71
  input in matrix: state: E currentWindowPosition: 1 currentAminoAcid: Q =&gt; 57
  input in matrix: state: E currentWindowPosition: 2 currentAminoAcid: Q =&gt; 77
  input in matrix: state: E currentWindowPosition: 3 currentAminoAcid: Q =&gt; 64
  input in matrix: state: E currentWindowPosition: 4 currentAminoAcid: Q =&gt; 66
  input in matrix: state: E currentWindowPosition: 5 currentAminoAcid: Q =&gt; 52
  input in matrix: state: E currentWindowPosition: 6 currentAminoAcid: Q =&gt; 50
  input in matrix: state: E currentWindowPosition: 7 currentAminoAcid: Q =&gt; 63
  input in matrix: state: E currentWindowPosition: 8 currentAminoAcid: Q =&gt; 0
  input in matrix: state: E currentWindowPosition: 9 currentAminoAcid: Q =&gt; 45
  input in matrix: state: E currentWindowPosition: 10 currentAminoAcid: Q =&gt; 33
  input in matrix: state: E currentWindowPosition: 11 currentAminoAcid: Q =&gt; 51
  input in matrix: state: E currentWindowPosition: 12 currentAminoAcid: Q =&gt; 63
  input in matrix: state: E currentWindowPosition: 13 currentAminoAcid: Q =&gt; 64
  input in matrix: state: E currentWindowPosition: 14 currentAminoAcid: Q =&gt; 71
  input in matrix: state: E currentWindowPosition: 15 currentAminoAcid: Q =&gt; 57
  input in matrix: state: E currentWindowPosition: 16 currentAminoAcid: Q =&gt; 77
Process line: R	78	72	87	81	93	74	74	94	0	59	52	64	64	48	57	64	63
 data line!
  input in matrix: state: E currentWindowPosition: 0 currentAminoAcid: R =&gt; 78
  input in matrix: state: E currentWindowPosition: 1 currentAminoAcid: R =&gt; 72
  input in matrix: state: E currentWindowPosition: 2 currentAminoAcid: R =&gt; 87
  input in matrix: state: E currentWindowPosition: 3 currentAminoAcid: R =&gt; 81
  input in matrix: state: E currentWindowPosition: 4 currentAminoAcid: R =&gt; 93
  input in matrix: state: E currentWindowPosition: 5 currentAminoAcid: R =&gt; 74
  input in matrix: state: E currentWindowPosition: 6 currentAminoAcid: R =&gt; 74
  input in matrix: state: E currentWindowPosition: 7 currentAminoAcid: R =&gt; 94
  input in matrix: state: E currentWindowPosition: 8 currentAminoAcid: R =&gt; 0
  input in matrix: state: E currentWindowPosition: 9 currentAminoAcid: R =&gt; 59
  input in matrix: state: E currentWindowPosition: 10 currentAminoAcid: R =&gt; 52
  input in matrix: state: E currentWindowPosition: 11 currentAminoAcid: R =&gt; 64
  input in matrix: state: E currentWindowPosition: 12 currentAminoAcid: R =&gt; 64
  input in matrix: state: E currentWindowPosition: 13 currentAminoAcid: R =&gt; 48
  input in matrix: state: E currentWindowPosition: 14 currentAminoAcid: R =&gt; 57
  input in matrix: state: E currentWindowPosition: 15 currentAminoAcid: R =&gt; 64
  input in matrix: state: E currentWindowPosition: 16 currentAminoAcid: R =&gt; 63
Process line: S	100	108	106	117	112	95	87	85	0	114	88	121	126	123	128	125	113
 data line!
  input in matrix: state: E currentWindowPosition: 0 currentAminoAcid: S =&gt; 100
  input in matrix: state: E currentWindowPosition: 1 currentAminoAcid: S =&gt; 108
  input in matrix: state: E currentWindowPosition: 2 currentAminoAcid: S =&gt; 106
  input in matrix: state: E currentWindowPosition: 3 currentAminoAcid: S =&gt; 117
  input in matrix: state: E currentWindowPosition: 4 currentAminoAcid: S =&gt; 112
  input in matrix: state: E currentWindowPosition: 5 currentAminoAcid: S =&gt; 95
  input in matrix: state: E currentWindowPosition: 6 currentAminoAcid: S =&gt; 87
  input in matrix: state: E currentWindowPosition: 7 currentAminoAcid: S =&gt; 85
  input in matrix: state: E currentWindowPosition: 8 currentAminoAcid: S =&gt; 0
  input in matrix: state: E currentWindowPosition: 9 currentAminoAcid: S =&gt; 114
  input in matrix: state: E currentWindowPosition: 10 currentAminoAcid: S =&gt; 88
  input in matrix: state: E currentWindowPosition: 11 currentAminoAcid: S =&gt; 121
  input in matrix: state: E currentWindowPosition: 12 currentAminoAcid: S =&gt; 126
  input in matrix: state: E currentWindowPosition: 13 currentAminoAcid: S =&gt; 123
  input in matrix: state: E currentWindowPosition: 14 currentAminoAcid: S =&gt; 128
  input in matrix: state: E currentWindowPosition: 15 currentAminoAcid: S =&gt; 125
  input in matrix: state: E currentWindowPosition: 16 currentAminoAcid: S =&gt; 113
Process line: T	84	85	102	101	115	104	96	138	0	135	88	120	109	130	122	109	114
 data line!
  input in matrix: state: E currentWindowPosition: 0 currentAminoAcid: T =&gt; 84
  input in matrix: state: E currentWindowPosition: 1 currentAminoAcid: T =&gt; 85
  input in matrix: state: E currentWindowPosition: 2 currentAminoAcid: T =&gt; 102
  input in matrix: state: E currentWindowPosition: 3 currentAminoAcid: T =&gt; 101
  input in matrix: state: E currentWindowPosition: 4 currentAminoAcid: T =&gt; 115
  input in matrix: state: E currentWindowPosition: 5 currentAminoAcid: T =&gt; 104
  input in matrix: state: E currentWindowPosition: 6 currentAminoAcid: T =&gt; 96
  input in matrix: state: E currentWindowPosition: 7 currentAminoAcid: T =&gt; 138
  input in matrix: state: E currentWindowPosition: 8 currentAminoAcid: T =&gt; 0
  input in matrix: state: E currentWindowPosition: 9 currentAminoAcid: T =&gt; 135
  input in matrix: state: E currentWindowPosition: 10 currentAminoAcid: T =&gt; 88
  input in matrix: state: E currentWindowPosition: 11 currentAminoAcid: T =&gt; 120
  input in matrix: state: E currentWindowPosition: 12 currentAminoAcid: T =&gt; 109
  input in matrix: state: E currentWindowPosition: 13 currentAminoAcid: T =&gt; 130
  input in matrix: state: E currentWindowPosition: 14 currentAminoAcid: T =&gt; 122
  input in matrix: state: E currentWindowPosition: 15 currentAminoAcid: T =&gt; 109
  input in matrix: state: E currentWindowPosition: 16 currentAminoAcid: T =&gt; 114
Process line: V	110	97	93	102	93	129	182	179	0	175	176	112	103	101	107	100	120
 data line!
  input in matrix: state: E currentWindowPosition: 0 currentAminoAcid: V =&gt; 110
  input in matrix: state: E currentWindowPosition: 1 currentAminoAcid: V =&gt; 97
  input in matrix: state: E currentWindowPosition: 2 currentAminoAcid: V =&gt; 93
  input in matrix: state: E currentWindowPosition: 3 currentAminoAcid: V =&gt; 102
  input in matrix: state: E currentWindowPosition: 4 currentAminoAcid: V =&gt; 93
  input in matrix: state: E currentWindowPosition: 5 currentAminoAcid: V =&gt; 129
  input in matrix: state: E currentWindowPosition: 6 currentAminoAcid: V =&gt; 182
  input in matrix: state: E currentWindowPosition: 7 currentAminoAcid: V =&gt; 179
  input in matrix: state: E currentWindowPosition: 8 currentAminoAcid: V =&gt; 0
  input in matrix: state: E currentWindowPosition: 9 currentAminoAcid: V =&gt; 175
  input in matrix: state: E currentWindowPosition: 10 currentAminoAcid: V =&gt; 176
  input in matrix: state: E currentWindowPosition: 11 currentAminoAcid: V =&gt; 112
  input in matrix: state: E currentWindowPosition: 12 currentAminoAcid: V =&gt; 103
  input in matrix: state: E currentWindowPosition: 13 currentAminoAcid: V =&gt; 101
  input in matrix: state: E currentWindowPosition: 14 currentAminoAcid: V =&gt; 107
  input in matrix: state: E currentWindowPosition: 15 currentAminoAcid: V =&gt; 100
  input in matrix: state: E currentWindowPosition: 16 currentAminoAcid: V =&gt; 120
Process line: W	20	28	15	15	23	21	31	22	0	28	25	26	23	26	28	29	21
 data line!
  input in matrix: state: E currentWindowPosition: 0 currentAminoAcid: W =&gt; 20
  input in matrix: state: E currentWindowPosition: 1 currentAminoAcid: W =&gt; 28
  input in matrix: state: E currentWindowPosition: 2 currentAminoAcid: W =&gt; 15
  input in matrix: state: E currentWindowPosition: 3 currentAminoAcid: W =&gt; 15
  input in matrix: state: E currentWindowPosition: 4 currentAminoAcid: W =&gt; 23
  input in matrix: state: E currentWindowPosition: 5 currentAminoAcid: W =&gt; 21
  input in matrix: state: E currentWindowPosition: 6 currentAminoAcid: W =&gt; 31
  input in matrix: state: E currentWindowPosition: 7 currentAminoAcid: W =&gt; 22
  input in matrix: state: E currentWindowPosition: 8 currentAminoAcid: W =&gt; 0
  input in matrix: state: E currentWindowPosition: 9 currentAminoAcid: W =&gt; 28
  input in matrix: state: E currentWindowPosition: 10 currentAminoAcid: W =&gt; 25
  input in matrix: state: E currentWindowPosition: 11 currentAminoAcid: W =&gt; 26
  input in matrix: state: E currentWindowPosition: 12 currentAminoAcid: W =&gt; 23
  input in matrix: state: E currentWindowPosition: 13 currentAminoAcid: W =&gt; 26
  input in matrix: state: E currentWindowPosition: 14 currentAminoAcid: W =&gt; 28
  input in matrix: state: E currentWindowPosition: 15 currentAminoAcid: W =&gt; 29
  input in matrix: state: E currentWindowPosition: 16 currentAminoAcid: W =&gt; 21
Process line: Y	69	47	48	56	47	57	69	61	0	75	66	53	58	60	62	54	54
 data line!
  input in matrix: state: E currentWindowPosition: 0 currentAminoAcid: Y =&gt; 69
  input in matrix: state: E currentWindowPosition: 1 currentAminoAcid: Y =&gt; 47
  input in matrix: state: E currentWindowPosition: 2 currentAminoAcid: Y =&gt; 48
  input in matrix: state: E currentWindowPosition: 3 currentAminoAcid: Y =&gt; 56
  input in matrix: state: E currentWindowPosition: 4 currentAminoAcid: Y =&gt; 47
  input in matrix: state: E currentWindowPosition: 5 currentAminoAcid: Y =&gt; 57
  input in matrix: state: E currentWindowPosition: 6 currentAminoAcid: Y =&gt; 69
  input in matrix: state: E currentWindowPosition: 7 currentAminoAcid: Y =&gt; 61
  input in matrix: state: E currentWindowPosition: 8 currentAminoAcid: Y =&gt; 0
  input in matrix: state: E currentWindowPosition: 9 currentAminoAcid: Y =&gt; 75
  input in matrix: state: E currentWindowPosition: 10 currentAminoAcid: Y =&gt; 66
  input in matrix: state: E currentWindowPosition: 11 currentAminoAcid: Y =&gt; 53
  input in matrix: state: E currentWindowPosition: 12 currentAminoAcid: Y =&gt; 58
  input in matrix: state: E currentWindowPosition: 13 currentAminoAcid: Y =&gt; 60
  input in matrix: state: E currentWindowPosition: 14 currentAminoAcid: Y =&gt; 62
  input in matrix: state: E currentWindowPosition: 15 currentAminoAcid: Y =&gt; 54
  input in matrix: state: E currentWindowPosition: 16 currentAminoAcid: Y =&gt; 54
Process line: 
 Skip line!
Process line: 
 Skip line!
Process line: =L,H=
 state line! (now in state: H)
Process line: 
 Skip line!
Process line: A	265	248	288	316	297	337	327	367	0	369	337	333	284	295	310	272	268
 data line!
  input in matrix: state: H currentWindowPosition: 0 currentAminoAcid: A =&gt; 265
  input in matrix: state: H currentWindowPosition: 1 currentAminoAcid: A =&gt; 248
  input in matrix: state: H currentWindowPosition: 2 currentAminoAcid: A =&gt; 288
  input in matrix: state: H currentWindowPosition: 3 currentAminoAcid: A =&gt; 316
  input in matrix: state: H currentWindowPosition: 4 currentAminoAcid: A =&gt; 297
  input in matrix: state: H currentWindowPosition: 5 currentAminoAcid: A =&gt; 337
  input in matrix: state: H currentWindowPosition: 6 currentAminoAcid: A =&gt; 327
  input in matrix: state: H currentWindowPosition: 7 currentAminoAcid: A =&gt; 367
  input in matrix: state: H currentWindowPosition: 8 currentAminoAcid: A =&gt; 0
  input in matrix: state: H currentWindowPosition: 9 currentAminoAcid: A =&gt; 369
  input in matrix: state: H currentWindowPosition: 10 currentAminoAcid: A =&gt; 337
  input in matrix: state: H currentWindowPosition: 11 currentAminoAcid: A =&gt; 333
  input in matrix: state: H currentWindowPosition: 12 currentAminoAcid: A =&gt; 284
  input in matrix: state: H currentWindowPosition: 13 currentAminoAcid: A =&gt; 295
  input in matrix: state: H currentWindowPosition: 14 currentAminoAcid: A =&gt; 310
  input in matrix: state: H currentWindowPosition: 15 currentAminoAcid: A =&gt; 272
  input in matrix: state: H currentWindowPosition: 16 currentAminoAcid: A =&gt; 268
Process line: C	36	48	36	22	38	54	25	38	0	38	22	26	48	35	31	38	33
 data line!
  input in matrix: state: H currentWindowPosition: 0 currentAminoAcid: C =&gt; 36
  input in matrix: state: H currentWindowPosition: 1 currentAminoAcid: C =&gt; 48
  input in matrix: state: H currentWindowPosition: 2 currentAminoAcid: C =&gt; 36
  input in matrix: state: H currentWindowPosition: 3 currentAminoAcid: C =&gt; 22
  input in matrix: state: H currentWindowPosition: 4 currentAminoAcid: C =&gt; 38
  input in matrix: state: H currentWindowPosition: 5 currentAminoAcid: C =&gt; 54
  input in matrix: state: H currentWindowPosition: 6 currentAminoAcid: C =&gt; 25
  input in matrix: state: H currentWindowPosition: 7 currentAminoAcid: C =&gt; 38
  input in matrix: state: H currentWindowPosition: 8 currentAminoAcid: C =&gt; 0
  input in matrix: state: H currentWindowPosition: 9 currentAminoAcid: C =&gt; 38
  input in matrix: state: H currentWindowPosition: 10 currentAminoAcid: C =&gt; 22
  input in matrix: state: H currentWindowPosition: 11 currentAminoAcid: C =&gt; 26
  input in matrix: state: H currentWindowPosition: 12 currentAminoAcid: C =&gt; 48
  input in matrix: state: H currentWindowPosition: 13 currentAminoAcid: C =&gt; 35
  input in matrix: state: H currentWindowPosition: 14 currentAminoAcid: C =&gt; 31
  input in matrix: state: H currentWindowPosition: 15 currentAminoAcid: C =&gt; 38
  input in matrix: state: H currentWindowPosition: 16 currentAminoAcid: C =&gt; 33
Process line: D	202	185	206	232	151	157	217	182	0	164	192	122	141	173	200	156	146
 data line!
  input in matrix: state: H currentWindowPosition: 0 currentAminoAcid: D =&gt; 202
  input in matrix: state: H currentWindowPosition: 1 currentAminoAcid: D =&gt; 185
  input in matrix: state: H currentWindowPosition: 2 currentAminoAcid: D =&gt; 206
  input in matrix: state: H currentWindowPosition: 3 currentAminoAcid: D =&gt; 232
  input in matrix: state: H currentWindowPosition: 4 currentAminoAcid: D =&gt; 151
  input in matrix: state: H currentWindowPosition: 5 currentAminoAcid: D =&gt; 157
  input in matrix: state: H currentWindowPosition: 6 currentAminoAcid: D =&gt; 217
  input in matrix: state: H currentWindowPosition: 7 currentAminoAcid: D =&gt; 182
  input in matrix: state: H currentWindowPosition: 8 currentAminoAcid: D =&gt; 0
  input in matrix: state: H currentWindowPosition: 9 currentAminoAcid: D =&gt; 164
  input in matrix: state: H currentWindowPosition: 10 currentAminoAcid: D =&gt; 192
  input in matrix: state: H currentWindowPosition: 11 currentAminoAcid: D =&gt; 122
  input in matrix: state: H currentWindowPosition: 12 currentAminoAcid: D =&gt; 141
  input in matrix: state: H currentWindowPosition: 13 currentAminoAcid: D =&gt; 173
  input in matrix: state: H currentWindowPosition: 14 currentAminoAcid: D =&gt; 200
  input in matrix: state: H currentWindowPosition: 15 currentAminoAcid: D =&gt; 156
  input in matrix: state: H currentWindowPosition: 16 currentAminoAcid: D =&gt; 146
Process line: E	184	140	253	268	194	196	310	239	0	247	326	189	152	247	192	200	196
 data line!
  input in matrix: state: H currentWindowPosition: 0 currentAminoAcid: E =&gt; 184
  input in matrix: state: H currentWindowPosition: 1 currentAminoAcid: E =&gt; 140
  input in matrix: state: H currentWindowPosition: 2 currentAminoAcid: E =&gt; 253
  input in matrix: state: H currentWindowPosition: 3 currentAminoAcid: E =&gt; 268
  input in matrix: state: H currentWindowPosition: 4 currentAminoAcid: E =&gt; 194
  input in matrix: state: H currentWindowPosition: 5 currentAminoAcid: E =&gt; 196
  input in matrix: state: H currentWindowPosition: 6 currentAminoAcid: E =&gt; 310
  input in matrix: state: H currentWindowPosition: 7 currentAminoAcid: E =&gt; 239
  input in matrix: state: H currentWindowPosition: 8 currentAminoAcid: E =&gt; 0
  input in matrix: state: H currentWindowPosition: 9 currentAminoAcid: E =&gt; 247
  input in matrix: state: H currentWindowPosition: 10 currentAminoAcid: E =&gt; 326
  input in matrix: state: H currentWindowPosition: 11 currentAminoAcid: E =&gt; 189
  input in matrix: state: H currentWindowPosition: 12 currentAminoAcid: E =&gt; 152
  input in matrix: state: H currentWindowPosition: 13 currentAminoAcid: E =&gt; 247
  input in matrix: state: H currentWindowPosition: 14 currentAminoAcid: E =&gt; 192
  input in matrix: state: H currentWindowPosition: 15 currentAminoAcid: E =&gt; 200
  input in matrix: state: H currentWindowPosition: 16 currentAminoAcid: E =&gt; 196
Process line: F	130	121	85	84	130	107	67	110	0	85	73	112	116	104	91	102	118
 data line!
  input in matrix: state: H currentWindowPosition: 0 currentAminoAcid: F =&gt; 130
  input in matrix: state: H currentWindowPosition: 1 currentAminoAcid: F =&gt; 121
  input in matrix: state: H currentWindowPosition: 2 currentAminoAcid: F =&gt; 85
  input in matrix: state: H currentWindowPosition: 3 currentAminoAcid: F =&gt; 84
  input in matrix: state: H currentWindowPosition: 4 currentAminoAcid: F =&gt; 130
  input in matrix: state: H currentWindowPosition: 5 currentAminoAcid: F =&gt; 107
  input in matrix: state: H currentWindowPosition: 6 currentAminoAcid: F =&gt; 67
  input in matrix: state: H currentWindowPosition: 7 currentAminoAcid: F =&gt; 110
  input in matrix: state: H currentWindowPosition: 8 currentAminoAcid: F =&gt; 0
  input in matrix: state: H currentWindowPosition: 9 currentAminoAcid: F =&gt; 85
  input in matrix: state: H currentWindowPosition: 10 currentAminoAcid: F =&gt; 73
  input in matrix: state: H currentWindowPosition: 11 currentAminoAcid: F =&gt; 112
  input in matrix: state: H currentWindowPosition: 12 currentAminoAcid: F =&gt; 116
  input in matrix: state: H currentWindowPosition: 13 currentAminoAcid: F =&gt; 104
  input in matrix: state: H currentWindowPosition: 14 currentAminoAcid: F =&gt; 91
  input in matrix: state: H currentWindowPosition: 15 currentAminoAcid: F =&gt; 102
  input in matrix: state: H currentWindowPosition: 16 currentAminoAcid: F =&gt; 118
Process line: G	266	206	224	186	187	169	156	122	0	151	179	182	256	255	214	211	250
 data line!
  input in matrix: state: H currentWindowPosition: 0 currentAminoAcid: G =&gt; 266
  input in matrix: state: H currentWindowPosition: 1 currentAminoAcid: G =&gt; 206
  input in matrix: state: H currentWindowPosition: 2 currentAminoAcid: G =&gt; 224
  input in matrix: state: H currentWindowPosition: 3 currentAminoAcid: G =&gt; 186
  input in matrix: state: H currentWindowPosition: 4 currentAminoAcid: G =&gt; 187
  input in matrix: state: H currentWindowPosition: 5 currentAminoAcid: G =&gt; 169
  input in matrix: state: H currentWindowPosition: 6 currentAminoAcid: G =&gt; 156
  input in matrix: state: H currentWindowPosition: 7 currentAminoAcid: G =&gt; 122
  input in matrix: state: H currentWindowPosition: 8 currentAminoAcid: G =&gt; 0
  input in matrix: state: H currentWindowPosition: 9 currentAminoAcid: G =&gt; 151
  input in matrix: state: H currentWindowPosition: 10 currentAminoAcid: G =&gt; 179
  input in matrix: state: H currentWindowPosition: 11 currentAminoAcid: G =&gt; 182
  input in matrix: state: H currentWindowPosition: 12 currentAminoAcid: G =&gt; 256
  input in matrix: state: H currentWindowPosition: 13 currentAminoAcid: G =&gt; 255
  input in matrix: state: H currentWindowPosition: 14 currentAminoAcid: G =&gt; 214
  input in matrix: state: H currentWindowPosition: 15 currentAminoAcid: G =&gt; 211
  input in matrix: state: H currentWindowPosition: 16 currentAminoAcid: G =&gt; 250
Process line: H	64	63	65	64	69	57	62	70	0	49	67	75	69	59	76	77	79
 data line!
  input in matrix: state: H currentWindowPosition: 0 currentAminoAcid: H =&gt; 64
  input in matrix: state: H currentWindowPosition: 1 currentAminoAcid: H =&gt; 63
  input in matrix: state: H currentWindowPosition: 2 currentAminoAcid: H =&gt; 65
  input in matrix: state: H currentWindowPosition: 3 currentAminoAcid: H =&gt; 64
  input in matrix: state: H currentWindowPosition: 4 currentAminoAcid: H =&gt; 69
  input in matrix: state: H currentWindowPosition: 5 currentAminoAcid: H =&gt; 57
  input in matrix: state: H currentWindowPosition: 6 currentAminoAcid: H =&gt; 62
  input in matrix: state: H currentWindowPosition: 7 currentAminoAcid: H =&gt; 70
  input in matrix: state: H currentWindowPosition: 8 currentAminoAcid: H =&gt; 0
  input in matrix: state: H currentWindowPosition: 9 currentAminoAcid: H =&gt; 49
  input in matrix: state: H currentWindowPosition: 10 currentAminoAcid: H =&gt; 67
  input in matrix: state: H currentWindowPosition: 11 currentAminoAcid: H =&gt; 75
  input in matrix: state: H currentWindowPosition: 12 currentAminoAcid: H =&gt; 69
  input in matrix: state: H currentWindowPosition: 13 currentAminoAcid: H =&gt; 59
  input in matrix: state: H currentWindowPosition: 14 currentAminoAcid: H =&gt; 76
  input in matrix: state: H currentWindowPosition: 15 currentAminoAcid: H =&gt; 77
  input in matrix: state: H currentWindowPosition: 16 currentAminoAcid: H =&gt; 79
Process line: I	156	171	129	138	165	176	112	124	0	144	92	169	172	165	151	183	151
 data line!
  input in matrix: state: H currentWindowPosition: 0 currentAminoAcid: I =&gt; 156
  input in matrix: state: H currentWindowPosition: 1 currentAminoAcid: I =&gt; 171
  input in matrix: state: H currentWindowPosition: 2 currentAminoAcid: I =&gt; 129
  input in matrix: state: H currentWindowPosition: 3 currentAminoAcid: I =&gt; 138
  input in matrix: state: H currentWindowPosition: 4 currentAminoAcid: I =&gt; 165
  input in matrix: state: H currentWindowPosition: 5 currentAminoAcid: I =&gt; 176
  input in matrix: state: H currentWindowPosition: 6 currentAminoAcid: I =&gt; 112
  input in matrix: state: H currentWindowPosition: 7 currentAminoAcid: I =&gt; 124
  input in matrix: state: H currentWindowPosition: 8 currentAminoAcid: I =&gt; 0
  input in matrix: state: H currentWindowPosition: 9 currentAminoAcid: I =&gt; 144
  input in matrix: state: H currentWindowPosition: 10 currentAminoAcid: I =&gt; 92
  input in matrix: state: H currentWindowPosition: 11 currentAminoAcid: I =&gt; 169
  input in matrix: state: H currentWindowPosition: 12 currentAminoAcid: I =&gt; 172
  input in matrix: state: H currentWindowPosition: 13 currentAminoAcid: I =&gt; 165
  input in matrix: state: H currentWindowPosition: 14 currentAminoAcid: I =&gt; 151
  input in matrix: state: H currentWindowPosition: 15 currentAminoAcid: I =&gt; 183
  input in matrix: state: H currentWindowPosition: 16 currentAminoAcid: I =&gt; 151
Process line: K	138	134	173	171	145	163	238	180	0	240	238	191	175	226	208	163	178
 data line!
  input in matrix: state: H currentWindowPosition: 0 currentAminoAcid: K =&gt; 138
  input in matrix: state: H currentWindowPosition: 1 currentAminoAcid: K =&gt; 134
  input in matrix: state: H currentWindowPosition: 2 currentAminoAcid: K =&gt; 173
  input in matrix: state: H currentWindowPosition: 3 currentAminoAcid: K =&gt; 171
  input in matrix: state: H currentWindowPosition: 4 currentAminoAcid: K =&gt; 145
  input in matrix: state: H currentWindowPosition: 5 currentAminoAcid: K =&gt; 163
  input in matrix: state: H currentWindowPosition: 6 currentAminoAcid: K =&gt; 238
  input in matrix: state: H currentWindowPosition: 7 currentAminoAcid: K =&gt; 180
  input in matrix: state: H currentWindowPosition: 8 currentAminoAcid: K =&gt; 0
  input in matrix: state: H currentWindowPosition: 9 currentAminoAcid: K =&gt; 240
  input in matrix: state: H currentWindowPosition: 10 currentAminoAcid: K =&gt; 238
  input in matrix: state: H currentWindowPosition: 11 currentAminoAcid: K =&gt; 191
  input in matrix: state: H currentWindowPosition: 12 currentAminoAcid: K =&gt; 175
  input in matrix: state: H currentWindowPosition: 13 currentAminoAcid: K =&gt; 226
  input in matrix: state: H currentWindowPosition: 14 currentAminoAcid: K =&gt; 208
  input in matrix: state: H currentWindowPosition: 15 currentAminoAcid: K =&gt; 163
  input in matrix: state: H currentWindowPosition: 16 currentAminoAcid: K =&gt; 178
Process line: L	266	305	249	264	354	335	221	294	2992	305	230	387	401	252	286	341	293
 data line!
  input in matrix: state: H currentWindowPosition: 0 currentAminoAcid: L =&gt; 266
  input in matrix: state: H currentWindowPosition: 1 currentAminoAcid: L =&gt; 305
  input in matrix: state: H currentWindowPosition: 2 currentAminoAcid: L =&gt; 249
  input in matrix: state: H currentWindowPosition: 3 currentAminoAcid: L =&gt; 264
  input in matrix: state: H currentWindowPosition: 4 currentAminoAcid: L =&gt; 354
  input in matrix: state: H currentWindowPosition: 5 currentAminoAcid: L =&gt; 335
  input in matrix: state: H currentWindowPosition: 6 currentAminoAcid: L =&gt; 221
  input in matrix: state: H currentWindowPosition: 7 currentAminoAcid: L =&gt; 294
  input in matrix: state: H currentWindowPosition: 8 currentAminoAcid: L =&gt; 2992
  input in matrix: state: H currentWindowPosition: 9 currentAminoAcid: L =&gt; 305
  input in matrix: state: H currentWindowPosition: 10 currentAminoAcid: L =&gt; 230
  input in matrix: state: H currentWindowPosition: 11 currentAminoAcid: L =&gt; 387
  input in matrix: state: H currentWindowPosition: 12 currentAminoAcid: L =&gt; 401
  input in matrix: state: H currentWindowPosition: 13 currentAminoAcid: L =&gt; 252
  input in matrix: state: H currentWindowPosition: 14 currentAminoAcid: L =&gt; 286
  input in matrix: state: H currentWindowPosition: 15 currentAminoAcid: L =&gt; 341
  input in matrix: state: H currentWindowPosition: 16 currentAminoAcid: L =&gt; 293
Process line: M	75	91	59	63	84	83	50	81	0	75	58	96	83	63	51	58	53
 data line!
  input in matrix: state: H currentWindowPosition: 0 currentAminoAcid: M =&gt; 75
  input in matrix: state: H currentWindowPosition: 1 currentAminoAcid: M =&gt; 91
  input in matrix: state: H currentWindowPosition: 2 currentAminoAcid: M =&gt; 59
  input in matrix: state: H currentWindowPosition: 3 currentAminoAcid: M =&gt; 63
  input in matrix: state: H currentWindowPosition: 4 currentAminoAcid: M =&gt; 84
  input in matrix: state: H currentWindowPosition: 5 currentAminoAcid: M =&gt; 83
  input in matrix: state: H currentWindowPosition: 6 currentAminoAcid: M =&gt; 50
  input in matrix: state: H currentWindowPosition: 7 currentAminoAcid: M =&gt; 81
  input in matrix: state: H currentWindowPosition: 8 currentAminoAcid: M =&gt; 0
  input in matrix: state: H currentWindowPosition: 9 currentAminoAcid: M =&gt; 75
  input in matrix: state: H currentWindowPosition: 10 currentAminoAcid: M =&gt; 58
  input in matrix: state: H currentWindowPosition: 11 currentAminoAcid: M =&gt; 96
  input in matrix: state: H currentWindowPosition: 12 currentAminoAcid: M =&gt; 83
  input in matrix: state: H currentWindowPosition: 13 currentAminoAcid: M =&gt; 63
  input in matrix: state: H currentWindowPosition: 14 currentAminoAcid: M =&gt; 51
  input in matrix: state: H currentWindowPosition: 15 currentAminoAcid: M =&gt; 58
  input in matrix: state: H currentWindowPosition: 16 currentAminoAcid: M =&gt; 53
Process line: N	148	161	150	138	135	118	137	124	0	135	181	108	120	140	127	130	143
 data line!
  input in matrix: state: H currentWindowPosition: 0 currentAminoAcid: N =&gt; 148
  input in matrix: state: H currentWindowPosition: 1 currentAminoAcid: N =&gt; 161
  input in matrix: state: H currentWindowPosition: 2 currentAminoAcid: N =&gt; 150
  input in matrix: state: H currentWindowPosition: 3 currentAminoAcid: N =&gt; 138
  input in matrix: state: H currentWindowPosition: 4 currentAminoAcid: N =&gt; 135
  input in matrix: state: H currentWindowPosition: 5 currentAminoAcid: N =&gt; 118
  input in matrix: state: H currentWindowPosition: 6 currentAminoAcid: N =&gt; 137
  input in matrix: state: H currentWindowPosition: 7 currentAminoAcid: N =&gt; 124
  input in matrix: state: H currentWindowPosition: 8 currentAminoAcid: N =&gt; 0
  input in matrix: state: H currentWindowPosition: 9 currentAminoAcid: N =&gt; 135
  input in matrix: state: H currentWindowPosition: 10 currentAminoAcid: N =&gt; 181
  input in matrix: state: H currentWindowPosition: 11 currentAminoAcid: N =&gt; 108
  input in matrix: state: H currentWindowPosition: 12 currentAminoAcid: N =&gt; 120
  input in matrix: state: H currentWindowPosition: 13 currentAminoAcid: N =&gt; 140
  input in matrix: state: H currentWindowPosition: 14 currentAminoAcid: N =&gt; 127
  input in matrix: state: H currentWindowPosition: 15 currentAminoAcid: N =&gt; 130
  input in matrix: state: H currentWindowPosition: 16 currentAminoAcid: N =&gt; 143
Process line: P	115	138	142	131	104	104	118	71	0	45	67	72	107	121	120	140	149
 data line!
  input in matrix: state: H currentWindowPosition: 0 currentAminoAcid: P =&gt; 115
  input in matrix: state: H currentWindowPosition: 1 currentAminoAcid: P =&gt; 138
  input in matrix: state: H currentWindowPosition: 2 currentAminoAcid: P =&gt; 142
  input in matrix: state: H currentWindowPosition: 3 currentAminoAcid: P =&gt; 131
  input in matrix: state: H currentWindowPosition: 4 currentAminoAcid: P =&gt; 104
  input in matrix: state: H currentWindowPosition: 5 currentAminoAcid: P =&gt; 104
  input in matrix: state: H currentWindowPosition: 6 currentAminoAcid: P =&gt; 118
  input in matrix: state: H currentWindowPosition: 7 currentAminoAcid: P =&gt; 71
  input in matrix: state: H currentWindowPosition: 8 currentAminoAcid: P =&gt; 0
  input in matrix: state: H currentWindowPosition: 9 currentAminoAcid: P =&gt; 45
  input in matrix: state: H currentWindowPosition: 10 currentAminoAcid: P =&gt; 67
  input in matrix: state: H currentWindowPosition: 11 currentAminoAcid: P =&gt; 72
  input in matrix: state: H currentWindowPosition: 12 currentAminoAcid: P =&gt; 107
  input in matrix: state: H currentWindowPosition: 13 currentAminoAcid: P =&gt; 121
  input in matrix: state: H currentWindowPosition: 14 currentAminoAcid: P =&gt; 120
  input in matrix: state: H currentWindowPosition: 15 currentAminoAcid: P =&gt; 140
  input in matrix: state: H currentWindowPosition: 16 currentAminoAcid: P =&gt; 149
Process line: Q	148	108	138	149	97	161	179	149	0	153	184	142	113	137	141	107	115
 data line!
  input in matrix: state: H currentWindowPosition: 0 currentAminoAcid: Q =&gt; 148
  input in matrix: state: H currentWindowPosition: 1 currentAminoAcid: Q =&gt; 108
  input in matrix: state: H currentWindowPosition: 2 currentAminoAcid: Q =&gt; 138
  input in matrix: state: H currentWindowPosition: 3 currentAminoAcid: Q =&gt; 149
  input in matrix: state: H currentWindowPosition: 4 currentAminoAcid: Q =&gt; 97
  input in matrix: state: H currentWindowPosition: 5 currentAminoAcid: Q =&gt; 161
  input in matrix: state: H currentWindowPosition: 6 currentAminoAcid: Q =&gt; 179
  input in matrix: state: H currentWindowPosition: 7 currentAminoAcid: Q =&gt; 149
  input in matrix: state: H currentWindowPosition: 8 currentAminoAcid: Q =&gt; 0
  input in matrix: state: H currentWindowPosition: 9 currentAminoAcid: Q =&gt; 153
  input in matrix: state: H currentWindowPosition: 10 currentAminoAcid: Q =&gt; 184
  input in matrix: state: H currentWindowPosition: 11 currentAminoAcid: Q =&gt; 142
  input in matrix: state: H currentWindowPosition: 12 currentAminoAcid: Q =&gt; 113
  input in matrix: state: H currentWindowPosition: 13 currentAminoAcid: Q =&gt; 137
  input in matrix: state: H currentWindowPosition: 14 currentAminoAcid: Q =&gt; 141
  input in matrix: state: H currentWindowPosition: 15 currentAminoAcid: Q =&gt; 107
  input in matrix: state: H currentWindowPosition: 16 currentAminoAcid: Q =&gt; 115
Process line: R	121	144	161	154	124	143	202	156	0	212	192	147	167	149	157	143	156
 data line!
  input in matrix: state: H currentWindowPosition: 0 currentAminoAcid: R =&gt; 121
  input in matrix: state: H currentWindowPosition: 1 currentAminoAcid: R =&gt; 144
  input in matrix: state: H currentWindowPosition: 2 currentAminoAcid: R =&gt; 161
  input in matrix: state: H currentWindowPosition: 3 currentAminoAcid: R =&gt; 154
  input in matrix: state: H currentWindowPosition: 4 currentAminoAcid: R =&gt; 124
  input in matrix: state: H currentWindowPosition: 5 currentAminoAcid: R =&gt; 143
  input in matrix: state: H currentWindowPosition: 6 currentAminoAcid: R =&gt; 202
  input in matrix: state: H currentWindowPosition: 7 currentAminoAcid: R =&gt; 156
  input in matrix: state: H currentWindowPosition: 8 currentAminoAcid: R =&gt; 0
  input in matrix: state: H currentWindowPosition: 9 currentAminoAcid: R =&gt; 212
  input in matrix: state: H currentWindowPosition: 10 currentAminoAcid: R =&gt; 192
  input in matrix: state: H currentWindowPosition: 11 currentAminoAcid: R =&gt; 147
  input in matrix: state: H currentWindowPosition: 12 currentAminoAcid: R =&gt; 167
  input in matrix: state: H currentWindowPosition: 13 currentAminoAcid: R =&gt; 149
  input in matrix: state: H currentWindowPosition: 14 currentAminoAcid: R =&gt; 157
  input in matrix: state: H currentWindowPosition: 15 currentAminoAcid: R =&gt; 143
  input in matrix: state: H currentWindowPosition: 16 currentAminoAcid: R =&gt; 156
Process line: S	199	198	178	162	172	143	178	183	0	164	199	144	127	153	160	142	166
 data line!
  input in matrix: state: H currentWindowPosition: 0 currentAminoAcid: S =&gt; 199
  input in matrix: state: H currentWindowPosition: 1 currentAminoAcid: S =&gt; 198
  input in matrix: state: H currentWindowPosition: 2 currentAminoAcid: S =&gt; 178
  input in matrix: state: H currentWindowPosition: 3 currentAminoAcid: S =&gt; 162
  input in matrix: state: H currentWindowPosition: 4 currentAminoAcid: S =&gt; 172
  input in matrix: state: H currentWindowPosition: 5 currentAminoAcid: S =&gt; 143
  input in matrix: state: H currentWindowPosition: 6 currentAminoAcid: S =&gt; 178
  input in matrix: state: H currentWindowPosition: 7 currentAminoAcid: S =&gt; 183
  input in matrix: state: H currentWindowPosition: 8 currentAminoAcid: S =&gt; 0
  input in matrix: state: H currentWindowPosition: 9 currentAminoAcid: S =&gt; 164
  input in matrix: state: H currentWindowPosition: 10 currentAminoAcid: S =&gt; 199
  input in matrix: state: H currentWindowPosition: 11 currentAminoAcid: S =&gt; 144
  input in matrix: state: H currentWindowPosition: 12 currentAminoAcid: S =&gt; 127
  input in matrix: state: H currentWindowPosition: 13 currentAminoAcid: S =&gt; 153
  input in matrix: state: H currentWindowPosition: 14 currentAminoAcid: S =&gt; 160
  input in matrix: state: H currentWindowPosition: 15 currentAminoAcid: S =&gt; 142
  input in matrix: state: H currentWindowPosition: 16 currentAminoAcid: S =&gt; 166
Process line: T	166	184	167	180	175	135	153	179	0	117	141	139	130	130	166	173	139
 data line!
  input in matrix: state: H currentWindowPosition: 0 currentAminoAcid: T =&gt; 166
  input in matrix: state: H currentWindowPosition: 1 currentAminoAcid: T =&gt; 184
  input in matrix: state: H currentWindowPosition: 2 currentAminoAcid: T =&gt; 167
  input in matrix: state: H currentWindowPosition: 3 currentAminoAcid: T =&gt; 180
  input in matrix: state: H currentWindowPosition: 4 currentAminoAcid: T =&gt; 175
  input in matrix: state: H currentWindowPosition: 5 currentAminoAcid: T =&gt; 135
  input in matrix: state: H currentWindowPosition: 6 currentAminoAcid: T =&gt; 153
  input in matrix: state: H currentWindowPosition: 7 currentAminoAcid: T =&gt; 179
  input in matrix: state: H currentWindowPosition: 8 currentAminoAcid: T =&gt; 0
  input in matrix: state: H currentWindowPosition: 9 currentAminoAcid: T =&gt; 117
  input in matrix: state: H currentWindowPosition: 10 currentAminoAcid: T =&gt; 141
  input in matrix: state: H currentWindowPosition: 11 currentAminoAcid: T =&gt; 139
  input in matrix: state: H currentWindowPosition: 12 currentAminoAcid: T =&gt; 130
  input in matrix: state: H currentWindowPosition: 13 currentAminoAcid: T =&gt; 130
  input in matrix: state: H currentWindowPosition: 14 currentAminoAcid: T =&gt; 166
  input in matrix: state: H currentWindowPosition: 15 currentAminoAcid: T =&gt; 173
  input in matrix: state: H currentWindowPosition: 16 currentAminoAcid: T =&gt; 139
Process line: V	180	196	166	147	212	201	133	157	0	154	111	196	173	163	171	203	207
 data line!
  input in matrix: state: H currentWindowPosition: 0 currentAminoAcid: V =&gt; 180
  input in matrix: state: H currentWindowPosition: 1 currentAminoAcid: V =&gt; 196
  input in matrix: state: H currentWindowPosition: 2 currentAminoAcid: V =&gt; 166
  input in matrix: state: H currentWindowPosition: 3 currentAminoAcid: V =&gt; 147
  input in matrix: state: H currentWindowPosition: 4 currentAminoAcid: V =&gt; 212
  input in matrix: state: H currentWindowPosition: 5 currentAminoAcid: V =&gt; 201
  input in matrix: state: H currentWindowPosition: 6 currentAminoAcid: V =&gt; 133
  input in matrix: state: H currentWindowPosition: 7 currentAminoAcid: V =&gt; 157
  input in matrix: state: H currentWindowPosition: 8 currentAminoAcid: V =&gt; 0
  input in matrix: state: H currentWindowPosition: 9 currentAminoAcid: V =&gt; 154
  input in matrix: state: H currentWindowPosition: 10 currentAminoAcid: V =&gt; 111
  input in matrix: state: H currentWindowPosition: 11 currentAminoAcid: V =&gt; 196
  input in matrix: state: H currentWindowPosition: 12 currentAminoAcid: V =&gt; 173
  input in matrix: state: H currentWindowPosition: 13 currentAminoAcid: V =&gt; 163
  input in matrix: state: H currentWindowPosition: 14 currentAminoAcid: V =&gt; 171
  input in matrix: state: H currentWindowPosition: 15 currentAminoAcid: V =&gt; 203
  input in matrix: state: H currentWindowPosition: 16 currentAminoAcid: V =&gt; 207
Process line: W	35	36	36	38	45	45	29	49	0	36	27	38	40	38	24	37	40
 data line!
  input in matrix: state: H currentWindowPosition: 0 currentAminoAcid: W =&gt; 35
  input in matrix: state: H currentWindowPosition: 1 currentAminoAcid: W =&gt; 36
  input in matrix: state: H currentWindowPosition: 2 currentAminoAcid: W =&gt; 36
  input in matrix: state: H currentWindowPosition: 3 currentAminoAcid: W =&gt; 38
  input in matrix: state: H currentWindowPosition: 4 currentAminoAcid: W =&gt; 45
  input in matrix: state: H currentWindowPosition: 5 currentAminoAcid: W =&gt; 45
  input in matrix: state: H currentWindowPosition: 6 currentAminoAcid: W =&gt; 29
  input in matrix: state: H currentWindowPosition: 7 currentAminoAcid: W =&gt; 49
  input in matrix: state: H currentWindowPosition: 8 currentAminoAcid: W =&gt; 0
  input in matrix: state: H currentWindowPosition: 9 currentAminoAcid: W =&gt; 36
  input in matrix: state: H currentWindowPosition: 10 currentAminoAcid: W =&gt; 27
  input in matrix: state: H currentWindowPosition: 11 currentAminoAcid: W =&gt; 38
  input in matrix: state: H currentWindowPosition: 12 currentAminoAcid: W =&gt; 40
  input in matrix: state: H currentWindowPosition: 13 currentAminoAcid: W =&gt; 38
  input in matrix: state: H currentWindowPosition: 14 currentAminoAcid: W =&gt; 24
  input in matrix: state: H currentWindowPosition: 15 currentAminoAcid: W =&gt; 37
  input in matrix: state: H currentWindowPosition: 16 currentAminoAcid: W =&gt; 40
Process line: Y	98	115	86	85	113	106	78	116	0	109	76	124	117	87	115	116	112
 data line!
  input in matrix: state: H currentWindowPosition: 0 currentAminoAcid: Y =&gt; 98
  input in matrix: state: H currentWindowPosition: 1 currentAminoAcid: Y =&gt; 115
  input in matrix: state: H currentWindowPosition: 2 currentAminoAcid: Y =&gt; 86
  input in matrix: state: H currentWindowPosition: 3 currentAminoAcid: Y =&gt; 85
  input in matrix: state: H currentWindowPosition: 4 currentAminoAcid: Y =&gt; 113
  input in matrix: state: H currentWindowPosition: 5 currentAminoAcid: Y =&gt; 106
  input in matrix: state: H currentWindowPosition: 6 currentAminoAcid: Y =&gt; 78
  input in matrix: state: H currentWindowPosition: 7 currentAminoAcid: Y =&gt; 116
  input in matrix: state: H currentWindowPosition: 8 currentAminoAcid: Y =&gt; 0
  input in matrix: state: H currentWindowPosition: 9 currentAminoAcid: Y =&gt; 109
  input in matrix: state: H currentWindowPosition: 10 currentAminoAcid: Y =&gt; 76
  input in matrix: state: H currentWindowPosition: 11 currentAminoAcid: Y =&gt; 124
  input in matrix: state: H currentWindowPosition: 12 currentAminoAcid: Y =&gt; 117
  input in matrix: state: H currentWindowPosition: 13 currentAminoAcid: Y =&gt; 87
  input in matrix: state: H currentWindowPosition: 14 currentAminoAcid: Y =&gt; 115
  input in matrix: state: H currentWindowPosition: 15 currentAminoAcid: Y =&gt; 116
  input in matrix: state: H currentWindowPosition: 16 currentAminoAcid: Y =&gt; 112
Process line: 
 Skip line!
Process line: 
 Skip line!
Process line: =M,C=
 state line! (now in state: C)
Process line: 
 Skip line!
Process line: A	28	30	35	33	25	39	36	36	0	20	26	35	31	33	31	39	27
 data line!
  input in matrix: state: C currentWindowPosition: 0 currentAminoAcid: A =&gt; 28
  input in matrix: state: C currentWindowPosition: 1 currentAminoAcid: A =&gt; 30
  input in matrix: state: C currentWindowPosition: 2 currentAminoAcid: A =&gt; 35
  input in matrix: state: C currentWindowPosition: 3 currentAminoAcid: A =&gt; 33
  input in matrix: state: C currentWindowPosition: 4 currentAminoAcid: A =&gt; 25
  input in matrix: state: C currentWindowPosition: 5 currentAminoAcid: A =&gt; 39
  input in matrix: state: C currentWindowPosition: 6 currentAminoAcid: A =&gt; 36
  input in matrix: state: C currentWindowPosition: 7 currentAminoAcid: A =&gt; 36
  input in matrix: state: C currentWindowPosition: 8 currentAminoAcid: A =&gt; 0
  input in matrix: state: C currentWindowPosition: 9 currentAminoAcid: A =&gt; 20
  input in matrix: state: C currentWindowPosition: 10 currentAminoAcid: A =&gt; 26
  input in matrix: state: C currentWindowPosition: 11 currentAminoAcid: A =&gt; 35
  input in matrix: state: C currentWindowPosition: 12 currentAminoAcid: A =&gt; 31
  input in matrix: state: C currentWindowPosition: 13 currentAminoAcid: A =&gt; 33
  input in matrix: state: C currentWindowPosition: 14 currentAminoAcid: A =&gt; 31
  input in matrix: state: C currentWindowPosition: 15 currentAminoAcid: A =&gt; 39
  input in matrix: state: C currentWindowPosition: 16 currentAminoAcid: A =&gt; 27
Process line: C	14	10	6	7	9	5	7	8	0	4	3	8	4	10	5	4	3
 data line!
  input in matrix: state: C currentWindowPosition: 0 currentAminoAcid: C =&gt; 14
  input in matrix: state: C currentWindowPosition: 1 currentAminoAcid: C =&gt; 10
  input in matrix: state: C currentWindowPosition: 2 currentAminoAcid: C =&gt; 6
  input in matrix: state: C currentWindowPosition: 3 currentAminoAcid: C =&gt; 7
  input in matrix: state: C currentWindowPosition: 4 currentAminoAcid: C =&gt; 9
  input in matrix: state: C currentWindowPosition: 5 currentAminoAcid: C =&gt; 5
  input in matrix: state: C currentWindowPosition: 6 currentAminoAcid: C =&gt; 7
  input in matrix: state: C currentWindowPosition: 7 currentAminoAcid: C =&gt; 8
  input in matrix: state: C currentWindowPosition: 8 currentAminoAcid: C =&gt; 0
  input in matrix: state: C currentWindowPosition: 9 currentAminoAcid: C =&gt; 4
  input in matrix: state: C currentWindowPosition: 10 currentAminoAcid: C =&gt; 3
  input in matrix: state: C currentWindowPosition: 11 currentAminoAcid: C =&gt; 8
  input in matrix: state: C currentWindowPosition: 12 currentAminoAcid: C =&gt; 4
  input in matrix: state: C currentWindowPosition: 13 currentAminoAcid: C =&gt; 10
  input in matrix: state: C currentWindowPosition: 14 currentAminoAcid: C =&gt; 5
  input in matrix: state: C currentWindowPosition: 15 currentAminoAcid: C =&gt; 4
  input in matrix: state: C currentWindowPosition: 16 currentAminoAcid: C =&gt; 3
Process line: D	29	13	24	30	17	29	31	26	0	39	39	30	32	27	29	27	37
 data line!
  input in matrix: state: C currentWindowPosition: 0 currentAminoAcid: D =&gt; 29
  input in matrix: state: C currentWindowPosition: 1 currentAminoAcid: D =&gt; 13
  input in matrix: state: C currentWindowPosition: 2 currentAminoAcid: D =&gt; 24
  input in matrix: state: C currentWindowPosition: 3 currentAminoAcid: D =&gt; 30
  input in matrix: state: C currentWindowPosition: 4 currentAminoAcid: D =&gt; 17
  input in matrix: state: C currentWindowPosition: 5 currentAminoAcid: D =&gt; 29
  input in matrix: state: C currentWindowPosition: 6 currentAminoAcid: D =&gt; 31
  input in matrix: state: C currentWindowPosition: 7 currentAminoAcid: D =&gt; 26
  input in matrix: state: C currentWindowPosition: 8 currentAminoAcid: D =&gt; 0
  input in matrix: state: C currentWindowPosition: 9 currentAminoAcid: D =&gt; 39
  input in matrix: state: C currentWindowPosition: 10 currentAminoAcid: D =&gt; 39
  input in matrix: state: C currentWindowPosition: 11 currentAminoAcid: D =&gt; 30
  input in matrix: state: C currentWindowPosition: 12 currentAminoAcid: D =&gt; 32
  input in matrix: state: C currentWindowPosition: 13 currentAminoAcid: D =&gt; 27
  input in matrix: state: C currentWindowPosition: 14 currentAminoAcid: D =&gt; 29
  input in matrix: state: C currentWindowPosition: 15 currentAminoAcid: D =&gt; 27
  input in matrix: state: C currentWindowPosition: 16 currentAminoAcid: D =&gt; 37
Process line: E	23	25	29	27	30	22	31	33	0	16	20	29	36	26	28	25	26
 data line!
  input in matrix: state: C currentWindowPosition: 0 currentAminoAcid: E =&gt; 23
  input in matrix: state: C currentWindowPosition: 1 currentAminoAcid: E =&gt; 25
  input in matrix: state: C currentWindowPosition: 2 currentAminoAcid: E =&gt; 29
  input in matrix: state: C currentWindowPosition: 3 currentAminoAcid: E =&gt; 27
  input in matrix: state: C currentWindowPosition: 4 currentAminoAcid: E =&gt; 30
  input in matrix: state: C currentWindowPosition: 5 currentAminoAcid: E =&gt; 22
  input in matrix: state: C currentWindowPosition: 6 currentAminoAcid: E =&gt; 31
  input in matrix: state: C currentWindowPosition: 7 currentAminoAcid: E =&gt; 33
  input in matrix: state: C currentWindowPosition: 8 currentAminoAcid: E =&gt; 0
  input in matrix: state: C currentWindowPosition: 9 currentAminoAcid: E =&gt; 16
  input in matrix: state: C currentWindowPosition: 10 currentAminoAcid: E =&gt; 20
  input in matrix: state: C currentWindowPosition: 11 currentAminoAcid: E =&gt; 29
  input in matrix: state: C currentWindowPosition: 12 currentAminoAcid: E =&gt; 36
  input in matrix: state: C currentWindowPosition: 13 currentAminoAcid: E =&gt; 26
  input in matrix: state: C currentWindowPosition: 14 currentAminoAcid: E =&gt; 28
  input in matrix: state: C currentWindowPosition: 15 currentAminoAcid: E =&gt; 25
  input in matrix: state: C currentWindowPosition: 16 currentAminoAcid: E =&gt; 26
Process line: F	20	21	18	19	18	21	18	16	0	9	19	21	17	24	20	22	21
 data line!
  input in matrix: state: C currentWindowPosition: 0 currentAminoAcid: F =&gt; 20
  input in matrix: state: C currentWindowPosition: 1 currentAminoAcid: F =&gt; 21
  input in matrix: state: C currentWindowPosition: 2 currentAminoAcid: F =&gt; 18
  input in matrix: state: C currentWindowPosition: 3 currentAminoAcid: F =&gt; 19
  input in matrix: state: C currentWindowPosition: 4 currentAminoAcid: F =&gt; 18
  input in matrix: state: C currentWindowPosition: 5 currentAminoAcid: F =&gt; 21
  input in matrix: state: C currentWindowPosition: 6 currentAminoAcid: F =&gt; 18
  input in matrix: state: C currentWindowPosition: 7 currentAminoAcid: F =&gt; 16
  input in matrix: state: C currentWindowPosition: 8 currentAminoAcid: F =&gt; 0
  input in matrix: state: C currentWindowPosition: 9 currentAminoAcid: F =&gt; 9
  input in matrix: state: C currentWindowPosition: 10 currentAminoAcid: F =&gt; 19
  input in matrix: state: C currentWindowPosition: 11 currentAminoAcid: F =&gt; 21
  input in matrix: state: C currentWindowPosition: 12 currentAminoAcid: F =&gt; 17
  input in matrix: state: C currentWindowPosition: 13 currentAminoAcid: F =&gt; 24
  input in matrix: state: C currentWindowPosition: 14 currentAminoAcid: F =&gt; 20
  input in matrix: state: C currentWindowPosition: 15 currentAminoAcid: F =&gt; 22
  input in matrix: state: C currentWindowPosition: 16 currentAminoAcid: F =&gt; 21
Process line: G	35	32	36	33	40	41	35	71	0	65	56	39	37	35	21	27	36
 data line!
  input in matrix: state: C currentWindowPosition: 0 currentAminoAcid: G =&gt; 35
  input in matrix: state: C currentWindowPosition: 1 currentAminoAcid: G =&gt; 32
  input in matrix: state: C currentWindowPosition: 2 currentAminoAcid: G =&gt; 36
  input in matrix: state: C currentWindowPosition: 3 currentAminoAcid: G =&gt; 33
  input in matrix: state: C currentWindowPosition: 4 currentAminoAcid: G =&gt; 40
  input in matrix: state: C currentWindowPosition: 5 currentAminoAcid: G =&gt; 41
  input in matrix: state: C currentWindowPosition: 6 currentAminoAcid: G =&gt; 35
  input in matrix: state: C currentWindowPosition: 7 currentAminoAcid: G =&gt; 71
  input in matrix: state: C currentWindowPosition: 8 currentAminoAcid: G =&gt; 0
  input in matrix: state: C currentWindowPosition: 9 currentAminoAcid: G =&gt; 65
  input in matrix: state: C currentWindowPosition: 10 currentAminoAcid: G =&gt; 56
  input in matrix: state: C currentWindowPosition: 11 currentAminoAcid: G =&gt; 39
  input in matrix: state: C currentWindowPosition: 12 currentAminoAcid: G =&gt; 37
  input in matrix: state: C currentWindowPosition: 13 currentAminoAcid: G =&gt; 35
  input in matrix: state: C currentWindowPosition: 14 currentAminoAcid: G =&gt; 21
  input in matrix: state: C currentWindowPosition: 15 currentAminoAcid: G =&gt; 27
  input in matrix: state: C currentWindowPosition: 16 currentAminoAcid: G =&gt; 36
Process line: H	9	11	7	17	7	9	16	12	0	15	10	13	9	8	15	6	9
 data line!
  input in matrix: state: C currentWindowPosition: 0 currentAminoAcid: H =&gt; 9
  input in matrix: state: C currentWindowPosition: 1 currentAminoAcid: H =&gt; 11
  input in matrix: state: C currentWindowPosition: 2 currentAminoAcid: H =&gt; 7
  input in matrix: state: C currentWindowPosition: 3 currentAminoAcid: H =&gt; 17
  input in matrix: state: C currentWindowPosition: 4 currentAminoAcid: H =&gt; 7
  input in matrix: state: C currentWindowPosition: 5 currentAminoAcid: H =&gt; 9
  input in matrix: state: C currentWindowPosition: 6 currentAminoAcid: H =&gt; 16
  input in matrix: state: C currentWindowPosition: 7 currentAminoAcid: H =&gt; 12
  input in matrix: state: C currentWindowPosition: 8 currentAminoAcid: H =&gt; 0
  input in matrix: state: C currentWindowPosition: 9 currentAminoAcid: H =&gt; 15
  input in matrix: state: C currentWindowPosition: 10 currentAminoAcid: H =&gt; 10
  input in matrix: state: C currentWindowPosition: 11 currentAminoAcid: H =&gt; 13
  input in matrix: state: C currentWindowPosition: 12 currentAminoAcid: H =&gt; 9
  input in matrix: state: C currentWindowPosition: 13 currentAminoAcid: H =&gt; 8
  input in matrix: state: C currentWindowPosition: 14 currentAminoAcid: H =&gt; 15
  input in matrix: state: C currentWindowPosition: 15 currentAminoAcid: H =&gt; 6
  input in matrix: state: C currentWindowPosition: 16 currentAminoAcid: H =&gt; 9
Process line: I	33	32	35	23	23	27	18	9	0	18	13	11	18	31	24	29	32
 data line!
  input in matrix: state: C currentWindowPosition: 0 currentAminoAcid: I =&gt; 33
  input in matrix: state: C currentWindowPosition: 1 currentAminoAcid: I =&gt; 32
  input in matrix: state: C currentWindowPosition: 2 currentAminoAcid: I =&gt; 35
  input in matrix: state: C currentWindowPosition: 3 currentAminoAcid: I =&gt; 23
  input in matrix: state: C currentWindowPosition: 4 currentAminoAcid: I =&gt; 23
  input in matrix: state: C currentWindowPosition: 5 currentAminoAcid: I =&gt; 27
  input in matrix: state: C currentWindowPosition: 6 currentAminoAcid: I =&gt; 18
  input in matrix: state: C currentWindowPosition: 7 currentAminoAcid: I =&gt; 9
  input in matrix: state: C currentWindowPosition: 8 currentAminoAcid: I =&gt; 0
  input in matrix: state: C currentWindowPosition: 9 currentAminoAcid: I =&gt; 18
  input in matrix: state: C currentWindowPosition: 10 currentAminoAcid: I =&gt; 13
  input in matrix: state: C currentWindowPosition: 11 currentAminoAcid: I =&gt; 11
  input in matrix: state: C currentWindowPosition: 12 currentAminoAcid: I =&gt; 18
  input in matrix: state: C currentWindowPosition: 13 currentAminoAcid: I =&gt; 31
  input in matrix: state: C currentWindowPosition: 14 currentAminoAcid: I =&gt; 24
  input in matrix: state: C currentWindowPosition: 15 currentAminoAcid: I =&gt; 29
  input in matrix: state: C currentWindowPosition: 16 currentAminoAcid: I =&gt; 32
Process line: K	30	16	21	24	29	25	28	21	0	24	32	26	24	19	31	24	40
 data line!
  input in matrix: state: C currentWindowPosition: 0 currentAminoAcid: K =&gt; 30
  input in matrix: state: C currentWindowPosition: 1 currentAminoAcid: K =&gt; 16
  input in matrix: state: C currentWindowPosition: 2 currentAminoAcid: K =&gt; 21
  input in matrix: state: C currentWindowPosition: 3 currentAminoAcid: K =&gt; 24
  input in matrix: state: C currentWindowPosition: 4 currentAminoAcid: K =&gt; 29
  input in matrix: state: C currentWindowPosition: 5 currentAminoAcid: K =&gt; 25
  input in matrix: state: C currentWindowPosition: 6 currentAminoAcid: K =&gt; 28
  input in matrix: state: C currentWindowPosition: 7 currentAminoAcid: K =&gt; 21
  input in matrix: state: C currentWindowPosition: 8 currentAminoAcid: K =&gt; 0
  input in matrix: state: C currentWindowPosition: 9 currentAminoAcid: K =&gt; 24
  input in matrix: state: C currentWindowPosition: 10 currentAminoAcid: K =&gt; 32
  input in matrix: state: C currentWindowPosition: 11 currentAminoAcid: K =&gt; 26
  input in matrix: state: C currentWindowPosition: 12 currentAminoAcid: K =&gt; 24
  input in matrix: state: C currentWindowPosition: 13 currentAminoAcid: K =&gt; 19
  input in matrix: state: C currentWindowPosition: 14 currentAminoAcid: K =&gt; 31
  input in matrix: state: C currentWindowPosition: 15 currentAminoAcid: K =&gt; 24
  input in matrix: state: C currentWindowPosition: 16 currentAminoAcid: K =&gt; 40
Process line: L	31	38	41	33	41	31	27	30	0	14	18	25	30	29	34	34	39
 data line!
  input in matrix: state: C currentWindowPosition: 0 currentAminoAcid: L =&gt; 31
  input in matrix: state: C currentWindowPosition: 1 currentAminoAcid: L =&gt; 38
  input in matrix: state: C currentWindowPosition: 2 currentAminoAcid: L =&gt; 41
  input in matrix: state: C currentWindowPosition: 3 currentAminoAcid: L =&gt; 33
  input in matrix: state: C currentWindowPosition: 4 currentAminoAcid: L =&gt; 41
  input in matrix: state: C currentWindowPosition: 5 currentAminoAcid: L =&gt; 31
  input in matrix: state: C currentWindowPosition: 6 currentAminoAcid: L =&gt; 27
  input in matrix: state: C currentWindowPosition: 7 currentAminoAcid: L =&gt; 30
  input in matrix: state: C currentWindowPosition: 8 currentAminoAcid: L =&gt; 0
  input in matrix: state: C currentWindowPosition: 9 currentAminoAcid: L =&gt; 14
  input in matrix: state: C currentWindowPosition: 10 currentAminoAcid: L =&gt; 18
  input in matrix: state: C currentWindowPosition: 11 currentAminoAcid: L =&gt; 25
  input in matrix: state: C currentWindowPosition: 12 currentAminoAcid: L =&gt; 30
  input in matrix: state: C currentWindowPosition: 13 currentAminoAcid: L =&gt; 29
  input in matrix: state: C currentWindowPosition: 14 currentAminoAcid: L =&gt; 34
  input in matrix: state: C currentWindowPosition: 15 currentAminoAcid: L =&gt; 34
  input in matrix: state: C currentWindowPosition: 16 currentAminoAcid: L =&gt; 39
Process line: M	7	14	13	10	14	17	14	7	444	5	11	20	10	8	15	7	8
 data line!
  input in matrix: state: C currentWindowPosition: 0 currentAminoAcid: M =&gt; 7
  input in matrix: state: C currentWindowPosition: 1 currentAminoAcid: M =&gt; 14
  input in matrix: state: C currentWindowPosition: 2 currentAminoAcid: M =&gt; 13
  input in matrix: state: C currentWindowPosition: 3 currentAminoAcid: M =&gt; 10
  input in matrix: state: C currentWindowPosition: 4 currentAminoAcid: M =&gt; 14
  input in matrix: state: C currentWindowPosition: 5 currentAminoAcid: M =&gt; 17
  input in matrix: state: C currentWindowPosition: 6 currentAminoAcid: M =&gt; 14
  input in matrix: state: C currentWindowPosition: 7 currentAminoAcid: M =&gt; 7
  input in matrix: state: C currentWindowPosition: 8 currentAminoAcid: M =&gt; 444
  input in matrix: state: C currentWindowPosition: 9 currentAminoAcid: M =&gt; 5
  input in matrix: state: C currentWindowPosition: 10 currentAminoAcid: M =&gt; 11
  input in matrix: state: C currentWindowPosition: 11 currentAminoAcid: M =&gt; 20
  input in matrix: state: C currentWindowPosition: 12 currentAminoAcid: M =&gt; 10
  input in matrix: state: C currentWindowPosition: 13 currentAminoAcid: M =&gt; 8
  input in matrix: state: C currentWindowPosition: 14 currentAminoAcid: M =&gt; 15
  input in matrix: state: C currentWindowPosition: 15 currentAminoAcid: M =&gt; 7
  input in matrix: state: C currentWindowPosition: 16 currentAminoAcid: M =&gt; 8
Process line: N	15	24	11	22	20	17	29	31	0	29	22	30	25	21	13	24	18
 data line!
  input in matrix: state: C currentWindowPosition: 0 currentAminoAcid: N =&gt; 15
  input in matrix: state: C currentWindowPosition: 1 currentAminoAcid: N =&gt; 24
  input in matrix: state: C currentWindowPosition: 2 currentAminoAcid: N =&gt; 11
  input in matrix: state: C currentWindowPosition: 3 currentAminoAcid: N =&gt; 22
  input in matrix: state: C currentWindowPosition: 4 currentAminoAcid: N =&gt; 20
  input in matrix: state: C currentWindowPosition: 5 currentAminoAcid: N =&gt; 17
  input in matrix: state: C currentWindowPosition: 6 currentAminoAcid: N =&gt; 29
  input in matrix: state: C currentWindowPosition: 7 currentAminoAcid: N =&gt; 31
  input in matrix: state: C currentWindowPosition: 8 currentAminoAcid: N =&gt; 0
  input in matrix: state: C currentWindowPosition: 9 currentAminoAcid: N =&gt; 29
  input in matrix: state: C currentWindowPosition: 10 currentAminoAcid: N =&gt; 22
  input in matrix: state: C currentWindowPosition: 11 currentAminoAcid: N =&gt; 30
  input in matrix: state: C currentWindowPosition: 12 currentAminoAcid: N =&gt; 25
  input in matrix: state: C currentWindowPosition: 13 currentAminoAcid: N =&gt; 21
  input in matrix: state: C currentWindowPosition: 14 currentAminoAcid: N =&gt; 13
  input in matrix: state: C currentWindowPosition: 15 currentAminoAcid: N =&gt; 24
  input in matrix: state: C currentWindowPosition: 16 currentAminoAcid: N =&gt; 18
Process line: P	20	18	26	21	31	28	23	28	0	53	44	32	25	17	26	21	26
 data line!
  input in matrix: state: C currentWindowPosition: 0 currentAminoAcid: P =&gt; 20
  input in matrix: state: C currentWindowPosition: 1 currentAminoAcid: P =&gt; 18
  input in matrix: state: C currentWindowPosition: 2 currentAminoAcid: P =&gt; 26
  input in matrix: state: C currentWindowPosition: 3 currentAminoAcid: P =&gt; 21
  input in matrix: state: C currentWindowPosition: 4 currentAminoAcid: P =&gt; 31
  input in matrix: state: C currentWindowPosition: 5 currentAminoAcid: P =&gt; 28
  input in matrix: state: C currentWindowPosition: 6 currentAminoAcid: P =&gt; 23
  input in matrix: state: C currentWindowPosition: 7 currentAminoAcid: P =&gt; 28
  input in matrix: state: C currentWindowPosition: 8 currentAminoAcid: P =&gt; 0
  input in matrix: state: C currentWindowPosition: 9 currentAminoAcid: P =&gt; 53
  input in matrix: state: C currentWindowPosition: 10 currentAminoAcid: P =&gt; 44
  input in matrix: state: C currentWindowPosition: 11 currentAminoAcid: P =&gt; 32
  input in matrix: state: C currentWindowPosition: 12 currentAminoAcid: P =&gt; 25
  input in matrix: state: C currentWindowPosition: 13 currentAminoAcid: P =&gt; 17
  input in matrix: state: C currentWindowPosition: 14 currentAminoAcid: P =&gt; 26
  input in matrix: state: C currentWindowPosition: 15 currentAminoAcid: P =&gt; 21
  input in matrix: state: C currentWindowPosition: 16 currentAminoAcid: P =&gt; 26
Process line: Q	17	20	14	19	18	8	14	16	0	23	18	7	18	15	14	18	18
 data line!
  input in matrix: state: C currentWindowPosition: 0 currentAminoAcid: Q =&gt; 17
  input in matrix: state: C currentWindowPosition: 1 currentAminoAcid: Q =&gt; 20
  input in matrix: state: C currentWindowPosition: 2 currentAminoAcid: Q =&gt; 14
  input in matrix: state: C currentWindowPosition: 3 currentAminoAcid: Q =&gt; 19
  input in matrix: state: C currentWindowPosition: 4 currentAminoAcid: Q =&gt; 18
  input in matrix: state: C currentWindowPosition: 5 currentAminoAcid: Q =&gt; 8
  input in matrix: state: C currentWindowPosition: 6 currentAminoAcid: Q =&gt; 14
  input in matrix: state: C currentWindowPosition: 7 currentAminoAcid: Q =&gt; 16
  input in matrix: state: C currentWindowPosition: 8 currentAminoAcid: Q =&gt; 0
  input in matrix: state: C currentWindowPosition: 9 currentAminoAcid: Q =&gt; 23
  input in matrix: state: C currentWindowPosition: 10 currentAminoAcid: Q =&gt; 18
  input in matrix: state: C currentWindowPosition: 11 currentAminoAcid: Q =&gt; 7
  input in matrix: state: C currentWindowPosition: 12 currentAminoAcid: Q =&gt; 18
  input in matrix: state: C currentWindowPosition: 13 currentAminoAcid: Q =&gt; 15
  input in matrix: state: C currentWindowPosition: 14 currentAminoAcid: Q =&gt; 14
  input in matrix: state: C currentWindowPosition: 15 currentAminoAcid: Q =&gt; 18
  input in matrix: state: C currentWindowPosition: 16 currentAminoAcid: Q =&gt; 18
Process line: R	23	29	19	18	19	24	24	10	0	14	19	20	13	18	23	12	18
 data line!
  input in matrix: state: C currentWindowPosition: 0 currentAminoAcid: R =&gt; 23
  input in matrix: state: C currentWindowPosition: 1 currentAminoAcid: R =&gt; 29
  input in matrix: state: C currentWindowPosition: 2 currentAminoAcid: R =&gt; 19
  input in matrix: state: C currentWindowPosition: 3 currentAminoAcid: R =&gt; 18
  input in matrix: state: C currentWindowPosition: 4 currentAminoAcid: R =&gt; 19
  input in matrix: state: C currentWindowPosition: 5 currentAminoAcid: R =&gt; 24
  input in matrix: state: C currentWindowPosition: 6 currentAminoAcid: R =&gt; 24
  input in matrix: state: C currentWindowPosition: 7 currentAminoAcid: R =&gt; 10
  input in matrix: state: C currentWindowPosition: 8 currentAminoAcid: R =&gt; 0
  input in matrix: state: C currentWindowPosition: 9 currentAminoAcid: R =&gt; 14
  input in matrix: state: C currentWindowPosition: 10 currentAminoAcid: R =&gt; 19
  input in matrix: state: C currentWindowPosition: 11 currentAminoAcid: R =&gt; 20
  input in matrix: state: C currentWindowPosition: 12 currentAminoAcid: R =&gt; 13
  input in matrix: state: C currentWindowPosition: 13 currentAminoAcid: R =&gt; 18
  input in matrix: state: C currentWindowPosition: 14 currentAminoAcid: R =&gt; 23
  input in matrix: state: C currentWindowPosition: 15 currentAminoAcid: R =&gt; 12
  input in matrix: state: C currentWindowPosition: 16 currentAminoAcid: R =&gt; 18
Process line: S	27	24	25	26	21	27	27	31	0	29	22	28	29	33	31	34	23
 data line!
  input in matrix: state: C currentWindowPosition: 0 currentAminoAcid: S =&gt; 27
  input in matrix: state: C currentWindowPosition: 1 currentAminoAcid: S =&gt; 24
  input in matrix: state: C currentWindowPosition: 2 currentAminoAcid: S =&gt; 25
  input in matrix: state: C currentWindowPosition: 3 currentAminoAcid: S =&gt; 26
  input in matrix: state: C currentWindowPosition: 4 currentAminoAcid: S =&gt; 21
  input in matrix: state: C currentWindowPosition: 5 currentAminoAcid: S =&gt; 27
  input in matrix: state: C currentWindowPosition: 6 currentAminoAcid: S =&gt; 27
  input in matrix: state: C currentWindowPosition: 7 currentAminoAcid: S =&gt; 31
  input in matrix: state: C currentWindowPosition: 8 currentAminoAcid: S =&gt; 0
  input in matrix: state: C currentWindowPosition: 9 currentAminoAcid: S =&gt; 29
  input in matrix: state: C currentWindowPosition: 10 currentAminoAcid: S =&gt; 22
  input in matrix: state: C currentWindowPosition: 11 currentAminoAcid: S =&gt; 28
  input in matrix: state: C currentWindowPosition: 12 currentAminoAcid: S =&gt; 29
  input in matrix: state: C currentWindowPosition: 13 currentAminoAcid: S =&gt; 33
  input in matrix: state: C currentWindowPosition: 14 currentAminoAcid: S =&gt; 31
  input in matrix: state: C currentWindowPosition: 15 currentAminoAcid: S =&gt; 34
  input in matrix: state: C currentWindowPosition: 16 currentAminoAcid: S =&gt; 23
Process line: T	20	34	26	28	33	25	20	24	0	29	20	28	33	33	34	41	20
 data line!
  input in matrix: state: C currentWindowPosition: 0 currentAminoAcid: T =&gt; 20
  input in matrix: state: C currentWindowPosition: 1 currentAminoAcid: T =&gt; 34
  input in matrix: state: C currentWindowPosition: 2 currentAminoAcid: T =&gt; 26
  input in matrix: state: C currentWindowPosition: 3 currentAminoAcid: T =&gt; 28
  input in matrix: state: C currentWindowPosition: 4 currentAminoAcid: T =&gt; 33
  input in matrix: state: C currentWindowPosition: 5 currentAminoAcid: T =&gt; 25
  input in matrix: state: C currentWindowPosition: 6 currentAminoAcid: T =&gt; 20
  input in matrix: state: C currentWindowPosition: 7 currentAminoAcid: T =&gt; 24
  input in matrix: state: C currentWindowPosition: 8 currentAminoAcid: T =&gt; 0
  input in matrix: state: C currentWindowPosition: 9 currentAminoAcid: T =&gt; 29
  input in matrix: state: C currentWindowPosition: 10 currentAminoAcid: T =&gt; 20
  input in matrix: state: C currentWindowPosition: 11 currentAminoAcid: T =&gt; 28
  input in matrix: state: C currentWindowPosition: 12 currentAminoAcid: T =&gt; 33
  input in matrix: state: C currentWindowPosition: 13 currentAminoAcid: T =&gt; 33
  input in matrix: state: C currentWindowPosition: 14 currentAminoAcid: T =&gt; 34
  input in matrix: state: C currentWindowPosition: 15 currentAminoAcid: T =&gt; 41
  input in matrix: state: C currentWindowPosition: 16 currentAminoAcid: T =&gt; 20
Process line: V	38	30	33	29	31	29	29	16	0	19	39	24	30	41	30	28	23
 data line!
  input in matrix: state: C currentWindowPosition: 0 currentAminoAcid: V =&gt; 38
  input in matrix: state: C currentWindowPosition: 1 currentAminoAcid: V =&gt; 30
  input in matrix: state: C currentWindowPosition: 2 currentAminoAcid: V =&gt; 33
  input in matrix: state: C currentWindowPosition: 3 currentAminoAcid: V =&gt; 29
  input in matrix: state: C currentWindowPosition: 4 currentAminoAcid: V =&gt; 31
  input in matrix: state: C currentWindowPosition: 5 currentAminoAcid: V =&gt; 29
  input in matrix: state: C currentWindowPosition: 6 currentAminoAcid: V =&gt; 29
  input in matrix: state: C currentWindowPosition: 7 currentAminoAcid: V =&gt; 16
  input in matrix: state: C currentWindowPosition: 8 currentAminoAcid: V =&gt; 0
  input in matrix: state: C currentWindowPosition: 9 currentAminoAcid: V =&gt; 19
  input in matrix: state: C currentWindowPosition: 10 currentAminoAcid: V =&gt; 39
  input in matrix: state: C currentWindowPosition: 11 currentAminoAcid: V =&gt; 24
  input in matrix: state: C currentWindowPosition: 12 currentAminoAcid: V =&gt; 30
  input in matrix: state: C currentWindowPosition: 13 currentAminoAcid: V =&gt; 41
  input in matrix: state: C currentWindowPosition: 14 currentAminoAcid: V =&gt; 30
  input in matrix: state: C currentWindowPosition: 15 currentAminoAcid: V =&gt; 28
  input in matrix: state: C currentWindowPosition: 16 currentAminoAcid: V =&gt; 23
Process line: W	5	7	7	7	5	6	5	4	0	7	3	5	7	5	4	6	6
 data line!
  input in matrix: state: C currentWindowPosition: 0 currentAminoAcid: W =&gt; 5
  input in matrix: state: C currentWindowPosition: 1 currentAminoAcid: W =&gt; 7
  input in matrix: state: C currentWindowPosition: 2 currentAminoAcid: W =&gt; 7
  input in matrix: state: C currentWindowPosition: 3 currentAminoAcid: W =&gt; 7
  input in matrix: state: C currentWindowPosition: 4 currentAminoAcid: W =&gt; 5
  input in matrix: state: C currentWindowPosition: 5 currentAminoAcid: W =&gt; 6
  input in matrix: state: C currentWindowPosition: 6 currentAminoAcid: W =&gt; 5
  input in matrix: state: C currentWindowPosition: 7 currentAminoAcid: W =&gt; 4
  input in matrix: state: C currentWindowPosition: 8 currentAminoAcid: W =&gt; 0
  input in matrix: state: C currentWindowPosition: 9 currentAminoAcid: W =&gt; 7
  input in matrix: state: C currentWindowPosition: 10 currentAminoAcid: W =&gt; 3
  input in matrix: state: C currentWindowPosition: 11 currentAminoAcid: W =&gt; 5
  input in matrix: state: C currentWindowPosition: 12 currentAminoAcid: W =&gt; 7
  input in matrix: state: C currentWindowPosition: 13 currentAminoAcid: W =&gt; 5
  input in matrix: state: C currentWindowPosition: 14 currentAminoAcid: W =&gt; 4
  input in matrix: state: C currentWindowPosition: 15 currentAminoAcid: W =&gt; 6
  input in matrix: state: C currentWindowPosition: 16 currentAminoAcid: W =&gt; 6
Process line: Y	19	15	18	18	12	14	12	15	0	11	10	13	15	10	16	15	14
 data line!
  input in matrix: state: C currentWindowPosition: 0 currentAminoAcid: Y =&gt; 19
  input in matrix: state: C currentWindowPosition: 1 currentAminoAcid: Y =&gt; 15
  input in matrix: state: C currentWindowPosition: 2 currentAminoAcid: Y =&gt; 18
  input in matrix: state: C currentWindowPosition: 3 currentAminoAcid: Y =&gt; 18
  input in matrix: state: C currentWindowPosition: 4 currentAminoAcid: Y =&gt; 12
  input in matrix: state: C currentWindowPosition: 5 currentAminoAcid: Y =&gt; 14
  input in matrix: state: C currentWindowPosition: 6 currentAminoAcid: Y =&gt; 12
  input in matrix: state: C currentWindowPosition: 7 currentAminoAcid: Y =&gt; 15
  input in matrix: state: C currentWindowPosition: 8 currentAminoAcid: Y =&gt; 0
  input in matrix: state: C currentWindowPosition: 9 currentAminoAcid: Y =&gt; 11
  input in matrix: state: C currentWindowPosition: 10 currentAminoAcid: Y =&gt; 10
  input in matrix: state: C currentWindowPosition: 11 currentAminoAcid: Y =&gt; 13
  input in matrix: state: C currentWindowPosition: 12 currentAminoAcid: Y =&gt; 15
  input in matrix: state: C currentWindowPosition: 13 currentAminoAcid: Y =&gt; 10
  input in matrix: state: C currentWindowPosition: 14 currentAminoAcid: Y =&gt; 16
  input in matrix: state: C currentWindowPosition: 15 currentAminoAcid: Y =&gt; 15
  input in matrix: state: C currentWindowPosition: 16 currentAminoAcid: Y =&gt; 14
Process line: 
 Skip line!
Process line: 
 Skip line!
Process line: =M,E=
 state line! (now in state: E)
Process line: 
 Skip line!
Process line: A	34	31	16	25	35	22	19	27	0	30	28	32	24	36	27	28	21
 data line!
  input in matrix: state: E currentWindowPosition: 0 currentAminoAcid: A =&gt; 34
  input in matrix: state: E currentWindowPosition: 1 currentAminoAcid: A =&gt; 31
  input in matrix: state: E currentWindowPosition: 2 currentAminoAcid: A =&gt; 16
  input in matrix: state: E currentWindowPosition: 3 currentAminoAcid: A =&gt; 25
  input in matrix: state: E currentWindowPosition: 4 currentAminoAcid: A =&gt; 35
  input in matrix: state: E currentWindowPosition: 5 currentAminoAcid: A =&gt; 22
  input in matrix: state: E currentWindowPosition: 6 currentAminoAcid: A =&gt; 19
  input in matrix: state: E currentWindowPosition: 7 currentAminoAcid: A =&gt; 27
  input in matrix: state: E currentWindowPosition: 8 currentAminoAcid: A =&gt; 0
  input in matrix: state: E currentWindowPosition: 9 currentAminoAcid: A =&gt; 30
  input in matrix: state: E currentWindowPosition: 10 currentAminoAcid: A =&gt; 28
  input in matrix: state: E currentWindowPosition: 11 currentAminoAcid: A =&gt; 32
  input in matrix: state: E currentWindowPosition: 12 currentAminoAcid: A =&gt; 24
  input in matrix: state: E currentWindowPosition: 13 currentAminoAcid: A =&gt; 36
  input in matrix: state: E currentWindowPosition: 14 currentAminoAcid: A =&gt; 27
  input in matrix: state: E currentWindowPosition: 15 currentAminoAcid: A =&gt; 28
  input in matrix: state: E currentWindowPosition: 16 currentAminoAcid: A =&gt; 21
Process line: C	5	6	5	6	8	7	8	6	0	7	8	4	7	7	7	8	6
 data line!
  input in matrix: state: E currentWindowPosition: 0 currentAminoAcid: C =&gt; 5
  input in matrix: state: E currentWindowPosition: 1 currentAminoAcid: C =&gt; 6
  input in matrix: state: E currentWindowPosition: 2 currentAminoAcid: C =&gt; 5
  input in matrix: state: E currentWindowPosition: 3 currentAminoAcid: C =&gt; 6
  input in matrix: state: E currentWindowPosition: 4 currentAminoAcid: C =&gt; 8
  input in matrix: state: E currentWindowPosition: 5 currentAminoAcid: C =&gt; 7
  input in matrix: state: E currentWindowPosition: 6 currentAminoAcid: C =&gt; 8
  input in matrix: state: E currentWindowPosition: 7 currentAminoAcid: C =&gt; 6
  input in matrix: state: E currentWindowPosition: 8 currentAminoAcid: C =&gt; 0
  input in matrix: state: E currentWindowPosition: 9 currentAminoAcid: C =&gt; 7
  input in matrix: state: E currentWindowPosition: 10 currentAminoAcid: C =&gt; 8
  input in matrix: state: E currentWindowPosition: 11 currentAminoAcid: C =&gt; 4
  input in matrix: state: E currentWindowPosition: 12 currentAminoAcid: C =&gt; 7
  input in matrix: state: E currentWindowPosition: 13 currentAminoAcid: C =&gt; 7
  input in matrix: state: E currentWindowPosition: 14 currentAminoAcid: C =&gt; 7
  input in matrix: state: E currentWindowPosition: 15 currentAminoAcid: C =&gt; 8
  input in matrix: state: E currentWindowPosition: 16 currentAminoAcid: C =&gt; 6
Process line: D	29	18	27	30	23	19	13	13	0	14	21	23	29	27	27	23	32
 data line!
  input in matrix: state: E currentWindowPosition: 0 currentAminoAcid: D =&gt; 29
  input in matrix: state: E currentWindowPosition: 1 currentAminoAcid: D =&gt; 18
  input in matrix: state: E currentWindowPosition: 2 currentAminoAcid: D =&gt; 27
  input in matrix: state: E currentWindowPosition: 3 currentAminoAcid: D =&gt; 30
  input in matrix: state: E currentWindowPosition: 4 currentAminoAcid: D =&gt; 23
  input in matrix: state: E currentWindowPosition: 5 currentAminoAcid: D =&gt; 19
  input in matrix: state: E currentWindowPosition: 6 currentAminoAcid: D =&gt; 13
  input in matrix: state: E currentWindowPosition: 7 currentAminoAcid: D =&gt; 13
  input in matrix: state: E currentWindowPosition: 8 currentAminoAcid: D =&gt; 0
  input in matrix: state: E currentWindowPosition: 9 currentAminoAcid: D =&gt; 14
  input in matrix: state: E currentWindowPosition: 10 currentAminoAcid: D =&gt; 21
  input in matrix: state: E currentWindowPosition: 11 currentAminoAcid: D =&gt; 23
  input in matrix: state: E currentWindowPosition: 12 currentAminoAcid: D =&gt; 29
  input in matrix: state: E currentWindowPosition: 13 currentAminoAcid: D =&gt; 27
  input in matrix: state: E currentWindowPosition: 14 currentAminoAcid: D =&gt; 27
  input in matrix: state: E currentWindowPosition: 15 currentAminoAcid: D =&gt; 23
  input in matrix: state: E currentWindowPosition: 16 currentAminoAcid: D =&gt; 32
Process line: E	26	11	13	16	30	16	11	11	0	19	14	19	20	21	29	22	21
 data line!
  input in matrix: state: E currentWindowPosition: 0 currentAminoAcid: E =&gt; 26
  input in matrix: state: E currentWindowPosition: 1 currentAminoAcid: E =&gt; 11
  input in matrix: state: E currentWindowPosition: 2 currentAminoAcid: E =&gt; 13
  input in matrix: state: E currentWindowPosition: 3 currentAminoAcid: E =&gt; 16
  input in matrix: state: E currentWindowPosition: 4 currentAminoAcid: E =&gt; 30
  input in matrix: state: E currentWindowPosition: 5 currentAminoAcid: E =&gt; 16
  input in matrix: state: E currentWindowPosition: 6 currentAminoAcid: E =&gt; 11
  input in matrix: state: E currentWindowPosition: 7 currentAminoAcid: E =&gt; 11
  input in matrix: state: E currentWindowPosition: 8 currentAminoAcid: E =&gt; 0
  input in matrix: state: E currentWindowPosition: 9 currentAminoAcid: E =&gt; 19
  input in matrix: state: E currentWindowPosition: 10 currentAminoAcid: E =&gt; 14
  input in matrix: state: E currentWindowPosition: 11 currentAminoAcid: E =&gt; 19
  input in matrix: state: E currentWindowPosition: 12 currentAminoAcid: E =&gt; 20
  input in matrix: state: E currentWindowPosition: 13 currentAminoAcid: E =&gt; 21
  input in matrix: state: E currentWindowPosition: 14 currentAminoAcid: E =&gt; 29
  input in matrix: state: E currentWindowPosition: 15 currentAminoAcid: E =&gt; 22
  input in matrix: state: E currentWindowPosition: 16 currentAminoAcid: E =&gt; 21
Process line: F	14	7	10	12	9	12	14	13	0	13	27	8	10	18	12	14	8
 data line!
  input in matrix: state: E currentWindowPosition: 0 currentAminoAcid: F =&gt; 14
  input in matrix: state: E currentWindowPosition: 1 currentAminoAcid: F =&gt; 7
  input in matrix: state: E currentWindowPosition: 2 currentAminoAcid: F =&gt; 10
  input in matrix: state: E currentWindowPosition: 3 currentAminoAcid: F =&gt; 12
  input in matrix: state: E currentWindowPosition: 4 currentAminoAcid: F =&gt; 9
  input in matrix: state: E currentWindowPosition: 5 currentAminoAcid: F =&gt; 12
  input in matrix: state: E currentWindowPosition: 6 currentAminoAcid: F =&gt; 14
  input in matrix: state: E currentWindowPosition: 7 currentAminoAcid: F =&gt; 13
  input in matrix: state: E currentWindowPosition: 8 currentAminoAcid: F =&gt; 0
  input in matrix: state: E currentWindowPosition: 9 currentAminoAcid: F =&gt; 13
  input in matrix: state: E currentWindowPosition: 10 currentAminoAcid: F =&gt; 27
  input in matrix: state: E currentWindowPosition: 11 currentAminoAcid: F =&gt; 8
  input in matrix: state: E currentWindowPosition: 12 currentAminoAcid: F =&gt; 10
  input in matrix: state: E currentWindowPosition: 13 currentAminoAcid: F =&gt; 18
  input in matrix: state: E currentWindowPosition: 14 currentAminoAcid: F =&gt; 12
  input in matrix: state: E currentWindowPosition: 15 currentAminoAcid: F =&gt; 14
  input in matrix: state: E currentWindowPosition: 16 currentAminoAcid: F =&gt; 8
Process line: G	35	28	49	43	39	46	42	27	0	24	31	39	43	42	44	41	36
 data line!
  input in matrix: state: E currentWindowPosition: 0 currentAminoAcid: G =&gt; 35
  input in matrix: state: E currentWindowPosition: 1 currentAminoAcid: G =&gt; 28
  input in matrix: state: E currentWindowPosition: 2 currentAminoAcid: G =&gt; 49
  input in matrix: state: E currentWindowPosition: 3 currentAminoAcid: G =&gt; 43
  input in matrix: state: E currentWindowPosition: 4 currentAminoAcid: G =&gt; 39
  input in matrix: state: E currentWindowPosition: 5 currentAminoAcid: G =&gt; 46
  input in matrix: state: E currentWindowPosition: 6 currentAminoAcid: G =&gt; 42
  input in matrix: state: E currentWindowPosition: 7 currentAminoAcid: G =&gt; 27
  input in matrix: state: E currentWindowPosition: 8 currentAminoAcid: G =&gt; 0
  input in matrix: state: E currentWindowPosition: 9 currentAminoAcid: G =&gt; 24
  input in matrix: state: E currentWindowPosition: 10 currentAminoAcid: G =&gt; 31
  input in matrix: state: E currentWindowPosition: 11 currentAminoAcid: G =&gt; 39
  input in matrix: state: E currentWindowPosition: 12 currentAminoAcid: G =&gt; 43
  input in matrix: state: E currentWindowPosition: 13 currentAminoAcid: G =&gt; 42
  input in matrix: state: E currentWindowPosition: 14 currentAminoAcid: G =&gt; 44
  input in matrix: state: E currentWindowPosition: 15 currentAminoAcid: G =&gt; 41
  input in matrix: state: E currentWindowPosition: 16 currentAminoAcid: G =&gt; 36
Process line: H	5	15	8	12	7	9	8	12	0	2	6	9	6	10	7	6	9
 data line!
  input in matrix: state: E currentWindowPosition: 0 currentAminoAcid: H =&gt; 5
  input in matrix: state: E currentWindowPosition: 1 currentAminoAcid: H =&gt; 15
  input in matrix: state: E currentWindowPosition: 2 currentAminoAcid: H =&gt; 8
  input in matrix: state: E currentWindowPosition: 3 currentAminoAcid: H =&gt; 12
  input in matrix: state: E currentWindowPosition: 4 currentAminoAcid: H =&gt; 7
  input in matrix: state: E currentWindowPosition: 5 currentAminoAcid: H =&gt; 9
  input in matrix: state: E currentWindowPosition: 6 currentAminoAcid: H =&gt; 8
  input in matrix: state: E currentWindowPosition: 7 currentAminoAcid: H =&gt; 12
  input in matrix: state: E currentWindowPosition: 8 currentAminoAcid: H =&gt; 0
  input in matrix: state: E currentWindowPosition: 9 currentAminoAcid: H =&gt; 2
  input in matrix: state: E currentWindowPosition: 10 currentAminoAcid: H =&gt; 6
  input in matrix: state: E currentWindowPosition: 11 currentAminoAcid: H =&gt; 9
  input in matrix: state: E currentWindowPosition: 12 currentAminoAcid: H =&gt; 6
  input in matrix: state: E currentWindowPosition: 13 currentAminoAcid: H =&gt; 10
  input in matrix: state: E currentWindowPosition: 14 currentAminoAcid: H =&gt; 7
  input in matrix: state: E currentWindowPosition: 15 currentAminoAcid: H =&gt; 6
  input in matrix: state: E currentWindowPosition: 16 currentAminoAcid: H =&gt; 9
Process line: I	22	20	19	16	15	30	32	27	0	29	34	11	14	17	12	21	24
 data line!
  input in matrix: state: E currentWindowPosition: 0 currentAminoAcid: I =&gt; 22
  input in matrix: state: E currentWindowPosition: 1 currentAminoAcid: I =&gt; 20
  input in matrix: state: E currentWindowPosition: 2 currentAminoAcid: I =&gt; 19
  input in matrix: state: E currentWindowPosition: 3 currentAminoAcid: I =&gt; 16
  input in matrix: state: E currentWindowPosition: 4 currentAminoAcid: I =&gt; 15
  input in matrix: state: E currentWindowPosition: 5 currentAminoAcid: I =&gt; 30
  input in matrix: state: E currentWindowPosition: 6 currentAminoAcid: I =&gt; 32
  input in matrix: state: E currentWindowPosition: 7 currentAminoAcid: I =&gt; 27
  input in matrix: state: E currentWindowPosition: 8 currentAminoAcid: I =&gt; 0
  input in matrix: state: E currentWindowPosition: 9 currentAminoAcid: I =&gt; 29
  input in matrix: state: E currentWindowPosition: 10 currentAminoAcid: I =&gt; 34
  input in matrix: state: E currentWindowPosition: 11 currentAminoAcid: I =&gt; 11
  input in matrix: state: E currentWindowPosition: 12 currentAminoAcid: I =&gt; 14
  input in matrix: state: E currentWindowPosition: 13 currentAminoAcid: I =&gt; 17
  input in matrix: state: E currentWindowPosition: 14 currentAminoAcid: I =&gt; 12
  input in matrix: state: E currentWindowPosition: 15 currentAminoAcid: I =&gt; 21
  input in matrix: state: E currentWindowPosition: 16 currentAminoAcid: I =&gt; 24
Process line: K	23	38	27	28	28	20	18	26	0	19	19	18	17	24	17	23	21
 data line!
  input in matrix: state: E currentWindowPosition: 0 currentAminoAcid: K =&gt; 23
  input in matrix: state: E currentWindowPosition: 1 currentAminoAcid: K =&gt; 38
  input in matrix: state: E currentWindowPosition: 2 currentAminoAcid: K =&gt; 27
  input in matrix: state: E currentWindowPosition: 3 currentAminoAcid: K =&gt; 28
  input in matrix: state: E currentWindowPosition: 4 currentAminoAcid: K =&gt; 28
  input in matrix: state: E currentWindowPosition: 5 currentAminoAcid: K =&gt; 20
  input in matrix: state: E currentWindowPosition: 6 currentAminoAcid: K =&gt; 18
  input in matrix: state: E currentWindowPosition: 7 currentAminoAcid: K =&gt; 26
  input in matrix: state: E currentWindowPosition: 8 currentAminoAcid: K =&gt; 0
  input in matrix: state: E currentWindowPosition: 9 currentAminoAcid: K =&gt; 19
  input in matrix: state: E currentWindowPosition: 10 currentAminoAcid: K =&gt; 19
  input in matrix: state: E currentWindowPosition: 11 currentAminoAcid: K =&gt; 18
  input in matrix: state: E currentWindowPosition: 12 currentAminoAcid: K =&gt; 17
  input in matrix: state: E currentWindowPosition: 13 currentAminoAcid: K =&gt; 24
  input in matrix: state: E currentWindowPosition: 14 currentAminoAcid: K =&gt; 17
  input in matrix: state: E currentWindowPosition: 15 currentAminoAcid: K =&gt; 23
  input in matrix: state: E currentWindowPosition: 16 currentAminoAcid: K =&gt; 21
Process line: L	17	33	33	27	18	34	29	39	0	36	32	24	20	23	20	23	31
 data line!
  input in matrix: state: E currentWindowPosition: 0 currentAminoAcid: L =&gt; 17
  input in matrix: state: E currentWindowPosition: 1 currentAminoAcid: L =&gt; 33
  input in matrix: state: E currentWindowPosition: 2 currentAminoAcid: L =&gt; 33
  input in matrix: state: E currentWindowPosition: 3 currentAminoAcid: L =&gt; 27
  input in matrix: state: E currentWindowPosition: 4 currentAminoAcid: L =&gt; 18
  input in matrix: state: E currentWindowPosition: 5 currentAminoAcid: L =&gt; 34
  input in matrix: state: E currentWindowPosition: 6 currentAminoAcid: L =&gt; 29
  input in matrix: state: E currentWindowPosition: 7 currentAminoAcid: L =&gt; 39
  input in matrix: state: E currentWindowPosition: 8 currentAminoAcid: L =&gt; 0
  input in matrix: state: E currentWindowPosition: 9 currentAminoAcid: L =&gt; 36
  input in matrix: state: E currentWindowPosition: 10 currentAminoAcid: L =&gt; 32
  input in matrix: state: E currentWindowPosition: 11 currentAminoAcid: L =&gt; 24
  input in matrix: state: E currentWindowPosition: 12 currentAminoAcid: L =&gt; 20
  input in matrix: state: E currentWindowPosition: 13 currentAminoAcid: L =&gt; 23
  input in matrix: state: E currentWindowPosition: 14 currentAminoAcid: L =&gt; 20
  input in matrix: state: E currentWindowPosition: 15 currentAminoAcid: L =&gt; 23
  input in matrix: state: E currentWindowPosition: 16 currentAminoAcid: L =&gt; 31
Process line: M	6	6	6	7	7	7	9	10	378	11	11	4	9	7	8	7	5
 data line!
  input in matrix: state: E currentWindowPosition: 0 currentAminoAcid: M =&gt; 6
  input in matrix: state: E currentWindowPosition: 1 currentAminoAcid: M =&gt; 6
  input in matrix: state: E currentWindowPosition: 2 currentAminoAcid: M =&gt; 6
  input in matrix: state: E currentWindowPosition: 3 currentAminoAcid: M =&gt; 7
  input in matrix: state: E currentWindowPosition: 4 currentAminoAcid: M =&gt; 7
  input in matrix: state: E currentWindowPosition: 5 currentAminoAcid: M =&gt; 7
  input in matrix: state: E currentWindowPosition: 6 currentAminoAcid: M =&gt; 9
  input in matrix: state: E currentWindowPosition: 7 currentAminoAcid: M =&gt; 10
  input in matrix: state: E currentWindowPosition: 8 currentAminoAcid: M =&gt; 378
  input in matrix: state: E currentWindowPosition: 9 currentAminoAcid: M =&gt; 11
  input in matrix: state: E currentWindowPosition: 10 currentAminoAcid: M =&gt; 11
  input in matrix: state: E currentWindowPosition: 11 currentAminoAcid: M =&gt; 4
  input in matrix: state: E currentWindowPosition: 12 currentAminoAcid: M =&gt; 9
  input in matrix: state: E currentWindowPosition: 13 currentAminoAcid: M =&gt; 7
  input in matrix: state: E currentWindowPosition: 14 currentAminoAcid: M =&gt; 8
  input in matrix: state: E currentWindowPosition: 15 currentAminoAcid: M =&gt; 7
  input in matrix: state: E currentWindowPosition: 16 currentAminoAcid: M =&gt; 5
Process line: N	15	28	19	19	19	16	16	12	0	13	14	19	29	27	28	24	24
 data line!
  input in matrix: state: E currentWindowPosition: 0 currentAminoAcid: N =&gt; 15
  input in matrix: state: E currentWindowPosition: 1 currentAminoAcid: N =&gt; 28
  input in matrix: state: E currentWindowPosition: 2 currentAminoAcid: N =&gt; 19
  input in matrix: state: E currentWindowPosition: 3 currentAminoAcid: N =&gt; 19
  input in matrix: state: E currentWindowPosition: 4 currentAminoAcid: N =&gt; 19
  input in matrix: state: E currentWindowPosition: 5 currentAminoAcid: N =&gt; 16
  input in matrix: state: E currentWindowPosition: 6 currentAminoAcid: N =&gt; 16
  input in matrix: state: E currentWindowPosition: 7 currentAminoAcid: N =&gt; 12
  input in matrix: state: E currentWindowPosition: 8 currentAminoAcid: N =&gt; 0
  input in matrix: state: E currentWindowPosition: 9 currentAminoAcid: N =&gt; 13
  input in matrix: state: E currentWindowPosition: 10 currentAminoAcid: N =&gt; 14
  input in matrix: state: E currentWindowPosition: 11 currentAminoAcid: N =&gt; 19
  input in matrix: state: E currentWindowPosition: 12 currentAminoAcid: N =&gt; 29
  input in matrix: state: E currentWindowPosition: 13 currentAminoAcid: N =&gt; 27
  input in matrix: state: E currentWindowPosition: 14 currentAminoAcid: N =&gt; 28
  input in matrix: state: E currentWindowPosition: 15 currentAminoAcid: N =&gt; 24
  input in matrix: state: E currentWindowPosition: 16 currentAminoAcid: N =&gt; 24
Process line: P	17	25	26	23	17	17	22	16	0	17	13	19	25	12	32	15	14
 data line!
  input in matrix: state: E currentWindowPosition: 0 currentAminoAcid: P =&gt; 17
  input in matrix: state: E currentWindowPosition: 1 currentAminoAcid: P =&gt; 25
  input in matrix: state: E currentWindowPosition: 2 currentAminoAcid: P =&gt; 26
  input in matrix: state: E currentWindowPosition: 3 currentAminoAcid: P =&gt; 23
  input in matrix: state: E currentWindowPosition: 4 currentAminoAcid: P =&gt; 17
  input in matrix: state: E currentWindowPosition: 5 currentAminoAcid: P =&gt; 17
  input in matrix: state: E currentWindowPosition: 6 currentAminoAcid: P =&gt; 22
  input in matrix: state: E currentWindowPosition: 7 currentAminoAcid: P =&gt; 16
  input in matrix: state: E currentWindowPosition: 8 currentAminoAcid: P =&gt; 0
  input in matrix: state: E currentWindowPosition: 9 currentAminoAcid: P =&gt; 17
  input in matrix: state: E currentWindowPosition: 10 currentAminoAcid: P =&gt; 13
  input in matrix: state: E currentWindowPosition: 11 currentAminoAcid: P =&gt; 19
  input in matrix: state: E currentWindowPosition: 12 currentAminoAcid: P =&gt; 25
  input in matrix: state: E currentWindowPosition: 13 currentAminoAcid: P =&gt; 12
  input in matrix: state: E currentWindowPosition: 14 currentAminoAcid: P =&gt; 32
  input in matrix: state: E currentWindowPosition: 15 currentAminoAcid: P =&gt; 15
  input in matrix: state: E currentWindowPosition: 16 currentAminoAcid: P =&gt; 14
Process line: Q	17	11	12	18	7	8	12	11	0	9	7	14	17	13	6	13	17
 data line!
  input in matrix: state: E currentWindowPosition: 0 currentAminoAcid: Q =&gt; 17
  input in matrix: state: E currentWindowPosition: 1 currentAminoAcid: Q =&gt; 11
  input in matrix: state: E currentWindowPosition: 2 currentAminoAcid: Q =&gt; 12
  input in matrix: state: E currentWindowPosition: 3 currentAminoAcid: Q =&gt; 18
  input in matrix: state: E currentWindowPosition: 4 currentAminoAcid: Q =&gt; 7
  input in matrix: state: E currentWindowPosition: 5 currentAminoAcid: Q =&gt; 8
  input in matrix: state: E currentWindowPosition: 6 currentAminoAcid: Q =&gt; 12
  input in matrix: state: E currentWindowPosition: 7 currentAminoAcid: Q =&gt; 11
  input in matrix: state: E currentWindowPosition: 8 currentAminoAcid: Q =&gt; 0
  input in matrix: state: E currentWindowPosition: 9 currentAminoAcid: Q =&gt; 9
  input in matrix: state: E currentWindowPosition: 10 currentAminoAcid: Q =&gt; 7
  input in matrix: state: E currentWindowPosition: 11 currentAminoAcid: Q =&gt; 14
  input in matrix: state: E currentWindowPosition: 12 currentAminoAcid: Q =&gt; 17
  input in matrix: state: E currentWindowPosition: 13 currentAminoAcid: Q =&gt; 13
  input in matrix: state: E currentWindowPosition: 14 currentAminoAcid: Q =&gt; 6
  input in matrix: state: E currentWindowPosition: 15 currentAminoAcid: Q =&gt; 13
  input in matrix: state: E currentWindowPosition: 16 currentAminoAcid: Q =&gt; 17
Process line: R	10	18	17	11	26	18	20	11	0	11	8	19	17	15	17	13	16
 data line!
  input in matrix: state: E currentWindowPosition: 0 currentAminoAcid: R =&gt; 10
  input in matrix: state: E currentWindowPosition: 1 currentAminoAcid: R =&gt; 18
  input in matrix: state: E currentWindowPosition: 2 currentAminoAcid: R =&gt; 17
  input in matrix: state: E currentWindowPosition: 3 currentAminoAcid: R =&gt; 11
  input in matrix: state: E currentWindowPosition: 4 currentAminoAcid: R =&gt; 26
  input in matrix: state: E currentWindowPosition: 5 currentAminoAcid: R =&gt; 18
  input in matrix: state: E currentWindowPosition: 6 currentAminoAcid: R =&gt; 20
  input in matrix: state: E currentWindowPosition: 7 currentAminoAcid: R =&gt; 11
  input in matrix: state: E currentWindowPosition: 8 currentAminoAcid: R =&gt; 0
  input in matrix: state: E currentWindowPosition: 9 currentAminoAcid: R =&gt; 11
  input in matrix: state: E currentWindowPosition: 10 currentAminoAcid: R =&gt; 8
  input in matrix: state: E currentWindowPosition: 11 currentAminoAcid: R =&gt; 19
  input in matrix: state: E currentWindowPosition: 12 currentAminoAcid: R =&gt; 17
  input in matrix: state: E currentWindowPosition: 13 currentAminoAcid: R =&gt; 15
  input in matrix: state: E currentWindowPosition: 14 currentAminoAcid: R =&gt; 17
  input in matrix: state: E currentWindowPosition: 15 currentAminoAcid: R =&gt; 13
  input in matrix: state: E currentWindowPosition: 16 currentAminoAcid: R =&gt; 16
Process line: S	28	25	31	20	21	20	23	19	0	23	24	27	20	25	21	30	30
 data line!
  input in matrix: state: E currentWindowPosition: 0 currentAminoAcid: S =&gt; 28
  input in matrix: state: E currentWindowPosition: 1 currentAminoAcid: S =&gt; 25
  input in matrix: state: E currentWindowPosition: 2 currentAminoAcid: S =&gt; 31
  input in matrix: state: E currentWindowPosition: 3 currentAminoAcid: S =&gt; 20
  input in matrix: state: E currentWindowPosition: 4 currentAminoAcid: S =&gt; 21
  input in matrix: state: E currentWindowPosition: 5 currentAminoAcid: S =&gt; 20
  input in matrix: state: E currentWindowPosition: 6 currentAminoAcid: S =&gt; 23
  input in matrix: state: E currentWindowPosition: 7 currentAminoAcid: S =&gt; 19
  input in matrix: state: E currentWindowPosition: 8 currentAminoAcid: S =&gt; 0
  input in matrix: state: E currentWindowPosition: 9 currentAminoAcid: S =&gt; 23
  input in matrix: state: E currentWindowPosition: 10 currentAminoAcid: S =&gt; 24
  input in matrix: state: E currentWindowPosition: 11 currentAminoAcid: S =&gt; 27
  input in matrix: state: E currentWindowPosition: 12 currentAminoAcid: S =&gt; 20
  input in matrix: state: E currentWindowPosition: 13 currentAminoAcid: S =&gt; 25
  input in matrix: state: E currentWindowPosition: 14 currentAminoAcid: S =&gt; 21
  input in matrix: state: E currentWindowPosition: 15 currentAminoAcid: S =&gt; 30
  input in matrix: state: E currentWindowPosition: 16 currentAminoAcid: S =&gt; 30
Process line: T	28	14	27	21	17	25	12	22	0	27	25	35	26	24	17	28	26
 data line!
  input in matrix: state: E currentWindowPosition: 0 currentAminoAcid: T =&gt; 28
  input in matrix: state: E currentWindowPosition: 1 currentAminoAcid: T =&gt; 14
  input in matrix: state: E currentWindowPosition: 2 currentAminoAcid: T =&gt; 27
  input in matrix: state: E currentWindowPosition: 3 currentAminoAcid: T =&gt; 21
  input in matrix: state: E currentWindowPosition: 4 currentAminoAcid: T =&gt; 17
  input in matrix: state: E currentWindowPosition: 5 currentAminoAcid: T =&gt; 25
  input in matrix: state: E currentWindowPosition: 6 currentAminoAcid: T =&gt; 12
  input in matrix: state: E currentWindowPosition: 7 currentAminoAcid: T =&gt; 22
  input in matrix: state: E currentWindowPosition: 8 currentAminoAcid: T =&gt; 0
  input in matrix: state: E currentWindowPosition: 9 currentAminoAcid: T =&gt; 27
  input in matrix: state: E currentWindowPosition: 10 currentAminoAcid: T =&gt; 25
  input in matrix: state: E currentWindowPosition: 11 currentAminoAcid: T =&gt; 35
  input in matrix: state: E currentWindowPosition: 12 currentAminoAcid: T =&gt; 26
  input in matrix: state: E currentWindowPosition: 13 currentAminoAcid: T =&gt; 24
  input in matrix: state: E currentWindowPosition: 14 currentAminoAcid: T =&gt; 17
  input in matrix: state: E currentWindowPosition: 15 currentAminoAcid: T =&gt; 28
  input in matrix: state: E currentWindowPosition: 16 currentAminoAcid: T =&gt; 26
Process line: V	32	20	15	26	33	33	52	55	0	58	36	30	26	16	21	22	22
 data line!
  input in matrix: state: E currentWindowPosition: 0 currentAminoAcid: V =&gt; 32
  input in matrix: state: E currentWindowPosition: 1 currentAminoAcid: V =&gt; 20
  input in matrix: state: E currentWindowPosition: 2 currentAminoAcid: V =&gt; 15
  input in matrix: state: E currentWindowPosition: 3 currentAminoAcid: V =&gt; 26
  input in matrix: state: E currentWindowPosition: 4 currentAminoAcid: V =&gt; 33
  input in matrix: state: E currentWindowPosition: 5 currentAminoAcid: V =&gt; 33
  input in matrix: state: E currentWindowPosition: 6 currentAminoAcid: V =&gt; 52
  input in matrix: state: E currentWindowPosition: 7 currentAminoAcid: V =&gt; 55
  input in matrix: state: E currentWindowPosition: 8 currentAminoAcid: V =&gt; 0
  input in matrix: state: E currentWindowPosition: 9 currentAminoAcid: V =&gt; 58
  input in matrix: state: E currentWindowPosition: 10 currentAminoAcid: V =&gt; 36
  input in matrix: state: E currentWindowPosition: 11 currentAminoAcid: V =&gt; 30
  input in matrix: state: E currentWindowPosition: 12 currentAminoAcid: V =&gt; 26
  input in matrix: state: E currentWindowPosition: 13 currentAminoAcid: V =&gt; 16
  input in matrix: state: E currentWindowPosition: 14 currentAminoAcid: V =&gt; 21
  input in matrix: state: E currentWindowPosition: 15 currentAminoAcid: V =&gt; 22
  input in matrix: state: E currentWindowPosition: 16 currentAminoAcid: V =&gt; 22
Process line: W	5	3	8	7	2	5	4	10	0	5	9	8	10	4	8	5	1
 data line!
  input in matrix: state: E currentWindowPosition: 0 currentAminoAcid: W =&gt; 5
  input in matrix: state: E currentWindowPosition: 1 currentAminoAcid: W =&gt; 3
  input in matrix: state: E currentWindowPosition: 2 currentAminoAcid: W =&gt; 8
  input in matrix: state: E currentWindowPosition: 3 currentAminoAcid: W =&gt; 7
  input in matrix: state: E currentWindowPosition: 4 currentAminoAcid: W =&gt; 2
  input in matrix: state: E currentWindowPosition: 5 currentAminoAcid: W =&gt; 5
  input in matrix: state: E currentWindowPosition: 6 currentAminoAcid: W =&gt; 4
  input in matrix: state: E currentWindowPosition: 7 currentAminoAcid: W =&gt; 10
  input in matrix: state: E currentWindowPosition: 8 currentAminoAcid: W =&gt; 0
  input in matrix: state: E currentWindowPosition: 9 currentAminoAcid: W =&gt; 5
  input in matrix: state: E currentWindowPosition: 10 currentAminoAcid: W =&gt; 9
  input in matrix: state: E currentWindowPosition: 11 currentAminoAcid: W =&gt; 8
  input in matrix: state: E currentWindowPosition: 12 currentAminoAcid: W =&gt; 10
  input in matrix: state: E currentWindowPosition: 13 currentAminoAcid: W =&gt; 4
  input in matrix: state: E currentWindowPosition: 14 currentAminoAcid: W =&gt; 8
  input in matrix: state: E currentWindowPosition: 15 currentAminoAcid: W =&gt; 5
  input in matrix: state: E currentWindowPosition: 16 currentAminoAcid: W =&gt; 1
Process line: Y	10	21	9	11	17	13	14	9	0	11	11	16	9	8	17	12	13
 data line!
  input in matrix: state: E currentWindowPosition: 0 currentAminoAcid: Y =&gt; 10
  input in matrix: state: E currentWindowPosition: 1 currentAminoAcid: Y =&gt; 21
  input in matrix: state: E currentWindowPosition: 2 currentAminoAcid: Y =&gt; 9
  input in matrix: state: E currentWindowPosition: 3 currentAminoAcid: Y =&gt; 11
  input in matrix: state: E currentWindowPosition: 4 currentAminoAcid: Y =&gt; 17
  input in matrix: state: E currentWindowPosition: 5 currentAminoAcid: Y =&gt; 13
  input in matrix: state: E currentWindowPosition: 6 currentAminoAcid: Y =&gt; 14
  input in matrix: state: E currentWindowPosition: 7 currentAminoAcid: Y =&gt; 9
  input in matrix: state: E currentWindowPosition: 8 currentAminoAcid: Y =&gt; 0
  input in matrix: state: E currentWindowPosition: 9 currentAminoAcid: Y =&gt; 11
  input in matrix: state: E currentWindowPosition: 10 currentAminoAcid: Y =&gt; 11
  input in matrix: state: E currentWindowPosition: 11 currentAminoAcid: Y =&gt; 16
  input in matrix: state: E currentWindowPosition: 12 currentAminoAcid: Y =&gt; 9
  input in matrix: state: E currentWindowPosition: 13 currentAminoAcid: Y =&gt; 8
  input in matrix: state: E currentWindowPosition: 14 currentAminoAcid: Y =&gt; 17
  input in matrix: state: E currentWindowPosition: 15 currentAminoAcid: Y =&gt; 12
  input in matrix: state: E currentWindowPosition: 16 currentAminoAcid: Y =&gt; 13
Process line: 
 Skip line!
Process line: 
 Skip line!
Process line: =M,H=
 state line! (now in state: H)
Process line: 
 Skip line!
Process line: A	62	60	73	55	78	75	66	79	0	82	81	85	79	75	58	66	63
 data line!
  input in matrix: state: H currentWindowPosition: 0 currentAminoAcid: A =&gt; 62
  input in matrix: state: H currentWindowPosition: 1 currentAminoAcid: A =&gt; 60
  input in matrix: state: H currentWindowPosition: 2 currentAminoAcid: A =&gt; 73
  input in matrix: state: H currentWindowPosition: 3 currentAminoAcid: A =&gt; 55
  input in matrix: state: H currentWindowPosition: 4 currentAminoAcid: A =&gt; 78
  input in matrix: state: H currentWindowPosition: 5 currentAminoAcid: A =&gt; 75
  input in matrix: state: H currentWindowPosition: 6 currentAminoAcid: A =&gt; 66
  input in matrix: state: H currentWindowPosition: 7 currentAminoAcid: A =&gt; 79
  input in matrix: state: H currentWindowPosition: 8 currentAminoAcid: A =&gt; 0
  input in matrix: state: H currentWindowPosition: 9 currentAminoAcid: A =&gt; 82
  input in matrix: state: H currentWindowPosition: 10 currentAminoAcid: A =&gt; 81
  input in matrix: state: H currentWindowPosition: 11 currentAminoAcid: A =&gt; 85
  input in matrix: state: H currentWindowPosition: 12 currentAminoAcid: A =&gt; 79
  input in matrix: state: H currentWindowPosition: 13 currentAminoAcid: A =&gt; 75
  input in matrix: state: H currentWindowPosition: 14 currentAminoAcid: A =&gt; 58
  input in matrix: state: H currentWindowPosition: 15 currentAminoAcid: A =&gt; 66
  input in matrix: state: H currentWindowPosition: 16 currentAminoAcid: A =&gt; 63
Process line: C	7	7	12	10	8	12	7	2	0	10	3	6	10	10	8	7	14
 data line!
  input in matrix: state: H currentWindowPosition: 0 currentAminoAcid: C =&gt; 7
  input in matrix: state: H currentWindowPosition: 1 currentAminoAcid: C =&gt; 7
  input in matrix: state: H currentWindowPosition: 2 currentAminoAcid: C =&gt; 12
  input in matrix: state: H currentWindowPosition: 3 currentAminoAcid: C =&gt; 10
  input in matrix: state: H currentWindowPosition: 4 currentAminoAcid: C =&gt; 8
  input in matrix: state: H currentWindowPosition: 5 currentAminoAcid: C =&gt; 12
  input in matrix: state: H currentWindowPosition: 6 currentAminoAcid: C =&gt; 7
  input in matrix: state: H currentWindowPosition: 7 currentAminoAcid: C =&gt; 2
  input in matrix: state: H currentWindowPosition: 8 currentAminoAcid: C =&gt; 0
  input in matrix: state: H currentWindowPosition: 9 currentAminoAcid: C =&gt; 10
  input in matrix: state: H currentWindowPosition: 10 currentAminoAcid: C =&gt; 3
  input in matrix: state: H currentWindowPosition: 11 currentAminoAcid: C =&gt; 6
  input in matrix: state: H currentWindowPosition: 12 currentAminoAcid: C =&gt; 10
  input in matrix: state: H currentWindowPosition: 13 currentAminoAcid: C =&gt; 10
  input in matrix: state: H currentWindowPosition: 14 currentAminoAcid: C =&gt; 8
  input in matrix: state: H currentWindowPosition: 15 currentAminoAcid: C =&gt; 7
  input in matrix: state: H currentWindowPosition: 16 currentAminoAcid: C =&gt; 14
Process line: D	47	34	38	50	39	54	65	39	0	37	52	28	36	40	44	39	36
 data line!
  input in matrix: state: H currentWindowPosition: 0 currentAminoAcid: D =&gt; 47
  input in matrix: state: H currentWindowPosition: 1 currentAminoAcid: D =&gt; 34
  input in matrix: state: H currentWindowPosition: 2 currentAminoAcid: D =&gt; 38
  input in matrix: state: H currentWindowPosition: 3 currentAminoAcid: D =&gt; 50
  input in matrix: state: H currentWindowPosition: 4 currentAminoAcid: D =&gt; 39
  input in matrix: state: H currentWindowPosition: 5 currentAminoAcid: D =&gt; 54
  input in matrix: state: H currentWindowPosition: 6 currentAminoAcid: D =&gt; 65
  input in matrix: state: H currentWindowPosition: 7 currentAminoAcid: D =&gt; 39
  input in matrix: state: H currentWindowPosition: 8 currentAminoAcid: D =&gt; 0
  input in matrix: state: H currentWindowPosition: 9 currentAminoAcid: D =&gt; 37
  input in matrix: state: H currentWindowPosition: 10 currentAminoAcid: D =&gt; 52
  input in matrix: state: H currentWindowPosition: 11 currentAminoAcid: D =&gt; 28
  input in matrix: state: H currentWindowPosition: 12 currentAminoAcid: D =&gt; 36
  input in matrix: state: H currentWindowPosition: 13 currentAminoAcid: D =&gt; 40
  input in matrix: state: H currentWindowPosition: 14 currentAminoAcid: D =&gt; 44
  input in matrix: state: H currentWindowPosition: 15 currentAminoAcid: D =&gt; 39
  input in matrix: state: H currentWindowPosition: 16 currentAminoAcid: D =&gt; 36
Process line: E	48	44	50	66	48	27	57	56	0	46	65	41	36	43	54	45	51
 data line!
  input in matrix: state: H currentWindowPosition: 0 currentAminoAcid: E =&gt; 48
  input in matrix: state: H currentWindowPosition: 1 currentAminoAcid: E =&gt; 44
  input in matrix: state: H currentWindowPosition: 2 currentAminoAcid: E =&gt; 50
  input in matrix: state: H currentWindowPosition: 3 currentAminoAcid: E =&gt; 66
  input in matrix: state: H currentWindowPosition: 4 currentAminoAcid: E =&gt; 48
  input in matrix: state: H currentWindowPosition: 5 currentAminoAcid: E =&gt; 27
  input in matrix: state: H currentWindowPosition: 6 currentAminoAcid: E =&gt; 57
  input in matrix: state: H currentWindowPosition: 7 currentAminoAcid: E =&gt; 56
  input in matrix: state: H currentWindowPosition: 8 currentAminoAcid: E =&gt; 0
  input in matrix: state: H currentWindowPosition: 9 currentAminoAcid: E =&gt; 46
  input in matrix: state: H currentWindowPosition: 10 currentAminoAcid: E =&gt; 65
  input in matrix: state: H currentWindowPosition: 11 currentAminoAcid: E =&gt; 41
  input in matrix: state: H currentWindowPosition: 12 currentAminoAcid: E =&gt; 36
  input in matrix: state: H currentWindowPosition: 13 currentAminoAcid: E =&gt; 43
  input in matrix: state: H currentWindowPosition: 14 currentAminoAcid: E =&gt; 54
  input in matrix: state: H currentWindowPosition: 15 currentAminoAcid: E =&gt; 45
  input in matrix: state: H currentWindowPosition: 16 currentAminoAcid: E =&gt; 51
Process line: F	25	35	25	22	40	34	24	30	0	21	20	26	33	25	27	26	24
 data line!
  input in matrix: state: H currentWindowPosition: 0 currentAminoAcid: F =&gt; 25
  input in matrix: state: H currentWindowPosition: 1 currentAminoAcid: F =&gt; 35
  input in matrix: state: H currentWindowPosition: 2 currentAminoAcid: F =&gt; 25
  input in matrix: state: H currentWindowPosition: 3 currentAminoAcid: F =&gt; 22
  input in matrix: state: H currentWindowPosition: 4 currentAminoAcid: F =&gt; 40
  input in matrix: state: H currentWindowPosition: 5 currentAminoAcid: F =&gt; 34
  input in matrix: state: H currentWindowPosition: 6 currentAminoAcid: F =&gt; 24
  input in matrix: state: H currentWindowPosition: 7 currentAminoAcid: F =&gt; 30
  input in matrix: state: H currentWindowPosition: 8 currentAminoAcid: F =&gt; 0
  input in matrix: state: H currentWindowPosition: 9 currentAminoAcid: F =&gt; 21
  input in matrix: state: H currentWindowPosition: 10 currentAminoAcid: F =&gt; 20
  input in matrix: state: H currentWindowPosition: 11 currentAminoAcid: F =&gt; 26
  input in matrix: state: H currentWindowPosition: 12 currentAminoAcid: F =&gt; 33
  input in matrix: state: H currentWindowPosition: 13 currentAminoAcid: F =&gt; 25
  input in matrix: state: H currentWindowPosition: 14 currentAminoAcid: F =&gt; 27
  input in matrix: state: H currentWindowPosition: 15 currentAminoAcid: F =&gt; 26
  input in matrix: state: H currentWindowPosition: 16 currentAminoAcid: F =&gt; 24
Process line: G	57	65	55	60	43	40	33	41	0	44	34	39	49	57	47	56	54
 data line!
  input in matrix: state: H currentWindowPosition: 0 currentAminoAcid: G =&gt; 57
  input in matrix: state: H currentWindowPosition: 1 currentAminoAcid: G =&gt; 65
  input in matrix: state: H currentWindowPosition: 2 currentAminoAcid: G =&gt; 55
  input in matrix: state: H currentWindowPosition: 3 currentAminoAcid: G =&gt; 60
  input in matrix: state: H currentWindowPosition: 4 currentAminoAcid: G =&gt; 43
  input in matrix: state: H currentWindowPosition: 5 currentAminoAcid: G =&gt; 40
  input in matrix: state: H currentWindowPosition: 6 currentAminoAcid: G =&gt; 33
  input in matrix: state: H currentWindowPosition: 7 currentAminoAcid: G =&gt; 41
  input in matrix: state: H currentWindowPosition: 8 currentAminoAcid: G =&gt; 0
  input in matrix: state: H currentWindowPosition: 9 currentAminoAcid: G =&gt; 44
  input in matrix: state: H currentWindowPosition: 10 currentAminoAcid: G =&gt; 34
  input in matrix: state: H currentWindowPosition: 11 currentAminoAcid: G =&gt; 39
  input in matrix: state: H currentWindowPosition: 12 currentAminoAcid: G =&gt; 49
  input in matrix: state: H currentWindowPosition: 13 currentAminoAcid: G =&gt; 57
  input in matrix: state: H currentWindowPosition: 14 currentAminoAcid: G =&gt; 47
  input in matrix: state: H currentWindowPosition: 15 currentAminoAcid: G =&gt; 56
  input in matrix: state: H currentWindowPosition: 16 currentAminoAcid: G =&gt; 54
Process line: H	12	13	16	20	14	10	13	16	0	13	15	27	13	20	21	24	19
 data line!
  input in matrix: state: H currentWindowPosition: 0 currentAminoAcid: H =&gt; 12
  input in matrix: state: H currentWindowPosition: 1 currentAminoAcid: H =&gt; 13
  input in matrix: state: H currentWindowPosition: 2 currentAminoAcid: H =&gt; 16
  input in matrix: state: H currentWindowPosition: 3 currentAminoAcid: H =&gt; 20
  input in matrix: state: H currentWindowPosition: 4 currentAminoAcid: H =&gt; 14
  input in matrix: state: H currentWindowPosition: 5 currentAminoAcid: H =&gt; 10
  input in matrix: state: H currentWindowPosition: 6 currentAminoAcid: H =&gt; 13
  input in matrix: state: H currentWindowPosition: 7 currentAminoAcid: H =&gt; 16
  input in matrix: state: H currentWindowPosition: 8 currentAminoAcid: H =&gt; 0
  input in matrix: state: H currentWindowPosition: 9 currentAminoAcid: H =&gt; 13
  input in matrix: state: H currentWindowPosition: 10 currentAminoAcid: H =&gt; 15
  input in matrix: state: H currentWindowPosition: 11 currentAminoAcid: H =&gt; 27
  input in matrix: state: H currentWindowPosition: 12 currentAminoAcid: H =&gt; 13
  input in matrix: state: H currentWindowPosition: 13 currentAminoAcid: H =&gt; 20
  input in matrix: state: H currentWindowPosition: 14 currentAminoAcid: H =&gt; 21
  input in matrix: state: H currentWindowPosition: 15 currentAminoAcid: H =&gt; 24
  input in matrix: state: H currentWindowPosition: 16 currentAminoAcid: H =&gt; 19
Process line: I	45	38	33	25	48	41	24	27	0	32	22	36	50	30	36	45	32
 data line!
  input in matrix: state: H currentWindowPosition: 0 currentAminoAcid: I =&gt; 45
  input in matrix: state: H currentWindowPosition: 1 currentAminoAcid: I =&gt; 38
  input in matrix: state: H currentWindowPosition: 2 currentAminoAcid: I =&gt; 33
  input in matrix: state: H currentWindowPosition: 3 currentAminoAcid: I =&gt; 25
  input in matrix: state: H currentWindowPosition: 4 currentAminoAcid: I =&gt; 48
  input in matrix: state: H currentWindowPosition: 5 currentAminoAcid: I =&gt; 41
  input in matrix: state: H currentWindowPosition: 6 currentAminoAcid: I =&gt; 24
  input in matrix: state: H currentWindowPosition: 7 currentAminoAcid: I =&gt; 27
  input in matrix: state: H currentWindowPosition: 8 currentAminoAcid: I =&gt; 0
  input in matrix: state: H currentWindowPosition: 9 currentAminoAcid: I =&gt; 32
  input in matrix: state: H currentWindowPosition: 10 currentAminoAcid: I =&gt; 22
  input in matrix: state: H currentWindowPosition: 11 currentAminoAcid: I =&gt; 36
  input in matrix: state: H currentWindowPosition: 12 currentAminoAcid: I =&gt; 50
  input in matrix: state: H currentWindowPosition: 13 currentAminoAcid: I =&gt; 30
  input in matrix: state: H currentWindowPosition: 14 currentAminoAcid: I =&gt; 36
  input in matrix: state: H currentWindowPosition: 15 currentAminoAcid: I =&gt; 45
  input in matrix: state: H currentWindowPosition: 16 currentAminoAcid: I =&gt; 32
Process line: K	35	39	43	27	29	28	36	37	0	56	61	36	45	49	50	43	39
 data line!
  input in matrix: state: H currentWindowPosition: 0 currentAminoAcid: K =&gt; 35
  input in matrix: state: H currentWindowPosition: 1 currentAminoAcid: K =&gt; 39
  input in matrix: state: H currentWindowPosition: 2 currentAminoAcid: K =&gt; 43
  input in matrix: state: H currentWindowPosition: 3 currentAminoAcid: K =&gt; 27
  input in matrix: state: H currentWindowPosition: 4 currentAminoAcid: K =&gt; 29
  input in matrix: state: H currentWindowPosition: 5 currentAminoAcid: K =&gt; 28
  input in matrix: state: H currentWindowPosition: 6 currentAminoAcid: K =&gt; 36
  input in matrix: state: H currentWindowPosition: 7 currentAminoAcid: K =&gt; 37
  input in matrix: state: H currentWindowPosition: 8 currentAminoAcid: K =&gt; 0
  input in matrix: state: H currentWindowPosition: 9 currentAminoAcid: K =&gt; 56
  input in matrix: state: H currentWindowPosition: 10 currentAminoAcid: K =&gt; 61
  input in matrix: state: H currentWindowPosition: 11 currentAminoAcid: K =&gt; 36
  input in matrix: state: H currentWindowPosition: 12 currentAminoAcid: K =&gt; 45
  input in matrix: state: H currentWindowPosition: 13 currentAminoAcid: K =&gt; 49
  input in matrix: state: H currentWindowPosition: 14 currentAminoAcid: K =&gt; 50
  input in matrix: state: H currentWindowPosition: 15 currentAminoAcid: K =&gt; 43
  input in matrix: state: H currentWindowPosition: 16 currentAminoAcid: K =&gt; 39
Process line: L	54	52	49	58	74	82	49	73	0	90	47	92	91	78	67	94	50
 data line!
  input in matrix: state: H currentWindowPosition: 0 currentAminoAcid: L =&gt; 54
  input in matrix: state: H currentWindowPosition: 1 currentAminoAcid: L =&gt; 52
  input in matrix: state: H currentWindowPosition: 2 currentAminoAcid: L =&gt; 49
  input in matrix: state: H currentWindowPosition: 3 currentAminoAcid: L =&gt; 58
  input in matrix: state: H currentWindowPosition: 4 currentAminoAcid: L =&gt; 74
  input in matrix: state: H currentWindowPosition: 5 currentAminoAcid: L =&gt; 82
  input in matrix: state: H currentWindowPosition: 6 currentAminoAcid: L =&gt; 49
  input in matrix: state: H currentWindowPosition: 7 currentAminoAcid: L =&gt; 73
  input in matrix: state: H currentWindowPosition: 8 currentAminoAcid: L =&gt; 0
  input in matrix: state: H currentWindowPosition: 9 currentAminoAcid: L =&gt; 90
  input in matrix: state: H currentWindowPosition: 10 currentAminoAcid: L =&gt; 47
  input in matrix: state: H currentWindowPosition: 11 currentAminoAcid: L =&gt; 92
  input in matrix: state: H currentWindowPosition: 12 currentAminoAcid: L =&gt; 91
  input in matrix: state: H currentWindowPosition: 13 currentAminoAcid: L =&gt; 78
  input in matrix: state: H currentWindowPosition: 14 currentAminoAcid: L =&gt; 67
  input in matrix: state: H currentWindowPosition: 15 currentAminoAcid: L =&gt; 94
  input in matrix: state: H currentWindowPosition: 16 currentAminoAcid: L =&gt; 50
Process line: M	18	18	18	15	18	22	20	18	701	19	21	22	22	19	14	21	17
 data line!
  input in matrix: state: H currentWindowPosition: 0 currentAminoAcid: M =&gt; 18
  input in matrix: state: H currentWindowPosition: 1 currentAminoAcid: M =&gt; 18
  input in matrix: state: H currentWindowPosition: 2 currentAminoAcid: M =&gt; 18
  input in matrix: state: H currentWindowPosition: 3 currentAminoAcid: M =&gt; 15
  input in matrix: state: H currentWindowPosition: 4 currentAminoAcid: M =&gt; 18
  input in matrix: state: H currentWindowPosition: 5 currentAminoAcid: M =&gt; 22
  input in matrix: state: H currentWindowPosition: 6 currentAminoAcid: M =&gt; 20
  input in matrix: state: H currentWindowPosition: 7 currentAminoAcid: M =&gt; 18
  input in matrix: state: H currentWindowPosition: 8 currentAminoAcid: M =&gt; 701
  input in matrix: state: H currentWindowPosition: 9 currentAminoAcid: M =&gt; 19
  input in matrix: state: H currentWindowPosition: 10 currentAminoAcid: M =&gt; 21
  input in matrix: state: H currentWindowPosition: 11 currentAminoAcid: M =&gt; 22
  input in matrix: state: H currentWindowPosition: 12 currentAminoAcid: M =&gt; 22
  input in matrix: state: H currentWindowPosition: 13 currentAminoAcid: M =&gt; 19
  input in matrix: state: H currentWindowPosition: 14 currentAminoAcid: M =&gt; 14
  input in matrix: state: H currentWindowPosition: 15 currentAminoAcid: M =&gt; 21
  input in matrix: state: H currentWindowPosition: 16 currentAminoAcid: M =&gt; 17
Process line: N	34	22	27	29	26	32	36	31	0	34	30	28	36	30	39	24	26
 data line!
  input in matrix: state: H currentWindowPosition: 0 currentAminoAcid: N =&gt; 34
  input in matrix: state: H currentWindowPosition: 1 currentAminoAcid: N =&gt; 22
  input in matrix: state: H currentWindowPosition: 2 currentAminoAcid: N =&gt; 27
  input in matrix: state: H currentWindowPosition: 3 currentAminoAcid: N =&gt; 29
  input in matrix: state: H currentWindowPosition: 4 currentAminoAcid: N =&gt; 26
  input in matrix: state: H currentWindowPosition: 5 currentAminoAcid: N =&gt; 32
  input in matrix: state: H currentWindowPosition: 6 currentAminoAcid: N =&gt; 36
  input in matrix: state: H currentWindowPosition: 7 currentAminoAcid: N =&gt; 31
  input in matrix: state: H currentWindowPosition: 8 currentAminoAcid: N =&gt; 0
  input in matrix: state: H currentWindowPosition: 9 currentAminoAcid: N =&gt; 34
  input in matrix: state: H currentWindowPosition: 10 currentAminoAcid: N =&gt; 30
  input in matrix: state: H currentWindowPosition: 11 currentAminoAcid: N =&gt; 28
  input in matrix: state: H currentWindowPosition: 12 currentAminoAcid: N =&gt; 36
  input in matrix: state: H currentWindowPosition: 13 currentAminoAcid: N =&gt; 30
  input in matrix: state: H currentWindowPosition: 14 currentAminoAcid: N =&gt; 39
  input in matrix: state: H currentWindowPosition: 15 currentAminoAcid: N =&gt; 24
  input in matrix: state: H currentWindowPosition: 16 currentAminoAcid: N =&gt; 26
Process line: P	31	23	40	32	25	28	28	19	0	10	16	10	18	21	21	33	33
 data line!
  input in matrix: state: H currentWindowPosition: 0 currentAminoAcid: P =&gt; 31
  input in matrix: state: H currentWindowPosition: 1 currentAminoAcid: P =&gt; 23
  input in matrix: state: H currentWindowPosition: 2 currentAminoAcid: P =&gt; 40
  input in matrix: state: H currentWindowPosition: 3 currentAminoAcid: P =&gt; 32
  input in matrix: state: H currentWindowPosition: 4 currentAminoAcid: P =&gt; 25
  input in matrix: state: H currentWindowPosition: 5 currentAminoAcid: P =&gt; 28
  input in matrix: state: H currentWindowPosition: 6 currentAminoAcid: P =&gt; 28
  input in matrix: state: H currentWindowPosition: 7 currentAminoAcid: P =&gt; 19
  input in matrix: state: H currentWindowPosition: 8 currentAminoAcid: P =&gt; 0
  input in matrix: state: H currentWindowPosition: 9 currentAminoAcid: P =&gt; 10
  input in matrix: state: H currentWindowPosition: 10 currentAminoAcid: P =&gt; 16
  input in matrix: state: H currentWindowPosition: 11 currentAminoAcid: P =&gt; 10
  input in matrix: state: H currentWindowPosition: 12 currentAminoAcid: P =&gt; 18
  input in matrix: state: H currentWindowPosition: 13 currentAminoAcid: P =&gt; 21
  input in matrix: state: H currentWindowPosition: 14 currentAminoAcid: P =&gt; 21
  input in matrix: state: H currentWindowPosition: 15 currentAminoAcid: P =&gt; 33
  input in matrix: state: H currentWindowPosition: 16 currentAminoAcid: P =&gt; 33
Process line: Q	22	47	34	31	23	22	47	40	0	28	47	30	25	23	32	23	25
 data line!
  input in matrix: state: H currentWindowPosition: 0 currentAminoAcid: Q =&gt; 22
  input in matrix: state: H currentWindowPosition: 1 currentAminoAcid: Q =&gt; 47
  input in matrix: state: H currentWindowPosition: 2 currentAminoAcid: Q =&gt; 34
  input in matrix: state: H currentWindowPosition: 3 currentAminoAcid: Q =&gt; 31
  input in matrix: state: H currentWindowPosition: 4 currentAminoAcid: Q =&gt; 23
  input in matrix: state: H currentWindowPosition: 5 currentAminoAcid: Q =&gt; 22
  input in matrix: state: H currentWindowPosition: 6 currentAminoAcid: Q =&gt; 47
  input in matrix: state: H currentWindowPosition: 7 currentAminoAcid: Q =&gt; 40
  input in matrix: state: H currentWindowPosition: 8 currentAminoAcid: Q =&gt; 0
  input in matrix: state: H currentWindowPosition: 9 currentAminoAcid: Q =&gt; 28
  input in matrix: state: H currentWindowPosition: 10 currentAminoAcid: Q =&gt; 47
  input in matrix: state: H currentWindowPosition: 11 currentAminoAcid: Q =&gt; 30
  input in matrix: state: H currentWindowPosition: 12 currentAminoAcid: Q =&gt; 25
  input in matrix: state: H currentWindowPosition: 13 currentAminoAcid: Q =&gt; 23
  input in matrix: state: H currentWindowPosition: 14 currentAminoAcid: Q =&gt; 32
  input in matrix: state: H currentWindowPosition: 15 currentAminoAcid: Q =&gt; 23
  input in matrix: state: H currentWindowPosition: 16 currentAminoAcid: Q =&gt; 25
Process line: R	25	30	28	37	23	38	39	48	0	42	56	45	39	47	38	38	36
 data line!
  input in matrix: state: H currentWindowPosition: 0 currentAminoAcid: R =&gt; 25
  input in matrix: state: H currentWindowPosition: 1 currentAminoAcid: R =&gt; 30
  input in matrix: state: H currentWindowPosition: 2 currentAminoAcid: R =&gt; 28
  input in matrix: state: H currentWindowPosition: 3 currentAminoAcid: R =&gt; 37
  input in matrix: state: H currentWindowPosition: 4 currentAminoAcid: R =&gt; 23
  input in matrix: state: H currentWindowPosition: 5 currentAminoAcid: R =&gt; 38
  input in matrix: state: H currentWindowPosition: 6 currentAminoAcid: R =&gt; 39
  input in matrix: state: H currentWindowPosition: 7 currentAminoAcid: R =&gt; 48
  input in matrix: state: H currentWindowPosition: 8 currentAminoAcid: R =&gt; 0
  input in matrix: state: H currentWindowPosition: 9 currentAminoAcid: R =&gt; 42
  input in matrix: state: H currentWindowPosition: 10 currentAminoAcid: R =&gt; 56
  input in matrix: state: H currentWindowPosition: 11 currentAminoAcid: R =&gt; 45
  input in matrix: state: H currentWindowPosition: 12 currentAminoAcid: R =&gt; 39
  input in matrix: state: H currentWindowPosition: 13 currentAminoAcid: R =&gt; 47
  input in matrix: state: H currentWindowPosition: 14 currentAminoAcid: R =&gt; 38
  input in matrix: state: H currentWindowPosition: 15 currentAminoAcid: R =&gt; 38
  input in matrix: state: H currentWindowPosition: 16 currentAminoAcid: R =&gt; 36
Process line: S	47	45	43	50	38	35	48	38	0	30	39	22	28	46	43	21	38
 data line!
  input in matrix: state: H currentWindowPosition: 0 currentAminoAcid: S =&gt; 47
  input in matrix: state: H currentWindowPosition: 1 currentAminoAcid: S =&gt; 45
  input in matrix: state: H currentWindowPosition: 2 currentAminoAcid: S =&gt; 43
  input in matrix: state: H currentWindowPosition: 3 currentAminoAcid: S =&gt; 50
  input in matrix: state: H currentWindowPosition: 4 currentAminoAcid: S =&gt; 38
  input in matrix: state: H currentWindowPosition: 5 currentAminoAcid: S =&gt; 35
  input in matrix: state: H currentWindowPosition: 6 currentAminoAcid: S =&gt; 48
  input in matrix: state: H currentWindowPosition: 7 currentAminoAcid: S =&gt; 38
  input in matrix: state: H currentWindowPosition: 8 currentAminoAcid: S =&gt; 0
  input in matrix: state: H currentWindowPosition: 9 currentAminoAcid: S =&gt; 30
  input in matrix: state: H currentWindowPosition: 10 currentAminoAcid: S =&gt; 39
  input in matrix: state: H currentWindowPosition: 11 currentAminoAcid: S =&gt; 22
  input in matrix: state: H currentWindowPosition: 12 currentAminoAcid: S =&gt; 28
  input in matrix: state: H currentWindowPosition: 13 currentAminoAcid: S =&gt; 46
  input in matrix: state: H currentWindowPosition: 14 currentAminoAcid: S =&gt; 43
  input in matrix: state: H currentWindowPosition: 15 currentAminoAcid: S =&gt; 21
  input in matrix: state: H currentWindowPosition: 16 currentAminoAcid: S =&gt; 38
Process line: T	42	51	41	44	42	40	37	38	0	36	37	37	24	24	25	33	41
 data line!
  input in matrix: state: H currentWindowPosition: 0 currentAminoAcid: T =&gt; 42
  input in matrix: state: H currentWindowPosition: 1 currentAminoAcid: T =&gt; 51
  input in matrix: state: H currentWindowPosition: 2 currentAminoAcid: T =&gt; 41
  input in matrix: state: H currentWindowPosition: 3 currentAminoAcid: T =&gt; 44
  input in matrix: state: H currentWindowPosition: 4 currentAminoAcid: T =&gt; 42
  input in matrix: state: H currentWindowPosition: 5 currentAminoAcid: T =&gt; 40
  input in matrix: state: H currentWindowPosition: 6 currentAminoAcid: T =&gt; 37
  input in matrix: state: H currentWindowPosition: 7 currentAminoAcid: T =&gt; 38
  input in matrix: state: H currentWindowPosition: 8 currentAminoAcid: T =&gt; 0
  input in matrix: state: H currentWindowPosition: 9 currentAminoAcid: T =&gt; 36
  input in matrix: state: H currentWindowPosition: 10 currentAminoAcid: T =&gt; 37
  input in matrix: state: H currentWindowPosition: 11 currentAminoAcid: T =&gt; 37
  input in matrix: state: H currentWindowPosition: 12 currentAminoAcid: T =&gt; 24
  input in matrix: state: H currentWindowPosition: 13 currentAminoAcid: T =&gt; 24
  input in matrix: state: H currentWindowPosition: 14 currentAminoAcid: T =&gt; 25
  input in matrix: state: H currentWindowPosition: 15 currentAminoAcid: T =&gt; 33
  input in matrix: state: H currentWindowPosition: 16 currentAminoAcid: T =&gt; 41
Process line: V	54	46	39	44	55	52	37	41	0	39	25	44	39	43	48	37	61
 data line!
  input in matrix: state: H currentWindowPosition: 0 currentAminoAcid: V =&gt; 54
  input in matrix: state: H currentWindowPosition: 1 currentAminoAcid: V =&gt; 46
  input in matrix: state: H currentWindowPosition: 2 currentAminoAcid: V =&gt; 39
  input in matrix: state: H currentWindowPosition: 3 currentAminoAcid: V =&gt; 44
  input in matrix: state: H currentWindowPosition: 4 currentAminoAcid: V =&gt; 55
  input in matrix: state: H currentWindowPosition: 5 currentAminoAcid: V =&gt; 52
  input in matrix: state: H currentWindowPosition: 6 currentAminoAcid: V =&gt; 37
  input in matrix: state: H currentWindowPosition: 7 currentAminoAcid: V =&gt; 41
  input in matrix: state: H currentWindowPosition: 8 currentAminoAcid: V =&gt; 0
  input in matrix: state: H currentWindowPosition: 9 currentAminoAcid: V =&gt; 39
  input in matrix: state: H currentWindowPosition: 10 currentAminoAcid: V =&gt; 25
  input in matrix: state: H currentWindowPosition: 11 currentAminoAcid: V =&gt; 44
  input in matrix: state: H currentWindowPosition: 12 currentAminoAcid: V =&gt; 39
  input in matrix: state: H currentWindowPosition: 13 currentAminoAcid: V =&gt; 43
  input in matrix: state: H currentWindowPosition: 14 currentAminoAcid: V =&gt; 48
  input in matrix: state: H currentWindowPosition: 15 currentAminoAcid: V =&gt; 37
  input in matrix: state: H currentWindowPosition: 16 currentAminoAcid: V =&gt; 61
Process line: W	9	9	8	7	9	5	6	4	0	7	8	12	5	10	11	9	13
 data line!
  input in matrix: state: H currentWindowPosition: 0 currentAminoAcid: W =&gt; 9
  input in matrix: state: H currentWindowPosition: 1 currentAminoAcid: W =&gt; 9
  input in matrix: state: H currentWindowPosition: 2 currentAminoAcid: W =&gt; 8
  input in matrix: state: H currentWindowPosition: 3 currentAminoAcid: W =&gt; 7
  input in matrix: state: H currentWindowPosition: 4 currentAminoAcid: W =&gt; 9
  input in matrix: state: H currentWindowPosition: 5 currentAminoAcid: W =&gt; 5
  input in matrix: state: H currentWindowPosition: 6 currentAminoAcid: W =&gt; 6
  input in matrix: state: H currentWindowPosition: 7 currentAminoAcid: W =&gt; 4
  input in matrix: state: H currentWindowPosition: 8 currentAminoAcid: W =&gt; 0
  input in matrix: state: H currentWindowPosition: 9 currentAminoAcid: W =&gt; 7
  input in matrix: state: H currentWindowPosition: 10 currentAminoAcid: W =&gt; 8
  input in matrix: state: H currentWindowPosition: 11 currentAminoAcid: W =&gt; 12
  input in matrix: state: H currentWindowPosition: 12 currentAminoAcid: W =&gt; 5
  input in matrix: state: H currentWindowPosition: 13 currentAminoAcid: W =&gt; 10
  input in matrix: state: H currentWindowPosition: 14 currentAminoAcid: W =&gt; 11
  input in matrix: state: H currentWindowPosition: 15 currentAminoAcid: W =&gt; 9
  input in matrix: state: H currentWindowPosition: 16 currentAminoAcid: W =&gt; 13
Process line: Y	26	23	28	19	21	24	29	24	0	24	22	35	22	11	18	17	29
 data line!
  input in matrix: state: H currentWindowPosition: 0 currentAminoAcid: Y =&gt; 26
  input in matrix: state: H currentWindowPosition: 1 currentAminoAcid: Y =&gt; 23
  input in matrix: state: H currentWindowPosition: 2 currentAminoAcid: Y =&gt; 28
  input in matrix: state: H currentWindowPosition: 3 currentAminoAcid: Y =&gt; 19
  input in matrix: state: H currentWindowPosition: 4 currentAminoAcid: Y =&gt; 21
  input in matrix: state: H currentWindowPosition: 5 currentAminoAcid: Y =&gt; 24
  input in matrix: state: H currentWindowPosition: 6 currentAminoAcid: Y =&gt; 29
  input in matrix: state: H currentWindowPosition: 7 currentAminoAcid: Y =&gt; 24
  input in matrix: state: H currentWindowPosition: 8 currentAminoAcid: Y =&gt; 0
  input in matrix: state: H currentWindowPosition: 9 currentAminoAcid: Y =&gt; 24
  input in matrix: state: H currentWindowPosition: 10 currentAminoAcid: Y =&gt; 22
  input in matrix: state: H currentWindowPosition: 11 currentAminoAcid: Y =&gt; 35
  input in matrix: state: H currentWindowPosition: 12 currentAminoAcid: Y =&gt; 22
  input in matrix: state: H currentWindowPosition: 13 currentAminoAcid: Y =&gt; 11
  input in matrix: state: H currentWindowPosition: 14 currentAminoAcid: Y =&gt; 18
  input in matrix: state: H currentWindowPosition: 15 currentAminoAcid: Y =&gt; 17
  input in matrix: state: H currentWindowPosition: 16 currentAminoAcid: Y =&gt; 29
Process line: 
 Skip line!
Process line: 
 Skip line!
Process line: =N,C=
 state line! (now in state: C)
Process line: 
 Skip line!
Process line: A	167	157	167	170	147	162	170	160	0	143	151	150	145	163	177	157	181
 data line!
  input in matrix: state: C currentWindowPosition: 0 currentAminoAcid: A =&gt; 167
  input in matrix: state: C currentWindowPosition: 1 currentAminoAcid: A =&gt; 157
  input in matrix: state: C currentWindowPosition: 2 currentAminoAcid: A =&gt; 167
  input in matrix: state: C currentWindowPosition: 3 currentAminoAcid: A =&gt; 170
  input in matrix: state: C currentWindowPosition: 4 currentAminoAcid: A =&gt; 147
  input in matrix: state: C currentWindowPosition: 5 currentAminoAcid: A =&gt; 162
  input in matrix: state: C currentWindowPosition: 6 currentAminoAcid: A =&gt; 170
  input in matrix: state: C currentWindowPosition: 7 currentAminoAcid: A =&gt; 160
  input in matrix: state: C currentWindowPosition: 8 currentAminoAcid: A =&gt; 0
  input in matrix: state: C currentWindowPosition: 9 currentAminoAcid: A =&gt; 143
  input in matrix: state: C currentWindowPosition: 10 currentAminoAcid: A =&gt; 151
  input in matrix: state: C currentWindowPosition: 11 currentAminoAcid: A =&gt; 150
  input in matrix: state: C currentWindowPosition: 12 currentAminoAcid: A =&gt; 145
  input in matrix: state: C currentWindowPosition: 13 currentAminoAcid: A =&gt; 163
  input in matrix: state: C currentWindowPosition: 14 currentAminoAcid: A =&gt; 177
  input in matrix: state: C currentWindowPosition: 15 currentAminoAcid: A =&gt; 157
  input in matrix: state: C currentWindowPosition: 16 currentAminoAcid: A =&gt; 181
Process line: C	31	37	41	34	37	38	38	18	0	32	38	28	39	30	35	30	50
 data line!
  input in matrix: state: C currentWindowPosition: 0 currentAminoAcid: C =&gt; 31
  input in matrix: state: C currentWindowPosition: 1 currentAminoAcid: C =&gt; 37
  input in matrix: state: C currentWindowPosition: 2 currentAminoAcid: C =&gt; 41
  input in matrix: state: C currentWindowPosition: 3 currentAminoAcid: C =&gt; 34
  input in matrix: state: C currentWindowPosition: 4 currentAminoAcid: C =&gt; 37
  input in matrix: state: C currentWindowPosition: 5 currentAminoAcid: C =&gt; 38
  input in matrix: state: C currentWindowPosition: 6 currentAminoAcid: C =&gt; 38
  input in matrix: state: C currentWindowPosition: 7 currentAminoAcid: C =&gt; 18
  input in matrix: state: C currentWindowPosition: 8 currentAminoAcid: C =&gt; 0
  input in matrix: state: C currentWindowPosition: 9 currentAminoAcid: C =&gt; 32
  input in matrix: state: C currentWindowPosition: 10 currentAminoAcid: C =&gt; 38
  input in matrix: state: C currentWindowPosition: 11 currentAminoAcid: C =&gt; 28
  input in matrix: state: C currentWindowPosition: 12 currentAminoAcid: C =&gt; 39
  input in matrix: state: C currentWindowPosition: 13 currentAminoAcid: C =&gt; 30
  input in matrix: state: C currentWindowPosition: 14 currentAminoAcid: C =&gt; 35
  input in matrix: state: C currentWindowPosition: 15 currentAminoAcid: C =&gt; 30
  input in matrix: state: C currentWindowPosition: 16 currentAminoAcid: C =&gt; 50
Process line: D	130	109	111	102	137	127	154	148	0	141	181	130	131	118	118	137	106
 data line!
  input in matrix: state: C currentWindowPosition: 0 currentAminoAcid: D =&gt; 130
  input in matrix: state: C currentWindowPosition: 1 currentAminoAcid: D =&gt; 109
  input in matrix: state: C currentWindowPosition: 2 currentAminoAcid: D =&gt; 111
  input in matrix: state: C currentWindowPosition: 3 currentAminoAcid: D =&gt; 102
  input in matrix: state: C currentWindowPosition: 4 currentAminoAcid: D =&gt; 137
  input in matrix: state: C currentWindowPosition: 5 currentAminoAcid: D =&gt; 127
  input in matrix: state: C currentWindowPosition: 6 currentAminoAcid: D =&gt; 154
  input in matrix: state: C currentWindowPosition: 7 currentAminoAcid: D =&gt; 148
  input in matrix: state: C currentWindowPosition: 8 currentAminoAcid: D =&gt; 0
  input in matrix: state: C currentWindowPosition: 9 currentAminoAcid: D =&gt; 141
  input in matrix: state: C currentWindowPosition: 10 currentAminoAcid: D =&gt; 181
  input in matrix: state: C currentWindowPosition: 11 currentAminoAcid: D =&gt; 130
  input in matrix: state: C currentWindowPosition: 12 currentAminoAcid: D =&gt; 131
  input in matrix: state: C currentWindowPosition: 13 currentAminoAcid: D =&gt; 118
  input in matrix: state: C currentWindowPosition: 14 currentAminoAcid: D =&gt; 118
  input in matrix: state: C currentWindowPosition: 15 currentAminoAcid: D =&gt; 137
  input in matrix: state: C currentWindowPosition: 16 currentAminoAcid: D =&gt; 106
Process line: E	104	114	118	119	102	112	118	126	0	103	127	110	110	115	126	116	114
 data line!
  input in matrix: state: C currentWindowPosition: 0 currentAminoAcid: E =&gt; 104
  input in matrix: state: C currentWindowPosition: 1 currentAminoAcid: E =&gt; 114
  input in matrix: state: C currentWindowPosition: 2 currentAminoAcid: E =&gt; 118
  input in matrix: state: C currentWindowPosition: 3 currentAminoAcid: E =&gt; 119
  input in matrix: state: C currentWindowPosition: 4 currentAminoAcid: E =&gt; 102
  input in matrix: state: C currentWindowPosition: 5 currentAminoAcid: E =&gt; 112
  input in matrix: state: C currentWindowPosition: 6 currentAminoAcid: E =&gt; 118
  input in matrix: state: C currentWindowPosition: 7 currentAminoAcid: E =&gt; 126
  input in matrix: state: C currentWindowPosition: 8 currentAminoAcid: E =&gt; 0
  input in matrix: state: C currentWindowPosition: 9 currentAminoAcid: E =&gt; 103
  input in matrix: state: C currentWindowPosition: 10 currentAminoAcid: E =&gt; 127
  input in matrix: state: C currentWindowPosition: 11 currentAminoAcid: E =&gt; 110
  input in matrix: state: C currentWindowPosition: 12 currentAminoAcid: E =&gt; 110
  input in matrix: state: C currentWindowPosition: 13 currentAminoAcid: E =&gt; 115
  input in matrix: state: C currentWindowPosition: 14 currentAminoAcid: E =&gt; 126
  input in matrix: state: C currentWindowPosition: 15 currentAminoAcid: E =&gt; 116
  input in matrix: state: C currentWindowPosition: 16 currentAminoAcid: E =&gt; 114
Process line: F	96	82	110	85	103	110	84	78	0	77	74	84	115	104	92	93	89
 data line!
  input in matrix: state: C currentWindowPosition: 0 currentAminoAcid: F =&gt; 96
  input in matrix: state: C currentWindowPosition: 1 currentAminoAcid: F =&gt; 82
  input in matrix: state: C currentWindowPosition: 2 currentAminoAcid: F =&gt; 110
  input in matrix: state: C currentWindowPosition: 3 currentAminoAcid: F =&gt; 85
  input in matrix: state: C currentWindowPosition: 4 currentAminoAcid: F =&gt; 103
  input in matrix: state: C currentWindowPosition: 5 currentAminoAcid: F =&gt; 110
  input in matrix: state: C currentWindowPosition: 6 currentAminoAcid: F =&gt; 84
  input in matrix: state: C currentWindowPosition: 7 currentAminoAcid: F =&gt; 78
  input in matrix: state: C currentWindowPosition: 8 currentAminoAcid: F =&gt; 0
  input in matrix: state: C currentWindowPosition: 9 currentAminoAcid: F =&gt; 77
  input in matrix: state: C currentWindowPosition: 10 currentAminoAcid: F =&gt; 74
  input in matrix: state: C currentWindowPosition: 11 currentAminoAcid: F =&gt; 84
  input in matrix: state: C currentWindowPosition: 12 currentAminoAcid: F =&gt; 115
  input in matrix: state: C currentWindowPosition: 13 currentAminoAcid: F =&gt; 104
  input in matrix: state: C currentWindowPosition: 14 currentAminoAcid: F =&gt; 92
  input in matrix: state: C currentWindowPosition: 15 currentAminoAcid: F =&gt; 93
  input in matrix: state: C currentWindowPosition: 16 currentAminoAcid: F =&gt; 89
Process line: G	179	168	162	148	158	155	186	207	0	231	170	184	146	144	142	178	163
 data line!
  input in matrix: state: C currentWindowPosition: 0 currentAminoAcid: G =&gt; 179
  input in matrix: state: C currentWindowPosition: 1 currentAminoAcid: G =&gt; 168
  input in matrix: state: C currentWindowPosition: 2 currentAminoAcid: G =&gt; 162
  input in matrix: state: C currentWindowPosition: 3 currentAminoAcid: G =&gt; 148
  input in matrix: state: C currentWindowPosition: 4 currentAminoAcid: G =&gt; 158
  input in matrix: state: C currentWindowPosition: 5 currentAminoAcid: G =&gt; 155
  input in matrix: state: C currentWindowPosition: 6 currentAminoAcid: G =&gt; 186
  input in matrix: state: C currentWindowPosition: 7 currentAminoAcid: G =&gt; 207
  input in matrix: state: C currentWindowPosition: 8 currentAminoAcid: G =&gt; 0
  input in matrix: state: C currentWindowPosition: 9 currentAminoAcid: G =&gt; 231
  input in matrix: state: C currentWindowPosition: 10 currentAminoAcid: G =&gt; 170
  input in matrix: state: C currentWindowPosition: 11 currentAminoAcid: G =&gt; 184
  input in matrix: state: C currentWindowPosition: 12 currentAminoAcid: G =&gt; 146
  input in matrix: state: C currentWindowPosition: 13 currentAminoAcid: G =&gt; 144
  input in matrix: state: C currentWindowPosition: 14 currentAminoAcid: G =&gt; 142
  input in matrix: state: C currentWindowPosition: 15 currentAminoAcid: G =&gt; 178
  input in matrix: state: C currentWindowPosition: 16 currentAminoAcid: G =&gt; 163
Process line: H	50	46	43	47	45	41	51	33	0	39	34	48	66	43	50	40	53
 data line!
  input in matrix: state: C currentWindowPosition: 0 currentAminoAcid: H =&gt; 50
  input in matrix: state: C currentWindowPosition: 1 currentAminoAcid: H =&gt; 46
  input in matrix: state: C currentWindowPosition: 2 currentAminoAcid: H =&gt; 43
  input in matrix: state: C currentWindowPosition: 3 currentAminoAcid: H =&gt; 47
  input in matrix: state: C currentWindowPosition: 4 currentAminoAcid: H =&gt; 45
  input in matrix: state: C currentWindowPosition: 5 currentAminoAcid: H =&gt; 41
  input in matrix: state: C currentWindowPosition: 6 currentAminoAcid: H =&gt; 51
  input in matrix: state: C currentWindowPosition: 7 currentAminoAcid: H =&gt; 33
  input in matrix: state: C currentWindowPosition: 8 currentAminoAcid: H =&gt; 0
  input in matrix: state: C currentWindowPosition: 9 currentAminoAcid: H =&gt; 39
  input in matrix: state: C currentWindowPosition: 10 currentAminoAcid: H =&gt; 34
  input in matrix: state: C currentWindowPosition: 11 currentAminoAcid: H =&gt; 48
  input in matrix: state: C currentWindowPosition: 12 currentAminoAcid: H =&gt; 66
  input in matrix: state: C currentWindowPosition: 13 currentAminoAcid: H =&gt; 43
  input in matrix: state: C currentWindowPosition: 14 currentAminoAcid: H =&gt; 50
  input in matrix: state: C currentWindowPosition: 15 currentAminoAcid: H =&gt; 40
  input in matrix: state: C currentWindowPosition: 16 currentAminoAcid: H =&gt; 53
Process line: I	98	153	133	126	118	125	115	96	0	91	111	117	159	130	122	117	124
 data line!
  input in matrix: state: C currentWindowPosition: 0 currentAminoAcid: I =&gt; 98
  input in matrix: state: C currentWindowPosition: 1 currentAminoAcid: I =&gt; 153
  input in matrix: state: C currentWindowPosition: 2 currentAminoAcid: I =&gt; 133
  input in matrix: state: C currentWindowPosition: 3 currentAminoAcid: I =&gt; 126
  input in matrix: state: C currentWindowPosition: 4 currentAminoAcid: I =&gt; 118
  input in matrix: state: C currentWindowPosition: 5 currentAminoAcid: I =&gt; 125
  input in matrix: state: C currentWindowPosition: 6 currentAminoAcid: I =&gt; 115
  input in matrix: state: C currentWindowPosition: 7 currentAminoAcid: I =&gt; 96
  input in matrix: state: C currentWindowPosition: 8 currentAminoAcid: I =&gt; 0
  input in matrix: state: C currentWindowPosition: 9 currentAminoAcid: I =&gt; 91
  input in matrix: state: C currentWindowPosition: 10 currentAminoAcid: I =&gt; 111
  input in matrix: state: C currentWindowPosition: 11 currentAminoAcid: I =&gt; 117
  input in matrix: state: C currentWindowPosition: 12 currentAminoAcid: I =&gt; 159
  input in matrix: state: C currentWindowPosition: 13 currentAminoAcid: I =&gt; 130
  input in matrix: state: C currentWindowPosition: 14 currentAminoAcid: I =&gt; 122
  input in matrix: state: C currentWindowPosition: 15 currentAminoAcid: I =&gt; 117
  input in matrix: state: C currentWindowPosition: 16 currentAminoAcid: I =&gt; 124
Process line: K	114	109	135	120	128	117	122	124	0	111	142	104	96	109	107	108	115
 data line!
  input in matrix: state: C currentWindowPosition: 0 currentAminoAcid: K =&gt; 114
  input in matrix: state: C currentWindowPosition: 1 currentAminoAcid: K =&gt; 109
  input in matrix: state: C currentWindowPosition: 2 currentAminoAcid: K =&gt; 135
  input in matrix: state: C currentWindowPosition: 3 currentAminoAcid: K =&gt; 120
  input in matrix: state: C currentWindowPosition: 4 currentAminoAcid: K =&gt; 128
  input in matrix: state: C currentWindowPosition: 5 currentAminoAcid: K =&gt; 117
  input in matrix: state: C currentWindowPosition: 6 currentAminoAcid: K =&gt; 122
  input in matrix: state: C currentWindowPosition: 7 currentAminoAcid: K =&gt; 124
  input in matrix: state: C currentWindowPosition: 8 currentAminoAcid: K =&gt; 0
  input in matrix: state: C currentWindowPosition: 9 currentAminoAcid: K =&gt; 111
  input in matrix: state: C currentWindowPosition: 10 currentAminoAcid: K =&gt; 142
  input in matrix: state: C currentWindowPosition: 11 currentAminoAcid: K =&gt; 104
  input in matrix: state: C currentWindowPosition: 12 currentAminoAcid: K =&gt; 96
  input in matrix: state: C currentWindowPosition: 13 currentAminoAcid: K =&gt; 109
  input in matrix: state: C currentWindowPosition: 14 currentAminoAcid: K =&gt; 107
  input in matrix: state: C currentWindowPosition: 15 currentAminoAcid: K =&gt; 108
  input in matrix: state: C currentWindowPosition: 16 currentAminoAcid: K =&gt; 115
Process line: L	186	187	167	176	200	181	161	168	0	133	126	182	180	160	177	193	186
 data line!
  input in matrix: state: C currentWindowPosition: 0 currentAminoAcid: L =&gt; 186
  input in matrix: state: C currentWindowPosition: 1 currentAminoAcid: L =&gt; 187
  input in matrix: state: C currentWindowPosition: 2 currentAminoAcid: L =&gt; 167
  input in matrix: state: C currentWindowPosition: 3 currentAminoAcid: L =&gt; 176
  input in matrix: state: C currentWindowPosition: 4 currentAminoAcid: L =&gt; 200
  input in matrix: state: C currentWindowPosition: 5 currentAminoAcid: L =&gt; 181
  input in matrix: state: C currentWindowPosition: 6 currentAminoAcid: L =&gt; 161
  input in matrix: state: C currentWindowPosition: 7 currentAminoAcid: L =&gt; 168
  input in matrix: state: C currentWindowPosition: 8 currentAminoAcid: L =&gt; 0
  input in matrix: state: C currentWindowPosition: 9 currentAminoAcid: L =&gt; 133
  input in matrix: state: C currentWindowPosition: 10 currentAminoAcid: L =&gt; 126
  input in matrix: state: C currentWindowPosition: 11 currentAminoAcid: L =&gt; 182
  input in matrix: state: C currentWindowPosition: 12 currentAminoAcid: L =&gt; 180
  input in matrix: state: C currentWindowPosition: 13 currentAminoAcid: L =&gt; 160
  input in matrix: state: C currentWindowPosition: 14 currentAminoAcid: L =&gt; 177
  input in matrix: state: C currentWindowPosition: 15 currentAminoAcid: L =&gt; 193
  input in matrix: state: C currentWindowPosition: 16 currentAminoAcid: L =&gt; 186
Process line: M	41	51	47	56	41	47	29	39	0	33	36	37	36	44	33	46	38
 data line!
  input in matrix: state: C currentWindowPosition: 0 currentAminoAcid: M =&gt; 41
  input in matrix: state: C currentWindowPosition: 1 currentAminoAcid: M =&gt; 51
  input in matrix: state: C currentWindowPosition: 2 currentAminoAcid: M =&gt; 47
  input in matrix: state: C currentWindowPosition: 3 currentAminoAcid: M =&gt; 56
  input in matrix: state: C currentWindowPosition: 4 currentAminoAcid: M =&gt; 41
  input in matrix: state: C currentWindowPosition: 5 currentAminoAcid: M =&gt; 47
  input in matrix: state: C currentWindowPosition: 6 currentAminoAcid: M =&gt; 29
  input in matrix: state: C currentWindowPosition: 7 currentAminoAcid: M =&gt; 39
  input in matrix: state: C currentWindowPosition: 8 currentAminoAcid: M =&gt; 0
  input in matrix: state: C currentWindowPosition: 9 currentAminoAcid: M =&gt; 33
  input in matrix: state: C currentWindowPosition: 10 currentAminoAcid: M =&gt; 36
  input in matrix: state: C currentWindowPosition: 11 currentAminoAcid: M =&gt; 37
  input in matrix: state: C currentWindowPosition: 12 currentAminoAcid: M =&gt; 36
  input in matrix: state: C currentWindowPosition: 13 currentAminoAcid: M =&gt; 44
  input in matrix: state: C currentWindowPosition: 14 currentAminoAcid: M =&gt; 33
  input in matrix: state: C currentWindowPosition: 15 currentAminoAcid: M =&gt; 46
  input in matrix: state: C currentWindowPosition: 16 currentAminoAcid: M =&gt; 38
Process line: N	117	100	97	106	107	102	99	146	2110	128	90	102	84	103	98	96	100
 data line!
  input in matrix: state: C currentWindowPosition: 0 currentAminoAcid: N =&gt; 117
  input in matrix: state: C currentWindowPosition: 1 currentAminoAcid: N =&gt; 100
  input in matrix: state: C currentWindowPosition: 2 currentAminoAcid: N =&gt; 97
  input in matrix: state: C currentWindowPosition: 3 currentAminoAcid: N =&gt; 106
  input in matrix: state: C currentWindowPosition: 4 currentAminoAcid: N =&gt; 107
  input in matrix: state: C currentWindowPosition: 5 currentAminoAcid: N =&gt; 102
  input in matrix: state: C currentWindowPosition: 6 currentAminoAcid: N =&gt; 99
  input in matrix: state: C currentWindowPosition: 7 currentAminoAcid: N =&gt; 146
  input in matrix: state: C currentWindowPosition: 8 currentAminoAcid: N =&gt; 2110
  input in matrix: state: C currentWindowPosition: 9 currentAminoAcid: N =&gt; 128
  input in matrix: state: C currentWindowPosition: 10 currentAminoAcid: N =&gt; 90
  input in matrix: state: C currentWindowPosition: 11 currentAminoAcid: N =&gt; 102
  input in matrix: state: C currentWindowPosition: 12 currentAminoAcid: N =&gt; 84
  input in matrix: state: C currentWindowPosition: 13 currentAminoAcid: N =&gt; 103
  input in matrix: state: C currentWindowPosition: 14 currentAminoAcid: N =&gt; 98
  input in matrix: state: C currentWindowPosition: 15 currentAminoAcid: N =&gt; 96
  input in matrix: state: C currentWindowPosition: 16 currentAminoAcid: N =&gt; 100
Process line: P	84	93	90	84	93	102	99	128	0	200	138	112	107	113	105	108	78
 data line!
  input in matrix: state: C currentWindowPosition: 0 currentAminoAcid: P =&gt; 84
  input in matrix: state: C currentWindowPosition: 1 currentAminoAcid: P =&gt; 93
  input in matrix: state: C currentWindowPosition: 2 currentAminoAcid: P =&gt; 90
  input in matrix: state: C currentWindowPosition: 3 currentAminoAcid: P =&gt; 84
  input in matrix: state: C currentWindowPosition: 4 currentAminoAcid: P =&gt; 93
  input in matrix: state: C currentWindowPosition: 5 currentAminoAcid: P =&gt; 102
  input in matrix: state: C currentWindowPosition: 6 currentAminoAcid: P =&gt; 99
  input in matrix: state: C currentWindowPosition: 7 currentAminoAcid: P =&gt; 128
  input in matrix: state: C currentWindowPosition: 8 currentAminoAcid: P =&gt; 0
  input in matrix: state: C currentWindowPosition: 9 currentAminoAcid: P =&gt; 200
  input in matrix: state: C currentWindowPosition: 10 currentAminoAcid: P =&gt; 138
  input in matrix: state: C currentWindowPosition: 11 currentAminoAcid: P =&gt; 112
  input in matrix: state: C currentWindowPosition: 12 currentAminoAcid: P =&gt; 107
  input in matrix: state: C currentWindowPosition: 13 currentAminoAcid: P =&gt; 113
  input in matrix: state: C currentWindowPosition: 14 currentAminoAcid: P =&gt; 105
  input in matrix: state: C currentWindowPosition: 15 currentAminoAcid: P =&gt; 108
  input in matrix: state: C currentWindowPosition: 16 currentAminoAcid: P =&gt; 78
Process line: Q	75	74	63	67	69	65	79	85	0	75	75	71	58	82	78	88	73
 data line!
  input in matrix: state: C currentWindowPosition: 0 currentAminoAcid: Q =&gt; 75
  input in matrix: state: C currentWindowPosition: 1 currentAminoAcid: Q =&gt; 74
  input in matrix: state: C currentWindowPosition: 2 currentAminoAcid: Q =&gt; 63
  input in matrix: state: C currentWindowPosition: 3 currentAminoAcid: Q =&gt; 67
  input in matrix: state: C currentWindowPosition: 4 currentAminoAcid: Q =&gt; 69
  input in matrix: state: C currentWindowPosition: 5 currentAminoAcid: Q =&gt; 65
  input in matrix: state: C currentWindowPosition: 6 currentAminoAcid: Q =&gt; 79
  input in matrix: state: C currentWindowPosition: 7 currentAminoAcid: Q =&gt; 85
  input in matrix: state: C currentWindowPosition: 8 currentAminoAcid: Q =&gt; 0
  input in matrix: state: C currentWindowPosition: 9 currentAminoAcid: Q =&gt; 75
  input in matrix: state: C currentWindowPosition: 10 currentAminoAcid: Q =&gt; 75
  input in matrix: state: C currentWindowPosition: 11 currentAminoAcid: Q =&gt; 71
  input in matrix: state: C currentWindowPosition: 12 currentAminoAcid: Q =&gt; 58
  input in matrix: state: C currentWindowPosition: 13 currentAminoAcid: Q =&gt; 82
  input in matrix: state: C currentWindowPosition: 14 currentAminoAcid: Q =&gt; 78
  input in matrix: state: C currentWindowPosition: 15 currentAminoAcid: Q =&gt; 88
  input in matrix: state: C currentWindowPosition: 16 currentAminoAcid: Q =&gt; 73
Process line: R	100	86	83	89	74	91	70	87	0	86	93	80	101	96	85	81	98
 data line!
  input in matrix: state: C currentWindowPosition: 0 currentAminoAcid: R =&gt; 100
  input in matrix: state: C currentWindowPosition: 1 currentAminoAcid: R =&gt; 86
  input in matrix: state: C currentWindowPosition: 2 currentAminoAcid: R =&gt; 83
  input in matrix: state: C currentWindowPosition: 3 currentAminoAcid: R =&gt; 89
  input in matrix: state: C currentWindowPosition: 4 currentAminoAcid: R =&gt; 74
  input in matrix: state: C currentWindowPosition: 5 currentAminoAcid: R =&gt; 91
  input in matrix: state: C currentWindowPosition: 6 currentAminoAcid: R =&gt; 70
  input in matrix: state: C currentWindowPosition: 7 currentAminoAcid: R =&gt; 87
  input in matrix: state: C currentWindowPosition: 8 currentAminoAcid: R =&gt; 0
  input in matrix: state: C currentWindowPosition: 9 currentAminoAcid: R =&gt; 86
  input in matrix: state: C currentWindowPosition: 10 currentAminoAcid: R =&gt; 93
  input in matrix: state: C currentWindowPosition: 11 currentAminoAcid: R =&gt; 80
  input in matrix: state: C currentWindowPosition: 12 currentAminoAcid: R =&gt; 101
  input in matrix: state: C currentWindowPosition: 13 currentAminoAcid: R =&gt; 96
  input in matrix: state: C currentWindowPosition: 14 currentAminoAcid: R =&gt; 85
  input in matrix: state: C currentWindowPosition: 15 currentAminoAcid: R =&gt; 81
  input in matrix: state: C currentWindowPosition: 16 currentAminoAcid: R =&gt; 98
Process line: S	132	125	118	149	141	143	145	133	0	131	149	152	122	141	154	129	136
 data line!
  input in matrix: state: C currentWindowPosition: 0 currentAminoAcid: S =&gt; 132
  input in matrix: state: C currentWindowPosition: 1 currentAminoAcid: S =&gt; 125
  input in matrix: state: C currentWindowPosition: 2 currentAminoAcid: S =&gt; 118
  input in matrix: state: C currentWindowPosition: 3 currentAminoAcid: S =&gt; 149
  input in matrix: state: C currentWindowPosition: 4 currentAminoAcid: S =&gt; 141
  input in matrix: state: C currentWindowPosition: 5 currentAminoAcid: S =&gt; 143
  input in matrix: state: C currentWindowPosition: 6 currentAminoAcid: S =&gt; 145
  input in matrix: state: C currentWindowPosition: 7 currentAminoAcid: S =&gt; 133
  input in matrix: state: C currentWindowPosition: 8 currentAminoAcid: S =&gt; 0
  input in matrix: state: C currentWindowPosition: 9 currentAminoAcid: S =&gt; 131
  input in matrix: state: C currentWindowPosition: 10 currentAminoAcid: S =&gt; 149
  input in matrix: state: C currentWindowPosition: 11 currentAminoAcid: S =&gt; 152
  input in matrix: state: C currentWindowPosition: 12 currentAminoAcid: S =&gt; 122
  input in matrix: state: C currentWindowPosition: 13 currentAminoAcid: S =&gt; 141
  input in matrix: state: C currentWindowPosition: 14 currentAminoAcid: S =&gt; 154
  input in matrix: state: C currentWindowPosition: 15 currentAminoAcid: S =&gt; 129
  input in matrix: state: C currentWindowPosition: 16 currentAminoAcid: S =&gt; 136
Process line: T	127	131	137	109	114	115	139	117	0	139	146	151	138	126	119	123	127
 data line!
  input in matrix: state: C currentWindowPosition: 0 currentAminoAcid: T =&gt; 127
  input in matrix: state: C currentWindowPosition: 1 currentAminoAcid: T =&gt; 131
  input in matrix: state: C currentWindowPosition: 2 currentAminoAcid: T =&gt; 137
  input in matrix: state: C currentWindowPosition: 3 currentAminoAcid: T =&gt; 109
  input in matrix: state: C currentWindowPosition: 4 currentAminoAcid: T =&gt; 114
  input in matrix: state: C currentWindowPosition: 5 currentAminoAcid: T =&gt; 115
  input in matrix: state: C currentWindowPosition: 6 currentAminoAcid: T =&gt; 139
  input in matrix: state: C currentWindowPosition: 7 currentAminoAcid: T =&gt; 117
  input in matrix: state: C currentWindowPosition: 8 currentAminoAcid: T =&gt; 0
  input in matrix: state: C currentWindowPosition: 9 currentAminoAcid: T =&gt; 139
  input in matrix: state: C currentWindowPosition: 10 currentAminoAcid: T =&gt; 146
  input in matrix: state: C currentWindowPosition: 11 currentAminoAcid: T =&gt; 151
  input in matrix: state: C currentWindowPosition: 12 currentAminoAcid: T =&gt; 138
  input in matrix: state: C currentWindowPosition: 13 currentAminoAcid: T =&gt; 126
  input in matrix: state: C currentWindowPosition: 14 currentAminoAcid: T =&gt; 119
  input in matrix: state: C currentWindowPosition: 15 currentAminoAcid: T =&gt; 123
  input in matrix: state: C currentWindowPosition: 16 currentAminoAcid: T =&gt; 127
Process line: V	162	169	147	200	169	154	149	116	0	104	129	150	156	163	175	145	149
 data line!
  input in matrix: state: C currentWindowPosition: 0 currentAminoAcid: V =&gt; 162
  input in matrix: state: C currentWindowPosition: 1 currentAminoAcid: V =&gt; 169
  input in matrix: state: C currentWindowPosition: 2 currentAminoAcid: V =&gt; 147
  input in matrix: state: C currentWindowPosition: 3 currentAminoAcid: V =&gt; 200
  input in matrix: state: C currentWindowPosition: 4 currentAminoAcid: V =&gt; 169
  input in matrix: state: C currentWindowPosition: 5 currentAminoAcid: V =&gt; 154
  input in matrix: state: C currentWindowPosition: 6 currentAminoAcid: V =&gt; 149
  input in matrix: state: C currentWindowPosition: 7 currentAminoAcid: V =&gt; 116
  input in matrix: state: C currentWindowPosition: 8 currentAminoAcid: V =&gt; 0
  input in matrix: state: C currentWindowPosition: 9 currentAminoAcid: V =&gt; 104
  input in matrix: state: C currentWindowPosition: 10 currentAminoAcid: V =&gt; 129
  input in matrix: state: C currentWindowPosition: 11 currentAminoAcid: V =&gt; 150
  input in matrix: state: C currentWindowPosition: 12 currentAminoAcid: V =&gt; 156
  input in matrix: state: C currentWindowPosition: 13 currentAminoAcid: V =&gt; 163
  input in matrix: state: C currentWindowPosition: 14 currentAminoAcid: V =&gt; 175
  input in matrix: state: C currentWindowPosition: 15 currentAminoAcid: V =&gt; 145
  input in matrix: state: C currentWindowPosition: 16 currentAminoAcid: V =&gt; 149
Process line: W	33	41	51	41	39	31	29	30	0	35	20	36	36	40	36	35	38
 data line!
  input in matrix: state: C currentWindowPosition: 0 currentAminoAcid: W =&gt; 33
  input in matrix: state: C currentWindowPosition: 1 currentAminoAcid: W =&gt; 41
  input in matrix: state: C currentWindowPosition: 2 currentAminoAcid: W =&gt; 51
  input in matrix: state: C currentWindowPosition: 3 currentAminoAcid: W =&gt; 41
  input in matrix: state: C currentWindowPosition: 4 currentAminoAcid: W =&gt; 39
  input in matrix: state: C currentWindowPosition: 5 currentAminoAcid: W =&gt; 31
  input in matrix: state: C currentWindowPosition: 6 currentAminoAcid: W =&gt; 29
  input in matrix: state: C currentWindowPosition: 7 currentAminoAcid: W =&gt; 30
  input in matrix: state: C currentWindowPosition: 8 currentAminoAcid: W =&gt; 0
  input in matrix: state: C currentWindowPosition: 9 currentAminoAcid: W =&gt; 35
  input in matrix: state: C currentWindowPosition: 10 currentAminoAcid: W =&gt; 20
  input in matrix: state: C currentWindowPosition: 11 currentAminoAcid: W =&gt; 36
  input in matrix: state: C currentWindowPosition: 12 currentAminoAcid: W =&gt; 36
  input in matrix: state: C currentWindowPosition: 13 currentAminoAcid: W =&gt; 40
  input in matrix: state: C currentWindowPosition: 14 currentAminoAcid: W =&gt; 36
  input in matrix: state: C currentWindowPosition: 15 currentAminoAcid: W =&gt; 35
  input in matrix: state: C currentWindowPosition: 16 currentAminoAcid: W =&gt; 38
Process line: Y	83	78	90	82	88	92	73	71	0	78	80	82	85	86	81	90	92
 data line!
  input in matrix: state: C currentWindowPosition: 0 currentAminoAcid: Y =&gt; 83
  input in matrix: state: C currentWindowPosition: 1 currentAminoAcid: Y =&gt; 78
  input in matrix: state: C currentWindowPosition: 2 currentAminoAcid: Y =&gt; 90
  input in matrix: state: C currentWindowPosition: 3 currentAminoAcid: Y =&gt; 82
  input in matrix: state: C currentWindowPosition: 4 currentAminoAcid: Y =&gt; 88
  input in matrix: state: C currentWindowPosition: 5 currentAminoAcid: Y =&gt; 92
  input in matrix: state: C currentWindowPosition: 6 currentAminoAcid: Y =&gt; 73
  input in matrix: state: C currentWindowPosition: 7 currentAminoAcid: Y =&gt; 71
  input in matrix: state: C currentWindowPosition: 8 currentAminoAcid: Y =&gt; 0
  input in matrix: state: C currentWindowPosition: 9 currentAminoAcid: Y =&gt; 78
  input in matrix: state: C currentWindowPosition: 10 currentAminoAcid: Y =&gt; 80
  input in matrix: state: C currentWindowPosition: 11 currentAminoAcid: Y =&gt; 82
  input in matrix: state: C currentWindowPosition: 12 currentAminoAcid: Y =&gt; 85
  input in matrix: state: C currentWindowPosition: 13 currentAminoAcid: Y =&gt; 86
  input in matrix: state: C currentWindowPosition: 14 currentAminoAcid: Y =&gt; 81
  input in matrix: state: C currentWindowPosition: 15 currentAminoAcid: Y =&gt; 90
  input in matrix: state: C currentWindowPosition: 16 currentAminoAcid: Y =&gt; 92
Process line: 
 Skip line!
Process line: 
 Skip line!
Process line: =N,E=
 state line! (now in state: E)
Process line: 
 Skip line!
Process line: A	33	31	39	41	33	43	42	38	0	38	38	36	28	38	54	44	30
 data line!
  input in matrix: state: E currentWindowPosition: 0 currentAminoAcid: A =&gt; 33
  input in matrix: state: E currentWindowPosition: 1 currentAminoAcid: A =&gt; 31
  input in matrix: state: E currentWindowPosition: 2 currentAminoAcid: A =&gt; 39
  input in matrix: state: E currentWindowPosition: 3 currentAminoAcid: A =&gt; 41
  input in matrix: state: E currentWindowPosition: 4 currentAminoAcid: A =&gt; 33
  input in matrix: state: E currentWindowPosition: 5 currentAminoAcid: A =&gt; 43
  input in matrix: state: E currentWindowPosition: 6 currentAminoAcid: A =&gt; 42
  input in matrix: state: E currentWindowPosition: 7 currentAminoAcid: A =&gt; 38
  input in matrix: state: E currentWindowPosition: 8 currentAminoAcid: A =&gt; 0
  input in matrix: state: E currentWindowPosition: 9 currentAminoAcid: A =&gt; 38
  input in matrix: state: E currentWindowPosition: 10 currentAminoAcid: A =&gt; 38
  input in matrix: state: E currentWindowPosition: 11 currentAminoAcid: A =&gt; 36
  input in matrix: state: E currentWindowPosition: 12 currentAminoAcid: A =&gt; 28
  input in matrix: state: E currentWindowPosition: 13 currentAminoAcid: A =&gt; 38
  input in matrix: state: E currentWindowPosition: 14 currentAminoAcid: A =&gt; 54
  input in matrix: state: E currentWindowPosition: 15 currentAminoAcid: A =&gt; 44
  input in matrix: state: E currentWindowPosition: 16 currentAminoAcid: A =&gt; 30
Process line: C	9	7	16	2	8	9	4	12	0	13	12	9	10	9	13	10	9
 data line!
  input in matrix: state: E currentWindowPosition: 0 currentAminoAcid: C =&gt; 9
  input in matrix: state: E currentWindowPosition: 1 currentAminoAcid: C =&gt; 7
  input in matrix: state: E currentWindowPosition: 2 currentAminoAcid: C =&gt; 16
  input in matrix: state: E currentWindowPosition: 3 currentAminoAcid: C =&gt; 2
  input in matrix: state: E currentWindowPosition: 4 currentAminoAcid: C =&gt; 8
  input in matrix: state: E currentWindowPosition: 5 currentAminoAcid: C =&gt; 9
  input in matrix: state: E currentWindowPosition: 6 currentAminoAcid: C =&gt; 4
  input in matrix: state: E currentWindowPosition: 7 currentAminoAcid: C =&gt; 12
  input in matrix: state: E currentWindowPosition: 8 currentAminoAcid: C =&gt; 0
  input in matrix: state: E currentWindowPosition: 9 currentAminoAcid: C =&gt; 13
  input in matrix: state: E currentWindowPosition: 10 currentAminoAcid: C =&gt; 12
  input in matrix: state: E currentWindowPosition: 11 currentAminoAcid: C =&gt; 9
  input in matrix: state: E currentWindowPosition: 12 currentAminoAcid: C =&gt; 10
  input in matrix: state: E currentWindowPosition: 13 currentAminoAcid: C =&gt; 9
  input in matrix: state: E currentWindowPosition: 14 currentAminoAcid: C =&gt; 13
  input in matrix: state: E currentWindowPosition: 15 currentAminoAcid: C =&gt; 10
  input in matrix: state: E currentWindowPosition: 16 currentAminoAcid: C =&gt; 9
Process line: D	28	26	26	37	32	22	23	17	0	11	31	41	26	44	31	31	43
 data line!
  input in matrix: state: E currentWindowPosition: 0 currentAminoAcid: D =&gt; 28
  input in matrix: state: E currentWindowPosition: 1 currentAminoAcid: D =&gt; 26
  input in matrix: state: E currentWindowPosition: 2 currentAminoAcid: D =&gt; 26
  input in matrix: state: E currentWindowPosition: 3 currentAminoAcid: D =&gt; 37
  input in matrix: state: E currentWindowPosition: 4 currentAminoAcid: D =&gt; 32
  input in matrix: state: E currentWindowPosition: 5 currentAminoAcid: D =&gt; 22
  input in matrix: state: E currentWindowPosition: 6 currentAminoAcid: D =&gt; 23
  input in matrix: state: E currentWindowPosition: 7 currentAminoAcid: D =&gt; 17
  input in matrix: state: E currentWindowPosition: 8 currentAminoAcid: D =&gt; 0
  input in matrix: state: E currentWindowPosition: 9 currentAminoAcid: D =&gt; 11
  input in matrix: state: E currentWindowPosition: 10 currentAminoAcid: D =&gt; 31
  input in matrix: state: E currentWindowPosition: 11 currentAminoAcid: D =&gt; 41
  input in matrix: state: E currentWindowPosition: 12 currentAminoAcid: D =&gt; 26
  input in matrix: state: E currentWindowPosition: 13 currentAminoAcid: D =&gt; 44
  input in matrix: state: E currentWindowPosition: 14 currentAminoAcid: D =&gt; 31
  input in matrix: state: E currentWindowPosition: 15 currentAminoAcid: D =&gt; 31
  input in matrix: state: E currentWindowPosition: 16 currentAminoAcid: D =&gt; 43
Process line: E	31	19	25	24	23	22	20	18	0	18	24	25	26	29	21	25	23
 data line!
  input in matrix: state: E currentWindowPosition: 0 currentAminoAcid: E =&gt; 31
  input in matrix: state: E currentWindowPosition: 1 currentAminoAcid: E =&gt; 19
  input in matrix: state: E currentWindowPosition: 2 currentAminoAcid: E =&gt; 25
  input in matrix: state: E currentWindowPosition: 3 currentAminoAcid: E =&gt; 24
  input in matrix: state: E currentWindowPosition: 4 currentAminoAcid: E =&gt; 23
  input in matrix: state: E currentWindowPosition: 5 currentAminoAcid: E =&gt; 22
  input in matrix: state: E currentWindowPosition: 6 currentAminoAcid: E =&gt; 20
  input in matrix: state: E currentWindowPosition: 7 currentAminoAcid: E =&gt; 18
  input in matrix: state: E currentWindowPosition: 8 currentAminoAcid: E =&gt; 0
  input in matrix: state: E currentWindowPosition: 9 currentAminoAcid: E =&gt; 18
  input in matrix: state: E currentWindowPosition: 10 currentAminoAcid: E =&gt; 24
  input in matrix: state: E currentWindowPosition: 11 currentAminoAcid: E =&gt; 25
  input in matrix: state: E currentWindowPosition: 12 currentAminoAcid: E =&gt; 26
  input in matrix: state: E currentWindowPosition: 13 currentAminoAcid: E =&gt; 29
  input in matrix: state: E currentWindowPosition: 14 currentAminoAcid: E =&gt; 21
  input in matrix: state: E currentWindowPosition: 15 currentAminoAcid: E =&gt; 25
  input in matrix: state: E currentWindowPosition: 16 currentAminoAcid: E =&gt; 23
Process line: F	20	16	21	23	25	19	19	36	0	28	18	34	24	26	25	22	20
 data line!
  input in matrix: state: E currentWindowPosition: 0 currentAminoAcid: F =&gt; 20
  input in matrix: state: E currentWindowPosition: 1 currentAminoAcid: F =&gt; 16
  input in matrix: state: E currentWindowPosition: 2 currentAminoAcid: F =&gt; 21
  input in matrix: state: E currentWindowPosition: 3 currentAminoAcid: F =&gt; 23
  input in matrix: state: E currentWindowPosition: 4 currentAminoAcid: F =&gt; 25
  input in matrix: state: E currentWindowPosition: 5 currentAminoAcid: F =&gt; 19
  input in matrix: state: E currentWindowPosition: 6 currentAminoAcid: F =&gt; 19
  input in matrix: state: E currentWindowPosition: 7 currentAminoAcid: F =&gt; 36
  input in matrix: state: E currentWindowPosition: 8 currentAminoAcid: F =&gt; 0
  input in matrix: state: E currentWindowPosition: 9 currentAminoAcid: F =&gt; 28
  input in matrix: state: E currentWindowPosition: 10 currentAminoAcid: F =&gt; 18
  input in matrix: state: E currentWindowPosition: 11 currentAminoAcid: F =&gt; 34
  input in matrix: state: E currentWindowPosition: 12 currentAminoAcid: F =&gt; 24
  input in matrix: state: E currentWindowPosition: 13 currentAminoAcid: F =&gt; 26
  input in matrix: state: E currentWindowPosition: 14 currentAminoAcid: F =&gt; 25
  input in matrix: state: E currentWindowPosition: 15 currentAminoAcid: F =&gt; 22
  input in matrix: state: E currentWindowPosition: 16 currentAminoAcid: F =&gt; 20
Process line: G	43	57	53	46	54	38	63	42	0	40	43	50	51	48	52	52	43
 data line!
  input in matrix: state: E currentWindowPosition: 0 currentAminoAcid: G =&gt; 43
  input in matrix: state: E currentWindowPosition: 1 currentAminoAcid: G =&gt; 57
  input in matrix: state: E currentWindowPosition: 2 currentAminoAcid: G =&gt; 53
  input in matrix: state: E currentWindowPosition: 3 currentAminoAcid: G =&gt; 46
  input in matrix: state: E currentWindowPosition: 4 currentAminoAcid: G =&gt; 54
  input in matrix: state: E currentWindowPosition: 5 currentAminoAcid: G =&gt; 38
  input in matrix: state: E currentWindowPosition: 6 currentAminoAcid: G =&gt; 63
  input in matrix: state: E currentWindowPosition: 7 currentAminoAcid: G =&gt; 42
  input in matrix: state: E currentWindowPosition: 8 currentAminoAcid: G =&gt; 0
  input in matrix: state: E currentWindowPosition: 9 currentAminoAcid: G =&gt; 40
  input in matrix: state: E currentWindowPosition: 10 currentAminoAcid: G =&gt; 43
  input in matrix: state: E currentWindowPosition: 11 currentAminoAcid: G =&gt; 50
  input in matrix: state: E currentWindowPosition: 12 currentAminoAcid: G =&gt; 51
  input in matrix: state: E currentWindowPosition: 13 currentAminoAcid: G =&gt; 48
  input in matrix: state: E currentWindowPosition: 14 currentAminoAcid: G =&gt; 52
  input in matrix: state: E currentWindowPosition: 15 currentAminoAcid: G =&gt; 52
  input in matrix: state: E currentWindowPosition: 16 currentAminoAcid: G =&gt; 43
Process line: H	9	10	16	16	14	8	14	6	0	7	9	10	6	7	9	8	9
 data line!
  input in matrix: state: E currentWindowPosition: 0 currentAminoAcid: H =&gt; 9
  input in matrix: state: E currentWindowPosition: 1 currentAminoAcid: H =&gt; 10
  input in matrix: state: E currentWindowPosition: 2 currentAminoAcid: H =&gt; 16
  input in matrix: state: E currentWindowPosition: 3 currentAminoAcid: H =&gt; 16
  input in matrix: state: E currentWindowPosition: 4 currentAminoAcid: H =&gt; 14
  input in matrix: state: E currentWindowPosition: 5 currentAminoAcid: H =&gt; 8
  input in matrix: state: E currentWindowPosition: 6 currentAminoAcid: H =&gt; 14
  input in matrix: state: E currentWindowPosition: 7 currentAminoAcid: H =&gt; 6
  input in matrix: state: E currentWindowPosition: 8 currentAminoAcid: H =&gt; 0
  input in matrix: state: E currentWindowPosition: 9 currentAminoAcid: H =&gt; 7
  input in matrix: state: E currentWindowPosition: 10 currentAminoAcid: H =&gt; 9
  input in matrix: state: E currentWindowPosition: 11 currentAminoAcid: H =&gt; 10
  input in matrix: state: E currentWindowPosition: 12 currentAminoAcid: H =&gt; 6
  input in matrix: state: E currentWindowPosition: 13 currentAminoAcid: H =&gt; 7
  input in matrix: state: E currentWindowPosition: 14 currentAminoAcid: H =&gt; 9
  input in matrix: state: E currentWindowPosition: 15 currentAminoAcid: H =&gt; 8
  input in matrix: state: E currentWindowPosition: 16 currentAminoAcid: H =&gt; 9
Process line: I	31	29	24	29	29	51	31	51	0	50	36	28	34	23	27	21	28
 data line!
  input in matrix: state: E currentWindowPosition: 0 currentAminoAcid: I =&gt; 31
  input in matrix: state: E currentWindowPosition: 1 currentAminoAcid: I =&gt; 29
  input in matrix: state: E currentWindowPosition: 2 currentAminoAcid: I =&gt; 24
  input in matrix: state: E currentWindowPosition: 3 currentAminoAcid: I =&gt; 29
  input in matrix: state: E currentWindowPosition: 4 currentAminoAcid: I =&gt; 29
  input in matrix: state: E currentWindowPosition: 5 currentAminoAcid: I =&gt; 51
  input in matrix: state: E currentWindowPosition: 6 currentAminoAcid: I =&gt; 31
  input in matrix: state: E currentWindowPosition: 7 currentAminoAcid: I =&gt; 51
  input in matrix: state: E currentWindowPosition: 8 currentAminoAcid: I =&gt; 0
  input in matrix: state: E currentWindowPosition: 9 currentAminoAcid: I =&gt; 50
  input in matrix: state: E currentWindowPosition: 10 currentAminoAcid: I =&gt; 36
  input in matrix: state: E currentWindowPosition: 11 currentAminoAcid: I =&gt; 28
  input in matrix: state: E currentWindowPosition: 12 currentAminoAcid: I =&gt; 34
  input in matrix: state: E currentWindowPosition: 13 currentAminoAcid: I =&gt; 23
  input in matrix: state: E currentWindowPosition: 14 currentAminoAcid: I =&gt; 27
  input in matrix: state: E currentWindowPosition: 15 currentAminoAcid: I =&gt; 21
  input in matrix: state: E currentWindowPosition: 16 currentAminoAcid: I =&gt; 28
Process line: K	36	33	35	30	24	34	23	21	0	22	29	16	26	33	26	32	34
 data line!
  input in matrix: state: E currentWindowPosition: 0 currentAminoAcid: K =&gt; 36
  input in matrix: state: E currentWindowPosition: 1 currentAminoAcid: K =&gt; 33
  input in matrix: state: E currentWindowPosition: 2 currentAminoAcid: K =&gt; 35
  input in matrix: state: E currentWindowPosition: 3 currentAminoAcid: K =&gt; 30
  input in matrix: state: E currentWindowPosition: 4 currentAminoAcid: K =&gt; 24
  input in matrix: state: E currentWindowPosition: 5 currentAminoAcid: K =&gt; 34
  input in matrix: state: E currentWindowPosition: 6 currentAminoAcid: K =&gt; 23
  input in matrix: state: E currentWindowPosition: 7 currentAminoAcid: K =&gt; 21
  input in matrix: state: E currentWindowPosition: 8 currentAminoAcid: K =&gt; 0
  input in matrix: state: E currentWindowPosition: 9 currentAminoAcid: K =&gt; 22
  input in matrix: state: E currentWindowPosition: 10 currentAminoAcid: K =&gt; 29
  input in matrix: state: E currentWindowPosition: 11 currentAminoAcid: K =&gt; 16
  input in matrix: state: E currentWindowPosition: 12 currentAminoAcid: K =&gt; 26
  input in matrix: state: E currentWindowPosition: 13 currentAminoAcid: K =&gt; 33
  input in matrix: state: E currentWindowPosition: 14 currentAminoAcid: K =&gt; 26
  input in matrix: state: E currentWindowPosition: 15 currentAminoAcid: K =&gt; 32
  input in matrix: state: E currentWindowPosition: 16 currentAminoAcid: K =&gt; 34
Process line: L	37	39	35	42	35	45	44	52	0	61	31	42	33	28	37	51	40
 data line!
  input in matrix: state: E currentWindowPosition: 0 currentAminoAcid: L =&gt; 37
  input in matrix: state: E currentWindowPosition: 1 currentAminoAcid: L =&gt; 39
  input in matrix: state: E currentWindowPosition: 2 currentAminoAcid: L =&gt; 35
  input in matrix: state: E currentWindowPosition: 3 currentAminoAcid: L =&gt; 42
  input in matrix: state: E currentWindowPosition: 4 currentAminoAcid: L =&gt; 35
  input in matrix: state: E currentWindowPosition: 5 currentAminoAcid: L =&gt; 45
  input in matrix: state: E currentWindowPosition: 6 currentAminoAcid: L =&gt; 44
  input in matrix: state: E currentWindowPosition: 7 currentAminoAcid: L =&gt; 52
  input in matrix: state: E currentWindowPosition: 8 currentAminoAcid: L =&gt; 0
  input in matrix: state: E currentWindowPosition: 9 currentAminoAcid: L =&gt; 61
  input in matrix: state: E currentWindowPosition: 10 currentAminoAcid: L =&gt; 31
  input in matrix: state: E currentWindowPosition: 11 currentAminoAcid: L =&gt; 42
  input in matrix: state: E currentWindowPosition: 12 currentAminoAcid: L =&gt; 33
  input in matrix: state: E currentWindowPosition: 13 currentAminoAcid: L =&gt; 28
  input in matrix: state: E currentWindowPosition: 14 currentAminoAcid: L =&gt; 37
  input in matrix: state: E currentWindowPosition: 15 currentAminoAcid: L =&gt; 51
  input in matrix: state: E currentWindowPosition: 16 currentAminoAcid: L =&gt; 40
Process line: M	9	9	8	10	17	3	10	11	0	12	8	9	9	6	10	11	7
 data line!
  input in matrix: state: E currentWindowPosition: 0 currentAminoAcid: M =&gt; 9
  input in matrix: state: E currentWindowPosition: 1 currentAminoAcid: M =&gt; 9
  input in matrix: state: E currentWindowPosition: 2 currentAminoAcid: M =&gt; 8
  input in matrix: state: E currentWindowPosition: 3 currentAminoAcid: M =&gt; 10
  input in matrix: state: E currentWindowPosition: 4 currentAminoAcid: M =&gt; 17
  input in matrix: state: E currentWindowPosition: 5 currentAminoAcid: M =&gt; 3
  input in matrix: state: E currentWindowPosition: 6 currentAminoAcid: M =&gt; 10
  input in matrix: state: E currentWindowPosition: 7 currentAminoAcid: M =&gt; 11
  input in matrix: state: E currentWindowPosition: 8 currentAminoAcid: M =&gt; 0
  input in matrix: state: E currentWindowPosition: 9 currentAminoAcid: M =&gt; 12
  input in matrix: state: E currentWindowPosition: 10 currentAminoAcid: M =&gt; 8
  input in matrix: state: E currentWindowPosition: 11 currentAminoAcid: M =&gt; 9
  input in matrix: state: E currentWindowPosition: 12 currentAminoAcid: M =&gt; 9
  input in matrix: state: E currentWindowPosition: 13 currentAminoAcid: M =&gt; 6
  input in matrix: state: E currentWindowPosition: 14 currentAminoAcid: M =&gt; 10
  input in matrix: state: E currentWindowPosition: 15 currentAminoAcid: M =&gt; 11
  input in matrix: state: E currentWindowPosition: 16 currentAminoAcid: M =&gt; 7
Process line: N	25	26	32	27	22	29	27	13	529	27	36	35	36	40	33	30	21
 data line!
  input in matrix: state: E currentWindowPosition: 0 currentAminoAcid: N =&gt; 25
  input in matrix: state: E currentWindowPosition: 1 currentAminoAcid: N =&gt; 26
  input in matrix: state: E currentWindowPosition: 2 currentAminoAcid: N =&gt; 32
  input in matrix: state: E currentWindowPosition: 3 currentAminoAcid: N =&gt; 27
  input in matrix: state: E currentWindowPosition: 4 currentAminoAcid: N =&gt; 22
  input in matrix: state: E currentWindowPosition: 5 currentAminoAcid: N =&gt; 29
  input in matrix: state: E currentWindowPosition: 6 currentAminoAcid: N =&gt; 27
  input in matrix: state: E currentWindowPosition: 7 currentAminoAcid: N =&gt; 13
  input in matrix: state: E currentWindowPosition: 8 currentAminoAcid: N =&gt; 529
  input in matrix: state: E currentWindowPosition: 9 currentAminoAcid: N =&gt; 27
  input in matrix: state: E currentWindowPosition: 10 currentAminoAcid: N =&gt; 36
  input in matrix: state: E currentWindowPosition: 11 currentAminoAcid: N =&gt; 35
  input in matrix: state: E currentWindowPosition: 12 currentAminoAcid: N =&gt; 36
  input in matrix: state: E currentWindowPosition: 13 currentAminoAcid: N =&gt; 40
  input in matrix: state: E currentWindowPosition: 14 currentAminoAcid: N =&gt; 33
  input in matrix: state: E currentWindowPosition: 15 currentAminoAcid: N =&gt; 30
  input in matrix: state: E currentWindowPosition: 16 currentAminoAcid: N =&gt; 21
Process line: P	23	37	25	23	27	26	13	13	0	8	26	8	21	30	27	24	31
 data line!
  input in matrix: state: E currentWindowPosition: 0 currentAminoAcid: P =&gt; 23
  input in matrix: state: E currentWindowPosition: 1 currentAminoAcid: P =&gt; 37
  input in matrix: state: E currentWindowPosition: 2 currentAminoAcid: P =&gt; 25
  input in matrix: state: E currentWindowPosition: 3 currentAminoAcid: P =&gt; 23
  input in matrix: state: E currentWindowPosition: 4 currentAminoAcid: P =&gt; 27
  input in matrix: state: E currentWindowPosition: 5 currentAminoAcid: P =&gt; 26
  input in matrix: state: E currentWindowPosition: 6 currentAminoAcid: P =&gt; 13
  input in matrix: state: E currentWindowPosition: 7 currentAminoAcid: P =&gt; 13
  input in matrix: state: E currentWindowPosition: 8 currentAminoAcid: P =&gt; 0
  input in matrix: state: E currentWindowPosition: 9 currentAminoAcid: P =&gt; 8
  input in matrix: state: E currentWindowPosition: 10 currentAminoAcid: P =&gt; 26
  input in matrix: state: E currentWindowPosition: 11 currentAminoAcid: P =&gt; 8
  input in matrix: state: E currentWindowPosition: 12 currentAminoAcid: P =&gt; 21
  input in matrix: state: E currentWindowPosition: 13 currentAminoAcid: P =&gt; 30
  input in matrix: state: E currentWindowPosition: 14 currentAminoAcid: P =&gt; 27
  input in matrix: state: E currentWindowPosition: 15 currentAminoAcid: P =&gt; 24
  input in matrix: state: E currentWindowPosition: 16 currentAminoAcid: P =&gt; 31
Process line: Q	22	24	21	21	19	18	25	19	0	17	21	19	18	8	16	18	21
 data line!
  input in matrix: state: E currentWindowPosition: 0 currentAminoAcid: Q =&gt; 22
  input in matrix: state: E currentWindowPosition: 1 currentAminoAcid: Q =&gt; 24
  input in matrix: state: E currentWindowPosition: 2 currentAminoAcid: Q =&gt; 21
  input in matrix: state: E currentWindowPosition: 3 currentAminoAcid: Q =&gt; 21
  input in matrix: state: E currentWindowPosition: 4 currentAminoAcid: Q =&gt; 19
  input in matrix: state: E currentWindowPosition: 5 currentAminoAcid: Q =&gt; 18
  input in matrix: state: E currentWindowPosition: 6 currentAminoAcid: Q =&gt; 25
  input in matrix: state: E currentWindowPosition: 7 currentAminoAcid: Q =&gt; 19
  input in matrix: state: E currentWindowPosition: 8 currentAminoAcid: Q =&gt; 0
  input in matrix: state: E currentWindowPosition: 9 currentAminoAcid: Q =&gt; 17
  input in matrix: state: E currentWindowPosition: 10 currentAminoAcid: Q =&gt; 21
  input in matrix: state: E currentWindowPosition: 11 currentAminoAcid: Q =&gt; 19
  input in matrix: state: E currentWindowPosition: 12 currentAminoAcid: Q =&gt; 18
  input in matrix: state: E currentWindowPosition: 13 currentAminoAcid: Q =&gt; 8
  input in matrix: state: E currentWindowPosition: 14 currentAminoAcid: Q =&gt; 16
  input in matrix: state: E currentWindowPosition: 15 currentAminoAcid: Q =&gt; 18
  input in matrix: state: E currentWindowPosition: 16 currentAminoAcid: Q =&gt; 21
Process line: R	24	22	30	24	17	15	20	12	0	16	12	20	29	17	14	21	27
 data line!
  input in matrix: state: E currentWindowPosition: 0 currentAminoAcid: R =&gt; 24
  input in matrix: state: E currentWindowPosition: 1 currentAminoAcid: R =&gt; 22
  input in matrix: state: E currentWindowPosition: 2 currentAminoAcid: R =&gt; 30
  input in matrix: state: E currentWindowPosition: 3 currentAminoAcid: R =&gt; 24
  input in matrix: state: E currentWindowPosition: 4 currentAminoAcid: R =&gt; 17
  input in matrix: state: E currentWindowPosition: 5 currentAminoAcid: R =&gt; 15
  input in matrix: state: E currentWindowPosition: 6 currentAminoAcid: R =&gt; 20
  input in matrix: state: E currentWindowPosition: 7 currentAminoAcid: R =&gt; 12
  input in matrix: state: E currentWindowPosition: 8 currentAminoAcid: R =&gt; 0
  input in matrix: state: E currentWindowPosition: 9 currentAminoAcid: R =&gt; 16
  input in matrix: state: E currentWindowPosition: 10 currentAminoAcid: R =&gt; 12
  input in matrix: state: E currentWindowPosition: 11 currentAminoAcid: R =&gt; 20
  input in matrix: state: E currentWindowPosition: 12 currentAminoAcid: R =&gt; 29
  input in matrix: state: E currentWindowPosition: 13 currentAminoAcid: R =&gt; 17
  input in matrix: state: E currentWindowPosition: 14 currentAminoAcid: R =&gt; 14
  input in matrix: state: E currentWindowPosition: 15 currentAminoAcid: R =&gt; 21
  input in matrix: state: E currentWindowPosition: 16 currentAminoAcid: R =&gt; 27
Process line: S	50	35	30	30	30	34	29	24	0	27	37	46	31	38	31	34	39
 data line!
  input in matrix: state: E currentWindowPosition: 0 currentAminoAcid: S =&gt; 50
  input in matrix: state: E currentWindowPosition: 1 currentAminoAcid: S =&gt; 35
  input in matrix: state: E currentWindowPosition: 2 currentAminoAcid: S =&gt; 30
  input in matrix: state: E currentWindowPosition: 3 currentAminoAcid: S =&gt; 30
  input in matrix: state: E currentWindowPosition: 4 currentAminoAcid: S =&gt; 30
  input in matrix: state: E currentWindowPosition: 5 currentAminoAcid: S =&gt; 34
  input in matrix: state: E currentWindowPosition: 6 currentAminoAcid: S =&gt; 29
  input in matrix: state: E currentWindowPosition: 7 currentAminoAcid: S =&gt; 24
  input in matrix: state: E currentWindowPosition: 8 currentAminoAcid: S =&gt; 0
  input in matrix: state: E currentWindowPosition: 9 currentAminoAcid: S =&gt; 27
  input in matrix: state: E currentWindowPosition: 10 currentAminoAcid: S =&gt; 37
  input in matrix: state: E currentWindowPosition: 11 currentAminoAcid: S =&gt; 46
  input in matrix: state: E currentWindowPosition: 12 currentAminoAcid: S =&gt; 31
  input in matrix: state: E currentWindowPosition: 13 currentAminoAcid: S =&gt; 38
  input in matrix: state: E currentWindowPosition: 14 currentAminoAcid: S =&gt; 31
  input in matrix: state: E currentWindowPosition: 15 currentAminoAcid: S =&gt; 34
  input in matrix: state: E currentWindowPosition: 16 currentAminoAcid: S =&gt; 39
Process line: T	30	43	37	41	36	44	37	28	0	35	34	34	47	35	37	36	38
 data line!
  input in matrix: state: E currentWindowPosition: 0 currentAminoAcid: T =&gt; 30
  input in matrix: state: E currentWindowPosition: 1 currentAminoAcid: T =&gt; 43
  input in matrix: state: E currentWindowPosition: 2 currentAminoAcid: T =&gt; 37
  input in matrix: state: E currentWindowPosition: 3 currentAminoAcid: T =&gt; 41
  input in matrix: state: E currentWindowPosition: 4 currentAminoAcid: T =&gt; 36
  input in matrix: state: E currentWindowPosition: 5 currentAminoAcid: T =&gt; 44
  input in matrix: state: E currentWindowPosition: 6 currentAminoAcid: T =&gt; 37
  input in matrix: state: E currentWindowPosition: 7 currentAminoAcid: T =&gt; 28
  input in matrix: state: E currentWindowPosition: 8 currentAminoAcid: T =&gt; 0
  input in matrix: state: E currentWindowPosition: 9 currentAminoAcid: T =&gt; 35
  input in matrix: state: E currentWindowPosition: 10 currentAminoAcid: T =&gt; 34
  input in matrix: state: E currentWindowPosition: 11 currentAminoAcid: T =&gt; 34
  input in matrix: state: E currentWindowPosition: 12 currentAminoAcid: T =&gt; 47
  input in matrix: state: E currentWindowPosition: 13 currentAminoAcid: T =&gt; 35
  input in matrix: state: E currentWindowPosition: 14 currentAminoAcid: T =&gt; 37
  input in matrix: state: E currentWindowPosition: 15 currentAminoAcid: T =&gt; 36
  input in matrix: state: E currentWindowPosition: 16 currentAminoAcid: T =&gt; 38
Process line: V	44	41	34	40	55	40	54	65	0	56	43	40	39	47	33	38	46
 data line!
  input in matrix: state: E currentWindowPosition: 0 currentAminoAcid: V =&gt; 44
  input in matrix: state: E currentWindowPosition: 1 currentAminoAcid: V =&gt; 41
  input in matrix: state: E currentWindowPosition: 2 currentAminoAcid: V =&gt; 34
  input in matrix: state: E currentWindowPosition: 3 currentAminoAcid: V =&gt; 40
  input in matrix: state: E currentWindowPosition: 4 currentAminoAcid: V =&gt; 55
  input in matrix: state: E currentWindowPosition: 5 currentAminoAcid: V =&gt; 40
  input in matrix: state: E currentWindowPosition: 6 currentAminoAcid: V =&gt; 54
  input in matrix: state: E currentWindowPosition: 7 currentAminoAcid: V =&gt; 65
  input in matrix: state: E currentWindowPosition: 8 currentAminoAcid: V =&gt; 0
  input in matrix: state: E currentWindowPosition: 9 currentAminoAcid: V =&gt; 56
  input in matrix: state: E currentWindowPosition: 10 currentAminoAcid: V =&gt; 43
  input in matrix: state: E currentWindowPosition: 11 currentAminoAcid: V =&gt; 40
  input in matrix: state: E currentWindowPosition: 12 currentAminoAcid: V =&gt; 39
  input in matrix: state: E currentWindowPosition: 13 currentAminoAcid: V =&gt; 47
  input in matrix: state: E currentWindowPosition: 14 currentAminoAcid: V =&gt; 33
  input in matrix: state: E currentWindowPosition: 15 currentAminoAcid: V =&gt; 38
  input in matrix: state: E currentWindowPosition: 16 currentAminoAcid: V =&gt; 46
Process line: W	7	10	4	3	11	7	11	11	0	10	9	7	10	9	10	6	8
 data line!
  input in matrix: state: E currentWindowPosition: 0 currentAminoAcid: W =&gt; 7
  input in matrix: state: E currentWindowPosition: 1 currentAminoAcid: W =&gt; 10
  input in matrix: state: E currentWindowPosition: 2 currentAminoAcid: W =&gt; 4
  input in matrix: state: E currentWindowPosition: 3 currentAminoAcid: W =&gt; 3
  input in matrix: state: E currentWindowPosition: 4 currentAminoAcid: W =&gt; 11
  input in matrix: state: E currentWindowPosition: 5 currentAminoAcid: W =&gt; 7
  input in matrix: state: E currentWindowPosition: 6 currentAminoAcid: W =&gt; 11
  input in matrix: state: E currentWindowPosition: 7 currentAminoAcid: W =&gt; 11
  input in matrix: state: E currentWindowPosition: 8 currentAminoAcid: W =&gt; 0
  input in matrix: state: E currentWindowPosition: 9 currentAminoAcid: W =&gt; 10
  input in matrix: state: E currentWindowPosition: 10 currentAminoAcid: W =&gt; 9
  input in matrix: state: E currentWindowPosition: 11 currentAminoAcid: W =&gt; 7
  input in matrix: state: E currentWindowPosition: 12 currentAminoAcid: W =&gt; 10
  input in matrix: state: E currentWindowPosition: 13 currentAminoAcid: W =&gt; 9
  input in matrix: state: E currentWindowPosition: 14 currentAminoAcid: W =&gt; 10
  input in matrix: state: E currentWindowPosition: 15 currentAminoAcid: W =&gt; 6
  input in matrix: state: E currentWindowPosition: 16 currentAminoAcid: W =&gt; 8
Process line: Y	18	15	18	20	18	22	20	40	0	33	32	20	25	14	23	15	12
 data line!
  input in matrix: state: E currentWindowPosition: 0 currentAminoAcid: Y =&gt; 18
  input in matrix: state: E currentWindowPosition: 1 currentAminoAcid: Y =&gt; 15
  input in matrix: state: E currentWindowPosition: 2 currentAminoAcid: Y =&gt; 18
  input in matrix: state: E currentWindowPosition: 3 currentAminoAcid: Y =&gt; 20
  input in matrix: state: E currentWindowPosition: 4 currentAminoAcid: Y =&gt; 18
  input in matrix: state: E currentWindowPosition: 5 currentAminoAcid: Y =&gt; 22
  input in matrix: state: E currentWindowPosition: 6 currentAminoAcid: Y =&gt; 20
  input in matrix: state: E currentWindowPosition: 7 currentAminoAcid: Y =&gt; 40
  input in matrix: state: E currentWindowPosition: 8 currentAminoAcid: Y =&gt; 0
  input in matrix: state: E currentWindowPosition: 9 currentAminoAcid: Y =&gt; 33
  input in matrix: state: E currentWindowPosition: 10 currentAminoAcid: Y =&gt; 32
  input in matrix: state: E currentWindowPosition: 11 currentAminoAcid: Y =&gt; 20
  input in matrix: state: E currentWindowPosition: 12 currentAminoAcid: Y =&gt; 25
  input in matrix: state: E currentWindowPosition: 13 currentAminoAcid: Y =&gt; 14
  input in matrix: state: E currentWindowPosition: 14 currentAminoAcid: Y =&gt; 23
  input in matrix: state: E currentWindowPosition: 15 currentAminoAcid: Y =&gt; 15
  input in matrix: state: E currentWindowPosition: 16 currentAminoAcid: Y =&gt; 12
Process line: 
 Skip line!
Process line: 
 Skip line!
Process line: =N,H=
 state line! (now in state: H)
Process line: 
 Skip line!
Process line: A	94	95	93	113	72	108	95	106	0	139	123	103	94	98	94	88	92
 data line!
  input in matrix: state: H currentWindowPosition: 0 currentAminoAcid: A =&gt; 94
  input in matrix: state: H currentWindowPosition: 1 currentAminoAcid: A =&gt; 95
  input in matrix: state: H currentWindowPosition: 2 currentAminoAcid: A =&gt; 93
  input in matrix: state: H currentWindowPosition: 3 currentAminoAcid: A =&gt; 113
  input in matrix: state: H currentWindowPosition: 4 currentAminoAcid: A =&gt; 72
  input in matrix: state: H currentWindowPosition: 5 currentAminoAcid: A =&gt; 108
  input in matrix: state: H currentWindowPosition: 6 currentAminoAcid: A =&gt; 95
  input in matrix: state: H currentWindowPosition: 7 currentAminoAcid: A =&gt; 106
  input in matrix: state: H currentWindowPosition: 8 currentAminoAcid: A =&gt; 0
  input in matrix: state: H currentWindowPosition: 9 currentAminoAcid: A =&gt; 139
  input in matrix: state: H currentWindowPosition: 10 currentAminoAcid: A =&gt; 123
  input in matrix: state: H currentWindowPosition: 11 currentAminoAcid: A =&gt; 103
  input in matrix: state: H currentWindowPosition: 12 currentAminoAcid: A =&gt; 94
  input in matrix: state: H currentWindowPosition: 13 currentAminoAcid: A =&gt; 98
  input in matrix: state: H currentWindowPosition: 14 currentAminoAcid: A =&gt; 94
  input in matrix: state: H currentWindowPosition: 15 currentAminoAcid: A =&gt; 88
  input in matrix: state: H currentWindowPosition: 16 currentAminoAcid: A =&gt; 92
Process line: C	19	8	12	14	9	19	17	22	0	15	17	26	9	18	14	12	13
 data line!
  input in matrix: state: H currentWindowPosition: 0 currentAminoAcid: C =&gt; 19
  input in matrix: state: H currentWindowPosition: 1 currentAminoAcid: C =&gt; 8
  input in matrix: state: H currentWindowPosition: 2 currentAminoAcid: C =&gt; 12
  input in matrix: state: H currentWindowPosition: 3 currentAminoAcid: C =&gt; 14
  input in matrix: state: H currentWindowPosition: 4 currentAminoAcid: C =&gt; 9
  input in matrix: state: H currentWindowPosition: 5 currentAminoAcid: C =&gt; 19
  input in matrix: state: H currentWindowPosition: 6 currentAminoAcid: C =&gt; 17
  input in matrix: state: H currentWindowPosition: 7 currentAminoAcid: C =&gt; 22
  input in matrix: state: H currentWindowPosition: 8 currentAminoAcid: C =&gt; 0
  input in matrix: state: H currentWindowPosition: 9 currentAminoAcid: C =&gt; 15
  input in matrix: state: H currentWindowPosition: 10 currentAminoAcid: C =&gt; 17
  input in matrix: state: H currentWindowPosition: 11 currentAminoAcid: C =&gt; 26
  input in matrix: state: H currentWindowPosition: 12 currentAminoAcid: C =&gt; 9
  input in matrix: state: H currentWindowPosition: 13 currentAminoAcid: C =&gt; 18
  input in matrix: state: H currentWindowPosition: 14 currentAminoAcid: C =&gt; 14
  input in matrix: state: H currentWindowPosition: 15 currentAminoAcid: C =&gt; 12
  input in matrix: state: H currentWindowPosition: 16 currentAminoAcid: C =&gt; 13
Process line: D	62	78	64	63	78	67	42	47	0	45	32	44	56	48	47	61	59
 data line!
  input in matrix: state: H currentWindowPosition: 0 currentAminoAcid: D =&gt; 62
  input in matrix: state: H currentWindowPosition: 1 currentAminoAcid: D =&gt; 78
  input in matrix: state: H currentWindowPosition: 2 currentAminoAcid: D =&gt; 64
  input in matrix: state: H currentWindowPosition: 3 currentAminoAcid: D =&gt; 63
  input in matrix: state: H currentWindowPosition: 4 currentAminoAcid: D =&gt; 78
  input in matrix: state: H currentWindowPosition: 5 currentAminoAcid: D =&gt; 67
  input in matrix: state: H currentWindowPosition: 6 currentAminoAcid: D =&gt; 42
  input in matrix: state: H currentWindowPosition: 7 currentAminoAcid: D =&gt; 47
  input in matrix: state: H currentWindowPosition: 8 currentAminoAcid: D =&gt; 0
  input in matrix: state: H currentWindowPosition: 9 currentAminoAcid: D =&gt; 45
  input in matrix: state: H currentWindowPosition: 10 currentAminoAcid: D =&gt; 32
  input in matrix: state: H currentWindowPosition: 11 currentAminoAcid: D =&gt; 44
  input in matrix: state: H currentWindowPosition: 12 currentAminoAcid: D =&gt; 56
  input in matrix: state: H currentWindowPosition: 13 currentAminoAcid: D =&gt; 48
  input in matrix: state: H currentWindowPosition: 14 currentAminoAcid: D =&gt; 47
  input in matrix: state: H currentWindowPosition: 15 currentAminoAcid: D =&gt; 61
  input in matrix: state: H currentWindowPosition: 16 currentAminoAcid: D =&gt; 59
Process line: E	59	68	54	54	86	68	54	78	0	75	38	45	80	46	52	61	54
 data line!
  input in matrix: state: H currentWindowPosition: 0 currentAminoAcid: E =&gt; 59
  input in matrix: state: H currentWindowPosition: 1 currentAminoAcid: E =&gt; 68
  input in matrix: state: H currentWindowPosition: 2 currentAminoAcid: E =&gt; 54
  input in matrix: state: H currentWindowPosition: 3 currentAminoAcid: E =&gt; 54
  input in matrix: state: H currentWindowPosition: 4 currentAminoAcid: E =&gt; 86
  input in matrix: state: H currentWindowPosition: 5 currentAminoAcid: E =&gt; 68
  input in matrix: state: H currentWindowPosition: 6 currentAminoAcid: E =&gt; 54
  input in matrix: state: H currentWindowPosition: 7 currentAminoAcid: E =&gt; 78
  input in matrix: state: H currentWindowPosition: 8 currentAminoAcid: E =&gt; 0
  input in matrix: state: H currentWindowPosition: 9 currentAminoAcid: E =&gt; 75
  input in matrix: state: H currentWindowPosition: 10 currentAminoAcid: E =&gt; 38
  input in matrix: state: H currentWindowPosition: 11 currentAminoAcid: E =&gt; 45
  input in matrix: state: H currentWindowPosition: 12 currentAminoAcid: E =&gt; 80
  input in matrix: state: H currentWindowPosition: 13 currentAminoAcid: E =&gt; 46
  input in matrix: state: H currentWindowPosition: 14 currentAminoAcid: E =&gt; 52
  input in matrix: state: H currentWindowPosition: 15 currentAminoAcid: E =&gt; 61
  input in matrix: state: H currentWindowPosition: 16 currentAminoAcid: E =&gt; 54
Process line: F	39	35	47	35	30	39	46	44	0	47	41	34	42	35	43	39	36
 data line!
  input in matrix: state: H currentWindowPosition: 0 currentAminoAcid: F =&gt; 39
  input in matrix: state: H currentWindowPosition: 1 currentAminoAcid: F =&gt; 35
  input in matrix: state: H currentWindowPosition: 2 currentAminoAcid: F =&gt; 47
  input in matrix: state: H currentWindowPosition: 3 currentAminoAcid: F =&gt; 35
  input in matrix: state: H currentWindowPosition: 4 currentAminoAcid: F =&gt; 30
  input in matrix: state: H currentWindowPosition: 5 currentAminoAcid: F =&gt; 39
  input in matrix: state: H currentWindowPosition: 6 currentAminoAcid: F =&gt; 46
  input in matrix: state: H currentWindowPosition: 7 currentAminoAcid: F =&gt; 44
  input in matrix: state: H currentWindowPosition: 8 currentAminoAcid: F =&gt; 0
  input in matrix: state: H currentWindowPosition: 9 currentAminoAcid: F =&gt; 47
  input in matrix: state: H currentWindowPosition: 10 currentAminoAcid: F =&gt; 41
  input in matrix: state: H currentWindowPosition: 11 currentAminoAcid: F =&gt; 34
  input in matrix: state: H currentWindowPosition: 12 currentAminoAcid: F =&gt; 42
  input in matrix: state: H currentWindowPosition: 13 currentAminoAcid: F =&gt; 35
  input in matrix: state: H currentWindowPosition: 14 currentAminoAcid: F =&gt; 43
  input in matrix: state: H currentWindowPosition: 15 currentAminoAcid: F =&gt; 39
  input in matrix: state: H currentWindowPosition: 16 currentAminoAcid: F =&gt; 36
Process line: G	68	80	79	68	66	60	37	37	0	36	63	71	66	69	62	67	84
 data line!
  input in matrix: state: H currentWindowPosition: 0 currentAminoAcid: G =&gt; 68
  input in matrix: state: H currentWindowPosition: 1 currentAminoAcid: G =&gt; 80
  input in matrix: state: H currentWindowPosition: 2 currentAminoAcid: G =&gt; 79
  input in matrix: state: H currentWindowPosition: 3 currentAminoAcid: G =&gt; 68
  input in matrix: state: H currentWindowPosition: 4 currentAminoAcid: G =&gt; 66
  input in matrix: state: H currentWindowPosition: 5 currentAminoAcid: G =&gt; 60
  input in matrix: state: H currentWindowPosition: 6 currentAminoAcid: G =&gt; 37
  input in matrix: state: H currentWindowPosition: 7 currentAminoAcid: G =&gt; 37
  input in matrix: state: H currentWindowPosition: 8 currentAminoAcid: G =&gt; 0
  input in matrix: state: H currentWindowPosition: 9 currentAminoAcid: G =&gt; 36
  input in matrix: state: H currentWindowPosition: 10 currentAminoAcid: G =&gt; 63
  input in matrix: state: H currentWindowPosition: 11 currentAminoAcid: G =&gt; 71
  input in matrix: state: H currentWindowPosition: 12 currentAminoAcid: G =&gt; 66
  input in matrix: state: H currentWindowPosition: 13 currentAminoAcid: G =&gt; 69
  input in matrix: state: H currentWindowPosition: 14 currentAminoAcid: G =&gt; 62
  input in matrix: state: H currentWindowPosition: 15 currentAminoAcid: G =&gt; 67
  input in matrix: state: H currentWindowPosition: 16 currentAminoAcid: G =&gt; 84
Process line: H	15	19	29	22	22	23	11	14	0	29	23	19	21	20	33	21	18
 data line!
  input in matrix: state: H currentWindowPosition: 0 currentAminoAcid: H =&gt; 15
  input in matrix: state: H currentWindowPosition: 1 currentAminoAcid: H =&gt; 19
  input in matrix: state: H currentWindowPosition: 2 currentAminoAcid: H =&gt; 29
  input in matrix: state: H currentWindowPosition: 3 currentAminoAcid: H =&gt; 22
  input in matrix: state: H currentWindowPosition: 4 currentAminoAcid: H =&gt; 22
  input in matrix: state: H currentWindowPosition: 5 currentAminoAcid: H =&gt; 23
  input in matrix: state: H currentWindowPosition: 6 currentAminoAcid: H =&gt; 11
  input in matrix: state: H currentWindowPosition: 7 currentAminoAcid: H =&gt; 14
  input in matrix: state: H currentWindowPosition: 8 currentAminoAcid: H =&gt; 0
  input in matrix: state: H currentWindowPosition: 9 currentAminoAcid: H =&gt; 29
  input in matrix: state: H currentWindowPosition: 10 currentAminoAcid: H =&gt; 23
  input in matrix: state: H currentWindowPosition: 11 currentAminoAcid: H =&gt; 19
  input in matrix: state: H currentWindowPosition: 12 currentAminoAcid: H =&gt; 21
  input in matrix: state: H currentWindowPosition: 13 currentAminoAcid: H =&gt; 20
  input in matrix: state: H currentWindowPosition: 14 currentAminoAcid: H =&gt; 33
  input in matrix: state: H currentWindowPosition: 15 currentAminoAcid: H =&gt; 21
  input in matrix: state: H currentWindowPosition: 16 currentAminoAcid: H =&gt; 18
Process line: I	59	59	52	63	65	59	86	72	0	62	94	71	49	53	60	54	49
 data line!
  input in matrix: state: H currentWindowPosition: 0 currentAminoAcid: I =&gt; 59
  input in matrix: state: H currentWindowPosition: 1 currentAminoAcid: I =&gt; 59
  input in matrix: state: H currentWindowPosition: 2 currentAminoAcid: I =&gt; 52
  input in matrix: state: H currentWindowPosition: 3 currentAminoAcid: I =&gt; 63
  input in matrix: state: H currentWindowPosition: 4 currentAminoAcid: I =&gt; 65
  input in matrix: state: H currentWindowPosition: 5 currentAminoAcid: I =&gt; 59
  input in matrix: state: H currentWindowPosition: 6 currentAminoAcid: I =&gt; 86
  input in matrix: state: H currentWindowPosition: 7 currentAminoAcid: I =&gt; 72
  input in matrix: state: H currentWindowPosition: 8 currentAminoAcid: I =&gt; 0
  input in matrix: state: H currentWindowPosition: 9 currentAminoAcid: I =&gt; 62
  input in matrix: state: H currentWindowPosition: 10 currentAminoAcid: I =&gt; 94
  input in matrix: state: H currentWindowPosition: 11 currentAminoAcid: I =&gt; 71
  input in matrix: state: H currentWindowPosition: 12 currentAminoAcid: I =&gt; 49
  input in matrix: state: H currentWindowPosition: 13 currentAminoAcid: I =&gt; 53
  input in matrix: state: H currentWindowPosition: 14 currentAminoAcid: I =&gt; 60
  input in matrix: state: H currentWindowPosition: 15 currentAminoAcid: I =&gt; 54
  input in matrix: state: H currentWindowPosition: 16 currentAminoAcid: I =&gt; 49
Process line: K	50	52	39	50	47	51	57	69	0	52	48	91	66	62	72	87	70
 data line!
  input in matrix: state: H currentWindowPosition: 0 currentAminoAcid: K =&gt; 50
  input in matrix: state: H currentWindowPosition: 1 currentAminoAcid: K =&gt; 52
  input in matrix: state: H currentWindowPosition: 2 currentAminoAcid: K =&gt; 39
  input in matrix: state: H currentWindowPosition: 3 currentAminoAcid: K =&gt; 50
  input in matrix: state: H currentWindowPosition: 4 currentAminoAcid: K =&gt; 47
  input in matrix: state: H currentWindowPosition: 5 currentAminoAcid: K =&gt; 51
  input in matrix: state: H currentWindowPosition: 6 currentAminoAcid: K =&gt; 57
  input in matrix: state: H currentWindowPosition: 7 currentAminoAcid: K =&gt; 69
  input in matrix: state: H currentWindowPosition: 8 currentAminoAcid: K =&gt; 0
  input in matrix: state: H currentWindowPosition: 9 currentAminoAcid: K =&gt; 52
  input in matrix: state: H currentWindowPosition: 10 currentAminoAcid: K =&gt; 48
  input in matrix: state: H currentWindowPosition: 11 currentAminoAcid: K =&gt; 91
  input in matrix: state: H currentWindowPosition: 12 currentAminoAcid: K =&gt; 66
  input in matrix: state: H currentWindowPosition: 13 currentAminoAcid: K =&gt; 62
  input in matrix: state: H currentWindowPosition: 14 currentAminoAcid: K =&gt; 72
  input in matrix: state: H currentWindowPosition: 15 currentAminoAcid: K =&gt; 87
  input in matrix: state: H currentWindowPosition: 16 currentAminoAcid: K =&gt; 70
Process line: L	73	68	85	93	67	72	151	111	0	108	136	100	77	121	118	100	87
 data line!
  input in matrix: state: H currentWindowPosition: 0 currentAminoAcid: L =&gt; 73
  input in matrix: state: H currentWindowPosition: 1 currentAminoAcid: L =&gt; 68
  input in matrix: state: H currentWindowPosition: 2 currentAminoAcid: L =&gt; 85
  input in matrix: state: H currentWindowPosition: 3 currentAminoAcid: L =&gt; 93
  input in matrix: state: H currentWindowPosition: 4 currentAminoAcid: L =&gt; 67
  input in matrix: state: H currentWindowPosition: 5 currentAminoAcid: L =&gt; 72
  input in matrix: state: H currentWindowPosition: 6 currentAminoAcid: L =&gt; 151
  input in matrix: state: H currentWindowPosition: 7 currentAminoAcid: L =&gt; 111
  input in matrix: state: H currentWindowPosition: 8 currentAminoAcid: L =&gt; 0
  input in matrix: state: H currentWindowPosition: 9 currentAminoAcid: L =&gt; 108
  input in matrix: state: H currentWindowPosition: 10 currentAminoAcid: L =&gt; 136
  input in matrix: state: H currentWindowPosition: 11 currentAminoAcid: L =&gt; 100
  input in matrix: state: H currentWindowPosition: 12 currentAminoAcid: L =&gt; 77
  input in matrix: state: H currentWindowPosition: 13 currentAminoAcid: L =&gt; 121
  input in matrix: state: H currentWindowPosition: 14 currentAminoAcid: L =&gt; 118
  input in matrix: state: H currentWindowPosition: 15 currentAminoAcid: L =&gt; 100
  input in matrix: state: H currentWindowPosition: 16 currentAminoAcid: L =&gt; 87
Process line: M	20	14	26	12	31	25	28	26	0	29	36	17	20	22	15	15	21
 data line!
  input in matrix: state: H currentWindowPosition: 0 currentAminoAcid: M =&gt; 20
  input in matrix: state: H currentWindowPosition: 1 currentAminoAcid: M =&gt; 14
  input in matrix: state: H currentWindowPosition: 2 currentAminoAcid: M =&gt; 26
  input in matrix: state: H currentWindowPosition: 3 currentAminoAcid: M =&gt; 12
  input in matrix: state: H currentWindowPosition: 4 currentAminoAcid: M =&gt; 31
  input in matrix: state: H currentWindowPosition: 5 currentAminoAcid: M =&gt; 25
  input in matrix: state: H currentWindowPosition: 6 currentAminoAcid: M =&gt; 28
  input in matrix: state: H currentWindowPosition: 7 currentAminoAcid: M =&gt; 26
  input in matrix: state: H currentWindowPosition: 8 currentAminoAcid: M =&gt; 0
  input in matrix: state: H currentWindowPosition: 9 currentAminoAcid: M =&gt; 29
  input in matrix: state: H currentWindowPosition: 10 currentAminoAcid: M =&gt; 36
  input in matrix: state: H currentWindowPosition: 11 currentAminoAcid: M =&gt; 17
  input in matrix: state: H currentWindowPosition: 12 currentAminoAcid: M =&gt; 20
  input in matrix: state: H currentWindowPosition: 13 currentAminoAcid: M =&gt; 22
  input in matrix: state: H currentWindowPosition: 14 currentAminoAcid: M =&gt; 15
  input in matrix: state: H currentWindowPosition: 15 currentAminoAcid: M =&gt; 15
  input in matrix: state: H currentWindowPosition: 16 currentAminoAcid: M =&gt; 21
Process line: N	36	51	46	55	53	59	39	36	998	42	38	57	63	48	49	47	50
 data line!
  input in matrix: state: H currentWindowPosition: 0 currentAminoAcid: N =&gt; 36
  input in matrix: state: H currentWindowPosition: 1 currentAminoAcid: N =&gt; 51
  input in matrix: state: H currentWindowPosition: 2 currentAminoAcid: N =&gt; 46
  input in matrix: state: H currentWindowPosition: 3 currentAminoAcid: N =&gt; 55
  input in matrix: state: H currentWindowPosition: 4 currentAminoAcid: N =&gt; 53
  input in matrix: state: H currentWindowPosition: 5 currentAminoAcid: N =&gt; 59
  input in matrix: state: H currentWindowPosition: 6 currentAminoAcid: N =&gt; 39
  input in matrix: state: H currentWindowPosition: 7 currentAminoAcid: N =&gt; 36
  input in matrix: state: H currentWindowPosition: 8 currentAminoAcid: N =&gt; 998
  input in matrix: state: H currentWindowPosition: 9 currentAminoAcid: N =&gt; 42
  input in matrix: state: H currentWindowPosition: 10 currentAminoAcid: N =&gt; 38
  input in matrix: state: H currentWindowPosition: 11 currentAminoAcid: N =&gt; 57
  input in matrix: state: H currentWindowPosition: 12 currentAminoAcid: N =&gt; 63
  input in matrix: state: H currentWindowPosition: 13 currentAminoAcid: N =&gt; 48
  input in matrix: state: H currentWindowPosition: 14 currentAminoAcid: N =&gt; 49
  input in matrix: state: H currentWindowPosition: 15 currentAminoAcid: N =&gt; 47
  input in matrix: state: H currentWindowPosition: 16 currentAminoAcid: N =&gt; 50
Process line: P	47	32	39	34	27	24	32	22	0	5	18	22	38	42	36	38	34
 data line!
  input in matrix: state: H currentWindowPosition: 0 currentAminoAcid: P =&gt; 47
  input in matrix: state: H currentWindowPosition: 1 currentAminoAcid: P =&gt; 32
  input in matrix: state: H currentWindowPosition: 2 currentAminoAcid: P =&gt; 39
  input in matrix: state: H currentWindowPosition: 3 currentAminoAcid: P =&gt; 34
  input in matrix: state: H currentWindowPosition: 4 currentAminoAcid: P =&gt; 27
  input in matrix: state: H currentWindowPosition: 5 currentAminoAcid: P =&gt; 24
  input in matrix: state: H currentWindowPosition: 6 currentAminoAcid: P =&gt; 32
  input in matrix: state: H currentWindowPosition: 7 currentAminoAcid: P =&gt; 22
  input in matrix: state: H currentWindowPosition: 8 currentAminoAcid: P =&gt; 0
  input in matrix: state: H currentWindowPosition: 9 currentAminoAcid: P =&gt; 5
  input in matrix: state: H currentWindowPosition: 10 currentAminoAcid: P =&gt; 18
  input in matrix: state: H currentWindowPosition: 11 currentAminoAcid: P =&gt; 22
  input in matrix: state: H currentWindowPosition: 12 currentAminoAcid: P =&gt; 38
  input in matrix: state: H currentWindowPosition: 13 currentAminoAcid: P =&gt; 42
  input in matrix: state: H currentWindowPosition: 14 currentAminoAcid: P =&gt; 36
  input in matrix: state: H currentWindowPosition: 15 currentAminoAcid: P =&gt; 38
  input in matrix: state: H currentWindowPosition: 16 currentAminoAcid: P =&gt; 34
Process line: Q	36	47	35	40	66	40	33	36	0	45	30	33	43	36	28	34	38
 data line!
  input in matrix: state: H currentWindowPosition: 0 currentAminoAcid: Q =&gt; 36
  input in matrix: state: H currentWindowPosition: 1 currentAminoAcid: Q =&gt; 47
  input in matrix: state: H currentWindowPosition: 2 currentAminoAcid: Q =&gt; 35
  input in matrix: state: H currentWindowPosition: 3 currentAminoAcid: Q =&gt; 40
  input in matrix: state: H currentWindowPosition: 4 currentAminoAcid: Q =&gt; 66
  input in matrix: state: H currentWindowPosition: 5 currentAminoAcid: Q =&gt; 40
  input in matrix: state: H currentWindowPosition: 6 currentAminoAcid: Q =&gt; 33
  input in matrix: state: H currentWindowPosition: 7 currentAminoAcid: Q =&gt; 36
  input in matrix: state: H currentWindowPosition: 8 currentAminoAcid: Q =&gt; 0
  input in matrix: state: H currentWindowPosition: 9 currentAminoAcid: Q =&gt; 45
  input in matrix: state: H currentWindowPosition: 10 currentAminoAcid: Q =&gt; 30
  input in matrix: state: H currentWindowPosition: 11 currentAminoAcid: Q =&gt; 33
  input in matrix: state: H currentWindowPosition: 12 currentAminoAcid: Q =&gt; 43
  input in matrix: state: H currentWindowPosition: 13 currentAminoAcid: Q =&gt; 36
  input in matrix: state: H currentWindowPosition: 14 currentAminoAcid: Q =&gt; 28
  input in matrix: state: H currentWindowPosition: 15 currentAminoAcid: Q =&gt; 34
  input in matrix: state: H currentWindowPosition: 16 currentAminoAcid: Q =&gt; 38
Process line: R	52	44	33	49	42	38	33	53	0	54	40	60	53	53	47	48	42
 data line!
  input in matrix: state: H currentWindowPosition: 0 currentAminoAcid: R =&gt; 52
  input in matrix: state: H currentWindowPosition: 1 currentAminoAcid: R =&gt; 44
  input in matrix: state: H currentWindowPosition: 2 currentAminoAcid: R =&gt; 33
  input in matrix: state: H currentWindowPosition: 3 currentAminoAcid: R =&gt; 49
  input in matrix: state: H currentWindowPosition: 4 currentAminoAcid: R =&gt; 42
  input in matrix: state: H currentWindowPosition: 5 currentAminoAcid: R =&gt; 38
  input in matrix: state: H currentWindowPosition: 6 currentAminoAcid: R =&gt; 33
  input in matrix: state: H currentWindowPosition: 7 currentAminoAcid: R =&gt; 53
  input in matrix: state: H currentWindowPosition: 8 currentAminoAcid: R =&gt; 0
  input in matrix: state: H currentWindowPosition: 9 currentAminoAcid: R =&gt; 54
  input in matrix: state: H currentWindowPosition: 10 currentAminoAcid: R =&gt; 40
  input in matrix: state: H currentWindowPosition: 11 currentAminoAcid: R =&gt; 60
  input in matrix: state: H currentWindowPosition: 12 currentAminoAcid: R =&gt; 53
  input in matrix: state: H currentWindowPosition: 13 currentAminoAcid: R =&gt; 53
  input in matrix: state: H currentWindowPosition: 14 currentAminoAcid: R =&gt; 47
  input in matrix: state: H currentWindowPosition: 15 currentAminoAcid: R =&gt; 48
  input in matrix: state: H currentWindowPosition: 16 currentAminoAcid: R =&gt; 42
Process line: S	86	69	73	56	58	55	56	53	0	54	24	53	67	62	45	70	66
 data line!
  input in matrix: state: H currentWindowPosition: 0 currentAminoAcid: S =&gt; 86
  input in matrix: state: H currentWindowPosition: 1 currentAminoAcid: S =&gt; 69
  input in matrix: state: H currentWindowPosition: 2 currentAminoAcid: S =&gt; 73
  input in matrix: state: H currentWindowPosition: 3 currentAminoAcid: S =&gt; 56
  input in matrix: state: H currentWindowPosition: 4 currentAminoAcid: S =&gt; 58
  input in matrix: state: H currentWindowPosition: 5 currentAminoAcid: S =&gt; 55
  input in matrix: state: H currentWindowPosition: 6 currentAminoAcid: S =&gt; 56
  input in matrix: state: H currentWindowPosition: 7 currentAminoAcid: S =&gt; 53
  input in matrix: state: H currentWindowPosition: 8 currentAminoAcid: S =&gt; 0
  input in matrix: state: H currentWindowPosition: 9 currentAminoAcid: S =&gt; 54
  input in matrix: state: H currentWindowPosition: 10 currentAminoAcid: S =&gt; 24
  input in matrix: state: H currentWindowPosition: 11 currentAminoAcid: S =&gt; 53
  input in matrix: state: H currentWindowPosition: 12 currentAminoAcid: S =&gt; 67
  input in matrix: state: H currentWindowPosition: 13 currentAminoAcid: S =&gt; 62
  input in matrix: state: H currentWindowPosition: 14 currentAminoAcid: S =&gt; 45
  input in matrix: state: H currentWindowPosition: 15 currentAminoAcid: S =&gt; 70
  input in matrix: state: H currentWindowPosition: 16 currentAminoAcid: S =&gt; 66
Process line: T	65	58	69	58	71	69	47	35	0	52	40	45	46	45	48	33	56
 data line!
  input in matrix: state: H currentWindowPosition: 0 currentAminoAcid: T =&gt; 65
  input in matrix: state: H currentWindowPosition: 1 currentAminoAcid: T =&gt; 58
  input in matrix: state: H currentWindowPosition: 2 currentAminoAcid: T =&gt; 69
  input in matrix: state: H currentWindowPosition: 3 currentAminoAcid: T =&gt; 58
  input in matrix: state: H currentWindowPosition: 4 currentAminoAcid: T =&gt; 71
  input in matrix: state: H currentWindowPosition: 5 currentAminoAcid: T =&gt; 69
  input in matrix: state: H currentWindowPosition: 6 currentAminoAcid: T =&gt; 47
  input in matrix: state: H currentWindowPosition: 7 currentAminoAcid: T =&gt; 35
  input in matrix: state: H currentWindowPosition: 8 currentAminoAcid: T =&gt; 0
  input in matrix: state: H currentWindowPosition: 9 currentAminoAcid: T =&gt; 52
  input in matrix: state: H currentWindowPosition: 10 currentAminoAcid: T =&gt; 40
  input in matrix: state: H currentWindowPosition: 11 currentAminoAcid: T =&gt; 45
  input in matrix: state: H currentWindowPosition: 12 currentAminoAcid: T =&gt; 46
  input in matrix: state: H currentWindowPosition: 13 currentAminoAcid: T =&gt; 45
  input in matrix: state: H currentWindowPosition: 14 currentAminoAcid: T =&gt; 48
  input in matrix: state: H currentWindowPosition: 15 currentAminoAcid: T =&gt; 33
  input in matrix: state: H currentWindowPosition: 16 currentAminoAcid: T =&gt; 56
Process line: V	62	74	59	62	54	61	60	69	0	51	81	60	54	69	69	64	80
 data line!
  input in matrix: state: H currentWindowPosition: 0 currentAminoAcid: V =&gt; 62
  input in matrix: state: H currentWindowPosition: 1 currentAminoAcid: V =&gt; 74
  input in matrix: state: H currentWindowPosition: 2 currentAminoAcid: V =&gt; 59
  input in matrix: state: H currentWindowPosition: 3 currentAminoAcid: V =&gt; 62
  input in matrix: state: H currentWindowPosition: 4 currentAminoAcid: V =&gt; 54
  input in matrix: state: H currentWindowPosition: 5 currentAminoAcid: V =&gt; 61
  input in matrix: state: H currentWindowPosition: 6 currentAminoAcid: V =&gt; 60
  input in matrix: state: H currentWindowPosition: 7 currentAminoAcid: V =&gt; 69
  input in matrix: state: H currentWindowPosition: 8 currentAminoAcid: V =&gt; 0
  input in matrix: state: H currentWindowPosition: 9 currentAminoAcid: V =&gt; 51
  input in matrix: state: H currentWindowPosition: 10 currentAminoAcid: V =&gt; 81
  input in matrix: state: H currentWindowPosition: 11 currentAminoAcid: V =&gt; 60
  input in matrix: state: H currentWindowPosition: 12 currentAminoAcid: V =&gt; 54
  input in matrix: state: H currentWindowPosition: 13 currentAminoAcid: V =&gt; 69
  input in matrix: state: H currentWindowPosition: 14 currentAminoAcid: V =&gt; 69
  input in matrix: state: H currentWindowPosition: 15 currentAminoAcid: V =&gt; 64
  input in matrix: state: H currentWindowPosition: 16 currentAminoAcid: V =&gt; 80
Process line: W	14	12	17	15	16	23	26	24	0	15	23	14	20	13	27	15	8
 data line!
  input in matrix: state: H currentWindowPosition: 0 currentAminoAcid: W =&gt; 14
  input in matrix: state: H currentWindowPosition: 1 currentAminoAcid: W =&gt; 12
  input in matrix: state: H currentWindowPosition: 2 currentAminoAcid: W =&gt; 17
  input in matrix: state: H currentWindowPosition: 3 currentAminoAcid: W =&gt; 15
  input in matrix: state: H currentWindowPosition: 4 currentAminoAcid: W =&gt; 16
  input in matrix: state: H currentWindowPosition: 5 currentAminoAcid: W =&gt; 23
  input in matrix: state: H currentWindowPosition: 6 currentAminoAcid: W =&gt; 26
  input in matrix: state: H currentWindowPosition: 7 currentAminoAcid: W =&gt; 24
  input in matrix: state: H currentWindowPosition: 8 currentAminoAcid: W =&gt; 0
  input in matrix: state: H currentWindowPosition: 9 currentAminoAcid: W =&gt; 15
  input in matrix: state: H currentWindowPosition: 10 currentAminoAcid: W =&gt; 23
  input in matrix: state: H currentWindowPosition: 11 currentAminoAcid: W =&gt; 14
  input in matrix: state: H currentWindowPosition: 12 currentAminoAcid: W =&gt; 20
  input in matrix: state: H currentWindowPosition: 13 currentAminoAcid: W =&gt; 13
  input in matrix: state: H currentWindowPosition: 14 currentAminoAcid: W =&gt; 27
  input in matrix: state: H currentWindowPosition: 15 currentAminoAcid: W =&gt; 15
  input in matrix: state: H currentWindowPosition: 16 currentAminoAcid: W =&gt; 8
Process line: Y	41	35	47	42	37	38	47	43	0	42	52	32	34	38	38	44	40
 data line!
  input in matrix: state: H currentWindowPosition: 0 currentAminoAcid: Y =&gt; 41
  input in matrix: state: H currentWindowPosition: 1 currentAminoAcid: Y =&gt; 35
  input in matrix: state: H currentWindowPosition: 2 currentAminoAcid: Y =&gt; 47
  input in matrix: state: H currentWindowPosition: 3 currentAminoAcid: Y =&gt; 42
  input in matrix: state: H currentWindowPosition: 4 currentAminoAcid: Y =&gt; 37
  input in matrix: state: H currentWindowPosition: 5 currentAminoAcid: Y =&gt; 38
  input in matrix: state: H currentWindowPosition: 6 currentAminoAcid: Y =&gt; 47
  input in matrix: state: H currentWindowPosition: 7 currentAminoAcid: Y =&gt; 43
  input in matrix: state: H currentWindowPosition: 8 currentAminoAcid: Y =&gt; 0
  input in matrix: state: H currentWindowPosition: 9 currentAminoAcid: Y =&gt; 42
  input in matrix: state: H currentWindowPosition: 10 currentAminoAcid: Y =&gt; 52
  input in matrix: state: H currentWindowPosition: 11 currentAminoAcid: Y =&gt; 32
  input in matrix: state: H currentWindowPosition: 12 currentAminoAcid: Y =&gt; 34
  input in matrix: state: H currentWindowPosition: 13 currentAminoAcid: Y =&gt; 38
  input in matrix: state: H currentWindowPosition: 14 currentAminoAcid: Y =&gt; 38
  input in matrix: state: H currentWindowPosition: 15 currentAminoAcid: Y =&gt; 44
  input in matrix: state: H currentWindowPosition: 16 currentAminoAcid: Y =&gt; 40
Process line: 
 Skip line!
Process line: 
 Skip line!
Process line: =P,C=
 state line! (now in state: C)
Process line: 
 Skip line!
Process line: A	223	205	223	215	199	205	161	196	0	159	198	176	190	187	198	198	192
 data line!
  input in matrix: state: C currentWindowPosition: 0 currentAminoAcid: A =&gt; 223
  input in matrix: state: C currentWindowPosition: 1 currentAminoAcid: A =&gt; 205
  input in matrix: state: C currentWindowPosition: 2 currentAminoAcid: A =&gt; 223
  input in matrix: state: C currentWindowPosition: 3 currentAminoAcid: A =&gt; 215
  input in matrix: state: C currentWindowPosition: 4 currentAminoAcid: A =&gt; 199
  input in matrix: state: C currentWindowPosition: 5 currentAminoAcid: A =&gt; 205
  input in matrix: state: C currentWindowPosition: 6 currentAminoAcid: A =&gt; 161
  input in matrix: state: C currentWindowPosition: 7 currentAminoAcid: A =&gt; 196
  input in matrix: state: C currentWindowPosition: 8 currentAminoAcid: A =&gt; 0
  input in matrix: state: C currentWindowPosition: 9 currentAminoAcid: A =&gt; 159
  input in matrix: state: C currentWindowPosition: 10 currentAminoAcid: A =&gt; 198
  input in matrix: state: C currentWindowPosition: 11 currentAminoAcid: A =&gt; 176
  input in matrix: state: C currentWindowPosition: 12 currentAminoAcid: A =&gt; 190
  input in matrix: state: C currentWindowPosition: 13 currentAminoAcid: A =&gt; 187
  input in matrix: state: C currentWindowPosition: 14 currentAminoAcid: A =&gt; 198
  input in matrix: state: C currentWindowPosition: 15 currentAminoAcid: A =&gt; 198
  input in matrix: state: C currentWindowPosition: 16 currentAminoAcid: A =&gt; 192
Process line: C	36	34	46	62	41	39	47	53	0	39	40	29	36	35	38	48	36
 data line!
  input in matrix: state: C currentWindowPosition: 0 currentAminoAcid: C =&gt; 36
  input in matrix: state: C currentWindowPosition: 1 currentAminoAcid: C =&gt; 34
  input in matrix: state: C currentWindowPosition: 2 currentAminoAcid: C =&gt; 46
  input in matrix: state: C currentWindowPosition: 3 currentAminoAcid: C =&gt; 62
  input in matrix: state: C currentWindowPosition: 4 currentAminoAcid: C =&gt; 41
  input in matrix: state: C currentWindowPosition: 5 currentAminoAcid: C =&gt; 39
  input in matrix: state: C currentWindowPosition: 6 currentAminoAcid: C =&gt; 47
  input in matrix: state: C currentWindowPosition: 7 currentAminoAcid: C =&gt; 53
  input in matrix: state: C currentWindowPosition: 8 currentAminoAcid: C =&gt; 0
  input in matrix: state: C currentWindowPosition: 9 currentAminoAcid: C =&gt; 39
  input in matrix: state: C currentWindowPosition: 10 currentAminoAcid: C =&gt; 40
  input in matrix: state: C currentWindowPosition: 11 currentAminoAcid: C =&gt; 29
  input in matrix: state: C currentWindowPosition: 12 currentAminoAcid: C =&gt; 36
  input in matrix: state: C currentWindowPosition: 13 currentAminoAcid: C =&gt; 35
  input in matrix: state: C currentWindowPosition: 14 currentAminoAcid: C =&gt; 38
  input in matrix: state: C currentWindowPosition: 15 currentAminoAcid: C =&gt; 48
  input in matrix: state: C currentWindowPosition: 16 currentAminoAcid: C =&gt; 36
Process line: D	138	129	137	119	128	144	164	138	0	203	160	131	143	148	159	164	144
 data line!
  input in matrix: state: C currentWindowPosition: 0 currentAminoAcid: D =&gt; 138
  input in matrix: state: C currentWindowPosition: 1 currentAminoAcid: D =&gt; 129
  input in matrix: state: C currentWindowPosition: 2 currentAminoAcid: D =&gt; 137
  input in matrix: state: C currentWindowPosition: 3 currentAminoAcid: D =&gt; 119
  input in matrix: state: C currentWindowPosition: 4 currentAminoAcid: D =&gt; 128
  input in matrix: state: C currentWindowPosition: 5 currentAminoAcid: D =&gt; 144
  input in matrix: state: C currentWindowPosition: 6 currentAminoAcid: D =&gt; 164
  input in matrix: state: C currentWindowPosition: 7 currentAminoAcid: D =&gt; 138
  input in matrix: state: C currentWindowPosition: 8 currentAminoAcid: D =&gt; 0
  input in matrix: state: C currentWindowPosition: 9 currentAminoAcid: D =&gt; 203
  input in matrix: state: C currentWindowPosition: 10 currentAminoAcid: D =&gt; 160
  input in matrix: state: C currentWindowPosition: 11 currentAminoAcid: D =&gt; 131
  input in matrix: state: C currentWindowPosition: 12 currentAminoAcid: D =&gt; 143
  input in matrix: state: C currentWindowPosition: 13 currentAminoAcid: D =&gt; 148
  input in matrix: state: C currentWindowPosition: 14 currentAminoAcid: D =&gt; 159
  input in matrix: state: C currentWindowPosition: 15 currentAminoAcid: D =&gt; 164
  input in matrix: state: C currentWindowPosition: 16 currentAminoAcid: D =&gt; 144
Process line: E	150	144	124	122	133	144	142	118	0	147	135	133	137	149	155	121	156
 data line!
  input in matrix: state: C currentWindowPosition: 0 currentAminoAcid: E =&gt; 150
  input in matrix: state: C currentWindowPosition: 1 currentAminoAcid: E =&gt; 144
  input in matrix: state: C currentWindowPosition: 2 currentAminoAcid: E =&gt; 124
  input in matrix: state: C currentWindowPosition: 3 currentAminoAcid: E =&gt; 122
  input in matrix: state: C currentWindowPosition: 4 currentAminoAcid: E =&gt; 133
  input in matrix: state: C currentWindowPosition: 5 currentAminoAcid: E =&gt; 144
  input in matrix: state: C currentWindowPosition: 6 currentAminoAcid: E =&gt; 142
  input in matrix: state: C currentWindowPosition: 7 currentAminoAcid: E =&gt; 118
  input in matrix: state: C currentWindowPosition: 8 currentAminoAcid: E =&gt; 0
  input in matrix: state: C currentWindowPosition: 9 currentAminoAcid: E =&gt; 147
  input in matrix: state: C currentWindowPosition: 10 currentAminoAcid: E =&gt; 135
  input in matrix: state: C currentWindowPosition: 11 currentAminoAcid: E =&gt; 133
  input in matrix: state: C currentWindowPosition: 12 currentAminoAcid: E =&gt; 137
  input in matrix: state: C currentWindowPosition: 13 currentAminoAcid: E =&gt; 149
  input in matrix: state: C currentWindowPosition: 14 currentAminoAcid: E =&gt; 155
  input in matrix: state: C currentWindowPosition: 15 currentAminoAcid: E =&gt; 121
  input in matrix: state: C currentWindowPosition: 16 currentAminoAcid: E =&gt; 156
Process line: F	99	115	116	103	95	96	105	106	0	107	86	99	98	112	104	110	130
 data line!
  input in matrix: state: C currentWindowPosition: 0 currentAminoAcid: F =&gt; 99
  input in matrix: state: C currentWindowPosition: 1 currentAminoAcid: F =&gt; 115
  input in matrix: state: C currentWindowPosition: 2 currentAminoAcid: F =&gt; 116
  input in matrix: state: C currentWindowPosition: 3 currentAminoAcid: F =&gt; 103
  input in matrix: state: C currentWindowPosition: 4 currentAminoAcid: F =&gt; 95
  input in matrix: state: C currentWindowPosition: 5 currentAminoAcid: F =&gt; 96
  input in matrix: state: C currentWindowPosition: 6 currentAminoAcid: F =&gt; 105
  input in matrix: state: C currentWindowPosition: 7 currentAminoAcid: F =&gt; 106
  input in matrix: state: C currentWindowPosition: 8 currentAminoAcid: F =&gt; 0
  input in matrix: state: C currentWindowPosition: 9 currentAminoAcid: F =&gt; 107
  input in matrix: state: C currentWindowPosition: 10 currentAminoAcid: F =&gt; 86
  input in matrix: state: C currentWindowPosition: 11 currentAminoAcid: F =&gt; 99
  input in matrix: state: C currentWindowPosition: 12 currentAminoAcid: F =&gt; 98
  input in matrix: state: C currentWindowPosition: 13 currentAminoAcid: F =&gt; 112
  input in matrix: state: C currentWindowPosition: 14 currentAminoAcid: F =&gt; 104
  input in matrix: state: C currentWindowPosition: 15 currentAminoAcid: F =&gt; 110
  input in matrix: state: C currentWindowPosition: 16 currentAminoAcid: F =&gt; 130
Process line: G	184	190	186	179	179	206	224	161	0	317	230	205	177	182	154	181	194
 data line!
  input in matrix: state: C currentWindowPosition: 0 currentAminoAcid: G =&gt; 184
  input in matrix: state: C currentWindowPosition: 1 currentAminoAcid: G =&gt; 190
  input in matrix: state: C currentWindowPosition: 2 currentAminoAcid: G =&gt; 186
  input in matrix: state: C currentWindowPosition: 3 currentAminoAcid: G =&gt; 179
  input in matrix: state: C currentWindowPosition: 4 currentAminoAcid: G =&gt; 179
  input in matrix: state: C currentWindowPosition: 5 currentAminoAcid: G =&gt; 206
  input in matrix: state: C currentWindowPosition: 6 currentAminoAcid: G =&gt; 224
  input in matrix: state: C currentWindowPosition: 7 currentAminoAcid: G =&gt; 161
  input in matrix: state: C currentWindowPosition: 8 currentAminoAcid: G =&gt; 0
  input in matrix: state: C currentWindowPosition: 9 currentAminoAcid: G =&gt; 317
  input in matrix: state: C currentWindowPosition: 10 currentAminoAcid: G =&gt; 230
  input in matrix: state: C currentWindowPosition: 11 currentAminoAcid: G =&gt; 205
  input in matrix: state: C currentWindowPosition: 12 currentAminoAcid: G =&gt; 177
  input in matrix: state: C currentWindowPosition: 13 currentAminoAcid: G =&gt; 182
  input in matrix: state: C currentWindowPosition: 14 currentAminoAcid: G =&gt; 154
  input in matrix: state: C currentWindowPosition: 15 currentAminoAcid: G =&gt; 181
  input in matrix: state: C currentWindowPosition: 16 currentAminoAcid: G =&gt; 194
Process line: H	52	38	61	58	52	57	59	80	0	55	72	57	69	54	63	66	54
 data line!
  input in matrix: state: C currentWindowPosition: 0 currentAminoAcid: H =&gt; 52
  input in matrix: state: C currentWindowPosition: 1 currentAminoAcid: H =&gt; 38
  input in matrix: state: C currentWindowPosition: 2 currentAminoAcid: H =&gt; 61
  input in matrix: state: C currentWindowPosition: 3 currentAminoAcid: H =&gt; 58
  input in matrix: state: C currentWindowPosition: 4 currentAminoAcid: H =&gt; 52
  input in matrix: state: C currentWindowPosition: 5 currentAminoAcid: H =&gt; 57
  input in matrix: state: C currentWindowPosition: 6 currentAminoAcid: H =&gt; 59
  input in matrix: state: C currentWindowPosition: 7 currentAminoAcid: H =&gt; 80
  input in matrix: state: C currentWindowPosition: 8 currentAminoAcid: H =&gt; 0
  input in matrix: state: C currentWindowPosition: 9 currentAminoAcid: H =&gt; 55
  input in matrix: state: C currentWindowPosition: 10 currentAminoAcid: H =&gt; 72
  input in matrix: state: C currentWindowPosition: 11 currentAminoAcid: H =&gt; 57
  input in matrix: state: C currentWindowPosition: 12 currentAminoAcid: H =&gt; 69
  input in matrix: state: C currentWindowPosition: 13 currentAminoAcid: H =&gt; 54
  input in matrix: state: C currentWindowPosition: 14 currentAminoAcid: H =&gt; 63
  input in matrix: state: C currentWindowPosition: 15 currentAminoAcid: H =&gt; 66
  input in matrix: state: C currentWindowPosition: 16 currentAminoAcid: H =&gt; 54
Process line: I	138	140	138	147	125	138	118	158	0	79	134	126	167	167	127	144	141
 data line!
  input in matrix: state: C currentWindowPosition: 0 currentAminoAcid: I =&gt; 138
  input in matrix: state: C currentWindowPosition: 1 currentAminoAcid: I =&gt; 140
  input in matrix: state: C currentWindowPosition: 2 currentAminoAcid: I =&gt; 138
  input in matrix: state: C currentWindowPosition: 3 currentAminoAcid: I =&gt; 147
  input in matrix: state: C currentWindowPosition: 4 currentAminoAcid: I =&gt; 125
  input in matrix: state: C currentWindowPosition: 5 currentAminoAcid: I =&gt; 138
  input in matrix: state: C currentWindowPosition: 6 currentAminoAcid: I =&gt; 118
  input in matrix: state: C currentWindowPosition: 7 currentAminoAcid: I =&gt; 158
  input in matrix: state: C currentWindowPosition: 8 currentAminoAcid: I =&gt; 0
  input in matrix: state: C currentWindowPosition: 9 currentAminoAcid: I =&gt; 79
  input in matrix: state: C currentWindowPosition: 10 currentAminoAcid: I =&gt; 134
  input in matrix: state: C currentWindowPosition: 11 currentAminoAcid: I =&gt; 126
  input in matrix: state: C currentWindowPosition: 12 currentAminoAcid: I =&gt; 167
  input in matrix: state: C currentWindowPosition: 13 currentAminoAcid: I =&gt; 167
  input in matrix: state: C currentWindowPosition: 14 currentAminoAcid: I =&gt; 127
  input in matrix: state: C currentWindowPosition: 15 currentAminoAcid: I =&gt; 144
  input in matrix: state: C currentWindowPosition: 16 currentAminoAcid: I =&gt; 141
Process line: K	112	138	129	110	154	139	138	138	0	127	113	128	138	123	122	128	117
 data line!
  input in matrix: state: C currentWindowPosition: 0 currentAminoAcid: K =&gt; 112
  input in matrix: state: C currentWindowPosition: 1 currentAminoAcid: K =&gt; 138
  input in matrix: state: C currentWindowPosition: 2 currentAminoAcid: K =&gt; 129
  input in matrix: state: C currentWindowPosition: 3 currentAminoAcid: K =&gt; 110
  input in matrix: state: C currentWindowPosition: 4 currentAminoAcid: K =&gt; 154
  input in matrix: state: C currentWindowPosition: 5 currentAminoAcid: K =&gt; 139
  input in matrix: state: C currentWindowPosition: 6 currentAminoAcid: K =&gt; 138
  input in matrix: state: C currentWindowPosition: 7 currentAminoAcid: K =&gt; 138
  input in matrix: state: C currentWindowPosition: 8 currentAminoAcid: K =&gt; 0
  input in matrix: state: C currentWindowPosition: 9 currentAminoAcid: K =&gt; 127
  input in matrix: state: C currentWindowPosition: 10 currentAminoAcid: K =&gt; 113
  input in matrix: state: C currentWindowPosition: 11 currentAminoAcid: K =&gt; 128
  input in matrix: state: C currentWindowPosition: 12 currentAminoAcid: K =&gt; 138
  input in matrix: state: C currentWindowPosition: 13 currentAminoAcid: K =&gt; 123
  input in matrix: state: C currentWindowPosition: 14 currentAminoAcid: K =&gt; 122
  input in matrix: state: C currentWindowPosition: 15 currentAminoAcid: K =&gt; 128
  input in matrix: state: C currentWindowPosition: 16 currentAminoAcid: K =&gt; 117
Process line: L	213	234	193	232	239	212	178	231	0	149	185	182	198	202	206	229	200
 data line!
  input in matrix: state: C currentWindowPosition: 0 currentAminoAcid: L =&gt; 213
  input in matrix: state: C currentWindowPosition: 1 currentAminoAcid: L =&gt; 234
  input in matrix: state: C currentWindowPosition: 2 currentAminoAcid: L =&gt; 193
  input in matrix: state: C currentWindowPosition: 3 currentAminoAcid: L =&gt; 232
  input in matrix: state: C currentWindowPosition: 4 currentAminoAcid: L =&gt; 239
  input in matrix: state: C currentWindowPosition: 5 currentAminoAcid: L =&gt; 212
  input in matrix: state: C currentWindowPosition: 6 currentAminoAcid: L =&gt; 178
  input in matrix: state: C currentWindowPosition: 7 currentAminoAcid: L =&gt; 231
  input in matrix: state: C currentWindowPosition: 8 currentAminoAcid: L =&gt; 0
  input in matrix: state: C currentWindowPosition: 9 currentAminoAcid: L =&gt; 149
  input in matrix: state: C currentWindowPosition: 10 currentAminoAcid: L =&gt; 185
  input in matrix: state: C currentWindowPosition: 11 currentAminoAcid: L =&gt; 182
  input in matrix: state: C currentWindowPosition: 12 currentAminoAcid: L =&gt; 198
  input in matrix: state: C currentWindowPosition: 13 currentAminoAcid: L =&gt; 202
  input in matrix: state: C currentWindowPosition: 14 currentAminoAcid: L =&gt; 206
  input in matrix: state: C currentWindowPosition: 15 currentAminoAcid: L =&gt; 229
  input in matrix: state: C currentWindowPosition: 16 currentAminoAcid: L =&gt; 200
Process line: M	57	44	53	40	50	40	43	50	0	37	42	51	56	52	59	45	54
 data line!
  input in matrix: state: C currentWindowPosition: 0 currentAminoAcid: M =&gt; 57
  input in matrix: state: C currentWindowPosition: 1 currentAminoAcid: M =&gt; 44
  input in matrix: state: C currentWindowPosition: 2 currentAminoAcid: M =&gt; 53
  input in matrix: state: C currentWindowPosition: 3 currentAminoAcid: M =&gt; 40
  input in matrix: state: C currentWindowPosition: 4 currentAminoAcid: M =&gt; 50
  input in matrix: state: C currentWindowPosition: 5 currentAminoAcid: M =&gt; 40
  input in matrix: state: C currentWindowPosition: 6 currentAminoAcid: M =&gt; 43
  input in matrix: state: C currentWindowPosition: 7 currentAminoAcid: M =&gt; 50
  input in matrix: state: C currentWindowPosition: 8 currentAminoAcid: M =&gt; 0
  input in matrix: state: C currentWindowPosition: 9 currentAminoAcid: M =&gt; 37
  input in matrix: state: C currentWindowPosition: 10 currentAminoAcid: M =&gt; 42
  input in matrix: state: C currentWindowPosition: 11 currentAminoAcid: M =&gt; 51
  input in matrix: state: C currentWindowPosition: 12 currentAminoAcid: M =&gt; 56
  input in matrix: state: C currentWindowPosition: 13 currentAminoAcid: M =&gt; 52
  input in matrix: state: C currentWindowPosition: 14 currentAminoAcid: M =&gt; 59
  input in matrix: state: C currentWindowPosition: 15 currentAminoAcid: M =&gt; 45
  input in matrix: state: C currentWindowPosition: 16 currentAminoAcid: M =&gt; 54
Process line: N	101	114	113	122	120	93	136	154	0	129	108	119	111	105	107	115	112
 data line!
  input in matrix: state: C currentWindowPosition: 0 currentAminoAcid: N =&gt; 101
  input in matrix: state: C currentWindowPosition: 1 currentAminoAcid: N =&gt; 114
  input in matrix: state: C currentWindowPosition: 2 currentAminoAcid: N =&gt; 113
  input in matrix: state: C currentWindowPosition: 3 currentAminoAcid: N =&gt; 122
  input in matrix: state: C currentWindowPosition: 4 currentAminoAcid: N =&gt; 120
  input in matrix: state: C currentWindowPosition: 5 currentAminoAcid: N =&gt; 93
  input in matrix: state: C currentWindowPosition: 6 currentAminoAcid: N =&gt; 136
  input in matrix: state: C currentWindowPosition: 7 currentAminoAcid: N =&gt; 154
  input in matrix: state: C currentWindowPosition: 8 currentAminoAcid: N =&gt; 0
  input in matrix: state: C currentWindowPosition: 9 currentAminoAcid: N =&gt; 129
  input in matrix: state: C currentWindowPosition: 10 currentAminoAcid: N =&gt; 108
  input in matrix: state: C currentWindowPosition: 11 currentAminoAcid: N =&gt; 119
  input in matrix: state: C currentWindowPosition: 12 currentAminoAcid: N =&gt; 111
  input in matrix: state: C currentWindowPosition: 13 currentAminoAcid: N =&gt; 105
  input in matrix: state: C currentWindowPosition: 14 currentAminoAcid: N =&gt; 107
  input in matrix: state: C currentWindowPosition: 15 currentAminoAcid: N =&gt; 115
  input in matrix: state: C currentWindowPosition: 16 currentAminoAcid: N =&gt; 112
Process line: P	104	111	127	126	116	128	132	117	2468	137	156	141	139	128	130	108	104
 data line!
  input in matrix: state: C currentWindowPosition: 0 currentAminoAcid: P =&gt; 104
  input in matrix: state: C currentWindowPosition: 1 currentAminoAcid: P =&gt; 111
  input in matrix: state: C currentWindowPosition: 2 currentAminoAcid: P =&gt; 127
  input in matrix: state: C currentWindowPosition: 3 currentAminoAcid: P =&gt; 126
  input in matrix: state: C currentWindowPosition: 4 currentAminoAcid: P =&gt; 116
  input in matrix: state: C currentWindowPosition: 5 currentAminoAcid: P =&gt; 128
  input in matrix: state: C currentWindowPosition: 6 currentAminoAcid: P =&gt; 132
  input in matrix: state: C currentWindowPosition: 7 currentAminoAcid: P =&gt; 117
  input in matrix: state: C currentWindowPosition: 8 currentAminoAcid: P =&gt; 2468
  input in matrix: state: C currentWindowPosition: 9 currentAminoAcid: P =&gt; 137
  input in matrix: state: C currentWindowPosition: 10 currentAminoAcid: P =&gt; 156
  input in matrix: state: C currentWindowPosition: 11 currentAminoAcid: P =&gt; 141
  input in matrix: state: C currentWindowPosition: 12 currentAminoAcid: P =&gt; 139
  input in matrix: state: C currentWindowPosition: 13 currentAminoAcid: P =&gt; 128
  input in matrix: state: C currentWindowPosition: 14 currentAminoAcid: P =&gt; 130
  input in matrix: state: C currentWindowPosition: 15 currentAminoAcid: P =&gt; 108
  input in matrix: state: C currentWindowPosition: 16 currentAminoAcid: P =&gt; 104
Process line: Q	72	86	80	82	98	85	80	81	0	78	77	94	84	86	93	101	83
 data line!
  input in matrix: state: C currentWindowPosition: 0 currentAminoAcid: Q =&gt; 72
  input in matrix: state: C currentWindowPosition: 1 currentAminoAcid: Q =&gt; 86
  input in matrix: state: C currentWindowPosition: 2 currentAminoAcid: Q =&gt; 80
  input in matrix: state: C currentWindowPosition: 3 currentAminoAcid: Q =&gt; 82
  input in matrix: state: C currentWindowPosition: 4 currentAminoAcid: Q =&gt; 98
  input in matrix: state: C currentWindowPosition: 5 currentAminoAcid: Q =&gt; 85
  input in matrix: state: C currentWindowPosition: 6 currentAminoAcid: Q =&gt; 80
  input in matrix: state: C currentWindowPosition: 7 currentAminoAcid: Q =&gt; 81
  input in matrix: state: C currentWindowPosition: 8 currentAminoAcid: Q =&gt; 0
  input in matrix: state: C currentWindowPosition: 9 currentAminoAcid: Q =&gt; 78
  input in matrix: state: C currentWindowPosition: 10 currentAminoAcid: Q =&gt; 77
  input in matrix: state: C currentWindowPosition: 11 currentAminoAcid: Q =&gt; 94
  input in matrix: state: C currentWindowPosition: 12 currentAminoAcid: Q =&gt; 84
  input in matrix: state: C currentWindowPosition: 13 currentAminoAcid: Q =&gt; 86
  input in matrix: state: C currentWindowPosition: 14 currentAminoAcid: Q =&gt; 93
  input in matrix: state: C currentWindowPosition: 15 currentAminoAcid: Q =&gt; 101
  input in matrix: state: C currentWindowPosition: 16 currentAminoAcid: Q =&gt; 83
Process line: R	111	107	119	115	118	106	124	88	0	80	89	105	128	103	118	118	120
 data line!
  input in matrix: state: C currentWindowPosition: 0 currentAminoAcid: R =&gt; 111
  input in matrix: state: C currentWindowPosition: 1 currentAminoAcid: R =&gt; 107
  input in matrix: state: C currentWindowPosition: 2 currentAminoAcid: R =&gt; 119
  input in matrix: state: C currentWindowPosition: 3 currentAminoAcid: R =&gt; 115
  input in matrix: state: C currentWindowPosition: 4 currentAminoAcid: R =&gt; 118
  input in matrix: state: C currentWindowPosition: 5 currentAminoAcid: R =&gt; 106
  input in matrix: state: C currentWindowPosition: 6 currentAminoAcid: R =&gt; 124
  input in matrix: state: C currentWindowPosition: 7 currentAminoAcid: R =&gt; 88
  input in matrix: state: C currentWindowPosition: 8 currentAminoAcid: R =&gt; 0
  input in matrix: state: C currentWindowPosition: 9 currentAminoAcid: R =&gt; 80
  input in matrix: state: C currentWindowPosition: 10 currentAminoAcid: R =&gt; 89
  input in matrix: state: C currentWindowPosition: 11 currentAminoAcid: R =&gt; 105
  input in matrix: state: C currentWindowPosition: 12 currentAminoAcid: R =&gt; 128
  input in matrix: state: C currentWindowPosition: 13 currentAminoAcid: R =&gt; 103
  input in matrix: state: C currentWindowPosition: 14 currentAminoAcid: R =&gt; 118
  input in matrix: state: C currentWindowPosition: 15 currentAminoAcid: R =&gt; 118
  input in matrix: state: C currentWindowPosition: 16 currentAminoAcid: R =&gt; 120
Process line: S	163	155	161	153	156	184	159	154	0	181	164	175	142	143	161	146	151
 data line!
  input in matrix: state: C currentWindowPosition: 0 currentAminoAcid: S =&gt; 163
  input in matrix: state: C currentWindowPosition: 1 currentAminoAcid: S =&gt; 155
  input in matrix: state: C currentWindowPosition: 2 currentAminoAcid: S =&gt; 161
  input in matrix: state: C currentWindowPosition: 3 currentAminoAcid: S =&gt; 153
  input in matrix: state: C currentWindowPosition: 4 currentAminoAcid: S =&gt; 156
  input in matrix: state: C currentWindowPosition: 5 currentAminoAcid: S =&gt; 184
  input in matrix: state: C currentWindowPosition: 6 currentAminoAcid: S =&gt; 159
  input in matrix: state: C currentWindowPosition: 7 currentAminoAcid: S =&gt; 154
  input in matrix: state: C currentWindowPosition: 8 currentAminoAcid: S =&gt; 0
  input in matrix: state: C currentWindowPosition: 9 currentAminoAcid: S =&gt; 181
  input in matrix: state: C currentWindowPosition: 10 currentAminoAcid: S =&gt; 164
  input in matrix: state: C currentWindowPosition: 11 currentAminoAcid: S =&gt; 175
  input in matrix: state: C currentWindowPosition: 12 currentAminoAcid: S =&gt; 142
  input in matrix: state: C currentWindowPosition: 13 currentAminoAcid: S =&gt; 143
  input in matrix: state: C currentWindowPosition: 14 currentAminoAcid: S =&gt; 161
  input in matrix: state: C currentWindowPosition: 15 currentAminoAcid: S =&gt; 146
  input in matrix: state: C currentWindowPosition: 16 currentAminoAcid: S =&gt; 151
Process line: T	159	149	158	148	158	147	158	151	0	148	175	191	148	164	153	147	158
 data line!
  input in matrix: state: C currentWindowPosition: 0 currentAminoAcid: T =&gt; 159
  input in matrix: state: C currentWindowPosition: 1 currentAminoAcid: T =&gt; 149
  input in matrix: state: C currentWindowPosition: 2 currentAminoAcid: T =&gt; 158
  input in matrix: state: C currentWindowPosition: 3 currentAminoAcid: T =&gt; 148
  input in matrix: state: C currentWindowPosition: 4 currentAminoAcid: T =&gt; 158
  input in matrix: state: C currentWindowPosition: 5 currentAminoAcid: T =&gt; 147
  input in matrix: state: C currentWindowPosition: 6 currentAminoAcid: T =&gt; 158
  input in matrix: state: C currentWindowPosition: 7 currentAminoAcid: T =&gt; 151
  input in matrix: state: C currentWindowPosition: 8 currentAminoAcid: T =&gt; 0
  input in matrix: state: C currentWindowPosition: 9 currentAminoAcid: T =&gt; 148
  input in matrix: state: C currentWindowPosition: 10 currentAminoAcid: T =&gt; 175
  input in matrix: state: C currentWindowPosition: 11 currentAminoAcid: T =&gt; 191
  input in matrix: state: C currentWindowPosition: 12 currentAminoAcid: T =&gt; 148
  input in matrix: state: C currentWindowPosition: 13 currentAminoAcid: T =&gt; 164
  input in matrix: state: C currentWindowPosition: 14 currentAminoAcid: T =&gt; 153
  input in matrix: state: C currentWindowPosition: 15 currentAminoAcid: T =&gt; 147
  input in matrix: state: C currentWindowPosition: 16 currentAminoAcid: T =&gt; 158
Process line: V	202	189	175	189	161	175	148	165	0	169	169	176	184	193	193	167	181
 data line!
  input in matrix: state: C currentWindowPosition: 0 currentAminoAcid: V =&gt; 202
  input in matrix: state: C currentWindowPosition: 1 currentAminoAcid: V =&gt; 189
  input in matrix: state: C currentWindowPosition: 2 currentAminoAcid: V =&gt; 175
  input in matrix: state: C currentWindowPosition: 3 currentAminoAcid: V =&gt; 189
  input in matrix: state: C currentWindowPosition: 4 currentAminoAcid: V =&gt; 161
  input in matrix: state: C currentWindowPosition: 5 currentAminoAcid: V =&gt; 175
  input in matrix: state: C currentWindowPosition: 6 currentAminoAcid: V =&gt; 148
  input in matrix: state: C currentWindowPosition: 7 currentAminoAcid: V =&gt; 165
  input in matrix: state: C currentWindowPosition: 8 currentAminoAcid: V =&gt; 0
  input in matrix: state: C currentWindowPosition: 9 currentAminoAcid: V =&gt; 169
  input in matrix: state: C currentWindowPosition: 10 currentAminoAcid: V =&gt; 169
  input in matrix: state: C currentWindowPosition: 11 currentAminoAcid: V =&gt; 176
  input in matrix: state: C currentWindowPosition: 12 currentAminoAcid: V =&gt; 184
  input in matrix: state: C currentWindowPosition: 13 currentAminoAcid: V =&gt; 193
  input in matrix: state: C currentWindowPosition: 14 currentAminoAcid: V =&gt; 193
  input in matrix: state: C currentWindowPosition: 15 currentAminoAcid: V =&gt; 167
  input in matrix: state: C currentWindowPosition: 16 currentAminoAcid: V =&gt; 181
Process line: W	46	42	37	43	42	38	36	25	0	37	34	42	32	35	38	42	42
 data line!
  input in matrix: state: C currentWindowPosition: 0 currentAminoAcid: W =&gt; 46
  input in matrix: state: C currentWindowPosition: 1 currentAminoAcid: W =&gt; 42
  input in matrix: state: C currentWindowPosition: 2 currentAminoAcid: W =&gt; 37
  input in matrix: state: C currentWindowPosition: 3 currentAminoAcid: W =&gt; 43
  input in matrix: state: C currentWindowPosition: 4 currentAminoAcid: W =&gt; 42
  input in matrix: state: C currentWindowPosition: 5 currentAminoAcid: W =&gt; 38
  input in matrix: state: C currentWindowPosition: 6 currentAminoAcid: W =&gt; 36
  input in matrix: state: C currentWindowPosition: 7 currentAminoAcid: W =&gt; 25
  input in matrix: state: C currentWindowPosition: 8 currentAminoAcid: W =&gt; 0
  input in matrix: state: C currentWindowPosition: 9 currentAminoAcid: W =&gt; 37
  input in matrix: state: C currentWindowPosition: 10 currentAminoAcid: W =&gt; 34
  input in matrix: state: C currentWindowPosition: 11 currentAminoAcid: W =&gt; 42
  input in matrix: state: C currentWindowPosition: 12 currentAminoAcid: W =&gt; 32
  input in matrix: state: C currentWindowPosition: 13 currentAminoAcid: W =&gt; 35
  input in matrix: state: C currentWindowPosition: 14 currentAminoAcid: W =&gt; 38
  input in matrix: state: C currentWindowPosition: 15 currentAminoAcid: W =&gt; 42
  input in matrix: state: C currentWindowPosition: 16 currentAminoAcid: W =&gt; 42
Process line: Y	106	101	91	102	102	91	113	102	0	87	99	108	88	99	86	86	97
 data line!
  input in matrix: state: C currentWindowPosition: 0 currentAminoAcid: Y =&gt; 106
  input in matrix: state: C currentWindowPosition: 1 currentAminoAcid: Y =&gt; 101
  input in matrix: state: C currentWindowPosition: 2 currentAminoAcid: Y =&gt; 91
  input in matrix: state: C currentWindowPosition: 3 currentAminoAcid: Y =&gt; 102
  input in matrix: state: C currentWindowPosition: 4 currentAminoAcid: Y =&gt; 102
  input in matrix: state: C currentWindowPosition: 5 currentAminoAcid: Y =&gt; 91
  input in matrix: state: C currentWindowPosition: 6 currentAminoAcid: Y =&gt; 113
  input in matrix: state: C currentWindowPosition: 7 currentAminoAcid: Y =&gt; 102
  input in matrix: state: C currentWindowPosition: 8 currentAminoAcid: Y =&gt; 0
  input in matrix: state: C currentWindowPosition: 9 currentAminoAcid: Y =&gt; 87
  input in matrix: state: C currentWindowPosition: 10 currentAminoAcid: Y =&gt; 99
  input in matrix: state: C currentWindowPosition: 11 currentAminoAcid: Y =&gt; 108
  input in matrix: state: C currentWindowPosition: 12 currentAminoAcid: Y =&gt; 88
  input in matrix: state: C currentWindowPosition: 13 currentAminoAcid: Y =&gt; 99
  input in matrix: state: C currentWindowPosition: 14 currentAminoAcid: Y =&gt; 86
  input in matrix: state: C currentWindowPosition: 15 currentAminoAcid: Y =&gt; 86
  input in matrix: state: C currentWindowPosition: 16 currentAminoAcid: Y =&gt; 97
Process line: 
 Skip line!
Process line: 
 Skip line!
Process line: =P,E=
 state line! (now in state: E)
Process line: 
 Skip line!
Process line: A	28	33	31	31	28	17	23	27	0	35	33	18	18	22	26	23	34
 data line!
  input in matrix: state: E currentWindowPosition: 0 currentAminoAcid: A =&gt; 28
  input in matrix: state: E currentWindowPosition: 1 currentAminoAcid: A =&gt; 33
  input in matrix: state: E currentWindowPosition: 2 currentAminoAcid: A =&gt; 31
  input in matrix: state: E currentWindowPosition: 3 currentAminoAcid: A =&gt; 31
  input in matrix: state: E currentWindowPosition: 4 currentAminoAcid: A =&gt; 28
  input in matrix: state: E currentWindowPosition: 5 currentAminoAcid: A =&gt; 17
  input in matrix: state: E currentWindowPosition: 6 currentAminoAcid: A =&gt; 23
  input in matrix: state: E currentWindowPosition: 7 currentAminoAcid: A =&gt; 27
  input in matrix: state: E currentWindowPosition: 8 currentAminoAcid: A =&gt; 0
  input in matrix: state: E currentWindowPosition: 9 currentAminoAcid: A =&gt; 35
  input in matrix: state: E currentWindowPosition: 10 currentAminoAcid: A =&gt; 33
  input in matrix: state: E currentWindowPosition: 11 currentAminoAcid: A =&gt; 18
  input in matrix: state: E currentWindowPosition: 12 currentAminoAcid: A =&gt; 18
  input in matrix: state: E currentWindowPosition: 13 currentAminoAcid: A =&gt; 22
  input in matrix: state: E currentWindowPosition: 14 currentAminoAcid: A =&gt; 26
  input in matrix: state: E currentWindowPosition: 15 currentAminoAcid: A =&gt; 23
  input in matrix: state: E currentWindowPosition: 16 currentAminoAcid: A =&gt; 34
Process line: C	3	10	0	2	5	4	5	7	0	11	5	4	4	2	5	5	5
 data line!
  input in matrix: state: E currentWindowPosition: 0 currentAminoAcid: C =&gt; 3
  input in matrix: state: E currentWindowPosition: 1 currentAminoAcid: C =&gt; 10
  input in matrix: state: E currentWindowPosition: 2 currentAminoAcid: C =&gt; 0
  input in matrix: state: E currentWindowPosition: 3 currentAminoAcid: C =&gt; 2
  input in matrix: state: E currentWindowPosition: 4 currentAminoAcid: C =&gt; 5
  input in matrix: state: E currentWindowPosition: 5 currentAminoAcid: C =&gt; 4
  input in matrix: state: E currentWindowPosition: 6 currentAminoAcid: C =&gt; 5
  input in matrix: state: E currentWindowPosition: 7 currentAminoAcid: C =&gt; 7
  input in matrix: state: E currentWindowPosition: 8 currentAminoAcid: C =&gt; 0
  input in matrix: state: E currentWindowPosition: 9 currentAminoAcid: C =&gt; 11
  input in matrix: state: E currentWindowPosition: 10 currentAminoAcid: C =&gt; 5
  input in matrix: state: E currentWindowPosition: 11 currentAminoAcid: C =&gt; 4
  input in matrix: state: E currentWindowPosition: 12 currentAminoAcid: C =&gt; 4
  input in matrix: state: E currentWindowPosition: 13 currentAminoAcid: C =&gt; 2
  input in matrix: state: E currentWindowPosition: 14 currentAminoAcid: C =&gt; 5
  input in matrix: state: E currentWindowPosition: 15 currentAminoAcid: C =&gt; 5
  input in matrix: state: E currentWindowPosition: 16 currentAminoAcid: C =&gt; 5
Process line: D	23	17	25	26	22	23	10	12	0	10	23	32	18	33	27	21	20
 data line!
  input in matrix: state: E currentWindowPosition: 0 currentAminoAcid: D =&gt; 23
  input in matrix: state: E currentWindowPosition: 1 currentAminoAcid: D =&gt; 17
  input in matrix: state: E currentWindowPosition: 2 currentAminoAcid: D =&gt; 25
  input in matrix: state: E currentWindowPosition: 3 currentAminoAcid: D =&gt; 26
  input in matrix: state: E currentWindowPosition: 4 currentAminoAcid: D =&gt; 22
  input in matrix: state: E currentWindowPosition: 5 currentAminoAcid: D =&gt; 23
  input in matrix: state: E currentWindowPosition: 6 currentAminoAcid: D =&gt; 10
  input in matrix: state: E currentWindowPosition: 7 currentAminoAcid: D =&gt; 12
  input in matrix: state: E currentWindowPosition: 8 currentAminoAcid: D =&gt; 0
  input in matrix: state: E currentWindowPosition: 9 currentAminoAcid: D =&gt; 10
  input in matrix: state: E currentWindowPosition: 10 currentAminoAcid: D =&gt; 23
  input in matrix: state: E currentWindowPosition: 11 currentAminoAcid: D =&gt; 32
  input in matrix: state: E currentWindowPosition: 12 currentAminoAcid: D =&gt; 18
  input in matrix: state: E currentWindowPosition: 13 currentAminoAcid: D =&gt; 33
  input in matrix: state: E currentWindowPosition: 14 currentAminoAcid: D =&gt; 27
  input in matrix: state: E currentWindowPosition: 15 currentAminoAcid: D =&gt; 21
  input in matrix: state: E currentWindowPosition: 16 currentAminoAcid: D =&gt; 20
Process line: E	15	19	20	23	19	21	12	20	0	7	22	26	16	30	15	23	14
 data line!
  input in matrix: state: E currentWindowPosition: 0 currentAminoAcid: E =&gt; 15
  input in matrix: state: E currentWindowPosition: 1 currentAminoAcid: E =&gt; 19
  input in matrix: state: E currentWindowPosition: 2 currentAminoAcid: E =&gt; 20
  input in matrix: state: E currentWindowPosition: 3 currentAminoAcid: E =&gt; 23
  input in matrix: state: E currentWindowPosition: 4 currentAminoAcid: E =&gt; 19
  input in matrix: state: E currentWindowPosition: 5 currentAminoAcid: E =&gt; 21
  input in matrix: state: E currentWindowPosition: 6 currentAminoAcid: E =&gt; 12
  input in matrix: state: E currentWindowPosition: 7 currentAminoAcid: E =&gt; 20
  input in matrix: state: E currentWindowPosition: 8 currentAminoAcid: E =&gt; 0
  input in matrix: state: E currentWindowPosition: 9 currentAminoAcid: E =&gt; 7
  input in matrix: state: E currentWindowPosition: 10 currentAminoAcid: E =&gt; 22
  input in matrix: state: E currentWindowPosition: 11 currentAminoAcid: E =&gt; 26
  input in matrix: state: E currentWindowPosition: 12 currentAminoAcid: E =&gt; 16
  input in matrix: state: E currentWindowPosition: 13 currentAminoAcid: E =&gt; 30
  input in matrix: state: E currentWindowPosition: 14 currentAminoAcid: E =&gt; 15
  input in matrix: state: E currentWindowPosition: 15 currentAminoAcid: E =&gt; 23
  input in matrix: state: E currentWindowPosition: 16 currentAminoAcid: E =&gt; 14
Process line: F	17	12	12	9	14	17	24	12	0	20	13	12	15	16	14	13	19
 data line!
  input in matrix: state: E currentWindowPosition: 0 currentAminoAcid: F =&gt; 17
  input in matrix: state: E currentWindowPosition: 1 currentAminoAcid: F =&gt; 12
  input in matrix: state: E currentWindowPosition: 2 currentAminoAcid: F =&gt; 12
  input in matrix: state: E currentWindowPosition: 3 currentAminoAcid: F =&gt; 9
  input in matrix: state: E currentWindowPosition: 4 currentAminoAcid: F =&gt; 14
  input in matrix: state: E currentWindowPosition: 5 currentAminoAcid: F =&gt; 17
  input in matrix: state: E currentWindowPosition: 6 currentAminoAcid: F =&gt; 24
  input in matrix: state: E currentWindowPosition: 7 currentAminoAcid: F =&gt; 12
  input in matrix: state: E currentWindowPosition: 8 currentAminoAcid: F =&gt; 0
  input in matrix: state: E currentWindowPosition: 9 currentAminoAcid: F =&gt; 20
  input in matrix: state: E currentWindowPosition: 10 currentAminoAcid: F =&gt; 13
  input in matrix: state: E currentWindowPosition: 11 currentAminoAcid: F =&gt; 12
  input in matrix: state: E currentWindowPosition: 12 currentAminoAcid: F =&gt; 15
  input in matrix: state: E currentWindowPosition: 13 currentAminoAcid: F =&gt; 16
  input in matrix: state: E currentWindowPosition: 14 currentAminoAcid: F =&gt; 14
  input in matrix: state: E currentWindowPosition: 15 currentAminoAcid: F =&gt; 13
  input in matrix: state: E currentWindowPosition: 16 currentAminoAcid: F =&gt; 19
Process line: G	32	33	34	44	35	47	52	19	0	20	38	25	43	29	27	39	43
 data line!
  input in matrix: state: E currentWindowPosition: 0 currentAminoAcid: G =&gt; 32
  input in matrix: state: E currentWindowPosition: 1 currentAminoAcid: G =&gt; 33
  input in matrix: state: E currentWindowPosition: 2 currentAminoAcid: G =&gt; 34
  input in matrix: state: E currentWindowPosition: 3 currentAminoAcid: G =&gt; 44
  input in matrix: state: E currentWindowPosition: 4 currentAminoAcid: G =&gt; 35
  input in matrix: state: E currentWindowPosition: 5 currentAminoAcid: G =&gt; 47
  input in matrix: state: E currentWindowPosition: 6 currentAminoAcid: G =&gt; 52
  input in matrix: state: E currentWindowPosition: 7 currentAminoAcid: G =&gt; 19
  input in matrix: state: E currentWindowPosition: 8 currentAminoAcid: G =&gt; 0
  input in matrix: state: E currentWindowPosition: 9 currentAminoAcid: G =&gt; 20
  input in matrix: state: E currentWindowPosition: 10 currentAminoAcid: G =&gt; 38
  input in matrix: state: E currentWindowPosition: 11 currentAminoAcid: G =&gt; 25
  input in matrix: state: E currentWindowPosition: 12 currentAminoAcid: G =&gt; 43
  input in matrix: state: E currentWindowPosition: 13 currentAminoAcid: G =&gt; 29
  input in matrix: state: E currentWindowPosition: 14 currentAminoAcid: G =&gt; 27
  input in matrix: state: E currentWindowPosition: 15 currentAminoAcid: G =&gt; 39
  input in matrix: state: E currentWindowPosition: 16 currentAminoAcid: G =&gt; 43
Process line: H	5	6	11	5	8	9	5	7	0	5	5	9	8	11	14	11	10
 data line!
  input in matrix: state: E currentWindowPosition: 0 currentAminoAcid: H =&gt; 5
  input in matrix: state: E currentWindowPosition: 1 currentAminoAcid: H =&gt; 6
  input in matrix: state: E currentWindowPosition: 2 currentAminoAcid: H =&gt; 11
  input in matrix: state: E currentWindowPosition: 3 currentAminoAcid: H =&gt; 5
  input in matrix: state: E currentWindowPosition: 4 currentAminoAcid: H =&gt; 8
  input in matrix: state: E currentWindowPosition: 5 currentAminoAcid: H =&gt; 9
  input in matrix: state: E currentWindowPosition: 6 currentAminoAcid: H =&gt; 5
  input in matrix: state: E currentWindowPosition: 7 currentAminoAcid: H =&gt; 7
  input in matrix: state: E currentWindowPosition: 8 currentAminoAcid: H =&gt; 0
  input in matrix: state: E currentWindowPosition: 9 currentAminoAcid: H =&gt; 5
  input in matrix: state: E currentWindowPosition: 10 currentAminoAcid: H =&gt; 5
  input in matrix: state: E currentWindowPosition: 11 currentAminoAcid: H =&gt; 9
  input in matrix: state: E currentWindowPosition: 12 currentAminoAcid: H =&gt; 8
  input in matrix: state: E currentWindowPosition: 13 currentAminoAcid: H =&gt; 11
  input in matrix: state: E currentWindowPosition: 14 currentAminoAcid: H =&gt; 14
  input in matrix: state: E currentWindowPosition: 15 currentAminoAcid: H =&gt; 11
  input in matrix: state: E currentWindowPosition: 16 currentAminoAcid: H =&gt; 10
Process line: I	22	19	22	17	23	19	33	38	0	33	16	19	18	19	17	25	14
 data line!
  input in matrix: state: E currentWindowPosition: 0 currentAminoAcid: I =&gt; 22
  input in matrix: state: E currentWindowPosition: 1 currentAminoAcid: I =&gt; 19
  input in matrix: state: E currentWindowPosition: 2 currentAminoAcid: I =&gt; 22
  input in matrix: state: E currentWindowPosition: 3 currentAminoAcid: I =&gt; 17
  input in matrix: state: E currentWindowPosition: 4 currentAminoAcid: I =&gt; 23
  input in matrix: state: E currentWindowPosition: 5 currentAminoAcid: I =&gt; 19
  input in matrix: state: E currentWindowPosition: 6 currentAminoAcid: I =&gt; 33
  input in matrix: state: E currentWindowPosition: 7 currentAminoAcid: I =&gt; 38
  input in matrix: state: E currentWindowPosition: 8 currentAminoAcid: I =&gt; 0
  input in matrix: state: E currentWindowPosition: 9 currentAminoAcid: I =&gt; 33
  input in matrix: state: E currentWindowPosition: 10 currentAminoAcid: I =&gt; 16
  input in matrix: state: E currentWindowPosition: 11 currentAminoAcid: I =&gt; 19
  input in matrix: state: E currentWindowPosition: 12 currentAminoAcid: I =&gt; 18
  input in matrix: state: E currentWindowPosition: 13 currentAminoAcid: I =&gt; 19
  input in matrix: state: E currentWindowPosition: 14 currentAminoAcid: I =&gt; 17
  input in matrix: state: E currentWindowPosition: 15 currentAminoAcid: I =&gt; 25
  input in matrix: state: E currentWindowPosition: 16 currentAminoAcid: I =&gt; 14
Process line: K	12	25	17	21	21	17	17	26	0	14	13	21	18	15	10	18	14
 data line!
  input in matrix: state: E currentWindowPosition: 0 currentAminoAcid: K =&gt; 12
  input in matrix: state: E currentWindowPosition: 1 currentAminoAcid: K =&gt; 25
  input in matrix: state: E currentWindowPosition: 2 currentAminoAcid: K =&gt; 17
  input in matrix: state: E currentWindowPosition: 3 currentAminoAcid: K =&gt; 21
  input in matrix: state: E currentWindowPosition: 4 currentAminoAcid: K =&gt; 21
  input in matrix: state: E currentWindowPosition: 5 currentAminoAcid: K =&gt; 17
  input in matrix: state: E currentWindowPosition: 6 currentAminoAcid: K =&gt; 17
  input in matrix: state: E currentWindowPosition: 7 currentAminoAcid: K =&gt; 26
  input in matrix: state: E currentWindowPosition: 8 currentAminoAcid: K =&gt; 0
  input in matrix: state: E currentWindowPosition: 9 currentAminoAcid: K =&gt; 14
  input in matrix: state: E currentWindowPosition: 10 currentAminoAcid: K =&gt; 13
  input in matrix: state: E currentWindowPosition: 11 currentAminoAcid: K =&gt; 21
  input in matrix: state: E currentWindowPosition: 12 currentAminoAcid: K =&gt; 18
  input in matrix: state: E currentWindowPosition: 13 currentAminoAcid: K =&gt; 15
  input in matrix: state: E currentWindowPosition: 14 currentAminoAcid: K =&gt; 10
  input in matrix: state: E currentWindowPosition: 15 currentAminoAcid: K =&gt; 18
  input in matrix: state: E currentWindowPosition: 16 currentAminoAcid: K =&gt; 14
Process line: L	36	35	37	19	16	27	33	37	0	52	26	32	31	29	27	26	26
 data line!
  input in matrix: state: E currentWindowPosition: 0 currentAminoAcid: L =&gt; 36
  input in matrix: state: E currentWindowPosition: 1 currentAminoAcid: L =&gt; 35
  input in matrix: state: E currentWindowPosition: 2 currentAminoAcid: L =&gt; 37
  input in matrix: state: E currentWindowPosition: 3 currentAminoAcid: L =&gt; 19
  input in matrix: state: E currentWindowPosition: 4 currentAminoAcid: L =&gt; 16
  input in matrix: state: E currentWindowPosition: 5 currentAminoAcid: L =&gt; 27
  input in matrix: state: E currentWindowPosition: 6 currentAminoAcid: L =&gt; 33
  input in matrix: state: E currentWindowPosition: 7 currentAminoAcid: L =&gt; 37
  input in matrix: state: E currentWindowPosition: 8 currentAminoAcid: L =&gt; 0
  input in matrix: state: E currentWindowPosition: 9 currentAminoAcid: L =&gt; 52
  input in matrix: state: E currentWindowPosition: 10 currentAminoAcid: L =&gt; 26
  input in matrix: state: E currentWindowPosition: 11 currentAminoAcid: L =&gt; 32
  input in matrix: state: E currentWindowPosition: 12 currentAminoAcid: L =&gt; 31
  input in matrix: state: E currentWindowPosition: 13 currentAminoAcid: L =&gt; 29
  input in matrix: state: E currentWindowPosition: 14 currentAminoAcid: L =&gt; 27
  input in matrix: state: E currentWindowPosition: 15 currentAminoAcid: L =&gt; 26
  input in matrix: state: E currentWindowPosition: 16 currentAminoAcid: L =&gt; 26
Process line: M	6	2	10	1	3	9	9	15	0	12	9	3	7	6	8	8	5
 data line!
  input in matrix: state: E currentWindowPosition: 0 currentAminoAcid: M =&gt; 6
  input in matrix: state: E currentWindowPosition: 1 currentAminoAcid: M =&gt; 2
  input in matrix: state: E currentWindowPosition: 2 currentAminoAcid: M =&gt; 10
  input in matrix: state: E currentWindowPosition: 3 currentAminoAcid: M =&gt; 1
  input in matrix: state: E currentWindowPosition: 4 currentAminoAcid: M =&gt; 3
  input in matrix: state: E currentWindowPosition: 5 currentAminoAcid: M =&gt; 9
  input in matrix: state: E currentWindowPosition: 6 currentAminoAcid: M =&gt; 9
  input in matrix: state: E currentWindowPosition: 7 currentAminoAcid: M =&gt; 15
  input in matrix: state: E currentWindowPosition: 8 currentAminoAcid: M =&gt; 0
  input in matrix: state: E currentWindowPosition: 9 currentAminoAcid: M =&gt; 12
  input in matrix: state: E currentWindowPosition: 10 currentAminoAcid: M =&gt; 9
  input in matrix: state: E currentWindowPosition: 11 currentAminoAcid: M =&gt; 3
  input in matrix: state: E currentWindowPosition: 12 currentAminoAcid: M =&gt; 7
  input in matrix: state: E currentWindowPosition: 13 currentAminoAcid: M =&gt; 6
  input in matrix: state: E currentWindowPosition: 14 currentAminoAcid: M =&gt; 8
  input in matrix: state: E currentWindowPosition: 15 currentAminoAcid: M =&gt; 8
  input in matrix: state: E currentWindowPosition: 16 currentAminoAcid: M =&gt; 5
Process line: N	19	15	18	22	15	17	13	8	0	15	14	16	15	17	24	15	16
 data line!
  input in matrix: state: E currentWindowPosition: 0 currentAminoAcid: N =&gt; 19
  input in matrix: state: E currentWindowPosition: 1 currentAminoAcid: N =&gt; 15
  input in matrix: state: E currentWindowPosition: 2 currentAminoAcid: N =&gt; 18
  input in matrix: state: E currentWindowPosition: 3 currentAminoAcid: N =&gt; 22
  input in matrix: state: E currentWindowPosition: 4 currentAminoAcid: N =&gt; 15
  input in matrix: state: E currentWindowPosition: 5 currentAminoAcid: N =&gt; 17
  input in matrix: state: E currentWindowPosition: 6 currentAminoAcid: N =&gt; 13
  input in matrix: state: E currentWindowPosition: 7 currentAminoAcid: N =&gt; 8
  input in matrix: state: E currentWindowPosition: 8 currentAminoAcid: N =&gt; 0
  input in matrix: state: E currentWindowPosition: 9 currentAminoAcid: N =&gt; 15
  input in matrix: state: E currentWindowPosition: 10 currentAminoAcid: N =&gt; 14
  input in matrix: state: E currentWindowPosition: 11 currentAminoAcid: N =&gt; 16
  input in matrix: state: E currentWindowPosition: 12 currentAminoAcid: N =&gt; 15
  input in matrix: state: E currentWindowPosition: 13 currentAminoAcid: N =&gt; 17
  input in matrix: state: E currentWindowPosition: 14 currentAminoAcid: N =&gt; 24
  input in matrix: state: E currentWindowPosition: 15 currentAminoAcid: N =&gt; 15
  input in matrix: state: E currentWindowPosition: 16 currentAminoAcid: N =&gt; 16
Process line: P	20	16	16	21	14	11	7	3	360	0	12	25	18	22	28	19	20
 data line!
  input in matrix: state: E currentWindowPosition: 0 currentAminoAcid: P =&gt; 20
  input in matrix: state: E currentWindowPosition: 1 currentAminoAcid: P =&gt; 16
  input in matrix: state: E currentWindowPosition: 2 currentAminoAcid: P =&gt; 16
  input in matrix: state: E currentWindowPosition: 3 currentAminoAcid: P =&gt; 21
  input in matrix: state: E currentWindowPosition: 4 currentAminoAcid: P =&gt; 14
  input in matrix: state: E currentWindowPosition: 5 currentAminoAcid: P =&gt; 11
  input in matrix: state: E currentWindowPosition: 6 currentAminoAcid: P =&gt; 7
  input in matrix: state: E currentWindowPosition: 7 currentAminoAcid: P =&gt; 3
  input in matrix: state: E currentWindowPosition: 8 currentAminoAcid: P =&gt; 360
  input in matrix: state: E currentWindowPosition: 9 currentAminoAcid: P =&gt; 0
  input in matrix: state: E currentWindowPosition: 10 currentAminoAcid: P =&gt; 12
  input in matrix: state: E currentWindowPosition: 11 currentAminoAcid: P =&gt; 25
  input in matrix: state: E currentWindowPosition: 12 currentAminoAcid: P =&gt; 18
  input in matrix: state: E currentWindowPosition: 13 currentAminoAcid: P =&gt; 22
  input in matrix: state: E currentWindowPosition: 14 currentAminoAcid: P =&gt; 28
  input in matrix: state: E currentWindowPosition: 15 currentAminoAcid: P =&gt; 19
  input in matrix: state: E currentWindowPosition: 16 currentAminoAcid: P =&gt; 20
Process line: Q	15	10	9	10	12	6	6	12	0	8	8	11	14	8	16	13	14
 data line!
  input in matrix: state: E currentWindowPosition: 0 currentAminoAcid: Q =&gt; 15
  input in matrix: state: E currentWindowPosition: 1 currentAminoAcid: Q =&gt; 10
  input in matrix: state: E currentWindowPosition: 2 currentAminoAcid: Q =&gt; 9
  input in matrix: state: E currentWindowPosition: 3 currentAminoAcid: Q =&gt; 10
  input in matrix: state: E currentWindowPosition: 4 currentAminoAcid: Q =&gt; 12
  input in matrix: state: E currentWindowPosition: 5 currentAminoAcid: Q =&gt; 6
  input in matrix: state: E currentWindowPosition: 6 currentAminoAcid: Q =&gt; 6
  input in matrix: state: E currentWindowPosition: 7 currentAminoAcid: Q =&gt; 12
  input in matrix: state: E currentWindowPosition: 8 currentAminoAcid: Q =&gt; 0
  input in matrix: state: E currentWindowPosition: 9 currentAminoAcid: Q =&gt; 8
  input in matrix: state: E currentWindowPosition: 10 currentAminoAcid: Q =&gt; 8
  input in matrix: state: E currentWindowPosition: 11 currentAminoAcid: Q =&gt; 11
  input in matrix: state: E currentWindowPosition: 12 currentAminoAcid: Q =&gt; 14
  input in matrix: state: E currentWindowPosition: 13 currentAminoAcid: Q =&gt; 8
  input in matrix: state: E currentWindowPosition: 14 currentAminoAcid: Q =&gt; 16
  input in matrix: state: E currentWindowPosition: 15 currentAminoAcid: Q =&gt; 13
  input in matrix: state: E currentWindowPosition: 16 currentAminoAcid: Q =&gt; 14
Process line: R	17	14	15	10	21	11	16	19	0	8	12	9	17	14	9	9	14
 data line!
  input in matrix: state: E currentWindowPosition: 0 currentAminoAcid: R =&gt; 17
  input in matrix: state: E currentWindowPosition: 1 currentAminoAcid: R =&gt; 14
  input in matrix: state: E currentWindowPosition: 2 currentAminoAcid: R =&gt; 15
  input in matrix: state: E currentWindowPosition: 3 currentAminoAcid: R =&gt; 10
  input in matrix: state: E currentWindowPosition: 4 currentAminoAcid: R =&gt; 21
  input in matrix: state: E currentWindowPosition: 5 currentAminoAcid: R =&gt; 11
  input in matrix: state: E currentWindowPosition: 6 currentAminoAcid: R =&gt; 16
  input in matrix: state: E currentWindowPosition: 7 currentAminoAcid: R =&gt; 19
  input in matrix: state: E currentWindowPosition: 8 currentAminoAcid: R =&gt; 0
  input in matrix: state: E currentWindowPosition: 9 currentAminoAcid: R =&gt; 8
  input in matrix: state: E currentWindowPosition: 10 currentAminoAcid: R =&gt; 12
  input in matrix: state: E currentWindowPosition: 11 currentAminoAcid: R =&gt; 9
  input in matrix: state: E currentWindowPosition: 12 currentAminoAcid: R =&gt; 17
  input in matrix: state: E currentWindowPosition: 13 currentAminoAcid: R =&gt; 14
  input in matrix: state: E currentWindowPosition: 14 currentAminoAcid: R =&gt; 9
  input in matrix: state: E currentWindowPosition: 15 currentAminoAcid: R =&gt; 9
  input in matrix: state: E currentWindowPosition: 16 currentAminoAcid: R =&gt; 14
Process line: S	25	27	21	29	19	21	20	10	0	20	27	29	21	19	27	25	23
 data line!
  input in matrix: state: E currentWindowPosition: 0 currentAminoAcid: S =&gt; 25
  input in matrix: state: E currentWindowPosition: 1 currentAminoAcid: S =&gt; 27
  input in matrix: state: E currentWindowPosition: 2 currentAminoAcid: S =&gt; 21
  input in matrix: state: E currentWindowPosition: 3 currentAminoAcid: S =&gt; 29
  input in matrix: state: E currentWindowPosition: 4 currentAminoAcid: S =&gt; 19
  input in matrix: state: E currentWindowPosition: 5 currentAminoAcid: S =&gt; 21
  input in matrix: state: E currentWindowPosition: 6 currentAminoAcid: S =&gt; 20
  input in matrix: state: E currentWindowPosition: 7 currentAminoAcid: S =&gt; 10
  input in matrix: state: E currentWindowPosition: 8 currentAminoAcid: S =&gt; 0
  input in matrix: state: E currentWindowPosition: 9 currentAminoAcid: S =&gt; 20
  input in matrix: state: E currentWindowPosition: 10 currentAminoAcid: S =&gt; 27
  input in matrix: state: E currentWindowPosition: 11 currentAminoAcid: S =&gt; 29
  input in matrix: state: E currentWindowPosition: 12 currentAminoAcid: S =&gt; 21
  input in matrix: state: E currentWindowPosition: 13 currentAminoAcid: S =&gt; 19
  input in matrix: state: E currentWindowPosition: 14 currentAminoAcid: S =&gt; 27
  input in matrix: state: E currentWindowPosition: 15 currentAminoAcid: S =&gt; 25
  input in matrix: state: E currentWindowPosition: 16 currentAminoAcid: S =&gt; 23
Process line: T	29	29	17	23	26	32	25	26	0	16	34	25	25	14	19	25	22
 data line!
  input in matrix: state: E currentWindowPosition: 0 currentAminoAcid: T =&gt; 29
  input in matrix: state: E currentWindowPosition: 1 currentAminoAcid: T =&gt; 29
  input in matrix: state: E currentWindowPosition: 2 currentAminoAcid: T =&gt; 17
  input in matrix: state: E currentWindowPosition: 3 currentAminoAcid: T =&gt; 23
  input in matrix: state: E currentWindowPosition: 4 currentAminoAcid: T =&gt; 26
  input in matrix: state: E currentWindowPosition: 5 currentAminoAcid: T =&gt; 32
  input in matrix: state: E currentWindowPosition: 6 currentAminoAcid: T =&gt; 25
  input in matrix: state: E currentWindowPosition: 7 currentAminoAcid: T =&gt; 26
  input in matrix: state: E currentWindowPosition: 8 currentAminoAcid: T =&gt; 0
  input in matrix: state: E currentWindowPosition: 9 currentAminoAcid: T =&gt; 16
  input in matrix: state: E currentWindowPosition: 10 currentAminoAcid: T =&gt; 34
  input in matrix: state: E currentWindowPosition: 11 currentAminoAcid: T =&gt; 25
  input in matrix: state: E currentWindowPosition: 12 currentAminoAcid: T =&gt; 25
  input in matrix: state: E currentWindowPosition: 13 currentAminoAcid: T =&gt; 14
  input in matrix: state: E currentWindowPosition: 14 currentAminoAcid: T =&gt; 19
  input in matrix: state: E currentWindowPosition: 15 currentAminoAcid: T =&gt; 25
  input in matrix: state: E currentWindowPosition: 16 currentAminoAcid: T =&gt; 22
Process line: V	21	21	27	27	37	30	30	45	0	55	32	25	34	29	28	24	28
 data line!
  input in matrix: state: E currentWindowPosition: 0 currentAminoAcid: V =&gt; 21
  input in matrix: state: E currentWindowPosition: 1 currentAminoAcid: V =&gt; 21
  input in matrix: state: E currentWindowPosition: 2 currentAminoAcid: V =&gt; 27
  input in matrix: state: E currentWindowPosition: 3 currentAminoAcid: V =&gt; 27
  input in matrix: state: E currentWindowPosition: 4 currentAminoAcid: V =&gt; 37
  input in matrix: state: E currentWindowPosition: 5 currentAminoAcid: V =&gt; 30
  input in matrix: state: E currentWindowPosition: 6 currentAminoAcid: V =&gt; 30
  input in matrix: state: E currentWindowPosition: 7 currentAminoAcid: V =&gt; 45
  input in matrix: state: E currentWindowPosition: 8 currentAminoAcid: V =&gt; 0
  input in matrix: state: E currentWindowPosition: 9 currentAminoAcid: V =&gt; 55
  input in matrix: state: E currentWindowPosition: 10 currentAminoAcid: V =&gt; 32
  input in matrix: state: E currentWindowPosition: 11 currentAminoAcid: V =&gt; 25
  input in matrix: state: E currentWindowPosition: 12 currentAminoAcid: V =&gt; 34
  input in matrix: state: E currentWindowPosition: 13 currentAminoAcid: V =&gt; 29
  input in matrix: state: E currentWindowPosition: 14 currentAminoAcid: V =&gt; 28
  input in matrix: state: E currentWindowPosition: 15 currentAminoAcid: V =&gt; 24
  input in matrix: state: E currentWindowPosition: 16 currentAminoAcid: V =&gt; 28
Process line: W	3	4	3	5	8	9	10	4	0	6	3	9	7	8	5	6	5
 data line!
  input in matrix: state: E currentWindowPosition: 0 currentAminoAcid: W =&gt; 3
  input in matrix: state: E currentWindowPosition: 1 currentAminoAcid: W =&gt; 4
  input in matrix: state: E currentWindowPosition: 2 currentAminoAcid: W =&gt; 3
  input in matrix: state: E currentWindowPosition: 3 currentAminoAcid: W =&gt; 5
  input in matrix: state: E currentWindowPosition: 4 currentAminoAcid: W =&gt; 8
  input in matrix: state: E currentWindowPosition: 5 currentAminoAcid: W =&gt; 9
  input in matrix: state: E currentWindowPosition: 6 currentAminoAcid: W =&gt; 10
  input in matrix: state: E currentWindowPosition: 7 currentAminoAcid: W =&gt; 4
  input in matrix: state: E currentWindowPosition: 8 currentAminoAcid: W =&gt; 0
  input in matrix: state: E currentWindowPosition: 9 currentAminoAcid: W =&gt; 6
  input in matrix: state: E currentWindowPosition: 10 currentAminoAcid: W =&gt; 3
  input in matrix: state: E currentWindowPosition: 11 currentAminoAcid: W =&gt; 9
  input in matrix: state: E currentWindowPosition: 12 currentAminoAcid: W =&gt; 7
  input in matrix: state: E currentWindowPosition: 13 currentAminoAcid: W =&gt; 8
  input in matrix: state: E currentWindowPosition: 14 currentAminoAcid: W =&gt; 5
  input in matrix: state: E currentWindowPosition: 15 currentAminoAcid: W =&gt; 6
  input in matrix: state: E currentWindowPosition: 16 currentAminoAcid: W =&gt; 5
Process line: Y	12	13	14	14	13	12	10	13	0	13	14	9	13	16	13	12	14
 data line!
  input in matrix: state: E currentWindowPosition: 0 currentAminoAcid: Y =&gt; 12
  input in matrix: state: E currentWindowPosition: 1 currentAminoAcid: Y =&gt; 13
  input in matrix: state: E currentWindowPosition: 2 currentAminoAcid: Y =&gt; 14
  input in matrix: state: E currentWindowPosition: 3 currentAminoAcid: Y =&gt; 14
  input in matrix: state: E currentWindowPosition: 4 currentAminoAcid: Y =&gt; 13
  input in matrix: state: E currentWindowPosition: 5 currentAminoAcid: Y =&gt; 12
  input in matrix: state: E currentWindowPosition: 6 currentAminoAcid: Y =&gt; 10
  input in matrix: state: E currentWindowPosition: 7 currentAminoAcid: Y =&gt; 13
  input in matrix: state: E currentWindowPosition: 8 currentAminoAcid: Y =&gt; 0
  input in matrix: state: E currentWindowPosition: 9 currentAminoAcid: Y =&gt; 13
  input in matrix: state: E currentWindowPosition: 10 currentAminoAcid: Y =&gt; 14
  input in matrix: state: E currentWindowPosition: 11 currentAminoAcid: Y =&gt; 9
  input in matrix: state: E currentWindowPosition: 12 currentAminoAcid: Y =&gt; 13
  input in matrix: state: E currentWindowPosition: 13 currentAminoAcid: Y =&gt; 16
  input in matrix: state: E currentWindowPosition: 14 currentAminoAcid: Y =&gt; 13
  input in matrix: state: E currentWindowPosition: 15 currentAminoAcid: Y =&gt; 12
  input in matrix: state: E currentWindowPosition: 16 currentAminoAcid: Y =&gt; 14
Process line: 
 Skip line!
Process line: 
 Skip line!
Process line: =P,H=
 state line! (now in state: H)
Process line: 
 Skip line!
Process line: A	48	72	55	55	53	61	47	43	0	74	69	91	96	63	71	64	66
 data line!
  input in matrix: state: H currentWindowPosition: 0 currentAminoAcid: A =&gt; 48
  input in matrix: state: H currentWindowPosition: 1 currentAminoAcid: A =&gt; 72
  input in matrix: state: H currentWindowPosition: 2 currentAminoAcid: A =&gt; 55
  input in matrix: state: H currentWindowPosition: 3 currentAminoAcid: A =&gt; 55
  input in matrix: state: H currentWindowPosition: 4 currentAminoAcid: A =&gt; 53
  input in matrix: state: H currentWindowPosition: 5 currentAminoAcid: A =&gt; 61
  input in matrix: state: H currentWindowPosition: 6 currentAminoAcid: A =&gt; 47
  input in matrix: state: H currentWindowPosition: 7 currentAminoAcid: A =&gt; 43
  input in matrix: state: H currentWindowPosition: 8 currentAminoAcid: A =&gt; 0
  input in matrix: state: H currentWindowPosition: 9 currentAminoAcid: A =&gt; 74
  input in matrix: state: H currentWindowPosition: 10 currentAminoAcid: A =&gt; 69
  input in matrix: state: H currentWindowPosition: 11 currentAminoAcid: A =&gt; 91
  input in matrix: state: H currentWindowPosition: 12 currentAminoAcid: A =&gt; 96
  input in matrix: state: H currentWindowPosition: 13 currentAminoAcid: A =&gt; 63
  input in matrix: state: H currentWindowPosition: 14 currentAminoAcid: A =&gt; 71
  input in matrix: state: H currentWindowPosition: 15 currentAminoAcid: A =&gt; 64
  input in matrix: state: H currentWindowPosition: 16 currentAminoAcid: A =&gt; 66
Process line: C	9	12	4	7	8	10	9	14	0	8	12	10	6	11	4	12	7
 data line!
  input in matrix: state: H currentWindowPosition: 0 currentAminoAcid: C =&gt; 9
  input in matrix: state: H currentWindowPosition: 1 currentAminoAcid: C =&gt; 12
  input in matrix: state: H currentWindowPosition: 2 currentAminoAcid: C =&gt; 4
  input in matrix: state: H currentWindowPosition: 3 currentAminoAcid: C =&gt; 7
  input in matrix: state: H currentWindowPosition: 4 currentAminoAcid: C =&gt; 8
  input in matrix: state: H currentWindowPosition: 5 currentAminoAcid: C =&gt; 10
  input in matrix: state: H currentWindowPosition: 6 currentAminoAcid: C =&gt; 9
  input in matrix: state: H currentWindowPosition: 7 currentAminoAcid: C =&gt; 14
  input in matrix: state: H currentWindowPosition: 8 currentAminoAcid: C =&gt; 0
  input in matrix: state: H currentWindowPosition: 9 currentAminoAcid: C =&gt; 8
  input in matrix: state: H currentWindowPosition: 10 currentAminoAcid: C =&gt; 12
  input in matrix: state: H currentWindowPosition: 11 currentAminoAcid: C =&gt; 10
  input in matrix: state: H currentWindowPosition: 12 currentAminoAcid: C =&gt; 6
  input in matrix: state: H currentWindowPosition: 13 currentAminoAcid: C =&gt; 11
  input in matrix: state: H currentWindowPosition: 14 currentAminoAcid: C =&gt; 4
  input in matrix: state: H currentWindowPosition: 15 currentAminoAcid: C =&gt; 12
  input in matrix: state: H currentWindowPosition: 16 currentAminoAcid: C =&gt; 7
Process line: D	39	32	37	28	32	36	33	76	0	39	33	30	33	22	21	37	35
 data line!
  input in matrix: state: H currentWindowPosition: 0 currentAminoAcid: D =&gt; 39
  input in matrix: state: H currentWindowPosition: 1 currentAminoAcid: D =&gt; 32
  input in matrix: state: H currentWindowPosition: 2 currentAminoAcid: D =&gt; 37
  input in matrix: state: H currentWindowPosition: 3 currentAminoAcid: D =&gt; 28
  input in matrix: state: H currentWindowPosition: 4 currentAminoAcid: D =&gt; 32
  input in matrix: state: H currentWindowPosition: 5 currentAminoAcid: D =&gt; 36
  input in matrix: state: H currentWindowPosition: 6 currentAminoAcid: D =&gt; 33
  input in matrix: state: H currentWindowPosition: 7 currentAminoAcid: D =&gt; 76
  input in matrix: state: H currentWindowPosition: 8 currentAminoAcid: D =&gt; 0
  input in matrix: state: H currentWindowPosition: 9 currentAminoAcid: D =&gt; 39
  input in matrix: state: H currentWindowPosition: 10 currentAminoAcid: D =&gt; 33
  input in matrix: state: H currentWindowPosition: 11 currentAminoAcid: D =&gt; 30
  input in matrix: state: H currentWindowPosition: 12 currentAminoAcid: D =&gt; 33
  input in matrix: state: H currentWindowPosition: 13 currentAminoAcid: D =&gt; 22
  input in matrix: state: H currentWindowPosition: 14 currentAminoAcid: D =&gt; 21
  input in matrix: state: H currentWindowPosition: 15 currentAminoAcid: D =&gt; 37
  input in matrix: state: H currentWindowPosition: 16 currentAminoAcid: D =&gt; 35
Process line: E	26	30	45	38	56	47	23	27	0	100	33	33	55	42	27	35	50
 data line!
  input in matrix: state: H currentWindowPosition: 0 currentAminoAcid: E =&gt; 26
  input in matrix: state: H currentWindowPosition: 1 currentAminoAcid: E =&gt; 30
  input in matrix: state: H currentWindowPosition: 2 currentAminoAcid: E =&gt; 45
  input in matrix: state: H currentWindowPosition: 3 currentAminoAcid: E =&gt; 38
  input in matrix: state: H currentWindowPosition: 4 currentAminoAcid: E =&gt; 56
  input in matrix: state: H currentWindowPosition: 5 currentAminoAcid: E =&gt; 47
  input in matrix: state: H currentWindowPosition: 6 currentAminoAcid: E =&gt; 23
  input in matrix: state: H currentWindowPosition: 7 currentAminoAcid: E =&gt; 27
  input in matrix: state: H currentWindowPosition: 8 currentAminoAcid: E =&gt; 0
  input in matrix: state: H currentWindowPosition: 9 currentAminoAcid: E =&gt; 100
  input in matrix: state: H currentWindowPosition: 10 currentAminoAcid: E =&gt; 33
  input in matrix: state: H currentWindowPosition: 11 currentAminoAcid: E =&gt; 33
  input in matrix: state: H currentWindowPosition: 12 currentAminoAcid: E =&gt; 55
  input in matrix: state: H currentWindowPosition: 13 currentAminoAcid: E =&gt; 42
  input in matrix: state: H currentWindowPosition: 14 currentAminoAcid: E =&gt; 27
  input in matrix: state: H currentWindowPosition: 15 currentAminoAcid: E =&gt; 35
  input in matrix: state: H currentWindowPosition: 16 currentAminoAcid: E =&gt; 50
Process line: F	25	32	33	44	27	32	34	19	0	24	33	28	17	23	29	22	25
 data line!
  input in matrix: state: H currentWindowPosition: 0 currentAminoAcid: F =&gt; 25
  input in matrix: state: H currentWindowPosition: 1 currentAminoAcid: F =&gt; 32
  input in matrix: state: H currentWindowPosition: 2 currentAminoAcid: F =&gt; 33
  input in matrix: state: H currentWindowPosition: 3 currentAminoAcid: F =&gt; 44
  input in matrix: state: H currentWindowPosition: 4 currentAminoAcid: F =&gt; 27
  input in matrix: state: H currentWindowPosition: 5 currentAminoAcid: F =&gt; 32
  input in matrix: state: H currentWindowPosition: 6 currentAminoAcid: F =&gt; 34
  input in matrix: state: H currentWindowPosition: 7 currentAminoAcid: F =&gt; 19
  input in matrix: state: H currentWindowPosition: 8 currentAminoAcid: F =&gt; 0
  input in matrix: state: H currentWindowPosition: 9 currentAminoAcid: F =&gt; 24
  input in matrix: state: H currentWindowPosition: 10 currentAminoAcid: F =&gt; 33
  input in matrix: state: H currentWindowPosition: 11 currentAminoAcid: F =&gt; 28
  input in matrix: state: H currentWindowPosition: 12 currentAminoAcid: F =&gt; 17
  input in matrix: state: H currentWindowPosition: 13 currentAminoAcid: F =&gt; 23
  input in matrix: state: H currentWindowPosition: 14 currentAminoAcid: F =&gt; 29
  input in matrix: state: H currentWindowPosition: 15 currentAminoAcid: F =&gt; 22
  input in matrix: state: H currentWindowPosition: 16 currentAminoAcid: F =&gt; 25
Process line: G	46	46	46	55	50	48	46	34	0	24	28	19	44	29	45	48	47
 data line!
  input in matrix: state: H currentWindowPosition: 0 currentAminoAcid: G =&gt; 46
  input in matrix: state: H currentWindowPosition: 1 currentAminoAcid: G =&gt; 46
  input in matrix: state: H currentWindowPosition: 2 currentAminoAcid: G =&gt; 46
  input in matrix: state: H currentWindowPosition: 3 currentAminoAcid: G =&gt; 55
  input in matrix: state: H currentWindowPosition: 4 currentAminoAcid: G =&gt; 50
  input in matrix: state: H currentWindowPosition: 5 currentAminoAcid: G =&gt; 48
  input in matrix: state: H currentWindowPosition: 6 currentAminoAcid: G =&gt; 46
  input in matrix: state: H currentWindowPosition: 7 currentAminoAcid: G =&gt; 34
  input in matrix: state: H currentWindowPosition: 8 currentAminoAcid: G =&gt; 0
  input in matrix: state: H currentWindowPosition: 9 currentAminoAcid: G =&gt; 24
  input in matrix: state: H currentWindowPosition: 10 currentAminoAcid: G =&gt; 28
  input in matrix: state: H currentWindowPosition: 11 currentAminoAcid: G =&gt; 19
  input in matrix: state: H currentWindowPosition: 12 currentAminoAcid: G =&gt; 44
  input in matrix: state: H currentWindowPosition: 13 currentAminoAcid: G =&gt; 29
  input in matrix: state: H currentWindowPosition: 14 currentAminoAcid: G =&gt; 45
  input in matrix: state: H currentWindowPosition: 15 currentAminoAcid: G =&gt; 48
  input in matrix: state: H currentWindowPosition: 16 currentAminoAcid: G =&gt; 47
Process line: H	21	12	17	13	17	13	14	21	0	13	16	10	19	16	8	13	13
 data line!
  input in matrix: state: H currentWindowPosition: 0 currentAminoAcid: H =&gt; 21
  input in matrix: state: H currentWindowPosition: 1 currentAminoAcid: H =&gt; 12
  input in matrix: state: H currentWindowPosition: 2 currentAminoAcid: H =&gt; 17
  input in matrix: state: H currentWindowPosition: 3 currentAminoAcid: H =&gt; 13
  input in matrix: state: H currentWindowPosition: 4 currentAminoAcid: H =&gt; 17
  input in matrix: state: H currentWindowPosition: 5 currentAminoAcid: H =&gt; 13
  input in matrix: state: H currentWindowPosition: 6 currentAminoAcid: H =&gt; 14
  input in matrix: state: H currentWindowPosition: 7 currentAminoAcid: H =&gt; 21
  input in matrix: state: H currentWindowPosition: 8 currentAminoAcid: H =&gt; 0
  input in matrix: state: H currentWindowPosition: 9 currentAminoAcid: H =&gt; 13
  input in matrix: state: H currentWindowPosition: 10 currentAminoAcid: H =&gt; 16
  input in matrix: state: H currentWindowPosition: 11 currentAminoAcid: H =&gt; 10
  input in matrix: state: H currentWindowPosition: 12 currentAminoAcid: H =&gt; 19
  input in matrix: state: H currentWindowPosition: 13 currentAminoAcid: H =&gt; 16
  input in matrix: state: H currentWindowPosition: 14 currentAminoAcid: H =&gt; 8
  input in matrix: state: H currentWindowPosition: 15 currentAminoAcid: H =&gt; 13
  input in matrix: state: H currentWindowPosition: 16 currentAminoAcid: H =&gt; 13
Process line: I	35	32	32	37	29	30	42	47	0	34	40	45	21	37	59	36	37
 data line!
  input in matrix: state: H currentWindowPosition: 0 currentAminoAcid: I =&gt; 35
  input in matrix: state: H currentWindowPosition: 1 currentAminoAcid: I =&gt; 32
  input in matrix: state: H currentWindowPosition: 2 currentAminoAcid: I =&gt; 32
  input in matrix: state: H currentWindowPosition: 3 currentAminoAcid: I =&gt; 37
  input in matrix: state: H currentWindowPosition: 4 currentAminoAcid: I =&gt; 29
  input in matrix: state: H currentWindowPosition: 5 currentAminoAcid: I =&gt; 30
  input in matrix: state: H currentWindowPosition: 6 currentAminoAcid: I =&gt; 42
  input in matrix: state: H currentWindowPosition: 7 currentAminoAcid: I =&gt; 47
  input in matrix: state: H currentWindowPosition: 8 currentAminoAcid: I =&gt; 0
  input in matrix: state: H currentWindowPosition: 9 currentAminoAcid: I =&gt; 34
  input in matrix: state: H currentWindowPosition: 10 currentAminoAcid: I =&gt; 40
  input in matrix: state: H currentWindowPosition: 11 currentAminoAcid: I =&gt; 45
  input in matrix: state: H currentWindowPosition: 12 currentAminoAcid: I =&gt; 21
  input in matrix: state: H currentWindowPosition: 13 currentAminoAcid: I =&gt; 37
  input in matrix: state: H currentWindowPosition: 14 currentAminoAcid: I =&gt; 59
  input in matrix: state: H currentWindowPosition: 15 currentAminoAcid: I =&gt; 36
  input in matrix: state: H currentWindowPosition: 16 currentAminoAcid: I =&gt; 37
Process line: K	38	25	32	40	39	39	26	21	0	29	31	52	63	41	28	50	52
 data line!
  input in matrix: state: H currentWindowPosition: 0 currentAminoAcid: K =&gt; 38
  input in matrix: state: H currentWindowPosition: 1 currentAminoAcid: K =&gt; 25
  input in matrix: state: H currentWindowPosition: 2 currentAminoAcid: K =&gt; 32
  input in matrix: state: H currentWindowPosition: 3 currentAminoAcid: K =&gt; 40
  input in matrix: state: H currentWindowPosition: 4 currentAminoAcid: K =&gt; 39
  input in matrix: state: H currentWindowPosition: 5 currentAminoAcid: K =&gt; 39
  input in matrix: state: H currentWindowPosition: 6 currentAminoAcid: K =&gt; 26
  input in matrix: state: H currentWindowPosition: 7 currentAminoAcid: K =&gt; 21
  input in matrix: state: H currentWindowPosition: 8 currentAminoAcid: K =&gt; 0
  input in matrix: state: H currentWindowPosition: 9 currentAminoAcid: K =&gt; 29
  input in matrix: state: H currentWindowPosition: 10 currentAminoAcid: K =&gt; 31
  input in matrix: state: H currentWindowPosition: 11 currentAminoAcid: K =&gt; 52
  input in matrix: state: H currentWindowPosition: 12 currentAminoAcid: K =&gt; 63
  input in matrix: state: H currentWindowPosition: 13 currentAminoAcid: K =&gt; 41
  input in matrix: state: H currentWindowPosition: 14 currentAminoAcid: K =&gt; 28
  input in matrix: state: H currentWindowPosition: 15 currentAminoAcid: K =&gt; 50
  input in matrix: state: H currentWindowPosition: 16 currentAminoAcid: K =&gt; 52
Process line: L	77	67	61	61	45	59	77	63	0	56	94	58	49	92	81	64	46
 data line!
  input in matrix: state: H currentWindowPosition: 0 currentAminoAcid: L =&gt; 77
  input in matrix: state: H currentWindowPosition: 1 currentAminoAcid: L =&gt; 67
  input in matrix: state: H currentWindowPosition: 2 currentAminoAcid: L =&gt; 61
  input in matrix: state: H currentWindowPosition: 3 currentAminoAcid: L =&gt; 61
  input in matrix: state: H currentWindowPosition: 4 currentAminoAcid: L =&gt; 45
  input in matrix: state: H currentWindowPosition: 5 currentAminoAcid: L =&gt; 59
  input in matrix: state: H currentWindowPosition: 6 currentAminoAcid: L =&gt; 77
  input in matrix: state: H currentWindowPosition: 7 currentAminoAcid: L =&gt; 63
  input in matrix: state: H currentWindowPosition: 8 currentAminoAcid: L =&gt; 0
  input in matrix: state: H currentWindowPosition: 9 currentAminoAcid: L =&gt; 56
  input in matrix: state: H currentWindowPosition: 10 currentAminoAcid: L =&gt; 94
  input in matrix: state: H currentWindowPosition: 11 currentAminoAcid: L =&gt; 58
  input in matrix: state: H currentWindowPosition: 12 currentAminoAcid: L =&gt; 49
  input in matrix: state: H currentWindowPosition: 13 currentAminoAcid: L =&gt; 92
  input in matrix: state: H currentWindowPosition: 14 currentAminoAcid: L =&gt; 81
  input in matrix: state: H currentWindowPosition: 15 currentAminoAcid: L =&gt; 64
  input in matrix: state: H currentWindowPosition: 16 currentAminoAcid: L =&gt; 46
Process line: M	13	15	15	10	14	13	21	15	0	13	23	17	10	18	23	11	14
 data line!
  input in matrix: state: H currentWindowPosition: 0 currentAminoAcid: M =&gt; 13
  input in matrix: state: H currentWindowPosition: 1 currentAminoAcid: M =&gt; 15
  input in matrix: state: H currentWindowPosition: 2 currentAminoAcid: M =&gt; 15
  input in matrix: state: H currentWindowPosition: 3 currentAminoAcid: M =&gt; 10
  input in matrix: state: H currentWindowPosition: 4 currentAminoAcid: M =&gt; 14
  input in matrix: state: H currentWindowPosition: 5 currentAminoAcid: M =&gt; 13
  input in matrix: state: H currentWindowPosition: 6 currentAminoAcid: M =&gt; 21
  input in matrix: state: H currentWindowPosition: 7 currentAminoAcid: M =&gt; 15
  input in matrix: state: H currentWindowPosition: 8 currentAminoAcid: M =&gt; 0
  input in matrix: state: H currentWindowPosition: 9 currentAminoAcid: M =&gt; 13
  input in matrix: state: H currentWindowPosition: 10 currentAminoAcid: M =&gt; 23
  input in matrix: state: H currentWindowPosition: 11 currentAminoAcid: M =&gt; 17
  input in matrix: state: H currentWindowPosition: 12 currentAminoAcid: M =&gt; 10
  input in matrix: state: H currentWindowPosition: 13 currentAminoAcid: M =&gt; 18
  input in matrix: state: H currentWindowPosition: 14 currentAminoAcid: M =&gt; 23
  input in matrix: state: H currentWindowPosition: 15 currentAminoAcid: M =&gt; 11
  input in matrix: state: H currentWindowPosition: 16 currentAminoAcid: M =&gt; 14
Process line: N	26	30	34	40	30	31	37	53	0	21	22	17	19	21	24	28	29
 data line!
  input in matrix: state: H currentWindowPosition: 0 currentAminoAcid: N =&gt; 26
  input in matrix: state: H currentWindowPosition: 1 currentAminoAcid: N =&gt; 30
  input in matrix: state: H currentWindowPosition: 2 currentAminoAcid: N =&gt; 34
  input in matrix: state: H currentWindowPosition: 3 currentAminoAcid: N =&gt; 40
  input in matrix: state: H currentWindowPosition: 4 currentAminoAcid: N =&gt; 30
  input in matrix: state: H currentWindowPosition: 5 currentAminoAcid: N =&gt; 31
  input in matrix: state: H currentWindowPosition: 6 currentAminoAcid: N =&gt; 37
  input in matrix: state: H currentWindowPosition: 7 currentAminoAcid: N =&gt; 53
  input in matrix: state: H currentWindowPosition: 8 currentAminoAcid: N =&gt; 0
  input in matrix: state: H currentWindowPosition: 9 currentAminoAcid: N =&gt; 21
  input in matrix: state: H currentWindowPosition: 10 currentAminoAcid: N =&gt; 22
  input in matrix: state: H currentWindowPosition: 11 currentAminoAcid: N =&gt; 17
  input in matrix: state: H currentWindowPosition: 12 currentAminoAcid: N =&gt; 19
  input in matrix: state: H currentWindowPosition: 13 currentAminoAcid: N =&gt; 21
  input in matrix: state: H currentWindowPosition: 14 currentAminoAcid: N =&gt; 24
  input in matrix: state: H currentWindowPosition: 15 currentAminoAcid: N =&gt; 28
  input in matrix: state: H currentWindowPosition: 16 currentAminoAcid: N =&gt; 29
Process line: P	23	20	29	27	42	27	33	25	641	6	4	2	14	20	17	15	18
 data line!
  input in matrix: state: H currentWindowPosition: 0 currentAminoAcid: P =&gt; 23
  input in matrix: state: H currentWindowPosition: 1 currentAminoAcid: P =&gt; 20
  input in matrix: state: H currentWindowPosition: 2 currentAminoAcid: P =&gt; 29
  input in matrix: state: H currentWindowPosition: 3 currentAminoAcid: P =&gt; 27
  input in matrix: state: H currentWindowPosition: 4 currentAminoAcid: P =&gt; 42
  input in matrix: state: H currentWindowPosition: 5 currentAminoAcid: P =&gt; 27
  input in matrix: state: H currentWindowPosition: 6 currentAminoAcid: P =&gt; 33
  input in matrix: state: H currentWindowPosition: 7 currentAminoAcid: P =&gt; 25
  input in matrix: state: H currentWindowPosition: 8 currentAminoAcid: P =&gt; 641
  input in matrix: state: H currentWindowPosition: 9 currentAminoAcid: P =&gt; 6
  input in matrix: state: H currentWindowPosition: 10 currentAminoAcid: P =&gt; 4
  input in matrix: state: H currentWindowPosition: 11 currentAminoAcid: P =&gt; 2
  input in matrix: state: H currentWindowPosition: 12 currentAminoAcid: P =&gt; 14
  input in matrix: state: H currentWindowPosition: 13 currentAminoAcid: P =&gt; 20
  input in matrix: state: H currentWindowPosition: 14 currentAminoAcid: P =&gt; 17
  input in matrix: state: H currentWindowPosition: 15 currentAminoAcid: P =&gt; 15
  input in matrix: state: H currentWindowPosition: 16 currentAminoAcid: P =&gt; 18
Process line: Q	22	22	28	20	22	28	20	14	0	34	36	43	29	30	20	35	33
 data line!
  input in matrix: state: H currentWindowPosition: 0 currentAminoAcid: Q =&gt; 22
  input in matrix: state: H currentWindowPosition: 1 currentAminoAcid: Q =&gt; 22
  input in matrix: state: H currentWindowPosition: 2 currentAminoAcid: Q =&gt; 28
  input in matrix: state: H currentWindowPosition: 3 currentAminoAcid: Q =&gt; 20
  input in matrix: state: H currentWindowPosition: 4 currentAminoAcid: Q =&gt; 22
  input in matrix: state: H currentWindowPosition: 5 currentAminoAcid: Q =&gt; 28
  input in matrix: state: H currentWindowPosition: 6 currentAminoAcid: Q =&gt; 20
  input in matrix: state: H currentWindowPosition: 7 currentAminoAcid: Q =&gt; 14
  input in matrix: state: H currentWindowPosition: 8 currentAminoAcid: Q =&gt; 0
  input in matrix: state: H currentWindowPosition: 9 currentAminoAcid: Q =&gt; 34
  input in matrix: state: H currentWindowPosition: 10 currentAminoAcid: Q =&gt; 36
  input in matrix: state: H currentWindowPosition: 11 currentAminoAcid: Q =&gt; 43
  input in matrix: state: H currentWindowPosition: 12 currentAminoAcid: Q =&gt; 29
  input in matrix: state: H currentWindowPosition: 13 currentAminoAcid: Q =&gt; 30
  input in matrix: state: H currentWindowPosition: 14 currentAminoAcid: Q =&gt; 20
  input in matrix: state: H currentWindowPosition: 15 currentAminoAcid: Q =&gt; 35
  input in matrix: state: H currentWindowPosition: 16 currentAminoAcid: Q =&gt; 33
Process line: R	27	31	20	30	35	29	24	24	0	29	22	36	37	33	42	34	38
 data line!
  input in matrix: state: H currentWindowPosition: 0 currentAminoAcid: R =&gt; 27
  input in matrix: state: H currentWindowPosition: 1 currentAminoAcid: R =&gt; 31
  input in matrix: state: H currentWindowPosition: 2 currentAminoAcid: R =&gt; 20
  input in matrix: state: H currentWindowPosition: 3 currentAminoAcid: R =&gt; 30
  input in matrix: state: H currentWindowPosition: 4 currentAminoAcid: R =&gt; 35
  input in matrix: state: H currentWindowPosition: 5 currentAminoAcid: R =&gt; 29
  input in matrix: state: H currentWindowPosition: 6 currentAminoAcid: R =&gt; 24
  input in matrix: state: H currentWindowPosition: 7 currentAminoAcid: R =&gt; 24
  input in matrix: state: H currentWindowPosition: 8 currentAminoAcid: R =&gt; 0
  input in matrix: state: H currentWindowPosition: 9 currentAminoAcid: R =&gt; 29
  input in matrix: state: H currentWindowPosition: 10 currentAminoAcid: R =&gt; 22
  input in matrix: state: H currentWindowPosition: 11 currentAminoAcid: R =&gt; 36
  input in matrix: state: H currentWindowPosition: 12 currentAminoAcid: R =&gt; 37
  input in matrix: state: H currentWindowPosition: 13 currentAminoAcid: R =&gt; 33
  input in matrix: state: H currentWindowPosition: 14 currentAminoAcid: R =&gt; 42
  input in matrix: state: H currentWindowPosition: 15 currentAminoAcid: R =&gt; 34
  input in matrix: state: H currentWindowPosition: 16 currentAminoAcid: R =&gt; 38
Process line: S	38	43	35	33	47	35	37	45	0	53	25	28	28	39	30	27	34
 data line!
  input in matrix: state: H currentWindowPosition: 0 currentAminoAcid: S =&gt; 38
  input in matrix: state: H currentWindowPosition: 1 currentAminoAcid: S =&gt; 43
  input in matrix: state: H currentWindowPosition: 2 currentAminoAcid: S =&gt; 35
  input in matrix: state: H currentWindowPosition: 3 currentAminoAcid: S =&gt; 33
  input in matrix: state: H currentWindowPosition: 4 currentAminoAcid: S =&gt; 47
  input in matrix: state: H currentWindowPosition: 5 currentAminoAcid: S =&gt; 35
  input in matrix: state: H currentWindowPosition: 6 currentAminoAcid: S =&gt; 37
  input in matrix: state: H currentWindowPosition: 7 currentAminoAcid: S =&gt; 45
  input in matrix: state: H currentWindowPosition: 8 currentAminoAcid: S =&gt; 0
  input in matrix: state: H currentWindowPosition: 9 currentAminoAcid: S =&gt; 53
  input in matrix: state: H currentWindowPosition: 10 currentAminoAcid: S =&gt; 25
  input in matrix: state: H currentWindowPosition: 11 currentAminoAcid: S =&gt; 28
  input in matrix: state: H currentWindowPosition: 12 currentAminoAcid: S =&gt; 28
  input in matrix: state: H currentWindowPosition: 13 currentAminoAcid: S =&gt; 39
  input in matrix: state: H currentWindowPosition: 14 currentAminoAcid: S =&gt; 30
  input in matrix: state: H currentWindowPosition: 15 currentAminoAcid: S =&gt; 27
  input in matrix: state: H currentWindowPosition: 16 currentAminoAcid: S =&gt; 34
Process line: T	38	40	39	38	30	30	47	46	0	19	36	25	26	23	21	35	35
 data line!
  input in matrix: state: H currentWindowPosition: 0 currentAminoAcid: T =&gt; 38
  input in matrix: state: H currentWindowPosition: 1 currentAminoAcid: T =&gt; 40
  input in matrix: state: H currentWindowPosition: 2 currentAminoAcid: T =&gt; 39
  input in matrix: state: H currentWindowPosition: 3 currentAminoAcid: T =&gt; 38
  input in matrix: state: H currentWindowPosition: 4 currentAminoAcid: T =&gt; 30
  input in matrix: state: H currentWindowPosition: 5 currentAminoAcid: T =&gt; 30
  input in matrix: state: H currentWindowPosition: 6 currentAminoAcid: T =&gt; 47
  input in matrix: state: H currentWindowPosition: 7 currentAminoAcid: T =&gt; 46
  input in matrix: state: H currentWindowPosition: 8 currentAminoAcid: T =&gt; 0
  input in matrix: state: H currentWindowPosition: 9 currentAminoAcid: T =&gt; 19
  input in matrix: state: H currentWindowPosition: 10 currentAminoAcid: T =&gt; 36
  input in matrix: state: H currentWindowPosition: 11 currentAminoAcid: T =&gt; 25
  input in matrix: state: H currentWindowPosition: 12 currentAminoAcid: T =&gt; 26
  input in matrix: state: H currentWindowPosition: 13 currentAminoAcid: T =&gt; 23
  input in matrix: state: H currentWindowPosition: 14 currentAminoAcid: T =&gt; 21
  input in matrix: state: H currentWindowPosition: 15 currentAminoAcid: T =&gt; 35
  input in matrix: state: H currentWindowPosition: 16 currentAminoAcid: T =&gt; 35
Process line: V	51	48	39	42	38	41	37	25	0	32	52	68	38	42	56	41	42
 data line!
  input in matrix: state: H currentWindowPosition: 0 currentAminoAcid: V =&gt; 51
  input in matrix: state: H currentWindowPosition: 1 currentAminoAcid: V =&gt; 48
  input in matrix: state: H currentWindowPosition: 2 currentAminoAcid: V =&gt; 39
  input in matrix: state: H currentWindowPosition: 3 currentAminoAcid: V =&gt; 42
  input in matrix: state: H currentWindowPosition: 4 currentAminoAcid: V =&gt; 38
  input in matrix: state: H currentWindowPosition: 5 currentAminoAcid: V =&gt; 41
  input in matrix: state: H currentWindowPosition: 6 currentAminoAcid: V =&gt; 37
  input in matrix: state: H currentWindowPosition: 7 currentAminoAcid: V =&gt; 25
  input in matrix: state: H currentWindowPosition: 8 currentAminoAcid: V =&gt; 0
  input in matrix: state: H currentWindowPosition: 9 currentAminoAcid: V =&gt; 32
  input in matrix: state: H currentWindowPosition: 10 currentAminoAcid: V =&gt; 52
  input in matrix: state: H currentWindowPosition: 11 currentAminoAcid: V =&gt; 68
  input in matrix: state: H currentWindowPosition: 12 currentAminoAcid: V =&gt; 38
  input in matrix: state: H currentWindowPosition: 13 currentAminoAcid: V =&gt; 42
  input in matrix: state: H currentWindowPosition: 14 currentAminoAcid: V =&gt; 56
  input in matrix: state: H currentWindowPosition: 15 currentAminoAcid: V =&gt; 41
  input in matrix: state: H currentWindowPosition: 16 currentAminoAcid: V =&gt; 42
Process line: W	19	8	14	5	6	10	8	6	0	14	7	12	6	13	11	9	5
 data line!
  input in matrix: state: H currentWindowPosition: 0 currentAminoAcid: W =&gt; 19
  input in matrix: state: H currentWindowPosition: 1 currentAminoAcid: W =&gt; 8
  input in matrix: state: H currentWindowPosition: 2 currentAminoAcid: W =&gt; 14
  input in matrix: state: H currentWindowPosition: 3 currentAminoAcid: W =&gt; 5
  input in matrix: state: H currentWindowPosition: 4 currentAminoAcid: W =&gt; 6
  input in matrix: state: H currentWindowPosition: 5 currentAminoAcid: W =&gt; 10
  input in matrix: state: H currentWindowPosition: 6 currentAminoAcid: W =&gt; 8
  input in matrix: state: H currentWindowPosition: 7 currentAminoAcid: W =&gt; 6
  input in matrix: state: H currentWindowPosition: 8 currentAminoAcid: W =&gt; 0
  input in matrix: state: H currentWindowPosition: 9 currentAminoAcid: W =&gt; 14
  input in matrix: state: H currentWindowPosition: 10 currentAminoAcid: W =&gt; 7
  input in matrix: state: H currentWindowPosition: 11 currentAminoAcid: W =&gt; 12
  input in matrix: state: H currentWindowPosition: 12 currentAminoAcid: W =&gt; 6
  input in matrix: state: H currentWindowPosition: 13 currentAminoAcid: W =&gt; 13
  input in matrix: state: H currentWindowPosition: 14 currentAminoAcid: W =&gt; 11
  input in matrix: state: H currentWindowPosition: 15 currentAminoAcid: W =&gt; 9
  input in matrix: state: H currentWindowPosition: 16 currentAminoAcid: W =&gt; 5
Process line: Y	20	24	26	16	21	22	24	23	0	19	25	17	30	25	23	25	15
 data line!
  input in matrix: state: H currentWindowPosition: 0 currentAminoAcid: Y =&gt; 20
  input in matrix: state: H currentWindowPosition: 1 currentAminoAcid: Y =&gt; 24
  input in matrix: state: H currentWindowPosition: 2 currentAminoAcid: Y =&gt; 26
  input in matrix: state: H currentWindowPosition: 3 currentAminoAcid: Y =&gt; 16
  input in matrix: state: H currentWindowPosition: 4 currentAminoAcid: Y =&gt; 21
  input in matrix: state: H currentWindowPosition: 5 currentAminoAcid: Y =&gt; 22
  input in matrix: state: H currentWindowPosition: 6 currentAminoAcid: Y =&gt; 24
  input in matrix: state: H currentWindowPosition: 7 currentAminoAcid: Y =&gt; 23
  input in matrix: state: H currentWindowPosition: 8 currentAminoAcid: Y =&gt; 0
  input in matrix: state: H currentWindowPosition: 9 currentAminoAcid: Y =&gt; 19
  input in matrix: state: H currentWindowPosition: 10 currentAminoAcid: Y =&gt; 25
  input in matrix: state: H currentWindowPosition: 11 currentAminoAcid: Y =&gt; 17
  input in matrix: state: H currentWindowPosition: 12 currentAminoAcid: Y =&gt; 30
  input in matrix: state: H currentWindowPosition: 13 currentAminoAcid: Y =&gt; 25
  input in matrix: state: H currentWindowPosition: 14 currentAminoAcid: Y =&gt; 23
  input in matrix: state: H currentWindowPosition: 15 currentAminoAcid: Y =&gt; 25
  input in matrix: state: H currentWindowPosition: 16 currentAminoAcid: Y =&gt; 15
Process line: 
 Skip line!
Process line: 
 Skip line!
Process line: =Q,C=
 state line! (now in state: C)
Process line: 
 Skip line!
Process line: A	89	87	83	71	91	75	79	70	0	58	77	59	58	74	82	71	74
 data line!
  input in matrix: state: C currentWindowPosition: 0 currentAminoAcid: A =&gt; 89
  input in matrix: state: C currentWindowPosition: 1 currentAminoAcid: A =&gt; 87
  input in matrix: state: C currentWindowPosition: 2 currentAminoAcid: A =&gt; 83
  input in matrix: state: C currentWindowPosition: 3 currentAminoAcid: A =&gt; 71
  input in matrix: state: C currentWindowPosition: 4 currentAminoAcid: A =&gt; 91
  input in matrix: state: C currentWindowPosition: 5 currentAminoAcid: A =&gt; 75
  input in matrix: state: C currentWindowPosition: 6 currentAminoAcid: A =&gt; 79
  input in matrix: state: C currentWindowPosition: 7 currentAminoAcid: A =&gt; 70
  input in matrix: state: C currentWindowPosition: 8 currentAminoAcid: A =&gt; 0
  input in matrix: state: C currentWindowPosition: 9 currentAminoAcid: A =&gt; 58
  input in matrix: state: C currentWindowPosition: 10 currentAminoAcid: A =&gt; 77
  input in matrix: state: C currentWindowPosition: 11 currentAminoAcid: A =&gt; 59
  input in matrix: state: C currentWindowPosition: 12 currentAminoAcid: A =&gt; 58
  input in matrix: state: C currentWindowPosition: 13 currentAminoAcid: A =&gt; 74
  input in matrix: state: C currentWindowPosition: 14 currentAminoAcid: A =&gt; 82
  input in matrix: state: C currentWindowPosition: 15 currentAminoAcid: A =&gt; 71
  input in matrix: state: C currentWindowPosition: 16 currentAminoAcid: A =&gt; 74
Process line: C	21	18	13	20	13	21	22	24	0	9	16	22	18	21	17	16	11
 data line!
  input in matrix: state: C currentWindowPosition: 0 currentAminoAcid: C =&gt; 21
  input in matrix: state: C currentWindowPosition: 1 currentAminoAcid: C =&gt; 18
  input in matrix: state: C currentWindowPosition: 2 currentAminoAcid: C =&gt; 13
  input in matrix: state: C currentWindowPosition: 3 currentAminoAcid: C =&gt; 20
  input in matrix: state: C currentWindowPosition: 4 currentAminoAcid: C =&gt; 13
  input in matrix: state: C currentWindowPosition: 5 currentAminoAcid: C =&gt; 21
  input in matrix: state: C currentWindowPosition: 6 currentAminoAcid: C =&gt; 22
  input in matrix: state: C currentWindowPosition: 7 currentAminoAcid: C =&gt; 24
  input in matrix: state: C currentWindowPosition: 8 currentAminoAcid: C =&gt; 0
  input in matrix: state: C currentWindowPosition: 9 currentAminoAcid: C =&gt; 9
  input in matrix: state: C currentWindowPosition: 10 currentAminoAcid: C =&gt; 16
  input in matrix: state: C currentWindowPosition: 11 currentAminoAcid: C =&gt; 22
  input in matrix: state: C currentWindowPosition: 12 currentAminoAcid: C =&gt; 18
  input in matrix: state: C currentWindowPosition: 13 currentAminoAcid: C =&gt; 21
  input in matrix: state: C currentWindowPosition: 14 currentAminoAcid: C =&gt; 17
  input in matrix: state: C currentWindowPosition: 15 currentAminoAcid: C =&gt; 16
  input in matrix: state: C currentWindowPosition: 16 currentAminoAcid: C =&gt; 11
Process line: D	54	57	50	40	70	61	86	61	0	69	65	67	63	65	51	78	56
 data line!
  input in matrix: state: C currentWindowPosition: 0 currentAminoAcid: D =&gt; 54
  input in matrix: state: C currentWindowPosition: 1 currentAminoAcid: D =&gt; 57
  input in matrix: state: C currentWindowPosition: 2 currentAminoAcid: D =&gt; 50
  input in matrix: state: C currentWindowPosition: 3 currentAminoAcid: D =&gt; 40
  input in matrix: state: C currentWindowPosition: 4 currentAminoAcid: D =&gt; 70
  input in matrix: state: C currentWindowPosition: 5 currentAminoAcid: D =&gt; 61
  input in matrix: state: C currentWindowPosition: 6 currentAminoAcid: D =&gt; 86
  input in matrix: state: C currentWindowPosition: 7 currentAminoAcid: D =&gt; 61
  input in matrix: state: C currentWindowPosition: 8 currentAminoAcid: D =&gt; 0
  input in matrix: state: C currentWindowPosition: 9 currentAminoAcid: D =&gt; 69
  input in matrix: state: C currentWindowPosition: 10 currentAminoAcid: D =&gt; 65
  input in matrix: state: C currentWindowPosition: 11 currentAminoAcid: D =&gt; 67
  input in matrix: state: C currentWindowPosition: 12 currentAminoAcid: D =&gt; 63
  input in matrix: state: C currentWindowPosition: 13 currentAminoAcid: D =&gt; 65
  input in matrix: state: C currentWindowPosition: 14 currentAminoAcid: D =&gt; 51
  input in matrix: state: C currentWindowPosition: 15 currentAminoAcid: D =&gt; 78
  input in matrix: state: C currentWindowPosition: 16 currentAminoAcid: D =&gt; 56
Process line: E	49	62	46	50	45	51	60	52	0	44	59	71	60	61	54	58	49
 data line!
  input in matrix: state: C currentWindowPosition: 0 currentAminoAcid: E =&gt; 49
  input in matrix: state: C currentWindowPosition: 1 currentAminoAcid: E =&gt; 62
  input in matrix: state: C currentWindowPosition: 2 currentAminoAcid: E =&gt; 46
  input in matrix: state: C currentWindowPosition: 3 currentAminoAcid: E =&gt; 50
  input in matrix: state: C currentWindowPosition: 4 currentAminoAcid: E =&gt; 45
  input in matrix: state: C currentWindowPosition: 5 currentAminoAcid: E =&gt; 51
  input in matrix: state: C currentWindowPosition: 6 currentAminoAcid: E =&gt; 60
  input in matrix: state: C currentWindowPosition: 7 currentAminoAcid: E =&gt; 52
  input in matrix: state: C currentWindowPosition: 8 currentAminoAcid: E =&gt; 0
  input in matrix: state: C currentWindowPosition: 9 currentAminoAcid: E =&gt; 44
  input in matrix: state: C currentWindowPosition: 10 currentAminoAcid: E =&gt; 59
  input in matrix: state: C currentWindowPosition: 11 currentAminoAcid: E =&gt; 71
  input in matrix: state: C currentWindowPosition: 12 currentAminoAcid: E =&gt; 60
  input in matrix: state: C currentWindowPosition: 13 currentAminoAcid: E =&gt; 61
  input in matrix: state: C currentWindowPosition: 14 currentAminoAcid: E =&gt; 54
  input in matrix: state: C currentWindowPosition: 15 currentAminoAcid: E =&gt; 58
  input in matrix: state: C currentWindowPosition: 16 currentAminoAcid: E =&gt; 49
Process line: F	35	42	54	50	42	37	46	34	0	46	33	41	40	39	27	48	33
 data line!
  input in matrix: state: C currentWindowPosition: 0 currentAminoAcid: F =&gt; 35
  input in matrix: state: C currentWindowPosition: 1 currentAminoAcid: F =&gt; 42
  input in matrix: state: C currentWindowPosition: 2 currentAminoAcid: F =&gt; 54
  input in matrix: state: C currentWindowPosition: 3 currentAminoAcid: F =&gt; 50
  input in matrix: state: C currentWindowPosition: 4 currentAminoAcid: F =&gt; 42
  input in matrix: state: C currentWindowPosition: 5 currentAminoAcid: F =&gt; 37
  input in matrix: state: C currentWindowPosition: 6 currentAminoAcid: F =&gt; 46
  input in matrix: state: C currentWindowPosition: 7 currentAminoAcid: F =&gt; 34
  input in matrix: state: C currentWindowPosition: 8 currentAminoAcid: F =&gt; 0
  input in matrix: state: C currentWindowPosition: 9 currentAminoAcid: F =&gt; 46
  input in matrix: state: C currentWindowPosition: 10 currentAminoAcid: F =&gt; 33
  input in matrix: state: C currentWindowPosition: 11 currentAminoAcid: F =&gt; 41
  input in matrix: state: C currentWindowPosition: 12 currentAminoAcid: F =&gt; 40
  input in matrix: state: C currentWindowPosition: 13 currentAminoAcid: F =&gt; 39
  input in matrix: state: C currentWindowPosition: 14 currentAminoAcid: F =&gt; 27
  input in matrix: state: C currentWindowPosition: 15 currentAminoAcid: F =&gt; 48
  input in matrix: state: C currentWindowPosition: 16 currentAminoAcid: F =&gt; 33
Process line: G	78	75	65	72	66	79	86	129	0	116	98	67	73	62	64	74	91
 data line!
  input in matrix: state: C currentWindowPosition: 0 currentAminoAcid: G =&gt; 78
  input in matrix: state: C currentWindowPosition: 1 currentAminoAcid: G =&gt; 75
  input in matrix: state: C currentWindowPosition: 2 currentAminoAcid: G =&gt; 65
  input in matrix: state: C currentWindowPosition: 3 currentAminoAcid: G =&gt; 72
  input in matrix: state: C currentWindowPosition: 4 currentAminoAcid: G =&gt; 66
  input in matrix: state: C currentWindowPosition: 5 currentAminoAcid: G =&gt; 79
  input in matrix: state: C currentWindowPosition: 6 currentAminoAcid: G =&gt; 86
  input in matrix: state: C currentWindowPosition: 7 currentAminoAcid: G =&gt; 129
  input in matrix: state: C currentWindowPosition: 8 currentAminoAcid: G =&gt; 0
  input in matrix: state: C currentWindowPosition: 9 currentAminoAcid: G =&gt; 116
  input in matrix: state: C currentWindowPosition: 10 currentAminoAcid: G =&gt; 98
  input in matrix: state: C currentWindowPosition: 11 currentAminoAcid: G =&gt; 67
  input in matrix: state: C currentWindowPosition: 12 currentAminoAcid: G =&gt; 73
  input in matrix: state: C currentWindowPosition: 13 currentAminoAcid: G =&gt; 62
  input in matrix: state: C currentWindowPosition: 14 currentAminoAcid: G =&gt; 64
  input in matrix: state: C currentWindowPosition: 15 currentAminoAcid: G =&gt; 74
  input in matrix: state: C currentWindowPosition: 16 currentAminoAcid: G =&gt; 91
Process line: H	22	27	22	17	26	25	16	27	0	23	22	20	13	15	20	19	16
 data line!
  input in matrix: state: C currentWindowPosition: 0 currentAminoAcid: H =&gt; 22
  input in matrix: state: C currentWindowPosition: 1 currentAminoAcid: H =&gt; 27
  input in matrix: state: C currentWindowPosition: 2 currentAminoAcid: H =&gt; 22
  input in matrix: state: C currentWindowPosition: 3 currentAminoAcid: H =&gt; 17
  input in matrix: state: C currentWindowPosition: 4 currentAminoAcid: H =&gt; 26
  input in matrix: state: C currentWindowPosition: 5 currentAminoAcid: H =&gt; 25
  input in matrix: state: C currentWindowPosition: 6 currentAminoAcid: H =&gt; 16
  input in matrix: state: C currentWindowPosition: 7 currentAminoAcid: H =&gt; 27
  input in matrix: state: C currentWindowPosition: 8 currentAminoAcid: H =&gt; 0
  input in matrix: state: C currentWindowPosition: 9 currentAminoAcid: H =&gt; 23
  input in matrix: state: C currentWindowPosition: 10 currentAminoAcid: H =&gt; 22
  input in matrix: state: C currentWindowPosition: 11 currentAminoAcid: H =&gt; 20
  input in matrix: state: C currentWindowPosition: 12 currentAminoAcid: H =&gt; 13
  input in matrix: state: C currentWindowPosition: 13 currentAminoAcid: H =&gt; 15
  input in matrix: state: C currentWindowPosition: 14 currentAminoAcid: H =&gt; 20
  input in matrix: state: C currentWindowPosition: 15 currentAminoAcid: H =&gt; 19
  input in matrix: state: C currentWindowPosition: 16 currentAminoAcid: H =&gt; 16
Process line: I	56	55	67	60	46	36	41	39	0	35	58	55	48	70	51	50	63
 data line!
  input in matrix: state: C currentWindowPosition: 0 currentAminoAcid: I =&gt; 56
  input in matrix: state: C currentWindowPosition: 1 currentAminoAcid: I =&gt; 55
  input in matrix: state: C currentWindowPosition: 2 currentAminoAcid: I =&gt; 67
  input in matrix: state: C currentWindowPosition: 3 currentAminoAcid: I =&gt; 60
  input in matrix: state: C currentWindowPosition: 4 currentAminoAcid: I =&gt; 46
  input in matrix: state: C currentWindowPosition: 5 currentAminoAcid: I =&gt; 36
  input in matrix: state: C currentWindowPosition: 6 currentAminoAcid: I =&gt; 41
  input in matrix: state: C currentWindowPosition: 7 currentAminoAcid: I =&gt; 39
  input in matrix: state: C currentWindowPosition: 8 currentAminoAcid: I =&gt; 0
  input in matrix: state: C currentWindowPosition: 9 currentAminoAcid: I =&gt; 35
  input in matrix: state: C currentWindowPosition: 10 currentAminoAcid: I =&gt; 58
  input in matrix: state: C currentWindowPosition: 11 currentAminoAcid: I =&gt; 55
  input in matrix: state: C currentWindowPosition: 12 currentAminoAcid: I =&gt; 48
  input in matrix: state: C currentWindowPosition: 13 currentAminoAcid: I =&gt; 70
  input in matrix: state: C currentWindowPosition: 14 currentAminoAcid: I =&gt; 51
  input in matrix: state: C currentWindowPosition: 15 currentAminoAcid: I =&gt; 50
  input in matrix: state: C currentWindowPosition: 16 currentAminoAcid: I =&gt; 63
Process line: K	54	52	46	49	59	64	39	46	0	61	47	44	41	45	44	47	60
 data line!
  input in matrix: state: C currentWindowPosition: 0 currentAminoAcid: K =&gt; 54
  input in matrix: state: C currentWindowPosition: 1 currentAminoAcid: K =&gt; 52
  input in matrix: state: C currentWindowPosition: 2 currentAminoAcid: K =&gt; 46
  input in matrix: state: C currentWindowPosition: 3 currentAminoAcid: K =&gt; 49
  input in matrix: state: C currentWindowPosition: 4 currentAminoAcid: K =&gt; 59
  input in matrix: state: C currentWindowPosition: 5 currentAminoAcid: K =&gt; 64
  input in matrix: state: C currentWindowPosition: 6 currentAminoAcid: K =&gt; 39
  input in matrix: state: C currentWindowPosition: 7 currentAminoAcid: K =&gt; 46
  input in matrix: state: C currentWindowPosition: 8 currentAminoAcid: K =&gt; 0
  input in matrix: state: C currentWindowPosition: 9 currentAminoAcid: K =&gt; 61
  input in matrix: state: C currentWindowPosition: 10 currentAminoAcid: K =&gt; 47
  input in matrix: state: C currentWindowPosition: 11 currentAminoAcid: K =&gt; 44
  input in matrix: state: C currentWindowPosition: 12 currentAminoAcid: K =&gt; 41
  input in matrix: state: C currentWindowPosition: 13 currentAminoAcid: K =&gt; 45
  input in matrix: state: C currentWindowPosition: 14 currentAminoAcid: K =&gt; 44
  input in matrix: state: C currentWindowPosition: 15 currentAminoAcid: K =&gt; 47
  input in matrix: state: C currentWindowPosition: 16 currentAminoAcid: K =&gt; 60
Process line: L	99	83	109	97	91	86	84	62	0	66	68	65	82	86	116	80	99
 data line!
  input in matrix: state: C currentWindowPosition: 0 currentAminoAcid: L =&gt; 99
  input in matrix: state: C currentWindowPosition: 1 currentAminoAcid: L =&gt; 83
  input in matrix: state: C currentWindowPosition: 2 currentAminoAcid: L =&gt; 109
  input in matrix: state: C currentWindowPosition: 3 currentAminoAcid: L =&gt; 97
  input in matrix: state: C currentWindowPosition: 4 currentAminoAcid: L =&gt; 91
  input in matrix: state: C currentWindowPosition: 5 currentAminoAcid: L =&gt; 86
  input in matrix: state: C currentWindowPosition: 6 currentAminoAcid: L =&gt; 84
  input in matrix: state: C currentWindowPosition: 7 currentAminoAcid: L =&gt; 62
  input in matrix: state: C currentWindowPosition: 8 currentAminoAcid: L =&gt; 0
  input in matrix: state: C currentWindowPosition: 9 currentAminoAcid: L =&gt; 66
  input in matrix: state: C currentWindowPosition: 10 currentAminoAcid: L =&gt; 68
  input in matrix: state: C currentWindowPosition: 11 currentAminoAcid: L =&gt; 65
  input in matrix: state: C currentWindowPosition: 12 currentAminoAcid: L =&gt; 82
  input in matrix: state: C currentWindowPosition: 13 currentAminoAcid: L =&gt; 86
  input in matrix: state: C currentWindowPosition: 14 currentAminoAcid: L =&gt; 116
  input in matrix: state: C currentWindowPosition: 15 currentAminoAcid: L =&gt; 80
  input in matrix: state: C currentWindowPosition: 16 currentAminoAcid: L =&gt; 99
Process line: M	26	21	21	16	25	15	18	13	0	14	11	9	18	22	21	20	24
 data line!
  input in matrix: state: C currentWindowPosition: 0 currentAminoAcid: M =&gt; 26
  input in matrix: state: C currentWindowPosition: 1 currentAminoAcid: M =&gt; 21
  input in matrix: state: C currentWindowPosition: 2 currentAminoAcid: M =&gt; 21
  input in matrix: state: C currentWindowPosition: 3 currentAminoAcid: M =&gt; 16
  input in matrix: state: C currentWindowPosition: 4 currentAminoAcid: M =&gt; 25
  input in matrix: state: C currentWindowPosition: 5 currentAminoAcid: M =&gt; 15
  input in matrix: state: C currentWindowPosition: 6 currentAminoAcid: M =&gt; 18
  input in matrix: state: C currentWindowPosition: 7 currentAminoAcid: M =&gt; 13
  input in matrix: state: C currentWindowPosition: 8 currentAminoAcid: M =&gt; 0
  input in matrix: state: C currentWindowPosition: 9 currentAminoAcid: M =&gt; 14
  input in matrix: state: C currentWindowPosition: 10 currentAminoAcid: M =&gt; 11
  input in matrix: state: C currentWindowPosition: 11 currentAminoAcid: M =&gt; 9
  input in matrix: state: C currentWindowPosition: 12 currentAminoAcid: M =&gt; 18
  input in matrix: state: C currentWindowPosition: 13 currentAminoAcid: M =&gt; 22
  input in matrix: state: C currentWindowPosition: 14 currentAminoAcid: M =&gt; 21
  input in matrix: state: C currentWindowPosition: 15 currentAminoAcid: M =&gt; 20
  input in matrix: state: C currentWindowPosition: 16 currentAminoAcid: M =&gt; 24
Process line: N	46	41	45	47	43	39	54	72	0	68	58	48	54	39	48	58	48
 data line!
  input in matrix: state: C currentWindowPosition: 0 currentAminoAcid: N =&gt; 46
  input in matrix: state: C currentWindowPosition: 1 currentAminoAcid: N =&gt; 41
  input in matrix: state: C currentWindowPosition: 2 currentAminoAcid: N =&gt; 45
  input in matrix: state: C currentWindowPosition: 3 currentAminoAcid: N =&gt; 47
  input in matrix: state: C currentWindowPosition: 4 currentAminoAcid: N =&gt; 43
  input in matrix: state: C currentWindowPosition: 5 currentAminoAcid: N =&gt; 39
  input in matrix: state: C currentWindowPosition: 6 currentAminoAcid: N =&gt; 54
  input in matrix: state: C currentWindowPosition: 7 currentAminoAcid: N =&gt; 72
  input in matrix: state: C currentWindowPosition: 8 currentAminoAcid: N =&gt; 0
  input in matrix: state: C currentWindowPosition: 9 currentAminoAcid: N =&gt; 68
  input in matrix: state: C currentWindowPosition: 10 currentAminoAcid: N =&gt; 58
  input in matrix: state: C currentWindowPosition: 11 currentAminoAcid: N =&gt; 48
  input in matrix: state: C currentWindowPosition: 12 currentAminoAcid: N =&gt; 54
  input in matrix: state: C currentWindowPosition: 13 currentAminoAcid: N =&gt; 39
  input in matrix: state: C currentWindowPosition: 14 currentAminoAcid: N =&gt; 48
  input in matrix: state: C currentWindowPosition: 15 currentAminoAcid: N =&gt; 58
  input in matrix: state: C currentWindowPosition: 16 currentAminoAcid: N =&gt; 48
Process line: P	49	57	51	53	47	70	53	52	0	82	72	69	62	43	51	50	36
 data line!
  input in matrix: state: C currentWindowPosition: 0 currentAminoAcid: P =&gt; 49
  input in matrix: state: C currentWindowPosition: 1 currentAminoAcid: P =&gt; 57
  input in matrix: state: C currentWindowPosition: 2 currentAminoAcid: P =&gt; 51
  input in matrix: state: C currentWindowPosition: 3 currentAminoAcid: P =&gt; 53
  input in matrix: state: C currentWindowPosition: 4 currentAminoAcid: P =&gt; 47
  input in matrix: state: C currentWindowPosition: 5 currentAminoAcid: P =&gt; 70
  input in matrix: state: C currentWindowPosition: 6 currentAminoAcid: P =&gt; 53
  input in matrix: state: C currentWindowPosition: 7 currentAminoAcid: P =&gt; 52
  input in matrix: state: C currentWindowPosition: 8 currentAminoAcid: P =&gt; 0
  input in matrix: state: C currentWindowPosition: 9 currentAminoAcid: P =&gt; 82
  input in matrix: state: C currentWindowPosition: 10 currentAminoAcid: P =&gt; 72
  input in matrix: state: C currentWindowPosition: 11 currentAminoAcid: P =&gt; 69
  input in matrix: state: C currentWindowPosition: 12 currentAminoAcid: P =&gt; 62
  input in matrix: state: C currentWindowPosition: 13 currentAminoAcid: P =&gt; 43
  input in matrix: state: C currentWindowPosition: 14 currentAminoAcid: P =&gt; 51
  input in matrix: state: C currentWindowPosition: 15 currentAminoAcid: P =&gt; 50
  input in matrix: state: C currentWindowPosition: 16 currentAminoAcid: P =&gt; 36
Process line: Q	37	32	34	40	38	29	29	35	994	30	30	31	33	35	40	35	28
 data line!
  input in matrix: state: C currentWindowPosition: 0 currentAminoAcid: Q =&gt; 37
  input in matrix: state: C currentWindowPosition: 1 currentAminoAcid: Q =&gt; 32
  input in matrix: state: C currentWindowPosition: 2 currentAminoAcid: Q =&gt; 34
  input in matrix: state: C currentWindowPosition: 3 currentAminoAcid: Q =&gt; 40
  input in matrix: state: C currentWindowPosition: 4 currentAminoAcid: Q =&gt; 38
  input in matrix: state: C currentWindowPosition: 5 currentAminoAcid: Q =&gt; 29
  input in matrix: state: C currentWindowPosition: 6 currentAminoAcid: Q =&gt; 29
  input in matrix: state: C currentWindowPosition: 7 currentAminoAcid: Q =&gt; 35
  input in matrix: state: C currentWindowPosition: 8 currentAminoAcid: Q =&gt; 994
  input in matrix: state: C currentWindowPosition: 9 currentAminoAcid: Q =&gt; 30
  input in matrix: state: C currentWindowPosition: 10 currentAminoAcid: Q =&gt; 30
  input in matrix: state: C currentWindowPosition: 11 currentAminoAcid: Q =&gt; 31
  input in matrix: state: C currentWindowPosition: 12 currentAminoAcid: Q =&gt; 33
  input in matrix: state: C currentWindowPosition: 13 currentAminoAcid: Q =&gt; 35
  input in matrix: state: C currentWindowPosition: 14 currentAminoAcid: Q =&gt; 40
  input in matrix: state: C currentWindowPosition: 15 currentAminoAcid: Q =&gt; 35
  input in matrix: state: C currentWindowPosition: 16 currentAminoAcid: Q =&gt; 28
Process line: R	44	34	39	52	35	42	34	45	0	41	34	43	44	51	39	53	43
 data line!
  input in matrix: state: C currentWindowPosition: 0 currentAminoAcid: R =&gt; 44
  input in matrix: state: C currentWindowPosition: 1 currentAminoAcid: R =&gt; 34
  input in matrix: state: C currentWindowPosition: 2 currentAminoAcid: R =&gt; 39
  input in matrix: state: C currentWindowPosition: 3 currentAminoAcid: R =&gt; 52
  input in matrix: state: C currentWindowPosition: 4 currentAminoAcid: R =&gt; 35
  input in matrix: state: C currentWindowPosition: 5 currentAminoAcid: R =&gt; 42
  input in matrix: state: C currentWindowPosition: 6 currentAminoAcid: R =&gt; 34
  input in matrix: state: C currentWindowPosition: 7 currentAminoAcid: R =&gt; 45
  input in matrix: state: C currentWindowPosition: 8 currentAminoAcid: R =&gt; 0
  input in matrix: state: C currentWindowPosition: 9 currentAminoAcid: R =&gt; 41
  input in matrix: state: C currentWindowPosition: 10 currentAminoAcid: R =&gt; 34
  input in matrix: state: C currentWindowPosition: 11 currentAminoAcid: R =&gt; 43
  input in matrix: state: C currentWindowPosition: 12 currentAminoAcid: R =&gt; 44
  input in matrix: state: C currentWindowPosition: 13 currentAminoAcid: R =&gt; 51
  input in matrix: state: C currentWindowPosition: 14 currentAminoAcid: R =&gt; 39
  input in matrix: state: C currentWindowPosition: 15 currentAminoAcid: R =&gt; 53
  input in matrix: state: C currentWindowPosition: 16 currentAminoAcid: R =&gt; 43
Process line: S	47	54	63	63	65	78	59	75	0	69	66	71	68	65	63	46	75
 data line!
  input in matrix: state: C currentWindowPosition: 0 currentAminoAcid: S =&gt; 47
  input in matrix: state: C currentWindowPosition: 1 currentAminoAcid: S =&gt; 54
  input in matrix: state: C currentWindowPosition: 2 currentAminoAcid: S =&gt; 63
  input in matrix: state: C currentWindowPosition: 3 currentAminoAcid: S =&gt; 63
  input in matrix: state: C currentWindowPosition: 4 currentAminoAcid: S =&gt; 65
  input in matrix: state: C currentWindowPosition: 5 currentAminoAcid: S =&gt; 78
  input in matrix: state: C currentWindowPosition: 6 currentAminoAcid: S =&gt; 59
  input in matrix: state: C currentWindowPosition: 7 currentAminoAcid: S =&gt; 75
  input in matrix: state: C currentWindowPosition: 8 currentAminoAcid: S =&gt; 0
  input in matrix: state: C currentWindowPosition: 9 currentAminoAcid: S =&gt; 69
  input in matrix: state: C currentWindowPosition: 10 currentAminoAcid: S =&gt; 66
  input in matrix: state: C currentWindowPosition: 11 currentAminoAcid: S =&gt; 71
  input in matrix: state: C currentWindowPosition: 12 currentAminoAcid: S =&gt; 68
  input in matrix: state: C currentWindowPosition: 13 currentAminoAcid: S =&gt; 65
  input in matrix: state: C currentWindowPosition: 14 currentAminoAcid: S =&gt; 63
  input in matrix: state: C currentWindowPosition: 15 currentAminoAcid: S =&gt; 46
  input in matrix: state: C currentWindowPosition: 16 currentAminoAcid: S =&gt; 75
Process line: T	60	68	68	67	68	65	64	62	0	66	69	73	67	76	77	62	62
 data line!
  input in matrix: state: C currentWindowPosition: 0 currentAminoAcid: T =&gt; 60
  input in matrix: state: C currentWindowPosition: 1 currentAminoAcid: T =&gt; 68
  input in matrix: state: C currentWindowPosition: 2 currentAminoAcid: T =&gt; 68
  input in matrix: state: C currentWindowPosition: 3 currentAminoAcid: T =&gt; 67
  input in matrix: state: C currentWindowPosition: 4 currentAminoAcid: T =&gt; 68
  input in matrix: state: C currentWindowPosition: 5 currentAminoAcid: T =&gt; 65
  input in matrix: state: C currentWindowPosition: 6 currentAminoAcid: T =&gt; 64
  input in matrix: state: C currentWindowPosition: 7 currentAminoAcid: T =&gt; 62
  input in matrix: state: C currentWindowPosition: 8 currentAminoAcid: T =&gt; 0
  input in matrix: state: C currentWindowPosition: 9 currentAminoAcid: T =&gt; 66
  input in matrix: state: C currentWindowPosition: 10 currentAminoAcid: T =&gt; 69
  input in matrix: state: C currentWindowPosition: 11 currentAminoAcid: T =&gt; 73
  input in matrix: state: C currentWindowPosition: 12 currentAminoAcid: T =&gt; 67
  input in matrix: state: C currentWindowPosition: 13 currentAminoAcid: T =&gt; 76
  input in matrix: state: C currentWindowPosition: 14 currentAminoAcid: T =&gt; 77
  input in matrix: state: C currentWindowPosition: 15 currentAminoAcid: T =&gt; 62
  input in matrix: state: C currentWindowPosition: 16 currentAminoAcid: T =&gt; 62
Process line: V	77	71	63	75	80	57	64	42	0	39	63	82	100	72	74	76	71
 data line!
  input in matrix: state: C currentWindowPosition: 0 currentAminoAcid: V =&gt; 77
  input in matrix: state: C currentWindowPosition: 1 currentAminoAcid: V =&gt; 71
  input in matrix: state: C currentWindowPosition: 2 currentAminoAcid: V =&gt; 63
  input in matrix: state: C currentWindowPosition: 3 currentAminoAcid: V =&gt; 75
  input in matrix: state: C currentWindowPosition: 4 currentAminoAcid: V =&gt; 80
  input in matrix: state: C currentWindowPosition: 5 currentAminoAcid: V =&gt; 57
  input in matrix: state: C currentWindowPosition: 6 currentAminoAcid: V =&gt; 64
  input in matrix: state: C currentWindowPosition: 7 currentAminoAcid: V =&gt; 42
  input in matrix: state: C currentWindowPosition: 8 currentAminoAcid: V =&gt; 0
  input in matrix: state: C currentWindowPosition: 9 currentAminoAcid: V =&gt; 39
  input in matrix: state: C currentWindowPosition: 10 currentAminoAcid: V =&gt; 63
  input in matrix: state: C currentWindowPosition: 11 currentAminoAcid: V =&gt; 82
  input in matrix: state: C currentWindowPosition: 12 currentAminoAcid: V =&gt; 100
  input in matrix: state: C currentWindowPosition: 13 currentAminoAcid: V =&gt; 72
  input in matrix: state: C currentWindowPosition: 14 currentAminoAcid: V =&gt; 74
  input in matrix: state: C currentWindowPosition: 15 currentAminoAcid: V =&gt; 76
  input in matrix: state: C currentWindowPosition: 16 currentAminoAcid: V =&gt; 71
Process line: W	11	16	14	25	13	18	20	16	0	15	18	22	14	16	15	19	16
 data line!
  input in matrix: state: C currentWindowPosition: 0 currentAminoAcid: W =&gt; 11
  input in matrix: state: C currentWindowPosition: 1 currentAminoAcid: W =&gt; 16
  input in matrix: state: C currentWindowPosition: 2 currentAminoAcid: W =&gt; 14
  input in matrix: state: C currentWindowPosition: 3 currentAminoAcid: W =&gt; 25
  input in matrix: state: C currentWindowPosition: 4 currentAminoAcid: W =&gt; 13
  input in matrix: state: C currentWindowPosition: 5 currentAminoAcid: W =&gt; 18
  input in matrix: state: C currentWindowPosition: 6 currentAminoAcid: W =&gt; 20
  input in matrix: state: C currentWindowPosition: 7 currentAminoAcid: W =&gt; 16
  input in matrix: state: C currentWindowPosition: 8 currentAminoAcid: W =&gt; 0
  input in matrix: state: C currentWindowPosition: 9 currentAminoAcid: W =&gt; 15
  input in matrix: state: C currentWindowPosition: 10 currentAminoAcid: W =&gt; 18
  input in matrix: state: C currentWindowPosition: 11 currentAminoAcid: W =&gt; 22
  input in matrix: state: C currentWindowPosition: 12 currentAminoAcid: W =&gt; 14
  input in matrix: state: C currentWindowPosition: 13 currentAminoAcid: W =&gt; 16
  input in matrix: state: C currentWindowPosition: 14 currentAminoAcid: W =&gt; 15
  input in matrix: state: C currentWindowPosition: 15 currentAminoAcid: W =&gt; 19
  input in matrix: state: C currentWindowPosition: 16 currentAminoAcid: W =&gt; 16
Process line: Y	40	42	41	30	31	46	40	37	0	43	29	35	38	37	40	34	38
 data line!
  input in matrix: state: C currentWindowPosition: 0 currentAminoAcid: Y =&gt; 40
  input in matrix: state: C currentWindowPosition: 1 currentAminoAcid: Y =&gt; 42
  input in matrix: state: C currentWindowPosition: 2 currentAminoAcid: Y =&gt; 41
  input in matrix: state: C currentWindowPosition: 3 currentAminoAcid: Y =&gt; 30
  input in matrix: state: C currentWindowPosition: 4 currentAminoAcid: Y =&gt; 31
  input in matrix: state: C currentWindowPosition: 5 currentAminoAcid: Y =&gt; 46
  input in matrix: state: C currentWindowPosition: 6 currentAminoAcid: Y =&gt; 40
  input in matrix: state: C currentWindowPosition: 7 currentAminoAcid: Y =&gt; 37
  input in matrix: state: C currentWindowPosition: 8 currentAminoAcid: Y =&gt; 0
  input in matrix: state: C currentWindowPosition: 9 currentAminoAcid: Y =&gt; 43
  input in matrix: state: C currentWindowPosition: 10 currentAminoAcid: Y =&gt; 29
  input in matrix: state: C currentWindowPosition: 11 currentAminoAcid: Y =&gt; 35
  input in matrix: state: C currentWindowPosition: 12 currentAminoAcid: Y =&gt; 38
  input in matrix: state: C currentWindowPosition: 13 currentAminoAcid: Y =&gt; 37
  input in matrix: state: C currentWindowPosition: 14 currentAminoAcid: Y =&gt; 40
  input in matrix: state: C currentWindowPosition: 15 currentAminoAcid: Y =&gt; 34
  input in matrix: state: C currentWindowPosition: 16 currentAminoAcid: Y =&gt; 38
Process line: 
 Skip line!
Process line: 
 Skip line!
Process line: =Q,E=
 state line! (now in state: E)
Process line: 
 Skip line!
Process line: A	39	40	34	39	46	36	31	28	0	30	29	35	32	35	35	33	43
 data line!
  input in matrix: state: E currentWindowPosition: 0 currentAminoAcid: A =&gt; 39
  input in matrix: state: E currentWindowPosition: 1 currentAminoAcid: A =&gt; 40
  input in matrix: state: E currentWindowPosition: 2 currentAminoAcid: A =&gt; 34
  input in matrix: state: E currentWindowPosition: 3 currentAminoAcid: A =&gt; 39
  input in matrix: state: E currentWindowPosition: 4 currentAminoAcid: A =&gt; 46
  input in matrix: state: E currentWindowPosition: 5 currentAminoAcid: A =&gt; 36
  input in matrix: state: E currentWindowPosition: 6 currentAminoAcid: A =&gt; 31
  input in matrix: state: E currentWindowPosition: 7 currentAminoAcid: A =&gt; 28
  input in matrix: state: E currentWindowPosition: 8 currentAminoAcid: A =&gt; 0
  input in matrix: state: E currentWindowPosition: 9 currentAminoAcid: A =&gt; 30
  input in matrix: state: E currentWindowPosition: 10 currentAminoAcid: A =&gt; 29
  input in matrix: state: E currentWindowPosition: 11 currentAminoAcid: A =&gt; 35
  input in matrix: state: E currentWindowPosition: 12 currentAminoAcid: A =&gt; 32
  input in matrix: state: E currentWindowPosition: 13 currentAminoAcid: A =&gt; 35
  input in matrix: state: E currentWindowPosition: 14 currentAminoAcid: A =&gt; 35
  input in matrix: state: E currentWindowPosition: 15 currentAminoAcid: A =&gt; 33
  input in matrix: state: E currentWindowPosition: 16 currentAminoAcid: A =&gt; 43
Process line: C	5	12	8	5	10	9	10	11	0	13	8	4	4	9	6	6	10
 data line!
  input in matrix: state: E currentWindowPosition: 0 currentAminoAcid: C =&gt; 5
  input in matrix: state: E currentWindowPosition: 1 currentAminoAcid: C =&gt; 12
  input in matrix: state: E currentWindowPosition: 2 currentAminoAcid: C =&gt; 8
  input in matrix: state: E currentWindowPosition: 3 currentAminoAcid: C =&gt; 5
  input in matrix: state: E currentWindowPosition: 4 currentAminoAcid: C =&gt; 10
  input in matrix: state: E currentWindowPosition: 5 currentAminoAcid: C =&gt; 9
  input in matrix: state: E currentWindowPosition: 6 currentAminoAcid: C =&gt; 10
  input in matrix: state: E currentWindowPosition: 7 currentAminoAcid: C =&gt; 11
  input in matrix: state: E currentWindowPosition: 8 currentAminoAcid: C =&gt; 0
  input in matrix: state: E currentWindowPosition: 9 currentAminoAcid: C =&gt; 13
  input in matrix: state: E currentWindowPosition: 10 currentAminoAcid: C =&gt; 8
  input in matrix: state: E currentWindowPosition: 11 currentAminoAcid: C =&gt; 4
  input in matrix: state: E currentWindowPosition: 12 currentAminoAcid: C =&gt; 4
  input in matrix: state: E currentWindowPosition: 13 currentAminoAcid: C =&gt; 9
  input in matrix: state: E currentWindowPosition: 14 currentAminoAcid: C =&gt; 6
  input in matrix: state: E currentWindowPosition: 15 currentAminoAcid: C =&gt; 6
  input in matrix: state: E currentWindowPosition: 16 currentAminoAcid: C =&gt; 10
Process line: D	38	30	37	43	26	20	24	15	0	19	26	39	35	41	31	36	40
 data line!
  input in matrix: state: E currentWindowPosition: 0 currentAminoAcid: D =&gt; 38
  input in matrix: state: E currentWindowPosition: 1 currentAminoAcid: D =&gt; 30
  input in matrix: state: E currentWindowPosition: 2 currentAminoAcid: D =&gt; 37
  input in matrix: state: E currentWindowPosition: 3 currentAminoAcid: D =&gt; 43
  input in matrix: state: E currentWindowPosition: 4 currentAminoAcid: D =&gt; 26
  input in matrix: state: E currentWindowPosition: 5 currentAminoAcid: D =&gt; 20
  input in matrix: state: E currentWindowPosition: 6 currentAminoAcid: D =&gt; 24
  input in matrix: state: E currentWindowPosition: 7 currentAminoAcid: D =&gt; 15
  input in matrix: state: E currentWindowPosition: 8 currentAminoAcid: D =&gt; 0
  input in matrix: state: E currentWindowPosition: 9 currentAminoAcid: D =&gt; 19
  input in matrix: state: E currentWindowPosition: 10 currentAminoAcid: D =&gt; 26
  input in matrix: state: E currentWindowPosition: 11 currentAminoAcid: D =&gt; 39
  input in matrix: state: E currentWindowPosition: 12 currentAminoAcid: D =&gt; 35
  input in matrix: state: E currentWindowPosition: 13 currentAminoAcid: D =&gt; 41
  input in matrix: state: E currentWindowPosition: 14 currentAminoAcid: D =&gt; 31
  input in matrix: state: E currentWindowPosition: 15 currentAminoAcid: D =&gt; 36
  input in matrix: state: E currentWindowPosition: 16 currentAminoAcid: D =&gt; 40
Process line: E	29	27	26	17	17	23	19	19	0	20	29	22	26	26	31	22	23
 data line!
  input in matrix: state: E currentWindowPosition: 0 currentAminoAcid: E =&gt; 29
  input in matrix: state: E currentWindowPosition: 1 currentAminoAcid: E =&gt; 27
  input in matrix: state: E currentWindowPosition: 2 currentAminoAcid: E =&gt; 26
  input in matrix: state: E currentWindowPosition: 3 currentAminoAcid: E =&gt; 17
  input in matrix: state: E currentWindowPosition: 4 currentAminoAcid: E =&gt; 17
  input in matrix: state: E currentWindowPosition: 5 currentAminoAcid: E =&gt; 23
  input in matrix: state: E currentWindowPosition: 6 currentAminoAcid: E =&gt; 19
  input in matrix: state: E currentWindowPosition: 7 currentAminoAcid: E =&gt; 19
  input in matrix: state: E currentWindowPosition: 8 currentAminoAcid: E =&gt; 0
  input in matrix: state: E currentWindowPosition: 9 currentAminoAcid: E =&gt; 20
  input in matrix: state: E currentWindowPosition: 10 currentAminoAcid: E =&gt; 29
  input in matrix: state: E currentWindowPosition: 11 currentAminoAcid: E =&gt; 22
  input in matrix: state: E currentWindowPosition: 12 currentAminoAcid: E =&gt; 26
  input in matrix: state: E currentWindowPosition: 13 currentAminoAcid: E =&gt; 26
  input in matrix: state: E currentWindowPosition: 14 currentAminoAcid: E =&gt; 31
  input in matrix: state: E currentWindowPosition: 15 currentAminoAcid: E =&gt; 22
  input in matrix: state: E currentWindowPosition: 16 currentAminoAcid: E =&gt; 23
Process line: F	18	13	15	13	22	21	18	30	0	37	28	20	18	16	20	23	14
 data line!
  input in matrix: state: E currentWindowPosition: 0 currentAminoAcid: F =&gt; 18
  input in matrix: state: E currentWindowPosition: 1 currentAminoAcid: F =&gt; 13
  input in matrix: state: E currentWindowPosition: 2 currentAminoAcid: F =&gt; 15
  input in matrix: state: E currentWindowPosition: 3 currentAminoAcid: F =&gt; 13
  input in matrix: state: E currentWindowPosition: 4 currentAminoAcid: F =&gt; 22
  input in matrix: state: E currentWindowPosition: 5 currentAminoAcid: F =&gt; 21
  input in matrix: state: E currentWindowPosition: 6 currentAminoAcid: F =&gt; 18
  input in matrix: state: E currentWindowPosition: 7 currentAminoAcid: F =&gt; 30
  input in matrix: state: E currentWindowPosition: 8 currentAminoAcid: F =&gt; 0
  input in matrix: state: E currentWindowPosition: 9 currentAminoAcid: F =&gt; 37
  input in matrix: state: E currentWindowPosition: 10 currentAminoAcid: F =&gt; 28
  input in matrix: state: E currentWindowPosition: 11 currentAminoAcid: F =&gt; 20
  input in matrix: state: E currentWindowPosition: 12 currentAminoAcid: F =&gt; 18
  input in matrix: state: E currentWindowPosition: 13 currentAminoAcid: F =&gt; 16
  input in matrix: state: E currentWindowPosition: 14 currentAminoAcid: F =&gt; 20
  input in matrix: state: E currentWindowPosition: 15 currentAminoAcid: F =&gt; 23
  input in matrix: state: E currentWindowPosition: 16 currentAminoAcid: F =&gt; 14
Process line: G	47	41	52	48	54	51	51	50	0	33	38	44	51	59	61	45	47
 data line!
  input in matrix: state: E currentWindowPosition: 0 currentAminoAcid: G =&gt; 47
  input in matrix: state: E currentWindowPosition: 1 currentAminoAcid: G =&gt; 41
  input in matrix: state: E currentWindowPosition: 2 currentAminoAcid: G =&gt; 52
  input in matrix: state: E currentWindowPosition: 3 currentAminoAcid: G =&gt; 48
  input in matrix: state: E currentWindowPosition: 4 currentAminoAcid: G =&gt; 54
  input in matrix: state: E currentWindowPosition: 5 currentAminoAcid: G =&gt; 51
  input in matrix: state: E currentWindowPosition: 6 currentAminoAcid: G =&gt; 51
  input in matrix: state: E currentWindowPosition: 7 currentAminoAcid: G =&gt; 50
  input in matrix: state: E currentWindowPosition: 8 currentAminoAcid: G =&gt; 0
  input in matrix: state: E currentWindowPosition: 9 currentAminoAcid: G =&gt; 33
  input in matrix: state: E currentWindowPosition: 10 currentAminoAcid: G =&gt; 38
  input in matrix: state: E currentWindowPosition: 11 currentAminoAcid: G =&gt; 44
  input in matrix: state: E currentWindowPosition: 12 currentAminoAcid: G =&gt; 51
  input in matrix: state: E currentWindowPosition: 13 currentAminoAcid: G =&gt; 59
  input in matrix: state: E currentWindowPosition: 14 currentAminoAcid: G =&gt; 61
  input in matrix: state: E currentWindowPosition: 15 currentAminoAcid: G =&gt; 45
  input in matrix: state: E currentWindowPosition: 16 currentAminoAcid: G =&gt; 47
Process line: H	13	9	11	12	10	10	12	10	0	12	9	10	15	8	13	14	11
 data line!
  input in matrix: state: E currentWindowPosition: 0 currentAminoAcid: H =&gt; 13
  input in matrix: state: E currentWindowPosition: 1 currentAminoAcid: H =&gt; 9
  input in matrix: state: E currentWindowPosition: 2 currentAminoAcid: H =&gt; 11
  input in matrix: state: E currentWindowPosition: 3 currentAminoAcid: H =&gt; 12
  input in matrix: state: E currentWindowPosition: 4 currentAminoAcid: H =&gt; 10
  input in matrix: state: E currentWindowPosition: 5 currentAminoAcid: H =&gt; 10
  input in matrix: state: E currentWindowPosition: 6 currentAminoAcid: H =&gt; 12
  input in matrix: state: E currentWindowPosition: 7 currentAminoAcid: H =&gt; 10
  input in matrix: state: E currentWindowPosition: 8 currentAminoAcid: H =&gt; 0
  input in matrix: state: E currentWindowPosition: 9 currentAminoAcid: H =&gt; 12
  input in matrix: state: E currentWindowPosition: 10 currentAminoAcid: H =&gt; 9
  input in matrix: state: E currentWindowPosition: 11 currentAminoAcid: H =&gt; 10
  input in matrix: state: E currentWindowPosition: 12 currentAminoAcid: H =&gt; 15
  input in matrix: state: E currentWindowPosition: 13 currentAminoAcid: H =&gt; 8
  input in matrix: state: E currentWindowPosition: 14 currentAminoAcid: H =&gt; 13
  input in matrix: state: E currentWindowPosition: 15 currentAminoAcid: H =&gt; 14
  input in matrix: state: E currentWindowPosition: 16 currentAminoAcid: H =&gt; 11
Process line: I	24	27	30	22	34	32	34	33	0	40	18	42	27	28	21	28	19
 data line!
  input in matrix: state: E currentWindowPosition: 0 currentAminoAcid: I =&gt; 24
  input in matrix: state: E currentWindowPosition: 1 currentAminoAcid: I =&gt; 27
  input in matrix: state: E currentWindowPosition: 2 currentAminoAcid: I =&gt; 30
  input in matrix: state: E currentWindowPosition: 3 currentAminoAcid: I =&gt; 22
  input in matrix: state: E currentWindowPosition: 4 currentAminoAcid: I =&gt; 34
  input in matrix: state: E currentWindowPosition: 5 currentAminoAcid: I =&gt; 32
  input in matrix: state: E currentWindowPosition: 6 currentAminoAcid: I =&gt; 34
  input in matrix: state: E currentWindowPosition: 7 currentAminoAcid: I =&gt; 33
  input in matrix: state: E currentWindowPosition: 8 currentAminoAcid: I =&gt; 0
  input in matrix: state: E currentWindowPosition: 9 currentAminoAcid: I =&gt; 40
  input in matrix: state: E currentWindowPosition: 10 currentAminoAcid: I =&gt; 18
  input in matrix: state: E currentWindowPosition: 11 currentAminoAcid: I =&gt; 42
  input in matrix: state: E currentWindowPosition: 12 currentAminoAcid: I =&gt; 27
  input in matrix: state: E currentWindowPosition: 13 currentAminoAcid: I =&gt; 28
  input in matrix: state: E currentWindowPosition: 14 currentAminoAcid: I =&gt; 21
  input in matrix: state: E currentWindowPosition: 15 currentAminoAcid: I =&gt; 28
  input in matrix: state: E currentWindowPosition: 16 currentAminoAcid: I =&gt; 19
Process line: K	32	30	36	33	34	38	31	23	0	15	19	26	28	26	21	40	24
 data line!
  input in matrix: state: E currentWindowPosition: 0 currentAminoAcid: K =&gt; 32
  input in matrix: state: E currentWindowPosition: 1 currentAminoAcid: K =&gt; 30
  input in matrix: state: E currentWindowPosition: 2 currentAminoAcid: K =&gt; 36
  input in matrix: state: E currentWindowPosition: 3 currentAminoAcid: K =&gt; 33
  input in matrix: state: E currentWindowPosition: 4 currentAminoAcid: K =&gt; 34
  input in matrix: state: E currentWindowPosition: 5 currentAminoAcid: K =&gt; 38
  input in matrix: state: E currentWindowPosition: 6 currentAminoAcid: K =&gt; 31
  input in matrix: state: E currentWindowPosition: 7 currentAminoAcid: K =&gt; 23
  input in matrix: state: E currentWindowPosition: 8 currentAminoAcid: K =&gt; 0
  input in matrix: state: E currentWindowPosition: 9 currentAminoAcid: K =&gt; 15
  input in matrix: state: E currentWindowPosition: 10 currentAminoAcid: K =&gt; 19
  input in matrix: state: E currentWindowPosition: 11 currentAminoAcid: K =&gt; 26
  input in matrix: state: E currentWindowPosition: 12 currentAminoAcid: K =&gt; 28
  input in matrix: state: E currentWindowPosition: 13 currentAminoAcid: K =&gt; 26
  input in matrix: state: E currentWindowPosition: 14 currentAminoAcid: K =&gt; 21
  input in matrix: state: E currentWindowPosition: 15 currentAminoAcid: K =&gt; 40
  input in matrix: state: E currentWindowPosition: 16 currentAminoAcid: K =&gt; 24
Process line: L	42	33	37	39	42	37	28	42	0	60	40	35	37	32	40	35	37
 data line!
  input in matrix: state: E currentWindowPosition: 0 currentAminoAcid: L =&gt; 42
  input in matrix: state: E currentWindowPosition: 1 currentAminoAcid: L =&gt; 33
  input in matrix: state: E currentWindowPosition: 2 currentAminoAcid: L =&gt; 37
  input in matrix: state: E currentWindowPosition: 3 currentAminoAcid: L =&gt; 39
  input in matrix: state: E currentWindowPosition: 4 currentAminoAcid: L =&gt; 42
  input in matrix: state: E currentWindowPosition: 5 currentAminoAcid: L =&gt; 37
  input in matrix: state: E currentWindowPosition: 6 currentAminoAcid: L =&gt; 28
  input in matrix: state: E currentWindowPosition: 7 currentAminoAcid: L =&gt; 42
  input in matrix: state: E currentWindowPosition: 8 currentAminoAcid: L =&gt; 0
  input in matrix: state: E currentWindowPosition: 9 currentAminoAcid: L =&gt; 60
  input in matrix: state: E currentWindowPosition: 10 currentAminoAcid: L =&gt; 40
  input in matrix: state: E currentWindowPosition: 11 currentAminoAcid: L =&gt; 35
  input in matrix: state: E currentWindowPosition: 12 currentAminoAcid: L =&gt; 37
  input in matrix: state: E currentWindowPosition: 13 currentAminoAcid: L =&gt; 32
  input in matrix: state: E currentWindowPosition: 14 currentAminoAcid: L =&gt; 40
  input in matrix: state: E currentWindowPosition: 15 currentAminoAcid: L =&gt; 35
  input in matrix: state: E currentWindowPosition: 16 currentAminoAcid: L =&gt; 37
Process line: M	7	9	4	9	8	12	5	15	0	11	10	7	8	10	9	13	7
 data line!
  input in matrix: state: E currentWindowPosition: 0 currentAminoAcid: M =&gt; 7
  input in matrix: state: E currentWindowPosition: 1 currentAminoAcid: M =&gt; 9
  input in matrix: state: E currentWindowPosition: 2 currentAminoAcid: M =&gt; 4
  input in matrix: state: E currentWindowPosition: 3 currentAminoAcid: M =&gt; 9
  input in matrix: state: E currentWindowPosition: 4 currentAminoAcid: M =&gt; 8
  input in matrix: state: E currentWindowPosition: 5 currentAminoAcid: M =&gt; 12
  input in matrix: state: E currentWindowPosition: 6 currentAminoAcid: M =&gt; 5
  input in matrix: state: E currentWindowPosition: 7 currentAminoAcid: M =&gt; 15
  input in matrix: state: E currentWindowPosition: 8 currentAminoAcid: M =&gt; 0
  input in matrix: state: E currentWindowPosition: 9 currentAminoAcid: M =&gt; 11
  input in matrix: state: E currentWindowPosition: 10 currentAminoAcid: M =&gt; 10
  input in matrix: state: E currentWindowPosition: 11 currentAminoAcid: M =&gt; 7
  input in matrix: state: E currentWindowPosition: 12 currentAminoAcid: M =&gt; 8
  input in matrix: state: E currentWindowPosition: 13 currentAminoAcid: M =&gt; 10
  input in matrix: state: E currentWindowPosition: 14 currentAminoAcid: M =&gt; 9
  input in matrix: state: E currentWindowPosition: 15 currentAminoAcid: M =&gt; 13
  input in matrix: state: E currentWindowPosition: 16 currentAminoAcid: M =&gt; 7
Process line: N	27	32	24	30	20	21	36	18	0	30	35	24	28	29	25	26	22
 data line!
  input in matrix: state: E currentWindowPosition: 0 currentAminoAcid: N =&gt; 27
  input in matrix: state: E currentWindowPosition: 1 currentAminoAcid: N =&gt; 32
  input in matrix: state: E currentWindowPosition: 2 currentAminoAcid: N =&gt; 24
  input in matrix: state: E currentWindowPosition: 3 currentAminoAcid: N =&gt; 30
  input in matrix: state: E currentWindowPosition: 4 currentAminoAcid: N =&gt; 20
  input in matrix: state: E currentWindowPosition: 5 currentAminoAcid: N =&gt; 21
  input in matrix: state: E currentWindowPosition: 6 currentAminoAcid: N =&gt; 36
  input in matrix: state: E currentWindowPosition: 7 currentAminoAcid: N =&gt; 18
  input in matrix: state: E currentWindowPosition: 8 currentAminoAcid: N =&gt; 0
  input in matrix: state: E currentWindowPosition: 9 currentAminoAcid: N =&gt; 30
  input in matrix: state: E currentWindowPosition: 10 currentAminoAcid: N =&gt; 35
  input in matrix: state: E currentWindowPosition: 11 currentAminoAcid: N =&gt; 24
  input in matrix: state: E currentWindowPosition: 12 currentAminoAcid: N =&gt; 28
  input in matrix: state: E currentWindowPosition: 13 currentAminoAcid: N =&gt; 29
  input in matrix: state: E currentWindowPosition: 14 currentAminoAcid: N =&gt; 25
  input in matrix: state: E currentWindowPosition: 15 currentAminoAcid: N =&gt; 26
  input in matrix: state: E currentWindowPosition: 16 currentAminoAcid: N =&gt; 22
Process line: P	31	26	23	24	26	20	22	21	0	16	20	20	28	20	20	22	25
 data line!
  input in matrix: state: E currentWindowPosition: 0 currentAminoAcid: P =&gt; 31
  input in matrix: state: E currentWindowPosition: 1 currentAminoAcid: P =&gt; 26
  input in matrix: state: E currentWindowPosition: 2 currentAminoAcid: P =&gt; 23
  input in matrix: state: E currentWindowPosition: 3 currentAminoAcid: P =&gt; 24
  input in matrix: state: E currentWindowPosition: 4 currentAminoAcid: P =&gt; 26
  input in matrix: state: E currentWindowPosition: 5 currentAminoAcid: P =&gt; 20
  input in matrix: state: E currentWindowPosition: 6 currentAminoAcid: P =&gt; 22
  input in matrix: state: E currentWindowPosition: 7 currentAminoAcid: P =&gt; 21
  input in matrix: state: E currentWindowPosition: 8 currentAminoAcid: P =&gt; 0
  input in matrix: state: E currentWindowPosition: 9 currentAminoAcid: P =&gt; 16
  input in matrix: state: E currentWindowPosition: 10 currentAminoAcid: P =&gt; 20
  input in matrix: state: E currentWindowPosition: 11 currentAminoAcid: P =&gt; 20
  input in matrix: state: E currentWindowPosition: 12 currentAminoAcid: P =&gt; 28
  input in matrix: state: E currentWindowPosition: 13 currentAminoAcid: P =&gt; 20
  input in matrix: state: E currentWindowPosition: 14 currentAminoAcid: P =&gt; 20
  input in matrix: state: E currentWindowPosition: 15 currentAminoAcid: P =&gt; 22
  input in matrix: state: E currentWindowPosition: 16 currentAminoAcid: P =&gt; 25
Process line: Q	16	25	20	17	11	11	18	12	507	10	17	7	14	15	25	20	17
 data line!
  input in matrix: state: E currentWindowPosition: 0 currentAminoAcid: Q =&gt; 16
  input in matrix: state: E currentWindowPosition: 1 currentAminoAcid: Q =&gt; 25
  input in matrix: state: E currentWindowPosition: 2 currentAminoAcid: Q =&gt; 20
  input in matrix: state: E currentWindowPosition: 3 currentAminoAcid: Q =&gt; 17
  input in matrix: state: E currentWindowPosition: 4 currentAminoAcid: Q =&gt; 11
  input in matrix: state: E currentWindowPosition: 5 currentAminoAcid: Q =&gt; 11
  input in matrix: state: E currentWindowPosition: 6 currentAminoAcid: Q =&gt; 18
  input in matrix: state: E currentWindowPosition: 7 currentAminoAcid: Q =&gt; 12
  input in matrix: state: E currentWindowPosition: 8 currentAminoAcid: Q =&gt; 507
  input in matrix: state: E currentWindowPosition: 9 currentAminoAcid: Q =&gt; 10
  input in matrix: state: E currentWindowPosition: 10 currentAminoAcid: Q =&gt; 17
  input in matrix: state: E currentWindowPosition: 11 currentAminoAcid: Q =&gt; 7
  input in matrix: state: E currentWindowPosition: 12 currentAminoAcid: Q =&gt; 14
  input in matrix: state: E currentWindowPosition: 13 currentAminoAcid: Q =&gt; 15
  input in matrix: state: E currentWindowPosition: 14 currentAminoAcid: Q =&gt; 25
  input in matrix: state: E currentWindowPosition: 15 currentAminoAcid: Q =&gt; 20
  input in matrix: state: E currentWindowPosition: 16 currentAminoAcid: Q =&gt; 17
Process line: R	24	18	24	24	25	19	23	22	0	12	18	24	17	20	19	17	21
 data line!
  input in matrix: state: E currentWindowPosition: 0 currentAminoAcid: R =&gt; 24
  input in matrix: state: E currentWindowPosition: 1 currentAminoAcid: R =&gt; 18
  input in matrix: state: E currentWindowPosition: 2 currentAminoAcid: R =&gt; 24
  input in matrix: state: E currentWindowPosition: 3 currentAminoAcid: R =&gt; 24
  input in matrix: state: E currentWindowPosition: 4 currentAminoAcid: R =&gt; 25
  input in matrix: state: E currentWindowPosition: 5 currentAminoAcid: R =&gt; 19
  input in matrix: state: E currentWindowPosition: 6 currentAminoAcid: R =&gt; 23
  input in matrix: state: E currentWindowPosition: 7 currentAminoAcid: R =&gt; 22
  input in matrix: state: E currentWindowPosition: 8 currentAminoAcid: R =&gt; 0
  input in matrix: state: E currentWindowPosition: 9 currentAminoAcid: R =&gt; 12
  input in matrix: state: E currentWindowPosition: 10 currentAminoAcid: R =&gt; 18
  input in matrix: state: E currentWindowPosition: 11 currentAminoAcid: R =&gt; 24
  input in matrix: state: E currentWindowPosition: 12 currentAminoAcid: R =&gt; 17
  input in matrix: state: E currentWindowPosition: 13 currentAminoAcid: R =&gt; 20
  input in matrix: state: E currentWindowPosition: 14 currentAminoAcid: R =&gt; 19
  input in matrix: state: E currentWindowPosition: 15 currentAminoAcid: R =&gt; 17
  input in matrix: state: E currentWindowPosition: 16 currentAminoAcid: R =&gt; 21
Process line: S	26	40	32	45	33	32	31	30	0	22	41	34	44	37	45	36	36
 data line!
  input in matrix: state: E currentWindowPosition: 0 currentAminoAcid: S =&gt; 26
  input in matrix: state: E currentWindowPosition: 1 currentAminoAcid: S =&gt; 40
  input in matrix: state: E currentWindowPosition: 2 currentAminoAcid: S =&gt; 32
  input in matrix: state: E currentWindowPosition: 3 currentAminoAcid: S =&gt; 45
  input in matrix: state: E currentWindowPosition: 4 currentAminoAcid: S =&gt; 33
  input in matrix: state: E currentWindowPosition: 5 currentAminoAcid: S =&gt; 32
  input in matrix: state: E currentWindowPosition: 6 currentAminoAcid: S =&gt; 31
  input in matrix: state: E currentWindowPosition: 7 currentAminoAcid: S =&gt; 30
  input in matrix: state: E currentWindowPosition: 8 currentAminoAcid: S =&gt; 0
  input in matrix: state: E currentWindowPosition: 9 currentAminoAcid: S =&gt; 22
  input in matrix: state: E currentWindowPosition: 10 currentAminoAcid: S =&gt; 41
  input in matrix: state: E currentWindowPosition: 11 currentAminoAcid: S =&gt; 34
  input in matrix: state: E currentWindowPosition: 12 currentAminoAcid: S =&gt; 44
  input in matrix: state: E currentWindowPosition: 13 currentAminoAcid: S =&gt; 37
  input in matrix: state: E currentWindowPosition: 14 currentAminoAcid: S =&gt; 45
  input in matrix: state: E currentWindowPosition: 15 currentAminoAcid: S =&gt; 36
  input in matrix: state: E currentWindowPosition: 16 currentAminoAcid: S =&gt; 36
Process line: T	29	30	33	26	28	35	45	29	0	28	41	36	43	37	36	29	43
 data line!
  input in matrix: state: E currentWindowPosition: 0 currentAminoAcid: T =&gt; 29
  input in matrix: state: E currentWindowPosition: 1 currentAminoAcid: T =&gt; 30
  input in matrix: state: E currentWindowPosition: 2 currentAminoAcid: T =&gt; 33
  input in matrix: state: E currentWindowPosition: 3 currentAminoAcid: T =&gt; 26
  input in matrix: state: E currentWindowPosition: 4 currentAminoAcid: T =&gt; 28
  input in matrix: state: E currentWindowPosition: 5 currentAminoAcid: T =&gt; 35
  input in matrix: state: E currentWindowPosition: 6 currentAminoAcid: T =&gt; 45
  input in matrix: state: E currentWindowPosition: 7 currentAminoAcid: T =&gt; 29
  input in matrix: state: E currentWindowPosition: 8 currentAminoAcid: T =&gt; 0
  input in matrix: state: E currentWindowPosition: 9 currentAminoAcid: T =&gt; 28
  input in matrix: state: E currentWindowPosition: 10 currentAminoAcid: T =&gt; 41
  input in matrix: state: E currentWindowPosition: 11 currentAminoAcid: T =&gt; 36
  input in matrix: state: E currentWindowPosition: 12 currentAminoAcid: T =&gt; 43
  input in matrix: state: E currentWindowPosition: 13 currentAminoAcid: T =&gt; 37
  input in matrix: state: E currentWindowPosition: 14 currentAminoAcid: T =&gt; 36
  input in matrix: state: E currentWindowPosition: 15 currentAminoAcid: T =&gt; 29
  input in matrix: state: E currentWindowPosition: 16 currentAminoAcid: T =&gt; 43
Process line: V	40	37	33	36	38	44	38	63	0	71	48	49	31	32	24	28	40
 data line!
  input in matrix: state: E currentWindowPosition: 0 currentAminoAcid: V =&gt; 40
  input in matrix: state: E currentWindowPosition: 1 currentAminoAcid: V =&gt; 37
  input in matrix: state: E currentWindowPosition: 2 currentAminoAcid: V =&gt; 33
  input in matrix: state: E currentWindowPosition: 3 currentAminoAcid: V =&gt; 36
  input in matrix: state: E currentWindowPosition: 4 currentAminoAcid: V =&gt; 38
  input in matrix: state: E currentWindowPosition: 5 currentAminoAcid: V =&gt; 44
  input in matrix: state: E currentWindowPosition: 6 currentAminoAcid: V =&gt; 38
  input in matrix: state: E currentWindowPosition: 7 currentAminoAcid: V =&gt; 63
  input in matrix: state: E currentWindowPosition: 8 currentAminoAcid: V =&gt; 0
  input in matrix: state: E currentWindowPosition: 9 currentAminoAcid: V =&gt; 71
  input in matrix: state: E currentWindowPosition: 10 currentAminoAcid: V =&gt; 48
  input in matrix: state: E currentWindowPosition: 11 currentAminoAcid: V =&gt; 49
  input in matrix: state: E currentWindowPosition: 12 currentAminoAcid: V =&gt; 31
  input in matrix: state: E currentWindowPosition: 13 currentAminoAcid: V =&gt; 32
  input in matrix: state: E currentWindowPosition: 14 currentAminoAcid: V =&gt; 24
  input in matrix: state: E currentWindowPosition: 15 currentAminoAcid: V =&gt; 28
  input in matrix: state: E currentWindowPosition: 16 currentAminoAcid: V =&gt; 40
Process line: W	6	9	13	6	9	10	8	10	0	8	10	7	5	10	9	6	11
 data line!
  input in matrix: state: E currentWindowPosition: 0 currentAminoAcid: W =&gt; 6
  input in matrix: state: E currentWindowPosition: 1 currentAminoAcid: W =&gt; 9
  input in matrix: state: E currentWindowPosition: 2 currentAminoAcid: W =&gt; 13
  input in matrix: state: E currentWindowPosition: 3 currentAminoAcid: W =&gt; 6
  input in matrix: state: E currentWindowPosition: 4 currentAminoAcid: W =&gt; 9
  input in matrix: state: E currentWindowPosition: 5 currentAminoAcid: W =&gt; 10
  input in matrix: state: E currentWindowPosition: 6 currentAminoAcid: W =&gt; 8
  input in matrix: state: E currentWindowPosition: 7 currentAminoAcid: W =&gt; 10
  input in matrix: state: E currentWindowPosition: 8 currentAminoAcid: W =&gt; 0
  input in matrix: state: E currentWindowPosition: 9 currentAminoAcid: W =&gt; 8
  input in matrix: state: E currentWindowPosition: 10 currentAminoAcid: W =&gt; 10
  input in matrix: state: E currentWindowPosition: 11 currentAminoAcid: W =&gt; 7
  input in matrix: state: E currentWindowPosition: 12 currentAminoAcid: W =&gt; 5
  input in matrix: state: E currentWindowPosition: 13 currentAminoAcid: W =&gt; 10
  input in matrix: state: E currentWindowPosition: 14 currentAminoAcid: W =&gt; 9
  input in matrix: state: E currentWindowPosition: 15 currentAminoAcid: W =&gt; 6
  input in matrix: state: E currentWindowPosition: 16 currentAminoAcid: W =&gt; 11
Process line: Y	14	19	15	18	14	26	23	26	0	20	23	21	16	16	15	28	17
 data line!
  input in matrix: state: E currentWindowPosition: 0 currentAminoAcid: Y =&gt; 14
  input in matrix: state: E currentWindowPosition: 1 currentAminoAcid: Y =&gt; 19
  input in matrix: state: E currentWindowPosition: 2 currentAminoAcid: Y =&gt; 15
  input in matrix: state: E currentWindowPosition: 3 currentAminoAcid: Y =&gt; 18
  input in matrix: state: E currentWindowPosition: 4 currentAminoAcid: Y =&gt; 14
  input in matrix: state: E currentWindowPosition: 5 currentAminoAcid: Y =&gt; 26
  input in matrix: state: E currentWindowPosition: 6 currentAminoAcid: Y =&gt; 23
  input in matrix: state: E currentWindowPosition: 7 currentAminoAcid: Y =&gt; 26
  input in matrix: state: E currentWindowPosition: 8 currentAminoAcid: Y =&gt; 0
  input in matrix: state: E currentWindowPosition: 9 currentAminoAcid: Y =&gt; 20
  input in matrix: state: E currentWindowPosition: 10 currentAminoAcid: Y =&gt; 23
  input in matrix: state: E currentWindowPosition: 11 currentAminoAcid: Y =&gt; 21
  input in matrix: state: E currentWindowPosition: 12 currentAminoAcid: Y =&gt; 16
  input in matrix: state: E currentWindowPosition: 13 currentAminoAcid: Y =&gt; 16
  input in matrix: state: E currentWindowPosition: 14 currentAminoAcid: Y =&gt; 15
  input in matrix: state: E currentWindowPosition: 15 currentAminoAcid: Y =&gt; 28
  input in matrix: state: E currentWindowPosition: 16 currentAminoAcid: Y =&gt; 17
Process line: 
 Skip line!
Process line: 
 Skip line!
Process line: =Q,H=
 state line! (now in state: H)
Process line: 
 Skip line!
Process line: A	115	148	123	137	123	137	128	153	0	176	160	133	141	150	126	137	130
 data line!
  input in matrix: state: H currentWindowPosition: 0 currentAminoAcid: A =&gt; 115
  input in matrix: state: H currentWindowPosition: 1 currentAminoAcid: A =&gt; 148
  input in matrix: state: H currentWindowPosition: 2 currentAminoAcid: A =&gt; 123
  input in matrix: state: H currentWindowPosition: 3 currentAminoAcid: A =&gt; 137
  input in matrix: state: H currentWindowPosition: 4 currentAminoAcid: A =&gt; 123
  input in matrix: state: H currentWindowPosition: 5 currentAminoAcid: A =&gt; 137
  input in matrix: state: H currentWindowPosition: 6 currentAminoAcid: A =&gt; 128
  input in matrix: state: H currentWindowPosition: 7 currentAminoAcid: A =&gt; 153
  input in matrix: state: H currentWindowPosition: 8 currentAminoAcid: A =&gt; 0
  input in matrix: state: H currentWindowPosition: 9 currentAminoAcid: A =&gt; 176
  input in matrix: state: H currentWindowPosition: 10 currentAminoAcid: A =&gt; 160
  input in matrix: state: H currentWindowPosition: 11 currentAminoAcid: A =&gt; 133
  input in matrix: state: H currentWindowPosition: 12 currentAminoAcid: A =&gt; 141
  input in matrix: state: H currentWindowPosition: 13 currentAminoAcid: A =&gt; 150
  input in matrix: state: H currentWindowPosition: 14 currentAminoAcid: A =&gt; 126
  input in matrix: state: H currentWindowPosition: 15 currentAminoAcid: A =&gt; 137
  input in matrix: state: H currentWindowPosition: 16 currentAminoAcid: A =&gt; 130
Process line: C	23	12	11	16	16	8	25	23	0	15	16	14	10	15	21	15	9
 data line!
  input in matrix: state: H currentWindowPosition: 0 currentAminoAcid: C =&gt; 23
  input in matrix: state: H currentWindowPosition: 1 currentAminoAcid: C =&gt; 12
  input in matrix: state: H currentWindowPosition: 2 currentAminoAcid: C =&gt; 11
  input in matrix: state: H currentWindowPosition: 3 currentAminoAcid: C =&gt; 16
  input in matrix: state: H currentWindowPosition: 4 currentAminoAcid: C =&gt; 16
  input in matrix: state: H currentWindowPosition: 5 currentAminoAcid: C =&gt; 8
  input in matrix: state: H currentWindowPosition: 6 currentAminoAcid: C =&gt; 25
  input in matrix: state: H currentWindowPosition: 7 currentAminoAcid: C =&gt; 23
  input in matrix: state: H currentWindowPosition: 8 currentAminoAcid: C =&gt; 0
  input in matrix: state: H currentWindowPosition: 9 currentAminoAcid: C =&gt; 15
  input in matrix: state: H currentWindowPosition: 10 currentAminoAcid: C =&gt; 16
  input in matrix: state: H currentWindowPosition: 11 currentAminoAcid: C =&gt; 14
  input in matrix: state: H currentWindowPosition: 12 currentAminoAcid: C =&gt; 10
  input in matrix: state: H currentWindowPosition: 13 currentAminoAcid: C =&gt; 15
  input in matrix: state: H currentWindowPosition: 14 currentAminoAcid: C =&gt; 21
  input in matrix: state: H currentWindowPosition: 15 currentAminoAcid: C =&gt; 15
  input in matrix: state: H currentWindowPosition: 16 currentAminoAcid: C =&gt; 9
Process line: D	89	79	78	92	104	83	71	59	0	53	45	70	97	57	66	68	72
 data line!
  input in matrix: state: H currentWindowPosition: 0 currentAminoAcid: D =&gt; 89
  input in matrix: state: H currentWindowPosition: 1 currentAminoAcid: D =&gt; 79
  input in matrix: state: H currentWindowPosition: 2 currentAminoAcid: D =&gt; 78
  input in matrix: state: H currentWindowPosition: 3 currentAminoAcid: D =&gt; 92
  input in matrix: state: H currentWindowPosition: 4 currentAminoAcid: D =&gt; 104
  input in matrix: state: H currentWindowPosition: 5 currentAminoAcid: D =&gt; 83
  input in matrix: state: H currentWindowPosition: 6 currentAminoAcid: D =&gt; 71
  input in matrix: state: H currentWindowPosition: 7 currentAminoAcid: D =&gt; 59
  input in matrix: state: H currentWindowPosition: 8 currentAminoAcid: D =&gt; 0
  input in matrix: state: H currentWindowPosition: 9 currentAminoAcid: D =&gt; 53
  input in matrix: state: H currentWindowPosition: 10 currentAminoAcid: D =&gt; 45
  input in matrix: state: H currentWindowPosition: 11 currentAminoAcid: D =&gt; 70
  input in matrix: state: H currentWindowPosition: 12 currentAminoAcid: D =&gt; 97
  input in matrix: state: H currentWindowPosition: 13 currentAminoAcid: D =&gt; 57
  input in matrix: state: H currentWindowPosition: 14 currentAminoAcid: D =&gt; 66
  input in matrix: state: H currentWindowPosition: 15 currentAminoAcid: D =&gt; 68
  input in matrix: state: H currentWindowPosition: 16 currentAminoAcid: D =&gt; 72
Process line: E	93	97	69	70	95	110	73	119	0	103	80	86	132	85	82	89	91
 data line!
  input in matrix: state: H currentWindowPosition: 0 currentAminoAcid: E =&gt; 93
  input in matrix: state: H currentWindowPosition: 1 currentAminoAcid: E =&gt; 97
  input in matrix: state: H currentWindowPosition: 2 currentAminoAcid: E =&gt; 69
  input in matrix: state: H currentWindowPosition: 3 currentAminoAcid: E =&gt; 70
  input in matrix: state: H currentWindowPosition: 4 currentAminoAcid: E =&gt; 95
  input in matrix: state: H currentWindowPosition: 5 currentAminoAcid: E =&gt; 110
  input in matrix: state: H currentWindowPosition: 6 currentAminoAcid: E =&gt; 73
  input in matrix: state: H currentWindowPosition: 7 currentAminoAcid: E =&gt; 119
  input in matrix: state: H currentWindowPosition: 8 currentAminoAcid: E =&gt; 0
  input in matrix: state: H currentWindowPosition: 9 currentAminoAcid: E =&gt; 103
  input in matrix: state: H currentWindowPosition: 10 currentAminoAcid: E =&gt; 80
  input in matrix: state: H currentWindowPosition: 11 currentAminoAcid: E =&gt; 86
  input in matrix: state: H currentWindowPosition: 12 currentAminoAcid: E =&gt; 132
  input in matrix: state: H currentWindowPosition: 13 currentAminoAcid: E =&gt; 85
  input in matrix: state: H currentWindowPosition: 14 currentAminoAcid: E =&gt; 82
  input in matrix: state: H currentWindowPosition: 15 currentAminoAcid: E =&gt; 89
  input in matrix: state: H currentWindowPosition: 16 currentAminoAcid: E =&gt; 91
Process line: F	52	50	58	51	44	42	69	38	0	39	40	48	45	57	62	36	53
 data line!
  input in matrix: state: H currentWindowPosition: 0 currentAminoAcid: F =&gt; 52
  input in matrix: state: H currentWindowPosition: 1 currentAminoAcid: F =&gt; 50
  input in matrix: state: H currentWindowPosition: 2 currentAminoAcid: F =&gt; 58
  input in matrix: state: H currentWindowPosition: 3 currentAminoAcid: F =&gt; 51
  input in matrix: state: H currentWindowPosition: 4 currentAminoAcid: F =&gt; 44
  input in matrix: state: H currentWindowPosition: 5 currentAminoAcid: F =&gt; 42
  input in matrix: state: H currentWindowPosition: 6 currentAminoAcid: F =&gt; 69
  input in matrix: state: H currentWindowPosition: 7 currentAminoAcid: F =&gt; 38
  input in matrix: state: H currentWindowPosition: 8 currentAminoAcid: F =&gt; 0
  input in matrix: state: H currentWindowPosition: 9 currentAminoAcid: F =&gt; 39
  input in matrix: state: H currentWindowPosition: 10 currentAminoAcid: F =&gt; 40
  input in matrix: state: H currentWindowPosition: 11 currentAminoAcid: F =&gt; 48
  input in matrix: state: H currentWindowPosition: 12 currentAminoAcid: F =&gt; 45
  input in matrix: state: H currentWindowPosition: 13 currentAminoAcid: F =&gt; 57
  input in matrix: state: H currentWindowPosition: 14 currentAminoAcid: F =&gt; 62
  input in matrix: state: H currentWindowPosition: 15 currentAminoAcid: F =&gt; 36
  input in matrix: state: H currentWindowPosition: 16 currentAminoAcid: F =&gt; 53
Process line: G	99	80	104	82	78	74	62	58	0	55	80	114	78	74	100	95	98
 data line!
  input in matrix: state: H currentWindowPosition: 0 currentAminoAcid: G =&gt; 99
  input in matrix: state: H currentWindowPosition: 1 currentAminoAcid: G =&gt; 80
  input in matrix: state: H currentWindowPosition: 2 currentAminoAcid: G =&gt; 104
  input in matrix: state: H currentWindowPosition: 3 currentAminoAcid: G =&gt; 82
  input in matrix: state: H currentWindowPosition: 4 currentAminoAcid: G =&gt; 78
  input in matrix: state: H currentWindowPosition: 5 currentAminoAcid: G =&gt; 74
  input in matrix: state: H currentWindowPosition: 6 currentAminoAcid: G =&gt; 62
  input in matrix: state: H currentWindowPosition: 7 currentAminoAcid: G =&gt; 58
  input in matrix: state: H currentWindowPosition: 8 currentAminoAcid: G =&gt; 0
  input in matrix: state: H currentWindowPosition: 9 currentAminoAcid: G =&gt; 55
  input in matrix: state: H currentWindowPosition: 10 currentAminoAcid: G =&gt; 80
  input in matrix: state: H currentWindowPosition: 11 currentAminoAcid: G =&gt; 114
  input in matrix: state: H currentWindowPosition: 12 currentAminoAcid: G =&gt; 78
  input in matrix: state: H currentWindowPosition: 13 currentAminoAcid: G =&gt; 74
  input in matrix: state: H currentWindowPosition: 14 currentAminoAcid: G =&gt; 100
  input in matrix: state: H currentWindowPosition: 15 currentAminoAcid: G =&gt; 95
  input in matrix: state: H currentWindowPosition: 16 currentAminoAcid: G =&gt; 98
Process line: H	26	26	29	25	23	17	26	17	0	34	26	20	27	28	17	22	29
 data line!
  input in matrix: state: H currentWindowPosition: 0 currentAminoAcid: H =&gt; 26
  input in matrix: state: H currentWindowPosition: 1 currentAminoAcid: H =&gt; 26
  input in matrix: state: H currentWindowPosition: 2 currentAminoAcid: H =&gt; 29
  input in matrix: state: H currentWindowPosition: 3 currentAminoAcid: H =&gt; 25
  input in matrix: state: H currentWindowPosition: 4 currentAminoAcid: H =&gt; 23
  input in matrix: state: H currentWindowPosition: 5 currentAminoAcid: H =&gt; 17
  input in matrix: state: H currentWindowPosition: 6 currentAminoAcid: H =&gt; 26
  input in matrix: state: H currentWindowPosition: 7 currentAminoAcid: H =&gt; 17
  input in matrix: state: H currentWindowPosition: 8 currentAminoAcid: H =&gt; 0
  input in matrix: state: H currentWindowPosition: 9 currentAminoAcid: H =&gt; 34
  input in matrix: state: H currentWindowPosition: 10 currentAminoAcid: H =&gt; 26
  input in matrix: state: H currentWindowPosition: 11 currentAminoAcid: H =&gt; 20
  input in matrix: state: H currentWindowPosition: 12 currentAminoAcid: H =&gt; 27
  input in matrix: state: H currentWindowPosition: 13 currentAminoAcid: H =&gt; 28
  input in matrix: state: H currentWindowPosition: 14 currentAminoAcid: H =&gt; 17
  input in matrix: state: H currentWindowPosition: 15 currentAminoAcid: H =&gt; 22
  input in matrix: state: H currentWindowPosition: 16 currentAminoAcid: H =&gt; 29
Process line: I	80	80	70	82	55	56	83	68	0	70	88	82	59	70	82	83	68
 data line!
  input in matrix: state: H currentWindowPosition: 0 currentAminoAcid: I =&gt; 80
  input in matrix: state: H currentWindowPosition: 1 currentAminoAcid: I =&gt; 80
  input in matrix: state: H currentWindowPosition: 2 currentAminoAcid: I =&gt; 70
  input in matrix: state: H currentWindowPosition: 3 currentAminoAcid: I =&gt; 82
  input in matrix: state: H currentWindowPosition: 4 currentAminoAcid: I =&gt; 55
  input in matrix: state: H currentWindowPosition: 5 currentAminoAcid: I =&gt; 56
  input in matrix: state: H currentWindowPosition: 6 currentAminoAcid: I =&gt; 83
  input in matrix: state: H currentWindowPosition: 7 currentAminoAcid: I =&gt; 68
  input in matrix: state: H currentWindowPosition: 8 currentAminoAcid: I =&gt; 0
  input in matrix: state: H currentWindowPosition: 9 currentAminoAcid: I =&gt; 70
  input in matrix: state: H currentWindowPosition: 10 currentAminoAcid: I =&gt; 88
  input in matrix: state: H currentWindowPosition: 11 currentAminoAcid: I =&gt; 82
  input in matrix: state: H currentWindowPosition: 12 currentAminoAcid: I =&gt; 59
  input in matrix: state: H currentWindowPosition: 13 currentAminoAcid: I =&gt; 70
  input in matrix: state: H currentWindowPosition: 14 currentAminoAcid: I =&gt; 82
  input in matrix: state: H currentWindowPosition: 15 currentAminoAcid: I =&gt; 83
  input in matrix: state: H currentWindowPosition: 16 currentAminoAcid: I =&gt; 68
Process line: K	76	63	72	80	76	78	59	69	0	82	79	93	99	82	73	93	91
 data line!
  input in matrix: state: H currentWindowPosition: 0 currentAminoAcid: K =&gt; 76
  input in matrix: state: H currentWindowPosition: 1 currentAminoAcid: K =&gt; 63
  input in matrix: state: H currentWindowPosition: 2 currentAminoAcid: K =&gt; 72
  input in matrix: state: H currentWindowPosition: 3 currentAminoAcid: K =&gt; 80
  input in matrix: state: H currentWindowPosition: 4 currentAminoAcid: K =&gt; 76
  input in matrix: state: H currentWindowPosition: 5 currentAminoAcid: K =&gt; 78
  input in matrix: state: H currentWindowPosition: 6 currentAminoAcid: K =&gt; 59
  input in matrix: state: H currentWindowPosition: 7 currentAminoAcid: K =&gt; 69
  input in matrix: state: H currentWindowPosition: 8 currentAminoAcid: K =&gt; 0
  input in matrix: state: H currentWindowPosition: 9 currentAminoAcid: K =&gt; 82
  input in matrix: state: H currentWindowPosition: 10 currentAminoAcid: K =&gt; 79
  input in matrix: state: H currentWindowPosition: 11 currentAminoAcid: K =&gt; 93
  input in matrix: state: H currentWindowPosition: 12 currentAminoAcid: K =&gt; 99
  input in matrix: state: H currentWindowPosition: 13 currentAminoAcid: K =&gt; 82
  input in matrix: state: H currentWindowPosition: 14 currentAminoAcid: K =&gt; 73
  input in matrix: state: H currentWindowPosition: 15 currentAminoAcid: K =&gt; 93
  input in matrix: state: H currentWindowPosition: 16 currentAminoAcid: K =&gt; 91
Process line: L	111	119	117	131	118	127	172	146	0	154	191	175	111	168	147	111	145
 data line!
  input in matrix: state: H currentWindowPosition: 0 currentAminoAcid: L =&gt; 111
  input in matrix: state: H currentWindowPosition: 1 currentAminoAcid: L =&gt; 119
  input in matrix: state: H currentWindowPosition: 2 currentAminoAcid: L =&gt; 117
  input in matrix: state: H currentWindowPosition: 3 currentAminoAcid: L =&gt; 131
  input in matrix: state: H currentWindowPosition: 4 currentAminoAcid: L =&gt; 118
  input in matrix: state: H currentWindowPosition: 5 currentAminoAcid: L =&gt; 127
  input in matrix: state: H currentWindowPosition: 6 currentAminoAcid: L =&gt; 172
  input in matrix: state: H currentWindowPosition: 7 currentAminoAcid: L =&gt; 146
  input in matrix: state: H currentWindowPosition: 8 currentAminoAcid: L =&gt; 0
  input in matrix: state: H currentWindowPosition: 9 currentAminoAcid: L =&gt; 154
  input in matrix: state: H currentWindowPosition: 10 currentAminoAcid: L =&gt; 191
  input in matrix: state: H currentWindowPosition: 11 currentAminoAcid: L =&gt; 175
  input in matrix: state: H currentWindowPosition: 12 currentAminoAcid: L =&gt; 111
  input in matrix: state: H currentWindowPosition: 13 currentAminoAcid: L =&gt; 168
  input in matrix: state: H currentWindowPosition: 14 currentAminoAcid: L =&gt; 147
  input in matrix: state: H currentWindowPosition: 15 currentAminoAcid: L =&gt; 111
  input in matrix: state: H currentWindowPosition: 16 currentAminoAcid: L =&gt; 145
Process line: M	28	24	27	25	28	24	50	33	0	41	52	24	21	35	34	46	26
 data line!
  input in matrix: state: H currentWindowPosition: 0 currentAminoAcid: M =&gt; 28
  input in matrix: state: H currentWindowPosition: 1 currentAminoAcid: M =&gt; 24
  input in matrix: state: H currentWindowPosition: 2 currentAminoAcid: M =&gt; 27
  input in matrix: state: H currentWindowPosition: 3 currentAminoAcid: M =&gt; 25
  input in matrix: state: H currentWindowPosition: 4 currentAminoAcid: M =&gt; 28
  input in matrix: state: H currentWindowPosition: 5 currentAminoAcid: M =&gt; 24
  input in matrix: state: H currentWindowPosition: 6 currentAminoAcid: M =&gt; 50
  input in matrix: state: H currentWindowPosition: 7 currentAminoAcid: M =&gt; 33
  input in matrix: state: H currentWindowPosition: 8 currentAminoAcid: M =&gt; 0
  input in matrix: state: H currentWindowPosition: 9 currentAminoAcid: M =&gt; 41
  input in matrix: state: H currentWindowPosition: 10 currentAminoAcid: M =&gt; 52
  input in matrix: state: H currentWindowPosition: 11 currentAminoAcid: M =&gt; 24
  input in matrix: state: H currentWindowPosition: 12 currentAminoAcid: M =&gt; 21
  input in matrix: state: H currentWindowPosition: 13 currentAminoAcid: M =&gt; 35
  input in matrix: state: H currentWindowPosition: 14 currentAminoAcid: M =&gt; 34
  input in matrix: state: H currentWindowPosition: 15 currentAminoAcid: M =&gt; 46
  input in matrix: state: H currentWindowPosition: 16 currentAminoAcid: M =&gt; 26
Process line: N	62	64	49	54	59	59	38	47	0	44	45	52	76	56	46	66	63
 data line!
  input in matrix: state: H currentWindowPosition: 0 currentAminoAcid: N =&gt; 62
  input in matrix: state: H currentWindowPosition: 1 currentAminoAcid: N =&gt; 64
  input in matrix: state: H currentWindowPosition: 2 currentAminoAcid: N =&gt; 49
  input in matrix: state: H currentWindowPosition: 3 currentAminoAcid: N =&gt; 54
  input in matrix: state: H currentWindowPosition: 4 currentAminoAcid: N =&gt; 59
  input in matrix: state: H currentWindowPosition: 5 currentAminoAcid: N =&gt; 59
  input in matrix: state: H currentWindowPosition: 6 currentAminoAcid: N =&gt; 38
  input in matrix: state: H currentWindowPosition: 7 currentAminoAcid: N =&gt; 47
  input in matrix: state: H currentWindowPosition: 8 currentAminoAcid: N =&gt; 0
  input in matrix: state: H currentWindowPosition: 9 currentAminoAcid: N =&gt; 44
  input in matrix: state: H currentWindowPosition: 10 currentAminoAcid: N =&gt; 45
  input in matrix: state: H currentWindowPosition: 11 currentAminoAcid: N =&gt; 52
  input in matrix: state: H currentWindowPosition: 12 currentAminoAcid: N =&gt; 76
  input in matrix: state: H currentWindowPosition: 13 currentAminoAcid: N =&gt; 56
  input in matrix: state: H currentWindowPosition: 14 currentAminoAcid: N =&gt; 46
  input in matrix: state: H currentWindowPosition: 15 currentAminoAcid: N =&gt; 66
  input in matrix: state: H currentWindowPosition: 16 currentAminoAcid: N =&gt; 63
Process line: P	60	64	53	51	56	58	48	47	0	8	15	28	45	46	45	46	47
 data line!
  input in matrix: state: H currentWindowPosition: 0 currentAminoAcid: P =&gt; 60
  input in matrix: state: H currentWindowPosition: 1 currentAminoAcid: P =&gt; 64
  input in matrix: state: H currentWindowPosition: 2 currentAminoAcid: P =&gt; 53
  input in matrix: state: H currentWindowPosition: 3 currentAminoAcid: P =&gt; 51
  input in matrix: state: H currentWindowPosition: 4 currentAminoAcid: P =&gt; 56
  input in matrix: state: H currentWindowPosition: 5 currentAminoAcid: P =&gt; 58
  input in matrix: state: H currentWindowPosition: 6 currentAminoAcid: P =&gt; 48
  input in matrix: state: H currentWindowPosition: 7 currentAminoAcid: P =&gt; 47
  input in matrix: state: H currentWindowPosition: 8 currentAminoAcid: P =&gt; 0
  input in matrix: state: H currentWindowPosition: 9 currentAminoAcid: P =&gt; 8
  input in matrix: state: H currentWindowPosition: 10 currentAminoAcid: P =&gt; 15
  input in matrix: state: H currentWindowPosition: 11 currentAminoAcid: P =&gt; 28
  input in matrix: state: H currentWindowPosition: 12 currentAminoAcid: P =&gt; 45
  input in matrix: state: H currentWindowPosition: 13 currentAminoAcid: P =&gt; 46
  input in matrix: state: H currentWindowPosition: 14 currentAminoAcid: P =&gt; 45
  input in matrix: state: H currentWindowPosition: 15 currentAminoAcid: P =&gt; 46
  input in matrix: state: H currentWindowPosition: 16 currentAminoAcid: P =&gt; 47
Process line: Q	38	74	59	52	60	61	52	70	1319	76	55	65	63	55	45	76	51
 data line!
  input in matrix: state: H currentWindowPosition: 0 currentAminoAcid: Q =&gt; 38
  input in matrix: state: H currentWindowPosition: 1 currentAminoAcid: Q =&gt; 74
  input in matrix: state: H currentWindowPosition: 2 currentAminoAcid: Q =&gt; 59
  input in matrix: state: H currentWindowPosition: 3 currentAminoAcid: Q =&gt; 52
  input in matrix: state: H currentWindowPosition: 4 currentAminoAcid: Q =&gt; 60
  input in matrix: state: H currentWindowPosition: 5 currentAminoAcid: Q =&gt; 61
  input in matrix: state: H currentWindowPosition: 6 currentAminoAcid: Q =&gt; 52
  input in matrix: state: H currentWindowPosition: 7 currentAminoAcid: Q =&gt; 70
  input in matrix: state: H currentWindowPosition: 8 currentAminoAcid: Q =&gt; 1319
  input in matrix: state: H currentWindowPosition: 9 currentAminoAcid: Q =&gt; 76
  input in matrix: state: H currentWindowPosition: 10 currentAminoAcid: Q =&gt; 55
  input in matrix: state: H currentWindowPosition: 11 currentAminoAcid: Q =&gt; 65
  input in matrix: state: H currentWindowPosition: 12 currentAminoAcid: Q =&gt; 63
  input in matrix: state: H currentWindowPosition: 13 currentAminoAcid: Q =&gt; 55
  input in matrix: state: H currentWindowPosition: 14 currentAminoAcid: Q =&gt; 45
  input in matrix: state: H currentWindowPosition: 15 currentAminoAcid: Q =&gt; 76
  input in matrix: state: H currentWindowPosition: 16 currentAminoAcid: Q =&gt; 51
Process line: R	68	60	61	51	73	71	64	74	0	74	77	79	70	59	68	78	65
 data line!
  input in matrix: state: H currentWindowPosition: 0 currentAminoAcid: R =&gt; 68
  input in matrix: state: H currentWindowPosition: 1 currentAminoAcid: R =&gt; 60
  input in matrix: state: H currentWindowPosition: 2 currentAminoAcid: R =&gt; 61
  input in matrix: state: H currentWindowPosition: 3 currentAminoAcid: R =&gt; 51
  input in matrix: state: H currentWindowPosition: 4 currentAminoAcid: R =&gt; 73
  input in matrix: state: H currentWindowPosition: 5 currentAminoAcid: R =&gt; 71
  input in matrix: state: H currentWindowPosition: 6 currentAminoAcid: R =&gt; 64
  input in matrix: state: H currentWindowPosition: 7 currentAminoAcid: R =&gt; 74
  input in matrix: state: H currentWindowPosition: 8 currentAminoAcid: R =&gt; 0
  input in matrix: state: H currentWindowPosition: 9 currentAminoAcid: R =&gt; 74
  input in matrix: state: H currentWindowPosition: 10 currentAminoAcid: R =&gt; 77
  input in matrix: state: H currentWindowPosition: 11 currentAminoAcid: R =&gt; 79
  input in matrix: state: H currentWindowPosition: 12 currentAminoAcid: R =&gt; 70
  input in matrix: state: H currentWindowPosition: 13 currentAminoAcid: R =&gt; 59
  input in matrix: state: H currentWindowPosition: 14 currentAminoAcid: R =&gt; 68
  input in matrix: state: H currentWindowPosition: 15 currentAminoAcid: R =&gt; 78
  input in matrix: state: H currentWindowPosition: 16 currentAminoAcid: R =&gt; 65
Process line: S	70	93	99	77	94	87	70	83	0	68	63	67	69	63	73	68	85
 data line!
  input in matrix: state: H currentWindowPosition: 0 currentAminoAcid: S =&gt; 70
  input in matrix: state: H currentWindowPosition: 1 currentAminoAcid: S =&gt; 93
  input in matrix: state: H currentWindowPosition: 2 currentAminoAcid: S =&gt; 99
  input in matrix: state: H currentWindowPosition: 3 currentAminoAcid: S =&gt; 77
  input in matrix: state: H currentWindowPosition: 4 currentAminoAcid: S =&gt; 94
  input in matrix: state: H currentWindowPosition: 5 currentAminoAcid: S =&gt; 87
  input in matrix: state: H currentWindowPosition: 6 currentAminoAcid: S =&gt; 70
  input in matrix: state: H currentWindowPosition: 7 currentAminoAcid: S =&gt; 83
  input in matrix: state: H currentWindowPosition: 8 currentAminoAcid: S =&gt; 0
  input in matrix: state: H currentWindowPosition: 9 currentAminoAcid: S =&gt; 68
  input in matrix: state: H currentWindowPosition: 10 currentAminoAcid: S =&gt; 63
  input in matrix: state: H currentWindowPosition: 11 currentAminoAcid: S =&gt; 67
  input in matrix: state: H currentWindowPosition: 12 currentAminoAcid: S =&gt; 69
  input in matrix: state: H currentWindowPosition: 13 currentAminoAcid: S =&gt; 63
  input in matrix: state: H currentWindowPosition: 14 currentAminoAcid: S =&gt; 73
  input in matrix: state: H currentWindowPosition: 15 currentAminoAcid: S =&gt; 68
  input in matrix: state: H currentWindowPosition: 16 currentAminoAcid: S =&gt; 85
Process line: T	71	69	93	82	72	99	76	65	0	66	49	55	74	77	59	63	60
 data line!
  input in matrix: state: H currentWindowPosition: 0 currentAminoAcid: T =&gt; 71
  input in matrix: state: H currentWindowPosition: 1 currentAminoAcid: T =&gt; 69
  input in matrix: state: H currentWindowPosition: 2 currentAminoAcid: T =&gt; 93
  input in matrix: state: H currentWindowPosition: 3 currentAminoAcid: T =&gt; 82
  input in matrix: state: H currentWindowPosition: 4 currentAminoAcid: T =&gt; 72
  input in matrix: state: H currentWindowPosition: 5 currentAminoAcid: T =&gt; 99
  input in matrix: state: H currentWindowPosition: 6 currentAminoAcid: T =&gt; 76
  input in matrix: state: H currentWindowPosition: 7 currentAminoAcid: T =&gt; 65
  input in matrix: state: H currentWindowPosition: 8 currentAminoAcid: T =&gt; 0
  input in matrix: state: H currentWindowPosition: 9 currentAminoAcid: T =&gt; 66
  input in matrix: state: H currentWindowPosition: 10 currentAminoAcid: T =&gt; 49
  input in matrix: state: H currentWindowPosition: 11 currentAminoAcid: T =&gt; 55
  input in matrix: state: H currentWindowPosition: 12 currentAminoAcid: T =&gt; 74
  input in matrix: state: H currentWindowPosition: 13 currentAminoAcid: T =&gt; 77
  input in matrix: state: H currentWindowPosition: 14 currentAminoAcid: T =&gt; 59
  input in matrix: state: H currentWindowPosition: 15 currentAminoAcid: T =&gt; 63
  input in matrix: state: H currentWindowPosition: 16 currentAminoAcid: T =&gt; 60
Process line: V	95	59	80	93	73	64	83	79	0	89	94	64	53	78	108	75	76
 data line!
  input in matrix: state: H currentWindowPosition: 0 currentAminoAcid: V =&gt; 95
  input in matrix: state: H currentWindowPosition: 1 currentAminoAcid: V =&gt; 59
  input in matrix: state: H currentWindowPosition: 2 currentAminoAcid: V =&gt; 80
  input in matrix: state: H currentWindowPosition: 3 currentAminoAcid: V =&gt; 93
  input in matrix: state: H currentWindowPosition: 4 currentAminoAcid: V =&gt; 73
  input in matrix: state: H currentWindowPosition: 5 currentAminoAcid: V =&gt; 64
  input in matrix: state: H currentWindowPosition: 6 currentAminoAcid: V =&gt; 83
  input in matrix: state: H currentWindowPosition: 7 currentAminoAcid: V =&gt; 79
  input in matrix: state: H currentWindowPosition: 8 currentAminoAcid: V =&gt; 0
  input in matrix: state: H currentWindowPosition: 9 currentAminoAcid: V =&gt; 89
  input in matrix: state: H currentWindowPosition: 10 currentAminoAcid: V =&gt; 94
  input in matrix: state: H currentWindowPosition: 11 currentAminoAcid: V =&gt; 64
  input in matrix: state: H currentWindowPosition: 12 currentAminoAcid: V =&gt; 53
  input in matrix: state: H currentWindowPosition: 13 currentAminoAcid: V =&gt; 78
  input in matrix: state: H currentWindowPosition: 14 currentAminoAcid: V =&gt; 108
  input in matrix: state: H currentWindowPosition: 15 currentAminoAcid: V =&gt; 75
  input in matrix: state: H currentWindowPosition: 16 currentAminoAcid: V =&gt; 76
Process line: W	22	17	26	15	23	15	21	23	0	23	21	19	16	16	16	21	14
 data line!
  input in matrix: state: H currentWindowPosition: 0 currentAminoAcid: W =&gt; 22
  input in matrix: state: H currentWindowPosition: 1 currentAminoAcid: W =&gt; 17
  input in matrix: state: H currentWindowPosition: 2 currentAminoAcid: W =&gt; 26
  input in matrix: state: H currentWindowPosition: 3 currentAminoAcid: W =&gt; 15
  input in matrix: state: H currentWindowPosition: 4 currentAminoAcid: W =&gt; 23
  input in matrix: state: H currentWindowPosition: 5 currentAminoAcid: W =&gt; 15
  input in matrix: state: H currentWindowPosition: 6 currentAminoAcid: W =&gt; 21
  input in matrix: state: H currentWindowPosition: 7 currentAminoAcid: W =&gt; 23
  input in matrix: state: H currentWindowPosition: 8 currentAminoAcid: W =&gt; 0
  input in matrix: state: H currentWindowPosition: 9 currentAminoAcid: W =&gt; 23
  input in matrix: state: H currentWindowPosition: 10 currentAminoAcid: W =&gt; 21
  input in matrix: state: H currentWindowPosition: 11 currentAminoAcid: W =&gt; 19
  input in matrix: state: H currentWindowPosition: 12 currentAminoAcid: W =&gt; 16
  input in matrix: state: H currentWindowPosition: 13 currentAminoAcid: W =&gt; 16
  input in matrix: state: H currentWindowPosition: 14 currentAminoAcid: W =&gt; 16
  input in matrix: state: H currentWindowPosition: 15 currentAminoAcid: W =&gt; 21
  input in matrix: state: H currentWindowPosition: 16 currentAminoAcid: W =&gt; 14
Process line: Y	41	41	41	53	49	49	49	48	0	49	43	31	33	48	49	31	46
 data line!
  input in matrix: state: H currentWindowPosition: 0 currentAminoAcid: Y =&gt; 41
  input in matrix: state: H currentWindowPosition: 1 currentAminoAcid: Y =&gt; 41
  input in matrix: state: H currentWindowPosition: 2 currentAminoAcid: Y =&gt; 41
  input in matrix: state: H currentWindowPosition: 3 currentAminoAcid: Y =&gt; 53
  input in matrix: state: H currentWindowPosition: 4 currentAminoAcid: Y =&gt; 49
  input in matrix: state: H currentWindowPosition: 5 currentAminoAcid: Y =&gt; 49
  input in matrix: state: H currentWindowPosition: 6 currentAminoAcid: Y =&gt; 49
  input in matrix: state: H currentWindowPosition: 7 currentAminoAcid: Y =&gt; 48
  input in matrix: state: H currentWindowPosition: 8 currentAminoAcid: Y =&gt; 0
  input in matrix: state: H currentWindowPosition: 9 currentAminoAcid: Y =&gt; 49
  input in matrix: state: H currentWindowPosition: 10 currentAminoAcid: Y =&gt; 43
  input in matrix: state: H currentWindowPosition: 11 currentAminoAcid: Y =&gt; 31
  input in matrix: state: H currentWindowPosition: 12 currentAminoAcid: Y =&gt; 33
  input in matrix: state: H currentWindowPosition: 13 currentAminoAcid: Y =&gt; 48
  input in matrix: state: H currentWindowPosition: 14 currentAminoAcid: Y =&gt; 49
  input in matrix: state: H currentWindowPosition: 15 currentAminoAcid: Y =&gt; 31
  input in matrix: state: H currentWindowPosition: 16 currentAminoAcid: Y =&gt; 46
Process line: 
 Skip line!
Process line: 
 Skip line!
Process line: =R,C=
 state line! (now in state: C)
Process line: 
 Skip line!
Process line: A	132	96	107	92	99	94	88	82	0	84	87	90	101	80	101	87	111
 data line!
  input in matrix: state: C currentWindowPosition: 0 currentAminoAcid: A =&gt; 132
  input in matrix: state: C currentWindowPosition: 1 currentAminoAcid: A =&gt; 96
  input in matrix: state: C currentWindowPosition: 2 currentAminoAcid: A =&gt; 107
  input in matrix: state: C currentWindowPosition: 3 currentAminoAcid: A =&gt; 92
  input in matrix: state: C currentWindowPosition: 4 currentAminoAcid: A =&gt; 99
  input in matrix: state: C currentWindowPosition: 5 currentAminoAcid: A =&gt; 94
  input in matrix: state: C currentWindowPosition: 6 currentAminoAcid: A =&gt; 88
  input in matrix: state: C currentWindowPosition: 7 currentAminoAcid: A =&gt; 82
  input in matrix: state: C currentWindowPosition: 8 currentAminoAcid: A =&gt; 0
  input in matrix: state: C currentWindowPosition: 9 currentAminoAcid: A =&gt; 84
  input in matrix: state: C currentWindowPosition: 10 currentAminoAcid: A =&gt; 87
  input in matrix: state: C currentWindowPosition: 11 currentAminoAcid: A =&gt; 90
  input in matrix: state: C currentWindowPosition: 12 currentAminoAcid: A =&gt; 101
  input in matrix: state: C currentWindowPosition: 13 currentAminoAcid: A =&gt; 80
  input in matrix: state: C currentWindowPosition: 14 currentAminoAcid: A =&gt; 101
  input in matrix: state: C currentWindowPosition: 15 currentAminoAcid: A =&gt; 87
  input in matrix: state: C currentWindowPosition: 16 currentAminoAcid: A =&gt; 111
Process line: C	17	26	25	25	22	17	19	24	0	24	15	22	30	27	16	32	22
 data line!
  input in matrix: state: C currentWindowPosition: 0 currentAminoAcid: C =&gt; 17
  input in matrix: state: C currentWindowPosition: 1 currentAminoAcid: C =&gt; 26
  input in matrix: state: C currentWindowPosition: 2 currentAminoAcid: C =&gt; 25
  input in matrix: state: C currentWindowPosition: 3 currentAminoAcid: C =&gt; 25
  input in matrix: state: C currentWindowPosition: 4 currentAminoAcid: C =&gt; 22
  input in matrix: state: C currentWindowPosition: 5 currentAminoAcid: C =&gt; 17
  input in matrix: state: C currentWindowPosition: 6 currentAminoAcid: C =&gt; 19
  input in matrix: state: C currentWindowPosition: 7 currentAminoAcid: C =&gt; 24
  input in matrix: state: C currentWindowPosition: 8 currentAminoAcid: C =&gt; 0
  input in matrix: state: C currentWindowPosition: 9 currentAminoAcid: C =&gt; 24
  input in matrix: state: C currentWindowPosition: 10 currentAminoAcid: C =&gt; 15
  input in matrix: state: C currentWindowPosition: 11 currentAminoAcid: C =&gt; 22
  input in matrix: state: C currentWindowPosition: 12 currentAminoAcid: C =&gt; 30
  input in matrix: state: C currentWindowPosition: 13 currentAminoAcid: C =&gt; 27
  input in matrix: state: C currentWindowPosition: 14 currentAminoAcid: C =&gt; 16
  input in matrix: state: C currentWindowPosition: 15 currentAminoAcid: C =&gt; 32
  input in matrix: state: C currentWindowPosition: 16 currentAminoAcid: C =&gt; 22
Process line: D	72	73	60	79	65	74	107	79	0	97	91	88	67	84	92	70	92
 data line!
  input in matrix: state: C currentWindowPosition: 0 currentAminoAcid: D =&gt; 72
  input in matrix: state: C currentWindowPosition: 1 currentAminoAcid: D =&gt; 73
  input in matrix: state: C currentWindowPosition: 2 currentAminoAcid: D =&gt; 60
  input in matrix: state: C currentWindowPosition: 3 currentAminoAcid: D =&gt; 79
  input in matrix: state: C currentWindowPosition: 4 currentAminoAcid: D =&gt; 65
  input in matrix: state: C currentWindowPosition: 5 currentAminoAcid: D =&gt; 74
  input in matrix: state: C currentWindowPosition: 6 currentAminoAcid: D =&gt; 107
  input in matrix: state: C currentWindowPosition: 7 currentAminoAcid: D =&gt; 79
  input in matrix: state: C currentWindowPosition: 8 currentAminoAcid: D =&gt; 0
  input in matrix: state: C currentWindowPosition: 9 currentAminoAcid: D =&gt; 97
  input in matrix: state: C currentWindowPosition: 10 currentAminoAcid: D =&gt; 91
  input in matrix: state: C currentWindowPosition: 11 currentAminoAcid: D =&gt; 88
  input in matrix: state: C currentWindowPosition: 12 currentAminoAcid: D =&gt; 67
  input in matrix: state: C currentWindowPosition: 13 currentAminoAcid: D =&gt; 84
  input in matrix: state: C currentWindowPosition: 14 currentAminoAcid: D =&gt; 92
  input in matrix: state: C currentWindowPosition: 15 currentAminoAcid: D =&gt; 70
  input in matrix: state: C currentWindowPosition: 16 currentAminoAcid: D =&gt; 92
Process line: E	76	66	83	83	80	67	67	85	0	64	53	84	65	66	71	73	75
 data line!
  input in matrix: state: C currentWindowPosition: 0 currentAminoAcid: E =&gt; 76
  input in matrix: state: C currentWindowPosition: 1 currentAminoAcid: E =&gt; 66
  input in matrix: state: C currentWindowPosition: 2 currentAminoAcid: E =&gt; 83
  input in matrix: state: C currentWindowPosition: 3 currentAminoAcid: E =&gt; 83
  input in matrix: state: C currentWindowPosition: 4 currentAminoAcid: E =&gt; 80
  input in matrix: state: C currentWindowPosition: 5 currentAminoAcid: E =&gt; 67
  input in matrix: state: C currentWindowPosition: 6 currentAminoAcid: E =&gt; 67
  input in matrix: state: C currentWindowPosition: 7 currentAminoAcid: E =&gt; 85
  input in matrix: state: C currentWindowPosition: 8 currentAminoAcid: E =&gt; 0
  input in matrix: state: C currentWindowPosition: 9 currentAminoAcid: E =&gt; 64
  input in matrix: state: C currentWindowPosition: 10 currentAminoAcid: E =&gt; 53
  input in matrix: state: C currentWindowPosition: 11 currentAminoAcid: E =&gt; 84
  input in matrix: state: C currentWindowPosition: 12 currentAminoAcid: E =&gt; 65
  input in matrix: state: C currentWindowPosition: 13 currentAminoAcid: E =&gt; 66
  input in matrix: state: C currentWindowPosition: 14 currentAminoAcid: E =&gt; 71
  input in matrix: state: C currentWindowPosition: 15 currentAminoAcid: E =&gt; 73
  input in matrix: state: C currentWindowPosition: 16 currentAminoAcid: E =&gt; 75
Process line: F	58	61	47	39	46	60	49	48	0	49	59	49	43	52	46	51	51
 data line!
  input in matrix: state: C currentWindowPosition: 0 currentAminoAcid: F =&gt; 58
  input in matrix: state: C currentWindowPosition: 1 currentAminoAcid: F =&gt; 61
  input in matrix: state: C currentWindowPosition: 2 currentAminoAcid: F =&gt; 47
  input in matrix: state: C currentWindowPosition: 3 currentAminoAcid: F =&gt; 39
  input in matrix: state: C currentWindowPosition: 4 currentAminoAcid: F =&gt; 46
  input in matrix: state: C currentWindowPosition: 5 currentAminoAcid: F =&gt; 60
  input in matrix: state: C currentWindowPosition: 6 currentAminoAcid: F =&gt; 49
  input in matrix: state: C currentWindowPosition: 7 currentAminoAcid: F =&gt; 48
  input in matrix: state: C currentWindowPosition: 8 currentAminoAcid: F =&gt; 0
  input in matrix: state: C currentWindowPosition: 9 currentAminoAcid: F =&gt; 49
  input in matrix: state: C currentWindowPosition: 10 currentAminoAcid: F =&gt; 59
  input in matrix: state: C currentWindowPosition: 11 currentAminoAcid: F =&gt; 49
  input in matrix: state: C currentWindowPosition: 12 currentAminoAcid: F =&gt; 43
  input in matrix: state: C currentWindowPosition: 13 currentAminoAcid: F =&gt; 52
  input in matrix: state: C currentWindowPosition: 14 currentAminoAcid: F =&gt; 46
  input in matrix: state: C currentWindowPosition: 15 currentAminoAcid: F =&gt; 51
  input in matrix: state: C currentWindowPosition: 16 currentAminoAcid: F =&gt; 51
Process line: G	94	88	94	86	93	104	125	157	0	144	121	108	90	109	100	98	105
 data line!
  input in matrix: state: C currentWindowPosition: 0 currentAminoAcid: G =&gt; 94
  input in matrix: state: C currentWindowPosition: 1 currentAminoAcid: G =&gt; 88
  input in matrix: state: C currentWindowPosition: 2 currentAminoAcid: G =&gt; 94
  input in matrix: state: C currentWindowPosition: 3 currentAminoAcid: G =&gt; 86
  input in matrix: state: C currentWindowPosition: 4 currentAminoAcid: G =&gt; 93
  input in matrix: state: C currentWindowPosition: 5 currentAminoAcid: G =&gt; 104
  input in matrix: state: C currentWindowPosition: 6 currentAminoAcid: G =&gt; 125
  input in matrix: state: C currentWindowPosition: 7 currentAminoAcid: G =&gt; 157
  input in matrix: state: C currentWindowPosition: 8 currentAminoAcid: G =&gt; 0
  input in matrix: state: C currentWindowPosition: 9 currentAminoAcid: G =&gt; 144
  input in matrix: state: C currentWindowPosition: 10 currentAminoAcid: G =&gt; 121
  input in matrix: state: C currentWindowPosition: 11 currentAminoAcid: G =&gt; 108
  input in matrix: state: C currentWindowPosition: 12 currentAminoAcid: G =&gt; 90
  input in matrix: state: C currentWindowPosition: 13 currentAminoAcid: G =&gt; 109
  input in matrix: state: C currentWindowPosition: 14 currentAminoAcid: G =&gt; 100
  input in matrix: state: C currentWindowPosition: 15 currentAminoAcid: G =&gt; 98
  input in matrix: state: C currentWindowPosition: 16 currentAminoAcid: G =&gt; 105
Process line: H	34	26	28	34	36	23	33	31	0	33	34	37	30	30	28	34	33
 data line!
  input in matrix: state: C currentWindowPosition: 0 currentAminoAcid: H =&gt; 34
  input in matrix: state: C currentWindowPosition: 1 currentAminoAcid: H =&gt; 26
  input in matrix: state: C currentWindowPosition: 2 currentAminoAcid: H =&gt; 28
  input in matrix: state: C currentWindowPosition: 3 currentAminoAcid: H =&gt; 34
  input in matrix: state: C currentWindowPosition: 4 currentAminoAcid: H =&gt; 36
  input in matrix: state: C currentWindowPosition: 5 currentAminoAcid: H =&gt; 23
  input in matrix: state: C currentWindowPosition: 6 currentAminoAcid: H =&gt; 33
  input in matrix: state: C currentWindowPosition: 7 currentAminoAcid: H =&gt; 31
  input in matrix: state: C currentWindowPosition: 8 currentAminoAcid: H =&gt; 0
  input in matrix: state: C currentWindowPosition: 9 currentAminoAcid: H =&gt; 33
  input in matrix: state: C currentWindowPosition: 10 currentAminoAcid: H =&gt; 34
  input in matrix: state: C currentWindowPosition: 11 currentAminoAcid: H =&gt; 37
  input in matrix: state: C currentWindowPosition: 12 currentAminoAcid: H =&gt; 30
  input in matrix: state: C currentWindowPosition: 13 currentAminoAcid: H =&gt; 30
  input in matrix: state: C currentWindowPosition: 14 currentAminoAcid: H =&gt; 28
  input in matrix: state: C currentWindowPosition: 15 currentAminoAcid: H =&gt; 34
  input in matrix: state: C currentWindowPosition: 16 currentAminoAcid: H =&gt; 33
Process line: I	70	83	93	71	58	63	57	60	0	51	56	83	69	89	77	62	75
 data line!
  input in matrix: state: C currentWindowPosition: 0 currentAminoAcid: I =&gt; 70
  input in matrix: state: C currentWindowPosition: 1 currentAminoAcid: I =&gt; 83
  input in matrix: state: C currentWindowPosition: 2 currentAminoAcid: I =&gt; 93
  input in matrix: state: C currentWindowPosition: 3 currentAminoAcid: I =&gt; 71
  input in matrix: state: C currentWindowPosition: 4 currentAminoAcid: I =&gt; 58
  input in matrix: state: C currentWindowPosition: 5 currentAminoAcid: I =&gt; 63
  input in matrix: state: C currentWindowPosition: 6 currentAminoAcid: I =&gt; 57
  input in matrix: state: C currentWindowPosition: 7 currentAminoAcid: I =&gt; 60
  input in matrix: state: C currentWindowPosition: 8 currentAminoAcid: I =&gt; 0
  input in matrix: state: C currentWindowPosition: 9 currentAminoAcid: I =&gt; 51
  input in matrix: state: C currentWindowPosition: 10 currentAminoAcid: I =&gt; 56
  input in matrix: state: C currentWindowPosition: 11 currentAminoAcid: I =&gt; 83
  input in matrix: state: C currentWindowPosition: 12 currentAminoAcid: I =&gt; 69
  input in matrix: state: C currentWindowPosition: 13 currentAminoAcid: I =&gt; 89
  input in matrix: state: C currentWindowPosition: 14 currentAminoAcid: I =&gt; 77
  input in matrix: state: C currentWindowPosition: 15 currentAminoAcid: I =&gt; 62
  input in matrix: state: C currentWindowPosition: 16 currentAminoAcid: I =&gt; 75
Process line: K	78	71	56	67	75	81	67	66	0	54	58	61	66	66	57	62	46
 data line!
  input in matrix: state: C currentWindowPosition: 0 currentAminoAcid: K =&gt; 78
  input in matrix: state: C currentWindowPosition: 1 currentAminoAcid: K =&gt; 71
  input in matrix: state: C currentWindowPosition: 2 currentAminoAcid: K =&gt; 56
  input in matrix: state: C currentWindowPosition: 3 currentAminoAcid: K =&gt; 67
  input in matrix: state: C currentWindowPosition: 4 currentAminoAcid: K =&gt; 75
  input in matrix: state: C currentWindowPosition: 5 currentAminoAcid: K =&gt; 81
  input in matrix: state: C currentWindowPosition: 6 currentAminoAcid: K =&gt; 67
  input in matrix: state: C currentWindowPosition: 7 currentAminoAcid: K =&gt; 66
  input in matrix: state: C currentWindowPosition: 8 currentAminoAcid: K =&gt; 0
  input in matrix: state: C currentWindowPosition: 9 currentAminoAcid: K =&gt; 54
  input in matrix: state: C currentWindowPosition: 10 currentAminoAcid: K =&gt; 58
  input in matrix: state: C currentWindowPosition: 11 currentAminoAcid: K =&gt; 61
  input in matrix: state: C currentWindowPosition: 12 currentAminoAcid: K =&gt; 66
  input in matrix: state: C currentWindowPosition: 13 currentAminoAcid: K =&gt; 66
  input in matrix: state: C currentWindowPosition: 14 currentAminoAcid: K =&gt; 57
  input in matrix: state: C currentWindowPosition: 15 currentAminoAcid: K =&gt; 62
  input in matrix: state: C currentWindowPosition: 16 currentAminoAcid: K =&gt; 46
Process line: L	101	107	101	114	131	102	104	88	0	71	94	85	108	106	117	102	92
 data line!
  input in matrix: state: C currentWindowPosition: 0 currentAminoAcid: L =&gt; 101
  input in matrix: state: C currentWindowPosition: 1 currentAminoAcid: L =&gt; 107
  input in matrix: state: C currentWindowPosition: 2 currentAminoAcid: L =&gt; 101
  input in matrix: state: C currentWindowPosition: 3 currentAminoAcid: L =&gt; 114
  input in matrix: state: C currentWindowPosition: 4 currentAminoAcid: L =&gt; 131
  input in matrix: state: C currentWindowPosition: 5 currentAminoAcid: L =&gt; 102
  input in matrix: state: C currentWindowPosition: 6 currentAminoAcid: L =&gt; 104
  input in matrix: state: C currentWindowPosition: 7 currentAminoAcid: L =&gt; 88
  input in matrix: state: C currentWindowPosition: 8 currentAminoAcid: L =&gt; 0
  input in matrix: state: C currentWindowPosition: 9 currentAminoAcid: L =&gt; 71
  input in matrix: state: C currentWindowPosition: 10 currentAminoAcid: L =&gt; 94
  input in matrix: state: C currentWindowPosition: 11 currentAminoAcid: L =&gt; 85
  input in matrix: state: C currentWindowPosition: 12 currentAminoAcid: L =&gt; 108
  input in matrix: state: C currentWindowPosition: 13 currentAminoAcid: L =&gt; 106
  input in matrix: state: C currentWindowPosition: 14 currentAminoAcid: L =&gt; 117
  input in matrix: state: C currentWindowPosition: 15 currentAminoAcid: L =&gt; 102
  input in matrix: state: C currentWindowPosition: 16 currentAminoAcid: L =&gt; 92
Process line: M	26	25	28	26	22	27	28	15	0	12	21	19	27	26	18	28	23
 data line!
  input in matrix: state: C currentWindowPosition: 0 currentAminoAcid: M =&gt; 26
  input in matrix: state: C currentWindowPosition: 1 currentAminoAcid: M =&gt; 25
  input in matrix: state: C currentWindowPosition: 2 currentAminoAcid: M =&gt; 28
  input in matrix: state: C currentWindowPosition: 3 currentAminoAcid: M =&gt; 26
  input in matrix: state: C currentWindowPosition: 4 currentAminoAcid: M =&gt; 22
  input in matrix: state: C currentWindowPosition: 5 currentAminoAcid: M =&gt; 27
  input in matrix: state: C currentWindowPosition: 6 currentAminoAcid: M =&gt; 28
  input in matrix: state: C currentWindowPosition: 7 currentAminoAcid: M =&gt; 15
  input in matrix: state: C currentWindowPosition: 8 currentAminoAcid: M =&gt; 0
  input in matrix: state: C currentWindowPosition: 9 currentAminoAcid: M =&gt; 12
  input in matrix: state: C currentWindowPosition: 10 currentAminoAcid: M =&gt; 21
  input in matrix: state: C currentWindowPosition: 11 currentAminoAcid: M =&gt; 19
  input in matrix: state: C currentWindowPosition: 12 currentAminoAcid: M =&gt; 27
  input in matrix: state: C currentWindowPosition: 13 currentAminoAcid: M =&gt; 26
  input in matrix: state: C currentWindowPosition: 14 currentAminoAcid: M =&gt; 18
  input in matrix: state: C currentWindowPosition: 15 currentAminoAcid: M =&gt; 28
  input in matrix: state: C currentWindowPosition: 16 currentAminoAcid: M =&gt; 23
Process line: N	51	56	51	55	64	68	69	80	0	73	54	51	40	50	59	60	64
 data line!
  input in matrix: state: C currentWindowPosition: 0 currentAminoAcid: N =&gt; 51
  input in matrix: state: C currentWindowPosition: 1 currentAminoAcid: N =&gt; 56
  input in matrix: state: C currentWindowPosition: 2 currentAminoAcid: N =&gt; 51
  input in matrix: state: C currentWindowPosition: 3 currentAminoAcid: N =&gt; 55
  input in matrix: state: C currentWindowPosition: 4 currentAminoAcid: N =&gt; 64
  input in matrix: state: C currentWindowPosition: 5 currentAminoAcid: N =&gt; 68
  input in matrix: state: C currentWindowPosition: 6 currentAminoAcid: N =&gt; 69
  input in matrix: state: C currentWindowPosition: 7 currentAminoAcid: N =&gt; 80
  input in matrix: state: C currentWindowPosition: 8 currentAminoAcid: N =&gt; 0
  input in matrix: state: C currentWindowPosition: 9 currentAminoAcid: N =&gt; 73
  input in matrix: state: C currentWindowPosition: 10 currentAminoAcid: N =&gt; 54
  input in matrix: state: C currentWindowPosition: 11 currentAminoAcid: N =&gt; 51
  input in matrix: state: C currentWindowPosition: 12 currentAminoAcid: N =&gt; 40
  input in matrix: state: C currentWindowPosition: 13 currentAminoAcid: N =&gt; 50
  input in matrix: state: C currentWindowPosition: 14 currentAminoAcid: N =&gt; 59
  input in matrix: state: C currentWindowPosition: 15 currentAminoAcid: N =&gt; 60
  input in matrix: state: C currentWindowPosition: 16 currentAminoAcid: N =&gt; 64
Process line: P	70	49	67	54	65	77	67	71	0	104	94	65	85	71	56	74	47
 data line!
  input in matrix: state: C currentWindowPosition: 0 currentAminoAcid: P =&gt; 70
  input in matrix: state: C currentWindowPosition: 1 currentAminoAcid: P =&gt; 49
  input in matrix: state: C currentWindowPosition: 2 currentAminoAcid: P =&gt; 67
  input in matrix: state: C currentWindowPosition: 3 currentAminoAcid: P =&gt; 54
  input in matrix: state: C currentWindowPosition: 4 currentAminoAcid: P =&gt; 65
  input in matrix: state: C currentWindowPosition: 5 currentAminoAcid: P =&gt; 77
  input in matrix: state: C currentWindowPosition: 6 currentAminoAcid: P =&gt; 67
  input in matrix: state: C currentWindowPosition: 7 currentAminoAcid: P =&gt; 71
  input in matrix: state: C currentWindowPosition: 8 currentAminoAcid: P =&gt; 0
  input in matrix: state: C currentWindowPosition: 9 currentAminoAcid: P =&gt; 104
  input in matrix: state: C currentWindowPosition: 10 currentAminoAcid: P =&gt; 94
  input in matrix: state: C currentWindowPosition: 11 currentAminoAcid: P =&gt; 65
  input in matrix: state: C currentWindowPosition: 12 currentAminoAcid: P =&gt; 85
  input in matrix: state: C currentWindowPosition: 13 currentAminoAcid: P =&gt; 71
  input in matrix: state: C currentWindowPosition: 14 currentAminoAcid: P =&gt; 56
  input in matrix: state: C currentWindowPosition: 15 currentAminoAcid: P =&gt; 74
  input in matrix: state: C currentWindowPosition: 16 currentAminoAcid: P =&gt; 47
Process line: Q	49	45	47	47	40	48	38	46	0	41	30	42	27	44	48	40	54
 data line!
  input in matrix: state: C currentWindowPosition: 0 currentAminoAcid: Q =&gt; 49
  input in matrix: state: C currentWindowPosition: 1 currentAminoAcid: Q =&gt; 45
  input in matrix: state: C currentWindowPosition: 2 currentAminoAcid: Q =&gt; 47
  input in matrix: state: C currentWindowPosition: 3 currentAminoAcid: Q =&gt; 47
  input in matrix: state: C currentWindowPosition: 4 currentAminoAcid: Q =&gt; 40
  input in matrix: state: C currentWindowPosition: 5 currentAminoAcid: Q =&gt; 48
  input in matrix: state: C currentWindowPosition: 6 currentAminoAcid: Q =&gt; 38
  input in matrix: state: C currentWindowPosition: 7 currentAminoAcid: Q =&gt; 46
  input in matrix: state: C currentWindowPosition: 8 currentAminoAcid: Q =&gt; 0
  input in matrix: state: C currentWindowPosition: 9 currentAminoAcid: Q =&gt; 41
  input in matrix: state: C currentWindowPosition: 10 currentAminoAcid: Q =&gt; 30
  input in matrix: state: C currentWindowPosition: 11 currentAminoAcid: Q =&gt; 42
  input in matrix: state: C currentWindowPosition: 12 currentAminoAcid: Q =&gt; 27
  input in matrix: state: C currentWindowPosition: 13 currentAminoAcid: Q =&gt; 44
  input in matrix: state: C currentWindowPosition: 14 currentAminoAcid: Q =&gt; 48
  input in matrix: state: C currentWindowPosition: 15 currentAminoAcid: Q =&gt; 40
  input in matrix: state: C currentWindowPosition: 16 currentAminoAcid: Q =&gt; 54
Process line: R	53	69	68	68	67	62	48	39	1266	47	50	60	59	67	68	60	36
 data line!
  input in matrix: state: C currentWindowPosition: 0 currentAminoAcid: R =&gt; 53
  input in matrix: state: C currentWindowPosition: 1 currentAminoAcid: R =&gt; 69
  input in matrix: state: C currentWindowPosition: 2 currentAminoAcid: R =&gt; 68
  input in matrix: state: C currentWindowPosition: 3 currentAminoAcid: R =&gt; 68
  input in matrix: state: C currentWindowPosition: 4 currentAminoAcid: R =&gt; 67
  input in matrix: state: C currentWindowPosition: 5 currentAminoAcid: R =&gt; 62
  input in matrix: state: C currentWindowPosition: 6 currentAminoAcid: R =&gt; 48
  input in matrix: state: C currentWindowPosition: 7 currentAminoAcid: R =&gt; 39
  input in matrix: state: C currentWindowPosition: 8 currentAminoAcid: R =&gt; 1266
  input in matrix: state: C currentWindowPosition: 9 currentAminoAcid: R =&gt; 47
  input in matrix: state: C currentWindowPosition: 10 currentAminoAcid: R =&gt; 50
  input in matrix: state: C currentWindowPosition: 11 currentAminoAcid: R =&gt; 60
  input in matrix: state: C currentWindowPosition: 12 currentAminoAcid: R =&gt; 59
  input in matrix: state: C currentWindowPosition: 13 currentAminoAcid: R =&gt; 67
  input in matrix: state: C currentWindowPosition: 14 currentAminoAcid: R =&gt; 68
  input in matrix: state: C currentWindowPosition: 15 currentAminoAcid: R =&gt; 60
  input in matrix: state: C currentWindowPosition: 16 currentAminoAcid: R =&gt; 36
Process line: S	77	74	67	65	79	93	104	82	0	90	89	79	102	79	73	78	85
 data line!
  input in matrix: state: C currentWindowPosition: 0 currentAminoAcid: S =&gt; 77
  input in matrix: state: C currentWindowPosition: 1 currentAminoAcid: S =&gt; 74
  input in matrix: state: C currentWindowPosition: 2 currentAminoAcid: S =&gt; 67
  input in matrix: state: C currentWindowPosition: 3 currentAminoAcid: S =&gt; 65
  input in matrix: state: C currentWindowPosition: 4 currentAminoAcid: S =&gt; 79
  input in matrix: state: C currentWindowPosition: 5 currentAminoAcid: S =&gt; 93
  input in matrix: state: C currentWindowPosition: 6 currentAminoAcid: S =&gt; 104
  input in matrix: state: C currentWindowPosition: 7 currentAminoAcid: S =&gt; 82
  input in matrix: state: C currentWindowPosition: 8 currentAminoAcid: S =&gt; 0
  input in matrix: state: C currentWindowPosition: 9 currentAminoAcid: S =&gt; 90
  input in matrix: state: C currentWindowPosition: 10 currentAminoAcid: S =&gt; 89
  input in matrix: state: C currentWindowPosition: 11 currentAminoAcid: S =&gt; 79
  input in matrix: state: C currentWindowPosition: 12 currentAminoAcid: S =&gt; 102
  input in matrix: state: C currentWindowPosition: 13 currentAminoAcid: S =&gt; 79
  input in matrix: state: C currentWindowPosition: 14 currentAminoAcid: S =&gt; 73
  input in matrix: state: C currentWindowPosition: 15 currentAminoAcid: S =&gt; 78
  input in matrix: state: C currentWindowPosition: 16 currentAminoAcid: S =&gt; 85
Process line: T	60	67	67	81	72	70	79	74	0	95	93	81	77	66	80	100	83
 data line!
  input in matrix: state: C currentWindowPosition: 0 currentAminoAcid: T =&gt; 60
  input in matrix: state: C currentWindowPosition: 1 currentAminoAcid: T =&gt; 67
  input in matrix: state: C currentWindowPosition: 2 currentAminoAcid: T =&gt; 67
  input in matrix: state: C currentWindowPosition: 3 currentAminoAcid: T =&gt; 81
  input in matrix: state: C currentWindowPosition: 4 currentAminoAcid: T =&gt; 72
  input in matrix: state: C currentWindowPosition: 5 currentAminoAcid: T =&gt; 70
  input in matrix: state: C currentWindowPosition: 6 currentAminoAcid: T =&gt; 79
  input in matrix: state: C currentWindowPosition: 7 currentAminoAcid: T =&gt; 74
  input in matrix: state: C currentWindowPosition: 8 currentAminoAcid: T =&gt; 0
  input in matrix: state: C currentWindowPosition: 9 currentAminoAcid: T =&gt; 95
  input in matrix: state: C currentWindowPosition: 10 currentAminoAcid: T =&gt; 93
  input in matrix: state: C currentWindowPosition: 11 currentAminoAcid: T =&gt; 81
  input in matrix: state: C currentWindowPosition: 12 currentAminoAcid: T =&gt; 77
  input in matrix: state: C currentWindowPosition: 13 currentAminoAcid: T =&gt; 66
  input in matrix: state: C currentWindowPosition: 14 currentAminoAcid: T =&gt; 80
  input in matrix: state: C currentWindowPosition: 15 currentAminoAcid: T =&gt; 100
  input in matrix: state: C currentWindowPosition: 16 currentAminoAcid: T =&gt; 83
Process line: V	80	110	103	102	83	70	66	65	0	72	85	90	108	95	89	82	102
 data line!
  input in matrix: state: C currentWindowPosition: 0 currentAminoAcid: V =&gt; 80
  input in matrix: state: C currentWindowPosition: 1 currentAminoAcid: V =&gt; 110
  input in matrix: state: C currentWindowPosition: 2 currentAminoAcid: V =&gt; 103
  input in matrix: state: C currentWindowPosition: 3 currentAminoAcid: V =&gt; 102
  input in matrix: state: C currentWindowPosition: 4 currentAminoAcid: V =&gt; 83
  input in matrix: state: C currentWindowPosition: 5 currentAminoAcid: V =&gt; 70
  input in matrix: state: C currentWindowPosition: 6 currentAminoAcid: V =&gt; 66
  input in matrix: state: C currentWindowPosition: 7 currentAminoAcid: V =&gt; 65
  input in matrix: state: C currentWindowPosition: 8 currentAminoAcid: V =&gt; 0
  input in matrix: state: C currentWindowPosition: 9 currentAminoAcid: V =&gt; 72
  input in matrix: state: C currentWindowPosition: 10 currentAminoAcid: V =&gt; 85
  input in matrix: state: C currentWindowPosition: 11 currentAminoAcid: V =&gt; 90
  input in matrix: state: C currentWindowPosition: 12 currentAminoAcid: V =&gt; 108
  input in matrix: state: C currentWindowPosition: 13 currentAminoAcid: V =&gt; 95
  input in matrix: state: C currentWindowPosition: 14 currentAminoAcid: V =&gt; 89
  input in matrix: state: C currentWindowPosition: 15 currentAminoAcid: V =&gt; 82
  input in matrix: state: C currentWindowPosition: 16 currentAminoAcid: V =&gt; 102
Process line: W	18	19	25	23	21	20	13	19	0	19	22	18	20	19	14	18	27
 data line!
  input in matrix: state: C currentWindowPosition: 0 currentAminoAcid: W =&gt; 18
  input in matrix: state: C currentWindowPosition: 1 currentAminoAcid: W =&gt; 19
  input in matrix: state: C currentWindowPosition: 2 currentAminoAcid: W =&gt; 25
  input in matrix: state: C currentWindowPosition: 3 currentAminoAcid: W =&gt; 23
  input in matrix: state: C currentWindowPosition: 4 currentAminoAcid: W =&gt; 21
  input in matrix: state: C currentWindowPosition: 5 currentAminoAcid: W =&gt; 20
  input in matrix: state: C currentWindowPosition: 6 currentAminoAcid: W =&gt; 13
  input in matrix: state: C currentWindowPosition: 7 currentAminoAcid: W =&gt; 19
  input in matrix: state: C currentWindowPosition: 8 currentAminoAcid: W =&gt; 0
  input in matrix: state: C currentWindowPosition: 9 currentAminoAcid: W =&gt; 19
  input in matrix: state: C currentWindowPosition: 10 currentAminoAcid: W =&gt; 22
  input in matrix: state: C currentWindowPosition: 11 currentAminoAcid: W =&gt; 18
  input in matrix: state: C currentWindowPosition: 12 currentAminoAcid: W =&gt; 20
  input in matrix: state: C currentWindowPosition: 13 currentAminoAcid: W =&gt; 19
  input in matrix: state: C currentWindowPosition: 14 currentAminoAcid: W =&gt; 14
  input in matrix: state: C currentWindowPosition: 15 currentAminoAcid: W =&gt; 18
  input in matrix: state: C currentWindowPosition: 16 currentAminoAcid: W =&gt; 27
Process line: Y	50	55	49	55	47	46	38	55	0	42	60	53	52	40	55	55	43
 data line!
  input in matrix: state: C currentWindowPosition: 0 currentAminoAcid: Y =&gt; 50
  input in matrix: state: C currentWindowPosition: 1 currentAminoAcid: Y =&gt; 55
  input in matrix: state: C currentWindowPosition: 2 currentAminoAcid: Y =&gt; 49
  input in matrix: state: C currentWindowPosition: 3 currentAminoAcid: Y =&gt; 55
  input in matrix: state: C currentWindowPosition: 4 currentAminoAcid: Y =&gt; 47
  input in matrix: state: C currentWindowPosition: 5 currentAminoAcid: Y =&gt; 46
  input in matrix: state: C currentWindowPosition: 6 currentAminoAcid: Y =&gt; 38
  input in matrix: state: C currentWindowPosition: 7 currentAminoAcid: Y =&gt; 55
  input in matrix: state: C currentWindowPosition: 8 currentAminoAcid: Y =&gt; 0
  input in matrix: state: C currentWindowPosition: 9 currentAminoAcid: Y =&gt; 42
  input in matrix: state: C currentWindowPosition: 10 currentAminoAcid: Y =&gt; 60
  input in matrix: state: C currentWindowPosition: 11 currentAminoAcid: Y =&gt; 53
  input in matrix: state: C currentWindowPosition: 12 currentAminoAcid: Y =&gt; 52
  input in matrix: state: C currentWindowPosition: 13 currentAminoAcid: Y =&gt; 40
  input in matrix: state: C currentWindowPosition: 14 currentAminoAcid: Y =&gt; 55
  input in matrix: state: C currentWindowPosition: 15 currentAminoAcid: Y =&gt; 55
  input in matrix: state: C currentWindowPosition: 16 currentAminoAcid: Y =&gt; 43
Process line: 
 Skip line!
Process line: 
 Skip line!
Process line: =R,E=
 state line! (now in state: E)
Process line: 
 Skip line!
Process line: A	64	63	50	55	47	55	39	40	0	46	44	58	47	55	44	51	53
 data line!
  input in matrix: state: E currentWindowPosition: 0 currentAminoAcid: A =&gt; 64
  input in matrix: state: E currentWindowPosition: 1 currentAminoAcid: A =&gt; 63
  input in matrix: state: E currentWindowPosition: 2 currentAminoAcid: A =&gt; 50
  input in matrix: state: E currentWindowPosition: 3 currentAminoAcid: A =&gt; 55
  input in matrix: state: E currentWindowPosition: 4 currentAminoAcid: A =&gt; 47
  input in matrix: state: E currentWindowPosition: 5 currentAminoAcid: A =&gt; 55
  input in matrix: state: E currentWindowPosition: 6 currentAminoAcid: A =&gt; 39
  input in matrix: state: E currentWindowPosition: 7 currentAminoAcid: A =&gt; 40
  input in matrix: state: E currentWindowPosition: 8 currentAminoAcid: A =&gt; 0
  input in matrix: state: E currentWindowPosition: 9 currentAminoAcid: A =&gt; 46
  input in matrix: state: E currentWindowPosition: 10 currentAminoAcid: A =&gt; 44
  input in matrix: state: E currentWindowPosition: 11 currentAminoAcid: A =&gt; 58
  input in matrix: state: E currentWindowPosition: 12 currentAminoAcid: A =&gt; 47
  input in matrix: state: E currentWindowPosition: 13 currentAminoAcid: A =&gt; 55
  input in matrix: state: E currentWindowPosition: 14 currentAminoAcid: A =&gt; 44
  input in matrix: state: E currentWindowPosition: 15 currentAminoAcid: A =&gt; 51
  input in matrix: state: E currentWindowPosition: 16 currentAminoAcid: A =&gt; 53
Process line: C	7	12	10	9	7	11	14	22	0	18	8	13	10	10	11	11	18
 data line!
  input in matrix: state: E currentWindowPosition: 0 currentAminoAcid: C =&gt; 7
  input in matrix: state: E currentWindowPosition: 1 currentAminoAcid: C =&gt; 12
  input in matrix: state: E currentWindowPosition: 2 currentAminoAcid: C =&gt; 10
  input in matrix: state: E currentWindowPosition: 3 currentAminoAcid: C =&gt; 9
  input in matrix: state: E currentWindowPosition: 4 currentAminoAcid: C =&gt; 7
  input in matrix: state: E currentWindowPosition: 5 currentAminoAcid: C =&gt; 11
  input in matrix: state: E currentWindowPosition: 6 currentAminoAcid: C =&gt; 14
  input in matrix: state: E currentWindowPosition: 7 currentAminoAcid: C =&gt; 22
  input in matrix: state: E currentWindowPosition: 8 currentAminoAcid: C =&gt; 0
  input in matrix: state: E currentWindowPosition: 9 currentAminoAcid: C =&gt; 18
  input in matrix: state: E currentWindowPosition: 10 currentAminoAcid: C =&gt; 8
  input in matrix: state: E currentWindowPosition: 11 currentAminoAcid: C =&gt; 13
  input in matrix: state: E currentWindowPosition: 12 currentAminoAcid: C =&gt; 10
  input in matrix: state: E currentWindowPosition: 13 currentAminoAcid: C =&gt; 10
  input in matrix: state: E currentWindowPosition: 14 currentAminoAcid: C =&gt; 11
  input in matrix: state: E currentWindowPosition: 15 currentAminoAcid: C =&gt; 11
  input in matrix: state: E currentWindowPosition: 16 currentAminoAcid: C =&gt; 18
Process line: D	31	37	49	51	29	37	30	26	0	18	40	52	40	49	47	47	39
 data line!
  input in matrix: state: E currentWindowPosition: 0 currentAminoAcid: D =&gt; 31
  input in matrix: state: E currentWindowPosition: 1 currentAminoAcid: D =&gt; 37
  input in matrix: state: E currentWindowPosition: 2 currentAminoAcid: D =&gt; 49
  input in matrix: state: E currentWindowPosition: 3 currentAminoAcid: D =&gt; 51
  input in matrix: state: E currentWindowPosition: 4 currentAminoAcid: D =&gt; 29
  input in matrix: state: E currentWindowPosition: 5 currentAminoAcid: D =&gt; 37
  input in matrix: state: E currentWindowPosition: 6 currentAminoAcid: D =&gt; 30
  input in matrix: state: E currentWindowPosition: 7 currentAminoAcid: D =&gt; 26
  input in matrix: state: E currentWindowPosition: 8 currentAminoAcid: D =&gt; 0
  input in matrix: state: E currentWindowPosition: 9 currentAminoAcid: D =&gt; 18
  input in matrix: state: E currentWindowPosition: 10 currentAminoAcid: D =&gt; 40
  input in matrix: state: E currentWindowPosition: 11 currentAminoAcid: D =&gt; 52
  input in matrix: state: E currentWindowPosition: 12 currentAminoAcid: D =&gt; 40
  input in matrix: state: E currentWindowPosition: 13 currentAminoAcid: D =&gt; 49
  input in matrix: state: E currentWindowPosition: 14 currentAminoAcid: D =&gt; 47
  input in matrix: state: E currentWindowPosition: 15 currentAminoAcid: D =&gt; 47
  input in matrix: state: E currentWindowPosition: 16 currentAminoAcid: D =&gt; 39
Process line: E	49	39	31	40	25	33	28	36	0	30	30	27	22	46	45	36	38
 data line!
  input in matrix: state: E currentWindowPosition: 0 currentAminoAcid: E =&gt; 49
  input in matrix: state: E currentWindowPosition: 1 currentAminoAcid: E =&gt; 39
  input in matrix: state: E currentWindowPosition: 2 currentAminoAcid: E =&gt; 31
  input in matrix: state: E currentWindowPosition: 3 currentAminoAcid: E =&gt; 40
  input in matrix: state: E currentWindowPosition: 4 currentAminoAcid: E =&gt; 25
  input in matrix: state: E currentWindowPosition: 5 currentAminoAcid: E =&gt; 33
  input in matrix: state: E currentWindowPosition: 6 currentAminoAcid: E =&gt; 28
  input in matrix: state: E currentWindowPosition: 7 currentAminoAcid: E =&gt; 36
  input in matrix: state: E currentWindowPosition: 8 currentAminoAcid: E =&gt; 0
  input in matrix: state: E currentWindowPosition: 9 currentAminoAcid: E =&gt; 30
  input in matrix: state: E currentWindowPosition: 10 currentAminoAcid: E =&gt; 30
  input in matrix: state: E currentWindowPosition: 11 currentAminoAcid: E =&gt; 27
  input in matrix: state: E currentWindowPosition: 12 currentAminoAcid: E =&gt; 22
  input in matrix: state: E currentWindowPosition: 13 currentAminoAcid: E =&gt; 46
  input in matrix: state: E currentWindowPosition: 14 currentAminoAcid: E =&gt; 45
  input in matrix: state: E currentWindowPosition: 15 currentAminoAcid: E =&gt; 36
  input in matrix: state: E currentWindowPosition: 16 currentAminoAcid: E =&gt; 38
Process line: F	26	28	32	20	26	26	25	34	0	42	31	33	29	24	24	29	16
 data line!
  input in matrix: state: E currentWindowPosition: 0 currentAminoAcid: F =&gt; 26
  input in matrix: state: E currentWindowPosition: 1 currentAminoAcid: F =&gt; 28
  input in matrix: state: E currentWindowPosition: 2 currentAminoAcid: F =&gt; 32
  input in matrix: state: E currentWindowPosition: 3 currentAminoAcid: F =&gt; 20
  input in matrix: state: E currentWindowPosition: 4 currentAminoAcid: F =&gt; 26
  input in matrix: state: E currentWindowPosition: 5 currentAminoAcid: F =&gt; 26
  input in matrix: state: E currentWindowPosition: 6 currentAminoAcid: F =&gt; 25
  input in matrix: state: E currentWindowPosition: 7 currentAminoAcid: F =&gt; 34
  input in matrix: state: E currentWindowPosition: 8 currentAminoAcid: F =&gt; 0
  input in matrix: state: E currentWindowPosition: 9 currentAminoAcid: F =&gt; 42
  input in matrix: state: E currentWindowPosition: 10 currentAminoAcid: F =&gt; 31
  input in matrix: state: E currentWindowPosition: 11 currentAminoAcid: F =&gt; 33
  input in matrix: state: E currentWindowPosition: 12 currentAminoAcid: F =&gt; 29
  input in matrix: state: E currentWindowPosition: 13 currentAminoAcid: F =&gt; 24
  input in matrix: state: E currentWindowPosition: 14 currentAminoAcid: F =&gt; 24
  input in matrix: state: E currentWindowPosition: 15 currentAminoAcid: F =&gt; 29
  input in matrix: state: E currentWindowPosition: 16 currentAminoAcid: F =&gt; 16
Process line: G	68	65	63	69	78	75	85	62	0	34	58	51	66	67	77	67	60
 data line!
  input in matrix: state: E currentWindowPosition: 0 currentAminoAcid: G =&gt; 68
  input in matrix: state: E currentWindowPosition: 1 currentAminoAcid: G =&gt; 65
  input in matrix: state: E currentWindowPosition: 2 currentAminoAcid: G =&gt; 63
  input in matrix: state: E currentWindowPosition: 3 currentAminoAcid: G =&gt; 69
  input in matrix: state: E currentWindowPosition: 4 currentAminoAcid: G =&gt; 78
  input in matrix: state: E currentWindowPosition: 5 currentAminoAcid: G =&gt; 75
  input in matrix: state: E currentWindowPosition: 6 currentAminoAcid: G =&gt; 85
  input in matrix: state: E currentWindowPosition: 7 currentAminoAcid: G =&gt; 62
  input in matrix: state: E currentWindowPosition: 8 currentAminoAcid: G =&gt; 0
  input in matrix: state: E currentWindowPosition: 9 currentAminoAcid: G =&gt; 34
  input in matrix: state: E currentWindowPosition: 10 currentAminoAcid: G =&gt; 58
  input in matrix: state: E currentWindowPosition: 11 currentAminoAcid: G =&gt; 51
  input in matrix: state: E currentWindowPosition: 12 currentAminoAcid: G =&gt; 66
  input in matrix: state: E currentWindowPosition: 13 currentAminoAcid: G =&gt; 67
  input in matrix: state: E currentWindowPosition: 14 currentAminoAcid: G =&gt; 77
  input in matrix: state: E currentWindowPosition: 15 currentAminoAcid: G =&gt; 67
  input in matrix: state: E currentWindowPosition: 16 currentAminoAcid: G =&gt; 60
Process line: H	20	18	9	13	20	15	10	16	0	13	18	18	15	19	16	24	19
 data line!
  input in matrix: state: E currentWindowPosition: 0 currentAminoAcid: H =&gt; 20
  input in matrix: state: E currentWindowPosition: 1 currentAminoAcid: H =&gt; 18
  input in matrix: state: E currentWindowPosition: 2 currentAminoAcid: H =&gt; 9
  input in matrix: state: E currentWindowPosition: 3 currentAminoAcid: H =&gt; 13
  input in matrix: state: E currentWindowPosition: 4 currentAminoAcid: H =&gt; 20
  input in matrix: state: E currentWindowPosition: 5 currentAminoAcid: H =&gt; 15
  input in matrix: state: E currentWindowPosition: 6 currentAminoAcid: H =&gt; 10
  input in matrix: state: E currentWindowPosition: 7 currentAminoAcid: H =&gt; 16
  input in matrix: state: E currentWindowPosition: 8 currentAminoAcid: H =&gt; 0
  input in matrix: state: E currentWindowPosition: 9 currentAminoAcid: H =&gt; 13
  input in matrix: state: E currentWindowPosition: 10 currentAminoAcid: H =&gt; 18
  input in matrix: state: E currentWindowPosition: 11 currentAminoAcid: H =&gt; 18
  input in matrix: state: E currentWindowPosition: 12 currentAminoAcid: H =&gt; 15
  input in matrix: state: E currentWindowPosition: 13 currentAminoAcid: H =&gt; 19
  input in matrix: state: E currentWindowPosition: 14 currentAminoAcid: H =&gt; 16
  input in matrix: state: E currentWindowPosition: 15 currentAminoAcid: H =&gt; 24
  input in matrix: state: E currentWindowPosition: 16 currentAminoAcid: H =&gt; 19
Process line: I	22	36	37	38	31	41	48	69	0	74	57	51	32	30	32	34	31
 data line!
  input in matrix: state: E currentWindowPosition: 0 currentAminoAcid: I =&gt; 22
  input in matrix: state: E currentWindowPosition: 1 currentAminoAcid: I =&gt; 36
  input in matrix: state: E currentWindowPosition: 2 currentAminoAcid: I =&gt; 37
  input in matrix: state: E currentWindowPosition: 3 currentAminoAcid: I =&gt; 38
  input in matrix: state: E currentWindowPosition: 4 currentAminoAcid: I =&gt; 31
  input in matrix: state: E currentWindowPosition: 5 currentAminoAcid: I =&gt; 41
  input in matrix: state: E currentWindowPosition: 6 currentAminoAcid: I =&gt; 48
  input in matrix: state: E currentWindowPosition: 7 currentAminoAcid: I =&gt; 69
  input in matrix: state: E currentWindowPosition: 8 currentAminoAcid: I =&gt; 0
  input in matrix: state: E currentWindowPosition: 9 currentAminoAcid: I =&gt; 74
  input in matrix: state: E currentWindowPosition: 10 currentAminoAcid: I =&gt; 57
  input in matrix: state: E currentWindowPosition: 11 currentAminoAcid: I =&gt; 51
  input in matrix: state: E currentWindowPosition: 12 currentAminoAcid: I =&gt; 32
  input in matrix: state: E currentWindowPosition: 13 currentAminoAcid: I =&gt; 30
  input in matrix: state: E currentWindowPosition: 14 currentAminoAcid: I =&gt; 32
  input in matrix: state: E currentWindowPosition: 15 currentAminoAcid: I =&gt; 34
  input in matrix: state: E currentWindowPosition: 16 currentAminoAcid: I =&gt; 31
Process line: K	38	41	53	53	29	35	30	38	0	22	25	30	25	39	37	27	29
 data line!
  input in matrix: state: E currentWindowPosition: 0 currentAminoAcid: K =&gt; 38
  input in matrix: state: E currentWindowPosition: 1 currentAminoAcid: K =&gt; 41
  input in matrix: state: E currentWindowPosition: 2 currentAminoAcid: K =&gt; 53
  input in matrix: state: E currentWindowPosition: 3 currentAminoAcid: K =&gt; 53
  input in matrix: state: E currentWindowPosition: 4 currentAminoAcid: K =&gt; 29
  input in matrix: state: E currentWindowPosition: 5 currentAminoAcid: K =&gt; 35
  input in matrix: state: E currentWindowPosition: 6 currentAminoAcid: K =&gt; 30
  input in matrix: state: E currentWindowPosition: 7 currentAminoAcid: K =&gt; 38
  input in matrix: state: E currentWindowPosition: 8 currentAminoAcid: K =&gt; 0
  input in matrix: state: E currentWindowPosition: 9 currentAminoAcid: K =&gt; 22
  input in matrix: state: E currentWindowPosition: 10 currentAminoAcid: K =&gt; 25
  input in matrix: state: E currentWindowPosition: 11 currentAminoAcid: K =&gt; 30
  input in matrix: state: E currentWindowPosition: 12 currentAminoAcid: K =&gt; 25
  input in matrix: state: E currentWindowPosition: 13 currentAminoAcid: K =&gt; 39
  input in matrix: state: E currentWindowPosition: 14 currentAminoAcid: K =&gt; 37
  input in matrix: state: E currentWindowPosition: 15 currentAminoAcid: K =&gt; 27
  input in matrix: state: E currentWindowPosition: 16 currentAminoAcid: K =&gt; 29
Process line: L	55	54	42	35	43	52	48	61	0	87	53	59	59	38	45	44	50
 data line!
  input in matrix: state: E currentWindowPosition: 0 currentAminoAcid: L =&gt; 55
  input in matrix: state: E currentWindowPosition: 1 currentAminoAcid: L =&gt; 54
  input in matrix: state: E currentWindowPosition: 2 currentAminoAcid: L =&gt; 42
  input in matrix: state: E currentWindowPosition: 3 currentAminoAcid: L =&gt; 35
  input in matrix: state: E currentWindowPosition: 4 currentAminoAcid: L =&gt; 43
  input in matrix: state: E currentWindowPosition: 5 currentAminoAcid: L =&gt; 52
  input in matrix: state: E currentWindowPosition: 6 currentAminoAcid: L =&gt; 48
  input in matrix: state: E currentWindowPosition: 7 currentAminoAcid: L =&gt; 61
  input in matrix: state: E currentWindowPosition: 8 currentAminoAcid: L =&gt; 0
  input in matrix: state: E currentWindowPosition: 9 currentAminoAcid: L =&gt; 87
  input in matrix: state: E currentWindowPosition: 10 currentAminoAcid: L =&gt; 53
  input in matrix: state: E currentWindowPosition: 11 currentAminoAcid: L =&gt; 59
  input in matrix: state: E currentWindowPosition: 12 currentAminoAcid: L =&gt; 59
  input in matrix: state: E currentWindowPosition: 13 currentAminoAcid: L =&gt; 38
  input in matrix: state: E currentWindowPosition: 14 currentAminoAcid: L =&gt; 45
  input in matrix: state: E currentWindowPosition: 15 currentAminoAcid: L =&gt; 44
  input in matrix: state: E currentWindowPosition: 16 currentAminoAcid: L =&gt; 50
Process line: M	11	9	9	7	11	14	7	10	0	10	16	12	15	7	10	11	5
 data line!
  input in matrix: state: E currentWindowPosition: 0 currentAminoAcid: M =&gt; 11
  input in matrix: state: E currentWindowPosition: 1 currentAminoAcid: M =&gt; 9
  input in matrix: state: E currentWindowPosition: 2 currentAminoAcid: M =&gt; 9
  input in matrix: state: E currentWindowPosition: 3 currentAminoAcid: M =&gt; 7
  input in matrix: state: E currentWindowPosition: 4 currentAminoAcid: M =&gt; 11
  input in matrix: state: E currentWindowPosition: 5 currentAminoAcid: M =&gt; 14
  input in matrix: state: E currentWindowPosition: 6 currentAminoAcid: M =&gt; 7
  input in matrix: state: E currentWindowPosition: 7 currentAminoAcid: M =&gt; 10
  input in matrix: state: E currentWindowPosition: 8 currentAminoAcid: M =&gt; 0
  input in matrix: state: E currentWindowPosition: 9 currentAminoAcid: M =&gt; 10
  input in matrix: state: E currentWindowPosition: 10 currentAminoAcid: M =&gt; 16
  input in matrix: state: E currentWindowPosition: 11 currentAminoAcid: M =&gt; 12
  input in matrix: state: E currentWindowPosition: 12 currentAminoAcid: M =&gt; 15
  input in matrix: state: E currentWindowPosition: 13 currentAminoAcid: M =&gt; 7
  input in matrix: state: E currentWindowPosition: 14 currentAminoAcid: M =&gt; 10
  input in matrix: state: E currentWindowPosition: 15 currentAminoAcid: M =&gt; 11
  input in matrix: state: E currentWindowPosition: 16 currentAminoAcid: M =&gt; 5
Process line: N	33	27	32	37	52	25	27	20	0	20	28	29	34	37	28	26	38
 data line!
  input in matrix: state: E currentWindowPosition: 0 currentAminoAcid: N =&gt; 33
  input in matrix: state: E currentWindowPosition: 1 currentAminoAcid: N =&gt; 27
  input in matrix: state: E currentWindowPosition: 2 currentAminoAcid: N =&gt; 32
  input in matrix: state: E currentWindowPosition: 3 currentAminoAcid: N =&gt; 37
  input in matrix: state: E currentWindowPosition: 4 currentAminoAcid: N =&gt; 52
  input in matrix: state: E currentWindowPosition: 5 currentAminoAcid: N =&gt; 25
  input in matrix: state: E currentWindowPosition: 6 currentAminoAcid: N =&gt; 27
  input in matrix: state: E currentWindowPosition: 7 currentAminoAcid: N =&gt; 20
  input in matrix: state: E currentWindowPosition: 8 currentAminoAcid: N =&gt; 0
  input in matrix: state: E currentWindowPosition: 9 currentAminoAcid: N =&gt; 20
  input in matrix: state: E currentWindowPosition: 10 currentAminoAcid: N =&gt; 28
  input in matrix: state: E currentWindowPosition: 11 currentAminoAcid: N =&gt; 29
  input in matrix: state: E currentWindowPosition: 12 currentAminoAcid: N =&gt; 34
  input in matrix: state: E currentWindowPosition: 13 currentAminoAcid: N =&gt; 37
  input in matrix: state: E currentWindowPosition: 14 currentAminoAcid: N =&gt; 28
  input in matrix: state: E currentWindowPosition: 15 currentAminoAcid: N =&gt; 26
  input in matrix: state: E currentWindowPosition: 16 currentAminoAcid: N =&gt; 38
Process line: P	38	34	32	37	50	26	24	10	0	18	45	35	44	32	38	26	43
 data line!
  input in matrix: state: E currentWindowPosition: 0 currentAminoAcid: P =&gt; 38
  input in matrix: state: E currentWindowPosition: 1 currentAminoAcid: P =&gt; 34
  input in matrix: state: E currentWindowPosition: 2 currentAminoAcid: P =&gt; 32
  input in matrix: state: E currentWindowPosition: 3 currentAminoAcid: P =&gt; 37
  input in matrix: state: E currentWindowPosition: 4 currentAminoAcid: P =&gt; 50
  input in matrix: state: E currentWindowPosition: 5 currentAminoAcid: P =&gt; 26
  input in matrix: state: E currentWindowPosition: 6 currentAminoAcid: P =&gt; 24
  input in matrix: state: E currentWindowPosition: 7 currentAminoAcid: P =&gt; 10
  input in matrix: state: E currentWindowPosition: 8 currentAminoAcid: P =&gt; 0
  input in matrix: state: E currentWindowPosition: 9 currentAminoAcid: P =&gt; 18
  input in matrix: state: E currentWindowPosition: 10 currentAminoAcid: P =&gt; 45
  input in matrix: state: E currentWindowPosition: 11 currentAminoAcid: P =&gt; 35
  input in matrix: state: E currentWindowPosition: 12 currentAminoAcid: P =&gt; 44
  input in matrix: state: E currentWindowPosition: 13 currentAminoAcid: P =&gt; 32
  input in matrix: state: E currentWindowPosition: 14 currentAminoAcid: P =&gt; 38
  input in matrix: state: E currentWindowPosition: 15 currentAminoAcid: P =&gt; 26
  input in matrix: state: E currentWindowPosition: 16 currentAminoAcid: P =&gt; 43
Process line: Q	20	32	17	27	20	25	25	13	0	19	22	15	23	23	15	27	32
 data line!
  input in matrix: state: E currentWindowPosition: 0 currentAminoAcid: Q =&gt; 20
  input in matrix: state: E currentWindowPosition: 1 currentAminoAcid: Q =&gt; 32
  input in matrix: state: E currentWindowPosition: 2 currentAminoAcid: Q =&gt; 17
  input in matrix: state: E currentWindowPosition: 3 currentAminoAcid: Q =&gt; 27
  input in matrix: state: E currentWindowPosition: 4 currentAminoAcid: Q =&gt; 20
  input in matrix: state: E currentWindowPosition: 5 currentAminoAcid: Q =&gt; 25
  input in matrix: state: E currentWindowPosition: 6 currentAminoAcid: Q =&gt; 25
  input in matrix: state: E currentWindowPosition: 7 currentAminoAcid: Q =&gt; 13
  input in matrix: state: E currentWindowPosition: 8 currentAminoAcid: Q =&gt; 0
  input in matrix: state: E currentWindowPosition: 9 currentAminoAcid: Q =&gt; 19
  input in matrix: state: E currentWindowPosition: 10 currentAminoAcid: Q =&gt; 22
  input in matrix: state: E currentWindowPosition: 11 currentAminoAcid: Q =&gt; 15
  input in matrix: state: E currentWindowPosition: 12 currentAminoAcid: Q =&gt; 23
  input in matrix: state: E currentWindowPosition: 13 currentAminoAcid: Q =&gt; 23
  input in matrix: state: E currentWindowPosition: 14 currentAminoAcid: Q =&gt; 15
  input in matrix: state: E currentWindowPosition: 15 currentAminoAcid: Q =&gt; 27
  input in matrix: state: E currentWindowPosition: 16 currentAminoAcid: Q =&gt; 32
Process line: R	21	36	32	40	35	36	38	28	678	18	34	30	30	34	25	30	22
 data line!
  input in matrix: state: E currentWindowPosition: 0 currentAminoAcid: R =&gt; 21
  input in matrix: state: E currentWindowPosition: 1 currentAminoAcid: R =&gt; 36
  input in matrix: state: E currentWindowPosition: 2 currentAminoAcid: R =&gt; 32
  input in matrix: state: E currentWindowPosition: 3 currentAminoAcid: R =&gt; 40
  input in matrix: state: E currentWindowPosition: 4 currentAminoAcid: R =&gt; 35
  input in matrix: state: E currentWindowPosition: 5 currentAminoAcid: R =&gt; 36
  input in matrix: state: E currentWindowPosition: 6 currentAminoAcid: R =&gt; 38
  input in matrix: state: E currentWindowPosition: 7 currentAminoAcid: R =&gt; 28
  input in matrix: state: E currentWindowPosition: 8 currentAminoAcid: R =&gt; 678
  input in matrix: state: E currentWindowPosition: 9 currentAminoAcid: R =&gt; 18
  input in matrix: state: E currentWindowPosition: 10 currentAminoAcid: R =&gt; 34
  input in matrix: state: E currentWindowPosition: 11 currentAminoAcid: R =&gt; 30
  input in matrix: state: E currentWindowPosition: 12 currentAminoAcid: R =&gt; 30
  input in matrix: state: E currentWindowPosition: 13 currentAminoAcid: R =&gt; 34
  input in matrix: state: E currentWindowPosition: 14 currentAminoAcid: R =&gt; 25
  input in matrix: state: E currentWindowPosition: 15 currentAminoAcid: R =&gt; 30
  input in matrix: state: E currentWindowPosition: 16 currentAminoAcid: R =&gt; 22
Process line: S	50	38	43	45	46	41	48	29	0	37	39	47	51	42	55	51	57
 data line!
  input in matrix: state: E currentWindowPosition: 0 currentAminoAcid: S =&gt; 50
  input in matrix: state: E currentWindowPosition: 1 currentAminoAcid: S =&gt; 38
  input in matrix: state: E currentWindowPosition: 2 currentAminoAcid: S =&gt; 43
  input in matrix: state: E currentWindowPosition: 3 currentAminoAcid: S =&gt; 45
  input in matrix: state: E currentWindowPosition: 4 currentAminoAcid: S =&gt; 46
  input in matrix: state: E currentWindowPosition: 5 currentAminoAcid: S =&gt; 41
  input in matrix: state: E currentWindowPosition: 6 currentAminoAcid: S =&gt; 48
  input in matrix: state: E currentWindowPosition: 7 currentAminoAcid: S =&gt; 29
  input in matrix: state: E currentWindowPosition: 8 currentAminoAcid: S =&gt; 0
  input in matrix: state: E currentWindowPosition: 9 currentAminoAcid: S =&gt; 37
  input in matrix: state: E currentWindowPosition: 10 currentAminoAcid: S =&gt; 39
  input in matrix: state: E currentWindowPosition: 11 currentAminoAcid: S =&gt; 47
  input in matrix: state: E currentWindowPosition: 12 currentAminoAcid: S =&gt; 51
  input in matrix: state: E currentWindowPosition: 13 currentAminoAcid: S =&gt; 42
  input in matrix: state: E currentWindowPosition: 14 currentAminoAcid: S =&gt; 55
  input in matrix: state: E currentWindowPosition: 15 currentAminoAcid: S =&gt; 51
  input in matrix: state: E currentWindowPosition: 16 currentAminoAcid: S =&gt; 57
Process line: T	51	35	47	35	47	42	47	39	0	34	33	34	41	45	45	49	53
 data line!
  input in matrix: state: E currentWindowPosition: 0 currentAminoAcid: T =&gt; 51
  input in matrix: state: E currentWindowPosition: 1 currentAminoAcid: T =&gt; 35
  input in matrix: state: E currentWindowPosition: 2 currentAminoAcid: T =&gt; 47
  input in matrix: state: E currentWindowPosition: 3 currentAminoAcid: T =&gt; 35
  input in matrix: state: E currentWindowPosition: 4 currentAminoAcid: T =&gt; 47
  input in matrix: state: E currentWindowPosition: 5 currentAminoAcid: T =&gt; 42
  input in matrix: state: E currentWindowPosition: 6 currentAminoAcid: T =&gt; 47
  input in matrix: state: E currentWindowPosition: 7 currentAminoAcid: T =&gt; 39
  input in matrix: state: E currentWindowPosition: 8 currentAminoAcid: T =&gt; 0
  input in matrix: state: E currentWindowPosition: 9 currentAminoAcid: T =&gt; 34
  input in matrix: state: E currentWindowPosition: 10 currentAminoAcid: T =&gt; 33
  input in matrix: state: E currentWindowPosition: 11 currentAminoAcid: T =&gt; 34
  input in matrix: state: E currentWindowPosition: 12 currentAminoAcid: T =&gt; 41
  input in matrix: state: E currentWindowPosition: 13 currentAminoAcid: T =&gt; 45
  input in matrix: state: E currentWindowPosition: 14 currentAminoAcid: T =&gt; 45
  input in matrix: state: E currentWindowPosition: 15 currentAminoAcid: T =&gt; 49
  input in matrix: state: E currentWindowPosition: 16 currentAminoAcid: T =&gt; 53
Process line: V	46	41	50	46	45	47	68	85	0	91	59	56	56	45	45	45	47
 data line!
  input in matrix: state: E currentWindowPosition: 0 currentAminoAcid: V =&gt; 46
  input in matrix: state: E currentWindowPosition: 1 currentAminoAcid: V =&gt; 41
  input in matrix: state: E currentWindowPosition: 2 currentAminoAcid: V =&gt; 50
  input in matrix: state: E currentWindowPosition: 3 currentAminoAcid: V =&gt; 46
  input in matrix: state: E currentWindowPosition: 4 currentAminoAcid: V =&gt; 45
  input in matrix: state: E currentWindowPosition: 5 currentAminoAcid: V =&gt; 47
  input in matrix: state: E currentWindowPosition: 6 currentAminoAcid: V =&gt; 68
  input in matrix: state: E currentWindowPosition: 7 currentAminoAcid: V =&gt; 85
  input in matrix: state: E currentWindowPosition: 8 currentAminoAcid: V =&gt; 0
  input in matrix: state: E currentWindowPosition: 9 currentAminoAcid: V =&gt; 91
  input in matrix: state: E currentWindowPosition: 10 currentAminoAcid: V =&gt; 59
  input in matrix: state: E currentWindowPosition: 11 currentAminoAcid: V =&gt; 56
  input in matrix: state: E currentWindowPosition: 12 currentAminoAcid: V =&gt; 56
  input in matrix: state: E currentWindowPosition: 13 currentAminoAcid: V =&gt; 45
  input in matrix: state: E currentWindowPosition: 14 currentAminoAcid: V =&gt; 45
  input in matrix: state: E currentWindowPosition: 15 currentAminoAcid: V =&gt; 45
  input in matrix: state: E currentWindowPosition: 16 currentAminoAcid: V =&gt; 47
Process line: W	9	8	11	7	12	9	13	12	0	8	6	6	4	9	13	14	7
 data line!
  input in matrix: state: E currentWindowPosition: 0 currentAminoAcid: W =&gt; 9
  input in matrix: state: E currentWindowPosition: 1 currentAminoAcid: W =&gt; 8
  input in matrix: state: E currentWindowPosition: 2 currentAminoAcid: W =&gt; 11
  input in matrix: state: E currentWindowPosition: 3 currentAminoAcid: W =&gt; 7
  input in matrix: state: E currentWindowPosition: 4 currentAminoAcid: W =&gt; 12
  input in matrix: state: E currentWindowPosition: 5 currentAminoAcid: W =&gt; 9
  input in matrix: state: E currentWindowPosition: 6 currentAminoAcid: W =&gt; 13
  input in matrix: state: E currentWindowPosition: 7 currentAminoAcid: W =&gt; 12
  input in matrix: state: E currentWindowPosition: 8 currentAminoAcid: W =&gt; 0
  input in matrix: state: E currentWindowPosition: 9 currentAminoAcid: W =&gt; 8
  input in matrix: state: E currentWindowPosition: 10 currentAminoAcid: W =&gt; 6
  input in matrix: state: E currentWindowPosition: 11 currentAminoAcid: W =&gt; 6
  input in matrix: state: E currentWindowPosition: 12 currentAminoAcid: W =&gt; 4
  input in matrix: state: E currentWindowPosition: 13 currentAminoAcid: W =&gt; 9
  input in matrix: state: E currentWindowPosition: 14 currentAminoAcid: W =&gt; 13
  input in matrix: state: E currentWindowPosition: 15 currentAminoAcid: W =&gt; 14
  input in matrix: state: E currentWindowPosition: 16 currentAminoAcid: W =&gt; 7
Process line: Y	19	23	28	13	23	32	23	27	0	38	32	22	34	27	25	28	21
 data line!
  input in matrix: state: E currentWindowPosition: 0 currentAminoAcid: Y =&gt; 19
  input in matrix: state: E currentWindowPosition: 1 currentAminoAcid: Y =&gt; 23
  input in matrix: state: E currentWindowPosition: 2 currentAminoAcid: Y =&gt; 28
  input in matrix: state: E currentWindowPosition: 3 currentAminoAcid: Y =&gt; 13
  input in matrix: state: E currentWindowPosition: 4 currentAminoAcid: Y =&gt; 23
  input in matrix: state: E currentWindowPosition: 5 currentAminoAcid: Y =&gt; 32
  input in matrix: state: E currentWindowPosition: 6 currentAminoAcid: Y =&gt; 23
  input in matrix: state: E currentWindowPosition: 7 currentAminoAcid: Y =&gt; 27
  input in matrix: state: E currentWindowPosition: 8 currentAminoAcid: Y =&gt; 0
  input in matrix: state: E currentWindowPosition: 9 currentAminoAcid: Y =&gt; 38
  input in matrix: state: E currentWindowPosition: 10 currentAminoAcid: Y =&gt; 32
  input in matrix: state: E currentWindowPosition: 11 currentAminoAcid: Y =&gt; 22
  input in matrix: state: E currentWindowPosition: 12 currentAminoAcid: Y =&gt; 34
  input in matrix: state: E currentWindowPosition: 13 currentAminoAcid: Y =&gt; 27
  input in matrix: state: E currentWindowPosition: 14 currentAminoAcid: Y =&gt; 25
  input in matrix: state: E currentWindowPosition: 15 currentAminoAcid: Y =&gt; 28
  input in matrix: state: E currentWindowPosition: 16 currentAminoAcid: Y =&gt; 21
Process line: 
 Skip line!
Process line: 
 Skip line!
Process line: =R,H=
 state line! (now in state: H)
Process line: 
 Skip line!
Process line: A	140	154	141	144	144	182	199	170	0	166	179	165	139	135	144	140	142
 data line!
  input in matrix: state: H currentWindowPosition: 0 currentAminoAcid: A =&gt; 140
  input in matrix: state: H currentWindowPosition: 1 currentAminoAcid: A =&gt; 154
  input in matrix: state: H currentWindowPosition: 2 currentAminoAcid: A =&gt; 141
  input in matrix: state: H currentWindowPosition: 3 currentAminoAcid: A =&gt; 144
  input in matrix: state: H currentWindowPosition: 4 currentAminoAcid: A =&gt; 144
  input in matrix: state: H currentWindowPosition: 5 currentAminoAcid: A =&gt; 182
  input in matrix: state: H currentWindowPosition: 6 currentAminoAcid: A =&gt; 199
  input in matrix: state: H currentWindowPosition: 7 currentAminoAcid: A =&gt; 170
  input in matrix: state: H currentWindowPosition: 8 currentAminoAcid: A =&gt; 0
  input in matrix: state: H currentWindowPosition: 9 currentAminoAcid: A =&gt; 166
  input in matrix: state: H currentWindowPosition: 10 currentAminoAcid: A =&gt; 179
  input in matrix: state: H currentWindowPosition: 11 currentAminoAcid: A =&gt; 165
  input in matrix: state: H currentWindowPosition: 12 currentAminoAcid: A =&gt; 139
  input in matrix: state: H currentWindowPosition: 13 currentAminoAcid: A =&gt; 135
  input in matrix: state: H currentWindowPosition: 14 currentAminoAcid: A =&gt; 144
  input in matrix: state: H currentWindowPosition: 15 currentAminoAcid: A =&gt; 140
  input in matrix: state: H currentWindowPosition: 16 currentAminoAcid: A =&gt; 142
Process line: C	18	26	21	20	12	14	22	25	0	16	29	15	15	26	27	12	21
 data line!
  input in matrix: state: H currentWindowPosition: 0 currentAminoAcid: C =&gt; 18
  input in matrix: state: H currentWindowPosition: 1 currentAminoAcid: C =&gt; 26
  input in matrix: state: H currentWindowPosition: 2 currentAminoAcid: C =&gt; 21
  input in matrix: state: H currentWindowPosition: 3 currentAminoAcid: C =&gt; 20
  input in matrix: state: H currentWindowPosition: 4 currentAminoAcid: C =&gt; 12
  input in matrix: state: H currentWindowPosition: 5 currentAminoAcid: C =&gt; 14
  input in matrix: state: H currentWindowPosition: 6 currentAminoAcid: C =&gt; 22
  input in matrix: state: H currentWindowPosition: 7 currentAminoAcid: C =&gt; 25
  input in matrix: state: H currentWindowPosition: 8 currentAminoAcid: C =&gt; 0
  input in matrix: state: H currentWindowPosition: 9 currentAminoAcid: C =&gt; 16
  input in matrix: state: H currentWindowPosition: 10 currentAminoAcid: C =&gt; 29
  input in matrix: state: H currentWindowPosition: 11 currentAminoAcid: C =&gt; 15
  input in matrix: state: H currentWindowPosition: 12 currentAminoAcid: C =&gt; 15
  input in matrix: state: H currentWindowPosition: 13 currentAminoAcid: C =&gt; 26
  input in matrix: state: H currentWindowPosition: 14 currentAminoAcid: C =&gt; 27
  input in matrix: state: H currentWindowPosition: 15 currentAminoAcid: C =&gt; 12
  input in matrix: state: H currentWindowPosition: 16 currentAminoAcid: C =&gt; 21
Process line: D	89	112	105	96	113	124	69	79	0	101	54	79	95	75	73	90	71
 data line!
  input in matrix: state: H currentWindowPosition: 0 currentAminoAcid: D =&gt; 89
  input in matrix: state: H currentWindowPosition: 1 currentAminoAcid: D =&gt; 112
  input in matrix: state: H currentWindowPosition: 2 currentAminoAcid: D =&gt; 105
  input in matrix: state: H currentWindowPosition: 3 currentAminoAcid: D =&gt; 96
  input in matrix: state: H currentWindowPosition: 4 currentAminoAcid: D =&gt; 113
  input in matrix: state: H currentWindowPosition: 5 currentAminoAcid: D =&gt; 124
  input in matrix: state: H currentWindowPosition: 6 currentAminoAcid: D =&gt; 69
  input in matrix: state: H currentWindowPosition: 7 currentAminoAcid: D =&gt; 79
  input in matrix: state: H currentWindowPosition: 8 currentAminoAcid: D =&gt; 0
  input in matrix: state: H currentWindowPosition: 9 currentAminoAcid: D =&gt; 101
  input in matrix: state: H currentWindowPosition: 10 currentAminoAcid: D =&gt; 54
  input in matrix: state: H currentWindowPosition: 11 currentAminoAcid: D =&gt; 79
  input in matrix: state: H currentWindowPosition: 12 currentAminoAcid: D =&gt; 95
  input in matrix: state: H currentWindowPosition: 13 currentAminoAcid: D =&gt; 75
  input in matrix: state: H currentWindowPosition: 14 currentAminoAcid: D =&gt; 73
  input in matrix: state: H currentWindowPosition: 15 currentAminoAcid: D =&gt; 90
  input in matrix: state: H currentWindowPosition: 16 currentAminoAcid: D =&gt; 71
Process line: E	109	127	99	99	157	147	97	95	0	142	73	112	140	93	94	116	96
 data line!
  input in matrix: state: H currentWindowPosition: 0 currentAminoAcid: E =&gt; 109
  input in matrix: state: H currentWindowPosition: 1 currentAminoAcid: E =&gt; 127
  input in matrix: state: H currentWindowPosition: 2 currentAminoAcid: E =&gt; 99
  input in matrix: state: H currentWindowPosition: 3 currentAminoAcid: E =&gt; 99
  input in matrix: state: H currentWindowPosition: 4 currentAminoAcid: E =&gt; 157
  input in matrix: state: H currentWindowPosition: 5 currentAminoAcid: E =&gt; 147
  input in matrix: state: H currentWindowPosition: 6 currentAminoAcid: E =&gt; 97
  input in matrix: state: H currentWindowPosition: 7 currentAminoAcid: E =&gt; 95
  input in matrix: state: H currentWindowPosition: 8 currentAminoAcid: E =&gt; 0
  input in matrix: state: H currentWindowPosition: 9 currentAminoAcid: E =&gt; 142
  input in matrix: state: H currentWindowPosition: 10 currentAminoAcid: E =&gt; 73
  input in matrix: state: H currentWindowPosition: 11 currentAminoAcid: E =&gt; 112
  input in matrix: state: H currentWindowPosition: 12 currentAminoAcid: E =&gt; 140
  input in matrix: state: H currentWindowPosition: 13 currentAminoAcid: E =&gt; 93
  input in matrix: state: H currentWindowPosition: 14 currentAminoAcid: E =&gt; 94
  input in matrix: state: H currentWindowPosition: 15 currentAminoAcid: E =&gt; 116
  input in matrix: state: H currentWindowPosition: 16 currentAminoAcid: E =&gt; 96
Process line: F	52	45	63	55	52	46	70	43	0	69	84	76	53	60	58	74	47
 data line!
  input in matrix: state: H currentWindowPosition: 0 currentAminoAcid: F =&gt; 52
  input in matrix: state: H currentWindowPosition: 1 currentAminoAcid: F =&gt; 45
  input in matrix: state: H currentWindowPosition: 2 currentAminoAcid: F =&gt; 63
  input in matrix: state: H currentWindowPosition: 3 currentAminoAcid: F =&gt; 55
  input in matrix: state: H currentWindowPosition: 4 currentAminoAcid: F =&gt; 52
  input in matrix: state: H currentWindowPosition: 5 currentAminoAcid: F =&gt; 46
  input in matrix: state: H currentWindowPosition: 6 currentAminoAcid: F =&gt; 70
  input in matrix: state: H currentWindowPosition: 7 currentAminoAcid: F =&gt; 43
  input in matrix: state: H currentWindowPosition: 8 currentAminoAcid: F =&gt; 0
  input in matrix: state: H currentWindowPosition: 9 currentAminoAcid: F =&gt; 69
  input in matrix: state: H currentWindowPosition: 10 currentAminoAcid: F =&gt; 84
  input in matrix: state: H currentWindowPosition: 11 currentAminoAcid: F =&gt; 76
  input in matrix: state: H currentWindowPosition: 12 currentAminoAcid: F =&gt; 53
  input in matrix: state: H currentWindowPosition: 13 currentAminoAcid: F =&gt; 60
  input in matrix: state: H currentWindowPosition: 14 currentAminoAcid: F =&gt; 58
  input in matrix: state: H currentWindowPosition: 15 currentAminoAcid: F =&gt; 74
  input in matrix: state: H currentWindowPosition: 16 currentAminoAcid: F =&gt; 47
Process line: G	108	107	95	108	83	73	59	54	0	53	103	105	114	99	125	108	105
 data line!
  input in matrix: state: H currentWindowPosition: 0 currentAminoAcid: G =&gt; 108
  input in matrix: state: H currentWindowPosition: 1 currentAminoAcid: G =&gt; 107
  input in matrix: state: H currentWindowPosition: 2 currentAminoAcid: G =&gt; 95
  input in matrix: state: H currentWindowPosition: 3 currentAminoAcid: G =&gt; 108
  input in matrix: state: H currentWindowPosition: 4 currentAminoAcid: G =&gt; 83
  input in matrix: state: H currentWindowPosition: 5 currentAminoAcid: G =&gt; 73
  input in matrix: state: H currentWindowPosition: 6 currentAminoAcid: G =&gt; 59
  input in matrix: state: H currentWindowPosition: 7 currentAminoAcid: G =&gt; 54
  input in matrix: state: H currentWindowPosition: 8 currentAminoAcid: G =&gt; 0
  input in matrix: state: H currentWindowPosition: 9 currentAminoAcid: G =&gt; 53
  input in matrix: state: H currentWindowPosition: 10 currentAminoAcid: G =&gt; 103
  input in matrix: state: H currentWindowPosition: 11 currentAminoAcid: G =&gt; 105
  input in matrix: state: H currentWindowPosition: 12 currentAminoAcid: G =&gt; 114
  input in matrix: state: H currentWindowPosition: 13 currentAminoAcid: G =&gt; 99
  input in matrix: state: H currentWindowPosition: 14 currentAminoAcid: G =&gt; 125
  input in matrix: state: H currentWindowPosition: 15 currentAminoAcid: G =&gt; 108
  input in matrix: state: H currentWindowPosition: 16 currentAminoAcid: G =&gt; 105
Process line: H	38	33	32	28	29	25	28	28	0	39	28	21	30	41	40	27	34
 data line!
  input in matrix: state: H currentWindowPosition: 0 currentAminoAcid: H =&gt; 38
  input in matrix: state: H currentWindowPosition: 1 currentAminoAcid: H =&gt; 33
  input in matrix: state: H currentWindowPosition: 2 currentAminoAcid: H =&gt; 32
  input in matrix: state: H currentWindowPosition: 3 currentAminoAcid: H =&gt; 28
  input in matrix: state: H currentWindowPosition: 4 currentAminoAcid: H =&gt; 29
  input in matrix: state: H currentWindowPosition: 5 currentAminoAcid: H =&gt; 25
  input in matrix: state: H currentWindowPosition: 6 currentAminoAcid: H =&gt; 28
  input in matrix: state: H currentWindowPosition: 7 currentAminoAcid: H =&gt; 28
  input in matrix: state: H currentWindowPosition: 8 currentAminoAcid: H =&gt; 0
  input in matrix: state: H currentWindowPosition: 9 currentAminoAcid: H =&gt; 39
  input in matrix: state: H currentWindowPosition: 10 currentAminoAcid: H =&gt; 28
  input in matrix: state: H currentWindowPosition: 11 currentAminoAcid: H =&gt; 21
  input in matrix: state: H currentWindowPosition: 12 currentAminoAcid: H =&gt; 30
  input in matrix: state: H currentWindowPosition: 13 currentAminoAcid: H =&gt; 41
  input in matrix: state: H currentWindowPosition: 14 currentAminoAcid: H =&gt; 40
  input in matrix: state: H currentWindowPosition: 15 currentAminoAcid: H =&gt; 27
  input in matrix: state: H currentWindowPosition: 16 currentAminoAcid: H =&gt; 34
Process line: I	79	55	83	75	80	61	100	93	0	93	87	76	81	74	69	84	88
 data line!
  input in matrix: state: H currentWindowPosition: 0 currentAminoAcid: I =&gt; 79
  input in matrix: state: H currentWindowPosition: 1 currentAminoAcid: I =&gt; 55
  input in matrix: state: H currentWindowPosition: 2 currentAminoAcid: I =&gt; 83
  input in matrix: state: H currentWindowPosition: 3 currentAminoAcid: I =&gt; 75
  input in matrix: state: H currentWindowPosition: 4 currentAminoAcid: I =&gt; 80
  input in matrix: state: H currentWindowPosition: 5 currentAminoAcid: I =&gt; 61
  input in matrix: state: H currentWindowPosition: 6 currentAminoAcid: I =&gt; 100
  input in matrix: state: H currentWindowPosition: 7 currentAminoAcid: I =&gt; 93
  input in matrix: state: H currentWindowPosition: 8 currentAminoAcid: I =&gt; 0
  input in matrix: state: H currentWindowPosition: 9 currentAminoAcid: I =&gt; 93
  input in matrix: state: H currentWindowPosition: 10 currentAminoAcid: I =&gt; 87
  input in matrix: state: H currentWindowPosition: 11 currentAminoAcid: I =&gt; 76
  input in matrix: state: H currentWindowPosition: 12 currentAminoAcid: I =&gt; 81
  input in matrix: state: H currentWindowPosition: 13 currentAminoAcid: I =&gt; 74
  input in matrix: state: H currentWindowPosition: 14 currentAminoAcid: I =&gt; 69
  input in matrix: state: H currentWindowPosition: 15 currentAminoAcid: I =&gt; 84
  input in matrix: state: H currentWindowPosition: 16 currentAminoAcid: I =&gt; 88
Process line: K	63	78	57	67	72	82	56	97	0	81	82	91	87	92	83	92	100
 data line!
  input in matrix: state: H currentWindowPosition: 0 currentAminoAcid: K =&gt; 63
  input in matrix: state: H currentWindowPosition: 1 currentAminoAcid: K =&gt; 78
  input in matrix: state: H currentWindowPosition: 2 currentAminoAcid: K =&gt; 57
  input in matrix: state: H currentWindowPosition: 3 currentAminoAcid: K =&gt; 67
  input in matrix: state: H currentWindowPosition: 4 currentAminoAcid: K =&gt; 72
  input in matrix: state: H currentWindowPosition: 5 currentAminoAcid: K =&gt; 82
  input in matrix: state: H currentWindowPosition: 6 currentAminoAcid: K =&gt; 56
  input in matrix: state: H currentWindowPosition: 7 currentAminoAcid: K =&gt; 97
  input in matrix: state: H currentWindowPosition: 8 currentAminoAcid: K =&gt; 0
  input in matrix: state: H currentWindowPosition: 9 currentAminoAcid: K =&gt; 81
  input in matrix: state: H currentWindowPosition: 10 currentAminoAcid: K =&gt; 82
  input in matrix: state: H currentWindowPosition: 11 currentAminoAcid: K =&gt; 91
  input in matrix: state: H currentWindowPosition: 12 currentAminoAcid: K =&gt; 87
  input in matrix: state: H currentWindowPosition: 13 currentAminoAcid: K =&gt; 92
  input in matrix: state: H currentWindowPosition: 14 currentAminoAcid: K =&gt; 83
  input in matrix: state: H currentWindowPosition: 15 currentAminoAcid: K =&gt; 92
  input in matrix: state: H currentWindowPosition: 16 currentAminoAcid: K =&gt; 100
Process line: L	143	121	132	124	134	133	170	203	0	168	221	158	145	166	182	152	141
 data line!
  input in matrix: state: H currentWindowPosition: 0 currentAminoAcid: L =&gt; 143
  input in matrix: state: H currentWindowPosition: 1 currentAminoAcid: L =&gt; 121
  input in matrix: state: H currentWindowPosition: 2 currentAminoAcid: L =&gt; 132
  input in matrix: state: H currentWindowPosition: 3 currentAminoAcid: L =&gt; 124
  input in matrix: state: H currentWindowPosition: 4 currentAminoAcid: L =&gt; 134
  input in matrix: state: H currentWindowPosition: 5 currentAminoAcid: L =&gt; 133
  input in matrix: state: H currentWindowPosition: 6 currentAminoAcid: L =&gt; 170
  input in matrix: state: H currentWindowPosition: 7 currentAminoAcid: L =&gt; 203
  input in matrix: state: H currentWindowPosition: 8 currentAminoAcid: L =&gt; 0
  input in matrix: state: H currentWindowPosition: 9 currentAminoAcid: L =&gt; 168
  input in matrix: state: H currentWindowPosition: 10 currentAminoAcid: L =&gt; 221
  input in matrix: state: H currentWindowPosition: 11 currentAminoAcid: L =&gt; 158
  input in matrix: state: H currentWindowPosition: 12 currentAminoAcid: L =&gt; 145
  input in matrix: state: H currentWindowPosition: 13 currentAminoAcid: L =&gt; 166
  input in matrix: state: H currentWindowPosition: 14 currentAminoAcid: L =&gt; 182
  input in matrix: state: H currentWindowPosition: 15 currentAminoAcid: L =&gt; 152
  input in matrix: state: H currentWindowPosition: 16 currentAminoAcid: L =&gt; 141
Process line: M	31	32	44	48	37	43	48	40	0	47	45	49	24	34	38	35	30
 data line!
  input in matrix: state: H currentWindowPosition: 0 currentAminoAcid: M =&gt; 31
  input in matrix: state: H currentWindowPosition: 1 currentAminoAcid: M =&gt; 32
  input in matrix: state: H currentWindowPosition: 2 currentAminoAcid: M =&gt; 44
  input in matrix: state: H currentWindowPosition: 3 currentAminoAcid: M =&gt; 48
  input in matrix: state: H currentWindowPosition: 4 currentAminoAcid: M =&gt; 37
  input in matrix: state: H currentWindowPosition: 5 currentAminoAcid: M =&gt; 43
  input in matrix: state: H currentWindowPosition: 6 currentAminoAcid: M =&gt; 48
  input in matrix: state: H currentWindowPosition: 7 currentAminoAcid: M =&gt; 40
  input in matrix: state: H currentWindowPosition: 8 currentAminoAcid: M =&gt; 0
  input in matrix: state: H currentWindowPosition: 9 currentAminoAcid: M =&gt; 47
  input in matrix: state: H currentWindowPosition: 10 currentAminoAcid: M =&gt; 45
  input in matrix: state: H currentWindowPosition: 11 currentAminoAcid: M =&gt; 49
  input in matrix: state: H currentWindowPosition: 12 currentAminoAcid: M =&gt; 24
  input in matrix: state: H currentWindowPosition: 13 currentAminoAcid: M =&gt; 34
  input in matrix: state: H currentWindowPosition: 14 currentAminoAcid: M =&gt; 38
  input in matrix: state: H currentWindowPosition: 15 currentAminoAcid: M =&gt; 35
  input in matrix: state: H currentWindowPosition: 16 currentAminoAcid: M =&gt; 30
Process line: N	84	65	66	76	67	68	51	56	0	61	40	61	59	73	54	64	68
 data line!
  input in matrix: state: H currentWindowPosition: 0 currentAminoAcid: N =&gt; 84
  input in matrix: state: H currentWindowPosition: 1 currentAminoAcid: N =&gt; 65
  input in matrix: state: H currentWindowPosition: 2 currentAminoAcid: N =&gt; 66
  input in matrix: state: H currentWindowPosition: 3 currentAminoAcid: N =&gt; 76
  input in matrix: state: H currentWindowPosition: 4 currentAminoAcid: N =&gt; 67
  input in matrix: state: H currentWindowPosition: 5 currentAminoAcid: N =&gt; 68
  input in matrix: state: H currentWindowPosition: 6 currentAminoAcid: N =&gt; 51
  input in matrix: state: H currentWindowPosition: 7 currentAminoAcid: N =&gt; 56
  input in matrix: state: H currentWindowPosition: 8 currentAminoAcid: N =&gt; 0
  input in matrix: state: H currentWindowPosition: 9 currentAminoAcid: N =&gt; 61
  input in matrix: state: H currentWindowPosition: 10 currentAminoAcid: N =&gt; 40
  input in matrix: state: H currentWindowPosition: 11 currentAminoAcid: N =&gt; 61
  input in matrix: state: H currentWindowPosition: 12 currentAminoAcid: N =&gt; 59
  input in matrix: state: H currentWindowPosition: 13 currentAminoAcid: N =&gt; 73
  input in matrix: state: H currentWindowPosition: 14 currentAminoAcid: N =&gt; 54
  input in matrix: state: H currentWindowPosition: 15 currentAminoAcid: N =&gt; 64
  input in matrix: state: H currentWindowPosition: 16 currentAminoAcid: N =&gt; 68
Process line: P	66	78	64	57	64	50	31	38	0	11	24	45	51	57	63	54	65
 data line!
  input in matrix: state: H currentWindowPosition: 0 currentAminoAcid: P =&gt; 66
  input in matrix: state: H currentWindowPosition: 1 currentAminoAcid: P =&gt; 78
  input in matrix: state: H currentWindowPosition: 2 currentAminoAcid: P =&gt; 64
  input in matrix: state: H currentWindowPosition: 3 currentAminoAcid: P =&gt; 57
  input in matrix: state: H currentWindowPosition: 4 currentAminoAcid: P =&gt; 64
  input in matrix: state: H currentWindowPosition: 5 currentAminoAcid: P =&gt; 50
  input in matrix: state: H currentWindowPosition: 6 currentAminoAcid: P =&gt; 31
  input in matrix: state: H currentWindowPosition: 7 currentAminoAcid: P =&gt; 38
  input in matrix: state: H currentWindowPosition: 8 currentAminoAcid: P =&gt; 0
  input in matrix: state: H currentWindowPosition: 9 currentAminoAcid: P =&gt; 11
  input in matrix: state: H currentWindowPosition: 10 currentAminoAcid: P =&gt; 24
  input in matrix: state: H currentWindowPosition: 11 currentAminoAcid: P =&gt; 45
  input in matrix: state: H currentWindowPosition: 12 currentAminoAcid: P =&gt; 51
  input in matrix: state: H currentWindowPosition: 13 currentAminoAcid: P =&gt; 57
  input in matrix: state: H currentWindowPosition: 14 currentAminoAcid: P =&gt; 63
  input in matrix: state: H currentWindowPosition: 15 currentAminoAcid: P =&gt; 54
  input in matrix: state: H currentWindowPosition: 16 currentAminoAcid: P =&gt; 65
Process line: Q	58	64	54	54	67	72	68	68	0	79	75	74	78	60	60	48	51
 data line!
  input in matrix: state: H currentWindowPosition: 0 currentAminoAcid: Q =&gt; 58
  input in matrix: state: H currentWindowPosition: 1 currentAminoAcid: Q =&gt; 64
  input in matrix: state: H currentWindowPosition: 2 currentAminoAcid: Q =&gt; 54
  input in matrix: state: H currentWindowPosition: 3 currentAminoAcid: Q =&gt; 54
  input in matrix: state: H currentWindowPosition: 4 currentAminoAcid: Q =&gt; 67
  input in matrix: state: H currentWindowPosition: 5 currentAminoAcid: Q =&gt; 72
  input in matrix: state: H currentWindowPosition: 6 currentAminoAcid: Q =&gt; 68
  input in matrix: state: H currentWindowPosition: 7 currentAminoAcid: Q =&gt; 68
  input in matrix: state: H currentWindowPosition: 8 currentAminoAcid: Q =&gt; 0
  input in matrix: state: H currentWindowPosition: 9 currentAminoAcid: Q =&gt; 79
  input in matrix: state: H currentWindowPosition: 10 currentAminoAcid: Q =&gt; 75
  input in matrix: state: H currentWindowPosition: 11 currentAminoAcid: Q =&gt; 74
  input in matrix: state: H currentWindowPosition: 12 currentAminoAcid: Q =&gt; 78
  input in matrix: state: H currentWindowPosition: 13 currentAminoAcid: Q =&gt; 60
  input in matrix: state: H currentWindowPosition: 14 currentAminoAcid: Q =&gt; 60
  input in matrix: state: H currentWindowPosition: 15 currentAminoAcid: Q =&gt; 48
  input in matrix: state: H currentWindowPosition: 16 currentAminoAcid: Q =&gt; 51
Process line: R	58	64	72	87	58	63	65	84	1480	86	66	75	75	94	80	80	79
 data line!
  input in matrix: state: H currentWindowPosition: 0 currentAminoAcid: R =&gt; 58
  input in matrix: state: H currentWindowPosition: 1 currentAminoAcid: R =&gt; 64
  input in matrix: state: H currentWindowPosition: 2 currentAminoAcid: R =&gt; 72
  input in matrix: state: H currentWindowPosition: 3 currentAminoAcid: R =&gt; 87
  input in matrix: state: H currentWindowPosition: 4 currentAminoAcid: R =&gt; 58
  input in matrix: state: H currentWindowPosition: 5 currentAminoAcid: R =&gt; 63
  input in matrix: state: H currentWindowPosition: 6 currentAminoAcid: R =&gt; 65
  input in matrix: state: H currentWindowPosition: 7 currentAminoAcid: R =&gt; 84
  input in matrix: state: H currentWindowPosition: 8 currentAminoAcid: R =&gt; 1480
  input in matrix: state: H currentWindowPosition: 9 currentAminoAcid: R =&gt; 86
  input in matrix: state: H currentWindowPosition: 10 currentAminoAcid: R =&gt; 66
  input in matrix: state: H currentWindowPosition: 11 currentAminoAcid: R =&gt; 75
  input in matrix: state: H currentWindowPosition: 12 currentAminoAcid: R =&gt; 75
  input in matrix: state: H currentWindowPosition: 13 currentAminoAcid: R =&gt; 94
  input in matrix: state: H currentWindowPosition: 14 currentAminoAcid: R =&gt; 80
  input in matrix: state: H currentWindowPosition: 15 currentAminoAcid: R =&gt; 80
  input in matrix: state: H currentWindowPosition: 16 currentAminoAcid: R =&gt; 79
Process line: S	90	88	87	89	83	87	84	63	0	79	53	60	62	73	54	67	79
 data line!
  input in matrix: state: H currentWindowPosition: 0 currentAminoAcid: S =&gt; 90
  input in matrix: state: H currentWindowPosition: 1 currentAminoAcid: S =&gt; 88
  input in matrix: state: H currentWindowPosition: 2 currentAminoAcid: S =&gt; 87
  input in matrix: state: H currentWindowPosition: 3 currentAminoAcid: S =&gt; 89
  input in matrix: state: H currentWindowPosition: 4 currentAminoAcid: S =&gt; 83
  input in matrix: state: H currentWindowPosition: 5 currentAminoAcid: S =&gt; 87
  input in matrix: state: H currentWindowPosition: 6 currentAminoAcid: S =&gt; 84
  input in matrix: state: H currentWindowPosition: 7 currentAminoAcid: S =&gt; 63
  input in matrix: state: H currentWindowPosition: 8 currentAminoAcid: S =&gt; 0
  input in matrix: state: H currentWindowPosition: 9 currentAminoAcid: S =&gt; 79
  input in matrix: state: H currentWindowPosition: 10 currentAminoAcid: S =&gt; 53
  input in matrix: state: H currentWindowPosition: 11 currentAminoAcid: S =&gt; 60
  input in matrix: state: H currentWindowPosition: 12 currentAminoAcid: S =&gt; 62
  input in matrix: state: H currentWindowPosition: 13 currentAminoAcid: S =&gt; 73
  input in matrix: state: H currentWindowPosition: 14 currentAminoAcid: S =&gt; 54
  input in matrix: state: H currentWindowPosition: 15 currentAminoAcid: S =&gt; 67
  input in matrix: state: H currentWindowPosition: 16 currentAminoAcid: S =&gt; 79
Process line: T	87	79	94	83	75	64	67	70	0	47	61	52	78	77	68	70	74
 data line!
  input in matrix: state: H currentWindowPosition: 0 currentAminoAcid: T =&gt; 87
  input in matrix: state: H currentWindowPosition: 1 currentAminoAcid: T =&gt; 79
  input in matrix: state: H currentWindowPosition: 2 currentAminoAcid: T =&gt; 94
  input in matrix: state: H currentWindowPosition: 3 currentAminoAcid: T =&gt; 83
  input in matrix: state: H currentWindowPosition: 4 currentAminoAcid: T =&gt; 75
  input in matrix: state: H currentWindowPosition: 5 currentAminoAcid: T =&gt; 64
  input in matrix: state: H currentWindowPosition: 6 currentAminoAcid: T =&gt; 67
  input in matrix: state: H currentWindowPosition: 7 currentAminoAcid: T =&gt; 70
  input in matrix: state: H currentWindowPosition: 8 currentAminoAcid: T =&gt; 0
  input in matrix: state: H currentWindowPosition: 9 currentAminoAcid: T =&gt; 47
  input in matrix: state: H currentWindowPosition: 10 currentAminoAcid: T =&gt; 61
  input in matrix: state: H currentWindowPosition: 11 currentAminoAcid: T =&gt; 52
  input in matrix: state: H currentWindowPosition: 12 currentAminoAcid: T =&gt; 78
  input in matrix: state: H currentWindowPosition: 13 currentAminoAcid: T =&gt; 77
  input in matrix: state: H currentWindowPosition: 14 currentAminoAcid: T =&gt; 68
  input in matrix: state: H currentWindowPosition: 15 currentAminoAcid: T =&gt; 70
  input in matrix: state: H currentWindowPosition: 16 currentAminoAcid: T =&gt; 74
Process line: V	85	87	93	99	82	82	113	101	0	75	88	88	80	82	95	102	108
 data line!
  input in matrix: state: H currentWindowPosition: 0 currentAminoAcid: V =&gt; 85
  input in matrix: state: H currentWindowPosition: 1 currentAminoAcid: V =&gt; 87
  input in matrix: state: H currentWindowPosition: 2 currentAminoAcid: V =&gt; 93
  input in matrix: state: H currentWindowPosition: 3 currentAminoAcid: V =&gt; 99
  input in matrix: state: H currentWindowPosition: 4 currentAminoAcid: V =&gt; 82
  input in matrix: state: H currentWindowPosition: 5 currentAminoAcid: V =&gt; 82
  input in matrix: state: H currentWindowPosition: 6 currentAminoAcid: V =&gt; 113
  input in matrix: state: H currentWindowPosition: 7 currentAminoAcid: V =&gt; 101
  input in matrix: state: H currentWindowPosition: 8 currentAminoAcid: V =&gt; 0
  input in matrix: state: H currentWindowPosition: 9 currentAminoAcid: V =&gt; 75
  input in matrix: state: H currentWindowPosition: 10 currentAminoAcid: V =&gt; 88
  input in matrix: state: H currentWindowPosition: 11 currentAminoAcid: V =&gt; 88
  input in matrix: state: H currentWindowPosition: 12 currentAminoAcid: V =&gt; 80
  input in matrix: state: H currentWindowPosition: 13 currentAminoAcid: V =&gt; 82
  input in matrix: state: H currentWindowPosition: 14 currentAminoAcid: V =&gt; 95
  input in matrix: state: H currentWindowPosition: 15 currentAminoAcid: V =&gt; 102
  input in matrix: state: H currentWindowPosition: 16 currentAminoAcid: V =&gt; 108
Process line: W	25	21	20	17	24	24	28	24	0	16	32	20	16	18	21	22	19
 data line!
  input in matrix: state: H currentWindowPosition: 0 currentAminoAcid: W =&gt; 25
  input in matrix: state: H currentWindowPosition: 1 currentAminoAcid: W =&gt; 21
  input in matrix: state: H currentWindowPosition: 2 currentAminoAcid: W =&gt; 20
  input in matrix: state: H currentWindowPosition: 3 currentAminoAcid: W =&gt; 17
  input in matrix: state: H currentWindowPosition: 4 currentAminoAcid: W =&gt; 24
  input in matrix: state: H currentWindowPosition: 5 currentAminoAcid: W =&gt; 24
  input in matrix: state: H currentWindowPosition: 6 currentAminoAcid: W =&gt; 28
  input in matrix: state: H currentWindowPosition: 7 currentAminoAcid: W =&gt; 24
  input in matrix: state: H currentWindowPosition: 8 currentAminoAcid: W =&gt; 0
  input in matrix: state: H currentWindowPosition: 9 currentAminoAcid: W =&gt; 16
  input in matrix: state: H currentWindowPosition: 10 currentAminoAcid: W =&gt; 32
  input in matrix: state: H currentWindowPosition: 11 currentAminoAcid: W =&gt; 20
  input in matrix: state: H currentWindowPosition: 12 currentAminoAcid: W =&gt; 16
  input in matrix: state: H currentWindowPosition: 13 currentAminoAcid: W =&gt; 18
  input in matrix: state: H currentWindowPosition: 14 currentAminoAcid: W =&gt; 21
  input in matrix: state: H currentWindowPosition: 15 currentAminoAcid: W =&gt; 22
  input in matrix: state: H currentWindowPosition: 16 currentAminoAcid: W =&gt; 19
Process line: Y	57	44	57	54	47	39	55	49	0	49	56	57	57	51	52	43	62
 data line!
  input in matrix: state: H currentWindowPosition: 0 currentAminoAcid: Y =&gt; 57
  input in matrix: state: H currentWindowPosition: 1 currentAminoAcid: Y =&gt; 44
  input in matrix: state: H currentWindowPosition: 2 currentAminoAcid: Y =&gt; 57
  input in matrix: state: H currentWindowPosition: 3 currentAminoAcid: Y =&gt; 54
  input in matrix: state: H currentWindowPosition: 4 currentAminoAcid: Y =&gt; 47
  input in matrix: state: H currentWindowPosition: 5 currentAminoAcid: Y =&gt; 39
  input in matrix: state: H currentWindowPosition: 6 currentAminoAcid: Y =&gt; 55
  input in matrix: state: H currentWindowPosition: 7 currentAminoAcid: Y =&gt; 49
  input in matrix: state: H currentWindowPosition: 8 currentAminoAcid: Y =&gt; 0
  input in matrix: state: H currentWindowPosition: 9 currentAminoAcid: Y =&gt; 49
  input in matrix: state: H currentWindowPosition: 10 currentAminoAcid: Y =&gt; 56
  input in matrix: state: H currentWindowPosition: 11 currentAminoAcid: Y =&gt; 57
  input in matrix: state: H currentWindowPosition: 12 currentAminoAcid: Y =&gt; 57
  input in matrix: state: H currentWindowPosition: 13 currentAminoAcid: Y =&gt; 51
  input in matrix: state: H currentWindowPosition: 14 currentAminoAcid: Y =&gt; 52
  input in matrix: state: H currentWindowPosition: 15 currentAminoAcid: Y =&gt; 43
  input in matrix: state: H currentWindowPosition: 16 currentAminoAcid: Y =&gt; 62
Process line: 
 Skip line!
Process line: 
 Skip line!
Process line: =S,C=
 state line! (now in state: C)
Process line: 
 Skip line!
Process line: A	194	181	188	186	200	212	190	171	0	190	167	192	201	197	209	224	220
 data line!
  input in matrix: state: C currentWindowPosition: 0 currentAminoAcid: A =&gt; 194
  input in matrix: state: C currentWindowPosition: 1 currentAminoAcid: A =&gt; 181
  input in matrix: state: C currentWindowPosition: 2 currentAminoAcid: A =&gt; 188
  input in matrix: state: C currentWindowPosition: 3 currentAminoAcid: A =&gt; 186
  input in matrix: state: C currentWindowPosition: 4 currentAminoAcid: A =&gt; 200
  input in matrix: state: C currentWindowPosition: 5 currentAminoAcid: A =&gt; 212
  input in matrix: state: C currentWindowPosition: 6 currentAminoAcid: A =&gt; 190
  input in matrix: state: C currentWindowPosition: 7 currentAminoAcid: A =&gt; 171
  input in matrix: state: C currentWindowPosition: 8 currentAminoAcid: A =&gt; 0
  input in matrix: state: C currentWindowPosition: 9 currentAminoAcid: A =&gt; 190
  input in matrix: state: C currentWindowPosition: 10 currentAminoAcid: A =&gt; 167
  input in matrix: state: C currentWindowPosition: 11 currentAminoAcid: A =&gt; 192
  input in matrix: state: C currentWindowPosition: 12 currentAminoAcid: A =&gt; 201
  input in matrix: state: C currentWindowPosition: 13 currentAminoAcid: A =&gt; 197
  input in matrix: state: C currentWindowPosition: 14 currentAminoAcid: A =&gt; 209
  input in matrix: state: C currentWindowPosition: 15 currentAminoAcid: A =&gt; 224
  input in matrix: state: C currentWindowPosition: 16 currentAminoAcid: A =&gt; 220
Process line: C	57	47	39	50	44	49	45	55	0	41	39	54	53	55	40	51	39
 data line!
  input in matrix: state: C currentWindowPosition: 0 currentAminoAcid: C =&gt; 57
  input in matrix: state: C currentWindowPosition: 1 currentAminoAcid: C =&gt; 47
  input in matrix: state: C currentWindowPosition: 2 currentAminoAcid: C =&gt; 39
  input in matrix: state: C currentWindowPosition: 3 currentAminoAcid: C =&gt; 50
  input in matrix: state: C currentWindowPosition: 4 currentAminoAcid: C =&gt; 44
  input in matrix: state: C currentWindowPosition: 5 currentAminoAcid: C =&gt; 49
  input in matrix: state: C currentWindowPosition: 6 currentAminoAcid: C =&gt; 45
  input in matrix: state: C currentWindowPosition: 7 currentAminoAcid: C =&gt; 55
  input in matrix: state: C currentWindowPosition: 8 currentAminoAcid: C =&gt; 0
  input in matrix: state: C currentWindowPosition: 9 currentAminoAcid: C =&gt; 41
  input in matrix: state: C currentWindowPosition: 10 currentAminoAcid: C =&gt; 39
  input in matrix: state: C currentWindowPosition: 11 currentAminoAcid: C =&gt; 54
  input in matrix: state: C currentWindowPosition: 12 currentAminoAcid: C =&gt; 53
  input in matrix: state: C currentWindowPosition: 13 currentAminoAcid: C =&gt; 55
  input in matrix: state: C currentWindowPosition: 14 currentAminoAcid: C =&gt; 40
  input in matrix: state: C currentWindowPosition: 15 currentAminoAcid: C =&gt; 51
  input in matrix: state: C currentWindowPosition: 16 currentAminoAcid: C =&gt; 39
Process line: D	125	133	121	150	135	111	170	173	0	160	178	154	103	136	135	123	112
 data line!
  input in matrix: state: C currentWindowPosition: 0 currentAminoAcid: D =&gt; 125
  input in matrix: state: C currentWindowPosition: 1 currentAminoAcid: D =&gt; 133
  input in matrix: state: C currentWindowPosition: 2 currentAminoAcid: D =&gt; 121
  input in matrix: state: C currentWindowPosition: 3 currentAminoAcid: D =&gt; 150
  input in matrix: state: C currentWindowPosition: 4 currentAminoAcid: D =&gt; 135
  input in matrix: state: C currentWindowPosition: 5 currentAminoAcid: D =&gt; 111
  input in matrix: state: C currentWindowPosition: 6 currentAminoAcid: D =&gt; 170
  input in matrix: state: C currentWindowPosition: 7 currentAminoAcid: D =&gt; 173
  input in matrix: state: C currentWindowPosition: 8 currentAminoAcid: D =&gt; 0
  input in matrix: state: C currentWindowPosition: 9 currentAminoAcid: D =&gt; 160
  input in matrix: state: C currentWindowPosition: 10 currentAminoAcid: D =&gt; 178
  input in matrix: state: C currentWindowPosition: 11 currentAminoAcid: D =&gt; 154
  input in matrix: state: C currentWindowPosition: 12 currentAminoAcid: D =&gt; 103
  input in matrix: state: C currentWindowPosition: 13 currentAminoAcid: D =&gt; 136
  input in matrix: state: C currentWindowPosition: 14 currentAminoAcid: D =&gt; 135
  input in matrix: state: C currentWindowPosition: 15 currentAminoAcid: D =&gt; 123
  input in matrix: state: C currentWindowPosition: 16 currentAminoAcid: D =&gt; 112
Process line: E	120	118	114	107	125	111	99	108	0	136	173	136	121	111	125	135	128
 data line!
  input in matrix: state: C currentWindowPosition: 0 currentAminoAcid: E =&gt; 120
  input in matrix: state: C currentWindowPosition: 1 currentAminoAcid: E =&gt; 118
  input in matrix: state: C currentWindowPosition: 2 currentAminoAcid: E =&gt; 114
  input in matrix: state: C currentWindowPosition: 3 currentAminoAcid: E =&gt; 107
  input in matrix: state: C currentWindowPosition: 4 currentAminoAcid: E =&gt; 125
  input in matrix: state: C currentWindowPosition: 5 currentAminoAcid: E =&gt; 111
  input in matrix: state: C currentWindowPosition: 6 currentAminoAcid: E =&gt; 99
  input in matrix: state: C currentWindowPosition: 7 currentAminoAcid: E =&gt; 108
  input in matrix: state: C currentWindowPosition: 8 currentAminoAcid: E =&gt; 0
  input in matrix: state: C currentWindowPosition: 9 currentAminoAcid: E =&gt; 136
  input in matrix: state: C currentWindowPosition: 10 currentAminoAcid: E =&gt; 173
  input in matrix: state: C currentWindowPosition: 11 currentAminoAcid: E =&gt; 136
  input in matrix: state: C currentWindowPosition: 12 currentAminoAcid: E =&gt; 121
  input in matrix: state: C currentWindowPosition: 13 currentAminoAcid: E =&gt; 111
  input in matrix: state: C currentWindowPosition: 14 currentAminoAcid: E =&gt; 125
  input in matrix: state: C currentWindowPosition: 15 currentAminoAcid: E =&gt; 135
  input in matrix: state: C currentWindowPosition: 16 currentAminoAcid: E =&gt; 128
Process line: F	84	123	97	108	105	106	93	90	0	84	82	85	99	97	117	128	114
 data line!
  input in matrix: state: C currentWindowPosition: 0 currentAminoAcid: F =&gt; 84
  input in matrix: state: C currentWindowPosition: 1 currentAminoAcid: F =&gt; 123
  input in matrix: state: C currentWindowPosition: 2 currentAminoAcid: F =&gt; 97
  input in matrix: state: C currentWindowPosition: 3 currentAminoAcid: F =&gt; 108
  input in matrix: state: C currentWindowPosition: 4 currentAminoAcid: F =&gt; 105
  input in matrix: state: C currentWindowPosition: 5 currentAminoAcid: F =&gt; 106
  input in matrix: state: C currentWindowPosition: 6 currentAminoAcid: F =&gt; 93
  input in matrix: state: C currentWindowPosition: 7 currentAminoAcid: F =&gt; 90
  input in matrix: state: C currentWindowPosition: 8 currentAminoAcid: F =&gt; 0
  input in matrix: state: C currentWindowPosition: 9 currentAminoAcid: F =&gt; 84
  input in matrix: state: C currentWindowPosition: 10 currentAminoAcid: F =&gt; 82
  input in matrix: state: C currentWindowPosition: 11 currentAminoAcid: F =&gt; 85
  input in matrix: state: C currentWindowPosition: 12 currentAminoAcid: F =&gt; 99
  input in matrix: state: C currentWindowPosition: 13 currentAminoAcid: F =&gt; 97
  input in matrix: state: C currentWindowPosition: 14 currentAminoAcid: F =&gt; 117
  input in matrix: state: C currentWindowPosition: 15 currentAminoAcid: F =&gt; 128
  input in matrix: state: C currentWindowPosition: 16 currentAminoAcid: F =&gt; 114
Process line: G	192	191	167	195	209	222	234	295	0	313	220	187	177	199	171	177	168
 data line!
  input in matrix: state: C currentWindowPosition: 0 currentAminoAcid: G =&gt; 192
  input in matrix: state: C currentWindowPosition: 1 currentAminoAcid: G =&gt; 191
  input in matrix: state: C currentWindowPosition: 2 currentAminoAcid: G =&gt; 167
  input in matrix: state: C currentWindowPosition: 3 currentAminoAcid: G =&gt; 195
  input in matrix: state: C currentWindowPosition: 4 currentAminoAcid: G =&gt; 209
  input in matrix: state: C currentWindowPosition: 5 currentAminoAcid: G =&gt; 222
  input in matrix: state: C currentWindowPosition: 6 currentAminoAcid: G =&gt; 234
  input in matrix: state: C currentWindowPosition: 7 currentAminoAcid: G =&gt; 295
  input in matrix: state: C currentWindowPosition: 8 currentAminoAcid: G =&gt; 0
  input in matrix: state: C currentWindowPosition: 9 currentAminoAcid: G =&gt; 313
  input in matrix: state: C currentWindowPosition: 10 currentAminoAcid: G =&gt; 220
  input in matrix: state: C currentWindowPosition: 11 currentAminoAcid: G =&gt; 187
  input in matrix: state: C currentWindowPosition: 12 currentAminoAcid: G =&gt; 177
  input in matrix: state: C currentWindowPosition: 13 currentAminoAcid: G =&gt; 199
  input in matrix: state: C currentWindowPosition: 14 currentAminoAcid: G =&gt; 171
  input in matrix: state: C currentWindowPosition: 15 currentAminoAcid: G =&gt; 177
  input in matrix: state: C currentWindowPosition: 16 currentAminoAcid: G =&gt; 168
Process line: H	56	64	62	51	46	60	43	50	0	58	48	66	41	57	64	45	47
 data line!
  input in matrix: state: C currentWindowPosition: 0 currentAminoAcid: H =&gt; 56
  input in matrix: state: C currentWindowPosition: 1 currentAminoAcid: H =&gt; 64
  input in matrix: state: C currentWindowPosition: 2 currentAminoAcid: H =&gt; 62
  input in matrix: state: C currentWindowPosition: 3 currentAminoAcid: H =&gt; 51
  input in matrix: state: C currentWindowPosition: 4 currentAminoAcid: H =&gt; 46
  input in matrix: state: C currentWindowPosition: 5 currentAminoAcid: H =&gt; 60
  input in matrix: state: C currentWindowPosition: 6 currentAminoAcid: H =&gt; 43
  input in matrix: state: C currentWindowPosition: 7 currentAminoAcid: H =&gt; 50
  input in matrix: state: C currentWindowPosition: 8 currentAminoAcid: H =&gt; 0
  input in matrix: state: C currentWindowPosition: 9 currentAminoAcid: H =&gt; 58
  input in matrix: state: C currentWindowPosition: 10 currentAminoAcid: H =&gt; 48
  input in matrix: state: C currentWindowPosition: 11 currentAminoAcid: H =&gt; 66
  input in matrix: state: C currentWindowPosition: 12 currentAminoAcid: H =&gt; 41
  input in matrix: state: C currentWindowPosition: 13 currentAminoAcid: H =&gt; 57
  input in matrix: state: C currentWindowPosition: 14 currentAminoAcid: H =&gt; 64
  input in matrix: state: C currentWindowPosition: 15 currentAminoAcid: H =&gt; 45
  input in matrix: state: C currentWindowPosition: 16 currentAminoAcid: H =&gt; 47
Process line: I	160	150	175	153	155	121	110	87	0	83	104	112	148	154	150	147	140
 data line!
  input in matrix: state: C currentWindowPosition: 0 currentAminoAcid: I =&gt; 160
  input in matrix: state: C currentWindowPosition: 1 currentAminoAcid: I =&gt; 150
  input in matrix: state: C currentWindowPosition: 2 currentAminoAcid: I =&gt; 175
  input in matrix: state: C currentWindowPosition: 3 currentAminoAcid: I =&gt; 153
  input in matrix: state: C currentWindowPosition: 4 currentAminoAcid: I =&gt; 155
  input in matrix: state: C currentWindowPosition: 5 currentAminoAcid: I =&gt; 121
  input in matrix: state: C currentWindowPosition: 6 currentAminoAcid: I =&gt; 110
  input in matrix: state: C currentWindowPosition: 7 currentAminoAcid: I =&gt; 87
  input in matrix: state: C currentWindowPosition: 8 currentAminoAcid: I =&gt; 0
  input in matrix: state: C currentWindowPosition: 9 currentAminoAcid: I =&gt; 83
  input in matrix: state: C currentWindowPosition: 10 currentAminoAcid: I =&gt; 104
  input in matrix: state: C currentWindowPosition: 11 currentAminoAcid: I =&gt; 112
  input in matrix: state: C currentWindowPosition: 12 currentAminoAcid: I =&gt; 148
  input in matrix: state: C currentWindowPosition: 13 currentAminoAcid: I =&gt; 154
  input in matrix: state: C currentWindowPosition: 14 currentAminoAcid: I =&gt; 150
  input in matrix: state: C currentWindowPosition: 15 currentAminoAcid: I =&gt; 147
  input in matrix: state: C currentWindowPosition: 16 currentAminoAcid: I =&gt; 140
Process line: K	126	103	138	136	129	140	127	120	0	112	123	122	122	111	117	116	131
 data line!
  input in matrix: state: C currentWindowPosition: 0 currentAminoAcid: K =&gt; 126
  input in matrix: state: C currentWindowPosition: 1 currentAminoAcid: K =&gt; 103
  input in matrix: state: C currentWindowPosition: 2 currentAminoAcid: K =&gt; 138
  input in matrix: state: C currentWindowPosition: 3 currentAminoAcid: K =&gt; 136
  input in matrix: state: C currentWindowPosition: 4 currentAminoAcid: K =&gt; 129
  input in matrix: state: C currentWindowPosition: 5 currentAminoAcid: K =&gt; 140
  input in matrix: state: C currentWindowPosition: 6 currentAminoAcid: K =&gt; 127
  input in matrix: state: C currentWindowPosition: 7 currentAminoAcid: K =&gt; 120
  input in matrix: state: C currentWindowPosition: 8 currentAminoAcid: K =&gt; 0
  input in matrix: state: C currentWindowPosition: 9 currentAminoAcid: K =&gt; 112
  input in matrix: state: C currentWindowPosition: 10 currentAminoAcid: K =&gt; 123
  input in matrix: state: C currentWindowPosition: 11 currentAminoAcid: K =&gt; 122
  input in matrix: state: C currentWindowPosition: 12 currentAminoAcid: K =&gt; 122
  input in matrix: state: C currentWindowPosition: 13 currentAminoAcid: K =&gt; 111
  input in matrix: state: C currentWindowPosition: 14 currentAminoAcid: K =&gt; 117
  input in matrix: state: C currentWindowPosition: 15 currentAminoAcid: K =&gt; 116
  input in matrix: state: C currentWindowPosition: 16 currentAminoAcid: K =&gt; 131
Process line: L	197	211	216	209	198	192	169	173	0	152	155	157	197	192	192	210	199
 data line!
  input in matrix: state: C currentWindowPosition: 0 currentAminoAcid: L =&gt; 197
  input in matrix: state: C currentWindowPosition: 1 currentAminoAcid: L =&gt; 211
  input in matrix: state: C currentWindowPosition: 2 currentAminoAcid: L =&gt; 216
  input in matrix: state: C currentWindowPosition: 3 currentAminoAcid: L =&gt; 209
  input in matrix: state: C currentWindowPosition: 4 currentAminoAcid: L =&gt; 198
  input in matrix: state: C currentWindowPosition: 5 currentAminoAcid: L =&gt; 192
  input in matrix: state: C currentWindowPosition: 6 currentAminoAcid: L =&gt; 169
  input in matrix: state: C currentWindowPosition: 7 currentAminoAcid: L =&gt; 173
  input in matrix: state: C currentWindowPosition: 8 currentAminoAcid: L =&gt; 0
  input in matrix: state: C currentWindowPosition: 9 currentAminoAcid: L =&gt; 152
  input in matrix: state: C currentWindowPosition: 10 currentAminoAcid: L =&gt; 155
  input in matrix: state: C currentWindowPosition: 11 currentAminoAcid: L =&gt; 157
  input in matrix: state: C currentWindowPosition: 12 currentAminoAcid: L =&gt; 197
  input in matrix: state: C currentWindowPosition: 13 currentAminoAcid: L =&gt; 192
  input in matrix: state: C currentWindowPosition: 14 currentAminoAcid: L =&gt; 192
  input in matrix: state: C currentWindowPosition: 15 currentAminoAcid: L =&gt; 210
  input in matrix: state: C currentWindowPosition: 16 currentAminoAcid: L =&gt; 199
Process line: M	44	43	48	52	37	36	34	37	0	26	30	38	44	47	53	47	51
 data line!
  input in matrix: state: C currentWindowPosition: 0 currentAminoAcid: M =&gt; 44
  input in matrix: state: C currentWindowPosition: 1 currentAminoAcid: M =&gt; 43
  input in matrix: state: C currentWindowPosition: 2 currentAminoAcid: M =&gt; 48
  input in matrix: state: C currentWindowPosition: 3 currentAminoAcid: M =&gt; 52
  input in matrix: state: C currentWindowPosition: 4 currentAminoAcid: M =&gt; 37
  input in matrix: state: C currentWindowPosition: 5 currentAminoAcid: M =&gt; 36
  input in matrix: state: C currentWindowPosition: 6 currentAminoAcid: M =&gt; 34
  input in matrix: state: C currentWindowPosition: 7 currentAminoAcid: M =&gt; 37
  input in matrix: state: C currentWindowPosition: 8 currentAminoAcid: M =&gt; 0
  input in matrix: state: C currentWindowPosition: 9 currentAminoAcid: M =&gt; 26
  input in matrix: state: C currentWindowPosition: 10 currentAminoAcid: M =&gt; 30
  input in matrix: state: C currentWindowPosition: 11 currentAminoAcid: M =&gt; 38
  input in matrix: state: C currentWindowPosition: 12 currentAminoAcid: M =&gt; 44
  input in matrix: state: C currentWindowPosition: 13 currentAminoAcid: M =&gt; 47
  input in matrix: state: C currentWindowPosition: 14 currentAminoAcid: M =&gt; 53
  input in matrix: state: C currentWindowPosition: 15 currentAminoAcid: M =&gt; 47
  input in matrix: state: C currentWindowPosition: 16 currentAminoAcid: M =&gt; 51
Process line: N	125	117	122	116	105	138	129	133	0	123	128	124	112	111	126	105	138
 data line!
  input in matrix: state: C currentWindowPosition: 0 currentAminoAcid: N =&gt; 125
  input in matrix: state: C currentWindowPosition: 1 currentAminoAcid: N =&gt; 117
  input in matrix: state: C currentWindowPosition: 2 currentAminoAcid: N =&gt; 122
  input in matrix: state: C currentWindowPosition: 3 currentAminoAcid: N =&gt; 116
  input in matrix: state: C currentWindowPosition: 4 currentAminoAcid: N =&gt; 105
  input in matrix: state: C currentWindowPosition: 5 currentAminoAcid: N =&gt; 138
  input in matrix: state: C currentWindowPosition: 6 currentAminoAcid: N =&gt; 129
  input in matrix: state: C currentWindowPosition: 7 currentAminoAcid: N =&gt; 133
  input in matrix: state: C currentWindowPosition: 8 currentAminoAcid: N =&gt; 0
  input in matrix: state: C currentWindowPosition: 9 currentAminoAcid: N =&gt; 123
  input in matrix: state: C currentWindowPosition: 10 currentAminoAcid: N =&gt; 128
  input in matrix: state: C currentWindowPosition: 11 currentAminoAcid: N =&gt; 124
  input in matrix: state: C currentWindowPosition: 12 currentAminoAcid: N =&gt; 112
  input in matrix: state: C currentWindowPosition: 13 currentAminoAcid: N =&gt; 111
  input in matrix: state: C currentWindowPosition: 14 currentAminoAcid: N =&gt; 126
  input in matrix: state: C currentWindowPosition: 15 currentAminoAcid: N =&gt; 105
  input in matrix: state: C currentWindowPosition: 16 currentAminoAcid: N =&gt; 138
Process line: P	117	98	126	110	102	134	146	171	0	180	156	147	132	120	110	108	120
 data line!
  input in matrix: state: C currentWindowPosition: 0 currentAminoAcid: P =&gt; 117
  input in matrix: state: C currentWindowPosition: 1 currentAminoAcid: P =&gt; 98
  input in matrix: state: C currentWindowPosition: 2 currentAminoAcid: P =&gt; 126
  input in matrix: state: C currentWindowPosition: 3 currentAminoAcid: P =&gt; 110
  input in matrix: state: C currentWindowPosition: 4 currentAminoAcid: P =&gt; 102
  input in matrix: state: C currentWindowPosition: 5 currentAminoAcid: P =&gt; 134
  input in matrix: state: C currentWindowPosition: 6 currentAminoAcid: P =&gt; 146
  input in matrix: state: C currentWindowPosition: 7 currentAminoAcid: P =&gt; 171
  input in matrix: state: C currentWindowPosition: 8 currentAminoAcid: P =&gt; 0
  input in matrix: state: C currentWindowPosition: 9 currentAminoAcid: P =&gt; 180
  input in matrix: state: C currentWindowPosition: 10 currentAminoAcid: P =&gt; 156
  input in matrix: state: C currentWindowPosition: 11 currentAminoAcid: P =&gt; 147
  input in matrix: state: C currentWindowPosition: 12 currentAminoAcid: P =&gt; 132
  input in matrix: state: C currentWindowPosition: 13 currentAminoAcid: P =&gt; 120
  input in matrix: state: C currentWindowPosition: 14 currentAminoAcid: P =&gt; 110
  input in matrix: state: C currentWindowPosition: 15 currentAminoAcid: P =&gt; 108
  input in matrix: state: C currentWindowPosition: 16 currentAminoAcid: P =&gt; 120
Process line: Q	87	79	100	81	83	77	80	75	0	88	80	100	91	92	102	95	69
 data line!
  input in matrix: state: C currentWindowPosition: 0 currentAminoAcid: Q =&gt; 87
  input in matrix: state: C currentWindowPosition: 1 currentAminoAcid: Q =&gt; 79
  input in matrix: state: C currentWindowPosition: 2 currentAminoAcid: Q =&gt; 100
  input in matrix: state: C currentWindowPosition: 3 currentAminoAcid: Q =&gt; 81
  input in matrix: state: C currentWindowPosition: 4 currentAminoAcid: Q =&gt; 83
  input in matrix: state: C currentWindowPosition: 5 currentAminoAcid: Q =&gt; 77
  input in matrix: state: C currentWindowPosition: 6 currentAminoAcid: Q =&gt; 80
  input in matrix: state: C currentWindowPosition: 7 currentAminoAcid: Q =&gt; 75
  input in matrix: state: C currentWindowPosition: 8 currentAminoAcid: Q =&gt; 0
  input in matrix: state: C currentWindowPosition: 9 currentAminoAcid: Q =&gt; 88
  input in matrix: state: C currentWindowPosition: 10 currentAminoAcid: Q =&gt; 80
  input in matrix: state: C currentWindowPosition: 11 currentAminoAcid: Q =&gt; 100
  input in matrix: state: C currentWindowPosition: 12 currentAminoAcid: Q =&gt; 91
  input in matrix: state: C currentWindowPosition: 13 currentAminoAcid: Q =&gt; 92
  input in matrix: state: C currentWindowPosition: 14 currentAminoAcid: Q =&gt; 102
  input in matrix: state: C currentWindowPosition: 15 currentAminoAcid: Q =&gt; 95
  input in matrix: state: C currentWindowPosition: 16 currentAminoAcid: Q =&gt; 69
Process line: R	117	112	90	109	105	94	102	96	0	104	122	103	109	100	89	97	118
 data line!
  input in matrix: state: C currentWindowPosition: 0 currentAminoAcid: R =&gt; 117
  input in matrix: state: C currentWindowPosition: 1 currentAminoAcid: R =&gt; 112
  input in matrix: state: C currentWindowPosition: 2 currentAminoAcid: R =&gt; 90
  input in matrix: state: C currentWindowPosition: 3 currentAminoAcid: R =&gt; 109
  input in matrix: state: C currentWindowPosition: 4 currentAminoAcid: R =&gt; 105
  input in matrix: state: C currentWindowPosition: 5 currentAminoAcid: R =&gt; 94
  input in matrix: state: C currentWindowPosition: 6 currentAminoAcid: R =&gt; 102
  input in matrix: state: C currentWindowPosition: 7 currentAminoAcid: R =&gt; 96
  input in matrix: state: C currentWindowPosition: 8 currentAminoAcid: R =&gt; 0
  input in matrix: state: C currentWindowPosition: 9 currentAminoAcid: R =&gt; 104
  input in matrix: state: C currentWindowPosition: 10 currentAminoAcid: R =&gt; 122
  input in matrix: state: C currentWindowPosition: 11 currentAminoAcid: R =&gt; 103
  input in matrix: state: C currentWindowPosition: 12 currentAminoAcid: R =&gt; 109
  input in matrix: state: C currentWindowPosition: 13 currentAminoAcid: R =&gt; 100
  input in matrix: state: C currentWindowPosition: 14 currentAminoAcid: R =&gt; 89
  input in matrix: state: C currentWindowPosition: 15 currentAminoAcid: R =&gt; 97
  input in matrix: state: C currentWindowPosition: 16 currentAminoAcid: R =&gt; 118
Process line: S	155	179	154	149	172	148	204	194	2428	208	201	169	163	191	158	174	161
 data line!
  input in matrix: state: C currentWindowPosition: 0 currentAminoAcid: S =&gt; 155
  input in matrix: state: C currentWindowPosition: 1 currentAminoAcid: S =&gt; 179
  input in matrix: state: C currentWindowPosition: 2 currentAminoAcid: S =&gt; 154
  input in matrix: state: C currentWindowPosition: 3 currentAminoAcid: S =&gt; 149
  input in matrix: state: C currentWindowPosition: 4 currentAminoAcid: S =&gt; 172
  input in matrix: state: C currentWindowPosition: 5 currentAminoAcid: S =&gt; 148
  input in matrix: state: C currentWindowPosition: 6 currentAminoAcid: S =&gt; 204
  input in matrix: state: C currentWindowPosition: 7 currentAminoAcid: S =&gt; 194
  input in matrix: state: C currentWindowPosition: 8 currentAminoAcid: S =&gt; 2428
  input in matrix: state: C currentWindowPosition: 9 currentAminoAcid: S =&gt; 208
  input in matrix: state: C currentWindowPosition: 10 currentAminoAcid: S =&gt; 201
  input in matrix: state: C currentWindowPosition: 11 currentAminoAcid: S =&gt; 169
  input in matrix: state: C currentWindowPosition: 12 currentAminoAcid: S =&gt; 163
  input in matrix: state: C currentWindowPosition: 13 currentAminoAcid: S =&gt; 191
  input in matrix: state: C currentWindowPosition: 14 currentAminoAcid: S =&gt; 158
  input in matrix: state: C currentWindowPosition: 15 currentAminoAcid: S =&gt; 174
  input in matrix: state: C currentWindowPosition: 16 currentAminoAcid: S =&gt; 161
Process line: T	160	164	143	154	150	161	177	154	0	147	174	171	160	144	157	128	148
 data line!
  input in matrix: state: C currentWindowPosition: 0 currentAminoAcid: T =&gt; 160
  input in matrix: state: C currentWindowPosition: 1 currentAminoAcid: T =&gt; 164
  input in matrix: state: C currentWindowPosition: 2 currentAminoAcid: T =&gt; 143
  input in matrix: state: C currentWindowPosition: 3 currentAminoAcid: T =&gt; 154
  input in matrix: state: C currentWindowPosition: 4 currentAminoAcid: T =&gt; 150
  input in matrix: state: C currentWindowPosition: 5 currentAminoAcid: T =&gt; 161
  input in matrix: state: C currentWindowPosition: 6 currentAminoAcid: T =&gt; 177
  input in matrix: state: C currentWindowPosition: 7 currentAminoAcid: T =&gt; 154
  input in matrix: state: C currentWindowPosition: 8 currentAminoAcid: T =&gt; 0
  input in matrix: state: C currentWindowPosition: 9 currentAminoAcid: T =&gt; 147
  input in matrix: state: C currentWindowPosition: 10 currentAminoAcid: T =&gt; 174
  input in matrix: state: C currentWindowPosition: 11 currentAminoAcid: T =&gt; 171
  input in matrix: state: C currentWindowPosition: 12 currentAminoAcid: T =&gt; 160
  input in matrix: state: C currentWindowPosition: 13 currentAminoAcid: T =&gt; 144
  input in matrix: state: C currentWindowPosition: 14 currentAminoAcid: T =&gt; 157
  input in matrix: state: C currentWindowPosition: 15 currentAminoAcid: T =&gt; 128
  input in matrix: state: C currentWindowPosition: 16 currentAminoAcid: T =&gt; 148
Process line: V	178	195	176	182	170	169	147	123	0	114	115	162	204	173	172	161	189
 data line!
  input in matrix: state: C currentWindowPosition: 0 currentAminoAcid: V =&gt; 178
  input in matrix: state: C currentWindowPosition: 1 currentAminoAcid: V =&gt; 195
  input in matrix: state: C currentWindowPosition: 2 currentAminoAcid: V =&gt; 176
  input in matrix: state: C currentWindowPosition: 3 currentAminoAcid: V =&gt; 182
  input in matrix: state: C currentWindowPosition: 4 currentAminoAcid: V =&gt; 170
  input in matrix: state: C currentWindowPosition: 5 currentAminoAcid: V =&gt; 169
  input in matrix: state: C currentWindowPosition: 6 currentAminoAcid: V =&gt; 147
  input in matrix: state: C currentWindowPosition: 7 currentAminoAcid: V =&gt; 123
  input in matrix: state: C currentWindowPosition: 8 currentAminoAcid: V =&gt; 0
  input in matrix: state: C currentWindowPosition: 9 currentAminoAcid: V =&gt; 114
  input in matrix: state: C currentWindowPosition: 10 currentAminoAcid: V =&gt; 115
  input in matrix: state: C currentWindowPosition: 11 currentAminoAcid: V =&gt; 162
  input in matrix: state: C currentWindowPosition: 12 currentAminoAcid: V =&gt; 204
  input in matrix: state: C currentWindowPosition: 13 currentAminoAcid: V =&gt; 173
  input in matrix: state: C currentWindowPosition: 14 currentAminoAcid: V =&gt; 172
  input in matrix: state: C currentWindowPosition: 15 currentAminoAcid: V =&gt; 161
  input in matrix: state: C currentWindowPosition: 16 currentAminoAcid: V =&gt; 189
Process line: W	38	34	42	44	53	42	43	35	0	35	45	52	48	42	34	49	45
 data line!
  input in matrix: state: C currentWindowPosition: 0 currentAminoAcid: W =&gt; 38
  input in matrix: state: C currentWindowPosition: 1 currentAminoAcid: W =&gt; 34
  input in matrix: state: C currentWindowPosition: 2 currentAminoAcid: W =&gt; 42
  input in matrix: state: C currentWindowPosition: 3 currentAminoAcid: W =&gt; 44
  input in matrix: state: C currentWindowPosition: 4 currentAminoAcid: W =&gt; 53
  input in matrix: state: C currentWindowPosition: 5 currentAminoAcid: W =&gt; 42
  input in matrix: state: C currentWindowPosition: 6 currentAminoAcid: W =&gt; 43
  input in matrix: state: C currentWindowPosition: 7 currentAminoAcid: W =&gt; 35
  input in matrix: state: C currentWindowPosition: 8 currentAminoAcid: W =&gt; 0
  input in matrix: state: C currentWindowPosition: 9 currentAminoAcid: W =&gt; 35
  input in matrix: state: C currentWindowPosition: 10 currentAminoAcid: W =&gt; 45
  input in matrix: state: C currentWindowPosition: 11 currentAminoAcid: W =&gt; 52
  input in matrix: state: C currentWindowPosition: 12 currentAminoAcid: W =&gt; 48
  input in matrix: state: C currentWindowPosition: 13 currentAminoAcid: W =&gt; 42
  input in matrix: state: C currentWindowPosition: 14 currentAminoAcid: W =&gt; 34
  input in matrix: state: C currentWindowPosition: 15 currentAminoAcid: W =&gt; 49
  input in matrix: state: C currentWindowPosition: 16 currentAminoAcid: W =&gt; 45
Process line: Y	93	84	107	85	100	101	86	85	0	72	87	94	97	96	105	106	87
 data line!
  input in matrix: state: C currentWindowPosition: 0 currentAminoAcid: Y =&gt; 93
  input in matrix: state: C currentWindowPosition: 1 currentAminoAcid: Y =&gt; 84
  input in matrix: state: C currentWindowPosition: 2 currentAminoAcid: Y =&gt; 107
  input in matrix: state: C currentWindowPosition: 3 currentAminoAcid: Y =&gt; 85
  input in matrix: state: C currentWindowPosition: 4 currentAminoAcid: Y =&gt; 100
  input in matrix: state: C currentWindowPosition: 5 currentAminoAcid: Y =&gt; 101
  input in matrix: state: C currentWindowPosition: 6 currentAminoAcid: Y =&gt; 86
  input in matrix: state: C currentWindowPosition: 7 currentAminoAcid: Y =&gt; 85
  input in matrix: state: C currentWindowPosition: 8 currentAminoAcid: Y =&gt; 0
  input in matrix: state: C currentWindowPosition: 9 currentAminoAcid: Y =&gt; 72
  input in matrix: state: C currentWindowPosition: 10 currentAminoAcid: Y =&gt; 87
  input in matrix: state: C currentWindowPosition: 11 currentAminoAcid: Y =&gt; 94
  input in matrix: state: C currentWindowPosition: 12 currentAminoAcid: Y =&gt; 97
  input in matrix: state: C currentWindowPosition: 13 currentAminoAcid: Y =&gt; 96
  input in matrix: state: C currentWindowPosition: 14 currentAminoAcid: Y =&gt; 105
  input in matrix: state: C currentWindowPosition: 15 currentAminoAcid: Y =&gt; 106
  input in matrix: state: C currentWindowPosition: 16 currentAminoAcid: Y =&gt; 87
Process line: 
 Skip line!
Process line: 
 Skip line!
Process line: =S,E=
 state line! (now in state: E)
Process line: 
 Skip line!
Process line: A	69	82	66	68	80	75	55	60	0	62	70	64	67	75	64	82	60
 data line!
  input in matrix: state: E currentWindowPosition: 0 currentAminoAcid: A =&gt; 69
  input in matrix: state: E currentWindowPosition: 1 currentAminoAcid: A =&gt; 82
  input in matrix: state: E currentWindowPosition: 2 currentAminoAcid: A =&gt; 66
  input in matrix: state: E currentWindowPosition: 3 currentAminoAcid: A =&gt; 68
  input in matrix: state: E currentWindowPosition: 4 currentAminoAcid: A =&gt; 80
  input in matrix: state: E currentWindowPosition: 5 currentAminoAcid: A =&gt; 75
  input in matrix: state: E currentWindowPosition: 6 currentAminoAcid: A =&gt; 55
  input in matrix: state: E currentWindowPosition: 7 currentAminoAcid: A =&gt; 60
  input in matrix: state: E currentWindowPosition: 8 currentAminoAcid: A =&gt; 0
  input in matrix: state: E currentWindowPosition: 9 currentAminoAcid: A =&gt; 62
  input in matrix: state: E currentWindowPosition: 10 currentAminoAcid: A =&gt; 70
  input in matrix: state: E currentWindowPosition: 11 currentAminoAcid: A =&gt; 64
  input in matrix: state: E currentWindowPosition: 12 currentAminoAcid: A =&gt; 67
  input in matrix: state: E currentWindowPosition: 13 currentAminoAcid: A =&gt; 75
  input in matrix: state: E currentWindowPosition: 14 currentAminoAcid: A =&gt; 64
  input in matrix: state: E currentWindowPosition: 15 currentAminoAcid: A =&gt; 82
  input in matrix: state: E currentWindowPosition: 16 currentAminoAcid: A =&gt; 60
Process line: C	12	16	20	18	13	17	13	17	0	34	12	16	20	10	21	12	19
 data line!
  input in matrix: state: E currentWindowPosition: 0 currentAminoAcid: C =&gt; 12
  input in matrix: state: E currentWindowPosition: 1 currentAminoAcid: C =&gt; 16
  input in matrix: state: E currentWindowPosition: 2 currentAminoAcid: C =&gt; 20
  input in matrix: state: E currentWindowPosition: 3 currentAminoAcid: C =&gt; 18
  input in matrix: state: E currentWindowPosition: 4 currentAminoAcid: C =&gt; 13
  input in matrix: state: E currentWindowPosition: 5 currentAminoAcid: C =&gt; 17
  input in matrix: state: E currentWindowPosition: 6 currentAminoAcid: C =&gt; 13
  input in matrix: state: E currentWindowPosition: 7 currentAminoAcid: C =&gt; 17
  input in matrix: state: E currentWindowPosition: 8 currentAminoAcid: C =&gt; 0
  input in matrix: state: E currentWindowPosition: 9 currentAminoAcid: C =&gt; 34
  input in matrix: state: E currentWindowPosition: 10 currentAminoAcid: C =&gt; 12
  input in matrix: state: E currentWindowPosition: 11 currentAminoAcid: C =&gt; 16
  input in matrix: state: E currentWindowPosition: 12 currentAminoAcid: C =&gt; 20
  input in matrix: state: E currentWindowPosition: 13 currentAminoAcid: C =&gt; 10
  input in matrix: state: E currentWindowPosition: 14 currentAminoAcid: C =&gt; 21
  input in matrix: state: E currentWindowPosition: 15 currentAminoAcid: C =&gt; 12
  input in matrix: state: E currentWindowPosition: 16 currentAminoAcid: C =&gt; 19
Process line: D	71	57	71	59	46	41	29	34	0	34	67	58	68	61	82	53	69
 data line!
  input in matrix: state: E currentWindowPosition: 0 currentAminoAcid: D =&gt; 71
  input in matrix: state: E currentWindowPosition: 1 currentAminoAcid: D =&gt; 57
  input in matrix: state: E currentWindowPosition: 2 currentAminoAcid: D =&gt; 71
  input in matrix: state: E currentWindowPosition: 3 currentAminoAcid: D =&gt; 59
  input in matrix: state: E currentWindowPosition: 4 currentAminoAcid: D =&gt; 46
  input in matrix: state: E currentWindowPosition: 5 currentAminoAcid: D =&gt; 41
  input in matrix: state: E currentWindowPosition: 6 currentAminoAcid: D =&gt; 29
  input in matrix: state: E currentWindowPosition: 7 currentAminoAcid: D =&gt; 34
  input in matrix: state: E currentWindowPosition: 8 currentAminoAcid: D =&gt; 0
  input in matrix: state: E currentWindowPosition: 9 currentAminoAcid: D =&gt; 34
  input in matrix: state: E currentWindowPosition: 10 currentAminoAcid: D =&gt; 67
  input in matrix: state: E currentWindowPosition: 11 currentAminoAcid: D =&gt; 58
  input in matrix: state: E currentWindowPosition: 12 currentAminoAcid: D =&gt; 68
  input in matrix: state: E currentWindowPosition: 13 currentAminoAcid: D =&gt; 61
  input in matrix: state: E currentWindowPosition: 14 currentAminoAcid: D =&gt; 82
  input in matrix: state: E currentWindowPosition: 15 currentAminoAcid: D =&gt; 53
  input in matrix: state: E currentWindowPosition: 16 currentAminoAcid: D =&gt; 69
Process line: E	53	52	47	43	34	41	31	26	0	20	43	49	39	46	49	37	57
 data line!
  input in matrix: state: E currentWindowPosition: 0 currentAminoAcid: E =&gt; 53
  input in matrix: state: E currentWindowPosition: 1 currentAminoAcid: E =&gt; 52
  input in matrix: state: E currentWindowPosition: 2 currentAminoAcid: E =&gt; 47
  input in matrix: state: E currentWindowPosition: 3 currentAminoAcid: E =&gt; 43
  input in matrix: state: E currentWindowPosition: 4 currentAminoAcid: E =&gt; 34
  input in matrix: state: E currentWindowPosition: 5 currentAminoAcid: E =&gt; 41
  input in matrix: state: E currentWindowPosition: 6 currentAminoAcid: E =&gt; 31
  input in matrix: state: E currentWindowPosition: 7 currentAminoAcid: E =&gt; 26
  input in matrix: state: E currentWindowPosition: 8 currentAminoAcid: E =&gt; 0
  input in matrix: state: E currentWindowPosition: 9 currentAminoAcid: E =&gt; 20
  input in matrix: state: E currentWindowPosition: 10 currentAminoAcid: E =&gt; 43
  input in matrix: state: E currentWindowPosition: 11 currentAminoAcid: E =&gt; 49
  input in matrix: state: E currentWindowPosition: 12 currentAminoAcid: E =&gt; 39
  input in matrix: state: E currentWindowPosition: 13 currentAminoAcid: E =&gt; 46
  input in matrix: state: E currentWindowPosition: 14 currentAminoAcid: E =&gt; 49
  input in matrix: state: E currentWindowPosition: 15 currentAminoAcid: E =&gt; 37
  input in matrix: state: E currentWindowPosition: 16 currentAminoAcid: E =&gt; 57
Process line: F	30	25	34	35	35	43	42	74	0	57	35	46	27	32	29	34	30
 data line!
  input in matrix: state: E currentWindowPosition: 0 currentAminoAcid: F =&gt; 30
  input in matrix: state: E currentWindowPosition: 1 currentAminoAcid: F =&gt; 25
  input in matrix: state: E currentWindowPosition: 2 currentAminoAcid: F =&gt; 34
  input in matrix: state: E currentWindowPosition: 3 currentAminoAcid: F =&gt; 35
  input in matrix: state: E currentWindowPosition: 4 currentAminoAcid: F =&gt; 35
  input in matrix: state: E currentWindowPosition: 5 currentAminoAcid: F =&gt; 43
  input in matrix: state: E currentWindowPosition: 6 currentAminoAcid: F =&gt; 42
  input in matrix: state: E currentWindowPosition: 7 currentAminoAcid: F =&gt; 74
  input in matrix: state: E currentWindowPosition: 8 currentAminoAcid: F =&gt; 0
  input in matrix: state: E currentWindowPosition: 9 currentAminoAcid: F =&gt; 57
  input in matrix: state: E currentWindowPosition: 10 currentAminoAcid: F =&gt; 35
  input in matrix: state: E currentWindowPosition: 11 currentAminoAcid: F =&gt; 46
  input in matrix: state: E currentWindowPosition: 12 currentAminoAcid: F =&gt; 27
  input in matrix: state: E currentWindowPosition: 13 currentAminoAcid: F =&gt; 32
  input in matrix: state: E currentWindowPosition: 14 currentAminoAcid: F =&gt; 29
  input in matrix: state: E currentWindowPosition: 15 currentAminoAcid: F =&gt; 34
  input in matrix: state: E currentWindowPosition: 16 currentAminoAcid: F =&gt; 30
Process line: G	84	101	108	93	112	81	82	64	0	72	68	99	76	100	88	91	82
 data line!
  input in matrix: state: E currentWindowPosition: 0 currentAminoAcid: G =&gt; 84
  input in matrix: state: E currentWindowPosition: 1 currentAminoAcid: G =&gt; 101
  input in matrix: state: E currentWindowPosition: 2 currentAminoAcid: G =&gt; 108
  input in matrix: state: E currentWindowPosition: 3 currentAminoAcid: G =&gt; 93
  input in matrix: state: E currentWindowPosition: 4 currentAminoAcid: G =&gt; 112
  input in matrix: state: E currentWindowPosition: 5 currentAminoAcid: G =&gt; 81
  input in matrix: state: E currentWindowPosition: 6 currentAminoAcid: G =&gt; 82
  input in matrix: state: E currentWindowPosition: 7 currentAminoAcid: G =&gt; 64
  input in matrix: state: E currentWindowPosition: 8 currentAminoAcid: G =&gt; 0
  input in matrix: state: E currentWindowPosition: 9 currentAminoAcid: G =&gt; 72
  input in matrix: state: E currentWindowPosition: 10 currentAminoAcid: G =&gt; 68
  input in matrix: state: E currentWindowPosition: 11 currentAminoAcid: G =&gt; 99
  input in matrix: state: E currentWindowPosition: 12 currentAminoAcid: G =&gt; 76
  input in matrix: state: E currentWindowPosition: 13 currentAminoAcid: G =&gt; 100
  input in matrix: state: E currentWindowPosition: 14 currentAminoAcid: G =&gt; 88
  input in matrix: state: E currentWindowPosition: 15 currentAminoAcid: G =&gt; 91
  input in matrix: state: E currentWindowPosition: 16 currentAminoAcid: G =&gt; 82
Process line: H	28	15	15	26	24	19	32	24	0	16	20	19	19	17	21	17	16
 data line!
  input in matrix: state: E currentWindowPosition: 0 currentAminoAcid: H =&gt; 28
  input in matrix: state: E currentWindowPosition: 1 currentAminoAcid: H =&gt; 15
  input in matrix: state: E currentWindowPosition: 2 currentAminoAcid: H =&gt; 15
  input in matrix: state: E currentWindowPosition: 3 currentAminoAcid: H =&gt; 26
  input in matrix: state: E currentWindowPosition: 4 currentAminoAcid: H =&gt; 24
  input in matrix: state: E currentWindowPosition: 5 currentAminoAcid: H =&gt; 19
  input in matrix: state: E currentWindowPosition: 6 currentAminoAcid: H =&gt; 32
  input in matrix: state: E currentWindowPosition: 7 currentAminoAcid: H =&gt; 24
  input in matrix: state: E currentWindowPosition: 8 currentAminoAcid: H =&gt; 0
  input in matrix: state: E currentWindowPosition: 9 currentAminoAcid: H =&gt; 16
  input in matrix: state: E currentWindowPosition: 10 currentAminoAcid: H =&gt; 20
  input in matrix: state: E currentWindowPosition: 11 currentAminoAcid: H =&gt; 19
  input in matrix: state: E currentWindowPosition: 12 currentAminoAcid: H =&gt; 19
  input in matrix: state: E currentWindowPosition: 13 currentAminoAcid: H =&gt; 17
  input in matrix: state: E currentWindowPosition: 14 currentAminoAcid: H =&gt; 21
  input in matrix: state: E currentWindowPosition: 15 currentAminoAcid: H =&gt; 17
  input in matrix: state: E currentWindowPosition: 16 currentAminoAcid: H =&gt; 16
Process line: I	52	46	27	57	51	48	66	72	0	86	46	49	55	49	36	53	56
 data line!
  input in matrix: state: E currentWindowPosition: 0 currentAminoAcid: I =&gt; 52
  input in matrix: state: E currentWindowPosition: 1 currentAminoAcid: I =&gt; 46
  input in matrix: state: E currentWindowPosition: 2 currentAminoAcid: I =&gt; 27
  input in matrix: state: E currentWindowPosition: 3 currentAminoAcid: I =&gt; 57
  input in matrix: state: E currentWindowPosition: 4 currentAminoAcid: I =&gt; 51
  input in matrix: state: E currentWindowPosition: 5 currentAminoAcid: I =&gt; 48
  input in matrix: state: E currentWindowPosition: 6 currentAminoAcid: I =&gt; 66
  input in matrix: state: E currentWindowPosition: 7 currentAminoAcid: I =&gt; 72
  input in matrix: state: E currentWindowPosition: 8 currentAminoAcid: I =&gt; 0
  input in matrix: state: E currentWindowPosition: 9 currentAminoAcid: I =&gt; 86
  input in matrix: state: E currentWindowPosition: 10 currentAminoAcid: I =&gt; 46
  input in matrix: state: E currentWindowPosition: 11 currentAminoAcid: I =&gt; 49
  input in matrix: state: E currentWindowPosition: 12 currentAminoAcid: I =&gt; 55
  input in matrix: state: E currentWindowPosition: 13 currentAminoAcid: I =&gt; 49
  input in matrix: state: E currentWindowPosition: 14 currentAminoAcid: I =&gt; 36
  input in matrix: state: E currentWindowPosition: 15 currentAminoAcid: I =&gt; 53
  input in matrix: state: E currentWindowPosition: 16 currentAminoAcid: I =&gt; 56
Process line: K	60	63	61	58	51	57	53	44	0	34	40	33	43	54	62	68	46
 data line!
  input in matrix: state: E currentWindowPosition: 0 currentAminoAcid: K =&gt; 60
  input in matrix: state: E currentWindowPosition: 1 currentAminoAcid: K =&gt; 63
  input in matrix: state: E currentWindowPosition: 2 currentAminoAcid: K =&gt; 61
  input in matrix: state: E currentWindowPosition: 3 currentAminoAcid: K =&gt; 58
  input in matrix: state: E currentWindowPosition: 4 currentAminoAcid: K =&gt; 51
  input in matrix: state: E currentWindowPosition: 5 currentAminoAcid: K =&gt; 57
  input in matrix: state: E currentWindowPosition: 6 currentAminoAcid: K =&gt; 53
  input in matrix: state: E currentWindowPosition: 7 currentAminoAcid: K =&gt; 44
  input in matrix: state: E currentWindowPosition: 8 currentAminoAcid: K =&gt; 0
  input in matrix: state: E currentWindowPosition: 9 currentAminoAcid: K =&gt; 34
  input in matrix: state: E currentWindowPosition: 10 currentAminoAcid: K =&gt; 40
  input in matrix: state: E currentWindowPosition: 11 currentAminoAcid: K =&gt; 33
  input in matrix: state: E currentWindowPosition: 12 currentAminoAcid: K =&gt; 43
  input in matrix: state: E currentWindowPosition: 13 currentAminoAcid: K =&gt; 54
  input in matrix: state: E currentWindowPosition: 14 currentAminoAcid: K =&gt; 62
  input in matrix: state: E currentWindowPosition: 15 currentAminoAcid: K =&gt; 68
  input in matrix: state: E currentWindowPosition: 16 currentAminoAcid: K =&gt; 46
Process line: L	59	65	58	60	62	68	71	96	0	85	62	68	77	54	56	68	58
 data line!
  input in matrix: state: E currentWindowPosition: 0 currentAminoAcid: L =&gt; 59
  input in matrix: state: E currentWindowPosition: 1 currentAminoAcid: L =&gt; 65
  input in matrix: state: E currentWindowPosition: 2 currentAminoAcid: L =&gt; 58
  input in matrix: state: E currentWindowPosition: 3 currentAminoAcid: L =&gt; 60
  input in matrix: state: E currentWindowPosition: 4 currentAminoAcid: L =&gt; 62
  input in matrix: state: E currentWindowPosition: 5 currentAminoAcid: L =&gt; 68
  input in matrix: state: E currentWindowPosition: 6 currentAminoAcid: L =&gt; 71
  input in matrix: state: E currentWindowPosition: 7 currentAminoAcid: L =&gt; 96
  input in matrix: state: E currentWindowPosition: 8 currentAminoAcid: L =&gt; 0
  input in matrix: state: E currentWindowPosition: 9 currentAminoAcid: L =&gt; 85
  input in matrix: state: E currentWindowPosition: 10 currentAminoAcid: L =&gt; 62
  input in matrix: state: E currentWindowPosition: 11 currentAminoAcid: L =&gt; 68
  input in matrix: state: E currentWindowPosition: 12 currentAminoAcid: L =&gt; 77
  input in matrix: state: E currentWindowPosition: 13 currentAminoAcid: L =&gt; 54
  input in matrix: state: E currentWindowPosition: 14 currentAminoAcid: L =&gt; 56
  input in matrix: state: E currentWindowPosition: 15 currentAminoAcid: L =&gt; 68
  input in matrix: state: E currentWindowPosition: 16 currentAminoAcid: L =&gt; 58
Process line: M	23	16	13	12	13	19	15	18	0	21	18	13	14	23	11	22	20
 data line!
  input in matrix: state: E currentWindowPosition: 0 currentAminoAcid: M =&gt; 23
  input in matrix: state: E currentWindowPosition: 1 currentAminoAcid: M =&gt; 16
  input in matrix: state: E currentWindowPosition: 2 currentAminoAcid: M =&gt; 13
  input in matrix: state: E currentWindowPosition: 3 currentAminoAcid: M =&gt; 12
  input in matrix: state: E currentWindowPosition: 4 currentAminoAcid: M =&gt; 13
  input in matrix: state: E currentWindowPosition: 5 currentAminoAcid: M =&gt; 19
  input in matrix: state: E currentWindowPosition: 6 currentAminoAcid: M =&gt; 15
  input in matrix: state: E currentWindowPosition: 7 currentAminoAcid: M =&gt; 18
  input in matrix: state: E currentWindowPosition: 8 currentAminoAcid: M =&gt; 0
  input in matrix: state: E currentWindowPosition: 9 currentAminoAcid: M =&gt; 21
  input in matrix: state: E currentWindowPosition: 10 currentAminoAcid: M =&gt; 18
  input in matrix: state: E currentWindowPosition: 11 currentAminoAcid: M =&gt; 13
  input in matrix: state: E currentWindowPosition: 12 currentAminoAcid: M =&gt; 14
  input in matrix: state: E currentWindowPosition: 13 currentAminoAcid: M =&gt; 23
  input in matrix: state: E currentWindowPosition: 14 currentAminoAcid: M =&gt; 11
  input in matrix: state: E currentWindowPosition: 15 currentAminoAcid: M =&gt; 22
  input in matrix: state: E currentWindowPosition: 16 currentAminoAcid: M =&gt; 20
Process line: N	48	45	56	47	49	53	36	23	0	30	42	44	52	58	34	48	46
 data line!
  input in matrix: state: E currentWindowPosition: 0 currentAminoAcid: N =&gt; 48
  input in matrix: state: E currentWindowPosition: 1 currentAminoAcid: N =&gt; 45
  input in matrix: state: E currentWindowPosition: 2 currentAminoAcid: N =&gt; 56
  input in matrix: state: E currentWindowPosition: 3 currentAminoAcid: N =&gt; 47
  input in matrix: state: E currentWindowPosition: 4 currentAminoAcid: N =&gt; 49
  input in matrix: state: E currentWindowPosition: 5 currentAminoAcid: N =&gt; 53
  input in matrix: state: E currentWindowPosition: 6 currentAminoAcid: N =&gt; 36
  input in matrix: state: E currentWindowPosition: 7 currentAminoAcid: N =&gt; 23
  input in matrix: state: E currentWindowPosition: 8 currentAminoAcid: N =&gt; 0
  input in matrix: state: E currentWindowPosition: 9 currentAminoAcid: N =&gt; 30
  input in matrix: state: E currentWindowPosition: 10 currentAminoAcid: N =&gt; 42
  input in matrix: state: E currentWindowPosition: 11 currentAminoAcid: N =&gt; 44
  input in matrix: state: E currentWindowPosition: 12 currentAminoAcid: N =&gt; 52
  input in matrix: state: E currentWindowPosition: 13 currentAminoAcid: N =&gt; 58
  input in matrix: state: E currentWindowPosition: 14 currentAminoAcid: N =&gt; 34
  input in matrix: state: E currentWindowPosition: 15 currentAminoAcid: N =&gt; 48
  input in matrix: state: E currentWindowPosition: 16 currentAminoAcid: N =&gt; 46
Process line: P	31	47	45	36	25	41	18	24	0	19	39	52	38	46	57	54	47
 data line!
  input in matrix: state: E currentWindowPosition: 0 currentAminoAcid: P =&gt; 31
  input in matrix: state: E currentWindowPosition: 1 currentAminoAcid: P =&gt; 47
  input in matrix: state: E currentWindowPosition: 2 currentAminoAcid: P =&gt; 45
  input in matrix: state: E currentWindowPosition: 3 currentAminoAcid: P =&gt; 36
  input in matrix: state: E currentWindowPosition: 4 currentAminoAcid: P =&gt; 25
  input in matrix: state: E currentWindowPosition: 5 currentAminoAcid: P =&gt; 41
  input in matrix: state: E currentWindowPosition: 6 currentAminoAcid: P =&gt; 18
  input in matrix: state: E currentWindowPosition: 7 currentAminoAcid: P =&gt; 24
  input in matrix: state: E currentWindowPosition: 8 currentAminoAcid: P =&gt; 0
  input in matrix: state: E currentWindowPosition: 9 currentAminoAcid: P =&gt; 19
  input in matrix: state: E currentWindowPosition: 10 currentAminoAcid: P =&gt; 39
  input in matrix: state: E currentWindowPosition: 11 currentAminoAcid: P =&gt; 52
  input in matrix: state: E currentWindowPosition: 12 currentAminoAcid: P =&gt; 38
  input in matrix: state: E currentWindowPosition: 13 currentAminoAcid: P =&gt; 46
  input in matrix: state: E currentWindowPosition: 14 currentAminoAcid: P =&gt; 57
  input in matrix: state: E currentWindowPosition: 15 currentAminoAcid: P =&gt; 54
  input in matrix: state: E currentWindowPosition: 16 currentAminoAcid: P =&gt; 47
Process line: Q	33	28	37	27	31	31	35	20	0	29	27	28	32	35	34	28	30
 data line!
  input in matrix: state: E currentWindowPosition: 0 currentAminoAcid: Q =&gt; 33
  input in matrix: state: E currentWindowPosition: 1 currentAminoAcid: Q =&gt; 28
  input in matrix: state: E currentWindowPosition: 2 currentAminoAcid: Q =&gt; 37
  input in matrix: state: E currentWindowPosition: 3 currentAminoAcid: Q =&gt; 27
  input in matrix: state: E currentWindowPosition: 4 currentAminoAcid: Q =&gt; 31
  input in matrix: state: E currentWindowPosition: 5 currentAminoAcid: Q =&gt; 31
  input in matrix: state: E currentWindowPosition: 6 currentAminoAcid: Q =&gt; 35
  input in matrix: state: E currentWindowPosition: 7 currentAminoAcid: Q =&gt; 20
  input in matrix: state: E currentWindowPosition: 8 currentAminoAcid: Q =&gt; 0
  input in matrix: state: E currentWindowPosition: 9 currentAminoAcid: Q =&gt; 29
  input in matrix: state: E currentWindowPosition: 10 currentAminoAcid: Q =&gt; 27
  input in matrix: state: E currentWindowPosition: 11 currentAminoAcid: Q =&gt; 28
  input in matrix: state: E currentWindowPosition: 12 currentAminoAcid: Q =&gt; 32
  input in matrix: state: E currentWindowPosition: 13 currentAminoAcid: Q =&gt; 35
  input in matrix: state: E currentWindowPosition: 14 currentAminoAcid: Q =&gt; 34
  input in matrix: state: E currentWindowPosition: 15 currentAminoAcid: Q =&gt; 28
  input in matrix: state: E currentWindowPosition: 16 currentAminoAcid: Q =&gt; 30
Process line: R	45	35	47	31	43	38	37	36	0	19	40	32	40	34	40	35	41
 data line!
  input in matrix: state: E currentWindowPosition: 0 currentAminoAcid: R =&gt; 45
  input in matrix: state: E currentWindowPosition: 1 currentAminoAcid: R =&gt; 35
  input in matrix: state: E currentWindowPosition: 2 currentAminoAcid: R =&gt; 47
  input in matrix: state: E currentWindowPosition: 3 currentAminoAcid: R =&gt; 31
  input in matrix: state: E currentWindowPosition: 4 currentAminoAcid: R =&gt; 43
  input in matrix: state: E currentWindowPosition: 5 currentAminoAcid: R =&gt; 38
  input in matrix: state: E currentWindowPosition: 6 currentAminoAcid: R =&gt; 37
  input in matrix: state: E currentWindowPosition: 7 currentAminoAcid: R =&gt; 36
  input in matrix: state: E currentWindowPosition: 8 currentAminoAcid: R =&gt; 0
  input in matrix: state: E currentWindowPosition: 9 currentAminoAcid: R =&gt; 19
  input in matrix: state: E currentWindowPosition: 10 currentAminoAcid: R =&gt; 40
  input in matrix: state: E currentWindowPosition: 11 currentAminoAcid: R =&gt; 32
  input in matrix: state: E currentWindowPosition: 12 currentAminoAcid: R =&gt; 40
  input in matrix: state: E currentWindowPosition: 13 currentAminoAcid: R =&gt; 34
  input in matrix: state: E currentWindowPosition: 14 currentAminoAcid: R =&gt; 40
  input in matrix: state: E currentWindowPosition: 15 currentAminoAcid: R =&gt; 35
  input in matrix: state: E currentWindowPosition: 16 currentAminoAcid: R =&gt; 41
Process line: S	78	74	61	78	73	57	80	54	939	48	99	61	79	72	75	78	69
 data line!
  input in matrix: state: E currentWindowPosition: 0 currentAminoAcid: S =&gt; 78
  input in matrix: state: E currentWindowPosition: 1 currentAminoAcid: S =&gt; 74
  input in matrix: state: E currentWindowPosition: 2 currentAminoAcid: S =&gt; 61
  input in matrix: state: E currentWindowPosition: 3 currentAminoAcid: S =&gt; 78
  input in matrix: state: E currentWindowPosition: 4 currentAminoAcid: S =&gt; 73
  input in matrix: state: E currentWindowPosition: 5 currentAminoAcid: S =&gt; 57
  input in matrix: state: E currentWindowPosition: 6 currentAminoAcid: S =&gt; 80
  input in matrix: state: E currentWindowPosition: 7 currentAminoAcid: S =&gt; 54
  input in matrix: state: E currentWindowPosition: 8 currentAminoAcid: S =&gt; 939
  input in matrix: state: E currentWindowPosition: 9 currentAminoAcid: S =&gt; 48
  input in matrix: state: E currentWindowPosition: 10 currentAminoAcid: S =&gt; 99
  input in matrix: state: E currentWindowPosition: 11 currentAminoAcid: S =&gt; 61
  input in matrix: state: E currentWindowPosition: 12 currentAminoAcid: S =&gt; 79
  input in matrix: state: E currentWindowPosition: 13 currentAminoAcid: S =&gt; 72
  input in matrix: state: E currentWindowPosition: 14 currentAminoAcid: S =&gt; 75
  input in matrix: state: E currentWindowPosition: 15 currentAminoAcid: S =&gt; 78
  input in matrix: state: E currentWindowPosition: 16 currentAminoAcid: S =&gt; 69
Process line: T	64	59	78	62	72	66	82	60	0	72	73	75	60	57	75	61	61
 data line!
  input in matrix: state: E currentWindowPosition: 0 currentAminoAcid: T =&gt; 64
  input in matrix: state: E currentWindowPosition: 1 currentAminoAcid: T =&gt; 59
  input in matrix: state: E currentWindowPosition: 2 currentAminoAcid: T =&gt; 78
  input in matrix: state: E currentWindowPosition: 3 currentAminoAcid: T =&gt; 62
  input in matrix: state: E currentWindowPosition: 4 currentAminoAcid: T =&gt; 72
  input in matrix: state: E currentWindowPosition: 5 currentAminoAcid: T =&gt; 66
  input in matrix: state: E currentWindowPosition: 6 currentAminoAcid: T =&gt; 82
  input in matrix: state: E currentWindowPosition: 7 currentAminoAcid: T =&gt; 60
  input in matrix: state: E currentWindowPosition: 8 currentAminoAcid: T =&gt; 0
  input in matrix: state: E currentWindowPosition: 9 currentAminoAcid: T =&gt; 72
  input in matrix: state: E currentWindowPosition: 10 currentAminoAcid: T =&gt; 73
  input in matrix: state: E currentWindowPosition: 11 currentAminoAcid: T =&gt; 75
  input in matrix: state: E currentWindowPosition: 12 currentAminoAcid: T =&gt; 60
  input in matrix: state: E currentWindowPosition: 13 currentAminoAcid: T =&gt; 57
  input in matrix: state: E currentWindowPosition: 14 currentAminoAcid: T =&gt; 75
  input in matrix: state: E currentWindowPosition: 15 currentAminoAcid: T =&gt; 61
  input in matrix: state: E currentWindowPosition: 16 currentAminoAcid: T =&gt; 61
Process line: V	59	58	50	74	82	86	103	126	0	119	71	81	82	74	59	49	68
 data line!
  input in matrix: state: E currentWindowPosition: 0 currentAminoAcid: V =&gt; 59
  input in matrix: state: E currentWindowPosition: 1 currentAminoAcid: V =&gt; 58
  input in matrix: state: E currentWindowPosition: 2 currentAminoAcid: V =&gt; 50
  input in matrix: state: E currentWindowPosition: 3 currentAminoAcid: V =&gt; 74
  input in matrix: state: E currentWindowPosition: 4 currentAminoAcid: V =&gt; 82
  input in matrix: state: E currentWindowPosition: 5 currentAminoAcid: V =&gt; 86
  input in matrix: state: E currentWindowPosition: 6 currentAminoAcid: V =&gt; 103
  input in matrix: state: E currentWindowPosition: 7 currentAminoAcid: V =&gt; 126
  input in matrix: state: E currentWindowPosition: 8 currentAminoAcid: V =&gt; 0
  input in matrix: state: E currentWindowPosition: 9 currentAminoAcid: V =&gt; 119
  input in matrix: state: E currentWindowPosition: 10 currentAminoAcid: V =&gt; 71
  input in matrix: state: E currentWindowPosition: 11 currentAminoAcid: V =&gt; 81
  input in matrix: state: E currentWindowPosition: 12 currentAminoAcid: V =&gt; 82
  input in matrix: state: E currentWindowPosition: 13 currentAminoAcid: V =&gt; 74
  input in matrix: state: E currentWindowPosition: 14 currentAminoAcid: V =&gt; 59
  input in matrix: state: E currentWindowPosition: 15 currentAminoAcid: V =&gt; 49
  input in matrix: state: E currentWindowPosition: 16 currentAminoAcid: V =&gt; 68
Process line: W	12	13	11	17	11	17	20	13	0	24	16	16	14	12	12	10	23
 data line!
  input in matrix: state: E currentWindowPosition: 0 currentAminoAcid: W =&gt; 12
  input in matrix: state: E currentWindowPosition: 1 currentAminoAcid: W =&gt; 13
  input in matrix: state: E currentWindowPosition: 2 currentAminoAcid: W =&gt; 11
  input in matrix: state: E currentWindowPosition: 3 currentAminoAcid: W =&gt; 17
  input in matrix: state: E currentWindowPosition: 4 currentAminoAcid: W =&gt; 11
  input in matrix: state: E currentWindowPosition: 5 currentAminoAcid: W =&gt; 17
  input in matrix: state: E currentWindowPosition: 6 currentAminoAcid: W =&gt; 20
  input in matrix: state: E currentWindowPosition: 7 currentAminoAcid: W =&gt; 13
  input in matrix: state: E currentWindowPosition: 8 currentAminoAcid: W =&gt; 0
  input in matrix: state: E currentWindowPosition: 9 currentAminoAcid: W =&gt; 24
  input in matrix: state: E currentWindowPosition: 10 currentAminoAcid: W =&gt; 16
  input in matrix: state: E currentWindowPosition: 11 currentAminoAcid: W =&gt; 16
  input in matrix: state: E currentWindowPosition: 12 currentAminoAcid: W =&gt; 14
  input in matrix: state: E currentWindowPosition: 13 currentAminoAcid: W =&gt; 12
  input in matrix: state: E currentWindowPosition: 14 currentAminoAcid: W =&gt; 12
  input in matrix: state: E currentWindowPosition: 15 currentAminoAcid: W =&gt; 10
  input in matrix: state: E currentWindowPosition: 16 currentAminoAcid: W =&gt; 23
Process line: Y	26	40	32	35	29	38	36	53	0	56	46	31	33	27	34	34	40
 data line!
  input in matrix: state: E currentWindowPosition: 0 currentAminoAcid: Y =&gt; 26
  input in matrix: state: E currentWindowPosition: 1 currentAminoAcid: Y =&gt; 40
  input in matrix: state: E currentWindowPosition: 2 currentAminoAcid: Y =&gt; 32
  input in matrix: state: E currentWindowPosition: 3 currentAminoAcid: Y =&gt; 35
  input in matrix: state: E currentWindowPosition: 4 currentAminoAcid: Y =&gt; 29
  input in matrix: state: E currentWindowPosition: 5 currentAminoAcid: Y =&gt; 38
  input in matrix: state: E currentWindowPosition: 6 currentAminoAcid: Y =&gt; 36
  input in matrix: state: E currentWindowPosition: 7 currentAminoAcid: Y =&gt; 53
  input in matrix: state: E currentWindowPosition: 8 currentAminoAcid: Y =&gt; 0
  input in matrix: state: E currentWindowPosition: 9 currentAminoAcid: Y =&gt; 56
  input in matrix: state: E currentWindowPosition: 10 currentAminoAcid: Y =&gt; 46
  input in matrix: state: E currentWindowPosition: 11 currentAminoAcid: Y =&gt; 31
  input in matrix: state: E currentWindowPosition: 12 currentAminoAcid: Y =&gt; 33
  input in matrix: state: E currentWindowPosition: 13 currentAminoAcid: Y =&gt; 27
  input in matrix: state: E currentWindowPosition: 14 currentAminoAcid: Y =&gt; 34
  input in matrix: state: E currentWindowPosition: 15 currentAminoAcid: Y =&gt; 34
  input in matrix: state: E currentWindowPosition: 16 currentAminoAcid: Y =&gt; 40
Process line: 
 Skip line!
Process line: 
 Skip line!
Process line: =S,H=
 state line! (now in state: H)
Process line: 
 Skip line!
Process line: A	124	127	128	114	132	122	148	154	0	153	144	119	164	147	151	120	125
 data line!
  input in matrix: state: H currentWindowPosition: 0 currentAminoAcid: A =&gt; 124
  input in matrix: state: H currentWindowPosition: 1 currentAminoAcid: A =&gt; 127
  input in matrix: state: H currentWindowPosition: 2 currentAminoAcid: A =&gt; 128
  input in matrix: state: H currentWindowPosition: 3 currentAminoAcid: A =&gt; 114
  input in matrix: state: H currentWindowPosition: 4 currentAminoAcid: A =&gt; 132
  input in matrix: state: H currentWindowPosition: 5 currentAminoAcid: A =&gt; 122
  input in matrix: state: H currentWindowPosition: 6 currentAminoAcid: A =&gt; 148
  input in matrix: state: H currentWindowPosition: 7 currentAminoAcid: A =&gt; 154
  input in matrix: state: H currentWindowPosition: 8 currentAminoAcid: A =&gt; 0
  input in matrix: state: H currentWindowPosition: 9 currentAminoAcid: A =&gt; 153
  input in matrix: state: H currentWindowPosition: 10 currentAminoAcid: A =&gt; 144
  input in matrix: state: H currentWindowPosition: 11 currentAminoAcid: A =&gt; 119
  input in matrix: state: H currentWindowPosition: 12 currentAminoAcid: A =&gt; 164
  input in matrix: state: H currentWindowPosition: 13 currentAminoAcid: A =&gt; 147
  input in matrix: state: H currentWindowPosition: 14 currentAminoAcid: A =&gt; 151
  input in matrix: state: H currentWindowPosition: 15 currentAminoAcid: A =&gt; 120
  input in matrix: state: H currentWindowPosition: 16 currentAminoAcid: A =&gt; 125
Process line: C	22	24	18	26	28	20	24	14	0	20	18	17	9	21	15	15	13
 data line!
  input in matrix: state: H currentWindowPosition: 0 currentAminoAcid: C =&gt; 22
  input in matrix: state: H currentWindowPosition: 1 currentAminoAcid: C =&gt; 24
  input in matrix: state: H currentWindowPosition: 2 currentAminoAcid: C =&gt; 18
  input in matrix: state: H currentWindowPosition: 3 currentAminoAcid: C =&gt; 26
  input in matrix: state: H currentWindowPosition: 4 currentAminoAcid: C =&gt; 28
  input in matrix: state: H currentWindowPosition: 5 currentAminoAcid: C =&gt; 20
  input in matrix: state: H currentWindowPosition: 6 currentAminoAcid: C =&gt; 24
  input in matrix: state: H currentWindowPosition: 7 currentAminoAcid: C =&gt; 14
  input in matrix: state: H currentWindowPosition: 8 currentAminoAcid: C =&gt; 0
  input in matrix: state: H currentWindowPosition: 9 currentAminoAcid: C =&gt; 20
  input in matrix: state: H currentWindowPosition: 10 currentAminoAcid: C =&gt; 18
  input in matrix: state: H currentWindowPosition: 11 currentAminoAcid: C =&gt; 17
  input in matrix: state: H currentWindowPosition: 12 currentAminoAcid: C =&gt; 9
  input in matrix: state: H currentWindowPosition: 13 currentAminoAcid: C =&gt; 21
  input in matrix: state: H currentWindowPosition: 14 currentAminoAcid: C =&gt; 15
  input in matrix: state: H currentWindowPosition: 15 currentAminoAcid: C =&gt; 15
  input in matrix: state: H currentWindowPosition: 16 currentAminoAcid: C =&gt; 13
Process line: D	84	91	83	65	93	91	78	73	0	57	39	72	62	64	72	63	64
 data line!
  input in matrix: state: H currentWindowPosition: 0 currentAminoAcid: D =&gt; 84
  input in matrix: state: H currentWindowPosition: 1 currentAminoAcid: D =&gt; 91
  input in matrix: state: H currentWindowPosition: 2 currentAminoAcid: D =&gt; 83
  input in matrix: state: H currentWindowPosition: 3 currentAminoAcid: D =&gt; 65
  input in matrix: state: H currentWindowPosition: 4 currentAminoAcid: D =&gt; 93
  input in matrix: state: H currentWindowPosition: 5 currentAminoAcid: D =&gt; 91
  input in matrix: state: H currentWindowPosition: 6 currentAminoAcid: D =&gt; 78
  input in matrix: state: H currentWindowPosition: 7 currentAminoAcid: D =&gt; 73
  input in matrix: state: H currentWindowPosition: 8 currentAminoAcid: D =&gt; 0
  input in matrix: state: H currentWindowPosition: 9 currentAminoAcid: D =&gt; 57
  input in matrix: state: H currentWindowPosition: 10 currentAminoAcid: D =&gt; 39
  input in matrix: state: H currentWindowPosition: 11 currentAminoAcid: D =&gt; 72
  input in matrix: state: H currentWindowPosition: 12 currentAminoAcid: D =&gt; 62
  input in matrix: state: H currentWindowPosition: 13 currentAminoAcid: D =&gt; 64
  input in matrix: state: H currentWindowPosition: 14 currentAminoAcid: D =&gt; 72
  input in matrix: state: H currentWindowPosition: 15 currentAminoAcid: D =&gt; 63
  input in matrix: state: H currentWindowPosition: 16 currentAminoAcid: D =&gt; 64
Process line: E	90	93	84	79	91	82	71	89	0	81	59	94	72	66	74	81	77
 data line!
  input in matrix: state: H currentWindowPosition: 0 currentAminoAcid: E =&gt; 90
  input in matrix: state: H currentWindowPosition: 1 currentAminoAcid: E =&gt; 93
  input in matrix: state: H currentWindowPosition: 2 currentAminoAcid: E =&gt; 84
  input in matrix: state: H currentWindowPosition: 3 currentAminoAcid: E =&gt; 79
  input in matrix: state: H currentWindowPosition: 4 currentAminoAcid: E =&gt; 91
  input in matrix: state: H currentWindowPosition: 5 currentAminoAcid: E =&gt; 82
  input in matrix: state: H currentWindowPosition: 6 currentAminoAcid: E =&gt; 71
  input in matrix: state: H currentWindowPosition: 7 currentAminoAcid: E =&gt; 89
  input in matrix: state: H currentWindowPosition: 8 currentAminoAcid: E =&gt; 0
  input in matrix: state: H currentWindowPosition: 9 currentAminoAcid: E =&gt; 81
  input in matrix: state: H currentWindowPosition: 10 currentAminoAcid: E =&gt; 59
  input in matrix: state: H currentWindowPosition: 11 currentAminoAcid: E =&gt; 94
  input in matrix: state: H currentWindowPosition: 12 currentAminoAcid: E =&gt; 72
  input in matrix: state: H currentWindowPosition: 13 currentAminoAcid: E =&gt; 66
  input in matrix: state: H currentWindowPosition: 14 currentAminoAcid: E =&gt; 74
  input in matrix: state: H currentWindowPosition: 15 currentAminoAcid: E =&gt; 81
  input in matrix: state: H currentWindowPosition: 16 currentAminoAcid: E =&gt; 77
Process line: F	46	50	58	52	51	63	54	53	0	56	60	61	53	57	51	60	51
 data line!
  input in matrix: state: H currentWindowPosition: 0 currentAminoAcid: F =&gt; 46
  input in matrix: state: H currentWindowPosition: 1 currentAminoAcid: F =&gt; 50
  input in matrix: state: H currentWindowPosition: 2 currentAminoAcid: F =&gt; 58
  input in matrix: state: H currentWindowPosition: 3 currentAminoAcid: F =&gt; 52
  input in matrix: state: H currentWindowPosition: 4 currentAminoAcid: F =&gt; 51
  input in matrix: state: H currentWindowPosition: 5 currentAminoAcid: F =&gt; 63
  input in matrix: state: H currentWindowPosition: 6 currentAminoAcid: F =&gt; 54
  input in matrix: state: H currentWindowPosition: 7 currentAminoAcid: F =&gt; 53
  input in matrix: state: H currentWindowPosition: 8 currentAminoAcid: F =&gt; 0
  input in matrix: state: H currentWindowPosition: 9 currentAminoAcid: F =&gt; 56
  input in matrix: state: H currentWindowPosition: 10 currentAminoAcid: F =&gt; 60
  input in matrix: state: H currentWindowPosition: 11 currentAminoAcid: F =&gt; 61
  input in matrix: state: H currentWindowPosition: 12 currentAminoAcid: F =&gt; 53
  input in matrix: state: H currentWindowPosition: 13 currentAminoAcid: F =&gt; 57
  input in matrix: state: H currentWindowPosition: 14 currentAminoAcid: F =&gt; 51
  input in matrix: state: H currentWindowPosition: 15 currentAminoAcid: F =&gt; 60
  input in matrix: state: H currentWindowPosition: 16 currentAminoAcid: F =&gt; 51
Process line: G	113	126	100	110	110	100	75	72	0	72	75	77	102	96	97	95	84
 data line!
  input in matrix: state: H currentWindowPosition: 0 currentAminoAcid: G =&gt; 113
  input in matrix: state: H currentWindowPosition: 1 currentAminoAcid: G =&gt; 126
  input in matrix: state: H currentWindowPosition: 2 currentAminoAcid: G =&gt; 100
  input in matrix: state: H currentWindowPosition: 3 currentAminoAcid: G =&gt; 110
  input in matrix: state: H currentWindowPosition: 4 currentAminoAcid: G =&gt; 110
  input in matrix: state: H currentWindowPosition: 5 currentAminoAcid: G =&gt; 100
  input in matrix: state: H currentWindowPosition: 6 currentAminoAcid: G =&gt; 75
  input in matrix: state: H currentWindowPosition: 7 currentAminoAcid: G =&gt; 72
  input in matrix: state: H currentWindowPosition: 8 currentAminoAcid: G =&gt; 0
  input in matrix: state: H currentWindowPosition: 9 currentAminoAcid: G =&gt; 72
  input in matrix: state: H currentWindowPosition: 10 currentAminoAcid: G =&gt; 75
  input in matrix: state: H currentWindowPosition: 11 currentAminoAcid: G =&gt; 77
  input in matrix: state: H currentWindowPosition: 12 currentAminoAcid: G =&gt; 102
  input in matrix: state: H currentWindowPosition: 13 currentAminoAcid: G =&gt; 96
  input in matrix: state: H currentWindowPosition: 14 currentAminoAcid: G =&gt; 97
  input in matrix: state: H currentWindowPosition: 15 currentAminoAcid: G =&gt; 95
  input in matrix: state: H currentWindowPosition: 16 currentAminoAcid: G =&gt; 84
Process line: H	32	34	25	28	29	24	15	23	0	32	29	27	29	28	29	28	29
 data line!
  input in matrix: state: H currentWindowPosition: 0 currentAminoAcid: H =&gt; 32
  input in matrix: state: H currentWindowPosition: 1 currentAminoAcid: H =&gt; 34
  input in matrix: state: H currentWindowPosition: 2 currentAminoAcid: H =&gt; 25
  input in matrix: state: H currentWindowPosition: 3 currentAminoAcid: H =&gt; 28
  input in matrix: state: H currentWindowPosition: 4 currentAminoAcid: H =&gt; 29
  input in matrix: state: H currentWindowPosition: 5 currentAminoAcid: H =&gt; 24
  input in matrix: state: H currentWindowPosition: 6 currentAminoAcid: H =&gt; 15
  input in matrix: state: H currentWindowPosition: 7 currentAminoAcid: H =&gt; 23
  input in matrix: state: H currentWindowPosition: 8 currentAminoAcid: H =&gt; 0
  input in matrix: state: H currentWindowPosition: 9 currentAminoAcid: H =&gt; 32
  input in matrix: state: H currentWindowPosition: 10 currentAminoAcid: H =&gt; 29
  input in matrix: state: H currentWindowPosition: 11 currentAminoAcid: H =&gt; 27
  input in matrix: state: H currentWindowPosition: 12 currentAminoAcid: H =&gt; 29
  input in matrix: state: H currentWindowPosition: 13 currentAminoAcid: H =&gt; 28
  input in matrix: state: H currentWindowPosition: 14 currentAminoAcid: H =&gt; 29
  input in matrix: state: H currentWindowPosition: 15 currentAminoAcid: H =&gt; 28
  input in matrix: state: H currentWindowPosition: 16 currentAminoAcid: H =&gt; 29
Process line: I	64	67	76	76	53	76	89	88	0	94	104	76	60	78	81	69	78
 data line!
  input in matrix: state: H currentWindowPosition: 0 currentAminoAcid: I =&gt; 64
  input in matrix: state: H currentWindowPosition: 1 currentAminoAcid: I =&gt; 67
  input in matrix: state: H currentWindowPosition: 2 currentAminoAcid: I =&gt; 76
  input in matrix: state: H currentWindowPosition: 3 currentAminoAcid: I =&gt; 76
  input in matrix: state: H currentWindowPosition: 4 currentAminoAcid: I =&gt; 53
  input in matrix: state: H currentWindowPosition: 5 currentAminoAcid: I =&gt; 76
  input in matrix: state: H currentWindowPosition: 6 currentAminoAcid: I =&gt; 89
  input in matrix: state: H currentWindowPosition: 7 currentAminoAcid: I =&gt; 88
  input in matrix: state: H currentWindowPosition: 8 currentAminoAcid: I =&gt; 0
  input in matrix: state: H currentWindowPosition: 9 currentAminoAcid: I =&gt; 94
  input in matrix: state: H currentWindowPosition: 10 currentAminoAcid: I =&gt; 104
  input in matrix: state: H currentWindowPosition: 11 currentAminoAcid: I =&gt; 76
  input in matrix: state: H currentWindowPosition: 12 currentAminoAcid: I =&gt; 60
  input in matrix: state: H currentWindowPosition: 13 currentAminoAcid: I =&gt; 78
  input in matrix: state: H currentWindowPosition: 14 currentAminoAcid: I =&gt; 81
  input in matrix: state: H currentWindowPosition: 15 currentAminoAcid: I =&gt; 69
  input in matrix: state: H currentWindowPosition: 16 currentAminoAcid: I =&gt; 78
Process line: K	71	74	68	58	70	53	57	69	0	83	66	84	95	93	74	86	88
 data line!
  input in matrix: state: H currentWindowPosition: 0 currentAminoAcid: K =&gt; 71
  input in matrix: state: H currentWindowPosition: 1 currentAminoAcid: K =&gt; 74
  input in matrix: state: H currentWindowPosition: 2 currentAminoAcid: K =&gt; 68
  input in matrix: state: H currentWindowPosition: 3 currentAminoAcid: K =&gt; 58
  input in matrix: state: H currentWindowPosition: 4 currentAminoAcid: K =&gt; 70
  input in matrix: state: H currentWindowPosition: 5 currentAminoAcid: K =&gt; 53
  input in matrix: state: H currentWindowPosition: 6 currentAminoAcid: K =&gt; 57
  input in matrix: state: H currentWindowPosition: 7 currentAminoAcid: K =&gt; 69
  input in matrix: state: H currentWindowPosition: 8 currentAminoAcid: K =&gt; 0
  input in matrix: state: H currentWindowPosition: 9 currentAminoAcid: K =&gt; 83
  input in matrix: state: H currentWindowPosition: 10 currentAminoAcid: K =&gt; 66
  input in matrix: state: H currentWindowPosition: 11 currentAminoAcid: K =&gt; 84
  input in matrix: state: H currentWindowPosition: 12 currentAminoAcid: K =&gt; 95
  input in matrix: state: H currentWindowPosition: 13 currentAminoAcid: K =&gt; 93
  input in matrix: state: H currentWindowPosition: 14 currentAminoAcid: K =&gt; 74
  input in matrix: state: H currentWindowPosition: 15 currentAminoAcid: K =&gt; 86
  input in matrix: state: H currentWindowPosition: 16 currentAminoAcid: K =&gt; 88
Process line: L	120	101	130	119	94	124	173	143	0	165	192	134	148	129	148	128	149
 data line!
  input in matrix: state: H currentWindowPosition: 0 currentAminoAcid: L =&gt; 120
  input in matrix: state: H currentWindowPosition: 1 currentAminoAcid: L =&gt; 101
  input in matrix: state: H currentWindowPosition: 2 currentAminoAcid: L =&gt; 130
  input in matrix: state: H currentWindowPosition: 3 currentAminoAcid: L =&gt; 119
  input in matrix: state: H currentWindowPosition: 4 currentAminoAcid: L =&gt; 94
  input in matrix: state: H currentWindowPosition: 5 currentAminoAcid: L =&gt; 124
  input in matrix: state: H currentWindowPosition: 6 currentAminoAcid: L =&gt; 173
  input in matrix: state: H currentWindowPosition: 7 currentAminoAcid: L =&gt; 143
  input in matrix: state: H currentWindowPosition: 8 currentAminoAcid: L =&gt; 0
  input in matrix: state: H currentWindowPosition: 9 currentAminoAcid: L =&gt; 165
  input in matrix: state: H currentWindowPosition: 10 currentAminoAcid: L =&gt; 192
  input in matrix: state: H currentWindowPosition: 11 currentAminoAcid: L =&gt; 134
  input in matrix: state: H currentWindowPosition: 12 currentAminoAcid: L =&gt; 148
  input in matrix: state: H currentWindowPosition: 13 currentAminoAcid: L =&gt; 129
  input in matrix: state: H currentWindowPosition: 14 currentAminoAcid: L =&gt; 148
  input in matrix: state: H currentWindowPosition: 15 currentAminoAcid: L =&gt; 128
  input in matrix: state: H currentWindowPosition: 16 currentAminoAcid: L =&gt; 149
Process line: M	27	23	31	36	23	23	35	25	0	40	50	32	22	28	34	25	33
 data line!
  input in matrix: state: H currentWindowPosition: 0 currentAminoAcid: M =&gt; 27
  input in matrix: state: H currentWindowPosition: 1 currentAminoAcid: M =&gt; 23
  input in matrix: state: H currentWindowPosition: 2 currentAminoAcid: M =&gt; 31
  input in matrix: state: H currentWindowPosition: 3 currentAminoAcid: M =&gt; 36
  input in matrix: state: H currentWindowPosition: 4 currentAminoAcid: M =&gt; 23
  input in matrix: state: H currentWindowPosition: 5 currentAminoAcid: M =&gt; 23
  input in matrix: state: H currentWindowPosition: 6 currentAminoAcid: M =&gt; 35
  input in matrix: state: H currentWindowPosition: 7 currentAminoAcid: M =&gt; 25
  input in matrix: state: H currentWindowPosition: 8 currentAminoAcid: M =&gt; 0
  input in matrix: state: H currentWindowPosition: 9 currentAminoAcid: M =&gt; 40
  input in matrix: state: H currentWindowPosition: 10 currentAminoAcid: M =&gt; 50
  input in matrix: state: H currentWindowPosition: 11 currentAminoAcid: M =&gt; 32
  input in matrix: state: H currentWindowPosition: 12 currentAminoAcid: M =&gt; 22
  input in matrix: state: H currentWindowPosition: 13 currentAminoAcid: M =&gt; 28
  input in matrix: state: H currentWindowPosition: 14 currentAminoAcid: M =&gt; 34
  input in matrix: state: H currentWindowPosition: 15 currentAminoAcid: M =&gt; 25
  input in matrix: state: H currentWindowPosition: 16 currentAminoAcid: M =&gt; 33
Process line: N	64	65	52	72	66	59	43	58	0	55	59	66	69	67	59	78	80
 data line!
  input in matrix: state: H currentWindowPosition: 0 currentAminoAcid: N =&gt; 64
  input in matrix: state: H currentWindowPosition: 1 currentAminoAcid: N =&gt; 65
  input in matrix: state: H currentWindowPosition: 2 currentAminoAcid: N =&gt; 52
  input in matrix: state: H currentWindowPosition: 3 currentAminoAcid: N =&gt; 72
  input in matrix: state: H currentWindowPosition: 4 currentAminoAcid: N =&gt; 66
  input in matrix: state: H currentWindowPosition: 5 currentAminoAcid: N =&gt; 59
  input in matrix: state: H currentWindowPosition: 6 currentAminoAcid: N =&gt; 43
  input in matrix: state: H currentWindowPosition: 7 currentAminoAcid: N =&gt; 58
  input in matrix: state: H currentWindowPosition: 8 currentAminoAcid: N =&gt; 0
  input in matrix: state: H currentWindowPosition: 9 currentAminoAcid: N =&gt; 55
  input in matrix: state: H currentWindowPosition: 10 currentAminoAcid: N =&gt; 59
  input in matrix: state: H currentWindowPosition: 11 currentAminoAcid: N =&gt; 66
  input in matrix: state: H currentWindowPosition: 12 currentAminoAcid: N =&gt; 69
  input in matrix: state: H currentWindowPosition: 13 currentAminoAcid: N =&gt; 67
  input in matrix: state: H currentWindowPosition: 14 currentAminoAcid: N =&gt; 59
  input in matrix: state: H currentWindowPosition: 15 currentAminoAcid: N =&gt; 78
  input in matrix: state: H currentWindowPosition: 16 currentAminoAcid: N =&gt; 80
Process line: P	62	54	49	58	56	48	55	58	0	9	19	40	50	45	54	62	60
 data line!
  input in matrix: state: H currentWindowPosition: 0 currentAminoAcid: P =&gt; 62
  input in matrix: state: H currentWindowPosition: 1 currentAminoAcid: P =&gt; 54
  input in matrix: state: H currentWindowPosition: 2 currentAminoAcid: P =&gt; 49
  input in matrix: state: H currentWindowPosition: 3 currentAminoAcid: P =&gt; 58
  input in matrix: state: H currentWindowPosition: 4 currentAminoAcid: P =&gt; 56
  input in matrix: state: H currentWindowPosition: 5 currentAminoAcid: P =&gt; 48
  input in matrix: state: H currentWindowPosition: 6 currentAminoAcid: P =&gt; 55
  input in matrix: state: H currentWindowPosition: 7 currentAminoAcid: P =&gt; 58
  input in matrix: state: H currentWindowPosition: 8 currentAminoAcid: P =&gt; 0
  input in matrix: state: H currentWindowPosition: 9 currentAminoAcid: P =&gt; 9
  input in matrix: state: H currentWindowPosition: 10 currentAminoAcid: P =&gt; 19
  input in matrix: state: H currentWindowPosition: 11 currentAminoAcid: P =&gt; 40
  input in matrix: state: H currentWindowPosition: 12 currentAminoAcid: P =&gt; 50
  input in matrix: state: H currentWindowPosition: 13 currentAminoAcid: P =&gt; 45
  input in matrix: state: H currentWindowPosition: 14 currentAminoAcid: P =&gt; 54
  input in matrix: state: H currentWindowPosition: 15 currentAminoAcid: P =&gt; 62
  input in matrix: state: H currentWindowPosition: 16 currentAminoAcid: P =&gt; 60
Process line: Q	69	50	45	58	67	63	57	65	0	72	51	64	67	59	54	56	46
 data line!
  input in matrix: state: H currentWindowPosition: 0 currentAminoAcid: Q =&gt; 69
  input in matrix: state: H currentWindowPosition: 1 currentAminoAcid: Q =&gt; 50
  input in matrix: state: H currentWindowPosition: 2 currentAminoAcid: Q =&gt; 45
  input in matrix: state: H currentWindowPosition: 3 currentAminoAcid: Q =&gt; 58
  input in matrix: state: H currentWindowPosition: 4 currentAminoAcid: Q =&gt; 67
  input in matrix: state: H currentWindowPosition: 5 currentAminoAcid: Q =&gt; 63
  input in matrix: state: H currentWindowPosition: 6 currentAminoAcid: Q =&gt; 57
  input in matrix: state: H currentWindowPosition: 7 currentAminoAcid: Q =&gt; 65
  input in matrix: state: H currentWindowPosition: 8 currentAminoAcid: Q =&gt; 0
  input in matrix: state: H currentWindowPosition: 9 currentAminoAcid: Q =&gt; 72
  input in matrix: state: H currentWindowPosition: 10 currentAminoAcid: Q =&gt; 51
  input in matrix: state: H currentWindowPosition: 11 currentAminoAcid: Q =&gt; 64
  input in matrix: state: H currentWindowPosition: 12 currentAminoAcid: Q =&gt; 67
  input in matrix: state: H currentWindowPosition: 13 currentAminoAcid: Q =&gt; 59
  input in matrix: state: H currentWindowPosition: 14 currentAminoAcid: Q =&gt; 54
  input in matrix: state: H currentWindowPosition: 15 currentAminoAcid: Q =&gt; 56
  input in matrix: state: H currentWindowPosition: 16 currentAminoAcid: Q =&gt; 46
Process line: R	67	52	43	54	66	53	45	75	0	51	77	90	57	67	68	73	64
 data line!
  input in matrix: state: H currentWindowPosition: 0 currentAminoAcid: R =&gt; 67
  input in matrix: state: H currentWindowPosition: 1 currentAminoAcid: R =&gt; 52
  input in matrix: state: H currentWindowPosition: 2 currentAminoAcid: R =&gt; 43
  input in matrix: state: H currentWindowPosition: 3 currentAminoAcid: R =&gt; 54
  input in matrix: state: H currentWindowPosition: 4 currentAminoAcid: R =&gt; 66
  input in matrix: state: H currentWindowPosition: 5 currentAminoAcid: R =&gt; 53
  input in matrix: state: H currentWindowPosition: 6 currentAminoAcid: R =&gt; 45
  input in matrix: state: H currentWindowPosition: 7 currentAminoAcid: R =&gt; 75
  input in matrix: state: H currentWindowPosition: 8 currentAminoAcid: R =&gt; 0
  input in matrix: state: H currentWindowPosition: 9 currentAminoAcid: R =&gt; 51
  input in matrix: state: H currentWindowPosition: 10 currentAminoAcid: R =&gt; 77
  input in matrix: state: H currentWindowPosition: 11 currentAminoAcid: R =&gt; 90
  input in matrix: state: H currentWindowPosition: 12 currentAminoAcid: R =&gt; 57
  input in matrix: state: H currentWindowPosition: 13 currentAminoAcid: R =&gt; 67
  input in matrix: state: H currentWindowPosition: 14 currentAminoAcid: R =&gt; 68
  input in matrix: state: H currentWindowPosition: 15 currentAminoAcid: R =&gt; 73
  input in matrix: state: H currentWindowPosition: 16 currentAminoAcid: R =&gt; 64
Process line: S	77	77	79	111	91	89	59	77	1340	70	50	71	88	81	58	76	72
 data line!
  input in matrix: state: H currentWindowPosition: 0 currentAminoAcid: S =&gt; 77
  input in matrix: state: H currentWindowPosition: 1 currentAminoAcid: S =&gt; 77
  input in matrix: state: H currentWindowPosition: 2 currentAminoAcid: S =&gt; 79
  input in matrix: state: H currentWindowPosition: 3 currentAminoAcid: S =&gt; 111
  input in matrix: state: H currentWindowPosition: 4 currentAminoAcid: S =&gt; 91
  input in matrix: state: H currentWindowPosition: 5 currentAminoAcid: S =&gt; 89
  input in matrix: state: H currentWindowPosition: 6 currentAminoAcid: S =&gt; 59
  input in matrix: state: H currentWindowPosition: 7 currentAminoAcid: S =&gt; 77
  input in matrix: state: H currentWindowPosition: 8 currentAminoAcid: S =&gt; 1340
  input in matrix: state: H currentWindowPosition: 9 currentAminoAcid: S =&gt; 70
  input in matrix: state: H currentWindowPosition: 10 currentAminoAcid: S =&gt; 50
  input in matrix: state: H currentWindowPosition: 11 currentAminoAcid: S =&gt; 71
  input in matrix: state: H currentWindowPosition: 12 currentAminoAcid: S =&gt; 88
  input in matrix: state: H currentWindowPosition: 13 currentAminoAcid: S =&gt; 81
  input in matrix: state: H currentWindowPosition: 14 currentAminoAcid: S =&gt; 58
  input in matrix: state: H currentWindowPosition: 15 currentAminoAcid: S =&gt; 76
  input in matrix: state: H currentWindowPosition: 16 currentAminoAcid: S =&gt; 72
Process line: T	67	72	89	79	72	77	70	65	0	59	61	64	78	64	61	66	75
 data line!
  input in matrix: state: H currentWindowPosition: 0 currentAminoAcid: T =&gt; 67
  input in matrix: state: H currentWindowPosition: 1 currentAminoAcid: T =&gt; 72
  input in matrix: state: H currentWindowPosition: 2 currentAminoAcid: T =&gt; 89
  input in matrix: state: H currentWindowPosition: 3 currentAminoAcid: T =&gt; 79
  input in matrix: state: H currentWindowPosition: 4 currentAminoAcid: T =&gt; 72
  input in matrix: state: H currentWindowPosition: 5 currentAminoAcid: T =&gt; 77
  input in matrix: state: H currentWindowPosition: 6 currentAminoAcid: T =&gt; 70
  input in matrix: state: H currentWindowPosition: 7 currentAminoAcid: T =&gt; 65
  input in matrix: state: H currentWindowPosition: 8 currentAminoAcid: T =&gt; 0
  input in matrix: state: H currentWindowPosition: 9 currentAminoAcid: T =&gt; 59
  input in matrix: state: H currentWindowPosition: 10 currentAminoAcid: T =&gt; 61
  input in matrix: state: H currentWindowPosition: 11 currentAminoAcid: T =&gt; 64
  input in matrix: state: H currentWindowPosition: 12 currentAminoAcid: T =&gt; 78
  input in matrix: state: H currentWindowPosition: 13 currentAminoAcid: T =&gt; 64
  input in matrix: state: H currentWindowPosition: 14 currentAminoAcid: T =&gt; 61
  input in matrix: state: H currentWindowPosition: 15 currentAminoAcid: T =&gt; 66
  input in matrix: state: H currentWindowPosition: 16 currentAminoAcid: T =&gt; 75
Process line: V	78	81	104	91	89	95	101	80	0	84	105	86	73	70	81	90	93
 data line!
  input in matrix: state: H currentWindowPosition: 0 currentAminoAcid: V =&gt; 78
  input in matrix: state: H currentWindowPosition: 1 currentAminoAcid: V =&gt; 81
  input in matrix: state: H currentWindowPosition: 2 currentAminoAcid: V =&gt; 104
  input in matrix: state: H currentWindowPosition: 3 currentAminoAcid: V =&gt; 91
  input in matrix: state: H currentWindowPosition: 4 currentAminoAcid: V =&gt; 89
  input in matrix: state: H currentWindowPosition: 5 currentAminoAcid: V =&gt; 95
  input in matrix: state: H currentWindowPosition: 6 currentAminoAcid: V =&gt; 101
  input in matrix: state: H currentWindowPosition: 7 currentAminoAcid: V =&gt; 80
  input in matrix: state: H currentWindowPosition: 8 currentAminoAcid: V =&gt; 0
  input in matrix: state: H currentWindowPosition: 9 currentAminoAcid: V =&gt; 84
  input in matrix: state: H currentWindowPosition: 10 currentAminoAcid: V =&gt; 105
  input in matrix: state: H currentWindowPosition: 11 currentAminoAcid: V =&gt; 86
  input in matrix: state: H currentWindowPosition: 12 currentAminoAcid: V =&gt; 73
  input in matrix: state: H currentWindowPosition: 13 currentAminoAcid: V =&gt; 70
  input in matrix: state: H currentWindowPosition: 14 currentAminoAcid: V =&gt; 81
  input in matrix: state: H currentWindowPosition: 15 currentAminoAcid: V =&gt; 90
  input in matrix: state: H currentWindowPosition: 16 currentAminoAcid: V =&gt; 93
Process line: W	22	25	20	16	18	27	28	21	0	33	27	24	9	16	25	21	19
 data line!
  input in matrix: state: H currentWindowPosition: 0 currentAminoAcid: W =&gt; 22
  input in matrix: state: H currentWindowPosition: 1 currentAminoAcid: W =&gt; 25
  input in matrix: state: H currentWindowPosition: 2 currentAminoAcid: W =&gt; 20
  input in matrix: state: H currentWindowPosition: 3 currentAminoAcid: W =&gt; 16
  input in matrix: state: H currentWindowPosition: 4 currentAminoAcid: W =&gt; 18
  input in matrix: state: H currentWindowPosition: 5 currentAminoAcid: W =&gt; 27
  input in matrix: state: H currentWindowPosition: 6 currentAminoAcid: W =&gt; 28
  input in matrix: state: H currentWindowPosition: 7 currentAminoAcid: W =&gt; 21
  input in matrix: state: H currentWindowPosition: 8 currentAminoAcid: W =&gt; 0
  input in matrix: state: H currentWindowPosition: 9 currentAminoAcid: W =&gt; 33
  input in matrix: state: H currentWindowPosition: 10 currentAminoAcid: W =&gt; 27
  input in matrix: state: H currentWindowPosition: 11 currentAminoAcid: W =&gt; 24
  input in matrix: state: H currentWindowPosition: 12 currentAminoAcid: W =&gt; 9
  input in matrix: state: H currentWindowPosition: 13 currentAminoAcid: W =&gt; 16
  input in matrix: state: H currentWindowPosition: 14 currentAminoAcid: W =&gt; 25
  input in matrix: state: H currentWindowPosition: 15 currentAminoAcid: W =&gt; 21
  input in matrix: state: H currentWindowPosition: 16 currentAminoAcid: W =&gt; 19
Process line: Y	40	52	55	37	40	48	63	36	0	53	54	41	31	63	50	45	38
 data line!
  input in matrix: state: H currentWindowPosition: 0 currentAminoAcid: Y =&gt; 40
  input in matrix: state: H currentWindowPosition: 1 currentAminoAcid: Y =&gt; 52
  input in matrix: state: H currentWindowPosition: 2 currentAminoAcid: Y =&gt; 55
  input in matrix: state: H currentWindowPosition: 3 currentAminoAcid: Y =&gt; 37
  input in matrix: state: H currentWindowPosition: 4 currentAminoAcid: Y =&gt; 40
  input in matrix: state: H currentWindowPosition: 5 currentAminoAcid: Y =&gt; 48
  input in matrix: state: H currentWindowPosition: 6 currentAminoAcid: Y =&gt; 63
  input in matrix: state: H currentWindowPosition: 7 currentAminoAcid: Y =&gt; 36
  input in matrix: state: H currentWindowPosition: 8 currentAminoAcid: Y =&gt; 0
  input in matrix: state: H currentWindowPosition: 9 currentAminoAcid: Y =&gt; 53
  input in matrix: state: H currentWindowPosition: 10 currentAminoAcid: Y =&gt; 54
  input in matrix: state: H currentWindowPosition: 11 currentAminoAcid: Y =&gt; 41
  input in matrix: state: H currentWindowPosition: 12 currentAminoAcid: Y =&gt; 31
  input in matrix: state: H currentWindowPosition: 13 currentAminoAcid: Y =&gt; 63
  input in matrix: state: H currentWindowPosition: 14 currentAminoAcid: Y =&gt; 50
  input in matrix: state: H currentWindowPosition: 15 currentAminoAcid: Y =&gt; 45
  input in matrix: state: H currentWindowPosition: 16 currentAminoAcid: Y =&gt; 38
Process line: 
 Skip line!
Process line: 
 Skip line!
Process line: =T,C=
 state line! (now in state: C)
Process line: 
 Skip line!
Process line: A	181	168	151	169	149	171	144	141	0	133	160	162	157	184	169	182	169
 data line!
  input in matrix: state: C currentWindowPosition: 0 currentAminoAcid: A =&gt; 181
  input in matrix: state: C currentWindowPosition: 1 currentAminoAcid: A =&gt; 168
  input in matrix: state: C currentWindowPosition: 2 currentAminoAcid: A =&gt; 151
  input in matrix: state: C currentWindowPosition: 3 currentAminoAcid: A =&gt; 169
  input in matrix: state: C currentWindowPosition: 4 currentAminoAcid: A =&gt; 149
  input in matrix: state: C currentWindowPosition: 5 currentAminoAcid: A =&gt; 171
  input in matrix: state: C currentWindowPosition: 6 currentAminoAcid: A =&gt; 144
  input in matrix: state: C currentWindowPosition: 7 currentAminoAcid: A =&gt; 141
  input in matrix: state: C currentWindowPosition: 8 currentAminoAcid: A =&gt; 0
  input in matrix: state: C currentWindowPosition: 9 currentAminoAcid: A =&gt; 133
  input in matrix: state: C currentWindowPosition: 10 currentAminoAcid: A =&gt; 160
  input in matrix: state: C currentWindowPosition: 11 currentAminoAcid: A =&gt; 162
  input in matrix: state: C currentWindowPosition: 12 currentAminoAcid: A =&gt; 157
  input in matrix: state: C currentWindowPosition: 13 currentAminoAcid: A =&gt; 184
  input in matrix: state: C currentWindowPosition: 14 currentAminoAcid: A =&gt; 169
  input in matrix: state: C currentWindowPosition: 15 currentAminoAcid: A =&gt; 182
  input in matrix: state: C currentWindowPosition: 16 currentAminoAcid: A =&gt; 169
Process line: C	26	29	36	41	25	35	34	26	0	33	29	23	41	33	43	33	45
 data line!
  input in matrix: state: C currentWindowPosition: 0 currentAminoAcid: C =&gt; 26
  input in matrix: state: C currentWindowPosition: 1 currentAminoAcid: C =&gt; 29
  input in matrix: state: C currentWindowPosition: 2 currentAminoAcid: C =&gt; 36
  input in matrix: state: C currentWindowPosition: 3 currentAminoAcid: C =&gt; 41
  input in matrix: state: C currentWindowPosition: 4 currentAminoAcid: C =&gt; 25
  input in matrix: state: C currentWindowPosition: 5 currentAminoAcid: C =&gt; 35
  input in matrix: state: C currentWindowPosition: 6 currentAminoAcid: C =&gt; 34
  input in matrix: state: C currentWindowPosition: 7 currentAminoAcid: C =&gt; 26
  input in matrix: state: C currentWindowPosition: 8 currentAminoAcid: C =&gt; 0
  input in matrix: state: C currentWindowPosition: 9 currentAminoAcid: C =&gt; 33
  input in matrix: state: C currentWindowPosition: 10 currentAminoAcid: C =&gt; 29
  input in matrix: state: C currentWindowPosition: 11 currentAminoAcid: C =&gt; 23
  input in matrix: state: C currentWindowPosition: 12 currentAminoAcid: C =&gt; 41
  input in matrix: state: C currentWindowPosition: 13 currentAminoAcid: C =&gt; 33
  input in matrix: state: C currentWindowPosition: 14 currentAminoAcid: C =&gt; 43
  input in matrix: state: C currentWindowPosition: 15 currentAminoAcid: C =&gt; 33
  input in matrix: state: C currentWindowPosition: 16 currentAminoAcid: C =&gt; 45
Process line: D	124	119	98	113	117	117	142	153	0	146	173	138	131	136	121	105	134
 data line!
  input in matrix: state: C currentWindowPosition: 0 currentAminoAcid: D =&gt; 124
  input in matrix: state: C currentWindowPosition: 1 currentAminoAcid: D =&gt; 119
  input in matrix: state: C currentWindowPosition: 2 currentAminoAcid: D =&gt; 98
  input in matrix: state: C currentWindowPosition: 3 currentAminoAcid: D =&gt; 113
  input in matrix: state: C currentWindowPosition: 4 currentAminoAcid: D =&gt; 117
  input in matrix: state: C currentWindowPosition: 5 currentAminoAcid: D =&gt; 117
  input in matrix: state: C currentWindowPosition: 6 currentAminoAcid: D =&gt; 142
  input in matrix: state: C currentWindowPosition: 7 currentAminoAcid: D =&gt; 153
  input in matrix: state: C currentWindowPosition: 8 currentAminoAcid: D =&gt; 0
  input in matrix: state: C currentWindowPosition: 9 currentAminoAcid: D =&gt; 146
  input in matrix: state: C currentWindowPosition: 10 currentAminoAcid: D =&gt; 173
  input in matrix: state: C currentWindowPosition: 11 currentAminoAcid: D =&gt; 138
  input in matrix: state: C currentWindowPosition: 12 currentAminoAcid: D =&gt; 131
  input in matrix: state: C currentWindowPosition: 13 currentAminoAcid: D =&gt; 136
  input in matrix: state: C currentWindowPosition: 14 currentAminoAcid: D =&gt; 121
  input in matrix: state: C currentWindowPosition: 15 currentAminoAcid: D =&gt; 105
  input in matrix: state: C currentWindowPosition: 16 currentAminoAcid: D =&gt; 134
Process line: E	102	101	90	90	108	95	99	97	0	120	163	149	92	123	104	109	125
 data line!
  input in matrix: state: C currentWindowPosition: 0 currentAminoAcid: E =&gt; 102
  input in matrix: state: C currentWindowPosition: 1 currentAminoAcid: E =&gt; 101
  input in matrix: state: C currentWindowPosition: 2 currentAminoAcid: E =&gt; 90
  input in matrix: state: C currentWindowPosition: 3 currentAminoAcid: E =&gt; 90
  input in matrix: state: C currentWindowPosition: 4 currentAminoAcid: E =&gt; 108
  input in matrix: state: C currentWindowPosition: 5 currentAminoAcid: E =&gt; 95
  input in matrix: state: C currentWindowPosition: 6 currentAminoAcid: E =&gt; 99
  input in matrix: state: C currentWindowPosition: 7 currentAminoAcid: E =&gt; 97
  input in matrix: state: C currentWindowPosition: 8 currentAminoAcid: E =&gt; 0
  input in matrix: state: C currentWindowPosition: 9 currentAminoAcid: E =&gt; 120
  input in matrix: state: C currentWindowPosition: 10 currentAminoAcid: E =&gt; 163
  input in matrix: state: C currentWindowPosition: 11 currentAminoAcid: E =&gt; 149
  input in matrix: state: C currentWindowPosition: 12 currentAminoAcid: E =&gt; 92
  input in matrix: state: C currentWindowPosition: 13 currentAminoAcid: E =&gt; 123
  input in matrix: state: C currentWindowPosition: 14 currentAminoAcid: E =&gt; 104
  input in matrix: state: C currentWindowPosition: 15 currentAminoAcid: E =&gt; 109
  input in matrix: state: C currentWindowPosition: 16 currentAminoAcid: E =&gt; 125
Process line: F	92	78	82	96	86	80	80	70	0	61	73	94	100	85	94	79	86
 data line!
  input in matrix: state: C currentWindowPosition: 0 currentAminoAcid: F =&gt; 92
  input in matrix: state: C currentWindowPosition: 1 currentAminoAcid: F =&gt; 78
  input in matrix: state: C currentWindowPosition: 2 currentAminoAcid: F =&gt; 82
  input in matrix: state: C currentWindowPosition: 3 currentAminoAcid: F =&gt; 96
  input in matrix: state: C currentWindowPosition: 4 currentAminoAcid: F =&gt; 86
  input in matrix: state: C currentWindowPosition: 5 currentAminoAcid: F =&gt; 80
  input in matrix: state: C currentWindowPosition: 6 currentAminoAcid: F =&gt; 80
  input in matrix: state: C currentWindowPosition: 7 currentAminoAcid: F =&gt; 70
  input in matrix: state: C currentWindowPosition: 8 currentAminoAcid: F =&gt; 0
  input in matrix: state: C currentWindowPosition: 9 currentAminoAcid: F =&gt; 61
  input in matrix: state: C currentWindowPosition: 10 currentAminoAcid: F =&gt; 73
  input in matrix: state: C currentWindowPosition: 11 currentAminoAcid: F =&gt; 94
  input in matrix: state: C currentWindowPosition: 12 currentAminoAcid: F =&gt; 100
  input in matrix: state: C currentWindowPosition: 13 currentAminoAcid: F =&gt; 85
  input in matrix: state: C currentWindowPosition: 14 currentAminoAcid: F =&gt; 94
  input in matrix: state: C currentWindowPosition: 15 currentAminoAcid: F =&gt; 79
  input in matrix: state: C currentWindowPosition: 16 currentAminoAcid: F =&gt; 86
Process line: G	156	150	168	168	175	180	224	248	0	258	184	169	161	136	141	143	129
 data line!
  input in matrix: state: C currentWindowPosition: 0 currentAminoAcid: G =&gt; 156
  input in matrix: state: C currentWindowPosition: 1 currentAminoAcid: G =&gt; 150
  input in matrix: state: C currentWindowPosition: 2 currentAminoAcid: G =&gt; 168
  input in matrix: state: C currentWindowPosition: 3 currentAminoAcid: G =&gt; 168
  input in matrix: state: C currentWindowPosition: 4 currentAminoAcid: G =&gt; 175
  input in matrix: state: C currentWindowPosition: 5 currentAminoAcid: G =&gt; 180
  input in matrix: state: C currentWindowPosition: 6 currentAminoAcid: G =&gt; 224
  input in matrix: state: C currentWindowPosition: 7 currentAminoAcid: G =&gt; 248
  input in matrix: state: C currentWindowPosition: 8 currentAminoAcid: G =&gt; 0
  input in matrix: state: C currentWindowPosition: 9 currentAminoAcid: G =&gt; 258
  input in matrix: state: C currentWindowPosition: 10 currentAminoAcid: G =&gt; 184
  input in matrix: state: C currentWindowPosition: 11 currentAminoAcid: G =&gt; 169
  input in matrix: state: C currentWindowPosition: 12 currentAminoAcid: G =&gt; 161
  input in matrix: state: C currentWindowPosition: 13 currentAminoAcid: G =&gt; 136
  input in matrix: state: C currentWindowPosition: 14 currentAminoAcid: G =&gt; 141
  input in matrix: state: C currentWindowPosition: 15 currentAminoAcid: G =&gt; 143
  input in matrix: state: C currentWindowPosition: 16 currentAminoAcid: G =&gt; 129
Process line: H	46	37	44	48	60	54	47	50	0	54	53	53	44	49	34	37	50
 data line!
  input in matrix: state: C currentWindowPosition: 0 currentAminoAcid: H =&gt; 46
  input in matrix: state: C currentWindowPosition: 1 currentAminoAcid: H =&gt; 37
  input in matrix: state: C currentWindowPosition: 2 currentAminoAcid: H =&gt; 44
  input in matrix: state: C currentWindowPosition: 3 currentAminoAcid: H =&gt; 48
  input in matrix: state: C currentWindowPosition: 4 currentAminoAcid: H =&gt; 60
  input in matrix: state: C currentWindowPosition: 5 currentAminoAcid: H =&gt; 54
  input in matrix: state: C currentWindowPosition: 6 currentAminoAcid: H =&gt; 47
  input in matrix: state: C currentWindowPosition: 7 currentAminoAcid: H =&gt; 50
  input in matrix: state: C currentWindowPosition: 8 currentAminoAcid: H =&gt; 0
  input in matrix: state: C currentWindowPosition: 9 currentAminoAcid: H =&gt; 54
  input in matrix: state: C currentWindowPosition: 10 currentAminoAcid: H =&gt; 53
  input in matrix: state: C currentWindowPosition: 11 currentAminoAcid: H =&gt; 53
  input in matrix: state: C currentWindowPosition: 12 currentAminoAcid: H =&gt; 44
  input in matrix: state: C currentWindowPosition: 13 currentAminoAcid: H =&gt; 49
  input in matrix: state: C currentWindowPosition: 14 currentAminoAcid: H =&gt; 34
  input in matrix: state: C currentWindowPosition: 15 currentAminoAcid: H =&gt; 37
  input in matrix: state: C currentWindowPosition: 16 currentAminoAcid: H =&gt; 50
Process line: I	113	134	122	109	111	97	82	90	0	59	84	102	103	123	110	121	116
 data line!
  input in matrix: state: C currentWindowPosition: 0 currentAminoAcid: I =&gt; 113
  input in matrix: state: C currentWindowPosition: 1 currentAminoAcid: I =&gt; 134
  input in matrix: state: C currentWindowPosition: 2 currentAminoAcid: I =&gt; 122
  input in matrix: state: C currentWindowPosition: 3 currentAminoAcid: I =&gt; 109
  input in matrix: state: C currentWindowPosition: 4 currentAminoAcid: I =&gt; 111
  input in matrix: state: C currentWindowPosition: 5 currentAminoAcid: I =&gt; 97
  input in matrix: state: C currentWindowPosition: 6 currentAminoAcid: I =&gt; 82
  input in matrix: state: C currentWindowPosition: 7 currentAminoAcid: I =&gt; 90
  input in matrix: state: C currentWindowPosition: 8 currentAminoAcid: I =&gt; 0
  input in matrix: state: C currentWindowPosition: 9 currentAminoAcid: I =&gt; 59
  input in matrix: state: C currentWindowPosition: 10 currentAminoAcid: I =&gt; 84
  input in matrix: state: C currentWindowPosition: 11 currentAminoAcid: I =&gt; 102
  input in matrix: state: C currentWindowPosition: 12 currentAminoAcid: I =&gt; 103
  input in matrix: state: C currentWindowPosition: 13 currentAminoAcid: I =&gt; 123
  input in matrix: state: C currentWindowPosition: 14 currentAminoAcid: I =&gt; 110
  input in matrix: state: C currentWindowPosition: 15 currentAminoAcid: I =&gt; 121
  input in matrix: state: C currentWindowPosition: 16 currentAminoAcid: I =&gt; 116
Process line: K	122	113	105	124	117	122	111	107	0	116	100	109	100	101	92	120	112
 data line!
  input in matrix: state: C currentWindowPosition: 0 currentAminoAcid: K =&gt; 122
  input in matrix: state: C currentWindowPosition: 1 currentAminoAcid: K =&gt; 113
  input in matrix: state: C currentWindowPosition: 2 currentAminoAcid: K =&gt; 105
  input in matrix: state: C currentWindowPosition: 3 currentAminoAcid: K =&gt; 124
  input in matrix: state: C currentWindowPosition: 4 currentAminoAcid: K =&gt; 117
  input in matrix: state: C currentWindowPosition: 5 currentAminoAcid: K =&gt; 122
  input in matrix: state: C currentWindowPosition: 6 currentAminoAcid: K =&gt; 111
  input in matrix: state: C currentWindowPosition: 7 currentAminoAcid: K =&gt; 107
  input in matrix: state: C currentWindowPosition: 8 currentAminoAcid: K =&gt; 0
  input in matrix: state: C currentWindowPosition: 9 currentAminoAcid: K =&gt; 116
  input in matrix: state: C currentWindowPosition: 10 currentAminoAcid: K =&gt; 100
  input in matrix: state: C currentWindowPosition: 11 currentAminoAcid: K =&gt; 109
  input in matrix: state: C currentWindowPosition: 12 currentAminoAcid: K =&gt; 100
  input in matrix: state: C currentWindowPosition: 13 currentAminoAcid: K =&gt; 101
  input in matrix: state: C currentWindowPosition: 14 currentAminoAcid: K =&gt; 92
  input in matrix: state: C currentWindowPosition: 15 currentAminoAcid: K =&gt; 120
  input in matrix: state: C currentWindowPosition: 16 currentAminoAcid: K =&gt; 112
Process line: L	170	182	193	179	167	161	129	132	0	130	123	119	169	162	156	185	163
 data line!
  input in matrix: state: C currentWindowPosition: 0 currentAminoAcid: L =&gt; 170
  input in matrix: state: C currentWindowPosition: 1 currentAminoAcid: L =&gt; 182
  input in matrix: state: C currentWindowPosition: 2 currentAminoAcid: L =&gt; 193
  input in matrix: state: C currentWindowPosition: 3 currentAminoAcid: L =&gt; 179
  input in matrix: state: C currentWindowPosition: 4 currentAminoAcid: L =&gt; 167
  input in matrix: state: C currentWindowPosition: 5 currentAminoAcid: L =&gt; 161
  input in matrix: state: C currentWindowPosition: 6 currentAminoAcid: L =&gt; 129
  input in matrix: state: C currentWindowPosition: 7 currentAminoAcid: L =&gt; 132
  input in matrix: state: C currentWindowPosition: 8 currentAminoAcid: L =&gt; 0
  input in matrix: state: C currentWindowPosition: 9 currentAminoAcid: L =&gt; 130
  input in matrix: state: C currentWindowPosition: 10 currentAminoAcid: L =&gt; 123
  input in matrix: state: C currentWindowPosition: 11 currentAminoAcid: L =&gt; 119
  input in matrix: state: C currentWindowPosition: 12 currentAminoAcid: L =&gt; 169
  input in matrix: state: C currentWindowPosition: 13 currentAminoAcid: L =&gt; 162
  input in matrix: state: C currentWindowPosition: 14 currentAminoAcid: L =&gt; 156
  input in matrix: state: C currentWindowPosition: 15 currentAminoAcid: L =&gt; 185
  input in matrix: state: C currentWindowPosition: 16 currentAminoAcid: L =&gt; 163
Process line: M	50	52	34	42	42	42	29	34	0	30	24	37	40	37	41	41	42
 data line!
  input in matrix: state: C currentWindowPosition: 0 currentAminoAcid: M =&gt; 50
  input in matrix: state: C currentWindowPosition: 1 currentAminoAcid: M =&gt; 52
  input in matrix: state: C currentWindowPosition: 2 currentAminoAcid: M =&gt; 34
  input in matrix: state: C currentWindowPosition: 3 currentAminoAcid: M =&gt; 42
  input in matrix: state: C currentWindowPosition: 4 currentAminoAcid: M =&gt; 42
  input in matrix: state: C currentWindowPosition: 5 currentAminoAcid: M =&gt; 42
  input in matrix: state: C currentWindowPosition: 6 currentAminoAcid: M =&gt; 29
  input in matrix: state: C currentWindowPosition: 7 currentAminoAcid: M =&gt; 34
  input in matrix: state: C currentWindowPosition: 8 currentAminoAcid: M =&gt; 0
  input in matrix: state: C currentWindowPosition: 9 currentAminoAcid: M =&gt; 30
  input in matrix: state: C currentWindowPosition: 10 currentAminoAcid: M =&gt; 24
  input in matrix: state: C currentWindowPosition: 11 currentAminoAcid: M =&gt; 37
  input in matrix: state: C currentWindowPosition: 12 currentAminoAcid: M =&gt; 40
  input in matrix: state: C currentWindowPosition: 13 currentAminoAcid: M =&gt; 37
  input in matrix: state: C currentWindowPosition: 14 currentAminoAcid: M =&gt; 41
  input in matrix: state: C currentWindowPosition: 15 currentAminoAcid: M =&gt; 41
  input in matrix: state: C currentWindowPosition: 16 currentAminoAcid: M =&gt; 42
Process line: N	91	84	80	93	98	121	121	131	0	104	95	98	89	84	99	84	88
 data line!
  input in matrix: state: C currentWindowPosition: 0 currentAminoAcid: N =&gt; 91
  input in matrix: state: C currentWindowPosition: 1 currentAminoAcid: N =&gt; 84
  input in matrix: state: C currentWindowPosition: 2 currentAminoAcid: N =&gt; 80
  input in matrix: state: C currentWindowPosition: 3 currentAminoAcid: N =&gt; 93
  input in matrix: state: C currentWindowPosition: 4 currentAminoAcid: N =&gt; 98
  input in matrix: state: C currentWindowPosition: 5 currentAminoAcid: N =&gt; 121
  input in matrix: state: C currentWindowPosition: 6 currentAminoAcid: N =&gt; 121
  input in matrix: state: C currentWindowPosition: 7 currentAminoAcid: N =&gt; 131
  input in matrix: state: C currentWindowPosition: 8 currentAminoAcid: N =&gt; 0
  input in matrix: state: C currentWindowPosition: 9 currentAminoAcid: N =&gt; 104
  input in matrix: state: C currentWindowPosition: 10 currentAminoAcid: N =&gt; 95
  input in matrix: state: C currentWindowPosition: 11 currentAminoAcid: N =&gt; 98
  input in matrix: state: C currentWindowPosition: 12 currentAminoAcid: N =&gt; 89
  input in matrix: state: C currentWindowPosition: 13 currentAminoAcid: N =&gt; 84
  input in matrix: state: C currentWindowPosition: 14 currentAminoAcid: N =&gt; 99
  input in matrix: state: C currentWindowPosition: 15 currentAminoAcid: N =&gt; 84
  input in matrix: state: C currentWindowPosition: 16 currentAminoAcid: N =&gt; 88
Process line: P	109	101	75	94	97	128	144	125	0	177	156	128	107	99	101	96	99
 data line!
  input in matrix: state: C currentWindowPosition: 0 currentAminoAcid: P =&gt; 109
  input in matrix: state: C currentWindowPosition: 1 currentAminoAcid: P =&gt; 101
  input in matrix: state: C currentWindowPosition: 2 currentAminoAcid: P =&gt; 75
  input in matrix: state: C currentWindowPosition: 3 currentAminoAcid: P =&gt; 94
  input in matrix: state: C currentWindowPosition: 4 currentAminoAcid: P =&gt; 97
  input in matrix: state: C currentWindowPosition: 5 currentAminoAcid: P =&gt; 128
  input in matrix: state: C currentWindowPosition: 6 currentAminoAcid: P =&gt; 144
  input in matrix: state: C currentWindowPosition: 7 currentAminoAcid: P =&gt; 125
  input in matrix: state: C currentWindowPosition: 8 currentAminoAcid: P =&gt; 0
  input in matrix: state: C currentWindowPosition: 9 currentAminoAcid: P =&gt; 177
  input in matrix: state: C currentWindowPosition: 10 currentAminoAcid: P =&gt; 156
  input in matrix: state: C currentWindowPosition: 11 currentAminoAcid: P =&gt; 128
  input in matrix: state: C currentWindowPosition: 12 currentAminoAcid: P =&gt; 107
  input in matrix: state: C currentWindowPosition: 13 currentAminoAcid: P =&gt; 99
  input in matrix: state: C currentWindowPosition: 14 currentAminoAcid: P =&gt; 101
  input in matrix: state: C currentWindowPosition: 15 currentAminoAcid: P =&gt; 96
  input in matrix: state: C currentWindowPosition: 16 currentAminoAcid: P =&gt; 99
Process line: Q	65	65	90	81	79	66	71	57	0	64	71	91	73	85	102	85	62
 data line!
  input in matrix: state: C currentWindowPosition: 0 currentAminoAcid: Q =&gt; 65
  input in matrix: state: C currentWindowPosition: 1 currentAminoAcid: Q =&gt; 65
  input in matrix: state: C currentWindowPosition: 2 currentAminoAcid: Q =&gt; 90
  input in matrix: state: C currentWindowPosition: 3 currentAminoAcid: Q =&gt; 81
  input in matrix: state: C currentWindowPosition: 4 currentAminoAcid: Q =&gt; 79
  input in matrix: state: C currentWindowPosition: 5 currentAminoAcid: Q =&gt; 66
  input in matrix: state: C currentWindowPosition: 6 currentAminoAcid: Q =&gt; 71
  input in matrix: state: C currentWindowPosition: 7 currentAminoAcid: Q =&gt; 57
  input in matrix: state: C currentWindowPosition: 8 currentAminoAcid: Q =&gt; 0
  input in matrix: state: C currentWindowPosition: 9 currentAminoAcid: Q =&gt; 64
  input in matrix: state: C currentWindowPosition: 10 currentAminoAcid: Q =&gt; 71
  input in matrix: state: C currentWindowPosition: 11 currentAminoAcid: Q =&gt; 91
  input in matrix: state: C currentWindowPosition: 12 currentAminoAcid: Q =&gt; 73
  input in matrix: state: C currentWindowPosition: 13 currentAminoAcid: Q =&gt; 85
  input in matrix: state: C currentWindowPosition: 14 currentAminoAcid: Q =&gt; 102
  input in matrix: state: C currentWindowPosition: 15 currentAminoAcid: Q =&gt; 85
  input in matrix: state: C currentWindowPosition: 16 currentAminoAcid: Q =&gt; 62
Process line: R	108	116	85	82	93	77	89	89	0	76	83	72	81	86	106	83	90
 data line!
  input in matrix: state: C currentWindowPosition: 0 currentAminoAcid: R =&gt; 108
  input in matrix: state: C currentWindowPosition: 1 currentAminoAcid: R =&gt; 116
  input in matrix: state: C currentWindowPosition: 2 currentAminoAcid: R =&gt; 85
  input in matrix: state: C currentWindowPosition: 3 currentAminoAcid: R =&gt; 82
  input in matrix: state: C currentWindowPosition: 4 currentAminoAcid: R =&gt; 93
  input in matrix: state: C currentWindowPosition: 5 currentAminoAcid: R =&gt; 77
  input in matrix: state: C currentWindowPosition: 6 currentAminoAcid: R =&gt; 89
  input in matrix: state: C currentWindowPosition: 7 currentAminoAcid: R =&gt; 89
  input in matrix: state: C currentWindowPosition: 8 currentAminoAcid: R =&gt; 0
  input in matrix: state: C currentWindowPosition: 9 currentAminoAcid: R =&gt; 76
  input in matrix: state: C currentWindowPosition: 10 currentAminoAcid: R =&gt; 83
  input in matrix: state: C currentWindowPosition: 11 currentAminoAcid: R =&gt; 72
  input in matrix: state: C currentWindowPosition: 12 currentAminoAcid: R =&gt; 81
  input in matrix: state: C currentWindowPosition: 13 currentAminoAcid: R =&gt; 86
  input in matrix: state: C currentWindowPosition: 14 currentAminoAcid: R =&gt; 106
  input in matrix: state: C currentWindowPosition: 15 currentAminoAcid: R =&gt; 83
  input in matrix: state: C currentWindowPosition: 16 currentAminoAcid: R =&gt; 90
Process line: S	115	104	134	110	116	136	165	150	0	150	170	138	132	120	135	137	136
 data line!
  input in matrix: state: C currentWindowPosition: 0 currentAminoAcid: S =&gt; 115
  input in matrix: state: C currentWindowPosition: 1 currentAminoAcid: S =&gt; 104
  input in matrix: state: C currentWindowPosition: 2 currentAminoAcid: S =&gt; 134
  input in matrix: state: C currentWindowPosition: 3 currentAminoAcid: S =&gt; 110
  input in matrix: state: C currentWindowPosition: 4 currentAminoAcid: S =&gt; 116
  input in matrix: state: C currentWindowPosition: 5 currentAminoAcid: S =&gt; 136
  input in matrix: state: C currentWindowPosition: 6 currentAminoAcid: S =&gt; 165
  input in matrix: state: C currentWindowPosition: 7 currentAminoAcid: S =&gt; 150
  input in matrix: state: C currentWindowPosition: 8 currentAminoAcid: S =&gt; 0
  input in matrix: state: C currentWindowPosition: 9 currentAminoAcid: S =&gt; 150
  input in matrix: state: C currentWindowPosition: 10 currentAminoAcid: S =&gt; 170
  input in matrix: state: C currentWindowPosition: 11 currentAminoAcid: S =&gt; 138
  input in matrix: state: C currentWindowPosition: 12 currentAminoAcid: S =&gt; 132
  input in matrix: state: C currentWindowPosition: 13 currentAminoAcid: S =&gt; 120
  input in matrix: state: C currentWindowPosition: 14 currentAminoAcid: S =&gt; 135
  input in matrix: state: C currentWindowPosition: 15 currentAminoAcid: S =&gt; 137
  input in matrix: state: C currentWindowPosition: 16 currentAminoAcid: S =&gt; 136
Process line: T	115	118	163	117	148	122	108	136	2040	135	101	118	149	131	132	136	126
 data line!
  input in matrix: state: C currentWindowPosition: 0 currentAminoAcid: T =&gt; 115
  input in matrix: state: C currentWindowPosition: 1 currentAminoAcid: T =&gt; 118
  input in matrix: state: C currentWindowPosition: 2 currentAminoAcid: T =&gt; 163
  input in matrix: state: C currentWindowPosition: 3 currentAminoAcid: T =&gt; 117
  input in matrix: state: C currentWindowPosition: 4 currentAminoAcid: T =&gt; 148
  input in matrix: state: C currentWindowPosition: 5 currentAminoAcid: T =&gt; 122
  input in matrix: state: C currentWindowPosition: 6 currentAminoAcid: T =&gt; 108
  input in matrix: state: C currentWindowPosition: 7 currentAminoAcid: T =&gt; 136
  input in matrix: state: C currentWindowPosition: 8 currentAminoAcid: T =&gt; 2040
  input in matrix: state: C currentWindowPosition: 9 currentAminoAcid: T =&gt; 135
  input in matrix: state: C currentWindowPosition: 10 currentAminoAcid: T =&gt; 101
  input in matrix: state: C currentWindowPosition: 11 currentAminoAcid: T =&gt; 118
  input in matrix: state: C currentWindowPosition: 12 currentAminoAcid: T =&gt; 149
  input in matrix: state: C currentWindowPosition: 13 currentAminoAcid: T =&gt; 131
  input in matrix: state: C currentWindowPosition: 14 currentAminoAcid: T =&gt; 132
  input in matrix: state: C currentWindowPosition: 15 currentAminoAcid: T =&gt; 136
  input in matrix: state: C currentWindowPosition: 16 currentAminoAcid: T =&gt; 126
Process line: V	140	153	164	168	129	125	105	114	0	102	112	120	166	161	157	146	139
 data line!
  input in matrix: state: C currentWindowPosition: 0 currentAminoAcid: V =&gt; 140
  input in matrix: state: C currentWindowPosition: 1 currentAminoAcid: V =&gt; 153
  input in matrix: state: C currentWindowPosition: 2 currentAminoAcid: V =&gt; 164
  input in matrix: state: C currentWindowPosition: 3 currentAminoAcid: V =&gt; 168
  input in matrix: state: C currentWindowPosition: 4 currentAminoAcid: V =&gt; 129
  input in matrix: state: C currentWindowPosition: 5 currentAminoAcid: V =&gt; 125
  input in matrix: state: C currentWindowPosition: 6 currentAminoAcid: V =&gt; 105
  input in matrix: state: C currentWindowPosition: 7 currentAminoAcid: V =&gt; 114
  input in matrix: state: C currentWindowPosition: 8 currentAminoAcid: V =&gt; 0
  input in matrix: state: C currentWindowPosition: 9 currentAminoAcid: V =&gt; 102
  input in matrix: state: C currentWindowPosition: 10 currentAminoAcid: V =&gt; 112
  input in matrix: state: C currentWindowPosition: 11 currentAminoAcid: V =&gt; 120
  input in matrix: state: C currentWindowPosition: 12 currentAminoAcid: V =&gt; 166
  input in matrix: state: C currentWindowPosition: 13 currentAminoAcid: V =&gt; 161
  input in matrix: state: C currentWindowPosition: 14 currentAminoAcid: V =&gt; 157
  input in matrix: state: C currentWindowPosition: 15 currentAminoAcid: V =&gt; 146
  input in matrix: state: C currentWindowPosition: 16 currentAminoAcid: V =&gt; 139
Process line: W	45	41	38	37	38	39	34	21	0	33	28	29	25	18	35	33	33
 data line!
  input in matrix: state: C currentWindowPosition: 0 currentAminoAcid: W =&gt; 45
  input in matrix: state: C currentWindowPosition: 1 currentAminoAcid: W =&gt; 41
  input in matrix: state: C currentWindowPosition: 2 currentAminoAcid: W =&gt; 38
  input in matrix: state: C currentWindowPosition: 3 currentAminoAcid: W =&gt; 37
  input in matrix: state: C currentWindowPosition: 4 currentAminoAcid: W =&gt; 38
  input in matrix: state: C currentWindowPosition: 5 currentAminoAcid: W =&gt; 39
  input in matrix: state: C currentWindowPosition: 6 currentAminoAcid: W =&gt; 34
  input in matrix: state: C currentWindowPosition: 7 currentAminoAcid: W =&gt; 21
  input in matrix: state: C currentWindowPosition: 8 currentAminoAcid: W =&gt; 0
  input in matrix: state: C currentWindowPosition: 9 currentAminoAcid: W =&gt; 33
  input in matrix: state: C currentWindowPosition: 10 currentAminoAcid: W =&gt; 28
  input in matrix: state: C currentWindowPosition: 11 currentAminoAcid: W =&gt; 29
  input in matrix: state: C currentWindowPosition: 12 currentAminoAcid: W =&gt; 25
  input in matrix: state: C currentWindowPosition: 13 currentAminoAcid: W =&gt; 18
  input in matrix: state: C currentWindowPosition: 14 currentAminoAcid: W =&gt; 35
  input in matrix: state: C currentWindowPosition: 15 currentAminoAcid: W =&gt; 33
  input in matrix: state: C currentWindowPosition: 16 currentAminoAcid: W =&gt; 33
Process line: Y	70	93	87	78	85	72	82	69	0	57	57	91	77	87	68	85	96
 data line!
  input in matrix: state: C currentWindowPosition: 0 currentAminoAcid: Y =&gt; 70
  input in matrix: state: C currentWindowPosition: 1 currentAminoAcid: Y =&gt; 93
  input in matrix: state: C currentWindowPosition: 2 currentAminoAcid: Y =&gt; 87
  input in matrix: state: C currentWindowPosition: 3 currentAminoAcid: Y =&gt; 78
  input in matrix: state: C currentWindowPosition: 4 currentAminoAcid: Y =&gt; 85
  input in matrix: state: C currentWindowPosition: 5 currentAminoAcid: Y =&gt; 72
  input in matrix: state: C currentWindowPosition: 6 currentAminoAcid: Y =&gt; 82
  input in matrix: state: C currentWindowPosition: 7 currentAminoAcid: Y =&gt; 69
  input in matrix: state: C currentWindowPosition: 8 currentAminoAcid: Y =&gt; 0
  input in matrix: state: C currentWindowPosition: 9 currentAminoAcid: Y =&gt; 57
  input in matrix: state: C currentWindowPosition: 10 currentAminoAcid: Y =&gt; 57
  input in matrix: state: C currentWindowPosition: 11 currentAminoAcid: Y =&gt; 91
  input in matrix: state: C currentWindowPosition: 12 currentAminoAcid: Y =&gt; 77
  input in matrix: state: C currentWindowPosition: 13 currentAminoAcid: Y =&gt; 87
  input in matrix: state: C currentWindowPosition: 14 currentAminoAcid: Y =&gt; 68
  input in matrix: state: C currentWindowPosition: 15 currentAminoAcid: Y =&gt; 85
  input in matrix: state: C currentWindowPosition: 16 currentAminoAcid: Y =&gt; 96
Process line: 
 Skip line!
Process line: 
 Skip line!
Process line: =T,E=
 state line! (now in state: E)
Process line: 
 Skip line!
Process line: A	101	102	98	94	105	75	88	87	0	86	63	101	103	86	112	103	94
 data line!
  input in matrix: state: E currentWindowPosition: 0 currentAminoAcid: A =&gt; 101
  input in matrix: state: E currentWindowPosition: 1 currentAminoAcid: A =&gt; 102
  input in matrix: state: E currentWindowPosition: 2 currentAminoAcid: A =&gt; 98
  input in matrix: state: E currentWindowPosition: 3 currentAminoAcid: A =&gt; 94
  input in matrix: state: E currentWindowPosition: 4 currentAminoAcid: A =&gt; 105
  input in matrix: state: E currentWindowPosition: 5 currentAminoAcid: A =&gt; 75
  input in matrix: state: E currentWindowPosition: 6 currentAminoAcid: A =&gt; 88
  input in matrix: state: E currentWindowPosition: 7 currentAminoAcid: A =&gt; 87
  input in matrix: state: E currentWindowPosition: 8 currentAminoAcid: A =&gt; 0
  input in matrix: state: E currentWindowPosition: 9 currentAminoAcid: A =&gt; 86
  input in matrix: state: E currentWindowPosition: 10 currentAminoAcid: A =&gt; 63
  input in matrix: state: E currentWindowPosition: 11 currentAminoAcid: A =&gt; 101
  input in matrix: state: E currentWindowPosition: 12 currentAminoAcid: A =&gt; 103
  input in matrix: state: E currentWindowPosition: 13 currentAminoAcid: A =&gt; 86
  input in matrix: state: E currentWindowPosition: 14 currentAminoAcid: A =&gt; 112
  input in matrix: state: E currentWindowPosition: 15 currentAminoAcid: A =&gt; 103
  input in matrix: state: E currentWindowPosition: 16 currentAminoAcid: A =&gt; 94
Process line: C	14	23	28	15	17	17	20	27	0	33	24	20	12	20	25	16	23
 data line!
  input in matrix: state: E currentWindowPosition: 0 currentAminoAcid: C =&gt; 14
  input in matrix: state: E currentWindowPosition: 1 currentAminoAcid: C =&gt; 23
  input in matrix: state: E currentWindowPosition: 2 currentAminoAcid: C =&gt; 28
  input in matrix: state: E currentWindowPosition: 3 currentAminoAcid: C =&gt; 15
  input in matrix: state: E currentWindowPosition: 4 currentAminoAcid: C =&gt; 17
  input in matrix: state: E currentWindowPosition: 5 currentAminoAcid: C =&gt; 17
  input in matrix: state: E currentWindowPosition: 6 currentAminoAcid: C =&gt; 20
  input in matrix: state: E currentWindowPosition: 7 currentAminoAcid: C =&gt; 27
  input in matrix: state: E currentWindowPosition: 8 currentAminoAcid: C =&gt; 0
  input in matrix: state: E currentWindowPosition: 9 currentAminoAcid: C =&gt; 33
  input in matrix: state: E currentWindowPosition: 10 currentAminoAcid: C =&gt; 24
  input in matrix: state: E currentWindowPosition: 11 currentAminoAcid: C =&gt; 20
  input in matrix: state: E currentWindowPosition: 12 currentAminoAcid: C =&gt; 12
  input in matrix: state: E currentWindowPosition: 13 currentAminoAcid: C =&gt; 20
  input in matrix: state: E currentWindowPosition: 14 currentAminoAcid: C =&gt; 25
  input in matrix: state: E currentWindowPosition: 15 currentAminoAcid: C =&gt; 16
  input in matrix: state: E currentWindowPosition: 16 currentAminoAcid: C =&gt; 23
Process line: D	77	70	82	83	72	82	51	35	0	41	76	78	94	73	80	85	88
 data line!
  input in matrix: state: E currentWindowPosition: 0 currentAminoAcid: D =&gt; 77
  input in matrix: state: E currentWindowPosition: 1 currentAminoAcid: D =&gt; 70
  input in matrix: state: E currentWindowPosition: 2 currentAminoAcid: D =&gt; 82
  input in matrix: state: E currentWindowPosition: 3 currentAminoAcid: D =&gt; 83
  input in matrix: state: E currentWindowPosition: 4 currentAminoAcid: D =&gt; 72
  input in matrix: state: E currentWindowPosition: 5 currentAminoAcid: D =&gt; 82
  input in matrix: state: E currentWindowPosition: 6 currentAminoAcid: D =&gt; 51
  input in matrix: state: E currentWindowPosition: 7 currentAminoAcid: D =&gt; 35
  input in matrix: state: E currentWindowPosition: 8 currentAminoAcid: D =&gt; 0
  input in matrix: state: E currentWindowPosition: 9 currentAminoAcid: D =&gt; 41
  input in matrix: state: E currentWindowPosition: 10 currentAminoAcid: D =&gt; 76
  input in matrix: state: E currentWindowPosition: 11 currentAminoAcid: D =&gt; 78
  input in matrix: state: E currentWindowPosition: 12 currentAminoAcid: D =&gt; 94
  input in matrix: state: E currentWindowPosition: 13 currentAminoAcid: D =&gt; 73
  input in matrix: state: E currentWindowPosition: 14 currentAminoAcid: D =&gt; 80
  input in matrix: state: E currentWindowPosition: 15 currentAminoAcid: D =&gt; 85
  input in matrix: state: E currentWindowPosition: 16 currentAminoAcid: D =&gt; 88
Process line: E	53	62	63	67	55	54	54	52	0	35	71	60	68	68	67	72	63
 data line!
  input in matrix: state: E currentWindowPosition: 0 currentAminoAcid: E =&gt; 53
  input in matrix: state: E currentWindowPosition: 1 currentAminoAcid: E =&gt; 62
  input in matrix: state: E currentWindowPosition: 2 currentAminoAcid: E =&gt; 63
  input in matrix: state: E currentWindowPosition: 3 currentAminoAcid: E =&gt; 67
  input in matrix: state: E currentWindowPosition: 4 currentAminoAcid: E =&gt; 55
  input in matrix: state: E currentWindowPosition: 5 currentAminoAcid: E =&gt; 54
  input in matrix: state: E currentWindowPosition: 6 currentAminoAcid: E =&gt; 54
  input in matrix: state: E currentWindowPosition: 7 currentAminoAcid: E =&gt; 52
  input in matrix: state: E currentWindowPosition: 8 currentAminoAcid: E =&gt; 0
  input in matrix: state: E currentWindowPosition: 9 currentAminoAcid: E =&gt; 35
  input in matrix: state: E currentWindowPosition: 10 currentAminoAcid: E =&gt; 71
  input in matrix: state: E currentWindowPosition: 11 currentAminoAcid: E =&gt; 60
  input in matrix: state: E currentWindowPosition: 12 currentAminoAcid: E =&gt; 68
  input in matrix: state: E currentWindowPosition: 13 currentAminoAcid: E =&gt; 68
  input in matrix: state: E currentWindowPosition: 14 currentAminoAcid: E =&gt; 67
  input in matrix: state: E currentWindowPosition: 15 currentAminoAcid: E =&gt; 72
  input in matrix: state: E currentWindowPosition: 16 currentAminoAcid: E =&gt; 63
Process line: F	38	51	34	42	36	49	50	71	0	89	38	56	36	38	39	60	54
 data line!
  input in matrix: state: E currentWindowPosition: 0 currentAminoAcid: F =&gt; 38
  input in matrix: state: E currentWindowPosition: 1 currentAminoAcid: F =&gt; 51
  input in matrix: state: E currentWindowPosition: 2 currentAminoAcid: F =&gt; 34
  input in matrix: state: E currentWindowPosition: 3 currentAminoAcid: F =&gt; 42
  input in matrix: state: E currentWindowPosition: 4 currentAminoAcid: F =&gt; 36
  input in matrix: state: E currentWindowPosition: 5 currentAminoAcid: F =&gt; 49
  input in matrix: state: E currentWindowPosition: 6 currentAminoAcid: F =&gt; 50
  input in matrix: state: E currentWindowPosition: 7 currentAminoAcid: F =&gt; 71
  input in matrix: state: E currentWindowPosition: 8 currentAminoAcid: F =&gt; 0
  input in matrix: state: E currentWindowPosition: 9 currentAminoAcid: F =&gt; 89
  input in matrix: state: E currentWindowPosition: 10 currentAminoAcid: F =&gt; 38
  input in matrix: state: E currentWindowPosition: 11 currentAminoAcid: F =&gt; 56
  input in matrix: state: E currentWindowPosition: 12 currentAminoAcid: F =&gt; 36
  input in matrix: state: E currentWindowPosition: 13 currentAminoAcid: F =&gt; 38
  input in matrix: state: E currentWindowPosition: 14 currentAminoAcid: F =&gt; 39
  input in matrix: state: E currentWindowPosition: 15 currentAminoAcid: F =&gt; 60
  input in matrix: state: E currentWindowPosition: 16 currentAminoAcid: F =&gt; 54
Process line: G	116	115	135	117	142	139	175	100	0	78	95	124	140	141	113	124	116
 data line!
  input in matrix: state: E currentWindowPosition: 0 currentAminoAcid: G =&gt; 116
  input in matrix: state: E currentWindowPosition: 1 currentAminoAcid: G =&gt; 115
  input in matrix: state: E currentWindowPosition: 2 currentAminoAcid: G =&gt; 135
  input in matrix: state: E currentWindowPosition: 3 currentAminoAcid: G =&gt; 117
  input in matrix: state: E currentWindowPosition: 4 currentAminoAcid: G =&gt; 142
  input in matrix: state: E currentWindowPosition: 5 currentAminoAcid: G =&gt; 139
  input in matrix: state: E currentWindowPosition: 6 currentAminoAcid: G =&gt; 175
  input in matrix: state: E currentWindowPosition: 7 currentAminoAcid: G =&gt; 100
  input in matrix: state: E currentWindowPosition: 8 currentAminoAcid: G =&gt; 0
  input in matrix: state: E currentWindowPosition: 9 currentAminoAcid: G =&gt; 78
  input in matrix: state: E currentWindowPosition: 10 currentAminoAcid: G =&gt; 95
  input in matrix: state: E currentWindowPosition: 11 currentAminoAcid: G =&gt; 124
  input in matrix: state: E currentWindowPosition: 12 currentAminoAcid: G =&gt; 140
  input in matrix: state: E currentWindowPosition: 13 currentAminoAcid: G =&gt; 141
  input in matrix: state: E currentWindowPosition: 14 currentAminoAcid: G =&gt; 113
  input in matrix: state: E currentWindowPosition: 15 currentAminoAcid: G =&gt; 124
  input in matrix: state: E currentWindowPosition: 16 currentAminoAcid: G =&gt; 116
Process line: H	33	33	28	26	20	24	24	25	0	33	29	30	25	36	35	24	29
 data line!
  input in matrix: state: E currentWindowPosition: 0 currentAminoAcid: H =&gt; 33
  input in matrix: state: E currentWindowPosition: 1 currentAminoAcid: H =&gt; 33
  input in matrix: state: E currentWindowPosition: 2 currentAminoAcid: H =&gt; 28
  input in matrix: state: E currentWindowPosition: 3 currentAminoAcid: H =&gt; 26
  input in matrix: state: E currentWindowPosition: 4 currentAminoAcid: H =&gt; 20
  input in matrix: state: E currentWindowPosition: 5 currentAminoAcid: H =&gt; 24
  input in matrix: state: E currentWindowPosition: 6 currentAminoAcid: H =&gt; 24
  input in matrix: state: E currentWindowPosition: 7 currentAminoAcid: H =&gt; 25
  input in matrix: state: E currentWindowPosition: 8 currentAminoAcid: H =&gt; 0
  input in matrix: state: E currentWindowPosition: 9 currentAminoAcid: H =&gt; 33
  input in matrix: state: E currentWindowPosition: 10 currentAminoAcid: H =&gt; 29
  input in matrix: state: E currentWindowPosition: 11 currentAminoAcid: H =&gt; 30
  input in matrix: state: E currentWindowPosition: 12 currentAminoAcid: H =&gt; 25
  input in matrix: state: E currentWindowPosition: 13 currentAminoAcid: H =&gt; 36
  input in matrix: state: E currentWindowPosition: 14 currentAminoAcid: H =&gt; 35
  input in matrix: state: E currentWindowPosition: 15 currentAminoAcid: H =&gt; 24
  input in matrix: state: E currentWindowPosition: 16 currentAminoAcid: H =&gt; 29
Process line: I	60	61	58	87	54	77	85	116	0	126	74	72	68	60	49	54	71
 data line!
  input in matrix: state: E currentWindowPosition: 0 currentAminoAcid: I =&gt; 60
  input in matrix: state: E currentWindowPosition: 1 currentAminoAcid: I =&gt; 61
  input in matrix: state: E currentWindowPosition: 2 currentAminoAcid: I =&gt; 58
  input in matrix: state: E currentWindowPosition: 3 currentAminoAcid: I =&gt; 87
  input in matrix: state: E currentWindowPosition: 4 currentAminoAcid: I =&gt; 54
  input in matrix: state: E currentWindowPosition: 5 currentAminoAcid: I =&gt; 77
  input in matrix: state: E currentWindowPosition: 6 currentAminoAcid: I =&gt; 85
  input in matrix: state: E currentWindowPosition: 7 currentAminoAcid: I =&gt; 116
  input in matrix: state: E currentWindowPosition: 8 currentAminoAcid: I =&gt; 0
  input in matrix: state: E currentWindowPosition: 9 currentAminoAcid: I =&gt; 126
  input in matrix: state: E currentWindowPosition: 10 currentAminoAcid: I =&gt; 74
  input in matrix: state: E currentWindowPosition: 11 currentAminoAcid: I =&gt; 72
  input in matrix: state: E currentWindowPosition: 12 currentAminoAcid: I =&gt; 68
  input in matrix: state: E currentWindowPosition: 13 currentAminoAcid: I =&gt; 60
  input in matrix: state: E currentWindowPosition: 14 currentAminoAcid: I =&gt; 49
  input in matrix: state: E currentWindowPosition: 15 currentAminoAcid: I =&gt; 54
  input in matrix: state: E currentWindowPosition: 16 currentAminoAcid: I =&gt; 71
Process line: K	92	76	86	77	96	73	89	63	0	50	63	63	66	71	74	65	73
 data line!
  input in matrix: state: E currentWindowPosition: 0 currentAminoAcid: K =&gt; 92
  input in matrix: state: E currentWindowPosition: 1 currentAminoAcid: K =&gt; 76
  input in matrix: state: E currentWindowPosition: 2 currentAminoAcid: K =&gt; 86
  input in matrix: state: E currentWindowPosition: 3 currentAminoAcid: K =&gt; 77
  input in matrix: state: E currentWindowPosition: 4 currentAminoAcid: K =&gt; 96
  input in matrix: state: E currentWindowPosition: 5 currentAminoAcid: K =&gt; 73
  input in matrix: state: E currentWindowPosition: 6 currentAminoAcid: K =&gt; 89
  input in matrix: state: E currentWindowPosition: 7 currentAminoAcid: K =&gt; 63
  input in matrix: state: E currentWindowPosition: 8 currentAminoAcid: K =&gt; 0
  input in matrix: state: E currentWindowPosition: 9 currentAminoAcid: K =&gt; 50
  input in matrix: state: E currentWindowPosition: 10 currentAminoAcid: K =&gt; 63
  input in matrix: state: E currentWindowPosition: 11 currentAminoAcid: K =&gt; 63
  input in matrix: state: E currentWindowPosition: 12 currentAminoAcid: K =&gt; 66
  input in matrix: state: E currentWindowPosition: 13 currentAminoAcid: K =&gt; 71
  input in matrix: state: E currentWindowPosition: 14 currentAminoAcid: K =&gt; 74
  input in matrix: state: E currentWindowPosition: 15 currentAminoAcid: K =&gt; 65
  input in matrix: state: E currentWindowPosition: 16 currentAminoAcid: K =&gt; 73
Process line: L	98	100	86	90	79	92	68	135	0	139	82	82	76	83	85	74	88
 data line!
  input in matrix: state: E currentWindowPosition: 0 currentAminoAcid: L =&gt; 98
  input in matrix: state: E currentWindowPosition: 1 currentAminoAcid: L =&gt; 100
  input in matrix: state: E currentWindowPosition: 2 currentAminoAcid: L =&gt; 86
  input in matrix: state: E currentWindowPosition: 3 currentAminoAcid: L =&gt; 90
  input in matrix: state: E currentWindowPosition: 4 currentAminoAcid: L =&gt; 79
  input in matrix: state: E currentWindowPosition: 5 currentAminoAcid: L =&gt; 92
  input in matrix: state: E currentWindowPosition: 6 currentAminoAcid: L =&gt; 68
  input in matrix: state: E currentWindowPosition: 7 currentAminoAcid: L =&gt; 135
  input in matrix: state: E currentWindowPosition: 8 currentAminoAcid: L =&gt; 0
  input in matrix: state: E currentWindowPosition: 9 currentAminoAcid: L =&gt; 139
  input in matrix: state: E currentWindowPosition: 10 currentAminoAcid: L =&gt; 82
  input in matrix: state: E currentWindowPosition: 11 currentAminoAcid: L =&gt; 82
  input in matrix: state: E currentWindowPosition: 12 currentAminoAcid: L =&gt; 76
  input in matrix: state: E currentWindowPosition: 13 currentAminoAcid: L =&gt; 83
  input in matrix: state: E currentWindowPosition: 14 currentAminoAcid: L =&gt; 85
  input in matrix: state: E currentWindowPosition: 15 currentAminoAcid: L =&gt; 74
  input in matrix: state: E currentWindowPosition: 16 currentAminoAcid: L =&gt; 88
Process line: M	25	23	18	16	19	31	21	25	0	21	12	18	17	22	24	19	20
 data line!
  input in matrix: state: E currentWindowPosition: 0 currentAminoAcid: M =&gt; 25
  input in matrix: state: E currentWindowPosition: 1 currentAminoAcid: M =&gt; 23
  input in matrix: state: E currentWindowPosition: 2 currentAminoAcid: M =&gt; 18
  input in matrix: state: E currentWindowPosition: 3 currentAminoAcid: M =&gt; 16
  input in matrix: state: E currentWindowPosition: 4 currentAminoAcid: M =&gt; 19
  input in matrix: state: E currentWindowPosition: 5 currentAminoAcid: M =&gt; 31
  input in matrix: state: E currentWindowPosition: 6 currentAminoAcid: M =&gt; 21
  input in matrix: state: E currentWindowPosition: 7 currentAminoAcid: M =&gt; 25
  input in matrix: state: E currentWindowPosition: 8 currentAminoAcid: M =&gt; 0
  input in matrix: state: E currentWindowPosition: 9 currentAminoAcid: M =&gt; 21
  input in matrix: state: E currentWindowPosition: 10 currentAminoAcid: M =&gt; 12
  input in matrix: state: E currentWindowPosition: 11 currentAminoAcid: M =&gt; 18
  input in matrix: state: E currentWindowPosition: 12 currentAminoAcid: M =&gt; 17
  input in matrix: state: E currentWindowPosition: 13 currentAminoAcid: M =&gt; 22
  input in matrix: state: E currentWindowPosition: 14 currentAminoAcid: M =&gt; 24
  input in matrix: state: E currentWindowPosition: 15 currentAminoAcid: M =&gt; 19
  input in matrix: state: E currentWindowPosition: 16 currentAminoAcid: M =&gt; 20
Process line: N	76	63	70	61	80	60	61	45	0	43	72	75	78	71	81	72	60
 data line!
  input in matrix: state: E currentWindowPosition: 0 currentAminoAcid: N =&gt; 76
  input in matrix: state: E currentWindowPosition: 1 currentAminoAcid: N =&gt; 63
  input in matrix: state: E currentWindowPosition: 2 currentAminoAcid: N =&gt; 70
  input in matrix: state: E currentWindowPosition: 3 currentAminoAcid: N =&gt; 61
  input in matrix: state: E currentWindowPosition: 4 currentAminoAcid: N =&gt; 80
  input in matrix: state: E currentWindowPosition: 5 currentAminoAcid: N =&gt; 60
  input in matrix: state: E currentWindowPosition: 6 currentAminoAcid: N =&gt; 61
  input in matrix: state: E currentWindowPosition: 7 currentAminoAcid: N =&gt; 45
  input in matrix: state: E currentWindowPosition: 8 currentAminoAcid: N =&gt; 0
  input in matrix: state: E currentWindowPosition: 9 currentAminoAcid: N =&gt; 43
  input in matrix: state: E currentWindowPosition: 10 currentAminoAcid: N =&gt; 72
  input in matrix: state: E currentWindowPosition: 11 currentAminoAcid: N =&gt; 75
  input in matrix: state: E currentWindowPosition: 12 currentAminoAcid: N =&gt; 78
  input in matrix: state: E currentWindowPosition: 13 currentAminoAcid: N =&gt; 71
  input in matrix: state: E currentWindowPosition: 14 currentAminoAcid: N =&gt; 81
  input in matrix: state: E currentWindowPosition: 15 currentAminoAcid: N =&gt; 72
  input in matrix: state: E currentWindowPosition: 16 currentAminoAcid: N =&gt; 60
Process line: P	50	68	70	60	64	67	45	23	0	32	57	52	68	65	59	75	60
 data line!
  input in matrix: state: E currentWindowPosition: 0 currentAminoAcid: P =&gt; 50
  input in matrix: state: E currentWindowPosition: 1 currentAminoAcid: P =&gt; 68
  input in matrix: state: E currentWindowPosition: 2 currentAminoAcid: P =&gt; 70
  input in matrix: state: E currentWindowPosition: 3 currentAminoAcid: P =&gt; 60
  input in matrix: state: E currentWindowPosition: 4 currentAminoAcid: P =&gt; 64
  input in matrix: state: E currentWindowPosition: 5 currentAminoAcid: P =&gt; 67
  input in matrix: state: E currentWindowPosition: 6 currentAminoAcid: P =&gt; 45
  input in matrix: state: E currentWindowPosition: 7 currentAminoAcid: P =&gt; 23
  input in matrix: state: E currentWindowPosition: 8 currentAminoAcid: P =&gt; 0
  input in matrix: state: E currentWindowPosition: 9 currentAminoAcid: P =&gt; 32
  input in matrix: state: E currentWindowPosition: 10 currentAminoAcid: P =&gt; 57
  input in matrix: state: E currentWindowPosition: 11 currentAminoAcid: P =&gt; 52
  input in matrix: state: E currentWindowPosition: 12 currentAminoAcid: P =&gt; 68
  input in matrix: state: E currentWindowPosition: 13 currentAminoAcid: P =&gt; 65
  input in matrix: state: E currentWindowPosition: 14 currentAminoAcid: P =&gt; 59
  input in matrix: state: E currentWindowPosition: 15 currentAminoAcid: P =&gt; 75
  input in matrix: state: E currentWindowPosition: 16 currentAminoAcid: P =&gt; 60
Process line: Q	52	44	36	56	50	49	44	38	0	31	51	43	32	33	39	36	44
 data line!
  input in matrix: state: E currentWindowPosition: 0 currentAminoAcid: Q =&gt; 52
  input in matrix: state: E currentWindowPosition: 1 currentAminoAcid: Q =&gt; 44
  input in matrix: state: E currentWindowPosition: 2 currentAminoAcid: Q =&gt; 36
  input in matrix: state: E currentWindowPosition: 3 currentAminoAcid: Q =&gt; 56
  input in matrix: state: E currentWindowPosition: 4 currentAminoAcid: Q =&gt; 50
  input in matrix: state: E currentWindowPosition: 5 currentAminoAcid: Q =&gt; 49
  input in matrix: state: E currentWindowPosition: 6 currentAminoAcid: Q =&gt; 44
  input in matrix: state: E currentWindowPosition: 7 currentAminoAcid: Q =&gt; 38
  input in matrix: state: E currentWindowPosition: 8 currentAminoAcid: Q =&gt; 0
  input in matrix: state: E currentWindowPosition: 9 currentAminoAcid: Q =&gt; 31
  input in matrix: state: E currentWindowPosition: 10 currentAminoAcid: Q =&gt; 51
  input in matrix: state: E currentWindowPosition: 11 currentAminoAcid: Q =&gt; 43
  input in matrix: state: E currentWindowPosition: 12 currentAminoAcid: Q =&gt; 32
  input in matrix: state: E currentWindowPosition: 13 currentAminoAcid: Q =&gt; 33
  input in matrix: state: E currentWindowPosition: 14 currentAminoAcid: Q =&gt; 39
  input in matrix: state: E currentWindowPosition: 15 currentAminoAcid: Q =&gt; 36
  input in matrix: state: E currentWindowPosition: 16 currentAminoAcid: Q =&gt; 44
Process line: R	47	48	60	50	52	46	43	40	0	40	47	39	49	55	51	50	47
 data line!
  input in matrix: state: E currentWindowPosition: 0 currentAminoAcid: R =&gt; 47
  input in matrix: state: E currentWindowPosition: 1 currentAminoAcid: R =&gt; 48
  input in matrix: state: E currentWindowPosition: 2 currentAminoAcid: R =&gt; 60
  input in matrix: state: E currentWindowPosition: 3 currentAminoAcid: R =&gt; 50
  input in matrix: state: E currentWindowPosition: 4 currentAminoAcid: R =&gt; 52
  input in matrix: state: E currentWindowPosition: 5 currentAminoAcid: R =&gt; 46
  input in matrix: state: E currentWindowPosition: 6 currentAminoAcid: R =&gt; 43
  input in matrix: state: E currentWindowPosition: 7 currentAminoAcid: R =&gt; 40
  input in matrix: state: E currentWindowPosition: 8 currentAminoAcid: R =&gt; 0
  input in matrix: state: E currentWindowPosition: 9 currentAminoAcid: R =&gt; 40
  input in matrix: state: E currentWindowPosition: 10 currentAminoAcid: R =&gt; 47
  input in matrix: state: E currentWindowPosition: 11 currentAminoAcid: R =&gt; 39
  input in matrix: state: E currentWindowPosition: 12 currentAminoAcid: R =&gt; 49
  input in matrix: state: E currentWindowPosition: 13 currentAminoAcid: R =&gt; 55
  input in matrix: state: E currentWindowPosition: 14 currentAminoAcid: R =&gt; 51
  input in matrix: state: E currentWindowPosition: 15 currentAminoAcid: R =&gt; 50
  input in matrix: state: E currentWindowPosition: 16 currentAminoAcid: R =&gt; 47
Process line: S	91	95	93	95	99	95	84	66	0	67	107	96	105	117	106	103	103
 data line!
  input in matrix: state: E currentWindowPosition: 0 currentAminoAcid: S =&gt; 91
  input in matrix: state: E currentWindowPosition: 1 currentAminoAcid: S =&gt; 95
  input in matrix: state: E currentWindowPosition: 2 currentAminoAcid: S =&gt; 93
  input in matrix: state: E currentWindowPosition: 3 currentAminoAcid: S =&gt; 95
  input in matrix: state: E currentWindowPosition: 4 currentAminoAcid: S =&gt; 99
  input in matrix: state: E currentWindowPosition: 5 currentAminoAcid: S =&gt; 95
  input in matrix: state: E currentWindowPosition: 6 currentAminoAcid: S =&gt; 84
  input in matrix: state: E currentWindowPosition: 7 currentAminoAcid: S =&gt; 66
  input in matrix: state: E currentWindowPosition: 8 currentAminoAcid: S =&gt; 0
  input in matrix: state: E currentWindowPosition: 9 currentAminoAcid: S =&gt; 67
  input in matrix: state: E currentWindowPosition: 10 currentAminoAcid: S =&gt; 107
  input in matrix: state: E currentWindowPosition: 11 currentAminoAcid: S =&gt; 96
  input in matrix: state: E currentWindowPosition: 12 currentAminoAcid: S =&gt; 105
  input in matrix: state: E currentWindowPosition: 13 currentAminoAcid: S =&gt; 117
  input in matrix: state: E currentWindowPosition: 14 currentAminoAcid: S =&gt; 106
  input in matrix: state: E currentWindowPosition: 15 currentAminoAcid: S =&gt; 103
  input in matrix: state: E currentWindowPosition: 16 currentAminoAcid: S =&gt; 103
Process line: T	99	84	92	90	100	73	110	79	1281	89	121	82	98	88	126	91	98
 data line!
  input in matrix: state: E currentWindowPosition: 0 currentAminoAcid: T =&gt; 99
  input in matrix: state: E currentWindowPosition: 1 currentAminoAcid: T =&gt; 84
  input in matrix: state: E currentWindowPosition: 2 currentAminoAcid: T =&gt; 92
  input in matrix: state: E currentWindowPosition: 3 currentAminoAcid: T =&gt; 90
  input in matrix: state: E currentWindowPosition: 4 currentAminoAcid: T =&gt; 100
  input in matrix: state: E currentWindowPosition: 5 currentAminoAcid: T =&gt; 73
  input in matrix: state: E currentWindowPosition: 6 currentAminoAcid: T =&gt; 110
  input in matrix: state: E currentWindowPosition: 7 currentAminoAcid: T =&gt; 79
  input in matrix: state: E currentWindowPosition: 8 currentAminoAcid: T =&gt; 1281
  input in matrix: state: E currentWindowPosition: 9 currentAminoAcid: T =&gt; 89
  input in matrix: state: E currentWindowPosition: 10 currentAminoAcid: T =&gt; 121
  input in matrix: state: E currentWindowPosition: 11 currentAminoAcid: T =&gt; 82
  input in matrix: state: E currentWindowPosition: 12 currentAminoAcid: T =&gt; 98
  input in matrix: state: E currentWindowPosition: 13 currentAminoAcid: T =&gt; 88
  input in matrix: state: E currentWindowPosition: 14 currentAminoAcid: T =&gt; 126
  input in matrix: state: E currentWindowPosition: 15 currentAminoAcid: T =&gt; 91
  input in matrix: state: E currentWindowPosition: 16 currentAminoAcid: T =&gt; 98
Process line: V	87	92	75	94	79	115	104	148	0	154	124	116	79	89	66	94	93
 data line!
  input in matrix: state: E currentWindowPosition: 0 currentAminoAcid: V =&gt; 87
  input in matrix: state: E currentWindowPosition: 1 currentAminoAcid: V =&gt; 92
  input in matrix: state: E currentWindowPosition: 2 currentAminoAcid: V =&gt; 75
  input in matrix: state: E currentWindowPosition: 3 currentAminoAcid: V =&gt; 94
  input in matrix: state: E currentWindowPosition: 4 currentAminoAcid: V =&gt; 79
  input in matrix: state: E currentWindowPosition: 5 currentAminoAcid: V =&gt; 115
  input in matrix: state: E currentWindowPosition: 6 currentAminoAcid: V =&gt; 104
  input in matrix: state: E currentWindowPosition: 7 currentAminoAcid: V =&gt; 148
  input in matrix: state: E currentWindowPosition: 8 currentAminoAcid: V =&gt; 0
  input in matrix: state: E currentWindowPosition: 9 currentAminoAcid: V =&gt; 154
  input in matrix: state: E currentWindowPosition: 10 currentAminoAcid: V =&gt; 124
  input in matrix: state: E currentWindowPosition: 11 currentAminoAcid: V =&gt; 116
  input in matrix: state: E currentWindowPosition: 12 currentAminoAcid: V =&gt; 79
  input in matrix: state: E currentWindowPosition: 13 currentAminoAcid: V =&gt; 89
  input in matrix: state: E currentWindowPosition: 14 currentAminoAcid: V =&gt; 66
  input in matrix: state: E currentWindowPosition: 15 currentAminoAcid: V =&gt; 94
  input in matrix: state: E currentWindowPosition: 16 currentAminoAcid: V =&gt; 93
Process line: W	22	22	15	19	19	20	18	31	0	31	15	21	17	17	14	16	23
 data line!
  input in matrix: state: E currentWindowPosition: 0 currentAminoAcid: W =&gt; 22
  input in matrix: state: E currentWindowPosition: 1 currentAminoAcid: W =&gt; 22
  input in matrix: state: E currentWindowPosition: 2 currentAminoAcid: W =&gt; 15
  input in matrix: state: E currentWindowPosition: 3 currentAminoAcid: W =&gt; 19
  input in matrix: state: E currentWindowPosition: 4 currentAminoAcid: W =&gt; 19
  input in matrix: state: E currentWindowPosition: 5 currentAminoAcid: W =&gt; 20
  input in matrix: state: E currentWindowPosition: 6 currentAminoAcid: W =&gt; 18
  input in matrix: state: E currentWindowPosition: 7 currentAminoAcid: W =&gt; 31
  input in matrix: state: E currentWindowPosition: 8 currentAminoAcid: W =&gt; 0
  input in matrix: state: E currentWindowPosition: 9 currentAminoAcid: W =&gt; 31
  input in matrix: state: E currentWindowPosition: 10 currentAminoAcid: W =&gt; 15
  input in matrix: state: E currentWindowPosition: 11 currentAminoAcid: W =&gt; 21
  input in matrix: state: E currentWindowPosition: 12 currentAminoAcid: W =&gt; 17
  input in matrix: state: E currentWindowPosition: 13 currentAminoAcid: W =&gt; 17
  input in matrix: state: E currentWindowPosition: 14 currentAminoAcid: W =&gt; 14
  input in matrix: state: E currentWindowPosition: 15 currentAminoAcid: W =&gt; 16
  input in matrix: state: E currentWindowPosition: 16 currentAminoAcid: W =&gt; 23
Process line: Y	50	48	49	40	42	41	44	73	0	59	54	53	48	48	34	46	33
 data line!
  input in matrix: state: E currentWindowPosition: 0 currentAminoAcid: Y =&gt; 50
  input in matrix: state: E currentWindowPosition: 1 currentAminoAcid: Y =&gt; 48
  input in matrix: state: E currentWindowPosition: 2 currentAminoAcid: Y =&gt; 49
  input in matrix: state: E currentWindowPosition: 3 currentAminoAcid: Y =&gt; 40
  input in matrix: state: E currentWindowPosition: 4 currentAminoAcid: Y =&gt; 42
  input in matrix: state: E currentWindowPosition: 5 currentAminoAcid: Y =&gt; 41
  input in matrix: state: E currentWindowPosition: 6 currentAminoAcid: Y =&gt; 44
  input in matrix: state: E currentWindowPosition: 7 currentAminoAcid: Y =&gt; 73
  input in matrix: state: E currentWindowPosition: 8 currentAminoAcid: Y =&gt; 0
  input in matrix: state: E currentWindowPosition: 9 currentAminoAcid: Y =&gt; 59
  input in matrix: state: E currentWindowPosition: 10 currentAminoAcid: Y =&gt; 54
  input in matrix: state: E currentWindowPosition: 11 currentAminoAcid: Y =&gt; 53
  input in matrix: state: E currentWindowPosition: 12 currentAminoAcid: Y =&gt; 48
  input in matrix: state: E currentWindowPosition: 13 currentAminoAcid: Y =&gt; 48
  input in matrix: state: E currentWindowPosition: 14 currentAminoAcid: Y =&gt; 34
  input in matrix: state: E currentWindowPosition: 15 currentAminoAcid: Y =&gt; 46
  input in matrix: state: E currentWindowPosition: 16 currentAminoAcid: Y =&gt; 33
Process line: 
 Skip line!
Process line: 
 Skip line!
Process line: =T,H=
 state line! (now in state: H)
Process line: 
 Skip line!
Process line: A	109	118	131	104	118	124	117	113	0	145	140	115	123	121	119	105	116
 data line!
  input in matrix: state: H currentWindowPosition: 0 currentAminoAcid: A =&gt; 109
  input in matrix: state: H currentWindowPosition: 1 currentAminoAcid: A =&gt; 118
  input in matrix: state: H currentWindowPosition: 2 currentAminoAcid: A =&gt; 131
  input in matrix: state: H currentWindowPosition: 3 currentAminoAcid: A =&gt; 104
  input in matrix: state: H currentWindowPosition: 4 currentAminoAcid: A =&gt; 118
  input in matrix: state: H currentWindowPosition: 5 currentAminoAcid: A =&gt; 124
  input in matrix: state: H currentWindowPosition: 6 currentAminoAcid: A =&gt; 117
  input in matrix: state: H currentWindowPosition: 7 currentAminoAcid: A =&gt; 113
  input in matrix: state: H currentWindowPosition: 8 currentAminoAcid: A =&gt; 0
  input in matrix: state: H currentWindowPosition: 9 currentAminoAcid: A =&gt; 145
  input in matrix: state: H currentWindowPosition: 10 currentAminoAcid: A =&gt; 140
  input in matrix: state: H currentWindowPosition: 11 currentAminoAcid: A =&gt; 115
  input in matrix: state: H currentWindowPosition: 12 currentAminoAcid: A =&gt; 123
  input in matrix: state: H currentWindowPosition: 13 currentAminoAcid: A =&gt; 121
  input in matrix: state: H currentWindowPosition: 14 currentAminoAcid: A =&gt; 119
  input in matrix: state: H currentWindowPosition: 15 currentAminoAcid: A =&gt; 105
  input in matrix: state: H currentWindowPosition: 16 currentAminoAcid: A =&gt; 116
Process line: C	12	17	13	15	13	12	16	21	0	17	24	14	16	12	18	17	11
 data line!
  input in matrix: state: H currentWindowPosition: 0 currentAminoAcid: C =&gt; 12
  input in matrix: state: H currentWindowPosition: 1 currentAminoAcid: C =&gt; 17
  input in matrix: state: H currentWindowPosition: 2 currentAminoAcid: C =&gt; 13
  input in matrix: state: H currentWindowPosition: 3 currentAminoAcid: C =&gt; 15
  input in matrix: state: H currentWindowPosition: 4 currentAminoAcid: C =&gt; 13
  input in matrix: state: H currentWindowPosition: 5 currentAminoAcid: C =&gt; 12
  input in matrix: state: H currentWindowPosition: 6 currentAminoAcid: C =&gt; 16
  input in matrix: state: H currentWindowPosition: 7 currentAminoAcid: C =&gt; 21
  input in matrix: state: H currentWindowPosition: 8 currentAminoAcid: C =&gt; 0
  input in matrix: state: H currentWindowPosition: 9 currentAminoAcid: C =&gt; 17
  input in matrix: state: H currentWindowPosition: 10 currentAminoAcid: C =&gt; 24
  input in matrix: state: H currentWindowPosition: 11 currentAminoAcid: C =&gt; 14
  input in matrix: state: H currentWindowPosition: 12 currentAminoAcid: C =&gt; 16
  input in matrix: state: H currentWindowPosition: 13 currentAminoAcid: C =&gt; 12
  input in matrix: state: H currentWindowPosition: 14 currentAminoAcid: C =&gt; 18
  input in matrix: state: H currentWindowPosition: 15 currentAminoAcid: C =&gt; 17
  input in matrix: state: H currentWindowPosition: 16 currentAminoAcid: C =&gt; 11
Process line: D	85	72	81	82	83	91	78	73	0	59	64	50	48	65	61	71	63
 data line!
  input in matrix: state: H currentWindowPosition: 0 currentAminoAcid: D =&gt; 85
  input in matrix: state: H currentWindowPosition: 1 currentAminoAcid: D =&gt; 72
  input in matrix: state: H currentWindowPosition: 2 currentAminoAcid: D =&gt; 81
  input in matrix: state: H currentWindowPosition: 3 currentAminoAcid: D =&gt; 82
  input in matrix: state: H currentWindowPosition: 4 currentAminoAcid: D =&gt; 83
  input in matrix: state: H currentWindowPosition: 5 currentAminoAcid: D =&gt; 91
  input in matrix: state: H currentWindowPosition: 6 currentAminoAcid: D =&gt; 78
  input in matrix: state: H currentWindowPosition: 7 currentAminoAcid: D =&gt; 73
  input in matrix: state: H currentWindowPosition: 8 currentAminoAcid: D =&gt; 0
  input in matrix: state: H currentWindowPosition: 9 currentAminoAcid: D =&gt; 59
  input in matrix: state: H currentWindowPosition: 10 currentAminoAcid: D =&gt; 64
  input in matrix: state: H currentWindowPosition: 11 currentAminoAcid: D =&gt; 50
  input in matrix: state: H currentWindowPosition: 12 currentAminoAcid: D =&gt; 48
  input in matrix: state: H currentWindowPosition: 13 currentAminoAcid: D =&gt; 65
  input in matrix: state: H currentWindowPosition: 14 currentAminoAcid: D =&gt; 61
  input in matrix: state: H currentWindowPosition: 15 currentAminoAcid: D =&gt; 71
  input in matrix: state: H currentWindowPosition: 16 currentAminoAcid: D =&gt; 63
Process line: E	76	82	71	79	84	66	76	110	0	64	62	83	71	76	61	76	64
 data line!
  input in matrix: state: H currentWindowPosition: 0 currentAminoAcid: E =&gt; 76
  input in matrix: state: H currentWindowPosition: 1 currentAminoAcid: E =&gt; 82
  input in matrix: state: H currentWindowPosition: 2 currentAminoAcid: E =&gt; 71
  input in matrix: state: H currentWindowPosition: 3 currentAminoAcid: E =&gt; 79
  input in matrix: state: H currentWindowPosition: 4 currentAminoAcid: E =&gt; 84
  input in matrix: state: H currentWindowPosition: 5 currentAminoAcid: E =&gt; 66
  input in matrix: state: H currentWindowPosition: 6 currentAminoAcid: E =&gt; 76
  input in matrix: state: H currentWindowPosition: 7 currentAminoAcid: E =&gt; 110
  input in matrix: state: H currentWindowPosition: 8 currentAminoAcid: E =&gt; 0
  input in matrix: state: H currentWindowPosition: 9 currentAminoAcid: E =&gt; 64
  input in matrix: state: H currentWindowPosition: 10 currentAminoAcid: E =&gt; 62
  input in matrix: state: H currentWindowPosition: 11 currentAminoAcid: E =&gt; 83
  input in matrix: state: H currentWindowPosition: 12 currentAminoAcid: E =&gt; 71
  input in matrix: state: H currentWindowPosition: 13 currentAminoAcid: E =&gt; 76
  input in matrix: state: H currentWindowPosition: 14 currentAminoAcid: E =&gt; 61
  input in matrix: state: H currentWindowPosition: 15 currentAminoAcid: E =&gt; 76
  input in matrix: state: H currentWindowPosition: 16 currentAminoAcid: E =&gt; 64
Process line: F	47	40	42	49	43	49	61	50	0	47	40	39	50	50	50	45	46
 data line!
  input in matrix: state: H currentWindowPosition: 0 currentAminoAcid: F =&gt; 47
  input in matrix: state: H currentWindowPosition: 1 currentAminoAcid: F =&gt; 40
  input in matrix: state: H currentWindowPosition: 2 currentAminoAcid: F =&gt; 42
  input in matrix: state: H currentWindowPosition: 3 currentAminoAcid: F =&gt; 49
  input in matrix: state: H currentWindowPosition: 4 currentAminoAcid: F =&gt; 43
  input in matrix: state: H currentWindowPosition: 5 currentAminoAcid: F =&gt; 49
  input in matrix: state: H currentWindowPosition: 6 currentAminoAcid: F =&gt; 61
  input in matrix: state: H currentWindowPosition: 7 currentAminoAcid: F =&gt; 50
  input in matrix: state: H currentWindowPosition: 8 currentAminoAcid: F =&gt; 0
  input in matrix: state: H currentWindowPosition: 9 currentAminoAcid: F =&gt; 47
  input in matrix: state: H currentWindowPosition: 10 currentAminoAcid: F =&gt; 40
  input in matrix: state: H currentWindowPosition: 11 currentAminoAcid: F =&gt; 39
  input in matrix: state: H currentWindowPosition: 12 currentAminoAcid: F =&gt; 50
  input in matrix: state: H currentWindowPosition: 13 currentAminoAcid: F =&gt; 50
  input in matrix: state: H currentWindowPosition: 14 currentAminoAcid: F =&gt; 50
  input in matrix: state: H currentWindowPosition: 15 currentAminoAcid: F =&gt; 45
  input in matrix: state: H currentWindowPosition: 16 currentAminoAcid: F =&gt; 46
Process line: G	97	100	80	106	80	96	70	60	0	85	59	66	65	92	72	93	98
 data line!
  input in matrix: state: H currentWindowPosition: 0 currentAminoAcid: G =&gt; 97
  input in matrix: state: H currentWindowPosition: 1 currentAminoAcid: G =&gt; 100
  input in matrix: state: H currentWindowPosition: 2 currentAminoAcid: G =&gt; 80
  input in matrix: state: H currentWindowPosition: 3 currentAminoAcid: G =&gt; 106
  input in matrix: state: H currentWindowPosition: 4 currentAminoAcid: G =&gt; 80
  input in matrix: state: H currentWindowPosition: 5 currentAminoAcid: G =&gt; 96
  input in matrix: state: H currentWindowPosition: 6 currentAminoAcid: G =&gt; 70
  input in matrix: state: H currentWindowPosition: 7 currentAminoAcid: G =&gt; 60
  input in matrix: state: H currentWindowPosition: 8 currentAminoAcid: G =&gt; 0
  input in matrix: state: H currentWindowPosition: 9 currentAminoAcid: G =&gt; 85
  input in matrix: state: H currentWindowPosition: 10 currentAminoAcid: G =&gt; 59
  input in matrix: state: H currentWindowPosition: 11 currentAminoAcid: G =&gt; 66
  input in matrix: state: H currentWindowPosition: 12 currentAminoAcid: G =&gt; 65
  input in matrix: state: H currentWindowPosition: 13 currentAminoAcid: G =&gt; 92
  input in matrix: state: H currentWindowPosition: 14 currentAminoAcid: G =&gt; 72
  input in matrix: state: H currentWindowPosition: 15 currentAminoAcid: G =&gt; 93
  input in matrix: state: H currentWindowPosition: 16 currentAminoAcid: G =&gt; 98
Process line: H	24	24	26	27	22	24	32	20	0	37	32	24	20	19	17	22	32
 data line!
  input in matrix: state: H currentWindowPosition: 0 currentAminoAcid: H =&gt; 24
  input in matrix: state: H currentWindowPosition: 1 currentAminoAcid: H =&gt; 24
  input in matrix: state: H currentWindowPosition: 2 currentAminoAcid: H =&gt; 26
  input in matrix: state: H currentWindowPosition: 3 currentAminoAcid: H =&gt; 27
  input in matrix: state: H currentWindowPosition: 4 currentAminoAcid: H =&gt; 22
  input in matrix: state: H currentWindowPosition: 5 currentAminoAcid: H =&gt; 24
  input in matrix: state: H currentWindowPosition: 6 currentAminoAcid: H =&gt; 32
  input in matrix: state: H currentWindowPosition: 7 currentAminoAcid: H =&gt; 20
  input in matrix: state: H currentWindowPosition: 8 currentAminoAcid: H =&gt; 0
  input in matrix: state: H currentWindowPosition: 9 currentAminoAcid: H =&gt; 37
  input in matrix: state: H currentWindowPosition: 10 currentAminoAcid: H =&gt; 32
  input in matrix: state: H currentWindowPosition: 11 currentAminoAcid: H =&gt; 24
  input in matrix: state: H currentWindowPosition: 12 currentAminoAcid: H =&gt; 20
  input in matrix: state: H currentWindowPosition: 13 currentAminoAcid: H =&gt; 19
  input in matrix: state: H currentWindowPosition: 14 currentAminoAcid: H =&gt; 17
  input in matrix: state: H currentWindowPosition: 15 currentAminoAcid: H =&gt; 22
  input in matrix: state: H currentWindowPosition: 16 currentAminoAcid: H =&gt; 32
Process line: I	65	80	62	66	66	70	67	64	0	70	63	66	74	61	77	57	63
 data line!
  input in matrix: state: H currentWindowPosition: 0 currentAminoAcid: I =&gt; 65
  input in matrix: state: H currentWindowPosition: 1 currentAminoAcid: I =&gt; 80
  input in matrix: state: H currentWindowPosition: 2 currentAminoAcid: I =&gt; 62
  input in matrix: state: H currentWindowPosition: 3 currentAminoAcid: I =&gt; 66
  input in matrix: state: H currentWindowPosition: 4 currentAminoAcid: I =&gt; 66
  input in matrix: state: H currentWindowPosition: 5 currentAminoAcid: I =&gt; 70
  input in matrix: state: H currentWindowPosition: 6 currentAminoAcid: I =&gt; 67
  input in matrix: state: H currentWindowPosition: 7 currentAminoAcid: I =&gt; 64
  input in matrix: state: H currentWindowPosition: 8 currentAminoAcid: I =&gt; 0
  input in matrix: state: H currentWindowPosition: 9 currentAminoAcid: I =&gt; 70
  input in matrix: state: H currentWindowPosition: 10 currentAminoAcid: I =&gt; 63
  input in matrix: state: H currentWindowPosition: 11 currentAminoAcid: I =&gt; 66
  input in matrix: state: H currentWindowPosition: 12 currentAminoAcid: I =&gt; 74
  input in matrix: state: H currentWindowPosition: 13 currentAminoAcid: I =&gt; 61
  input in matrix: state: H currentWindowPosition: 14 currentAminoAcid: I =&gt; 77
  input in matrix: state: H currentWindowPosition: 15 currentAminoAcid: I =&gt; 57
  input in matrix: state: H currentWindowPosition: 16 currentAminoAcid: I =&gt; 63
Process line: K	64	70	52	71	65	51	54	90	0	72	85	98	79	59	88	86	76
 data line!
  input in matrix: state: H currentWindowPosition: 0 currentAminoAcid: K =&gt; 64
  input in matrix: state: H currentWindowPosition: 1 currentAminoAcid: K =&gt; 70
  input in matrix: state: H currentWindowPosition: 2 currentAminoAcid: K =&gt; 52
  input in matrix: state: H currentWindowPosition: 3 currentAminoAcid: K =&gt; 71
  input in matrix: state: H currentWindowPosition: 4 currentAminoAcid: K =&gt; 65
  input in matrix: state: H currentWindowPosition: 5 currentAminoAcid: K =&gt; 51
  input in matrix: state: H currentWindowPosition: 6 currentAminoAcid: K =&gt; 54
  input in matrix: state: H currentWindowPosition: 7 currentAminoAcid: K =&gt; 90
  input in matrix: state: H currentWindowPosition: 8 currentAminoAcid: K =&gt; 0
  input in matrix: state: H currentWindowPosition: 9 currentAminoAcid: K =&gt; 72
  input in matrix: state: H currentWindowPosition: 10 currentAminoAcid: K =&gt; 85
  input in matrix: state: H currentWindowPosition: 11 currentAminoAcid: K =&gt; 98
  input in matrix: state: H currentWindowPosition: 12 currentAminoAcid: K =&gt; 79
  input in matrix: state: H currentWindowPosition: 13 currentAminoAcid: K =&gt; 59
  input in matrix: state: H currentWindowPosition: 14 currentAminoAcid: K =&gt; 88
  input in matrix: state: H currentWindowPosition: 15 currentAminoAcid: K =&gt; 86
  input in matrix: state: H currentWindowPosition: 16 currentAminoAcid: K =&gt; 76
Process line: L	85	114	114	94	114	119	126	113	0	151	149	133	135	141	129	119	107
 data line!
  input in matrix: state: H currentWindowPosition: 0 currentAminoAcid: L =&gt; 85
  input in matrix: state: H currentWindowPosition: 1 currentAminoAcid: L =&gt; 114
  input in matrix: state: H currentWindowPosition: 2 currentAminoAcid: L =&gt; 114
  input in matrix: state: H currentWindowPosition: 3 currentAminoAcid: L =&gt; 94
  input in matrix: state: H currentWindowPosition: 4 currentAminoAcid: L =&gt; 114
  input in matrix: state: H currentWindowPosition: 5 currentAminoAcid: L =&gt; 119
  input in matrix: state: H currentWindowPosition: 6 currentAminoAcid: L =&gt; 126
  input in matrix: state: H currentWindowPosition: 7 currentAminoAcid: L =&gt; 113
  input in matrix: state: H currentWindowPosition: 8 currentAminoAcid: L =&gt; 0
  input in matrix: state: H currentWindowPosition: 9 currentAminoAcid: L =&gt; 151
  input in matrix: state: H currentWindowPosition: 10 currentAminoAcid: L =&gt; 149
  input in matrix: state: H currentWindowPosition: 11 currentAminoAcid: L =&gt; 133
  input in matrix: state: H currentWindowPosition: 12 currentAminoAcid: L =&gt; 135
  input in matrix: state: H currentWindowPosition: 13 currentAminoAcid: L =&gt; 141
  input in matrix: state: H currentWindowPosition: 14 currentAminoAcid: L =&gt; 129
  input in matrix: state: H currentWindowPosition: 15 currentAminoAcid: L =&gt; 119
  input in matrix: state: H currentWindowPosition: 16 currentAminoAcid: L =&gt; 107
Process line: M	18	27	22	26	22	30	34	32	0	34	35	34	38	33	30	39	26
 data line!
  input in matrix: state: H currentWindowPosition: 0 currentAminoAcid: M =&gt; 18
  input in matrix: state: H currentWindowPosition: 1 currentAminoAcid: M =&gt; 27
  input in matrix: state: H currentWindowPosition: 2 currentAminoAcid: M =&gt; 22
  input in matrix: state: H currentWindowPosition: 3 currentAminoAcid: M =&gt; 26
  input in matrix: state: H currentWindowPosition: 4 currentAminoAcid: M =&gt; 22
  input in matrix: state: H currentWindowPosition: 5 currentAminoAcid: M =&gt; 30
  input in matrix: state: H currentWindowPosition: 6 currentAminoAcid: M =&gt; 34
  input in matrix: state: H currentWindowPosition: 7 currentAminoAcid: M =&gt; 32
  input in matrix: state: H currentWindowPosition: 8 currentAminoAcid: M =&gt; 0
  input in matrix: state: H currentWindowPosition: 9 currentAminoAcid: M =&gt; 34
  input in matrix: state: H currentWindowPosition: 10 currentAminoAcid: M =&gt; 35
  input in matrix: state: H currentWindowPosition: 11 currentAminoAcid: M =&gt; 34
  input in matrix: state: H currentWindowPosition: 12 currentAminoAcid: M =&gt; 38
  input in matrix: state: H currentWindowPosition: 13 currentAminoAcid: M =&gt; 33
  input in matrix: state: H currentWindowPosition: 14 currentAminoAcid: M =&gt; 30
  input in matrix: state: H currentWindowPosition: 15 currentAminoAcid: M =&gt; 39
  input in matrix: state: H currentWindowPosition: 16 currentAminoAcid: M =&gt; 26
Process line: N	55	42	55	52	52	53	43	50	0	35	56	53	59	49	65	61	68
 data line!
  input in matrix: state: H currentWindowPosition: 0 currentAminoAcid: N =&gt; 55
  input in matrix: state: H currentWindowPosition: 1 currentAminoAcid: N =&gt; 42
  input in matrix: state: H currentWindowPosition: 2 currentAminoAcid: N =&gt; 55
  input in matrix: state: H currentWindowPosition: 3 currentAminoAcid: N =&gt; 52
  input in matrix: state: H currentWindowPosition: 4 currentAminoAcid: N =&gt; 52
  input in matrix: state: H currentWindowPosition: 5 currentAminoAcid: N =&gt; 53
  input in matrix: state: H currentWindowPosition: 6 currentAminoAcid: N =&gt; 43
  input in matrix: state: H currentWindowPosition: 7 currentAminoAcid: N =&gt; 50
  input in matrix: state: H currentWindowPosition: 8 currentAminoAcid: N =&gt; 0
  input in matrix: state: H currentWindowPosition: 9 currentAminoAcid: N =&gt; 35
  input in matrix: state: H currentWindowPosition: 10 currentAminoAcid: N =&gt; 56
  input in matrix: state: H currentWindowPosition: 11 currentAminoAcid: N =&gt; 53
  input in matrix: state: H currentWindowPosition: 12 currentAminoAcid: N =&gt; 59
  input in matrix: state: H currentWindowPosition: 13 currentAminoAcid: N =&gt; 49
  input in matrix: state: H currentWindowPosition: 14 currentAminoAcid: N =&gt; 65
  input in matrix: state: H currentWindowPosition: 15 currentAminoAcid: N =&gt; 61
  input in matrix: state: H currentWindowPosition: 16 currentAminoAcid: N =&gt; 68
Process line: P	56	46	52	45	38	44	52	32	0	11	14	26	36	51	50	47	60
 data line!
  input in matrix: state: H currentWindowPosition: 0 currentAminoAcid: P =&gt; 56
  input in matrix: state: H currentWindowPosition: 1 currentAminoAcid: P =&gt; 46
  input in matrix: state: H currentWindowPosition: 2 currentAminoAcid: P =&gt; 52
  input in matrix: state: H currentWindowPosition: 3 currentAminoAcid: P =&gt; 45
  input in matrix: state: H currentWindowPosition: 4 currentAminoAcid: P =&gt; 38
  input in matrix: state: H currentWindowPosition: 5 currentAminoAcid: P =&gt; 44
  input in matrix: state: H currentWindowPosition: 6 currentAminoAcid: P =&gt; 52
  input in matrix: state: H currentWindowPosition: 7 currentAminoAcid: P =&gt; 32
  input in matrix: state: H currentWindowPosition: 8 currentAminoAcid: P =&gt; 0
  input in matrix: state: H currentWindowPosition: 9 currentAminoAcid: P =&gt; 11
  input in matrix: state: H currentWindowPosition: 10 currentAminoAcid: P =&gt; 14
  input in matrix: state: H currentWindowPosition: 11 currentAminoAcid: P =&gt; 26
  input in matrix: state: H currentWindowPosition: 12 currentAminoAcid: P =&gt; 36
  input in matrix: state: H currentWindowPosition: 13 currentAminoAcid: P =&gt; 51
  input in matrix: state: H currentWindowPosition: 14 currentAminoAcid: P =&gt; 50
  input in matrix: state: H currentWindowPosition: 15 currentAminoAcid: P =&gt; 47
  input in matrix: state: H currentWindowPosition: 16 currentAminoAcid: P =&gt; 60
Process line: Q	49	44	43	49	61	51	44	65	0	62	60	61	56	53	50	48	50
 data line!
  input in matrix: state: H currentWindowPosition: 0 currentAminoAcid: Q =&gt; 49
  input in matrix: state: H currentWindowPosition: 1 currentAminoAcid: Q =&gt; 44
  input in matrix: state: H currentWindowPosition: 2 currentAminoAcid: Q =&gt; 43
  input in matrix: state: H currentWindowPosition: 3 currentAminoAcid: Q =&gt; 49
  input in matrix: state: H currentWindowPosition: 4 currentAminoAcid: Q =&gt; 61
  input in matrix: state: H currentWindowPosition: 5 currentAminoAcid: Q =&gt; 51
  input in matrix: state: H currentWindowPosition: 6 currentAminoAcid: Q =&gt; 44
  input in matrix: state: H currentWindowPosition: 7 currentAminoAcid: Q =&gt; 65
  input in matrix: state: H currentWindowPosition: 8 currentAminoAcid: Q =&gt; 0
  input in matrix: state: H currentWindowPosition: 9 currentAminoAcid: Q =&gt; 62
  input in matrix: state: H currentWindowPosition: 10 currentAminoAcid: Q =&gt; 60
  input in matrix: state: H currentWindowPosition: 11 currentAminoAcid: Q =&gt; 61
  input in matrix: state: H currentWindowPosition: 12 currentAminoAcid: Q =&gt; 56
  input in matrix: state: H currentWindowPosition: 13 currentAminoAcid: Q =&gt; 53
  input in matrix: state: H currentWindowPosition: 14 currentAminoAcid: Q =&gt; 50
  input in matrix: state: H currentWindowPosition: 15 currentAminoAcid: Q =&gt; 48
  input in matrix: state: H currentWindowPosition: 16 currentAminoAcid: Q =&gt; 50
Process line: R	57	51	54	62	53	49	57	44	0	65	64	68	59	50	52	50	58
 data line!
  input in matrix: state: H currentWindowPosition: 0 currentAminoAcid: R =&gt; 57
  input in matrix: state: H currentWindowPosition: 1 currentAminoAcid: R =&gt; 51
  input in matrix: state: H currentWindowPosition: 2 currentAminoAcid: R =&gt; 54
  input in matrix: state: H currentWindowPosition: 3 currentAminoAcid: R =&gt; 62
  input in matrix: state: H currentWindowPosition: 4 currentAminoAcid: R =&gt; 53
  input in matrix: state: H currentWindowPosition: 5 currentAminoAcid: R =&gt; 49
  input in matrix: state: H currentWindowPosition: 6 currentAminoAcid: R =&gt; 57
  input in matrix: state: H currentWindowPosition: 7 currentAminoAcid: R =&gt; 44
  input in matrix: state: H currentWindowPosition: 8 currentAminoAcid: R =&gt; 0
  input in matrix: state: H currentWindowPosition: 9 currentAminoAcid: R =&gt; 65
  input in matrix: state: H currentWindowPosition: 10 currentAminoAcid: R =&gt; 64
  input in matrix: state: H currentWindowPosition: 11 currentAminoAcid: R =&gt; 68
  input in matrix: state: H currentWindowPosition: 12 currentAminoAcid: R =&gt; 59
  input in matrix: state: H currentWindowPosition: 13 currentAminoAcid: R =&gt; 50
  input in matrix: state: H currentWindowPosition: 14 currentAminoAcid: R =&gt; 52
  input in matrix: state: H currentWindowPosition: 15 currentAminoAcid: R =&gt; 50
  input in matrix: state: H currentWindowPosition: 16 currentAminoAcid: R =&gt; 58
Process line: S	77	55	62	63	79	76	62	63	0	61	56	65	56	54	62	57	51
 data line!
  input in matrix: state: H currentWindowPosition: 0 currentAminoAcid: S =&gt; 77
  input in matrix: state: H currentWindowPosition: 1 currentAminoAcid: S =&gt; 55
  input in matrix: state: H currentWindowPosition: 2 currentAminoAcid: S =&gt; 62
  input in matrix: state: H currentWindowPosition: 3 currentAminoAcid: S =&gt; 63
  input in matrix: state: H currentWindowPosition: 4 currentAminoAcid: S =&gt; 79
  input in matrix: state: H currentWindowPosition: 5 currentAminoAcid: S =&gt; 76
  input in matrix: state: H currentWindowPosition: 6 currentAminoAcid: S =&gt; 62
  input in matrix: state: H currentWindowPosition: 7 currentAminoAcid: S =&gt; 63
  input in matrix: state: H currentWindowPosition: 8 currentAminoAcid: S =&gt; 0
  input in matrix: state: H currentWindowPosition: 9 currentAminoAcid: S =&gt; 61
  input in matrix: state: H currentWindowPosition: 10 currentAminoAcid: S =&gt; 56
  input in matrix: state: H currentWindowPosition: 11 currentAminoAcid: S =&gt; 65
  input in matrix: state: H currentWindowPosition: 12 currentAminoAcid: S =&gt; 56
  input in matrix: state: H currentWindowPosition: 13 currentAminoAcid: S =&gt; 54
  input in matrix: state: H currentWindowPosition: 14 currentAminoAcid: S =&gt; 62
  input in matrix: state: H currentWindowPosition: 15 currentAminoAcid: S =&gt; 57
  input in matrix: state: H currentWindowPosition: 16 currentAminoAcid: S =&gt; 51
Process line: T	82	82	64	70	66	68	45	58	1190	48	44	64	66	57	59	59	64
 data line!
  input in matrix: state: H currentWindowPosition: 0 currentAminoAcid: T =&gt; 82
  input in matrix: state: H currentWindowPosition: 1 currentAminoAcid: T =&gt; 82
  input in matrix: state: H currentWindowPosition: 2 currentAminoAcid: T =&gt; 64
  input in matrix: state: H currentWindowPosition: 3 currentAminoAcid: T =&gt; 70
  input in matrix: state: H currentWindowPosition: 4 currentAminoAcid: T =&gt; 66
  input in matrix: state: H currentWindowPosition: 5 currentAminoAcid: T =&gt; 68
  input in matrix: state: H currentWindowPosition: 6 currentAminoAcid: T =&gt; 45
  input in matrix: state: H currentWindowPosition: 7 currentAminoAcid: T =&gt; 58
  input in matrix: state: H currentWindowPosition: 8 currentAminoAcid: T =&gt; 1190
  input in matrix: state: H currentWindowPosition: 9 currentAminoAcid: T =&gt; 48
  input in matrix: state: H currentWindowPosition: 10 currentAminoAcid: T =&gt; 44
  input in matrix: state: H currentWindowPosition: 11 currentAminoAcid: T =&gt; 64
  input in matrix: state: H currentWindowPosition: 12 currentAminoAcid: T =&gt; 66
  input in matrix: state: H currentWindowPosition: 13 currentAminoAcid: T =&gt; 57
  input in matrix: state: H currentWindowPosition: 14 currentAminoAcid: T =&gt; 59
  input in matrix: state: H currentWindowPosition: 15 currentAminoAcid: T =&gt; 59
  input in matrix: state: H currentWindowPosition: 16 currentAminoAcid: T =&gt; 64
Process line: V	80	78	98	73	82	56	77	75	0	69	75	62	74	75	68	81	74
 data line!
  input in matrix: state: H currentWindowPosition: 0 currentAminoAcid: V =&gt; 80
  input in matrix: state: H currentWindowPosition: 1 currentAminoAcid: V =&gt; 78
  input in matrix: state: H currentWindowPosition: 2 currentAminoAcid: V =&gt; 98
  input in matrix: state: H currentWindowPosition: 3 currentAminoAcid: V =&gt; 73
  input in matrix: state: H currentWindowPosition: 4 currentAminoAcid: V =&gt; 82
  input in matrix: state: H currentWindowPosition: 5 currentAminoAcid: V =&gt; 56
  input in matrix: state: H currentWindowPosition: 6 currentAminoAcid: V =&gt; 77
  input in matrix: state: H currentWindowPosition: 7 currentAminoAcid: V =&gt; 75
  input in matrix: state: H currentWindowPosition: 8 currentAminoAcid: V =&gt; 0
  input in matrix: state: H currentWindowPosition: 9 currentAminoAcid: V =&gt; 69
  input in matrix: state: H currentWindowPosition: 10 currentAminoAcid: V =&gt; 75
  input in matrix: state: H currentWindowPosition: 11 currentAminoAcid: V =&gt; 62
  input in matrix: state: H currentWindowPosition: 12 currentAminoAcid: V =&gt; 74
  input in matrix: state: H currentWindowPosition: 13 currentAminoAcid: V =&gt; 75
  input in matrix: state: H currentWindowPosition: 14 currentAminoAcid: V =&gt; 68
  input in matrix: state: H currentWindowPosition: 15 currentAminoAcid: V =&gt; 81
  input in matrix: state: H currentWindowPosition: 16 currentAminoAcid: V =&gt; 74
Process line: W	14	13	22	22	11	14	31	15	0	17	16	24	19	17	19	17	20
 data line!
  input in matrix: state: H currentWindowPosition: 0 currentAminoAcid: W =&gt; 14
  input in matrix: state: H currentWindowPosition: 1 currentAminoAcid: W =&gt; 13
  input in matrix: state: H currentWindowPosition: 2 currentAminoAcid: W =&gt; 22
  input in matrix: state: H currentWindowPosition: 3 currentAminoAcid: W =&gt; 22
  input in matrix: state: H currentWindowPosition: 4 currentAminoAcid: W =&gt; 11
  input in matrix: state: H currentWindowPosition: 5 currentAminoAcid: W =&gt; 14
  input in matrix: state: H currentWindowPosition: 6 currentAminoAcid: W =&gt; 31
  input in matrix: state: H currentWindowPosition: 7 currentAminoAcid: W =&gt; 15
  input in matrix: state: H currentWindowPosition: 8 currentAminoAcid: W =&gt; 0
  input in matrix: state: H currentWindowPosition: 9 currentAminoAcid: W =&gt; 17
  input in matrix: state: H currentWindowPosition: 10 currentAminoAcid: W =&gt; 16
  input in matrix: state: H currentWindowPosition: 11 currentAminoAcid: W =&gt; 24
  input in matrix: state: H currentWindowPosition: 12 currentAminoAcid: W =&gt; 19
  input in matrix: state: H currentWindowPosition: 13 currentAminoAcid: W =&gt; 17
  input in matrix: state: H currentWindowPosition: 14 currentAminoAcid: W =&gt; 19
  input in matrix: state: H currentWindowPosition: 15 currentAminoAcid: W =&gt; 17
  input in matrix: state: H currentWindowPosition: 16 currentAminoAcid: W =&gt; 20
Process line: Y	38	33	45	34	34	47	47	42	0	41	52	44	46	55	42	40	43
 data line!
  input in matrix: state: H currentWindowPosition: 0 currentAminoAcid: Y =&gt; 38
  input in matrix: state: H currentWindowPosition: 1 currentAminoAcid: Y =&gt; 33
  input in matrix: state: H currentWindowPosition: 2 currentAminoAcid: Y =&gt; 45
  input in matrix: state: H currentWindowPosition: 3 currentAminoAcid: Y =&gt; 34
  input in matrix: state: H currentWindowPosition: 4 currentAminoAcid: Y =&gt; 34
  input in matrix: state: H currentWindowPosition: 5 currentAminoAcid: Y =&gt; 47
  input in matrix: state: H currentWindowPosition: 6 currentAminoAcid: Y =&gt; 47
  input in matrix: state: H currentWindowPosition: 7 currentAminoAcid: Y =&gt; 42
  input in matrix: state: H currentWindowPosition: 8 currentAminoAcid: Y =&gt; 0
  input in matrix: state: H currentWindowPosition: 9 currentAminoAcid: Y =&gt; 41
  input in matrix: state: H currentWindowPosition: 10 currentAminoAcid: Y =&gt; 52
  input in matrix: state: H currentWindowPosition: 11 currentAminoAcid: Y =&gt; 44
  input in matrix: state: H currentWindowPosition: 12 currentAminoAcid: Y =&gt; 46
  input in matrix: state: H currentWindowPosition: 13 currentAminoAcid: Y =&gt; 55
  input in matrix: state: H currentWindowPosition: 14 currentAminoAcid: Y =&gt; 42
  input in matrix: state: H currentWindowPosition: 15 currentAminoAcid: Y =&gt; 40
  input in matrix: state: H currentWindowPosition: 16 currentAminoAcid: Y =&gt; 43
Process line: 
 Skip line!
Process line: 
 Skip line!
Process line: =V,C=
 state line! (now in state: C)
Process line: 
 Skip line!
Process line: A	93	121	124	135	106	117	96	84	0	92	89	94	112	114	107	129	129
 data line!
  input in matrix: state: C currentWindowPosition: 0 currentAminoAcid: A =&gt; 93
  input in matrix: state: C currentWindowPosition: 1 currentAminoAcid: A =&gt; 121
  input in matrix: state: C currentWindowPosition: 2 currentAminoAcid: A =&gt; 124
  input in matrix: state: C currentWindowPosition: 3 currentAminoAcid: A =&gt; 135
  input in matrix: state: C currentWindowPosition: 4 currentAminoAcid: A =&gt; 106
  input in matrix: state: C currentWindowPosition: 5 currentAminoAcid: A =&gt; 117
  input in matrix: state: C currentWindowPosition: 6 currentAminoAcid: A =&gt; 96
  input in matrix: state: C currentWindowPosition: 7 currentAminoAcid: A =&gt; 84
  input in matrix: state: C currentWindowPosition: 8 currentAminoAcid: A =&gt; 0
  input in matrix: state: C currentWindowPosition: 9 currentAminoAcid: A =&gt; 92
  input in matrix: state: C currentWindowPosition: 10 currentAminoAcid: A =&gt; 89
  input in matrix: state: C currentWindowPosition: 11 currentAminoAcid: A =&gt; 94
  input in matrix: state: C currentWindowPosition: 12 currentAminoAcid: A =&gt; 112
  input in matrix: state: C currentWindowPosition: 13 currentAminoAcid: A =&gt; 114
  input in matrix: state: C currentWindowPosition: 14 currentAminoAcid: A =&gt; 107
  input in matrix: state: C currentWindowPosition: 15 currentAminoAcid: A =&gt; 129
  input in matrix: state: C currentWindowPosition: 16 currentAminoAcid: A =&gt; 129
Process line: C	16	16	20	25	20	26	21	20	0	14	27	16	19	29	23	21	19
 data line!
  input in matrix: state: C currentWindowPosition: 0 currentAminoAcid: C =&gt; 16
  input in matrix: state: C currentWindowPosition: 1 currentAminoAcid: C =&gt; 16
  input in matrix: state: C currentWindowPosition: 2 currentAminoAcid: C =&gt; 20
  input in matrix: state: C currentWindowPosition: 3 currentAminoAcid: C =&gt; 25
  input in matrix: state: C currentWindowPosition: 4 currentAminoAcid: C =&gt; 20
  input in matrix: state: C currentWindowPosition: 5 currentAminoAcid: C =&gt; 26
  input in matrix: state: C currentWindowPosition: 6 currentAminoAcid: C =&gt; 21
  input in matrix: state: C currentWindowPosition: 7 currentAminoAcid: C =&gt; 20
  input in matrix: state: C currentWindowPosition: 8 currentAminoAcid: C =&gt; 0
  input in matrix: state: C currentWindowPosition: 9 currentAminoAcid: C =&gt; 14
  input in matrix: state: C currentWindowPosition: 10 currentAminoAcid: C =&gt; 27
  input in matrix: state: C currentWindowPosition: 11 currentAminoAcid: C =&gt; 16
  input in matrix: state: C currentWindowPosition: 12 currentAminoAcid: C =&gt; 19
  input in matrix: state: C currentWindowPosition: 13 currentAminoAcid: C =&gt; 29
  input in matrix: state: C currentWindowPosition: 14 currentAminoAcid: C =&gt; 23
  input in matrix: state: C currentWindowPosition: 15 currentAminoAcid: C =&gt; 21
  input in matrix: state: C currentWindowPosition: 16 currentAminoAcid: C =&gt; 19
Process line: D	71	84	73	66	74	71	98	105	0	136	92	91	95	85	72	103	96
 data line!
  input in matrix: state: C currentWindowPosition: 0 currentAminoAcid: D =&gt; 71
  input in matrix: state: C currentWindowPosition: 1 currentAminoAcid: D =&gt; 84
  input in matrix: state: C currentWindowPosition: 2 currentAminoAcid: D =&gt; 73
  input in matrix: state: C currentWindowPosition: 3 currentAminoAcid: D =&gt; 66
  input in matrix: state: C currentWindowPosition: 4 currentAminoAcid: D =&gt; 74
  input in matrix: state: C currentWindowPosition: 5 currentAminoAcid: D =&gt; 71
  input in matrix: state: C currentWindowPosition: 6 currentAminoAcid: D =&gt; 98
  input in matrix: state: C currentWindowPosition: 7 currentAminoAcid: D =&gt; 105
  input in matrix: state: C currentWindowPosition: 8 currentAminoAcid: D =&gt; 0
  input in matrix: state: C currentWindowPosition: 9 currentAminoAcid: D =&gt; 136
  input in matrix: state: C currentWindowPosition: 10 currentAminoAcid: D =&gt; 92
  input in matrix: state: C currentWindowPosition: 11 currentAminoAcid: D =&gt; 91
  input in matrix: state: C currentWindowPosition: 12 currentAminoAcid: D =&gt; 95
  input in matrix: state: C currentWindowPosition: 13 currentAminoAcid: D =&gt; 85
  input in matrix: state: C currentWindowPosition: 14 currentAminoAcid: D =&gt; 72
  input in matrix: state: C currentWindowPosition: 15 currentAminoAcid: D =&gt; 103
  input in matrix: state: C currentWindowPosition: 16 currentAminoAcid: D =&gt; 96
Process line: E	87	91	89	82	78	86	81	92	0	76	79	96	98	72	71	84	90
 data line!
  input in matrix: state: C currentWindowPosition: 0 currentAminoAcid: E =&gt; 87
  input in matrix: state: C currentWindowPosition: 1 currentAminoAcid: E =&gt; 91
  input in matrix: state: C currentWindowPosition: 2 currentAminoAcid: E =&gt; 89
  input in matrix: state: C currentWindowPosition: 3 currentAminoAcid: E =&gt; 82
  input in matrix: state: C currentWindowPosition: 4 currentAminoAcid: E =&gt; 78
  input in matrix: state: C currentWindowPosition: 5 currentAminoAcid: E =&gt; 86
  input in matrix: state: C currentWindowPosition: 6 currentAminoAcid: E =&gt; 81
  input in matrix: state: C currentWindowPosition: 7 currentAminoAcid: E =&gt; 92
  input in matrix: state: C currentWindowPosition: 8 currentAminoAcid: E =&gt; 0
  input in matrix: state: C currentWindowPosition: 9 currentAminoAcid: E =&gt; 76
  input in matrix: state: C currentWindowPosition: 10 currentAminoAcid: E =&gt; 79
  input in matrix: state: C currentWindowPosition: 11 currentAminoAcid: E =&gt; 96
  input in matrix: state: C currentWindowPosition: 12 currentAminoAcid: E =&gt; 98
  input in matrix: state: C currentWindowPosition: 13 currentAminoAcid: E =&gt; 72
  input in matrix: state: C currentWindowPosition: 14 currentAminoAcid: E =&gt; 71
  input in matrix: state: C currentWindowPosition: 15 currentAminoAcid: E =&gt; 84
  input in matrix: state: C currentWindowPosition: 16 currentAminoAcid: E =&gt; 90
Process line: F	52	72	44	52	67	50	37	38	0	42	45	49	58	63	70	44	55
 data line!
  input in matrix: state: C currentWindowPosition: 0 currentAminoAcid: F =&gt; 52
  input in matrix: state: C currentWindowPosition: 1 currentAminoAcid: F =&gt; 72
  input in matrix: state: C currentWindowPosition: 2 currentAminoAcid: F =&gt; 44
  input in matrix: state: C currentWindowPosition: 3 currentAminoAcid: F =&gt; 52
  input in matrix: state: C currentWindowPosition: 4 currentAminoAcid: F =&gt; 67
  input in matrix: state: C currentWindowPosition: 5 currentAminoAcid: F =&gt; 50
  input in matrix: state: C currentWindowPosition: 6 currentAminoAcid: F =&gt; 37
  input in matrix: state: C currentWindowPosition: 7 currentAminoAcid: F =&gt; 38
  input in matrix: state: C currentWindowPosition: 8 currentAminoAcid: F =&gt; 0
  input in matrix: state: C currentWindowPosition: 9 currentAminoAcid: F =&gt; 42
  input in matrix: state: C currentWindowPosition: 10 currentAminoAcid: F =&gt; 45
  input in matrix: state: C currentWindowPosition: 11 currentAminoAcid: F =&gt; 49
  input in matrix: state: C currentWindowPosition: 12 currentAminoAcid: F =&gt; 58
  input in matrix: state: C currentWindowPosition: 13 currentAminoAcid: F =&gt; 63
  input in matrix: state: C currentWindowPosition: 14 currentAminoAcid: F =&gt; 70
  input in matrix: state: C currentWindowPosition: 15 currentAminoAcid: F =&gt; 44
  input in matrix: state: C currentWindowPosition: 16 currentAminoAcid: F =&gt; 55
Process line: G	118	97	95	108	137	130	142	214	0	166	156	127	103	93	108	103	111
 data line!
  input in matrix: state: C currentWindowPosition: 0 currentAminoAcid: G =&gt; 118
  input in matrix: state: C currentWindowPosition: 1 currentAminoAcid: G =&gt; 97
  input in matrix: state: C currentWindowPosition: 2 currentAminoAcid: G =&gt; 95
  input in matrix: state: C currentWindowPosition: 3 currentAminoAcid: G =&gt; 108
  input in matrix: state: C currentWindowPosition: 4 currentAminoAcid: G =&gt; 137
  input in matrix: state: C currentWindowPosition: 5 currentAminoAcid: G =&gt; 130
  input in matrix: state: C currentWindowPosition: 6 currentAminoAcid: G =&gt; 142
  input in matrix: state: C currentWindowPosition: 7 currentAminoAcid: G =&gt; 214
  input in matrix: state: C currentWindowPosition: 8 currentAminoAcid: G =&gt; 0
  input in matrix: state: C currentWindowPosition: 9 currentAminoAcid: G =&gt; 166
  input in matrix: state: C currentWindowPosition: 10 currentAminoAcid: G =&gt; 156
  input in matrix: state: C currentWindowPosition: 11 currentAminoAcid: G =&gt; 127
  input in matrix: state: C currentWindowPosition: 12 currentAminoAcid: G =&gt; 103
  input in matrix: state: C currentWindowPosition: 13 currentAminoAcid: G =&gt; 93
  input in matrix: state: C currentWindowPosition: 14 currentAminoAcid: G =&gt; 108
  input in matrix: state: C currentWindowPosition: 15 currentAminoAcid: G =&gt; 103
  input in matrix: state: C currentWindowPosition: 16 currentAminoAcid: G =&gt; 111
Process line: H	28	30	22	37	29	27	39	35	0	33	43	32	26	30	34	33	32
 data line!
  input in matrix: state: C currentWindowPosition: 0 currentAminoAcid: H =&gt; 28
  input in matrix: state: C currentWindowPosition: 1 currentAminoAcid: H =&gt; 30
  input in matrix: state: C currentWindowPosition: 2 currentAminoAcid: H =&gt; 22
  input in matrix: state: C currentWindowPosition: 3 currentAminoAcid: H =&gt; 37
  input in matrix: state: C currentWindowPosition: 4 currentAminoAcid: H =&gt; 29
  input in matrix: state: C currentWindowPosition: 5 currentAminoAcid: H =&gt; 27
  input in matrix: state: C currentWindowPosition: 6 currentAminoAcid: H =&gt; 39
  input in matrix: state: C currentWindowPosition: 7 currentAminoAcid: H =&gt; 35
  input in matrix: state: C currentWindowPosition: 8 currentAminoAcid: H =&gt; 0
  input in matrix: state: C currentWindowPosition: 9 currentAminoAcid: H =&gt; 33
  input in matrix: state: C currentWindowPosition: 10 currentAminoAcid: H =&gt; 43
  input in matrix: state: C currentWindowPosition: 11 currentAminoAcid: H =&gt; 32
  input in matrix: state: C currentWindowPosition: 12 currentAminoAcid: H =&gt; 26
  input in matrix: state: C currentWindowPosition: 13 currentAminoAcid: H =&gt; 30
  input in matrix: state: C currentWindowPosition: 14 currentAminoAcid: H =&gt; 34
  input in matrix: state: C currentWindowPosition: 15 currentAminoAcid: H =&gt; 33
  input in matrix: state: C currentWindowPosition: 16 currentAminoAcid: H =&gt; 32
Process line: I	79	70	79	78	73	70	54	41	0	39	49	66	70	81	82	82	65
 data line!
  input in matrix: state: C currentWindowPosition: 0 currentAminoAcid: I =&gt; 79
  input in matrix: state: C currentWindowPosition: 1 currentAminoAcid: I =&gt; 70
  input in matrix: state: C currentWindowPosition: 2 currentAminoAcid: I =&gt; 79
  input in matrix: state: C currentWindowPosition: 3 currentAminoAcid: I =&gt; 78
  input in matrix: state: C currentWindowPosition: 4 currentAminoAcid: I =&gt; 73
  input in matrix: state: C currentWindowPosition: 5 currentAminoAcid: I =&gt; 70
  input in matrix: state: C currentWindowPosition: 6 currentAminoAcid: I =&gt; 54
  input in matrix: state: C currentWindowPosition: 7 currentAminoAcid: I =&gt; 41
  input in matrix: state: C currentWindowPosition: 8 currentAminoAcid: I =&gt; 0
  input in matrix: state: C currentWindowPosition: 9 currentAminoAcid: I =&gt; 39
  input in matrix: state: C currentWindowPosition: 10 currentAminoAcid: I =&gt; 49
  input in matrix: state: C currentWindowPosition: 11 currentAminoAcid: I =&gt; 66
  input in matrix: state: C currentWindowPosition: 12 currentAminoAcid: I =&gt; 70
  input in matrix: state: C currentWindowPosition: 13 currentAminoAcid: I =&gt; 81
  input in matrix: state: C currentWindowPosition: 14 currentAminoAcid: I =&gt; 82
  input in matrix: state: C currentWindowPosition: 15 currentAminoAcid: I =&gt; 82
  input in matrix: state: C currentWindowPosition: 16 currentAminoAcid: I =&gt; 65
Process line: K	88	101	78	74	78	79	88	88	0	89	84	78	76	71	77	80	66
 data line!
  input in matrix: state: C currentWindowPosition: 0 currentAminoAcid: K =&gt; 88
  input in matrix: state: C currentWindowPosition: 1 currentAminoAcid: K =&gt; 101
  input in matrix: state: C currentWindowPosition: 2 currentAminoAcid: K =&gt; 78
  input in matrix: state: C currentWindowPosition: 3 currentAminoAcid: K =&gt; 74
  input in matrix: state: C currentWindowPosition: 4 currentAminoAcid: K =&gt; 78
  input in matrix: state: C currentWindowPosition: 5 currentAminoAcid: K =&gt; 79
  input in matrix: state: C currentWindowPosition: 6 currentAminoAcid: K =&gt; 88
  input in matrix: state: C currentWindowPosition: 7 currentAminoAcid: K =&gt; 88
  input in matrix: state: C currentWindowPosition: 8 currentAminoAcid: K =&gt; 0
  input in matrix: state: C currentWindowPosition: 9 currentAminoAcid: K =&gt; 89
  input in matrix: state: C currentWindowPosition: 10 currentAminoAcid: K =&gt; 84
  input in matrix: state: C currentWindowPosition: 11 currentAminoAcid: K =&gt; 78
  input in matrix: state: C currentWindowPosition: 12 currentAminoAcid: K =&gt; 76
  input in matrix: state: C currentWindowPosition: 13 currentAminoAcid: K =&gt; 71
  input in matrix: state: C currentWindowPosition: 14 currentAminoAcid: K =&gt; 77
  input in matrix: state: C currentWindowPosition: 15 currentAminoAcid: K =&gt; 80
  input in matrix: state: C currentWindowPosition: 16 currentAminoAcid: K =&gt; 66
Process line: L	131	115	137	132	114	120	96	72	0	71	82	85	94	111	117	123	109
 data line!
  input in matrix: state: C currentWindowPosition: 0 currentAminoAcid: L =&gt; 131
  input in matrix: state: C currentWindowPosition: 1 currentAminoAcid: L =&gt; 115
  input in matrix: state: C currentWindowPosition: 2 currentAminoAcid: L =&gt; 137
  input in matrix: state: C currentWindowPosition: 3 currentAminoAcid: L =&gt; 132
  input in matrix: state: C currentWindowPosition: 4 currentAminoAcid: L =&gt; 114
  input in matrix: state: C currentWindowPosition: 5 currentAminoAcid: L =&gt; 120
  input in matrix: state: C currentWindowPosition: 6 currentAminoAcid: L =&gt; 96
  input in matrix: state: C currentWindowPosition: 7 currentAminoAcid: L =&gt; 72
  input in matrix: state: C currentWindowPosition: 8 currentAminoAcid: L =&gt; 0
  input in matrix: state: C currentWindowPosition: 9 currentAminoAcid: L =&gt; 71
  input in matrix: state: C currentWindowPosition: 10 currentAminoAcid: L =&gt; 82
  input in matrix: state: C currentWindowPosition: 11 currentAminoAcid: L =&gt; 85
  input in matrix: state: C currentWindowPosition: 12 currentAminoAcid: L =&gt; 94
  input in matrix: state: C currentWindowPosition: 13 currentAminoAcid: L =&gt; 111
  input in matrix: state: C currentWindowPosition: 14 currentAminoAcid: L =&gt; 117
  input in matrix: state: C currentWindowPosition: 15 currentAminoAcid: L =&gt; 123
  input in matrix: state: C currentWindowPosition: 16 currentAminoAcid: L =&gt; 109
Process line: M	28	21	34	24	31	23	30	19	0	15	20	25	34	26	21	28	32
 data line!
  input in matrix: state: C currentWindowPosition: 0 currentAminoAcid: M =&gt; 28
  input in matrix: state: C currentWindowPosition: 1 currentAminoAcid: M =&gt; 21
  input in matrix: state: C currentWindowPosition: 2 currentAminoAcid: M =&gt; 34
  input in matrix: state: C currentWindowPosition: 3 currentAminoAcid: M =&gt; 24
  input in matrix: state: C currentWindowPosition: 4 currentAminoAcid: M =&gt; 31
  input in matrix: state: C currentWindowPosition: 5 currentAminoAcid: M =&gt; 23
  input in matrix: state: C currentWindowPosition: 6 currentAminoAcid: M =&gt; 30
  input in matrix: state: C currentWindowPosition: 7 currentAminoAcid: M =&gt; 19
  input in matrix: state: C currentWindowPosition: 8 currentAminoAcid: M =&gt; 0
  input in matrix: state: C currentWindowPosition: 9 currentAminoAcid: M =&gt; 15
  input in matrix: state: C currentWindowPosition: 10 currentAminoAcid: M =&gt; 20
  input in matrix: state: C currentWindowPosition: 11 currentAminoAcid: M =&gt; 25
  input in matrix: state: C currentWindowPosition: 12 currentAminoAcid: M =&gt; 34
  input in matrix: state: C currentWindowPosition: 13 currentAminoAcid: M =&gt; 26
  input in matrix: state: C currentWindowPosition: 14 currentAminoAcid: M =&gt; 21
  input in matrix: state: C currentWindowPosition: 15 currentAminoAcid: M =&gt; 28
  input in matrix: state: C currentWindowPosition: 16 currentAminoAcid: M =&gt; 32
Process line: N	70	77	65	78	61	61	78	87	0	83	77	66	71	77	64	74	73
 data line!
  input in matrix: state: C currentWindowPosition: 0 currentAminoAcid: N =&gt; 70
  input in matrix: state: C currentWindowPosition: 1 currentAminoAcid: N =&gt; 77
  input in matrix: state: C currentWindowPosition: 2 currentAminoAcid: N =&gt; 65
  input in matrix: state: C currentWindowPosition: 3 currentAminoAcid: N =&gt; 78
  input in matrix: state: C currentWindowPosition: 4 currentAminoAcid: N =&gt; 61
  input in matrix: state: C currentWindowPosition: 5 currentAminoAcid: N =&gt; 61
  input in matrix: state: C currentWindowPosition: 6 currentAminoAcid: N =&gt; 78
  input in matrix: state: C currentWindowPosition: 7 currentAminoAcid: N =&gt; 87
  input in matrix: state: C currentWindowPosition: 8 currentAminoAcid: N =&gt; 0
  input in matrix: state: C currentWindowPosition: 9 currentAminoAcid: N =&gt; 83
  input in matrix: state: C currentWindowPosition: 10 currentAminoAcid: N =&gt; 77
  input in matrix: state: C currentWindowPosition: 11 currentAminoAcid: N =&gt; 66
  input in matrix: state: C currentWindowPosition: 12 currentAminoAcid: N =&gt; 71
  input in matrix: state: C currentWindowPosition: 13 currentAminoAcid: N =&gt; 77
  input in matrix: state: C currentWindowPosition: 14 currentAminoAcid: N =&gt; 64
  input in matrix: state: C currentWindowPosition: 15 currentAminoAcid: N =&gt; 74
  input in matrix: state: C currentWindowPosition: 16 currentAminoAcid: N =&gt; 73
Process line: P	66	58	73	75	72	84	100	116	0	163	108	119	73	73	69	71	75
 data line!
  input in matrix: state: C currentWindowPosition: 0 currentAminoAcid: P =&gt; 66
  input in matrix: state: C currentWindowPosition: 1 currentAminoAcid: P =&gt; 58
  input in matrix: state: C currentWindowPosition: 2 currentAminoAcid: P =&gt; 73
  input in matrix: state: C currentWindowPosition: 3 currentAminoAcid: P =&gt; 75
  input in matrix: state: C currentWindowPosition: 4 currentAminoAcid: P =&gt; 72
  input in matrix: state: C currentWindowPosition: 5 currentAminoAcid: P =&gt; 84
  input in matrix: state: C currentWindowPosition: 6 currentAminoAcid: P =&gt; 100
  input in matrix: state: C currentWindowPosition: 7 currentAminoAcid: P =&gt; 116
  input in matrix: state: C currentWindowPosition: 8 currentAminoAcid: P =&gt; 0
  input in matrix: state: C currentWindowPosition: 9 currentAminoAcid: P =&gt; 163
  input in matrix: state: C currentWindowPosition: 10 currentAminoAcid: P =&gt; 108
  input in matrix: state: C currentWindowPosition: 11 currentAminoAcid: P =&gt; 119
  input in matrix: state: C currentWindowPosition: 12 currentAminoAcid: P =&gt; 73
  input in matrix: state: C currentWindowPosition: 13 currentAminoAcid: P =&gt; 73
  input in matrix: state: C currentWindowPosition: 14 currentAminoAcid: P =&gt; 69
  input in matrix: state: C currentWindowPosition: 15 currentAminoAcid: P =&gt; 71
  input in matrix: state: C currentWindowPosition: 16 currentAminoAcid: P =&gt; 75
Process line: Q	50	43	54	50	55	53	53	46	0	42	56	47	56	50	38	44	64
 data line!
  input in matrix: state: C currentWindowPosition: 0 currentAminoAcid: Q =&gt; 50
  input in matrix: state: C currentWindowPosition: 1 currentAminoAcid: Q =&gt; 43
  input in matrix: state: C currentWindowPosition: 2 currentAminoAcid: Q =&gt; 54
  input in matrix: state: C currentWindowPosition: 3 currentAminoAcid: Q =&gt; 50
  input in matrix: state: C currentWindowPosition: 4 currentAminoAcid: Q =&gt; 55
  input in matrix: state: C currentWindowPosition: 5 currentAminoAcid: Q =&gt; 53
  input in matrix: state: C currentWindowPosition: 6 currentAminoAcid: Q =&gt; 53
  input in matrix: state: C currentWindowPosition: 7 currentAminoAcid: Q =&gt; 46
  input in matrix: state: C currentWindowPosition: 8 currentAminoAcid: Q =&gt; 0
  input in matrix: state: C currentWindowPosition: 9 currentAminoAcid: Q =&gt; 42
  input in matrix: state: C currentWindowPosition: 10 currentAminoAcid: Q =&gt; 56
  input in matrix: state: C currentWindowPosition: 11 currentAminoAcid: Q =&gt; 47
  input in matrix: state: C currentWindowPosition: 12 currentAminoAcid: Q =&gt; 56
  input in matrix: state: C currentWindowPosition: 13 currentAminoAcid: Q =&gt; 50
  input in matrix: state: C currentWindowPosition: 14 currentAminoAcid: Q =&gt; 38
  input in matrix: state: C currentWindowPosition: 15 currentAminoAcid: Q =&gt; 44
  input in matrix: state: C currentWindowPosition: 16 currentAminoAcid: Q =&gt; 64
Process line: R	65	67	61	56	68	59	63	62	0	55	65	48	59	64	75	57	50
 data line!
  input in matrix: state: C currentWindowPosition: 0 currentAminoAcid: R =&gt; 65
  input in matrix: state: C currentWindowPosition: 1 currentAminoAcid: R =&gt; 67
  input in matrix: state: C currentWindowPosition: 2 currentAminoAcid: R =&gt; 61
  input in matrix: state: C currentWindowPosition: 3 currentAminoAcid: R =&gt; 56
  input in matrix: state: C currentWindowPosition: 4 currentAminoAcid: R =&gt; 68
  input in matrix: state: C currentWindowPosition: 5 currentAminoAcid: R =&gt; 59
  input in matrix: state: C currentWindowPosition: 6 currentAminoAcid: R =&gt; 63
  input in matrix: state: C currentWindowPosition: 7 currentAminoAcid: R =&gt; 62
  input in matrix: state: C currentWindowPosition: 8 currentAminoAcid: R =&gt; 0
  input in matrix: state: C currentWindowPosition: 9 currentAminoAcid: R =&gt; 55
  input in matrix: state: C currentWindowPosition: 10 currentAminoAcid: R =&gt; 65
  input in matrix: state: C currentWindowPosition: 11 currentAminoAcid: R =&gt; 48
  input in matrix: state: C currentWindowPosition: 12 currentAminoAcid: R =&gt; 59
  input in matrix: state: C currentWindowPosition: 13 currentAminoAcid: R =&gt; 64
  input in matrix: state: C currentWindowPosition: 14 currentAminoAcid: R =&gt; 75
  input in matrix: state: C currentWindowPosition: 15 currentAminoAcid: R =&gt; 57
  input in matrix: state: C currentWindowPosition: 16 currentAminoAcid: R =&gt; 50
Process line: S	100	71	81	82	101	108	98	89	0	101	95	107	89	85	85	87	84
 data line!
  input in matrix: state: C currentWindowPosition: 0 currentAminoAcid: S =&gt; 100
  input in matrix: state: C currentWindowPosition: 1 currentAminoAcid: S =&gt; 71
  input in matrix: state: C currentWindowPosition: 2 currentAminoAcid: S =&gt; 81
  input in matrix: state: C currentWindowPosition: 3 currentAminoAcid: S =&gt; 82
  input in matrix: state: C currentWindowPosition: 4 currentAminoAcid: S =&gt; 101
  input in matrix: state: C currentWindowPosition: 5 currentAminoAcid: S =&gt; 108
  input in matrix: state: C currentWindowPosition: 6 currentAminoAcid: S =&gt; 98
  input in matrix: state: C currentWindowPosition: 7 currentAminoAcid: S =&gt; 89
  input in matrix: state: C currentWindowPosition: 8 currentAminoAcid: S =&gt; 0
  input in matrix: state: C currentWindowPosition: 9 currentAminoAcid: S =&gt; 101
  input in matrix: state: C currentWindowPosition: 10 currentAminoAcid: S =&gt; 95
  input in matrix: state: C currentWindowPosition: 11 currentAminoAcid: S =&gt; 107
  input in matrix: state: C currentWindowPosition: 12 currentAminoAcid: S =&gt; 89
  input in matrix: state: C currentWindowPosition: 13 currentAminoAcid: S =&gt; 85
  input in matrix: state: C currentWindowPosition: 14 currentAminoAcid: S =&gt; 85
  input in matrix: state: C currentWindowPosition: 15 currentAminoAcid: S =&gt; 87
  input in matrix: state: C currentWindowPosition: 16 currentAminoAcid: S =&gt; 84
Process line: T	87	88	77	73	74	78	91	79	0	94	85	96	91	105	85	81	74
 data line!
  input in matrix: state: C currentWindowPosition: 0 currentAminoAcid: T =&gt; 87
  input in matrix: state: C currentWindowPosition: 1 currentAminoAcid: T =&gt; 88
  input in matrix: state: C currentWindowPosition: 2 currentAminoAcid: T =&gt; 77
  input in matrix: state: C currentWindowPosition: 3 currentAminoAcid: T =&gt; 73
  input in matrix: state: C currentWindowPosition: 4 currentAminoAcid: T =&gt; 74
  input in matrix: state: C currentWindowPosition: 5 currentAminoAcid: T =&gt; 78
  input in matrix: state: C currentWindowPosition: 6 currentAminoAcid: T =&gt; 91
  input in matrix: state: C currentWindowPosition: 7 currentAminoAcid: T =&gt; 79
  input in matrix: state: C currentWindowPosition: 8 currentAminoAcid: T =&gt; 0
  input in matrix: state: C currentWindowPosition: 9 currentAminoAcid: T =&gt; 94
  input in matrix: state: C currentWindowPosition: 10 currentAminoAcid: T =&gt; 85
  input in matrix: state: C currentWindowPosition: 11 currentAminoAcid: T =&gt; 96
  input in matrix: state: C currentWindowPosition: 12 currentAminoAcid: T =&gt; 91
  input in matrix: state: C currentWindowPosition: 13 currentAminoAcid: T =&gt; 105
  input in matrix: state: C currentWindowPosition: 14 currentAminoAcid: T =&gt; 85
  input in matrix: state: C currentWindowPosition: 15 currentAminoAcid: T =&gt; 81
  input in matrix: state: C currentWindowPosition: 16 currentAminoAcid: T =&gt; 74
Process line: V	110	105	107	102	83	89	77	59	1399	48	98	91	99	95	118	91	100
 data line!
  input in matrix: state: C currentWindowPosition: 0 currentAminoAcid: V =&gt; 110
  input in matrix: state: C currentWindowPosition: 1 currentAminoAcid: V =&gt; 105
  input in matrix: state: C currentWindowPosition: 2 currentAminoAcid: V =&gt; 107
  input in matrix: state: C currentWindowPosition: 3 currentAminoAcid: V =&gt; 102
  input in matrix: state: C currentWindowPosition: 4 currentAminoAcid: V =&gt; 83
  input in matrix: state: C currentWindowPosition: 5 currentAminoAcid: V =&gt; 89
  input in matrix: state: C currentWindowPosition: 6 currentAminoAcid: V =&gt; 77
  input in matrix: state: C currentWindowPosition: 7 currentAminoAcid: V =&gt; 59
  input in matrix: state: C currentWindowPosition: 8 currentAminoAcid: V =&gt; 1399
  input in matrix: state: C currentWindowPosition: 9 currentAminoAcid: V =&gt; 48
  input in matrix: state: C currentWindowPosition: 10 currentAminoAcid: V =&gt; 98
  input in matrix: state: C currentWindowPosition: 11 currentAminoAcid: V =&gt; 91
  input in matrix: state: C currentWindowPosition: 12 currentAminoAcid: V =&gt; 99
  input in matrix: state: C currentWindowPosition: 13 currentAminoAcid: V =&gt; 95
  input in matrix: state: C currentWindowPosition: 14 currentAminoAcid: V =&gt; 118
  input in matrix: state: C currentWindowPosition: 15 currentAminoAcid: V =&gt; 91
  input in matrix: state: C currentWindowPosition: 16 currentAminoAcid: V =&gt; 100
Process line: W	17	22	19	20	20	20	13	17	0	11	13	26	23	26	25	19	21
 data line!
  input in matrix: state: C currentWindowPosition: 0 currentAminoAcid: W =&gt; 17
  input in matrix: state: C currentWindowPosition: 1 currentAminoAcid: W =&gt; 22
  input in matrix: state: C currentWindowPosition: 2 currentAminoAcid: W =&gt; 19
  input in matrix: state: C currentWindowPosition: 3 currentAminoAcid: W =&gt; 20
  input in matrix: state: C currentWindowPosition: 4 currentAminoAcid: W =&gt; 20
  input in matrix: state: C currentWindowPosition: 5 currentAminoAcid: W =&gt; 20
  input in matrix: state: C currentWindowPosition: 6 currentAminoAcid: W =&gt; 13
  input in matrix: state: C currentWindowPosition: 7 currentAminoAcid: W =&gt; 17
  input in matrix: state: C currentWindowPosition: 8 currentAminoAcid: W =&gt; 0
  input in matrix: state: C currentWindowPosition: 9 currentAminoAcid: W =&gt; 11
  input in matrix: state: C currentWindowPosition: 10 currentAminoAcid: W =&gt; 13
  input in matrix: state: C currentWindowPosition: 11 currentAminoAcid: W =&gt; 26
  input in matrix: state: C currentWindowPosition: 12 currentAminoAcid: W =&gt; 23
  input in matrix: state: C currentWindowPosition: 13 currentAminoAcid: W =&gt; 26
  input in matrix: state: C currentWindowPosition: 14 currentAminoAcid: W =&gt; 25
  input in matrix: state: C currentWindowPosition: 15 currentAminoAcid: W =&gt; 19
  input in matrix: state: C currentWindowPosition: 16 currentAminoAcid: W =&gt; 21
Process line: Y	41	50	67	49	58	48	44	35	0	28	35	39	53	49	58	43	51
 data line!
  input in matrix: state: C currentWindowPosition: 0 currentAminoAcid: Y =&gt; 41
  input in matrix: state: C currentWindowPosition: 1 currentAminoAcid: Y =&gt; 50
  input in matrix: state: C currentWindowPosition: 2 currentAminoAcid: Y =&gt; 67
  input in matrix: state: C currentWindowPosition: 3 currentAminoAcid: Y =&gt; 49
  input in matrix: state: C currentWindowPosition: 4 currentAminoAcid: Y =&gt; 58
  input in matrix: state: C currentWindowPosition: 5 currentAminoAcid: Y =&gt; 48
  input in matrix: state: C currentWindowPosition: 6 currentAminoAcid: Y =&gt; 44
  input in matrix: state: C currentWindowPosition: 7 currentAminoAcid: Y =&gt; 35
  input in matrix: state: C currentWindowPosition: 8 currentAminoAcid: Y =&gt; 0
  input in matrix: state: C currentWindowPosition: 9 currentAminoAcid: Y =&gt; 28
  input in matrix: state: C currentWindowPosition: 10 currentAminoAcid: Y =&gt; 35
  input in matrix: state: C currentWindowPosition: 11 currentAminoAcid: Y =&gt; 39
  input in matrix: state: C currentWindowPosition: 12 currentAminoAcid: Y =&gt; 53
  input in matrix: state: C currentWindowPosition: 13 currentAminoAcid: Y =&gt; 49
  input in matrix: state: C currentWindowPosition: 14 currentAminoAcid: Y =&gt; 58
  input in matrix: state: C currentWindowPosition: 15 currentAminoAcid: Y =&gt; 43
  input in matrix: state: C currentWindowPosition: 16 currentAminoAcid: Y =&gt; 51
Process line: 
 Skip line!
Process line: 
 Skip line!
Process line: =V,E=
 state line! (now in state: E)
Process line: 
 Skip line!
Process line: A	216	189	192	189	158	152	142	138	0	154	174	158	172	156	177	134	176
 data line!
  input in matrix: state: E currentWindowPosition: 0 currentAminoAcid: A =&gt; 216
  input in matrix: state: E currentWindowPosition: 1 currentAminoAcid: A =&gt; 189
  input in matrix: state: E currentWindowPosition: 2 currentAminoAcid: A =&gt; 192
  input in matrix: state: E currentWindowPosition: 3 currentAminoAcid: A =&gt; 189
  input in matrix: state: E currentWindowPosition: 4 currentAminoAcid: A =&gt; 158
  input in matrix: state: E currentWindowPosition: 5 currentAminoAcid: A =&gt; 152
  input in matrix: state: E currentWindowPosition: 6 currentAminoAcid: A =&gt; 142
  input in matrix: state: E currentWindowPosition: 7 currentAminoAcid: A =&gt; 138
  input in matrix: state: E currentWindowPosition: 8 currentAminoAcid: A =&gt; 0
  input in matrix: state: E currentWindowPosition: 9 currentAminoAcid: A =&gt; 154
  input in matrix: state: E currentWindowPosition: 10 currentAminoAcid: A =&gt; 174
  input in matrix: state: E currentWindowPosition: 11 currentAminoAcid: A =&gt; 158
  input in matrix: state: E currentWindowPosition: 12 currentAminoAcid: A =&gt; 172
  input in matrix: state: E currentWindowPosition: 13 currentAminoAcid: A =&gt; 156
  input in matrix: state: E currentWindowPosition: 14 currentAminoAcid: A =&gt; 177
  input in matrix: state: E currentWindowPosition: 15 currentAminoAcid: A =&gt; 134
  input in matrix: state: E currentWindowPosition: 16 currentAminoAcid: A =&gt; 176
Process line: C	44	43	23	37	29	31	32	33	0	33	44	36	37	39	38	28	26
 data line!
  input in matrix: state: E currentWindowPosition: 0 currentAminoAcid: C =&gt; 44
  input in matrix: state: E currentWindowPosition: 1 currentAminoAcid: C =&gt; 43
  input in matrix: state: E currentWindowPosition: 2 currentAminoAcid: C =&gt; 23
  input in matrix: state: E currentWindowPosition: 3 currentAminoAcid: C =&gt; 37
  input in matrix: state: E currentWindowPosition: 4 currentAminoAcid: C =&gt; 29
  input in matrix: state: E currentWindowPosition: 5 currentAminoAcid: C =&gt; 31
  input in matrix: state: E currentWindowPosition: 6 currentAminoAcid: C =&gt; 32
  input in matrix: state: E currentWindowPosition: 7 currentAminoAcid: C =&gt; 33
  input in matrix: state: E currentWindowPosition: 8 currentAminoAcid: C =&gt; 0
  input in matrix: state: E currentWindowPosition: 9 currentAminoAcid: C =&gt; 33
  input in matrix: state: E currentWindowPosition: 10 currentAminoAcid: C =&gt; 44
  input in matrix: state: E currentWindowPosition: 11 currentAminoAcid: C =&gt; 36
  input in matrix: state: E currentWindowPosition: 12 currentAminoAcid: C =&gt; 37
  input in matrix: state: E currentWindowPosition: 13 currentAminoAcid: C =&gt; 39
  input in matrix: state: E currentWindowPosition: 14 currentAminoAcid: C =&gt; 38
  input in matrix: state: E currentWindowPosition: 15 currentAminoAcid: C =&gt; 28
  input in matrix: state: E currentWindowPosition: 16 currentAminoAcid: C =&gt; 26
Process line: D	120	133	152	138	150	132	130	88	0	94	114	155	179	155	157	154	127
 data line!
  input in matrix: state: E currentWindowPosition: 0 currentAminoAcid: D =&gt; 120
  input in matrix: state: E currentWindowPosition: 1 currentAminoAcid: D =&gt; 133
  input in matrix: state: E currentWindowPosition: 2 currentAminoAcid: D =&gt; 152
  input in matrix: state: E currentWindowPosition: 3 currentAminoAcid: D =&gt; 138
  input in matrix: state: E currentWindowPosition: 4 currentAminoAcid: D =&gt; 150
  input in matrix: state: E currentWindowPosition: 5 currentAminoAcid: D =&gt; 132
  input in matrix: state: E currentWindowPosition: 6 currentAminoAcid: D =&gt; 130
  input in matrix: state: E currentWindowPosition: 7 currentAminoAcid: D =&gt; 88
  input in matrix: state: E currentWindowPosition: 8 currentAminoAcid: D =&gt; 0
  input in matrix: state: E currentWindowPosition: 9 currentAminoAcid: D =&gt; 94
  input in matrix: state: E currentWindowPosition: 10 currentAminoAcid: D =&gt; 114
  input in matrix: state: E currentWindowPosition: 11 currentAminoAcid: D =&gt; 155
  input in matrix: state: E currentWindowPosition: 12 currentAminoAcid: D =&gt; 179
  input in matrix: state: E currentWindowPosition: 13 currentAminoAcid: D =&gt; 155
  input in matrix: state: E currentWindowPosition: 14 currentAminoAcid: D =&gt; 157
  input in matrix: state: E currentWindowPosition: 15 currentAminoAcid: D =&gt; 154
  input in matrix: state: E currentWindowPosition: 16 currentAminoAcid: D =&gt; 127
Process line: E	112	146	125	123	126	113	101	101	0	109	103	124	120	134	126	146	118
 data line!
  input in matrix: state: E currentWindowPosition: 0 currentAminoAcid: E =&gt; 112
  input in matrix: state: E currentWindowPosition: 1 currentAminoAcid: E =&gt; 146
  input in matrix: state: E currentWindowPosition: 2 currentAminoAcid: E =&gt; 125
  input in matrix: state: E currentWindowPosition: 3 currentAminoAcid: E =&gt; 123
  input in matrix: state: E currentWindowPosition: 4 currentAminoAcid: E =&gt; 126
  input in matrix: state: E currentWindowPosition: 5 currentAminoAcid: E =&gt; 113
  input in matrix: state: E currentWindowPosition: 6 currentAminoAcid: E =&gt; 101
  input in matrix: state: E currentWindowPosition: 7 currentAminoAcid: E =&gt; 101
  input in matrix: state: E currentWindowPosition: 8 currentAminoAcid: E =&gt; 0
  input in matrix: state: E currentWindowPosition: 9 currentAminoAcid: E =&gt; 109
  input in matrix: state: E currentWindowPosition: 10 currentAminoAcid: E =&gt; 103
  input in matrix: state: E currentWindowPosition: 11 currentAminoAcid: E =&gt; 124
  input in matrix: state: E currentWindowPosition: 12 currentAminoAcid: E =&gt; 120
  input in matrix: state: E currentWindowPosition: 13 currentAminoAcid: E =&gt; 134
  input in matrix: state: E currentWindowPosition: 14 currentAminoAcid: E =&gt; 126
  input in matrix: state: E currentWindowPosition: 15 currentAminoAcid: E =&gt; 146
  input in matrix: state: E currentWindowPosition: 16 currentAminoAcid: E =&gt; 118
Process line: F	62	81	61	66	53	69	94	93	0	114	113	83	77	68	75	59	91
 data line!
  input in matrix: state: E currentWindowPosition: 0 currentAminoAcid: F =&gt; 62
  input in matrix: state: E currentWindowPosition: 1 currentAminoAcid: F =&gt; 81
  input in matrix: state: E currentWindowPosition: 2 currentAminoAcid: F =&gt; 61
  input in matrix: state: E currentWindowPosition: 3 currentAminoAcid: F =&gt; 66
  input in matrix: state: E currentWindowPosition: 4 currentAminoAcid: F =&gt; 53
  input in matrix: state: E currentWindowPosition: 5 currentAminoAcid: F =&gt; 69
  input in matrix: state: E currentWindowPosition: 6 currentAminoAcid: F =&gt; 94
  input in matrix: state: E currentWindowPosition: 7 currentAminoAcid: F =&gt; 93
  input in matrix: state: E currentWindowPosition: 8 currentAminoAcid: F =&gt; 0
  input in matrix: state: E currentWindowPosition: 9 currentAminoAcid: F =&gt; 114
  input in matrix: state: E currentWindowPosition: 10 currentAminoAcid: F =&gt; 113
  input in matrix: state: E currentWindowPosition: 11 currentAminoAcid: F =&gt; 83
  input in matrix: state: E currentWindowPosition: 12 currentAminoAcid: F =&gt; 77
  input in matrix: state: E currentWindowPosition: 13 currentAminoAcid: F =&gt; 68
  input in matrix: state: E currentWindowPosition: 14 currentAminoAcid: F =&gt; 75
  input in matrix: state: E currentWindowPosition: 15 currentAminoAcid: F =&gt; 59
  input in matrix: state: E currentWindowPosition: 16 currentAminoAcid: F =&gt; 91
Process line: G	168	202	237	234	238	282	201	136	0	129	180	243	253	234	234	213	202
 data line!
  input in matrix: state: E currentWindowPosition: 0 currentAminoAcid: G =&gt; 168
  input in matrix: state: E currentWindowPosition: 1 currentAminoAcid: G =&gt; 202
  input in matrix: state: E currentWindowPosition: 2 currentAminoAcid: G =&gt; 237
  input in matrix: state: E currentWindowPosition: 3 currentAminoAcid: G =&gt; 234
  input in matrix: state: E currentWindowPosition: 4 currentAminoAcid: G =&gt; 238
  input in matrix: state: E currentWindowPosition: 5 currentAminoAcid: G =&gt; 282
  input in matrix: state: E currentWindowPosition: 6 currentAminoAcid: G =&gt; 201
  input in matrix: state: E currentWindowPosition: 7 currentAminoAcid: G =&gt; 136
  input in matrix: state: E currentWindowPosition: 8 currentAminoAcid: G =&gt; 0
  input in matrix: state: E currentWindowPosition: 9 currentAminoAcid: G =&gt; 129
  input in matrix: state: E currentWindowPosition: 10 currentAminoAcid: G =&gt; 180
  input in matrix: state: E currentWindowPosition: 11 currentAminoAcid: G =&gt; 243
  input in matrix: state: E currentWindowPosition: 12 currentAminoAcid: G =&gt; 253
  input in matrix: state: E currentWindowPosition: 13 currentAminoAcid: G =&gt; 234
  input in matrix: state: E currentWindowPosition: 14 currentAminoAcid: G =&gt; 234
  input in matrix: state: E currentWindowPosition: 15 currentAminoAcid: G =&gt; 213
  input in matrix: state: E currentWindowPosition: 16 currentAminoAcid: G =&gt; 202
Process line: H	47	62	65	64	47	58	51	51	0	54	45	55	54	57	46	49	52
 data line!
  input in matrix: state: E currentWindowPosition: 0 currentAminoAcid: H =&gt; 47
  input in matrix: state: E currentWindowPosition: 1 currentAminoAcid: H =&gt; 62
  input in matrix: state: E currentWindowPosition: 2 currentAminoAcid: H =&gt; 65
  input in matrix: state: E currentWindowPosition: 3 currentAminoAcid: H =&gt; 64
  input in matrix: state: E currentWindowPosition: 4 currentAminoAcid: H =&gt; 47
  input in matrix: state: E currentWindowPosition: 5 currentAminoAcid: H =&gt; 58
  input in matrix: state: E currentWindowPosition: 6 currentAminoAcid: H =&gt; 51
  input in matrix: state: E currentWindowPosition: 7 currentAminoAcid: H =&gt; 51
  input in matrix: state: E currentWindowPosition: 8 currentAminoAcid: H =&gt; 0
  input in matrix: state: E currentWindowPosition: 9 currentAminoAcid: H =&gt; 54
  input in matrix: state: E currentWindowPosition: 10 currentAminoAcid: H =&gt; 45
  input in matrix: state: E currentWindowPosition: 11 currentAminoAcid: H =&gt; 55
  input in matrix: state: E currentWindowPosition: 12 currentAminoAcid: H =&gt; 54
  input in matrix: state: E currentWindowPosition: 13 currentAminoAcid: H =&gt; 57
  input in matrix: state: E currentWindowPosition: 14 currentAminoAcid: H =&gt; 46
  input in matrix: state: E currentWindowPosition: 15 currentAminoAcid: H =&gt; 49
  input in matrix: state: E currentWindowPosition: 16 currentAminoAcid: H =&gt; 52
Process line: I	104	107	101	105	95	115	156	136	0	167	139	118	78	78	77	111	99
 data line!
  input in matrix: state: E currentWindowPosition: 0 currentAminoAcid: I =&gt; 104
  input in matrix: state: E currentWindowPosition: 1 currentAminoAcid: I =&gt; 107
  input in matrix: state: E currentWindowPosition: 2 currentAminoAcid: I =&gt; 101
  input in matrix: state: E currentWindowPosition: 3 currentAminoAcid: I =&gt; 105
  input in matrix: state: E currentWindowPosition: 4 currentAminoAcid: I =&gt; 95
  input in matrix: state: E currentWindowPosition: 5 currentAminoAcid: I =&gt; 115
  input in matrix: state: E currentWindowPosition: 6 currentAminoAcid: I =&gt; 156
  input in matrix: state: E currentWindowPosition: 7 currentAminoAcid: I =&gt; 136
  input in matrix: state: E currentWindowPosition: 8 currentAminoAcid: I =&gt; 0
  input in matrix: state: E currentWindowPosition: 9 currentAminoAcid: I =&gt; 167
  input in matrix: state: E currentWindowPosition: 10 currentAminoAcid: I =&gt; 139
  input in matrix: state: E currentWindowPosition: 11 currentAminoAcid: I =&gt; 118
  input in matrix: state: E currentWindowPosition: 12 currentAminoAcid: I =&gt; 78
  input in matrix: state: E currentWindowPosition: 13 currentAminoAcid: I =&gt; 78
  input in matrix: state: E currentWindowPosition: 14 currentAminoAcid: I =&gt; 77
  input in matrix: state: E currentWindowPosition: 15 currentAminoAcid: I =&gt; 111
  input in matrix: state: E currentWindowPosition: 16 currentAminoAcid: I =&gt; 99
Process line: K	156	174	142	156	164	126	137	163	0	119	89	98	122	108	130	112	118
 data line!
  input in matrix: state: E currentWindowPosition: 0 currentAminoAcid: K =&gt; 156
  input in matrix: state: E currentWindowPosition: 1 currentAminoAcid: K =&gt; 174
  input in matrix: state: E currentWindowPosition: 2 currentAminoAcid: K =&gt; 142
  input in matrix: state: E currentWindowPosition: 3 currentAminoAcid: K =&gt; 156
  input in matrix: state: E currentWindowPosition: 4 currentAminoAcid: K =&gt; 164
  input in matrix: state: E currentWindowPosition: 5 currentAminoAcid: K =&gt; 126
  input in matrix: state: E currentWindowPosition: 6 currentAminoAcid: K =&gt; 137
  input in matrix: state: E currentWindowPosition: 7 currentAminoAcid: K =&gt; 163
  input in matrix: state: E currentWindowPosition: 8 currentAminoAcid: K =&gt; 0
  input in matrix: state: E currentWindowPosition: 9 currentAminoAcid: K =&gt; 119
  input in matrix: state: E currentWindowPosition: 10 currentAminoAcid: K =&gt; 89
  input in matrix: state: E currentWindowPosition: 11 currentAminoAcid: K =&gt; 98
  input in matrix: state: E currentWindowPosition: 12 currentAminoAcid: K =&gt; 122
  input in matrix: state: E currentWindowPosition: 13 currentAminoAcid: K =&gt; 108
  input in matrix: state: E currentWindowPosition: 14 currentAminoAcid: K =&gt; 130
  input in matrix: state: E currentWindowPosition: 15 currentAminoAcid: K =&gt; 112
  input in matrix: state: E currentWindowPosition: 16 currentAminoAcid: K =&gt; 118
Process line: L	176	159	152	140	131	122	171	184	0	179	197	146	123	136	140	154	153
 data line!
  input in matrix: state: E currentWindowPosition: 0 currentAminoAcid: L =&gt; 176
  input in matrix: state: E currentWindowPosition: 1 currentAminoAcid: L =&gt; 159
  input in matrix: state: E currentWindowPosition: 2 currentAminoAcid: L =&gt; 152
  input in matrix: state: E currentWindowPosition: 3 currentAminoAcid: L =&gt; 140
  input in matrix: state: E currentWindowPosition: 4 currentAminoAcid: L =&gt; 131
  input in matrix: state: E currentWindowPosition: 5 currentAminoAcid: L =&gt; 122
  input in matrix: state: E currentWindowPosition: 6 currentAminoAcid: L =&gt; 171
  input in matrix: state: E currentWindowPosition: 7 currentAminoAcid: L =&gt; 184
  input in matrix: state: E currentWindowPosition: 8 currentAminoAcid: L =&gt; 0
  input in matrix: state: E currentWindowPosition: 9 currentAminoAcid: L =&gt; 179
  input in matrix: state: E currentWindowPosition: 10 currentAminoAcid: L =&gt; 197
  input in matrix: state: E currentWindowPosition: 11 currentAminoAcid: L =&gt; 146
  input in matrix: state: E currentWindowPosition: 12 currentAminoAcid: L =&gt; 123
  input in matrix: state: E currentWindowPosition: 13 currentAminoAcid: L =&gt; 136
  input in matrix: state: E currentWindowPosition: 14 currentAminoAcid: L =&gt; 140
  input in matrix: state: E currentWindowPosition: 15 currentAminoAcid: L =&gt; 154
  input in matrix: state: E currentWindowPosition: 16 currentAminoAcid: L =&gt; 153
Process line: M	40	32	32	37	33	29	44	59	0	55	57	36	30	34	31	39	43
 data line!
  input in matrix: state: E currentWindowPosition: 0 currentAminoAcid: M =&gt; 40
  input in matrix: state: E currentWindowPosition: 1 currentAminoAcid: M =&gt; 32
  input in matrix: state: E currentWindowPosition: 2 currentAminoAcid: M =&gt; 32
  input in matrix: state: E currentWindowPosition: 3 currentAminoAcid: M =&gt; 37
  input in matrix: state: E currentWindowPosition: 4 currentAminoAcid: M =&gt; 33
  input in matrix: state: E currentWindowPosition: 5 currentAminoAcid: M =&gt; 29
  input in matrix: state: E currentWindowPosition: 6 currentAminoAcid: M =&gt; 44
  input in matrix: state: E currentWindowPosition: 7 currentAminoAcid: M =&gt; 59
  input in matrix: state: E currentWindowPosition: 8 currentAminoAcid: M =&gt; 0
  input in matrix: state: E currentWindowPosition: 9 currentAminoAcid: M =&gt; 55
  input in matrix: state: E currentWindowPosition: 10 currentAminoAcid: M =&gt; 57
  input in matrix: state: E currentWindowPosition: 11 currentAminoAcid: M =&gt; 36
  input in matrix: state: E currentWindowPosition: 12 currentAminoAcid: M =&gt; 30
  input in matrix: state: E currentWindowPosition: 13 currentAminoAcid: M =&gt; 34
  input in matrix: state: E currentWindowPosition: 14 currentAminoAcid: M =&gt; 31
  input in matrix: state: E currentWindowPosition: 15 currentAminoAcid: M =&gt; 39
  input in matrix: state: E currentWindowPosition: 16 currentAminoAcid: M =&gt; 43
Process line: N	110	86	128	123	115	118	96	68	0	92	116	121	142	142	102	125	118
 data line!
  input in matrix: state: E currentWindowPosition: 0 currentAminoAcid: N =&gt; 110
  input in matrix: state: E currentWindowPosition: 1 currentAminoAcid: N =&gt; 86
  input in matrix: state: E currentWindowPosition: 2 currentAminoAcid: N =&gt; 128
  input in matrix: state: E currentWindowPosition: 3 currentAminoAcid: N =&gt; 123
  input in matrix: state: E currentWindowPosition: 4 currentAminoAcid: N =&gt; 115
  input in matrix: state: E currentWindowPosition: 5 currentAminoAcid: N =&gt; 118
  input in matrix: state: E currentWindowPosition: 6 currentAminoAcid: N =&gt; 96
  input in matrix: state: E currentWindowPosition: 7 currentAminoAcid: N =&gt; 68
  input in matrix: state: E currentWindowPosition: 8 currentAminoAcid: N =&gt; 0
  input in matrix: state: E currentWindowPosition: 9 currentAminoAcid: N =&gt; 92
  input in matrix: state: E currentWindowPosition: 10 currentAminoAcid: N =&gt; 116
  input in matrix: state: E currentWindowPosition: 11 currentAminoAcid: N =&gt; 121
  input in matrix: state: E currentWindowPosition: 12 currentAminoAcid: N =&gt; 142
  input in matrix: state: E currentWindowPosition: 13 currentAminoAcid: N =&gt; 142
  input in matrix: state: E currentWindowPosition: 14 currentAminoAcid: N =&gt; 102
  input in matrix: state: E currentWindowPosition: 15 currentAminoAcid: N =&gt; 125
  input in matrix: state: E currentWindowPosition: 16 currentAminoAcid: N =&gt; 118
Process line: P	107	97	121	131	130	100	92	96	0	55	89	108	125	122	112	114	124
 data line!
  input in matrix: state: E currentWindowPosition: 0 currentAminoAcid: P =&gt; 107
  input in matrix: state: E currentWindowPosition: 1 currentAminoAcid: P =&gt; 97
  input in matrix: state: E currentWindowPosition: 2 currentAminoAcid: P =&gt; 121
  input in matrix: state: E currentWindowPosition: 3 currentAminoAcid: P =&gt; 131
  input in matrix: state: E currentWindowPosition: 4 currentAminoAcid: P =&gt; 130
  input in matrix: state: E currentWindowPosition: 5 currentAminoAcid: P =&gt; 100
  input in matrix: state: E currentWindowPosition: 6 currentAminoAcid: P =&gt; 92
  input in matrix: state: E currentWindowPosition: 7 currentAminoAcid: P =&gt; 96
  input in matrix: state: E currentWindowPosition: 8 currentAminoAcid: P =&gt; 0
  input in matrix: state: E currentWindowPosition: 9 currentAminoAcid: P =&gt; 55
  input in matrix: state: E currentWindowPosition: 10 currentAminoAcid: P =&gt; 89
  input in matrix: state: E currentWindowPosition: 11 currentAminoAcid: P =&gt; 108
  input in matrix: state: E currentWindowPosition: 12 currentAminoAcid: P =&gt; 125
  input in matrix: state: E currentWindowPosition: 13 currentAminoAcid: P =&gt; 122
  input in matrix: state: E currentWindowPosition: 14 currentAminoAcid: P =&gt; 112
  input in matrix: state: E currentWindowPosition: 15 currentAminoAcid: P =&gt; 114
  input in matrix: state: E currentWindowPosition: 16 currentAminoAcid: P =&gt; 124
Process line: Q	78	73	77	66	85	78	60	72	0	63	48	59	78	76	66	72	87
 data line!
  input in matrix: state: E currentWindowPosition: 0 currentAminoAcid: Q =&gt; 78
  input in matrix: state: E currentWindowPosition: 1 currentAminoAcid: Q =&gt; 73
  input in matrix: state: E currentWindowPosition: 2 currentAminoAcid: Q =&gt; 77
  input in matrix: state: E currentWindowPosition: 3 currentAminoAcid: Q =&gt; 66
  input in matrix: state: E currentWindowPosition: 4 currentAminoAcid: Q =&gt; 85
  input in matrix: state: E currentWindowPosition: 5 currentAminoAcid: Q =&gt; 78
  input in matrix: state: E currentWindowPosition: 6 currentAminoAcid: Q =&gt; 60
  input in matrix: state: E currentWindowPosition: 7 currentAminoAcid: Q =&gt; 72
  input in matrix: state: E currentWindowPosition: 8 currentAminoAcid: Q =&gt; 0
  input in matrix: state: E currentWindowPosition: 9 currentAminoAcid: Q =&gt; 63
  input in matrix: state: E currentWindowPosition: 10 currentAminoAcid: Q =&gt; 48
  input in matrix: state: E currentWindowPosition: 11 currentAminoAcid: Q =&gt; 59
  input in matrix: state: E currentWindowPosition: 12 currentAminoAcid: Q =&gt; 78
  input in matrix: state: E currentWindowPosition: 13 currentAminoAcid: Q =&gt; 76
  input in matrix: state: E currentWindowPosition: 14 currentAminoAcid: Q =&gt; 66
  input in matrix: state: E currentWindowPosition: 15 currentAminoAcid: Q =&gt; 72
  input in matrix: state: E currentWindowPosition: 16 currentAminoAcid: Q =&gt; 87
Process line: R	105	99	92	92	114	98	91	103	0	97	78	65	73	91	98	104	89
 data line!
  input in matrix: state: E currentWindowPosition: 0 currentAminoAcid: R =&gt; 105
  input in matrix: state: E currentWindowPosition: 1 currentAminoAcid: R =&gt; 99
  input in matrix: state: E currentWindowPosition: 2 currentAminoAcid: R =&gt; 92
  input in matrix: state: E currentWindowPosition: 3 currentAminoAcid: R =&gt; 92
  input in matrix: state: E currentWindowPosition: 4 currentAminoAcid: R =&gt; 114
  input in matrix: state: E currentWindowPosition: 5 currentAminoAcid: R =&gt; 98
  input in matrix: state: E currentWindowPosition: 6 currentAminoAcid: R =&gt; 91
  input in matrix: state: E currentWindowPosition: 7 currentAminoAcid: R =&gt; 103
  input in matrix: state: E currentWindowPosition: 8 currentAminoAcid: R =&gt; 0
  input in matrix: state: E currentWindowPosition: 9 currentAminoAcid: R =&gt; 97
  input in matrix: state: E currentWindowPosition: 10 currentAminoAcid: R =&gt; 78
  input in matrix: state: E currentWindowPosition: 11 currentAminoAcid: R =&gt; 65
  input in matrix: state: E currentWindowPosition: 12 currentAminoAcid: R =&gt; 73
  input in matrix: state: E currentWindowPosition: 13 currentAminoAcid: R =&gt; 91
  input in matrix: state: E currentWindowPosition: 14 currentAminoAcid: R =&gt; 98
  input in matrix: state: E currentWindowPosition: 15 currentAminoAcid: R =&gt; 104
  input in matrix: state: E currentWindowPosition: 16 currentAminoAcid: R =&gt; 89
Process line: S	147	127	138	130	158	124	100	134	0	142	153	163	177	165	144	157	154
 data line!
  input in matrix: state: E currentWindowPosition: 0 currentAminoAcid: S =&gt; 147
  input in matrix: state: E currentWindowPosition: 1 currentAminoAcid: S =&gt; 127
  input in matrix: state: E currentWindowPosition: 2 currentAminoAcid: S =&gt; 138
  input in matrix: state: E currentWindowPosition: 3 currentAminoAcid: S =&gt; 130
  input in matrix: state: E currentWindowPosition: 4 currentAminoAcid: S =&gt; 158
  input in matrix: state: E currentWindowPosition: 5 currentAminoAcid: S =&gt; 124
  input in matrix: state: E currentWindowPosition: 6 currentAminoAcid: S =&gt; 100
  input in matrix: state: E currentWindowPosition: 7 currentAminoAcid: S =&gt; 134
  input in matrix: state: E currentWindowPosition: 8 currentAminoAcid: S =&gt; 0
  input in matrix: state: E currentWindowPosition: 9 currentAminoAcid: S =&gt; 142
  input in matrix: state: E currentWindowPosition: 10 currentAminoAcid: S =&gt; 153
  input in matrix: state: E currentWindowPosition: 11 currentAminoAcid: S =&gt; 163
  input in matrix: state: E currentWindowPosition: 12 currentAminoAcid: S =&gt; 177
  input in matrix: state: E currentWindowPosition: 13 currentAminoAcid: S =&gt; 165
  input in matrix: state: E currentWindowPosition: 14 currentAminoAcid: S =&gt; 144
  input in matrix: state: E currentWindowPosition: 15 currentAminoAcid: S =&gt; 157
  input in matrix: state: E currentWindowPosition: 16 currentAminoAcid: S =&gt; 154
Process line: T	132	136	120	141	141	150	141	163	0	164	125	145	124	152	171	163	149
 data line!
  input in matrix: state: E currentWindowPosition: 0 currentAminoAcid: T =&gt; 132
  input in matrix: state: E currentWindowPosition: 1 currentAminoAcid: T =&gt; 136
  input in matrix: state: E currentWindowPosition: 2 currentAminoAcid: T =&gt; 120
  input in matrix: state: E currentWindowPosition: 3 currentAminoAcid: T =&gt; 141
  input in matrix: state: E currentWindowPosition: 4 currentAminoAcid: T =&gt; 141
  input in matrix: state: E currentWindowPosition: 5 currentAminoAcid: T =&gt; 150
  input in matrix: state: E currentWindowPosition: 6 currentAminoAcid: T =&gt; 141
  input in matrix: state: E currentWindowPosition: 7 currentAminoAcid: T =&gt; 163
  input in matrix: state: E currentWindowPosition: 8 currentAminoAcid: T =&gt; 0
  input in matrix: state: E currentWindowPosition: 9 currentAminoAcid: T =&gt; 164
  input in matrix: state: E currentWindowPosition: 10 currentAminoAcid: T =&gt; 125
  input in matrix: state: E currentWindowPosition: 11 currentAminoAcid: T =&gt; 145
  input in matrix: state: E currentWindowPosition: 12 currentAminoAcid: T =&gt; 124
  input in matrix: state: E currentWindowPosition: 13 currentAminoAcid: T =&gt; 152
  input in matrix: state: E currentWindowPosition: 14 currentAminoAcid: T =&gt; 171
  input in matrix: state: E currentWindowPosition: 15 currentAminoAcid: T =&gt; 163
  input in matrix: state: E currentWindowPosition: 16 currentAminoAcid: T =&gt; 149
Process line: V	152	127	144	108	133	179	229	233	2184	240	213	170	127	127	144	146	149
 data line!
  input in matrix: state: E currentWindowPosition: 0 currentAminoAcid: V =&gt; 152
  input in matrix: state: E currentWindowPosition: 1 currentAminoAcid: V =&gt; 127
  input in matrix: state: E currentWindowPosition: 2 currentAminoAcid: V =&gt; 144
  input in matrix: state: E currentWindowPosition: 3 currentAminoAcid: V =&gt; 108
  input in matrix: state: E currentWindowPosition: 4 currentAminoAcid: V =&gt; 133
  input in matrix: state: E currentWindowPosition: 5 currentAminoAcid: V =&gt; 179
  input in matrix: state: E currentWindowPosition: 6 currentAminoAcid: V =&gt; 229
  input in matrix: state: E currentWindowPosition: 7 currentAminoAcid: V =&gt; 233
  input in matrix: state: E currentWindowPosition: 8 currentAminoAcid: V =&gt; 2184
  input in matrix: state: E currentWindowPosition: 9 currentAminoAcid: V =&gt; 240
  input in matrix: state: E currentWindowPosition: 10 currentAminoAcid: V =&gt; 213
  input in matrix: state: E currentWindowPosition: 11 currentAminoAcid: V =&gt; 170
  input in matrix: state: E currentWindowPosition: 12 currentAminoAcid: V =&gt; 127
  input in matrix: state: E currentWindowPosition: 13 currentAminoAcid: V =&gt; 127
  input in matrix: state: E currentWindowPosition: 14 currentAminoAcid: V =&gt; 144
  input in matrix: state: E currentWindowPosition: 15 currentAminoAcid: V =&gt; 146
  input in matrix: state: E currentWindowPosition: 16 currentAminoAcid: V =&gt; 149
Process line: W	39	30	23	25	17	28	26	44	0	34	28	35	27	38	35	29	28
 data line!
  input in matrix: state: E currentWindowPosition: 0 currentAminoAcid: W =&gt; 39
  input in matrix: state: E currentWindowPosition: 1 currentAminoAcid: W =&gt; 30
  input in matrix: state: E currentWindowPosition: 2 currentAminoAcid: W =&gt; 23
  input in matrix: state: E currentWindowPosition: 3 currentAminoAcid: W =&gt; 25
  input in matrix: state: E currentWindowPosition: 4 currentAminoAcid: W =&gt; 17
  input in matrix: state: E currentWindowPosition: 5 currentAminoAcid: W =&gt; 28
  input in matrix: state: E currentWindowPosition: 6 currentAminoAcid: W =&gt; 26
  input in matrix: state: E currentWindowPosition: 7 currentAminoAcid: W =&gt; 44
  input in matrix: state: E currentWindowPosition: 8 currentAminoAcid: W =&gt; 0
  input in matrix: state: E currentWindowPosition: 9 currentAminoAcid: W =&gt; 34
  input in matrix: state: E currentWindowPosition: 10 currentAminoAcid: W =&gt; 28
  input in matrix: state: E currentWindowPosition: 11 currentAminoAcid: W =&gt; 35
  input in matrix: state: E currentWindowPosition: 12 currentAminoAcid: W =&gt; 27
  input in matrix: state: E currentWindowPosition: 13 currentAminoAcid: W =&gt; 38
  input in matrix: state: E currentWindowPosition: 14 currentAminoAcid: W =&gt; 35
  input in matrix: state: E currentWindowPosition: 15 currentAminoAcid: W =&gt; 29
  input in matrix: state: E currentWindowPosition: 16 currentAminoAcid: W =&gt; 28
Process line: Y	66	80	57	78	65	79	90	88	0	90	79	65	65	72	79	73	81
 data line!
  input in matrix: state: E currentWindowPosition: 0 currentAminoAcid: Y =&gt; 66
  input in matrix: state: E currentWindowPosition: 1 currentAminoAcid: Y =&gt; 80
  input in matrix: state: E currentWindowPosition: 2 currentAminoAcid: Y =&gt; 57
  input in matrix: state: E currentWindowPosition: 3 currentAminoAcid: Y =&gt; 78
  input in matrix: state: E currentWindowPosition: 4 currentAminoAcid: Y =&gt; 65
  input in matrix: state: E currentWindowPosition: 5 currentAminoAcid: Y =&gt; 79
  input in matrix: state: E currentWindowPosition: 6 currentAminoAcid: Y =&gt; 90
  input in matrix: state: E currentWindowPosition: 7 currentAminoAcid: Y =&gt; 88
  input in matrix: state: E currentWindowPosition: 8 currentAminoAcid: Y =&gt; 0
  input in matrix: state: E currentWindowPosition: 9 currentAminoAcid: Y =&gt; 90
  input in matrix: state: E currentWindowPosition: 10 currentAminoAcid: Y =&gt; 79
  input in matrix: state: E currentWindowPosition: 11 currentAminoAcid: Y =&gt; 65
  input in matrix: state: E currentWindowPosition: 12 currentAminoAcid: Y =&gt; 65
  input in matrix: state: E currentWindowPosition: 13 currentAminoAcid: Y =&gt; 72
  input in matrix: state: E currentWindowPosition: 14 currentAminoAcid: Y =&gt; 79
  input in matrix: state: E currentWindowPosition: 15 currentAminoAcid: Y =&gt; 73
  input in matrix: state: E currentWindowPosition: 16 currentAminoAcid: Y =&gt; 81
Process line: 
 Skip line!
Process line: 
 Skip line!
Process line: =V,H=
 state line! (now in state: H)
Process line: 
 Skip line!
Process line: A	145	142	169	169	156	183	195	212	0	220	213	228	163	188	177	169	142
 data line!
  input in matrix: state: H currentWindowPosition: 0 currentAminoAcid: A =&gt; 145
  input in matrix: state: H currentWindowPosition: 1 currentAminoAcid: A =&gt; 142
  input in matrix: state: H currentWindowPosition: 2 currentAminoAcid: A =&gt; 169
  input in matrix: state: H currentWindowPosition: 3 currentAminoAcid: A =&gt; 169
  input in matrix: state: H currentWindowPosition: 4 currentAminoAcid: A =&gt; 156
  input in matrix: state: H currentWindowPosition: 5 currentAminoAcid: A =&gt; 183
  input in matrix: state: H currentWindowPosition: 6 currentAminoAcid: A =&gt; 195
  input in matrix: state: H currentWindowPosition: 7 currentAminoAcid: A =&gt; 212
  input in matrix: state: H currentWindowPosition: 8 currentAminoAcid: A =&gt; 0
  input in matrix: state: H currentWindowPosition: 9 currentAminoAcid: A =&gt; 220
  input in matrix: state: H currentWindowPosition: 10 currentAminoAcid: A =&gt; 213
  input in matrix: state: H currentWindowPosition: 11 currentAminoAcid: A =&gt; 228
  input in matrix: state: H currentWindowPosition: 12 currentAminoAcid: A =&gt; 163
  input in matrix: state: H currentWindowPosition: 13 currentAminoAcid: A =&gt; 188
  input in matrix: state: H currentWindowPosition: 14 currentAminoAcid: A =&gt; 177
  input in matrix: state: H currentWindowPosition: 15 currentAminoAcid: A =&gt; 169
  input in matrix: state: H currentWindowPosition: 16 currentAminoAcid: A =&gt; 142
Process line: C	14	18	20	22	22	19	17	16	0	23	18	23	25	14	13	29	21
 data line!
  input in matrix: state: H currentWindowPosition: 0 currentAminoAcid: C =&gt; 14
  input in matrix: state: H currentWindowPosition: 1 currentAminoAcid: C =&gt; 18
  input in matrix: state: H currentWindowPosition: 2 currentAminoAcid: C =&gt; 20
  input in matrix: state: H currentWindowPosition: 3 currentAminoAcid: C =&gt; 22
  input in matrix: state: H currentWindowPosition: 4 currentAminoAcid: C =&gt; 22
  input in matrix: state: H currentWindowPosition: 5 currentAminoAcid: C =&gt; 19
  input in matrix: state: H currentWindowPosition: 6 currentAminoAcid: C =&gt; 17
  input in matrix: state: H currentWindowPosition: 7 currentAminoAcid: C =&gt; 16
  input in matrix: state: H currentWindowPosition: 8 currentAminoAcid: C =&gt; 0
  input in matrix: state: H currentWindowPosition: 9 currentAminoAcid: C =&gt; 23
  input in matrix: state: H currentWindowPosition: 10 currentAminoAcid: C =&gt; 18
  input in matrix: state: H currentWindowPosition: 11 currentAminoAcid: C =&gt; 23
  input in matrix: state: H currentWindowPosition: 12 currentAminoAcid: C =&gt; 25
  input in matrix: state: H currentWindowPosition: 13 currentAminoAcid: C =&gt; 14
  input in matrix: state: H currentWindowPosition: 14 currentAminoAcid: C =&gt; 13
  input in matrix: state: H currentWindowPosition: 15 currentAminoAcid: C =&gt; 29
  input in matrix: state: H currentWindowPosition: 16 currentAminoAcid: C =&gt; 21
Process line: D	101	98	122	108	108	113	128	117	0	81	119	52	54	93	85	84	91
 data line!
  input in matrix: state: H currentWindowPosition: 0 currentAminoAcid: D =&gt; 101
  input in matrix: state: H currentWindowPosition: 1 currentAminoAcid: D =&gt; 98
  input in matrix: state: H currentWindowPosition: 2 currentAminoAcid: D =&gt; 122
  input in matrix: state: H currentWindowPosition: 3 currentAminoAcid: D =&gt; 108
  input in matrix: state: H currentWindowPosition: 4 currentAminoAcid: D =&gt; 108
  input in matrix: state: H currentWindowPosition: 5 currentAminoAcid: D =&gt; 113
  input in matrix: state: H currentWindowPosition: 6 currentAminoAcid: D =&gt; 128
  input in matrix: state: H currentWindowPosition: 7 currentAminoAcid: D =&gt; 117
  input in matrix: state: H currentWindowPosition: 8 currentAminoAcid: D =&gt; 0
  input in matrix: state: H currentWindowPosition: 9 currentAminoAcid: D =&gt; 81
  input in matrix: state: H currentWindowPosition: 10 currentAminoAcid: D =&gt; 119
  input in matrix: state: H currentWindowPosition: 11 currentAminoAcid: D =&gt; 52
  input in matrix: state: H currentWindowPosition: 12 currentAminoAcid: D =&gt; 54
  input in matrix: state: H currentWindowPosition: 13 currentAminoAcid: D =&gt; 93
  input in matrix: state: H currentWindowPosition: 14 currentAminoAcid: D =&gt; 85
  input in matrix: state: H currentWindowPosition: 15 currentAminoAcid: D =&gt; 84
  input in matrix: state: H currentWindowPosition: 16 currentAminoAcid: D =&gt; 91
Process line: E	92	92	98	112	68	102	161	127	0	146	143	100	86	116	113	85	95
 data line!
  input in matrix: state: H currentWindowPosition: 0 currentAminoAcid: E =&gt; 92
  input in matrix: state: H currentWindowPosition: 1 currentAminoAcid: E =&gt; 92
  input in matrix: state: H currentWindowPosition: 2 currentAminoAcid: E =&gt; 98
  input in matrix: state: H currentWindowPosition: 3 currentAminoAcid: E =&gt; 112
  input in matrix: state: H currentWindowPosition: 4 currentAminoAcid: E =&gt; 68
  input in matrix: state: H currentWindowPosition: 5 currentAminoAcid: E =&gt; 102
  input in matrix: state: H currentWindowPosition: 6 currentAminoAcid: E =&gt; 161
  input in matrix: state: H currentWindowPosition: 7 currentAminoAcid: E =&gt; 127
  input in matrix: state: H currentWindowPosition: 8 currentAminoAcid: E =&gt; 0
  input in matrix: state: H currentWindowPosition: 9 currentAminoAcid: E =&gt; 146
  input in matrix: state: H currentWindowPosition: 10 currentAminoAcid: E =&gt; 143
  input in matrix: state: H currentWindowPosition: 11 currentAminoAcid: E =&gt; 100
  input in matrix: state: H currentWindowPosition: 12 currentAminoAcid: E =&gt; 86
  input in matrix: state: H currentWindowPosition: 13 currentAminoAcid: E =&gt; 116
  input in matrix: state: H currentWindowPosition: 14 currentAminoAcid: E =&gt; 113
  input in matrix: state: H currentWindowPosition: 15 currentAminoAcid: E =&gt; 85
  input in matrix: state: H currentWindowPosition: 16 currentAminoAcid: E =&gt; 95
Process line: F	58	61	55	54	85	57	35	49	0	62	32	72	65	45	61	59	66
 data line!
  input in matrix: state: H currentWindowPosition: 0 currentAminoAcid: F =&gt; 58
  input in matrix: state: H currentWindowPosition: 1 currentAminoAcid: F =&gt; 61
  input in matrix: state: H currentWindowPosition: 2 currentAminoAcid: F =&gt; 55
  input in matrix: state: H currentWindowPosition: 3 currentAminoAcid: F =&gt; 54
  input in matrix: state: H currentWindowPosition: 4 currentAminoAcid: F =&gt; 85
  input in matrix: state: H currentWindowPosition: 5 currentAminoAcid: F =&gt; 57
  input in matrix: state: H currentWindowPosition: 6 currentAminoAcid: F =&gt; 35
  input in matrix: state: H currentWindowPosition: 7 currentAminoAcid: F =&gt; 49
  input in matrix: state: H currentWindowPosition: 8 currentAminoAcid: F =&gt; 0
  input in matrix: state: H currentWindowPosition: 9 currentAminoAcid: F =&gt; 62
  input in matrix: state: H currentWindowPosition: 10 currentAminoAcid: F =&gt; 32
  input in matrix: state: H currentWindowPosition: 11 currentAminoAcid: F =&gt; 72
  input in matrix: state: H currentWindowPosition: 12 currentAminoAcid: F =&gt; 65
  input in matrix: state: H currentWindowPosition: 13 currentAminoAcid: F =&gt; 45
  input in matrix: state: H currentWindowPosition: 14 currentAminoAcid: F =&gt; 61
  input in matrix: state: H currentWindowPosition: 15 currentAminoAcid: F =&gt; 59
  input in matrix: state: H currentWindowPosition: 16 currentAminoAcid: F =&gt; 66
Process line: G	138	134	127	131	113	97	93	88	0	82	98	103	95	116	122	128	145
 data line!
  input in matrix: state: H currentWindowPosition: 0 currentAminoAcid: G =&gt; 138
  input in matrix: state: H currentWindowPosition: 1 currentAminoAcid: G =&gt; 134
  input in matrix: state: H currentWindowPosition: 2 currentAminoAcid: G =&gt; 127
  input in matrix: state: H currentWindowPosition: 3 currentAminoAcid: G =&gt; 131
  input in matrix: state: H currentWindowPosition: 4 currentAminoAcid: G =&gt; 113
  input in matrix: state: H currentWindowPosition: 5 currentAminoAcid: G =&gt; 97
  input in matrix: state: H currentWindowPosition: 6 currentAminoAcid: G =&gt; 93
  input in matrix: state: H currentWindowPosition: 7 currentAminoAcid: G =&gt; 88
  input in matrix: state: H currentWindowPosition: 8 currentAminoAcid: G =&gt; 0
  input in matrix: state: H currentWindowPosition: 9 currentAminoAcid: G =&gt; 82
  input in matrix: state: H currentWindowPosition: 10 currentAminoAcid: G =&gt; 98
  input in matrix: state: H currentWindowPosition: 11 currentAminoAcid: G =&gt; 103
  input in matrix: state: H currentWindowPosition: 12 currentAminoAcid: G =&gt; 95
  input in matrix: state: H currentWindowPosition: 13 currentAminoAcid: G =&gt; 116
  input in matrix: state: H currentWindowPosition: 14 currentAminoAcid: G =&gt; 122
  input in matrix: state: H currentWindowPosition: 15 currentAminoAcid: G =&gt; 128
  input in matrix: state: H currentWindowPosition: 16 currentAminoAcid: G =&gt; 145
Process line: H	33	38	26	37	31	28	46	43	0	25	34	37	17	32	39	41	41
 data line!
  input in matrix: state: H currentWindowPosition: 0 currentAminoAcid: H =&gt; 33
  input in matrix: state: H currentWindowPosition: 1 currentAminoAcid: H =&gt; 38
  input in matrix: state: H currentWindowPosition: 2 currentAminoAcid: H =&gt; 26
  input in matrix: state: H currentWindowPosition: 3 currentAminoAcid: H =&gt; 37
  input in matrix: state: H currentWindowPosition: 4 currentAminoAcid: H =&gt; 31
  input in matrix: state: H currentWindowPosition: 5 currentAminoAcid: H =&gt; 28
  input in matrix: state: H currentWindowPosition: 6 currentAminoAcid: H =&gt; 46
  input in matrix: state: H currentWindowPosition: 7 currentAminoAcid: H =&gt; 43
  input in matrix: state: H currentWindowPosition: 8 currentAminoAcid: H =&gt; 0
  input in matrix: state: H currentWindowPosition: 9 currentAminoAcid: H =&gt; 25
  input in matrix: state: H currentWindowPosition: 10 currentAminoAcid: H =&gt; 34
  input in matrix: state: H currentWindowPosition: 11 currentAminoAcid: H =&gt; 37
  input in matrix: state: H currentWindowPosition: 12 currentAminoAcid: H =&gt; 17
  input in matrix: state: H currentWindowPosition: 13 currentAminoAcid: H =&gt; 32
  input in matrix: state: H currentWindowPosition: 14 currentAminoAcid: H =&gt; 39
  input in matrix: state: H currentWindowPosition: 15 currentAminoAcid: H =&gt; 41
  input in matrix: state: H currentWindowPosition: 16 currentAminoAcid: H =&gt; 41
Process line: I	88	77	66	73	100	79	45	85	0	72	50	90	109	83	88	112	80
 data line!
  input in matrix: state: H currentWindowPosition: 0 currentAminoAcid: I =&gt; 88
  input in matrix: state: H currentWindowPosition: 1 currentAminoAcid: I =&gt; 77
  input in matrix: state: H currentWindowPosition: 2 currentAminoAcid: I =&gt; 66
  input in matrix: state: H currentWindowPosition: 3 currentAminoAcid: I =&gt; 73
  input in matrix: state: H currentWindowPosition: 4 currentAminoAcid: I =&gt; 100
  input in matrix: state: H currentWindowPosition: 5 currentAminoAcid: I =&gt; 79
  input in matrix: state: H currentWindowPosition: 6 currentAminoAcid: I =&gt; 45
  input in matrix: state: H currentWindowPosition: 7 currentAminoAcid: I =&gt; 85
  input in matrix: state: H currentWindowPosition: 8 currentAminoAcid: I =&gt; 0
  input in matrix: state: H currentWindowPosition: 9 currentAminoAcid: I =&gt; 72
  input in matrix: state: H currentWindowPosition: 10 currentAminoAcid: I =&gt; 50
  input in matrix: state: H currentWindowPosition: 11 currentAminoAcid: I =&gt; 90
  input in matrix: state: H currentWindowPosition: 12 currentAminoAcid: I =&gt; 109
  input in matrix: state: H currentWindowPosition: 13 currentAminoAcid: I =&gt; 83
  input in matrix: state: H currentWindowPosition: 14 currentAminoAcid: I =&gt; 88
  input in matrix: state: H currentWindowPosition: 15 currentAminoAcid: I =&gt; 112
  input in matrix: state: H currentWindowPosition: 16 currentAminoAcid: I =&gt; 80
Process line: K	77	99	89	82	75	97	112	96	0	103	128	84	140	133	114	105	109
 data line!
  input in matrix: state: H currentWindowPosition: 0 currentAminoAcid: K =&gt; 77
  input in matrix: state: H currentWindowPosition: 1 currentAminoAcid: K =&gt; 99
  input in matrix: state: H currentWindowPosition: 2 currentAminoAcid: K =&gt; 89
  input in matrix: state: H currentWindowPosition: 3 currentAminoAcid: K =&gt; 82
  input in matrix: state: H currentWindowPosition: 4 currentAminoAcid: K =&gt; 75
  input in matrix: state: H currentWindowPosition: 5 currentAminoAcid: K =&gt; 97
  input in matrix: state: H currentWindowPosition: 6 currentAminoAcid: K =&gt; 112
  input in matrix: state: H currentWindowPosition: 7 currentAminoAcid: K =&gt; 96
  input in matrix: state: H currentWindowPosition: 8 currentAminoAcid: K =&gt; 0
  input in matrix: state: H currentWindowPosition: 9 currentAminoAcid: K =&gt; 103
  input in matrix: state: H currentWindowPosition: 10 currentAminoAcid: K =&gt; 128
  input in matrix: state: H currentWindowPosition: 11 currentAminoAcid: K =&gt; 84
  input in matrix: state: H currentWindowPosition: 12 currentAminoAcid: K =&gt; 140
  input in matrix: state: H currentWindowPosition: 13 currentAminoAcid: K =&gt; 133
  input in matrix: state: H currentWindowPosition: 14 currentAminoAcid: K =&gt; 114
  input in matrix: state: H currentWindowPosition: 15 currentAminoAcid: K =&gt; 105
  input in matrix: state: H currentWindowPosition: 16 currentAminoAcid: K =&gt; 109
Process line: L	143	157	131	137	155	170	109	143	0	162	128	214	212	129	141	161	147
 data line!
  input in matrix: state: H currentWindowPosition: 0 currentAminoAcid: L =&gt; 143
  input in matrix: state: H currentWindowPosition: 1 currentAminoAcid: L =&gt; 157
  input in matrix: state: H currentWindowPosition: 2 currentAminoAcid: L =&gt; 131
  input in matrix: state: H currentWindowPosition: 3 currentAminoAcid: L =&gt; 137
  input in matrix: state: H currentWindowPosition: 4 currentAminoAcid: L =&gt; 155
  input in matrix: state: H currentWindowPosition: 5 currentAminoAcid: L =&gt; 170
  input in matrix: state: H currentWindowPosition: 6 currentAminoAcid: L =&gt; 109
  input in matrix: state: H currentWindowPosition: 7 currentAminoAcid: L =&gt; 143
  input in matrix: state: H currentWindowPosition: 8 currentAminoAcid: L =&gt; 0
  input in matrix: state: H currentWindowPosition: 9 currentAminoAcid: L =&gt; 162
  input in matrix: state: H currentWindowPosition: 10 currentAminoAcid: L =&gt; 128
  input in matrix: state: H currentWindowPosition: 11 currentAminoAcid: L =&gt; 214
  input in matrix: state: H currentWindowPosition: 12 currentAminoAcid: L =&gt; 212
  input in matrix: state: H currentWindowPosition: 13 currentAminoAcid: L =&gt; 129
  input in matrix: state: H currentWindowPosition: 14 currentAminoAcid: L =&gt; 141
  input in matrix: state: H currentWindowPosition: 15 currentAminoAcid: L =&gt; 161
  input in matrix: state: H currentWindowPosition: 16 currentAminoAcid: L =&gt; 147
Process line: M	38	30	34	41	32	43	24	38	0	42	39	54	49	41	33	31	46
 data line!
  input in matrix: state: H currentWindowPosition: 0 currentAminoAcid: M =&gt; 38
  input in matrix: state: H currentWindowPosition: 1 currentAminoAcid: M =&gt; 30
  input in matrix: state: H currentWindowPosition: 2 currentAminoAcid: M =&gt; 34
  input in matrix: state: H currentWindowPosition: 3 currentAminoAcid: M =&gt; 41
  input in matrix: state: H currentWindowPosition: 4 currentAminoAcid: M =&gt; 32
  input in matrix: state: H currentWindowPosition: 5 currentAminoAcid: M =&gt; 43
  input in matrix: state: H currentWindowPosition: 6 currentAminoAcid: M =&gt; 24
  input in matrix: state: H currentWindowPosition: 7 currentAminoAcid: M =&gt; 38
  input in matrix: state: H currentWindowPosition: 8 currentAminoAcid: M =&gt; 0
  input in matrix: state: H currentWindowPosition: 9 currentAminoAcid: M =&gt; 42
  input in matrix: state: H currentWindowPosition: 10 currentAminoAcid: M =&gt; 39
  input in matrix: state: H currentWindowPosition: 11 currentAminoAcid: M =&gt; 54
  input in matrix: state: H currentWindowPosition: 12 currentAminoAcid: M =&gt; 49
  input in matrix: state: H currentWindowPosition: 13 currentAminoAcid: M =&gt; 41
  input in matrix: state: H currentWindowPosition: 14 currentAminoAcid: M =&gt; 33
  input in matrix: state: H currentWindowPosition: 15 currentAminoAcid: M =&gt; 31
  input in matrix: state: H currentWindowPosition: 16 currentAminoAcid: M =&gt; 46
Process line: N	89	80	80	74	70	71	76	56	0	74	69	60	60	75	68	82	73
 data line!
  input in matrix: state: H currentWindowPosition: 0 currentAminoAcid: N =&gt; 89
  input in matrix: state: H currentWindowPosition: 1 currentAminoAcid: N =&gt; 80
  input in matrix: state: H currentWindowPosition: 2 currentAminoAcid: N =&gt; 80
  input in matrix: state: H currentWindowPosition: 3 currentAminoAcid: N =&gt; 74
  input in matrix: state: H currentWindowPosition: 4 currentAminoAcid: N =&gt; 70
  input in matrix: state: H currentWindowPosition: 5 currentAminoAcid: N =&gt; 71
  input in matrix: state: H currentWindowPosition: 6 currentAminoAcid: N =&gt; 76
  input in matrix: state: H currentWindowPosition: 7 currentAminoAcid: N =&gt; 56
  input in matrix: state: H currentWindowPosition: 8 currentAminoAcid: N =&gt; 0
  input in matrix: state: H currentWindowPosition: 9 currentAminoAcid: N =&gt; 74
  input in matrix: state: H currentWindowPosition: 10 currentAminoAcid: N =&gt; 69
  input in matrix: state: H currentWindowPosition: 11 currentAminoAcid: N =&gt; 60
  input in matrix: state: H currentWindowPosition: 12 currentAminoAcid: N =&gt; 60
  input in matrix: state: H currentWindowPosition: 13 currentAminoAcid: N =&gt; 75
  input in matrix: state: H currentWindowPosition: 14 currentAminoAcid: N =&gt; 68
  input in matrix: state: H currentWindowPosition: 15 currentAminoAcid: N =&gt; 82
  input in matrix: state: H currentWindowPosition: 16 currentAminoAcid: N =&gt; 73
Process line: P	77	85	77	60	55	83	64	44	0	18	19	21	34	59	51	59	74
 data line!
  input in matrix: state: H currentWindowPosition: 0 currentAminoAcid: P =&gt; 77
  input in matrix: state: H currentWindowPosition: 1 currentAminoAcid: P =&gt; 85
  input in matrix: state: H currentWindowPosition: 2 currentAminoAcid: P =&gt; 77
  input in matrix: state: H currentWindowPosition: 3 currentAminoAcid: P =&gt; 60
  input in matrix: state: H currentWindowPosition: 4 currentAminoAcid: P =&gt; 55
  input in matrix: state: H currentWindowPosition: 5 currentAminoAcid: P =&gt; 83
  input in matrix: state: H currentWindowPosition: 6 currentAminoAcid: P =&gt; 64
  input in matrix: state: H currentWindowPosition: 7 currentAminoAcid: P =&gt; 44
  input in matrix: state: H currentWindowPosition: 8 currentAminoAcid: P =&gt; 0
  input in matrix: state: H currentWindowPosition: 9 currentAminoAcid: P =&gt; 18
  input in matrix: state: H currentWindowPosition: 10 currentAminoAcid: P =&gt; 19
  input in matrix: state: H currentWindowPosition: 11 currentAminoAcid: P =&gt; 21
  input in matrix: state: H currentWindowPosition: 12 currentAminoAcid: P =&gt; 34
  input in matrix: state: H currentWindowPosition: 13 currentAminoAcid: P =&gt; 59
  input in matrix: state: H currentWindowPosition: 14 currentAminoAcid: P =&gt; 51
  input in matrix: state: H currentWindowPosition: 15 currentAminoAcid: P =&gt; 59
  input in matrix: state: H currentWindowPosition: 16 currentAminoAcid: P =&gt; 74
Process line: Q	59	57	72	59	45	62	92	80	0	79	87	58	56	78	70	47	61
 data line!
  input in matrix: state: H currentWindowPosition: 0 currentAminoAcid: Q =&gt; 59
  input in matrix: state: H currentWindowPosition: 1 currentAminoAcid: Q =&gt; 57
  input in matrix: state: H currentWindowPosition: 2 currentAminoAcid: Q =&gt; 72
  input in matrix: state: H currentWindowPosition: 3 currentAminoAcid: Q =&gt; 59
  input in matrix: state: H currentWindowPosition: 4 currentAminoAcid: Q =&gt; 45
  input in matrix: state: H currentWindowPosition: 5 currentAminoAcid: Q =&gt; 62
  input in matrix: state: H currentWindowPosition: 6 currentAminoAcid: Q =&gt; 92
  input in matrix: state: H currentWindowPosition: 7 currentAminoAcid: Q =&gt; 80
  input in matrix: state: H currentWindowPosition: 8 currentAminoAcid: Q =&gt; 0
  input in matrix: state: H currentWindowPosition: 9 currentAminoAcid: Q =&gt; 79
  input in matrix: state: H currentWindowPosition: 10 currentAminoAcid: Q =&gt; 87
  input in matrix: state: H currentWindowPosition: 11 currentAminoAcid: Q =&gt; 58
  input in matrix: state: H currentWindowPosition: 12 currentAminoAcid: Q =&gt; 56
  input in matrix: state: H currentWindowPosition: 13 currentAminoAcid: Q =&gt; 78
  input in matrix: state: H currentWindowPosition: 14 currentAminoAcid: Q =&gt; 70
  input in matrix: state: H currentWindowPosition: 15 currentAminoAcid: Q =&gt; 47
  input in matrix: state: H currentWindowPosition: 16 currentAminoAcid: Q =&gt; 61
Process line: R	78	63	76	74	62	73	83	74	0	101	102	87	79	102	72	75	71
 data line!
  input in matrix: state: H currentWindowPosition: 0 currentAminoAcid: R =&gt; 78
  input in matrix: state: H currentWindowPosition: 1 currentAminoAcid: R =&gt; 63
  input in matrix: state: H currentWindowPosition: 2 currentAminoAcid: R =&gt; 76
  input in matrix: state: H currentWindowPosition: 3 currentAminoAcid: R =&gt; 74
  input in matrix: state: H currentWindowPosition: 4 currentAminoAcid: R =&gt; 62
  input in matrix: state: H currentWindowPosition: 5 currentAminoAcid: R =&gt; 73
  input in matrix: state: H currentWindowPosition: 6 currentAminoAcid: R =&gt; 83
  input in matrix: state: H currentWindowPosition: 7 currentAminoAcid: R =&gt; 74
  input in matrix: state: H currentWindowPosition: 8 currentAminoAcid: R =&gt; 0
  input in matrix: state: H currentWindowPosition: 9 currentAminoAcid: R =&gt; 101
  input in matrix: state: H currentWindowPosition: 10 currentAminoAcid: R =&gt; 102
  input in matrix: state: H currentWindowPosition: 11 currentAminoAcid: R =&gt; 87
  input in matrix: state: H currentWindowPosition: 12 currentAminoAcid: R =&gt; 79
  input in matrix: state: H currentWindowPosition: 13 currentAminoAcid: R =&gt; 102
  input in matrix: state: H currentWindowPosition: 14 currentAminoAcid: R =&gt; 72
  input in matrix: state: H currentWindowPosition: 15 currentAminoAcid: R =&gt; 75
  input in matrix: state: H currentWindowPosition: 16 currentAminoAcid: R =&gt; 71
Process line: S	99	98	87	94	99	98	95	95	0	84	104	78	77	92	99	74	72
 data line!
  input in matrix: state: H currentWindowPosition: 0 currentAminoAcid: S =&gt; 99
  input in matrix: state: H currentWindowPosition: 1 currentAminoAcid: S =&gt; 98
  input in matrix: state: H currentWindowPosition: 2 currentAminoAcid: S =&gt; 87
  input in matrix: state: H currentWindowPosition: 3 currentAminoAcid: S =&gt; 94
  input in matrix: state: H currentWindowPosition: 4 currentAminoAcid: S =&gt; 99
  input in matrix: state: H currentWindowPosition: 5 currentAminoAcid: S =&gt; 98
  input in matrix: state: H currentWindowPosition: 6 currentAminoAcid: S =&gt; 95
  input in matrix: state: H currentWindowPosition: 7 currentAminoAcid: S =&gt; 95
  input in matrix: state: H currentWindowPosition: 8 currentAminoAcid: S =&gt; 0
  input in matrix: state: H currentWindowPosition: 9 currentAminoAcid: S =&gt; 84
  input in matrix: state: H currentWindowPosition: 10 currentAminoAcid: S =&gt; 104
  input in matrix: state: H currentWindowPosition: 11 currentAminoAcid: S =&gt; 78
  input in matrix: state: H currentWindowPosition: 12 currentAminoAcid: S =&gt; 77
  input in matrix: state: H currentWindowPosition: 13 currentAminoAcid: S =&gt; 92
  input in matrix: state: H currentWindowPosition: 14 currentAminoAcid: S =&gt; 99
  input in matrix: state: H currentWindowPosition: 15 currentAminoAcid: S =&gt; 74
  input in matrix: state: H currentWindowPosition: 16 currentAminoAcid: S =&gt; 72
Process line: T	92	104	88	112	106	65	79	83	0	76	77	56	73	74	78	80	78
 data line!
  input in matrix: state: H currentWindowPosition: 0 currentAminoAcid: T =&gt; 92
  input in matrix: state: H currentWindowPosition: 1 currentAminoAcid: T =&gt; 104
  input in matrix: state: H currentWindowPosition: 2 currentAminoAcid: T =&gt; 88
  input in matrix: state: H currentWindowPosition: 3 currentAminoAcid: T =&gt; 112
  input in matrix: state: H currentWindowPosition: 4 currentAminoAcid: T =&gt; 106
  input in matrix: state: H currentWindowPosition: 5 currentAminoAcid: T =&gt; 65
  input in matrix: state: H currentWindowPosition: 6 currentAminoAcid: T =&gt; 79
  input in matrix: state: H currentWindowPosition: 7 currentAminoAcid: T =&gt; 83
  input in matrix: state: H currentWindowPosition: 8 currentAminoAcid: T =&gt; 0
  input in matrix: state: H currentWindowPosition: 9 currentAminoAcid: T =&gt; 76
  input in matrix: state: H currentWindowPosition: 10 currentAminoAcid: T =&gt; 77
  input in matrix: state: H currentWindowPosition: 11 currentAminoAcid: T =&gt; 56
  input in matrix: state: H currentWindowPosition: 12 currentAminoAcid: T =&gt; 73
  input in matrix: state: H currentWindowPosition: 13 currentAminoAcid: T =&gt; 74
  input in matrix: state: H currentWindowPosition: 14 currentAminoAcid: T =&gt; 78
  input in matrix: state: H currentWindowPosition: 15 currentAminoAcid: T =&gt; 80
  input in matrix: state: H currentWindowPosition: 16 currentAminoAcid: T =&gt; 78
Process line: V	100	93	108	82	118	84	71	86	1595	89	67	87	107	78	95	99	115
 data line!
  input in matrix: state: H currentWindowPosition: 0 currentAminoAcid: V =&gt; 100
  input in matrix: state: H currentWindowPosition: 1 currentAminoAcid: V =&gt; 93
  input in matrix: state: H currentWindowPosition: 2 currentAminoAcid: V =&gt; 108
  input in matrix: state: H currentWindowPosition: 3 currentAminoAcid: V =&gt; 82
  input in matrix: state: H currentWindowPosition: 4 currentAminoAcid: V =&gt; 118
  input in matrix: state: H currentWindowPosition: 5 currentAminoAcid: V =&gt; 84
  input in matrix: state: H currentWindowPosition: 6 currentAminoAcid: V =&gt; 71
  input in matrix: state: H currentWindowPosition: 7 currentAminoAcid: V =&gt; 86
  input in matrix: state: H currentWindowPosition: 8 currentAminoAcid: V =&gt; 1595
  input in matrix: state: H currentWindowPosition: 9 currentAminoAcid: V =&gt; 89
  input in matrix: state: H currentWindowPosition: 10 currentAminoAcid: V =&gt; 67
  input in matrix: state: H currentWindowPosition: 11 currentAminoAcid: V =&gt; 87
  input in matrix: state: H currentWindowPosition: 12 currentAminoAcid: V =&gt; 107
  input in matrix: state: H currentWindowPosition: 13 currentAminoAcid: V =&gt; 78
  input in matrix: state: H currentWindowPosition: 14 currentAminoAcid: V =&gt; 95
  input in matrix: state: H currentWindowPosition: 15 currentAminoAcid: V =&gt; 99
  input in matrix: state: H currentWindowPosition: 16 currentAminoAcid: V =&gt; 115
Process line: W	19	17	22	18	24	18	22	22	0	18	23	30	19	12	23	17	26
 data line!
  input in matrix: state: H currentWindowPosition: 0 currentAminoAcid: W =&gt; 19
  input in matrix: state: H currentWindowPosition: 1 currentAminoAcid: W =&gt; 17
  input in matrix: state: H currentWindowPosition: 2 currentAminoAcid: W =&gt; 22
  input in matrix: state: H currentWindowPosition: 3 currentAminoAcid: W =&gt; 18
  input in matrix: state: H currentWindowPosition: 4 currentAminoAcid: W =&gt; 24
  input in matrix: state: H currentWindowPosition: 5 currentAminoAcid: W =&gt; 18
  input in matrix: state: H currentWindowPosition: 6 currentAminoAcid: W =&gt; 22
  input in matrix: state: H currentWindowPosition: 7 currentAminoAcid: W =&gt; 22
  input in matrix: state: H currentWindowPosition: 8 currentAminoAcid: W =&gt; 0
  input in matrix: state: H currentWindowPosition: 9 currentAminoAcid: W =&gt; 18
  input in matrix: state: H currentWindowPosition: 10 currentAminoAcid: W =&gt; 23
  input in matrix: state: H currentWindowPosition: 11 currentAminoAcid: W =&gt; 30
  input in matrix: state: H currentWindowPosition: 12 currentAminoAcid: W =&gt; 19
  input in matrix: state: H currentWindowPosition: 13 currentAminoAcid: W =&gt; 12
  input in matrix: state: H currentWindowPosition: 14 currentAminoAcid: W =&gt; 23
  input in matrix: state: H currentWindowPosition: 15 currentAminoAcid: W =&gt; 17
  input in matrix: state: H currentWindowPosition: 16 currentAminoAcid: W =&gt; 26
Process line: Y	55	52	48	56	71	53	47	41	0	37	45	61	75	35	53	57	42
 data line!
  input in matrix: state: H currentWindowPosition: 0 currentAminoAcid: Y =&gt; 55
  input in matrix: state: H currentWindowPosition: 1 currentAminoAcid: Y =&gt; 52
  input in matrix: state: H currentWindowPosition: 2 currentAminoAcid: Y =&gt; 48
  input in matrix: state: H currentWindowPosition: 3 currentAminoAcid: Y =&gt; 56
  input in matrix: state: H currentWindowPosition: 4 currentAminoAcid: Y =&gt; 71
  input in matrix: state: H currentWindowPosition: 5 currentAminoAcid: Y =&gt; 53
  input in matrix: state: H currentWindowPosition: 6 currentAminoAcid: Y =&gt; 47
  input in matrix: state: H currentWindowPosition: 7 currentAminoAcid: Y =&gt; 41
  input in matrix: state: H currentWindowPosition: 8 currentAminoAcid: Y =&gt; 0
  input in matrix: state: H currentWindowPosition: 9 currentAminoAcid: Y =&gt; 37
  input in matrix: state: H currentWindowPosition: 10 currentAminoAcid: Y =&gt; 45
  input in matrix: state: H currentWindowPosition: 11 currentAminoAcid: Y =&gt; 61
  input in matrix: state: H currentWindowPosition: 12 currentAminoAcid: Y =&gt; 75
  input in matrix: state: H currentWindowPosition: 13 currentAminoAcid: Y =&gt; 35
  input in matrix: state: H currentWindowPosition: 14 currentAminoAcid: Y =&gt; 53
  input in matrix: state: H currentWindowPosition: 15 currentAminoAcid: Y =&gt; 57
  input in matrix: state: H currentWindowPosition: 16 currentAminoAcid: Y =&gt; 42
Process line: 
 Skip line!
Process line: 
 Skip line!
Process line: =W,C=
 state line! (now in state: C)
Process line: 
 Skip line!
Process line: A	32	21	22	33	29	20	27	19	0	23	17	25	22	31	27	42	30
 data line!
  input in matrix: state: C currentWindowPosition: 0 currentAminoAcid: A =&gt; 32
  input in matrix: state: C currentWindowPosition: 1 currentAminoAcid: A =&gt; 21
  input in matrix: state: C currentWindowPosition: 2 currentAminoAcid: A =&gt; 22
  input in matrix: state: C currentWindowPosition: 3 currentAminoAcid: A =&gt; 33
  input in matrix: state: C currentWindowPosition: 4 currentAminoAcid: A =&gt; 29
  input in matrix: state: C currentWindowPosition: 5 currentAminoAcid: A =&gt; 20
  input in matrix: state: C currentWindowPosition: 6 currentAminoAcid: A =&gt; 27
  input in matrix: state: C currentWindowPosition: 7 currentAminoAcid: A =&gt; 19
  input in matrix: state: C currentWindowPosition: 8 currentAminoAcid: A =&gt; 0
  input in matrix: state: C currentWindowPosition: 9 currentAminoAcid: A =&gt; 23
  input in matrix: state: C currentWindowPosition: 10 currentAminoAcid: A =&gt; 17
  input in matrix: state: C currentWindowPosition: 11 currentAminoAcid: A =&gt; 25
  input in matrix: state: C currentWindowPosition: 12 currentAminoAcid: A =&gt; 22
  input in matrix: state: C currentWindowPosition: 13 currentAminoAcid: A =&gt; 31
  input in matrix: state: C currentWindowPosition: 14 currentAminoAcid: A =&gt; 27
  input in matrix: state: C currentWindowPosition: 15 currentAminoAcid: A =&gt; 42
  input in matrix: state: C currentWindowPosition: 16 currentAminoAcid: A =&gt; 30
Process line: C	6	5	6	6	8	8	3	4	0	5	10	5	12	6	2	4	1
 data line!
  input in matrix: state: C currentWindowPosition: 0 currentAminoAcid: C =&gt; 6
  input in matrix: state: C currentWindowPosition: 1 currentAminoAcid: C =&gt; 5
  input in matrix: state: C currentWindowPosition: 2 currentAminoAcid: C =&gt; 6
  input in matrix: state: C currentWindowPosition: 3 currentAminoAcid: C =&gt; 6
  input in matrix: state: C currentWindowPosition: 4 currentAminoAcid: C =&gt; 8
  input in matrix: state: C currentWindowPosition: 5 currentAminoAcid: C =&gt; 8
  input in matrix: state: C currentWindowPosition: 6 currentAminoAcid: C =&gt; 3
  input in matrix: state: C currentWindowPosition: 7 currentAminoAcid: C =&gt; 4
  input in matrix: state: C currentWindowPosition: 8 currentAminoAcid: C =&gt; 0
  input in matrix: state: C currentWindowPosition: 9 currentAminoAcid: C =&gt; 5
  input in matrix: state: C currentWindowPosition: 10 currentAminoAcid: C =&gt; 10
  input in matrix: state: C currentWindowPosition: 11 currentAminoAcid: C =&gt; 5
  input in matrix: state: C currentWindowPosition: 12 currentAminoAcid: C =&gt; 12
  input in matrix: state: C currentWindowPosition: 13 currentAminoAcid: C =&gt; 6
  input in matrix: state: C currentWindowPosition: 14 currentAminoAcid: C =&gt; 2
  input in matrix: state: C currentWindowPosition: 15 currentAminoAcid: C =&gt; 4
  input in matrix: state: C currentWindowPosition: 16 currentAminoAcid: C =&gt; 1
Process line: D	14	16	22	22	24	27	23	34	0	34	24	33	24	18	33	22	19
 data line!
  input in matrix: state: C currentWindowPosition: 0 currentAminoAcid: D =&gt; 14
  input in matrix: state: C currentWindowPosition: 1 currentAminoAcid: D =&gt; 16
  input in matrix: state: C currentWindowPosition: 2 currentAminoAcid: D =&gt; 22
  input in matrix: state: C currentWindowPosition: 3 currentAminoAcid: D =&gt; 22
  input in matrix: state: C currentWindowPosition: 4 currentAminoAcid: D =&gt; 24
  input in matrix: state: C currentWindowPosition: 5 currentAminoAcid: D =&gt; 27
  input in matrix: state: C currentWindowPosition: 6 currentAminoAcid: D =&gt; 23
  input in matrix: state: C currentWindowPosition: 7 currentAminoAcid: D =&gt; 34
  input in matrix: state: C currentWindowPosition: 8 currentAminoAcid: D =&gt; 0
  input in matrix: state: C currentWindowPosition: 9 currentAminoAcid: D =&gt; 34
  input in matrix: state: C currentWindowPosition: 10 currentAminoAcid: D =&gt; 24
  input in matrix: state: C currentWindowPosition: 11 currentAminoAcid: D =&gt; 33
  input in matrix: state: C currentWindowPosition: 12 currentAminoAcid: D =&gt; 24
  input in matrix: state: C currentWindowPosition: 13 currentAminoAcid: D =&gt; 18
  input in matrix: state: C currentWindowPosition: 14 currentAminoAcid: D =&gt; 33
  input in matrix: state: C currentWindowPosition: 15 currentAminoAcid: D =&gt; 22
  input in matrix: state: C currentWindowPosition: 16 currentAminoAcid: D =&gt; 19
Process line: E	16	18	21	20	20	15	28	16	0	21	24	29	28	16	18	20	23
 data line!
  input in matrix: state: C currentWindowPosition: 0 currentAminoAcid: E =&gt; 16
  input in matrix: state: C currentWindowPosition: 1 currentAminoAcid: E =&gt; 18
  input in matrix: state: C currentWindowPosition: 2 currentAminoAcid: E =&gt; 21
  input in matrix: state: C currentWindowPosition: 3 currentAminoAcid: E =&gt; 20
  input in matrix: state: C currentWindowPosition: 4 currentAminoAcid: E =&gt; 20
  input in matrix: state: C currentWindowPosition: 5 currentAminoAcid: E =&gt; 15
  input in matrix: state: C currentWindowPosition: 6 currentAminoAcid: E =&gt; 28
  input in matrix: state: C currentWindowPosition: 7 currentAminoAcid: E =&gt; 16
  input in matrix: state: C currentWindowPosition: 8 currentAminoAcid: E =&gt; 0
  input in matrix: state: C currentWindowPosition: 9 currentAminoAcid: E =&gt; 21
  input in matrix: state: C currentWindowPosition: 10 currentAminoAcid: E =&gt; 24
  input in matrix: state: C currentWindowPosition: 11 currentAminoAcid: E =&gt; 29
  input in matrix: state: C currentWindowPosition: 12 currentAminoAcid: E =&gt; 28
  input in matrix: state: C currentWindowPosition: 13 currentAminoAcid: E =&gt; 16
  input in matrix: state: C currentWindowPosition: 14 currentAminoAcid: E =&gt; 18
  input in matrix: state: C currentWindowPosition: 15 currentAminoAcid: E =&gt; 20
  input in matrix: state: C currentWindowPosition: 16 currentAminoAcid: E =&gt; 23
Process line: F	19	14	13	19	17	17	13	7	0	10	12	16	15	14	17	12	13
 data line!
  input in matrix: state: C currentWindowPosition: 0 currentAminoAcid: F =&gt; 19
  input in matrix: state: C currentWindowPosition: 1 currentAminoAcid: F =&gt; 14
  input in matrix: state: C currentWindowPosition: 2 currentAminoAcid: F =&gt; 13
  input in matrix: state: C currentWindowPosition: 3 currentAminoAcid: F =&gt; 19
  input in matrix: state: C currentWindowPosition: 4 currentAminoAcid: F =&gt; 17
  input in matrix: state: C currentWindowPosition: 5 currentAminoAcid: F =&gt; 17
  input in matrix: state: C currentWindowPosition: 6 currentAminoAcid: F =&gt; 13
  input in matrix: state: C currentWindowPosition: 7 currentAminoAcid: F =&gt; 7
  input in matrix: state: C currentWindowPosition: 8 currentAminoAcid: F =&gt; 0
  input in matrix: state: C currentWindowPosition: 9 currentAminoAcid: F =&gt; 10
  input in matrix: state: C currentWindowPosition: 10 currentAminoAcid: F =&gt; 12
  input in matrix: state: C currentWindowPosition: 11 currentAminoAcid: F =&gt; 16
  input in matrix: state: C currentWindowPosition: 12 currentAminoAcid: F =&gt; 15
  input in matrix: state: C currentWindowPosition: 13 currentAminoAcid: F =&gt; 14
  input in matrix: state: C currentWindowPosition: 14 currentAminoAcid: F =&gt; 17
  input in matrix: state: C currentWindowPosition: 15 currentAminoAcid: F =&gt; 12
  input in matrix: state: C currentWindowPosition: 16 currentAminoAcid: F =&gt; 13
Process line: G	38	32	28	26	40	42	44	49	0	38	47	33	28	32	24	27	36
 data line!
  input in matrix: state: C currentWindowPosition: 0 currentAminoAcid: G =&gt; 38
  input in matrix: state: C currentWindowPosition: 1 currentAminoAcid: G =&gt; 32
  input in matrix: state: C currentWindowPosition: 2 currentAminoAcid: G =&gt; 28
  input in matrix: state: C currentWindowPosition: 3 currentAminoAcid: G =&gt; 26
  input in matrix: state: C currentWindowPosition: 4 currentAminoAcid: G =&gt; 40
  input in matrix: state: C currentWindowPosition: 5 currentAminoAcid: G =&gt; 42
  input in matrix: state: C currentWindowPosition: 6 currentAminoAcid: G =&gt; 44
  input in matrix: state: C currentWindowPosition: 7 currentAminoAcid: G =&gt; 49
  input in matrix: state: C currentWindowPosition: 8 currentAminoAcid: G =&gt; 0
  input in matrix: state: C currentWindowPosition: 9 currentAminoAcid: G =&gt; 38
  input in matrix: state: C currentWindowPosition: 10 currentAminoAcid: G =&gt; 47
  input in matrix: state: C currentWindowPosition: 11 currentAminoAcid: G =&gt; 33
  input in matrix: state: C currentWindowPosition: 12 currentAminoAcid: G =&gt; 28
  input in matrix: state: C currentWindowPosition: 13 currentAminoAcid: G =&gt; 32
  input in matrix: state: C currentWindowPosition: 14 currentAminoAcid: G =&gt; 24
  input in matrix: state: C currentWindowPosition: 15 currentAminoAcid: G =&gt; 27
  input in matrix: state: C currentWindowPosition: 16 currentAminoAcid: G =&gt; 36
Process line: H	5	11	10	9	4	6	13	10	0	10	7	5	4	8	11	6	7
 data line!
  input in matrix: state: C currentWindowPosition: 0 currentAminoAcid: H =&gt; 5
  input in matrix: state: C currentWindowPosition: 1 currentAminoAcid: H =&gt; 11
  input in matrix: state: C currentWindowPosition: 2 currentAminoAcid: H =&gt; 10
  input in matrix: state: C currentWindowPosition: 3 currentAminoAcid: H =&gt; 9
  input in matrix: state: C currentWindowPosition: 4 currentAminoAcid: H =&gt; 4
  input in matrix: state: C currentWindowPosition: 5 currentAminoAcid: H =&gt; 6
  input in matrix: state: C currentWindowPosition: 6 currentAminoAcid: H =&gt; 13
  input in matrix: state: C currentWindowPosition: 7 currentAminoAcid: H =&gt; 10
  input in matrix: state: C currentWindowPosition: 8 currentAminoAcid: H =&gt; 0
  input in matrix: state: C currentWindowPosition: 9 currentAminoAcid: H =&gt; 10
  input in matrix: state: C currentWindowPosition: 10 currentAminoAcid: H =&gt; 7
  input in matrix: state: C currentWindowPosition: 11 currentAminoAcid: H =&gt; 5
  input in matrix: state: C currentWindowPosition: 12 currentAminoAcid: H =&gt; 4
  input in matrix: state: C currentWindowPosition: 13 currentAminoAcid: H =&gt; 8
  input in matrix: state: C currentWindowPosition: 14 currentAminoAcid: H =&gt; 11
  input in matrix: state: C currentWindowPosition: 15 currentAminoAcid: H =&gt; 6
  input in matrix: state: C currentWindowPosition: 16 currentAminoAcid: H =&gt; 7
Process line: I	23	19	17	23	20	13	16	10	0	9	19	12	10	18	15	17	22
 data line!
  input in matrix: state: C currentWindowPosition: 0 currentAminoAcid: I =&gt; 23
  input in matrix: state: C currentWindowPosition: 1 currentAminoAcid: I =&gt; 19
  input in matrix: state: C currentWindowPosition: 2 currentAminoAcid: I =&gt; 17
  input in matrix: state: C currentWindowPosition: 3 currentAminoAcid: I =&gt; 23
  input in matrix: state: C currentWindowPosition: 4 currentAminoAcid: I =&gt; 20
  input in matrix: state: C currentWindowPosition: 5 currentAminoAcid: I =&gt; 13
  input in matrix: state: C currentWindowPosition: 6 currentAminoAcid: I =&gt; 16
  input in matrix: state: C currentWindowPosition: 7 currentAminoAcid: I =&gt; 10
  input in matrix: state: C currentWindowPosition: 8 currentAminoAcid: I =&gt; 0
  input in matrix: state: C currentWindowPosition: 9 currentAminoAcid: I =&gt; 9
  input in matrix: state: C currentWindowPosition: 10 currentAminoAcid: I =&gt; 19
  input in matrix: state: C currentWindowPosition: 11 currentAminoAcid: I =&gt; 12
  input in matrix: state: C currentWindowPosition: 12 currentAminoAcid: I =&gt; 10
  input in matrix: state: C currentWindowPosition: 13 currentAminoAcid: I =&gt; 18
  input in matrix: state: C currentWindowPosition: 14 currentAminoAcid: I =&gt; 15
  input in matrix: state: C currentWindowPosition: 15 currentAminoAcid: I =&gt; 17
  input in matrix: state: C currentWindowPosition: 16 currentAminoAcid: I =&gt; 22
Process line: K	11	18	13	16	21	13	22	19	0	21	19	17	21	14	19	20	20
 data line!
  input in matrix: state: C currentWindowPosition: 0 currentAminoAcid: K =&gt; 11
  input in matrix: state: C currentWindowPosition: 1 currentAminoAcid: K =&gt; 18
  input in matrix: state: C currentWindowPosition: 2 currentAminoAcid: K =&gt; 13
  input in matrix: state: C currentWindowPosition: 3 currentAminoAcid: K =&gt; 16
  input in matrix: state: C currentWindowPosition: 4 currentAminoAcid: K =&gt; 21
  input in matrix: state: C currentWindowPosition: 5 currentAminoAcid: K =&gt; 13
  input in matrix: state: C currentWindowPosition: 6 currentAminoAcid: K =&gt; 22
  input in matrix: state: C currentWindowPosition: 7 currentAminoAcid: K =&gt; 19
  input in matrix: state: C currentWindowPosition: 8 currentAminoAcid: K =&gt; 0
  input in matrix: state: C currentWindowPosition: 9 currentAminoAcid: K =&gt; 21
  input in matrix: state: C currentWindowPosition: 10 currentAminoAcid: K =&gt; 19
  input in matrix: state: C currentWindowPosition: 11 currentAminoAcid: K =&gt; 17
  input in matrix: state: C currentWindowPosition: 12 currentAminoAcid: K =&gt; 21
  input in matrix: state: C currentWindowPosition: 13 currentAminoAcid: K =&gt; 14
  input in matrix: state: C currentWindowPosition: 14 currentAminoAcid: K =&gt; 19
  input in matrix: state: C currentWindowPosition: 15 currentAminoAcid: K =&gt; 20
  input in matrix: state: C currentWindowPosition: 16 currentAminoAcid: K =&gt; 20
Process line: L	27	30	32	27	25	22	18	15	0	15	23	19	21	30	24	24	32
 data line!
  input in matrix: state: C currentWindowPosition: 0 currentAminoAcid: L =&gt; 27
  input in matrix: state: C currentWindowPosition: 1 currentAminoAcid: L =&gt; 30
  input in matrix: state: C currentWindowPosition: 2 currentAminoAcid: L =&gt; 32
  input in matrix: state: C currentWindowPosition: 3 currentAminoAcid: L =&gt; 27
  input in matrix: state: C currentWindowPosition: 4 currentAminoAcid: L =&gt; 25
  input in matrix: state: C currentWindowPosition: 5 currentAminoAcid: L =&gt; 22
  input in matrix: state: C currentWindowPosition: 6 currentAminoAcid: L =&gt; 18
  input in matrix: state: C currentWindowPosition: 7 currentAminoAcid: L =&gt; 15
  input in matrix: state: C currentWindowPosition: 8 currentAminoAcid: L =&gt; 0
  input in matrix: state: C currentWindowPosition: 9 currentAminoAcid: L =&gt; 15
  input in matrix: state: C currentWindowPosition: 10 currentAminoAcid: L =&gt; 23
  input in matrix: state: C currentWindowPosition: 11 currentAminoAcid: L =&gt; 19
  input in matrix: state: C currentWindowPosition: 12 currentAminoAcid: L =&gt; 21
  input in matrix: state: C currentWindowPosition: 13 currentAminoAcid: L =&gt; 30
  input in matrix: state: C currentWindowPosition: 14 currentAminoAcid: L =&gt; 24
  input in matrix: state: C currentWindowPosition: 15 currentAminoAcid: L =&gt; 24
  input in matrix: state: C currentWindowPosition: 16 currentAminoAcid: L =&gt; 32
Process line: M	7	6	7	6	8	3	5	9	0	3	4	3	4	5	10	7	7
 data line!
  input in matrix: state: C currentWindowPosition: 0 currentAminoAcid: M =&gt; 7
  input in matrix: state: C currentWindowPosition: 1 currentAminoAcid: M =&gt; 6
  input in matrix: state: C currentWindowPosition: 2 currentAminoAcid: M =&gt; 7
  input in matrix: state: C currentWindowPosition: 3 currentAminoAcid: M =&gt; 6
  input in matrix: state: C currentWindowPosition: 4 currentAminoAcid: M =&gt; 8
  input in matrix: state: C currentWindowPosition: 5 currentAminoAcid: M =&gt; 3
  input in matrix: state: C currentWindowPosition: 6 currentAminoAcid: M =&gt; 5
  input in matrix: state: C currentWindowPosition: 7 currentAminoAcid: M =&gt; 9
  input in matrix: state: C currentWindowPosition: 8 currentAminoAcid: M =&gt; 0
  input in matrix: state: C currentWindowPosition: 9 currentAminoAcid: M =&gt; 3
  input in matrix: state: C currentWindowPosition: 10 currentAminoAcid: M =&gt; 4
  input in matrix: state: C currentWindowPosition: 11 currentAminoAcid: M =&gt; 3
  input in matrix: state: C currentWindowPosition: 12 currentAminoAcid: M =&gt; 4
  input in matrix: state: C currentWindowPosition: 13 currentAminoAcid: M =&gt; 5
  input in matrix: state: C currentWindowPosition: 14 currentAminoAcid: M =&gt; 10
  input in matrix: state: C currentWindowPosition: 15 currentAminoAcid: M =&gt; 7
  input in matrix: state: C currentWindowPosition: 16 currentAminoAcid: M =&gt; 7
Process line: N	17	20	20	13	20	27	16	25	0	24	23	18	26	22	15	20	12
 data line!
  input in matrix: state: C currentWindowPosition: 0 currentAminoAcid: N =&gt; 17
  input in matrix: state: C currentWindowPosition: 1 currentAminoAcid: N =&gt; 20
  input in matrix: state: C currentWindowPosition: 2 currentAminoAcid: N =&gt; 20
  input in matrix: state: C currentWindowPosition: 3 currentAminoAcid: N =&gt; 13
  input in matrix: state: C currentWindowPosition: 4 currentAminoAcid: N =&gt; 20
  input in matrix: state: C currentWindowPosition: 5 currentAminoAcid: N =&gt; 27
  input in matrix: state: C currentWindowPosition: 6 currentAminoAcid: N =&gt; 16
  input in matrix: state: C currentWindowPosition: 7 currentAminoAcid: N =&gt; 25
  input in matrix: state: C currentWindowPosition: 8 currentAminoAcid: N =&gt; 0
  input in matrix: state: C currentWindowPosition: 9 currentAminoAcid: N =&gt; 24
  input in matrix: state: C currentWindowPosition: 10 currentAminoAcid: N =&gt; 23
  input in matrix: state: C currentWindowPosition: 11 currentAminoAcid: N =&gt; 18
  input in matrix: state: C currentWindowPosition: 12 currentAminoAcid: N =&gt; 26
  input in matrix: state: C currentWindowPosition: 13 currentAminoAcid: N =&gt; 22
  input in matrix: state: C currentWindowPosition: 14 currentAminoAcid: N =&gt; 15
  input in matrix: state: C currentWindowPosition: 15 currentAminoAcid: N =&gt; 20
  input in matrix: state: C currentWindowPosition: 16 currentAminoAcid: N =&gt; 12
Process line: P	18	23	12	21	15	24	21	28	0	25	25	27	25	17	16	13	20
 data line!
  input in matrix: state: C currentWindowPosition: 0 currentAminoAcid: P =&gt; 18
  input in matrix: state: C currentWindowPosition: 1 currentAminoAcid: P =&gt; 23
  input in matrix: state: C currentWindowPosition: 2 currentAminoAcid: P =&gt; 12
  input in matrix: state: C currentWindowPosition: 3 currentAminoAcid: P =&gt; 21
  input in matrix: state: C currentWindowPosition: 4 currentAminoAcid: P =&gt; 15
  input in matrix: state: C currentWindowPosition: 5 currentAminoAcid: P =&gt; 24
  input in matrix: state: C currentWindowPosition: 6 currentAminoAcid: P =&gt; 21
  input in matrix: state: C currentWindowPosition: 7 currentAminoAcid: P =&gt; 28
  input in matrix: state: C currentWindowPosition: 8 currentAminoAcid: P =&gt; 0
  input in matrix: state: C currentWindowPosition: 9 currentAminoAcid: P =&gt; 25
  input in matrix: state: C currentWindowPosition: 10 currentAminoAcid: P =&gt; 25
  input in matrix: state: C currentWindowPosition: 11 currentAminoAcid: P =&gt; 27
  input in matrix: state: C currentWindowPosition: 12 currentAminoAcid: P =&gt; 25
  input in matrix: state: C currentWindowPosition: 13 currentAminoAcid: P =&gt; 17
  input in matrix: state: C currentWindowPosition: 14 currentAminoAcid: P =&gt; 16
  input in matrix: state: C currentWindowPosition: 15 currentAminoAcid: P =&gt; 13
  input in matrix: state: C currentWindowPosition: 16 currentAminoAcid: P =&gt; 20
Process line: Q	10	17	14	13	14	15	12	14	0	16	10	13	16	18	17	15	13
 data line!
  input in matrix: state: C currentWindowPosition: 0 currentAminoAcid: Q =&gt; 10
  input in matrix: state: C currentWindowPosition: 1 currentAminoAcid: Q =&gt; 17
  input in matrix: state: C currentWindowPosition: 2 currentAminoAcid: Q =&gt; 14
  input in matrix: state: C currentWindowPosition: 3 currentAminoAcid: Q =&gt; 13
  input in matrix: state: C currentWindowPosition: 4 currentAminoAcid: Q =&gt; 14
  input in matrix: state: C currentWindowPosition: 5 currentAminoAcid: Q =&gt; 15
  input in matrix: state: C currentWindowPosition: 6 currentAminoAcid: Q =&gt; 12
  input in matrix: state: C currentWindowPosition: 7 currentAminoAcid: Q =&gt; 14
  input in matrix: state: C currentWindowPosition: 8 currentAminoAcid: Q =&gt; 0
  input in matrix: state: C currentWindowPosition: 9 currentAminoAcid: Q =&gt; 16
  input in matrix: state: C currentWindowPosition: 10 currentAminoAcid: Q =&gt; 10
  input in matrix: state: C currentWindowPosition: 11 currentAminoAcid: Q =&gt; 13
  input in matrix: state: C currentWindowPosition: 12 currentAminoAcid: Q =&gt; 16
  input in matrix: state: C currentWindowPosition: 13 currentAminoAcid: Q =&gt; 18
  input in matrix: state: C currentWindowPosition: 14 currentAminoAcid: Q =&gt; 17
  input in matrix: state: C currentWindowPosition: 15 currentAminoAcid: Q =&gt; 15
  input in matrix: state: C currentWindowPosition: 16 currentAminoAcid: Q =&gt; 13
Process line: R	21	17	19	15	10	9	19	15	0	12	9	15	16	19	18	15	16
 data line!
  input in matrix: state: C currentWindowPosition: 0 currentAminoAcid: R =&gt; 21
  input in matrix: state: C currentWindowPosition: 1 currentAminoAcid: R =&gt; 17
  input in matrix: state: C currentWindowPosition: 2 currentAminoAcid: R =&gt; 19
  input in matrix: state: C currentWindowPosition: 3 currentAminoAcid: R =&gt; 15
  input in matrix: state: C currentWindowPosition: 4 currentAminoAcid: R =&gt; 10
  input in matrix: state: C currentWindowPosition: 5 currentAminoAcid: R =&gt; 9
  input in matrix: state: C currentWindowPosition: 6 currentAminoAcid: R =&gt; 19
  input in matrix: state: C currentWindowPosition: 7 currentAminoAcid: R =&gt; 15
  input in matrix: state: C currentWindowPosition: 8 currentAminoAcid: R =&gt; 0
  input in matrix: state: C currentWindowPosition: 9 currentAminoAcid: R =&gt; 12
  input in matrix: state: C currentWindowPosition: 10 currentAminoAcid: R =&gt; 9
  input in matrix: state: C currentWindowPosition: 11 currentAminoAcid: R =&gt; 15
  input in matrix: state: C currentWindowPosition: 12 currentAminoAcid: R =&gt; 16
  input in matrix: state: C currentWindowPosition: 13 currentAminoAcid: R =&gt; 19
  input in matrix: state: C currentWindowPosition: 14 currentAminoAcid: R =&gt; 18
  input in matrix: state: C currentWindowPosition: 15 currentAminoAcid: R =&gt; 15
  input in matrix: state: C currentWindowPosition: 16 currentAminoAcid: R =&gt; 16
Process line: S	26	23	22	21	19	31	31	33	0	31	25	31	20	26	24	27	19
 data line!
  input in matrix: state: C currentWindowPosition: 0 currentAminoAcid: S =&gt; 26
  input in matrix: state: C currentWindowPosition: 1 currentAminoAcid: S =&gt; 23
  input in matrix: state: C currentWindowPosition: 2 currentAminoAcid: S =&gt; 22
  input in matrix: state: C currentWindowPosition: 3 currentAminoAcid: S =&gt; 21
  input in matrix: state: C currentWindowPosition: 4 currentAminoAcid: S =&gt; 19
  input in matrix: state: C currentWindowPosition: 5 currentAminoAcid: S =&gt; 31
  input in matrix: state: C currentWindowPosition: 6 currentAminoAcid: S =&gt; 31
  input in matrix: state: C currentWindowPosition: 7 currentAminoAcid: S =&gt; 33
  input in matrix: state: C currentWindowPosition: 8 currentAminoAcid: S =&gt; 0
  input in matrix: state: C currentWindowPosition: 9 currentAminoAcid: S =&gt; 31
  input in matrix: state: C currentWindowPosition: 10 currentAminoAcid: S =&gt; 25
  input in matrix: state: C currentWindowPosition: 11 currentAminoAcid: S =&gt; 31
  input in matrix: state: C currentWindowPosition: 12 currentAminoAcid: S =&gt; 20
  input in matrix: state: C currentWindowPosition: 13 currentAminoAcid: S =&gt; 26
  input in matrix: state: C currentWindowPosition: 14 currentAminoAcid: S =&gt; 24
  input in matrix: state: C currentWindowPosition: 15 currentAminoAcid: S =&gt; 27
  input in matrix: state: C currentWindowPosition: 16 currentAminoAcid: S =&gt; 19
Process line: T	24	31	22	14	18	28	22	23	0	29	24	20	24	24	21	23	21
 data line!
  input in matrix: state: C currentWindowPosition: 0 currentAminoAcid: T =&gt; 24
  input in matrix: state: C currentWindowPosition: 1 currentAminoAcid: T =&gt; 31
  input in matrix: state: C currentWindowPosition: 2 currentAminoAcid: T =&gt; 22
  input in matrix: state: C currentWindowPosition: 3 currentAminoAcid: T =&gt; 14
  input in matrix: state: C currentWindowPosition: 4 currentAminoAcid: T =&gt; 18
  input in matrix: state: C currentWindowPosition: 5 currentAminoAcid: T =&gt; 28
  input in matrix: state: C currentWindowPosition: 6 currentAminoAcid: T =&gt; 22
  input in matrix: state: C currentWindowPosition: 7 currentAminoAcid: T =&gt; 23
  input in matrix: state: C currentWindowPosition: 8 currentAminoAcid: T =&gt; 0
  input in matrix: state: C currentWindowPosition: 9 currentAminoAcid: T =&gt; 29
  input in matrix: state: C currentWindowPosition: 10 currentAminoAcid: T =&gt; 24
  input in matrix: state: C currentWindowPosition: 11 currentAminoAcid: T =&gt; 20
  input in matrix: state: C currentWindowPosition: 12 currentAminoAcid: T =&gt; 24
  input in matrix: state: C currentWindowPosition: 13 currentAminoAcid: T =&gt; 24
  input in matrix: state: C currentWindowPosition: 14 currentAminoAcid: T =&gt; 21
  input in matrix: state: C currentWindowPosition: 15 currentAminoAcid: T =&gt; 23
  input in matrix: state: C currentWindowPosition: 16 currentAminoAcid: T =&gt; 21
Process line: V	29	21	38	34	27	22	10	13	0	19	18	20	20	20	30	24	25
 data line!
  input in matrix: state: C currentWindowPosition: 0 currentAminoAcid: V =&gt; 29
  input in matrix: state: C currentWindowPosition: 1 currentAminoAcid: V =&gt; 21
  input in matrix: state: C currentWindowPosition: 2 currentAminoAcid: V =&gt; 38
  input in matrix: state: C currentWindowPosition: 3 currentAminoAcid: V =&gt; 34
  input in matrix: state: C currentWindowPosition: 4 currentAminoAcid: V =&gt; 27
  input in matrix: state: C currentWindowPosition: 5 currentAminoAcid: V =&gt; 22
  input in matrix: state: C currentWindowPosition: 6 currentAminoAcid: V =&gt; 10
  input in matrix: state: C currentWindowPosition: 7 currentAminoAcid: V =&gt; 13
  input in matrix: state: C currentWindowPosition: 8 currentAminoAcid: V =&gt; 0
  input in matrix: state: C currentWindowPosition: 9 currentAminoAcid: V =&gt; 19
  input in matrix: state: C currentWindowPosition: 10 currentAminoAcid: V =&gt; 18
  input in matrix: state: C currentWindowPosition: 11 currentAminoAcid: V =&gt; 20
  input in matrix: state: C currentWindowPosition: 12 currentAminoAcid: V =&gt; 20
  input in matrix: state: C currentWindowPosition: 13 currentAminoAcid: V =&gt; 20
  input in matrix: state: C currentWindowPosition: 14 currentAminoAcid: V =&gt; 30
  input in matrix: state: C currentWindowPosition: 15 currentAminoAcid: V =&gt; 24
  input in matrix: state: C currentWindowPosition: 16 currentAminoAcid: V =&gt; 25
Process line: W	6	2	10	7	8	7	6	4	360	4	6	9	4	4	6	4	5
 data line!
  input in matrix: state: C currentWindowPosition: 0 currentAminoAcid: W =&gt; 6
  input in matrix: state: C currentWindowPosition: 1 currentAminoAcid: W =&gt; 2
  input in matrix: state: C currentWindowPosition: 2 currentAminoAcid: W =&gt; 10
  input in matrix: state: C currentWindowPosition: 3 currentAminoAcid: W =&gt; 7
  input in matrix: state: C currentWindowPosition: 4 currentAminoAcid: W =&gt; 8
  input in matrix: state: C currentWindowPosition: 5 currentAminoAcid: W =&gt; 7
  input in matrix: state: C currentWindowPosition: 6 currentAminoAcid: W =&gt; 6
  input in matrix: state: C currentWindowPosition: 7 currentAminoAcid: W =&gt; 4
  input in matrix: state: C currentWindowPosition: 8 currentAminoAcid: W =&gt; 360
  input in matrix: state: C currentWindowPosition: 9 currentAminoAcid: W =&gt; 4
  input in matrix: state: C currentWindowPosition: 10 currentAminoAcid: W =&gt; 6
  input in matrix: state: C currentWindowPosition: 11 currentAminoAcid: W =&gt; 9
  input in matrix: state: C currentWindowPosition: 12 currentAminoAcid: W =&gt; 4
  input in matrix: state: C currentWindowPosition: 13 currentAminoAcid: W =&gt; 4
  input in matrix: state: C currentWindowPosition: 14 currentAminoAcid: W =&gt; 6
  input in matrix: state: C currentWindowPosition: 15 currentAminoAcid: W =&gt; 4
  input in matrix: state: C currentWindowPosition: 16 currentAminoAcid: W =&gt; 5
Process line: Y	11	16	11	14	13	11	11	13	0	11	12	10	20	18	13	18	19
 data line!
  input in matrix: state: C currentWindowPosition: 0 currentAminoAcid: Y =&gt; 11
  input in matrix: state: C currentWindowPosition: 1 currentAminoAcid: Y =&gt; 16
  input in matrix: state: C currentWindowPosition: 2 currentAminoAcid: Y =&gt; 11
  input in matrix: state: C currentWindowPosition: 3 currentAminoAcid: Y =&gt; 14
  input in matrix: state: C currentWindowPosition: 4 currentAminoAcid: Y =&gt; 13
  input in matrix: state: C currentWindowPosition: 5 currentAminoAcid: Y =&gt; 11
  input in matrix: state: C currentWindowPosition: 6 currentAminoAcid: Y =&gt; 11
  input in matrix: state: C currentWindowPosition: 7 currentAminoAcid: Y =&gt; 13
  input in matrix: state: C currentWindowPosition: 8 currentAminoAcid: Y =&gt; 0
  input in matrix: state: C currentWindowPosition: 9 currentAminoAcid: Y =&gt; 11
  input in matrix: state: C currentWindowPosition: 10 currentAminoAcid: Y =&gt; 12
  input in matrix: state: C currentWindowPosition: 11 currentAminoAcid: Y =&gt; 10
  input in matrix: state: C currentWindowPosition: 12 currentAminoAcid: Y =&gt; 20
  input in matrix: state: C currentWindowPosition: 13 currentAminoAcid: Y =&gt; 18
  input in matrix: state: C currentWindowPosition: 14 currentAminoAcid: Y =&gt; 13
  input in matrix: state: C currentWindowPosition: 15 currentAminoAcid: Y =&gt; 18
  input in matrix: state: C currentWindowPosition: 16 currentAminoAcid: Y =&gt; 19
Process line: 
 Skip line!
Process line: 
 Skip line!
Process line: =W,E=
 state line! (now in state: E)
Process line: 
 Skip line!
Process line: A	33	32	18	21	18	26	21	24	0	22	21	24	22	15	22	32	19
 data line!
  input in matrix: state: E currentWindowPosition: 0 currentAminoAcid: A =&gt; 33
  input in matrix: state: E currentWindowPosition: 1 currentAminoAcid: A =&gt; 32
  input in matrix: state: E currentWindowPosition: 2 currentAminoAcid: A =&gt; 18
  input in matrix: state: E currentWindowPosition: 3 currentAminoAcid: A =&gt; 21
  input in matrix: state: E currentWindowPosition: 4 currentAminoAcid: A =&gt; 18
  input in matrix: state: E currentWindowPosition: 5 currentAminoAcid: A =&gt; 26
  input in matrix: state: E currentWindowPosition: 6 currentAminoAcid: A =&gt; 21
  input in matrix: state: E currentWindowPosition: 7 currentAminoAcid: A =&gt; 24
  input in matrix: state: E currentWindowPosition: 8 currentAminoAcid: A =&gt; 0
  input in matrix: state: E currentWindowPosition: 9 currentAminoAcid: A =&gt; 22
  input in matrix: state: E currentWindowPosition: 10 currentAminoAcid: A =&gt; 21
  input in matrix: state: E currentWindowPosition: 11 currentAminoAcid: A =&gt; 24
  input in matrix: state: E currentWindowPosition: 12 currentAminoAcid: A =&gt; 22
  input in matrix: state: E currentWindowPosition: 13 currentAminoAcid: A =&gt; 15
  input in matrix: state: E currentWindowPosition: 14 currentAminoAcid: A =&gt; 22
  input in matrix: state: E currentWindowPosition: 15 currentAminoAcid: A =&gt; 32
  input in matrix: state: E currentWindowPosition: 16 currentAminoAcid: A =&gt; 19
Process line: C	1	8	8	5	7	6	7	7	0	7	4	8	12	3	5	7	5
 data line!
  input in matrix: state: E currentWindowPosition: 0 currentAminoAcid: C =&gt; 1
  input in matrix: state: E currentWindowPosition: 1 currentAminoAcid: C =&gt; 8
  input in matrix: state: E currentWindowPosition: 2 currentAminoAcid: C =&gt; 8
  input in matrix: state: E currentWindowPosition: 3 currentAminoAcid: C =&gt; 5
  input in matrix: state: E currentWindowPosition: 4 currentAminoAcid: C =&gt; 7
  input in matrix: state: E currentWindowPosition: 5 currentAminoAcid: C =&gt; 6
  input in matrix: state: E currentWindowPosition: 6 currentAminoAcid: C =&gt; 7
  input in matrix: state: E currentWindowPosition: 7 currentAminoAcid: C =&gt; 7
  input in matrix: state: E currentWindowPosition: 8 currentAminoAcid: C =&gt; 0
  input in matrix: state: E currentWindowPosition: 9 currentAminoAcid: C =&gt; 7
  input in matrix: state: E currentWindowPosition: 10 currentAminoAcid: C =&gt; 4
  input in matrix: state: E currentWindowPosition: 11 currentAminoAcid: C =&gt; 8
  input in matrix: state: E currentWindowPosition: 12 currentAminoAcid: C =&gt; 12
  input in matrix: state: E currentWindowPosition: 13 currentAminoAcid: C =&gt; 3
  input in matrix: state: E currentWindowPosition: 14 currentAminoAcid: C =&gt; 5
  input in matrix: state: E currentWindowPosition: 15 currentAminoAcid: C =&gt; 7
  input in matrix: state: E currentWindowPosition: 16 currentAminoAcid: C =&gt; 5
Process line: D	18	22	24	26	30	20	23	13	0	22	23	22	28	25	28	15	18
 data line!
  input in matrix: state: E currentWindowPosition: 0 currentAminoAcid: D =&gt; 18
  input in matrix: state: E currentWindowPosition: 1 currentAminoAcid: D =&gt; 22
  input in matrix: state: E currentWindowPosition: 2 currentAminoAcid: D =&gt; 24
  input in matrix: state: E currentWindowPosition: 3 currentAminoAcid: D =&gt; 26
  input in matrix: state: E currentWindowPosition: 4 currentAminoAcid: D =&gt; 30
  input in matrix: state: E currentWindowPosition: 5 currentAminoAcid: D =&gt; 20
  input in matrix: state: E currentWindowPosition: 6 currentAminoAcid: D =&gt; 23
  input in matrix: state: E currentWindowPosition: 7 currentAminoAcid: D =&gt; 13
  input in matrix: state: E currentWindowPosition: 8 currentAminoAcid: D =&gt; 0
  input in matrix: state: E currentWindowPosition: 9 currentAminoAcid: D =&gt; 22
  input in matrix: state: E currentWindowPosition: 10 currentAminoAcid: D =&gt; 23
  input in matrix: state: E currentWindowPosition: 11 currentAminoAcid: D =&gt; 22
  input in matrix: state: E currentWindowPosition: 12 currentAminoAcid: D =&gt; 28
  input in matrix: state: E currentWindowPosition: 13 currentAminoAcid: D =&gt; 25
  input in matrix: state: E currentWindowPosition: 14 currentAminoAcid: D =&gt; 28
  input in matrix: state: E currentWindowPosition: 15 currentAminoAcid: D =&gt; 15
  input in matrix: state: E currentWindowPosition: 16 currentAminoAcid: D =&gt; 18
Process line: E	22	21	20	19	20	10	18	14	0	25	18	14	22	13	25	18	12
 data line!
  input in matrix: state: E currentWindowPosition: 0 currentAminoAcid: E =&gt; 22
  input in matrix: state: E currentWindowPosition: 1 currentAminoAcid: E =&gt; 21
  input in matrix: state: E currentWindowPosition: 2 currentAminoAcid: E =&gt; 20
  input in matrix: state: E currentWindowPosition: 3 currentAminoAcid: E =&gt; 19
  input in matrix: state: E currentWindowPosition: 4 currentAminoAcid: E =&gt; 20
  input in matrix: state: E currentWindowPosition: 5 currentAminoAcid: E =&gt; 10
  input in matrix: state: E currentWindowPosition: 6 currentAminoAcid: E =&gt; 18
  input in matrix: state: E currentWindowPosition: 7 currentAminoAcid: E =&gt; 14
  input in matrix: state: E currentWindowPosition: 8 currentAminoAcid: E =&gt; 0
  input in matrix: state: E currentWindowPosition: 9 currentAminoAcid: E =&gt; 25
  input in matrix: state: E currentWindowPosition: 10 currentAminoAcid: E =&gt; 18
  input in matrix: state: E currentWindowPosition: 11 currentAminoAcid: E =&gt; 14
  input in matrix: state: E currentWindowPosition: 12 currentAminoAcid: E =&gt; 22
  input in matrix: state: E currentWindowPosition: 13 currentAminoAcid: E =&gt; 13
  input in matrix: state: E currentWindowPosition: 14 currentAminoAcid: E =&gt; 25
  input in matrix: state: E currentWindowPosition: 15 currentAminoAcid: E =&gt; 18
  input in matrix: state: E currentWindowPosition: 16 currentAminoAcid: E =&gt; 12
Process line: F	14	10	13	12	17	12	23	13	0	10	15	13	11	18	13	13	12
 data line!
  input in matrix: state: E currentWindowPosition: 0 currentAminoAcid: F =&gt; 14
  input in matrix: state: E currentWindowPosition: 1 currentAminoAcid: F =&gt; 10
  input in matrix: state: E currentWindowPosition: 2 currentAminoAcid: F =&gt; 13
  input in matrix: state: E currentWindowPosition: 3 currentAminoAcid: F =&gt; 12
  input in matrix: state: E currentWindowPosition: 4 currentAminoAcid: F =&gt; 17
  input in matrix: state: E currentWindowPosition: 5 currentAminoAcid: F =&gt; 12
  input in matrix: state: E currentWindowPosition: 6 currentAminoAcid: F =&gt; 23
  input in matrix: state: E currentWindowPosition: 7 currentAminoAcid: F =&gt; 13
  input in matrix: state: E currentWindowPosition: 8 currentAminoAcid: F =&gt; 0
  input in matrix: state: E currentWindowPosition: 9 currentAminoAcid: F =&gt; 10
  input in matrix: state: E currentWindowPosition: 10 currentAminoAcid: F =&gt; 15
  input in matrix: state: E currentWindowPosition: 11 currentAminoAcid: F =&gt; 13
  input in matrix: state: E currentWindowPosition: 12 currentAminoAcid: F =&gt; 11
  input in matrix: state: E currentWindowPosition: 13 currentAminoAcid: F =&gt; 18
  input in matrix: state: E currentWindowPosition: 14 currentAminoAcid: F =&gt; 13
  input in matrix: state: E currentWindowPosition: 15 currentAminoAcid: F =&gt; 13
  input in matrix: state: E currentWindowPosition: 16 currentAminoAcid: F =&gt; 12
Process line: G	22	37	40	40	33	37	32	28	0	15	26	30	40	44	32	33	31
 data line!
  input in matrix: state: E currentWindowPosition: 0 currentAminoAcid: G =&gt; 22
  input in matrix: state: E currentWindowPosition: 1 currentAminoAcid: G =&gt; 37
  input in matrix: state: E currentWindowPosition: 2 currentAminoAcid: G =&gt; 40
  input in matrix: state: E currentWindowPosition: 3 currentAminoAcid: G =&gt; 40
  input in matrix: state: E currentWindowPosition: 4 currentAminoAcid: G =&gt; 33
  input in matrix: state: E currentWindowPosition: 5 currentAminoAcid: G =&gt; 37
  input in matrix: state: E currentWindowPosition: 6 currentAminoAcid: G =&gt; 32
  input in matrix: state: E currentWindowPosition: 7 currentAminoAcid: G =&gt; 28
  input in matrix: state: E currentWindowPosition: 8 currentAminoAcid: G =&gt; 0
  input in matrix: state: E currentWindowPosition: 9 currentAminoAcid: G =&gt; 15
  input in matrix: state: E currentWindowPosition: 10 currentAminoAcid: G =&gt; 26
  input in matrix: state: E currentWindowPosition: 11 currentAminoAcid: G =&gt; 30
  input in matrix: state: E currentWindowPosition: 12 currentAminoAcid: G =&gt; 40
  input in matrix: state: E currentWindowPosition: 13 currentAminoAcid: G =&gt; 44
  input in matrix: state: E currentWindowPosition: 14 currentAminoAcid: G =&gt; 32
  input in matrix: state: E currentWindowPosition: 15 currentAminoAcid: G =&gt; 33
  input in matrix: state: E currentWindowPosition: 16 currentAminoAcid: G =&gt; 31
Process line: H	10	8	6	11	9	6	7	15	0	9	6	11	8	8	11	10	11
 data line!
  input in matrix: state: E currentWindowPosition: 0 currentAminoAcid: H =&gt; 10
  input in matrix: state: E currentWindowPosition: 1 currentAminoAcid: H =&gt; 8
  input in matrix: state: E currentWindowPosition: 2 currentAminoAcid: H =&gt; 6
  input in matrix: state: E currentWindowPosition: 3 currentAminoAcid: H =&gt; 11
  input in matrix: state: E currentWindowPosition: 4 currentAminoAcid: H =&gt; 9
  input in matrix: state: E currentWindowPosition: 5 currentAminoAcid: H =&gt; 6
  input in matrix: state: E currentWindowPosition: 6 currentAminoAcid: H =&gt; 7
  input in matrix: state: E currentWindowPosition: 7 currentAminoAcid: H =&gt; 15
  input in matrix: state: E currentWindowPosition: 8 currentAminoAcid: H =&gt; 0
  input in matrix: state: E currentWindowPosition: 9 currentAminoAcid: H =&gt; 9
  input in matrix: state: E currentWindowPosition: 10 currentAminoAcid: H =&gt; 6
  input in matrix: state: E currentWindowPosition: 11 currentAminoAcid: H =&gt; 11
  input in matrix: state: E currentWindowPosition: 12 currentAminoAcid: H =&gt; 8
  input in matrix: state: E currentWindowPosition: 13 currentAminoAcid: H =&gt; 8
  input in matrix: state: E currentWindowPosition: 14 currentAminoAcid: H =&gt; 11
  input in matrix: state: E currentWindowPosition: 15 currentAminoAcid: H =&gt; 10
  input in matrix: state: E currentWindowPosition: 16 currentAminoAcid: H =&gt; 11
Process line: I	22	13	14	14	13	12	26	15	0	27	26	22	14	17	16	11	16
 data line!
  input in matrix: state: E currentWindowPosition: 0 currentAminoAcid: I =&gt; 22
  input in matrix: state: E currentWindowPosition: 1 currentAminoAcid: I =&gt; 13
  input in matrix: state: E currentWindowPosition: 2 currentAminoAcid: I =&gt; 14
  input in matrix: state: E currentWindowPosition: 3 currentAminoAcid: I =&gt; 14
  input in matrix: state: E currentWindowPosition: 4 currentAminoAcid: I =&gt; 13
  input in matrix: state: E currentWindowPosition: 5 currentAminoAcid: I =&gt; 12
  input in matrix: state: E currentWindowPosition: 6 currentAminoAcid: I =&gt; 26
  input in matrix: state: E currentWindowPosition: 7 currentAminoAcid: I =&gt; 15
  input in matrix: state: E currentWindowPosition: 8 currentAminoAcid: I =&gt; 0
  input in matrix: state: E currentWindowPosition: 9 currentAminoAcid: I =&gt; 27
  input in matrix: state: E currentWindowPosition: 10 currentAminoAcid: I =&gt; 26
  input in matrix: state: E currentWindowPosition: 11 currentAminoAcid: I =&gt; 22
  input in matrix: state: E currentWindowPosition: 12 currentAminoAcid: I =&gt; 14
  input in matrix: state: E currentWindowPosition: 13 currentAminoAcid: I =&gt; 17
  input in matrix: state: E currentWindowPosition: 14 currentAminoAcid: I =&gt; 16
  input in matrix: state: E currentWindowPosition: 15 currentAminoAcid: I =&gt; 11
  input in matrix: state: E currentWindowPosition: 16 currentAminoAcid: I =&gt; 16
Process line: K	22	28	30	21	22	19	24	21	0	18	13	19	15	21	20	25	19
 data line!
  input in matrix: state: E currentWindowPosition: 0 currentAminoAcid: K =&gt; 22
  input in matrix: state: E currentWindowPosition: 1 currentAminoAcid: K =&gt; 28
  input in matrix: state: E currentWindowPosition: 2 currentAminoAcid: K =&gt; 30
  input in matrix: state: E currentWindowPosition: 3 currentAminoAcid: K =&gt; 21
  input in matrix: state: E currentWindowPosition: 4 currentAminoAcid: K =&gt; 22
  input in matrix: state: E currentWindowPosition: 5 currentAminoAcid: K =&gt; 19
  input in matrix: state: E currentWindowPosition: 6 currentAminoAcid: K =&gt; 24
  input in matrix: state: E currentWindowPosition: 7 currentAminoAcid: K =&gt; 21
  input in matrix: state: E currentWindowPosition: 8 currentAminoAcid: K =&gt; 0
  input in matrix: state: E currentWindowPosition: 9 currentAminoAcid: K =&gt; 18
  input in matrix: state: E currentWindowPosition: 10 currentAminoAcid: K =&gt; 13
  input in matrix: state: E currentWindowPosition: 11 currentAminoAcid: K =&gt; 19
  input in matrix: state: E currentWindowPosition: 12 currentAminoAcid: K =&gt; 15
  input in matrix: state: E currentWindowPosition: 13 currentAminoAcid: K =&gt; 21
  input in matrix: state: E currentWindowPosition: 14 currentAminoAcid: K =&gt; 20
  input in matrix: state: E currentWindowPosition: 15 currentAminoAcid: K =&gt; 25
  input in matrix: state: E currentWindowPosition: 16 currentAminoAcid: K =&gt; 19
Process line: L	26	26	21	21	26	27	20	27	0	23	30	22	21	11	19	20	15
 data line!
  input in matrix: state: E currentWindowPosition: 0 currentAminoAcid: L =&gt; 26
  input in matrix: state: E currentWindowPosition: 1 currentAminoAcid: L =&gt; 26
  input in matrix: state: E currentWindowPosition: 2 currentAminoAcid: L =&gt; 21
  input in matrix: state: E currentWindowPosition: 3 currentAminoAcid: L =&gt; 21
  input in matrix: state: E currentWindowPosition: 4 currentAminoAcid: L =&gt; 26
  input in matrix: state: E currentWindowPosition: 5 currentAminoAcid: L =&gt; 27
  input in matrix: state: E currentWindowPosition: 6 currentAminoAcid: L =&gt; 20
  input in matrix: state: E currentWindowPosition: 7 currentAminoAcid: L =&gt; 27
  input in matrix: state: E currentWindowPosition: 8 currentAminoAcid: L =&gt; 0
  input in matrix: state: E currentWindowPosition: 9 currentAminoAcid: L =&gt; 23
  input in matrix: state: E currentWindowPosition: 10 currentAminoAcid: L =&gt; 30
  input in matrix: state: E currentWindowPosition: 11 currentAminoAcid: L =&gt; 22
  input in matrix: state: E currentWindowPosition: 12 currentAminoAcid: L =&gt; 21
  input in matrix: state: E currentWindowPosition: 13 currentAminoAcid: L =&gt; 11
  input in matrix: state: E currentWindowPosition: 14 currentAminoAcid: L =&gt; 19
  input in matrix: state: E currentWindowPosition: 15 currentAminoAcid: L =&gt; 20
  input in matrix: state: E currentWindowPosition: 16 currentAminoAcid: L =&gt; 15
Process line: M	3	5	10	2	10	9	6	5	0	9	3	4	3	6	6	7	3
 data line!
  input in matrix: state: E currentWindowPosition: 0 currentAminoAcid: M =&gt; 3
  input in matrix: state: E currentWindowPosition: 1 currentAminoAcid: M =&gt; 5
  input in matrix: state: E currentWindowPosition: 2 currentAminoAcid: M =&gt; 10
  input in matrix: state: E currentWindowPosition: 3 currentAminoAcid: M =&gt; 2
  input in matrix: state: E currentWindowPosition: 4 currentAminoAcid: M =&gt; 10
  input in matrix: state: E currentWindowPosition: 5 currentAminoAcid: M =&gt; 9
  input in matrix: state: E currentWindowPosition: 6 currentAminoAcid: M =&gt; 6
  input in matrix: state: E currentWindowPosition: 7 currentAminoAcid: M =&gt; 5
  input in matrix: state: E currentWindowPosition: 8 currentAminoAcid: M =&gt; 0
  input in matrix: state: E currentWindowPosition: 9 currentAminoAcid: M =&gt; 9
  input in matrix: state: E currentWindowPosition: 10 currentAminoAcid: M =&gt; 3
  input in matrix: state: E currentWindowPosition: 11 currentAminoAcid: M =&gt; 4
  input in matrix: state: E currentWindowPosition: 12 currentAminoAcid: M =&gt; 3
  input in matrix: state: E currentWindowPosition: 13 currentAminoAcid: M =&gt; 6
  input in matrix: state: E currentWindowPosition: 14 currentAminoAcid: M =&gt; 6
  input in matrix: state: E currentWindowPosition: 15 currentAminoAcid: M =&gt; 7
  input in matrix: state: E currentWindowPosition: 16 currentAminoAcid: M =&gt; 3
Process line: N	18	21	25	29	20	16	14	18	0	18	17	17	11	20	32	23	17
 data line!
  input in matrix: state: E currentWindowPosition: 0 currentAminoAcid: N =&gt; 18
  input in matrix: state: E currentWindowPosition: 1 currentAminoAcid: N =&gt; 21
  input in matrix: state: E currentWindowPosition: 2 currentAminoAcid: N =&gt; 25
  input in matrix: state: E currentWindowPosition: 3 currentAminoAcid: N =&gt; 29
  input in matrix: state: E currentWindowPosition: 4 currentAminoAcid: N =&gt; 20
  input in matrix: state: E currentWindowPosition: 5 currentAminoAcid: N =&gt; 16
  input in matrix: state: E currentWindowPosition: 6 currentAminoAcid: N =&gt; 14
  input in matrix: state: E currentWindowPosition: 7 currentAminoAcid: N =&gt; 18
  input in matrix: state: E currentWindowPosition: 8 currentAminoAcid: N =&gt; 0
  input in matrix: state: E currentWindowPosition: 9 currentAminoAcid: N =&gt; 18
  input in matrix: state: E currentWindowPosition: 10 currentAminoAcid: N =&gt; 17
  input in matrix: state: E currentWindowPosition: 11 currentAminoAcid: N =&gt; 17
  input in matrix: state: E currentWindowPosition: 12 currentAminoAcid: N =&gt; 11
  input in matrix: state: E currentWindowPosition: 13 currentAminoAcid: N =&gt; 20
  input in matrix: state: E currentWindowPosition: 14 currentAminoAcid: N =&gt; 32
  input in matrix: state: E currentWindowPosition: 15 currentAminoAcid: N =&gt; 23
  input in matrix: state: E currentWindowPosition: 16 currentAminoAcid: N =&gt; 17
Process line: P	17	15	20	16	17	19	14	14	0	5	22	22	19	21	20	21	25
 data line!
  input in matrix: state: E currentWindowPosition: 0 currentAminoAcid: P =&gt; 17
  input in matrix: state: E currentWindowPosition: 1 currentAminoAcid: P =&gt; 15
  input in matrix: state: E currentWindowPosition: 2 currentAminoAcid: P =&gt; 20
  input in matrix: state: E currentWindowPosition: 3 currentAminoAcid: P =&gt; 16
  input in matrix: state: E currentWindowPosition: 4 currentAminoAcid: P =&gt; 17
  input in matrix: state: E currentWindowPosition: 5 currentAminoAcid: P =&gt; 19
  input in matrix: state: E currentWindowPosition: 6 currentAminoAcid: P =&gt; 14
  input in matrix: state: E currentWindowPosition: 7 currentAminoAcid: P =&gt; 14
  input in matrix: state: E currentWindowPosition: 8 currentAminoAcid: P =&gt; 0
  input in matrix: state: E currentWindowPosition: 9 currentAminoAcid: P =&gt; 5
  input in matrix: state: E currentWindowPosition: 10 currentAminoAcid: P =&gt; 22
  input in matrix: state: E currentWindowPosition: 11 currentAminoAcid: P =&gt; 22
  input in matrix: state: E currentWindowPosition: 12 currentAminoAcid: P =&gt; 19
  input in matrix: state: E currentWindowPosition: 13 currentAminoAcid: P =&gt; 21
  input in matrix: state: E currentWindowPosition: 14 currentAminoAcid: P =&gt; 20
  input in matrix: state: E currentWindowPosition: 15 currentAminoAcid: P =&gt; 21
  input in matrix: state: E currentWindowPosition: 16 currentAminoAcid: P =&gt; 25
Process line: Q	14	12	10	14	9	15	14	11	0	9	11	13	8	17	9	10	14
 data line!
  input in matrix: state: E currentWindowPosition: 0 currentAminoAcid: Q =&gt; 14
  input in matrix: state: E currentWindowPosition: 1 currentAminoAcid: Q =&gt; 12
  input in matrix: state: E currentWindowPosition: 2 currentAminoAcid: Q =&gt; 10
  input in matrix: state: E currentWindowPosition: 3 currentAminoAcid: Q =&gt; 14
  input in matrix: state: E currentWindowPosition: 4 currentAminoAcid: Q =&gt; 9
  input in matrix: state: E currentWindowPosition: 5 currentAminoAcid: Q =&gt; 15
  input in matrix: state: E currentWindowPosition: 6 currentAminoAcid: Q =&gt; 14
  input in matrix: state: E currentWindowPosition: 7 currentAminoAcid: Q =&gt; 11
  input in matrix: state: E currentWindowPosition: 8 currentAminoAcid: Q =&gt; 0
  input in matrix: state: E currentWindowPosition: 9 currentAminoAcid: Q =&gt; 9
  input in matrix: state: E currentWindowPosition: 10 currentAminoAcid: Q =&gt; 11
  input in matrix: state: E currentWindowPosition: 11 currentAminoAcid: Q =&gt; 13
  input in matrix: state: E currentWindowPosition: 12 currentAminoAcid: Q =&gt; 8
  input in matrix: state: E currentWindowPosition: 13 currentAminoAcid: Q =&gt; 17
  input in matrix: state: E currentWindowPosition: 14 currentAminoAcid: Q =&gt; 9
  input in matrix: state: E currentWindowPosition: 15 currentAminoAcid: Q =&gt; 10
  input in matrix: state: E currentWindowPosition: 16 currentAminoAcid: Q =&gt; 14
Process line: R	13	14	11	14	11	11	10	11	0	18	15	13	15	8	10	12	11
 data line!
  input in matrix: state: E currentWindowPosition: 0 currentAminoAcid: R =&gt; 13
  input in matrix: state: E currentWindowPosition: 1 currentAminoAcid: R =&gt; 14
  input in matrix: state: E currentWindowPosition: 2 currentAminoAcid: R =&gt; 11
  input in matrix: state: E currentWindowPosition: 3 currentAminoAcid: R =&gt; 14
  input in matrix: state: E currentWindowPosition: 4 currentAminoAcid: R =&gt; 11
  input in matrix: state: E currentWindowPosition: 5 currentAminoAcid: R =&gt; 11
  input in matrix: state: E currentWindowPosition: 6 currentAminoAcid: R =&gt; 10
  input in matrix: state: E currentWindowPosition: 7 currentAminoAcid: R =&gt; 11
  input in matrix: state: E currentWindowPosition: 8 currentAminoAcid: R =&gt; 0
  input in matrix: state: E currentWindowPosition: 9 currentAminoAcid: R =&gt; 18
  input in matrix: state: E currentWindowPosition: 10 currentAminoAcid: R =&gt; 15
  input in matrix: state: E currentWindowPosition: 11 currentAminoAcid: R =&gt; 13
  input in matrix: state: E currentWindowPosition: 12 currentAminoAcid: R =&gt; 15
  input in matrix: state: E currentWindowPosition: 13 currentAminoAcid: R =&gt; 8
  input in matrix: state: E currentWindowPosition: 14 currentAminoAcid: R =&gt; 10
  input in matrix: state: E currentWindowPosition: 15 currentAminoAcid: R =&gt; 12
  input in matrix: state: E currentWindowPosition: 16 currentAminoAcid: R =&gt; 11
Process line: S	31	20	23	24	27	31	20	22	0	19	35	24	34	33	29	20	24
 data line!
  input in matrix: state: E currentWindowPosition: 0 currentAminoAcid: S =&gt; 31
  input in matrix: state: E currentWindowPosition: 1 currentAminoAcid: S =&gt; 20
  input in matrix: state: E currentWindowPosition: 2 currentAminoAcid: S =&gt; 23
  input in matrix: state: E currentWindowPosition: 3 currentAminoAcid: S =&gt; 24
  input in matrix: state: E currentWindowPosition: 4 currentAminoAcid: S =&gt; 27
  input in matrix: state: E currentWindowPosition: 5 currentAminoAcid: S =&gt; 31
  input in matrix: state: E currentWindowPosition: 6 currentAminoAcid: S =&gt; 20
  input in matrix: state: E currentWindowPosition: 7 currentAminoAcid: S =&gt; 22
  input in matrix: state: E currentWindowPosition: 8 currentAminoAcid: S =&gt; 0
  input in matrix: state: E currentWindowPosition: 9 currentAminoAcid: S =&gt; 19
  input in matrix: state: E currentWindowPosition: 10 currentAminoAcid: S =&gt; 35
  input in matrix: state: E currentWindowPosition: 11 currentAminoAcid: S =&gt; 24
  input in matrix: state: E currentWindowPosition: 12 currentAminoAcid: S =&gt; 34
  input in matrix: state: E currentWindowPosition: 13 currentAminoAcid: S =&gt; 33
  input in matrix: state: E currentWindowPosition: 14 currentAminoAcid: S =&gt; 29
  input in matrix: state: E currentWindowPosition: 15 currentAminoAcid: S =&gt; 20
  input in matrix: state: E currentWindowPosition: 16 currentAminoAcid: S =&gt; 24
Process line: T	24	17	20	18	18	22	18	39	0	26	27	25	24	28	21	32	41
 data line!
  input in matrix: state: E currentWindowPosition: 0 currentAminoAcid: T =&gt; 24
  input in matrix: state: E currentWindowPosition: 1 currentAminoAcid: T =&gt; 17
  input in matrix: state: E currentWindowPosition: 2 currentAminoAcid: T =&gt; 20
  input in matrix: state: E currentWindowPosition: 3 currentAminoAcid: T =&gt; 18
  input in matrix: state: E currentWindowPosition: 4 currentAminoAcid: T =&gt; 18
  input in matrix: state: E currentWindowPosition: 5 currentAminoAcid: T =&gt; 22
  input in matrix: state: E currentWindowPosition: 6 currentAminoAcid: T =&gt; 18
  input in matrix: state: E currentWindowPosition: 7 currentAminoAcid: T =&gt; 39
  input in matrix: state: E currentWindowPosition: 8 currentAminoAcid: T =&gt; 0
  input in matrix: state: E currentWindowPosition: 9 currentAminoAcid: T =&gt; 26
  input in matrix: state: E currentWindowPosition: 10 currentAminoAcid: T =&gt; 27
  input in matrix: state: E currentWindowPosition: 11 currentAminoAcid: T =&gt; 25
  input in matrix: state: E currentWindowPosition: 12 currentAminoAcid: T =&gt; 24
  input in matrix: state: E currentWindowPosition: 13 currentAminoAcid: T =&gt; 28
  input in matrix: state: E currentWindowPosition: 14 currentAminoAcid: T =&gt; 21
  input in matrix: state: E currentWindowPosition: 15 currentAminoAcid: T =&gt; 32
  input in matrix: state: E currentWindowPosition: 16 currentAminoAcid: T =&gt; 41
Process line: V	15	17	20	22	21	31	31	30	0	43	21	21	15	21	13	21	25
 data line!
  input in matrix: state: E currentWindowPosition: 0 currentAminoAcid: V =&gt; 15
  input in matrix: state: E currentWindowPosition: 1 currentAminoAcid: V =&gt; 17
  input in matrix: state: E currentWindowPosition: 2 currentAminoAcid: V =&gt; 20
  input in matrix: state: E currentWindowPosition: 3 currentAminoAcid: V =&gt; 22
  input in matrix: state: E currentWindowPosition: 4 currentAminoAcid: V =&gt; 21
  input in matrix: state: E currentWindowPosition: 5 currentAminoAcid: V =&gt; 31
  input in matrix: state: E currentWindowPosition: 6 currentAminoAcid: V =&gt; 31
  input in matrix: state: E currentWindowPosition: 7 currentAminoAcid: V =&gt; 30
  input in matrix: state: E currentWindowPosition: 8 currentAminoAcid: V =&gt; 0
  input in matrix: state: E currentWindowPosition: 9 currentAminoAcid: V =&gt; 43
  input in matrix: state: E currentWindowPosition: 10 currentAminoAcid: V =&gt; 21
  input in matrix: state: E currentWindowPosition: 11 currentAminoAcid: V =&gt; 21
  input in matrix: state: E currentWindowPosition: 12 currentAminoAcid: V =&gt; 15
  input in matrix: state: E currentWindowPosition: 13 currentAminoAcid: V =&gt; 21
  input in matrix: state: E currentWindowPosition: 14 currentAminoAcid: V =&gt; 13
  input in matrix: state: E currentWindowPosition: 15 currentAminoAcid: V =&gt; 21
  input in matrix: state: E currentWindowPosition: 16 currentAminoAcid: V =&gt; 25
Process line: W	8	7	3	2	3	7	5	4	347	4	6	4	6	3	6	7	11
 data line!
  input in matrix: state: E currentWindowPosition: 0 currentAminoAcid: W =&gt; 8
  input in matrix: state: E currentWindowPosition: 1 currentAminoAcid: W =&gt; 7
  input in matrix: state: E currentWindowPosition: 2 currentAminoAcid: W =&gt; 3
  input in matrix: state: E currentWindowPosition: 3 currentAminoAcid: W =&gt; 2
  input in matrix: state: E currentWindowPosition: 4 currentAminoAcid: W =&gt; 3
  input in matrix: state: E currentWindowPosition: 5 currentAminoAcid: W =&gt; 7
  input in matrix: state: E currentWindowPosition: 6 currentAminoAcid: W =&gt; 5
  input in matrix: state: E currentWindowPosition: 7 currentAminoAcid: W =&gt; 4
  input in matrix: state: E currentWindowPosition: 8 currentAminoAcid: W =&gt; 347
  input in matrix: state: E currentWindowPosition: 9 currentAminoAcid: W =&gt; 4
  input in matrix: state: E currentWindowPosition: 10 currentAminoAcid: W =&gt; 6
  input in matrix: state: E currentWindowPosition: 11 currentAminoAcid: W =&gt; 4
  input in matrix: state: E currentWindowPosition: 12 currentAminoAcid: W =&gt; 6
  input in matrix: state: E currentWindowPosition: 13 currentAminoAcid: W =&gt; 3
  input in matrix: state: E currentWindowPosition: 14 currentAminoAcid: W =&gt; 6
  input in matrix: state: E currentWindowPosition: 15 currentAminoAcid: W =&gt; 7
  input in matrix: state: E currentWindowPosition: 16 currentAminoAcid: W =&gt; 11
Process line: Y	13	14	10	14	15	11	14	16	0	18	8	19	19	15	10	10	18
 data line!
  input in matrix: state: E currentWindowPosition: 0 currentAminoAcid: Y =&gt; 13
  input in matrix: state: E currentWindowPosition: 1 currentAminoAcid: Y =&gt; 14
  input in matrix: state: E currentWindowPosition: 2 currentAminoAcid: Y =&gt; 10
  input in matrix: state: E currentWindowPosition: 3 currentAminoAcid: Y =&gt; 14
  input in matrix: state: E currentWindowPosition: 4 currentAminoAcid: Y =&gt; 15
  input in matrix: state: E currentWindowPosition: 5 currentAminoAcid: Y =&gt; 11
  input in matrix: state: E currentWindowPosition: 6 currentAminoAcid: Y =&gt; 14
  input in matrix: state: E currentWindowPosition: 7 currentAminoAcid: Y =&gt; 16
  input in matrix: state: E currentWindowPosition: 8 currentAminoAcid: Y =&gt; 0
  input in matrix: state: E currentWindowPosition: 9 currentAminoAcid: Y =&gt; 18
  input in matrix: state: E currentWindowPosition: 10 currentAminoAcid: Y =&gt; 8
  input in matrix: state: E currentWindowPosition: 11 currentAminoAcid: Y =&gt; 19
  input in matrix: state: E currentWindowPosition: 12 currentAminoAcid: Y =&gt; 19
  input in matrix: state: E currentWindowPosition: 13 currentAminoAcid: Y =&gt; 15
  input in matrix: state: E currentWindowPosition: 14 currentAminoAcid: Y =&gt; 10
  input in matrix: state: E currentWindowPosition: 15 currentAminoAcid: Y =&gt; 10
  input in matrix: state: E currentWindowPosition: 16 currentAminoAcid: Y =&gt; 18
Process line: 
 Skip line!
Process line: 
 Skip line!
Process line: =W,H=
 state line! (now in state: H)
Process line: 
 Skip line!
Process line: A	36	47	28	58	58	28	32	56	0	55	47	37	40	55	37	44	34
 data line!
  input in matrix: state: H currentWindowPosition: 0 currentAminoAcid: A =&gt; 36
  input in matrix: state: H currentWindowPosition: 1 currentAminoAcid: A =&gt; 47
  input in matrix: state: H currentWindowPosition: 2 currentAminoAcid: A =&gt; 28
  input in matrix: state: H currentWindowPosition: 3 currentAminoAcid: A =&gt; 58
  input in matrix: state: H currentWindowPosition: 4 currentAminoAcid: A =&gt; 58
  input in matrix: state: H currentWindowPosition: 5 currentAminoAcid: A =&gt; 28
  input in matrix: state: H currentWindowPosition: 6 currentAminoAcid: A =&gt; 32
  input in matrix: state: H currentWindowPosition: 7 currentAminoAcid: A =&gt; 56
  input in matrix: state: H currentWindowPosition: 8 currentAminoAcid: A =&gt; 0
  input in matrix: state: H currentWindowPosition: 9 currentAminoAcid: A =&gt; 55
  input in matrix: state: H currentWindowPosition: 10 currentAminoAcid: A =&gt; 47
  input in matrix: state: H currentWindowPosition: 11 currentAminoAcid: A =&gt; 37
  input in matrix: state: H currentWindowPosition: 12 currentAminoAcid: A =&gt; 40
  input in matrix: state: H currentWindowPosition: 13 currentAminoAcid: A =&gt; 55
  input in matrix: state: H currentWindowPosition: 14 currentAminoAcid: A =&gt; 37
  input in matrix: state: H currentWindowPosition: 15 currentAminoAcid: A =&gt; 44
  input in matrix: state: H currentWindowPosition: 16 currentAminoAcid: A =&gt; 34
Process line: C	7	6	4	2	6	3	1	4	0	1	1	4	3	4	3	2	5
 data line!
  input in matrix: state: H currentWindowPosition: 0 currentAminoAcid: C =&gt; 7
  input in matrix: state: H currentWindowPosition: 1 currentAminoAcid: C =&gt; 6
  input in matrix: state: H currentWindowPosition: 2 currentAminoAcid: C =&gt; 4
  input in matrix: state: H currentWindowPosition: 3 currentAminoAcid: C =&gt; 2
  input in matrix: state: H currentWindowPosition: 4 currentAminoAcid: C =&gt; 6
  input in matrix: state: H currentWindowPosition: 5 currentAminoAcid: C =&gt; 3
  input in matrix: state: H currentWindowPosition: 6 currentAminoAcid: C =&gt; 1
  input in matrix: state: H currentWindowPosition: 7 currentAminoAcid: C =&gt; 4
  input in matrix: state: H currentWindowPosition: 8 currentAminoAcid: C =&gt; 0
  input in matrix: state: H currentWindowPosition: 9 currentAminoAcid: C =&gt; 1
  input in matrix: state: H currentWindowPosition: 10 currentAminoAcid: C =&gt; 1
  input in matrix: state: H currentWindowPosition: 11 currentAminoAcid: C =&gt; 4
  input in matrix: state: H currentWindowPosition: 12 currentAminoAcid: C =&gt; 3
  input in matrix: state: H currentWindowPosition: 13 currentAminoAcid: C =&gt; 4
  input in matrix: state: H currentWindowPosition: 14 currentAminoAcid: C =&gt; 3
  input in matrix: state: H currentWindowPosition: 15 currentAminoAcid: C =&gt; 2
  input in matrix: state: H currentWindowPosition: 16 currentAminoAcid: C =&gt; 5
Process line: D	30	23	37	31	27	35	28	42	0	21	14	17	12	29	19	20	18
 data line!
  input in matrix: state: H currentWindowPosition: 0 currentAminoAcid: D =&gt; 30
  input in matrix: state: H currentWindowPosition: 1 currentAminoAcid: D =&gt; 23
  input in matrix: state: H currentWindowPosition: 2 currentAminoAcid: D =&gt; 37
  input in matrix: state: H currentWindowPosition: 3 currentAminoAcid: D =&gt; 31
  input in matrix: state: H currentWindowPosition: 4 currentAminoAcid: D =&gt; 27
  input in matrix: state: H currentWindowPosition: 5 currentAminoAcid: D =&gt; 35
  input in matrix: state: H currentWindowPosition: 6 currentAminoAcid: D =&gt; 28
  input in matrix: state: H currentWindowPosition: 7 currentAminoAcid: D =&gt; 42
  input in matrix: state: H currentWindowPosition: 8 currentAminoAcid: D =&gt; 0
  input in matrix: state: H currentWindowPosition: 9 currentAminoAcid: D =&gt; 21
  input in matrix: state: H currentWindowPosition: 10 currentAminoAcid: D =&gt; 14
  input in matrix: state: H currentWindowPosition: 11 currentAminoAcid: D =&gt; 17
  input in matrix: state: H currentWindowPosition: 12 currentAminoAcid: D =&gt; 12
  input in matrix: state: H currentWindowPosition: 13 currentAminoAcid: D =&gt; 29
  input in matrix: state: H currentWindowPosition: 14 currentAminoAcid: D =&gt; 19
  input in matrix: state: H currentWindowPosition: 15 currentAminoAcid: D =&gt; 20
  input in matrix: state: H currentWindowPosition: 16 currentAminoAcid: D =&gt; 18
Process line: E	26	16	19	39	33	35	32	36	0	33	30	21	24	33	31	29	20
 data line!
  input in matrix: state: H currentWindowPosition: 0 currentAminoAcid: E =&gt; 26
  input in matrix: state: H currentWindowPosition: 1 currentAminoAcid: E =&gt; 16
  input in matrix: state: H currentWindowPosition: 2 currentAminoAcid: E =&gt; 19
  input in matrix: state: H currentWindowPosition: 3 currentAminoAcid: E =&gt; 39
  input in matrix: state: H currentWindowPosition: 4 currentAminoAcid: E =&gt; 33
  input in matrix: state: H currentWindowPosition: 5 currentAminoAcid: E =&gt; 35
  input in matrix: state: H currentWindowPosition: 6 currentAminoAcid: E =&gt; 32
  input in matrix: state: H currentWindowPosition: 7 currentAminoAcid: E =&gt; 36
  input in matrix: state: H currentWindowPosition: 8 currentAminoAcid: E =&gt; 0
  input in matrix: state: H currentWindowPosition: 9 currentAminoAcid: E =&gt; 33
  input in matrix: state: H currentWindowPosition: 10 currentAminoAcid: E =&gt; 30
  input in matrix: state: H currentWindowPosition: 11 currentAminoAcid: E =&gt; 21
  input in matrix: state: H currentWindowPosition: 12 currentAminoAcid: E =&gt; 24
  input in matrix: state: H currentWindowPosition: 13 currentAminoAcid: E =&gt; 33
  input in matrix: state: H currentWindowPosition: 14 currentAminoAcid: E =&gt; 31
  input in matrix: state: H currentWindowPosition: 15 currentAminoAcid: E =&gt; 29
  input in matrix: state: H currentWindowPosition: 16 currentAminoAcid: E =&gt; 20
Process line: F	13	16	11	18	20	16	12	14	0	21	15	30	21	11	15	13	22
 data line!
  input in matrix: state: H currentWindowPosition: 0 currentAminoAcid: F =&gt; 13
  input in matrix: state: H currentWindowPosition: 1 currentAminoAcid: F =&gt; 16
  input in matrix: state: H currentWindowPosition: 2 currentAminoAcid: F =&gt; 11
  input in matrix: state: H currentWindowPosition: 3 currentAminoAcid: F =&gt; 18
  input in matrix: state: H currentWindowPosition: 4 currentAminoAcid: F =&gt; 20
  input in matrix: state: H currentWindowPosition: 5 currentAminoAcid: F =&gt; 16
  input in matrix: state: H currentWindowPosition: 6 currentAminoAcid: F =&gt; 12
  input in matrix: state: H currentWindowPosition: 7 currentAminoAcid: F =&gt; 14
  input in matrix: state: H currentWindowPosition: 8 currentAminoAcid: F =&gt; 0
  input in matrix: state: H currentWindowPosition: 9 currentAminoAcid: F =&gt; 21
  input in matrix: state: H currentWindowPosition: 10 currentAminoAcid: F =&gt; 15
  input in matrix: state: H currentWindowPosition: 11 currentAminoAcid: F =&gt; 30
  input in matrix: state: H currentWindowPosition: 12 currentAminoAcid: F =&gt; 21
  input in matrix: state: H currentWindowPosition: 13 currentAminoAcid: F =&gt; 11
  input in matrix: state: H currentWindowPosition: 14 currentAminoAcid: F =&gt; 15
  input in matrix: state: H currentWindowPosition: 15 currentAminoAcid: F =&gt; 13
  input in matrix: state: H currentWindowPosition: 16 currentAminoAcid: F =&gt; 22
Process line: G	32	34	31	30	29	21	24	18	0	26	23	28	33	48	24	23	31
 data line!
  input in matrix: state: H currentWindowPosition: 0 currentAminoAcid: G =&gt; 32
  input in matrix: state: H currentWindowPosition: 1 currentAminoAcid: G =&gt; 34
  input in matrix: state: H currentWindowPosition: 2 currentAminoAcid: G =&gt; 31
  input in matrix: state: H currentWindowPosition: 3 currentAminoAcid: G =&gt; 30
  input in matrix: state: H currentWindowPosition: 4 currentAminoAcid: G =&gt; 29
  input in matrix: state: H currentWindowPosition: 5 currentAminoAcid: G =&gt; 21
  input in matrix: state: H currentWindowPosition: 6 currentAminoAcid: G =&gt; 24
  input in matrix: state: H currentWindowPosition: 7 currentAminoAcid: G =&gt; 18
  input in matrix: state: H currentWindowPosition: 8 currentAminoAcid: G =&gt; 0
  input in matrix: state: H currentWindowPosition: 9 currentAminoAcid: G =&gt; 26
  input in matrix: state: H currentWindowPosition: 10 currentAminoAcid: G =&gt; 23
  input in matrix: state: H currentWindowPosition: 11 currentAminoAcid: G =&gt; 28
  input in matrix: state: H currentWindowPosition: 12 currentAminoAcid: G =&gt; 33
  input in matrix: state: H currentWindowPosition: 13 currentAminoAcid: G =&gt; 48
  input in matrix: state: H currentWindowPosition: 14 currentAminoAcid: G =&gt; 24
  input in matrix: state: H currentWindowPosition: 15 currentAminoAcid: G =&gt; 23
  input in matrix: state: H currentWindowPosition: 16 currentAminoAcid: G =&gt; 31
Process line: H	10	11	10	5	7	11	9	9	0	12	13	10	10	7	11	8	13
 data line!
  input in matrix: state: H currentWindowPosition: 0 currentAminoAcid: H =&gt; 10
  input in matrix: state: H currentWindowPosition: 1 currentAminoAcid: H =&gt; 11
  input in matrix: state: H currentWindowPosition: 2 currentAminoAcid: H =&gt; 10
  input in matrix: state: H currentWindowPosition: 3 currentAminoAcid: H =&gt; 5
  input in matrix: state: H currentWindowPosition: 4 currentAminoAcid: H =&gt; 7
  input in matrix: state: H currentWindowPosition: 5 currentAminoAcid: H =&gt; 11
  input in matrix: state: H currentWindowPosition: 6 currentAminoAcid: H =&gt; 9
  input in matrix: state: H currentWindowPosition: 7 currentAminoAcid: H =&gt; 9
  input in matrix: state: H currentWindowPosition: 8 currentAminoAcid: H =&gt; 0
  input in matrix: state: H currentWindowPosition: 9 currentAminoAcid: H =&gt; 12
  input in matrix: state: H currentWindowPosition: 10 currentAminoAcid: H =&gt; 13
  input in matrix: state: H currentWindowPosition: 11 currentAminoAcid: H =&gt; 10
  input in matrix: state: H currentWindowPosition: 12 currentAminoAcid: H =&gt; 10
  input in matrix: state: H currentWindowPosition: 13 currentAminoAcid: H =&gt; 7
  input in matrix: state: H currentWindowPosition: 14 currentAminoAcid: H =&gt; 11
  input in matrix: state: H currentWindowPosition: 15 currentAminoAcid: H =&gt; 8
  input in matrix: state: H currentWindowPosition: 16 currentAminoAcid: H =&gt; 13
Process line: I	19	24	33	14	20	21	22	16	0	18	13	20	15	20	15	30	27
 data line!
  input in matrix: state: H currentWindowPosition: 0 currentAminoAcid: I =&gt; 19
  input in matrix: state: H currentWindowPosition: 1 currentAminoAcid: I =&gt; 24
  input in matrix: state: H currentWindowPosition: 2 currentAminoAcid: I =&gt; 33
  input in matrix: state: H currentWindowPosition: 3 currentAminoAcid: I =&gt; 14
  input in matrix: state: H currentWindowPosition: 4 currentAminoAcid: I =&gt; 20
  input in matrix: state: H currentWindowPosition: 5 currentAminoAcid: I =&gt; 21
  input in matrix: state: H currentWindowPosition: 6 currentAminoAcid: I =&gt; 22
  input in matrix: state: H currentWindowPosition: 7 currentAminoAcid: I =&gt; 16
  input in matrix: state: H currentWindowPosition: 8 currentAminoAcid: I =&gt; 0
  input in matrix: state: H currentWindowPosition: 9 currentAminoAcid: I =&gt; 18
  input in matrix: state: H currentWindowPosition: 10 currentAminoAcid: I =&gt; 13
  input in matrix: state: H currentWindowPosition: 11 currentAminoAcid: I =&gt; 20
  input in matrix: state: H currentWindowPosition: 12 currentAminoAcid: I =&gt; 15
  input in matrix: state: H currentWindowPosition: 13 currentAminoAcid: I =&gt; 20
  input in matrix: state: H currentWindowPosition: 14 currentAminoAcid: I =&gt; 15
  input in matrix: state: H currentWindowPosition: 15 currentAminoAcid: I =&gt; 30
  input in matrix: state: H currentWindowPosition: 16 currentAminoAcid: I =&gt; 27
Process line: K	18	23	29	17	15	21	33	18	0	31	38	23	20	24	24	27	28
 data line!
  input in matrix: state: H currentWindowPosition: 0 currentAminoAcid: K =&gt; 18
  input in matrix: state: H currentWindowPosition: 1 currentAminoAcid: K =&gt; 23
  input in matrix: state: H currentWindowPosition: 2 currentAminoAcid: K =&gt; 29
  input in matrix: state: H currentWindowPosition: 3 currentAminoAcid: K =&gt; 17
  input in matrix: state: H currentWindowPosition: 4 currentAminoAcid: K =&gt; 15
  input in matrix: state: H currentWindowPosition: 5 currentAminoAcid: K =&gt; 21
  input in matrix: state: H currentWindowPosition: 6 currentAminoAcid: K =&gt; 33
  input in matrix: state: H currentWindowPosition: 7 currentAminoAcid: K =&gt; 18
  input in matrix: state: H currentWindowPosition: 8 currentAminoAcid: K =&gt; 0
  input in matrix: state: H currentWindowPosition: 9 currentAminoAcid: K =&gt; 31
  input in matrix: state: H currentWindowPosition: 10 currentAminoAcid: K =&gt; 38
  input in matrix: state: H currentWindowPosition: 11 currentAminoAcid: K =&gt; 23
  input in matrix: state: H currentWindowPosition: 12 currentAminoAcid: K =&gt; 20
  input in matrix: state: H currentWindowPosition: 13 currentAminoAcid: K =&gt; 24
  input in matrix: state: H currentWindowPosition: 14 currentAminoAcid: K =&gt; 24
  input in matrix: state: H currentWindowPosition: 15 currentAminoAcid: K =&gt; 27
  input in matrix: state: H currentWindowPosition: 16 currentAminoAcid: K =&gt; 28
Process line: L	35	30	25	41	41	35	31	36	0	54	30	48	51	37	35	50	33
 data line!
  input in matrix: state: H currentWindowPosition: 0 currentAminoAcid: L =&gt; 35
  input in matrix: state: H currentWindowPosition: 1 currentAminoAcid: L =&gt; 30
  input in matrix: state: H currentWindowPosition: 2 currentAminoAcid: L =&gt; 25
  input in matrix: state: H currentWindowPosition: 3 currentAminoAcid: L =&gt; 41
  input in matrix: state: H currentWindowPosition: 4 currentAminoAcid: L =&gt; 41
  input in matrix: state: H currentWindowPosition: 5 currentAminoAcid: L =&gt; 35
  input in matrix: state: H currentWindowPosition: 6 currentAminoAcid: L =&gt; 31
  input in matrix: state: H currentWindowPosition: 7 currentAminoAcid: L =&gt; 36
  input in matrix: state: H currentWindowPosition: 8 currentAminoAcid: L =&gt; 0
  input in matrix: state: H currentWindowPosition: 9 currentAminoAcid: L =&gt; 54
  input in matrix: state: H currentWindowPosition: 10 currentAminoAcid: L =&gt; 30
  input in matrix: state: H currentWindowPosition: 11 currentAminoAcid: L =&gt; 48
  input in matrix: state: H currentWindowPosition: 12 currentAminoAcid: L =&gt; 51
  input in matrix: state: H currentWindowPosition: 13 currentAminoAcid: L =&gt; 37
  input in matrix: state: H currentWindowPosition: 14 currentAminoAcid: L =&gt; 35
  input in matrix: state: H currentWindowPosition: 15 currentAminoAcid: L =&gt; 50
  input in matrix: state: H currentWindowPosition: 16 currentAminoAcid: L =&gt; 33
Process line: M	13	7	6	11	4	13	9	5	0	6	8	8	9	10	8	6	11
 data line!
  input in matrix: state: H currentWindowPosition: 0 currentAminoAcid: M =&gt; 13
  input in matrix: state: H currentWindowPosition: 1 currentAminoAcid: M =&gt; 7
  input in matrix: state: H currentWindowPosition: 2 currentAminoAcid: M =&gt; 6
  input in matrix: state: H currentWindowPosition: 3 currentAminoAcid: M =&gt; 11
  input in matrix: state: H currentWindowPosition: 4 currentAminoAcid: M =&gt; 4
  input in matrix: state: H currentWindowPosition: 5 currentAminoAcid: M =&gt; 13
  input in matrix: state: H currentWindowPosition: 6 currentAminoAcid: M =&gt; 9
  input in matrix: state: H currentWindowPosition: 7 currentAminoAcid: M =&gt; 5
  input in matrix: state: H currentWindowPosition: 8 currentAminoAcid: M =&gt; 0
  input in matrix: state: H currentWindowPosition: 9 currentAminoAcid: M =&gt; 6
  input in matrix: state: H currentWindowPosition: 10 currentAminoAcid: M =&gt; 8
  input in matrix: state: H currentWindowPosition: 11 currentAminoAcid: M =&gt; 8
  input in matrix: state: H currentWindowPosition: 12 currentAminoAcid: M =&gt; 9
  input in matrix: state: H currentWindowPosition: 13 currentAminoAcid: M =&gt; 10
  input in matrix: state: H currentWindowPosition: 14 currentAminoAcid: M =&gt; 8
  input in matrix: state: H currentWindowPosition: 15 currentAminoAcid: M =&gt; 6
  input in matrix: state: H currentWindowPosition: 16 currentAminoAcid: M =&gt; 11
Process line: N	20	14	29	20	22	15	22	18	0	22	26	24	27	15	28	22	22
 data line!
  input in matrix: state: H currentWindowPosition: 0 currentAminoAcid: N =&gt; 20
  input in matrix: state: H currentWindowPosition: 1 currentAminoAcid: N =&gt; 14
  input in matrix: state: H currentWindowPosition: 2 currentAminoAcid: N =&gt; 29
  input in matrix: state: H currentWindowPosition: 3 currentAminoAcid: N =&gt; 20
  input in matrix: state: H currentWindowPosition: 4 currentAminoAcid: N =&gt; 22
  input in matrix: state: H currentWindowPosition: 5 currentAminoAcid: N =&gt; 15
  input in matrix: state: H currentWindowPosition: 6 currentAminoAcid: N =&gt; 22
  input in matrix: state: H currentWindowPosition: 7 currentAminoAcid: N =&gt; 18
  input in matrix: state: H currentWindowPosition: 8 currentAminoAcid: N =&gt; 0
  input in matrix: state: H currentWindowPosition: 9 currentAminoAcid: N =&gt; 22
  input in matrix: state: H currentWindowPosition: 10 currentAminoAcid: N =&gt; 26
  input in matrix: state: H currentWindowPosition: 11 currentAminoAcid: N =&gt; 24
  input in matrix: state: H currentWindowPosition: 12 currentAminoAcid: N =&gt; 27
  input in matrix: state: H currentWindowPosition: 13 currentAminoAcid: N =&gt; 15
  input in matrix: state: H currentWindowPosition: 14 currentAminoAcid: N =&gt; 28
  input in matrix: state: H currentWindowPosition: 15 currentAminoAcid: N =&gt; 22
  input in matrix: state: H currentWindowPosition: 16 currentAminoAcid: N =&gt; 22
Process line: P	21	19	22	19	14	19	8	15	0	6	7	5	13	16	19	21	20
 data line!
  input in matrix: state: H currentWindowPosition: 0 currentAminoAcid: P =&gt; 21
  input in matrix: state: H currentWindowPosition: 1 currentAminoAcid: P =&gt; 19
  input in matrix: state: H currentWindowPosition: 2 currentAminoAcid: P =&gt; 22
  input in matrix: state: H currentWindowPosition: 3 currentAminoAcid: P =&gt; 19
  input in matrix: state: H currentWindowPosition: 4 currentAminoAcid: P =&gt; 14
  input in matrix: state: H currentWindowPosition: 5 currentAminoAcid: P =&gt; 19
  input in matrix: state: H currentWindowPosition: 6 currentAminoAcid: P =&gt; 8
  input in matrix: state: H currentWindowPosition: 7 currentAminoAcid: P =&gt; 15
  input in matrix: state: H currentWindowPosition: 8 currentAminoAcid: P =&gt; 0
  input in matrix: state: H currentWindowPosition: 9 currentAminoAcid: P =&gt; 6
  input in matrix: state: H currentWindowPosition: 10 currentAminoAcid: P =&gt; 7
  input in matrix: state: H currentWindowPosition: 11 currentAminoAcid: P =&gt; 5
  input in matrix: state: H currentWindowPosition: 12 currentAminoAcid: P =&gt; 13
  input in matrix: state: H currentWindowPosition: 13 currentAminoAcid: P =&gt; 16
  input in matrix: state: H currentWindowPosition: 14 currentAminoAcid: P =&gt; 19
  input in matrix: state: H currentWindowPosition: 15 currentAminoAcid: P =&gt; 21
  input in matrix: state: H currentWindowPosition: 16 currentAminoAcid: P =&gt; 20
Process line: Q	16	20	16	16	15	18	23	23	0	25	27	17	21	11	25	17	14
 data line!
  input in matrix: state: H currentWindowPosition: 0 currentAminoAcid: Q =&gt; 16
  input in matrix: state: H currentWindowPosition: 1 currentAminoAcid: Q =&gt; 20
  input in matrix: state: H currentWindowPosition: 2 currentAminoAcid: Q =&gt; 16
  input in matrix: state: H currentWindowPosition: 3 currentAminoAcid: Q =&gt; 16
  input in matrix: state: H currentWindowPosition: 4 currentAminoAcid: Q =&gt; 15
  input in matrix: state: H currentWindowPosition: 5 currentAminoAcid: Q =&gt; 18
  input in matrix: state: H currentWindowPosition: 6 currentAminoAcid: Q =&gt; 23
  input in matrix: state: H currentWindowPosition: 7 currentAminoAcid: Q =&gt; 23
  input in matrix: state: H currentWindowPosition: 8 currentAminoAcid: Q =&gt; 0
  input in matrix: state: H currentWindowPosition: 9 currentAminoAcid: Q =&gt; 25
  input in matrix: state: H currentWindowPosition: 10 currentAminoAcid: Q =&gt; 27
  input in matrix: state: H currentWindowPosition: 11 currentAminoAcid: Q =&gt; 17
  input in matrix: state: H currentWindowPosition: 12 currentAminoAcid: Q =&gt; 21
  input in matrix: state: H currentWindowPosition: 13 currentAminoAcid: Q =&gt; 11
  input in matrix: state: H currentWindowPosition: 14 currentAminoAcid: Q =&gt; 25
  input in matrix: state: H currentWindowPosition: 15 currentAminoAcid: Q =&gt; 17
  input in matrix: state: H currentWindowPosition: 16 currentAminoAcid: Q =&gt; 14
Process line: R	16	22	17	16	17	24	31	17	0	25	30	25	27	18	28	20	24
 data line!
  input in matrix: state: H currentWindowPosition: 0 currentAminoAcid: R =&gt; 16
  input in matrix: state: H currentWindowPosition: 1 currentAminoAcid: R =&gt; 22
  input in matrix: state: H currentWindowPosition: 2 currentAminoAcid: R =&gt; 17
  input in matrix: state: H currentWindowPosition: 3 currentAminoAcid: R =&gt; 16
  input in matrix: state: H currentWindowPosition: 4 currentAminoAcid: R =&gt; 17
  input in matrix: state: H currentWindowPosition: 5 currentAminoAcid: R =&gt; 24
  input in matrix: state: H currentWindowPosition: 6 currentAminoAcid: R =&gt; 31
  input in matrix: state: H currentWindowPosition: 7 currentAminoAcid: R =&gt; 17
  input in matrix: state: H currentWindowPosition: 8 currentAminoAcid: R =&gt; 0
  input in matrix: state: H currentWindowPosition: 9 currentAminoAcid: R =&gt; 25
  input in matrix: state: H currentWindowPosition: 10 currentAminoAcid: R =&gt; 30
  input in matrix: state: H currentWindowPosition: 11 currentAminoAcid: R =&gt; 25
  input in matrix: state: H currentWindowPosition: 12 currentAminoAcid: R =&gt; 27
  input in matrix: state: H currentWindowPosition: 13 currentAminoAcid: R =&gt; 18
  input in matrix: state: H currentWindowPosition: 14 currentAminoAcid: R =&gt; 28
  input in matrix: state: H currentWindowPosition: 15 currentAminoAcid: R =&gt; 20
  input in matrix: state: H currentWindowPosition: 16 currentAminoAcid: R =&gt; 24
Process line: S	31	40	24	25	24	28	36	36	0	19	33	31	26	16	21	24	30
 data line!
  input in matrix: state: H currentWindowPosition: 0 currentAminoAcid: S =&gt; 31
  input in matrix: state: H currentWindowPosition: 1 currentAminoAcid: S =&gt; 40
  input in matrix: state: H currentWindowPosition: 2 currentAminoAcid: S =&gt; 24
  input in matrix: state: H currentWindowPosition: 3 currentAminoAcid: S =&gt; 25
  input in matrix: state: H currentWindowPosition: 4 currentAminoAcid: S =&gt; 24
  input in matrix: state: H currentWindowPosition: 5 currentAminoAcid: S =&gt; 28
  input in matrix: state: H currentWindowPosition: 6 currentAminoAcid: S =&gt; 36
  input in matrix: state: H currentWindowPosition: 7 currentAminoAcid: S =&gt; 36
  input in matrix: state: H currentWindowPosition: 8 currentAminoAcid: S =&gt; 0
  input in matrix: state: H currentWindowPosition: 9 currentAminoAcid: S =&gt; 19
  input in matrix: state: H currentWindowPosition: 10 currentAminoAcid: S =&gt; 33
  input in matrix: state: H currentWindowPosition: 11 currentAminoAcid: S =&gt; 31
  input in matrix: state: H currentWindowPosition: 12 currentAminoAcid: S =&gt; 26
  input in matrix: state: H currentWindowPosition: 13 currentAminoAcid: S =&gt; 16
  input in matrix: state: H currentWindowPosition: 14 currentAminoAcid: S =&gt; 21
  input in matrix: state: H currentWindowPosition: 15 currentAminoAcid: S =&gt; 24
  input in matrix: state: H currentWindowPosition: 16 currentAminoAcid: S =&gt; 30
Process line: T	27	18	28	19	26	23	19	20	0	12	31	24	20	28	31	19	21
 data line!
  input in matrix: state: H currentWindowPosition: 0 currentAminoAcid: T =&gt; 27
  input in matrix: state: H currentWindowPosition: 1 currentAminoAcid: T =&gt; 18
  input in matrix: state: H currentWindowPosition: 2 currentAminoAcid: T =&gt; 28
  input in matrix: state: H currentWindowPosition: 3 currentAminoAcid: T =&gt; 19
  input in matrix: state: H currentWindowPosition: 4 currentAminoAcid: T =&gt; 26
  input in matrix: state: H currentWindowPosition: 5 currentAminoAcid: T =&gt; 23
  input in matrix: state: H currentWindowPosition: 6 currentAminoAcid: T =&gt; 19
  input in matrix: state: H currentWindowPosition: 7 currentAminoAcid: T =&gt; 20
  input in matrix: state: H currentWindowPosition: 8 currentAminoAcid: T =&gt; 0
  input in matrix: state: H currentWindowPosition: 9 currentAminoAcid: T =&gt; 12
  input in matrix: state: H currentWindowPosition: 10 currentAminoAcid: T =&gt; 31
  input in matrix: state: H currentWindowPosition: 11 currentAminoAcid: T =&gt; 24
  input in matrix: state: H currentWindowPosition: 12 currentAminoAcid: T =&gt; 20
  input in matrix: state: H currentWindowPosition: 13 currentAminoAcid: T =&gt; 28
  input in matrix: state: H currentWindowPosition: 14 currentAminoAcid: T =&gt; 31
  input in matrix: state: H currentWindowPosition: 15 currentAminoAcid: T =&gt; 19
  input in matrix: state: H currentWindowPosition: 16 currentAminoAcid: T =&gt; 21
Process line: V	26	29	29	21	22	35	24	19	0	21	20	27	30	21	20	26	25
 data line!
  input in matrix: state: H currentWindowPosition: 0 currentAminoAcid: V =&gt; 26
  input in matrix: state: H currentWindowPosition: 1 currentAminoAcid: V =&gt; 29
  input in matrix: state: H currentWindowPosition: 2 currentAminoAcid: V =&gt; 29
  input in matrix: state: H currentWindowPosition: 3 currentAminoAcid: V =&gt; 21
  input in matrix: state: H currentWindowPosition: 4 currentAminoAcid: V =&gt; 22
  input in matrix: state: H currentWindowPosition: 5 currentAminoAcid: V =&gt; 35
  input in matrix: state: H currentWindowPosition: 6 currentAminoAcid: V =&gt; 24
  input in matrix: state: H currentWindowPosition: 7 currentAminoAcid: V =&gt; 19
  input in matrix: state: H currentWindowPosition: 8 currentAminoAcid: V =&gt; 0
  input in matrix: state: H currentWindowPosition: 9 currentAminoAcid: V =&gt; 21
  input in matrix: state: H currentWindowPosition: 10 currentAminoAcid: V =&gt; 20
  input in matrix: state: H currentWindowPosition: 11 currentAminoAcid: V =&gt; 27
  input in matrix: state: H currentWindowPosition: 12 currentAminoAcid: V =&gt; 30
  input in matrix: state: H currentWindowPosition: 13 currentAminoAcid: V =&gt; 21
  input in matrix: state: H currentWindowPosition: 14 currentAminoAcid: V =&gt; 20
  input in matrix: state: H currentWindowPosition: 15 currentAminoAcid: V =&gt; 26
  input in matrix: state: H currentWindowPosition: 16 currentAminoAcid: V =&gt; 25
Process line: W	13	8	7	8	6	8	7	5	423	5	6	8	8	10	11	6	10
 data line!
  input in matrix: state: H currentWindowPosition: 0 currentAminoAcid: W =&gt; 13
  input in matrix: state: H currentWindowPosition: 1 currentAminoAcid: W =&gt; 8
  input in matrix: state: H currentWindowPosition: 2 currentAminoAcid: W =&gt; 7
  input in matrix: state: H currentWindowPosition: 3 currentAminoAcid: W =&gt; 8
  input in matrix: state: H currentWindowPosition: 4 currentAminoAcid: W =&gt; 6
  input in matrix: state: H currentWindowPosition: 5 currentAminoAcid: W =&gt; 8
  input in matrix: state: H currentWindowPosition: 6 currentAminoAcid: W =&gt; 7
  input in matrix: state: H currentWindowPosition: 7 currentAminoAcid: W =&gt; 5
  input in matrix: state: H currentWindowPosition: 8 currentAminoAcid: W =&gt; 423
  input in matrix: state: H currentWindowPosition: 9 currentAminoAcid: W =&gt; 5
  input in matrix: state: H currentWindowPosition: 10 currentAminoAcid: W =&gt; 6
  input in matrix: state: H currentWindowPosition: 11 currentAminoAcid: W =&gt; 8
  input in matrix: state: H currentWindowPosition: 12 currentAminoAcid: W =&gt; 8
  input in matrix: state: H currentWindowPosition: 13 currentAminoAcid: W =&gt; 10
  input in matrix: state: H currentWindowPosition: 14 currentAminoAcid: W =&gt; 11
  input in matrix: state: H currentWindowPosition: 15 currentAminoAcid: W =&gt; 6
  input in matrix: state: H currentWindowPosition: 16 currentAminoAcid: W =&gt; 10
Process line: Y	13	15	17	12	16	14	19	15	0	10	10	14	13	9	18	16	14
 data line!
  input in matrix: state: H currentWindowPosition: 0 currentAminoAcid: Y =&gt; 13
  input in matrix: state: H currentWindowPosition: 1 currentAminoAcid: Y =&gt; 15
  input in matrix: state: H currentWindowPosition: 2 currentAminoAcid: Y =&gt; 17
  input in matrix: state: H currentWindowPosition: 3 currentAminoAcid: Y =&gt; 12
  input in matrix: state: H currentWindowPosition: 4 currentAminoAcid: Y =&gt; 16
  input in matrix: state: H currentWindowPosition: 5 currentAminoAcid: Y =&gt; 14
  input in matrix: state: H currentWindowPosition: 6 currentAminoAcid: Y =&gt; 19
  input in matrix: state: H currentWindowPosition: 7 currentAminoAcid: Y =&gt; 15
  input in matrix: state: H currentWindowPosition: 8 currentAminoAcid: Y =&gt; 0
  input in matrix: state: H currentWindowPosition: 9 currentAminoAcid: Y =&gt; 10
  input in matrix: state: H currentWindowPosition: 10 currentAminoAcid: Y =&gt; 10
  input in matrix: state: H currentWindowPosition: 11 currentAminoAcid: Y =&gt; 14
  input in matrix: state: H currentWindowPosition: 12 currentAminoAcid: Y =&gt; 13
  input in matrix: state: H currentWindowPosition: 13 currentAminoAcid: Y =&gt; 9
  input in matrix: state: H currentWindowPosition: 14 currentAminoAcid: Y =&gt; 18
  input in matrix: state: H currentWindowPosition: 15 currentAminoAcid: Y =&gt; 16
  input in matrix: state: H currentWindowPosition: 16 currentAminoAcid: Y =&gt; 14
Process line: 
 Skip line!
Process line: 
 Skip line!
Process line: =Y,C=
 state line! (now in state: C)
Process line: 
 Skip line!
Process line: A	70	75	69	76	67	76	63	56	0	72	61	62	76	74	78	61	74
 data line!
  input in matrix: state: C currentWindowPosition: 0 currentAminoAcid: A =&gt; 70
  input in matrix: state: C currentWindowPosition: 1 currentAminoAcid: A =&gt; 75
  input in matrix: state: C currentWindowPosition: 2 currentAminoAcid: A =&gt; 69
  input in matrix: state: C currentWindowPosition: 3 currentAminoAcid: A =&gt; 76
  input in matrix: state: C currentWindowPosition: 4 currentAminoAcid: A =&gt; 67
  input in matrix: state: C currentWindowPosition: 5 currentAminoAcid: A =&gt; 76
  input in matrix: state: C currentWindowPosition: 6 currentAminoAcid: A =&gt; 63
  input in matrix: state: C currentWindowPosition: 7 currentAminoAcid: A =&gt; 56
  input in matrix: state: C currentWindowPosition: 8 currentAminoAcid: A =&gt; 0
  input in matrix: state: C currentWindowPosition: 9 currentAminoAcid: A =&gt; 72
  input in matrix: state: C currentWindowPosition: 10 currentAminoAcid: A =&gt; 61
  input in matrix: state: C currentWindowPosition: 11 currentAminoAcid: A =&gt; 62
  input in matrix: state: C currentWindowPosition: 12 currentAminoAcid: A =&gt; 76
  input in matrix: state: C currentWindowPosition: 13 currentAminoAcid: A =&gt; 74
  input in matrix: state: C currentWindowPosition: 14 currentAminoAcid: A =&gt; 78
  input in matrix: state: C currentWindowPosition: 15 currentAminoAcid: A =&gt; 61
  input in matrix: state: C currentWindowPosition: 16 currentAminoAcid: A =&gt; 74
Process line: C	11	12	29	15	25	13	22	7	0	16	15	19	21	9	15	17	21
 data line!
  input in matrix: state: C currentWindowPosition: 0 currentAminoAcid: C =&gt; 11
  input in matrix: state: C currentWindowPosition: 1 currentAminoAcid: C =&gt; 12
  input in matrix: state: C currentWindowPosition: 2 currentAminoAcid: C =&gt; 29
  input in matrix: state: C currentWindowPosition: 3 currentAminoAcid: C =&gt; 15
  input in matrix: state: C currentWindowPosition: 4 currentAminoAcid: C =&gt; 25
  input in matrix: state: C currentWindowPosition: 5 currentAminoAcid: C =&gt; 13
  input in matrix: state: C currentWindowPosition: 6 currentAminoAcid: C =&gt; 22
  input in matrix: state: C currentWindowPosition: 7 currentAminoAcid: C =&gt; 7
  input in matrix: state: C currentWindowPosition: 8 currentAminoAcid: C =&gt; 0
  input in matrix: state: C currentWindowPosition: 9 currentAminoAcid: C =&gt; 16
  input in matrix: state: C currentWindowPosition: 10 currentAminoAcid: C =&gt; 15
  input in matrix: state: C currentWindowPosition: 11 currentAminoAcid: C =&gt; 19
  input in matrix: state: C currentWindowPosition: 12 currentAminoAcid: C =&gt; 21
  input in matrix: state: C currentWindowPosition: 13 currentAminoAcid: C =&gt; 9
  input in matrix: state: C currentWindowPosition: 14 currentAminoAcid: C =&gt; 15
  input in matrix: state: C currentWindowPosition: 15 currentAminoAcid: C =&gt; 17
  input in matrix: state: C currentWindowPosition: 16 currentAminoAcid: C =&gt; 21
Process line: D	52	57	59	56	63	52	53	80	0	80	59	75	61	66	63	57	56
 data line!
  input in matrix: state: C currentWindowPosition: 0 currentAminoAcid: D =&gt; 52
  input in matrix: state: C currentWindowPosition: 1 currentAminoAcid: D =&gt; 57
  input in matrix: state: C currentWindowPosition: 2 currentAminoAcid: D =&gt; 59
  input in matrix: state: C currentWindowPosition: 3 currentAminoAcid: D =&gt; 56
  input in matrix: state: C currentWindowPosition: 4 currentAminoAcid: D =&gt; 63
  input in matrix: state: C currentWindowPosition: 5 currentAminoAcid: D =&gt; 52
  input in matrix: state: C currentWindowPosition: 6 currentAminoAcid: D =&gt; 53
  input in matrix: state: C currentWindowPosition: 7 currentAminoAcid: D =&gt; 80
  input in matrix: state: C currentWindowPosition: 8 currentAminoAcid: D =&gt; 0
  input in matrix: state: C currentWindowPosition: 9 currentAminoAcid: D =&gt; 80
  input in matrix: state: C currentWindowPosition: 10 currentAminoAcid: D =&gt; 59
  input in matrix: state: C currentWindowPosition: 11 currentAminoAcid: D =&gt; 75
  input in matrix: state: C currentWindowPosition: 12 currentAminoAcid: D =&gt; 61
  input in matrix: state: C currentWindowPosition: 13 currentAminoAcid: D =&gt; 66
  input in matrix: state: C currentWindowPosition: 14 currentAminoAcid: D =&gt; 63
  input in matrix: state: C currentWindowPosition: 15 currentAminoAcid: D =&gt; 57
  input in matrix: state: C currentWindowPosition: 16 currentAminoAcid: D =&gt; 56
Process line: E	51	53	52	45	53	46	48	41	0	53	28	60	44	61	56	54	48
 data line!
  input in matrix: state: C currentWindowPosition: 0 currentAminoAcid: E =&gt; 51
  input in matrix: state: C currentWindowPosition: 1 currentAminoAcid: E =&gt; 53
  input in matrix: state: C currentWindowPosition: 2 currentAminoAcid: E =&gt; 52
  input in matrix: state: C currentWindowPosition: 3 currentAminoAcid: E =&gt; 45
  input in matrix: state: C currentWindowPosition: 4 currentAminoAcid: E =&gt; 53
  input in matrix: state: C currentWindowPosition: 5 currentAminoAcid: E =&gt; 46
  input in matrix: state: C currentWindowPosition: 6 currentAminoAcid: E =&gt; 48
  input in matrix: state: C currentWindowPosition: 7 currentAminoAcid: E =&gt; 41
  input in matrix: state: C currentWindowPosition: 8 currentAminoAcid: E =&gt; 0
  input in matrix: state: C currentWindowPosition: 9 currentAminoAcid: E =&gt; 53
  input in matrix: state: C currentWindowPosition: 10 currentAminoAcid: E =&gt; 28
  input in matrix: state: C currentWindowPosition: 11 currentAminoAcid: E =&gt; 60
  input in matrix: state: C currentWindowPosition: 12 currentAminoAcid: E =&gt; 44
  input in matrix: state: C currentWindowPosition: 13 currentAminoAcid: E =&gt; 61
  input in matrix: state: C currentWindowPosition: 14 currentAminoAcid: E =&gt; 56
  input in matrix: state: C currentWindowPosition: 15 currentAminoAcid: E =&gt; 54
  input in matrix: state: C currentWindowPosition: 16 currentAminoAcid: E =&gt; 48
Process line: F	43	30	40	42	42	32	27	25	0	26	26	20	47	48	39	35	36
 data line!
  input in matrix: state: C currentWindowPosition: 0 currentAminoAcid: F =&gt; 43
  input in matrix: state: C currentWindowPosition: 1 currentAminoAcid: F =&gt; 30
  input in matrix: state: C currentWindowPosition: 2 currentAminoAcid: F =&gt; 40
  input in matrix: state: C currentWindowPosition: 3 currentAminoAcid: F =&gt; 42
  input in matrix: state: C currentWindowPosition: 4 currentAminoAcid: F =&gt; 42
  input in matrix: state: C currentWindowPosition: 5 currentAminoAcid: F =&gt; 32
  input in matrix: state: C currentWindowPosition: 6 currentAminoAcid: F =&gt; 27
  input in matrix: state: C currentWindowPosition: 7 currentAminoAcid: F =&gt; 25
  input in matrix: state: C currentWindowPosition: 8 currentAminoAcid: F =&gt; 0
  input in matrix: state: C currentWindowPosition: 9 currentAminoAcid: F =&gt; 26
  input in matrix: state: C currentWindowPosition: 10 currentAminoAcid: F =&gt; 26
  input in matrix: state: C currentWindowPosition: 11 currentAminoAcid: F =&gt; 20
  input in matrix: state: C currentWindowPosition: 12 currentAminoAcid: F =&gt; 47
  input in matrix: state: C currentWindowPosition: 13 currentAminoAcid: F =&gt; 48
  input in matrix: state: C currentWindowPosition: 14 currentAminoAcid: F =&gt; 39
  input in matrix: state: C currentWindowPosition: 15 currentAminoAcid: F =&gt; 35
  input in matrix: state: C currentWindowPosition: 16 currentAminoAcid: F =&gt; 36
Process line: G	72	83	55	79	69	77	92	130	0	93	125	74	70	63	72	64	69
 data line!
  input in matrix: state: C currentWindowPosition: 0 currentAminoAcid: G =&gt; 72
  input in matrix: state: C currentWindowPosition: 1 currentAminoAcid: G =&gt; 83
  input in matrix: state: C currentWindowPosition: 2 currentAminoAcid: G =&gt; 55
  input in matrix: state: C currentWindowPosition: 3 currentAminoAcid: G =&gt; 79
  input in matrix: state: C currentWindowPosition: 4 currentAminoAcid: G =&gt; 69
  input in matrix: state: C currentWindowPosition: 5 currentAminoAcid: G =&gt; 77
  input in matrix: state: C currentWindowPosition: 6 currentAminoAcid: G =&gt; 92
  input in matrix: state: C currentWindowPosition: 7 currentAminoAcid: G =&gt; 130
  input in matrix: state: C currentWindowPosition: 8 currentAminoAcid: G =&gt; 0
  input in matrix: state: C currentWindowPosition: 9 currentAminoAcid: G =&gt; 93
  input in matrix: state: C currentWindowPosition: 10 currentAminoAcid: G =&gt; 125
  input in matrix: state: C currentWindowPosition: 11 currentAminoAcid: G =&gt; 74
  input in matrix: state: C currentWindowPosition: 12 currentAminoAcid: G =&gt; 70
  input in matrix: state: C currentWindowPosition: 13 currentAminoAcid: G =&gt; 63
  input in matrix: state: C currentWindowPosition: 14 currentAminoAcid: G =&gt; 72
  input in matrix: state: C currentWindowPosition: 15 currentAminoAcid: G =&gt; 64
  input in matrix: state: C currentWindowPosition: 16 currentAminoAcid: G =&gt; 69
Process line: H	27	27	18	25	19	25	29	24	0	24	17	24	19	29	25	20	29
 data line!
  input in matrix: state: C currentWindowPosition: 0 currentAminoAcid: H =&gt; 27
  input in matrix: state: C currentWindowPosition: 1 currentAminoAcid: H =&gt; 27
  input in matrix: state: C currentWindowPosition: 2 currentAminoAcid: H =&gt; 18
  input in matrix: state: C currentWindowPosition: 3 currentAminoAcid: H =&gt; 25
  input in matrix: state: C currentWindowPosition: 4 currentAminoAcid: H =&gt; 19
  input in matrix: state: C currentWindowPosition: 5 currentAminoAcid: H =&gt; 25
  input in matrix: state: C currentWindowPosition: 6 currentAminoAcid: H =&gt; 29
  input in matrix: state: C currentWindowPosition: 7 currentAminoAcid: H =&gt; 24
  input in matrix: state: C currentWindowPosition: 8 currentAminoAcid: H =&gt; 0
  input in matrix: state: C currentWindowPosition: 9 currentAminoAcid: H =&gt; 24
  input in matrix: state: C currentWindowPosition: 10 currentAminoAcid: H =&gt; 17
  input in matrix: state: C currentWindowPosition: 11 currentAminoAcid: H =&gt; 24
  input in matrix: state: C currentWindowPosition: 12 currentAminoAcid: H =&gt; 19
  input in matrix: state: C currentWindowPosition: 13 currentAminoAcid: H =&gt; 29
  input in matrix: state: C currentWindowPosition: 14 currentAminoAcid: H =&gt; 25
  input in matrix: state: C currentWindowPosition: 15 currentAminoAcid: H =&gt; 20
  input in matrix: state: C currentWindowPosition: 16 currentAminoAcid: H =&gt; 29
Process line: I	52	63	46	55	42	48	28	32	0	25	33	38	38	50	49	58	41
 data line!
  input in matrix: state: C currentWindowPosition: 0 currentAminoAcid: I =&gt; 52
  input in matrix: state: C currentWindowPosition: 1 currentAminoAcid: I =&gt; 63
  input in matrix: state: C currentWindowPosition: 2 currentAminoAcid: I =&gt; 46
  input in matrix: state: C currentWindowPosition: 3 currentAminoAcid: I =&gt; 55
  input in matrix: state: C currentWindowPosition: 4 currentAminoAcid: I =&gt; 42
  input in matrix: state: C currentWindowPosition: 5 currentAminoAcid: I =&gt; 48
  input in matrix: state: C currentWindowPosition: 6 currentAminoAcid: I =&gt; 28
  input in matrix: state: C currentWindowPosition: 7 currentAminoAcid: I =&gt; 32
  input in matrix: state: C currentWindowPosition: 8 currentAminoAcid: I =&gt; 0
  input in matrix: state: C currentWindowPosition: 9 currentAminoAcid: I =&gt; 25
  input in matrix: state: C currentWindowPosition: 10 currentAminoAcid: I =&gt; 33
  input in matrix: state: C currentWindowPosition: 11 currentAminoAcid: I =&gt; 38
  input in matrix: state: C currentWindowPosition: 12 currentAminoAcid: I =&gt; 38
  input in matrix: state: C currentWindowPosition: 13 currentAminoAcid: I =&gt; 50
  input in matrix: state: C currentWindowPosition: 14 currentAminoAcid: I =&gt; 49
  input in matrix: state: C currentWindowPosition: 15 currentAminoAcid: I =&gt; 58
  input in matrix: state: C currentWindowPosition: 16 currentAminoAcid: I =&gt; 41
Process line: K	54	63	35	46	39	56	62	77	0	45	45	47	39	49	53	56	53
 data line!
  input in matrix: state: C currentWindowPosition: 0 currentAminoAcid: K =&gt; 54
  input in matrix: state: C currentWindowPosition: 1 currentAminoAcid: K =&gt; 63
  input in matrix: state: C currentWindowPosition: 2 currentAminoAcid: K =&gt; 35
  input in matrix: state: C currentWindowPosition: 3 currentAminoAcid: K =&gt; 46
  input in matrix: state: C currentWindowPosition: 4 currentAminoAcid: K =&gt; 39
  input in matrix: state: C currentWindowPosition: 5 currentAminoAcid: K =&gt; 56
  input in matrix: state: C currentWindowPosition: 6 currentAminoAcid: K =&gt; 62
  input in matrix: state: C currentWindowPosition: 7 currentAminoAcid: K =&gt; 77
  input in matrix: state: C currentWindowPosition: 8 currentAminoAcid: K =&gt; 0
  input in matrix: state: C currentWindowPosition: 9 currentAminoAcid: K =&gt; 45
  input in matrix: state: C currentWindowPosition: 10 currentAminoAcid: K =&gt; 45
  input in matrix: state: C currentWindowPosition: 11 currentAminoAcid: K =&gt; 47
  input in matrix: state: C currentWindowPosition: 12 currentAminoAcid: K =&gt; 39
  input in matrix: state: C currentWindowPosition: 13 currentAminoAcid: K =&gt; 49
  input in matrix: state: C currentWindowPosition: 14 currentAminoAcid: K =&gt; 53
  input in matrix: state: C currentWindowPosition: 15 currentAminoAcid: K =&gt; 56
  input in matrix: state: C currentWindowPosition: 16 currentAminoAcid: K =&gt; 53
Process line: L	73	74	90	85	77	81	65	41	0	37	51	61	61	63	69	74	82
 data line!
  input in matrix: state: C currentWindowPosition: 0 currentAminoAcid: L =&gt; 73
  input in matrix: state: C currentWindowPosition: 1 currentAminoAcid: L =&gt; 74
  input in matrix: state: C currentWindowPosition: 2 currentAminoAcid: L =&gt; 90
  input in matrix: state: C currentWindowPosition: 3 currentAminoAcid: L =&gt; 85
  input in matrix: state: C currentWindowPosition: 4 currentAminoAcid: L =&gt; 77
  input in matrix: state: C currentWindowPosition: 5 currentAminoAcid: L =&gt; 81
  input in matrix: state: C currentWindowPosition: 6 currentAminoAcid: L =&gt; 65
  input in matrix: state: C currentWindowPosition: 7 currentAminoAcid: L =&gt; 41
  input in matrix: state: C currentWindowPosition: 8 currentAminoAcid: L =&gt; 0
  input in matrix: state: C currentWindowPosition: 9 currentAminoAcid: L =&gt; 37
  input in matrix: state: C currentWindowPosition: 10 currentAminoAcid: L =&gt; 51
  input in matrix: state: C currentWindowPosition: 11 currentAminoAcid: L =&gt; 61
  input in matrix: state: C currentWindowPosition: 12 currentAminoAcid: L =&gt; 61
  input in matrix: state: C currentWindowPosition: 13 currentAminoAcid: L =&gt; 63
  input in matrix: state: C currentWindowPosition: 14 currentAminoAcid: L =&gt; 69
  input in matrix: state: C currentWindowPosition: 15 currentAminoAcid: L =&gt; 74
  input in matrix: state: C currentWindowPosition: 16 currentAminoAcid: L =&gt; 82
Process line: M	18	17	21	12	12	24	10	9	0	10	9	14	16	17	16	18	19
 data line!
  input in matrix: state: C currentWindowPosition: 0 currentAminoAcid: M =&gt; 18
  input in matrix: state: C currentWindowPosition: 1 currentAminoAcid: M =&gt; 17
  input in matrix: state: C currentWindowPosition: 2 currentAminoAcid: M =&gt; 21
  input in matrix: state: C currentWindowPosition: 3 currentAminoAcid: M =&gt; 12
  input in matrix: state: C currentWindowPosition: 4 currentAminoAcid: M =&gt; 12
  input in matrix: state: C currentWindowPosition: 5 currentAminoAcid: M =&gt; 24
  input in matrix: state: C currentWindowPosition: 6 currentAminoAcid: M =&gt; 10
  input in matrix: state: C currentWindowPosition: 7 currentAminoAcid: M =&gt; 9
  input in matrix: state: C currentWindowPosition: 8 currentAminoAcid: M =&gt; 0
  input in matrix: state: C currentWindowPosition: 9 currentAminoAcid: M =&gt; 10
  input in matrix: state: C currentWindowPosition: 10 currentAminoAcid: M =&gt; 9
  input in matrix: state: C currentWindowPosition: 11 currentAminoAcid: M =&gt; 14
  input in matrix: state: C currentWindowPosition: 12 currentAminoAcid: M =&gt; 16
  input in matrix: state: C currentWindowPosition: 13 currentAminoAcid: M =&gt; 17
  input in matrix: state: C currentWindowPosition: 14 currentAminoAcid: M =&gt; 16
  input in matrix: state: C currentWindowPosition: 15 currentAminoAcid: M =&gt; 18
  input in matrix: state: C currentWindowPosition: 16 currentAminoAcid: M =&gt; 19
Process line: N	45	47	43	40	55	47	65	59	0	56	58	55	47	39	49	33	43
 data line!
  input in matrix: state: C currentWindowPosition: 0 currentAminoAcid: N =&gt; 45
  input in matrix: state: C currentWindowPosition: 1 currentAminoAcid: N =&gt; 47
  input in matrix: state: C currentWindowPosition: 2 currentAminoAcid: N =&gt; 43
  input in matrix: state: C currentWindowPosition: 3 currentAminoAcid: N =&gt; 40
  input in matrix: state: C currentWindowPosition: 4 currentAminoAcid: N =&gt; 55
  input in matrix: state: C currentWindowPosition: 5 currentAminoAcid: N =&gt; 47
  input in matrix: state: C currentWindowPosition: 6 currentAminoAcid: N =&gt; 65
  input in matrix: state: C currentWindowPosition: 7 currentAminoAcid: N =&gt; 59
  input in matrix: state: C currentWindowPosition: 8 currentAminoAcid: N =&gt; 0
  input in matrix: state: C currentWindowPosition: 9 currentAminoAcid: N =&gt; 56
  input in matrix: state: C currentWindowPosition: 10 currentAminoAcid: N =&gt; 58
  input in matrix: state: C currentWindowPosition: 11 currentAminoAcid: N =&gt; 55
  input in matrix: state: C currentWindowPosition: 12 currentAminoAcid: N =&gt; 47
  input in matrix: state: C currentWindowPosition: 13 currentAminoAcid: N =&gt; 39
  input in matrix: state: C currentWindowPosition: 14 currentAminoAcid: N =&gt; 49
  input in matrix: state: C currentWindowPosition: 15 currentAminoAcid: N =&gt; 33
  input in matrix: state: C currentWindowPosition: 16 currentAminoAcid: N =&gt; 43
Process line: P	39	36	40	46	41	44	59	73	0	99	82	61	65	40	46	56	50
 data line!
  input in matrix: state: C currentWindowPosition: 0 currentAminoAcid: P =&gt; 39
  input in matrix: state: C currentWindowPosition: 1 currentAminoAcid: P =&gt; 36
  input in matrix: state: C currentWindowPosition: 2 currentAminoAcid: P =&gt; 40
  input in matrix: state: C currentWindowPosition: 3 currentAminoAcid: P =&gt; 46
  input in matrix: state: C currentWindowPosition: 4 currentAminoAcid: P =&gt; 41
  input in matrix: state: C currentWindowPosition: 5 currentAminoAcid: P =&gt; 44
  input in matrix: state: C currentWindowPosition: 6 currentAminoAcid: P =&gt; 59
  input in matrix: state: C currentWindowPosition: 7 currentAminoAcid: P =&gt; 73
  input in matrix: state: C currentWindowPosition: 8 currentAminoAcid: P =&gt; 0
  input in matrix: state: C currentWindowPosition: 9 currentAminoAcid: P =&gt; 99
  input in matrix: state: C currentWindowPosition: 10 currentAminoAcid: P =&gt; 82
  input in matrix: state: C currentWindowPosition: 11 currentAminoAcid: P =&gt; 61
  input in matrix: state: C currentWindowPosition: 12 currentAminoAcid: P =&gt; 65
  input in matrix: state: C currentWindowPosition: 13 currentAminoAcid: P =&gt; 40
  input in matrix: state: C currentWindowPosition: 14 currentAminoAcid: P =&gt; 46
  input in matrix: state: C currentWindowPosition: 15 currentAminoAcid: P =&gt; 56
  input in matrix: state: C currentWindowPosition: 16 currentAminoAcid: P =&gt; 50
Process line: Q	30	34	33	31	31	32	40	39	0	32	37	29	33	30	23	35	22
 data line!
  input in matrix: state: C currentWindowPosition: 0 currentAminoAcid: Q =&gt; 30
  input in matrix: state: C currentWindowPosition: 1 currentAminoAcid: Q =&gt; 34
  input in matrix: state: C currentWindowPosition: 2 currentAminoAcid: Q =&gt; 33
  input in matrix: state: C currentWindowPosition: 3 currentAminoAcid: Q =&gt; 31
  input in matrix: state: C currentWindowPosition: 4 currentAminoAcid: Q =&gt; 31
  input in matrix: state: C currentWindowPosition: 5 currentAminoAcid: Q =&gt; 32
  input in matrix: state: C currentWindowPosition: 6 currentAminoAcid: Q =&gt; 40
  input in matrix: state: C currentWindowPosition: 7 currentAminoAcid: Q =&gt; 39
  input in matrix: state: C currentWindowPosition: 8 currentAminoAcid: Q =&gt; 0
  input in matrix: state: C currentWindowPosition: 9 currentAminoAcid: Q =&gt; 32
  input in matrix: state: C currentWindowPosition: 10 currentAminoAcid: Q =&gt; 37
  input in matrix: state: C currentWindowPosition: 11 currentAminoAcid: Q =&gt; 29
  input in matrix: state: C currentWindowPosition: 12 currentAminoAcid: Q =&gt; 33
  input in matrix: state: C currentWindowPosition: 13 currentAminoAcid: Q =&gt; 30
  input in matrix: state: C currentWindowPosition: 14 currentAminoAcid: Q =&gt; 23
  input in matrix: state: C currentWindowPosition: 15 currentAminoAcid: Q =&gt; 35
  input in matrix: state: C currentWindowPosition: 16 currentAminoAcid: Q =&gt; 22
Process line: R	39	42	47	41	45	35	43	47	0	40	38	43	31	38	42	44	41
 data line!
  input in matrix: state: C currentWindowPosition: 0 currentAminoAcid: R =&gt; 39
  input in matrix: state: C currentWindowPosition: 1 currentAminoAcid: R =&gt; 42
  input in matrix: state: C currentWindowPosition: 2 currentAminoAcid: R =&gt; 47
  input in matrix: state: C currentWindowPosition: 3 currentAminoAcid: R =&gt; 41
  input in matrix: state: C currentWindowPosition: 4 currentAminoAcid: R =&gt; 45
  input in matrix: state: C currentWindowPosition: 5 currentAminoAcid: R =&gt; 35
  input in matrix: state: C currentWindowPosition: 6 currentAminoAcid: R =&gt; 43
  input in matrix: state: C currentWindowPosition: 7 currentAminoAcid: R =&gt; 47
  input in matrix: state: C currentWindowPosition: 8 currentAminoAcid: R =&gt; 0
  input in matrix: state: C currentWindowPosition: 9 currentAminoAcid: R =&gt; 40
  input in matrix: state: C currentWindowPosition: 10 currentAminoAcid: R =&gt; 38
  input in matrix: state: C currentWindowPosition: 11 currentAminoAcid: R =&gt; 43
  input in matrix: state: C currentWindowPosition: 12 currentAminoAcid: R =&gt; 31
  input in matrix: state: C currentWindowPosition: 13 currentAminoAcid: R =&gt; 38
  input in matrix: state: C currentWindowPosition: 14 currentAminoAcid: R =&gt; 42
  input in matrix: state: C currentWindowPosition: 15 currentAminoAcid: R =&gt; 44
  input in matrix: state: C currentWindowPosition: 16 currentAminoAcid: R =&gt; 41
Process line: S	61	51	62	55	59	55	65	57	0	72	58	75	72	52	59	49	69
 data line!
  input in matrix: state: C currentWindowPosition: 0 currentAminoAcid: S =&gt; 61
  input in matrix: state: C currentWindowPosition: 1 currentAminoAcid: S =&gt; 51
  input in matrix: state: C currentWindowPosition: 2 currentAminoAcid: S =&gt; 62
  input in matrix: state: C currentWindowPosition: 3 currentAminoAcid: S =&gt; 55
  input in matrix: state: C currentWindowPosition: 4 currentAminoAcid: S =&gt; 59
  input in matrix: state: C currentWindowPosition: 5 currentAminoAcid: S =&gt; 55
  input in matrix: state: C currentWindowPosition: 6 currentAminoAcid: S =&gt; 65
  input in matrix: state: C currentWindowPosition: 7 currentAminoAcid: S =&gt; 57
  input in matrix: state: C currentWindowPosition: 8 currentAminoAcid: S =&gt; 0
  input in matrix: state: C currentWindowPosition: 9 currentAminoAcid: S =&gt; 72
  input in matrix: state: C currentWindowPosition: 10 currentAminoAcid: S =&gt; 58
  input in matrix: state: C currentWindowPosition: 11 currentAminoAcid: S =&gt; 75
  input in matrix: state: C currentWindowPosition: 12 currentAminoAcid: S =&gt; 72
  input in matrix: state: C currentWindowPosition: 13 currentAminoAcid: S =&gt; 52
  input in matrix: state: C currentWindowPosition: 14 currentAminoAcid: S =&gt; 59
  input in matrix: state: C currentWindowPosition: 15 currentAminoAcid: S =&gt; 49
  input in matrix: state: C currentWindowPosition: 16 currentAminoAcid: S =&gt; 69
Process line: T	56	44	50	69	54	64	59	49	0	58	64	63	54	54	60	57	50
 data line!
  input in matrix: state: C currentWindowPosition: 0 currentAminoAcid: T =&gt; 56
  input in matrix: state: C currentWindowPosition: 1 currentAminoAcid: T =&gt; 44
  input in matrix: state: C currentWindowPosition: 2 currentAminoAcid: T =&gt; 50
  input in matrix: state: C currentWindowPosition: 3 currentAminoAcid: T =&gt; 69
  input in matrix: state: C currentWindowPosition: 4 currentAminoAcid: T =&gt; 54
  input in matrix: state: C currentWindowPosition: 5 currentAminoAcid: T =&gt; 64
  input in matrix: state: C currentWindowPosition: 6 currentAminoAcid: T =&gt; 59
  input in matrix: state: C currentWindowPosition: 7 currentAminoAcid: T =&gt; 49
  input in matrix: state: C currentWindowPosition: 8 currentAminoAcid: T =&gt; 0
  input in matrix: state: C currentWindowPosition: 9 currentAminoAcid: T =&gt; 58
  input in matrix: state: C currentWindowPosition: 10 currentAminoAcid: T =&gt; 64
  input in matrix: state: C currentWindowPosition: 11 currentAminoAcid: T =&gt; 63
  input in matrix: state: C currentWindowPosition: 12 currentAminoAcid: T =&gt; 54
  input in matrix: state: C currentWindowPosition: 13 currentAminoAcid: T =&gt; 54
  input in matrix: state: C currentWindowPosition: 14 currentAminoAcid: T =&gt; 60
  input in matrix: state: C currentWindowPosition: 15 currentAminoAcid: T =&gt; 57
  input in matrix: state: C currentWindowPosition: 16 currentAminoAcid: T =&gt; 50
Process line: V	67	66	71	51	66	56	48	30	0	33	60	55	68	81	50	71	54
 data line!
  input in matrix: state: C currentWindowPosition: 0 currentAminoAcid: V =&gt; 67
  input in matrix: state: C currentWindowPosition: 1 currentAminoAcid: V =&gt; 66
  input in matrix: state: C currentWindowPosition: 2 currentAminoAcid: V =&gt; 71
  input in matrix: state: C currentWindowPosition: 3 currentAminoAcid: V =&gt; 51
  input in matrix: state: C currentWindowPosition: 4 currentAminoAcid: V =&gt; 66
  input in matrix: state: C currentWindowPosition: 5 currentAminoAcid: V =&gt; 56
  input in matrix: state: C currentWindowPosition: 6 currentAminoAcid: V =&gt; 48
  input in matrix: state: C currentWindowPosition: 7 currentAminoAcid: V =&gt; 30
  input in matrix: state: C currentWindowPosition: 8 currentAminoAcid: V =&gt; 0
  input in matrix: state: C currentWindowPosition: 9 currentAminoAcid: V =&gt; 33
  input in matrix: state: C currentWindowPosition: 10 currentAminoAcid: V =&gt; 60
  input in matrix: state: C currentWindowPosition: 11 currentAminoAcid: V =&gt; 55
  input in matrix: state: C currentWindowPosition: 12 currentAminoAcid: V =&gt; 68
  input in matrix: state: C currentWindowPosition: 13 currentAminoAcid: V =&gt; 81
  input in matrix: state: C currentWindowPosition: 14 currentAminoAcid: V =&gt; 50
  input in matrix: state: C currentWindowPosition: 15 currentAminoAcid: V =&gt; 71
  input in matrix: state: C currentWindowPosition: 16 currentAminoAcid: V =&gt; 54
Process line: W	16	11	16	15	25	17	7	6	0	12	13	7	18	18	15	11	14
 data line!
  input in matrix: state: C currentWindowPosition: 0 currentAminoAcid: W =&gt; 16
  input in matrix: state: C currentWindowPosition: 1 currentAminoAcid: W =&gt; 11
  input in matrix: state: C currentWindowPosition: 2 currentAminoAcid: W =&gt; 16
  input in matrix: state: C currentWindowPosition: 3 currentAminoAcid: W =&gt; 15
  input in matrix: state: C currentWindowPosition: 4 currentAminoAcid: W =&gt; 25
  input in matrix: state: C currentWindowPosition: 5 currentAminoAcid: W =&gt; 17
  input in matrix: state: C currentWindowPosition: 6 currentAminoAcid: W =&gt; 7
  input in matrix: state: C currentWindowPosition: 7 currentAminoAcid: W =&gt; 6
  input in matrix: state: C currentWindowPosition: 8 currentAminoAcid: W =&gt; 0
  input in matrix: state: C currentWindowPosition: 9 currentAminoAcid: W =&gt; 12
  input in matrix: state: C currentWindowPosition: 10 currentAminoAcid: W =&gt; 13
  input in matrix: state: C currentWindowPosition: 11 currentAminoAcid: W =&gt; 7
  input in matrix: state: C currentWindowPosition: 12 currentAminoAcid: W =&gt; 18
  input in matrix: state: C currentWindowPosition: 13 currentAminoAcid: W =&gt; 18
  input in matrix: state: C currentWindowPosition: 14 currentAminoAcid: W =&gt; 15
  input in matrix: state: C currentWindowPosition: 15 currentAminoAcid: W =&gt; 11
  input in matrix: state: C currentWindowPosition: 16 currentAminoAcid: W =&gt; 14
Process line: Y	42	34	42	35	35	37	34	37	919	36	39	37	39	37	40	49	47
 data line!
  input in matrix: state: C currentWindowPosition: 0 currentAminoAcid: Y =&gt; 42
  input in matrix: state: C currentWindowPosition: 1 currentAminoAcid: Y =&gt; 34
  input in matrix: state: C currentWindowPosition: 2 currentAminoAcid: Y =&gt; 42
  input in matrix: state: C currentWindowPosition: 3 currentAminoAcid: Y =&gt; 35
  input in matrix: state: C currentWindowPosition: 4 currentAminoAcid: Y =&gt; 35
  input in matrix: state: C currentWindowPosition: 5 currentAminoAcid: Y =&gt; 37
  input in matrix: state: C currentWindowPosition: 6 currentAminoAcid: Y =&gt; 34
  input in matrix: state: C currentWindowPosition: 7 currentAminoAcid: Y =&gt; 37
  input in matrix: state: C currentWindowPosition: 8 currentAminoAcid: Y =&gt; 919
  input in matrix: state: C currentWindowPosition: 9 currentAminoAcid: Y =&gt; 36
  input in matrix: state: C currentWindowPosition: 10 currentAminoAcid: Y =&gt; 39
  input in matrix: state: C currentWindowPosition: 11 currentAminoAcid: Y =&gt; 37
  input in matrix: state: C currentWindowPosition: 12 currentAminoAcid: Y =&gt; 39
  input in matrix: state: C currentWindowPosition: 13 currentAminoAcid: Y =&gt; 37
  input in matrix: state: C currentWindowPosition: 14 currentAminoAcid: Y =&gt; 40
  input in matrix: state: C currentWindowPosition: 15 currentAminoAcid: Y =&gt; 49
  input in matrix: state: C currentWindowPosition: 16 currentAminoAcid: Y =&gt; 47
Process line: 
 Skip line!
Process line: 
 Skip line!
Process line: =Y,E=
 state line! (now in state: E)
Process line: 
 Skip line!
Process line: A	60	80	67	61	64	36	60	55	0	53	59	60	62	50	71	50	65
 data line!
  input in matrix: state: E currentWindowPosition: 0 currentAminoAcid: A =&gt; 60
  input in matrix: state: E currentWindowPosition: 1 currentAminoAcid: A =&gt; 80
  input in matrix: state: E currentWindowPosition: 2 currentAminoAcid: A =&gt; 67
  input in matrix: state: E currentWindowPosition: 3 currentAminoAcid: A =&gt; 61
  input in matrix: state: E currentWindowPosition: 4 currentAminoAcid: A =&gt; 64
  input in matrix: state: E currentWindowPosition: 5 currentAminoAcid: A =&gt; 36
  input in matrix: state: E currentWindowPosition: 6 currentAminoAcid: A =&gt; 60
  input in matrix: state: E currentWindowPosition: 7 currentAminoAcid: A =&gt; 55
  input in matrix: state: E currentWindowPosition: 8 currentAminoAcid: A =&gt; 0
  input in matrix: state: E currentWindowPosition: 9 currentAminoAcid: A =&gt; 53
  input in matrix: state: E currentWindowPosition: 10 currentAminoAcid: A =&gt; 59
  input in matrix: state: E currentWindowPosition: 11 currentAminoAcid: A =&gt; 60
  input in matrix: state: E currentWindowPosition: 12 currentAminoAcid: A =&gt; 62
  input in matrix: state: E currentWindowPosition: 13 currentAminoAcid: A =&gt; 50
  input in matrix: state: E currentWindowPosition: 14 currentAminoAcid: A =&gt; 71
  input in matrix: state: E currentWindowPosition: 15 currentAminoAcid: A =&gt; 50
  input in matrix: state: E currentWindowPosition: 16 currentAminoAcid: A =&gt; 65
Process line: C	15	16	12	10	13	16	15	19	0	17	20	18	23	14	17	17	25
 data line!
  input in matrix: state: E currentWindowPosition: 0 currentAminoAcid: C =&gt; 15
  input in matrix: state: E currentWindowPosition: 1 currentAminoAcid: C =&gt; 16
  input in matrix: state: E currentWindowPosition: 2 currentAminoAcid: C =&gt; 12
  input in matrix: state: E currentWindowPosition: 3 currentAminoAcid: C =&gt; 10
  input in matrix: state: E currentWindowPosition: 4 currentAminoAcid: C =&gt; 13
  input in matrix: state: E currentWindowPosition: 5 currentAminoAcid: C =&gt; 16
  input in matrix: state: E currentWindowPosition: 6 currentAminoAcid: C =&gt; 15
  input in matrix: state: E currentWindowPosition: 7 currentAminoAcid: C =&gt; 19
  input in matrix: state: E currentWindowPosition: 8 currentAminoAcid: C =&gt; 0
  input in matrix: state: E currentWindowPosition: 9 currentAminoAcid: C =&gt; 17
  input in matrix: state: E currentWindowPosition: 10 currentAminoAcid: C =&gt; 20
  input in matrix: state: E currentWindowPosition: 11 currentAminoAcid: C =&gt; 18
  input in matrix: state: E currentWindowPosition: 12 currentAminoAcid: C =&gt; 23
  input in matrix: state: E currentWindowPosition: 13 currentAminoAcid: C =&gt; 14
  input in matrix: state: E currentWindowPosition: 14 currentAminoAcid: C =&gt; 17
  input in matrix: state: E currentWindowPosition: 15 currentAminoAcid: C =&gt; 17
  input in matrix: state: E currentWindowPosition: 16 currentAminoAcid: C =&gt; 25
Process line: D	55	66	50	50	60	47	62	43	0	47	45	58	71	82	64	61	48
 data line!
  input in matrix: state: E currentWindowPosition: 0 currentAminoAcid: D =&gt; 55
  input in matrix: state: E currentWindowPosition: 1 currentAminoAcid: D =&gt; 66
  input in matrix: state: E currentWindowPosition: 2 currentAminoAcid: D =&gt; 50
  input in matrix: state: E currentWindowPosition: 3 currentAminoAcid: D =&gt; 50
  input in matrix: state: E currentWindowPosition: 4 currentAminoAcid: D =&gt; 60
  input in matrix: state: E currentWindowPosition: 5 currentAminoAcid: D =&gt; 47
  input in matrix: state: E currentWindowPosition: 6 currentAminoAcid: D =&gt; 62
  input in matrix: state: E currentWindowPosition: 7 currentAminoAcid: D =&gt; 43
  input in matrix: state: E currentWindowPosition: 8 currentAminoAcid: D =&gt; 0
  input in matrix: state: E currentWindowPosition: 9 currentAminoAcid: D =&gt; 47
  input in matrix: state: E currentWindowPosition: 10 currentAminoAcid: D =&gt; 45
  input in matrix: state: E currentWindowPosition: 11 currentAminoAcid: D =&gt; 58
  input in matrix: state: E currentWindowPosition: 12 currentAminoAcid: D =&gt; 71
  input in matrix: state: E currentWindowPosition: 13 currentAminoAcid: D =&gt; 82
  input in matrix: state: E currentWindowPosition: 14 currentAminoAcid: D =&gt; 64
  input in matrix: state: E currentWindowPosition: 15 currentAminoAcid: D =&gt; 61
  input in matrix: state: E currentWindowPosition: 16 currentAminoAcid: D =&gt; 48
Process line: E	47	43	49	45	52	54	30	39	0	44	53	42	51	45	52	54	52
 data line!
  input in matrix: state: E currentWindowPosition: 0 currentAminoAcid: E =&gt; 47
  input in matrix: state: E currentWindowPosition: 1 currentAminoAcid: E =&gt; 43
  input in matrix: state: E currentWindowPosition: 2 currentAminoAcid: E =&gt; 49
  input in matrix: state: E currentWindowPosition: 3 currentAminoAcid: E =&gt; 45
  input in matrix: state: E currentWindowPosition: 4 currentAminoAcid: E =&gt; 52
  input in matrix: state: E currentWindowPosition: 5 currentAminoAcid: E =&gt; 54
  input in matrix: state: E currentWindowPosition: 6 currentAminoAcid: E =&gt; 30
  input in matrix: state: E currentWindowPosition: 7 currentAminoAcid: E =&gt; 39
  input in matrix: state: E currentWindowPosition: 8 currentAminoAcid: E =&gt; 0
  input in matrix: state: E currentWindowPosition: 9 currentAminoAcid: E =&gt; 44
  input in matrix: state: E currentWindowPosition: 10 currentAminoAcid: E =&gt; 53
  input in matrix: state: E currentWindowPosition: 11 currentAminoAcid: E =&gt; 42
  input in matrix: state: E currentWindowPosition: 12 currentAminoAcid: E =&gt; 51
  input in matrix: state: E currentWindowPosition: 13 currentAminoAcid: E =&gt; 45
  input in matrix: state: E currentWindowPosition: 14 currentAminoAcid: E =&gt; 52
  input in matrix: state: E currentWindowPosition: 15 currentAminoAcid: E =&gt; 54
  input in matrix: state: E currentWindowPosition: 16 currentAminoAcid: E =&gt; 52
Process line: F	42	22	35	36	25	31	38	33	0	36	52	30	36	31	30	34	34
 data line!
  input in matrix: state: E currentWindowPosition: 0 currentAminoAcid: F =&gt; 42
  input in matrix: state: E currentWindowPosition: 1 currentAminoAcid: F =&gt; 22
  input in matrix: state: E currentWindowPosition: 2 currentAminoAcid: F =&gt; 35
  input in matrix: state: E currentWindowPosition: 3 currentAminoAcid: F =&gt; 36
  input in matrix: state: E currentWindowPosition: 4 currentAminoAcid: F =&gt; 25
  input in matrix: state: E currentWindowPosition: 5 currentAminoAcid: F =&gt; 31
  input in matrix: state: E currentWindowPosition: 6 currentAminoAcid: F =&gt; 38
  input in matrix: state: E currentWindowPosition: 7 currentAminoAcid: F =&gt; 33
  input in matrix: state: E currentWindowPosition: 8 currentAminoAcid: F =&gt; 0
  input in matrix: state: E currentWindowPosition: 9 currentAminoAcid: F =&gt; 36
  input in matrix: state: E currentWindowPosition: 10 currentAminoAcid: F =&gt; 52
  input in matrix: state: E currentWindowPosition: 11 currentAminoAcid: F =&gt; 30
  input in matrix: state: E currentWindowPosition: 12 currentAminoAcid: F =&gt; 36
  input in matrix: state: E currentWindowPosition: 13 currentAminoAcid: F =&gt; 31
  input in matrix: state: E currentWindowPosition: 14 currentAminoAcid: F =&gt; 30
  input in matrix: state: E currentWindowPosition: 15 currentAminoAcid: F =&gt; 34
  input in matrix: state: E currentWindowPosition: 16 currentAminoAcid: F =&gt; 34
Process line: G	90	71	89	103	94	110	85	67	0	49	84	75	83	87	81	93	78
 data line!
  input in matrix: state: E currentWindowPosition: 0 currentAminoAcid: G =&gt; 90
  input in matrix: state: E currentWindowPosition: 1 currentAminoAcid: G =&gt; 71
  input in matrix: state: E currentWindowPosition: 2 currentAminoAcid: G =&gt; 89
  input in matrix: state: E currentWindowPosition: 3 currentAminoAcid: G =&gt; 103
  input in matrix: state: E currentWindowPosition: 4 currentAminoAcid: G =&gt; 94
  input in matrix: state: E currentWindowPosition: 5 currentAminoAcid: G =&gt; 110
  input in matrix: state: E currentWindowPosition: 6 currentAminoAcid: G =&gt; 85
  input in matrix: state: E currentWindowPosition: 7 currentAminoAcid: G =&gt; 67
  input in matrix: state: E currentWindowPosition: 8 currentAminoAcid: G =&gt; 0
  input in matrix: state: E currentWindowPosition: 9 currentAminoAcid: G =&gt; 49
  input in matrix: state: E currentWindowPosition: 10 currentAminoAcid: G =&gt; 84
  input in matrix: state: E currentWindowPosition: 11 currentAminoAcid: G =&gt; 75
  input in matrix: state: E currentWindowPosition: 12 currentAminoAcid: G =&gt; 83
  input in matrix: state: E currentWindowPosition: 13 currentAminoAcid: G =&gt; 87
  input in matrix: state: E currentWindowPosition: 14 currentAminoAcid: G =&gt; 81
  input in matrix: state: E currentWindowPosition: 15 currentAminoAcid: G =&gt; 93
  input in matrix: state: E currentWindowPosition: 16 currentAminoAcid: G =&gt; 78
Process line: H	15	19	22	14	26	15	21	25	0	14	24	30	26	31	24	20	26
 data line!
  input in matrix: state: E currentWindowPosition: 0 currentAminoAcid: H =&gt; 15
  input in matrix: state: E currentWindowPosition: 1 currentAminoAcid: H =&gt; 19
  input in matrix: state: E currentWindowPosition: 2 currentAminoAcid: H =&gt; 22
  input in matrix: state: E currentWindowPosition: 3 currentAminoAcid: H =&gt; 14
  input in matrix: state: E currentWindowPosition: 4 currentAminoAcid: H =&gt; 26
  input in matrix: state: E currentWindowPosition: 5 currentAminoAcid: H =&gt; 15
  input in matrix: state: E currentWindowPosition: 6 currentAminoAcid: H =&gt; 21
  input in matrix: state: E currentWindowPosition: 7 currentAminoAcid: H =&gt; 25
  input in matrix: state: E currentWindowPosition: 8 currentAminoAcid: H =&gt; 0
  input in matrix: state: E currentWindowPosition: 9 currentAminoAcid: H =&gt; 14
  input in matrix: state: E currentWindowPosition: 10 currentAminoAcid: H =&gt; 24
  input in matrix: state: E currentWindowPosition: 11 currentAminoAcid: H =&gt; 30
  input in matrix: state: E currentWindowPosition: 12 currentAminoAcid: H =&gt; 26
  input in matrix: state: E currentWindowPosition: 13 currentAminoAcid: H =&gt; 31
  input in matrix: state: E currentWindowPosition: 14 currentAminoAcid: H =&gt; 24
  input in matrix: state: E currentWindowPosition: 15 currentAminoAcid: H =&gt; 20
  input in matrix: state: E currentWindowPosition: 16 currentAminoAcid: H =&gt; 26
Process line: I	51	37	44	34	34	51	52	65	0	64	56	35	49	35	44	46	37
 data line!
  input in matrix: state: E currentWindowPosition: 0 currentAminoAcid: I =&gt; 51
  input in matrix: state: E currentWindowPosition: 1 currentAminoAcid: I =&gt; 37
  input in matrix: state: E currentWindowPosition: 2 currentAminoAcid: I =&gt; 44
  input in matrix: state: E currentWindowPosition: 3 currentAminoAcid: I =&gt; 34
  input in matrix: state: E currentWindowPosition: 4 currentAminoAcid: I =&gt; 34
  input in matrix: state: E currentWindowPosition: 5 currentAminoAcid: I =&gt; 51
  input in matrix: state: E currentWindowPosition: 6 currentAminoAcid: I =&gt; 52
  input in matrix: state: E currentWindowPosition: 7 currentAminoAcid: I =&gt; 65
  input in matrix: state: E currentWindowPosition: 8 currentAminoAcid: I =&gt; 0
  input in matrix: state: E currentWindowPosition: 9 currentAminoAcid: I =&gt; 64
  input in matrix: state: E currentWindowPosition: 10 currentAminoAcid: I =&gt; 56
  input in matrix: state: E currentWindowPosition: 11 currentAminoAcid: I =&gt; 35
  input in matrix: state: E currentWindowPosition: 12 currentAminoAcid: I =&gt; 49
  input in matrix: state: E currentWindowPosition: 13 currentAminoAcid: I =&gt; 35
  input in matrix: state: E currentWindowPosition: 14 currentAminoAcid: I =&gt; 44
  input in matrix: state: E currentWindowPosition: 15 currentAminoAcid: I =&gt; 46
  input in matrix: state: E currentWindowPosition: 16 currentAminoAcid: I =&gt; 37
Process line: K	46	54	57	64	51	47	52	36	0	45	32	57	46	50	53	58	62
 data line!
  input in matrix: state: E currentWindowPosition: 0 currentAminoAcid: K =&gt; 46
  input in matrix: state: E currentWindowPosition: 1 currentAminoAcid: K =&gt; 54
  input in matrix: state: E currentWindowPosition: 2 currentAminoAcid: K =&gt; 57
  input in matrix: state: E currentWindowPosition: 3 currentAminoAcid: K =&gt; 64
  input in matrix: state: E currentWindowPosition: 4 currentAminoAcid: K =&gt; 51
  input in matrix: state: E currentWindowPosition: 5 currentAminoAcid: K =&gt; 47
  input in matrix: state: E currentWindowPosition: 6 currentAminoAcid: K =&gt; 52
  input in matrix: state: E currentWindowPosition: 7 currentAminoAcid: K =&gt; 36
  input in matrix: state: E currentWindowPosition: 8 currentAminoAcid: K =&gt; 0
  input in matrix: state: E currentWindowPosition: 9 currentAminoAcid: K =&gt; 45
  input in matrix: state: E currentWindowPosition: 10 currentAminoAcid: K =&gt; 32
  input in matrix: state: E currentWindowPosition: 11 currentAminoAcid: K =&gt; 57
  input in matrix: state: E currentWindowPosition: 12 currentAminoAcid: K =&gt; 46
  input in matrix: state: E currentWindowPosition: 13 currentAminoAcid: K =&gt; 50
  input in matrix: state: E currentWindowPosition: 14 currentAminoAcid: K =&gt; 53
  input in matrix: state: E currentWindowPosition: 15 currentAminoAcid: K =&gt; 58
  input in matrix: state: E currentWindowPosition: 16 currentAminoAcid: K =&gt; 62
Process line: L	67	63	66	58	52	53	74	78	0	63	74	51	48	59	52	42	52
 data line!
  input in matrix: state: E currentWindowPosition: 0 currentAminoAcid: L =&gt; 67
  input in matrix: state: E currentWindowPosition: 1 currentAminoAcid: L =&gt; 63
  input in matrix: state: E currentWindowPosition: 2 currentAminoAcid: L =&gt; 66
  input in matrix: state: E currentWindowPosition: 3 currentAminoAcid: L =&gt; 58
  input in matrix: state: E currentWindowPosition: 4 currentAminoAcid: L =&gt; 52
  input in matrix: state: E currentWindowPosition: 5 currentAminoAcid: L =&gt; 53
  input in matrix: state: E currentWindowPosition: 6 currentAminoAcid: L =&gt; 74
  input in matrix: state: E currentWindowPosition: 7 currentAminoAcid: L =&gt; 78
  input in matrix: state: E currentWindowPosition: 8 currentAminoAcid: L =&gt; 0
  input in matrix: state: E currentWindowPosition: 9 currentAminoAcid: L =&gt; 63
  input in matrix: state: E currentWindowPosition: 10 currentAminoAcid: L =&gt; 74
  input in matrix: state: E currentWindowPosition: 11 currentAminoAcid: L =&gt; 51
  input in matrix: state: E currentWindowPosition: 12 currentAminoAcid: L =&gt; 48
  input in matrix: state: E currentWindowPosition: 13 currentAminoAcid: L =&gt; 59
  input in matrix: state: E currentWindowPosition: 14 currentAminoAcid: L =&gt; 52
  input in matrix: state: E currentWindowPosition: 15 currentAminoAcid: L =&gt; 42
  input in matrix: state: E currentWindowPosition: 16 currentAminoAcid: L =&gt; 52
Process line: M	13	15	9	8	8	16	10	12	0	12	15	10	16	10	8	17	13
 data line!
  input in matrix: state: E currentWindowPosition: 0 currentAminoAcid: M =&gt; 13
  input in matrix: state: E currentWindowPosition: 1 currentAminoAcid: M =&gt; 15
  input in matrix: state: E currentWindowPosition: 2 currentAminoAcid: M =&gt; 9
  input in matrix: state: E currentWindowPosition: 3 currentAminoAcid: M =&gt; 8
  input in matrix: state: E currentWindowPosition: 4 currentAminoAcid: M =&gt; 8
  input in matrix: state: E currentWindowPosition: 5 currentAminoAcid: M =&gt; 16
  input in matrix: state: E currentWindowPosition: 6 currentAminoAcid: M =&gt; 10
  input in matrix: state: E currentWindowPosition: 7 currentAminoAcid: M =&gt; 12
  input in matrix: state: E currentWindowPosition: 8 currentAminoAcid: M =&gt; 0
  input in matrix: state: E currentWindowPosition: 9 currentAminoAcid: M =&gt; 12
  input in matrix: state: E currentWindowPosition: 10 currentAminoAcid: M =&gt; 15
  input in matrix: state: E currentWindowPosition: 11 currentAminoAcid: M =&gt; 10
  input in matrix: state: E currentWindowPosition: 12 currentAminoAcid: M =&gt; 16
  input in matrix: state: E currentWindowPosition: 13 currentAminoAcid: M =&gt; 10
  input in matrix: state: E currentWindowPosition: 14 currentAminoAcid: M =&gt; 8
  input in matrix: state: E currentWindowPosition: 15 currentAminoAcid: M =&gt; 17
  input in matrix: state: E currentWindowPosition: 16 currentAminoAcid: M =&gt; 13
Process line: N	40	56	46	53	46	38	51	46	0	49	29	55	44	45	49	35	50
 data line!
  input in matrix: state: E currentWindowPosition: 0 currentAminoAcid: N =&gt; 40
  input in matrix: state: E currentWindowPosition: 1 currentAminoAcid: N =&gt; 56
  input in matrix: state: E currentWindowPosition: 2 currentAminoAcid: N =&gt; 46
  input in matrix: state: E currentWindowPosition: 3 currentAminoAcid: N =&gt; 53
  input in matrix: state: E currentWindowPosition: 4 currentAminoAcid: N =&gt; 46
  input in matrix: state: E currentWindowPosition: 5 currentAminoAcid: N =&gt; 38
  input in matrix: state: E currentWindowPosition: 6 currentAminoAcid: N =&gt; 51
  input in matrix: state: E currentWindowPosition: 7 currentAminoAcid: N =&gt; 46
  input in matrix: state: E currentWindowPosition: 8 currentAminoAcid: N =&gt; 0
  input in matrix: state: E currentWindowPosition: 9 currentAminoAcid: N =&gt; 49
  input in matrix: state: E currentWindowPosition: 10 currentAminoAcid: N =&gt; 29
  input in matrix: state: E currentWindowPosition: 11 currentAminoAcid: N =&gt; 55
  input in matrix: state: E currentWindowPosition: 12 currentAminoAcid: N =&gt; 44
  input in matrix: state: E currentWindowPosition: 13 currentAminoAcid: N =&gt; 45
  input in matrix: state: E currentWindowPosition: 14 currentAminoAcid: N =&gt; 49
  input in matrix: state: E currentWindowPosition: 15 currentAminoAcid: N =&gt; 35
  input in matrix: state: E currentWindowPosition: 16 currentAminoAcid: N =&gt; 50
Process line: P	46	44	41	44	49	52	35	18	0	22	44	40	42	50	37	39	44
 data line!
  input in matrix: state: E currentWindowPosition: 0 currentAminoAcid: P =&gt; 46
  input in matrix: state: E currentWindowPosition: 1 currentAminoAcid: P =&gt; 44
  input in matrix: state: E currentWindowPosition: 2 currentAminoAcid: P =&gt; 41
  input in matrix: state: E currentWindowPosition: 3 currentAminoAcid: P =&gt; 44
  input in matrix: state: E currentWindowPosition: 4 currentAminoAcid: P =&gt; 49
  input in matrix: state: E currentWindowPosition: 5 currentAminoAcid: P =&gt; 52
  input in matrix: state: E currentWindowPosition: 6 currentAminoAcid: P =&gt; 35
  input in matrix: state: E currentWindowPosition: 7 currentAminoAcid: P =&gt; 18
  input in matrix: state: E currentWindowPosition: 8 currentAminoAcid: P =&gt; 0
  input in matrix: state: E currentWindowPosition: 9 currentAminoAcid: P =&gt; 22
  input in matrix: state: E currentWindowPosition: 10 currentAminoAcid: P =&gt; 44
  input in matrix: state: E currentWindowPosition: 11 currentAminoAcid: P =&gt; 40
  input in matrix: state: E currentWindowPosition: 12 currentAminoAcid: P =&gt; 42
  input in matrix: state: E currentWindowPosition: 13 currentAminoAcid: P =&gt; 50
  input in matrix: state: E currentWindowPosition: 14 currentAminoAcid: P =&gt; 37
  input in matrix: state: E currentWindowPosition: 15 currentAminoAcid: P =&gt; 39
  input in matrix: state: E currentWindowPosition: 16 currentAminoAcid: P =&gt; 44
Process line: Q	33	28	29	28	29	24	19	21	0	31	25	37	20	24	27	29	33
 data line!
  input in matrix: state: E currentWindowPosition: 0 currentAminoAcid: Q =&gt; 33
  input in matrix: state: E currentWindowPosition: 1 currentAminoAcid: Q =&gt; 28
  input in matrix: state: E currentWindowPosition: 2 currentAminoAcid: Q =&gt; 29
  input in matrix: state: E currentWindowPosition: 3 currentAminoAcid: Q =&gt; 28
  input in matrix: state: E currentWindowPosition: 4 currentAminoAcid: Q =&gt; 29
  input in matrix: state: E currentWindowPosition: 5 currentAminoAcid: Q =&gt; 24
  input in matrix: state: E currentWindowPosition: 6 currentAminoAcid: Q =&gt; 19
  input in matrix: state: E currentWindowPosition: 7 currentAminoAcid: Q =&gt; 21
  input in matrix: state: E currentWindowPosition: 8 currentAminoAcid: Q =&gt; 0
  input in matrix: state: E currentWindowPosition: 9 currentAminoAcid: Q =&gt; 31
  input in matrix: state: E currentWindowPosition: 10 currentAminoAcid: Q =&gt; 25
  input in matrix: state: E currentWindowPosition: 11 currentAminoAcid: Q =&gt; 37
  input in matrix: state: E currentWindowPosition: 12 currentAminoAcid: Q =&gt; 20
  input in matrix: state: E currentWindowPosition: 13 currentAminoAcid: Q =&gt; 24
  input in matrix: state: E currentWindowPosition: 14 currentAminoAcid: Q =&gt; 27
  input in matrix: state: E currentWindowPosition: 15 currentAminoAcid: Q =&gt; 29
  input in matrix: state: E currentWindowPosition: 16 currentAminoAcid: Q =&gt; 33
Process line: R	36	42	34	35	42	42	50	39	0	35	26	31	32	36	32	37	36
 data line!
  input in matrix: state: E currentWindowPosition: 0 currentAminoAcid: R =&gt; 36
  input in matrix: state: E currentWindowPosition: 1 currentAminoAcid: R =&gt; 42
  input in matrix: state: E currentWindowPosition: 2 currentAminoAcid: R =&gt; 34
  input in matrix: state: E currentWindowPosition: 3 currentAminoAcid: R =&gt; 35
  input in matrix: state: E currentWindowPosition: 4 currentAminoAcid: R =&gt; 42
  input in matrix: state: E currentWindowPosition: 5 currentAminoAcid: R =&gt; 42
  input in matrix: state: E currentWindowPosition: 6 currentAminoAcid: R =&gt; 50
  input in matrix: state: E currentWindowPosition: 7 currentAminoAcid: R =&gt; 39
  input in matrix: state: E currentWindowPosition: 8 currentAminoAcid: R =&gt; 0
  input in matrix: state: E currentWindowPosition: 9 currentAminoAcid: R =&gt; 35
  input in matrix: state: E currentWindowPosition: 10 currentAminoAcid: R =&gt; 26
  input in matrix: state: E currentWindowPosition: 11 currentAminoAcid: R =&gt; 31
  input in matrix: state: E currentWindowPosition: 12 currentAminoAcid: R =&gt; 32
  input in matrix: state: E currentWindowPosition: 13 currentAminoAcid: R =&gt; 36
  input in matrix: state: E currentWindowPosition: 14 currentAminoAcid: R =&gt; 32
  input in matrix: state: E currentWindowPosition: 15 currentAminoAcid: R =&gt; 37
  input in matrix: state: E currentWindowPosition: 16 currentAminoAcid: R =&gt; 36
Process line: S	53	73	64	61	53	57	57	54	0	63	65	70	61	70	71	70	47
 data line!
  input in matrix: state: E currentWindowPosition: 0 currentAminoAcid: S =&gt; 53
  input in matrix: state: E currentWindowPosition: 1 currentAminoAcid: S =&gt; 73
  input in matrix: state: E currentWindowPosition: 2 currentAminoAcid: S =&gt; 64
  input in matrix: state: E currentWindowPosition: 3 currentAminoAcid: S =&gt; 61
  input in matrix: state: E currentWindowPosition: 4 currentAminoAcid: S =&gt; 53
  input in matrix: state: E currentWindowPosition: 5 currentAminoAcid: S =&gt; 57
  input in matrix: state: E currentWindowPosition: 6 currentAminoAcid: S =&gt; 57
  input in matrix: state: E currentWindowPosition: 7 currentAminoAcid: S =&gt; 54
  input in matrix: state: E currentWindowPosition: 8 currentAminoAcid: S =&gt; 0
  input in matrix: state: E currentWindowPosition: 9 currentAminoAcid: S =&gt; 63
  input in matrix: state: E currentWindowPosition: 10 currentAminoAcid: S =&gt; 65
  input in matrix: state: E currentWindowPosition: 11 currentAminoAcid: S =&gt; 70
  input in matrix: state: E currentWindowPosition: 12 currentAminoAcid: S =&gt; 61
  input in matrix: state: E currentWindowPosition: 13 currentAminoAcid: S =&gt; 70
  input in matrix: state: E currentWindowPosition: 14 currentAminoAcid: S =&gt; 71
  input in matrix: state: E currentWindowPosition: 15 currentAminoAcid: S =&gt; 70
  input in matrix: state: E currentWindowPosition: 16 currentAminoAcid: S =&gt; 47
Process line: T	52	49	51	57	63	77	55	66	0	82	56	57	61	55	66	63	60
 data line!
  input in matrix: state: E currentWindowPosition: 0 currentAminoAcid: T =&gt; 52
  input in matrix: state: E currentWindowPosition: 1 currentAminoAcid: T =&gt; 49
  input in matrix: state: E currentWindowPosition: 2 currentAminoAcid: T =&gt; 51
  input in matrix: state: E currentWindowPosition: 3 currentAminoAcid: T =&gt; 57
  input in matrix: state: E currentWindowPosition: 4 currentAminoAcid: T =&gt; 63
  input in matrix: state: E currentWindowPosition: 5 currentAminoAcid: T =&gt; 77
  input in matrix: state: E currentWindowPosition: 6 currentAminoAcid: T =&gt; 55
  input in matrix: state: E currentWindowPosition: 7 currentAminoAcid: T =&gt; 66
  input in matrix: state: E currentWindowPosition: 8 currentAminoAcid: T =&gt; 0
  input in matrix: state: E currentWindowPosition: 9 currentAminoAcid: T =&gt; 82
  input in matrix: state: E currentWindowPosition: 10 currentAminoAcid: T =&gt; 56
  input in matrix: state: E currentWindowPosition: 11 currentAminoAcid: T =&gt; 57
  input in matrix: state: E currentWindowPosition: 12 currentAminoAcid: T =&gt; 61
  input in matrix: state: E currentWindowPosition: 13 currentAminoAcid: T =&gt; 55
  input in matrix: state: E currentWindowPosition: 14 currentAminoAcid: T =&gt; 66
  input in matrix: state: E currentWindowPosition: 15 currentAminoAcid: T =&gt; 63
  input in matrix: state: E currentWindowPosition: 16 currentAminoAcid: T =&gt; 60
Process line: V	54	45	55	56	59	59	60	90	0	87	72	69	56	50	59	59	60
 data line!
  input in matrix: state: E currentWindowPosition: 0 currentAminoAcid: V =&gt; 54
  input in matrix: state: E currentWindowPosition: 1 currentAminoAcid: V =&gt; 45
  input in matrix: state: E currentWindowPosition: 2 currentAminoAcid: V =&gt; 55
  input in matrix: state: E currentWindowPosition: 3 currentAminoAcid: V =&gt; 56
  input in matrix: state: E currentWindowPosition: 4 currentAminoAcid: V =&gt; 59
  input in matrix: state: E currentWindowPosition: 5 currentAminoAcid: V =&gt; 59
  input in matrix: state: E currentWindowPosition: 6 currentAminoAcid: V =&gt; 60
  input in matrix: state: E currentWindowPosition: 7 currentAminoAcid: V =&gt; 90
  input in matrix: state: E currentWindowPosition: 8 currentAminoAcid: V =&gt; 0
  input in matrix: state: E currentWindowPosition: 9 currentAminoAcid: V =&gt; 87
  input in matrix: state: E currentWindowPosition: 10 currentAminoAcid: V =&gt; 72
  input in matrix: state: E currentWindowPosition: 11 currentAminoAcid: V =&gt; 69
  input in matrix: state: E currentWindowPosition: 12 currentAminoAcid: V =&gt; 56
  input in matrix: state: E currentWindowPosition: 13 currentAminoAcid: V =&gt; 50
  input in matrix: state: E currentWindowPosition: 14 currentAminoAcid: V =&gt; 59
  input in matrix: state: E currentWindowPosition: 15 currentAminoAcid: V =&gt; 59
  input in matrix: state: E currentWindowPosition: 16 currentAminoAcid: V =&gt; 60
Process line: W	14	13	12	15	12	15	11	23	0	17	13	14	14	10	13	16	13
 data line!
  input in matrix: state: E currentWindowPosition: 0 currentAminoAcid: W =&gt; 14
  input in matrix: state: E currentWindowPosition: 1 currentAminoAcid: W =&gt; 13
  input in matrix: state: E currentWindowPosition: 2 currentAminoAcid: W =&gt; 12
  input in matrix: state: E currentWindowPosition: 3 currentAminoAcid: W =&gt; 15
  input in matrix: state: E currentWindowPosition: 4 currentAminoAcid: W =&gt; 12
  input in matrix: state: E currentWindowPosition: 5 currentAminoAcid: W =&gt; 15
  input in matrix: state: E currentWindowPosition: 6 currentAminoAcid: W =&gt; 11
  input in matrix: state: E currentWindowPosition: 7 currentAminoAcid: W =&gt; 23
  input in matrix: state: E currentWindowPosition: 8 currentAminoAcid: W =&gt; 0
  input in matrix: state: E currentWindowPosition: 9 currentAminoAcid: W =&gt; 17
  input in matrix: state: E currentWindowPosition: 10 currentAminoAcid: W =&gt; 13
  input in matrix: state: E currentWindowPosition: 11 currentAminoAcid: W =&gt; 14
  input in matrix: state: E currentWindowPosition: 12 currentAminoAcid: W =&gt; 14
  input in matrix: state: E currentWindowPosition: 13 currentAminoAcid: W =&gt; 10
  input in matrix: state: E currentWindowPosition: 14 currentAminoAcid: W =&gt; 13
  input in matrix: state: E currentWindowPosition: 15 currentAminoAcid: W =&gt; 16
  input in matrix: state: E currentWindowPosition: 16 currentAminoAcid: W =&gt; 13
Process line: Y	41	34	38	38	37	29	31	41	870	40	26	31	29	36	20	30	35
 data line!
  input in matrix: state: E currentWindowPosition: 0 currentAminoAcid: Y =&gt; 41
  input in matrix: state: E currentWindowPosition: 1 currentAminoAcid: Y =&gt; 34
  input in matrix: state: E currentWindowPosition: 2 currentAminoAcid: Y =&gt; 38
  input in matrix: state: E currentWindowPosition: 3 currentAminoAcid: Y =&gt; 38
  input in matrix: state: E currentWindowPosition: 4 currentAminoAcid: Y =&gt; 37
  input in matrix: state: E currentWindowPosition: 5 currentAminoAcid: Y =&gt; 29
  input in matrix: state: E currentWindowPosition: 6 currentAminoAcid: Y =&gt; 31
  input in matrix: state: E currentWindowPosition: 7 currentAminoAcid: Y =&gt; 41
  input in matrix: state: E currentWindowPosition: 8 currentAminoAcid: Y =&gt; 870
  input in matrix: state: E currentWindowPosition: 9 currentAminoAcid: Y =&gt; 40
  input in matrix: state: E currentWindowPosition: 10 currentAminoAcid: Y =&gt; 26
  input in matrix: state: E currentWindowPosition: 11 currentAminoAcid: Y =&gt; 31
  input in matrix: state: E currentWindowPosition: 12 currentAminoAcid: Y =&gt; 29
  input in matrix: state: E currentWindowPosition: 13 currentAminoAcid: Y =&gt; 36
  input in matrix: state: E currentWindowPosition: 14 currentAminoAcid: Y =&gt; 20
  input in matrix: state: E currentWindowPosition: 15 currentAminoAcid: Y =&gt; 30
  input in matrix: state: E currentWindowPosition: 16 currentAminoAcid: Y =&gt; 35
Process line: 
 Skip line!
Process line: 
 Skip line!
Process line: =Y,H=
 state line! (now in state: H)
Process line: 
 Skip line!
Process line: A	86	79	82	86	90	92	117	99	0	98	100	99	92	76	88	93	90
 data line!
  input in matrix: state: H currentWindowPosition: 0 currentAminoAcid: A =&gt; 86
  input in matrix: state: H currentWindowPosition: 1 currentAminoAcid: A =&gt; 79
  input in matrix: state: H currentWindowPosition: 2 currentAminoAcid: A =&gt; 82
  input in matrix: state: H currentWindowPosition: 3 currentAminoAcid: A =&gt; 86
  input in matrix: state: H currentWindowPosition: 4 currentAminoAcid: A =&gt; 90
  input in matrix: state: H currentWindowPosition: 5 currentAminoAcid: A =&gt; 92
  input in matrix: state: H currentWindowPosition: 6 currentAminoAcid: A =&gt; 117
  input in matrix: state: H currentWindowPosition: 7 currentAminoAcid: A =&gt; 99
  input in matrix: state: H currentWindowPosition: 8 currentAminoAcid: A =&gt; 0
  input in matrix: state: H currentWindowPosition: 9 currentAminoAcid: A =&gt; 98
  input in matrix: state: H currentWindowPosition: 10 currentAminoAcid: A =&gt; 100
  input in matrix: state: H currentWindowPosition: 11 currentAminoAcid: A =&gt; 99
  input in matrix: state: H currentWindowPosition: 12 currentAminoAcid: A =&gt; 92
  input in matrix: state: H currentWindowPosition: 13 currentAminoAcid: A =&gt; 76
  input in matrix: state: H currentWindowPosition: 14 currentAminoAcid: A =&gt; 88
  input in matrix: state: H currentWindowPosition: 15 currentAminoAcid: A =&gt; 93
  input in matrix: state: H currentWindowPosition: 16 currentAminoAcid: A =&gt; 90
Process line: C	13	10	17	13	7	16	7	13	0	12	8	14	14	12	10	17	13
 data line!
  input in matrix: state: H currentWindowPosition: 0 currentAminoAcid: C =&gt; 13
  input in matrix: state: H currentWindowPosition: 1 currentAminoAcid: C =&gt; 10
  input in matrix: state: H currentWindowPosition: 2 currentAminoAcid: C =&gt; 17
  input in matrix: state: H currentWindowPosition: 3 currentAminoAcid: C =&gt; 13
  input in matrix: state: H currentWindowPosition: 4 currentAminoAcid: C =&gt; 7
  input in matrix: state: H currentWindowPosition: 5 currentAminoAcid: C =&gt; 16
  input in matrix: state: H currentWindowPosition: 6 currentAminoAcid: C =&gt; 7
  input in matrix: state: H currentWindowPosition: 7 currentAminoAcid: C =&gt; 13
  input in matrix: state: H currentWindowPosition: 8 currentAminoAcid: C =&gt; 0
  input in matrix: state: H currentWindowPosition: 9 currentAminoAcid: C =&gt; 12
  input in matrix: state: H currentWindowPosition: 10 currentAminoAcid: C =&gt; 8
  input in matrix: state: H currentWindowPosition: 11 currentAminoAcid: C =&gt; 14
  input in matrix: state: H currentWindowPosition: 12 currentAminoAcid: C =&gt; 14
  input in matrix: state: H currentWindowPosition: 13 currentAminoAcid: C =&gt; 12
  input in matrix: state: H currentWindowPosition: 14 currentAminoAcid: C =&gt; 10
  input in matrix: state: H currentWindowPosition: 15 currentAminoAcid: C =&gt; 17
  input in matrix: state: H currentWindowPosition: 16 currentAminoAcid: C =&gt; 13
Process line: D	57	74	70	89	77	71	70	88	0	57	52	56	31	59	47	46	59
 data line!
  input in matrix: state: H currentWindowPosition: 0 currentAminoAcid: D =&gt; 57
  input in matrix: state: H currentWindowPosition: 1 currentAminoAcid: D =&gt; 74
  input in matrix: state: H currentWindowPosition: 2 currentAminoAcid: D =&gt; 70
  input in matrix: state: H currentWindowPosition: 3 currentAminoAcid: D =&gt; 89
  input in matrix: state: H currentWindowPosition: 4 currentAminoAcid: D =&gt; 77
  input in matrix: state: H currentWindowPosition: 5 currentAminoAcid: D =&gt; 71
  input in matrix: state: H currentWindowPosition: 6 currentAminoAcid: D =&gt; 70
  input in matrix: state: H currentWindowPosition: 7 currentAminoAcid: D =&gt; 88
  input in matrix: state: H currentWindowPosition: 8 currentAminoAcid: D =&gt; 0
  input in matrix: state: H currentWindowPosition: 9 currentAminoAcid: D =&gt; 57
  input in matrix: state: H currentWindowPosition: 10 currentAminoAcid: D =&gt; 52
  input in matrix: state: H currentWindowPosition: 11 currentAminoAcid: D =&gt; 56
  input in matrix: state: H currentWindowPosition: 12 currentAminoAcid: D =&gt; 31
  input in matrix: state: H currentWindowPosition: 13 currentAminoAcid: D =&gt; 59
  input in matrix: state: H currentWindowPosition: 14 currentAminoAcid: D =&gt; 47
  input in matrix: state: H currentWindowPosition: 15 currentAminoAcid: D =&gt; 46
  input in matrix: state: H currentWindowPosition: 16 currentAminoAcid: D =&gt; 59
Process line: E	66	55	80	92	76	54	70	74	0	59	65	53	55	76	63	50	55
 data line!
  input in matrix: state: H currentWindowPosition: 0 currentAminoAcid: E =&gt; 66
  input in matrix: state: H currentWindowPosition: 1 currentAminoAcid: E =&gt; 55
  input in matrix: state: H currentWindowPosition: 2 currentAminoAcid: E =&gt; 80
  input in matrix: state: H currentWindowPosition: 3 currentAminoAcid: E =&gt; 92
  input in matrix: state: H currentWindowPosition: 4 currentAminoAcid: E =&gt; 76
  input in matrix: state: H currentWindowPosition: 5 currentAminoAcid: E =&gt; 54
  input in matrix: state: H currentWindowPosition: 6 currentAminoAcid: E =&gt; 70
  input in matrix: state: H currentWindowPosition: 7 currentAminoAcid: E =&gt; 74
  input in matrix: state: H currentWindowPosition: 8 currentAminoAcid: E =&gt; 0
  input in matrix: state: H currentWindowPosition: 9 currentAminoAcid: E =&gt; 59
  input in matrix: state: H currentWindowPosition: 10 currentAminoAcid: E =&gt; 65
  input in matrix: state: H currentWindowPosition: 11 currentAminoAcid: E =&gt; 53
  input in matrix: state: H currentWindowPosition: 12 currentAminoAcid: E =&gt; 55
  input in matrix: state: H currentWindowPosition: 13 currentAminoAcid: E =&gt; 76
  input in matrix: state: H currentWindowPosition: 14 currentAminoAcid: E =&gt; 63
  input in matrix: state: H currentWindowPosition: 15 currentAminoAcid: E =&gt; 50
  input in matrix: state: H currentWindowPosition: 16 currentAminoAcid: E =&gt; 55
Process line: F	38	38	30	34	46	37	34	45	0	44	34	57	31	35	28	40	32
 data line!
  input in matrix: state: H currentWindowPosition: 0 currentAminoAcid: F =&gt; 38
  input in matrix: state: H currentWindowPosition: 1 currentAminoAcid: F =&gt; 38
  input in matrix: state: H currentWindowPosition: 2 currentAminoAcid: F =&gt; 30
  input in matrix: state: H currentWindowPosition: 3 currentAminoAcid: F =&gt; 34
  input in matrix: state: H currentWindowPosition: 4 currentAminoAcid: F =&gt; 46
  input in matrix: state: H currentWindowPosition: 5 currentAminoAcid: F =&gt; 37
  input in matrix: state: H currentWindowPosition: 6 currentAminoAcid: F =&gt; 34
  input in matrix: state: H currentWindowPosition: 7 currentAminoAcid: F =&gt; 45
  input in matrix: state: H currentWindowPosition: 8 currentAminoAcid: F =&gt; 0
  input in matrix: state: H currentWindowPosition: 9 currentAminoAcid: F =&gt; 44
  input in matrix: state: H currentWindowPosition: 10 currentAminoAcid: F =&gt; 34
  input in matrix: state: H currentWindowPosition: 11 currentAminoAcid: F =&gt; 57
  input in matrix: state: H currentWindowPosition: 12 currentAminoAcid: F =&gt; 31
  input in matrix: state: H currentWindowPosition: 13 currentAminoAcid: F =&gt; 35
  input in matrix: state: H currentWindowPosition: 14 currentAminoAcid: F =&gt; 28
  input in matrix: state: H currentWindowPosition: 15 currentAminoAcid: F =&gt; 40
  input in matrix: state: H currentWindowPosition: 16 currentAminoAcid: F =&gt; 32
Process line: G	82	83	60	69	44	65	54	42	0	70	60	62	61	89	54	69	72
 data line!
  input in matrix: state: H currentWindowPosition: 0 currentAminoAcid: G =&gt; 82
  input in matrix: state: H currentWindowPosition: 1 currentAminoAcid: G =&gt; 83
  input in matrix: state: H currentWindowPosition: 2 currentAminoAcid: G =&gt; 60
  input in matrix: state: H currentWindowPosition: 3 currentAminoAcid: G =&gt; 69
  input in matrix: state: H currentWindowPosition: 4 currentAminoAcid: G =&gt; 44
  input in matrix: state: H currentWindowPosition: 5 currentAminoAcid: G =&gt; 65
  input in matrix: state: H currentWindowPosition: 6 currentAminoAcid: G =&gt; 54
  input in matrix: state: H currentWindowPosition: 7 currentAminoAcid: G =&gt; 42
  input in matrix: state: H currentWindowPosition: 8 currentAminoAcid: G =&gt; 0
  input in matrix: state: H currentWindowPosition: 9 currentAminoAcid: G =&gt; 70
  input in matrix: state: H currentWindowPosition: 10 currentAminoAcid: G =&gt; 60
  input in matrix: state: H currentWindowPosition: 11 currentAminoAcid: G =&gt; 62
  input in matrix: state: H currentWindowPosition: 12 currentAminoAcid: G =&gt; 61
  input in matrix: state: H currentWindowPosition: 13 currentAminoAcid: G =&gt; 89
  input in matrix: state: H currentWindowPosition: 14 currentAminoAcid: G =&gt; 54
  input in matrix: state: H currentWindowPosition: 15 currentAminoAcid: G =&gt; 69
  input in matrix: state: H currentWindowPosition: 16 currentAminoAcid: G =&gt; 72
Process line: H	22	27	19	22	20	25	21	18	0	18	27	20	40	31	15	20	20
 data line!
  input in matrix: state: H currentWindowPosition: 0 currentAminoAcid: H =&gt; 22
  input in matrix: state: H currentWindowPosition: 1 currentAminoAcid: H =&gt; 27
  input in matrix: state: H currentWindowPosition: 2 currentAminoAcid: H =&gt; 19
  input in matrix: state: H currentWindowPosition: 3 currentAminoAcid: H =&gt; 22
  input in matrix: state: H currentWindowPosition: 4 currentAminoAcid: H =&gt; 20
  input in matrix: state: H currentWindowPosition: 5 currentAminoAcid: H =&gt; 25
  input in matrix: state: H currentWindowPosition: 6 currentAminoAcid: H =&gt; 21
  input in matrix: state: H currentWindowPosition: 7 currentAminoAcid: H =&gt; 18
  input in matrix: state: H currentWindowPosition: 8 currentAminoAcid: H =&gt; 0
  input in matrix: state: H currentWindowPosition: 9 currentAminoAcid: H =&gt; 18
  input in matrix: state: H currentWindowPosition: 10 currentAminoAcid: H =&gt; 27
  input in matrix: state: H currentWindowPosition: 11 currentAminoAcid: H =&gt; 20
  input in matrix: state: H currentWindowPosition: 12 currentAminoAcid: H =&gt; 40
  input in matrix: state: H currentWindowPosition: 13 currentAminoAcid: H =&gt; 31
  input in matrix: state: H currentWindowPosition: 14 currentAminoAcid: H =&gt; 15
  input in matrix: state: H currentWindowPosition: 15 currentAminoAcid: H =&gt; 20
  input in matrix: state: H currentWindowPosition: 16 currentAminoAcid: H =&gt; 20
Process line: I	47	55	48	54	65	63	49	41	0	46	37	48	79	59	60	56	60
 data line!
  input in matrix: state: H currentWindowPosition: 0 currentAminoAcid: I =&gt; 47
  input in matrix: state: H currentWindowPosition: 1 currentAminoAcid: I =&gt; 55
  input in matrix: state: H currentWindowPosition: 2 currentAminoAcid: I =&gt; 48
  input in matrix: state: H currentWindowPosition: 3 currentAminoAcid: I =&gt; 54
  input in matrix: state: H currentWindowPosition: 4 currentAminoAcid: I =&gt; 65
  input in matrix: state: H currentWindowPosition: 5 currentAminoAcid: I =&gt; 63
  input in matrix: state: H currentWindowPosition: 6 currentAminoAcid: I =&gt; 49
  input in matrix: state: H currentWindowPosition: 7 currentAminoAcid: I =&gt; 41
  input in matrix: state: H currentWindowPosition: 8 currentAminoAcid: I =&gt; 0
  input in matrix: state: H currentWindowPosition: 9 currentAminoAcid: I =&gt; 46
  input in matrix: state: H currentWindowPosition: 10 currentAminoAcid: I =&gt; 37
  input in matrix: state: H currentWindowPosition: 11 currentAminoAcid: I =&gt; 48
  input in matrix: state: H currentWindowPosition: 12 currentAminoAcid: I =&gt; 79
  input in matrix: state: H currentWindowPosition: 13 currentAminoAcid: I =&gt; 59
  input in matrix: state: H currentWindowPosition: 14 currentAminoAcid: I =&gt; 60
  input in matrix: state: H currentWindowPosition: 15 currentAminoAcid: I =&gt; 56
  input in matrix: state: H currentWindowPosition: 16 currentAminoAcid: I =&gt; 60
Process line: K	48	44	64	51	46	51	71	60	0	59	86	61	71	78	62	49	64
 data line!
  input in matrix: state: H currentWindowPosition: 0 currentAminoAcid: K =&gt; 48
  input in matrix: state: H currentWindowPosition: 1 currentAminoAcid: K =&gt; 44
  input in matrix: state: H currentWindowPosition: 2 currentAminoAcid: K =&gt; 64
  input in matrix: state: H currentWindowPosition: 3 currentAminoAcid: K =&gt; 51
  input in matrix: state: H currentWindowPosition: 4 currentAminoAcid: K =&gt; 46
  input in matrix: state: H currentWindowPosition: 5 currentAminoAcid: K =&gt; 51
  input in matrix: state: H currentWindowPosition: 6 currentAminoAcid: K =&gt; 71
  input in matrix: state: H currentWindowPosition: 7 currentAminoAcid: K =&gt; 60
  input in matrix: state: H currentWindowPosition: 8 currentAminoAcid: K =&gt; 0
  input in matrix: state: H currentWindowPosition: 9 currentAminoAcid: K =&gt; 59
  input in matrix: state: H currentWindowPosition: 10 currentAminoAcid: K =&gt; 86
  input in matrix: state: H currentWindowPosition: 11 currentAminoAcid: K =&gt; 61
  input in matrix: state: H currentWindowPosition: 12 currentAminoAcid: K =&gt; 71
  input in matrix: state: H currentWindowPosition: 13 currentAminoAcid: K =&gt; 78
  input in matrix: state: H currentWindowPosition: 14 currentAminoAcid: K =&gt; 62
  input in matrix: state: H currentWindowPosition: 15 currentAminoAcid: K =&gt; 49
  input in matrix: state: H currentWindowPosition: 16 currentAminoAcid: K =&gt; 64
Process line: L	89	81	84	60	107	97	77	103	0	124	87	108	110	74	80	110	97
 data line!
  input in matrix: state: H currentWindowPosition: 0 currentAminoAcid: L =&gt; 89
  input in matrix: state: H currentWindowPosition: 1 currentAminoAcid: L =&gt; 81
  input in matrix: state: H currentWindowPosition: 2 currentAminoAcid: L =&gt; 84
  input in matrix: state: H currentWindowPosition: 3 currentAminoAcid: L =&gt; 60
  input in matrix: state: H currentWindowPosition: 4 currentAminoAcid: L =&gt; 107
  input in matrix: state: H currentWindowPosition: 5 currentAminoAcid: L =&gt; 97
  input in matrix: state: H currentWindowPosition: 6 currentAminoAcid: L =&gt; 77
  input in matrix: state: H currentWindowPosition: 7 currentAminoAcid: L =&gt; 103
  input in matrix: state: H currentWindowPosition: 8 currentAminoAcid: L =&gt; 0
  input in matrix: state: H currentWindowPosition: 9 currentAminoAcid: L =&gt; 124
  input in matrix: state: H currentWindowPosition: 10 currentAminoAcid: L =&gt; 87
  input in matrix: state: H currentWindowPosition: 11 currentAminoAcid: L =&gt; 108
  input in matrix: state: H currentWindowPosition: 12 currentAminoAcid: L =&gt; 110
  input in matrix: state: H currentWindowPosition: 13 currentAminoAcid: L =&gt; 74
  input in matrix: state: H currentWindowPosition: 14 currentAminoAcid: L =&gt; 80
  input in matrix: state: H currentWindowPosition: 15 currentAminoAcid: L =&gt; 110
  input in matrix: state: H currentWindowPosition: 16 currentAminoAcid: L =&gt; 97
Process line: M	23	13	24	10	25	23	23	25	0	25	32	27	21	20	33	25	23
 data line!
  input in matrix: state: H currentWindowPosition: 0 currentAminoAcid: M =&gt; 23
  input in matrix: state: H currentWindowPosition: 1 currentAminoAcid: M =&gt; 13
  input in matrix: state: H currentWindowPosition: 2 currentAminoAcid: M =&gt; 24
  input in matrix: state: H currentWindowPosition: 3 currentAminoAcid: M =&gt; 10
  input in matrix: state: H currentWindowPosition: 4 currentAminoAcid: M =&gt; 25
  input in matrix: state: H currentWindowPosition: 5 currentAminoAcid: M =&gt; 23
  input in matrix: state: H currentWindowPosition: 6 currentAminoAcid: M =&gt; 23
  input in matrix: state: H currentWindowPosition: 7 currentAminoAcid: M =&gt; 25
  input in matrix: state: H currentWindowPosition: 8 currentAminoAcid: M =&gt; 0
  input in matrix: state: H currentWindowPosition: 9 currentAminoAcid: M =&gt; 25
  input in matrix: state: H currentWindowPosition: 10 currentAminoAcid: M =&gt; 32
  input in matrix: state: H currentWindowPosition: 11 currentAminoAcid: M =&gt; 27
  input in matrix: state: H currentWindowPosition: 12 currentAminoAcid: M =&gt; 21
  input in matrix: state: H currentWindowPosition: 13 currentAminoAcid: M =&gt; 20
  input in matrix: state: H currentWindowPosition: 14 currentAminoAcid: M =&gt; 33
  input in matrix: state: H currentWindowPosition: 15 currentAminoAcid: M =&gt; 25
  input in matrix: state: H currentWindowPosition: 16 currentAminoAcid: M =&gt; 23
Process line: N	57	47	55	43	42	49	46	48	0	50	54	42	43	55	53	66	48
 data line!
  input in matrix: state: H currentWindowPosition: 0 currentAminoAcid: N =&gt; 57
  input in matrix: state: H currentWindowPosition: 1 currentAminoAcid: N =&gt; 47
  input in matrix: state: H currentWindowPosition: 2 currentAminoAcid: N =&gt; 55
  input in matrix: state: H currentWindowPosition: 3 currentAminoAcid: N =&gt; 43
  input in matrix: state: H currentWindowPosition: 4 currentAminoAcid: N =&gt; 42
  input in matrix: state: H currentWindowPosition: 5 currentAminoAcid: N =&gt; 49
  input in matrix: state: H currentWindowPosition: 6 currentAminoAcid: N =&gt; 46
  input in matrix: state: H currentWindowPosition: 7 currentAminoAcid: N =&gt; 48
  input in matrix: state: H currentWindowPosition: 8 currentAminoAcid: N =&gt; 0
  input in matrix: state: H currentWindowPosition: 9 currentAminoAcid: N =&gt; 50
  input in matrix: state: H currentWindowPosition: 10 currentAminoAcid: N =&gt; 54
  input in matrix: state: H currentWindowPosition: 11 currentAminoAcid: N =&gt; 42
  input in matrix: state: H currentWindowPosition: 12 currentAminoAcid: N =&gt; 43
  input in matrix: state: H currentWindowPosition: 13 currentAminoAcid: N =&gt; 55
  input in matrix: state: H currentWindowPosition: 14 currentAminoAcid: N =&gt; 53
  input in matrix: state: H currentWindowPosition: 15 currentAminoAcid: N =&gt; 66
  input in matrix: state: H currentWindowPosition: 16 currentAminoAcid: N =&gt; 48
Process line: P	44	44	36	47	39	38	45	29	0	16	21	24	29	44	45	43	49
 data line!
  input in matrix: state: H currentWindowPosition: 0 currentAminoAcid: P =&gt; 44
  input in matrix: state: H currentWindowPosition: 1 currentAminoAcid: P =&gt; 44
  input in matrix: state: H currentWindowPosition: 2 currentAminoAcid: P =&gt; 36
  input in matrix: state: H currentWindowPosition: 3 currentAminoAcid: P =&gt; 47
  input in matrix: state: H currentWindowPosition: 4 currentAminoAcid: P =&gt; 39
  input in matrix: state: H currentWindowPosition: 5 currentAminoAcid: P =&gt; 38
  input in matrix: state: H currentWindowPosition: 6 currentAminoAcid: P =&gt; 45
  input in matrix: state: H currentWindowPosition: 7 currentAminoAcid: P =&gt; 29
  input in matrix: state: H currentWindowPosition: 8 currentAminoAcid: P =&gt; 0
  input in matrix: state: H currentWindowPosition: 9 currentAminoAcid: P =&gt; 16
  input in matrix: state: H currentWindowPosition: 10 currentAminoAcid: P =&gt; 21
  input in matrix: state: H currentWindowPosition: 11 currentAminoAcid: P =&gt; 24
  input in matrix: state: H currentWindowPosition: 12 currentAminoAcid: P =&gt; 29
  input in matrix: state: H currentWindowPosition: 13 currentAminoAcid: P =&gt; 44
  input in matrix: state: H currentWindowPosition: 14 currentAminoAcid: P =&gt; 45
  input in matrix: state: H currentWindowPosition: 15 currentAminoAcid: P =&gt; 43
  input in matrix: state: H currentWindowPosition: 16 currentAminoAcid: P =&gt; 49
Process line: Q	30	30	38	43	29	29	36	49	0	50	49	54	39	48	41	30	41
 data line!
  input in matrix: state: H currentWindowPosition: 0 currentAminoAcid: Q =&gt; 30
  input in matrix: state: H currentWindowPosition: 1 currentAminoAcid: Q =&gt; 30
  input in matrix: state: H currentWindowPosition: 2 currentAminoAcid: Q =&gt; 38
  input in matrix: state: H currentWindowPosition: 3 currentAminoAcid: Q =&gt; 43
  input in matrix: state: H currentWindowPosition: 4 currentAminoAcid: Q =&gt; 29
  input in matrix: state: H currentWindowPosition: 5 currentAminoAcid: Q =&gt; 29
  input in matrix: state: H currentWindowPosition: 6 currentAminoAcid: Q =&gt; 36
  input in matrix: state: H currentWindowPosition: 7 currentAminoAcid: Q =&gt; 49
  input in matrix: state: H currentWindowPosition: 8 currentAminoAcid: Q =&gt; 0
  input in matrix: state: H currentWindowPosition: 9 currentAminoAcid: Q =&gt; 50
  input in matrix: state: H currentWindowPosition: 10 currentAminoAcid: Q =&gt; 49
  input in matrix: state: H currentWindowPosition: 11 currentAminoAcid: Q =&gt; 54
  input in matrix: state: H currentWindowPosition: 12 currentAminoAcid: Q =&gt; 39
  input in matrix: state: H currentWindowPosition: 13 currentAminoAcid: Q =&gt; 48
  input in matrix: state: H currentWindowPosition: 14 currentAminoAcid: Q =&gt; 41
  input in matrix: state: H currentWindowPosition: 15 currentAminoAcid: Q =&gt; 30
  input in matrix: state: H currentWindowPosition: 16 currentAminoAcid: Q =&gt; 41
Process line: R	50	35	49	43	50	53	52	44	0	57	51	43	55	45	60	44	51
 data line!
  input in matrix: state: H currentWindowPosition: 0 currentAminoAcid: R =&gt; 50
  input in matrix: state: H currentWindowPosition: 1 currentAminoAcid: R =&gt; 35
  input in matrix: state: H currentWindowPosition: 2 currentAminoAcid: R =&gt; 49
  input in matrix: state: H currentWindowPosition: 3 currentAminoAcid: R =&gt; 43
  input in matrix: state: H currentWindowPosition: 4 currentAminoAcid: R =&gt; 50
  input in matrix: state: H currentWindowPosition: 5 currentAminoAcid: R =&gt; 53
  input in matrix: state: H currentWindowPosition: 6 currentAminoAcid: R =&gt; 52
  input in matrix: state: H currentWindowPosition: 7 currentAminoAcid: R =&gt; 44
  input in matrix: state: H currentWindowPosition: 8 currentAminoAcid: R =&gt; 0
  input in matrix: state: H currentWindowPosition: 9 currentAminoAcid: R =&gt; 57
  input in matrix: state: H currentWindowPosition: 10 currentAminoAcid: R =&gt; 51
  input in matrix: state: H currentWindowPosition: 11 currentAminoAcid: R =&gt; 43
  input in matrix: state: H currentWindowPosition: 12 currentAminoAcid: R =&gt; 55
  input in matrix: state: H currentWindowPosition: 13 currentAminoAcid: R =&gt; 45
  input in matrix: state: H currentWindowPosition: 14 currentAminoAcid: R =&gt; 60
  input in matrix: state: H currentWindowPosition: 15 currentAminoAcid: R =&gt; 44
  input in matrix: state: H currentWindowPosition: 16 currentAminoAcid: R =&gt; 51
Process line: S	52	61	61	65	47	52	63	65	0	40	63	45	39	39	63	58	49
 data line!
  input in matrix: state: H currentWindowPosition: 0 currentAminoAcid: S =&gt; 52
  input in matrix: state: H currentWindowPosition: 1 currentAminoAcid: S =&gt; 61
  input in matrix: state: H currentWindowPosition: 2 currentAminoAcid: S =&gt; 61
  input in matrix: state: H currentWindowPosition: 3 currentAminoAcid: S =&gt; 65
  input in matrix: state: H currentWindowPosition: 4 currentAminoAcid: S =&gt; 47
  input in matrix: state: H currentWindowPosition: 5 currentAminoAcid: S =&gt; 52
  input in matrix: state: H currentWindowPosition: 6 currentAminoAcid: S =&gt; 63
  input in matrix: state: H currentWindowPosition: 7 currentAminoAcid: S =&gt; 65
  input in matrix: state: H currentWindowPosition: 8 currentAminoAcid: S =&gt; 0
  input in matrix: state: H currentWindowPosition: 9 currentAminoAcid: S =&gt; 40
  input in matrix: state: H currentWindowPosition: 10 currentAminoAcid: S =&gt; 63
  input in matrix: state: H currentWindowPosition: 11 currentAminoAcid: S =&gt; 45
  input in matrix: state: H currentWindowPosition: 12 currentAminoAcid: S =&gt; 39
  input in matrix: state: H currentWindowPosition: 13 currentAminoAcid: S =&gt; 39
  input in matrix: state: H currentWindowPosition: 14 currentAminoAcid: S =&gt; 63
  input in matrix: state: H currentWindowPosition: 15 currentAminoAcid: S =&gt; 58
  input in matrix: state: H currentWindowPosition: 16 currentAminoAcid: S =&gt; 49
Process line: T	65	73	51	63	53	47	50	42	0	44	52	41	47	44	48	49	46
 data line!
  input in matrix: state: H currentWindowPosition: 0 currentAminoAcid: T =&gt; 65
  input in matrix: state: H currentWindowPosition: 1 currentAminoAcid: T =&gt; 73
  input in matrix: state: H currentWindowPosition: 2 currentAminoAcid: T =&gt; 51
  input in matrix: state: H currentWindowPosition: 3 currentAminoAcid: T =&gt; 63
  input in matrix: state: H currentWindowPosition: 4 currentAminoAcid: T =&gt; 53
  input in matrix: state: H currentWindowPosition: 5 currentAminoAcid: T =&gt; 47
  input in matrix: state: H currentWindowPosition: 6 currentAminoAcid: T =&gt; 50
  input in matrix: state: H currentWindowPosition: 7 currentAminoAcid: T =&gt; 42
  input in matrix: state: H currentWindowPosition: 8 currentAminoAcid: T =&gt; 0
  input in matrix: state: H currentWindowPosition: 9 currentAminoAcid: T =&gt; 44
  input in matrix: state: H currentWindowPosition: 10 currentAminoAcid: T =&gt; 52
  input in matrix: state: H currentWindowPosition: 11 currentAminoAcid: T =&gt; 41
  input in matrix: state: H currentWindowPosition: 12 currentAminoAcid: T =&gt; 47
  input in matrix: state: H currentWindowPosition: 13 currentAminoAcid: T =&gt; 44
  input in matrix: state: H currentWindowPosition: 14 currentAminoAcid: T =&gt; 48
  input in matrix: state: H currentWindowPosition: 15 currentAminoAcid: T =&gt; 49
  input in matrix: state: H currentWindowPosition: 16 currentAminoAcid: T =&gt; 46
Process line: V	52	60	61	49	68	54	49	35	0	44	47	57	74	46	63	58	55
 data line!
  input in matrix: state: H currentWindowPosition: 0 currentAminoAcid: V =&gt; 52
  input in matrix: state: H currentWindowPosition: 1 currentAminoAcid: V =&gt; 60
  input in matrix: state: H currentWindowPosition: 2 currentAminoAcid: V =&gt; 61
  input in matrix: state: H currentWindowPosition: 3 currentAminoAcid: V =&gt; 49
  input in matrix: state: H currentWindowPosition: 4 currentAminoAcid: V =&gt; 68
  input in matrix: state: H currentWindowPosition: 5 currentAminoAcid: V =&gt; 54
  input in matrix: state: H currentWindowPosition: 6 currentAminoAcid: V =&gt; 49
  input in matrix: state: H currentWindowPosition: 7 currentAminoAcid: V =&gt; 35
  input in matrix: state: H currentWindowPosition: 8 currentAminoAcid: V =&gt; 0
  input in matrix: state: H currentWindowPosition: 9 currentAminoAcid: V =&gt; 44
  input in matrix: state: H currentWindowPosition: 10 currentAminoAcid: V =&gt; 47
  input in matrix: state: H currentWindowPosition: 11 currentAminoAcid: V =&gt; 57
  input in matrix: state: H currentWindowPosition: 12 currentAminoAcid: V =&gt; 74
  input in matrix: state: H currentWindowPosition: 13 currentAminoAcid: V =&gt; 46
  input in matrix: state: H currentWindowPosition: 14 currentAminoAcid: V =&gt; 63
  input in matrix: state: H currentWindowPosition: 15 currentAminoAcid: V =&gt; 58
  input in matrix: state: H currentWindowPosition: 16 currentAminoAcid: V =&gt; 55
Process line: W	18	18	11	12	14	10	12	9	0	14	18	16	12	14	10	18	12
 data line!
  input in matrix: state: H currentWindowPosition: 0 currentAminoAcid: W =&gt; 18
  input in matrix: state: H currentWindowPosition: 1 currentAminoAcid: W =&gt; 18
  input in matrix: state: H currentWindowPosition: 2 currentAminoAcid: W =&gt; 11
  input in matrix: state: H currentWindowPosition: 3 currentAminoAcid: W =&gt; 12
  input in matrix: state: H currentWindowPosition: 4 currentAminoAcid: W =&gt; 14
  input in matrix: state: H currentWindowPosition: 5 currentAminoAcid: W =&gt; 10
  input in matrix: state: H currentWindowPosition: 6 currentAminoAcid: W =&gt; 12
  input in matrix: state: H currentWindowPosition: 7 currentAminoAcid: W =&gt; 9
  input in matrix: state: H currentWindowPosition: 8 currentAminoAcid: W =&gt; 0
  input in matrix: state: H currentWindowPosition: 9 currentAminoAcid: W =&gt; 14
  input in matrix: state: H currentWindowPosition: 10 currentAminoAcid: W =&gt; 18
  input in matrix: state: H currentWindowPosition: 11 currentAminoAcid: W =&gt; 16
  input in matrix: state: H currentWindowPosition: 12 currentAminoAcid: W =&gt; 12
  input in matrix: state: H currentWindowPosition: 13 currentAminoAcid: W =&gt; 14
  input in matrix: state: H currentWindowPosition: 14 currentAminoAcid: W =&gt; 10
  input in matrix: state: H currentWindowPosition: 15 currentAminoAcid: W =&gt; 18
  input in matrix: state: H currentWindowPosition: 16 currentAminoAcid: W =&gt; 12
Process line: Y	37	49	36	31	31	50	30	47	976	49	33	49	33	31	53	35	40
 data line!
  input in matrix: state: H currentWindowPosition: 0 currentAminoAcid: Y =&gt; 37
  input in matrix: state: H currentWindowPosition: 1 currentAminoAcid: Y =&gt; 49
  input in matrix: state: H currentWindowPosition: 2 currentAminoAcid: Y =&gt; 36
  input in matrix: state: H currentWindowPosition: 3 currentAminoAcid: Y =&gt; 31
  input in matrix: state: H currentWindowPosition: 4 currentAminoAcid: Y =&gt; 31
  input in matrix: state: H currentWindowPosition: 5 currentAminoAcid: Y =&gt; 50
  input in matrix: state: H currentWindowPosition: 6 currentAminoAcid: Y =&gt; 30
  input in matrix: state: H currentWindowPosition: 7 currentAminoAcid: Y =&gt; 47
  input in matrix: state: H currentWindowPosition: 8 currentAminoAcid: Y =&gt; 976
  input in matrix: state: H currentWindowPosition: 9 currentAminoAcid: Y =&gt; 49
  input in matrix: state: H currentWindowPosition: 10 currentAminoAcid: Y =&gt; 33
  input in matrix: state: H currentWindowPosition: 11 currentAminoAcid: Y =&gt; 49
  input in matrix: state: H currentWindowPosition: 12 currentAminoAcid: Y =&gt; 33
  input in matrix: state: H currentWindowPosition: 13 currentAminoAcid: Y =&gt; 31
  input in matrix: state: H currentWindowPosition: 14 currentAminoAcid: Y =&gt; 53
  input in matrix: state: H currentWindowPosition: 15 currentAminoAcid: Y =&gt; 35
  input in matrix: state: H currentWindowPosition: 16 currentAminoAcid: Y =&gt; 40
Process line: 
 Skip line!
Process line: 
 Skip line!
Model file parsed! 
calculated fs for 0: [J@4b32ace3
calculated fs for 0: [J@4b32ace3
calculated fs for 0: [J@4b32ace3
calculated fs for 0: [J@4b32ace3
calculated fs for 0: [J@4b32ace3
calculated fs for 0: [J@4b32ace3
calculated fs for 0: [J@4b32ace3
calculated fs for 0: [J@4b32ace3
calculated fs for 0: [J@4b32ace3
calculated fs for 0: [J@4b32ace3
calculated fs for 0: [J@4b32ace3
calculated fs for 0: [J@4b32ace3
calculated fs for 0: [J@4b32ace3
calculated fs for 0: [J@4b32ace3
calculated fs for 0: [J@4b32ace3
calculated fs for 0: [J@4b32ace3
calculated fs for 0: [J@4b32ace3
calculated fs for 0: [J@4b32ace3
calculated fs for 0: [J@4b32ace3
calculated fs for 0: [J@4b32ace3
calculated fs for 0: [J@4b32ace3
calculated fs for 0: [J@4b32ace3
calculated fs for 0: [J@4b32ace3
calculated fs for 0: [J@4b32ace3
calculated fs for 0: [J@4b32ace3
calculated fs for 0: [J@4b32ace3
calculated fs for 0: [J@4b32ace3
calculated fs for 0: [J@4b32ace3
calculated fs for 0: [J@4b32ace3
calculated fs for 0: [J@4b32ace3
calculated fs for 0: [J@4b32ace3
calculated fs for 0: [J@4b32ace3
calculated fs for 0: [J@4b32ace3
calculated fs for 0: [J@4b32ace3
calculated fs for 0: [J@4b32ace3
calculated fs for 0: [J@4b32ace3
calculated fs for 0: [J@4b32ace3
calculated fs for 0: [J@4b32ace3
calculated fs for 0: [J@4b32ace3
calculated fs for 0: [J@4b32ace3
calculated fs for 0: [J@4b32ace3
calculated fs for 0: [J@4b32ace3
calculated fs for 0: [J@4b32ace3
calculated fs for 0: [J@4b32ace3
calculated fs for 0: [J@4b32ace3
calculated fs for 0: [J@4b32ace3
calculated fs for 0: [J@4b32ace3
calculated fs for 0: [J@4b32ace3
calculated fs for 0: [J@4b32ace3
calculated fs for 0: [J@4b32ace3
calculated fs for 0: [J@4b32ace3
calculated fs for 0: [J@4b32ace3
calculated fs for 0: [J@4b32ace3
calculated fs for 0: [J@4b32ace3
calculated fs for 0: [J@4b32ace3
calculated fs for 0: [J@4b32ace3
calculated fs for 0: [J@4b32ace3
calculated fs for 0: [J@4b32ace3
calculated fs for 0: [J@4b32ace3
calculated fs for 0: [J@4b32ace3
calculated fs for 0: [J@4b32ace3
calculated fs for 0: [J@4b32ace3
calculated fs for 0: [J@4b32ace3
calculated fs for 0: [J@4b32ace3
calculated fs for 0: [J@4b32ace3
calculated fs for 0: [J@4b32ace3
calculated fs for 0: [J@4b32ace3
calculated fs for 0: [J@4b32ace3
calculated fs for 0: [J@4b32ace3
calculated fs for 0: [J@4b32ace3
calculated fs for 0: [J@4b32ace3
calculated fs for 0: [J@4b32ace3
calculated fs for 0: [J@4b32ace3
calculated fs for 0: [J@4b32ace3
calculated fs for 0: [J@4b32ace3
calculated fs for 0: [J@4b32ace3
calculated fs for 0: [J@4b32ace3
calculated fs for 0: [J@4b32ace3
calculated fs for 0: [J@4b32ace3
calculated fs for 0: [J@4b32ace3
calculated fs for 0: [J@4b32ace3
calculated fs for 0: [J@4b32ace3
calculated fs for 0: [J@4b32ace3
calculated fs for 0: [J@4b32ace3
calculated fs for 0: [J@4b32ace3
calculated fs for 0: [J@4b32ace3
calculated fs for 0: [J@4b32ace3
calculated fs for 0: [J@4b32ace3
calculated fs for 0: [J@4b32ace3
calculated fs for 0: [J@4b32ace3
calculated fs for 0: [J@4b32ace3
calculated fs for 0: [J@4b32ace3
calculated fs for 0: [J@4b32ace3
calculated fs for 0: [J@4b32ace3
calculated fs for 0: [J@4b32ace3
calculated fs for 0: [J@4b32ace3
calculated fs for 0: [J@4b32ace3
calculated fs for 0: [J@4b32ace3
calculated fs for 0: [J@4b32ace3
calculated fs for 0: [J@4b32ace3
calculated fs for 0: [J@4b32ace3
calculated fs for 0: [J@4b32ace3
calculated fs for 0: [J@4b32ace3
calculated fs for 0: [J@4b32ace3
calculated fs for 0: [J@4b32ace3
calculated fs for 0: [J@4b32ace3
calculated fs for 0: [J@4b32ace3
calculated fs for 0: [J@4b32ace3
calculated fs for 0: [J@4b32ace3
calculated fs for 0: [J@4b32ace3
calculated fs for 0: [J@4b32ace3
calculated fs for 0: [J@4b32ace3
calculated fs for 0: [J@4b32ace3
calculated fs for 0: [J@4b32ace3
calculated fs for 0: [J@4b32ace3
calculated fs for 0: [J@4b32ace3
calculated fs for 0: [J@4b32ace3
calculated fs for 0: [J@4b32ace3
calculated fs for 0: [J@4b32ace3
calculated fs for 0: [J@4b32ace3
calculated fs for 0: [J@4b32ace3
calculated fs for 0: [J@4b32ace3
calculated fs for 0: [J@4b32ace3
calculated fs for 0: [J@4b32ace3
calculated fs for 0: [J@4b32ace3
calculated fs for 0: [J@4b32ace3
calculated fs for 0: [J@4b32ace3
calculated fs for 0: [J@4b32ace3
calculated fs for 0: [J@4b32ace3
calculated fs for 0: [J@4b32ace3
calculated fs for 0: [J@4b32ace3
calculated fs for 0: [J@4b32ace3
calculated fs for 0: [J@4b32ace3
calculated fs for 0: [J@4b32ace3
calculated fs for 0: [J@4b32ace3
calculated fs for 0: [J@4b32ace3
calculated fs for 0: [J@4b32ace3
calculated fs for 0: [J@4b32ace3
calculated fs for 0: [J@4b32ace3
calculated fs for 0: [J@4b32ace3
calculated fs for 0: [J@4b32ace3
calculated fs for 0: [J@4b32ace3
calculated fs for 0: [J@4b32ace3
calculated fs for 0: [J@4b32ace3
calculated fs for 0: [J@4b32ace3
calculated fs for 0: [J@4b32ace3
calculated fs for 0: [J@4b32ace3
calculated fs for 0: [J@4b32ace3
calculated fs for 0: [J@4b32ace3
calculated fs for 0: [J@4b32ace3
calculated fs for 0: [J@4b32ace3
calculated fs for 0: [J@4b32ace3
calculated fs for 0: [J@4b32ace3
calculated fs for 0: [J@4b32ace3
calculated fs for 0: [J@4b32ace3
calculated fs for 0: [J@4b32ace3
calculated fs for 0: [J@4b32ace3
calculated fs for 0: [J@4b32ace3
calculated fs for 0: [J@4b32ace3
calculated fs for 0: [J@4b32ace3
calculated fs for 0: [J@4b32ace3
calculated fs for 0: [J@4b32ace3
calculated fs for 0: [J@4b32ace3
calculated fs for 0: [J@4b32ace3
calculated fs for 0: [J@4b32ace3
calculated fs for 0: [J@4b32ace3
calculated fs for 0: [J@4b32ace3
calculated fs for 0: [J@4b32ace3
calculated fs for 0: [J@4b32ace3
calculated fs for 0: [J@4b32ace3
calculated fs for 0: [J@4b32ace3
calculated fs for 0: [J@4b32ace3
calculated fs for 0: [J@4b32ace3
calculated fs for 0: [J@4b32ace3
calculated fs for 0: [J@4b32ace3
calculated fs for 0: [J@4b32ace3
calculated fs for 0: [J@4b32ace3
calculated fs for 0: [J@4b32ace3
calculated fs for 0: [J@4b32ace3
calculated fs for 0: [J@4b32ace3
calculated fs for 0: [J@4b32ace3
calculated fs for 0: [J@4b32ace3
calculated fs for 0: [J@4b32ace3
calculated fs for 0: [J@4b32ace3
calculated fs for 0: [J@4b32ace3
calculated fs for 0: [J@4b32ace3
calculated fs for 0: [J@4b32ace3
calculated fs for 0: [J@4b32ace3
calculated fs for 0: [J@4b32ace3
calculated fs for 0: [J@4b32ace3
calculated fs for 0: [J@4b32ace3
calculated fs for 0: [J@4b32ace3
calculated fs for 0: [J@4b32ace3
calculated fs for 0: [J@4b32ace3
calculated fs for 0: [J@4b32ace3
calculated fs for 0: [J@4b32ace3
calculated fs for 0: [J@4b32ace3
calculated fs for 0: [J@4b32ace3
calculated fs for 0: [J@4b32ace3
calculated fs for 0: [J@4b32ace3
calculated fs for 0: [J@4b32ace3
calculated fs for 0: [J@4b32ace3
calculated fs for 0: [J@4b32ace3
calculated fs for 0: [J@4b32ace3
calculated fs for 0: [J@4b32ace3
calculated fs for 0: [J@4b32ace3
calculated fs for 0: [J@4b32ace3
calculated fs for 0: [J@4b32ace3
calculated fs for 0: [J@4b32ace3
calculated fs for 0: [J@4b32ace3
calculated fs for 0: [J@4b32ace3
calculated fs for 0: [J@4b32ace3
calculated fs for 0: [J@4b32ace3
calculated fs for 0: [J@4b32ace3
calculated fs for 0: [J@4b32ace3
calculated fs for 0: [J@4b32ace3
calculated fs for 0: [J@4b32ace3
calculated fs for 0: [J@4b32ace3
calculated fs for 0: [J@4b32ace3
calculated fs for 0: [J@4b32ace3
calculated fs for 0: [J@4b32ace3
calculated fs for 0: [J@4b32ace3
calculated fs for 0: [J@4b32ace3
calculated fs for 0: [J@4b32ace3
calculated fs for 0: [J@4b32ace3
calculated fs for 0: [J@4b32ace3
calculated fs for 0: [J@4b32ace3
calculated fs for 0: [J@4b32ace3
calculated fs for 0: [J@4b32ace3
calculated fs for 0: [J@4b32ace3
calculated fs for 0: [J@4b32ace3
calculated fs for 0: [J@4b32ace3
calculated fs for 0: [J@4b32ace3
calculated fs for 0: [J@4b32ace3
calculated fs for 0: [J@4b32ace3
calculated fs for 0: [J@4b32ace3
calculated fs for 0: [J@4b32ace3
calculated fs for 0: [J@4b32ace3
calculated fs for 0: [J@4b32ace3
calculated fs for 0: [J@4b32ace3
calculated fs for 0: [J@4b32ace3
calculated fs for 0: [J@4b32ace3
calculated fs for 0: [J@4b32ace3
calculated fs for 0: [J@4b32ace3
calculated fs for 0: [J@4b32ace3
calculated fs for 0: [J@4b32ace3
calculated fs for 0: [J@4b32ace3
calculated fs for 0: [J@4b32ace3
calculated fs for 0: [J@4b32ace3
calculated fs for 0: [J@4b32ace3
calculated fs for 0: [J@4b32ace3
calculated fs for 0: [J@4b32ace3
calculated fs for 0: [J@4b32ace3
calculated fs for 0: [J@4b32ace3
calculated fs for 0: [J@4b32ace3
calculated fs for 0: [J@4b32ace3
calculated fs for 0: [J@4b32ace3
calculated fs for 0: [J@4b32ace3
calculated fs for 0: [J@4b32ace3
calculated fs for 0: [J@4b32ace3
calculated fs for 0: [J@4b32ace3
calculated fs for 0: [J@4b32ace3
calculated fs for 0: [J@4b32ace3
calculated fs for 0: [J@4b32ace3
calculated fs for 0: [J@4b32ace3
calculated fs for 0: [J@4b32ace3
calculated fs for 0: [J@4b32ace3
calculated fs for 0: [J@4b32ace3
calculated fs for 0: [J@4b32ace3
calculated fs for 0: [J@4b32ace3
calculated fs for 0: [J@4b32ace3
calculated fs for 0: [J@4b32ace3
calculated fs for 0: [J@4b32ace3
calculated fs for 0: [J@4b32ace3
calculated fs for 0: [J@4b32ace3
calculated fs for 0: [J@4b32ace3
calculated fs for 0: [J@4b32ace3
calculated fs for 0: [J@4b32ace3
calculated fs for 0: [J@4b32ace3
calculated fs for 0: [J@4b32ace3
calculated fs for 0: [J@4b32ace3
calculated fs for 0: [J@4b32ace3
calculated fs for 0: [J@4b32ace3
calculated fs for 0: [J@4b32ace3
calculated fs for 0: [J@4b32ace3
calculated fs for 0: [J@4b32ace3
calculated fs for 0: [J@4b32ace3
calculated fs for 0: [J@4b32ace3
calculated fs for 0: [J@4b32ace3
calculated fs for 0: [J@4b32ace3
calculated fs for 0: [J@4b32ace3
calculated fs for 0: [J@4b32ace3
calculated fs for 0: [J@4b32ace3
calculated fs for 0: [J@4b32ace3
calculated fs for 0: [J@4b32ace3
calculated fs for 0: [J@4b32ace3
calculated fs for 0: [J@4b32ace3
calculated fs for 0: [J@4b32ace3
calculated fs for 0: [J@4b32ace3
calculated fs for 0: [J@4b32ace3
calculated fs for 0: [J@4b32ace3
calculated fs for 0: [J@4b32ace3
calculated fs for 0: [J@4b32ace3
calculated fs for 0: [J@4b32ace3
calculated fs for 0: [J@4b32ace3
calculated fs for 0: [J@4b32ace3
calculated fs for 0: [J@4b32ace3
calculated fs for 0: [J@4b32ace3
calculated fs for 0: [J@4b32ace3
calculated fs for 0: [J@4b32ace3
calculated fs for 0: [J@4b32ace3
calculated fs for 0: [J@4b32ace3
calculated fs for 0: [J@4b32ace3
calculated fs for 0: [J@4b32ace3
calculated fs for 0: [J@4b32ace3
calculated fs for 0: [J@4b32ace3
calculated fs for 0: [J@4b32ace3
calculated fs for 0: [J@4b32ace3
calculated fs for 0: [J@4b32ace3
calculated fs for 0: [J@4b32ace3
calculated fs for 0: [J@4b32ace3
calculated fs for 0: [J@4b32ace3
calculated fs for 0: [J@4b32ace3
calculated fs for 0: [J@4b32ace3
calculated fs for 0: [J@4b32ace3
calculated fs for 0: [J@4b32ace3
calculated fs for 0: [J@4b32ace3
calculated fs for 0: [J@4b32ace3
calculated fs for 0: [J@4b32ace3
calculated fs for 0: [J@4b32ace3
calculated fs for 0: [J@4b32ace3
calculated fs for 0: [J@4b32ace3
calculated fs for 0: [J@4b32ace3
calculated fs for 0: [J@4b32ace3
calculated fs for 0: [J@4b32ace3
calculated fs for 0: [J@4b32ace3
calculated fs for 0: [J@4b32ace3
calculated fs for 0: [J@4b32ace3
calculated fs for 0: [J@4b32ace3
calculated fs for 0: [J@4b32ace3
calculated fs for 1: [J@6bf491a6
calculated fs for 1: [J@6bf491a6
calculated fs for 1: [J@6bf491a6
calculated fs for 1: [J@6bf491a6
calculated fs for 1: [J@6bf491a6
calculated fs for 1: [J@6bf491a6
calculated fs for 1: [J@6bf491a6
calculated fs for 1: [J@6bf491a6
calculated fs for 1: [J@6bf491a6
calculated fs for 1: [J@6bf491a6
calculated fs for 1: [J@6bf491a6
calculated fs for 1: [J@6bf491a6
calculated fs for 1: [J@6bf491a6
calculated fs for 1: [J@6bf491a6
calculated fs for 1: [J@6bf491a6
calculated fs for 1: [J@6bf491a6
calculated fs for 1: [J@6bf491a6
calculated fs for 1: [J@6bf491a6
calculated fs for 1: [J@6bf491a6
calculated fs for 1: [J@6bf491a6
calculated fs for 1: [J@6bf491a6
calculated fs for 1: [J@6bf491a6
calculated fs for 1: [J@6bf491a6
calculated fs for 1: [J@6bf491a6
calculated fs for 1: [J@6bf491a6
calculated fs for 1: [J@6bf491a6
calculated fs for 1: [J@6bf491a6
calculated fs for 1: [J@6bf491a6
calculated fs for 1: [J@6bf491a6
calculated fs for 1: [J@6bf491a6
calculated fs for 1: [J@6bf491a6
calculated fs for 1: [J@6bf491a6
calculated fs for 1: [J@6bf491a6
calculated fs for 1: [J@6bf491a6
calculated fs for 1: [J@6bf491a6
calculated fs for 1: [J@6bf491a6
calculated fs for 1: [J@6bf491a6
calculated fs for 1: [J@6bf491a6
calculated fs for 1: [J@6bf491a6
calculated fs for 1: [J@6bf491a6
calculated fs for 1: [J@6bf491a6
calculated fs for 1: [J@6bf491a6
calculated fs for 1: [J@6bf491a6
calculated fs for 1: [J@6bf491a6
calculated fs for 1: [J@6bf491a6
calculated fs for 1: [J@6bf491a6
calculated fs for 1: [J@6bf491a6
calculated fs for 1: [J@6bf491a6
calculated fs for 1: [J@6bf491a6
calculated fs for 1: [J@6bf491a6
calculated fs for 1: [J@6bf491a6
calculated fs for 1: [J@6bf491a6
calculated fs for 1: [J@6bf491a6
calculated fs for 1: [J@6bf491a6
calculated fs for 1: [J@6bf491a6
calculated fs for 1: [J@6bf491a6
calculated fs for 1: [J@6bf491a6
calculated fs for 1: [J@6bf491a6
calculated fs for 1: [J@6bf491a6
calculated fs for 1: [J@6bf491a6
calculated fs for 1: [J@6bf491a6
calculated fs for 1: [J@6bf491a6
calculated fs for 1: [J@6bf491a6
calculated fs for 1: [J@6bf491a6
calculated fs for 1: [J@6bf491a6
calculated fs for 1: [J@6bf491a6
calculated fs for 1: [J@6bf491a6
calculated fs for 1: [J@6bf491a6
calculated fs for 1: [J@6bf491a6
calculated fs for 1: [J@6bf491a6
calculated fs for 1: [J@6bf491a6
calculated fs for 1: [J@6bf491a6
calculated fs for 1: [J@6bf491a6
calculated fs for 1: [J@6bf491a6
calculated fs for 1: [J@6bf491a6
calculated fs for 1: [J@6bf491a6
calculated fs for 1: [J@6bf491a6
calculated fs for 1: [J@6bf491a6
calculated fs for 1: [J@6bf491a6
calculated fs for 1: [J@6bf491a6
calculated fs for 1: [J@6bf491a6
calculated fs for 1: [J@6bf491a6
calculated fs for 1: [J@6bf491a6
calculated fs for 1: [J@6bf491a6
calculated fs for 1: [J@6bf491a6
calculated fs for 1: [J@6bf491a6
calculated fs for 1: [J@6bf491a6
calculated fs for 1: [J@6bf491a6
calculated fs for 1: [J@6bf491a6
calculated fs for 1: [J@6bf491a6
calculated fs for 1: [J@6bf491a6
calculated fs for 1: [J@6bf491a6
calculated fs for 1: [J@6bf491a6
calculated fs for 1: [J@6bf491a6
calculated fs for 1: [J@6bf491a6
calculated fs for 1: [J@6bf491a6
calculated fs for 1: [J@6bf491a6
calculated fs for 1: [J@6bf491a6
calculated fs for 1: [J@6bf491a6
calculated fs for 1: [J@6bf491a6
calculated fs for 1: [J@6bf491a6
calculated fs for 1: [J@6bf491a6
calculated fs for 1: [J@6bf491a6
calculated fs for 1: [J@6bf491a6
calculated fs for 1: [J@6bf491a6
calculated fs for 1: [J@6bf491a6
calculated fs for 1: [J@6bf491a6
calculated fs for 1: [J@6bf491a6
calculated fs for 1: [J@6bf491a6
calculated fs for 1: [J@6bf491a6
calculated fs for 1: [J@6bf491a6
calculated fs for 1: [J@6bf491a6
calculated fs for 1: [J@6bf491a6
calculated fs for 1: [J@6bf491a6
calculated fs for 1: [J@6bf491a6
calculated fs for 1: [J@6bf491a6
calculated fs for 1: [J@6bf491a6
calculated fs for 1: [J@6bf491a6
calculated fs for 1: [J@6bf491a6
calculated fs for 1: [J@6bf491a6
calculated fs for 1: [J@6bf491a6
calculated fs for 1: [J@6bf491a6
calculated fs for 1: [J@6bf491a6
calculated fs for 1: [J@6bf491a6
calculated fs for 1: [J@6bf491a6
calculated fs for 1: [J@6bf491a6
calculated fs for 1: [J@6bf491a6
calculated fs for 1: [J@6bf491a6
calculated fs for 1: [J@6bf491a6
calculated fs for 1: [J@6bf491a6
calculated fs for 1: [J@6bf491a6
calculated fs for 1: [J@6bf491a6
calculated fs for 1: [J@6bf491a6
calculated fs for 1: [J@6bf491a6
calculated fs for 1: [J@6bf491a6
calculated fs for 1: [J@6bf491a6
calculated fs for 1: [J@6bf491a6
calculated fs for 1: [J@6bf491a6
calculated fs for 1: [J@6bf491a6
calculated fs for 1: [J@6bf491a6
calculated fs for 1: [J@6bf491a6
calculated fs for 1: [J@6bf491a6
calculated fs for 1: [J@6bf491a6
calculated fs for 1: [J@6bf491a6
calculated fs for 1: [J@6bf491a6
calculated fs for 1: [J@6bf491a6
calculated fs for 1: [J@6bf491a6
calculated fs for 1: [J@6bf491a6
calculated fs for 1: [J@6bf491a6
calculated fs for 1: [J@6bf491a6
calculated fs for 1: [J@6bf491a6
calculated fs for 1: [J@6bf491a6
calculated fs for 1: [J@6bf491a6
calculated fs for 1: [J@6bf491a6
calculated fs for 1: [J@6bf491a6
calculated fs for 1: [J@6bf491a6
calculated fs for 1: [J@6bf491a6
calculated fs for 1: [J@6bf491a6
calculated fs for 1: [J@6bf491a6
calculated fs for 1: [J@6bf491a6
calculated fs for 1: [J@6bf491a6
calculated fs for 1: [J@6bf491a6
calculated fs for 1: [J@6bf491a6
calculated fs for 1: [J@6bf491a6
calculated fs for 1: [J@6bf491a6
calculated fs for 1: [J@6bf491a6
calculated fs for 1: [J@6bf491a6
calculated fs for 1: [J@6bf491a6
calculated fs for 1: [J@6bf491a6
calculated fs for 1: [J@6bf491a6
calculated fs for 1: [J@6bf491a6
calculated fs for 1: [J@6bf491a6
calculated fs for 1: [J@6bf491a6
calculated fs for 1: [J@6bf491a6
calculated fs for 1: [J@6bf491a6
calculated fs for 1: [J@6bf491a6
calculated fs for 1: [J@6bf491a6
calculated fs for 1: [J@6bf491a6
calculated fs for 1: [J@6bf491a6
calculated fs for 1: [J@6bf491a6
calculated fs for 1: [J@6bf491a6
calculated fs for 1: [J@6bf491a6
calculated fs for 1: [J@6bf491a6
calculated fs for 1: [J@6bf491a6
calculated fs for 1: [J@6bf491a6
calculated fs for 1: [J@6bf491a6
calculated fs for 1: [J@6bf491a6
calculated fs for 1: [J@6bf491a6
calculated fs for 1: [J@6bf491a6
calculated fs for 1: [J@6bf491a6
calculated fs for 1: [J@6bf491a6
calculated fs for 1: [J@6bf491a6
calculated fs for 1: [J@6bf491a6
calculated fs for 1: [J@6bf491a6
calculated fs for 1: [J@6bf491a6
calculated fs for 1: [J@6bf491a6
calculated fs for 1: [J@6bf491a6
calculated fs for 1: [J@6bf491a6
calculated fs for 1: [J@6bf491a6
calculated fs for 1: [J@6bf491a6
calculated fs for 1: [J@6bf491a6
calculated fs for 1: [J@6bf491a6
calculated fs for 1: [J@6bf491a6
calculated fs for 1: [J@6bf491a6
calculated fs for 1: [J@6bf491a6
calculated fs for 1: [J@6bf491a6
calculated fs for 1: [J@6bf491a6
calculated fs for 1: [J@6bf491a6
calculated fs for 1: [J@6bf491a6
calculated fs for 1: [J@6bf491a6
calculated fs for 1: [J@6bf491a6
calculated fs for 1: [J@6bf491a6
calculated fs for 1: [J@6bf491a6
calculated fs for 1: [J@6bf491a6
calculated fs for 1: [J@6bf491a6
calculated fs for 1: [J@6bf491a6
calculated fs for 1: [J@6bf491a6
calculated fs for 1: [J@6bf491a6
calculated fs for 1: [J@6bf491a6
calculated fs for 1: [J@6bf491a6
calculated fs for 1: [J@6bf491a6
calculated fs for 1: [J@6bf491a6
calculated fs for 1: [J@6bf491a6
calculated fs for 1: [J@6bf491a6
calculated fs for 1: [J@6bf491a6
calculated fs for 1: [J@6bf491a6
calculated fs for 1: [J@6bf491a6
calculated fs for 1: [J@6bf491a6
calculated fs for 1: [J@6bf491a6
calculated fs for 1: [J@6bf491a6
calculated fs for 1: [J@6bf491a6
calculated fs for 1: [J@6bf491a6
calculated fs for 1: [J@6bf491a6
calculated fs for 1: [J@6bf491a6
calculated fs for 1: [J@6bf491a6
calculated fs for 1: [J@6bf491a6
calculated fs for 1: [J@6bf491a6
calculated fs for 1: [J@6bf491a6
calculated fs for 1: [J@6bf491a6
calculated fs for 1: [J@6bf491a6
calculated fs for 1: [J@6bf491a6
calculated fs for 1: [J@6bf491a6
calculated fs for 1: [J@6bf491a6
calculated fs for 1: [J@6bf491a6
calculated fs for 1: [J@6bf491a6
calculated fs for 1: [J@6bf491a6
calculated fs for 1: [J@6bf491a6
calculated fs for 1: [J@6bf491a6
calculated fs for 1: [J@6bf491a6
calculated fs for 1: [J@6bf491a6
calculated fs for 1: [J@6bf491a6
calculated fs for 1: [J@6bf491a6
calculated fs for 1: [J@6bf491a6
calculated fs for 1: [J@6bf491a6
calculated fs for 1: [J@6bf491a6
calculated fs for 1: [J@6bf491a6
calculated fs for 1: [J@6bf491a6
calculated fs for 1: [J@6bf491a6
calculated fs for 1: [J@6bf491a6
calculated fs for 1: [J@6bf491a6
calculated fs for 1: [J@6bf491a6
calculated fs for 1: [J@6bf491a6
calculated fs for 1: [J@6bf491a6
calculated fs for 1: [J@6bf491a6
calculated fs for 1: [J@6bf491a6
calculated fs for 1: [J@6bf491a6
calculated fs for 1: [J@6bf491a6
calculated fs for 1: [J@6bf491a6
calculated fs for 1: [J@6bf491a6
calculated fs for 1: [J@6bf491a6
calculated fs for 1: [J@6bf491a6
calculated fs for 1: [J@6bf491a6
calculated fs for 1: [J@6bf491a6
calculated fs for 1: [J@6bf491a6
calculated fs for 1: [J@6bf491a6
calculated fs for 1: [J@6bf491a6
calculated fs for 1: [J@6bf491a6
calculated fs for 1: [J@6bf491a6
calculated fs for 1: [J@6bf491a6
calculated fs for 1: [J@6bf491a6
calculated fs for 1: [J@6bf491a6
calculated fs for 1: [J@6bf491a6
calculated fs for 1: [J@6bf491a6
calculated fs for 1: [J@6bf491a6
calculated fs for 1: [J@6bf491a6
calculated fs for 1: [J@6bf491a6
calculated fs for 1: [J@6bf491a6
calculated fs for 1: [J@6bf491a6
calculated fs for 1: [J@6bf491a6
calculated fs for 1: [J@6bf491a6
calculated fs for 1: [J@6bf491a6
calculated fs for 1: [J@6bf491a6
calculated fs for 1: [J@6bf491a6
calculated fs for 1: [J@6bf491a6
calculated fs for 1: [J@6bf491a6
calculated fs for 1: [J@6bf491a6
calculated fs for 1: [J@6bf491a6
calculated fs for 1: [J@6bf491a6
calculated fs for 1: [J@6bf491a6
calculated fs for 1: [J@6bf491a6
calculated fs for 1: [J@6bf491a6
calculated fs for 1: [J@6bf491a6
calculated fs for 1: [J@6bf491a6
calculated fs for 1: [J@6bf491a6
calculated fs for 1: [J@6bf491a6
calculated fs for 1: [J@6bf491a6
calculated fs for 1: [J@6bf491a6
calculated fs for 1: [J@6bf491a6
calculated fs for 1: [J@6bf491a6
calculated fs for 1: [J@6bf491a6
calculated fs for 1: [J@6bf491a6
calculated fs for 1: [J@6bf491a6
calculated fs for 1: [J@6bf491a6
calculated fs for 1: [J@6bf491a6
calculated fs for 1: [J@6bf491a6
calculated fs for 1: [J@6bf491a6
calculated fs for 1: [J@6bf491a6
calculated fs for 1: [J@6bf491a6
calculated fs for 1: [J@6bf491a6
calculated fs for 1: [J@6bf491a6
calculated fs for 1: [J@6bf491a6
calculated fs for 1: [J@6bf491a6
calculated fs for 1: [J@6bf491a6
calculated fs for 1: [J@6bf491a6
calculated fs for 1: [J@6bf491a6
calculated fs for 1: [J@6bf491a6
calculated fs for 1: [J@6bf491a6
calculated fs for 1: [J@6bf491a6
calculated fs for 1: [J@6bf491a6
calculated fs for 1: [J@6bf491a6
calculated fs for 1: [J@6bf491a6
calculated fs for 1: [J@6bf491a6
calculated fs for 1: [J@6bf491a6
calculated fs for 1: [J@6bf491a6
calculated fs for 1: [J@6bf491a6
calculated fs for 1: [J@6bf491a6
calculated fs for 1: [J@6bf491a6
calculated fs for 1: [J@6bf491a6
calculated fs for 1: [J@6bf491a6
calculated fs for 1: [J@6bf491a6
calculated fs for 2: [J@58660a9
calculated fs for 2: [J@58660a9
calculated fs for 2: [J@58660a9
calculated fs for 2: [J@58660a9
calculated fs for 2: [J@58660a9
calculated fs for 2: [J@58660a9
calculated fs for 2: [J@58660a9
calculated fs for 2: [J@58660a9
calculated fs for 2: [J@58660a9
calculated fs for 2: [J@58660a9
calculated fs for 2: [J@58660a9
calculated fs for 2: [J@58660a9
calculated fs for 2: [J@58660a9
calculated fs for 2: [J@58660a9
calculated fs for 2: [J@58660a9
calculated fs for 2: [J@58660a9
calculated fs for 2: [J@58660a9
calculated fs for 2: [J@58660a9
calculated fs for 2: [J@58660a9
calculated fs for 2: [J@58660a9
calculated fs for 2: [J@58660a9
calculated fs for 2: [J@58660a9
calculated fs for 2: [J@58660a9
calculated fs for 2: [J@58660a9
calculated fs for 2: [J@58660a9
calculated fs for 2: [J@58660a9
calculated fs for 2: [J@58660a9
calculated fs for 2: [J@58660a9
calculated fs for 2: [J@58660a9
calculated fs for 2: [J@58660a9
calculated fs for 2: [J@58660a9
calculated fs for 2: [J@58660a9
calculated fs for 2: [J@58660a9
calculated fs for 2: [J@58660a9
calculated fs for 2: [J@58660a9
calculated fs for 2: [J@58660a9
calculated fs for 2: [J@58660a9
calculated fs for 2: [J@58660a9
calculated fs for 2: [J@58660a9
calculated fs for 2: [J@58660a9
calculated fs for 2: [J@58660a9
calculated fs for 2: [J@58660a9
calculated fs for 2: [J@58660a9
calculated fs for 2: [J@58660a9
calculated fs for 2: [J@58660a9
calculated fs for 2: [J@58660a9
calculated fs for 2: [J@58660a9
calculated fs for 2: [J@58660a9
calculated fs for 2: [J@58660a9
calculated fs for 2: [J@58660a9
calculated fs for 2: [J@58660a9
calculated fs for 2: [J@58660a9
calculated fs for 2: [J@58660a9
calculated fs for 2: [J@58660a9
calculated fs for 2: [J@58660a9
calculated fs for 2: [J@58660a9
calculated fs for 2: [J@58660a9
calculated fs for 2: [J@58660a9
calculated fs for 2: [J@58660a9
calculated fs for 2: [J@58660a9
calculated fs for 2: [J@58660a9
calculated fs for 2: [J@58660a9
calculated fs for 2: [J@58660a9
calculated fs for 2: [J@58660a9
calculated fs for 2: [J@58660a9
calculated fs for 2: [J@58660a9
calculated fs for 2: [J@58660a9
calculated fs for 2: [J@58660a9
calculated fs for 2: [J@58660a9
calculated fs for 2: [J@58660a9
calculated fs for 2: [J@58660a9
calculated fs for 2: [J@58660a9
calculated fs for 2: [J@58660a9
calculated fs for 2: [J@58660a9
calculated fs for 2: [J@58660a9
calculated fs for 2: [J@58660a9
calculated fs for 2: [J@58660a9
calculated fs for 2: [J@58660a9
calculated fs for 2: [J@58660a9
calculated fs for 2: [J@58660a9
calculated fs for 2: [J@58660a9
calculated fs for 2: [J@58660a9
calculated fs for 2: [J@58660a9
calculated fs for 2: [J@58660a9
calculated fs for 2: [J@58660a9
calculated fs for 2: [J@58660a9
calculated fs for 2: [J@58660a9
calculated fs for 2: [J@58660a9
calculated fs for 2: [J@58660a9
calculated fs for 2: [J@58660a9
calculated fs for 2: [J@58660a9
calculated fs for 2: [J@58660a9
calculated fs for 2: [J@58660a9
calculated fs for 2: [J@58660a9
calculated fs for 2: [J@58660a9
calculated fs for 2: [J@58660a9
calculated fs for 2: [J@58660a9
calculated fs for 2: [J@58660a9
calculated fs for 2: [J@58660a9
calculated fs for 2: [J@58660a9
calculated fs for 2: [J@58660a9
calculated fs for 2: [J@58660a9
calculated fs for 2: [J@58660a9
calculated fs for 2: [J@58660a9
calculated fs for 2: [J@58660a9
calculated fs for 2: [J@58660a9
calculated fs for 2: [J@58660a9
calculated fs for 2: [J@58660a9
calculated fs for 2: [J@58660a9
calculated fs for 2: [J@58660a9
calculated fs for 2: [J@58660a9
calculated fs for 2: [J@58660a9
calculated fs for 2: [J@58660a9
calculated fs for 2: [J@58660a9
calculated fs for 2: [J@58660a9
calculated fs for 2: [J@58660a9
calculated fs for 2: [J@58660a9
calculated fs for 2: [J@58660a9
calculated fs for 2: [J@58660a9
calculated fs for 2: [J@58660a9
calculated fs for 2: [J@58660a9
calculated fs for 2: [J@58660a9
calculated fs for 2: [J@58660a9
calculated fs for 2: [J@58660a9
calculated fs for 2: [J@58660a9
calculated fs for 2: [J@58660a9
calculated fs for 2: [J@58660a9
calculated fs for 2: [J@58660a9
calculated fs for 2: [J@58660a9
calculated fs for 2: [J@58660a9
calculated fs for 2: [J@58660a9
calculated fs for 2: [J@58660a9
calculated fs for 2: [J@58660a9
calculated fs for 2: [J@58660a9
calculated fs for 2: [J@58660a9
calculated fs for 2: [J@58660a9
calculated fs for 2: [J@58660a9
calculated fs for 2: [J@58660a9
calculated fs for 2: [J@58660a9
calculated fs for 2: [J@58660a9
calculated fs for 2: [J@58660a9
calculated fs for 2: [J@58660a9
calculated fs for 2: [J@58660a9
calculated fs for 2: [J@58660a9
calculated fs for 2: [J@58660a9
calculated fs for 2: [J@58660a9
calculated fs for 2: [J@58660a9
calculated fs for 2: [J@58660a9
calculated fs for 2: [J@58660a9
calculated fs for 2: [J@58660a9
calculated fs for 2: [J@58660a9
calculated fs for 2: [J@58660a9
calculated fs for 2: [J@58660a9
calculated fs for 2: [J@58660a9
calculated fs for 2: [J@58660a9
calculated fs for 2: [J@58660a9
calculated fs for 2: [J@58660a9
calculated fs for 2: [J@58660a9
calculated fs for 2: [J@58660a9
calculated fs for 2: [J@58660a9
calculated fs for 2: [J@58660a9
calculated fs for 2: [J@58660a9
calculated fs for 2: [J@58660a9
calculated fs for 2: [J@58660a9
calculated fs for 2: [J@58660a9
calculated fs for 2: [J@58660a9
calculated fs for 2: [J@58660a9
calculated fs for 2: [J@58660a9
calculated fs for 2: [J@58660a9
calculated fs for 2: [J@58660a9
calculated fs for 2: [J@58660a9
calculated fs for 2: [J@58660a9
calculated fs for 2: [J@58660a9
calculated fs for 2: [J@58660a9
calculated fs for 2: [J@58660a9
calculated fs for 2: [J@58660a9
calculated fs for 2: [J@58660a9
calculated fs for 2: [J@58660a9
calculated fs for 2: [J@58660a9
calculated fs for 2: [J@58660a9
calculated fs for 2: [J@58660a9
calculated fs for 2: [J@58660a9
calculated fs for 2: [J@58660a9
calculated fs for 2: [J@58660a9
calculated fs for 2: [J@58660a9
calculated fs for 2: [J@58660a9
calculated fs for 2: [J@58660a9
calculated fs for 2: [J@58660a9
calculated fs for 2: [J@58660a9
calculated fs for 2: [J@58660a9
calculated fs for 2: [J@58660a9
calculated fs for 2: [J@58660a9
calculated fs for 2: [J@58660a9
calculated fs for 2: [J@58660a9
calculated fs for 2: [J@58660a9
calculated fs for 2: [J@58660a9
calculated fs for 2: [J@58660a9
calculated fs for 2: [J@58660a9
calculated fs for 2: [J@58660a9
calculated fs for 2: [J@58660a9
calculated fs for 2: [J@58660a9
calculated fs for 2: [J@58660a9
calculated fs for 2: [J@58660a9
calculated fs for 2: [J@58660a9
calculated fs for 2: [J@58660a9
calculated fs for 2: [J@58660a9
calculated fs for 2: [J@58660a9
calculated fs for 2: [J@58660a9
calculated fs for 2: [J@58660a9
calculated fs for 2: [J@58660a9
calculated fs for 2: [J@58660a9
calculated fs for 2: [J@58660a9
calculated fs for 2: [J@58660a9
calculated fs for 2: [J@58660a9
calculated fs for 2: [J@58660a9
calculated fs for 2: [J@58660a9
calculated fs for 2: [J@58660a9
calculated fs for 2: [J@58660a9
calculated fs for 2: [J@58660a9
calculated fs for 2: [J@58660a9
calculated fs for 2: [J@58660a9
calculated fs for 2: [J@58660a9
calculated fs for 2: [J@58660a9
calculated fs for 2: [J@58660a9
calculated fs for 2: [J@58660a9
calculated fs for 2: [J@58660a9
calculated fs for 2: [J@58660a9
calculated fs for 2: [J@58660a9
calculated fs for 2: [J@58660a9
calculated fs for 2: [J@58660a9
calculated fs for 2: [J@58660a9
calculated fs for 2: [J@58660a9
calculated fs for 2: [J@58660a9
calculated fs for 2: [J@58660a9
calculated fs for 2: [J@58660a9
calculated fs for 2: [J@58660a9
calculated fs for 2: [J@58660a9
calculated fs for 2: [J@58660a9
calculated fs for 2: [J@58660a9
calculated fs for 2: [J@58660a9
calculated fs for 2: [J@58660a9
calculated fs for 2: [J@58660a9
calculated fs for 2: [J@58660a9
calculated fs for 2: [J@58660a9
calculated fs for 2: [J@58660a9
calculated fs for 2: [J@58660a9
calculated fs for 2: [J@58660a9
calculated fs for 2: [J@58660a9
calculated fs for 2: [J@58660a9
calculated fs for 2: [J@58660a9
calculated fs for 2: [J@58660a9
calculated fs for 2: [J@58660a9
calculated fs for 2: [J@58660a9
calculated fs for 2: [J@58660a9
calculated fs for 2: [J@58660a9
calculated fs for 2: [J@58660a9
calculated fs for 2: [J@58660a9
calculated fs for 2: [J@58660a9
calculated fs for 2: [J@58660a9
calculated fs for 2: [J@58660a9
calculated fs for 2: [J@58660a9
calculated fs for 2: [J@58660a9
calculated fs for 2: [J@58660a9
calculated fs for 2: [J@58660a9
calculated fs for 2: [J@58660a9
calculated fs for 2: [J@58660a9
calculated fs for 2: [J@58660a9
calculated fs for 2: [J@58660a9
calculated fs for 2: [J@58660a9
calculated fs for 2: [J@58660a9
calculated fs for 2: [J@58660a9
calculated fs for 2: [J@58660a9
calculated fs for 2: [J@58660a9
calculated fs for 2: [J@58660a9
calculated fs for 2: [J@58660a9
calculated fs for 2: [J@58660a9
calculated fs for 2: [J@58660a9
calculated fs for 2: [J@58660a9
calculated fs for 2: [J@58660a9
calculated fs for 2: [J@58660a9
calculated fs for 2: [J@58660a9
calculated fs for 2: [J@58660a9
calculated fs for 2: [J@58660a9
calculated fs for 2: [J@58660a9
calculated fs for 2: [J@58660a9
calculated fs for 2: [J@58660a9
calculated fs for 2: [J@58660a9
calculated fs for 2: [J@58660a9
calculated fs for 2: [J@58660a9
calculated fs for 2: [J@58660a9
calculated fs for 2: [J@58660a9
calculated fs for 2: [J@58660a9
calculated fs for 2: [J@58660a9
calculated fs for 2: [J@58660a9
calculated fs for 2: [J@58660a9
calculated fs for 2: [J@58660a9
calculated fs for 2: [J@58660a9
calculated fs for 2: [J@58660a9
calculated fs for 2: [J@58660a9
calculated fs for 2: [J@58660a9
calculated fs for 2: [J@58660a9
calculated fs for 2: [J@58660a9
calculated fs for 2: [J@58660a9
calculated fs for 2: [J@58660a9
calculated fs for 2: [J@58660a9
calculated fs for 2: [J@58660a9
calculated fs for 2: [J@58660a9
calculated fs for 2: [J@58660a9
calculated fs for 2: [J@58660a9
calculated fs for 2: [J@58660a9
calculated fs for 2: [J@58660a9
calculated fs for 2: [J@58660a9
calculated fs for 2: [J@58660a9
calculated fs for 2: [J@58660a9
calculated fs for 2: [J@58660a9
calculated fs for 2: [J@58660a9
calculated fs for 2: [J@58660a9
calculated fs for 2: [J@58660a9
calculated fs for 2: [J@58660a9
calculated fs for 2: [J@58660a9
calculated fs for 2: [J@58660a9
calculated fs for 2: [J@58660a9
calculated fs for 2: [J@58660a9
calculated fs for 2: [J@58660a9
calculated fs for 2: [J@58660a9
calculated fs for 2: [J@58660a9
calculated fs for 2: [J@58660a9
calculated fs for 2: [J@58660a9
calculated fs for 2: [J@58660a9
calculated fs for 2: [J@58660a9
calculated fs for 2: [J@58660a9
calculated fs for 2: [J@58660a9
calculated fs for 2: [J@58660a9
calculated fs for 2: [J@58660a9
calculated fs for 2: [J@58660a9
calculated fs for 2: [J@58660a9
calculated fs for 2: [J@58660a9
calculated fs for 2: [J@58660a9
calculated fs for 2: [J@58660a9
calculated fs for 2: [J@58660a9
calculated nfs for 0: [J@3933fa14
calculated nfs for 0: [J@3933fa14
calculated nfs for 1: [J@3675463
calculated nfs for 1: [J@3675463
calculated nfs for 2: [J@74d53153
calculated nfs for 2: [J@74d53153
calculated iMatrix for 0, 0, 0, 0: -0.05605605975775574
calculated iMatrix for 0, 0, 0, 1: 0.4671537701128432
calculated iMatrix for 0, 0, 0, 2: -0.05775526604793213
calculated iMatrix for 0, 0, 0, 3: -0.13500039247628648
calculated iMatrix for 0, 0, 0, 4: 0.38351717891233483
calculated iMatrix for 0, 0, 0, 5: -0.11817596129038321
calculated iMatrix for 0, 0, 0, 6: 0.26238260760342547
calculated iMatrix for 0, 0, 0, 7: 0.13412827207974676
calculated iMatrix for 0, 0, 0, 8: 0.06372463148977747
calculated iMatrix for 0, 0, 0, 9: -0.11343380658260893
calculated iMatrix for 0, 0, 0, 10: 0.28201133697724723
calculated iMatrix for 0, 0, 0, 11: -0.11685930540563638
calculated iMatrix for 0, 0, 0, 12: -0.07639558401275814
calculated iMatrix for 0, 0, 0, 13: -0.033894961423610925
calculated iMatrix for 0, 0, 0, 14: 0.08991334725248257
calculated iMatrix for 0, 0, 0, 15: -0.10297760891948049
calculated iMatrix for 0, 0, 0, 16: -4.4472702746889414E-4
calculated iMatrix for 0, 0, 0, 17: -0.014580456285218202
calculated iMatrix for 0, 0, 0, 18: 0.1469552856395011
calculated iMatrix for 0, 0, 0, 19: 0.022902636969522328
calculated iMatrix for 0, 0, 1, 0: -0.05052483158529486
calculated iMatrix for 0, 0, 1, 1: 0.4477858309347882
calculated iMatrix for 0, 0, 1, 2: -0.2590289883538208
calculated iMatrix for 0, 0, 1, 3: -0.053470341815051614
calculated iMatrix for 0, 0, 1, 4: 0.16600348061019554
calculated iMatrix for 0, 0, 1, 5: -0.007697803479194687
calculated iMatrix for 0, 0, 1, 6: 0.18253278256140626
calculated iMatrix for 0, 0, 1, 7: 0.22720310048225212
calculated iMatrix for 0, 0, 1, 8: 0.010054494491673283
calculated iMatrix for 0, 0, 1, 9: -0.03175577556834175
calculated iMatrix for 0, 0, 1, 10: -0.24774324832969086
calculated iMatrix for 0, 0, 1, 11: -0.25683658196832193
calculated iMatrix for 0, 0, 1, 12: -0.012188682841747789
calculated iMatrix for 0, 0, 1, 13: -0.08583056316694326
calculated iMatrix for 0, 0, 1, 14: 0.0065534989679928435
calculated iMatrix for 0, 0, 1, 15: -0.07035485651706042
calculated iMatrix for 0, 0, 1, 16: 0.015298037584303037
calculated iMatrix for 0, 0, 1, 17: 0.13038855193966203
calculated iMatrix for 0, 0, 1, 18: 0.2661329468504693
calculated iMatrix for 0, 0, 1, 19: 0.15073600847940727
calculated iMatrix for 0, 0, 2, 0: -0.1607621033708999
calculated iMatrix for 0, 0, 2, 1: 0.07796241415254967
calculated iMatrix for 0, 0, 2, 2: -0.2218244860118619
calculated iMatrix for 0, 0, 2, 3: -0.16794940970816397
calculated iMatrix for 0, 0, 2, 4: 0.3707798702047256
calculated iMatrix for 0, 0, 2, 5: -0.06386504561168815
calculated iMatrix for 0, 0, 2, 6: 0.08627225090211155
calculated iMatrix for 0, 0, 2, 7: 0.3059008601088768
calculated iMatrix for 0, 0, 2, 8: 0.022902636969522328
calculated iMatrix for 0, 0, 2, 9: -0.09173673058389364
calculated iMatrix for 0, 0, 2, 10: -0.13961629252825258
calculated iMatrix for 0, 0, 2, 11: -0.148947619957137
calculated iMatrix for 0, 0, 2, 12: 0.09557382726688135
calculated iMatrix for 0, 0, 2, 13: 0.03517272956133666
calculated iMatrix for 0, 0, 2, 14: -0.03396022492502093
calculated iMatrix for 0, 0, 2, 15: -0.22330618727568352
calculated iMatrix for 0, 0, 2, 16: 0.20654084964822372
calculated iMatrix for 0, 0, 2, 17: 0.22163722340480707
calculated iMatrix for 0, 0, 2, 18: -0.012188682841747789
calculated iMatrix for 0, 0, 2, 19: 0.11446983049501269
calculated iMatrix for 0, 0, 3, 0: 0.006679801462635027
calculated iMatrix for 0, 0, 3, 1: 0.3020740197533946
calculated iMatrix for 0, 0, 3, 2: -0.14687336076081692
calculated iMatrix for 0, 0, 3, 3: -0.09763143205875102
calculated iMatrix for 0, 0, 3, 4: 0.15326445483276596
calculated iMatrix for 0, 0, 3, 5: -0.09689856284309839
calculated iMatrix for 0, 0, 3, 6: -0.183891776343158
calculated iMatrix for 0, 0, 3, 7: 0.1654026995768053
calculated iMatrix for 0, 0, 3, 8: -0.11609623783713374
calculated iMatrix for 0, 0, 3, 9: 0.0038544419988277845
calculated iMatrix for 0, 0, 3, 10: -0.23946162749796873
calculated iMatrix for 0, 0, 3, 11: -0.13124804285773606
calculated iMatrix for 0, 0, 3, 12: 0.07142967786418264
calculated iMatrix for 0, 0, 3, 13: -0.10902490607302573
calculated iMatrix for 0, 0, 3, 14: -0.1583499726355273
calculated iMatrix for 0, 0, 3, 15: 0.026480458317406197
calculated iMatrix for 0, 0, 3, 16: 0.1164286949803458
calculated iMatrix for 0, 0, 3, 17: 0.15475476807432487
calculated iMatrix for 0, 0, 3, 18: 0.3105847094213032
calculated iMatrix for 0, 0, 3, 19: 0.18935084460718665
calculated iMatrix for 0, 0, 4, 0: -0.26039483716443457
calculated iMatrix for 0, 0, 4, 1: 0.29554683205676274
calculated iMatrix for 0, 0, 4, 2: -0.251534208732238
calculated iMatrix for 0, 0, 4, 3: -0.17284194015657306
calculated iMatrix for 0, 0, 4, 4: 0.12826315262734866
calculated iMatrix for 0, 0, 4, 5: -0.11177840130758554
calculated iMatrix for 0, 0, 4, 6: 0.11923374590795444
calculated iMatrix for 0, 0, 4, 7: 0.1794716976610622
calculated iMatrix for 0, 0, 4, 8: 0.20988620686928827
calculated iMatrix for 0, 0, 4, 9: 0.15073600847940727
calculated iMatrix for 0, 0, 4, 10: -0.21071221421198294
calculated iMatrix for 0, 0, 4, 11: -0.11140970063807176
calculated iMatrix for 0, 0, 4, 12: 0.12006638542316994
calculated iMatrix for 0, 0, 4, 13: -0.10608948322158107
calculated iMatrix for 0, 0, 4, 14: 0.12503213204590202
calculated iMatrix for 0, 0, 4, 15: -0.009185677581978191
calculated iMatrix for 0, 0, 4, 16: 0.06513540059279532
calculated iMatrix for 0, 0, 4, 17: 0.1790633677248048
calculated iMatrix for 0, 0, 4, 18: -0.3037815932855277
calculated iMatrix for 0, 0, 4, 19: 0.06264296561903648
calculated iMatrix for 0, 0, 5, 0: -0.11305299926650669
calculated iMatrix for 0, 0, 5, 1: 0.19983334512860051
calculated iMatrix for 0, 0, 5, 2: 0.019178237878539894
calculated iMatrix for 0, 0, 5, 3: -0.10033000345442578
calculated iMatrix for 0, 0, 5, 4: 0.19280167376491975
calculated iMatrix for 0, 0, 5, 5: 0.17296333154525556
calculated iMatrix for 0, 0, 5, 6: -0.11488106539353071
calculated iMatrix for 0, 0, 5, 7: -0.16913136076003732
calculated iMatrix for 0, 0, 5, 8: -0.050917275265744966
calculated iMatrix for 0, 0, 5, 9: -0.034554418055264935
calculated iMatrix for 0, 0, 5, 10: -0.04747815979227721
calculated iMatrix for 0, 0, 5, 11: -0.13124804285773606
calculated iMatrix for 0, 0, 5, 12: 0.497641870961092
calculated iMatrix for 0, 0, 5, 13: -0.02392866271457672
calculated iMatrix for 0, 0, 5, 14: -0.13124804285773606
calculated iMatrix for 0, 0, 5, 15: 0.1679706022224614
calculated iMatrix for 0, 0, 5, 16: 0.07015552182006779
calculated iMatrix for 0, 0, 5, 17: -0.22800018397896216
calculated iMatrix for 0, 0, 5, 18: 0.05927028114039712
calculated iMatrix for 0, 0, 5, 19: 0.08312149696257698
calculated iMatrix for 0, 0, 6, 0: -0.29075492188551944
calculated iMatrix for 0, 0, 6, 1: 0.6715980549586338
calculated iMatrix for 0, 0, 6, 2: 0.011687566149382267
calculated iMatrix for 0, 0, 6, 3: -0.36624889564711816
calculated iMatrix for 0, 0, 6, 4: 0.1750944523114476
calculated iMatrix for 0, 0, 6, 5: 0.40030000874333393
calculated iMatrix for 0, 0, 6, 6: 0.405894889225628
calculated iMatrix for 0, 0, 6, 7: -0.13393983452344738
calculated iMatrix for 0, 0, 6, 8: -0.1510506701539157
calculated iMatrix for 0, 0, 6, 9: -0.16573421892890527
calculated iMatrix for 0, 0, 6, 10: -0.2579997484968799
calculated iMatrix for 0, 0, 6, 11: 0.2677974342160943
calculated iMatrix for 0, 0, 6, 12: 0.6765710065556801
calculated iMatrix for 0, 0, 6, 13: -0.097586760284604
calculated iMatrix for 0, 0, 6, 14: -0.5019092287712084
calculated iMatrix for 0, 0, 6, 15: 0.20662377411790012
calculated iMatrix for 0, 0, 6, 16: 0.11897646705914455
calculated iMatrix for 0, 0, 6, 17: -0.27057655316658447
calculated iMatrix for 0, 0, 6, 18: -0.20024091434468738
calculated iMatrix for 0, 0, 6, 19: 0.2149094994979407
calculated iMatrix for 0, 0, 7, 0: -0.2872522913343172
calculated iMatrix for 0, 0, 7, 1: 0.6035718341027773
calculated iMatrix for 0, 0, 7, 2: 0.20793055536121996
calculated iMatrix for 0, 0, 7, 3: -0.38907715215983574
calculated iMatrix for 0, 0, 7, 4: 0.0464331343797163
calculated iMatrix for 0, 0, 7, 5: 0.9630608502503206
calculated iMatrix for 0, 0, 7, 6: 0.21527452961697835
calculated iMatrix for 0, 0, 7, 7: -0.5131826535557062
calculated iMatrix for 0, 0, 7, 8: -0.09104162237969537
calculated iMatrix for 0, 0, 7, 9: -0.4693695789007206
calculated iMatrix for 0, 0, 7, 10: -0.8750389562364362
calculated iMatrix for 0, 0, 7, 11: 0.3495001256709768
calculated iMatrix for 0, 0, 7, 12: 0.8586128821843381
calculated iMatrix for 0, 0, 7, 13: -0.30733904990105465
calculated iMatrix for 0, 0, 7, 14: -0.22640174038335958
calculated iMatrix for 0, 0, 7, 15: 0.3804282827885676
calculated iMatrix for 0, 0, 7, 16: 0.03527392877206914
calculated iMatrix for 0, 0, 7, 17: -0.33418888685442627
calculated iMatrix for 0, 0, 7, 18: -0.39580769788866266
calculated iMatrix for 0, 0, 7, 19: -0.06589286181360887
calculated iMatrix for 0, 0, 8, 0: -1.656464273583902E-4
calculated iMatrix for 0, 0, 8, 1: NaN
calculated iMatrix for 0, 0, 8, 2: NaN
calculated iMatrix for 0, 0, 8, 3: NaN
calculated iMatrix for 0, 0, 8, 4: NaN
calculated iMatrix for 0, 0, 8, 5: NaN
calculated iMatrix for 0, 0, 8, 6: NaN
calculated iMatrix for 0, 0, 8, 7: NaN
calculated iMatrix for 0, 0, 8, 8: NaN
calculated iMatrix for 0, 0, 8, 9: NaN
calculated iMatrix for 0, 0, 8, 10: NaN
calculated iMatrix for 0, 0, 8, 11: NaN
calculated iMatrix for 0, 0, 8, 12: NaN
calculated iMatrix for 0, 0, 8, 13: NaN
calculated iMatrix for 0, 0, 8, 14: NaN
calculated iMatrix for 0, 0, 8, 15: NaN
calculated iMatrix for 0, 0, 8, 16: NaN
calculated iMatrix for 0, 0, 8, 17: NaN
calculated iMatrix for 0, 0, 8, 18: NaN
calculated iMatrix for 0, 0, 8, 19: NaN
calculated iMatrix for 0, 0, 9, 0: -0.5979663981137773
calculated iMatrix for 0, 0, 9, 1: 0.3483250374041502
calculated iMatrix for 0, 0, 9, 2: 0.7110120234995104
calculated iMatrix for 0, 0, 9, 3: -0.1781499565304956
calculated iMatrix for 0, 0, 9, 4: -0.4597521098297721
calculated iMatrix for 0, 0, 9, 5: 0.8962683241266434
calculated iMatrix for 0, 0, 9, 6: 0.001849227771689943
calculated iMatrix for 0, 0, 9, 7: -0.8376245203861785
calculated iMatrix for 0, 0, 9, 8: -0.13124804285773606
calculated iMatrix for 0, 0, 9, 9: -0.8336976160799949
calculated iMatrix for 0, 0, 9, 10: -0.47879050323319583
calculated iMatrix for 0, 0, 9, 11: 0.3569777489910137
calculated iMatrix for 0, 0, 9, 12: 2.0008747184844986
calculated iMatrix for 0, 0, 9, 13: -0.4794122971285597
calculated iMatrix for 0, 0, 9, 14: -0.2804783450253624
calculated iMatrix for 0, 0, 9, 15: 0.388546250891015
calculated iMatrix for 0, 0, 9, 16: 0.4249254008867139
calculated iMatrix for 0, 0, 9, 17: -0.6760416612747491
calculated iMatrix for 0, 0, 9, 18: -0.27857275761459455
calculated iMatrix for 0, 0, 9, 19: -0.26045977433774214
calculated iMatrix for 0, 0, 10, 0: -0.4415710242667521
calculated iMatrix for 0, 0, 10, 1: 0.1442634939737898
calculated iMatrix for 0, 0, 10, 2: 0.4501259256064034
calculated iMatrix for 0, 0, 10, 3: -0.37619302285316225
calculated iMatrix for 0, 0, 10, 4: -0.05428700172160772
calculated iMatrix for 0, 0, 10, 5: 0.6223938978211693
calculated iMatrix for 0, 0, 10, 6: 0.3282842865207042
calculated iMatrix for 0, 0, 10, 7: -0.30733904990105465
calculated iMatrix for 0, 0, 10, 8: -0.2051071039958604
calculated iMatrix for 0, 0, 10, 9: -0.5332227460261318
calculated iMatrix for 0, 0, 10, 10: -0.1712533774714352
calculated iMatrix for 0, 0, 10, 11: 0.41509740815678997
calculated iMatrix for 0, 0, 10, 12: 1.2480776489460612
calculated iMatrix for 0, 0, 10, 13: -0.2032215424828252
calculated iMatrix for 0, 0, 10, 14: -0.49448038734262756
calculated iMatrix for 0, 0, 10, 15: 0.4090936124648201
calculated iMatrix for 0, 0, 10, 16: 0.281597172548051
calculated iMatrix for 0, 0, 10, 17: -0.34552119945829296
calculated iMatrix for 0, 0, 10, 18: 0.022902636969522328
calculated iMatrix for 0, 0, 10, 19: -0.3713891705405168
calculated iMatrix for 0, 0, 11, 0: -0.23251857326403713
calculated iMatrix for 0, 0, 11, 1: 0.2002366522524378
calculated iMatrix for 0, 0, 11, 2: 0.16398123522942787
calculated iMatrix for 0, 0, 11, 3: -0.17492310636039765
calculated iMatrix for 0, 0, 11, 4: -0.10715049127867549
calculated iMatrix for 0, 0, 11, 5: 0.10387169950318942
calculated iMatrix for 0, 0, 11, 6: -0.08123762228307463
calculated iMatrix for 0, 0, 11, 7: -0.276430052702234
calculated iMatrix for 0, 0, 11, 8: -0.12442207778733616
calculated iMatrix for 0, 0, 11, 9: -0.4316951597162868
calculated iMatrix for 0, 0, 11, 10: -0.5461918949204443
calculated iMatrix for 0, 0, 11, 11: 0.032472087985673026
calculated iMatrix for 0, 0, 11, 12: 1.322185621099783
calculated iMatrix for 0, 0, 11, 13: -0.29419332068855186
calculated iMatrix for 0, 0, 11, 14: -0.4319552264682185
calculated iMatrix for 0, 0, 11, 15: 0.37120933123773814
calculated iMatrix for 0, 0, 11, 16: 0.38990146424989064
calculated iMatrix for 0, 0, 11, 17: 0.03282007362686823
calculated iMatrix for 0, 0, 11, 18: -0.040276264652009286
calculated iMatrix for 0, 0, 11, 19: 7.615110923088197E-4
calculated iMatrix for 0, 0, 12, 0: -0.3053941546364487
calculated iMatrix for 0, 0, 12, 1: 0.1993590743110788
calculated iMatrix for 0, 0, 12, 2: 0.24604618828373204
calculated iMatrix for 0, 0, 12, 3: -0.30361926879852263
calculated iMatrix for 0, 0, 12, 4: -0.03699550461154666
calculated iMatrix for 0, 0, 12, 5: -0.19668430122984037
calculated iMatrix for 0, 0, 12, 6: 0.045892155194221074
calculated iMatrix for 0, 0, 12, 7: 0.2052241937634769
calculated iMatrix for 0, 0, 12, 8: -0.29466809188413423
calculated iMatrix for 0, 0, 12, 9: -0.16445671385438942
calculated iMatrix for 0, 0, 12, 10: -0.3191928572060527
calculated iMatrix for 0, 0, 12, 11: -3.542251947449282E-4
calculated iMatrix for 0, 0, 12, 12: 0.5391191093703894
calculated iMatrix for 0, 0, 12, 13: 0.06888775021134574
calculated iMatrix for 0, 0, 12, 14: -0.35478290703156645
calculated iMatrix for 0, 0, 12, 15: 0.18965967722236543
calculated iMatrix for 0, 0, 12, 16: 0.4891864851127259
calculated iMatrix for 0, 0, 12, 17: 0.20395111911667896
calculated iMatrix for 0, 0, 12, 18: -0.06410874002010747
calculated iMatrix for 0, 0, 12, 19: 0.2734057061795492
calculated iMatrix for 0, 0, 13, 0: -0.22174711956565096
calculated iMatrix for 0, 0, 13, 1: 0.4571881836131786
calculated iMatrix for 0, 0, 13, 2: 0.018601555070131726
calculated iMatrix for 0, 0, 13, 3: -0.06717779613752539
calculated iMatrix for 0, 0, 13, 4: 0.20726709539327715
calculated iMatrix for 0, 0, 13, 5: -0.1399563707495204
calculated iMatrix for 0, 0, 13, 6: 0.3105847094213032
calculated iMatrix for 0, 0, 13, 7: 0.11860972092670585
calculated iMatrix for 0, 0, 13, 8: -0.484691966215022
calculated iMatrix for 0, 0, 13, 9: -0.1144409245413548
calculated iMatrix for 0, 0, 13, 10: 0.009830555402169483
calculated iMatrix for 0, 0, 13, 11: -0.01448489510209805
calculated iMatrix for 0, 0, 13, 12: 0.16565068469896893
calculated iMatrix for 0, 0, 13, 13: 0.08352725878595713
calculated iMatrix for 0, 0, 13, 14: -0.2872522913343172
calculated iMatrix for 0, 0, 13, 15: -0.04609023451742911
calculated iMatrix for 0, 0, 13, 16: 0.22438469150255275
calculated iMatrix for 0, 0, 13, 17: 0.24864022346077874
calculated iMatrix for 0, 0, 13, 18: 0.3105847094213032
calculated iMatrix for 0, 0, 13, 19: 0.19810672599461288
calculated iMatrix for 0, 0, 14, 0: -0.2403353715465656
calculated iMatrix for 0, 0, 14, 1: 0.3932764252664166
calculated iMatrix for 0, 0, 14, 2: 0.058691744821107616
calculated iMatrix for 0, 0, 14, 3: -0.07965395135556985
calculated iMatrix for 0, 0, 14, 4: 0.12174847160615498
calculated iMatrix for 0, 0, 14, 5: 0.02030185526946493
calculated iMatrix for 0, 0, 14, 6: -0.17554830175431602
calculated iMatrix for 0, 0, 14, 7: 0.14450976906430923
calculated iMatrix for 0, 0, 14, 8: -0.32068706742055464
calculated iMatrix for 0, 0, 14, 9: -0.28109301097378236
calculated iMatrix for 0, 0, 14, 10: -0.23946162749796873
calculated iMatrix for 0, 0, 14, 11: -0.0030728494337384227
calculated iMatrix for 0, 0, 14, 12: 0.13227519411730926
calculated iMatrix for 0, 0, 14, 13: 0.20747391349749233
calculated iMatrix for 0, 0, 14, 14: -0.19332047150011367
calculated iMatrix for 0, 0, 14, 15: 0.15746230731961086
calculated iMatrix for 0, 0, 14, 16: 0.038527954872603076
calculated iMatrix for 0, 0, 14, 17: 0.29693262025297584
calculated iMatrix for 0, 0, 14, 18: 0.3483250374041502
calculated iMatrix for 0, 0, 14, 19: 0.2387201481916592
calculated iMatrix for 0, 0, 15, 0: -0.16069361725643283
calculated iMatrix for 0, 0, 15, 1: 0.3722782784266431
calculated iMatrix for 0, 0, 15, 2: -0.08995185248571214
calculated iMatrix for 0, 0, 15, 3: -0.10251402354193229
calculated iMatrix for 0, 0, 15, 4: 0.11185012298601837
calculated iMatrix for 0, 0, 15, 5: -0.2792293256633177
calculated iMatrix for 0, 0, 15, 6: 0.022902636969522328
calculated iMatrix for 0, 0, 15, 7: 0.258359448517089
calculated iMatrix for 0, 0, 15, 8: -0.29555109414901226
calculated iMatrix for 0, 0, 15, 9: -0.1037029873020402
calculated iMatrix for 0, 0, 15, 10: 0.18798238732897088
calculated iMatrix for 0, 0, 15, 11: -0.06410874002010747
calculated iMatrix for 0, 0, 15, 12: 0.25434499109842723
calculated iMatrix for 0, 0, 15, 13: -0.182360489066839
calculated iMatrix for 0, 0, 15, 14: -0.12055275374098806
calculated iMatrix for 0, 0, 15, 15: 0.11057780422580854
calculated iMatrix for 0, 0, 15, 16: 0.18583300444882644
calculated iMatrix for 0, 0, 15, 17: 0.2098591962676255
calculated iMatrix for 0, 0, 15, 18: 0.3932764252664166
calculated iMatrix for 0, 0, 15, 19: 0.14806577992352832
calculated iMatrix for 0, 0, 16, 0: -0.05570122153491497
calculated iMatrix for 0, 0, 16, 1: 0.4796610394652372
calculated iMatrix for 0, 0, 16, 2: 0.08894604928651373
calculated iMatrix for 0, 0, 16, 3: -0.28518830711346577
calculated iMatrix for 0, 0, 16, 4: 0.3038050224359245
calculated iMatrix for 0, 0, 16, 5: -0.004954317533443886
calculated iMatrix for 0, 0, 16, 6: -0.05120533518419956
calculated iMatrix for 0, 0, 16, 7: -0.03116458430075353
calculated iMatrix for 0, 0, 16, 8: -0.1493973613634133
calculated iMatrix for 0, 0, 16, 9: -0.05405840416660601
calculated iMatrix for 0, 0, 16, 10: -0.34977264831565114
calculated iMatrix for 0, 0, 16, 11: -0.0229068990617719
calculated iMatrix for 0, 0, 16, 12: 0.10061162129683865
calculated iMatrix for 0, 0, 16, 13: -0.17643026565096898
calculated iMatrix for 0, 0, 16, 14: 0.07147730711807954
calculated iMatrix for 0, 0, 16, 15: 0.2163200080185313
calculated iMatrix for 0, 0, 16, 16: -0.040110330859211785
calculated iMatrix for 0, 0, 16, 17: 0.08117154509349811
calculated iMatrix for 0, 0, 16, 18: -0.05465559737635217
calculated iMatrix for 0, 0, 16, 19: 0.043105344287041825
calculated iMatrix for 0, 1, 0, 0: -0.016860258434966635
calculated iMatrix for 0, 1, 0, 1: -0.2062866408526658
calculated iMatrix for 0, 1, 0, 2: -0.281965705238429
calculated iMatrix for 0, 1, 0, 3: -0.13173648430084817
calculated iMatrix for 0, 1, 0, 4: -0.5333611150151076
calculated iMatrix for 0, 1, 0, 5: 0.23323397166799387
calculated iMatrix for 0, 1, 0, 6: 0.1628108230846237
calculated iMatrix for 0, 1, 0, 7: -0.06995019730053453
calculated iMatrix for 0, 1, 0, 8: 0.11124839474879633
calculated iMatrix for 0, 1, 0, 9: -0.06971110584691509
calculated iMatrix for 0, 1, 0, 10: -0.3314497838066719
calculated iMatrix for 0, 1, 0, 11: -0.06077905718142751
calculated iMatrix for 0, 1, 0, 12: 0.16893858206578027
calculated iMatrix for 0, 1, 0, 13: 0.0057400703552046295
calculated iMatrix for 0, 1, 0, 14: -0.16183487828183196
calculated iMatrix for 0, 1, 0, 15: 0.1929479175048625
calculated iMatrix for 0, 1, 0, 16: 0.1095663085658114
calculated iMatrix for 0, 1, 0, 17: 0.1475910984650053
calculated iMatrix for 0, 1, 0, 18: 0.07401532430149249
calculated iMatrix for 0, 1, 0, 19: 0.033466965027164175
calculated iMatrix for 0, 1, 1, 0: -0.1887730583599574
calculated iMatrix for 0, 1, 1, 1: 0.05399645741100079
calculated iMatrix for 0, 1, 1, 2: 0.26689664131044943
calculated iMatrix for 0, 1, 1, 3: 0.04095446204060438
calculated iMatrix for 0, 1, 1, 4: -0.38860819764662047
calculated iMatrix for 0, 1, 1, 5: -0.02839968112657698
calculated iMatrix for 0, 1, 1, 6: 0.04011377262581117
calculated iMatrix for 0, 1, 1, 7: -0.18080755555168104
calculated iMatrix for 0, 1, 1, 8: 0.177672262034535
calculated iMatrix for 0, 1, 1, 9: -0.041394719193994955
calculated iMatrix for 0, 1, 1, 10: -0.21502032082142053
calculated iMatrix for 0, 1, 1, 11: 0.25047176164304896
calculated iMatrix for 0, 1, 1, 12: 0.08747447767549721
calculated iMatrix for 0, 1, 1, 13: -0.11187695638159112
calculated iMatrix for 0, 1, 1, 14: -0.3439760436258521
calculated iMatrix for 0, 1, 1, 15: 0.3129373526121566
calculated iMatrix for 0, 1, 1, 16: 0.15101506587687563
calculated iMatrix for 0, 1, 1, 17: -0.1464508492420007
calculated iMatrix for 0, 1, 1, 18: -0.07803230532898686
calculated iMatrix for 0, 1, 1, 19: -0.15102396217761638
calculated iMatrix for 0, 1, 2, 0: -0.12395035419202993
calculated iMatrix for 0, 1, 2, 1: 0.2598030890719334
calculated iMatrix for 0, 1, 2, 2: -0.22430514635534404
calculated iMatrix for 0, 1, 2, 3: -0.2352741777259182
calculated iMatrix for 0, 1, 2, 4: -0.2570589662260889
calculated iMatrix for 0, 1, 2, 5: 0.27993982389995686
calculated iMatrix for 0, 1, 2, 6: 0.31696150291188196
calculated iMatrix for 0, 1, 2, 7: -0.1579680635818581
calculated iMatrix for 0, 1, 2, 8: 0.26285156211664074
calculated iMatrix for 0, 1, 2, 9: -0.1642384046091665
calculated iMatrix for 0, 1, 2, 10: -0.1560248060717777
calculated iMatrix for 0, 1, 2, 11: 0.2966338034062117
calculated iMatrix for 0, 1, 2, 12: 0.2154389881272789
calculated iMatrix for 0, 1, 2, 13: -0.4178693697657996
calculated iMatrix for 0, 1, 2, 14: -0.06971110584691509
calculated iMatrix for 0, 1, 2, 15: 0.1933133478031004
calculated iMatrix for 0, 1, 2, 16: 0.019837538599681626
calculated iMatrix for 0, 1, 2, 17: -0.1508568359133351
calculated iMatrix for 0, 1, 2, 18: -0.23368561504078023
calculated iMatrix for 0, 1, 2, 19: 0.10820668904977171
calculated iMatrix for 0, 1, 3, 0: -0.16553698167910946
calculated iMatrix for 0, 1, 3, 1: -0.1253175783189986
calculated iMatrix for 0, 1, 3, 2: -0.04656491597595225
calculated iMatrix for 0, 1, 3, 3: 0.08758740184703617
calculated iMatrix for 0, 1, 3, 4: -0.1554673924564529
calculated iMatrix for 0, 1, 3, 5: 0.562414121075528
calculated iMatrix for 0, 1, 3, 6: 0.21859655311259996
calculated iMatrix for 0, 1, 3, 7: -0.2537531780915896
calculated iMatrix for 0, 1, 3, 8: 0.07488075057792143
calculated iMatrix for 0, 1, 3, 9: -0.2978538343781565
calculated iMatrix for 0, 1, 3, 10: -0.5662893748840727
calculated iMatrix for 0, 1, 3, 11: 0.24033653974900604
calculated iMatrix for 0, 1, 3, 12: 0.1250704951017767
calculated iMatrix for 0, 1, 3, 13: -0.3966403693438847
calculated iMatrix for 0, 1, 3, 14: 0.17542438124739146
calculated iMatrix for 0, 1, 3, 15: 0.0784757214957803
calculated iMatrix for 0, 1, 3, 16: -0.0028481606177885865
calculated iMatrix for 0, 1, 3, 17: -0.11927526386303611
calculated iMatrix for 0, 1, 3, 18: -0.3154859328176578
calculated iMatrix for 0, 1, 3, 19: -0.08458970587514614
calculated iMatrix for 0, 1, 4, 0: -0.45605666728219796
calculated iMatrix for 0, 1, 4, 1: -0.350180820512735
calculated iMatrix for 0, 1, 4, 2: -0.18947952253628464
calculated iMatrix for 0, 1, 4, 3: -0.3755205628912526
calculated iMatrix for 0, 1, 4, 4: 0.31250715256250183
calculated iMatrix for 0, 1, 4, 5: 0.37420959078677396
calculated iMatrix for 0, 1, 4, 6: 0.5812702241783541
calculated iMatrix for 0, 1, 4, 7: 0.2518222007409203
calculated iMatrix for 0, 1, 4, 8: 0.15111006421447626
calculated iMatrix for 0, 1, 4, 9: -0.16054061906446204
calculated iMatrix for 0, 1, 4, 10: -0.34348776236615075
calculated iMatrix for 0, 1, 4, 11: 0.1362036680941101
calculated iMatrix for 0, 1, 4, 12: -0.039838433215001245
calculated iMatrix for 0, 1, 4, 13: -0.25353952570321137
calculated iMatrix for 0, 1, 4, 14: 0.18178672454362932
calculated iMatrix for 0, 1, 4, 15: -0.10260821137782439
calculated iMatrix for 0, 1, 4, 16: 5.760248574064875E-4
calculated iMatrix for 0, 1, 4, 17: 0.11365629381733666
calculated iMatrix for 0, 1, 4, 18: -0.009576346606611441
calculated iMatrix for 0, 1, 4, 19: 0.2267284190237291
calculated iMatrix for 0, 1, 5, 0: -0.4119951303447742
calculated iMatrix for 0, 1, 5, 1: 0.3902337040182078
calculated iMatrix for 0, 1, 5, 2: -0.3021684125559483
calculated iMatrix for 0, 1, 5, 3: -0.6924872173132675
calculated iMatrix for 0, 1, 5, 4: -0.3981776486627713
calculated iMatrix for 0, 1, 5, 5: 0.34813433020565276
calculated iMatrix for 0, 1, 5, 6: 0.3238209124627751
calculated iMatrix for 0, 1, 5, 7: 0.13203916441787
calculated iMatrix for 0, 1, 5, 8: 0.27421365319841273
calculated iMatrix for 0, 1, 5, 9: -0.2913119198706662
calculated iMatrix for 0, 1, 5, 10: -0.23753918435677024
calculated iMatrix for 0, 1, 5, 11: 0.3634815185467748
calculated iMatrix for 0, 1, 5, 12: -0.1699189966817911
calculated iMatrix for 0, 1, 5, 13: -0.3705896921439422
calculated iMatrix for 0, 1, 5, 14: 0.21921921813894474
calculated iMatrix for 0, 1, 5, 15: 0.21911268215631585
calculated iMatrix for 0, 1, 5, 16: 0.17251022017333728
calculated iMatrix for 0, 1, 5, 17: 0.21979775445823413
calculated iMatrix for 0, 1, 5, 18: 0.08883041008663328
calculated iMatrix for 0, 1, 5, 19: 0.10054786381387126
calculated iMatrix for 0, 1, 6, 0: -0.4230607438813958
calculated iMatrix for 0, 1, 6, 1: -0.2863293485262022
calculated iMatrix for 0, 1, 6, 2: -0.36613534179456186
calculated iMatrix for 0, 1, 6, 3: -0.42664854920499873
calculated iMatrix for 0, 1, 6, 4: 0.081395431599115
calculated iMatrix for 0, 1, 6, 5: 0.42177392318739315
calculated iMatrix for 0, 1, 6, 6: 0.04813820984263262
calculated iMatrix for 0, 1, 6, 7: 0.509333395559338
calculated iMatrix for 0, 1, 6, 8: -0.05264088403537759
calculated iMatrix for 0, 1, 6, 9: -0.06563778045927915
calculated iMatrix for 0, 1, 6, 10: -0.2863293485262022
calculated iMatrix for 0, 1, 6, 11: -0.3937121095647964
calculated iMatrix for 0, 1, 6, 12: -0.016091027627805232
calculated iMatrix for 0, 1, 6, 13: -0.4443717721650746
calculated iMatrix for 0, 1, 6, 14: 0.13358118476968528
calculated iMatrix for 0, 1, 6, 15: -0.03344382801325496
calculated iMatrix for 0, 1, 6, 16: -0.09387707325742567
calculated iMatrix for 0, 1, 6, 17: 0.5774574350595061
calculated iMatrix for 0, 1, 6, 18: -0.023965084058711117
calculated iMatrix for 0, 1, 6, 19: 0.28232883558766875
calculated iMatrix for 0, 1, 7, 0: -0.2487739146919823
calculated iMatrix for 0, 1, 7, 1: 0.3470985973321208
calculated iMatrix for 0, 1, 7, 2: -0.7115412195692012
calculated iMatrix for 0, 1, 7, 3: -0.6671675881023995
calculated iMatrix for 0, 1, 7, 4: 0.2524598338684354
calculated iMatrix for 0, 1, 7, 5: 0.16709015270399807
calculated iMatrix for 0, 1, 7, 6: 0.24569848289039142
calculated iMatrix for 0, 1, 7, 7: 0.6618019892036114
calculated iMatrix for 0, 1, 7, 8: -0.2894015475631724
calculated iMatrix for 0, 1, 7, 9: -0.09807305621243301
calculated iMatrix for 0, 1, 7, 10: 0.24658070615008243
calculated iMatrix for 0, 1, 7, 11: -0.44905615662362375
calculated iMatrix for 0, 1, 7, 12: -0.6845890729130966
calculated iMatrix for 0, 1, 7, 13: -0.4939687133044466
calculated iMatrix for 0, 1, 7, 14: 0.016040250554987923
calculated iMatrix for 0, 1, 7, 15: -0.21791467884778504
calculated iMatrix for 0, 1, 7, 16: 0.25672395290209904
calculated iMatrix for 0, 1, 7, 17: 0.6555351826600522
calculated iMatrix for 0, 1, 7, 18: 0.4736153129572589
calculated iMatrix for 0, 1, 7, 19: 0.4445581600165902
calculated iMatrix for 0, 1, 8, 0: 0.001124220394204789
calculated iMatrix for 0, 1, 8, 1: NaN
calculated iMatrix for 0, 1, 8, 2: NaN
calculated iMatrix for 0, 1, 8, 3: NaN
calculated iMatrix for 0, 1, 8, 4: NaN
calculated iMatrix for 0, 1, 8, 5: NaN
calculated iMatrix for 0, 1, 8, 6: NaN
calculated iMatrix for 0, 1, 8, 7: NaN
calculated iMatrix for 0, 1, 8, 8: NaN
calculated iMatrix for 0, 1, 8, 9: NaN
calculated iMatrix for 0, 1, 8, 10: NaN
calculated iMatrix for 0, 1, 8, 11: NaN
calculated iMatrix for 0, 1, 8, 12: NaN
calculated iMatrix for 0, 1, 8, 13: NaN
calculated iMatrix for 0, 1, 8, 14: NaN
calculated iMatrix for 0, 1, 8, 15: NaN
calculated iMatrix for 0, 1, 8, 16: NaN
calculated iMatrix for 0, 1, 8, 17: NaN
calculated iMatrix for 0, 1, 8, 18: NaN
calculated iMatrix for 0, 1, 8, 19: NaN
calculated iMatrix for 0, 1, 9, 0: -0.3836941828441913
calculated iMatrix for 0, 1, 9, 1: 0.4127525675535577
calculated iMatrix for 0, 1, 9, 2: -0.5226239690648227
calculated iMatrix for 0, 1, 9, 3: -0.5586889039856187
calculated iMatrix for 0, 1, 9, 4: 0.5272118352308468
calculated iMatrix for 0, 1, 9, 5: -0.12607030699586486
calculated iMatrix for 0, 1, 9, 6: 0.49616293236959286
calculated iMatrix for 0, 1, 9, 7: 0.760616302460866
calculated iMatrix for 0, 1, 9, 8: -0.6117517489608304
calculated iMatrix for 0, 1, 9, 9: -0.09434588082051065
calculated iMatrix for 0, 1, 9, 10: 0.08997917529050659
calculated iMatrix for 0, 1, 9, 11: -0.016091027627805232
calculated iMatrix for 0, 1, 9, 12: -0.42727733880577445
calculated iMatrix for 0, 1, 9, 13: -0.5028576607216928
calculated iMatrix for 0, 1, 9, 14: -0.4449947087079871
calculated iMatrix for 0, 1, 9, 15: -0.03658354801792263
calculated iMatrix for 0, 1, 9, 16: 0.36093374646797605
calculated iMatrix for 0, 1, 9, 17: 0.8077682597873809
calculated iMatrix for 0, 1, 9, 18: -0.07275524822814328
calculated iMatrix for 0, 1, 9, 19: 0.2741415057289538
calculated iMatrix for 0, 1, 10, 0: -0.3979315251075046
calculated iMatrix for 0, 1, 10, 1: 0.23739968007569612
calculated iMatrix for 0, 1, 10, 2: -0.13121061441230886
calculated iMatrix for 0, 1, 10, 3: -0.7171122646186563
calculated iMatrix for 0, 1, 10, 4: 0.3576488082272733
calculated iMatrix for 0, 1, 10, 5: -0.1430244440746995
calculated iMatrix for 0, 1, 10, 6: 0.3189796670681191
calculated iMatrix for 0, 1, 10, 7: 0.5172811364079912
calculated iMatrix for 0, 1, 10, 8: -0.40345470576361486
calculated iMatrix for 0, 1, 10, 9: -0.09065645855738347
calculated iMatrix for 0, 1, 10, 10: -0.08520870929942981
calculated iMatrix for 0, 1, 10, 11: 0.0145011967690849
calculated iMatrix for 0, 1, 10, 12: 0.1317371864599659
calculated iMatrix for 0, 1, 10, 13: -0.41504145471477627
calculated iMatrix for 0, 1, 10, 14: -0.4871890263190679
calculated iMatrix for 0, 1, 10, 15: 0.12121692578578669
calculated iMatrix for 0, 1, 10, 16: 0.3008421210319987
calculated iMatrix for 0, 1, 10, 17: 0.631255044589173
calculated iMatrix for 0, 1, 10, 18: 0.6605240337581195
calculated iMatrix for 0, 1, 10, 19: 0.23554611142637327
calculated iMatrix for 0, 1, 11, 0: -0.4103186840175219
calculated iMatrix for 0, 1, 11, 1: 0.23386402524338856
calculated iMatrix for 0, 1, 11, 2: 0.3185252248880648
calculated iMatrix for 0, 1, 11, 3: -0.1644895121742045
calculated iMatrix for 0, 1, 11, 4: 0.22023187645333087
calculated iMatrix for 0, 1, 11, 5: 0.32389923019786626
calculated iMatrix for 0, 1, 11, 6: -0.023965084058711117
calculated iMatrix for 0, 1, 11, 7: 0.0710326445635685
calculated iMatrix for 0, 1, 11, 8: -0.3226969926970771
calculated iMatrix for 0, 1, 11, 9: -0.4959199334357087
calculated iMatrix for 0, 1, 11, 10: 0.045027787428240096
calculated iMatrix for 0, 1, 11, 11: -0.05104604266138191
calculated iMatrix for 0, 1, 11, 12: 0.045027787428240096
calculated iMatrix for 0, 1, 11, 13: -0.4114924914802083
calculated iMatrix for 0, 1, 11, 14: -0.08368431876033355
calculated iMatrix for 0, 1, 11, 15: 0.2882580973091875
calculated iMatrix for 0, 1, 11, 16: 0.1469927140849283
calculated iMatrix for 0, 1, 11, 17: 0.2983225175705453
calculated iMatrix for 0, 1, 11, 18: 0.8291467461939123
calculated iMatrix for 0, 1, 11, 19: -0.2528066564875586
calculated iMatrix for 0, 1, 12, 0: -0.6410522259086127
calculated iMatrix for 0, 1, 12, 1: 0.11462107922743558
calculated iMatrix for 0, 1, 12, 2: 0.29270452526632207
calculated iMatrix for 0, 1, 12, 3: 0.09417515824551392
calculated iMatrix for 0, 1, 12, 4: 0.23341163889774075
calculated iMatrix for 0, 1, 12, 5: 0.17785569778667742
calculated iMatrix for 0, 1, 12, 6: 0.33764814152060363
calculated iMatrix for 0, 1, 12, 7: -0.061006355739060325
calculated iMatrix for 0, 1, 12, 8: -0.4148313927457228
calculated iMatrix for 0, 1, 12, 9: -0.3829561842152738
calculated iMatrix for 0, 1, 12, 10: -0.3683425001870375
calculated iMatrix for 0, 1, 12, 11: 0.32025639880873435
calculated iMatrix for 0, 1, 12, 12: 0.32323111592547726
calculated iMatrix for 0, 1, 12, 13: -0.23818000462861955
calculated iMatrix for 0, 1, 12, 14: -0.5963074265333568
calculated iMatrix for 0, 1, 12, 15: 0.35288121874380063
calculated iMatrix for 0, 1, 12, 16: 0.3695238330027375
calculated iMatrix for 0, 1, 12, 17: 0.2021590953936363
calculated iMatrix for 0, 1, 12, 18: -0.2062866408526658
calculated iMatrix for 0, 1, 12, 19: -0.008049628752811566
calculated iMatrix for 0, 1, 13, 0: -0.10310240461743514
calculated iMatrix for 0, 1, 13, 1: -0.08458970587514614
calculated iMatrix for 0, 1, 13, 2: 0.05312499766085965
calculated iMatrix for 0, 1, 13, 3: -0.03946927059467642
calculated iMatrix for 0, 1, 13, 4: 0.04347619673682135
calculated iMatrix for 0, 1, 13, 5: 0.26628438389831555
calculated iMatrix for 0, 1, 13, 6: -0.09416934273195965
calculated iMatrix for 0, 1, 13, 7: -0.29447935288812666
calculated iMatrix for 0, 1, 13, 8: -0.34348776236615075
calculated iMatrix for 0, 1, 13, 9: -0.562154807821458
calculated iMatrix for 0, 1, 13, 10: -0.5643495100662463
calculated iMatrix for 0, 1, 13, 11: 0.2637169883930697
calculated iMatrix for 0, 1, 13, 12: 0.5485541087126193
calculated iMatrix for 0, 1, 13, 13: -0.38396781809011826
calculated iMatrix for 0, 1, 13, 14: -0.26439427165994656
calculated iMatrix for 0, 1, 13, 15: 0.5081379381545643
calculated iMatrix for 0, 1, 13, 16: 0.5270853410177885
calculated iMatrix for 0, 1, 13, 17: -0.06033272822958602
calculated iMatrix for 0, 1, 13, 18: -0.6610227979676131
calculated iMatrix for 0, 1, 13, 19: -0.008049628752811566
calculated iMatrix for 0, 1, 14, 0: -0.10167406838602755
calculated iMatrix for 0, 1, 14, 1: -0.3154859328176578
calculated iMatrix for 0, 1, 14, 2: 0.023287800791834457
calculated iMatrix for 0, 1, 14, 3: -0.23561425594718588
calculated iMatrix for 0, 1, 14, 4: 0.06855828483843429
calculated iMatrix for 0, 1, 14, 5: 0.4471820558891033
calculated iMatrix for 0, 1, 14, 6: 0.2342697870667687
calculated iMatrix for 0, 1, 14, 7: -0.4216480517248209
calculated iMatrix for 0, 1, 14, 8: 9.583243937456576E-4
calculated iMatrix for 0, 1, 14, 9: -0.5059929062712485
calculated iMatrix for 0, 1, 14, 10: -0.3424188151772458
calculated iMatrix for 0, 1, 14, 11: 0.28326158446604
calculated iMatrix for 0, 1, 14, 12: 0.3898682737199697
calculated iMatrix for 0, 1, 14, 13: -0.13431314122757665
calculated iMatrix for 0, 1, 14, 14: -0.1095570143941147
calculated iMatrix for 0, 1, 14, 15: 0.3939365890904618
calculated iMatrix for 0, 1, 14, 16: -0.11773324351122083
calculated iMatrix for 0, 1, 14, 17: -0.016621109802952727
calculated iMatrix for 0, 1, 14, 18: -0.3955286404911942
calculated iMatrix for 0, 1, 14, 19: -0.15976662521777296
calculated iMatrix for 0, 1, 15, 0: -0.06963512089189972
calculated iMatrix for 0, 1, 15, 1: -0.07592482298942227
calculated iMatrix for 0, 1, 15, 2: 0.40503052145964724
calculated iMatrix for 0, 1, 15, 3: -0.02713465881999033
calculated iMatrix for 0, 1, 15, 4: -0.3349040186747594
calculated iMatrix for 0, 1, 15, 5: 0.26488726354126024
calculated iMatrix for 0, 1, 15, 6: -0.2741092371914269
calculated iMatrix for 0, 1, 15, 7: -0.29102786930775637
calculated iMatrix for 0, 1, 15, 8: 0.03487541596422217
calculated iMatrix for 0, 1, 15, 9: -0.35402018635929067
calculated iMatrix for 0, 1, 15, 10: -0.18759450784051324
calculated iMatrix for 0, 1, 15, 11: 0.17670561140344
calculated iMatrix for 0, 1, 15, 12: 0.08334665173037692
calculated iMatrix for 0, 1, 15, 13: -0.1766861710763752
calculated iMatrix for 0, 1, 15, 14: 0.002805157005893566
calculated iMatrix for 0, 1, 15, 15: 0.2992619258124811
calculated iMatrix for 0, 1, 15, 16: 0.04292915077131898
calculated iMatrix for 0, 1, 15, 17: -0.1154266382017417
calculated iMatrix for 0, 1, 15, 18: -0.07275524822814328
calculated iMatrix for 0, 1, 15, 19: 0.060452257753871974
calculated iMatrix for 0, 1, 16, 0: 0.0300079796859547
calculated iMatrix for 0, 1, 16, 1: 0.045027787428240096
calculated iMatrix for 0, 1, 16, 2: -0.0947341549469185
calculated iMatrix for 0, 1, 16, 3: -0.06781696658756053
calculated iMatrix for 0, 1, 16, 4: -0.21103724361126375
calculated iMatrix for 0, 1, 16, 5: 0.31959100745090674
calculated iMatrix for 0, 1, 16, 6: -0.05352388630025562
calculated iMatrix for 0, 1, 16, 7: -0.11927526386303611
calculated iMatrix for 0, 1, 16, 8: -0.19452179927307944
calculated iMatrix for 0, 1, 16, 9: -0.26664979057975646
calculated iMatrix for 0, 1, 16, 10: 0.33801491210971446
calculated iMatrix for 0, 1, 16, 11: 0.21175724946235874
calculated iMatrix for 0, 1, 16, 12: 0.13652750229383126
calculated iMatrix for 0, 1, 16, 13: -0.3314497838066719
calculated iMatrix for 0, 1, 16, 14: -0.25920904230700836
calculated iMatrix for 0, 1, 16, 15: 0.2024305026418758
calculated iMatrix for 0, 1, 16, 16: 0.1991784672554986
calculated iMatrix for 0, 1, 16, 17: -0.09628574563833725
calculated iMatrix for 0, 1, 16, 18: -0.048657696649082594
calculated iMatrix for 0, 1, 16, 19: 0.008123230492789402
calculated iMatrix for 0, 2, 0, 0: 0.058445968914985706
calculated iMatrix for 0, 2, 0, 1: -0.3335433597478311
calculated iMatrix for 0, 2, 0, 2: 0.19585238300422292
calculated iMatrix for 0, 2, 0, 3: 0.1879806456585769
calculated iMatrix for 0, 2, 0, 4: -0.10655848971586909
calculated iMatrix for 0, 2, 0, 5: -0.03988965516926288
calculated iMatrix for 0, 2, 0, 6: -0.34086527361880053
calculated iMatrix for 0, 2, 0, 7: -0.08236668200092621
calculated iMatrix for 0, 2, 0, 8: -0.12205484158421362
calculated iMatrix for 0, 2, 0, 9: 0.13673179011947492
calculated iMatrix for 0, 2, 0, 10: -0.09238130293094304
calculated iMatrix for 0, 2, 0, 11: 0.1347913875702458
calculated iMatrix for 0, 2, 0, 12: -0.03425810368089543
calculated iMatrix for 0, 2, 0, 13: 0.02647729077481067
calculated iMatrix for 0, 2, 0, 14: 0.006044275343126743
calculated iMatrix for 0, 2, 0, 15: -0.026760283810075954
calculated iMatrix for 0, 2, 0, 16: -0.06372199138732425
calculated iMatrix for 0, 2, 0, 17: -0.07460511802516925
calculated iMatrix for 0, 2, 0, 18: -0.17593545953671502
calculated iMatrix for 0, 2, 0, 19: -0.0393823211983411
calculated iMatrix for 0, 2, 1, 0: 0.14448649940686872
calculated iMatrix for 0, 2, 1, 1: -0.45884425323583833
calculated iMatrix for 0, 2, 1, 2: 0.053460660740741586
calculated iMatrix for 0, 2, 1, 3: 0.023293908677906417
calculated iMatrix for 0, 2, 1, 4: 0.04193103467665101
calculated iMatrix for 0, 2, 1, 5: 0.022663309773540793
calculated iMatrix for 0, 2, 1, 6: -0.18918068628673562
calculated iMatrix for 0, 2, 1, 7: -0.11163808072595793
calculated iMatrix for 0, 2, 1, 8: -0.11522716621456257
calculated iMatrix for 0, 2, 1, 9: 0.05091867117403035
calculated iMatrix for 0, 2, 1, 10: 0.3244980064616614
calculated iMatrix for 0, 2, 1, 11: 0.06261324332198634
calculated iMatrix for 0, 2, 1, 12: -0.04008477712110143
calculated iMatrix for 0, 2, 1, 13: 0.13564093311450198
calculated iMatrix for 0, 2, 1, 14: 0.16749425765199671
calculated iMatrix for 0, 2, 1, 15: -0.13408930404057448
calculated iMatrix for 0, 2, 1, 16: -0.10313595992820088
calculated iMatrix for 0, 2, 1, 17: -0.03875249326873477
calculated iMatrix for 0, 2, 1, 18: -0.20216788181354675
calculated iMatrix for 0, 2, 1, 19: -0.05517770676358872
calculated iMatrix for 0, 2, 2, 0: 0.20562712734744062
calculated iMatrix for 0, 2, 2, 1: -0.23000268080699074
calculated iMatrix for 0, 2, 2, 2: 0.30773039587892415
calculated iMatrix for 0, 2, 2, 3: 0.26808391718157004
calculated iMatrix for 0, 2, 2, 4: -0.21271118369692976
calculated iMatrix for 0, 2, 2, 5: -0.11726526035718239
calculated iMatrix for 0, 2, 2, 6: -0.2767787456047216
calculated iMatrix for 0, 2, 2, 7: -0.1984543230720649
calculated iMatrix for 0, 2, 2, 8: -0.18217014180051835
calculated iMatrix for 0, 2, 2, 9: 0.16779955455560447
calculated iMatrix for 0, 2, 2, 10: 0.20444996417442593
calculated iMatrix for 0, 2, 2, 11: -0.05625188482235751
calculated iMatrix for 0, 2, 2, 12: -0.21677691858772954
calculated iMatrix for 0, 2, 2, 13: 0.17395979741663858
calculated iMatrix for 0, 2, 2, 14: 0.06826150097532707
calculated iMatrix for 0, 2, 2, 15: 0.0728082732410903
calculated iMatrix for 0, 2, 2, 16: -0.2000503585236395
calculated iMatrix for 0, 2, 2, 17: -0.12152203781292081
calculated iMatrix for 0, 2, 2, 18: 0.1329028128823776
calculated iMatrix for 0, 2, 2, 19: -0.166489275084665
calculated iMatrix for 0, 2, 3, 0: 0.08256868040847726
calculated iMatrix for 0, 2, 3, 1: -0.2116535421387943
calculated iMatrix for 0, 2, 3, 2: 0.15235485229102408
calculated iMatrix for 0, 2, 3, 3: 0.03375558966140909
calculated iMatrix for 0, 2, 3, 4: -0.05525567035463125
calculated iMatrix for 0, 2, 3, 5: -0.2956275681567828
calculated iMatrix for 0, 2, 3, 6: 0.02439341401132349
calculated iMatrix for 0, 2, 3, 7: -0.018287825316403782
calculated iMatrix for 0, 2, 3, 8: 0.05699234249375173
calculated iMatrix for 0, 2, 3, 9: 0.14897081185419733
calculated iMatrix for 0, 2, 3, 10: 0.47444405500688785
calculated iMatrix for 0, 2, 3, 11: -0.033527376574942334
calculated iMatrix for 0, 2, 3, 12: -0.13747931190984525
calculated iMatrix for 0, 2, 3, 13: 0.29222557505681146
calculated iMatrix for 0, 2, 3, 14: 0.030881198490066073
calculated iMatrix for 0, 2, 3, 15: -0.06893155813515876
calculated iMatrix for 0, 2, 3, 16: -0.10313595992820088
calculated iMatrix for 0, 2, 3, 17: -0.07526185637718157
calculated iMatrix for 0, 2, 3, 18: -0.12700344133484426
calculated iMatrix for 0, 2, 3, 19: -0.1258110723541464
calculated iMatrix for 0, 2, 4, 0: 0.4467252269595817
calculated iMatrix for 0, 2, 4, 1: -0.0970102264870785
calculated iMatrix for 0, 2, 4, 2: 0.3147244946346813
calculated iMatrix for 0, 2, 4, 3: 0.3377176089403709
calculated iMatrix for 0, 2, 4, 4: -0.31279464225391235
calculated iMatrix for 0, 2, 4, 5: -0.14139002245038715
calculated iMatrix for 0, 2, 4, 6: -0.5099627071648615
calculated iMatrix for 0, 2, 4, 7: -0.3195425041499792
calculated iMatrix for 0, 2, 4, 8: -0.28264641429241283
calculated iMatrix for 0, 2, 4, 9: -0.050344241432519816
calculated iMatrix for 0, 2, 4, 10: 0.3552555377417695
calculated iMatrix for 0, 2, 4, 11: 0.015955548273390224
calculated iMatrix for 0, 2, 4, 12: -0.08584754081141137
calculated iMatrix for 0, 2, 4, 13: 0.2242525914706056
calculated iMatrix for 0, 2, 4, 14: -0.2222205403649358
calculated iMatrix for 0, 2, 4, 15: 0.06409260647950335
calculated iMatrix for 0, 2, 4, 16: -0.05841693915763105
calculated iMatrix for 0, 2, 4, 17: -0.23000268080699074
calculated iMatrix for 0, 2, 4, 18: 0.25976953376116757
calculated iMatrix for 0, 2, 4, 19: -0.1940706715809275
calculated iMatrix for 0, 2, 5, 0: 0.30236621473296355
calculated iMatrix for 0, 2, 5, 1: -0.4376420455852353
calculated iMatrix for 0, 2, 5, 2: 0.1373106613367973
calculated iMatrix for 0, 2, 5, 3: 0.40070022021849816
calculated iMatrix for 0, 2, 5, 4: 0.021049658624295618
calculated iMatrix for 0, 2, 5, 5: -0.3806285067908135
calculated iMatrix for 0, 2, 5, 6: -0.10348596518185268
calculated iMatrix for 0, 2, 5, 7: 0.0668584464037866
calculated iMatrix for 0, 2, 5, 8: -0.12464216514916455
calculated iMatrix for 0, 2, 5, 9: 0.17988861220673502
calculated iMatrix for 0, 2, 5, 10: 0.16575361317421267
calculated iMatrix for 0, 2, 5, 11: -0.11731612505709155
calculated iMatrix for 0, 2, 5, 12: -0.38316765330948993
calculated iMatrix for 0, 2, 5, 13: 0.20633409096826064
calculated iMatrix for 0, 2, 5, 14: -0.01976253432868888
calculated iMatrix for 0, 2, 5, 15: -0.2867469302177431
calculated iMatrix for 0, 2, 5, 16: -0.16592382412246842
calculated iMatrix for 0, 2, 5, 17: 0.05955531340622606
calculated iMatrix for 0, 2, 5, 18: -0.1044975990566971
calculated iMatrix for 0, 2, 5, 19: -0.13315285481707315
calculated iMatrix for 0, 2, 6, 0: 0.45765500746818305
calculated iMatrix for 0, 2, 6, 1: -0.505850295611769
calculated iMatrix for 0, 2, 6, 2: 0.17272644748229884
calculated iMatrix for 0, 2, 6, 3: 0.5210384781718571
calculated iMatrix for 0, 2, 6, 4: -0.20665531680999966
calculated iMatrix for 0, 2, 6, 5: -0.6688511422729309
calculated iMatrix for 0, 2, 6, 6: -0.4123242376009455
calculated iMatrix for 0, 2, 6, 7: -0.22237875569633145
calculated iMatrix for 0, 2, 6, 8: 0.1592019064293933
calculated iMatrix for 0, 2, 6, 9: 0.17860214730584129
calculated iMatrix for 0, 2, 6, 10: 0.36783431994862964
calculated iMatrix for 0, 2, 6, 11: -0.05159502333417245
calculated iMatrix for 0, 2, 6, 12: -0.6607855968994449
calculated iMatrix for 0, 2, 6, 13: 0.3027056542085075
calculated iMatrix for 0, 2, 6, 14: 0.3241034513174622
calculated iMatrix for 0, 2, 6, 15: -0.1699493243588481
calculated iMatrix for 0, 2, 6, 16: -0.05564929366221309
calculated iMatrix for 0, 2, 6, 17: -0.1629648441558427
calculated iMatrix for 0, 2, 6, 18: 0.1841961072699282
calculated iMatrix for 0, 2, 6, 19: -0.37458390961809845
calculated iMatrix for 0, 2, 7, 0: 0.37355994668929565
calculated iMatrix for 0, 2, 7, 1: -0.8381566485335434
calculated iMatrix for 0, 2, 7, 2: 0.125312643615702
calculated iMatrix for 0, 2, 7, 3: 0.6390923597308898
calculated iMatrix for 0, 2, 7, 4: -0.19640093426022276
calculated iMatrix for 0, 2, 7, 5: -1.1396627829091701
calculated iMatrix for 0, 2, 7, 6: -0.3498038806196114
calculated iMatrix for 0, 2, 7, 7: -0.048970614842907885
calculated iMatrix for 0, 2, 7, 8: 0.2282606128681444
calculated iMatrix for 0, 2, 7, 9: 0.4374877661595907
calculated iMatrix for 0, 2, 7, 10: 0.49576972706903116
calculated iMatrix for 0, 2, 7, 11: -0.10694258804976357
calculated iMatrix for 0, 2, 7, 12: -0.53570325876145
calculated iMatrix for 0, 2, 7, 13: 0.5019235926434094
calculated iMatrix for 0, 2, 7, 14: 0.18289740578869162
calculated iMatrix for 0, 2, 7, 15: -0.24117598140511604
calculated iMatrix for 0, 2, 7, 16: -0.18918068628673562
calculated iMatrix for 0, 2, 7, 17: -0.17572579395255244
calculated iMatrix for 0, 2, 7, 18: 0.01294349780339869
calculated iMatrix for 0, 2, 7, 19: -0.23202084496322803
calculated iMatrix for 0, 2, 8, 0: -4.887151082016228E-4
calculated iMatrix for 0, 2, 8, 1: NaN
calculated iMatrix for 0, 2, 8, 2: NaN
calculated iMatrix for 0, 2, 8, 3: NaN
calculated iMatrix for 0, 2, 8, 4: NaN
calculated iMatrix for 0, 2, 8, 5: NaN
calculated iMatrix for 0, 2, 8, 6: NaN
calculated iMatrix for 0, 2, 8, 7: NaN
calculated iMatrix for 0, 2, 8, 8: NaN
calculated iMatrix for 0, 2, 8, 9: NaN
calculated iMatrix for 0, 2, 8, 10: NaN
calculated iMatrix for 0, 2, 8, 11: NaN
calculated iMatrix for 0, 2, 8, 12: NaN
calculated iMatrix for 0, 2, 8, 13: NaN
calculated iMatrix for 0, 2, 8, 14: NaN
calculated iMatrix for 0, 2, 8, 15: NaN
calculated iMatrix for 0, 2, 8, 16: NaN
calculated iMatrix for 0, 2, 8, 17: NaN
calculated iMatrix for 0, 2, 8, 18: NaN
calculated iMatrix for 0, 2, 8, 19: NaN
calculated iMatrix for 0, 2, 9, 0: 0.681968389922648
calculated iMatrix for 0, 2, 9, 1: -0.6059773604044499
calculated iMatrix for 0, 2, 9, 2: -0.44180005573389897
calculated iMatrix for 0, 2, 9, 3: 0.418973281439817
calculated iMatrix for 0, 2, 9, 4: 0.019343242901243077
calculated iMatrix for 0, 2, 9, 5: -0.8441614500483057
calculated iMatrix for 0, 2, 9, 6: -0.3313551750672783
calculated iMatrix for 0, 2, 9, 7: 0.0760285303129866
calculated iMatrix for 0, 2, 9, 8: 0.3986059786153833
calculated iMatrix for 0, 2, 9, 9: 0.6912020658695934
calculated iMatrix for 0, 2, 9, 10: 0.33444403439809745
calculated iMatrix for 0, 2, 9, 11: -0.32531286061131565
calculated iMatrix for 0, 2, 9, 12: -2.21682273260643
calculated iMatrix for 0, 2, 9, 13: 0.6452265642693904
calculated iMatrix for 0, 2, 9, 14: 0.45870990268508877
calculated iMatrix for 0, 2, 9, 15: -0.3451266987326684
calculated iMatrix for 0, 2, 9, 16: -0.6473625765673044
calculated iMatrix for 0, 2, 9, 17: -0.0624289806475918
calculated iMatrix for 0, 2, 9, 18: 0.2749920226482066
calculated iMatrix for 0, 2, 9, 19: 0.04975976450672687
calculated iMatrix for 0, 2, 10, 0: 0.568260844978607
calculated iMatrix for 0, 2, 10, 1: -0.27652269644188365
calculated iMatrix for 0, 2, 10, 2: -0.35516582376099676
calculated iMatrix for 0, 2, 10, 3: 0.647067337913883
calculated iMatrix for 0, 2, 10, 4: -0.1791591278257167
calculated iMatrix for 0, 2, 10, 5: -0.5278653131908893
calculated iMatrix for 0, 2, 10, 6: -0.5139040304188656
calculated iMatrix for 0, 2, 10, 7: -0.0873623483418517
calculated iMatrix for 0, 2, 10, 8: 0.37743098147892473
calculated iMatrix for 0, 2, 10, 9: 0.4808440768523554
calculated iMatrix for 0, 2, 10, 10: 0.19381156596937021
calculated iMatrix for 0, 2, 10, 11: -0.4015133214967298
calculated iMatrix for 0, 2, 10, 12: -1.5190337365016746
calculated iMatrix for 0, 2, 10, 13: 0.3809064015159824
calculated iMatrix for 0, 2, 10, 14: 0.6502481145839674
calculated iMatrix for 0, 2, 10, 15: -0.46121814159100066
calculated iMatrix for 0, 2, 10, 16: -0.4534424845304182
calculated iMatrix for 0, 2, 10, 17: -0.14727630832252825
calculated iMatrix for 0, 2, 10, 18: -0.48489493043578086
calculated iMatrix for 0, 2, 10, 19: 0.16160539263974738
calculated iMatrix for 0, 2, 11, 0: 0.4035320969514391
calculated iMatrix for 0, 2, 11, 1: -0.3273310247675528
calculated iMatrix for 0, 2, 11, 2: -0.35087145838728184
calculated iMatrix for 0, 2, 11, 3: 0.23852056326831056
calculated iMatrix for 0, 2, 11, 4: -0.040760681168462376
calculated iMatrix for 0, 2, 11, 5: -0.29796000869334754
calculated iMatrix for 0, 2, 11, 6: 0.08411264871294574
calculated iMatrix for 0, 2, 11, 7: 0.19096661383713884
calculated iMatrix for 0, 2, 11, 8: 0.2724546932884832
calculated iMatrix for 0, 2, 11, 9: 0.6041906888799636
calculated iMatrix for 0, 2, 11, 10: 0.4108760712071977
calculated iMatrix for 0, 2, 11, 11: -4.6933139401005106E-4
calculated iMatrix for 0, 2, 11, 12: -1.5473041704399302
calculated iMatrix for 0, 2, 11, 13: 0.4553824944174652
calculated iMatrix for 0, 2, 11, 14: 0.40114727604405587
calculated iMatrix for 0, 2, 11, 15: -0.535938193568122
calculated iMatrix for 0, 2, 11, 16: -0.45820384335163916
calculated iMatrix for 0, 2, 11, 17: -0.21511406831324006
calculated iMatrix for 0, 2, 11, 18: -0.577403987960394
calculated iMatrix for 0, 2, 11, 19: 0.13061186113582185
calculated iMatrix for 0, 2, 12, 0: 0.5592291729482592
calculated iMatrix for 0, 2, 12, 1: -0.2498053081031705
calculated iMatrix for 0, 2, 12, 2: -0.4123242376009455
calculated iMatrix for 0, 2, 12, 3: 0.19858484472202784
calculated iMatrix for 0, 2, 12, 4: -0.10971651493248886
calculated iMatrix for 0, 2, 12, 5: 0.06096346684598005
calculated iMatrix for 0, 2, 12, 6: -0.254267302806622
calculated iMatrix for 0, 2, 12, 7: -0.15346260368465642
calculated iMatrix for 0, 2, 12, 8: 0.45725470569689103
calculated iMatrix for 0, 2, 12, 9: 0.33387750591488935
calculated iMatrix for 0, 2, 12, 10: 0.4564255495042095
calculated iMatrix for 0, 2, 12, 11: -0.20051225229628564
calculated iMatrix for 0, 2, 12, 12: -0.7444580726235601
calculated iMatrix for 0, 2, 12, 13: 0.06266693315582926
calculated iMatrix for 0, 2, 12, 14: 0.5831038148319335
calculated iMatrix for 0, 2, 12, 15: -0.40020287706860064
calculated iMatrix for 0, 2, 12, 16: -0.7249038616744535
calculated iMatrix for 0, 2, 12, 17: -0.30987251269135085
calculated iMatrix for 0, 2, 12, 18: 0.1649911274338782
calculated iMatrix for 0, 2, 12, 19: -0.24802118630966913
calculated iMatrix for 0, 2, 13, 0: 0.24523199785629726
calculated iMatrix for 0, 2, 13, 1: -0.3876316250105739
calculated iMatrix for 0, 2, 13, 2: -0.046979123282206325
calculated iMatrix for 0, 2, 13, 3: 0.08060017583580496
calculated iMatrix for 0, 2, 13, 4: -0.21449849427102552
calculated iMatrix for 0, 2, 13, 5: -0.04337434246787849
calculated iMatrix for 0, 2, 13, 6: -0.23643357113728128
calculated iMatrix for 0, 2, 13, 7: 0.04385596308623539
calculated iMatrix for 0, 2, 13, 8: 0.5762871558528359
calculated iMatrix for 0, 2, 13, 9: 0.3649893678163983
calculated iMatrix for 0, 2, 13, 10: 0.25550513497471
calculated iMatrix for 0, 2, 13, 11: -0.14951542989430422
calculated iMatrix for 0, 2, 13, 12: -0.5284375450350334
calculated iMatrix for 0, 2, 13, 13: 0.11574319259955124
calculated iMatrix for 0, 2, 13, 14: 0.38121423590351405
calculated iMatrix for 0, 2, 13, 15: -0.29766132928080563
calculated iMatrix for 0, 2, 13, 16: -0.5697411152148247
calculated iMatrix for 0, 2, 13, 17: -0.19503721839944851
calculated iMatrix for 0, 2, 13, 18: 0.010532613219088199
calculated iMatrix for 0, 2, 13, 19: -0.17615118599640175
calculated iMatrix for 0, 2, 14, 0: 0.2596921613289265
calculated iMatrix for 0, 2, 14, 1: -0.20752982495493213
calculated iMatrix for 0, 2, 14, 2: -0.06554263132087122
calculated iMatrix for 0, 2, 14, 3: 0.19280654075914613
calculated iMatrix for 0, 2, 14, 4: -0.14935919210006407
calculated iMatrix for 0, 2, 14, 5: -0.31073588786454265
calculated iMatrix for 0, 2, 14, 6: 0.007325505499175342
calculated iMatrix for 0, 2, 14, 7: 0.07583258635233237
calculated iMatrix for 0, 2, 14, 8: 0.2670927501470979
calculated iMatrix for 0, 2, 14, 9: 0.48509800996882685
calculated iMatrix for 0, 2, 14, 10: 0.3788033513192037
calculated iMatrix for 0, 2, 14, 11: -0.1727558066193353
calculated iMatrix for 0, 2, 14, 12: -0.3721581958756107
calculated iMatrix for 0, 2, 14, 13: -0.11667399549998761
calculated iMatrix for 0, 2, 14, 14: 0.22519978547938105
calculated iMatrix for 0, 2, 14, 15: -0.3992521560335927
calculated iMatrix for 0, 2, 14, 16: 0.029698466241016474
calculated iMatrix for 0, 2, 14, 17: -0.26596782950050596
calculated iMatrix for 0, 2, 14, 18: -0.12821998649704852
calculated iMatrix for 0, 2, 14, 19: -0.13315285481707315
calculated iMatrix for 0, 2, 15, 0: 0.17656193263459058
calculated iMatrix for 0, 2, 15, 1: -0.3069637219431192
calculated iMatrix for 0, 2, 15, 2: -0.18217014180051835
calculated iMatrix for 0, 2, 15, 3: 0.10407243121450058
calculated iMatrix for 0, 2, 15, 4: 0.06836429174480649
calculated iMatrix for 0, 2, 15, 5: 0.07081390882543694
calculated iMatrix for 0, 2, 15, 6: 0.12097424201710395
calculated iMatrix for 0, 2, 15, 7: -0.08820476894673344
calculated iMatrix for 0, 2, 15, 8: 0.22754157634606315
calculated iMatrix for 0, 2, 15, 9: 0.26879436709339266
calculated iMatrix for 0, 2, 15, 10: -0.07139765063035222
calculated iMatrix for 0, 2, 15, 11: -0.04972283392456343
calculated iMatrix for 0, 2, 15, 12: -0.2833679013464368
calculated iMatrix for 0, 2, 15, 13: 0.2509699798093188
calculated iMatrix for 0, 2, 15, 14: 0.102574711552681
calculated iMatrix for 0, 2, 15, 15: -0.2870280185937788
calculated iMatrix for 0, 2, 15, 16: -0.19393128904533347
calculated iMatrix for 0, 2, 15, 17: -0.12874894710181792
calculated iMatrix for 0, 2, 15, 18: -0.3296325217558321
calculated iMatrix for 0, 2, 15, 19: -0.16891498882715256
calculated iMatrix for 0, 2, 16, 0: 0.03155031862209022
calculated iMatrix for 0, 2, 16, 1: -0.4864322097546673
calculated iMatrix for 0, 2, 16, 2: -0.027802303338024175
calculated iMatrix for 0, 2, 16, 3: 0.2775919223775534
calculated iMatrix for 0, 2, 16, 4: -0.1698204390021942
calculated iMatrix for 0, 2, 16, 5: -0.19596037327211438
calculated iMatrix for 0, 2, 16, 6: 0.07448650996117136
calculated iMatrix for 0, 2, 16, 7: 0.09212270405606994
calculated iMatrix for 0, 2, 16, 8: 0.2322482728104428
calculated iMatrix for 0, 2, 16, 9: 0.18541275815434166
calculated iMatrix for 0, 2, 16, 10: 0.07583258635233237
calculated iMatrix for 0, 2, 16, 11: -0.1079552463641498
calculated iMatrix for 0, 2, 16, 12: -0.17116218078405732
calculated iMatrix for 0, 2, 16, 13: 0.320828277572699
calculated iMatrix for 0, 2, 16, 14: 0.07033050919834885
calculated iMatrix for 0, 2, 16, 15: -0.32194017613267645
calculated iMatrix for 0, 2, 16, 16: -0.08482067096249285
calculated iMatrix for 0, 2, 16, 17: -0.019931211060133815
calculated iMatrix for 0, 2, 16, 18: 0.07481890152148606
calculated iMatrix for 0, 2, 16, 19: -0.042899065975977965
calculated fs for 0: [J@4b32ace3
calculated fs for 0: [J@4b32ace3
calculated fs for 0: [J@4b32ace3
calculated fs for 0: [J@4b32ace3
calculated fs for 0: [J@4b32ace3
calculated fs for 0: [J@4b32ace3
calculated fs for 0: [J@4b32ace3
calculated fs for 0: [J@4b32ace3
calculated fs for 0: [J@4b32ace3
calculated fs for 0: [J@4b32ace3
calculated fs for 0: [J@4b32ace3
calculated fs for 0: [J@4b32ace3
calculated fs for 0: [J@4b32ace3
calculated fs for 0: [J@4b32ace3
calculated fs for 0: [J@4b32ace3
calculated fs for 0: [J@4b32ace3
calculated fs for 0: [J@4b32ace3
calculated fs for 0: [J@4b32ace3
calculated fs for 0: [J@4b32ace3
calculated fs for 0: [J@4b32ace3
calculated fs for 0: [J@4b32ace3
calculated fs for 0: [J@4b32ace3
calculated fs for 0: [J@4b32ace3
calculated fs for 0: [J@4b32ace3
calculated fs for 0: [J@4b32ace3
calculated fs for 0: [J@4b32ace3
calculated fs for 0: [J@4b32ace3
calculated fs for 0: [J@4b32ace3
calculated fs for 0: [J@4b32ace3
calculated fs for 0: [J@4b32ace3
calculated fs for 0: [J@4b32ace3
calculated fs for 0: [J@4b32ace3
calculated fs for 0: [J@4b32ace3
calculated fs for 0: [J@4b32ace3
calculated fs for 0: [J@4b32ace3
calculated fs for 0: [J@4b32ace3
calculated fs for 0: [J@4b32ace3
calculated fs for 0: [J@4b32ace3
calculated fs for 0: [J@4b32ace3
calculated fs for 0: [J@4b32ace3
calculated fs for 0: [J@4b32ace3
calculated fs for 0: [J@4b32ace3
calculated fs for 0: [J@4b32ace3
calculated fs for 0: [J@4b32ace3
calculated fs for 0: [J@4b32ace3
calculated fs for 0: [J@4b32ace3
calculated fs for 0: [J@4b32ace3
calculated fs for 0: [J@4b32ace3
calculated fs for 0: [J@4b32ace3
calculated fs for 0: [J@4b32ace3
calculated fs for 0: [J@4b32ace3
calculated fs for 0: [J@4b32ace3
calculated fs for 0: [J@4b32ace3
calculated fs for 0: [J@4b32ace3
calculated fs for 0: [J@4b32ace3
calculated fs for 0: [J@4b32ace3
calculated fs for 0: [J@4b32ace3
calculated fs for 0: [J@4b32ace3
calculated fs for 0: [J@4b32ace3
calculated fs for 0: [J@4b32ace3
calculated fs for 0: [J@4b32ace3
calculated fs for 0: [J@4b32ace3
calculated fs for 0: [J@4b32ace3
calculated fs for 0: [J@4b32ace3
calculated fs for 0: [J@4b32ace3
calculated fs for 0: [J@4b32ace3
calculated fs for 0: [J@4b32ace3
calculated fs for 0: [J@4b32ace3
calculated fs for 0: [J@4b32ace3
calculated fs for 0: [J@4b32ace3
calculated fs for 0: [J@4b32ace3
calculated fs for 0: [J@4b32ace3
calculated fs for 0: [J@4b32ace3
calculated fs for 0: [J@4b32ace3
calculated fs for 0: [J@4b32ace3
calculated fs for 0: [J@4b32ace3
calculated fs for 0: [J@4b32ace3
calculated fs for 0: [J@4b32ace3
calculated fs for 0: [J@4b32ace3
calculated fs for 0: [J@4b32ace3
calculated fs for 0: [J@4b32ace3
calculated fs for 0: [J@4b32ace3
calculated fs for 0: [J@4b32ace3
calculated fs for 0: [J@4b32ace3
calculated fs for 0: [J@4b32ace3
calculated fs for 0: [J@4b32ace3
calculated fs for 0: [J@4b32ace3
calculated fs for 0: [J@4b32ace3
calculated fs for 0: [J@4b32ace3
calculated fs for 0: [J@4b32ace3
calculated fs for 0: [J@4b32ace3
calculated fs for 0: [J@4b32ace3
calculated fs for 0: [J@4b32ace3
calculated fs for 0: [J@4b32ace3
calculated fs for 0: [J@4b32ace3
calculated fs for 0: [J@4b32ace3
calculated fs for 0: [J@4b32ace3
calculated fs for 0: [J@4b32ace3
calculated fs for 0: [J@4b32ace3
calculated fs for 0: [J@4b32ace3
calculated fs for 0: [J@4b32ace3
calculated fs for 0: [J@4b32ace3
calculated fs for 0: [J@4b32ace3
calculated fs for 0: [J@4b32ace3
calculated fs for 0: [J@4b32ace3
calculated fs for 0: [J@4b32ace3
calculated fs for 0: [J@4b32ace3
calculated fs for 0: [J@4b32ace3
calculated fs for 0: [J@4b32ace3
calculated fs for 0: [J@4b32ace3
calculated fs for 0: [J@4b32ace3
calculated fs for 0: [J@4b32ace3
calculated fs for 0: [J@4b32ace3
calculated fs for 0: [J@4b32ace3
calculated fs for 0: [J@4b32ace3
calculated fs for 0: [J@4b32ace3
calculated fs for 0: [J@4b32ace3
calculated fs for 0: [J@4b32ace3
calculated fs for 0: [J@4b32ace3
calculated fs for 0: [J@4b32ace3
calculated fs for 0: [J@4b32ace3
calculated fs for 0: [J@4b32ace3
calculated fs for 0: [J@4b32ace3
calculated fs for 0: [J@4b32ace3
calculated fs for 0: [J@4b32ace3
calculated fs for 0: [J@4b32ace3
calculated fs for 0: [J@4b32ace3
calculated fs for 0: [J@4b32ace3
calculated fs for 0: [J@4b32ace3
calculated fs for 0: [J@4b32ace3
calculated fs for 0: [J@4b32ace3
calculated fs for 0: [J@4b32ace3
calculated fs for 0: [J@4b32ace3
calculated fs for 0: [J@4b32ace3
calculated fs for 0: [J@4b32ace3
calculated fs for 0: [J@4b32ace3
calculated fs for 0: [J@4b32ace3
calculated fs for 0: [J@4b32ace3
calculated fs for 0: [J@4b32ace3
calculated fs for 0: [J@4b32ace3
calculated fs for 0: [J@4b32ace3
calculated fs for 0: [J@4b32ace3
calculated fs for 0: [J@4b32ace3
calculated fs for 0: [J@4b32ace3
calculated fs for 0: [J@4b32ace3
calculated fs for 0: [J@4b32ace3
calculated fs for 0: [J@4b32ace3
calculated fs for 0: [J@4b32ace3
calculated fs for 0: [J@4b32ace3
calculated fs for 0: [J@4b32ace3
calculated fs for 0: [J@4b32ace3
calculated fs for 0: [J@4b32ace3
calculated fs for 0: [J@4b32ace3
calculated fs for 0: [J@4b32ace3
calculated fs for 0: [J@4b32ace3
calculated fs for 0: [J@4b32ace3
calculated fs for 0: [J@4b32ace3
calculated fs for 0: [J@4b32ace3
calculated fs for 0: [J@4b32ace3
calculated fs for 0: [J@4b32ace3
calculated fs for 0: [J@4b32ace3
calculated fs for 0: [J@4b32ace3
calculated fs for 0: [J@4b32ace3
calculated fs for 0: [J@4b32ace3
calculated fs for 0: [J@4b32ace3
calculated fs for 0: [J@4b32ace3
calculated fs for 0: [J@4b32ace3
calculated fs for 0: [J@4b32ace3
calculated fs for 0: [J@4b32ace3
calculated fs for 0: [J@4b32ace3
calculated fs for 0: [J@4b32ace3
calculated fs for 0: [J@4b32ace3
calculated fs for 0: [J@4b32ace3
calculated fs for 0: [J@4b32ace3
calculated fs for 0: [J@4b32ace3
calculated fs for 0: [J@4b32ace3
calculated fs for 0: [J@4b32ace3
calculated fs for 0: [J@4b32ace3
calculated fs for 0: [J@4b32ace3
calculated fs for 0: [J@4b32ace3
calculated fs for 0: [J@4b32ace3
calculated fs for 0: [J@4b32ace3
calculated fs for 0: [J@4b32ace3
calculated fs for 0: [J@4b32ace3
calculated fs for 0: [J@4b32ace3
calculated fs for 0: [J@4b32ace3
calculated fs for 0: [J@4b32ace3
calculated fs for 0: [J@4b32ace3
calculated fs for 0: [J@4b32ace3
calculated fs for 0: [J@4b32ace3
calculated fs for 0: [J@4b32ace3
calculated fs for 0: [J@4b32ace3
calculated fs for 0: [J@4b32ace3
calculated fs for 0: [J@4b32ace3
calculated fs for 0: [J@4b32ace3
calculated fs for 0: [J@4b32ace3
calculated fs for 0: [J@4b32ace3
calculated fs for 0: [J@4b32ace3
calculated fs for 0: [J@4b32ace3
calculated fs for 0: [J@4b32ace3
calculated fs for 0: [J@4b32ace3
calculated fs for 0: [J@4b32ace3
calculated fs for 0: [J@4b32ace3
calculated fs for 0: [J@4b32ace3
calculated fs for 0: [J@4b32ace3
calculated fs for 0: [J@4b32ace3
calculated fs for 0: [J@4b32ace3
calculated fs for 0: [J@4b32ace3
calculated fs for 0: [J@4b32ace3
calculated fs for 0: [J@4b32ace3
calculated fs for 0: [J@4b32ace3
calculated fs for 0: [J@4b32ace3
calculated fs for 0: [J@4b32ace3
calculated fs for 0: [J@4b32ace3
calculated fs for 0: [J@4b32ace3
calculated fs for 0: [J@4b32ace3
calculated fs for 0: [J@4b32ace3
calculated fs for 0: [J@4b32ace3
calculated fs for 0: [J@4b32ace3
calculated fs for 0: [J@4b32ace3
calculated fs for 0: [J@4b32ace3
calculated fs for 0: [J@4b32ace3
calculated fs for 0: [J@4b32ace3
calculated fs for 0: [J@4b32ace3
calculated fs for 0: [J@4b32ace3
calculated fs for 0: [J@4b32ace3
calculated fs for 0: [J@4b32ace3
calculated fs for 0: [J@4b32ace3
calculated fs for 0: [J@4b32ace3
calculated fs for 0: [J@4b32ace3
calculated fs for 0: [J@4b32ace3
calculated fs for 0: [J@4b32ace3
calculated fs for 0: [J@4b32ace3
calculated fs for 0: [J@4b32ace3
calculated fs for 0: [J@4b32ace3
calculated fs for 0: [J@4b32ace3
calculated fs for 0: [J@4b32ace3
calculated fs for 0: [J@4b32ace3
calculated fs for 0: [J@4b32ace3
calculated fs for 0: [J@4b32ace3
calculated fs for 0: [J@4b32ace3
calculated fs for 0: [J@4b32ace3
calculated fs for 0: [J@4b32ace3
calculated fs for 0: [J@4b32ace3
calculated fs for 0: [J@4b32ace3
calculated fs for 0: [J@4b32ace3
calculated fs for 0: [J@4b32ace3
calculated fs for 0: [J@4b32ace3
calculated fs for 0: [J@4b32ace3
calculated fs for 0: [J@4b32ace3
calculated fs for 0: [J@4b32ace3
calculated fs for 0: [J@4b32ace3
calculated fs for 0: [J@4b32ace3
calculated fs for 0: [J@4b32ace3
calculated fs for 0: [J@4b32ace3
calculated fs for 0: [J@4b32ace3
calculated fs for 0: [J@4b32ace3
calculated fs for 0: [J@4b32ace3
calculated fs for 0: [J@4b32ace3
calculated fs for 0: [J@4b32ace3
calculated fs for 0: [J@4b32ace3
calculated fs for 0: [J@4b32ace3
calculated fs for 0: [J@4b32ace3
calculated fs for 0: [J@4b32ace3
calculated fs for 0: [J@4b32ace3
calculated fs for 0: [J@4b32ace3
calculated fs for 0: [J@4b32ace3
calculated fs for 0: [J@4b32ace3
calculated fs for 0: [J@4b32ace3
calculated fs for 0: [J@4b32ace3
calculated fs for 0: [J@4b32ace3
calculated fs for 0: [J@4b32ace3
calculated fs for 0: [J@4b32ace3
calculated fs for 0: [J@4b32ace3
calculated fs for 0: [J@4b32ace3
calculated fs for 0: [J@4b32ace3
calculated fs for 0: [J@4b32ace3
calculated fs for 0: [J@4b32ace3
calculated fs for 0: [J@4b32ace3
calculated fs for 0: [J@4b32ace3
calculated fs for 0: [J@4b32ace3
calculated fs for 0: [J@4b32ace3
calculated fs for 0: [J@4b32ace3
calculated fs for 0: [J@4b32ace3
calculated fs for 0: [J@4b32ace3
calculated fs for 0: [J@4b32ace3
calculated fs for 0: [J@4b32ace3
calculated fs for 0: [J@4b32ace3
calculated fs for 0: [J@4b32ace3
calculated fs for 0: [J@4b32ace3
calculated fs for 0: [J@4b32ace3
calculated fs for 0: [J@4b32ace3
calculated fs for 0: [J@4b32ace3
calculated fs for 0: [J@4b32ace3
calculated fs for 0: [J@4b32ace3
calculated fs for 0: [J@4b32ace3
calculated fs for 0: [J@4b32ace3
calculated fs for 0: [J@4b32ace3
calculated fs for 0: [J@4b32ace3
calculated fs for 0: [J@4b32ace3
calculated fs for 0: [J@4b32ace3
calculated fs for 0: [J@4b32ace3
calculated fs for 0: [J@4b32ace3
calculated fs for 0: [J@4b32ace3
calculated fs for 0: [J@4b32ace3
calculated fs for 0: [J@4b32ace3
calculated fs for 0: [J@4b32ace3
calculated fs for 0: [J@4b32ace3
calculated fs for 0: [J@4b32ace3
calculated fs for 0: [J@4b32ace3
calculated fs for 0: [J@4b32ace3
calculated fs for 0: [J@4b32ace3
calculated fs for 0: [J@4b32ace3
calculated fs for 0: [J@4b32ace3
calculated fs for 0: [J@4b32ace3
calculated fs for 0: [J@4b32ace3
calculated fs for 0: [J@4b32ace3
calculated fs for 0: [J@4b32ace3
calculated fs for 0: [J@4b32ace3
calculated fs for 0: [J@4b32ace3
calculated fs for 0: [J@4b32ace3
calculated fs for 0: [J@4b32ace3
calculated fs for 0: [J@4b32ace3
calculated fs for 0: [J@4b32ace3
calculated fs for 0: [J@4b32ace3
calculated fs for 0: [J@4b32ace3
calculated fs for 0: [J@4b32ace3
calculated fs for 0: [J@4b32ace3
calculated fs for 0: [J@4b32ace3
calculated fs for 0: [J@4b32ace3
calculated fs for 0: [J@4b32ace3
calculated fs for 0: [J@4b32ace3
calculated fs for 0: [J@4b32ace3
calculated fs for 0: [J@4b32ace3
calculated fs for 0: [J@4b32ace3
calculated fs for 0: [J@4b32ace3
calculated fs for 0: [J@4b32ace3
calculated fs for 0: [J@4b32ace3
calculated fs for 0: [J@4b32ace3
calculated fs for 0: [J@4b32ace3
calculated fs for 1: [J@6bf491a6
calculated fs for 1: [J@6bf491a6
calculated fs for 1: [J@6bf491a6
calculated fs for 1: [J@6bf491a6
calculated fs for 1: [J@6bf491a6
calculated fs for 1: [J@6bf491a6
calculated fs for 1: [J@6bf491a6
calculated fs for 1: [J@6bf491a6
calculated fs for 1: [J@6bf491a6
calculated fs for 1: [J@6bf491a6
calculated fs for 1: [J@6bf491a6
calculated fs for 1: [J@6bf491a6
calculated fs for 1: [J@6bf491a6
calculated fs for 1: [J@6bf491a6
calculated fs for 1: [J@6bf491a6
calculated fs for 1: [J@6bf491a6
calculated fs for 1: [J@6bf491a6
calculated fs for 1: [J@6bf491a6
calculated fs for 1: [J@6bf491a6
calculated fs for 1: [J@6bf491a6
calculated fs for 1: [J@6bf491a6
calculated fs for 1: [J@6bf491a6
calculated fs for 1: [J@6bf491a6
calculated fs for 1: [J@6bf491a6
calculated fs for 1: [J@6bf491a6
calculated fs for 1: [J@6bf491a6
calculated fs for 1: [J@6bf491a6
calculated fs for 1: [J@6bf491a6
calculated fs for 1: [J@6bf491a6
calculated fs for 1: [J@6bf491a6
calculated fs for 1: [J@6bf491a6
calculated fs for 1: [J@6bf491a6
calculated fs for 1: [J@6bf491a6
calculated fs for 1: [J@6bf491a6
calculated fs for 1: [J@6bf491a6
calculated fs for 1: [J@6bf491a6
calculated fs for 1: [J@6bf491a6
calculated fs for 1: [J@6bf491a6
calculated fs for 1: [J@6bf491a6
calculated fs for 1: [J@6bf491a6
calculated fs for 1: [J@6bf491a6
calculated fs for 1: [J@6bf491a6
calculated fs for 1: [J@6bf491a6
calculated fs for 1: [J@6bf491a6
calculated fs for 1: [J@6bf491a6
calculated fs for 1: [J@6bf491a6
calculated fs for 1: [J@6bf491a6
calculated fs for 1: [J@6bf491a6
calculated fs for 1: [J@6bf491a6
calculated fs for 1: [J@6bf491a6
calculated fs for 1: [J@6bf491a6
calculated fs for 1: [J@6bf491a6
calculated fs for 1: [J@6bf491a6
calculated fs for 1: [J@6bf491a6
calculated fs for 1: [J@6bf491a6
calculated fs for 1: [J@6bf491a6
calculated fs for 1: [J@6bf491a6
calculated fs for 1: [J@6bf491a6
calculated fs for 1: [J@6bf491a6
calculated fs for 1: [J@6bf491a6
calculated fs for 1: [J@6bf491a6
calculated fs for 1: [J@6bf491a6
calculated fs for 1: [J@6bf491a6
calculated fs for 1: [J@6bf491a6
calculated fs for 1: [J@6bf491a6
calculated fs for 1: [J@6bf491a6
calculated fs for 1: [J@6bf491a6
calculated fs for 1: [J@6bf491a6
calculated fs for 1: [J@6bf491a6
calculated fs for 1: [J@6bf491a6
calculated fs for 1: [J@6bf491a6
calculated fs for 1: [J@6bf491a6
calculated fs for 1: [J@6bf491a6
calculated fs for 1: [J@6bf491a6
calculated fs for 1: [J@6bf491a6
calculated fs for 1: [J@6bf491a6
calculated fs for 1: [J@6bf491a6
calculated fs for 1: [J@6bf491a6
calculated fs for 1: [J@6bf491a6
calculated fs for 1: [J@6bf491a6
calculated fs for 1: [J@6bf491a6
calculated fs for 1: [J@6bf491a6
calculated fs for 1: [J@6bf491a6
calculated fs for 1: [J@6bf491a6
calculated fs for 1: [J@6bf491a6
calculated fs for 1: [J@6bf491a6
calculated fs for 1: [J@6bf491a6
calculated fs for 1: [J@6bf491a6
calculated fs for 1: [J@6bf491a6
calculated fs for 1: [J@6bf491a6
calculated fs for 1: [J@6bf491a6
calculated fs for 1: [J@6bf491a6
calculated fs for 1: [J@6bf491a6
calculated fs for 1: [J@6bf491a6
calculated fs for 1: [J@6bf491a6
calculated fs for 1: [J@6bf491a6
calculated fs for 1: [J@6bf491a6
calculated fs for 1: [J@6bf491a6
calculated fs for 1: [J@6bf491a6
calculated fs for 1: [J@6bf491a6
calculated fs for 1: [J@6bf491a6
calculated fs for 1: [J@6bf491a6
calculated fs for 1: [J@6bf491a6
calculated fs for 1: [J@6bf491a6
calculated fs for 1: [J@6bf491a6
calculated fs for 1: [J@6bf491a6
calculated fs for 1: [J@6bf491a6
calculated fs for 1: [J@6bf491a6
calculated fs for 1: [J@6bf491a6
calculated fs for 1: [J@6bf491a6
calculated fs for 1: [J@6bf491a6
calculated fs for 1: [J@6bf491a6
calculated fs for 1: [J@6bf491a6
calculated fs for 1: [J@6bf491a6
calculated fs for 1: [J@6bf491a6
calculated fs for 1: [J@6bf491a6
calculated fs for 1: [J@6bf491a6
calculated fs for 1: [J@6bf491a6
calculated fs for 1: [J@6bf491a6
calculated fs for 1: [J@6bf491a6
calculated fs for 1: [J@6bf491a6
calculated fs for 1: [J@6bf491a6
calculated fs for 1: [J@6bf491a6
calculated fs for 1: [J@6bf491a6
calculated fs for 1: [J@6bf491a6
calculated fs for 1: [J@6bf491a6
calculated fs for 1: [J@6bf491a6
calculated fs for 1: [J@6bf491a6
calculated fs for 1: [J@6bf491a6
calculated fs for 1: [J@6bf491a6
calculated fs for 1: [J@6bf491a6
calculated fs for 1: [J@6bf491a6
calculated fs for 1: [J@6bf491a6
calculated fs for 1: [J@6bf491a6
calculated fs for 1: [J@6bf491a6
calculated fs for 1: [J@6bf491a6
calculated fs for 1: [J@6bf491a6
calculated fs for 1: [J@6bf491a6
calculated fs for 1: [J@6bf491a6
calculated fs for 1: [J@6bf491a6
calculated fs for 1: [J@6bf491a6
calculated fs for 1: [J@6bf491a6
calculated fs for 1: [J@6bf491a6
calculated fs for 1: [J@6bf491a6
calculated fs for 1: [J@6bf491a6
calculated fs for 1: [J@6bf491a6
calculated fs for 1: [J@6bf491a6
calculated fs for 1: [J@6bf491a6
calculated fs for 1: [J@6bf491a6
calculated fs for 1: [J@6bf491a6
calculated fs for 1: [J@6bf491a6
calculated fs for 1: [J@6bf491a6
calculated fs for 1: [J@6bf491a6
calculated fs for 1: [J@6bf491a6
calculated fs for 1: [J@6bf491a6
calculated fs for 1: [J@6bf491a6
calculated fs for 1: [J@6bf491a6
calculated fs for 1: [J@6bf491a6
calculated fs for 1: [J@6bf491a6
calculated fs for 1: [J@6bf491a6
calculated fs for 1: [J@6bf491a6
calculated fs for 1: [J@6bf491a6
calculated fs for 1: [J@6bf491a6
calculated fs for 1: [J@6bf491a6
calculated fs for 1: [J@6bf491a6
calculated fs for 1: [J@6bf491a6
calculated fs for 1: [J@6bf491a6
calculated fs for 1: [J@6bf491a6
calculated fs for 1: [J@6bf491a6
calculated fs for 1: [J@6bf491a6
calculated fs for 1: [J@6bf491a6
calculated fs for 1: [J@6bf491a6
calculated fs for 1: [J@6bf491a6
calculated fs for 1: [J@6bf491a6
calculated fs for 1: [J@6bf491a6
calculated fs for 1: [J@6bf491a6
calculated fs for 1: [J@6bf491a6
calculated fs for 1: [J@6bf491a6
calculated fs for 1: [J@6bf491a6
calculated fs for 1: [J@6bf491a6
calculated fs for 1: [J@6bf491a6
calculated fs for 1: [J@6bf491a6
calculated fs for 1: [J@6bf491a6
calculated fs for 1: [J@6bf491a6
calculated fs for 1: [J@6bf491a6
calculated fs for 1: [J@6bf491a6
calculated fs for 1: [J@6bf491a6
calculated fs for 1: [J@6bf491a6
calculated fs for 1: [J@6bf491a6
calculated fs for 1: [J@6bf491a6
calculated fs for 1: [J@6bf491a6
calculated fs for 1: [J@6bf491a6
calculated fs for 1: [J@6bf491a6
calculated fs for 1: [J@6bf491a6
calculated fs for 1: [J@6bf491a6
calculated fs for 1: [J@6bf491a6
calculated fs for 1: [J@6bf491a6
calculated fs for 1: [J@6bf491a6
calculated fs for 1: [J@6bf491a6
calculated fs for 1: [J@6bf491a6
calculated fs for 1: [J@6bf491a6
calculated fs for 1: [J@6bf491a6
calculated fs for 1: [J@6bf491a6
calculated fs for 1: [J@6bf491a6
calculated fs for 1: [J@6bf491a6
calculated fs for 1: [J@6bf491a6
calculated fs for 1: [J@6bf491a6
calculated fs for 1: [J@6bf491a6
calculated fs for 1: [J@6bf491a6
calculated fs for 1: [J@6bf491a6
calculated fs for 1: [J@6bf491a6
calculated fs for 1: [J@6bf491a6
calculated fs for 1: [J@6bf491a6
calculated fs for 1: [J@6bf491a6
calculated fs for 1: [J@6bf491a6
calculated fs for 1: [J@6bf491a6
calculated fs for 1: [J@6bf491a6
calculated fs for 1: [J@6bf491a6
calculated fs for 1: [J@6bf491a6
calculated fs for 1: [J@6bf491a6
calculated fs for 1: [J@6bf491a6
calculated fs for 1: [J@6bf491a6
calculated fs for 1: [J@6bf491a6
calculated fs for 1: [J@6bf491a6
calculated fs for 1: [J@6bf491a6
calculated fs for 1: [J@6bf491a6
calculated fs for 1: [J@6bf491a6
calculated fs for 1: [J@6bf491a6
calculated fs for 1: [J@6bf491a6
calculated fs for 1: [J@6bf491a6
calculated fs for 1: [J@6bf491a6
calculated fs for 1: [J@6bf491a6
calculated fs for 1: [J@6bf491a6
calculated fs for 1: [J@6bf491a6
calculated fs for 1: [J@6bf491a6
calculated fs for 1: [J@6bf491a6
calculated fs for 1: [J@6bf491a6
calculated fs for 1: [J@6bf491a6
calculated fs for 1: [J@6bf491a6
calculated fs for 1: [J@6bf491a6
calculated fs for 1: [J@6bf491a6
calculated fs for 1: [J@6bf491a6
calculated fs for 1: [J@6bf491a6
calculated fs for 1: [J@6bf491a6
calculated fs for 1: [J@6bf491a6
calculated fs for 1: [J@6bf491a6
calculated fs for 1: [J@6bf491a6
calculated fs for 1: [J@6bf491a6
calculated fs for 1: [J@6bf491a6
calculated fs for 1: [J@6bf491a6
calculated fs for 1: [J@6bf491a6
calculated fs for 1: [J@6bf491a6
calculated fs for 1: [J@6bf491a6
calculated fs for 1: [J@6bf491a6
calculated fs for 1: [J@6bf491a6
calculated fs for 1: [J@6bf491a6
calculated fs for 1: [J@6bf491a6
calculated fs for 1: [J@6bf491a6
calculated fs for 1: [J@6bf491a6
calculated fs for 1: [J@6bf491a6
calculated fs for 1: [J@6bf491a6
calculated fs for 1: [J@6bf491a6
calculated fs for 1: [J@6bf491a6
calculated fs for 1: [J@6bf491a6
calculated fs for 1: [J@6bf491a6
calculated fs for 1: [J@6bf491a6
calculated fs for 1: [J@6bf491a6
calculated fs for 1: [J@6bf491a6
calculated fs for 1: [J@6bf491a6
calculated fs for 1: [J@6bf491a6
calculated fs for 1: [J@6bf491a6
calculated fs for 1: [J@6bf491a6
calculated fs for 1: [J@6bf491a6
calculated fs for 1: [J@6bf491a6
calculated fs for 1: [J@6bf491a6
calculated fs for 1: [J@6bf491a6
calculated fs for 1: [J@6bf491a6
calculated fs for 1: [J@6bf491a6
calculated fs for 1: [J@6bf491a6
calculated fs for 1: [J@6bf491a6
calculated fs for 1: [J@6bf491a6
calculated fs for 1: [J@6bf491a6
calculated fs for 1: [J@6bf491a6
calculated fs for 1: [J@6bf491a6
calculated fs for 1: [J@6bf491a6
calculated fs for 1: [J@6bf491a6
calculated fs for 1: [J@6bf491a6
calculated fs for 1: [J@6bf491a6
calculated fs for 1: [J@6bf491a6
calculated fs for 1: [J@6bf491a6
calculated fs for 1: [J@6bf491a6
calculated fs for 1: [J@6bf491a6
calculated fs for 1: [J@6bf491a6
calculated fs for 1: [J@6bf491a6
calculated fs for 1: [J@6bf491a6
calculated fs for 1: [J@6bf491a6
calculated fs for 1: [J@6bf491a6
calculated fs for 1: [J@6bf491a6
calculated fs for 1: [J@6bf491a6
calculated fs for 1: [J@6bf491a6
calculated fs for 1: [J@6bf491a6
calculated fs for 1: [J@6bf491a6
calculated fs for 1: [J@6bf491a6
calculated fs for 1: [J@6bf491a6
calculated fs for 1: [J@6bf491a6
calculated fs for 1: [J@6bf491a6
calculated fs for 1: [J@6bf491a6
calculated fs for 1: [J@6bf491a6
calculated fs for 1: [J@6bf491a6
calculated fs for 1: [J@6bf491a6
calculated fs for 1: [J@6bf491a6
calculated fs for 1: [J@6bf491a6
calculated fs for 1: [J@6bf491a6
calculated fs for 1: [J@6bf491a6
calculated fs for 1: [J@6bf491a6
calculated fs for 1: [J@6bf491a6
calculated fs for 1: [J@6bf491a6
calculated fs for 1: [J@6bf491a6
calculated fs for 1: [J@6bf491a6
calculated fs for 1: [J@6bf491a6
calculated fs for 1: [J@6bf491a6
calculated fs for 1: [J@6bf491a6
calculated fs for 1: [J@6bf491a6
calculated fs for 1: [J@6bf491a6
calculated fs for 1: [J@6bf491a6
calculated fs for 1: [J@6bf491a6
calculated fs for 1: [J@6bf491a6
calculated fs for 1: [J@6bf491a6
calculated fs for 1: [J@6bf491a6
calculated fs for 1: [J@6bf491a6
calculated fs for 1: [J@6bf491a6
calculated fs for 1: [J@6bf491a6
calculated fs for 1: [J@6bf491a6
calculated fs for 1: [J@6bf491a6
calculated fs for 1: [J@6bf491a6
calculated fs for 1: [J@6bf491a6
calculated fs for 1: [J@6bf491a6
calculated fs for 1: [J@6bf491a6
calculated fs for 1: [J@6bf491a6
calculated fs for 1: [J@6bf491a6
calculated fs for 2: [J@58660a9
calculated fs for 2: [J@58660a9
calculated fs for 2: [J@58660a9
calculated fs for 2: [J@58660a9
calculated fs for 2: [J@58660a9
calculated fs for 2: [J@58660a9
calculated fs for 2: [J@58660a9
calculated fs for 2: [J@58660a9
calculated fs for 2: [J@58660a9
calculated fs for 2: [J@58660a9
calculated fs for 2: [J@58660a9
calculated fs for 2: [J@58660a9
calculated fs for 2: [J@58660a9
calculated fs for 2: [J@58660a9
calculated fs for 2: [J@58660a9
calculated fs for 2: [J@58660a9
calculated fs for 2: [J@58660a9
calculated fs for 2: [J@58660a9
calculated fs for 2: [J@58660a9
calculated fs for 2: [J@58660a9
calculated fs for 2: [J@58660a9
calculated fs for 2: [J@58660a9
calculated fs for 2: [J@58660a9
calculated fs for 2: [J@58660a9
calculated fs for 2: [J@58660a9
calculated fs for 2: [J@58660a9
calculated fs for 2: [J@58660a9
calculated fs for 2: [J@58660a9
calculated fs for 2: [J@58660a9
calculated fs for 2: [J@58660a9
calculated fs for 2: [J@58660a9
calculated fs for 2: [J@58660a9
calculated fs for 2: [J@58660a9
calculated fs for 2: [J@58660a9
calculated fs for 2: [J@58660a9
calculated fs for 2: [J@58660a9
calculated fs for 2: [J@58660a9
calculated fs for 2: [J@58660a9
calculated fs for 2: [J@58660a9
calculated fs for 2: [J@58660a9
calculated fs for 2: [J@58660a9
calculated fs for 2: [J@58660a9
calculated fs for 2: [J@58660a9
calculated fs for 2: [J@58660a9
calculated fs for 2: [J@58660a9
calculated fs for 2: [J@58660a9
calculated fs for 2: [J@58660a9
calculated fs for 2: [J@58660a9
calculated fs for 2: [J@58660a9
calculated fs for 2: [J@58660a9
calculated fs for 2: [J@58660a9
calculated fs for 2: [J@58660a9
calculated fs for 2: [J@58660a9
calculated fs for 2: [J@58660a9
calculated fs for 2: [J@58660a9
calculated fs for 2: [J@58660a9
calculated fs for 2: [J@58660a9
calculated fs for 2: [J@58660a9
calculated fs for 2: [J@58660a9
calculated fs for 2: [J@58660a9
calculated fs for 2: [J@58660a9
calculated fs for 2: [J@58660a9
calculated fs for 2: [J@58660a9
calculated fs for 2: [J@58660a9
calculated fs for 2: [J@58660a9
calculated fs for 2: [J@58660a9
calculated fs for 2: [J@58660a9
calculated fs for 2: [J@58660a9
calculated fs for 2: [J@58660a9
calculated fs for 2: [J@58660a9
calculated fs for 2: [J@58660a9
calculated fs for 2: [J@58660a9
calculated fs for 2: [J@58660a9
calculated fs for 2: [J@58660a9
calculated fs for 2: [J@58660a9
calculated fs for 2: [J@58660a9
calculated fs for 2: [J@58660a9
calculated fs for 2: [J@58660a9
calculated fs for 2: [J@58660a9
calculated fs for 2: [J@58660a9
calculated fs for 2: [J@58660a9
calculated fs for 2: [J@58660a9
calculated fs for 2: [J@58660a9
calculated fs for 2: [J@58660a9
calculated fs for 2: [J@58660a9
calculated fs for 2: [J@58660a9
calculated fs for 2: [J@58660a9
calculated fs for 2: [J@58660a9
calculated fs for 2: [J@58660a9
calculated fs for 2: [J@58660a9
calculated fs for 2: [J@58660a9
calculated fs for 2: [J@58660a9
calculated fs for 2: [J@58660a9
calculated fs for 2: [J@58660a9
calculated fs for 2: [J@58660a9
calculated fs for 2: [J@58660a9
calculated fs for 2: [J@58660a9
calculated fs for 2: [J@58660a9
calculated fs for 2: [J@58660a9
calculated fs for 2: [J@58660a9
calculated fs for 2: [J@58660a9
calculated fs for 2: [J@58660a9
calculated fs for 2: [J@58660a9
calculated fs for 2: [J@58660a9
calculated fs for 2: [J@58660a9
calculated fs for 2: [J@58660a9
calculated fs for 2: [J@58660a9
calculated fs for 2: [J@58660a9
calculated fs for 2: [J@58660a9
calculated fs for 2: [J@58660a9
calculated fs for 2: [J@58660a9
calculated fs for 2: [J@58660a9
calculated fs for 2: [J@58660a9
calculated fs for 2: [J@58660a9
calculated fs for 2: [J@58660a9
calculated fs for 2: [J@58660a9
calculated fs for 2: [J@58660a9
calculated fs for 2: [J@58660a9
calculated fs for 2: [J@58660a9
calculated fs for 2: [J@58660a9
calculated fs for 2: [J@58660a9
calculated fs for 2: [J@58660a9
calculated fs for 2: [J@58660a9
calculated fs for 2: [J@58660a9
calculated fs for 2: [J@58660a9
calculated fs for 2: [J@58660a9
calculated fs for 2: [J@58660a9
calculated fs for 2: [J@58660a9
calculated fs for 2: [J@58660a9
calculated fs for 2: [J@58660a9
calculated fs for 2: [J@58660a9
calculated fs for 2: [J@58660a9
calculated fs for 2: [J@58660a9
calculated fs for 2: [J@58660a9
calculated fs for 2: [J@58660a9
calculated fs for 2: [J@58660a9
calculated fs for 2: [J@58660a9
calculated fs for 2: [J@58660a9
calculated fs for 2: [J@58660a9
calculated fs for 2: [J@58660a9
calculated fs for 2: [J@58660a9
calculated fs for 2: [J@58660a9
calculated fs for 2: [J@58660a9
calculated fs for 2: [J@58660a9
calculated fs for 2: [J@58660a9
calculated fs for 2: [J@58660a9
calculated fs for 2: [J@58660a9
calculated fs for 2: [J@58660a9
calculated fs for 2: [J@58660a9
calculated fs for 2: [J@58660a9
calculated fs for 2: [J@58660a9
calculated fs for 2: [J@58660a9
calculated fs for 2: [J@58660a9
calculated fs for 2: [J@58660a9
calculated fs for 2: [J@58660a9
calculated fs for 2: [J@58660a9
calculated fs for 2: [J@58660a9
calculated fs for 2: [J@58660a9
calculated fs for 2: [J@58660a9
calculated fs for 2: [J@58660a9
calculated fs for 2: [J@58660a9
calculated fs for 2: [J@58660a9
calculated fs for 2: [J@58660a9
calculated fs for 2: [J@58660a9
calculated fs for 2: [J@58660a9
calculated fs for 2: [J@58660a9
calculated fs for 2: [J@58660a9
calculated fs for 2: [J@58660a9
calculated fs for 2: [J@58660a9
calculated fs for 2: [J@58660a9
calculated fs for 2: [J@58660a9
calculated fs for 2: [J@58660a9
calculated fs for 2: [J@58660a9
calculated fs for 2: [J@58660a9
calculated fs for 2: [J@58660a9
calculated fs for 2: [J@58660a9
calculated fs for 2: [J@58660a9
calculated fs for 2: [J@58660a9
calculated fs for 2: [J@58660a9
calculated fs for 2: [J@58660a9
calculated fs for 2: [J@58660a9
calculated fs for 2: [J@58660a9
calculated fs for 2: [J@58660a9
calculated fs for 2: [J@58660a9
calculated fs for 2: [J@58660a9
calculated fs for 2: [J@58660a9
calculated fs for 2: [J@58660a9
calculated fs for 2: [J@58660a9
calculated fs for 2: [J@58660a9
calculated fs for 2: [J@58660a9
calculated fs for 2: [J@58660a9
calculated fs for 2: [J@58660a9
calculated fs for 2: [J@58660a9
calculated fs for 2: [J@58660a9
calculated fs for 2: [J@58660a9
calculated fs for 2: [J@58660a9
calculated fs for 2: [J@58660a9
calculated fs for 2: [J@58660a9
calculated fs for 2: [J@58660a9
calculated fs for 2: [J@58660a9
calculated fs for 2: [J@58660a9
calculated fs for 2: [J@58660a9
calculated fs for 2: [J@58660a9
calculated fs for 2: [J@58660a9
calculated fs for 2: [J@58660a9
calculated fs for 2: [J@58660a9
calculated fs for 2: [J@58660a9
calculated fs for 2: [J@58660a9
calculated fs for 2: [J@58660a9
calculated fs for 2: [J@58660a9
calculated fs for 2: [J@58660a9
calculated fs for 2: [J@58660a9
calculated fs for 2: [J@58660a9
calculated fs for 2: [J@58660a9
calculated fs for 2: [J@58660a9
calculated fs for 2: [J@58660a9
calculated fs for 2: [J@58660a9
calculated fs for 2: [J@58660a9
calculated fs for 2: [J@58660a9
calculated fs for 2: [J@58660a9
calculated fs for 2: [J@58660a9
calculated fs for 2: [J@58660a9
calculated fs for 2: [J@58660a9
calculated fs for 2: [J@58660a9
calculated fs for 2: [J@58660a9
calculated fs for 2: [J@58660a9
calculated fs for 2: [J@58660a9
calculated fs for 2: [J@58660a9
calculated fs for 2: [J@58660a9
calculated fs for 2: [J@58660a9
calculated fs for 2: [J@58660a9
calculated fs for 2: [J@58660a9
calculated fs for 2: [J@58660a9
calculated fs for 2: [J@58660a9
calculated fs for 2: [J@58660a9
calculated fs for 2: [J@58660a9
calculated fs for 2: [J@58660a9
calculated fs for 2: [J@58660a9
calculated fs for 2: [J@58660a9
calculated fs for 2: [J@58660a9
calculated fs for 2: [J@58660a9
calculated fs for 2: [J@58660a9
calculated fs for 2: [J@58660a9
calculated fs for 2: [J@58660a9
calculated fs for 2: [J@58660a9
calculated fs for 2: [J@58660a9
calculated fs for 2: [J@58660a9
calculated fs for 2: [J@58660a9
calculated fs for 2: [J@58660a9
calculated fs for 2: [J@58660a9
calculated fs for 2: [J@58660a9
calculated fs for 2: [J@58660a9
calculated fs for 2: [J@58660a9
calculated fs for 2: [J@58660a9
calculated fs for 2: [J@58660a9
calculated fs for 2: [J@58660a9
calculated fs for 2: [J@58660a9
calculated fs for 2: [J@58660a9
calculated fs for 2: [J@58660a9
calculated fs for 2: [J@58660a9
calculated fs for 2: [J@58660a9
calculated fs for 2: [J@58660a9
calculated fs for 2: [J@58660a9
calculated fs for 2: [J@58660a9
calculated fs for 2: [J@58660a9
calculated fs for 2: [J@58660a9
calculated fs for 2: [J@58660a9
calculated fs for 2: [J@58660a9
calculated fs for 2: [J@58660a9
calculated fs for 2: [J@58660a9
calculated fs for 2: [J@58660a9
calculated fs for 2: [J@58660a9
calculated fs for 2: [J@58660a9
calculated fs for 2: [J@58660a9
calculated fs for 2: [J@58660a9
calculated fs for 2: [J@58660a9
calculated fs for 2: [J@58660a9
calculated fs for 2: [J@58660a9
calculated fs for 2: [J@58660a9
calculated fs for 2: [J@58660a9
calculated fs for 2: [J@58660a9
calculated fs for 2: [J@58660a9
calculated fs for 2: [J@58660a9
calculated fs for 2: [J@58660a9
calculated fs for 2: [J@58660a9
calculated fs for 2: [J@58660a9
calculated fs for 2: [J@58660a9
calculated fs for 2: [J@58660a9
calculated fs for 2: [J@58660a9
calculated fs for 2: [J@58660a9
calculated fs for 2: [J@58660a9
calculated fs for 2: [J@58660a9
calculated fs for 2: [J@58660a9
calculated fs for 2: [J@58660a9
calculated fs for 2: [J@58660a9
calculated fs for 2: [J@58660a9
calculated fs for 2: [J@58660a9
calculated fs for 2: [J@58660a9
calculated fs for 2: [J@58660a9
calculated fs for 2: [J@58660a9
calculated fs for 2: [J@58660a9
calculated fs for 2: [J@58660a9
calculated fs for 2: [J@58660a9
calculated fs for 2: [J@58660a9
calculated fs for 2: [J@58660a9
calculated fs for 2: [J@58660a9
calculated fs for 2: [J@58660a9
calculated fs for 2: [J@58660a9
calculated fs for 2: [J@58660a9
calculated fs for 2: [J@58660a9
calculated fs for 2: [J@58660a9
calculated fs for 2: [J@58660a9
calculated fs for 2: [J@58660a9
calculated fs for 2: [J@58660a9
calculated fs for 2: [J@58660a9
calculated fs for 2: [J@58660a9
calculated fs for 2: [J@58660a9
calculated fs for 2: [J@58660a9
calculated fs for 2: [J@58660a9
calculated fs for 2: [J@58660a9
calculated fs for 2: [J@58660a9
calculated fs for 2: [J@58660a9
calculated fs for 2: [J@58660a9
calculated fs for 2: [J@58660a9
calculated fs for 2: [J@58660a9
calculated fs for 2: [J@58660a9
calculated fs for 2: [J@58660a9
calculated fs for 2: [J@58660a9
calculated fs for 2: [J@58660a9
calculated fs for 2: [J@58660a9
calculated fs for 2: [J@58660a9
calculated fs for 2: [J@58660a9
calculated fs for 2: [J@58660a9
calculated fs for 2: [J@58660a9
calculated fs for 2: [J@58660a9
calculated fs for 2: [J@58660a9
calculated fs for 2: [J@58660a9
calculated fs for 2: [J@58660a9
calculated fs for 2: [J@58660a9
calculated fs for 2: [J@58660a9
calculated nfs for 0: [J@3933fa14
calculated nfs for 0: [J@3933fa14
calculated nfs for 1: [J@3675463
calculated nfs for 1: [J@3675463
calculated nfs for 2: [J@74d53153
calculated nfs for 2: [J@74d53153
calculated iMatrix for 1, 0, 0, 0: -0.12008973739692219
calculated iMatrix for 1, 0, 0, 1: 1.0320112362221736
calculated iMatrix for 1, 0, 0, 2: 0.0715492860348812
calculated iMatrix for 1, 0, 0, 3: -0.014233066928620086
calculated iMatrix for 1, 0, 0, 4: -0.19531315863450982
calculated iMatrix for 1, 0, 0, 5: 0.1023647131664629
calculated iMatrix for 1, 0, 0, 6: 0.06507677152926361
calculated iMatrix for 1, 0, 0, 7: 0.3752316998331032
calculated iMatrix for 1, 0, 0, 8: -0.05376390568525519
calculated iMatrix for 1, 0, 0, 9: 0.08754962738132233
calculated iMatrix for 1, 0, 0, 10: 0.11286743536561222
calculated iMatrix for 1, 0, 0, 11: -0.31791548072684206
calculated iMatrix for 1, 0, 0, 12: 0.2526293777407708
calculated iMatrix for 1, 0, 0, 13: -0.3719827019971179
calculated iMatrix for 1, 0, 0, 14: -0.18438408810231954
calculated iMatrix for 1, 0, 0, 15: -0.33942168594780575
calculated iMatrix for 1, 0, 0, 16: -0.06198210658964137
calculated iMatrix for 1, 0, 0, 17: 0.01855675589437078
calculated iMatrix for 1, 0, 0, 18: -0.31791548072684206
calculated iMatrix for 1, 0, 0, 19: -0.2666221863392916
calculated iMatrix for 1, 0, 1, 0: -0.18870374924683586
calculated iMatrix for 1, 0, 1, 1: -0.39795818840037844
calculated iMatrix for 1, 0, 1, 2: 0.004857911536208959
calculated iMatrix for 1, 0, 1, 3: 0.198300991674025
calculated iMatrix for 1, 0, 1, 4: 0.24739832832321834
calculated iMatrix for 1, 0, 1, 5: 0.0531482006639899
calculated iMatrix for 1, 0, 1, 6: -0.31791548072684206
calculated iMatrix for 1, 0, 1, 7: -0.06008637142474227
calculated iMatrix for 1, 0, 1, 8: 0.7181764509599337
calculated iMatrix for 1, 0, 1, 9: 0.12677034053460362
calculated iMatrix for 1, 0, 1, 10: 0.15208814851889352
calculated iMatrix for 1, 0, 1, 11: -0.2897446037601459
calculated iMatrix for 1, 0, 1, 12: -0.1713120065349667
calculated iMatrix for 1, 0, 1, 13: 0.10329798434946141
calculated iMatrix for 1, 0, 1, 14: 0.21488904975792386
calculated iMatrix for 1, 0, 1, 15: -0.0861138666695177
calculated iMatrix for 1, 0, 1, 16: -0.11312106808082883
calculated iMatrix for 1, 0, 1, 17: -0.2984973948697406
calculated iMatrix for 1, 0, 1, 18: 0.22108102000584487
calculated iMatrix for 1, 0, 1, 19: 0.12391727155219717
calculated iMatrix for 1, 0, 2, 0: -0.8775312686622648
calculated iMatrix for 1, 0, 2, 1: 0.14343008577577893
calculated iMatrix for 1, 0, 2, 2: -0.020081036811043174
calculated iMatrix for 1, 0, 2, 3: -0.18438408810231954
calculated iMatrix for 1, 0, 2, 4: -0.4232759963846684
calculated iMatrix for 1, 0, 2, 5: 0.09897832320494498
calculated iMatrix for 1, 0, 2, 6: -0.623297130278024
calculated iMatrix for 1, 0, 2, 7: 0.5355743499082827
calculated iMatrix for 1, 0, 2, 8: -0.11027611594859754
calculated iMatrix for 1, 0, 2, 9: 0.2380305783196182
calculated iMatrix for 1, 0, 2, 10: -0.030233408275061213
calculated iMatrix for 1, 0, 2, 11: 0.03875946321189033
calculated iMatrix for 1, 0, 2, 12: 0.3752316998331032
calculated iMatrix for 1, 0, 2, 13: -0.047625150986930376
calculated iMatrix for 1, 0, 2, 14: -0.2638482594565663
calculated iMatrix for 1, 0, 2, 15: -0.1355939239328875
calculated iMatrix for 1, 0, 2, 16: 0.10860303657915465
calculated iMatrix for 1, 0, 2, 17: 0.5730574431630231
calculated iMatrix for 1, 0, 2, 18: 2.1669911690611583
calculated iMatrix for 1, 0, 2, 19: 0.046727632861067125
calculated iMatrix for 1, 0, 3, 0: 0.296760084391608
calculated iMatrix for 1, 0, 3, 1: 0.32393840544555264
calculated iMatrix for 1, 0, 3, 2: -0.19728749293822734
calculated iMatrix for 1, 0, 3, 3: -0.19728749293822734
calculated iMatrix for 1, 0, 3, 4: 0.3752316998331032
calculated iMatrix for 1, 0, 3, 5: -0.43569851638322554
calculated iMatrix for 1, 0, 3, 6: 0.11286743536561222
calculated iMatrix for 1, 0, 3, 7: -0.12686024396413287
calculated iMatrix for 1, 0, 3, 8: -0.17815353835168346
calculated iMatrix for 1, 0, 3, 9: 0.08754962738132233
calculated iMatrix for 1, 0, 3, 10: 0.4552744075066396
calculated iMatrix for 1, 0, 3, 11: -0.4479686089750399
calculated iMatrix for 1, 0, 3, 12: 0.29518899215956684
calculated iMatrix for 1, 0, 3, 13: -0.4514468733513647
calculated iMatrix for 1, 0, 3, 14: 0.07798017636517163
calculated iMatrix for 1, 0, 3, 15: -0.3869083522137935
calculated iMatrix for 1, 0, 3, 16: -0.1528357303673935
calculated iMatrix for 1, 0, 3, 17: 0.670031240053748
calculated iMatrix for 1, 0, 3, 18: 0.8452353290788388
calculated iMatrix for 1, 0, 3, 19: 0.03875946321189033
calculated iMatrix for 1, 0, 4, 0: 0.08754962738132233
calculated iMatrix for 1, 0, 4, 1: 0.6375959643005943
calculated iMatrix for 1, 0, 4, 2: -0.3453144549149565
calculated iMatrix for 1, 0, 4, 3: -0.31791548072684206
calculated iMatrix for 1, 0, 4, 4: 0.2500685568790972
calculated iMatrix for 1, 0, 4, 5: -0.06826080386430045
calculated iMatrix for 1, 0, 4, 6: 0.44933967198682506
calculated iMatrix for 1, 0, 4, 7: -0.33942168594780575
calculated iMatrix for 1, 0, 4, 8: -0.45511660224032713
calculated iMatrix for 1, 0, 4, 9: 0.08754962738132233
calculated iMatrix for 1, 0, 4, 10: -1.071687283103222
calculated iMatrix for 1, 0, 4, 11: -0.5051270228149886
calculated iMatrix for 1, 0, 4, 12: 0.3326720854143073
calculated iMatrix for 1, 0, 4, 13: 0.3146070780166684
calculated iMatrix for 1, 0, 4, 14: 5.382503916925296E-4
calculated iMatrix for 1, 0, 4, 15: 0.39992431242347465
calculated iMatrix for 1, 0, 4, 16: -0.21255496506901572
calculated iMatrix for 1, 0, 4, 17: 0.03039121354137375
calculated iMatrix for 1, 0, 4, 18: 0.3752316998331032
calculated iMatrix for 1, 0, 4, 19: 0.16759233505485874
calculated iMatrix for 1, 0, 5, 0: -0.16999535065021987
calculated iMatrix for 1, 0, 5, 1: 0.2918500908940522
calculated iMatrix for 1, 0, 5, 2: -0.15086139606367588
calculated iMatrix for 1, 0, 5, 3: 0.16759233505485874
calculated iMatrix for 1, 0, 5, 4: 0.3287116841982104
calculated iMatrix for 1, 0, 5, 5: -0.0020625313083648122
calculated iMatrix for 1, 0, 5, 6: 0.23213085619242993
calculated iMatrix for 1, 0, 5, 7: 0.25387084282883576
calculated iMatrix for 1, 0, 5, 8: -0.4415294366940187
calculated iMatrix for 1, 0, 5, 9: 0.3752316998331032
calculated iMatrix for 1, 0, 5, 10: 0.05677796871456864
calculated iMatrix for 1, 0, 5, 11: -0.24729791351288866
calculated iMatrix for 1, 0, 5, 12: 0.08754962738132233
calculated iMatrix for 1, 0, 5, 13: 0.22108102000584487
calculated iMatrix for 1, 0, 5, 14: -0.5410590320410518
calculated iMatrix for 1, 0, 5, 15: 0.2417003072085806
calculated iMatrix for 1, 0, 5, 16: -0.11724478526469084
calculated iMatrix for 1, 0, 5, 17: -0.1790790358726262
calculated iMatrix for 1, 0, 5, 18: -0.8775312686622648
calculated iMatrix for 1, 0, 5, 19: 0.08754962738132233
calculated iMatrix for 1, 0, 6, 0: -0.21255496506901572
calculated iMatrix for 1, 0, 6, 1: -0.18438408810231954
calculated iMatrix for 1, 0, 6, 2: -0.31791548072684206
calculated iMatrix for 1, 0, 6, 3: 0.1774059565031833
calculated iMatrix for 1, 0, 6, 4: 0.08754962738132233
calculated iMatrix for 1, 0, 6, 5: 0.055064172236833964
calculated iMatrix for 1, 0, 6, 6: 0.5759023952952544
calculated iMatrix for 1, 0, 6, 7: -0.030233408275061213
calculated iMatrix for 1, 0, 6, 8: 0.3752316998331032
calculated iMatrix for 1, 0, 6, 9: -0.20928163972404668
calculated iMatrix for 1, 0, 6, 10: -0.6363692118453766
calculated iMatrix for 1, 0, 6, 11: 0.07896588368993085
calculated iMatrix for 1, 0, 6, 12: 0.8677081849308974
calculated iMatrix for 1, 0, 6, 13: -0.35565580870968916
calculated iMatrix for 1, 0, 6, 14: -0.28806251757716095
calculated iMatrix for 1, 0, 6, 15: 0.3752316998331032
calculated iMatrix for 1, 0, 6, 16: -0.2607570668868935
calculated iMatrix for 1, 0, 6, 17: -0.4560658192076592
calculated iMatrix for 1, 0, 6, 18: 0.7806968079412676
calculated iMatrix for 1, 0, 6, 19: 0.07295082796016955
calculated iMatrix for 1, 0, 7, 0: 0.09824491649807027
calculated iMatrix for 1, 0, 7, 1: -1.521888285052778
calculated iMatrix for 1, 0, 7, 2: 0.5828710646113477
calculated iMatrix for 1, 0, 7, 3: -0.10169237225720607
calculated iMatrix for 1, 0, 7, 4: -0.10434138042878299
calculated iMatrix for 1, 0, 7, 5: 0.6936854309516378
calculated iMatrix for 1, 0, 7, 6: -0.28154783655596727
calculated iMatrix for 1, 0, 7, 7: -1.18874383852424
calculated iMatrix for 1, 0, 7, 8: 0.06985005028192132
calculated iMatrix for 1, 0, 7, 9: -0.737769326287106
calculated iMatrix for 1, 0, 7, 10: -0.5410590320410518
calculated iMatrix for 1, 0, 7, 11: 0.5087630924576259
calculated iMatrix for 1, 0, 7, 12: 0.839537307964201
calculated iMatrix for 1, 0, 7, 13: -0.12120518648078776
calculated iMatrix for 1, 0, 7, 14: 0.12837162190157744
calculated iMatrix for 1, 0, 7, 15: -0.012533831175660204
calculated iMatrix for 1, 0, 7, 16: -0.12260672840607639
calculated iMatrix for 1, 0, 7, 17: -0.360475095145638
calculated iMatrix for 1, 0, 7, 18: 0.8452353290788388
calculated iMatrix for 1, 0, 7, 19: -0.4938061471905062
calculated iMatrix for 1, 0, 8, 0: NaN
calculated iMatrix for 1, 0, 8, 1: -5.072280098604165E-4
calculated iMatrix for 1, 0, 8, 2: NaN
calculated iMatrix for 1, 0, 8, 3: NaN
calculated iMatrix for 1, 0, 8, 4: NaN
calculated iMatrix for 1, 0, 8, 5: NaN
calculated iMatrix for 1, 0, 8, 6: NaN
calculated iMatrix for 1, 0, 8, 7: NaN
calculated iMatrix for 1, 0, 8, 8: NaN
calculated iMatrix for 1, 0, 8, 9: NaN
calculated iMatrix for 1, 0, 8, 10: NaN
calculated iMatrix for 1, 0, 8, 11: NaN
calculated iMatrix for 1, 0, 8, 12: NaN
calculated iMatrix for 1, 0, 8, 13: NaN
calculated iMatrix for 1, 0, 8, 14: NaN
calculated iMatrix for 1, 0, 8, 15: NaN
calculated iMatrix for 1, 0, 8, 16: NaN
calculated iMatrix for 1, 0, 8, 17: NaN
calculated iMatrix for 1, 0, 8, 18: NaN
calculated iMatrix for 1, 0, 8, 19: NaN
calculated iMatrix for 1, 0, 9, 0: 0.15208814851889352
calculated iMatrix for 1, 0, 9, 1: -0.6662221749950578
calculated iMatrix for 1, 0, 9, 2: -0.0168103879429205
calculated iMatrix for 1, 0, 9, 3: -0.7733910094096678
calculated iMatrix for 1, 0, 9, 4: -0.8775312686622648
calculated iMatrix for 1, 0, 9, 5: 0.8092701803853236
calculated iMatrix for 1, 0, 9, 6: 0.47531515839008587
calculated iMatrix for 1, 0, 9, 7: -0.2607570668868935
calculated iMatrix for 1, 0, 9, 8: -0.29124723364468086
calculated iMatrix for 1, 0, 9, 9: -0.5647755586583679
calculated iMatrix for 1, 0, 9, 10: -0.1355939239328875
calculated iMatrix for 1, 0, 9, 11: 0.06507677152926361
calculated iMatrix for 1, 0, 9, 12: 2.3368902058565557
calculated iMatrix for 1, 0, 9, 13: -0.5051270228149886
calculated iMatrix for 1, 0, 9, 14: -0.1575728306516626
calculated iMatrix for 1, 0, 9, 15: 0.14161684865159802
calculated iMatrix for 1, 0, 9, 16: -0.04166210409868393
calculated iMatrix for 1, 0, 9, 17: -0.6856402608521596
calculated iMatrix for 1, 0, 9, 18: -1.0110626612867875
calculated iMatrix for 1, 0, 9, 19: -0.9793139629722071
calculated iMatrix for 1, 0, 10, 0: -0.25122410622816993
calculated iMatrix for 1, 0, 10, 1: -0.1355939239328875
calculated iMatrix for 1, 0, 10, 2: 0.08754962738132233
calculated iMatrix for 1, 0, 10, 3: -0.09922627976201259
calculated iMatrix for 1, 0, 10, 4: -0.12120518648078776
calculated iMatrix for 1, 0, 10, 5: 0.26400606472287885
calculated iMatrix for 1, 0, 10, 6: 0.12391727155219717
calculated iMatrix for 1, 0, 10, 7: -0.06008637142474227
calculated iMatrix for 1, 0, 10, 8: -0.31791548072684206
calculated iMatrix for 1, 0, 10, 9: -0.3931389019644296
calculated iMatrix for 1, 0, 10, 10: -0.3869083522137935
calculated iMatrix for 1, 0, 10, 11: 0.44422457132005466
calculated iMatrix for 1, 0, 10, 12: 1.1443647873709706
calculated iMatrix for 1, 0, 10, 13: -0.6745904246655746
calculated iMatrix for 1, 0, 10, 14: -0.3453144549149565
calculated iMatrix for 1, 0, 10, 15: 0.3011237276793814
calculated iMatrix for 1, 0, 10, 16: 0.11286743536561222
calculated iMatrix for 1, 0, 10, 17: -0.6315730395818838
calculated iMatrix for 1, 0, 10, 18: 0.5575532566270578
calculated iMatrix for 1, 0, 10, 19: 0.5149936422082618
calculated iMatrix for 1, 0, 11, 0: -0.18438408810231954
calculated iMatrix for 1, 0, 11, 1: 1.3067899038380468
calculated iMatrix for 1, 0, 11, 2: 0.23213085619242993
calculated iMatrix for 1, 0, 11, 3: -0.2666221863392916
calculated iMatrix for 1, 0, 11, 4: 5.382503916925296E-4
calculated iMatrix for 1, 0, 11, 5: 0.48443099179809523
calculated iMatrix for 1, 0, 11, 6: -0.19531315863450982
calculated iMatrix for 1, 0, 11, 7: 0.08754962738132233
calculated iMatrix for 1, 0, 11, 8: -0.40247286875490507
calculated iMatrix for 1, 0, 11, 9: -0.7642025833552616
calculated iMatrix for 1, 0, 11, 10: -0.7233805888350066
calculated iMatrix for 1, 0, 11, 11: 0.2767916270198507
calculated iMatrix for 1, 0, 11, 12: 0.4521927409692316
calculated iMatrix for 1, 0, 11, 13: -0.3587374752470972
calculated iMatrix for 1, 0, 11, 14: -0.11027611594859754
calculated iMatrix for 1, 0, 11, 15: 0.4217517154679961
calculated iMatrix for 1, 0, 11, 16: 0.31069317869553204
calculated iMatrix for 1, 0, 11, 17: -0.3587374752470972
calculated iMatrix for 1, 0, 11, 18: -0.8034232965085429
calculated iMatrix for 1, 0, 11, 19: -0.8485437317890124
calculated iMatrix for 1, 0, 12, 0: 0.1961834683841178
calculated iMatrix for 1, 0, 12, 1: -0.07105540279531625
calculated iMatrix for 1, 0, 12, 2: 0.25744866417671974
calculated iMatrix for 1, 0, 12, 3: 0.09759996323482373
calculated iMatrix for 1, 0, 12, 4: -0.24380750857312028
calculated iMatrix for 1, 0, 12, 5: -0.23502782092107444
calculated iMatrix for 1, 0, 12, 6: 0.20087831268832543
calculated iMatrix for 1, 0, 12, 7: -0.012533831175660204
calculated iMatrix for 1, 0, 12, 8: -0.12787187783897724
calculated iMatrix for 1, 0, 12, 9: -0.5167663394720072
calculated iMatrix for 1, 0, 12, 10: 0.13406964301621513
calculated iMatrix for 1, 0, 12, 11: -0.3453144549149565
calculated iMatrix for 1, 0, 12, 12: 0.06507677152926361
calculated iMatrix for 1, 0, 12, 13: -0.17481463708616884
calculated iMatrix for 1, 0, 12, 14: 0.05677796871456864
calculated iMatrix for 1, 0, 12, 15: 0.1575082159882327
calculated iMatrix for 1, 0, 12, 16: 0.19934103336943906
calculated iMatrix for 1, 0, 12, 17: 0.22569996586213953
calculated iMatrix for 1, 0, 12, 18: 0.27992152002877835
calculated iMatrix for 1, 0, 12, 19: 0.14161684865159802
calculated iMatrix for 1, 0, 13, 0: 0.3344097053128481
calculated iMatrix for 1, 0, 13, 1: 0.25744866417671974
calculated iMatrix for 1, 0, 13, 2: -0.19008210921695712
calculated iMatrix for 1, 0, 13, 3: -0.3869083522137935
calculated iMatrix for 1, 0, 13, 4: 0.13884292176887283
calculated iMatrix for 1, 0, 13, 5: -0.22482505766083005
calculated iMatrix for 1, 0, 13, 6: 0.3752316998331032
calculated iMatrix for 1, 0, 13, 7: 0.13406964301621513
calculated iMatrix for 1, 0, 13, 8: 0.12837162190157744
calculated iMatrix for 1, 0, 13, 9: 0.10079485413134293
calculated iMatrix for 1, 0, 13, 10: 0.03875946321189033
calculated iMatrix for 1, 0, 13, 11: -0.47206616055410044
calculated iMatrix for 1, 0, 13, 12: -0.1435620935820643
calculated iMatrix for 1, 0, 13, 13: -0.24380750857312028
calculated iMatrix for 1, 0, 13, 14: 0.16759233505485874
calculated iMatrix for 1, 0, 13, 15: -0.15361242943556574
calculated iMatrix for 1, 0, 13, 16: 0.12033945020431319
calculated iMatrix for 1, 0, 13, 17: 0.3505390872427317
calculated iMatrix for 1, 0, 13, 18: -0.8287411044928329
calculated iMatrix for 1, 0, 13, 19: 0.08754962738132233
calculated iMatrix for 1, 0, 14, 0: -0.08260139379237708
calculated iMatrix for 1, 0, 14, 1: 1.3560609528448295
calculated iMatrix for 1, 0, 14, 2: -0.5146257749728963
calculated iMatrix for 1, 0, 14, 3: -0.030233408275061213
calculated iMatrix for 1, 0, 14, 4: -0.17481463708616884
calculated iMatrix for 1, 0, 14, 5: -0.11027611594859754
calculated iMatrix for 1, 0, 14, 6: 0.6853866281369427
calculated iMatrix for 1, 0, 14, 7: -0.07675342390995404
calculated iMatrix for 1, 0, 14, 8: -0.6662221749950578
calculated iMatrix for 1, 0, 14, 9: -0.050852695477796916
calculated iMatrix for 1, 0, 14, 10: -0.31791548072684206
calculated iMatrix for 1, 0, 14, 11: 0.198300991674025
calculated iMatrix for 1, 0, 14, 12: -0.012533831175660204
calculated iMatrix for 1, 0, 14, 13: 0.23213085619242993
calculated iMatrix for 1, 0, 14, 14: 0.8760069877455924
calculated iMatrix for 1, 0, 14, 15: 0.059378750414625925
calculated iMatrix for 1, 0, 14, 16: -0.47206616055410044
calculated iMatrix for 1, 0, 14, 17: 0.11572050434801867
calculated iMatrix for 1, 0, 14, 18: 0.9813675034034187
calculated iMatrix for 1, 0, 14, 19: -0.31791548072684206
calculated iMatrix for 1, 0, 15, 0: 0.32976932575634593
calculated iMatrix for 1, 0, 15, 1: 0.23213085619242993
calculated iMatrix for 1, 0, 15, 2: -0.31791548072684206
calculated iMatrix for 1, 0, 15, 3: -0.030233408275061213
calculated iMatrix for 1, 0, 15, 4: 0.10329798434946141
calculated iMatrix for 1, 0, 15, 5: -0.2889279438535899
calculated iMatrix for 1, 0, 15, 6: 5.382503916925296E-4
calculated iMatrix for 1, 0, 15, 7: -0.18438408810231954
calculated iMatrix for 1, 0, 15, 8: 0.2767916270198507
calculated iMatrix for 1, 0, 15, 9: 0.016286607359831673
calculated iMatrix for 1, 0, 15, 10: -0.06660105244593595
calculated iMatrix for 1, 0, 15, 11: 0.07512710738276507
calculated iMatrix for 1, 0, 15, 12: -0.515741224056762
calculated iMatrix for 1, 0, 15, 13: -0.07105540279531625
calculated iMatrix for 1, 0, 15, 14: -0.06660105244593595
calculated iMatrix for 1, 0, 15, 15: 0.32976932575634593
calculated iMatrix for 1, 0, 15, 16: 0.3752316998331032
calculated iMatrix for 1, 0, 15, 17: -0.2584920602560413
calculated iMatrix for 1, 0, 15, 18: 0.05677796871456864
calculated iMatrix for 1, 0, 15, 19: -0.3587374752470972
calculated iMatrix for 1, 0, 16, 0: 0.014218354295772728
calculated iMatrix for 1, 0, 16, 1: 0.17456100437095212
calculated iMatrix for 1, 0, 16, 2: 0.07798017636517163
calculated iMatrix for 1, 0, 16, 3: 0.034305112862510034
calculated iMatrix for 1, 0, 16, 4: 0.184176463070394
calculated iMatrix for 1, 0, 16, 5: 0.08754962738132233
calculated iMatrix for 1, 0, 16, 6: 0.13406964301621513
calculated iMatrix for 1, 0, 16, 7: -0.2504741999313096
calculated iMatrix for 1, 0, 16, 8: -0.030233408275061213
calculated iMatrix for 1, 0, 16, 9: -0.12932431091929208
calculated iMatrix for 1, 0, 16, 10: 0.3752316998331032
calculated iMatrix for 1, 0, 16, 11: 0.03228694870627291
calculated iMatrix for 1, 0, 16, 12: 0.19291014303914863
calculated iMatrix for 1, 0, 16, 13: -0.11431652548560256
calculated iMatrix for 1, 0, 16, 14: -0.010430780978881393
calculated iMatrix for 1, 0, 16, 15: -0.020663957258910348
calculated iMatrix for 1, 0, 16, 16: -0.46309749057134
calculated iMatrix for 1, 0, 16, 17: -0.1575728306516626
calculated iMatrix for 1, 0, 16, 18: 0.8452353290788388
calculated iMatrix for 1, 0, 16, 19: 0.10329798434946141
calculated iMatrix for 1, 1, 0, 0: 0.12406443971845071
calculated iMatrix for 1, 1, 0, 1: -0.34317802808595677
calculated iMatrix for 1, 1, 0, 2: -0.5641687260390654
calculated iMatrix for 1, 1, 0, 3: -0.022706132811184943
calculated iMatrix for 1, 1, 0, 4: 0.09507690284519854
calculated iMatrix for 1, 1, 0, 5: -0.28791534941090735
calculated iMatrix for 1, 1, 0, 6: 0.31822045415940825
calculated iMatrix for 1, 1, 0, 7: -0.638892272235002
calculated iMatrix for 1, 1, 0, 8: 0.29987131549121177
calculated iMatrix for 1, 1, 0, 9: -0.18715556483901785
calculated iMatrix for 1, 1, 0, 10: -0.038454489779324086
calculated iMatrix for 1, 1, 0, 11: 0.3574411673126896
calculated iMatrix for 1, 1, 0, 12: 0.2446086368161623
calculated iMatrix for 1, 1, 0, 13: 0.5005420109533629
calculated iMatrix for 1, 1, 0, 14: 0.14914412411547429
calculated iMatrix for 1, 1, 0, 15: 0.2621309875083647
calculated iMatrix for 1, 1, 0, 16: -0.1016333914008557
calculated iMatrix for 1, 1, 0, 17: -0.017401080581491812
calculated iMatrix for 1, 1, 0, 18: -0.31038820526296595
calculated iMatrix for 1, 1, 0, 19: 0.29574759830734976
calculated iMatrix for 1, 1, 1, 0: 0.02838552834652619
calculated iMatrix for 1, 1, 1, 1: -0.06744202665257637
calculated iMatrix for 1, 1, 1, 2: 0.17845851178424954
calculated iMatrix for 1, 1, 1, 3: 0.37048888270516517
calculated iMatrix for 1, 1, 1, 4: -0.28221732829626955
calculated iMatrix for 1, 1, 1, 5: -0.12806664846901117
calculated iMatrix for 1, 1, 1, 6: 0.09507690284519854
calculated iMatrix for 1, 1, 1, 7: -0.31038820526296595
calculated iMatrix for 1, 1, 1, 8: -0.44044133351116377
calculated iMatrix for 1, 1, 1, 9: -0.04307343563561861
calculated iMatrix for 1, 1, 1, 10: 0.09507690284519854
calculated iMatrix for 1, 1, 1, 11: 0.12324777981189472
calculated iMatrix for 1, 1, 1, 12: -0.059073776982059845
calculated iMatrix for 1, 1, 1, 13: -0.34675584943384063
calculated iMatrix for 1, 1, 1, 14: 0.21285993850158202
calculated iMatrix for 1, 1, 1, 15: 0.15450032331599928
calculated iMatrix for 1, 1, 1, 16: 0.29987131549121177
calculated iMatrix for 1, 1, 1, 17: 0.17203794398132688
calculated iMatrix for 1, 1, 1, 18: -0.022706132811184943
calculated iMatrix for 1, 1, 1, 19: -0.5467769833271964
calculated iMatrix for 1, 1, 2, 0: -0.04468503952996017
calculated iMatrix for 1, 1, 2, 1: 0.31822045415940825
calculated iMatrix for 1, 1, 2, 2: -0.035951359561205654
calculated iMatrix for 1, 1, 2, 3: -0.004013999799032386
calculated iMatrix for 1, 1, 2, 4: -0.7803918345087014
calculated iMatrix for 1, 1, 2, 5: -0.23342716412683762
calculated iMatrix for 1, 1, 2, 6: 0.31822045415940825
calculated iMatrix for 1, 1, 2, 7: -0.477442289926132
calculated iMatrix for 1, 1, 2, 8: 0.5650805320909341
calculated iMatrix for 1, 1, 2, 9: -0.40391426327378943
calculated iMatrix for 1, 1, 2, 10: -0.059073776982059845
calculated iMatrix for 1, 1, 2, 11: 0.2416803770370739
calculated iMatrix for 1, 1, 2, 12: 0.010519514817135533
calculated iMatrix for 1, 1, 2, 13: -2.332769591263384E-4
calculated iMatrix for 1, 1, 2, 14: -0.10274884048472144
calculated iMatrix for 1, 1, 2, 15: 0.22369428066729202
calculated iMatrix for 1, 1, 2, 16: 0.16653586682734356
calculated iMatrix for 1, 1, 2, 17: 0.052517288426402575
calculated iMatrix for 1, 1, 2, 18: -Infinity
calculated iMatrix for 1, 1, 2, 19: -0.048023940795474784
calculated iMatrix for 1, 1, 3, 0: -0.39043091293650234
calculated iMatrix for 1, 1, 3, 1: 0.09507690284519854
calculated iMatrix for 1, 1, 3, 2: 0.21570489063381326
calculated iMatrix for 1, 1, 3, 3: -0.3323671119817412
calculated iMatrix for 1, 1, 3, 4: 0.05733657486235144
calculated iMatrix for 1, 1, 3, 5: 0.5564224693478195
calculated iMatrix for 1, 1, 3, 6: -0.038454489779324086
calculated iMatrix for 1, 1, 3, 7: -0.08260427439225382
calculated iMatrix for 1, 1, 3, 8: -0.12806664846901117
calculated iMatrix for 1, 1, 3, 9: -0.12806664846901117
calculated iMatrix for 1, 1, 3, 10: -1.2042060812850623
calculated iMatrix for 1, 1, 3, 11: 0.12039471082948827
calculated iMatrix for 1, 1, 3, 12: -0.15623752543570757
calculated iMatrix for 1, 1, 3, 13: -0.25322979142301716
calculated iMatrix for 1, 1, 3, 14: -0.005006555711783989
calculated iMatrix for 1, 1, 3, 15: 0.32560056145703087
calculated iMatrix for 1, 1, 3, 16: 0.2601566532046471
calculated iMatrix for 1, 1, 3, 17: -0.2781273430447445
calculated iMatrix for 1, 1, 3, 18: -0.9165240088332814
calculated iMatrix for 1, 1, 3, 19: 0.45175184678393093
calculated iMatrix for 1, 1, 4, 0: -0.6118635998470826
calculated iMatrix for 1, 1, 4, 1: -0.36922870528589924
calculated iMatrix for 1, 1, 4, 2: 0.3063859965124055
calculated iMatrix for 1, 1, 4, 3: 0.3499691524739885
calculated iMatrix for 1, 1, 4, 4: -0.898174870165085
calculated iMatrix for 1, 1, 4, 5: 0.45798239653456696
calculated iMatrix for 1, 1, 4, 6: -0.0767733540814608
calculated iMatrix for 1, 1, 4, 7: 0.07357069762423485
calculated iMatrix for 1, 1, 4, 8: 0.42721073786781333
calculated iMatrix for 1, 1, 4, 9: -0.4281712409193493
calculated iMatrix for 1, 1, 4, 10: 0.5005420109533629
calculated iMatrix for 1, 1, 4, 11: 0.5805847186268993
calculated iMatrix for 1, 1, 4, 12: 0.22024004579920453
calculated iMatrix for 1, 1, 4, 13: -0.351210199783221
calculated iMatrix for 1, 1, 4, 14: 0.25759583234297345
calculated iMatrix for 1, 1, 4, 15: -0.261598041093534
calculated iMatrix for 1, 1, 4, 16: -0.348854486090762
calculated iMatrix for 1, 1, 4, 17: -0.21507802545864096
calculated iMatrix for 1, 1, 4, 18: 0.31822045415940825
calculated iMatrix for 1, 1, 4, 19: -0.09213463924294796
calculated iMatrix for 1, 1, 5, 0: -0.27402056109209105
calculated iMatrix for 1, 1, 5, 1: -0.9794378342438507
calculated iMatrix for 1, 1, 5, 2: 0.07357069762423485
calculated iMatrix for 1, 1, 5, 3: -0.17685681263844333
calculated iMatrix for 1, 1, 5, 4: -0.4056983850672907
calculated iMatrix for 1, 1, 5, 5: 0.3401993608781834
calculated iMatrix for 1, 1, 5, 6: 0.041009681574922685
calculated iMatrix for 1, 1, 5, 7: -0.43555134821697183
calculated iMatrix for 1, 1, 5, 8: 0.32869175402670364
calculated iMatrix for 1, 1, 5, 9: -0.348854486090762
calculated iMatrix for 1, 1, 5, 10: -0.8857523501665278
calculated iMatrix for 1, 1, 5, 11: 0.09507690284519854
calculated iMatrix for 1, 1, 5, 12: -0.12806664846901117
calculated iMatrix for 1, 1, 5, 13: -0.2764866535872844
calculated iMatrix for 1, 1, 5, 14: 0.5005420109533629
calculated iMatrix for 1, 1, 5, 15: -0.059073776982059845
calculated iMatrix for 1, 1, 5, 16: 0.29574759830734976
calculated iMatrix for 1, 1, 5, 17: 0.2339133476994144
calculated iMatrix for 1, 1, 5, 18: 1.240209207148201
calculated iMatrix for 1, 1, 5, 19: 0.2446086368161623
calculated iMatrix for 1, 1, 6, 0: -0.6367847898954372
calculated iMatrix for 1, 1, 6, 1: 0.6059025266111893
calculated iMatrix for 1, 1, 6, 2: -0.765124362377913
calculated iMatrix for 1, 1, 6, 3: -0.5290774062277953
calculated iMatrix for 1, 1, 6, 4: 0.2621309875083647
calculated iMatrix for 1, 1, 6, 5: 0.23483884522035714
calculated iMatrix for 1, 1, 6, 6: -0.059073776982059845
calculated iMatrix for 1, 1, 6, 7: 0.3063859965124055
calculated iMatrix for 1, 1, 6, 8: -0.2703828706492667
calculated iMatrix for 1, 1, 6, 9: 0.2942055779555344
calculated iMatrix for 1, 1, 6, 10: 0.6546926907806212
calculated iMatrix for 1, 1, 6, 11: 0.05062514027436471
calculated iMatrix for 1, 1, 6, 12: -0.4534890489036393
calculated iMatrix for 1, 1, 6, 13: -0.18117647378295976
calculated iMatrix for 1, 1, 6, 14: -1.2042060812850623
calculated iMatrix for 1, 1, 6, 15: 0.07357069762423485
calculated iMatrix for 1, 1, 6, 16: 0.2636996152809913
calculated iMatrix for 1, 1, 6, 17: 0.6757460999784535
calculated iMatrix for 1, 1, 6, 18: -0.22337682827333605
calculated iMatrix for 1, 1, 6, 19: 0.3827589752969794
calculated iMatrix for 1, 1, 7, 0: -0.4763733427372271
calculated iMatrix for 1, 1, 7, 1: 1.050588347872635
calculated iMatrix for 1, 1, 7, 2: -0.9063716373692633
calculated iMatrix for 1, 1, 7, 3: 0.03053838170762735
calculated iMatrix for 1, 1, 7, 4: 0.05062514027436471
calculated iMatrix for 1, 1, 7, 5: -0.6998529720246892
calculated iMatrix for 1, 1, 7, 6: 0.02096893069147665
calculated iMatrix for 1, 1, 7, 7: 0.7882240834051438
calculated iMatrix for 1, 1, 7, 8: 0.09507690284519854
calculated iMatrix for 1, 1, 7, 9: 0.32869175402670364
calculated iMatrix for 1, 1, 7, 10: -0.12806664846901117
calculated iMatrix for 1, 1, 7, 11: -0.22337682827333605
calculated iMatrix for 1, 1, 7, 12: -0.6425220402855806
calculated iMatrix for 1, 1, 7, 13: -0.20502768960513962
calculated iMatrix for 1, 1, 7, 14: -0.15275926105938276
calculated iMatrix for 1, 1, 7, 15: 0.17385778069831292
calculated iMatrix for 1, 1, 7, 16: 0.5431016253721589
calculated iMatrix for 1, 1, 7, 17: 0.17845851178424954
calculated iMatrix for 1, 1, 7, 18: -0.022706132811184943
calculated iMatrix for 1, 1, 7, 19: 0.5137872377033835
calculated iMatrix for 1, 1, 8, 0: NaN
calculated iMatrix for 1, 1, 8, 1: 2.622631897652994E-4
calculated iMatrix for 1, 1, 8, 2: NaN
calculated iMatrix for 1, 1, 8, 3: NaN
calculated iMatrix for 1, 1, 8, 4: NaN
calculated iMatrix for 1, 1, 8, 5: NaN
calculated iMatrix for 1, 1, 8, 6: NaN
calculated iMatrix for 1, 1, 8, 7: NaN
calculated iMatrix for 1, 1, 8, 8: NaN
calculated iMatrix for 1, 1, 8, 9: NaN
calculated iMatrix for 1, 1, 8, 10: NaN
calculated iMatrix for 1, 1, 8, 11: NaN
calculated iMatrix for 1, 1, 8, 12: NaN
calculated iMatrix for 1, 1, 8, 13: NaN
calculated iMatrix for 1, 1, 8, 14: NaN
calculated iMatrix for 1, 1, 8, 15: NaN
calculated iMatrix for 1, 1, 8, 16: NaN
calculated iMatrix for 1, 1, 8, 17: NaN
calculated iMatrix for 1, 1, 8, 18: NaN
calculated iMatrix for 1, 1, 8, 19: NaN
calculated iMatrix for 1, 1, 9, 0: -0.16728736162229252
calculated iMatrix for 1, 1, 9, 1: 0.5258598189376529
calculated iMatrix for 1, 1, 9, 2: -0.44391959788748847
calculated iMatrix for 1, 1, 9, 3: 0.25759583234297345
calculated iMatrix for 1, 1, 9, 4: 0.21767922493753078
calculated iMatrix for 1, 1, 9, 5: -0.5146886687756959
calculated iMatrix for 1, 1, 9, 6: -0.5980702777147467
calculated iMatrix for 1, 1, 9, 7: 0.4780691551013042
calculated iMatrix for 1, 1, 9, 8: -0.21729778219695384
calculated iMatrix for 1, 1, 9, 9: 0.06117535116951722
calculated iMatrix for 1, 1, 9, 10: 0.7882240834051438
calculated iMatrix for 1, 1, 9, 11: -0.6468604418841789
calculated iMatrix for 1, 1, 9, 12: -1.3067216448106573
calculated iMatrix for 1, 1, 9, 13: -0.09213463924294796
calculated iMatrix for 1, 1, 9, 14: 0.011695293906147541
calculated iMatrix for 1, 1, 9, 15: 0.36334088943987786
calculated iMatrix for 1, 1, 9, 16: 0.13589889736545369
calculated iMatrix for 1, 1, 9, 17: 0.7882240834051438
calculated iMatrix for 1, 1, 9, 18: 0.9217554760296665
calculated iMatrix for 1, 1, 9, 19: 0.6340734035778854
calculated iMatrix for 1, 1, 10, 0: -0.3254260826275063
calculated iMatrix for 1, 1, 10, 1: 0.6211699987419776
calculated iMatrix for 1, 1, 10, 2: -0.1991625701527414
calculated iMatrix for 1, 1, 10, 3: -0.5641687260390654
calculated iMatrix for 1, 1, 10, 4: 0.6257051539073689
calculated iMatrix for 1, 1, 10, 5: 0.05311270374616628
calculated iMatrix for 1, 1, 10, 6: -0.4847415924077435
calculated iMatrix for 1, 1, 10, 7: 0.20043741850302488
calculated iMatrix for 1, 1, 10, 8: -0.4013599834686924
calculated iMatrix for 1, 1, 10, 9: 0.44835625778279264
calculated iMatrix for 1, 1, 10, 10: 0.22860829546972106
calculated iMatrix for 1, 1, 10, 11: -0.5555106632959509
calculated iMatrix for 1, 1, 10, 12: -0.4969741608433781
calculated iMatrix for 1, 1, 10, 13: -0.36039862583762716
calculated iMatrix for 1, 1, 10, 14: -0.10274884048472144
calculated iMatrix for 1, 1, 10, 15: 0.09507690284519854
calculated iMatrix for 1, 1, 10, 16: -0.038454489779324086
calculated iMatrix for 1, 1, 10, 17: 0.81639496037184
calculated iMatrix for 1, 1, 10, 18: 0.6059025266111893
calculated iMatrix for 1, 1, 10, 19: 0.059985583033928425
calculated iMatrix for 1, 1, 11, 0: -0.29696518493082513
calculated iMatrix for 1, 1, 11, 1: -1.3159100708650637
calculated iMatrix for 1, 1, 11, 2: 0.20043741850302488
calculated iMatrix for 1, 1, 11, 3: -0.09213463924294796
calculated iMatrix for 1, 1, 11, 4: 0.010519514817135533
calculated iMatrix for 1, 1, 11, 5: 0.10868255490097722
calculated iMatrix for 1, 1, 11, 6: -0.31038820526296595
calculated iMatrix for 1, 1, 11, 7: -0.12806664846901117
calculated iMatrix for 1, 1, 11, 8: 0.4897310948491473
calculated iMatrix for 1, 1, 11, 9: -0.46453888509022423
calculated iMatrix for 1, 1, 11, 10: 0.09507690284519854
calculated iMatrix for 1, 1, 11, 11: 0.1438670670146306
calculated iMatrix for 1, 1, 11, 12: 0.15223531668514712
calculated iMatrix for 1, 1, 11, 13: 0.405231831149038
calculated iMatrix for 1, 1, 11, 14: -0.5110589007251171
calculated iMatrix for 1, 1, 11, 15: 0.006523505503753468
calculated iMatrix for 1, 1, 11, 16: 0.19038708264952342
calculated iMatrix for 1, 1, 11, 17: 0.29178719709125284
calculated iMatrix for 1, 1, 11, 18: 1.6636928207590436
calculated iMatrix for 1, 1, 11, 19: 0.026084031358247106
calculated iMatrix for 1, 1, 12, 0: -0.5110589007251171
calculated iMatrix for 1, 1, 12, 1: -0.34317802808595677
calculated iMatrix for 1, 1, 12, 2: 0.4315491394664114
calculated iMatrix for 1, 1, 12, 3: -0.09213463924294796
calculated iMatrix for 1, 1, 12, 4: -0.7623733290060232
calculated iMatrix for 1, 1, 12, 5: 0.17796456265096616
calculated iMatrix for 1, 1, 12, 6: -0.25322979142301716
calculated iMatrix for 1, 1, 12, 7: -0.06922614844607777
calculated iMatrix for 1, 1, 12, 8: 0.15961542398276962
calculated iMatrix for 1, 1, 12, 9: -0.1608564712920021
calculated iMatrix for 1, 1, 12, 10: 0.21285993850158202
calculated iMatrix for 1, 1, 12, 11: 0.3827589752969794
calculated iMatrix for 1, 1, 12, 12: 0.7112630422690155
calculated iMatrix for 1, 1, 12, 13: 0.34193698077672435
calculated iMatrix for 1, 1, 12, 14: 0.015034195171662157
calculated iMatrix for 1, 1, 12, 15: 0.05870925867432364
calculated iMatrix for 1, 1, 12, 16: 0.015034195171662157
calculated iMatrix for 1, 1, 12, 17: -0.5430105005317195
calculated iMatrix for 1, 1, 12, 18: -0.37492672640053704
calculated iMatrix for 1, 1, 12, 19: 0.16406977433214998
calculated iMatrix for 1, 1, 13, 0: -0.4514668035228714
calculated iMatrix for 1, 1, 13, 1: 0.05062514027436471
calculated iMatrix for 1, 1, 13, 2: 0.643042073560646
calculated iMatrix for 1, 1, 13, 3: -0.04468503952996017
calculated iMatrix for 1, 1, 13, 4: -0.23342716412683762
calculated iMatrix for 1, 1, 13, 5: 0.3893163758431385
calculated iMatrix for 1, 1, 13, 6: 0.22860829546972106
calculated iMatrix for 1, 1, 13, 7: -0.15623752543570757
calculated iMatrix for 1, 1, 13, 8: -0.5335317565771757
calculated iMatrix for 1, 1, 13, 9: -0.19260516960658236
calculated iMatrix for 1, 1, 13, 10: -0.31038820526296595
calculated iMatrix for 1, 1, 13, 11: 0.12492986599487965
calculated iMatrix for 1, 1, 13, 12: 0.33274855472231807
calculated iMatrix for 1, 1, 13, 13: -0.4485385437437829
calculated iMatrix for 1, 1, 13, 14: -0.6640282455065442
calculated iMatrix for 1, 1, 13, 15: 0.40145110830913194
calculated iMatrix for 1, 1, 13, 16: 0.17845851178424954
calculated iMatrix for 1, 1, 13, 17: -0.39447132247350736
calculated iMatrix for 1, 1, 13, 18: 0.31822045415940825
calculated iMatrix for 1, 1, 13, 19: -0.27264787728011897
calculated iMatrix for 1, 1, 14, 0: -0.18117647378295976
calculated iMatrix for 1, 1, 14, 1: -0.7158533133711303
calculated iMatrix for 1, 1, 14, 2: 0.2976011669566726
calculated iMatrix for 1, 1, 14, 3: -0.2638681896280731
calculated iMatrix for 1, 1, 14, 4: -0.09416509679332985
calculated iMatrix for 1, 1, 14, 5: 0.22111762374056354
calculated iMatrix for 1, 1, 14, 6: -0.21030474670598343
calculated iMatrix for 1, 1, 14, 7: 0.25759583234297345
calculated iMatrix for 1, 1, 14, 8: 0.22291027435508348
calculated iMatrix for 1, 1, 14, 9: -0.7774112063705637
calculated iMatrix for 1, 1, 14, 10: -1.0035353858229112
calculated iMatrix for 1, 1, 14, 11: -0.15915723553904237
calculated iMatrix for 1, 1, 14, 12: 0.31130001131483453
calculated iMatrix for 1, 1, 14, 13: 0.041009681574922685
calculated iMatrix for 1, 1, 14, 14: -0.5515502620798539
calculated iMatrix for 1, 1, 14, 15: 0.11309540834787668
calculated iMatrix for 1, 1, 14, 16: 0.5005420109533629
calculated iMatrix for 1, 1, 14, 17: 0.04628673867576649
calculated iMatrix for 1, 1, 14, 18: -0.08724465394875602
calculated iMatrix for 1, 1, 14, 19: 0.5199600968104644
calculated iMatrix for 1, 1, 15, 0: -0.5014434420256751
calculated iMatrix for 1, 1, 15, 1: 0.12174514992735974
calculated iMatrix for 1, 1, 15, 2: 0.23483884522035714
calculated iMatrix for 1, 1, 15, 3: 0.3827589752969794
calculated iMatrix for 1, 1, 15, 4: -0.8540036518519475
calculated iMatrix for 1, 1, 15, 5: -0.101037976081092
calculated iMatrix for 1, 1, 15, 6: 0.09507690284519854
calculated iMatrix for 1, 1, 15, 7: -0.3844961774166876
calculated iMatrix for 1, 1, 15, 8: 0.07038429025482695
calculated iMatrix for 1, 1, 15, 9: -0.34812853324581294
calculated iMatrix for 1, 1, 15, 10: -0.7699205346414061
calculated iMatrix for 1, 1, 15, 11: 0.1268256011597788
calculated iMatrix for 1, 1, 15, 12: 0.3063859965124055
calculated iMatrix for 1, 1, 15, 13: 0.23817774648587176
calculated iMatrix for 1, 1, 15, 14: 0.15961542398276962
calculated iMatrix for 1, 1, 15, 15: 0.22860829546972106
calculated iMatrix for 1, 1, 15, 16: -0.15915723553904237
calculated iMatrix for 1, 1, 15, 17: 0.43802165397202897
calculated iMatrix for 1, 1, 15, 18: 0.24922758267245693
calculated iMatrix for 1, 1, 15, 19: -0.07197718181796764
calculated iMatrix for 1, 1, 16, 0: -0.08471620759539744
calculated iMatrix for 1, 1, 16, 1: -0.4485385437437829
calculated iMatrix for 1, 1, 16, 2: -0.24584968412539465
calculated iMatrix for 1, 1, 16, 3: 0.0558561896919173
calculated iMatrix for 1, 1, 16, 4: 0.4025616025931592
calculated iMatrix for 1, 1, 16, 5: 0.2773984596391531
calculated iMatrix for 1, 1, 16, 6: 0.21285993850158202
calculated iMatrix for 1, 1, 16, 7: -0.6171184726854412
calculated iMatrix for 1, 1, 16, 8: 0.03445228102876363
calculated iMatrix for 1, 1, 16, 9: -0.20341608571079806
calculated iMatrix for 1, 1, 16, 10: -0.21030474670598343
calculated iMatrix for 1, 1, 16, 11: -0.14131187521903188
calculated iMatrix for 1, 1, 16, 12: 0.026084031358247106
calculated iMatrix for 1, 1, 16, 13: 0.03445228102876363
calculated iMatrix for 1, 1, 16, 14: -0.24786784828163178
calculated iMatrix for 1, 1, 16, 15: 0.4399173891369281
calculated iMatrix for 1, 1, 16, 16: 0.3670106183288403
calculated iMatrix for 1, 1, 16, 17: 0.07445761564246278
calculated iMatrix for 1, 1, 16, 18: -0.4157487209207923
calculated iMatrix for 1, 1, 16, 19: -0.34675584943384063
calculated iMatrix for 1, 2, 0, 0: 0.006837279303422372
calculated iMatrix for 1, 2, 0, 1: -1.2810170090032154
calculated iMatrix for 1, 2, 0, 2: 0.41080201203635225
calculated iMatrix for 1, 2, 0, 3: 0.0407388309791038
calculated iMatrix for 1, 2, 0, 4: 0.12262599045128786
calculated iMatrix for 1, 2, 0, 5: 0.16007530049290375
calculated iMatrix for 1, 2, 0, 6: -0.49147798276820465
calculated iMatrix for 1, 2, 0, 7: 0.12684540599399619
calculated iMatrix for 1, 2, 0, 8: -0.2911379204715717
calculated iMatrix for 1, 2, 0, 9: 0.08494492348359939
calculated iMatrix for 1, 2, 0, 10: -0.0978473323070429
calculated iMatrix for 1, 2, 0, 11: -0.0372227104906081
calculated iMatrix for 1, 2, 0, 12: -0.6905239825033537
calculated iMatrix for 1, 2, 0, 13: -0.1550057461469917
calculated iMatrix for 1, 2, 0, 14: 0.05263361863125282
calculated iMatrix for 1, 2, 0, 15: 0.09630868213391441
calculated iMatrix for 1, 2, 0, 16: 0.17349832082504446
calculated iMatrix for 1, 2, 0, 17: -0.0037747764230681158
calculated iMatrix for 1, 2, 0, 18: 0.6071343058999052
calculated iMatrix for 1, 2, 0, 19: -0.02147435352246907
calculated iMatrix for 1, 2, 1, 0: 0.18376798746250045
calculated iMatrix for 1, 2, 1, 1: 0.47930093439002025
calculated iMatrix for 1, 2, 1, 2: -0.21216415998694027
calculated iMatrix for 1, 2, 1, 3: -0.8142513750312556
calculated iMatrix for 1, 2, 1, 4: -0.017804624633506627
calculated iMatrix for 1, 2, 1, 5: 0.06813780516721823
calculated iMatrix for 1, 2, 1, 6: 0.2504593619611728
calculated iMatrix for 1, 2, 1, 7: 0.35581987761899914
calculated iMatrix for 1, 2, 1, 8: -0.5150084801783986
calculated iMatrix for 1, 2, 1, 9: -0.11055398357615764
calculated iMatrix for 1, 2, 1, 10: -0.30915642597424997
calculated iMatrix for 1, 2, 1, 11: 0.19330094812122411
calculated iMatrix for 1, 2, 1, 12: 0.2504593619611728
calculated iMatrix for 1, 2, 1, 13: 0.20963736744091765
calculated iMatrix for 1, 2, 1, 14: -0.5727409468469703
calculated iMatrix for 1, 2, 1, 15: -0.06799436915736179
calculated iMatrix for 1, 2, 1, 16: -0.21216415998694027
calculated iMatrix for 1, 2, 1, 17: 0.15136845931694187
calculated iMatrix for 1, 2, 1, 18: -0.26036626180481803
calculated iMatrix for 1, 2, 1, 19: 0.34283268209218787
calculated iMatrix for 1, 2, 2, 0: 0.8425104256497493
calculated iMatrix for 1, 2, 2, 1: -0.620368995836225
calculated iMatrix for 1, 2, 2, 2: 0.06121736232264441
calculated iMatrix for 1, 2, 2, 3: 0.21123864880789156
calculated iMatrix for 1, 2, 2, 4: 1.0125994140080694
calculated iMatrix for 1, 2, 2, 5: 0.1149138699649489
calculated iMatrix for 1, 2, 2, 6: 0.3076177758011214
calculated iMatrix for 1, 2, 2, 7: -0.20907296741726744
calculated iMatrix for 1, 2, 2, 8: -0.6097419032619388
calculated iMatrix for 1, 2, 2, 9: 0.1028233631551082
calculated iMatrix for 1, 2, 2, 10: 0.09630868213391441
calculated iMatrix for 1, 2, 2, 11: -0.34159170172740383
calculated iMatrix for 1, 2, 2, 12: -0.5379979984030975
calculated iMatrix for 1, 2, 2, 13: 0.05630334752021526
calculated iMatrix for 1, 2, 2, 14: 0.3839907545856953
calculated iMatrix for 1, 2, 2, 15: -0.08940846366117838
calculated iMatrix for 1, 2, 2, 16: -0.3404089694783542
calculated iMatrix for 1, 2, 2, 17: -0.986303265187754
calculated iMatrix for 1, 2, 2, 18: -0.8481529267069369
calculated iMatrix for 1, 2, 2, 19: -0.0054740121760278315
calculated iMatrix for 1, 2, 3, 0: 0.020442931359200944
calculated iMatrix for 1, 2, 3, 1: -0.5762192112232952
calculated iMatrix for 1, 2, 3, 2: -0.007369747340926991
calculated iMatrix for 1, 2, 3, 3: 0.5107424602248394
calculated iMatrix for 1, 2, 3, 4: -0.6069908698900489
calculated iMatrix for 1, 2, 3, 5: -0.1550057461469917
calculated iMatrix for 1, 2, 3, 6: -0.0978473323070429
calculated iMatrix for 1, 2, 3, 7: 0.2257667493708012
calculated iMatrix for 1, 2, 3, 8: 0.3210769291751262
calculated iMatrix for 1, 2, 3, 9: 0.02731581064696309
calculated iMatrix for 1, 2, 3, 10: 0.3682423976175563
calculated iMatrix for 1, 2, 3, 11: 0.35054282051815544
calculated iMatrix for 1, 2, 3, 12: -0.20907296741726744
calculated iMatrix for 1, 2, 3, 13: 0.6812422780536271
calculated iMatrix for 1, 2, 3, 14: -0.0904672250094204
calculated iMatrix for 1, 2, 3, 15: 0.07456869549750866
calculated iMatrix for 1, 2, 3, 16: -0.11244613172819562
calculated iMatrix for 1, 2, 3, 17: -0.63684383303973
calculated iMatrix for 1, 2, 3, 18: -0.26036626180481803
calculated iMatrix for 1, 2, 3, 19: -0.6658313699129822
calculated iMatrix for 1, 2, 4, 0: 0.42691579930272927
calculated iMatrix for 1, 2, 4, 1: -0.4700867927868869
calculated iMatrix for 1, 2, 4, 2: 0.05263361863125282
calculated iMatrix for 1, 2, 4, 3: -0.028254040507847744
calculated iMatrix for 1, 2, 4, 4: 0.43278091875512736
calculated iMatrix for 1, 2, 4, 5: -0.5005073894875988
calculated iMatrix for 1, 2, 4, 6: -0.5379979984030975
calculated iMatrix for 1, 2, 4, 7: 0.29301897637996865
calculated iMatrix for 1, 2, 4, 8: 0.02731581064696309
calculated iMatrix for 1, 2, 4, 9: 0.29301897637996865
calculated iMatrix for 1, 2, 4, 10: 0.4580987267394173
calculated iMatrix for 1, 2, 4, 11: -0.10954337207023424
calculated iMatrix for 1, 2, 4, 12: -0.7993627625375049
calculated iMatrix for 1, 2, 4, 13: -0.0372227104906081
calculated iMatrix for 1, 2, 4, 14: -0.30915642597424997
calculated iMatrix for 1, 2, 4, 15: -0.2390888633575331
calculated iMatrix for 1, 2, 4, 16: 0.5381414344129536
calculated iMatrix for 1, 2, 4, 17: 0.1763513898074509
calculated iMatrix for 1, 2, 4, 18: -1.093275384739922
calculated iMatrix for 1, 2, 4, 19: -0.10954337207023424
calculated iMatrix for 1, 2, 5, 0: 0.4376709040493192
calculated iMatrix for 1, 2, 5, 1: 0.43278091875512736
calculated iMatrix for 1, 2, 5, 2: 0.09630868213391441
calculated iMatrix for 1, 2, 5, 3: -0.02147435352246907
calculated iMatrix for 1, 2, 5, 4: -0.0054740121760278315
calculated iMatrix for 1, 2, 5, 5: -0.4216344094009402
calculated iMatrix for 1, 2, 5, 6: -0.3556764416091428
calculated iMatrix for 1, 2, 5, 7: 0.11069741958601409
calculated iMatrix for 1, 2, 5, 8: 0.12684540599399619
calculated iMatrix for 1, 2, 5, 9: -0.11726541816414471
calculated iMatrix for 1, 2, 5, 10: 0.6251528114025835
calculated iMatrix for 1, 2, 5, 11: 0.17813870038154667
calculated iMatrix for 1, 2, 5, 12: 0.02731581064696309
calculated iMatrix for 1, 2, 5, 13: 0.009297305144284729
calculated iMatrix for 1, 2, 5, 14: 0.02731581064696309
calculated iMatrix for 1, 2, 5, 15: -0.24597752435271814
calculated iMatrix for 1, 2, 5, 16: -0.20152576178188453
calculated iMatrix for 1, 2, 5, 17: -0.04964523048916536
calculated iMatrix for 1, 2, 5, 18: -0.6658313699129822
calculated iMatrix for 1, 2, 5, 19: -0.41737001061448276
calculated iMatrix for 1, 2, 6, 0: 0.7388121298751048
calculated iMatrix for 1, 2, 6, 1: -0.5604708542551561
calculated iMatrix for 1, 2, 6, 2: 0.9118578442065378
calculated iMatrix for 1, 2, 6, 3: 0.2715127711590051
calculated iMatrix for 1, 2, 6, 4: -0.4426878185987725
calculated iMatrix for 1, 2, 6, 5: -0.3556764416091428
calculated iMatrix for 1, 2, 6, 6: -0.7909945128669883
calculated iMatrix for 1, 2, 6, 7: -0.33268692338444394
calculated iMatrix for 1, 2, 6, 8: -0.19582774066724673
calculated iMatrix for 1, 2, 6, 9: -0.08601287466004004
calculated iMatrix for 1, 2, 6, 10: -0.06799436915736179
calculated iMatrix for 1, 2, 6, 11: -0.1550057461469917
calculated iMatrix for 1, 2, 6, 12: -0.750989178253289
calculated iMatrix for 1, 2, 6, 13: 0.5381414344129536
calculated iMatrix for 1, 2, 6, 14: 1.1039491925962976
calculated iMatrix for 1, 2, 6, 15: -0.6319298182373009
calculated iMatrix for 1, 2, 6, 16: 0.009297305144284729
calculated iMatrix for 1, 2, 6, 17: -0.2947676885221503
calculated iMatrix for 1, 2, 6, 18: -0.9281956343804733
calculated iMatrix for 1, 2, 6, 19: -0.6069908698900489
calculated iMatrix for 1, 2, 7, 0: 0.3185128252061884
calculated iMatrix for 1, 2, 7, 1: 0.11692796933665017
calculated iMatrix for 1, 2, 7, 2: 0.0632478198730263
calculated iMatrix for 1, 2, 7, 3: 0.08615631066989649
calculated iMatrix for 1, 2, 7, 4: 0.06813780516721823
calculated iMatrix for 1, 2, 7, 5: -0.2264647101291365
calculated iMatrix for 1, 2, 7, 6: 0.2868270061320476
calculated iMatrix for 1, 2, 7, 7: 0.22147182508792052
calculated iMatrix for 1, 2, 7, 8: -0.19582774066724673
calculated iMatrix for 1, 2, 7, 9: 0.39242962323156005
calculated iMatrix for 1, 2, 7, 10: 0.6559244700693372
calculated iMatrix for 1, 2, 7, 11: -0.4426878185987725
calculated iMatrix for 1, 2, 7, 12: -0.4871395811696063
calculated iMatrix for 1, 2, 7, 13: 0.3305020696347092
calculated iMatrix for 1, 2, 7, 14: 0.0026231980565915025
calculated iMatrix for 1, 2, 7, 15: -0.1835791185910477
calculated iMatrix for 1, 2, 7, 16: -0.5530358757676378
calculated iMatrix for 1, 2, 7, 17: 0.20789974754237683
calculated iMatrix for 1, 2, 7, 18: -1.5413001072668822
calculated iMatrix for 1, 2, 7, 19: -0.0372227104906081
calculated iMatrix for 1, 2, 8, 0: NaN
calculated iMatrix for 1, 2, 8, 1: 3.2766592931610106E-4
calculated iMatrix for 1, 2, 8, 2: NaN
calculated iMatrix for 1, 2, 8, 3: NaN
calculated iMatrix for 1, 2, 8, 4: NaN
calculated iMatrix for 1, 2, 8, 5: NaN
calculated iMatrix for 1, 2, 8, 6: NaN
calculated iMatrix for 1, 2, 8, 7: NaN
calculated iMatrix for 1, 2, 8, 8: NaN
calculated iMatrix for 1, 2, 8, 9: NaN
calculated iMatrix for 1, 2, 8, 10: NaN
calculated iMatrix for 1, 2, 8, 11: NaN
calculated iMatrix for 1, 2, 8, 12: NaN
calculated iMatrix for 1, 2, 8, 13: NaN
calculated iMatrix for 1, 2, 8, 14: NaN
calculated iMatrix for 1, 2, 8, 15: NaN
calculated iMatrix for 1, 2, 8, 16: NaN
calculated iMatrix for 1, 2, 8, 17: NaN
calculated iMatrix for 1, 2, 8, 18: NaN
calculated iMatrix for 1, 2, 8, 19: NaN
calculated iMatrix for 1, 2, 9, 0: -0.01190490250631826
calculated iMatrix for 1, 2, 9, 1: 0.11692796933665017
calculated iMatrix for 1, 2, 9, 2: 0.41553911232062135
calculated iMatrix for 1, 2, 9, 3: 0.4916214187780608
calculated iMatrix for 1, 2, 9, 4: 0.6071343058999052
calculated iMatrix for 1, 2, 9, 5: -0.5762192112232952
calculated iMatrix for 1, 2, 9, 6: -0.0257940146669855
calculated iMatrix for 1, 2, 9, 7: -0.26036626180481803
calculated iMatrix for 1, 2, 9, 8: 0.5082884712632726
calculated iMatrix for 1, 2, 9, 9: 0.5099705574462574
calculated iMatrix for 1, 2, 9, 10: -1.0023036065341953
calculated iMatrix for 1, 2, 9, 11: 0.4736029132753825
calculated iMatrix for 1, 2, 9, 12: -3.333059576494937
calculated iMatrix for 1, 2, 9, 13: 0.5952998482529024
calculated iMatrix for 1, 2, 9, 14: 0.1670777530221218
calculated iMatrix for 1, 2, 9, 15: -0.6940022468796786
calculated iMatrix for 1, 2, 9, 16: -0.10093852487671573
calculated iMatrix for 1, 2, 9, 17: -0.19347202697478771
calculated iMatrix for 1, 2, 9, 18: -0.06799436915736179
calculated iMatrix for 1, 2, 9, 19: 0.2504593619611728
calculated iMatrix for 1, 2, 10, 0: 0.5568335674251061
calculated iMatrix for 1, 2, 10, 1: -0.6658313699129822
calculated iMatrix for 1, 2, 10, 2: 0.09630868213391441
calculated iMatrix for 1, 2, 10, 3: 0.583603808489711
calculated iMatrix for 1, 2, 10, 4: -0.6986211927359732
calculated iMatrix for 1, 2, 10, 5: -0.41969830037407385
calculated iMatrix for 1, 2, 10, 6: 0.29697937759606563
calculated iMatrix for 1, 2, 10, 7: -0.1550057461469917
calculated iMatrix for 1, 2, 10, 8: 0.6753425559264387
calculated iMatrix for 1, 2, 10, 9: -0.06462168467872254
calculated iMatrix for 1, 2, 10, 10: 0.18146649047422136
calculated iMatrix for 1, 2, 10, 11: -0.02147435352246907
calculated iMatrix for 1, 2, 10, 12: -1.2536180348151014
calculated iMatrix for 1, 2, 10, 13: 0.9436065425211181
calculated iMatrix for 1, 2, 10, 14: 0.46176845562837976
calculated iMatrix for 1, 2, 10, 15: -0.5379979984030975
calculated iMatrix for 1, 2, 10, 16: -0.0978473323070429
calculated iMatrix for 1, 2, 10, 17: -0.2911379204715717
calculated iMatrix for 1, 2, 10, 18: -Infinity
calculated iMatrix for 1, 2, 10, 19: -0.8755519008950513
calculated iMatrix for 1, 2, 11, 0: 0.47031883807419267
calculated iMatrix for 1, 2, 11, 1: -0.6145380755254318
calculated iMatrix for 1, 2, 11, 2: -0.5824497609739313
calculated iMatrix for 1, 2, 11, 3: 0.37721106760031664
calculated iMatrix for 1, 2, 11, 4: -0.01190490250631826
calculated iMatrix for 1, 2, 11, 5: -0.9022201479772128
calculated iMatrix for 1, 2, 11, 6: 0.4916214187780608
calculated iMatrix for 1, 2, 11, 7: 0.02731581064696309
calculated iMatrix for 1, 2, 11, 8: -0.10621558197755976
calculated iMatrix for 1, 2, 11, 9: 1.0852570595841449
calculated iMatrix for 1, 2, 11, 10: 0.6071343058999052
calculated iMatrix for 1, 2, 11, 11: -0.5705211901086574
calculated iMatrix for 1, 2, 11, 12: -0.9171457981938883
calculated iMatrix for 1, 2, 11, 13: -0.04964523048916536
calculated iMatrix for 1, 2, 11, 14: 0.5579440617091335
calculated iMatrix for 1, 2, 11, 15: -0.6110231334179873
calculated iMatrix for 1, 2, 11, 16: -0.7050520830662635
calculated iMatrix for 1, 2, 11, 17: 0.08340527729800662
calculated iMatrix for 1, 2, 11, 18: -1.828982179718663
calculated iMatrix for 1, 2, 11, 19: 0.7612849857271635
calculated iMatrix for 1, 2, 12, 0: 0.2370363416290321
calculated iMatrix for 1, 2, 12, 1: 0.393560205601846
calculated iMatrix for 1, 2, 12, 2: -1.0712964780211465
calculated iMatrix for 1, 2, 12, 3: -0.02147435352246907
calculated iMatrix for 1, 2, 12, 4: 0.8435230839641356
calculated iMatrix for 1, 2, 12, 5: 0.07718764068713613
calculated iMatrix for 1, 2, 12, 6: 0.012048338516174595
calculated iMatrix for 1, 2, 12, 7: 0.08615631066989649
calculated iMatrix for 1, 2, 12, 8: -0.023977483740587502
calculated iMatrix for 1, 2, 12, 9: 0.6627041570547159
calculated iMatrix for 1, 2, 12, 10: -0.4426878185987725
calculated iMatrix for 1, 2, 12, 11: -0.0372227104906081
calculated iMatrix for 1, 2, 12, 12: -1.2971031467548402
calculated iMatrix for 1, 2, 12, 13: -0.1877955689699825
calculated iMatrix for 1, 2, 12, 14: -0.08601287466004004
calculated iMatrix for 1, 2, 12, 15: -0.27083756167211337
calculated iMatrix for 1, 2, 12, 16: -0.2756337339356062
calculated iMatrix for 1, 2, 12, 17: 0.2279865061091142
calculated iMatrix for 1, 2, 12, 18: 0.02731581064696309
calculated iMatrix for 1, 2, 12, 19: -0.3855294047588239
calculated iMatrix for 1, 2, 13, 0: 0.02731581064696309
calculated iMatrix for 1, 2, 13, 1: -0.4063201744278978
calculated iMatrix for 1, 2, 13, 2: -0.6145380755254318
calculated iMatrix for 1, 2, 13, 3: 0.44891030068501103
calculated iMatrix for 1, 2, 13, 4: 0.06813780516721823
calculated iMatrix for 1, 2, 13, 5: -0.18675444446157174
calculated iMatrix for 1, 2, 13, 6: -0.9022201479772128
calculated iMatrix for 1, 2, 13, 7: -8.550663197333108E-4
calculated iMatrix for 1, 2, 13, 8: 0.3284209034308847
calculated iMatrix for 1, 2, 13, 9: 0.07456869549750866
calculated iMatrix for 1, 2, 13, 10: 0.2504593619611728
calculated iMatrix for 1, 2, 13, 11: 0.3682423976175563
calculated iMatrix for 1, 2, 13, 12: -0.2156303679634265
calculated iMatrix for 1, 2, 13, 13: 0.6413256706481845
calculated iMatrix for 1, 2, 13, 14: 0.37721106760031664
calculated iMatrix for 1, 2, 13, 15: -0.2947676885221503
calculated iMatrix for 1, 2, 13, 16: -0.37369494711182105
calculated iMatrix for 1, 2, 13, 17: -0.04288844802628544
calculated iMatrix for 1, 2, 13, 18: 0.4736029132753825
calculated iMatrix for 1, 2, 13, 19: 0.163447984971543
calculated iMatrix for 1, 2, 14, 0: 0.26915149497332536
calculated iMatrix for 1, 2, 14, 1: -1.3589785504729273
calculated iMatrix for 1, 2, 14, 2: 0.23141116699047826
calculated iMatrix for 1, 2, 14, 3: 0.285550681772443
calculated iMatrix for 1, 2, 14, 4: 0.2868270061320476
calculated iMatrix for 1, 2, 14, 5: -0.11726541816414471
calculated iMatrix for 1, 2, 14, 6: -0.7611415497173072
calculated iMatrix for 1, 2, 14, 7: -0.2050161667216529
calculated iMatrix for 1, 2, 14, 8: 0.4405029648490376
calculated iMatrix for 1, 2, 14, 9: 0.6703132075214369
calculated iMatrix for 1, 2, 14, 10: 1.038916722325443
calculated iMatrix for 1, 2, 14, 11: -0.07804470501086336
calculated iMatrix for 1, 2, 14, 12: -0.3647262771290606
calculated iMatrix for 1, 2, 14, 13: -0.3556764416091428
calculated iMatrix for 1, 2, 14, 14: -0.6433585140609236
calculated iMatrix for 1, 2, 14, 15: -0.20379591031642363
calculated iMatrix for 1, 2, 14, 16: -0.043780111036767155
calculated iMatrix for 1, 2, 14, 17: -0.19849085808673028
calculated iMatrix for 1, 2, 14, 18: -1.828982179718663
calculated iMatrix for 1, 2, 14, 19: -0.24597752435271814
calculated iMatrix for 1, 2, 15, 0: 0.07456869549750866
calculated iMatrix for 1, 2, 15, 1: -0.4651606744508311
calculated iMatrix for 1, 2, 15, 2: 0.10385588776929744
calculated iMatrix for 1, 2, 15, 3: -0.4426878185987725
calculated iMatrix for 1, 2, 15, 4: 0.5606142902650122
calculated iMatrix for 1, 2, 15, 5: 0.40680543235186684
calculated iMatrix for 1, 2, 15, 6: -0.10621558197755976
calculated iMatrix for 1, 2, 15, 7: 0.5381414344129536
calculated iMatrix for 1, 2, 15, 8: -0.46330710580150825
calculated iMatrix for 1, 2, 15, 9: 0.3060292131159835
calculated iMatrix for 1, 2, 15, 10: 0.6812422780536271
calculated iMatrix for 1, 2, 15, 11: -0.24201712313662138
calculated iMatrix for 1, 2, 15, 12: 0.22306038777305837
calculated iMatrix for 1, 2, 15, 13: -0.1877955689699825
calculated iMatrix for 1, 2, 15, 14: -0.0978473323070429
calculated iMatrix for 1, 2, 15, 15: -0.8089322135536555
calculated iMatrix for 1, 2, 15, 16: -0.3186351699287938
calculated iMatrix for 1, 2, 15, 17: -0.20907296741726744
calculated iMatrix for 1, 2, 15, 18: -0.3781492974612014
calculated iMatrix for 1, 2, 15, 19: 0.4471696562072271
calculated iMatrix for 1, 2, 16, 0: 0.07066625152057682
calculated iMatrix for 1, 2, 16, 1: 0.2127190339783257
calculated iMatrix for 1, 2, 16, 2: 0.15037590340419027
calculated iMatrix for 1, 2, 16, 3: -0.1037124517594411
calculated iMatrix for 1, 2, 16, 4: -0.8481529267069369
calculated iMatrix for 1, 2, 16, 5: -0.4651606744508311
calculated iMatrix for 1, 2, 16, 6: -0.4426878185987725
calculated iMatrix for 1, 2, 16, 7: 0.7612849857271635
calculated iMatrix for 1, 2, 16, 8: -8.550663197333108E-4
calculated iMatrix for 1, 2, 16, 9: 0.3374707389508025
calculated iMatrix for 1, 2, 16, 10: -0.26036626180481803
calculated iMatrix for 1, 2, 16, 11: 0.10527735211667488
calculated iMatrix for 1, 2, 16, 12: -0.2801688891009976
calculated iMatrix for 1, 2, 16, 13: 0.09630868213391441
calculated iMatrix for 1, 2, 16, 14: 0.2504593619611728
calculated iMatrix for 1, 2, 16, 15: -0.546484612280416
calculated iMatrix for 1, 2, 16, 16: 0.10527735211667488
calculated iMatrix for 1, 2, 16, 17: 0.1028233631551082
calculated iMatrix for 1, 2, 16, 18: -0.7611415497173072
calculated iMatrix for 1, 2, 16, 19: 0.20963736744091765
calculated fs for 0: [J@4b32ace3
calculated fs for 0: [J@4b32ace3
calculated fs for 0: [J@4b32ace3
calculated fs for 0: [J@4b32ace3
calculated fs for 0: [J@4b32ace3
calculated fs for 0: [J@4b32ace3
calculated fs for 0: [J@4b32ace3
calculated fs for 0: [J@4b32ace3
calculated fs for 0: [J@4b32ace3
calculated fs for 0: [J@4b32ace3
calculated fs for 0: [J@4b32ace3
calculated fs for 0: [J@4b32ace3
calculated fs for 0: [J@4b32ace3
calculated fs for 0: [J@4b32ace3
calculated fs for 0: [J@4b32ace3
calculated fs for 0: [J@4b32ace3
calculated fs for 0: [J@4b32ace3
calculated fs for 0: [J@4b32ace3
calculated fs for 0: [J@4b32ace3
calculated fs for 0: [J@4b32ace3
calculated fs for 0: [J@4b32ace3
calculated fs for 0: [J@4b32ace3
calculated fs for 0: [J@4b32ace3
calculated fs for 0: [J@4b32ace3
calculated fs for 0: [J@4b32ace3
calculated fs for 0: [J@4b32ace3
calculated fs for 0: [J@4b32ace3
calculated fs for 0: [J@4b32ace3
calculated fs for 0: [J@4b32ace3
calculated fs for 0: [J@4b32ace3
calculated fs for 0: [J@4b32ace3
calculated fs for 0: [J@4b32ace3
calculated fs for 0: [J@4b32ace3
calculated fs for 0: [J@4b32ace3
calculated fs for 0: [J@4b32ace3
calculated fs for 0: [J@4b32ace3
calculated fs for 0: [J@4b32ace3
calculated fs for 0: [J@4b32ace3
calculated fs for 0: [J@4b32ace3
calculated fs for 0: [J@4b32ace3
calculated fs for 0: [J@4b32ace3
calculated fs for 0: [J@4b32ace3
calculated fs for 0: [J@4b32ace3
calculated fs for 0: [J@4b32ace3
calculated fs for 0: [J@4b32ace3
calculated fs for 0: [J@4b32ace3
calculated fs for 0: [J@4b32ace3
calculated fs for 0: [J@4b32ace3
calculated fs for 0: [J@4b32ace3
calculated fs for 0: [J@4b32ace3
calculated fs for 0: [J@4b32ace3
calculated fs for 0: [J@4b32ace3
calculated fs for 0: [J@4b32ace3
calculated fs for 0: [J@4b32ace3
calculated fs for 0: [J@4b32ace3
calculated fs for 0: [J@4b32ace3
calculated fs for 0: [J@4b32ace3
calculated fs for 0: [J@4b32ace3
calculated fs for 0: [J@4b32ace3
calculated fs for 0: [J@4b32ace3
calculated fs for 0: [J@4b32ace3
calculated fs for 0: [J@4b32ace3
calculated fs for 0: [J@4b32ace3
calculated fs for 0: [J@4b32ace3
calculated fs for 0: [J@4b32ace3
calculated fs for 0: [J@4b32ace3
calculated fs for 0: [J@4b32ace3
calculated fs for 0: [J@4b32ace3
calculated fs for 0: [J@4b32ace3
calculated fs for 0: [J@4b32ace3
calculated fs for 0: [J@4b32ace3
calculated fs for 0: [J@4b32ace3
calculated fs for 0: [J@4b32ace3
calculated fs for 0: [J@4b32ace3
calculated fs for 0: [J@4b32ace3
calculated fs for 0: [J@4b32ace3
calculated fs for 0: [J@4b32ace3
calculated fs for 0: [J@4b32ace3
calculated fs for 0: [J@4b32ace3
calculated fs for 0: [J@4b32ace3
calculated fs for 0: [J@4b32ace3
calculated fs for 0: [J@4b32ace3
calculated fs for 0: [J@4b32ace3
calculated fs for 0: [J@4b32ace3
calculated fs for 0: [J@4b32ace3
calculated fs for 0: [J@4b32ace3
calculated fs for 0: [J@4b32ace3
calculated fs for 0: [J@4b32ace3
calculated fs for 0: [J@4b32ace3
calculated fs for 0: [J@4b32ace3
calculated fs for 0: [J@4b32ace3
calculated fs for 0: [J@4b32ace3
calculated fs for 0: [J@4b32ace3
calculated fs for 0: [J@4b32ace3
calculated fs for 0: [J@4b32ace3
calculated fs for 0: [J@4b32ace3
calculated fs for 0: [J@4b32ace3
calculated fs for 0: [J@4b32ace3
calculated fs for 0: [J@4b32ace3
calculated fs for 0: [J@4b32ace3
calculated fs for 0: [J@4b32ace3
calculated fs for 0: [J@4b32ace3
calculated fs for 0: [J@4b32ace3
calculated fs for 0: [J@4b32ace3
calculated fs for 0: [J@4b32ace3
calculated fs for 0: [J@4b32ace3
calculated fs for 0: [J@4b32ace3
calculated fs for 0: [J@4b32ace3
calculated fs for 0: [J@4b32ace3
calculated fs for 0: [J@4b32ace3
calculated fs for 0: [J@4b32ace3
calculated fs for 0: [J@4b32ace3
calculated fs for 0: [J@4b32ace3
calculated fs for 0: [J@4b32ace3
calculated fs for 0: [J@4b32ace3
calculated fs for 0: [J@4b32ace3
calculated fs for 0: [J@4b32ace3
calculated fs for 0: [J@4b32ace3
calculated fs for 0: [J@4b32ace3
calculated fs for 0: [J@4b32ace3
calculated fs for 0: [J@4b32ace3
calculated fs for 0: [J@4b32ace3
calculated fs for 0: [J@4b32ace3
calculated fs for 0: [J@4b32ace3
calculated fs for 0: [J@4b32ace3
calculated fs for 0: [J@4b32ace3
calculated fs for 0: [J@4b32ace3
calculated fs for 0: [J@4b32ace3
calculated fs for 0: [J@4b32ace3
calculated fs for 0: [J@4b32ace3
calculated fs for 0: [J@4b32ace3
calculated fs for 0: [J@4b32ace3
calculated fs for 0: [J@4b32ace3
calculated fs for 0: [J@4b32ace3
calculated fs for 0: [J@4b32ace3
calculated fs for 0: [J@4b32ace3
calculated fs for 0: [J@4b32ace3
calculated fs for 0: [J@4b32ace3
calculated fs for 0: [J@4b32ace3
calculated fs for 0: [J@4b32ace3
calculated fs for 0: [J@4b32ace3
calculated fs for 0: [J@4b32ace3
calculated fs for 0: [J@4b32ace3
calculated fs for 0: [J@4b32ace3
calculated fs for 0: [J@4b32ace3
calculated fs for 0: [J@4b32ace3
calculated fs for 0: [J@4b32ace3
calculated fs for 0: [J@4b32ace3
calculated fs for 0: [J@4b32ace3
calculated fs for 0: [J@4b32ace3
calculated fs for 0: [J@4b32ace3
calculated fs for 0: [J@4b32ace3
calculated fs for 0: [J@4b32ace3
calculated fs for 0: [J@4b32ace3
calculated fs for 0: [J@4b32ace3
calculated fs for 0: [J@4b32ace3
calculated fs for 0: [J@4b32ace3
calculated fs for 0: [J@4b32ace3
calculated fs for 0: [J@4b32ace3
calculated fs for 0: [J@4b32ace3
calculated fs for 0: [J@4b32ace3
calculated fs for 0: [J@4b32ace3
calculated fs for 0: [J@4b32ace3
calculated fs for 0: [J@4b32ace3
calculated fs for 0: [J@4b32ace3
calculated fs for 0: [J@4b32ace3
calculated fs for 0: [J@4b32ace3
calculated fs for 0: [J@4b32ace3
calculated fs for 0: [J@4b32ace3
calculated fs for 0: [J@4b32ace3
calculated fs for 0: [J@4b32ace3
calculated fs for 0: [J@4b32ace3
calculated fs for 0: [J@4b32ace3
calculated fs for 0: [J@4b32ace3
calculated fs for 0: [J@4b32ace3
calculated fs for 0: [J@4b32ace3
calculated fs for 0: [J@4b32ace3
calculated fs for 0: [J@4b32ace3
calculated fs for 0: [J@4b32ace3
calculated fs for 0: [J@4b32ace3
calculated fs for 0: [J@4b32ace3
calculated fs for 0: [J@4b32ace3
calculated fs for 0: [J@4b32ace3
calculated fs for 0: [J@4b32ace3
calculated fs for 0: [J@4b32ace3
calculated fs for 0: [J@4b32ace3
calculated fs for 0: [J@4b32ace3
calculated fs for 0: [J@4b32ace3
calculated fs for 0: [J@4b32ace3
calculated fs for 0: [J@4b32ace3
calculated fs for 0: [J@4b32ace3
calculated fs for 0: [J@4b32ace3
calculated fs for 0: [J@4b32ace3
calculated fs for 0: [J@4b32ace3
calculated fs for 0: [J@4b32ace3
calculated fs for 0: [J@4b32ace3
calculated fs for 0: [J@4b32ace3
calculated fs for 0: [J@4b32ace3
calculated fs for 0: [J@4b32ace3
calculated fs for 0: [J@4b32ace3
calculated fs for 0: [J@4b32ace3
calculated fs for 0: [J@4b32ace3
calculated fs for 0: [J@4b32ace3
calculated fs for 0: [J@4b32ace3
calculated fs for 0: [J@4b32ace3
calculated fs for 0: [J@4b32ace3
calculated fs for 0: [J@4b32ace3
calculated fs for 0: [J@4b32ace3
calculated fs for 0: [J@4b32ace3
calculated fs for 0: [J@4b32ace3
calculated fs for 0: [J@4b32ace3
calculated fs for 0: [J@4b32ace3
calculated fs for 0: [J@4b32ace3
calculated fs for 0: [J@4b32ace3
calculated fs for 0: [J@4b32ace3
calculated fs for 0: [J@4b32ace3
calculated fs for 0: [J@4b32ace3
calculated fs for 0: [J@4b32ace3
calculated fs for 0: [J@4b32ace3
calculated fs for 0: [J@4b32ace3
calculated fs for 0: [J@4b32ace3
calculated fs for 0: [J@4b32ace3
calculated fs for 0: [J@4b32ace3
calculated fs for 0: [J@4b32ace3
calculated fs for 0: [J@4b32ace3
calculated fs for 0: [J@4b32ace3
calculated fs for 0: [J@4b32ace3
calculated fs for 0: [J@4b32ace3
calculated fs for 0: [J@4b32ace3
calculated fs for 0: [J@4b32ace3
calculated fs for 0: [J@4b32ace3
calculated fs for 0: [J@4b32ace3
calculated fs for 0: [J@4b32ace3
calculated fs for 0: [J@4b32ace3
calculated fs for 0: [J@4b32ace3
calculated fs for 0: [J@4b32ace3
calculated fs for 0: [J@4b32ace3
calculated fs for 0: [J@4b32ace3
calculated fs for 0: [J@4b32ace3
calculated fs for 0: [J@4b32ace3
calculated fs for 0: [J@4b32ace3
calculated fs for 0: [J@4b32ace3
calculated fs for 0: [J@4b32ace3
calculated fs for 0: [J@4b32ace3
calculated fs for 0: [J@4b32ace3
calculated fs for 0: [J@4b32ace3
calculated fs for 0: [J@4b32ace3
calculated fs for 0: [J@4b32ace3
calculated fs for 0: [J@4b32ace3
calculated fs for 0: [J@4b32ace3
calculated fs for 0: [J@4b32ace3
calculated fs for 0: [J@4b32ace3
calculated fs for 0: [J@4b32ace3
calculated fs for 0: [J@4b32ace3
calculated fs for 0: [J@4b32ace3
calculated fs for 0: [J@4b32ace3
calculated fs for 0: [J@4b32ace3
calculated fs for 0: [J@4b32ace3
calculated fs for 0: [J@4b32ace3
calculated fs for 0: [J@4b32ace3
calculated fs for 0: [J@4b32ace3
calculated fs for 0: [J@4b32ace3
calculated fs for 0: [J@4b32ace3
calculated fs for 0: [J@4b32ace3
calculated fs for 0: [J@4b32ace3
calculated fs for 0: [J@4b32ace3
calculated fs for 0: [J@4b32ace3
calculated fs for 0: [J@4b32ace3
calculated fs for 0: [J@4b32ace3
calculated fs for 0: [J@4b32ace3
calculated fs for 0: [J@4b32ace3
calculated fs for 0: [J@4b32ace3
calculated fs for 0: [J@4b32ace3
calculated fs for 0: [J@4b32ace3
calculated fs for 0: [J@4b32ace3
calculated fs for 0: [J@4b32ace3
calculated fs for 0: [J@4b32ace3
calculated fs for 0: [J@4b32ace3
calculated fs for 0: [J@4b32ace3
calculated fs for 0: [J@4b32ace3
calculated fs for 0: [J@4b32ace3
calculated fs for 0: [J@4b32ace3
calculated fs for 0: [J@4b32ace3
calculated fs for 0: [J@4b32ace3
calculated fs for 0: [J@4b32ace3
calculated fs for 0: [J@4b32ace3
calculated fs for 0: [J@4b32ace3
calculated fs for 0: [J@4b32ace3
calculated fs for 0: [J@4b32ace3
calculated fs for 0: [J@4b32ace3
calculated fs for 0: [J@4b32ace3
calculated fs for 0: [J@4b32ace3
calculated fs for 0: [J@4b32ace3
calculated fs for 0: [J@4b32ace3
calculated fs for 0: [J@4b32ace3
calculated fs for 0: [J@4b32ace3
calculated fs for 0: [J@4b32ace3
calculated fs for 0: [J@4b32ace3
calculated fs for 0: [J@4b32ace3
calculated fs for 0: [J@4b32ace3
calculated fs for 0: [J@4b32ace3
calculated fs for 0: [J@4b32ace3
calculated fs for 0: [J@4b32ace3
calculated fs for 0: [J@4b32ace3
calculated fs for 0: [J@4b32ace3
calculated fs for 0: [J@4b32ace3
calculated fs for 0: [J@4b32ace3
calculated fs for 0: [J@4b32ace3
calculated fs for 0: [J@4b32ace3
calculated fs for 0: [J@4b32ace3
calculated fs for 0: [J@4b32ace3
calculated fs for 0: [J@4b32ace3
calculated fs for 0: [J@4b32ace3
calculated fs for 0: [J@4b32ace3
calculated fs for 0: [J@4b32ace3
calculated fs for 0: [J@4b32ace3
calculated fs for 0: [J@4b32ace3
calculated fs for 0: [J@4b32ace3
calculated fs for 0: [J@4b32ace3
calculated fs for 0: [J@4b32ace3
calculated fs for 0: [J@4b32ace3
calculated fs for 0: [J@4b32ace3
calculated fs for 0: [J@4b32ace3
calculated fs for 0: [J@4b32ace3
calculated fs for 0: [J@4b32ace3
calculated fs for 0: [J@4b32ace3
calculated fs for 0: [J@4b32ace3
calculated fs for 0: [J@4b32ace3
calculated fs for 0: [J@4b32ace3
calculated fs for 0: [J@4b32ace3
calculated fs for 0: [J@4b32ace3
calculated fs for 0: [J@4b32ace3
calculated fs for 0: [J@4b32ace3
calculated fs for 0: [J@4b32ace3
calculated fs for 0: [J@4b32ace3
calculated fs for 0: [J@4b32ace3
calculated fs for 0: [J@4b32ace3
calculated fs for 0: [J@4b32ace3
calculated fs for 0: [J@4b32ace3
calculated fs for 0: [J@4b32ace3
calculated fs for 1: [J@6bf491a6
calculated fs for 1: [J@6bf491a6
calculated fs for 1: [J@6bf491a6
calculated fs for 1: [J@6bf491a6
calculated fs for 1: [J@6bf491a6
calculated fs for 1: [J@6bf491a6
calculated fs for 1: [J@6bf491a6
calculated fs for 1: [J@6bf491a6
calculated fs for 1: [J@6bf491a6
calculated fs for 1: [J@6bf491a6
calculated fs for 1: [J@6bf491a6
calculated fs for 1: [J@6bf491a6
calculated fs for 1: [J@6bf491a6
calculated fs for 1: [J@6bf491a6
calculated fs for 1: [J@6bf491a6
calculated fs for 1: [J@6bf491a6
calculated fs for 1: [J@6bf491a6
calculated fs for 1: [J@6bf491a6
calculated fs for 1: [J@6bf491a6
calculated fs for 1: [J@6bf491a6
calculated fs for 1: [J@6bf491a6
calculated fs for 1: [J@6bf491a6
calculated fs for 1: [J@6bf491a6
calculated fs for 1: [J@6bf491a6
calculated fs for 1: [J@6bf491a6
calculated fs for 1: [J@6bf491a6
calculated fs for 1: [J@6bf491a6
calculated fs for 1: [J@6bf491a6
calculated fs for 1: [J@6bf491a6
calculated fs for 1: [J@6bf491a6
calculated fs for 1: [J@6bf491a6
calculated fs for 1: [J@6bf491a6
calculated fs for 1: [J@6bf491a6
calculated fs for 1: [J@6bf491a6
calculated fs for 1: [J@6bf491a6
calculated fs for 1: [J@6bf491a6
calculated fs for 1: [J@6bf491a6
calculated fs for 1: [J@6bf491a6
calculated fs for 1: [J@6bf491a6
calculated fs for 1: [J@6bf491a6
calculated fs for 1: [J@6bf491a6
calculated fs for 1: [J@6bf491a6
calculated fs for 1: [J@6bf491a6
calculated fs for 1: [J@6bf491a6
calculated fs for 1: [J@6bf491a6
calculated fs for 1: [J@6bf491a6
calculated fs for 1: [J@6bf491a6
calculated fs for 1: [J@6bf491a6
calculated fs for 1: [J@6bf491a6
calculated fs for 1: [J@6bf491a6
calculated fs for 1: [J@6bf491a6
calculated fs for 1: [J@6bf491a6
calculated fs for 1: [J@6bf491a6
calculated fs for 1: [J@6bf491a6
calculated fs for 1: [J@6bf491a6
calculated fs for 1: [J@6bf491a6
calculated fs for 1: [J@6bf491a6
calculated fs for 1: [J@6bf491a6
calculated fs for 1: [J@6bf491a6
calculated fs for 1: [J@6bf491a6
calculated fs for 1: [J@6bf491a6
calculated fs for 1: [J@6bf491a6
calculated fs for 1: [J@6bf491a6
calculated fs for 1: [J@6bf491a6
calculated fs for 1: [J@6bf491a6
calculated fs for 1: [J@6bf491a6
calculated fs for 1: [J@6bf491a6
calculated fs for 1: [J@6bf491a6
calculated fs for 1: [J@6bf491a6
calculated fs for 1: [J@6bf491a6
calculated fs for 1: [J@6bf491a6
calculated fs for 1: [J@6bf491a6
calculated fs for 1: [J@6bf491a6
calculated fs for 1: [J@6bf491a6
calculated fs for 1: [J@6bf491a6
calculated fs for 1: [J@6bf491a6
calculated fs for 1: [J@6bf491a6
calculated fs for 1: [J@6bf491a6
calculated fs for 1: [J@6bf491a6
calculated fs for 1: [J@6bf491a6
calculated fs for 1: [J@6bf491a6
calculated fs for 1: [J@6bf491a6
calculated fs for 1: [J@6bf491a6
calculated fs for 1: [J@6bf491a6
calculated fs for 1: [J@6bf491a6
calculated fs for 1: [J@6bf491a6
calculated fs for 1: [J@6bf491a6
calculated fs for 1: [J@6bf491a6
calculated fs for 1: [J@6bf491a6
calculated fs for 1: [J@6bf491a6
calculated fs for 1: [J@6bf491a6
calculated fs for 1: [J@6bf491a6
calculated fs for 1: [J@6bf491a6
calculated fs for 1: [J@6bf491a6
calculated fs for 1: [J@6bf491a6
calculated fs for 1: [J@6bf491a6
calculated fs for 1: [J@6bf491a6
calculated fs for 1: [J@6bf491a6
calculated fs for 1: [J@6bf491a6
calculated fs for 1: [J@6bf491a6
calculated fs for 1: [J@6bf491a6
calculated fs for 1: [J@6bf491a6
calculated fs for 1: [J@6bf491a6
calculated fs for 1: [J@6bf491a6
calculated fs for 1: [J@6bf491a6
calculated fs for 1: [J@6bf491a6
calculated fs for 1: [J@6bf491a6
calculated fs for 1: [J@6bf491a6
calculated fs for 1: [J@6bf491a6
calculated fs for 1: [J@6bf491a6
calculated fs for 1: [J@6bf491a6
calculated fs for 1: [J@6bf491a6
calculated fs for 1: [J@6bf491a6
calculated fs for 1: [J@6bf491a6
calculated fs for 1: [J@6bf491a6
calculated fs for 1: [J@6bf491a6
calculated fs for 1: [J@6bf491a6
calculated fs for 1: [J@6bf491a6
calculated fs for 1: [J@6bf491a6
calculated fs for 1: [J@6bf491a6
calculated fs for 1: [J@6bf491a6
calculated fs for 1: [J@6bf491a6
calculated fs for 1: [J@6bf491a6
calculated fs for 1: [J@6bf491a6
calculated fs for 1: [J@6bf491a6
calculated fs for 1: [J@6bf491a6
calculated fs for 1: [J@6bf491a6
calculated fs for 1: [J@6bf491a6
calculated fs for 1: [J@6bf491a6
calculated fs for 1: [J@6bf491a6
calculated fs for 1: [J@6bf491a6
calculated fs for 1: [J@6bf491a6
calculated fs for 1: [J@6bf491a6
calculated fs for 1: [J@6bf491a6
calculated fs for 1: [J@6bf491a6
calculated fs for 1: [J@6bf491a6
calculated fs for 1: [J@6bf491a6
calculated fs for 1: [J@6bf491a6
calculated fs for 1: [J@6bf491a6
calculated fs for 1: [J@6bf491a6
calculated fs for 1: [J@6bf491a6
calculated fs for 1: [J@6bf491a6
calculated fs for 1: [J@6bf491a6
calculated fs for 1: [J@6bf491a6
calculated fs for 1: [J@6bf491a6
calculated fs for 1: [J@6bf491a6
calculated fs for 1: [J@6bf491a6
calculated fs for 1: [J@6bf491a6
calculated fs for 1: [J@6bf491a6
calculated fs for 1: [J@6bf491a6
calculated fs for 1: [J@6bf491a6
calculated fs for 1: [J@6bf491a6
calculated fs for 1: [J@6bf491a6
calculated fs for 1: [J@6bf491a6
calculated fs for 1: [J@6bf491a6
calculated fs for 1: [J@6bf491a6
calculated fs for 1: [J@6bf491a6
calculated fs for 1: [J@6bf491a6
calculated fs for 1: [J@6bf491a6
calculated fs for 1: [J@6bf491a6
calculated fs for 1: [J@6bf491a6
calculated fs for 1: [J@6bf491a6
calculated fs for 1: [J@6bf491a6
calculated fs for 1: [J@6bf491a6
calculated fs for 1: [J@6bf491a6
calculated fs for 1: [J@6bf491a6
calculated fs for 1: [J@6bf491a6
calculated fs for 1: [J@6bf491a6
calculated fs for 1: [J@6bf491a6
calculated fs for 1: [J@6bf491a6
calculated fs for 1: [J@6bf491a6
calculated fs for 1: [J@6bf491a6
calculated fs for 1: [J@6bf491a6
calculated fs for 1: [J@6bf491a6
calculated fs for 1: [J@6bf491a6
calculated fs for 1: [J@6bf491a6
calculated fs for 1: [J@6bf491a6
calculated fs for 1: [J@6bf491a6
calculated fs for 1: [J@6bf491a6
calculated fs for 1: [J@6bf491a6
calculated fs for 1: [J@6bf491a6
calculated fs for 1: [J@6bf491a6
calculated fs for 1: [J@6bf491a6
calculated fs for 1: [J@6bf491a6
calculated fs for 1: [J@6bf491a6
calculated fs for 1: [J@6bf491a6
calculated fs for 1: [J@6bf491a6
calculated fs for 1: [J@6bf491a6
calculated fs for 1: [J@6bf491a6
calculated fs for 1: [J@6bf491a6
calculated fs for 1: [J@6bf491a6
calculated fs for 1: [J@6bf491a6
calculated fs for 1: [J@6bf491a6
calculated fs for 1: [J@6bf491a6
calculated fs for 1: [J@6bf491a6
calculated fs for 1: [J@6bf491a6
calculated fs for 1: [J@6bf491a6
calculated fs for 1: [J@6bf491a6
calculated fs for 1: [J@6bf491a6
calculated fs for 1: [J@6bf491a6
calculated fs for 1: [J@6bf491a6
calculated fs for 1: [J@6bf491a6
calculated fs for 1: [J@6bf491a6
calculated fs for 1: [J@6bf491a6
calculated fs for 1: [J@6bf491a6
calculated fs for 1: [J@6bf491a6
calculated fs for 1: [J@6bf491a6
calculated fs for 1: [J@6bf491a6
calculated fs for 1: [J@6bf491a6
calculated fs for 1: [J@6bf491a6
calculated fs for 1: [J@6bf491a6
calculated fs for 1: [J@6bf491a6
calculated fs for 1: [J@6bf491a6
calculated fs for 1: [J@6bf491a6
calculated fs for 1: [J@6bf491a6
calculated fs for 1: [J@6bf491a6
calculated fs for 1: [J@6bf491a6
calculated fs for 1: [J@6bf491a6
calculated fs for 1: [J@6bf491a6
calculated fs for 1: [J@6bf491a6
calculated fs for 1: [J@6bf491a6
calculated fs for 1: [J@6bf491a6
calculated fs for 1: [J@6bf491a6
calculated fs for 1: [J@6bf491a6
calculated fs for 1: [J@6bf491a6
calculated fs for 1: [J@6bf491a6
calculated fs for 1: [J@6bf491a6
calculated fs for 1: [J@6bf491a6
calculated fs for 1: [J@6bf491a6
calculated fs for 1: [J@6bf491a6
calculated fs for 1: [J@6bf491a6
calculated fs for 1: [J@6bf491a6
calculated fs for 1: [J@6bf491a6
calculated fs for 1: [J@6bf491a6
calculated fs for 1: [J@6bf491a6
calculated fs for 1: [J@6bf491a6
calculated fs for 1: [J@6bf491a6
calculated fs for 1: [J@6bf491a6
calculated fs for 1: [J@6bf491a6
calculated fs for 1: [J@6bf491a6
calculated fs for 1: [J@6bf491a6
calculated fs for 1: [J@6bf491a6
calculated fs for 1: [J@6bf491a6
calculated fs for 1: [J@6bf491a6
calculated fs for 1: [J@6bf491a6
calculated fs for 1: [J@6bf491a6
calculated fs for 1: [J@6bf491a6
calculated fs for 1: [J@6bf491a6
calculated fs for 1: [J@6bf491a6
calculated fs for 1: [J@6bf491a6
calculated fs for 1: [J@6bf491a6
calculated fs for 1: [J@6bf491a6
calculated fs for 1: [J@6bf491a6
calculated fs for 1: [J@6bf491a6
calculated fs for 1: [J@6bf491a6
calculated fs for 1: [J@6bf491a6
calculated fs for 1: [J@6bf491a6
calculated fs for 1: [J@6bf491a6
calculated fs for 1: [J@6bf491a6
calculated fs for 1: [J@6bf491a6
calculated fs for 1: [J@6bf491a6
calculated fs for 1: [J@6bf491a6
calculated fs for 1: [J@6bf491a6
calculated fs for 1: [J@6bf491a6
calculated fs for 1: [J@6bf491a6
calculated fs for 1: [J@6bf491a6
calculated fs for 1: [J@6bf491a6
calculated fs for 1: [J@6bf491a6
calculated fs for 1: [J@6bf491a6
calculated fs for 1: [J@6bf491a6
calculated fs for 1: [J@6bf491a6
calculated fs for 1: [J@6bf491a6
calculated fs for 1: [J@6bf491a6
calculated fs for 1: [J@6bf491a6
calculated fs for 1: [J@6bf491a6
calculated fs for 1: [J@6bf491a6
calculated fs for 1: [J@6bf491a6
calculated fs for 1: [J@6bf491a6
calculated fs for 1: [J@6bf491a6
calculated fs for 1: [J@6bf491a6
calculated fs for 1: [J@6bf491a6
calculated fs for 1: [J@6bf491a6
calculated fs for 1: [J@6bf491a6
calculated fs for 1: [J@6bf491a6
calculated fs for 1: [J@6bf491a6
calculated fs for 1: [J@6bf491a6
calculated fs for 1: [J@6bf491a6
calculated fs for 1: [J@6bf491a6
calculated fs for 1: [J@6bf491a6
calculated fs for 1: [J@6bf491a6
calculated fs for 1: [J@6bf491a6
calculated fs for 1: [J@6bf491a6
calculated fs for 1: [J@6bf491a6
calculated fs for 1: [J@6bf491a6
calculated fs for 1: [J@6bf491a6
calculated fs for 1: [J@6bf491a6
calculated fs for 1: [J@6bf491a6
calculated fs for 1: [J@6bf491a6
calculated fs for 1: [J@6bf491a6
calculated fs for 1: [J@6bf491a6
calculated fs for 1: [J@6bf491a6
calculated fs for 1: [J@6bf491a6
calculated fs for 1: [J@6bf491a6
calculated fs for 1: [J@6bf491a6
calculated fs for 1: [J@6bf491a6
calculated fs for 1: [J@6bf491a6
calculated fs for 1: [J@6bf491a6
calculated fs for 1: [J@6bf491a6
calculated fs for 1: [J@6bf491a6
calculated fs for 1: [J@6bf491a6
calculated fs for 1: [J@6bf491a6
calculated fs for 1: [J@6bf491a6
calculated fs for 1: [J@6bf491a6
calculated fs for 1: [J@6bf491a6
calculated fs for 1: [J@6bf491a6
calculated fs for 1: [J@6bf491a6
calculated fs for 1: [J@6bf491a6
calculated fs for 1: [J@6bf491a6
calculated fs for 1: [J@6bf491a6
calculated fs for 1: [J@6bf491a6
calculated fs for 1: [J@6bf491a6
calculated fs for 1: [J@6bf491a6
calculated fs for 1: [J@6bf491a6
calculated fs for 1: [J@6bf491a6
calculated fs for 1: [J@6bf491a6
calculated fs for 1: [J@6bf491a6
calculated fs for 1: [J@6bf491a6
calculated fs for 1: [J@6bf491a6
calculated fs for 1: [J@6bf491a6
calculated fs for 1: [J@6bf491a6
calculated fs for 1: [J@6bf491a6
calculated fs for 1: [J@6bf491a6
calculated fs for 1: [J@6bf491a6
calculated fs for 1: [J@6bf491a6
calculated fs for 1: [J@6bf491a6
calculated fs for 1: [J@6bf491a6
calculated fs for 1: [J@6bf491a6
calculated fs for 1: [J@6bf491a6
calculated fs for 1: [J@6bf491a6
calculated fs for 1: [J@6bf491a6
calculated fs for 2: [J@58660a9
calculated fs for 2: [J@58660a9
calculated fs for 2: [J@58660a9
calculated fs for 2: [J@58660a9
calculated fs for 2: [J@58660a9
calculated fs for 2: [J@58660a9
calculated fs for 2: [J@58660a9
calculated fs for 2: [J@58660a9
calculated fs for 2: [J@58660a9
calculated fs for 2: [J@58660a9
calculated fs for 2: [J@58660a9
calculated fs for 2: [J@58660a9
calculated fs for 2: [J@58660a9
calculated fs for 2: [J@58660a9
calculated fs for 2: [J@58660a9
calculated fs for 2: [J@58660a9
calculated fs for 2: [J@58660a9
calculated fs for 2: [J@58660a9
calculated fs for 2: [J@58660a9
calculated fs for 2: [J@58660a9
calculated fs for 2: [J@58660a9
calculated fs for 2: [J@58660a9
calculated fs for 2: [J@58660a9
calculated fs for 2: [J@58660a9
calculated fs for 2: [J@58660a9
calculated fs for 2: [J@58660a9
calculated fs for 2: [J@58660a9
calculated fs for 2: [J@58660a9
calculated fs for 2: [J@58660a9
calculated fs for 2: [J@58660a9
calculated fs for 2: [J@58660a9
calculated fs for 2: [J@58660a9
calculated fs for 2: [J@58660a9
calculated fs for 2: [J@58660a9
calculated fs for 2: [J@58660a9
calculated fs for 2: [J@58660a9
calculated fs for 2: [J@58660a9
calculated fs for 2: [J@58660a9
calculated fs for 2: [J@58660a9
calculated fs for 2: [J@58660a9
calculated fs for 2: [J@58660a9
calculated fs for 2: [J@58660a9
calculated fs for 2: [J@58660a9
calculated fs for 2: [J@58660a9
calculated fs for 2: [J@58660a9
calculated fs for 2: [J@58660a9
calculated fs for 2: [J@58660a9
calculated fs for 2: [J@58660a9
calculated fs for 2: [J@58660a9
calculated fs for 2: [J@58660a9
calculated fs for 2: [J@58660a9
calculated fs for 2: [J@58660a9
calculated fs for 2: [J@58660a9
calculated fs for 2: [J@58660a9
calculated fs for 2: [J@58660a9
calculated fs for 2: [J@58660a9
calculated fs for 2: [J@58660a9
calculated fs for 2: [J@58660a9
calculated fs for 2: [J@58660a9
calculated fs for 2: [J@58660a9
calculated fs for 2: [J@58660a9
calculated fs for 2: [J@58660a9
calculated fs for 2: [J@58660a9
calculated fs for 2: [J@58660a9
calculated fs for 2: [J@58660a9
calculated fs for 2: [J@58660a9
calculated fs for 2: [J@58660a9
calculated fs for 2: [J@58660a9
calculated fs for 2: [J@58660a9
calculated fs for 2: [J@58660a9
calculated fs for 2: [J@58660a9
calculated fs for 2: [J@58660a9
calculated fs for 2: [J@58660a9
calculated fs for 2: [J@58660a9
calculated fs for 2: [J@58660a9
calculated fs for 2: [J@58660a9
calculated fs for 2: [J@58660a9
calculated fs for 2: [J@58660a9
calculated fs for 2: [J@58660a9
calculated fs for 2: [J@58660a9
calculated fs for 2: [J@58660a9
calculated fs for 2: [J@58660a9
calculated fs for 2: [J@58660a9
calculated fs for 2: [J@58660a9
calculated fs for 2: [J@58660a9
calculated fs for 2: [J@58660a9
calculated fs for 2: [J@58660a9
calculated fs for 2: [J@58660a9
calculated fs for 2: [J@58660a9
calculated fs for 2: [J@58660a9
calculated fs for 2: [J@58660a9
calculated fs for 2: [J@58660a9
calculated fs for 2: [J@58660a9
calculated fs for 2: [J@58660a9
calculated fs for 2: [J@58660a9
calculated fs for 2: [J@58660a9
calculated fs for 2: [J@58660a9
calculated fs for 2: [J@58660a9
calculated fs for 2: [J@58660a9
calculated fs for 2: [J@58660a9
calculated fs for 2: [J@58660a9
calculated fs for 2: [J@58660a9
calculated fs for 2: [J@58660a9
calculated fs for 2: [J@58660a9
calculated fs for 2: [J@58660a9
calculated fs for 2: [J@58660a9
calculated fs for 2: [J@58660a9
calculated fs for 2: [J@58660a9
calculated fs for 2: [J@58660a9
calculated fs for 2: [J@58660a9
calculated fs for 2: [J@58660a9
calculated fs for 2: [J@58660a9
calculated fs for 2: [J@58660a9
calculated fs for 2: [J@58660a9
calculated fs for 2: [J@58660a9
calculated fs for 2: [J@58660a9
calculated fs for 2: [J@58660a9
calculated fs for 2: [J@58660a9
calculated fs for 2: [J@58660a9
calculated fs for 2: [J@58660a9
calculated fs for 2: [J@58660a9
calculated fs for 2: [J@58660a9
calculated fs for 2: [J@58660a9
calculated fs for 2: [J@58660a9
calculated fs for 2: [J@58660a9
calculated fs for 2: [J@58660a9
calculated fs for 2: [J@58660a9
calculated fs for 2: [J@58660a9
calculated fs for 2: [J@58660a9
calculated fs for 2: [J@58660a9
calculated fs for 2: [J@58660a9
calculated fs for 2: [J@58660a9
calculated fs for 2: [J@58660a9
calculated fs for 2: [J@58660a9
calculated fs for 2: [J@58660a9
calculated fs for 2: [J@58660a9
calculated fs for 2: [J@58660a9
calculated fs for 2: [J@58660a9
calculated fs for 2: [J@58660a9
calculated fs for 2: [J@58660a9
calculated fs for 2: [J@58660a9
calculated fs for 2: [J@58660a9
calculated fs for 2: [J@58660a9
calculated fs for 2: [J@58660a9
calculated fs for 2: [J@58660a9
calculated fs for 2: [J@58660a9
calculated fs for 2: [J@58660a9
calculated fs for 2: [J@58660a9
calculated fs for 2: [J@58660a9
calculated fs for 2: [J@58660a9
calculated fs for 2: [J@58660a9
calculated fs for 2: [J@58660a9
calculated fs for 2: [J@58660a9
calculated fs for 2: [J@58660a9
calculated fs for 2: [J@58660a9
calculated fs for 2: [J@58660a9
calculated fs for 2: [J@58660a9
calculated fs for 2: [J@58660a9
calculated fs for 2: [J@58660a9
calculated fs for 2: [J@58660a9
calculated fs for 2: [J@58660a9
calculated fs for 2: [J@58660a9
calculated fs for 2: [J@58660a9
calculated fs for 2: [J@58660a9
calculated fs for 2: [J@58660a9
calculated fs for 2: [J@58660a9
calculated fs for 2: [J@58660a9
calculated fs for 2: [J@58660a9
calculated fs for 2: [J@58660a9
calculated fs for 2: [J@58660a9
calculated fs for 2: [J@58660a9
calculated fs for 2: [J@58660a9
calculated fs for 2: [J@58660a9
calculated fs for 2: [J@58660a9
calculated fs for 2: [J@58660a9
calculated fs for 2: [J@58660a9
calculated fs for 2: [J@58660a9
calculated fs for 2: [J@58660a9
calculated fs for 2: [J@58660a9
calculated fs for 2: [J@58660a9
calculated fs for 2: [J@58660a9
calculated fs for 2: [J@58660a9
calculated fs for 2: [J@58660a9
calculated fs for 2: [J@58660a9
calculated fs for 2: [J@58660a9
calculated fs for 2: [J@58660a9
calculated fs for 2: [J@58660a9
calculated fs for 2: [J@58660a9
calculated fs for 2: [J@58660a9
calculated fs for 2: [J@58660a9
calculated fs for 2: [J@58660a9
calculated fs for 2: [J@58660a9
calculated fs for 2: [J@58660a9
calculated fs for 2: [J@58660a9
calculated fs for 2: [J@58660a9
calculated fs for 2: [J@58660a9
calculated fs for 2: [J@58660a9
calculated fs for 2: [J@58660a9
calculated fs for 2: [J@58660a9
calculated fs for 2: [J@58660a9
calculated fs for 2: [J@58660a9
calculated fs for 2: [J@58660a9
calculated fs for 2: [J@58660a9
calculated fs for 2: [J@58660a9
calculated fs for 2: [J@58660a9
calculated fs for 2: [J@58660a9
calculated fs for 2: [J@58660a9
calculated fs for 2: [J@58660a9
calculated fs for 2: [J@58660a9
calculated fs for 2: [J@58660a9
calculated fs for 2: [J@58660a9
calculated fs for 2: [J@58660a9
calculated fs for 2: [J@58660a9
calculated fs for 2: [J@58660a9
calculated fs for 2: [J@58660a9
calculated fs for 2: [J@58660a9
calculated fs for 2: [J@58660a9
calculated fs for 2: [J@58660a9
calculated fs for 2: [J@58660a9
calculated fs for 2: [J@58660a9
calculated fs for 2: [J@58660a9
calculated fs for 2: [J@58660a9
calculated fs for 2: [J@58660a9
calculated fs for 2: [J@58660a9
calculated fs for 2: [J@58660a9
calculated fs for 2: [J@58660a9
calculated fs for 2: [J@58660a9
calculated fs for 2: [J@58660a9
calculated fs for 2: [J@58660a9
calculated fs for 2: [J@58660a9
calculated fs for 2: [J@58660a9
calculated fs for 2: [J@58660a9
calculated fs for 2: [J@58660a9
calculated fs for 2: [J@58660a9
calculated fs for 2: [J@58660a9
calculated fs for 2: [J@58660a9
calculated fs for 2: [J@58660a9
calculated fs for 2: [J@58660a9
calculated fs for 2: [J@58660a9
calculated fs for 2: [J@58660a9
calculated fs for 2: [J@58660a9
calculated fs for 2: [J@58660a9
calculated fs for 2: [J@58660a9
calculated fs for 2: [J@58660a9
calculated fs for 2: [J@58660a9
calculated fs for 2: [J@58660a9
calculated fs for 2: [J@58660a9
calculated fs for 2: [J@58660a9
calculated fs for 2: [J@58660a9
calculated fs for 2: [J@58660a9
calculated fs for 2: [J@58660a9
calculated fs for 2: [J@58660a9
calculated fs for 2: [J@58660a9
calculated fs for 2: [J@58660a9
calculated fs for 2: [J@58660a9
calculated fs for 2: [J@58660a9
calculated fs for 2: [J@58660a9
calculated fs for 2: [J@58660a9
calculated fs for 2: [J@58660a9
calculated fs for 2: [J@58660a9
calculated fs for 2: [J@58660a9
calculated fs for 2: [J@58660a9
calculated fs for 2: [J@58660a9
calculated fs for 2: [J@58660a9
calculated fs for 2: [J@58660a9
calculated fs for 2: [J@58660a9
calculated fs for 2: [J@58660a9
calculated fs for 2: [J@58660a9
calculated fs for 2: [J@58660a9
calculated fs for 2: [J@58660a9
calculated fs for 2: [J@58660a9
calculated fs for 2: [J@58660a9
calculated fs for 2: [J@58660a9
calculated fs for 2: [J@58660a9
calculated fs for 2: [J@58660a9
calculated fs for 2: [J@58660a9
calculated fs for 2: [J@58660a9
calculated fs for 2: [J@58660a9
calculated fs for 2: [J@58660a9
calculated fs for 2: [J@58660a9
calculated fs for 2: [J@58660a9
calculated fs for 2: [J@58660a9
calculated fs for 2: [J@58660a9
calculated fs for 2: [J@58660a9
calculated fs for 2: [J@58660a9
calculated fs for 2: [J@58660a9
calculated fs for 2: [J@58660a9
calculated fs for 2: [J@58660a9
calculated fs for 2: [J@58660a9
calculated fs for 2: [J@58660a9
calculated fs for 2: [J@58660a9
calculated fs for 2: [J@58660a9
calculated fs for 2: [J@58660a9
calculated fs for 2: [J@58660a9
calculated fs for 2: [J@58660a9
calculated fs for 2: [J@58660a9
calculated fs for 2: [J@58660a9
calculated fs for 2: [J@58660a9
calculated fs for 2: [J@58660a9
calculated fs for 2: [J@58660a9
calculated fs for 2: [J@58660a9
calculated fs for 2: [J@58660a9
calculated fs for 2: [J@58660a9
calculated fs for 2: [J@58660a9
calculated fs for 2: [J@58660a9
calculated fs for 2: [J@58660a9
calculated fs for 2: [J@58660a9
calculated fs for 2: [J@58660a9
calculated fs for 2: [J@58660a9
calculated fs for 2: [J@58660a9
calculated fs for 2: [J@58660a9
calculated fs for 2: [J@58660a9
calculated fs for 2: [J@58660a9
calculated fs for 2: [J@58660a9
calculated fs for 2: [J@58660a9
calculated fs for 2: [J@58660a9
calculated fs for 2: [J@58660a9
calculated fs for 2: [J@58660a9
calculated fs for 2: [J@58660a9
calculated fs for 2: [J@58660a9
calculated fs for 2: [J@58660a9
calculated fs for 2: [J@58660a9
calculated fs for 2: [J@58660a9
calculated fs for 2: [J@58660a9
calculated fs for 2: [J@58660a9
calculated fs for 2: [J@58660a9
calculated fs for 2: [J@58660a9
calculated fs for 2: [J@58660a9
calculated fs for 2: [J@58660a9
calculated fs for 2: [J@58660a9
calculated fs for 2: [J@58660a9
calculated fs for 2: [J@58660a9
calculated fs for 2: [J@58660a9
calculated fs for 2: [J@58660a9
calculated fs for 2: [J@58660a9
calculated fs for 2: [J@58660a9
calculated fs for 2: [J@58660a9
calculated fs for 2: [J@58660a9
calculated fs for 2: [J@58660a9
calculated fs for 2: [J@58660a9
calculated nfs for 0: [J@3933fa14
calculated nfs for 0: [J@3933fa14
calculated nfs for 1: [J@3675463
calculated nfs for 1: [J@3675463
calculated nfs for 2: [J@74d53153
calculated nfs for 2: [J@74d53153
calculated iMatrix for 2, 0, 0, 0: -0.22938640535023264
calculated iMatrix for 2, 0, 0, 1: 0.11665014038344396
calculated iMatrix for 2, 0, 0, 2: 0.015517960835138789
calculated iMatrix for 2, 0, 0, 3: 0.12907266038200116
calculated iMatrix for 2, 0, 0, 4: 0.07115001264929655
calculated iMatrix for 2, 0, 0, 5: -0.016715153079497447
calculated iMatrix for 2, 0, 0, 6: 0.175592676016894
calculated iMatrix for 2, 0, 0, 7: -0.08980649214575112
calculated iMatrix for 2, 0, 0, 8: -0.001613780110290175
calculated iMatrix for 2, 0, 0, 9: -0.2646276061465768
calculated iMatrix for 2, 0, 0, 10: -0.2763924477261632
calculated iMatrix for 2, 0, 0, 11: -0.03830731641375443
calculated iMatrix for 2, 0, 0, 12: 0.20008369602518983
calculated iMatrix for 2, 0, 0, 13: -0.10933836306299699
calculated iMatrix for 2, 0, 0, 14: 0.29071401193841706
calculated iMatrix for 2, 0, 0, 15: 0.02751246023250503
calculated iMatrix for 2, 0, 0, 16: 0.12330895566525107
calculated iMatrix for 2, 0, 0, 17: 0.04612357740125028
calculated iMatrix for 2, 0, 0, 18: -0.02045907358896254
calculated iMatrix for 2, 0, 0, 19: 0.1698946549022563
calculated iMatrix for 2, 0, 1, 0: -0.08611856274171359
calculated iMatrix for 2, 0, 1, 1: 0.3937652146090833
calculated iMatrix for 2, 0, 1, 2: -0.22082259657135245
calculated iMatrix for 2, 0, 1, 3: -0.40626752914757536
calculated iMatrix for 2, 0, 1, 4: 0.219395298675287
calculated iMatrix for 2, 0, 1, 5: -0.2226481717194726
calculated iMatrix for 2, 0, 1, 6: 0.12090934974284023
calculated iMatrix for 2, 0, 1, 7: 0.05102995337513183
calculated iMatrix for 2, 0, 1, 8: -0.029797235376903708
calculated iMatrix for 2, 0, 1, 9: 0.13963242059700348
calculated iMatrix for 2, 0, 1, 10: -0.07345160372947285
calculated iMatrix for 2, 0, 1, 11: -0.29393675737707275
calculated iMatrix for 2, 0, 1, 12: -0.03304618909443405
calculated iMatrix for 2, 0, 1, 13: 0.004774943704423995
calculated iMatrix for 2, 0, 1, 14: 0.3395233848977919
calculated iMatrix for 2, 0, 1, 15: -0.09098922439480048
calculated iMatrix for 2, 0, 1, 16: 0.19721046554921928
calculated iMatrix for 2, 0, 1, 17: 0.22816356302623209
calculated iMatrix for 2, 0, 1, 18: 0.216084037371631
calculated iMatrix for 2, 0, 1, 19: 0.3040815703296692
calculated iMatrix for 2, 0, 2, 0: -0.09017983543924196
calculated iMatrix for 2, 0, 2, 1: 0.3616949556507546
calculated iMatrix for 2, 0, 2, 2: -0.23523437523265567
calculated iMatrix for 2, 0, 2, 3: -0.14923727224091654
calculated iMatrix for 2, 0, 2, 4: 0.1249489431981391
calculated iMatrix for 2, 0, 2, 5: -0.008913082591901766
calculated iMatrix for 2, 0, 2, 6: 0.08298155318173417
calculated iMatrix for 2, 0, 2, 7: 0.19875258101999105
calculated iMatrix for 2, 0, 2, 8: -0.012702802017603543
calculated iMatrix for 2, 0, 2, 9: 0.13653538158359074
calculated iMatrix for 2, 0, 2, 10: -0.017530813809874257
calculated iMatrix for 2, 0, 2, 11: 0.08757292947524836
calculated iMatrix for 2, 0, 2, 12: 0.19208562821073527
calculated iMatrix for 2, 0, 2, 13: -0.14462317009503986
calculated iMatrix for 2, 0, 2, 14: -0.15301342656565864
calculated iMatrix for 2, 0, 2, 15: -0.09534396557900662
calculated iMatrix for 2, 0, 2, 16: -0.29853357360337673
calculated iMatrix for 2, 0, 2, 17: 0.3693524939391982
calculated iMatrix for 2, 0, 2, 18: -0.03716275866032917
calculated iMatrix for 2, 0, 2, 19: -0.19542338519249614
calculated iMatrix for 2, 0, 3, 0: -0.03383081055485196
calculated iMatrix for 2, 0, 3, 1: 0.01128962472561762
calculated iMatrix for 2, 0, 3, 2: -0.04135410875980433
calculated iMatrix for 2, 0, 3, 3: -0.14505644566507628
calculated iMatrix for 2, 0, 3, 4: 0.2101404834707829
calculated iMatrix for 2, 0, 3, 5: -0.25416931094145295
calculated iMatrix for 2, 0, 3, 6: -0.4664360506140282
calculated iMatrix for 2, 0, 3, 7: 0.18413243756502862
calculated iMatrix for 2, 0, 3, 8: -0.1550315907218957
calculated iMatrix for 2, 0, 3, 9: 0.030226825745368613
calculated iMatrix for 2, 0, 3, 10: 0.053086753404079035
calculated iMatrix for 2, 0, 3, 11: 0.08601317092155414
calculated iMatrix for 2, 0, 3, 12: 0.1698946549022563
calculated iMatrix for 2, 0, 3, 13: 0.12907266038200116
calculated iMatrix for 2, 0, 3, 14: 0.23193004582170895
calculated iMatrix for 2, 0, 3, 15: -0.058303667073577536
calculated iMatrix for 2, 0, 3, 16: -0.06128106810921774
calculated iMatrix for 2, 0, 3, 17: 0.06112199847349348
calculated iMatrix for 2, 0, 3, 18: -0.10933836306299699
calculated iMatrix for 2, 0, 3, 19: 0.12907266038200116
calculated iMatrix for 2, 0, 4, 0: 0.01128962472561762
calculated iMatrix for 2, 0, 4, 1: 0.12907266038200116
calculated iMatrix for 2, 0, 4, 2: -0.24360262490317225
calculated iMatrix for 2, 0, 4, 3: -0.11208939643488688
calculated iMatrix for 2, 0, 4, 4: 0.6150302175699784
calculated iMatrix for 2, 0, 4, 5: -0.16182588316061403
calculated iMatrix for 2, 0, 4, 6: 0.2291561189389837
calculated iMatrix for 2, 0, 4, 7: 0.18764101453306847
calculated iMatrix for 2, 0, 4, 8: -0.17373829366607985
calculated iMatrix for 2, 0, 4, 9: 0.14800067026752006
calculated iMatrix for 2, 0, 4, 10: 0.38690176968410095
calculated iMatrix for 2, 0, 4, 11: -0.02150019809737319
calculated iMatrix for 2, 0, 4, 12: -0.015861364340333084
calculated iMatrix for 2, 0, 4, 13: -0.3893328589067586
calculated iMatrix for 2, 0, 4, 14: -0.3056628300262765
calculated iMatrix for 2, 0, 4, 15: -0.1810822679218383
calculated iMatrix for 2, 0, 4, 16: -0.077941509002325
calculated iMatrix for 2, 0, 4, 17: 0.14907332708867066
calculated iMatrix for 2, 0, 4, 18: 0.14231788713202181
calculated iMatrix for 2, 0, 4, 19: 0.3984055941655855
calculated iMatrix for 2, 0, 5, 0: -0.027176656102178398
calculated iMatrix for 2, 0, 5, 1: 0.01128962472561762
calculated iMatrix for 2, 0, 5, 2: -0.3826146609814707
calculated iMatrix for 2, 0, 5, 3: -0.1810822679218383
calculated iMatrix for 2, 0, 5, 4: 0.2420960487853966
calculated iMatrix for 2, 0, 5, 5: 0.10955984615841946
calculated iMatrix for 2, 0, 5, 6: 0.2569060318918861
calculated iMatrix for 2, 0, 5, 7: 0.07500543911172536
calculated iMatrix for 2, 0, 5, 8: -0.03462007657846028
calculated iMatrix for 2, 0, 5, 9: 0.03792049072634002
calculated iMatrix for 2, 0, 5, 10: -0.02507801944525706
calculated iMatrix for 2, 0, 5, 11: 0.04407944754860854
calculated iMatrix for 2, 0, 5, 12: 0.3403817540492081
calculated iMatrix for 2, 0, 5, 13: -0.11696471079806106
calculated iMatrix for 2, 0, 5, 14: -0.1465808362041727
calculated iMatrix for 2, 0, 5, 15: -0.4024331686215283
calculated iMatrix for 2, 0, 5, 16: 0.07401288319897381
calculated iMatrix for 2, 0, 5, 17: 0.09830100171524747
calculated iMatrix for 2, 0, 5, 18: -0.02150019809737319
calculated iMatrix for 2, 0, 5, 19: 0.3257829546280553
calculated iMatrix for 2, 0, 6, 0: -0.15520689092394002
calculated iMatrix for 2, 0, 6, 1: 0.14050135620562387
calculated iMatrix for 2, 0, 6, 2: 0.3286474653235152
calculated iMatrix for 2, 0, 6, 3: 0.008538591353727754
calculated iMatrix for 2, 0, 6, 4: -0.20493348374401818
calculated iMatrix for 2, 0, 6, 5: 0.3834183125661903
calculated iMatrix for 2, 0, 6, 6: 0.20544563916657516
calculated iMatrix for 2, 0, 6, 7: -0.5225255172650717
calculated iMatrix for 2, 0, 6, 8: 0.5181072270940695
calculated iMatrix for 2, 0, 6, 9: -0.3725763715790849
calculated iMatrix for 2, 0, 6, 10: -0.32950227304011165
calculated iMatrix for 2, 0, 6, 11: 0.4229085984081604
calculated iMatrix for 2, 0, 6, 12: 0.29814899042593523
calculated iMatrix for 2, 0, 6, 13: 0.13534227339559662
calculated iMatrix for 2, 0, 6, 14: 0.08028249621256917
calculated iMatrix for 2, 0, 6, 15: 0.45886621818390894
calculated iMatrix for 2, 0, 6, 16: -0.21886860358797672
calculated iMatrix for 2, 0, 6, 17: -0.4844568922132526
calculated iMatrix for 2, 0, 6, 18: 0.3214445530294572
calculated iMatrix for 2, 0, 6, 19: -0.04459083366883884
calculated iMatrix for 2, 0, 7, 0: -0.1253521903132973
calculated iMatrix for 2, 0, 7, 1: 0.11665014038344396
calculated iMatrix for 2, 0, 7, 2: 0.2476784027898481
calculated iMatrix for 2, 0, 7, 3: -0.24160633164074763
calculated iMatrix for 2, 0, 7, 4: -0.24623940955547577
calculated iMatrix for 2, 0, 7, 5: 0.6614818558151664
calculated iMatrix for 2, 0, 7, 6: 0.5459664643137884
calculated iMatrix for 2, 0, 7, 7: -0.41765251772234396
calculated iMatrix for 2, 0, 7, 8: 0.0262631665157802
calculated iMatrix for 2, 0, 7, 9: -0.5536655042632086
calculated iMatrix for 2, 0, 7, 10: -0.20895116693063076
calculated iMatrix for 2, 0, 7, 11: 0.5180084665389549
calculated iMatrix for 2, 0, 7, 12: 0.848746595275375
calculated iMatrix for 2, 0, 7, 13: -0.2192340338862146
calculated iMatrix for 2, 0, 7, 14: -0.3043012358432397
calculated iMatrix for 2, 0, 7, 15: 0.4344543099331829
calculated iMatrix for 2, 0, 7, 16: 0.1698946549022563
calculated iMatrix for 2, 0, 7, 17: -0.2313687663522081
calculated iMatrix for 2, 0, 7, 18: -0.5718566606199991
calculated iMatrix for 2, 0, 7, 19: -0.29789865294712686
calculated iMatrix for 2, 0, 8, 0: NaN
calculated iMatrix for 2, 0, 8, 1: NaN
calculated iMatrix for 2, 0, 8, 2: 5.355145869179179E-5
calculated iMatrix for 2, 0, 8, 3: NaN
calculated iMatrix for 2, 0, 8, 4: NaN
calculated iMatrix for 2, 0, 8, 5: NaN
calculated iMatrix for 2, 0, 8, 6: NaN
calculated iMatrix for 2, 0, 8, 7: NaN
calculated iMatrix for 2, 0, 8, 8: NaN
calculated iMatrix for 2, 0, 8, 9: NaN
calculated iMatrix for 2, 0, 8, 10: NaN
calculated iMatrix for 2, 0, 8, 11: NaN
calculated iMatrix for 2, 0, 8, 12: NaN
calculated iMatrix for 2, 0, 8, 13: NaN
calculated iMatrix for 2, 0, 8, 14: NaN
calculated iMatrix for 2, 0, 8, 15: NaN
calculated iMatrix for 2, 0, 8, 16: NaN
calculated iMatrix for 2, 0, 8, 17: NaN
calculated iMatrix for 2, 0, 8, 18: NaN
calculated iMatrix for 2, 0, 8, 19: NaN
calculated iMatrix for 2, 0, 9, 0: -0.54054402276775
calculated iMatrix for 2, 0, 9, 1: -0.2763924477261632
calculated iMatrix for 2, 0, 9, 2: 0.3243814127027669
calculated iMatrix for 2, 0, 9, 3: -0.2763924477261632
calculated iMatrix for 2, 0, 9, 4: -0.5016390492371517
calculated iMatrix for 2, 0, 9, 5: 1.1939326622452193
calculated iMatrix for 2, 0, 9, 6: 0.189697282198436
calculated iMatrix for 2, 0, 9, 7: -0.45733564454999653
calculated iMatrix for 2, 0, 9, 8: 0.11038052736984866
calculated iMatrix for 2, 0, 9, 9: -0.47706314318831433
calculated iMatrix for 2, 0, 9, 10: -0.8153889484588501
calculated iMatrix for 2, 0, 9, 11: 0.30552909772355774
calculated iMatrix for 2, 0, 9, 12: 1.7210755109940001
calculated iMatrix for 2, 0, 9, 13: -0.09946173956708498
calculated iMatrix for 2, 0, 9, 14: -0.05813888170614526
calculated iMatrix for 2, 0, 9, 15: 0.26502829661803007
calculated iMatrix for 2, 0, 9, 16: 0.30900187153733594
calculated iMatrix for 2, 0, 9, 17: -0.41341424529045434
calculated iMatrix for 2, 0, 9, 18: -0.29886530357822183
calculated iMatrix for 2, 0, 9, 19: -0.31449229395843364
calculated iMatrix for 2, 0, 10, 0: -0.17730154508193224
calculated iMatrix for 2, 0, 10, 1: -0.6951027825843481
calculated iMatrix for 2, 0, 10, 2: 0.4554692450144725
calculated iMatrix for 2, 0, 10, 3: 0.33267161562324066
calculated iMatrix for 2, 0, 10, 4: -0.4587140045201178
calculated iMatrix for 2, 0, 10, 5: -0.05972141091757094
calculated iMatrix for 2, 0, 10, 6: -0.03716275866032917
calculated iMatrix for 2, 0, 10, 7: -0.6846085892062175
calculated iMatrix for 2, 0, 10, 8: 0.38920478106555145
calculated iMatrix for 2, 0, 10, 9: -0.7578434628122496
calculated iMatrix for 2, 0, 10, 10: -0.6128646843473762
calculated iMatrix for 2, 0, 10, 11: 0.7507608769598015
calculated iMatrix for 2, 0, 10, 12: 1.1899446210672637
calculated iMatrix for 2, 0, 10, 13: 0.02760320021714152
calculated iMatrix for 2, 0, 10, 14: 0.07328130075358563
calculated iMatrix for 2, 0, 10, 15: 0.7839376543709295
calculated iMatrix for 2, 0, 10, 16: 0.4111836877843267
calculated iMatrix for 2, 0, 10, 17: -0.2821231224351482
calculated iMatrix for 2, 0, 10, 18: -0.6363951817575703
calculated iMatrix for 2, 0, 10, 19: -0.10576693069539977
calculated iMatrix for 2, 0, 11, 0: -0.32106488777775577
calculated iMatrix for 2, 0, 11, 1: 0.019873368417009207
calculated iMatrix for 2, 0, 11, 2: 0.05724692581074553
calculated iMatrix for 2, 0, 11, 3: -0.08918090563801687
calculated iMatrix for 2, 0, 11, 4: 0.1831398816522769
calculated iMatrix for 2, 0, 11, 5: 0.1955177597901539
calculated iMatrix for 2, 0, 11, 6: 0.04206128339237136
calculated iMatrix for 2, 0, 11, 7: 0.07947571924262908
calculated iMatrix for 2, 0, 11, 8: -0.33970472714049005
calculated iMatrix for 2, 0, 11, 9: 0.005020011712022265
calculated iMatrix for 2, 0, 11, 10: -0.43357803124857563
calculated iMatrix for 2, 0, 11, 11: 0.10972969753887019
calculated iMatrix for 2, 0, 11, 12: 0.5921076203116433
calculated iMatrix for 2, 0, 11, 13: -0.02045907358896254
calculated iMatrix for 2, 0, 11, 14: -0.4540736249636156
calculated iMatrix for 2, 0, 11, 15: 0.22101015570768673
calculated iMatrix for 2, 0, 11, 16: 0.4271175198693288
calculated iMatrix for 2, 0, 11, 17: -0.02999203424768629
calculated iMatrix for 2, 0, 11, 18: 0.15892562353168227
calculated iMatrix for 2, 0, 11, 19: -0.2178962410445546
calculated iMatrix for 2, 0, 12, 0: -0.21280134494463188
calculated iMatrix for 2, 0, 12, 1: 0.4441537070218964
calculated iMatrix for 2, 0, 12, 2: -0.0659417232103724
calculated iMatrix for 2, 0, 12, 3: -0.40155559068016927
calculated iMatrix for 2, 0, 12, 4: 0.510573488051437
calculated iMatrix for 2, 0, 12, 5: -0.17985452068351598
calculated iMatrix for 2, 0, 12, 6: -0.15624813588410003
calculated iMatrix for 2, 0, 12, 7: 0.5185374271437244
calculated iMatrix for 2, 0, 12, 8: -0.6606124472205914
calculated iMatrix for 2, 0, 12, 9: 0.39358767355224766
calculated iMatrix for 2, 0, 12, 10: 0.01128962472561762
calculated iMatrix for 2, 0, 12, 11: -0.25209975515711874
calculated iMatrix for 2, 0, 12, 12: 0.31667127427679953
calculated iMatrix for 2, 0, 12, 13: -0.30654548589685077
calculated iMatrix for 2, 0, 12, 14: -0.4426278667684934
calculated iMatrix for 2, 0, 12, 15: -0.03163541999141631
calculated iMatrix for 2, 0, 12, 16: 0.1936111815195724
calculated iMatrix for 2, 0, 12, 17: 0.38071479635058514
calculated iMatrix for 2, 0, 12, 18: 0.3980625998216296
calculated iMatrix for 2, 0, 12, 19: 0.1709197703175016
calculated iMatrix for 2, 0, 13, 0: -0.31395554930181174
calculated iMatrix for 2, 0, 13, 1: 0.14231788713202181
calculated iMatrix for 2, 0, 13, 2: 0.1847335074875549
calculated iMatrix for 2, 0, 13, 3: 0.0041211352470051366
calculated iMatrix for 2, 0, 13, 4: -0.04459083366883884
calculated iMatrix for 2, 0, 13, 5: 0.02858112183567868
calculated iMatrix for 2, 0, 13, 6: 0.028989201825018684
calculated iMatrix for 2, 0, 13, 7: -0.11208939643488688
calculated iMatrix for 2, 0, 13, 8: -0.14982972441773398
calculated iMatrix for 2, 0, 13, 9: -0.2530813688577161
calculated iMatrix for 2, 0, 13, 10: -0.041078360791698215
calculated iMatrix for 2, 0, 13, 11: 0.20318063253572305
calculated iMatrix for 2, 0, 13, 12: 0.47955563407281254
calculated iMatrix for 2, 0, 13, 13: 0.2560723511433086
calculated iMatrix for 2, 0, 13, 14: 0.22259871839282458
calculated iMatrix for 2, 0, 13, 15: 0.29458709885957457
calculated iMatrix for 2, 0, 13, 16: -0.045151686179334044
calculated iMatrix for 2, 0, 13, 17: 0.07951884592727188
calculated iMatrix for 2, 0, 13, 18: 0.3775340196805008
calculated iMatrix for 2, 0, 13, 19: -0.3497237208117129
calculated iMatrix for 2, 0, 14, 0: -0.21952958583161997
calculated iMatrix for 2, 0, 14, 1: -0.12978897353428778
calculated iMatrix for 2, 0, 14, 2: 0.29465203603288226
calculated iMatrix for 2, 0, 14, 3: 0.013559773260156893
calculated iMatrix for 2, 0, 14, 4: 0.008236187238727433
calculated iMatrix for 2, 0, 14, 5: -0.12754682012859805
calculated iMatrix for 2, 0, 14, 6: -0.014028183258672167
calculated iMatrix for 2, 0, 14, 7: -0.09156776071409012
calculated iMatrix for 2, 0, 14, 8: -0.051569634892233485
calculated iMatrix for 2, 0, 14, 9: -0.2565898204299835
calculated iMatrix for 2, 0, 14, 10: -0.18744496170966712
calculated iMatrix for 2, 0, 14, 11: 0.20505856735992323
calculated iMatrix for 2, 0, 14, 12: 0.1709197703175016
calculated iMatrix for 2, 0, 14, 13: 0.062209715152874656
calculated iMatrix for 2, 0, 14, 14: 0.14134275297381554
calculated iMatrix for 2, 0, 14, 15: 0.16215838496776658
calculated iMatrix for 2, 0, 14, 16: 0.06685947588042851
calculated iMatrix for 2, 0, 14, 17: 0.09133233239915411
calculated iMatrix for 2, 0, 14, 18: 0.2091153680555376
calculated iMatrix for 2, 0, 14, 19: 0.050510337878899025
calculated iMatrix for 2, 0, 15, 0: -0.07672677747423606
calculated iMatrix for 2, 0, 15, 1: -0.12224176789890487
calculated iMatrix for 2, 0, 15, 2: -0.24880449120733428
calculated iMatrix for 2, 0, 15, 3: -0.03359595851055966
calculated iMatrix for 2, 0, 15, 4: 0.26771915367329424
calculated iMatrix for 2, 0, 15, 5: -0.16263356236950527
calculated iMatrix for 2, 0, 15, 6: 0.1803659547695517
calculated iMatrix for 2, 0, 15, 7: 0.08572221950838732
calculated iMatrix for 2, 0, 15, 8: -0.18759694894303217
calculated iMatrix for 2, 0, 15, 9: 0.12037695341444732
calculated iMatrix for 2, 0, 15, 10: 0.002320954742857262
calculated iMatrix for 2, 0, 15, 11: -0.057513295198410946
calculated iMatrix for 2, 0, 15, 12: 0.05427144729930278
calculated iMatrix for 2, 0, 15, 13: -0.07316420611289498
calculated iMatrix for 2, 0, 15, 14: -0.25804330905796663
calculated iMatrix for 2, 0, 15, 15: 0.032080394394691514
calculated iMatrix for 2, 0, 15, 16: 0.12907266038200116
calculated iMatrix for 2, 0, 15, 17: 0.2189289895038622
calculated iMatrix for 2, 0, 15, 18: 0.031092252021797495
calculated iMatrix for 2, 0, 15, 19: 0.3426467606800603
calculated iMatrix for 2, 0, 16, 0: -0.1183032043199766
calculated iMatrix for 2, 0, 16, 1: 0.3367120251602457
calculated iMatrix for 2, 0, 16, 2: -0.06128106810921774
calculated iMatrix for 2, 0, 16, 3: 0.002555944756863049
calculated iMatrix for 2, 0, 16, 4: 0.2791333549577344
calculated iMatrix for 2, 0, 16, 5: 0.002320954742857262
calculated iMatrix for 2, 0, 16, 6: 0.08224136069790217
calculated iMatrix for 2, 0, 16, 7: 0.03438533952026701
calculated iMatrix for 2, 0, 16, 8: -0.4681543982992048
calculated iMatrix for 2, 0, 16, 9: 0.05850000973553132
calculated iMatrix for 2, 0, 16, 10: 0.08954182162536584
calculated iMatrix for 2, 0, 16, 11: -0.03830731641375443
calculated iMatrix for 2, 0, 16, 12: -0.10851157508700288
calculated iMatrix for 2, 0, 16, 13: -0.1324982680660941
calculated iMatrix for 2, 0, 16, 14: -0.0883402162232236
calculated iMatrix for 2, 0, 16, 15: 0.08115930468610366
calculated iMatrix for 2, 0, 16, 16: 0.03492122925889468
calculated iMatrix for 2, 0, 16, 17: 0.216084037371631
calculated iMatrix for 2, 0, 16, 18: 0.2091153680555376
calculated iMatrix for 2, 0, 16, 19: 0.17708187956836174
calculated iMatrix for 2, 1, 0, 0: -0.009857024847571116
calculated iMatrix for 2, 1, 0, 1: 0.35412809107891685
calculated iMatrix for 2, 1, 0, 2: 0.05213563701445434
calculated iMatrix for 2, 1, 0, 3: -0.23398920698872017
calculated iMatrix for 2, 1, 0, 4: -0.25200771249139864
calculated iMatrix for 2, 1, 0, 5: 0.22194458920975313
calculated iMatrix for 2, 1, 0, 6: -0.007343025123308422
calculated iMatrix for 2, 1, 0, 7: 0.06199166827775571
calculated iMatrix for 2, 1, 0, 8: 0.2280462526078384
calculated iMatrix for 2, 1, 0, 9: 0.07541468860989653
calculated iMatrix for 2, 1, 0, 10: 0.1787752036010557
calculated iMatrix for 2, 1, 0, 11: 0.2599346059746672
calculated iMatrix for 2, 1, 0, 12: -0.06470482534723976
calculated iMatrix for 2, 1, 0, 13: 0.18982503978764065
calculated iMatrix for 2, 1, 0, 14: 0.024745289428191874
calculated iMatrix for 2, 1, 0, 15: -0.0582914324579491
calculated iMatrix for 2, 1, 0, 16: -0.10175567307979749
calculated iMatrix for 2, 1, 0, 17: -0.5732807293792153
calculated iMatrix for 2, 1, 0, 18: -0.5639467625887398
calculated iMatrix for 2, 1, 0, 19: -0.1756347337068247
calculated iMatrix for 2, 1, 1, 0: 0.007503482993685973
calculated iMatrix for 2, 1, 1, 1: 0.01797478286098131
calculated iMatrix for 2, 1, 1, 2: 0.06704948252813625
calculated iMatrix for 2, 1, 1, 3: -0.5294918585056894
calculated iMatrix for 2, 1, 1, 4: 0.0801261225312162
calculated iMatrix for 2, 1, 1, 5: 0.2644359035788153
calculated iMatrix for 2, 1, 1, 6: 0.44113946806854654
calculated iMatrix for 2, 1, 1, 7: 0.09885326158191399
calculated iMatrix for 2, 1, 1, 8: -0.02073972931970891
calculated iMatrix for 2, 1, 1, 9: -0.34917146094504625
calculated iMatrix for 2, 1, 1, 10: -0.20321754832196648
calculated iMatrix for 2, 1, 1, 11: 0.4640479588654167
calculated iMatrix for 2, 1, 1, 12: 0.39881484366375664
calculated iMatrix for 2, 1, 1, 13: 0.016381157025703308
calculated iMatrix for 2, 1, 1, 14: -0.45306030599141645
calculated iMatrix for 2, 1, 1, 15: 0.1550820913437676
calculated iMatrix for 2, 1, 1, 16: -0.06506720984114933
calculated iMatrix for 2, 1, 1, 17: -0.2827793711581523
calculated iMatrix for 2, 1, 1, 18: 0.1490030452673854
calculated iMatrix for 2, 1, 1, 19: -0.2827793711581523
calculated iMatrix for 2, 1, 2, 0: -0.2068294386383691
calculated iMatrix for 2, 1, 2, 1: -0.09785703266414014
calculated iMatrix for 2, 1, 2, 2: -0.05684900893676348
calculated iMatrix for 2, 1, 2, 3: -0.09785703266414014
calculated iMatrix for 2, 1, 2, 4: -0.22668990450710869
calculated iMatrix for 2, 1, 2, 5: 0.15569203341818194
calculated iMatrix for 2, 1, 2, 6: -0.09785703266414014
calculated iMatrix for 2, 1, 2, 7: 0.01289433162856235
calculated iMatrix for 2, 1, 2, 8: 0.12268573695001206
calculated iMatrix for 2, 1, 2, 9: -0.31119658388172944
calculated iMatrix for 2, 1, 2, 10: -0.3429794906971253
calculated iMatrix for 2, 1, 2, 11: 0.16629454237744645
calculated iMatrix for 2, 1, 2, 12: -0.03598162894605306
calculated iMatrix for 2, 1, 2, 13: -0.15848165448057516
calculated iMatrix for 2, 1, 2, 14: 0.2599346059746672
calculated iMatrix for 2, 1, 2, 15: 0.12769325868063452
calculated iMatrix for 2, 1, 2, 16: 0.198408783479032
calculated iMatrix for 2, 1, 2, 17: -0.22987518414239583
calculated iMatrix for 2, 1, 2, 18: 0.08902034066567488
calculated iMatrix for 2, 1, 2, 19: 0.5734711005011652
calculated iMatrix for 2, 1, 3, 0: -0.6667464573848925
calculated iMatrix for 2, 1, 3, 1: -0.8217758718908392
calculated iMatrix for 2, 1, 3, 2: 0.25436356092521173
calculated iMatrix for 2, 1, 3, 3: -0.02175768912549314
calculated iMatrix for 2, 1, 3, 4: -0.7538646662746289
calculated iMatrix for 2, 1, 3, 5: 0.4116254075553827
calculated iMatrix for 2, 1, 3, 6: 0.595290147895805
calculated iMatrix for 2, 1, 3, 7: -0.3169925625808112
calculated iMatrix for 2, 1, 3, 8: 0.3165767454267845
calculated iMatrix for 2, 1, 3, 9: -0.19094745573015226
calculated iMatrix for 2, 1, 3, 10: -0.19316721246846535
calculated iMatrix for 2, 1, 3, 11: 0.21707468223501625
calculated iMatrix for 2, 1, 3, 12: 0.007503482993685973
calculated iMatrix for 2, 1, 3, 13: -0.1184763198668759
calculated iMatrix for 2, 1, 3, 14: 0.09343319411257478
calculated iMatrix for 2, 1, 3, 15: 0.056906580066156565
calculated iMatrix for 2, 1, 3, 16: 0.27472448357412693
calculated iMatrix for 2, 1, 3, 17: -0.1150691615452617
calculated iMatrix for 2, 1, 3, 18: -0.24689261182462818
calculated iMatrix for 2, 1, 3, 19: -0.03885869190218472
calculated iMatrix for 2, 1, 4, 0: -0.43878361963473367
calculated iMatrix for 2, 1, 4, 1: 0.5034825986426821
calculated iMatrix for 2, 1, 4, 2: -0.02175768912549314
calculated iMatrix for 2, 1, 4, 3: -0.02175768912549314
calculated iMatrix for 2, 1, 4, 4: -0.37258795276884316
calculated iMatrix for 2, 1, 4, 5: 0.36887327123662605
calculated iMatrix for 2, 1, 4, 6: -0.3429794906971253
calculated iMatrix for 2, 1, 4, 7: 0.0016285185506652589
calculated iMatrix for 2, 1, 4, 8: -0.9361862230685833
calculated iMatrix for 2, 1, 4, 9: -0.0022864022788406935
calculated iMatrix for 2, 1, 4, 10: -0.332050420164935
calculated iMatrix for 2, 1, 4, 11: -0.17964646567261866
calculated iMatrix for 2, 1, 4, 12: -0.1759748119280924
calculated iMatrix for 2, 1, 4, 13: -0.5778551926348716
calculated iMatrix for 2, 1, 4, 14: -0.18882881086986725
calculated iMatrix for 2, 1, 4, 15: 0.5346655260793702
calculated iMatrix for 2, 1, 4, 16: 0.4366851177191664
calculated iMatrix for 2, 1, 4, 17: 0.4216266538449649
calculated iMatrix for 2, 1, 4, 18: 0.42823606323263874
calculated iMatrix for 2, 1, 4, 19: -0.0437898113938644
calculated iMatrix for 2, 1, 5, 0: -0.38956325541564674
calculated iMatrix for 2, 1, 5, 1: 0.03567435996038215
calculated iMatrix for 2, 1, 5, 2: 0.2227691955069946
calculated iMatrix for 2, 1, 5, 3: -0.11027955266269762
calculated iMatrix for 2, 1, 5, 4: 0.15592348811195933
calculated iMatrix for 2, 1, 5, 5: 0.19665100485804055
calculated iMatrix for 2, 1, 5, 6: -0.11690522763483502
calculated iMatrix for 2, 1, 5, 7: 0.26393301194136254
calculated iMatrix for 2, 1, 5, 8: -0.32929938679304493
calculated iMatrix for 2, 1, 5, 9: -0.011754333610728418
calculated iMatrix for 2, 1, 5, 10: -0.08387079068940029
calculated iMatrix for 2, 1, 5, 11: -0.4061583923186567
calculated iMatrix for 2, 1, 5, 12: -0.29852772812629125
calculated iMatrix for 2, 1, 5, 13: -0.32100058397834985
calculated iMatrix for 2, 1, 5, 14: 0.07734705636095018
calculated iMatrix for 2, 1, 5, 15: 0.07504952519521235
calculated iMatrix for 2, 1, 5, 16: -0.02914314011608843
calculated iMatrix for 2, 1, 5, 17: 0.38421917781586434
calculated iMatrix for 2, 1, 5, 18: 0.3889537148979765
calculated iMatrix for 2, 1, 5, 19: -0.08066463212376762
calculated iMatrix for 2, 1, 6, 0: -0.3401705000860704
calculated iMatrix for 2, 1, 6, 1: -0.4313486411472156
calculated iMatrix for 2, 1, 6, 2: -0.23950754972716704
calculated iMatrix for 2, 1, 6, 3: 0.25436356092521173
calculated iMatrix for 2, 1, 6, 4: 0.03567435996038215
calculated iMatrix for 2, 1, 6, 5: -0.0637451981572772
calculated iMatrix for 2, 1, 6, 6: -0.028177112026150475
calculated iMatrix for 2, 1, 6, 7: 0.39643928915063986
calculated iMatrix for 2, 1, 6, 8: -0.13095698109048515
calculated iMatrix for 2, 1, 6, 9: -0.11079382369485957
calculated iMatrix for 2, 1, 6, 10: 0.10466723144733381
calculated iMatrix for 2, 1, 6, 11: -0.38106482472100023
calculated iMatrix for 2, 1, 6, 12: -0.27495664547694343
calculated iMatrix for 2, 1, 6, 13: 0.061207661965547056
calculated iMatrix for 2, 1, 6, 14: 0.11286399865151231
calculated iMatrix for 2, 1, 6, 15: -0.3678841698772004
calculated iMatrix for 2, 1, 6, 16: 0.17106276333211756
calculated iMatrix for 2, 1, 6, 17: 0.464410573319576
calculated iMatrix for 2, 1, 6, 18: 0.07204200413125705
calculated iMatrix for 2, 1, 6, 19: 0.12083216830068921
calculated iMatrix for 2, 1, 7, 0: -0.21006902327106847
calculated iMatrix for 2, 1, 7, 1: -0.1668499041510918
calculated iMatrix for 2, 1, 7, 2: -1.5320908560731499
calculated iMatrix for 2, 1, 7, 3: -0.6810033180097572
calculated iMatrix for 2, 1, 7, 4: 0.6630083219507559
calculated iMatrix for 2, 1, 7, 5: -0.190322260336234
calculated iMatrix for 2, 1, 7, 6: -0.5498421564071974
calculated iMatrix for 2, 1, 7, 7: 0.7955803982325762
calculated iMatrix for 2, 1, 7, 8: -0.8633248748037117
calculated iMatrix for 2, 1, 7, 9: 0.5235982194396887
calculated iMatrix for 2, 1, 7, 10: -0.08527825045727999
calculated iMatrix for 2, 1, 7, 11: -1.0522995305026717
calculated iMatrix for 2, 1, 7, 12: -1.10945794434262
calculated iMatrix for 2, 1, 7, 13: -0.1386790271843954
calculated iMatrix for 2, 1, 7, 14: -0.8467148202380916
calculated iMatrix for 2, 1, 7, 15: -0.4822687315744725
calculated iMatrix for 2, 1, 7, 16: -0.1977023676338563
calculated iMatrix for 2, 1, 7, 17: 0.7452828175743997
calculated iMatrix for 2, 1, 7, 18: 1.1023350488218897
calculated iMatrix for 2, 1, 7, 19: 0.6547135683666059
calculated iMatrix for 2, 1, 8, 0: NaN
calculated iMatrix for 2, 1, 8, 1: NaN
calculated iMatrix for 2, 1, 8, 2: -1.026385437956634E-4
calculated iMatrix for 2, 1, 8, 3: NaN
calculated iMatrix for 2, 1, 8, 4: NaN
calculated iMatrix for 2, 1, 8, 5: NaN
calculated iMatrix for 2, 1, 8, 6: NaN
calculated iMatrix for 2, 1, 8, 7: NaN
calculated iMatrix for 2, 1, 8, 8: NaN
calculated iMatrix for 2, 1, 8, 9: NaN
calculated iMatrix for 2, 1, 8, 10: NaN
calculated iMatrix for 2, 1, 8, 11: NaN
calculated iMatrix for 2, 1, 8, 12: NaN
calculated iMatrix for 2, 1, 8, 13: NaN
calculated iMatrix for 2, 1, 8, 14: NaN
calculated iMatrix for 2, 1, 8, 15: NaN
calculated iMatrix for 2, 1, 8, 16: NaN
calculated iMatrix for 2, 1, 8, 17: NaN
calculated iMatrix for 2, 1, 8, 18: NaN
calculated iMatrix for 2, 1, 8, 19: NaN
calculated iMatrix for 2, 1, 9, 0: -0.04770724897866874
calculated iMatrix for 2, 1, 9, 1: 0.10978233211410426
calculated iMatrix for 2, 1, 9, 2: -0.4721392133356166
calculated iMatrix for 2, 1, 9, 3: -0.5833648484458411
calculated iMatrix for 2, 1, 9, 4: 0.5717596504856108
calculated iMatrix for 2, 1, 9, 5: -0.5991546501784764
calculated iMatrix for 2, 1, 9, 6: -0.25646206284077877
calculated iMatrix for 2, 1, 9, 7: 0.7694483940505987
calculated iMatrix for 2, 1, 9, 8: -1.0747723863547303
calculated iMatrix for 2, 1, 9, 9: 0.32726727040416237
calculated iMatrix for 2, 1, 9, 10: 0.20509251191842903
calculated iMatrix for 2, 1, 9, 11: 0.1787752036010557
calculated iMatrix for 2, 1, 9, 12: -0.46558181278945776
calculated iMatrix for 2, 1, 9, 13: -0.9323177462906633
calculated iMatrix for 2, 1, 9, 14: -0.6810033180097572
calculated iMatrix for 2, 1, 9, 15: 0.27472448357412693
calculated iMatrix for 2, 1, 9, 16: -0.09353737151962394
calculated iMatrix for 2, 1, 9, 17: 0.566540734609819
calculated iMatrix for 2, 1, 9, 18: 0.022770955124474357
calculated iMatrix for 2, 1, 9, 19: 0.06793522217860382
calculated iMatrix for 2, 1, 10, 0: -0.4715734424577245
calculated iMatrix for 2, 1, 10, 1: -0.09785703266414014
calculated iMatrix for 2, 1, 10, 2: 0.1747871624231001
calculated iMatrix for 2, 1, 10, 3: -0.19063876611510633
calculated iMatrix for 2, 1, 10, 4: -0.32100058397834985
calculated iMatrix for 2, 1, 10, 5: 0.28319911056509905
calculated iMatrix for 2, 1, 10, 6: 0.5346655260793702
calculated iMatrix for 2, 1, 10, 7: 0.18210299369373018
calculated iMatrix for 2, 1, 10, 8: 0.257077266796808
calculated iMatrix for 2, 1, 10, 9: -0.7646174580508904
calculated iMatrix for 2, 1, 10, 10: -1.0437065667798398
calculated iMatrix for 2, 1, 10, 11: -0.1184763198668759
calculated iMatrix for 2, 1, 10, 12: -0.3750678052486256
calculated iMatrix for 2, 1, 10, 13: 0.1635077314702671
calculated iMatrix for 2, 1, 10, 14: 0.5152474402222686
calculated iMatrix for 2, 1, 10, 15: 0.05213563701445434
calculated iMatrix for 2, 1, 10, 16: 0.08161145514740786
calculated iMatrix for 2, 1, 10, 17: 0.09649309999542144
calculated iMatrix for 2, 1, 10, 18: 0.6291916995714864
calculated iMatrix for 2, 1, 10, 19: 0.23861520395707259
calculated iMatrix for 2, 1, 11, 0: -0.19648763610576747
calculated iMatrix for 2, 1, 11, 1: 0.336428513979516
calculated iMatrix for 2, 1, 11, 2: -0.012411826707255491
calculated iMatrix for 2, 1, 11, 3: -0.05362377768731452
calculated iMatrix for 2, 1, 11, 4: -0.13467100578685676
calculated iMatrix for 2, 1, 11, 5: 0.2435292187595015
calculated iMatrix for 2, 1, 11, 6: 0.307608075444024
calculated iMatrix for 2, 1, 11, 7: 0.016553318513603754
calculated iMatrix for 2, 1, 11, 8: -0.3890053130924076
calculated iMatrix for 2, 1, 11, 9: -0.22162811016514627
calculated iMatrix for 2, 1, 11, 10: -0.3537904068013411
calculated iMatrix for 2, 1, 11, 11: 0.040979412190075504
calculated iMatrix for 2, 1, 11, 12: -0.28891226942684956
calculated iMatrix for 2, 1, 11, 13: -0.05758313352620048
calculated iMatrix for 2, 1, 11, 14: -0.06968615569744419
calculated iMatrix for 2, 1, 11, 15: 0.38219693243509667
calculated iMatrix for 2, 1, 11, 16: 0.20582538113408178
calculated iMatrix for 2, 1, 11, 17: -0.04802465891626451
calculated iMatrix for 2, 1, 11, 18: 0.2838539894359169
calculated iMatrix for 2, 1, 11, 19: 0.307608075444024
calculated iMatrix for 2, 1, 12, 0: -0.2970313938653537
calculated iMatrix for 2, 1, 12, 1: 0.21087844898547292
calculated iMatrix for 2, 1, 12, 2: 0.2085171727997932
calculated iMatrix for 2, 1, 12, 3: 0.03567435996038215
calculated iMatrix for 2, 1, 12, 4: -0.08066463212376762
calculated iMatrix for 2, 1, 12, 5: 0.6112904892422462
calculated iMatrix for 2, 1, 12, 6: 0.32335643241216316
calculated iMatrix for 2, 1, 12, 7: -0.09785703266414014
calculated iMatrix for 2, 1, 12, 8: -0.40837421418693864
calculated iMatrix for 2, 1, 12, 9: -0.4949538911017881
calculated iMatrix for 2, 1, 12, 10: -0.4893358987975649
calculated iMatrix for 2, 1, 12, 11: 0.1803462958330968
calculated iMatrix for 2, 1, 12, 12: -0.023749060510418474
calculated iMatrix for 2, 1, 12, 13: 0.17212546268823958
calculated iMatrix for 2, 1, 12, 14: -0.4875737838041654
calculated iMatrix for 2, 1, 12, 15: 0.13718130630221848
calculated iMatrix for 2, 1, 12, 16: 0.1286706166343099
calculated iMatrix for 2, 1, 12, 17: 0.052827439186631686
calculated iMatrix for 2, 1, 12, 18: 0.3418412470862664
calculated iMatrix for 2, 1, 12, 19: -0.21564006832052396
calculated iMatrix for 2, 1, 13, 0: 0.07271563164073136
calculated iMatrix for 2, 1, 13, 1: -0.09785703266414014
calculated iMatrix for 2, 1, 13, 2: 0.13876986898735644
calculated iMatrix for 2, 1, 13, 3: 0.1262339370061094
calculated iMatrix for 2, 1, 13, 4: -0.009025818957524523
calculated iMatrix for 2, 1, 13, 5: 0.25726632058317334
calculated iMatrix for 2, 1, 13, 6: -0.5942939189780314
calculated iMatrix for 2, 1, 13, 7: -0.23398920698872017
calculated iMatrix for 2, 1, 13, 8: 0.08161145514740786
calculated iMatrix for 2, 1, 13, 9: -0.1136884978808208
calculated iMatrix for 2, 1, 13, 10: -0.5737029375341045
calculated iMatrix for 2, 1, 13, 11: 0.14330502415274782
calculated iMatrix for 2, 1, 13, 12: -0.14532356990306416
calculated iMatrix for 2, 1, 13, 13: -0.30207257409283095
calculated iMatrix for 2, 1, 13, 14: -0.01084565567451068
calculated iMatrix for 2, 1, 13, 15: 0.08030651398115052
calculated iMatrix for 2, 1, 13, 16: 0.31045302757625537
calculated iMatrix for 2, 1, 13, 17: -0.07680362346630787
calculated iMatrix for 2, 1, 13, 18: -0.3066118465262506
calculated iMatrix for 2, 1, 13, 19: -0.22147098863131687
calculated iMatrix for 2, 1, 14, 0: -0.26543073282353946
calculated iMatrix for 2, 1, 14, 1: -0.24303904250863795
calculated iMatrix for 2, 1, 14, 2: 0.06846418278337318
calculated iMatrix for 2, 1, 14, 3: 0.26065109235625306
calculated iMatrix for 2, 1, 14, 4: -0.5555078939428748
calculated iMatrix for 2, 1, 14, 5: 0.32335643241216316
calculated iMatrix for 2, 1, 14, 6: 0.26393301194136254
calculated iMatrix for 2, 1, 14, 7: 0.07790712358365526
calculated iMatrix for 2, 1, 14, 8: -0.24925667911950855
calculated iMatrix for 2, 1, 14, 9: -0.4055579720064131
calculated iMatrix for 2, 1, 14, 10: -0.4913459497255892
calculated iMatrix for 2, 1, 14, 11: 0.08638945253939867
calculated iMatrix for 2, 1, 14, 12: 0.32335643241216316
calculated iMatrix for 2, 1, 14, 13: -0.369790748147782
calculated iMatrix for 2, 1, 14, 14: -0.13137972470278392
calculated iMatrix for 2, 1, 14, 15: 0.33720854522031485
calculated iMatrix for 2, 1, 14, 16: 0.36739599382299737
calculated iMatrix for 2, 1, 14, 17: -0.07253922467985063
calculated iMatrix for 2, 1, 14, 18: -0.01989549119442824
calculated iMatrix for 2, 1, 14, 19: -0.20944809807260256
calculated iMatrix for 2, 1, 15, 0: -0.14053776377902105
calculated iMatrix for 2, 1, 15, 1: -0.13294835247541048
calculated iMatrix for 2, 1, 15, 2: 0.23339628808128077
calculated iMatrix for 2, 1, 15, 3: -0.3246974458596763
calculated iMatrix for 2, 1, 15, 4: -0.1969479353083714
calculated iMatrix for 2, 1, 15, 5: 0.20629987699114571
calculated iMatrix for 2, 1, 15, 6: 0.27079410232130785
calculated iMatrix for 2, 1, 15, 7: -0.4832813898888588
calculated iMatrix for 2, 1, 15, 8: -0.048883028067680634
calculated iMatrix for 2, 1, 15, 9: -0.28422133247505377
calculated iMatrix for 2, 1, 15, 10: -0.3041934656619687
calculated iMatrix for 2, 1, 15, 11: 0.062485617411039085
calculated iMatrix for 2, 1, 15, 12: 0.029201845454764896
calculated iMatrix for 2, 1, 15, 13: 0.2617985394127298
calculated iMatrix for 2, 1, 15, 14: -0.06222985502098943
calculated iMatrix for 2, 1, 15, 15: 0.21451765237801212
calculated iMatrix for 2, 1, 15, 16: 0.15345739561676575
calculated iMatrix for 2, 1, 15, 17: 0.15928831592755888
calculated iMatrix for 2, 1, 15, 18: 0.8139793488606344
calculated iMatrix for 2, 1, 15, 19: -0.21564006832052396
calculated iMatrix for 2, 1, 16, 0: -0.47607249832492915
calculated iMatrix for 2, 1, 16, 1: 0.12528651865006935
calculated iMatrix for 2, 1, 16, 2: 0.16034922165468712
calculated iMatrix for 2, 1, 16, 3: -0.24511588645347748
calculated iMatrix for 2, 1, 16, 4: -0.41631076378267506
calculated iMatrix for 2, 1, 16, 5: -0.10132324064062681
calculated iMatrix for 2, 1, 16, 6: 0.14196901861000555
calculated iMatrix for 2, 1, 16, 7: -0.10231138301352072
calculated iMatrix for 2, 1, 16, 8: 0.3896909062325047
calculated iMatrix for 2, 1, 16, 9: -0.03462484744062477
calculated iMatrix for 2, 1, 16, 10: 0.40604814825727664
calculated iMatrix for 2, 1, 16, 11: -0.07147027749094548
calculated iMatrix for 2, 1, 16, 12: 0.1490030452673854
calculated iMatrix for 2, 1, 16, 13: 0.003722760153779925
calculated iMatrix for 2, 1, 16, 14: -0.7264656920865145
calculated iMatrix for 2, 1, 16, 15: 0.08030651398115052
calculated iMatrix for 2, 1, 16, 16: 0.336428513979516
calculated iMatrix for 2, 1, 16, 17: 0.1490030452673854
calculated iMatrix for 2, 1, 16, 18: 0.31387768845761954
calculated iMatrix for 2, 1, 16, 19: -0.0012301969750685426
calculated iMatrix for 2, 2, 0, 0: 0.2590607939070171
calculated iMatrix for 2, 2, 0, 1: -0.3599982807990093
calculated iMatrix for 2, 2, 0, 2: -0.0446109514227524
calculated iMatrix for 2, 2, 0, 3: -0.040264958974849496
calculated iMatrix for 2, 2, 0, 4: 0.03258898713266345
calculated iMatrix for 2, 2, 0, 5: -0.10291759125371491
calculated iMatrix for 2, 2, 0, 6: -0.20291339279501208
calculated iMatrix for 2, 2, 0, 7: 0.07100012931431987
calculated iMatrix for 2, 2, 0, 8: -0.12481410752410904
calculated iMatrix for 2, 2, 0, 9: 0.2569143388601737
calculated iMatrix for 2, 2, 0, 10: 0.21731708423581442
calculated iMatrix for 2, 2, 0, 11: -0.10052280023740923
calculated iMatrix for 2, 2, 0, 12: -0.20220991052892667
calculated iMatrix for 2, 2, 0, 13: 0.02459841487440706
calculated iMatrix for 2, 2, 0, 14: -0.3639121801201456
calculated iMatrix for 2, 2, 0, 15: -0.0031078428394020197
calculated iMatrix for 2, 2, 0, 16: -0.09295455060955937
calculated iMatrix for 2, 2, 0, 17: 0.1712307512965514
calculated iMatrix for 2, 2, 0, 18: 0.2396228417501125
calculated iMatrix for 2, 2, 0, 19: -0.11278770340216226
calculated iMatrix for 2, 2, 1, 0: 0.09387133779081458
calculated iMatrix for 2, 2, 1, 1: -0.4935296734235318
calculated iMatrix for 2, 2, 1, 2: 0.21361179283684617
calculated iMatrix for 2, 2, 1, 3: 0.6281742274162152
calculated iMatrix for 2, 2, 1, 4: -0.3069208646179574
calculated iMatrix for 2, 2, 1, 5: 0.11056572952051102
calculated iMatrix for 2, 2, 1, 6: -0.43471500685233655
calculated iMatrix for 2, 2, 1, 7: -0.11177504508777614
calculated iMatrix for 2, 2, 1, 8: 0.04409977309762214
calculated iMatrix for 2, 2, 1, 9: -0.006212120766167839
calculated iMatrix for 2, 2, 1, 10: 0.17278282362426212
calculated iMatrix for 2, 2, 1, 11: 0.06635112047607583
calculated iMatrix for 2, 2, 1, 12: -0.20016700889912642
calculated iMatrix for 2, 2, 1, 13: -0.01370975068703073
calculated iMatrix for 2, 2, 1, 14: -0.19466270489354365
calculated iMatrix for 2, 2, 1, 15: 0.0229765424150834
calculated iMatrix for 2, 2, 1, 16: -0.19856895986060885
calculated iMatrix for 2, 2, 1, 17: -0.13358140413983033
calculated iMatrix for 2, 2, 1, 18: -0.34589367461746734
calculated iMatrix for 2, 2, 1, 19: -0.22241261784644617
calculated iMatrix for 2, 2, 2, 0: 0.19241953261408717
calculated iMatrix for 2, 2, 2, 1: -0.3834567761931159
calculated iMatrix for 2, 2, 2, 2: 0.286217615356109
calculated iMatrix for 2, 2, 2, 3: 0.21145196478341632
calculated iMatrix for 2, 2, 2, 4: -0.0386473965193217
calculated iMatrix for 2, 2, 2, 5: -0.07295678232339542
calculated iMatrix for 2, 2, 2, 6: -0.0480592307016684
calculated iMatrix for 2, 2, 2, 7: -0.2422152451426257
calculated iMatrix for 2, 2, 2, 8: -0.0498433524951698
calculated iMatrix for 2, 2, 2, 9: -0.017352741965531715
calculated iMatrix for 2, 2, 2, 10: 0.16493194914852338
calculated iMatrix for 2, 2, 2, 11: -0.1953839454585269
calculated iMatrix for 2, 2, 2, 12: -0.20756610972945178
calculated iMatrix for 2, 2, 2, 13: 0.2318608364146233
calculated iMatrix for 2, 2, 2, 14: 0.03411794950050073
calculated iMatrix for 2, 2, 2, 15: 0.042912547504058374
calculated iMatrix for 2, 2, 2, 16: 0.23091451385832829
calculated iMatrix for 2, 2, 2, 17: -0.3250160895959121
calculated iMatrix for 2, 2, 2, 18: -0.0031078428394020197
calculated iMatrix for 2, 2, 2, 19: -0.129222637808875
calculated iMatrix for 2, 2, 3, 0: 0.2822780173520286
calculated iMatrix for 2, 2, 3, 1: 0.27314553378875617
calculated iMatrix for 2, 2, 3, 2: -0.09339791129073005
calculated iMatrix for 2, 2, 3, 3: 0.1729856839556202
calculated iMatrix for 2, 2, 3, 4: 0.044533556126156615
calculated iMatrix for 2, 2, 3, 5: 0.05566059549869795
calculated iMatrix for 2, 2, 3, 6: 0.16861180610692394
calculated iMatrix for 2, 2, 3, 7: -0.06900240454691153
calculated iMatrix for 2, 2, 3, 8: 0.001951189872993031
calculated iMatrix for 2, 2, 3, 9: 0.05324896775121002
calculated iMatrix for 2, 2, 3, 10: 0.028533214779715488
calculated iMatrix for 2, 2, 3, 11: -0.22526568682885262
calculated iMatrix for 2, 2, 3, 12: -0.20406347917824952
calculated iMatrix for 2, 2, 3, 13: -0.09173429420432999
calculated iMatrix for 2, 2, 3, 14: -0.3309220167175003
calculated iMatrix for 2, 2, 3, 15: 0.03788319909905635
calculated iMatrix for 2, 2, 3, 16: -0.0823091537447469
calculated iMatrix for 2, 2, 3, 17: -0.014986482427646108
calculated iMatrix for 2, 2, 3, 18: 0.22869377121792223
calculated iMatrix for 2, 2, 3, 19: -0.13075094654678165
calculated iMatrix for 2, 2, 4, 0: 0.16671607094202479
calculated iMatrix for 2, 2, 4, 1: -0.5000443544447256
calculated iMatrix for 2, 2, 4, 2: 0.27966021480994985
calculated iMatrix for 2, 2, 4, 3: 0.13667487249767019
calculated iMatrix for 2, 2, 4, 4: -0.5617379234500656
calculated iMatrix for 2, 2, 4, 5: -0.023526044177796357
calculated iMatrix for 2, 2, 4, 6: -0.110131659344046
calculated iMatrix for 2, 2, 4, 7: -0.22241261784644617
calculated iMatrix for 2, 2, 4, 8: 0.48908370138169566
calculated iMatrix for 2, 2, 4, 9: -0.17237396822126694
calculated iMatrix for 2, 2, 4, 10: -0.2993736589825745
calculated iMatrix for 2, 2, 4, 11: 0.10609144912558999
calculated iMatrix for 2, 2, 4, 12: 0.09830930868353505
calculated iMatrix for 2, 2, 4, 13: 0.624435905305608
calculated iMatrix for 2, 2, 4, 14: 0.4140581927488766
calculated iMatrix for 2, 2, 4, 15: -0.11705210218861972
calculated iMatrix for 2, 2, 4, 16: -0.17154028747268957
calculated iMatrix for 2, 2, 4, 17: -0.4573779081258228
calculated iMatrix for 2, 2, 4, 18: -0.4535243388098328
calculated iMatrix for 2, 2, 4, 19: -0.461429518316946
calculated iMatrix for 2, 2, 5, 0: 0.19168337946099345
calculated iMatrix for 2, 2, 5, 1: -0.031109672387895082
calculated iMatrix for 2, 2, 5, 2: 0.30795760199251476
calculated iMatrix for 2, 2, 5, 3: 0.2511172211758478
calculated iMatrix for 2, 2, 5, 4: -0.38411488743766486
calculated iMatrix for 2, 2, 5, 5: -0.24155408809374823
calculated iMatrix for 2, 2, 5, 6: -0.24411098030752487
calculated iMatrix for 2, 2, 5, 7: -0.2422152451426257
calculated iMatrix for 2, 2, 5, 8: 0.17854652834101226
calculated iMatrix for 2, 2, 5, 9: -0.037802730534479245
calculated iMatrix for 2, 2, 5, 10: 0.06835112114274289
calculated iMatrix for 2, 2, 5, 11: 0.12007769110032984
calculated iMatrix for 2, 2, 5, 12: -0.25855166446231925
calculated iMatrix for 2, 2, 5, 13: 0.2640956982688383
calculated iMatrix for 2, 2, 5, 14: 0.12685344057401915
calculated iMatrix for 2, 2, 5, 15: 0.4025072015461255
calculated iMatrix for 2, 2, 5, 16: -0.07100816368721297
calculated iMatrix for 2, 2, 5, 17: -0.35861649254543526
calculated iMatrix for 2, 2, 5, 18: -0.20756610972945178
calculated iMatrix for 2, 2, 5, 19: -0.3478260423685212
calculated iMatrix for 2, 2, 6, 0: 0.3114025241442434
calculated iMatrix for 2, 2, 6, 1: 0.022709840186538988
calculated iMatrix for 2, 2, 6, 2: -0.2712027820158781
calculated iMatrix for 2, 2, 6, 3: -0.15366184780118064
calculated iMatrix for 2, 2, 6, 4: 0.21145196478341632
calculated iMatrix for 2, 2, 6, 5: -0.4303297218293646
calculated iMatrix for 2, 2, 6, 6: -0.2279146950004295
calculated iMatrix for 2, 2, 6, 7: 0.3567849522080304
calculated iMatrix for 2, 2, 6, 8: -0.5664364442316198
calculated iMatrix for 2, 2, 6, 9: 0.45255821647179856
calculated iMatrix for 2, 2, 6, 10: 0.31194350332973875
calculated iMatrix for 2, 2, 6, 11: -0.32135256570134973
calculated iMatrix for 2, 2, 6, 12: -0.21883479649856208
calculated iMatrix for 2, 2, 6, 13: -0.19195341036173752
calculated iMatrix for 2, 2, 6, 14: -0.15479243017146682
calculated iMatrix for 2, 2, 6, 15: -0.37032539495485894
calculated iMatrix for 2, 2, 6, 16: 0.15835987767134685
calculated iMatrix for 2, 2, 6, 17: 0.27538350562921066
calculated iMatrix for 2, 2, 6, 18: -0.432905051607097
calculated iMatrix for 2, 2, 6, 19: -0.011691586530793496
calculated iMatrix for 2, 2, 7, 0: 0.23171766224299928
calculated iMatrix for 2, 2, 7, 1: -0.055176698470532304
calculated iMatrix for 2, 2, 7, 2: 0.14917503526190168
calculated iMatrix for 2, 2, 7, 3: 0.5014041857697363
calculated iMatrix for 2, 2, 7, 4: -0.1382543098392227
calculated iMatrix for 2, 2, 7, 5: -0.7237072513951216
calculated iMatrix for 2, 2, 7, 6: -0.40017835810454006
calculated iMatrix for 2, 2, 7, 7: -0.041961650833549746
calculated iMatrix for 2, 2, 7, 8: 0.2668646697133418
calculated iMatrix for 2, 2, 7, 9: 0.31012349229044595
calculated iMatrix for 2, 2, 7, 10: 0.2703945004168663
calculated iMatrix for 2, 2, 7, 11: -0.2193309513090379
calculated iMatrix for 2, 2, 7, 12: -0.5772034349913436
calculated iMatrix for 2, 2, 7, 13: 0.3036224245830734
calculated iMatrix for 2, 2, 7, 14: 0.6032649837232533
calculated iMatrix for 2, 2, 7, 15: -0.2941517150014227
calculated iMatrix for 2, 2, 7, 16: -0.1028674671966634
calculated iMatrix for 2, 2, 7, 17: -0.22776412660445133
calculated iMatrix for 2, 2, 7, 18: -0.14522297915531612
calculated iMatrix for 2, 2, 7, 19: -0.0686255082831454
calculated iMatrix for 2, 2, 8, 0: NaN
calculated iMatrix for 2, 2, 8, 1: NaN
calculated iMatrix for 2, 2, 8, 2: -1.0317161824313636E-5
calculated iMatrix for 2, 2, 8, 3: NaN
calculated iMatrix for 2, 2, 8, 4: NaN
calculated iMatrix for 2, 2, 8, 5: NaN
calculated iMatrix for 2, 2, 8, 6: NaN
calculated iMatrix for 2, 2, 8, 7: NaN
calculated iMatrix for 2, 2, 8, 8: NaN
calculated iMatrix for 2, 2, 8, 9: NaN
calculated iMatrix for 2, 2, 8, 10: NaN
calculated iMatrix for 2, 2, 8, 11: NaN
calculated iMatrix for 2, 2, 8, 12: NaN
calculated iMatrix for 2, 2, 8, 13: NaN
calculated iMatrix for 2, 2, 8, 14: NaN
calculated iMatrix for 2, 2, 8, 15: NaN
calculated iMatrix for 2, 2, 8, 16: NaN
calculated iMatrix for 2, 2, 8, 17: NaN
calculated iMatrix for 2, 2, 8, 18: NaN
calculated iMatrix for 2, 2, 8, 19: NaN
calculated iMatrix for 2, 2, 9, 0: 0.5965271171885314
calculated iMatrix for 2, 2, 9, 1: 0.25269492331746535
calculated iMatrix for 2, 2, 9, 2: -0.1701619275025683
calculated iMatrix for 2, 2, 9, 3: 0.5115565572337544
calculated iMatrix for 2, 2, 9, 4: 0.2230631257110942
calculated iMatrix for 2, 2, 9, 5: -1.2267142270433147
calculated iMatrix for 2, 2, 9, 6: -0.10024498387223846
calculated iMatrix for 2, 2, 9, 7: 0.026048741452053603
calculated iMatrix for 2, 2, 9, 8: 0.22192326465071166
calculated iMatrix for 2, 2, 9, 9: 0.34971353178334047
calculated iMatrix for 2, 2, 9, 10: 0.7465948962001132
calculated iMatrix for 2, 2, 9, 11: -0.48410776218191287
calculated iMatrix for 2, 2, 9, 12: -2.383434146518705
calculated iMatrix for 2, 2, 9, 13: 0.41212266024556743
calculated iMatrix for 2, 2, 9, 14: 0.31153542334039885
calculated iMatrix for 2, 2, 9, 15: -0.5000443544447256
calculated iMatrix for 2, 2, 9, 16: -0.31999294618531027
calculated iMatrix for 2, 2, 9, 17: 0.13042354978512072
calculated iMatrix for 2, 2, 9, 18: 0.3182659690692257
calculated iMatrix for 2, 2, 9, 19: 0.3137308139038345
calculated iMatrix for 2, 2, 10, 0: 0.3772442196261602
calculated iMatrix for 2, 2, 10, 1: 0.767489931370955
calculated iMatrix for 2, 2, 10, 2: -0.6918346826675322
calculated iMatrix for 2, 2, 10, 3: -0.2993736589825745
calculated iMatrix for 2, 2, 10, 4: 0.6169170728915807
calculated iMatrix for 2, 2, 10, 5: -0.08951594438001442
calculated iMatrix for 2, 2, 10, 6: -0.2993736589825745
calculated iMatrix for 2, 2, 10, 7: 0.6338461349920286
calculated iMatrix for 2, 2, 10, 8: -0.6625632839425005
calculated iMatrix for 2, 2, 10, 9: 1.031432016519663
calculated iMatrix for 2, 2, 10, 10: 0.9476586348038085
calculated iMatrix for 2, 2, 10, 11: -0.9001475194115046
calculated iMatrix for 2, 2, 10, 12: -1.3873475494456282
calculated iMatrix for 2, 2, 10, 13: -0.12096600150975612
calculated iMatrix for 2, 2, 10, 14: -0.4320181335888692
calculated iMatrix for 2, 2, 10, 15: -1.0978813552003461
calculated iMatrix for 2, 2, 10, 16: -0.5594042001038454
calculated iMatrix for 2, 2, 10, 17: 0.2654234876948458
calculated iMatrix for 2, 2, 10, 18: 0.32478065009041945
calculated iMatrix for 2, 2, 10, 19: -0.007852810223627715
calculated iMatrix for 2, 2, 11, 0: 0.43291342991464116
calculated iMatrix for 2, 2, 11, 1: -0.22241261784644617
calculated iMatrix for 2, 2, 11, 2: -0.05989368834867115
calculated iMatrix for 2, 2, 11, 3: 0.12602566402640725
calculated iMatrix for 2, 2, 11, 4: -0.14735745168394876
calculated iMatrix for 2, 2, 11, 5: -0.38325514296327656
calculated iMatrix for 2, 2, 11, 6: -0.23038078749562285
calculated iMatrix for 2, 2, 11, 7: -0.10082926668173253
calculated iMatrix for 2, 2, 11, 8: 0.5189366645313769
calculated iMatrix for 2, 2, 11, 9: 0.09397008859324507
calculated iMatrix for 2, 2, 11, 10: 0.602528335439481
calculated iMatrix for 2, 2, 11, 11: -0.14984192501161064
calculated iMatrix for 2, 2, 11, 12: -0.5747856388425409
calculated iMatrix for 2, 2, 11, 13: 0.05103167194256253
calculated iMatrix for 2, 2, 11, 14: 0.5189366645313769
calculated iMatrix for 2, 2, 11, 15: -0.525180327716268
calculated iMatrix for 2, 2, 11, 16: -0.6756091287758005
calculated iMatrix for 2, 2, 11, 17: 0.05730128495615794
calculated iMatrix for 2, 2, 11, 18: -0.3639121801201456
calculated iMatrix for 2, 2, 11, 19: 0.07965819205743452
calculated iMatrix for 2, 2, 12, 0: 0.35695954845465455
calculated iMatrix for 2, 2, 12, 1: -0.7048387670907389
calculated iMatrix for 2, 2, 12, 2: -0.03656485127593323
calculated iMatrix for 2, 2, 12, 3: 0.4197490079806316
calculated iMatrix for 2, 2, 12, 4: -0.5870557314343553
calculated iMatrix for 2, 2, 12, 5: -0.17864511309643427
calculated iMatrix for 2, 2, 12, 6: -8.80670426577912E-4
calculated iMatrix for 2, 2, 12, 7: -0.5870557314343553
calculated iMatrix for 2, 2, 12, 8: 0.8430412523439281
calculated iMatrix for 2, 2, 12, 9: -0.24163266429305785
calculated iMatrix for 2, 2, 12, 10: 0.18305249026171833
calculated iMatrix for 2, 2, 12, 11: 0.18997293310629204
calculated iMatrix for 2, 2, 12, 12: -0.36836653046952594
calculated iMatrix for 2, 2, 12, 13: 0.2534161638824485
calculated iMatrix for 2, 2, 12, 14: 0.6526351554936599
calculated iMatrix for 2, 2, 12, 15: -0.03578913810985407
calculated iMatrix for 2, 2, 12, 16: -0.3042636442767662
calculated iMatrix for 2, 2, 12, 17: -0.4987631242886771
calculated iMatrix for 2, 2, 12, 18: -0.7513587827256317
calculated iMatrix for 2, 2, 12, 19: -0.09614541736930604
calculated iMatrix for 2, 2, 13, 0: 0.3108858617716032
calculated iMatrix for 2, 2, 13, 1: -0.11705210218861972
calculated iMatrix for 2, 2, 13, 2: -0.2993736589825745
calculated iMatrix for 2, 2, 13, 3: -0.07158972811186237
calculated iMatrix for 2, 2, 13, 4: 0.05517135869833312
calculated iMatrix for 2, 2, 13, 5: -0.1800834640356196
calculated iMatrix for 2, 2, 13, 6: 0.19570360781527707
calculated iMatrix for 2, 2, 13, 7: 0.2267194369142047
calculated iMatrix for 2, 2, 13, 8: 0.1283145859103002
calculated iMatrix for 2, 2, 13, 9: 0.3292350004397997
calculated iMatrix for 2, 2, 13, 10: 0.2643154543404841
calculated iMatrix for 2, 2, 13, 11: -0.32569096729994784
calculated iMatrix for 2, 2, 13, 12: -0.5075915600801085
calculated iMatrix for 2, 2, 13, 13: -0.15787409670887487
calculated iMatrix for 2, 2, 13, 14: -0.2583121721848004
calculated iMatrix for 2, 2, 13, 15: -0.403170452664218
calculated iMatrix for 2, 2, 13, 16: -0.1246183425719356
calculated iMatrix for 2, 2, 13, 17: -0.054056250174042586
calculated iMatrix for 2, 2, 13, 18: -0.2993736589825745
calculated iMatrix for 2, 2, 13, 19: 0.4717350630470827
calculated iMatrix for 2, 2, 14, 0: 0.35268666147484945
calculated iMatrix for 2, 2, 14, 1: 0.2491922927662632
calculated iMatrix for 2, 2, 14, 2: -0.39576550465764015
calculated iMatrix for 2, 2, 14, 3: -0.1638281669863506
calculated iMatrix for 2, 2, 14, 4: 0.2065619794892245
calculated iMatrix for 2, 2, 14, 5: -0.03449050149559951
calculated iMatrix for 2, 2, 14, 6: -0.13231957431940822
calculated iMatrix for 2, 2, 14, 7: 0.06484849059154085
calculated iMatrix for 2, 2, 14, 8: 0.1670521489152772
calculated iMatrix for 2, 2, 14, 9: 0.43895574437060375
calculated iMatrix for 2, 2, 14, 10: 0.39377352157737083
calculated iMatrix for 2, 2, 14, 11: -0.29268467083177774
calculated iMatrix for 2, 2, 14, 12: -0.40907257623899895
calculated iMatrix for 2, 2, 14, 13: 0.08739931611343743
calculated iMatrix for 2, 2, 14, 14: -0.09995766882931978
calculated iMatrix for 2, 2, 14, 15: -0.4078543019766444
calculated iMatrix for 2, 2, 14, 16: -0.3046507160834183
calculated iMatrix for 2, 2, 14, 17: -0.06979921733807415
calculated iMatrix for 2, 2, 14, 18: -0.23685330200124033
calculated iMatrix for 2, 2, 14, 19: 0.0382688527868289
calculated iMatrix for 2, 2, 15, 0: 0.15054321169642382
calculated iMatrix for 2, 2, 15, 1: 0.19706322733131676
calculated iMatrix for 2, 2, 15, 2: 0.15738474351314047
calculated iMatrix for 2, 2, 15, 3: 0.17577136976357977
calculated iMatrix for 2, 2, 15, 4: -0.2181482190599885
calculated iMatrix for 2, 2, 15, 5: 0.07611061691365417
calculated iMatrix for 2, 2, 15, 6: -0.3827552679216256
calculated iMatrix for 2, 2, 15, 7: 0.1004891935769201
calculated iMatrix for 2, 2, 15, 8: 0.2315691069430159
calculated iMatrix for 2, 2, 15, 9: -0.009806571835022093
calculated iMatrix for 2, 2, 15, 10: 0.12908096735028873
calculated iMatrix for 2, 2, 15, 11: 0.03411794950050073
calculated iMatrix for 2, 2, 15, 12: -0.0778313890353386
calculated iMatrix for 2, 2, 15, 13: -0.060143969916740314
calculated iMatrix for 2, 2, 15, 14: 0.31280445904370374
calculated iMatrix for 2, 2, 15, 15: -0.1572585226666604
calculated iMatrix for 2, 2, 15, 16: -0.2387490371661395
calculated iMatrix for 2, 2, 15, 17: -0.3562817912544539
calculated iMatrix for 2, 2, 15, 18: -0.6740671084239852
calculated iMatrix for 2, 2, 15, 19: -0.2993736589825745
calculated iMatrix for 2, 2, 16, 0: 0.3168124804412425
calculated iMatrix for 2, 2, 16, 1: -0.4886156586211029
calculated iMatrix for 2, 2, 16, 2: -0.01427223312428516
calculated iMatrix for 2, 2, 16, 3: 0.10609144912558999
calculated iMatrix for 2, 2, 16, 4: -0.13903100890739495
calculated iMatrix for 2, 2, 16, 5: 0.04546682730915508
calculated iMatrix for 2, 2, 16, 6: -0.1742105160285684
calculated iMatrix for 2, 2, 16, 7: 0.009631182938027782
calculated iMatrix for 2, 2, 16, 8: 0.3040689029920976
calculated iMatrix for 2, 2, 16, 9: -0.05025462126510405
calculated iMatrix for 2, 2, 16, 10: -0.3639121801201456
calculated iMatrix for 2, 2, 16, 11: 0.07751807668153399
calculated iMatrix for 2, 2, 16, 12: 0.04637221442396766
calculated iMatrix for 2, 2, 16, 13: 0.14724952161909755
calculated iMatrix for 2, 2, 16, 14: 0.3545528084240897
calculated iMatrix for 2, 2, 16, 15: -0.1373573683493654
calculated iMatrix for 2, 2, 16, 16: -0.241386401332225
calculated iMatrix for 2, 2, 16, 17: -0.34589367461746734
calculated iMatrix for 2, 2, 16, 18: -0.4535243388098328
calculated iMatrix for 2, 2, 16, 19: -0.2080238803943465
calculated fs for 0: [J@4b32ace3
calculated fs for 0: [J@4b32ace3
calculated fs for 0: [J@4b32ace3
calculated fs for 0: [J@4b32ace3
calculated fs for 0: [J@4b32ace3
calculated fs for 0: [J@4b32ace3
calculated fs for 0: [J@4b32ace3
calculated fs for 0: [J@4b32ace3
calculated fs for 0: [J@4b32ace3
calculated fs for 0: [J@4b32ace3
calculated fs for 0: [J@4b32ace3
calculated fs for 0: [J@4b32ace3
calculated fs for 0: [J@4b32ace3
calculated fs for 0: [J@4b32ace3
calculated fs for 0: [J@4b32ace3
calculated fs for 0: [J@4b32ace3
calculated fs for 0: [J@4b32ace3
calculated fs for 0: [J@4b32ace3
calculated fs for 0: [J@4b32ace3
calculated fs for 0: [J@4b32ace3
calculated fs for 0: [J@4b32ace3
calculated fs for 0: [J@4b32ace3
calculated fs for 0: [J@4b32ace3
calculated fs for 0: [J@4b32ace3
calculated fs for 0: [J@4b32ace3
calculated fs for 0: [J@4b32ace3
calculated fs for 0: [J@4b32ace3
calculated fs for 0: [J@4b32ace3
calculated fs for 0: [J@4b32ace3
calculated fs for 0: [J@4b32ace3
calculated fs for 0: [J@4b32ace3
calculated fs for 0: [J@4b32ace3
calculated fs for 0: [J@4b32ace3
calculated fs for 0: [J@4b32ace3
calculated fs for 0: [J@4b32ace3
calculated fs for 0: [J@4b32ace3
calculated fs for 0: [J@4b32ace3
calculated fs for 0: [J@4b32ace3
calculated fs for 0: [J@4b32ace3
calculated fs for 0: [J@4b32ace3
calculated fs for 0: [J@4b32ace3
calculated fs for 0: [J@4b32ace3
calculated fs for 0: [J@4b32ace3
calculated fs for 0: [J@4b32ace3
calculated fs for 0: [J@4b32ace3
calculated fs for 0: [J@4b32ace3
calculated fs for 0: [J@4b32ace3
calculated fs for 0: [J@4b32ace3
calculated fs for 0: [J@4b32ace3
calculated fs for 0: [J@4b32ace3
calculated fs for 0: [J@4b32ace3
calculated fs for 0: [J@4b32ace3
calculated fs for 0: [J@4b32ace3
calculated fs for 0: [J@4b32ace3
calculated fs for 0: [J@4b32ace3
calculated fs for 0: [J@4b32ace3
calculated fs for 0: [J@4b32ace3
calculated fs for 0: [J@4b32ace3
calculated fs for 0: [J@4b32ace3
calculated fs for 0: [J@4b32ace3
calculated fs for 0: [J@4b32ace3
calculated fs for 0: [J@4b32ace3
calculated fs for 0: [J@4b32ace3
calculated fs for 0: [J@4b32ace3
calculated fs for 0: [J@4b32ace3
calculated fs for 0: [J@4b32ace3
calculated fs for 0: [J@4b32ace3
calculated fs for 0: [J@4b32ace3
calculated fs for 0: [J@4b32ace3
calculated fs for 0: [J@4b32ace3
calculated fs for 0: [J@4b32ace3
calculated fs for 0: [J@4b32ace3
calculated fs for 0: [J@4b32ace3
calculated fs for 0: [J@4b32ace3
calculated fs for 0: [J@4b32ace3
calculated fs for 0: [J@4b32ace3
calculated fs for 0: [J@4b32ace3
calculated fs for 0: [J@4b32ace3
calculated fs for 0: [J@4b32ace3
calculated fs for 0: [J@4b32ace3
calculated fs for 0: [J@4b32ace3
calculated fs for 0: [J@4b32ace3
calculated fs for 0: [J@4b32ace3
calculated fs for 0: [J@4b32ace3
calculated fs for 0: [J@4b32ace3
calculated fs for 0: [J@4b32ace3
calculated fs for 0: [J@4b32ace3
calculated fs for 0: [J@4b32ace3
calculated fs for 0: [J@4b32ace3
calculated fs for 0: [J@4b32ace3
calculated fs for 0: [J@4b32ace3
calculated fs for 0: [J@4b32ace3
calculated fs for 0: [J@4b32ace3
calculated fs for 0: [J@4b32ace3
calculated fs for 0: [J@4b32ace3
calculated fs for 0: [J@4b32ace3
calculated fs for 0: [J@4b32ace3
calculated fs for 0: [J@4b32ace3
calculated fs for 0: [J@4b32ace3
calculated fs for 0: [J@4b32ace3
calculated fs for 0: [J@4b32ace3
calculated fs for 0: [J@4b32ace3
calculated fs for 0: [J@4b32ace3
calculated fs for 0: [J@4b32ace3
calculated fs for 0: [J@4b32ace3
calculated fs for 0: [J@4b32ace3
calculated fs for 0: [J@4b32ace3
calculated fs for 0: [J@4b32ace3
calculated fs for 0: [J@4b32ace3
calculated fs for 0: [J@4b32ace3
calculated fs for 0: [J@4b32ace3
calculated fs for 0: [J@4b32ace3
calculated fs for 0: [J@4b32ace3
calculated fs for 0: [J@4b32ace3
calculated fs for 0: [J@4b32ace3
calculated fs for 0: [J@4b32ace3
calculated fs for 0: [J@4b32ace3
calculated fs for 0: [J@4b32ace3
calculated fs for 0: [J@4b32ace3
calculated fs for 0: [J@4b32ace3
calculated fs for 0: [J@4b32ace3
calculated fs for 0: [J@4b32ace3
calculated fs for 0: [J@4b32ace3
calculated fs for 0: [J@4b32ace3
calculated fs for 0: [J@4b32ace3
calculated fs for 0: [J@4b32ace3
calculated fs for 0: [J@4b32ace3
calculated fs for 0: [J@4b32ace3
calculated fs for 0: [J@4b32ace3
calculated fs for 0: [J@4b32ace3
calculated fs for 0: [J@4b32ace3
calculated fs for 0: [J@4b32ace3
calculated fs for 0: [J@4b32ace3
calculated fs for 0: [J@4b32ace3
calculated fs for 0: [J@4b32ace3
calculated fs for 0: [J@4b32ace3
calculated fs for 0: [J@4b32ace3
calculated fs for 0: [J@4b32ace3
calculated fs for 0: [J@4b32ace3
calculated fs for 0: [J@4b32ace3
calculated fs for 0: [J@4b32ace3
calculated fs for 0: [J@4b32ace3
calculated fs for 0: [J@4b32ace3
calculated fs for 0: [J@4b32ace3
calculated fs for 0: [J@4b32ace3
calculated fs for 0: [J@4b32ace3
calculated fs for 0: [J@4b32ace3
calculated fs for 0: [J@4b32ace3
calculated fs for 0: [J@4b32ace3
calculated fs for 0: [J@4b32ace3
calculated fs for 0: [J@4b32ace3
calculated fs for 0: [J@4b32ace3
calculated fs for 0: [J@4b32ace3
calculated fs for 0: [J@4b32ace3
calculated fs for 0: [J@4b32ace3
calculated fs for 0: [J@4b32ace3
calculated fs for 0: [J@4b32ace3
calculated fs for 0: [J@4b32ace3
calculated fs for 0: [J@4b32ace3
calculated fs for 0: [J@4b32ace3
calculated fs for 0: [J@4b32ace3
calculated fs for 0: [J@4b32ace3
calculated fs for 0: [J@4b32ace3
calculated fs for 0: [J@4b32ace3
calculated fs for 0: [J@4b32ace3
calculated fs for 0: [J@4b32ace3
calculated fs for 0: [J@4b32ace3
calculated fs for 0: [J@4b32ace3
calculated fs for 0: [J@4b32ace3
calculated fs for 0: [J@4b32ace3
calculated fs for 0: [J@4b32ace3
calculated fs for 0: [J@4b32ace3
calculated fs for 0: [J@4b32ace3
calculated fs for 0: [J@4b32ace3
calculated fs for 0: [J@4b32ace3
calculated fs for 0: [J@4b32ace3
calculated fs for 0: [J@4b32ace3
calculated fs for 0: [J@4b32ace3
calculated fs for 0: [J@4b32ace3
calculated fs for 0: [J@4b32ace3
calculated fs for 0: [J@4b32ace3
calculated fs for 0: [J@4b32ace3
calculated fs for 0: [J@4b32ace3
calculated fs for 0: [J@4b32ace3
calculated fs for 0: [J@4b32ace3
calculated fs for 0: [J@4b32ace3
calculated fs for 0: [J@4b32ace3
calculated fs for 0: [J@4b32ace3
calculated fs for 0: [J@4b32ace3
calculated fs for 0: [J@4b32ace3
calculated fs for 0: [J@4b32ace3
calculated fs for 0: [J@4b32ace3
calculated fs for 0: [J@4b32ace3
calculated fs for 0: [J@4b32ace3
calculated fs for 0: [J@4b32ace3
calculated fs for 0: [J@4b32ace3
calculated fs for 0: [J@4b32ace3
calculated fs for 0: [J@4b32ace3
calculated fs for 0: [J@4b32ace3
calculated fs for 0: [J@4b32ace3
calculated fs for 0: [J@4b32ace3
calculated fs for 0: [J@4b32ace3
calculated fs for 0: [J@4b32ace3
calculated fs for 0: [J@4b32ace3
calculated fs for 0: [J@4b32ace3
calculated fs for 0: [J@4b32ace3
calculated fs for 0: [J@4b32ace3
calculated fs for 0: [J@4b32ace3
calculated fs for 0: [J@4b32ace3
calculated fs for 0: [J@4b32ace3
calculated fs for 0: [J@4b32ace3
calculated fs for 0: [J@4b32ace3
calculated fs for 0: [J@4b32ace3
calculated fs for 0: [J@4b32ace3
calculated fs for 0: [J@4b32ace3
calculated fs for 0: [J@4b32ace3
calculated fs for 0: [J@4b32ace3
calculated fs for 0: [J@4b32ace3
calculated fs for 0: [J@4b32ace3
calculated fs for 0: [J@4b32ace3
calculated fs for 0: [J@4b32ace3
calculated fs for 0: [J@4b32ace3
calculated fs for 0: [J@4b32ace3
calculated fs for 0: [J@4b32ace3
calculated fs for 0: [J@4b32ace3
calculated fs for 0: [J@4b32ace3
calculated fs for 0: [J@4b32ace3
calculated fs for 0: [J@4b32ace3
calculated fs for 0: [J@4b32ace3
calculated fs for 0: [J@4b32ace3
calculated fs for 0: [J@4b32ace3
calculated fs for 0: [J@4b32ace3
calculated fs for 0: [J@4b32ace3
calculated fs for 0: [J@4b32ace3
calculated fs for 0: [J@4b32ace3
calculated fs for 0: [J@4b32ace3
calculated fs for 0: [J@4b32ace3
calculated fs for 0: [J@4b32ace3
calculated fs for 0: [J@4b32ace3
calculated fs for 0: [J@4b32ace3
calculated fs for 0: [J@4b32ace3
calculated fs for 0: [J@4b32ace3
calculated fs for 0: [J@4b32ace3
calculated fs for 0: [J@4b32ace3
calculated fs for 0: [J@4b32ace3
calculated fs for 0: [J@4b32ace3
calculated fs for 0: [J@4b32ace3
calculated fs for 0: [J@4b32ace3
calculated fs for 0: [J@4b32ace3
calculated fs for 0: [J@4b32ace3
calculated fs for 0: [J@4b32ace3
calculated fs for 0: [J@4b32ace3
calculated fs for 0: [J@4b32ace3
calculated fs for 0: [J@4b32ace3
calculated fs for 0: [J@4b32ace3
calculated fs for 0: [J@4b32ace3
calculated fs for 0: [J@4b32ace3
calculated fs for 0: [J@4b32ace3
calculated fs for 0: [J@4b32ace3
calculated fs for 0: [J@4b32ace3
calculated fs for 0: [J@4b32ace3
calculated fs for 0: [J@4b32ace3
calculated fs for 0: [J@4b32ace3
calculated fs for 0: [J@4b32ace3
calculated fs for 0: [J@4b32ace3
calculated fs for 0: [J@4b32ace3
calculated fs for 0: [J@4b32ace3
calculated fs for 0: [J@4b32ace3
calculated fs for 0: [J@4b32ace3
calculated fs for 0: [J@4b32ace3
calculated fs for 0: [J@4b32ace3
calculated fs for 0: [J@4b32ace3
calculated fs for 0: [J@4b32ace3
calculated fs for 0: [J@4b32ace3
calculated fs for 0: [J@4b32ace3
calculated fs for 0: [J@4b32ace3
calculated fs for 0: [J@4b32ace3
calculated fs for 0: [J@4b32ace3
calculated fs for 0: [J@4b32ace3
calculated fs for 0: [J@4b32ace3
calculated fs for 0: [J@4b32ace3
calculated fs for 0: [J@4b32ace3
calculated fs for 0: [J@4b32ace3
calculated fs for 0: [J@4b32ace3
calculated fs for 0: [J@4b32ace3
calculated fs for 0: [J@4b32ace3
calculated fs for 0: [J@4b32ace3
calculated fs for 0: [J@4b32ace3
calculated fs for 0: [J@4b32ace3
calculated fs for 0: [J@4b32ace3
calculated fs for 0: [J@4b32ace3
calculated fs for 0: [J@4b32ace3
calculated fs for 0: [J@4b32ace3
calculated fs for 0: [J@4b32ace3
calculated fs for 0: [J@4b32ace3
calculated fs for 0: [J@4b32ace3
calculated fs for 0: [J@4b32ace3
calculated fs for 0: [J@4b32ace3
calculated fs for 0: [J@4b32ace3
calculated fs for 0: [J@4b32ace3
calculated fs for 0: [J@4b32ace3
calculated fs for 0: [J@4b32ace3
calculated fs for 0: [J@4b32ace3
calculated fs for 0: [J@4b32ace3
calculated fs for 0: [J@4b32ace3
calculated fs for 0: [J@4b32ace3
calculated fs for 0: [J@4b32ace3
calculated fs for 0: [J@4b32ace3
calculated fs for 0: [J@4b32ace3
calculated fs for 0: [J@4b32ace3
calculated fs for 0: [J@4b32ace3
calculated fs for 0: [J@4b32ace3
calculated fs for 0: [J@4b32ace3
calculated fs for 0: [J@4b32ace3
calculated fs for 0: [J@4b32ace3
calculated fs for 0: [J@4b32ace3
calculated fs for 0: [J@4b32ace3
calculated fs for 0: [J@4b32ace3
calculated fs for 0: [J@4b32ace3
calculated fs for 0: [J@4b32ace3
calculated fs for 0: [J@4b32ace3
calculated fs for 0: [J@4b32ace3
calculated fs for 0: [J@4b32ace3
calculated fs for 0: [J@4b32ace3
calculated fs for 0: [J@4b32ace3
calculated fs for 0: [J@4b32ace3
calculated fs for 0: [J@4b32ace3
calculated fs for 0: [J@4b32ace3
calculated fs for 0: [J@4b32ace3
calculated fs for 0: [J@4b32ace3
calculated fs for 0: [J@4b32ace3
calculated fs for 0: [J@4b32ace3
calculated fs for 0: [J@4b32ace3
calculated fs for 0: [J@4b32ace3
calculated fs for 0: [J@4b32ace3
calculated fs for 0: [J@4b32ace3
calculated fs for 0: [J@4b32ace3
calculated fs for 0: [J@4b32ace3
calculated fs for 0: [J@4b32ace3
calculated fs for 0: [J@4b32ace3
calculated fs for 1: [J@6bf491a6
calculated fs for 1: [J@6bf491a6
calculated fs for 1: [J@6bf491a6
calculated fs for 1: [J@6bf491a6
calculated fs for 1: [J@6bf491a6
calculated fs for 1: [J@6bf491a6
calculated fs for 1: [J@6bf491a6
calculated fs for 1: [J@6bf491a6
calculated fs for 1: [J@6bf491a6
calculated fs for 1: [J@6bf491a6
calculated fs for 1: [J@6bf491a6
calculated fs for 1: [J@6bf491a6
calculated fs for 1: [J@6bf491a6
calculated fs for 1: [J@6bf491a6
calculated fs for 1: [J@6bf491a6
calculated fs for 1: [J@6bf491a6
calculated fs for 1: [J@6bf491a6
calculated fs for 1: [J@6bf491a6
calculated fs for 1: [J@6bf491a6
calculated fs for 1: [J@6bf491a6
calculated fs for 1: [J@6bf491a6
calculated fs for 1: [J@6bf491a6
calculated fs for 1: [J@6bf491a6
calculated fs for 1: [J@6bf491a6
calculated fs for 1: [J@6bf491a6
calculated fs for 1: [J@6bf491a6
calculated fs for 1: [J@6bf491a6
calculated fs for 1: [J@6bf491a6
calculated fs for 1: [J@6bf491a6
calculated fs for 1: [J@6bf491a6
calculated fs for 1: [J@6bf491a6
calculated fs for 1: [J@6bf491a6
calculated fs for 1: [J@6bf491a6
calculated fs for 1: [J@6bf491a6
calculated fs for 1: [J@6bf491a6
calculated fs for 1: [J@6bf491a6
calculated fs for 1: [J@6bf491a6
calculated fs for 1: [J@6bf491a6
calculated fs for 1: [J@6bf491a6
calculated fs for 1: [J@6bf491a6
calculated fs for 1: [J@6bf491a6
calculated fs for 1: [J@6bf491a6
calculated fs for 1: [J@6bf491a6
calculated fs for 1: [J@6bf491a6
calculated fs for 1: [J@6bf491a6
calculated fs for 1: [J@6bf491a6
calculated fs for 1: [J@6bf491a6
calculated fs for 1: [J@6bf491a6
calculated fs for 1: [J@6bf491a6
calculated fs for 1: [J@6bf491a6
calculated fs for 1: [J@6bf491a6
calculated fs for 1: [J@6bf491a6
calculated fs for 1: [J@6bf491a6
calculated fs for 1: [J@6bf491a6
calculated fs for 1: [J@6bf491a6
calculated fs for 1: [J@6bf491a6
calculated fs for 1: [J@6bf491a6
calculated fs for 1: [J@6bf491a6
calculated fs for 1: [J@6bf491a6
calculated fs for 1: [J@6bf491a6
calculated fs for 1: [J@6bf491a6
calculated fs for 1: [J@6bf491a6
calculated fs for 1: [J@6bf491a6
calculated fs for 1: [J@6bf491a6
calculated fs for 1: [J@6bf491a6
calculated fs for 1: [J@6bf491a6
calculated fs for 1: [J@6bf491a6
calculated fs for 1: [J@6bf491a6
calculated fs for 1: [J@6bf491a6
calculated fs for 1: [J@6bf491a6
calculated fs for 1: [J@6bf491a6
calculated fs for 1: [J@6bf491a6
calculated fs for 1: [J@6bf491a6
calculated fs for 1: [J@6bf491a6
calculated fs for 1: [J@6bf491a6
calculated fs for 1: [J@6bf491a6
calculated fs for 1: [J@6bf491a6
calculated fs for 1: [J@6bf491a6
calculated fs for 1: [J@6bf491a6
calculated fs for 1: [J@6bf491a6
calculated fs for 1: [J@6bf491a6
calculated fs for 1: [J@6bf491a6
calculated fs for 1: [J@6bf491a6
calculated fs for 1: [J@6bf491a6
calculated fs for 1: [J@6bf491a6
calculated fs for 1: [J@6bf491a6
calculated fs for 1: [J@6bf491a6
calculated fs for 1: [J@6bf491a6
calculated fs for 1: [J@6bf491a6
calculated fs for 1: [J@6bf491a6
calculated fs for 1: [J@6bf491a6
calculated fs for 1: [J@6bf491a6
calculated fs for 1: [J@6bf491a6
calculated fs for 1: [J@6bf491a6
calculated fs for 1: [J@6bf491a6
calculated fs for 1: [J@6bf491a6
calculated fs for 1: [J@6bf491a6
calculated fs for 1: [J@6bf491a6
calculated fs for 1: [J@6bf491a6
calculated fs for 1: [J@6bf491a6
calculated fs for 1: [J@6bf491a6
calculated fs for 1: [J@6bf491a6
calculated fs for 1: [J@6bf491a6
calculated fs for 1: [J@6bf491a6
calculated fs for 1: [J@6bf491a6
calculated fs for 1: [J@6bf491a6
calculated fs for 1: [J@6bf491a6
calculated fs for 1: [J@6bf491a6
calculated fs for 1: [J@6bf491a6
calculated fs for 1: [J@6bf491a6
calculated fs for 1: [J@6bf491a6
calculated fs for 1: [J@6bf491a6
calculated fs for 1: [J@6bf491a6
calculated fs for 1: [J@6bf491a6
calculated fs for 1: [J@6bf491a6
calculated fs for 1: [J@6bf491a6
calculated fs for 1: [J@6bf491a6
calculated fs for 1: [J@6bf491a6
calculated fs for 1: [J@6bf491a6
calculated fs for 1: [J@6bf491a6
calculated fs for 1: [J@6bf491a6
calculated fs for 1: [J@6bf491a6
calculated fs for 1: [J@6bf491a6
calculated fs for 1: [J@6bf491a6
calculated fs for 1: [J@6bf491a6
calculated fs for 1: [J@6bf491a6
calculated fs for 1: [J@6bf491a6
calculated fs for 1: [J@6bf491a6
calculated fs for 1: [J@6bf491a6
calculated fs for 1: [J@6bf491a6
calculated fs for 1: [J@6bf491a6
calculated fs for 1: [J@6bf491a6
calculated fs for 1: [J@6bf491a6
calculated fs for 1: [J@6bf491a6
calculated fs for 1: [J@6bf491a6
calculated fs for 1: [J@6bf491a6
calculated fs for 1: [J@6bf491a6
calculated fs for 1: [J@6bf491a6
calculated fs for 1: [J@6bf491a6
calculated fs for 1: [J@6bf491a6
calculated fs for 1: [J@6bf491a6
calculated fs for 1: [J@6bf491a6
calculated fs for 1: [J@6bf491a6
calculated fs for 1: [J@6bf491a6
calculated fs for 1: [J@6bf491a6
calculated fs for 1: [J@6bf491a6
calculated fs for 1: [J@6bf491a6
calculated fs for 1: [J@6bf491a6
calculated fs for 1: [J@6bf491a6
calculated fs for 1: [J@6bf491a6
calculated fs for 1: [J@6bf491a6
calculated fs for 1: [J@6bf491a6
calculated fs for 1: [J@6bf491a6
calculated fs for 1: [J@6bf491a6
calculated fs for 1: [J@6bf491a6
calculated fs for 1: [J@6bf491a6
calculated fs for 1: [J@6bf491a6
calculated fs for 1: [J@6bf491a6
calculated fs for 1: [J@6bf491a6
calculated fs for 1: [J@6bf491a6
calculated fs for 1: [J@6bf491a6
calculated fs for 1: [J@6bf491a6
calculated fs for 1: [J@6bf491a6
calculated fs for 1: [J@6bf491a6
calculated fs for 1: [J@6bf491a6
calculated fs for 1: [J@6bf491a6
calculated fs for 1: [J@6bf491a6
calculated fs for 1: [J@6bf491a6
calculated fs for 1: [J@6bf491a6
calculated fs for 1: [J@6bf491a6
calculated fs for 1: [J@6bf491a6
calculated fs for 1: [J@6bf491a6
calculated fs for 1: [J@6bf491a6
calculated fs for 1: [J@6bf491a6
calculated fs for 1: [J@6bf491a6
calculated fs for 1: [J@6bf491a6
calculated fs for 1: [J@6bf491a6
calculated fs for 1: [J@6bf491a6
calculated fs for 1: [J@6bf491a6
calculated fs for 1: [J@6bf491a6
calculated fs for 1: [J@6bf491a6
calculated fs for 1: [J@6bf491a6
calculated fs for 1: [J@6bf491a6
calculated fs for 1: [J@6bf491a6
calculated fs for 1: [J@6bf491a6
calculated fs for 1: [J@6bf491a6
calculated fs for 1: [J@6bf491a6
calculated fs for 1: [J@6bf491a6
calculated fs for 1: [J@6bf491a6
calculated fs for 1: [J@6bf491a6
calculated fs for 1: [J@6bf491a6
calculated fs for 1: [J@6bf491a6
calculated fs for 1: [J@6bf491a6
calculated fs for 1: [J@6bf491a6
calculated fs for 1: [J@6bf491a6
calculated fs for 1: [J@6bf491a6
calculated fs for 1: [J@6bf491a6
calculated fs for 1: [J@6bf491a6
calculated fs for 1: [J@6bf491a6
calculated fs for 1: [J@6bf491a6
calculated fs for 1: [J@6bf491a6
calculated fs for 1: [J@6bf491a6
calculated fs for 1: [J@6bf491a6
calculated fs for 1: [J@6bf491a6
calculated fs for 1: [J@6bf491a6
calculated fs for 1: [J@6bf491a6
calculated fs for 1: [J@6bf491a6
calculated fs for 1: [J@6bf491a6
calculated fs for 1: [J@6bf491a6
calculated fs for 1: [J@6bf491a6
calculated fs for 1: [J@6bf491a6
calculated fs for 1: [J@6bf491a6
calculated fs for 1: [J@6bf491a6
calculated fs for 1: [J@6bf491a6
calculated fs for 1: [J@6bf491a6
calculated fs for 1: [J@6bf491a6
calculated fs for 1: [J@6bf491a6
calculated fs for 1: [J@6bf491a6
calculated fs for 1: [J@6bf491a6
calculated fs for 1: [J@6bf491a6
calculated fs for 1: [J@6bf491a6
calculated fs for 1: [J@6bf491a6
calculated fs for 1: [J@6bf491a6
calculated fs for 1: [J@6bf491a6
calculated fs for 1: [J@6bf491a6
calculated fs for 1: [J@6bf491a6
calculated fs for 1: [J@6bf491a6
calculated fs for 1: [J@6bf491a6
calculated fs for 1: [J@6bf491a6
calculated fs for 1: [J@6bf491a6
calculated fs for 1: [J@6bf491a6
calculated fs for 1: [J@6bf491a6
calculated fs for 1: [J@6bf491a6
calculated fs for 1: [J@6bf491a6
calculated fs for 1: [J@6bf491a6
calculated fs for 1: [J@6bf491a6
calculated fs for 1: [J@6bf491a6
calculated fs for 1: [J@6bf491a6
calculated fs for 1: [J@6bf491a6
calculated fs for 1: [J@6bf491a6
calculated fs for 1: [J@6bf491a6
calculated fs for 1: [J@6bf491a6
calculated fs for 1: [J@6bf491a6
calculated fs for 1: [J@6bf491a6
calculated fs for 1: [J@6bf491a6
calculated fs for 1: [J@6bf491a6
calculated fs for 1: [J@6bf491a6
calculated fs for 1: [J@6bf491a6
calculated fs for 1: [J@6bf491a6
calculated fs for 1: [J@6bf491a6
calculated fs for 1: [J@6bf491a6
calculated fs for 1: [J@6bf491a6
calculated fs for 1: [J@6bf491a6
calculated fs for 1: [J@6bf491a6
calculated fs for 1: [J@6bf491a6
calculated fs for 1: [J@6bf491a6
calculated fs for 1: [J@6bf491a6
calculated fs for 1: [J@6bf491a6
calculated fs for 1: [J@6bf491a6
calculated fs for 1: [J@6bf491a6
calculated fs for 1: [J@6bf491a6
calculated fs for 1: [J@6bf491a6
calculated fs for 1: [J@6bf491a6
calculated fs for 1: [J@6bf491a6
calculated fs for 1: [J@6bf491a6
calculated fs for 1: [J@6bf491a6
calculated fs for 1: [J@6bf491a6
calculated fs for 1: [J@6bf491a6
calculated fs for 1: [J@6bf491a6
calculated fs for 1: [J@6bf491a6
calculated fs for 1: [J@6bf491a6
calculated fs for 1: [J@6bf491a6
calculated fs for 1: [J@6bf491a6
calculated fs for 1: [J@6bf491a6
calculated fs for 1: [J@6bf491a6
calculated fs for 1: [J@6bf491a6
calculated fs for 1: [J@6bf491a6
calculated fs for 1: [J@6bf491a6
calculated fs for 1: [J@6bf491a6
calculated fs for 1: [J@6bf491a6
calculated fs for 1: [J@6bf491a6
calculated fs for 1: [J@6bf491a6
calculated fs for 1: [J@6bf491a6
calculated fs for 1: [J@6bf491a6
calculated fs for 1: [J@6bf491a6
calculated fs for 1: [J@6bf491a6
calculated fs for 1: [J@6bf491a6
calculated fs for 1: [J@6bf491a6
calculated fs for 1: [J@6bf491a6
calculated fs for 1: [J@6bf491a6
calculated fs for 1: [J@6bf491a6
calculated fs for 1: [J@6bf491a6
calculated fs for 1: [J@6bf491a6
calculated fs for 1: [J@6bf491a6
calculated fs for 1: [J@6bf491a6
calculated fs for 1: [J@6bf491a6
calculated fs for 1: [J@6bf491a6
calculated fs for 1: [J@6bf491a6
calculated fs for 1: [J@6bf491a6
calculated fs for 1: [J@6bf491a6
calculated fs for 1: [J@6bf491a6
calculated fs for 1: [J@6bf491a6
calculated fs for 1: [J@6bf491a6
calculated fs for 1: [J@6bf491a6
calculated fs for 1: [J@6bf491a6
calculated fs for 1: [J@6bf491a6
calculated fs for 1: [J@6bf491a6
calculated fs for 1: [J@6bf491a6
calculated fs for 1: [J@6bf491a6
calculated fs for 1: [J@6bf491a6
calculated fs for 1: [J@6bf491a6
calculated fs for 1: [J@6bf491a6
calculated fs for 1: [J@6bf491a6
calculated fs for 1: [J@6bf491a6
calculated fs for 1: [J@6bf491a6
calculated fs for 1: [J@6bf491a6
calculated fs for 1: [J@6bf491a6
calculated fs for 1: [J@6bf491a6
calculated fs for 1: [J@6bf491a6
calculated fs for 1: [J@6bf491a6
calculated fs for 1: [J@6bf491a6
calculated fs for 1: [J@6bf491a6
calculated fs for 1: [J@6bf491a6
calculated fs for 1: [J@6bf491a6
calculated fs for 1: [J@6bf491a6
calculated fs for 1: [J@6bf491a6
calculated fs for 1: [J@6bf491a6
calculated fs for 1: [J@6bf491a6
calculated fs for 1: [J@6bf491a6
calculated fs for 1: [J@6bf491a6
calculated fs for 1: [J@6bf491a6
calculated fs for 1: [J@6bf491a6
calculated fs for 1: [J@6bf491a6
calculated fs for 1: [J@6bf491a6
calculated fs for 1: [J@6bf491a6
calculated fs for 1: [J@6bf491a6
calculated fs for 1: [J@6bf491a6
calculated fs for 1: [J@6bf491a6
calculated fs for 1: [J@6bf491a6
calculated fs for 1: [J@6bf491a6
calculated fs for 2: [J@58660a9
calculated fs for 2: [J@58660a9
calculated fs for 2: [J@58660a9
calculated fs for 2: [J@58660a9
calculated fs for 2: [J@58660a9
calculated fs for 2: [J@58660a9
calculated fs for 2: [J@58660a9
calculated fs for 2: [J@58660a9
calculated fs for 2: [J@58660a9
calculated fs for 2: [J@58660a9
calculated fs for 2: [J@58660a9
calculated fs for 2: [J@58660a9
calculated fs for 2: [J@58660a9
calculated fs for 2: [J@58660a9
calculated fs for 2: [J@58660a9
calculated fs for 2: [J@58660a9
calculated fs for 2: [J@58660a9
calculated fs for 2: [J@58660a9
calculated fs for 2: [J@58660a9
calculated fs for 2: [J@58660a9
calculated fs for 2: [J@58660a9
calculated fs for 2: [J@58660a9
calculated fs for 2: [J@58660a9
calculated fs for 2: [J@58660a9
calculated fs for 2: [J@58660a9
calculated fs for 2: [J@58660a9
calculated fs for 2: [J@58660a9
calculated fs for 2: [J@58660a9
calculated fs for 2: [J@58660a9
calculated fs for 2: [J@58660a9
calculated fs for 2: [J@58660a9
calculated fs for 2: [J@58660a9
calculated fs for 2: [J@58660a9
calculated fs for 2: [J@58660a9
calculated fs for 2: [J@58660a9
calculated fs for 2: [J@58660a9
calculated fs for 2: [J@58660a9
calculated fs for 2: [J@58660a9
calculated fs for 2: [J@58660a9
calculated fs for 2: [J@58660a9
calculated fs for 2: [J@58660a9
calculated fs for 2: [J@58660a9
calculated fs for 2: [J@58660a9
calculated fs for 2: [J@58660a9
calculated fs for 2: [J@58660a9
calculated fs for 2: [J@58660a9
calculated fs for 2: [J@58660a9
calculated fs for 2: [J@58660a9
calculated fs for 2: [J@58660a9
calculated fs for 2: [J@58660a9
calculated fs for 2: [J@58660a9
calculated fs for 2: [J@58660a9
calculated fs for 2: [J@58660a9
calculated fs for 2: [J@58660a9
calculated fs for 2: [J@58660a9
calculated fs for 2: [J@58660a9
calculated fs for 2: [J@58660a9
calculated fs for 2: [J@58660a9
calculated fs for 2: [J@58660a9
calculated fs for 2: [J@58660a9
calculated fs for 2: [J@58660a9
calculated fs for 2: [J@58660a9
calculated fs for 2: [J@58660a9
calculated fs for 2: [J@58660a9
calculated fs for 2: [J@58660a9
calculated fs for 2: [J@58660a9
calculated fs for 2: [J@58660a9
calculated fs for 2: [J@58660a9
calculated fs for 2: [J@58660a9
calculated fs for 2: [J@58660a9
calculated fs for 2: [J@58660a9
calculated fs for 2: [J@58660a9
calculated fs for 2: [J@58660a9
calculated fs for 2: [J@58660a9
calculated fs for 2: [J@58660a9
calculated fs for 2: [J@58660a9
calculated fs for 2: [J@58660a9
calculated fs for 2: [J@58660a9
calculated fs for 2: [J@58660a9
calculated fs for 2: [J@58660a9
calculated fs for 2: [J@58660a9
calculated fs for 2: [J@58660a9
calculated fs for 2: [J@58660a9
calculated fs for 2: [J@58660a9
calculated fs for 2: [J@58660a9
calculated fs for 2: [J@58660a9
calculated fs for 2: [J@58660a9
calculated fs for 2: [J@58660a9
calculated fs for 2: [J@58660a9
calculated fs for 2: [J@58660a9
calculated fs for 2: [J@58660a9
calculated fs for 2: [J@58660a9
calculated fs for 2: [J@58660a9
calculated fs for 2: [J@58660a9
calculated fs for 2: [J@58660a9
calculated fs for 2: [J@58660a9
calculated fs for 2: [J@58660a9
calculated fs for 2: [J@58660a9
calculated fs for 2: [J@58660a9
calculated fs for 2: [J@58660a9
calculated fs for 2: [J@58660a9
calculated fs for 2: [J@58660a9
calculated fs for 2: [J@58660a9
calculated fs for 2: [J@58660a9
calculated fs for 2: [J@58660a9
calculated fs for 2: [J@58660a9
calculated fs for 2: [J@58660a9
calculated fs for 2: [J@58660a9
calculated fs for 2: [J@58660a9
calculated fs for 2: [J@58660a9
calculated fs for 2: [J@58660a9
calculated fs for 2: [J@58660a9
calculated fs for 2: [J@58660a9
calculated fs for 2: [J@58660a9
calculated fs for 2: [J@58660a9
calculated fs for 2: [J@58660a9
calculated fs for 2: [J@58660a9
calculated fs for 2: [J@58660a9
calculated fs for 2: [J@58660a9
calculated fs for 2: [J@58660a9
calculated fs for 2: [J@58660a9
calculated fs for 2: [J@58660a9
calculated fs for 2: [J@58660a9
calculated fs for 2: [J@58660a9
calculated fs for 2: [J@58660a9
calculated fs for 2: [J@58660a9
calculated fs for 2: [J@58660a9
calculated fs for 2: [J@58660a9
calculated fs for 2: [J@58660a9
calculated fs for 2: [J@58660a9
calculated fs for 2: [J@58660a9
calculated fs for 2: [J@58660a9
calculated fs for 2: [J@58660a9
calculated fs for 2: [J@58660a9
calculated fs for 2: [J@58660a9
calculated fs for 2: [J@58660a9
calculated fs for 2: [J@58660a9
calculated fs for 2: [J@58660a9
calculated fs for 2: [J@58660a9
calculated fs for 2: [J@58660a9
calculated fs for 2: [J@58660a9
calculated fs for 2: [J@58660a9
calculated fs for 2: [J@58660a9
calculated fs for 2: [J@58660a9
calculated fs for 2: [J@58660a9
calculated fs for 2: [J@58660a9
calculated fs for 2: [J@58660a9
calculated fs for 2: [J@58660a9
calculated fs for 2: [J@58660a9
calculated fs for 2: [J@58660a9
calculated fs for 2: [J@58660a9
calculated fs for 2: [J@58660a9
calculated fs for 2: [J@58660a9
calculated fs for 2: [J@58660a9
calculated fs for 2: [J@58660a9
calculated fs for 2: [J@58660a9
calculated fs for 2: [J@58660a9
calculated fs for 2: [J@58660a9
calculated fs for 2: [J@58660a9
calculated fs for 2: [J@58660a9
calculated fs for 2: [J@58660a9
calculated fs for 2: [J@58660a9
calculated fs for 2: [J@58660a9
calculated fs for 2: [J@58660a9
calculated fs for 2: [J@58660a9
calculated fs for 2: [J@58660a9
calculated fs for 2: [J@58660a9
calculated fs for 2: [J@58660a9
calculated fs for 2: [J@58660a9
calculated fs for 2: [J@58660a9
calculated fs for 2: [J@58660a9
calculated fs for 2: [J@58660a9
calculated fs for 2: [J@58660a9
calculated fs for 2: [J@58660a9
calculated fs for 2: [J@58660a9
calculated fs for 2: [J@58660a9
calculated fs for 2: [J@58660a9
calculated fs for 2: [J@58660a9
calculated fs for 2: [J@58660a9
calculated fs for 2: [J@58660a9
calculated fs for 2: [J@58660a9
calculated fs for 2: [J@58660a9
calculated fs for 2: [J@58660a9
calculated fs for 2: [J@58660a9
calculated fs for 2: [J@58660a9
calculated fs for 2: [J@58660a9
calculated fs for 2: [J@58660a9
calculated fs for 2: [J@58660a9
calculated fs for 2: [J@58660a9
calculated fs for 2: [J@58660a9
calculated fs for 2: [J@58660a9
calculated fs for 2: [J@58660a9
calculated fs for 2: [J@58660a9
calculated fs for 2: [J@58660a9
calculated fs for 2: [J@58660a9
calculated fs for 2: [J@58660a9
calculated fs for 2: [J@58660a9
calculated fs for 2: [J@58660a9
calculated fs for 2: [J@58660a9
calculated fs for 2: [J@58660a9
calculated fs for 2: [J@58660a9
calculated fs for 2: [J@58660a9
calculated fs for 2: [J@58660a9
calculated fs for 2: [J@58660a9
calculated fs for 2: [J@58660a9
calculated fs for 2: [J@58660a9
calculated fs for 2: [J@58660a9
calculated fs for 2: [J@58660a9
calculated fs for 2: [J@58660a9
calculated fs for 2: [J@58660a9
calculated fs for 2: [J@58660a9
calculated fs for 2: [J@58660a9
calculated fs for 2: [J@58660a9
calculated fs for 2: [J@58660a9
calculated fs for 2: [J@58660a9
calculated fs for 2: [J@58660a9
calculated fs for 2: [J@58660a9
calculated fs for 2: [J@58660a9
calculated fs for 2: [J@58660a9
calculated fs for 2: [J@58660a9
calculated fs for 2: [J@58660a9
calculated fs for 2: [J@58660a9
calculated fs for 2: [J@58660a9
calculated fs for 2: [J@58660a9
calculated fs for 2: [J@58660a9
calculated fs for 2: [J@58660a9
calculated fs for 2: [J@58660a9
calculated fs for 2: [J@58660a9
calculated fs for 2: [J@58660a9
calculated fs for 2: [J@58660a9
calculated fs for 2: [J@58660a9
calculated fs for 2: [J@58660a9
calculated fs for 2: [J@58660a9
calculated fs for 2: [J@58660a9
calculated fs for 2: [J@58660a9
calculated fs for 2: [J@58660a9
calculated fs for 2: [J@58660a9
calculated fs for 2: [J@58660a9
calculated fs for 2: [J@58660a9
calculated fs for 2: [J@58660a9
calculated fs for 2: [J@58660a9
calculated fs for 2: [J@58660a9
calculated fs for 2: [J@58660a9
calculated fs for 2: [J@58660a9
calculated fs for 2: [J@58660a9
calculated fs for 2: [J@58660a9
calculated fs for 2: [J@58660a9
calculated fs for 2: [J@58660a9
calculated fs for 2: [J@58660a9
calculated fs for 2: [J@58660a9
calculated fs for 2: [J@58660a9
calculated fs for 2: [J@58660a9
calculated fs for 2: [J@58660a9
calculated fs for 2: [J@58660a9
calculated fs for 2: [J@58660a9
calculated fs for 2: [J@58660a9
calculated fs for 2: [J@58660a9
calculated fs for 2: [J@58660a9
calculated fs for 2: [J@58660a9
calculated fs for 2: [J@58660a9
calculated fs for 2: [J@58660a9
calculated fs for 2: [J@58660a9
calculated fs for 2: [J@58660a9
calculated fs for 2: [J@58660a9
calculated fs for 2: [J@58660a9
calculated fs for 2: [J@58660a9
calculated fs for 2: [J@58660a9
calculated fs for 2: [J@58660a9
calculated fs for 2: [J@58660a9
calculated fs for 2: [J@58660a9
calculated fs for 2: [J@58660a9
calculated fs for 2: [J@58660a9
calculated fs for 2: [J@58660a9
calculated fs for 2: [J@58660a9
calculated fs for 2: [J@58660a9
calculated fs for 2: [J@58660a9
calculated fs for 2: [J@58660a9
calculated fs for 2: [J@58660a9
calculated fs for 2: [J@58660a9
calculated fs for 2: [J@58660a9
calculated fs for 2: [J@58660a9
calculated fs for 2: [J@58660a9
calculated fs for 2: [J@58660a9
calculated fs for 2: [J@58660a9
calculated fs for 2: [J@58660a9
calculated fs for 2: [J@58660a9
calculated fs for 2: [J@58660a9
calculated fs for 2: [J@58660a9
calculated fs for 2: [J@58660a9
calculated fs for 2: [J@58660a9
calculated fs for 2: [J@58660a9
calculated fs for 2: [J@58660a9
calculated fs for 2: [J@58660a9
calculated fs for 2: [J@58660a9
calculated fs for 2: [J@58660a9
calculated fs for 2: [J@58660a9
calculated fs for 2: [J@58660a9
calculated fs for 2: [J@58660a9
calculated fs for 2: [J@58660a9
calculated fs for 2: [J@58660a9
calculated fs for 2: [J@58660a9
calculated fs for 2: [J@58660a9
calculated fs for 2: [J@58660a9
calculated fs for 2: [J@58660a9
calculated fs for 2: [J@58660a9
calculated fs for 2: [J@58660a9
calculated fs for 2: [J@58660a9
calculated fs for 2: [J@58660a9
calculated fs for 2: [J@58660a9
calculated fs for 2: [J@58660a9
calculated fs for 2: [J@58660a9
calculated fs for 2: [J@58660a9
calculated fs for 2: [J@58660a9
calculated fs for 2: [J@58660a9
calculated fs for 2: [J@58660a9
calculated fs for 2: [J@58660a9
calculated fs for 2: [J@58660a9
calculated fs for 2: [J@58660a9
calculated fs for 2: [J@58660a9
calculated fs for 2: [J@58660a9
calculated fs for 2: [J@58660a9
calculated fs for 2: [J@58660a9
calculated fs for 2: [J@58660a9
calculated fs for 2: [J@58660a9
calculated fs for 2: [J@58660a9
calculated fs for 2: [J@58660a9
calculated fs for 2: [J@58660a9
calculated fs for 2: [J@58660a9
calculated fs for 2: [J@58660a9
calculated fs for 2: [J@58660a9
calculated fs for 2: [J@58660a9
calculated fs for 2: [J@58660a9
calculated fs for 2: [J@58660a9
calculated fs for 2: [J@58660a9
calculated fs for 2: [J@58660a9
calculated fs for 2: [J@58660a9
calculated fs for 2: [J@58660a9
calculated fs for 2: [J@58660a9
calculated fs for 2: [J@58660a9
calculated fs for 2: [J@58660a9
calculated nfs for 0: [J@3933fa14
calculated nfs for 0: [J@3933fa14
calculated nfs for 1: [J@3675463
calculated nfs for 1: [J@3675463
calculated nfs for 2: [J@74d53153
calculated nfs for 2: [J@74d53153
calculated iMatrix for 3, 0, 0, 0: -0.13901065885271013
calculated iMatrix for 3, 0, 0, 1: 0.24908557335583809
calculated iMatrix for 3, 0, 0, 2: -0.021665365702712602
calculated iMatrix for 3, 0, 0, 3: -0.22366824860881862
calculated iMatrix for 3, 0, 0, 4: 0.30847648692704654
calculated iMatrix for 3, 0, 0, 5: 0.06413182490510883
calculated iMatrix for 3, 0, 0, 6: -0.01736749867402787
calculated iMatrix for 3, 0, 0, 7: 0.19180250161666695
calculated iMatrix for 3, 0, 0, 8: -0.05015732149701879
calculated iMatrix for 3, 0, 0, 9: 0.07752039587604309
calculated iMatrix for 3, 0, 0, 10: 0.07120353550724867
calculated iMatrix for 3, 0, 0, 11: -0.06615766284346003
calculated iMatrix for 3, 0, 0, 12: -0.28277961676577223
calculated iMatrix for 3, 0, 0, 13: -0.11653239044189134
calculated iMatrix for 3, 0, 0, 14: 0.04178017382866683
calculated iMatrix for 3, 0, 0, 15: 0.04828275131623372
calculated iMatrix for 3, 0, 0, 16: -0.0025292725077641354
calculated iMatrix for 3, 0, 0, 17: -0.07971612373856318
calculated iMatrix for 3, 0, 0, 18: 0.2682964096215158
calculated iMatrix for 3, 0, 0, 19: 0.15236694261445527
calculated iMatrix for 3, 0, 1, 0: -0.09855386235886898
calculated iMatrix for 3, 0, 1, 1: 0.6780811788741967
calculated iMatrix for 3, 0, 1, 2: -0.13100941812611366
calculated iMatrix for 3, 0, 1, 3: -0.3749335183550405
calculated iMatrix for 3, 0, 1, 4: -0.05015732149701879
calculated iMatrix for 3, 0, 1, 5: 0.207671787805081
calculated iMatrix for 3, 0, 1, 6: 0.31630562880787644
calculated iMatrix for 3, 0, 1, 7: 0.39986380816137845
calculated iMatrix for 3, 0, 1, 8: -0.16522665128180603
calculated iMatrix for 3, 0, 1, 9: 0.1971967055677903
calculated iMatrix for 3, 0, 1, 10: -0.13284903734213227
calculated iMatrix for 3, 0, 1, 11: -0.2184926363162336
calculated iMatrix for 3, 0, 1, 12: 2.73532129873133E-4
calculated iMatrix for 3, 0, 1, 13: -0.5557058881621658
calculated iMatrix for 3, 0, 1, 14: -0.14018347315473845
calculated iMatrix for 3, 0, 1, 15: -0.3304592866511772
calculated iMatrix for 3, 0, 1, 16: -0.07881257725739488
calculated iMatrix for 3, 0, 1, 17: 0.41547630807759833
calculated iMatrix for 3, 0, 1, 18: 0.18751433038010074
calculated iMatrix for 3, 0, 1, 19: 0.08337407112750372
calculated iMatrix for 3, 0, 2, 0: -0.1432477445630308
calculated iMatrix for 3, 0, 2, 1: 0.6429898590629265
calculated iMatrix for 3, 0, 2, 2: -0.22909478030673291
calculated iMatrix for 3, 0, 2, 3: -0.22005635829241632
calculated iMatrix for 3, 0, 2, 4: 0.021816178128070463
calculated iMatrix for 3, 0, 2, 5: -0.04601652883098739
calculated iMatrix for 3, 0, 2, 6: 0.23752475095476205
calculated iMatrix for 3, 0, 2, 7: 0.04057153189274343
calculated iMatrix for 3, 0, 2, 8: -0.019195095893051906
calculated iMatrix for 3, 0, 2, 9: 0.03685405549261089
calculated iMatrix for 3, 0, 2, 10: 0.15569473270712997
calculated iMatrix for 3, 0, 2, 11: -0.35653152696095225
calculated iMatrix for 3, 0, 2, 12: 0.15051337396513242
calculated iMatrix for 3, 0, 2, 13: 0.003909899773256953
calculated iMatrix for 3, 0, 2, 14: 0.25391856073043845
calculated iMatrix for 3, 0, 2, 15: -0.07454877462117793
calculated iMatrix for 3, 0, 2, 16: -0.1617483869054812
calculated iMatrix for 3, 0, 2, 17: 0.09226301854474983
calculated iMatrix for 3, 0, 2, 18: 0.11846539093877395
calculated iMatrix for 3, 0, 2, 19: 0.2719261776720944
calculated iMatrix for 3, 0, 3, 0: -4.3388614458828023E-4
calculated iMatrix for 3, 0, 3, 1: 0.29016848444018417
calculated iMatrix for 3, 0, 3, 2: -0.2591162378192722
calculated iMatrix for 3, 0, 3, 3: 0.06195997662368724
calculated iMatrix for 3, 0, 3, 4: 0.16040744761033082
calculated iMatrix for 3, 0, 3, 5: -0.1089978215199523
calculated iMatrix for 3, 0, 3, 6: 0.3000451079360962
calculated iMatrix for 3, 0, 3, 7: 0.12231193885392422
calculated iMatrix for 3, 0, 3, 8: -0.07534757032557737
calculated iMatrix for 3, 0, 3, 9: -0.04670308662893119
calculated iMatrix for 3, 0, 3, 10: -0.05015732149701879
calculated iMatrix for 3, 0, 3, 11: 0.0051927735861461155
calculated iMatrix for 3, 0, 3, 12: -0.03636399936468304
calculated iMatrix for 3, 0, 3, 13: -0.11295822273604916
calculated iMatrix for 3, 0, 3, 14: -0.1857028134932427
calculated iMatrix for 3, 0, 3, 15: 0.01522543776583285
calculated iMatrix for 3, 0, 3, 16: -0.06108639202920918
calculated iMatrix for 3, 0, 3, 17: 0.1779987716407353
calculated iMatrix for 3, 0, 3, 18: 0.023950650656702988
calculated iMatrix for 3, 0, 3, 19: 0.1078469276462295
calculated iMatrix for 3, 0, 4, 0: -0.05806250100413213
calculated iMatrix for 3, 0, 4, 1: 0.02780421997269311
calculated iMatrix for 3, 0, 4, 2: -0.27603685263010336
calculated iMatrix for 3, 0, 4, 3: -0.35618853261699635
calculated iMatrix for 3, 0, 4, 4: 0.41208430241322747
calculated iMatrix for 3, 0, 4, 5: 0.1980830189034654
calculated iMatrix for 3, 0, 4, 6: 0.08704380001646617
calculated iMatrix for 3, 0, 4, 7: 0.37472587246824707
calculated iMatrix for 3, 0, 4, 8: -0.27737419819886433
calculated iMatrix for 3, 0, 4, 9: 0.2724717810319964
calculated iMatrix for 3, 0, 4, 10: 0.12080047664662064
calculated iMatrix for 3, 0, 4, 11: 0.08895548096569894
calculated iMatrix for 3, 0, 4, 12: 0.13216423529693577
calculated iMatrix for 3, 0, 4, 13: -0.35553897104820076
calculated iMatrix for 3, 0, 4, 14: -0.42053110979391317
calculated iMatrix for 3, 0, 4, 15: -0.024514890883681195
calculated iMatrix for 3, 0, 4, 16: -0.208381326711913
calculated iMatrix for 3, 0, 4, 17: 0.057262927123818086
calculated iMatrix for 3, 0, 4, 18: 0.22609605513113934
calculated iMatrix for 3, 0, 4, 19: 0.19873872591960556
calculated iMatrix for 3, 0, 5, 0: -0.16982182525310785
calculated iMatrix for 3, 0, 5, 1: 0.7447725533728689
calculated iMatrix for 3, 0, 5, 2: -0.06995994879319856
calculated iMatrix for 3, 0, 5, 3: -0.24643723054168043
calculated iMatrix for 3, 0, 5, 4: 0.23351672955722336
calculated iMatrix for 3, 0, 5, 5: 0.4812345798504489
calculated iMatrix for 3, 0, 5, 6: 0.31875019087734796
calculated iMatrix for 3, 0, 5, 7: -0.10422454276729465
calculated iMatrix for 3, 0, 5, 8: 0.10124232495834973
calculated iMatrix for 3, 0, 5, 9: 0.052224785406546514
calculated iMatrix for 3, 0, 5, 10: -0.05015732149701879
calculated iMatrix for 3, 0, 5, 11: 0.041192457091209
calculated iMatrix for 3, 0, 5, 12: 0.16468742700249595
calculated iMatrix for 3, 0, 5, 13: -0.008310211561518344
calculated iMatrix for 3, 0, 5, 14: -0.3050495711258089
calculated iMatrix for 3, 0, 5, 15: -0.03424186619111924
calculated iMatrix for 3, 0, 5, 16: -0.41941938094122266
calculated iMatrix for 3, 0, 5, 17: -0.1371686984866486
calculated iMatrix for 3, 0, 5, 18: -0.0036373058621259613
calculated iMatrix for 3, 0, 5, 19: 0.2047349281317712
calculated iMatrix for 3, 0, 6, 0: -0.36944473336413075
calculated iMatrix for 3, 0, 6, 1: 0.3951536951583453
calculated iMatrix for 3, 0, 6, 2: 0.07603728106364949
calculated iMatrix for 3, 0, 6, 3: 0.25383832644628596
calculated iMatrix for 3, 0, 6, 4: -0.02751484474725907
calculated iMatrix for 3, 0, 6, 5: 0.32101871313251346
calculated iMatrix for 3, 0, 6, 6: 0.17941712014748135
calculated iMatrix for 3, 0, 6, 7: -0.306509543807882
calculated iMatrix for 3, 0, 6, 8: 0.27967037240552556
calculated iMatrix for 3, 0, 6, 9: -0.35026191394735695
calculated iMatrix for 3, 0, 6, 10: -0.4830214037932975
calculated iMatrix for 3, 0, 6, 11: 0.4198463077487168
calculated iMatrix for 3, 0, 6, 12: 0.5889226377926506
calculated iMatrix for 3, 0, 6, 13: 0.04598653905588357
calculated iMatrix for 3, 0, 6, 14: 0.055203194160807545
calculated iMatrix for 3, 0, 6, 15: 0.11866354807803325
calculated iMatrix for 3, 0, 6, 16: 0.13758430276627498
calculated iMatrix for 3, 0, 6, 17: -0.31511114287124353
calculated iMatrix for 3, 0, 6, 18: -0.6920112076694137
calculated iMatrix for 3, 0, 6, 19: -0.2637314217950778
calculated iMatrix for 3, 0, 7, 0: -0.23247887829097336
calculated iMatrix for 3, 0, 7, 1: -0.1347147095250818
calculated iMatrix for 3, 0, 7, 2: 0.3640414665799001
calculated iMatrix for 3, 0, 7, 3: -0.2909224741610481
calculated iMatrix for 3, 0, 7, 4: -0.3686110526155534
calculated iMatrix for 3, 0, 7, 5: 0.9402413825308582
calculated iMatrix for 3, 0, 7, 6: 0.28119981445742365
calculated iMatrix for 3, 0, 7, 7: -0.47088990173597167
calculated iMatrix for 3, 0, 7, 8: -0.1277155558428933
calculated iMatrix for 3, 0, 7, 9: -0.4590180186063214
calculated iMatrix for 3, 0, 7, 10: -0.7588086885929294
calculated iMatrix for 3, 0, 7, 11: 0.6532463592301155
calculated iMatrix for 3, 0, 7, 12: 0.5401324736232187
calculated iMatrix for 3, 0, 7, 13: -0.25649375449484724
calculated iMatrix for 3, 0, 7, 14: -0.2494902241175101
calculated iMatrix for 3, 0, 7, 15: 0.43301677093846175
calculated iMatrix for 3, 0, 7, 16: 0.21453523273006336
calculated iMatrix for 3, 0, 7, 17: -0.5768562944192998
calculated iMatrix for 3, 0, 7, 18: -0.3264106981251771
calculated iMatrix for 3, 0, 7, 19: 0.1834575296844863
calculated iMatrix for 3, 0, 8, 0: NaN
calculated iMatrix for 3, 0, 8, 1: NaN
calculated iMatrix for 3, 0, 8, 2: NaN
calculated iMatrix for 3, 0, 8, 3: 9.130481459873607E-5
calculated iMatrix for 3, 0, 8, 4: NaN
calculated iMatrix for 3, 0, 8, 5: NaN
calculated iMatrix for 3, 0, 8, 6: NaN
calculated iMatrix for 3, 0, 8, 7: NaN
calculated iMatrix for 3, 0, 8, 8: NaN
calculated iMatrix for 3, 0, 8, 9: NaN
calculated iMatrix for 3, 0, 8, 10: NaN
calculated iMatrix for 3, 0, 8, 11: NaN
calculated iMatrix for 3, 0, 8, 12: NaN
calculated iMatrix for 3, 0, 8, 13: NaN
calculated iMatrix for 3, 0, 8, 14: NaN
calculated iMatrix for 3, 0, 8, 15: NaN
calculated iMatrix for 3, 0, 8, 16: NaN
calculated iMatrix for 3, 0, 8, 17: NaN
calculated iMatrix for 3, 0, 8, 18: NaN
calculated iMatrix for 3, 0, 8, 19: NaN
calculated iMatrix for 3, 0, 9, 0: -0.5833124216610982
calculated iMatrix for 3, 0, 9, 1: -0.288568344942017
calculated iMatrix for 3, 0, 9, 2: 0.5468459985100242
calculated iMatrix for 3, 0, 9, 3: -0.3984640157652345
calculated iMatrix for 3, 0, 9, 4: -0.5807855725591892
calculated iMatrix for 3, 0, 9, 5: 0.8972239974471674
calculated iMatrix for 3, 0, 9, 6: 0.6429898590629265
calculated iMatrix for 3, 0, 9, 7: -0.7728633042985086
calculated iMatrix for 3, 0, 9, 8: -0.06420907495266914
calculated iMatrix for 3, 0, 9, 9: -0.8024196896245447
calculated iMatrix for 3, 0, 9, 10: -0.23820955299995838
calculated iMatrix for 3, 0, 9, 11: 0.4136797928330528
calculated iMatrix for 3, 0, 9, 12: 1.999431257033136
calculated iMatrix for 3, 0, 9, 13: -0.39966377595713876
calculated iMatrix for 3, 0, 9, 14: 0.13216423529693577
calculated iMatrix for 3, 0, 9, 15: 0.2412771005733126
calculated iMatrix for 3, 0, 9, 16: 0.364276456593906
calculated iMatrix for 3, 0, 9, 17: -0.3815144574514614
calculated iMatrix for 3, 0, 9, 18: -0.09667733713191162
calculated iMatrix for 3, 0, 9, 19: -0.2508280169591699
calculated iMatrix for 3, 0, 10, 0: -0.5285023529738441
calculated iMatrix for 3, 0, 10, 1: 0.11018532857816066
calculated iMatrix for 3, 0, 10, 2: 0.5207722263386774
calculated iMatrix for 3, 0, 10, 3: -0.08524864130828891
calculated iMatrix for 3, 0, 10, 4: -0.18173367928573814
calculated iMatrix for 3, 0, 10, 5: 0.34609113150622156
calculated iMatrix for 3, 0, 10, 6: -0.035768584044919116
calculated iMatrix for 3, 0, 10, 7: -0.3046233439402697
calculated iMatrix for 3, 0, 10, 8: 0.17298622981719092
calculated iMatrix for 3, 0, 10, 9: -0.5868146398765336
calculated iMatrix for 3, 0, 10, 10: -0.2523941879919148
calculated iMatrix for 3, 0, 10, 11: 0.3245361279443919
calculated iMatrix for 3, 0, 10, 12: 1.3274789768797572
calculated iMatrix for 3, 0, 10, 13: 0.24833566705897775
calculated iMatrix for 3, 0, 10, 14: -0.18149332355810577
calculated iMatrix for 3, 0, 10, 15: 0.16153884397684015
calculated iMatrix for 3, 0, 10, 16: 0.14151009771517342
calculated iMatrix for 3, 0, 10, 17: -0.133722399843061
calculated iMatrix for 3, 0, 10, 18: 0.15236694261445527
calculated iMatrix for 3, 0, 10, 19: -0.2871579074726547
calculated iMatrix for 3, 0, 11, 0: -0.6097731094324416
calculated iMatrix for 3, 0, 11, 1: 0.365358122464647
calculated iMatrix for 3, 0, 11, 2: 0.052914863642795185
calculated iMatrix for 3, 0, 11, 3: 0.0519721735793609
calculated iMatrix for 3, 0, 11, 4: 0.15528665271779007
calculated iMatrix for 3, 0, 11, 5: -0.1540882443452507
calculated iMatrix for 3, 0, 11, 6: 0.12752385574043357
calculated iMatrix for 3, 0, 11, 7: -0.15334155773224956
calculated iMatrix for 3, 0, 11, 8: -0.34419669444426604
calculated iMatrix for 3, 0, 11, 9: -0.03252018001091195
calculated iMatrix for 3, 0, 11, 10: -0.1899192638721775
calculated iMatrix for 3, 0, 11, 11: 0.13744129239777947
calculated iMatrix for 3, 0, 11, 12: 0.7383000388672514
calculated iMatrix for 3, 0, 11, 13: -0.2772147721323649
calculated iMatrix for 3, 0, 11, 14: -0.4884122524281741
calculated iMatrix for 3, 0, 11, 15: 0.276058414957005
calculated iMatrix for 3, 0, 11, 16: 0.3940938116463021
calculated iMatrix for 3, 0, 11, 17: 0.32313850367775393
calculated iMatrix for 3, 0, 11, 18: -0.1802104497452166
calculated iMatrix for 3, 0, 11, 19: 0.36673648243476825
calculated iMatrix for 3, 0, 12, 0: -0.4626895968282757
calculated iMatrix for 3, 0, 12, 1: 0.2201330082428929
calculated iMatrix for 3, 0, 12, 2: -0.07454877462117793
calculated iMatrix for 3, 0, 12, 3: -0.16442541504595776
calculated iMatrix for 3, 0, 12, 4: 0.4921669693283428
calculated iMatrix for 3, 0, 12, 5: 0.15748204328122573
calculated iMatrix for 3, 0, 12, 6: -0.05015732149701879
calculated iMatrix for 3, 0, 12, 7: 0.4364979413411588
calculated iMatrix for 3, 0, 12, 8: -0.6386559835812277
calculated iMatrix for 3, 0, 12, 9: 0.007001092342929782
calculated iMatrix for 3, 0, 12, 10: -0.2537562767382584
calculated iMatrix for 3, 0, 12, 11: -0.1107819433134537
calculated iMatrix for 3, 0, 12, 12: 0.5376293434051003
calculated iMatrix for 3, 0, 12, 13: -0.28195893555434315
calculated iMatrix for 3, 0, 12, 14: -0.6436746611081229
calculated iMatrix for 3, 0, 12, 15: 0.046302944690543524
calculated iMatrix for 3, 0, 12, 16: 0.28829707632818524
calculated iMatrix for 3, 0, 12, 17: 0.5065780035730497
calculated iMatrix for 3, 0, 12, 18: 0.08867912335719708
calculated iMatrix for 3, 0, 12, 19: 0.29309460210957294
calculated iMatrix for 3, 0, 13, 0: -0.09288226616336004
calculated iMatrix for 3, 0, 13, 1: 0.11492242886242976
calculated iMatrix for 3, 0, 13, 2: 0.0882011118758198
calculated iMatrix for 3, 0, 13, 3: 0.15893447636154057
calculated iMatrix for 3, 0, 13, 4: -0.15467002023250565
calculated iMatrix for 3, 0, 13, 5: 0.09502468834747912
calculated iMatrix for 3, 0, 13, 6: -0.32974218371618036
calculated iMatrix for 3, 0, 13, 7: 0.004501091040845173
calculated iMatrix for 3, 0, 13, 8: -0.12586914323271514
calculated iMatrix for 3, 0, 13, 9: -0.24060428573489057
calculated iMatrix for 3, 0, 13, 10: -0.24252921414447492
calculated iMatrix for 3, 0, 13, 11: 0.1405324849674524
calculated iMatrix for 3, 0, 13, 12: 0.38347866357784194
calculated iMatrix for 3, 0, 13, 13: 0.046173787441413316
calculated iMatrix for 3, 0, 13, 14: -0.33582122979256257
calculated iMatrix for 3, 0, 13, 15: 0.23386843975165156
calculated iMatrix for 3, 0, 13, 16: 0.20955089891235595
calculated iMatrix for 3, 0, 13, 17: 0.03283959807394898
calculated iMatrix for 3, 0, 13, 18: 0.08337407112750372
calculated iMatrix for 3, 0, 13, 19: 0.043661433720636134
calculated iMatrix for 3, 0, 14, 0: -0.16598913702214046
calculated iMatrix for 3, 0, 14, 1: -0.3014717497779249
calculated iMatrix for 3, 0, 14, 2: 0.2541640699587268
calculated iMatrix for 3, 0, 14, 3: 0.031188317956933553
calculated iMatrix for 3, 0, 14, 4: 0.04178017382866683
calculated iMatrix for 3, 0, 14, 5: -0.391083908467612
calculated iMatrix for 3, 0, 14, 6: 0.1934647611607317
calculated iMatrix for 3, 0, 14, 7: 0.12231193885392422
calculated iMatrix for 3, 0, 14, 8: -0.27570761284179346
calculated iMatrix for 3, 0, 14, 9: -0.16645777719317945
calculated iMatrix for 3, 0, 14, 10: -0.05015732149701879
calculated iMatrix for 3, 0, 14, 11: -0.12893819935013318
calculated iMatrix for 3, 0, 14, 12: 0.1434958013064857
calculated iMatrix for 3, 0, 14, 13: -0.12505862967013648
calculated iMatrix for 3, 0, 14, 14: 0.004650914997976097
calculated iMatrix for 3, 0, 14, 15: 0.3769692833923249
calculated iMatrix for 3, 0, 14, 16: 0.19206237687800481
calculated iMatrix for 3, 0, 14, 17: 0.20233844182971833
calculated iMatrix for 3, 0, 14, 18: 0.21012577676664773
calculated iMatrix for 3, 0, 14, 19: 0.17661599786776971
calculated iMatrix for 3, 0, 15, 0: -0.20073017997639309
calculated iMatrix for 3, 0, 15, 1: 0.6429898590629265
calculated iMatrix for 3, 0, 15, 2: 0.13216423529693577
calculated iMatrix for 3, 0, 15, 3: -0.19857732661529215
calculated iMatrix for 3, 0, 15, 4: -0.0013671573275867432
calculated iMatrix for 3, 0, 15, 5: 0.04061770314191482
calculated iMatrix for 3, 0, 15, 6: 0.2562168839669146
calculated iMatrix for 3, 0, 15, 7: 0.1971522956643746
calculated iMatrix for 3, 0, 15, 8: -0.6156267846839022
calculated iMatrix for 3, 0, 15, 9: 0.009434775705226772
calculated iMatrix for 3, 0, 15, 10: 0.09826268362125434
calculated iMatrix for 3, 0, 15, 11: 0.048782626357884884
calculated iMatrix for 3, 0, 15, 12: 0.06491200828776844
calculated iMatrix for 3, 0, 15, 13: -0.19676079568889415
calculated iMatrix for 3, 0, 15, 14: -0.2795314225618647
calculated iMatrix for 3, 0, 15, 15: 0.16341677880104027
calculated iMatrix for 3, 0, 15, 16: 0.09467362638143717
calculated iMatrix for 3, 0, 15, 17: 0.3002805959861658
calculated iMatrix for 3, 0, 15, 18: 0.23752475095476205
calculated iMatrix for 3, 0, 15, 19: 0.19873872591960556
calculated iMatrix for 3, 0, 16, 0: -0.05405596191267614
calculated iMatrix for 3, 0, 16, 1: 0.3772866933299209
calculated iMatrix for 3, 0, 16, 2: -0.015585977431930131
calculated iMatrix for 3, 0, 16, 3: -0.16679422522277965
calculated iMatrix for 3, 0, 16, 4: 0.06251584100709395
calculated iMatrix for 3, 0, 16, 5: 0.2324096502879916
calculated iMatrix for 3, 0, 16, 6: 0.24610849464615359
calculated iMatrix for 3, 0, 16, 7: 0.020717018089638328
calculated iMatrix for 3, 0, 16, 8: -0.27559708507157876
calculated iMatrix for 3, 0, 16, 9: -0.17899019333998722
calculated iMatrix for 3, 0, 16, 10: 0.04221599863399628
calculated iMatrix for 3, 0, 16, 11: 0.09569455551554429
calculated iMatrix for 3, 0, 16, 12: 0.019368741151591484
calculated iMatrix for 3, 0, 16, 13: -0.20430800132427718
calculated iMatrix for 3, 0, 16, 14: -0.012416993514171693
calculated iMatrix for 3, 0, 16, 15: 0.16056370981863372
calculated iMatrix for 3, 0, 16, 16: -0.011936108676821156
calculated iMatrix for 3, 0, 16, 17: 0.17298622981719092
calculated iMatrix for 3, 0, 16, 18: -0.1737712774641954
calculated iMatrix for 3, 0, 16, 19: 0.07173249611201793
calculated iMatrix for 3, 1, 0, 0: -0.12670649040915438
calculated iMatrix for 3, 1, 0, 1: -0.38159874003794414
calculated iMatrix for 3, 1, 0, 2: -0.3476971883622628
calculated iMatrix for 3, 1, 0, 3: -0.04042798263517722
calculated iMatrix for 3, 1, 0, 4: -0.14138320482508715
calculated iMatrix for 3, 1, 0, 5: 0.2641807516991119
calculated iMatrix for 3, 1, 0, 6: -1.1470665821775157
calculated iMatrix for 3, 1, 0, 7: 0.14073070820953104
calculated iMatrix for 3, 1, 0, 8: 0.07598236920923407
calculated iMatrix for 3, 1, 0, 9: 0.1032199749929319
calculated iMatrix for 3, 1, 0, 10: -8.262445201514534E-4
calculated iMatrix for 3, 1, 0, 11: 0.25748121925172507
calculated iMatrix for 3, 1, 0, 12: -0.15845518872373465
calculated iMatrix for 3, 1, 0, 13: -0.49938177569432796
calculated iMatrix for 3, 1, 0, 14: 0.05941735233453893
calculated iMatrix for 3, 1, 0, 15: 0.2405967045497166
calculated iMatrix for 3, 1, 0, 16: -0.11744716499635754
calculated iMatrix for 3, 1, 0, 17: 0.15739776069474254
calculated iMatrix for 3, 1, 0, 18: -0.051357053167367495
calculated iMatrix for 3, 1, 0, 19: -0.07193776086738812
calculated iMatrix for 3, 1, 1, 0: -0.04199661040780378
calculated iMatrix for 3, 1, 1, 1: 0.2670966779511672
calculated iMatrix for 3, 1, 1, 2: 0.03565432382226219
calculated iMatrix for 3, 1, 1, 3: -0.4456775967224669
calculated iMatrix for 3, 1, 1, 4: -0.09391666758616335
calculated iMatrix for 3, 1, 1, 5: 0.17178649814684221
calculated iMatrix for 3, 1, 1, 6: -0.09391666758616335
calculated iMatrix for 3, 1, 1, 7: -0.07522453457401079
calculated iMatrix for 3, 1, 1, 8: 0.1589186735354493
calculated iMatrix for 3, 1, 1, 9: -0.3600925348169808
calculated iMatrix for 3, 1, 1, 10: 0.1396981835953417
calculated iMatrix for 3, 1, 1, 11: 0.06445164818529836
calculated iMatrix for 3, 1, 1, 12: 0.02610100587163644
calculated iMatrix for 3, 1, 1, 13: 0.20120038335313573
calculated iMatrix for 3, 1, 1, 14: 0.0664259824890161
calculated iMatrix for 3, 1, 1, 15: 0.019070195806726975
calculated iMatrix for 3, 1, 1, 16: 0.32102718447654466
calculated iMatrix for 3, 1, 1, 17: 0.05303774537049999
calculated iMatrix for 3, 1, 1, 18: -0.8198536709690996
calculated iMatrix for 3, 1, 1, 19: 0.11006638598897056
calculated iMatrix for 3, 1, 2, 0: -0.2051423026963879
calculated iMatrix for 3, 1, 2, 1: -0.12131564177427778
calculated iMatrix for 3, 1, 2, 2: 0.004818173099525591
calculated iMatrix for 3, 1, 2, 3: 0.07515966245777062
calculated iMatrix for 3, 1, 2, 4: 0.041058768610592766
calculated iMatrix for 3, 1, 2, 5: 0.1971380893442567
calculated iMatrix for 3, 1, 2, 6: 0.7447380966450203
calculated iMatrix for 3, 1, 2, 7: -0.373501529805325
calculated iMatrix for 3, 1, 2, 8: 0.38264436220573117
calculated iMatrix for 3, 1, 2, 9: -0.24806734741342185
calculated iMatrix for 3, 1, 2, 10: -0.342378026884663
calculated iMatrix for 3, 1, 2, 11: 0.26652475914804596
calculated iMatrix for 3, 1, 2, 12: -0.0156644706864153
calculated iMatrix for 3, 1, 2, 13: -0.4022180272406799
calculated iMatrix for 3, 1, 2, 14: 0.09430461133497947
calculated iMatrix for 3, 1, 2, 15: 0.05400346249045884
calculated iMatrix for 3, 1, 2, 16: -0.001841988639986969
calculated iMatrix for 3, 1, 2, 17: -0.12445339144624512
calculated iMatrix for 3, 1, 2, 18: -0.006905290596533664
calculated iMatrix for 3, 1, 2, 19: -0.053094673065908315
calculated iMatrix for 3, 1, 3, 0: -0.44078761142827494
calculated iMatrix for 3, 1, 3, 1: -0.09391666758616335
calculated iMatrix for 3, 1, 3, 2: 0.3064593710145298
calculated iMatrix for 3, 1, 3, 3: 0.08840488920779133
calculated iMatrix for 3, 1, 3, 4: -0.287288060566703
calculated iMatrix for 3, 1, 3, 5: 0.3554676744568366
calculated iMatrix for 3, 1, 3, 6: -0.563920296831899
calculated iMatrix for 3, 1, 3, 7: -0.21064094189430493
calculated iMatrix for 3, 1, 3, 8: 0.33644599214372817
calculated iMatrix for 3, 1, 3, 9: -0.41043428967783147
calculated iMatrix for 3, 1, 3, 10: -0.27370977802675944
calculated iMatrix for 3, 1, 3, 11: 0.35745814182607893
calculated iMatrix for 3, 1, 3, 12: 0.4121919663016884
calculated iMatrix for 3, 1, 3, 13: -0.2015473317785288
calculated iMatrix for 3, 1, 3, 14: 0.22344117301173405
calculated iMatrix for 3, 1, 3, 15: -0.14628465310347938
calculated iMatrix for 3, 1, 3, 16: 0.012305545669144102
calculated iMatrix for 3, 1, 3, 17: -0.051357053167367495
calculated iMatrix for 3, 1, 3, 18: -0.17395937525969973
calculated iMatrix for 3, 1, 3, 19: -0.010266638299238462
calculated iMatrix for 3, 1, 4, 0: -0.309625240412855
calculated iMatrix for 3, 1, 4, 1: 0.5757000155635879
calculated iMatrix for 3, 1, 4, 2: 0.09775075162602898
calculated iMatrix for 3, 1, 4, 3: -0.17779815156686563
calculated iMatrix for 3, 1, 4, 4: 0.24559047273020362
calculated iMatrix for 3, 1, 4, 5: 0.3241272227288612
calculated iMatrix for 3, 1, 4, 6: -0.3711274401706488
calculated iMatrix for 3, 1, 4, 7: 0.14081863189183141
calculated iMatrix for 3, 1, 4, 8: -0.0973122565873017
calculated iMatrix for 3, 1, 4, 9: -0.48298796591865134
calculated iMatrix for 3, 1, 4, 10: -0.32310253335633554
calculated iMatrix for 3, 1, 4, 11: 0.2756164312959377
calculated iMatrix for 3, 1, 4, 12: 0.06514802704352407
calculated iMatrix for 3, 1, 4, 13: -0.9309580278061782
calculated iMatrix for 3, 1, 4, 14: -0.1790744759264702
calculated iMatrix for 3, 1, 4, 15: 0.26806332858226223
calculated iMatrix for 3, 1, 4, 16: 0.3949300494610519
calculated iMatrix for 3, 1, 4, 17: 0.15068181872930597
calculated iMatrix for 3, 1, 4, 18: 0.1684475968813277
calculated iMatrix for 3, 1, 4, 19: 0.12762560236107245
calculated iMatrix for 3, 1, 5, 0: -0.27209252700041153
calculated iMatrix for 3, 1, 5, 1: -0.15454128940259815
calculated iMatrix for 3, 1, 5, 2: 0.023866368070220023
calculated iMatrix for 3, 1, 5, 3: -0.23609115636670608
calculated iMatrix for 3, 1, 5, 4: 0.06514802704352407
calculated iMatrix for 3, 1, 5, 5: 0.39707061396016297
calculated iMatrix for 3, 1, 5, 6: 0.10968228765507626
calculated iMatrix for 3, 1, 5, 7: 0.5126900566427255
calculated iMatrix for 3, 1, 5, 8: -0.27970443235660425
calculated iMatrix for 3, 1, 5, 9: -0.14798388885643932
calculated iMatrix for 3, 1, 5, 10: -0.27370977802675944
calculated iMatrix for 3, 1, 5, 11: 0.01941201772083989
calculated iMatrix for 3, 1, 5, 12: 0.23985651206588465
calculated iMatrix for 3, 1, 5, 13: -0.3138805659829935
calculated iMatrix for 3, 1, 5, 14: -0.3664851022278963
calculated iMatrix for 3, 1, 5, 15: -0.10221547040085843
calculated iMatrix for 3, 1, 5, 16: -0.17198504095598222
calculated iMatrix for 3, 1, 5, 17: 0.44507983314652355
calculated iMatrix for 3, 1, 5, 18: -0.24806734741342185
calculated iMatrix for 3, 1, 5, 19: 0.06468836259047528
calculated iMatrix for 3, 1, 6, 0: -0.5520985578667319
calculated iMatrix for 3, 1, 6, 1: -0.39710292657390944
calculated iMatrix for 3, 1, 6, 2: 0.014977420652974027
calculated iMatrix for 3, 1, 6, 3: -0.521360682413103
calculated iMatrix for 3, 1, 6, 4: 0.013836193710282663
calculated iMatrix for 3, 1, 6, 5: 0.4966908736575968
calculated iMatrix for 3, 1, 6, 6: 0.41943740253318595
calculated iMatrix for 3, 1, 6, 7: 0.08840488920779133
calculated iMatrix for 3, 1, 6, 8: 0.20565615138713933
calculated iMatrix for 3, 1, 6, 9: -0.7581408086768584
calculated iMatrix for 3, 1, 6, 10: -0.47690891984226935
calculated iMatrix for 3, 1, 6, 11: -0.051357053167367495
calculated iMatrix for 3, 1, 6, 12: -0.72990543430616
calculated iMatrix for 3, 1, 6, 13: -0.1502696041372953
calculated iMatrix for 3, 1, 6, 14: -0.20426472475502888
calculated iMatrix for 3, 1, 6, 15: -0.08133788537930342
calculated iMatrix for 3, 1, 6, 16: 0.3533955504575015
calculated iMatrix for 3, 1, 6, 17: 0.5950725028251183
calculated iMatrix for 3, 1, 6, 18: 0.7423313566144553
calculated iMatrix for 3, 1, 6, 19: 0.5436606618189712
calculated iMatrix for 3, 1, 7, 0: -0.4671209134761063
calculated iMatrix for 3, 1, 7, 1: 0.7423313566144553
calculated iMatrix for 3, 1, 7, 2: -1.1964893574703699
calculated iMatrix for 3, 1, 7, 3: -0.9048468838024921
calculated iMatrix for 3, 1, 7, 4: 0.5693775498241007
calculated iMatrix for 3, 1, 7, 5: -0.03034386356855112
calculated iMatrix for 3, 1, 7, 6: -0.44222336185437916
calculated iMatrix for 3, 1, 7, 7: 0.906065017640319
calculated iMatrix for 3, 1, 7, 8: -0.2715978448236158
calculated iMatrix for 3, 1, 7, 9: 0.09753737277106378
calculated iMatrix for 3, 1, 7, 10: 0.44507983314652355
calculated iMatrix for 3, 1, 7, 11: -0.5282022142298195
calculated iMatrix for 3, 1, 7, 12: -1.4926335487046112
calculated iMatrix for 3, 1, 7, 13: -0.34815080597040415
calculated iMatrix for 3, 1, 7, 14: -0.2978288569724856
calculated iMatrix for 3, 1, 7, 15: -0.49474139613782553
calculated iMatrix for 3, 1, 7, 16: 0.04370471028988421
calculated iMatrix for 3, 1, 7, 17: 0.9261332985788441
calculated iMatrix for 3, 1, 7, 18: 1.078803593235668
calculated iMatrix for 3, 1, 7, 19: 0.6078142566651734
calculated iMatrix for 3, 1, 8, 0: NaN
calculated iMatrix for 3, 1, 8, 1: NaN
calculated iMatrix for 3, 1, 8, 2: NaN
calculated iMatrix for 3, 1, 8, 3: -8.262800812897098E-6
calculated iMatrix for 3, 1, 8, 4: NaN
calculated iMatrix for 3, 1, 8, 5: NaN
calculated iMatrix for 3, 1, 8, 6: NaN
calculated iMatrix for 3, 1, 8, 7: NaN
calculated iMatrix for 3, 1, 8, 8: NaN
calculated iMatrix for 3, 1, 8, 9: NaN
calculated iMatrix for 3, 1, 8, 10: NaN
calculated iMatrix for 3, 1, 8, 11: NaN
calculated iMatrix for 3, 1, 8, 12: NaN
calculated iMatrix for 3, 1, 8, 13: NaN
calculated iMatrix for 3, 1, 8, 14: NaN
calculated iMatrix for 3, 1, 8, 15: NaN
calculated iMatrix for 3, 1, 8, 16: NaN
calculated iMatrix for 3, 1, 8, 17: NaN
calculated iMatrix for 3, 1, 8, 18: NaN
calculated iMatrix for 3, 1, 8, 19: NaN
calculated iMatrix for 3, 1, 9, 0: -0.4463189307191162
calculated iMatrix for 3, 1, 9, 1: 1.0692341422195173
calculated iMatrix for 3, 1, 9, 2: -0.7636435739380101
calculated iMatrix for 3, 1, 9, 3: -0.653532455521586
calculated iMatrix for 3, 1, 9, 4: 0.6589497476754043
calculated iMatrix for 3, 1, 9, 5: -0.183942819243883
calculated iMatrix for 3, 1, 9, 6: -1.0953652078006253
calculated iMatrix for 3, 1, 9, 7: 0.7788160899488618
calculated iMatrix for 3, 1, 9, 8: -0.5380509168534817
calculated iMatrix for 3, 1, 9, 9: 0.22043365194777875
calculated iMatrix for 3, 1, 9, 10: -0.38159874003794414
calculated iMatrix for 3, 1, 9, 11: -0.39710292657390944
calculated iMatrix for 3, 1, 9, 12: -0.12950761268886612
calculated iMatrix for 3, 1, 9, 13: -0.5475838775122055
calculated iMatrix for 3, 1, 9, 14: -0.2063946510128538
calculated iMatrix for 3, 1, 9, 15: -0.012238636571896055
calculated iMatrix for 3, 1, 9, 16: -0.09841105717400267
calculated iMatrix for 3, 1, 9, 17: 0.8445479217823137
calculated iMatrix for 3, 1, 9, 18: 0.21245753787777
calculated iMatrix for 3, 1, 9, 19: 0.5022382469864721
calculated iMatrix for 3, 1, 10, 0: -0.1881038826458643
calculated iMatrix for 3, 1, 10, 1: 0.25936268735143075
calculated iMatrix for 3, 1, 10, 2: 0.4630983386492018
calculated iMatrix for 3, 1, 10, 3: -0.18744272559698683
calculated iMatrix for 3, 1, 10, 4: -0.2589964179456121
calculated iMatrix for 3, 1, 10, 5: -0.14392708816082478
calculated iMatrix for 3, 1, 10, 6: 0.6498742457925368
calculated iMatrix for 3, 1, 10, 7: -0.17395937525969973
calculated iMatrix for 3, 1, 10, 8: -0.034018526005094474
calculated iMatrix for 3, 1, 10, 9: -0.6570107198979107
calculated iMatrix for 3, 1, 10, 10: -0.2945873630483147
calculated iMatrix for 3, 1, 10, 11: 0.4383001461611449
calculated iMatrix for 3, 1, 10, 12: -0.034493247115362724
calculated iMatrix for 3, 1, 10, 13: -0.5285809303865903
calculated iMatrix for 3, 1, 10, 14: -0.12546502532108939
calculated iMatrix for 3, 1, 10, 15: 0.31781805353559633
calculated iMatrix for 3, 1, 10, 16: 0.6224873751380493
calculated iMatrix for 3, 1, 10, 17: 0.1955306303901867
calculated iMatrix for 3, 1, 10, 18: 0.24700991938442973
calculated iMatrix for 3, 1, 10, 19: -0.02647538679063066
calculated iMatrix for 3, 1, 11, 0: -0.38159874003794414
calculated iMatrix for 3, 1, 11, 1: 0.4561296693331085
calculated iMatrix for 3, 1, 11, 2: 0.4568585323391363
calculated iMatrix for 3, 1, 11, 3: -0.42112957879457946
calculated iMatrix for 3, 1, 11, 4: 0.2841494663338866
calculated iMatrix for 3, 1, 11, 5: 0.40857241680406053
calculated iMatrix for 3, 1, 11, 6: -0.05391133297246431
calculated iMatrix for 3, 1, 11, 7: 0.2425555690350496
calculated iMatrix for 3, 1, 11, 8: -0.6324790463237537
calculated iMatrix for 3, 1, 11, 9: -0.29190998527759815
calculated iMatrix for 3, 1, 11, 10: -0.024923796099211915
calculated iMatrix for 3, 1, 11, 11: -0.08815296286941332
calculated iMatrix for 3, 1, 11, 12: 0.28151615342312586
calculated iMatrix for 3, 1, 11, 13: -0.3202297936616523
calculated iMatrix for 3, 1, 11, 14: -0.314758721912094
calculated iMatrix for 3, 1, 11, 15: 0.4287306951449943
calculated iMatrix for 3, 1, 11, 16: 0.1879344845548243
calculated iMatrix for 3, 1, 11, 17: -0.045669834046778046
calculated iMatrix for 3, 1, 11, 18: -0.01695562645003501
calculated iMatrix for 3, 1, 11, 19: 0.11175225320478233
calculated iMatrix for 3, 1, 12, 0: -0.23004884191074337
calculated iMatrix for 3, 1, 12, 1: 0.5992305129737818
calculated iMatrix for 3, 1, 12, 2: 0.5389382827176619
calculated iMatrix for 3, 1, 12, 3: -0.1758337900540503
calculated iMatrix for 3, 1, 12, 4: 0.008892826280057609
calculated iMatrix for 3, 1, 12, 5: 0.5143916330367524
calculated iMatrix for 3, 1, 12, 6: -0.06001511591048203
calculated iMatrix for 3, 1, 12, 7: -0.01911545450346508
calculated iMatrix for 3, 1, 12, 8: -0.2197189924091667
calculated iMatrix for 3, 1, 12, 9: -0.36280624068857703
calculated iMatrix for 3, 1, 12, 10: -0.2805026231665755
calculated iMatrix for 3, 1, 12, 11: -0.0765249248742943
calculated iMatrix for 3, 1, 12, 12: 0.3760869616595721
calculated iMatrix for 3, 1, 12, 13: -0.827885842666364
calculated iMatrix for 3, 1, 12, 14: -0.7164462809321552
calculated iMatrix for 3, 1, 12, 15: 0.43455342015953624
calculated iMatrix for 3, 1, 12, 16: -0.19771346126780687
calculated iMatrix for 3, 1, 12, 17: 0.3160227209169222
calculated iMatrix for 3, 1, 12, 18: 0.151918294930117
calculated iMatrix for 3, 1, 12, 19: -0.03020085320005572
calculated iMatrix for 3, 1, 13, 0: -0.10596500610233783
calculated iMatrix for 3, 1, 13, 1: -0.07522453457401079
calculated iMatrix for 3, 1, 13, 2: 0.4158612871473837
calculated iMatrix for 3, 1, 13, 3: -0.08554841791564671
calculated iMatrix for 3, 1, 13, 4: -0.2846567948457137
calculated iMatrix for 3, 1, 13, 5: 0.23556253354407897
calculated iMatrix for 3, 1, 13, 6: 0.3872602622576973
calculated iMatrix for 3, 1, 13, 7: -0.24806734741342185
calculated iMatrix for 3, 1, 13, 8: -0.04095113200625078
calculated iMatrix for 3, 1, 13, 9: -0.567085571914149
calculated iMatrix for 3, 1, 13, 10: -0.4323710654113677
calculated iMatrix for 3, 1, 13, 11: 0.09467450222138662
calculated iMatrix for 3, 1, 13, 12: 0.4961982870755466
calculated iMatrix for 3, 1, 13, 13: 0.03529506389384274
calculated iMatrix for 3, 1, 13, 14: -0.22312839906616966
calculated iMatrix for 3, 1, 13, 15: 0.2950191385707903
calculated iMatrix for 3, 1, 13, 16: 0.23664713234888324
calculated iMatrix for 3, 1, 13, 17: 0.14346466639081856
calculated iMatrix for 3, 1, 13, 18: -0.3244403261979958
calculated iMatrix for 3, 1, 13, 19: -0.18314780131410613
calculated iMatrix for 3, 1, 14, 0: -0.27931989091752607
calculated iMatrix for 3, 1, 14, 1: -0.17395937525969973
calculated iMatrix for 3, 1, 14, 2: 0.1541562667705716
calculated iMatrix for 3, 1, 14, 3: -0.035322503320110554
calculated iMatrix for 3, 1, 14, 4: -0.21032701943057464
calculated iMatrix for 3, 1, 14, 5: 0.34200764800670935
calculated iMatrix for 3, 1, 14, 6: 0.4984258138518163
calculated iMatrix for 3, 1, 14, 7: -0.5453188708813532
calculated iMatrix for 3, 1, 14, 8: -0.1100460495160469
calculated iMatrix for 3, 1, 14, 9: -0.5154556005253887
calculated iMatrix for 3, 1, 14, 10: 0.16636643067750323
calculated iMatrix for 3, 1, 14, 11: 0.44840762323919825
calculated iMatrix for 3, 1, 14, 12: 0.29148087747119167
calculated iMatrix for 3, 1, 14, 13: 0.054213524459511886
calculated iMatrix for 3, 1, 14, 14: -0.17130333120158348
calculated iMatrix for 3, 1, 14, 15: 0.13719505337722326
calculated iMatrix for 3, 1, 14, 16: 0.18822522449000223
calculated iMatrix for 3, 1, 14, 17: 0.1898050036495207
calculated iMatrix for 3, 1, 14, 18: 0.2909291533192653
calculated iMatrix for 3, 1, 14, 19: -0.16752848492940942
calculated iMatrix for 3, 1, 15, 0: 0.0425953531764971
calculated iMatrix for 3, 1, 15, 1: 0.05268680660571201
calculated iMatrix for 3, 1, 15, 2: -0.21580648519520018
calculated iMatrix for 3, 1, 15, 3: -0.5060932102823146
calculated iMatrix for 3, 1, 15, 4: -0.013377805102151141
calculated iMatrix for 3, 1, 15, 5: 0.35840385780350625
calculated iMatrix for 3, 1, 15, 6: 0.25439002668205246
calculated iMatrix for 3, 1, 15, 7: -0.309625240412855
calculated iMatrix for 3, 1, 15, 8: -0.07286325838833108
calculated iMatrix for 3, 1, 15, 9: -0.34661902114191756
calculated iMatrix for 3, 1, 15, 10: -0.3534278630712482
calculated iMatrix for 3, 1, 15, 11: 0.38097694695376383
calculated iMatrix for 3, 1, 15, 12: 0.1969450577829972
calculated iMatrix for 3, 1, 15, 13: -0.436323639727191
calculated iMatrix for 3, 1, 15, 14: -0.2129760276021515
calculated iMatrix for 3, 1, 15, 15: 0.05268680660571201
calculated iMatrix for 3, 1, 15, 16: 0.4211106430335272
calculated iMatrix for 3, 1, 15, 17: 0.17326142466791006
calculated iMatrix for 3, 1, 15, 18: -0.22744806021068587
calculated iMatrix for 3, 1, 15, 19: 0.261117586895109
calculated iMatrix for 3, 1, 16, 0: -0.15905596975712477
calculated iMatrix for 3, 1, 16, 1: 0.11087774505984993
calculated iMatrix for 3, 1, 16, 2: 0.05627361102499795
calculated iMatrix for 3, 1, 16, 3: -0.38159874003794414
calculated iMatrix for 3, 1, 16, 4: 0.030835037386313324
calculated iMatrix for 3, 1, 16, 5: 0.1461826898746026
calculated iMatrix for 3, 1, 16, 6: -0.5822694355000952
calculated iMatrix for 3, 1, 16, 7: -0.3898975428526392
calculated iMatrix for 3, 1, 16, 8: 0.06860226191161156
calculated iMatrix for 3, 1, 16, 9: 0.0035816968987143483
calculated iMatrix for 3, 1, 16, 10: 0.011443848071662766
calculated iMatrix for 3, 1, 16, 11: 0.16795752090974503
calculated iMatrix for 3, 1, 16, 12: 0.2984763589546482
calculated iMatrix for 3, 1, 16, 13: -0.15709556920769496
calculated iMatrix for 3, 1, 16, 14: -0.3959187938126929
calculated iMatrix for 3, 1, 16, 15: 0.3019789895058502
calculated iMatrix for 3, 1, 16, 16: -0.04011396159318714
calculated iMatrix for 3, 1, 16, 17: 0.18556863766143894
calculated iMatrix for 3, 1, 16, 18: 0.16391244171593633
calculated iMatrix for 3, 1, 16, 19: 0.31892854781962354
calculated iMatrix for 3, 2, 0, 0: 0.18672635976693003
calculated iMatrix for 3, 2, 0, 1: -0.05829701931910685
calculated iMatrix for 3, 2, 0, 2: 0.18099396898408177
calculated iMatrix for 3, 2, 0, 3: 0.21621175186788183
calculated iMatrix for 3, 2, 0, 4: -0.22072931997808712
calculated iMatrix for 3, 2, 0, 5: -0.21036653294254057
calculated iMatrix for 3, 2, 0, 6: 0.4210870786120648
calculated iMatrix for 3, 2, 0, 7: -0.25664237814525953
calculated iMatrix for 3, 2, 0, 8: 0.004145711123465963
calculated iMatrix for 3, 2, 0, 9: -0.12695616812650515
calculated iMatrix for 3, 2, 0, 10: -0.06460257188238362
calculated iMatrix for 3, 2, 0, 11: -0.08788497650460292
calculated iMatrix for 3, 2, 0, 12: 0.32448574304412015
calculated iMatrix for 3, 2, 0, 13: 0.3251797055979938
calculated iMatrix for 3, 2, 0, 14: -0.06973787844725629
calculated iMatrix for 3, 2, 0, 15: -0.18097539957061484
calculated iMatrix for 3, 2, 0, 16: 0.061294690600634937
calculated iMatrix for 3, 2, 0, 17: -0.015799249731648864
calculated iMatrix for 3, 2, 0, 18: -0.2258707194785058
calculated iMatrix for 3, 2, 0, 19: -0.10407966242458355
calculated iMatrix for 3, 2, 1, 0: 0.10939012995640991
calculated iMatrix for 3, 2, 1, 1: -0.8583932782220163
calculated iMatrix for 3, 2, 1, 2: 0.09702323460276333
calculated iMatrix for 3, 2, 1, 3: 0.5279010828978743
calculated iMatrix for 3, 2, 1, 4: 0.09258301164002884
calculated iMatrix for 3, 2, 1, 5: -0.290409240616077
calculated iMatrix for 3, 2, 1, 6: -0.2516232155809205
calculated iMatrix for 3, 2, 1, 7: -0.34473192235523475
calculated iMatrix for 3, 2, 1, 8: 0.05744135330215682
calculated iMatrix for 3, 2, 1, 9: -0.017185251339525975
calculated iMatrix for 3, 2, 1, 10: 0.040757943775442805
calculated iMatrix for 3, 2, 1, 11: 0.15602122091159173
calculated iMatrix for 3, 2, 1, 12: -0.014026723418229482
calculated iMatrix for 3, 2, 1, 13: 0.3421133181274335
calculated iMatrix for 3, 2, 1, 14: 0.0882446100414307
calculated iMatrix for 3, 2, 1, 15: 0.2732038877519661
calculated iMatrix for 3, 2, 1, 16: -0.11691953568995098
calculated iMatrix for 3, 2, 1, 17: -0.42981474028562605
calculated iMatrix for 3, 2, 1, 18: 0.14680456580666776
calculated iMatrix for 3, 2, 1, 19: -0.1362585607888187
calculated iMatrix for 3, 2, 2, 0: 0.2272892624376757
calculated iMatrix for 3, 2, 2, 1: -0.5760731489116208
calculated iMatrix for 3, 2, 2, 2: 0.19713869828056796
calculated iMatrix for 3, 2, 2, 3: 0.15142351166296228
calculated iMatrix for 3, 2, 2, 4: -0.04156700148055998
calculated iMatrix for 3, 2, 2, 5: -0.0690498110953687
calculated iMatrix for 3, 2, 2, 6: -0.7485180822096634
calculated iMatrix for 3, 2, 2, 7: 0.1346727012381469
calculated iMatrix for 3, 2, 2, 8: -0.2109450692618302
calculated iMatrix for 3, 2, 2, 9: 0.08556543898138212
calculated iMatrix for 3, 2, 2, 10: 0.01497240893510477
calculated iMatrix for 3, 2, 2, 11: 0.1498524194309211
calculated iMatrix for 3, 2, 2, 12: -0.13098150368797493
calculated iMatrix for 3, 2, 2, 13: 0.1795943886296585
calculated iMatrix for 3, 2, 2, 14: -0.290409240616077
calculated iMatrix for 3, 2, 2, 15: 0.03776419319044091
calculated iMatrix for 3, 2, 2, 16: 0.14345534201378538
calculated iMatrix for 3, 2, 2, 17: -0.022145254021397717
calculated iMatrix for 3, 2, 2, 18: -0.10538132222437943
calculated iMatrix for 3, 2, 2, 19: -0.22853383689798956
calculated iMatrix for 3, 2, 3, 0: 0.19846287293404136
calculated iMatrix for 3, 2, 3, 1: -0.2258707194785058
calculated iMatrix for 3, 2, 3, 2: 0.04606299600513596
calculated iMatrix for 3, 2, 3, 3: -0.10426358738371892
calculated iMatrix for 3, 2, 3, 4: -0.012389079076032946
calculated iMatrix for 3, 2, 3, 5: -0.11287074726272193
calculated iMatrix for 3, 2, 3, 6: -0.04046749614714317
calculated iMatrix for 3, 2, 3, 7: -0.010107275461918622
calculated iMatrix for 3, 2, 3, 8: -0.12998894777522327
calculated iMatrix for 3, 2, 3, 9: 0.22871518596460882
calculated iMatrix for 3, 2, 3, 10: 0.17552106324202268
calculated iMatrix for 3, 2, 3, 11: -0.21630126846235512
calculated iMatrix for 3, 2, 3, 12: -0.21550793244295924
calculated iMatrix for 3, 2, 3, 13: 0.19913898470262872
calculated iMatrix for 3, 2, 3, 14: 0.036493544988985244
calculated iMatrix for 3, 2, 3, 15: 0.058966400841043876
calculated iMatrix for 3, 2, 3, 16: 0.04819292226296086
calculated iMatrix for 3, 2, 3, 17: -0.13873892584715075
calculated iMatrix for 3, 2, 3, 18: 0.06396420633437605
calculated iMatrix for 3, 2, 3, 19: -0.09369894637002285
calculated iMatrix for 3, 2, 4, 0: 0.19794352729785517
calculated iMatrix for 3, 2, 4, 1: -0.39359347685130774
calculated iMatrix for 3, 2, 4, 2: 0.18532506333864354
calculated iMatrix for 3, 2, 4, 3: 0.39443913712917317
calculated iMatrix for 3, 2, 4, 4: -0.5443244505970405
calculated iMatrix for 3, 2, 4, 5: -0.3774206176057068
calculated iMatrix for 3, 2, 4, 6: 0.09079888984652745
calculated iMatrix for 3, 2, 4, 7: -0.43915450187642735
calculated iMatrix for 3, 2, 4, 8: 0.29004397379495606
calculated iMatrix for 3, 2, 4, 9: -0.04233630625934191
calculated iMatrix for 3, 2, 4, 10: 0.03983244625449982
calculated iMatrix for 3, 2, 4, 11: -0.24081229947670488
calculated iMatrix for 3, 2, 4, 12: -0.15687784799155444
calculated iMatrix for 3, 2, 4, 13: 0.6760312749435496
calculated iMatrix for 3, 2, 4, 14: 0.4471897025147021
calculated iMatrix for 3, 2, 4, 15: -0.13166085154018925
calculated iMatrix for 3, 2, 4, 16: -0.054020462551846664
calculated iMatrix for 3, 2, 4, 17: -0.1353716427705908
calculated iMatrix for 3, 2, 4, 18: -0.3064095819625181
calculated iMatrix for 3, 2, 4, 19: -0.25572368262818695
calculated iMatrix for 3, 2, 5, 0: 0.2803990877516242
calculated iMatrix for 3, 2, 5, 1: -0.6705565407399516
calculated iMatrix for 3, 2, 5, 2: 0.049916565321125796
calculated iMatrix for 3, 2, 5, 3: 0.33013712708071774
calculated iMatrix for 3, 2, 5, 4: -0.25404159644520213
calculated iMatrix for 3, 2, 5, 5: -0.7276230470388216
calculated iMatrix for 3, 2, 5, 6: -0.3637405137016266
calculated iMatrix for 3, 2, 5, 7: -0.2258707194785058
calculated iMatrix for 3, 2, 5, 8: 0.03983244625449982
calculated iMatrix for 3, 2, 5, 9: 0.02598293771813527
calculated iMatrix for 3, 2, 5, 10: 0.17552106324202268
calculated iMatrix for 3, 2, 5, 11: -0.04767855602656236
calculated iMatrix for 3, 2, 5, 12: -0.290409240616077
calculated iMatrix for 3, 2, 5, 13: 0.15490177603928698
calculated iMatrix for 3, 2, 5, 14: 0.4366394916195496
calculated iMatrix for 3, 2, 5, 15: 0.08243064017601068
calculated iMatrix for 3, 2, 5, 16: 0.4428579337332936
calculated iMatrix for 3, 2, 5, 17: -0.14901926137903315
calculated iMatrix for 3, 2, 5, 18: 0.1224359747897099
calculated iMatrix for 3, 2, 5, 19: -0.2258707194785058
calculated iMatrix for 3, 2, 6, 0: 0.5645809653942823
calculated iMatrix for 3, 2, 6, 1: -0.1950990608117522
calculated iMatrix for 3, 2, 6, 2: -0.07738869693331574
calculated iMatrix for 3, 2, 6, 3: -0.01057034562532198
calculated iMatrix for 3, 2, 6, 4: 0.01747553915322338
calculated iMatrix for 3, 2, 6, 5: -0.6282157002504265
calculated iMatrix for 3, 2, 6, 6: -0.4247215782236711
calculated iMatrix for 3, 2, 6, 7: 0.2155263978557219
calculated iMatrix for 3, 2, 6, 8: -0.38221678986919977
calculated iMatrix for 3, 2, 6, 9: 0.6195120429725982
calculated iMatrix for 3, 2, 6, 10: 0.6297953905792144
calculated iMatrix for 3, 2, 6, 11: -0.3774206176057068
calculated iMatrix for 3, 2, 6, 12: -0.2746608836479379
calculated iMatrix for 3, 2, 6, 13: 0.03277952029261373
calculated iMatrix for 3, 2, 6, 14: 0.04923257076641487
calculated iMatrix for 3, 2, 6, 15: -0.06773199847329198
calculated iMatrix for 3, 2, 6, 16: -0.3380372896053316
calculated iMatrix for 3, 2, 6, 17: -0.10874536224109313
calculated iMatrix for 3, 2, 6, 18: 0.0528426829905147
calculated iMatrix for 3, 2, 6, 19: -0.11242608542072059
calculated iMatrix for 3, 2, 7, 0: 0.4150080325356827
calculated iMatrix for 3, 2, 7, 1: -0.3774206176057068
calculated iMatrix for 3, 2, 7, 2: 0.06471411263123639
calculated iMatrix for 3, 2, 7, 3: 0.6114927538059785
calculated iMatrix for 3, 2, 7, 4: -0.047178930735129895
calculated iMatrix for 3, 2, 7, 5: -0.9700730708387353
calculated iMatrix for 3, 2, 7, 6: -0.06590606978582765
calculated iMatrix for 3, 2, 7, 7: -0.23956956383666775
calculated iMatrix for 3, 2, 7, 8: 0.24340590137461246
calculated iMatrix for 3, 2, 7, 9: 0.3311284075657451
calculated iMatrix for 3, 2, 7, 10: 0.3210599089296011
calculated iMatrix for 3, 2, 7, 11: -0.4081922762724605
calculated iMatrix for 3, 2, 7, 12: -0.05807726324746104
calculated iMatrix for 3, 2, 7, 13: 0.3877000625793278
calculated iMatrix for 3, 2, 7, 14: 0.3601783255250724
calculated iMatrix for 3, 2, 7, 15: -0.1957932642412279
calculated iMatrix for 3, 2, 7, 16: -0.22380673525765435
calculated iMatrix for 3, 2, 7, 17: -0.17947767990879532
calculated iMatrix for 3, 2, 7, 18: -0.5135527919302868
calculated iMatrix for 3, 2, 7, 19: -0.5724953275637368
calculated iMatrix for 3, 2, 8, 0: NaN
calculated iMatrix for 3, 2, 8, 1: NaN
calculated iMatrix for 3, 2, 8, 2: NaN
calculated iMatrix for 3, 2, 8, 3: -7.815999271922535E-5
calculated iMatrix for 3, 2, 8, 4: NaN
calculated iMatrix for 3, 2, 8, 5: NaN
calculated iMatrix for 3, 2, 8, 6: NaN
calculated iMatrix for 3, 2, 8, 7: NaN
calculated iMatrix for 3, 2, 8, 8: NaN
calculated iMatrix for 3, 2, 8, 9: NaN
calculated iMatrix for 3, 2, 8, 10: NaN
calculated iMatrix for 3, 2, 8, 11: NaN
calculated iMatrix for 3, 2, 8, 12: NaN
calculated iMatrix for 3, 2, 8, 13: NaN
calculated iMatrix for 3, 2, 8, 14: NaN
calculated iMatrix for 3, 2, 8, 15: NaN
calculated iMatrix for 3, 2, 8, 16: NaN
calculated iMatrix for 3, 2, 8, 17: NaN
calculated iMatrix for 3, 2, 8, 18: NaN
calculated iMatrix for 3, 2, 8, 19: NaN
calculated iMatrix for 3, 2, 9, 0: 0.6977460524877221
calculated iMatrix for 3, 2, 9, 1: -0.5368096540945541
calculated iMatrix for 3, 2, 9, 2: -0.22194144133861626
calculated iMatrix for 3, 2, 9, 3: 0.625881491258078
calculated iMatrix for 3, 2, 9, 4: 0.04273520591246133
calculated iMatrix for 3, 2, 9, 5: -0.8282258002089153
calculated iMatrix for 3, 2, 9, 6: -0.23452878222162038
calculated iMatrix for 3, 2, 9, 7: 0.07543760468504017
calculated iMatrix for 3, 2, 9, 8: 0.29222766361656455
calculated iMatrix for 3, 2, 9, 9: 0.501583774580501
calculated iMatrix for 3, 2, 9, 10: 0.38593082162748715
calculated iMatrix for 3, 2, 9, 11: -0.21355023509046528
calculated iMatrix for 3, 2, 9, 12: -2.648257012285172
calculated iMatrix for 3, 2, 9, 13: 0.588370758041479
calculated iMatrix for 3, 2, 9, 14: -0.021246215931533616
calculated iMatrix for 3, 2, 9, 15: -0.21979167340212358
calculated iMatrix for 3, 2, 9, 16: -0.29714327279742103
calculated iMatrix for 3, 2, 9, 17: -0.2556390408743593
calculated iMatrix for 3, 2, 9, 18: -0.033498826831049745
calculated iMatrix for 3, 2, 9, 19: -0.09311122963256516
calculated iMatrix for 3, 2, 10, 0: 0.5368210567203174
calculated iMatrix for 3, 2, 10, 1: -0.2505633320688773
calculated iMatrix for 3, 2, 10, 2: -0.825552172032774
calculated iMatrix for 3, 2, 10, 3: 0.1682306299793434
calculated iMatrix for 3, 2, 10, 4: 0.28495490428748477
calculated iMatrix for 3, 2, 10, 5: -0.25671539482960437
calculated iMatrix for 3, 2, 10, 6: -0.3921919349260194
calculated iMatrix for 3, 2, 10, 7: 0.35009420645844636
calculated iMatrix for 3, 2, 10, 8: -0.14281596133497776
calculated iMatrix for 3, 2, 10, 9: 0.7838857404013264
calculated iMatrix for 3, 2, 10, 10: 0.3612382090371155
calculated iMatrix for 3, 2, 10, 11: -0.587240507721446
calculated iMatrix for 3, 2, 10, 12: -1.4857511557427379
calculated iMatrix for 3, 2, 10, 13: -0.002727168164296088
calculated iMatrix for 3, 2, 10, 14: 0.2228231231804787
calculated iMatrix for 3, 2, 10, 15: -0.33747675147406275
calculated iMatrix for 3, 2, 10, 16: -0.541723668896983
calculated iMatrix for 3, 2, 10, 17: 0.008833654236779918
calculated iMatrix for 3, 2, 10, 18: -0.2830291333184545
calculated iMatrix for 3, 2, 10, 19: 0.2619653860627861
calculated iMatrix for 3, 2, 11, 0: 0.6904200123956492
calculated iMatrix for 3, 2, 11, 1: -0.6445810543366909
calculated iMatrix for 3, 2, 11, 2: -0.3291237527967675
calculated iMatrix for 3, 2, 11, 3: 0.14285814880403908
calculated iMatrix for 3, 2, 11, 4: -0.3094574355867716
calculated iMatrix for 3, 2, 11, 5: -0.10933690322255435
calculated iMatrix for 3, 2, 11, 6: -0.0897385451539259
calculated iMatrix for 3, 2, 11, 7: -0.002727168164296088
calculated iMatrix for 3, 2, 11, 8: 0.572156091901915
calculated iMatrix for 3, 2, 11, 9: 0.16749398169557117
calculated iMatrix for 3, 2, 11, 10: 0.1795943886296585
calculated iMatrix for 3, 2, 11, 11: -0.08197653981843658
calculated iMatrix for 3, 2, 11, 12: -0.942469561073501
calculated iMatrix for 3, 2, 11, 13: 0.39343554728155483
calculated iMatrix for 3, 2, 11, 14: 0.5648822674518722
calculated iMatrix for 3, 2, 11, 15: -0.5293366596315486
calculated iMatrix for 3, 2, 11, 16: -0.48823498394599685
calculated iMatrix for 3, 2, 11, 17: -0.282862034980694
calculated iMatrix for 3, 2, 11, 18: 0.16717186863110134
calculated iMatrix for 3, 2, 11, 19: -0.4136418810400252
calculated iMatrix for 3, 2, 12, 0: 0.5052775792600532
calculated iMatrix for 3, 2, 12, 1: -0.6035010285932263
calculated iMatrix for 3, 2, 12, 2: -0.2715407563116943
calculated iMatrix for 3, 2, 12, 3: 0.2321124229131049
calculated iMatrix for 3, 2, 12, 4: -0.48497941948623075
calculated iMatrix for 3, 2, 12, 5: -0.47273079741003166
calculated iMatrix for 3, 2, 12, 6: 0.07574444727719921
calculated iMatrix for 3, 2, 12, 7: -0.4116228113692497
calculated iMatrix for 3, 2, 12, 8: 0.636576780374826
calculated iMatrix for 3, 2, 12, 9: 0.16109980599349424
calculated iMatrix for 3, 2, 12, 10: 0.3562179243089755
calculated iMatrix for 3, 2, 12, 11: 0.13750217314435423
calculated iMatrix for 3, 2, 12, 12: -0.7759170563977777
calculated iMatrix for 3, 2, 12, 13: 0.5812207204306573
calculated iMatrix for 3, 2, 12, 14: 0.8516881599917715
calculated iMatrix for 3, 2, 12, 15: -0.30709615940109175
calculated iMatrix for 3, 2, 12, 16: -0.17457742509095536
calculated iMatrix for 3, 2, 12, 17: -0.6958743487242414
calculated iMatrix for 3, 2, 12, 18: -0.16524609766207102
calculated iMatrix for 3, 2, 12, 19: -0.2611388583159638
calculated iMatrix for 3, 2, 13, 0: 0.13631388027119612
calculated iMatrix for 3, 2, 13, 1: -0.06726568930186727
calculated iMatrix for 3, 2, 13, 2: -0.33358141248128564
calculated iMatrix for 3, 2, 13, 3: -0.10353186728626174
calculated iMatrix for 3, 2, 13, 4: 0.27268481169567055
calculated iMatrix for 3, 2, 13, 5: -0.22141636912912552
calculated iMatrix for 3, 2, 13, 6: 0.050382657149652246
calculated iMatrix for 3, 2, 13, 7: 0.11505586749208736
calculated iMatrix for 3, 2, 13, 8: 0.13271080273080804
calculated iMatrix for 3, 2, 13, 9: 0.45930829143226254
calculated iMatrix for 3, 2, 13, 10: 0.4101180472414908
calculated iMatrix for 3, 2, 13, 11: -0.181209948651085
calculated iMatrix for 3, 2, 13, 12: -0.6958743487242414
calculated iMatrix for 3, 2, 13, 13: -0.060714425814645485
calculated iMatrix for 3, 2, 13, 14: 0.3990682110549059
calculated iMatrix for 3, 2, 13, 15: -0.39359347685130774
calculated iMatrix for 3, 2, 13, 16: -0.3320309153068965
calculated iMatrix for 3, 2, 13, 17: -0.10874536224109313
calculated iMatrix for 3, 2, 13, 18: 0.07523437330541582
calculated iMatrix for 3, 2, 13, 19: 0.050195233290046444
calculated iMatrix for 3, 2, 14, 0: 0.2802267630915388
calculated iMatrix for 3, 2, 14, 1: 0.3474752612688189
calculated iMatrix for 3, 2, 14, 2: -0.3255005604273471
calculated iMatrix for 3, 2, 14, 3: -0.010053208256368986
calculated iMatrix for 3, 2, 14, 4: 0.0642835421186642
calculated iMatrix for 3, 2, 14, 5: 0.12860883389679087
calculated iMatrix for 3, 2, 14, 6: -0.4967456736139055
calculated iMatrix for 3, 2, 14, 7: 0.12289904495311325
calculated iMatrix for 3, 2, 14, 8: 0.2949850786474221
calculated iMatrix for 3, 2, 14, 9: 0.37543248925360084
calculated iMatrix for 3, 2, 14, 10: -0.047178930735129895
calculated iMatrix for 3, 2, 14, 11: -0.15848169757352895
calculated iMatrix for 3, 2, 14, 12: -0.30283176061463424
calculated iMatrix for 3, 2, 14, 13: 0.08183021986376687
calculated iMatrix for 3, 2, 14, 14: 0.08026975140667174
calculated iMatrix for 3, 2, 14, 15: -0.43928286334249145
calculated iMatrix for 3, 2, 14, 16: -0.2851321835152333
calculated iMatrix for 3, 2, 14, 17: -0.2960749781517544
calculated iMatrix for 3, 2, 14, 18: -0.3673702817522054
calculated iMatrix for 3, 2, 14, 19: -0.08097936506404435
calculated iMatrix for 3, 2, 15, 0: 0.15297510235438108
calculated iMatrix for 3, 2, 15, 1: -0.6738954420054662
calculated iMatrix for 3, 2, 15, 2: -0.01701312541177263
calculated iMatrix for 3, 2, 15, 3: 0.4002285283384426
calculated iMatrix for 3, 2, 15, 4: 0.008201902367894143
calculated iMatrix for 3, 2, 15, 5: -0.24958724609582186
calculated iMatrix for 3, 2, 15, 6: -0.38950014326030796
calculated iMatrix for 3, 2, 15, 7: -0.03781848797556615
calculated iMatrix for 3, 2, 15, 8: 0.5438165382037738
calculated iMatrix for 3, 2, 15, 9: 0.15231042968119013
calculated iMatrix for 3, 2, 15, 10: 0.07325873881362596
calculated iMatrix for 3, 2, 15, 11: -0.2723907351133987
calculated iMatrix for 3, 2, 15, 12: -0.1697812528274623
calculated iMatrix for 3, 2, 15, 13: 0.3719662812771146
calculated iMatrix for 3, 2, 15, 14: 0.3474752612688189
calculated iMatrix for 3, 2, 15, 15: -0.1796578763233743
calculated iMatrix for 3, 2, 15, 16: -0.3434337089242973
calculated iMatrix for 3, 2, 15, 17: -0.38300202744390194
calculated iMatrix for 3, 2, 15, 18: -0.11192646012928806
calculated iMatrix for 3, 2, 15, 19: -0.3369292562509698
calculated iMatrix for 3, 2, 16, 0: 0.12732596008390168
calculated iMatrix for 3, 2, 16, 1: -0.4239406332405996
calculated iMatrix for 3, 2, 16, 2: -0.01597239491431677
calculated iMatrix for 3, 2, 16, 3: 0.3239570620907541
calculated iMatrix for 3, 2, 16, 4: -0.07334473537824951
calculated iMatrix for 3, 2, 16, 5: -0.299361851888191
calculated iMatrix for 3, 2, 16, 6: 0.01789211903843952
calculated iMatrix for 3, 2, 16, 7: 0.15939168131213904
calculated iMatrix for 3, 2, 16, 8: 0.20125588541083797
calculated iMatrix for 3, 2, 16, 9: 0.15536207524189055
calculated iMatrix for 3, 2, 16, 10: -0.04439986456486416
calculated iMatrix for 3, 2, 16, 11: -0.181209948651085
calculated iMatrix for 3, 2, 16, 12: -0.19077939966723567
calculated iMatrix for 3, 2, 16, 13: 0.25755593009937044
calculated iMatrix for 3, 2, 16, 14: 0.1919784478293801
calculated iMatrix for 3, 2, 16, 15: -0.3261273232181562
calculated iMatrix for 3, 2, 16, 16: 0.03146419658398326
calculated iMatrix for 3, 2, 16, 17: -0.2650914326317871
calculated iMatrix for 3, 2, 16, 18: 0.06181135297327508
calculated iMatrix for 3, 2, 16, 19: -0.2525389665606672
calculated fs for 0: [J@4b32ace3
calculated fs for 0: [J@4b32ace3
calculated fs for 0: [J@4b32ace3
calculated fs for 0: [J@4b32ace3
calculated fs for 0: [J@4b32ace3
calculated fs for 0: [J@4b32ace3
calculated fs for 0: [J@4b32ace3
calculated fs for 0: [J@4b32ace3
calculated fs for 0: [J@4b32ace3
calculated fs for 0: [J@4b32ace3
calculated fs for 0: [J@4b32ace3
calculated fs for 0: [J@4b32ace3
calculated fs for 0: [J@4b32ace3
calculated fs for 0: [J@4b32ace3
calculated fs for 0: [J@4b32ace3
calculated fs for 0: [J@4b32ace3
calculated fs for 0: [J@4b32ace3
calculated fs for 0: [J@4b32ace3
calculated fs for 0: [J@4b32ace3
calculated fs for 0: [J@4b32ace3
calculated fs for 0: [J@4b32ace3
calculated fs for 0: [J@4b32ace3
calculated fs for 0: [J@4b32ace3
calculated fs for 0: [J@4b32ace3
calculated fs for 0: [J@4b32ace3
calculated fs for 0: [J@4b32ace3
calculated fs for 0: [J@4b32ace3
calculated fs for 0: [J@4b32ace3
calculated fs for 0: [J@4b32ace3
calculated fs for 0: [J@4b32ace3
calculated fs for 0: [J@4b32ace3
calculated fs for 0: [J@4b32ace3
calculated fs for 0: [J@4b32ace3
calculated fs for 0: [J@4b32ace3
calculated fs for 0: [J@4b32ace3
calculated fs for 0: [J@4b32ace3
calculated fs for 0: [J@4b32ace3
calculated fs for 0: [J@4b32ace3
calculated fs for 0: [J@4b32ace3
calculated fs for 0: [J@4b32ace3
calculated fs for 0: [J@4b32ace3
calculated fs for 0: [J@4b32ace3
calculated fs for 0: [J@4b32ace3
calculated fs for 0: [J@4b32ace3
calculated fs for 0: [J@4b32ace3
calculated fs for 0: [J@4b32ace3
calculated fs for 0: [J@4b32ace3
calculated fs for 0: [J@4b32ace3
calculated fs for 0: [J@4b32ace3
calculated fs for 0: [J@4b32ace3
calculated fs for 0: [J@4b32ace3
calculated fs for 0: [J@4b32ace3
calculated fs for 0: [J@4b32ace3
calculated fs for 0: [J@4b32ace3
calculated fs for 0: [J@4b32ace3
calculated fs for 0: [J@4b32ace3
calculated fs for 0: [J@4b32ace3
calculated fs for 0: [J@4b32ace3
calculated fs for 0: [J@4b32ace3
calculated fs for 0: [J@4b32ace3
calculated fs for 0: [J@4b32ace3
calculated fs for 0: [J@4b32ace3
calculated fs for 0: [J@4b32ace3
calculated fs for 0: [J@4b32ace3
calculated fs for 0: [J@4b32ace3
calculated fs for 0: [J@4b32ace3
calculated fs for 0: [J@4b32ace3
calculated fs for 0: [J@4b32ace3
calculated fs for 0: [J@4b32ace3
calculated fs for 0: [J@4b32ace3
calculated fs for 0: [J@4b32ace3
calculated fs for 0: [J@4b32ace3
calculated fs for 0: [J@4b32ace3
calculated fs for 0: [J@4b32ace3
calculated fs for 0: [J@4b32ace3
calculated fs for 0: [J@4b32ace3
calculated fs for 0: [J@4b32ace3
calculated fs for 0: [J@4b32ace3
calculated fs for 0: [J@4b32ace3
calculated fs for 0: [J@4b32ace3
calculated fs for 0: [J@4b32ace3
calculated fs for 0: [J@4b32ace3
calculated fs for 0: [J@4b32ace3
calculated fs for 0: [J@4b32ace3
calculated fs for 0: [J@4b32ace3
calculated fs for 0: [J@4b32ace3
calculated fs for 0: [J@4b32ace3
calculated fs for 0: [J@4b32ace3
calculated fs for 0: [J@4b32ace3
calculated fs for 0: [J@4b32ace3
calculated fs for 0: [J@4b32ace3
calculated fs for 0: [J@4b32ace3
calculated fs for 0: [J@4b32ace3
calculated fs for 0: [J@4b32ace3
calculated fs for 0: [J@4b32ace3
calculated fs for 0: [J@4b32ace3
calculated fs for 0: [J@4b32ace3
calculated fs for 0: [J@4b32ace3
calculated fs for 0: [J@4b32ace3
calculated fs for 0: [J@4b32ace3
calculated fs for 0: [J@4b32ace3
calculated fs for 0: [J@4b32ace3
calculated fs for 0: [J@4b32ace3
calculated fs for 0: [J@4b32ace3
calculated fs for 0: [J@4b32ace3
calculated fs for 0: [J@4b32ace3
calculated fs for 0: [J@4b32ace3
calculated fs for 0: [J@4b32ace3
calculated fs for 0: [J@4b32ace3
calculated fs for 0: [J@4b32ace3
calculated fs for 0: [J@4b32ace3
calculated fs for 0: [J@4b32ace3
calculated fs for 0: [J@4b32ace3
calculated fs for 0: [J@4b32ace3
calculated fs for 0: [J@4b32ace3
calculated fs for 0: [J@4b32ace3
calculated fs for 0: [J@4b32ace3
calculated fs for 0: [J@4b32ace3
calculated fs for 0: [J@4b32ace3
calculated fs for 0: [J@4b32ace3
calculated fs for 0: [J@4b32ace3
calculated fs for 0: [J@4b32ace3
calculated fs for 0: [J@4b32ace3
calculated fs for 0: [J@4b32ace3
calculated fs for 0: [J@4b32ace3
calculated fs for 0: [J@4b32ace3
calculated fs for 0: [J@4b32ace3
calculated fs for 0: [J@4b32ace3
calculated fs for 0: [J@4b32ace3
calculated fs for 0: [J@4b32ace3
calculated fs for 0: [J@4b32ace3
calculated fs for 0: [J@4b32ace3
calculated fs for 0: [J@4b32ace3
calculated fs for 0: [J@4b32ace3
calculated fs for 0: [J@4b32ace3
calculated fs for 0: [J@4b32ace3
calculated fs for 0: [J@4b32ace3
calculated fs for 0: [J@4b32ace3
calculated fs for 0: [J@4b32ace3
calculated fs for 0: [J@4b32ace3
calculated fs for 0: [J@4b32ace3
calculated fs for 0: [J@4b32ace3
calculated fs for 0: [J@4b32ace3
calculated fs for 0: [J@4b32ace3
calculated fs for 0: [J@4b32ace3
calculated fs for 0: [J@4b32ace3
calculated fs for 0: [J@4b32ace3
calculated fs for 0: [J@4b32ace3
calculated fs for 0: [J@4b32ace3
calculated fs for 0: [J@4b32ace3
calculated fs for 0: [J@4b32ace3
calculated fs for 0: [J@4b32ace3
calculated fs for 0: [J@4b32ace3
calculated fs for 0: [J@4b32ace3
calculated fs for 0: [J@4b32ace3
calculated fs for 0: [J@4b32ace3
calculated fs for 0: [J@4b32ace3
calculated fs for 0: [J@4b32ace3
calculated fs for 0: [J@4b32ace3
calculated fs for 0: [J@4b32ace3
calculated fs for 0: [J@4b32ace3
calculated fs for 0: [J@4b32ace3
calculated fs for 0: [J@4b32ace3
calculated fs for 0: [J@4b32ace3
calculated fs for 0: [J@4b32ace3
calculated fs for 0: [J@4b32ace3
calculated fs for 0: [J@4b32ace3
calculated fs for 0: [J@4b32ace3
calculated fs for 0: [J@4b32ace3
calculated fs for 0: [J@4b32ace3
calculated fs for 0: [J@4b32ace3
calculated fs for 0: [J@4b32ace3
calculated fs for 0: [J@4b32ace3
calculated fs for 0: [J@4b32ace3
calculated fs for 0: [J@4b32ace3
calculated fs for 0: [J@4b32ace3
calculated fs for 0: [J@4b32ace3
calculated fs for 0: [J@4b32ace3
calculated fs for 0: [J@4b32ace3
calculated fs for 0: [J@4b32ace3
calculated fs for 0: [J@4b32ace3
calculated fs for 0: [J@4b32ace3
calculated fs for 0: [J@4b32ace3
calculated fs for 0: [J@4b32ace3
calculated fs for 0: [J@4b32ace3
calculated fs for 0: [J@4b32ace3
calculated fs for 0: [J@4b32ace3
calculated fs for 0: [J@4b32ace3
calculated fs for 0: [J@4b32ace3
calculated fs for 0: [J@4b32ace3
calculated fs for 0: [J@4b32ace3
calculated fs for 0: [J@4b32ace3
calculated fs for 0: [J@4b32ace3
calculated fs for 0: [J@4b32ace3
calculated fs for 0: [J@4b32ace3
calculated fs for 0: [J@4b32ace3
calculated fs for 0: [J@4b32ace3
calculated fs for 0: [J@4b32ace3
calculated fs for 0: [J@4b32ace3
calculated fs for 0: [J@4b32ace3
calculated fs for 0: [J@4b32ace3
calculated fs for 0: [J@4b32ace3
calculated fs for 0: [J@4b32ace3
calculated fs for 0: [J@4b32ace3
calculated fs for 0: [J@4b32ace3
calculated fs for 0: [J@4b32ace3
calculated fs for 0: [J@4b32ace3
calculated fs for 0: [J@4b32ace3
calculated fs for 0: [J@4b32ace3
calculated fs for 0: [J@4b32ace3
calculated fs for 0: [J@4b32ace3
calculated fs for 0: [J@4b32ace3
calculated fs for 0: [J@4b32ace3
calculated fs for 0: [J@4b32ace3
calculated fs for 0: [J@4b32ace3
calculated fs for 0: [J@4b32ace3
calculated fs for 0: [J@4b32ace3
calculated fs for 0: [J@4b32ace3
calculated fs for 0: [J@4b32ace3
calculated fs for 0: [J@4b32ace3
calculated fs for 0: [J@4b32ace3
calculated fs for 0: [J@4b32ace3
calculated fs for 0: [J@4b32ace3
calculated fs for 0: [J@4b32ace3
calculated fs for 0: [J@4b32ace3
calculated fs for 0: [J@4b32ace3
calculated fs for 0: [J@4b32ace3
calculated fs for 0: [J@4b32ace3
calculated fs for 0: [J@4b32ace3
calculated fs for 0: [J@4b32ace3
calculated fs for 0: [J@4b32ace3
calculated fs for 0: [J@4b32ace3
calculated fs for 0: [J@4b32ace3
calculated fs for 0: [J@4b32ace3
calculated fs for 0: [J@4b32ace3
calculated fs for 0: [J@4b32ace3
calculated fs for 0: [J@4b32ace3
calculated fs for 0: [J@4b32ace3
calculated fs for 0: [J@4b32ace3
calculated fs for 0: [J@4b32ace3
calculated fs for 0: [J@4b32ace3
calculated fs for 0: [J@4b32ace3
calculated fs for 0: [J@4b32ace3
calculated fs for 0: [J@4b32ace3
calculated fs for 0: [J@4b32ace3
calculated fs for 0: [J@4b32ace3
calculated fs for 0: [J@4b32ace3
calculated fs for 0: [J@4b32ace3
calculated fs for 0: [J@4b32ace3
calculated fs for 0: [J@4b32ace3
calculated fs for 0: [J@4b32ace3
calculated fs for 0: [J@4b32ace3
calculated fs for 0: [J@4b32ace3
calculated fs for 0: [J@4b32ace3
calculated fs for 0: [J@4b32ace3
calculated fs for 0: [J@4b32ace3
calculated fs for 0: [J@4b32ace3
calculated fs for 0: [J@4b32ace3
calculated fs for 0: [J@4b32ace3
calculated fs for 0: [J@4b32ace3
calculated fs for 0: [J@4b32ace3
calculated fs for 0: [J@4b32ace3
calculated fs for 0: [J@4b32ace3
calculated fs for 0: [J@4b32ace3
calculated fs for 0: [J@4b32ace3
calculated fs for 0: [J@4b32ace3
calculated fs for 0: [J@4b32ace3
calculated fs for 0: [J@4b32ace3
calculated fs for 0: [J@4b32ace3
calculated fs for 0: [J@4b32ace3
calculated fs for 0: [J@4b32ace3
calculated fs for 0: [J@4b32ace3
calculated fs for 0: [J@4b32ace3
calculated fs for 0: [J@4b32ace3
calculated fs for 0: [J@4b32ace3
calculated fs for 0: [J@4b32ace3
calculated fs for 0: [J@4b32ace3
calculated fs for 0: [J@4b32ace3
calculated fs for 0: [J@4b32ace3
calculated fs for 0: [J@4b32ace3
calculated fs for 0: [J@4b32ace3
calculated fs for 0: [J@4b32ace3
calculated fs for 0: [J@4b32ace3
calculated fs for 0: [J@4b32ace3
calculated fs for 0: [J@4b32ace3
calculated fs for 0: [J@4b32ace3
calculated fs for 0: [J@4b32ace3
calculated fs for 0: [J@4b32ace3
calculated fs for 0: [J@4b32ace3
calculated fs for 0: [J@4b32ace3
calculated fs for 0: [J@4b32ace3
calculated fs for 0: [J@4b32ace3
calculated fs for 0: [J@4b32ace3
calculated fs for 0: [J@4b32ace3
calculated fs for 0: [J@4b32ace3
calculated fs for 0: [J@4b32ace3
calculated fs for 0: [J@4b32ace3
calculated fs for 0: [J@4b32ace3
calculated fs for 0: [J@4b32ace3
calculated fs for 0: [J@4b32ace3
calculated fs for 0: [J@4b32ace3
calculated fs for 0: [J@4b32ace3
calculated fs for 0: [J@4b32ace3
calculated fs for 0: [J@4b32ace3
calculated fs for 0: [J@4b32ace3
calculated fs for 0: [J@4b32ace3
calculated fs for 0: [J@4b32ace3
calculated fs for 0: [J@4b32ace3
calculated fs for 0: [J@4b32ace3
calculated fs for 0: [J@4b32ace3
calculated fs for 0: [J@4b32ace3
calculated fs for 0: [J@4b32ace3
calculated fs for 0: [J@4b32ace3
calculated fs for 0: [J@4b32ace3
calculated fs for 0: [J@4b32ace3
calculated fs for 0: [J@4b32ace3
calculated fs for 0: [J@4b32ace3
calculated fs for 0: [J@4b32ace3
calculated fs for 0: [J@4b32ace3
calculated fs for 0: [J@4b32ace3
calculated fs for 0: [J@4b32ace3
calculated fs for 0: [J@4b32ace3
calculated fs for 0: [J@4b32ace3
calculated fs for 0: [J@4b32ace3
calculated fs for 0: [J@4b32ace3
calculated fs for 0: [J@4b32ace3
calculated fs for 0: [J@4b32ace3
calculated fs for 0: [J@4b32ace3
calculated fs for 0: [J@4b32ace3
calculated fs for 0: [J@4b32ace3
calculated fs for 0: [J@4b32ace3
calculated fs for 0: [J@4b32ace3
calculated fs for 0: [J@4b32ace3
calculated fs for 0: [J@4b32ace3
calculated fs for 0: [J@4b32ace3
calculated fs for 0: [J@4b32ace3
calculated fs for 0: [J@4b32ace3
calculated fs for 0: [J@4b32ace3
calculated fs for 0: [J@4b32ace3
calculated fs for 0: [J@4b32ace3
calculated fs for 1: [J@6bf491a6
calculated fs for 1: [J@6bf491a6
calculated fs for 1: [J@6bf491a6
calculated fs for 1: [J@6bf491a6
calculated fs for 1: [J@6bf491a6
calculated fs for 1: [J@6bf491a6
calculated fs for 1: [J@6bf491a6
calculated fs for 1: [J@6bf491a6
calculated fs for 1: [J@6bf491a6
calculated fs for 1: [J@6bf491a6
calculated fs for 1: [J@6bf491a6
calculated fs for 1: [J@6bf491a6
calculated fs for 1: [J@6bf491a6
calculated fs for 1: [J@6bf491a6
calculated fs for 1: [J@6bf491a6
calculated fs for 1: [J@6bf491a6
calculated fs for 1: [J@6bf491a6
calculated fs for 1: [J@6bf491a6
calculated fs for 1: [J@6bf491a6
calculated fs for 1: [J@6bf491a6
calculated fs for 1: [J@6bf491a6
calculated fs for 1: [J@6bf491a6
calculated fs for 1: [J@6bf491a6
calculated fs for 1: [J@6bf491a6
calculated fs for 1: [J@6bf491a6
calculated fs for 1: [J@6bf491a6
calculated fs for 1: [J@6bf491a6
calculated fs for 1: [J@6bf491a6
calculated fs for 1: [J@6bf491a6
calculated fs for 1: [J@6bf491a6
calculated fs for 1: [J@6bf491a6
calculated fs for 1: [J@6bf491a6
calculated fs for 1: [J@6bf491a6
calculated fs for 1: [J@6bf491a6
calculated fs for 1: [J@6bf491a6
calculated fs for 1: [J@6bf491a6
calculated fs for 1: [J@6bf491a6
calculated fs for 1: [J@6bf491a6
calculated fs for 1: [J@6bf491a6
calculated fs for 1: [J@6bf491a6
calculated fs for 1: [J@6bf491a6
calculated fs for 1: [J@6bf491a6
calculated fs for 1: [J@6bf491a6
calculated fs for 1: [J@6bf491a6
calculated fs for 1: [J@6bf491a6
calculated fs for 1: [J@6bf491a6
calculated fs for 1: [J@6bf491a6
calculated fs for 1: [J@6bf491a6
calculated fs for 1: [J@6bf491a6
calculated fs for 1: [J@6bf491a6
calculated fs for 1: [J@6bf491a6
calculated fs for 1: [J@6bf491a6
calculated fs for 1: [J@6bf491a6
calculated fs for 1: [J@6bf491a6
calculated fs for 1: [J@6bf491a6
calculated fs for 1: [J@6bf491a6
calculated fs for 1: [J@6bf491a6
calculated fs for 1: [J@6bf491a6
calculated fs for 1: [J@6bf491a6
calculated fs for 1: [J@6bf491a6
calculated fs for 1: [J@6bf491a6
calculated fs for 1: [J@6bf491a6
calculated fs for 1: [J@6bf491a6
calculated fs for 1: [J@6bf491a6
calculated fs for 1: [J@6bf491a6
calculated fs for 1: [J@6bf491a6
calculated fs for 1: [J@6bf491a6
calculated fs for 1: [J@6bf491a6
calculated fs for 1: [J@6bf491a6
calculated fs for 1: [J@6bf491a6
calculated fs for 1: [J@6bf491a6
calculated fs for 1: [J@6bf491a6
calculated fs for 1: [J@6bf491a6
calculated fs for 1: [J@6bf491a6
calculated fs for 1: [J@6bf491a6
calculated fs for 1: [J@6bf491a6
calculated fs for 1: [J@6bf491a6
calculated fs for 1: [J@6bf491a6
calculated fs for 1: [J@6bf491a6
calculated fs for 1: [J@6bf491a6
calculated fs for 1: [J@6bf491a6
calculated fs for 1: [J@6bf491a6
calculated fs for 1: [J@6bf491a6
calculated fs for 1: [J@6bf491a6
calculated fs for 1: [J@6bf491a6
calculated fs for 1: [J@6bf491a6
calculated fs for 1: [J@6bf491a6
calculated fs for 1: [J@6bf491a6
calculated fs for 1: [J@6bf491a6
calculated fs for 1: [J@6bf491a6
calculated fs for 1: [J@6bf491a6
calculated fs for 1: [J@6bf491a6
calculated fs for 1: [J@6bf491a6
calculated fs for 1: [J@6bf491a6
calculated fs for 1: [J@6bf491a6
calculated fs for 1: [J@6bf491a6
calculated fs for 1: [J@6bf491a6
calculated fs for 1: [J@6bf491a6
calculated fs for 1: [J@6bf491a6
calculated fs for 1: [J@6bf491a6
calculated fs for 1: [J@6bf491a6
calculated fs for 1: [J@6bf491a6
calculated fs for 1: [J@6bf491a6
calculated fs for 1: [J@6bf491a6
calculated fs for 1: [J@6bf491a6
calculated fs for 1: [J@6bf491a6
calculated fs for 1: [J@6bf491a6
calculated fs for 1: [J@6bf491a6
calculated fs for 1: [J@6bf491a6
calculated fs for 1: [J@6bf491a6
calculated fs for 1: [J@6bf491a6
calculated fs for 1: [J@6bf491a6
calculated fs for 1: [J@6bf491a6
calculated fs for 1: [J@6bf491a6
calculated fs for 1: [J@6bf491a6
calculated fs for 1: [J@6bf491a6
calculated fs for 1: [J@6bf491a6
calculated fs for 1: [J@6bf491a6
calculated fs for 1: [J@6bf491a6
calculated fs for 1: [J@6bf491a6
calculated fs for 1: [J@6bf491a6
calculated fs for 1: [J@6bf491a6
calculated fs for 1: [J@6bf491a6
calculated fs for 1: [J@6bf491a6
calculated fs for 1: [J@6bf491a6
calculated fs for 1: [J@6bf491a6
calculated fs for 1: [J@6bf491a6
calculated fs for 1: [J@6bf491a6
calculated fs for 1: [J@6bf491a6
calculated fs for 1: [J@6bf491a6
calculated fs for 1: [J@6bf491a6
calculated fs for 1: [J@6bf491a6
calculated fs for 1: [J@6bf491a6
calculated fs for 1: [J@6bf491a6
calculated fs for 1: [J@6bf491a6
calculated fs for 1: [J@6bf491a6
calculated fs for 1: [J@6bf491a6
calculated fs for 1: [J@6bf491a6
calculated fs for 1: [J@6bf491a6
calculated fs for 1: [J@6bf491a6
calculated fs for 1: [J@6bf491a6
calculated fs for 1: [J@6bf491a6
calculated fs for 1: [J@6bf491a6
calculated fs for 1: [J@6bf491a6
calculated fs for 1: [J@6bf491a6
calculated fs for 1: [J@6bf491a6
calculated fs for 1: [J@6bf491a6
calculated fs for 1: [J@6bf491a6
calculated fs for 1: [J@6bf491a6
calculated fs for 1: [J@6bf491a6
calculated fs for 1: [J@6bf491a6
calculated fs for 1: [J@6bf491a6
calculated fs for 1: [J@6bf491a6
calculated fs for 1: [J@6bf491a6
calculated fs for 1: [J@6bf491a6
calculated fs for 1: [J@6bf491a6
calculated fs for 1: [J@6bf491a6
calculated fs for 1: [J@6bf491a6
calculated fs for 1: [J@6bf491a6
calculated fs for 1: [J@6bf491a6
calculated fs for 1: [J@6bf491a6
calculated fs for 1: [J@6bf491a6
calculated fs for 1: [J@6bf491a6
calculated fs for 1: [J@6bf491a6
calculated fs for 1: [J@6bf491a6
calculated fs for 1: [J@6bf491a6
calculated fs for 1: [J@6bf491a6
calculated fs for 1: [J@6bf491a6
calculated fs for 1: [J@6bf491a6
calculated fs for 1: [J@6bf491a6
calculated fs for 1: [J@6bf491a6
calculated fs for 1: [J@6bf491a6
calculated fs for 1: [J@6bf491a6
calculated fs for 1: [J@6bf491a6
calculated fs for 1: [J@6bf491a6
calculated fs for 1: [J@6bf491a6
calculated fs for 1: [J@6bf491a6
calculated fs for 1: [J@6bf491a6
calculated fs for 1: [J@6bf491a6
calculated fs for 1: [J@6bf491a6
calculated fs for 1: [J@6bf491a6
calculated fs for 1: [J@6bf491a6
calculated fs for 1: [J@6bf491a6
calculated fs for 1: [J@6bf491a6
calculated fs for 1: [J@6bf491a6
calculated fs for 1: [J@6bf491a6
calculated fs for 1: [J@6bf491a6
calculated fs for 1: [J@6bf491a6
calculated fs for 1: [J@6bf491a6
calculated fs for 1: [J@6bf491a6
calculated fs for 1: [J@6bf491a6
calculated fs for 1: [J@6bf491a6
calculated fs for 1: [J@6bf491a6
calculated fs for 1: [J@6bf491a6
calculated fs for 1: [J@6bf491a6
calculated fs for 1: [J@6bf491a6
calculated fs for 1: [J@6bf491a6
calculated fs for 1: [J@6bf491a6
calculated fs for 1: [J@6bf491a6
calculated fs for 1: [J@6bf491a6
calculated fs for 1: [J@6bf491a6
calculated fs for 1: [J@6bf491a6
calculated fs for 1: [J@6bf491a6
calculated fs for 1: [J@6bf491a6
calculated fs for 1: [J@6bf491a6
calculated fs for 1: [J@6bf491a6
calculated fs for 1: [J@6bf491a6
calculated fs for 1: [J@6bf491a6
calculated fs for 1: [J@6bf491a6
calculated fs for 1: [J@6bf491a6
calculated fs for 1: [J@6bf491a6
calculated fs for 1: [J@6bf491a6
calculated fs for 1: [J@6bf491a6
calculated fs for 1: [J@6bf491a6
calculated fs for 1: [J@6bf491a6
calculated fs for 1: [J@6bf491a6
calculated fs for 1: [J@6bf491a6
calculated fs for 1: [J@6bf491a6
calculated fs for 1: [J@6bf491a6
calculated fs for 1: [J@6bf491a6
calculated fs for 1: [J@6bf491a6
calculated fs for 1: [J@6bf491a6
calculated fs for 1: [J@6bf491a6
calculated fs for 1: [J@6bf491a6
calculated fs for 1: [J@6bf491a6
calculated fs for 1: [J@6bf491a6
calculated fs for 1: [J@6bf491a6
calculated fs for 1: [J@6bf491a6
calculated fs for 1: [J@6bf491a6
calculated fs for 1: [J@6bf491a6
calculated fs for 1: [J@6bf491a6
calculated fs for 1: [J@6bf491a6
calculated fs for 1: [J@6bf491a6
calculated fs for 1: [J@6bf491a6
calculated fs for 1: [J@6bf491a6
calculated fs for 1: [J@6bf491a6
calculated fs for 1: [J@6bf491a6
calculated fs for 1: [J@6bf491a6
calculated fs for 1: [J@6bf491a6
calculated fs for 1: [J@6bf491a6
calculated fs for 1: [J@6bf491a6
calculated fs for 1: [J@6bf491a6
calculated fs for 1: [J@6bf491a6
calculated fs for 1: [J@6bf491a6
calculated fs for 1: [J@6bf491a6
calculated fs for 1: [J@6bf491a6
calculated fs for 1: [J@6bf491a6
calculated fs for 1: [J@6bf491a6
calculated fs for 1: [J@6bf491a6
calculated fs for 1: [J@6bf491a6
calculated fs for 1: [J@6bf491a6
calculated fs for 1: [J@6bf491a6
calculated fs for 1: [J@6bf491a6
calculated fs for 1: [J@6bf491a6
calculated fs for 1: [J@6bf491a6
calculated fs for 1: [J@6bf491a6
calculated fs for 1: [J@6bf491a6
calculated fs for 1: [J@6bf491a6
calculated fs for 1: [J@6bf491a6
calculated fs for 1: [J@6bf491a6
calculated fs for 1: [J@6bf491a6
calculated fs for 1: [J@6bf491a6
calculated fs for 1: [J@6bf491a6
calculated fs for 1: [J@6bf491a6
calculated fs for 1: [J@6bf491a6
calculated fs for 1: [J@6bf491a6
calculated fs for 1: [J@6bf491a6
calculated fs for 1: [J@6bf491a6
calculated fs for 1: [J@6bf491a6
calculated fs for 1: [J@6bf491a6
calculated fs for 1: [J@6bf491a6
calculated fs for 1: [J@6bf491a6
calculated fs for 1: [J@6bf491a6
calculated fs for 1: [J@6bf491a6
calculated fs for 1: [J@6bf491a6
calculated fs for 1: [J@6bf491a6
calculated fs for 1: [J@6bf491a6
calculated fs for 1: [J@6bf491a6
calculated fs for 1: [J@6bf491a6
calculated fs for 1: [J@6bf491a6
calculated fs for 1: [J@6bf491a6
calculated fs for 1: [J@6bf491a6
calculated fs for 1: [J@6bf491a6
calculated fs for 1: [J@6bf491a6
calculated fs for 1: [J@6bf491a6
calculated fs for 1: [J@6bf491a6
calculated fs for 1: [J@6bf491a6
calculated fs for 1: [J@6bf491a6
calculated fs for 1: [J@6bf491a6
calculated fs for 1: [J@6bf491a6
calculated fs for 1: [J@6bf491a6
calculated fs for 1: [J@6bf491a6
calculated fs for 1: [J@6bf491a6
calculated fs for 1: [J@6bf491a6
calculated fs for 1: [J@6bf491a6
calculated fs for 1: [J@6bf491a6
calculated fs for 1: [J@6bf491a6
calculated fs for 1: [J@6bf491a6
calculated fs for 1: [J@6bf491a6
calculated fs for 1: [J@6bf491a6
calculated fs for 1: [J@6bf491a6
calculated fs for 1: [J@6bf491a6
calculated fs for 1: [J@6bf491a6
calculated fs for 1: [J@6bf491a6
calculated fs for 1: [J@6bf491a6
calculated fs for 1: [J@6bf491a6
calculated fs for 1: [J@6bf491a6
calculated fs for 1: [J@6bf491a6
calculated fs for 1: [J@6bf491a6
calculated fs for 1: [J@6bf491a6
calculated fs for 1: [J@6bf491a6
calculated fs for 1: [J@6bf491a6
calculated fs for 1: [J@6bf491a6
calculated fs for 1: [J@6bf491a6
calculated fs for 1: [J@6bf491a6
calculated fs for 1: [J@6bf491a6
calculated fs for 1: [J@6bf491a6
calculated fs for 1: [J@6bf491a6
calculated fs for 1: [J@6bf491a6
calculated fs for 1: [J@6bf491a6
calculated fs for 1: [J@6bf491a6
calculated fs for 1: [J@6bf491a6
calculated fs for 1: [J@6bf491a6
calculated fs for 1: [J@6bf491a6
calculated fs for 1: [J@6bf491a6
calculated fs for 1: [J@6bf491a6
calculated fs for 1: [J@6bf491a6
calculated fs for 1: [J@6bf491a6
calculated fs for 1: [J@6bf491a6
calculated fs for 1: [J@6bf491a6
calculated fs for 1: [J@6bf491a6
calculated fs for 1: [J@6bf491a6
calculated fs for 1: [J@6bf491a6
calculated fs for 1: [J@6bf491a6
calculated fs for 1: [J@6bf491a6
calculated fs for 1: [J@6bf491a6
calculated fs for 1: [J@6bf491a6
calculated fs for 1: [J@6bf491a6
calculated fs for 1: [J@6bf491a6
calculated fs for 1: [J@6bf491a6
calculated fs for 2: [J@58660a9
calculated fs for 2: [J@58660a9
calculated fs for 2: [J@58660a9
calculated fs for 2: [J@58660a9
calculated fs for 2: [J@58660a9
calculated fs for 2: [J@58660a9
calculated fs for 2: [J@58660a9
calculated fs for 2: [J@58660a9
calculated fs for 2: [J@58660a9
calculated fs for 2: [J@58660a9
calculated fs for 2: [J@58660a9
calculated fs for 2: [J@58660a9
calculated fs for 2: [J@58660a9
calculated fs for 2: [J@58660a9
calculated fs for 2: [J@58660a9
calculated fs for 2: [J@58660a9
calculated fs for 2: [J@58660a9
calculated fs for 2: [J@58660a9
calculated fs for 2: [J@58660a9
calculated fs for 2: [J@58660a9
calculated fs for 2: [J@58660a9
calculated fs for 2: [J@58660a9
calculated fs for 2: [J@58660a9
calculated fs for 2: [J@58660a9
calculated fs for 2: [J@58660a9
calculated fs for 2: [J@58660a9
calculated fs for 2: [J@58660a9
calculated fs for 2: [J@58660a9
calculated fs for 2: [J@58660a9
calculated fs for 2: [J@58660a9
calculated fs for 2: [J@58660a9
calculated fs for 2: [J@58660a9
calculated fs for 2: [J@58660a9
calculated fs for 2: [J@58660a9
calculated fs for 2: [J@58660a9
calculated fs for 2: [J@58660a9
calculated fs for 2: [J@58660a9
calculated fs for 2: [J@58660a9
calculated fs for 2: [J@58660a9
calculated fs for 2: [J@58660a9
calculated fs for 2: [J@58660a9
calculated fs for 2: [J@58660a9
calculated fs for 2: [J@58660a9
calculated fs for 2: [J@58660a9
calculated fs for 2: [J@58660a9
calculated fs for 2: [J@58660a9
calculated fs for 2: [J@58660a9
calculated fs for 2: [J@58660a9
calculated fs for 2: [J@58660a9
calculated fs for 2: [J@58660a9
calculated fs for 2: [J@58660a9
calculated fs for 2: [J@58660a9
calculated fs for 2: [J@58660a9
calculated fs for 2: [J@58660a9
calculated fs for 2: [J@58660a9
calculated fs for 2: [J@58660a9
calculated fs for 2: [J@58660a9
calculated fs for 2: [J@58660a9
calculated fs for 2: [J@58660a9
calculated fs for 2: [J@58660a9
calculated fs for 2: [J@58660a9
calculated fs for 2: [J@58660a9
calculated fs for 2: [J@58660a9
calculated fs for 2: [J@58660a9
calculated fs for 2: [J@58660a9
calculated fs for 2: [J@58660a9
calculated fs for 2: [J@58660a9
calculated fs for 2: [J@58660a9
calculated fs for 2: [J@58660a9
calculated fs for 2: [J@58660a9
calculated fs for 2: [J@58660a9
calculated fs for 2: [J@58660a9
calculated fs for 2: [J@58660a9
calculated fs for 2: [J@58660a9
calculated fs for 2: [J@58660a9
calculated fs for 2: [J@58660a9
calculated fs for 2: [J@58660a9
calculated fs for 2: [J@58660a9
calculated fs for 2: [J@58660a9
calculated fs for 2: [J@58660a9
calculated fs for 2: [J@58660a9
calculated fs for 2: [J@58660a9
calculated fs for 2: [J@58660a9
calculated fs for 2: [J@58660a9
calculated fs for 2: [J@58660a9
calculated fs for 2: [J@58660a9
calculated fs for 2: [J@58660a9
calculated fs for 2: [J@58660a9
calculated fs for 2: [J@58660a9
calculated fs for 2: [J@58660a9
calculated fs for 2: [J@58660a9
calculated fs for 2: [J@58660a9
calculated fs for 2: [J@58660a9
calculated fs for 2: [J@58660a9
calculated fs for 2: [J@58660a9
calculated fs for 2: [J@58660a9
calculated fs for 2: [J@58660a9
calculated fs for 2: [J@58660a9
calculated fs for 2: [J@58660a9
calculated fs for 2: [J@58660a9
calculated fs for 2: [J@58660a9
calculated fs for 2: [J@58660a9
calculated fs for 2: [J@58660a9
calculated fs for 2: [J@58660a9
calculated fs for 2: [J@58660a9
calculated fs for 2: [J@58660a9
calculated fs for 2: [J@58660a9
calculated fs for 2: [J@58660a9
calculated fs for 2: [J@58660a9
calculated fs for 2: [J@58660a9
calculated fs for 2: [J@58660a9
calculated fs for 2: [J@58660a9
calculated fs for 2: [J@58660a9
calculated fs for 2: [J@58660a9
calculated fs for 2: [J@58660a9
calculated fs for 2: [J@58660a9
calculated fs for 2: [J@58660a9
calculated fs for 2: [J@58660a9
calculated fs for 2: [J@58660a9
calculated fs for 2: [J@58660a9
calculated fs for 2: [J@58660a9
calculated fs for 2: [J@58660a9
calculated fs for 2: [J@58660a9
calculated fs for 2: [J@58660a9
calculated fs for 2: [J@58660a9
calculated fs for 2: [J@58660a9
calculated fs for 2: [J@58660a9
calculated fs for 2: [J@58660a9
calculated fs for 2: [J@58660a9
calculated fs for 2: [J@58660a9
calculated fs for 2: [J@58660a9
calculated fs for 2: [J@58660a9
calculated fs for 2: [J@58660a9
calculated fs for 2: [J@58660a9
calculated fs for 2: [J@58660a9
calculated fs for 2: [J@58660a9
calculated fs for 2: [J@58660a9
calculated fs for 2: [J@58660a9
calculated fs for 2: [J@58660a9
calculated fs for 2: [J@58660a9
calculated fs for 2: [J@58660a9
calculated fs for 2: [J@58660a9
calculated fs for 2: [J@58660a9
calculated fs for 2: [J@58660a9
calculated fs for 2: [J@58660a9
calculated fs for 2: [J@58660a9
calculated fs for 2: [J@58660a9
calculated fs for 2: [J@58660a9
calculated fs for 2: [J@58660a9
calculated fs for 2: [J@58660a9
calculated fs for 2: [J@58660a9
calculated fs for 2: [J@58660a9
calculated fs for 2: [J@58660a9
calculated fs for 2: [J@58660a9
calculated fs for 2: [J@58660a9
calculated fs for 2: [J@58660a9
calculated fs for 2: [J@58660a9
calculated fs for 2: [J@58660a9
calculated fs for 2: [J@58660a9
calculated fs for 2: [J@58660a9
calculated fs for 2: [J@58660a9
calculated fs for 2: [J@58660a9
calculated fs for 2: [J@58660a9
calculated fs for 2: [J@58660a9
calculated fs for 2: [J@58660a9
calculated fs for 2: [J@58660a9
calculated fs for 2: [J@58660a9
calculated fs for 2: [J@58660a9
calculated fs for 2: [J@58660a9
calculated fs for 2: [J@58660a9
calculated fs for 2: [J@58660a9
calculated fs for 2: [J@58660a9
calculated fs for 2: [J@58660a9
calculated fs for 2: [J@58660a9
calculated fs for 2: [J@58660a9
calculated fs for 2: [J@58660a9
calculated fs for 2: [J@58660a9
calculated fs for 2: [J@58660a9
calculated fs for 2: [J@58660a9
calculated fs for 2: [J@58660a9
calculated fs for 2: [J@58660a9
calculated fs for 2: [J@58660a9
calculated fs for 2: [J@58660a9
calculated fs for 2: [J@58660a9
calculated fs for 2: [J@58660a9
calculated fs for 2: [J@58660a9
calculated fs for 2: [J@58660a9
calculated fs for 2: [J@58660a9
calculated fs for 2: [J@58660a9
calculated fs for 2: [J@58660a9
calculated fs for 2: [J@58660a9
calculated fs for 2: [J@58660a9
calculated fs for 2: [J@58660a9
calculated fs for 2: [J@58660a9
calculated fs for 2: [J@58660a9
calculated fs for 2: [J@58660a9
calculated fs for 2: [J@58660a9
calculated fs for 2: [J@58660a9
calculated fs for 2: [J@58660a9
calculated fs for 2: [J@58660a9
calculated fs for 2: [J@58660a9
calculated fs for 2: [J@58660a9
calculated fs for 2: [J@58660a9
calculated fs for 2: [J@58660a9
calculated fs for 2: [J@58660a9
calculated fs for 2: [J@58660a9
calculated fs for 2: [J@58660a9
calculated fs for 2: [J@58660a9
calculated fs for 2: [J@58660a9
calculated fs for 2: [J@58660a9
calculated fs for 2: [J@58660a9
calculated fs for 2: [J@58660a9
calculated fs for 2: [J@58660a9
calculated fs for 2: [J@58660a9
calculated fs for 2: [J@58660a9
calculated fs for 2: [J@58660a9
calculated fs for 2: [J@58660a9
calculated fs for 2: [J@58660a9
calculated fs for 2: [J@58660a9
calculated fs for 2: [J@58660a9
calculated fs for 2: [J@58660a9
calculated fs for 2: [J@58660a9
calculated fs for 2: [J@58660a9
calculated fs for 2: [J@58660a9
calculated fs for 2: [J@58660a9
calculated fs for 2: [J@58660a9
calculated fs for 2: [J@58660a9
calculated fs for 2: [J@58660a9
calculated fs for 2: [J@58660a9
calculated fs for 2: [J@58660a9
calculated fs for 2: [J@58660a9
calculated fs for 2: [J@58660a9
calculated fs for 2: [J@58660a9
calculated fs for 2: [J@58660a9
calculated fs for 2: [J@58660a9
calculated fs for 2: [J@58660a9
calculated fs for 2: [J@58660a9
calculated fs for 2: [J@58660a9
calculated fs for 2: [J@58660a9
calculated fs for 2: [J@58660a9
calculated fs for 2: [J@58660a9
calculated fs for 2: [J@58660a9
calculated fs for 2: [J@58660a9
calculated fs for 2: [J@58660a9
calculated fs for 2: [J@58660a9
calculated fs for 2: [J@58660a9
calculated fs for 2: [J@58660a9
calculated fs for 2: [J@58660a9
calculated fs for 2: [J@58660a9
calculated fs for 2: [J@58660a9
calculated fs for 2: [J@58660a9
calculated fs for 2: [J@58660a9
calculated fs for 2: [J@58660a9
calculated fs for 2: [J@58660a9
calculated fs for 2: [J@58660a9
calculated fs for 2: [J@58660a9
calculated fs for 2: [J@58660a9
calculated fs for 2: [J@58660a9
calculated fs for 2: [J@58660a9
calculated fs for 2: [J@58660a9
calculated fs for 2: [J@58660a9
calculated fs for 2: [J@58660a9
calculated fs for 2: [J@58660a9
calculated fs for 2: [J@58660a9
calculated fs for 2: [J@58660a9
calculated fs for 2: [J@58660a9
calculated fs for 2: [J@58660a9
calculated fs for 2: [J@58660a9
calculated fs for 2: [J@58660a9
calculated fs for 2: [J@58660a9
calculated fs for 2: [J@58660a9
calculated fs for 2: [J@58660a9
calculated fs for 2: [J@58660a9
calculated fs for 2: [J@58660a9
calculated fs for 2: [J@58660a9
calculated fs for 2: [J@58660a9
calculated fs for 2: [J@58660a9
calculated fs for 2: [J@58660a9
calculated fs for 2: [J@58660a9
calculated fs for 2: [J@58660a9
calculated fs for 2: [J@58660a9
calculated fs for 2: [J@58660a9
calculated fs for 2: [J@58660a9
calculated fs for 2: [J@58660a9
calculated fs for 2: [J@58660a9
calculated fs for 2: [J@58660a9
calculated fs for 2: [J@58660a9
calculated fs for 2: [J@58660a9
calculated fs for 2: [J@58660a9
calculated fs for 2: [J@58660a9
calculated fs for 2: [J@58660a9
calculated fs for 2: [J@58660a9
calculated fs for 2: [J@58660a9
calculated fs for 2: [J@58660a9
calculated fs for 2: [J@58660a9
calculated fs for 2: [J@58660a9
calculated fs for 2: [J@58660a9
calculated fs for 2: [J@58660a9
calculated fs for 2: [J@58660a9
calculated fs for 2: [J@58660a9
calculated fs for 2: [J@58660a9
calculated fs for 2: [J@58660a9
calculated fs for 2: [J@58660a9
calculated fs for 2: [J@58660a9
calculated fs for 2: [J@58660a9
calculated fs for 2: [J@58660a9
calculated fs for 2: [J@58660a9
calculated fs for 2: [J@58660a9
calculated fs for 2: [J@58660a9
calculated fs for 2: [J@58660a9
calculated fs for 2: [J@58660a9
calculated fs for 2: [J@58660a9
calculated fs for 2: [J@58660a9
calculated fs for 2: [J@58660a9
calculated fs for 2: [J@58660a9
calculated fs for 2: [J@58660a9
calculated fs for 2: [J@58660a9
calculated fs for 2: [J@58660a9
calculated fs for 2: [J@58660a9
calculated fs for 2: [J@58660a9
calculated fs for 2: [J@58660a9
calculated fs for 2: [J@58660a9
calculated fs for 2: [J@58660a9
calculated fs for 2: [J@58660a9
calculated fs for 2: [J@58660a9
calculated fs for 2: [J@58660a9
calculated fs for 2: [J@58660a9
calculated fs for 2: [J@58660a9
calculated fs for 2: [J@58660a9
calculated fs for 2: [J@58660a9
calculated fs for 2: [J@58660a9
calculated fs for 2: [J@58660a9
calculated fs for 2: [J@58660a9
calculated fs for 2: [J@58660a9
calculated fs for 2: [J@58660a9
calculated fs for 2: [J@58660a9
calculated fs for 2: [J@58660a9
calculated fs for 2: [J@58660a9
calculated fs for 2: [J@58660a9
calculated fs for 2: [J@58660a9
calculated nfs for 0: [J@3933fa14
calculated nfs for 0: [J@3933fa14
calculated nfs for 1: [J@3675463
calculated nfs for 1: [J@3675463
calculated nfs for 2: [J@74d53153
calculated nfs for 2: [J@74d53153
calculated iMatrix for 4, 0, 0, 0: -0.022839730409822234
calculated iMatrix for 4, 0, 0, 1: -0.021962921936287683
calculated iMatrix for 4, 0, 0, 2: -0.04067563086844184
calculated iMatrix for 4, 0, 0, 3: -0.13689288861026483
calculated iMatrix for 4, 0, 0, 4: -0.0433541119176053
calculated iMatrix for 4, 0, 0, 5: -0.09815206029383416
calculated iMatrix for 4, 0, 0, 6: 0.4347954805594271
calculated iMatrix for 4, 0, 0, 7: -0.10060604925540084
calculated iMatrix for 4, 0, 0, 8: 0.0792908117688852
calculated iMatrix for 4, 0, 0, 9: 0.14860974236858393
calculated iMatrix for 4, 0, 0, 10: 0.28819200636755177
calculated iMatrix for 4, 0, 0, 11: 0.14134062902190514
calculated iMatrix for 4, 0, 0, 12: -0.19631630908106545
calculated iMatrix for 4, 0, 0, 13: -0.12130536526855107
calculated iMatrix for 4, 0, 0, 14: 0.3273319147048221
calculated iMatrix for 4, 0, 0, 15: 0.0700194677753625
calculated iMatrix for 4, 0, 0, 16: -0.45236697839170414
calculated iMatrix for 4, 0, 0, 17: 0.20435020413920102
calculated iMatrix for 4, 0, 0, 18: 0.08093150122634518
calculated iMatrix for 4, 0, 0, 19: -0.1352916072432908
calculated iMatrix for 4, 0, 1, 0: 0.04109521403084915
calculated iMatrix for 4, 0, 1, 1: -0.09273199282449496
calculated iMatrix for 4, 0, 1, 2: -0.06021558080293388
calculated iMatrix for 4, 0, 1, 3: 0.18679189192582235
calculated iMatrix for 4, 0, 1, 4: 0.11602282103761519
calculated iMatrix for 4, 0, 1, 5: -0.19092868754868675
calculated iMatrix for 4, 0, 1, 6: 0.3493108214235974
calculated iMatrix for 4, 0, 1, 7: 0.14234012935498863
calculated iMatrix for 4, 0, 1, 8: 0.2868560008248095
calculated iMatrix for 4, 0, 1, 9: -0.09607089409000957
calculated iMatrix for 4, 0, 1, 10: -0.1306512276867886
calculated iMatrix for 4, 0, 1, 11: -0.38510340563966206
calculated iMatrix for 4, 0, 1, 12: 0.014941634999163234
calculated iMatrix for 4, 0, 1, 13: -0.08080342195922119
calculated iMatrix for 4, 0, 1, 14: -0.07996974121064371
calculated iMatrix for 4, 0, 1, 15: -0.10931612084003028
calculated iMatrix for 4, 0, 1, 16: -9.792696356968333E-4
calculated iMatrix for 4, 0, 1, 17: 0.10013977486461201
calculated iMatrix for 4, 0, 1, 18: 0.04702994955066375
calculated iMatrix for 4, 0, 1, 19: 0.03323662741832789
calculated iMatrix for 4, 0, 2, 0: -0.17321084210558468
calculated iMatrix for 4, 0, 2, 1: -0.5815787098717105
calculated iMatrix for 4, 0, 2, 2: -0.10465463778140105
calculated iMatrix for 4, 0, 2, 3: -0.22490376593297812
calculated iMatrix for 4, 0, 2, 4: 0.3273319147048221
calculated iMatrix for 4, 0, 2, 5: -0.01123895857331203
calculated iMatrix for 4, 0, 2, 6: -0.35843515855750074
calculated iMatrix for 4, 0, 2, 7: 0.1020897267336911
calculated iMatrix for 4, 0, 2, 8: -0.039981427438966044
calculated iMatrix for 4, 0, 2, 9: 0.27017350086487346
calculated iMatrix for 4, 0, 2, 10: 0.26475343339553425
calculated iMatrix for 4, 0, 2, 11: -8.260716269713475E-4
calculated iMatrix for 4, 0, 2, 12: -0.046301990241555346
calculated iMatrix for 4, 0, 2, 13: -0.32206751438662584
calculated iMatrix for 4, 0, 2, 14: -0.0881448288175889
calculated iMatrix for 4, 0, 2, 15: -0.030528284795210747
calculated iMatrix for 4, 0, 2, 16: -0.11784469363957029
calculated iMatrix for 4, 0, 2, 17: 0.24485569288058362
calculated iMatrix for 4, 0, 2, 18: 0.52660302981255
calculated iMatrix for 4, 0, 2, 19: 0.2079603163633008
calculated iMatrix for 4, 0, 3, 0: 0.14997791880310618
calculated iMatrix for 4, 0, 3, 1: 0.28819200636755177
calculated iMatrix for 4, 0, 3, 2: -0.20831674225818086
calculated iMatrix for 4, 0, 3, 3: -0.0726345542054253
calculated iMatrix for 4, 0, 3, 4: 0.7211289351399146
calculated iMatrix for 4, 0, 3, 5: -0.19983012838086212
calculated iMatrix for 4, 0, 3, 6: -0.05305350900631878
calculated iMatrix for 4, 0, 3, 7: -0.24065212290111715
calculated iMatrix for 4, 0, 3, 8: -0.14283881287867384
calculated iMatrix for 4, 0, 3, 9: 0.38920020728651433
calculated iMatrix for 4, 0, 3, 10: 0.36068750840570535
calculated iMatrix for 4, 0, 3, 11: -0.1718492029770885
calculated iMatrix for 4, 0, 3, 12: 0.037273774605299015
calculated iMatrix for 4, 0, 3, 13: -0.35843515855750074
calculated iMatrix for 4, 0, 3, 14: -0.07885029633833907
calculated iMatrix for 4, 0, 3, 15: -0.2306017870476158
calculated iMatrix for 4, 0, 3, 16: -0.1599842198336624
calculated iMatrix for 4, 0, 3, 17: 0.0638370678670449
calculated iMatrix for 4, 0, 3, 18: 0.31529393614534307
calculated iMatrix for 4, 0, 3, 19: 0.21091780465578036
calculated iMatrix for 4, 0, 4, 0: 0.0765306139473616
calculated iMatrix for 4, 0, 4, 1: -0.19413210726622432
calculated iMatrix for 4, 0, 4, 2: -0.054223784154509236
calculated iMatrix for 4, 0, 4, 3: 0.055127159783283086
calculated iMatrix for 4, 0, 4, 4: -0.18935882851356667
calculated iMatrix for 4, 0, 4, 5: -0.13309621667985516
calculated iMatrix for 4, 0, 4, 6: -0.2814741174213724
calculated iMatrix for 4, 0, 4, 7: 0.21491082218982405
calculated iMatrix for 4, 0, 4, 8: 0.01747114730911936
calculated iMatrix for 4, 0, 4, 9: 0.05976897532809344
calculated iMatrix for 4, 0, 4, 10: -0.0017602146187682965
calculated iMatrix for 4, 0, 4, 11: -0.028955957427258205
calculated iMatrix for 4, 0, 4, 12: 0.3093942140181548
calculated iMatrix for 4, 0, 4, 13: -0.1352916072432908
calculated iMatrix for 4, 0, 4, 14: 0.11764751676461715
calculated iMatrix for 4, 0, 4, 15: 0.1541280851070308
calculated iMatrix for 4, 0, 4, 16: -0.15706540679285153
calculated iMatrix for 4, 0, 4, 17: -0.0574827491848231
calculated iMatrix for 4, 0, 4, 18: -0.14712606489029378
calculated iMatrix for 4, 0, 4, 19: -0.09017117196282132
calculated iMatrix for 4, 0, 5, 0: 0.11734644796812344
calculated iMatrix for 4, 0, 5, 1: 0.018042412677411468
calculated iMatrix for 4, 0, 5, 2: 0.11764751676461715
calculated iMatrix for 4, 0, 5, 3: -0.11502590978370775
calculated iMatrix for 4, 0, 5, 4: 0.11327933509186439
calculated iMatrix for 4, 0, 5, 5: 0.12441661316608388
calculated iMatrix for 4, 0, 5, 6: -0.37785324441460233
calculated iMatrix for 4, 0, 5, 7: -0.25696569839264094
calculated iMatrix for 4, 0, 5, 8: -0.20021115334260653
calculated iMatrix for 4, 0, 5, 9: 0.040109506706089926
calculated iMatrix for 4, 0, 5, 10: -0.11548897994711116
calculated iMatrix for 4, 0, 5, 11: 0.036877578086645824
calculated iMatrix for 4, 0, 5, 12: -0.1812287024303164
calculated iMatrix for 4, 0, 5, 13: 0.1990461568492894
calculated iMatrix for 4, 0, 5, 14: 0.15825558466088818
calculated iMatrix for 4, 0, 5, 15: 0.0627783065188029
calculated iMatrix for 4, 0, 5, 16: 0.03899777785339942
calculated iMatrix for 4, 0, 5, 17: -0.16919315891897224
calculated iMatrix for 4, 0, 5, 18: -0.17611360176354596
calculated iMatrix for 4, 0, 5, 19: -0.010128464289284933
calculated iMatrix for 4, 0, 6, 0: -0.24980131755470514
calculated iMatrix for 4, 0, 6, 1: 0.24374024379671805
calculated iMatrix for 4, 0, 6, 2: 0.20954887904843866
calculated iMatrix for 4, 0, 6, 3: -0.18623173192913067
calculated iMatrix for 4, 0, 6, 4: -0.1829864810513081
calculated iMatrix for 4, 0, 6, 5: 0.42453898039223814
calculated iMatrix for 4, 0, 6, 6: 0.28544097299566185
calculated iMatrix for 4, 0, 6, 7: -0.34162804024111937
calculated iMatrix for 4, 0, 6, 8: 0.06670271514936865
calculated iMatrix for 4, 0, 6, 9: -0.06331810761820156
calculated iMatrix for 4, 0, 6, 10: -0.24065212290111715
calculated iMatrix for 4, 0, 6, 11: 0.5272551328679373
calculated iMatrix for 4, 0, 6, 12: 0.2652835155706817
calculated iMatrix for 4, 0, 6, 13: -0.07433090745360371
calculated iMatrix for 4, 0, 6, 14: -0.2814741174213724
calculated iMatrix for 4, 0, 6, 15: 0.17167239475794027
calculated iMatrix for 4, 0, 6, 16: 0.18586639440487962
calculated iMatrix for 4, 0, 6, 17: -0.41478809510863246
calculated iMatrix for 4, 0, 6, 18: -0.5591058540196518
calculated iMatrix for 4, 0, 6, 19: -0.3828266116816599
calculated iMatrix for 4, 0, 7, 0: -0.24658685842093175
calculated iMatrix for 4, 0, 7, 1: 0.28819200636755177
calculated iMatrix for 4, 0, 7, 2: 0.06808335874849603
calculated iMatrix for 4, 0, 7, 3: -0.5200765101139166
calculated iMatrix for 4, 0, 7, 4: -0.223260380189248
calculated iMatrix for 4, 0, 7, 5: 0.7148593221263191
calculated iMatrix for 4, 0, 7, 6: 0.2788315636079881
calculated iMatrix for 4, 0, 7, 7: -0.4480473172471877
calculated iMatrix for 4, 0, 7, 8: 0.10818437270399439
calculated iMatrix for 4, 0, 7, 9: -0.25022157391726785
calculated iMatrix for 4, 0, 7, 10: -0.4537453383618255
calculated iMatrix for 4, 0, 7, 11: 0.5675643874436153
calculated iMatrix for 4, 0, 7, 12: 0.9273886721987554
calculated iMatrix for 4, 0, 7, 13: 0.13192939333715004
calculated iMatrix for 4, 0, 7, 14: -0.037527438477399255
calculated iMatrix for 4, 0, 7, 15: -0.007037271719612104
calculated iMatrix for 4, 0, 7, 16: -0.2266658809263773
calculated iMatrix for 4, 0, 7, 17: -0.7470931483492838
calculated iMatrix for 4, 0, 7, 18: -0.39122498138049155
calculated iMatrix for 4, 0, 7, 19: -0.28432718640377885
calculated iMatrix for 4, 0, 8, 0: NaN
calculated iMatrix for 4, 0, 8, 1: NaN
calculated iMatrix for 4, 0, 8, 2: NaN
calculated iMatrix for 4, 0, 8, 3: NaN
calculated iMatrix for 4, 0, 8, 4: -1.3489283826606524E-5
calculated iMatrix for 4, 0, 8, 5: NaN
calculated iMatrix for 4, 0, 8, 6: NaN
calculated iMatrix for 4, 0, 8, 7: NaN
calculated iMatrix for 4, 0, 8, 8: NaN
calculated iMatrix for 4, 0, 8, 9: NaN
calculated iMatrix for 4, 0, 8, 10: NaN
calculated iMatrix for 4, 0, 8, 11: NaN
calculated iMatrix for 4, 0, 8, 12: NaN
calculated iMatrix for 4, 0, 8, 13: NaN
calculated iMatrix for 4, 0, 8, 14: NaN
calculated iMatrix for 4, 0, 8, 15: NaN
calculated iMatrix for 4, 0, 8, 16: NaN
calculated iMatrix for 4, 0, 8, 17: NaN
calculated iMatrix for 4, 0, 8, 18: NaN
calculated iMatrix for 4, 0, 8, 19: NaN
calculated iMatrix for 4, 0, 9, 0: -0.32187756282370295
calculated iMatrix for 4, 0, 9, 1: -0.2814741174213724
calculated iMatrix for 4, 0, 9, 2: 0.2267233839383489
calculated iMatrix for 4, 0, 9, 3: -0.4494069367632272
calculated iMatrix for 4, 0, 9, 4: -0.7812920093775342
calculated iMatrix for 4, 0, 9, 5: 0.5307190318816535
calculated iMatrix for 4, 0, 9, 6: -0.05615428668456701
calculated iMatrix for 4, 0, 9, 7: -0.7316394044474435
calculated iMatrix for 4, 0, 9, 8: 0.004104904833629797
calculated iMatrix for 4, 0, 9, 9: -0.5429329947740509
calculated iMatrix for 4, 0, 9, 10: -0.1642791441165432
calculated iMatrix for 4, 0, 9, 11: 0.23274709534575655
calculated iMatrix for 4, 0, 9, 12: 2.1084529857278214
calculated iMatrix for 4, 0, 9, 13: -0.011810550472269754
calculated iMatrix for 4, 0, 9, 14: 0.02293239797160318
calculated iMatrix for 4, 0, 9, 15: 0.3536161766415974
calculated iMatrix for 4, 0, 9, 16: -0.016483456171662136
calculated iMatrix for 4, 0, 9, 17: -0.5591058540196518
calculated iMatrix for 4, 0, 9, 18: -1.051582339117446
calculated iMatrix for 4, 0, 9, 19: -0.35843515855750074
calculated iMatrix for 4, 0, 10, 0: -0.19742338835029716
calculated iMatrix for 4, 0, 10, 1: 0.21408403421382993
calculated iMatrix for 4, 0, 10, 2: 0.3273319147048221
calculated iMatrix for 4, 0, 10, 3: -0.14813974972113997
calculated iMatrix for 4, 0, 10, 4: -0.1025017844203
calculated iMatrix for 4, 0, 10, 5: 0.3347120220024446
calculated iMatrix for 4, 0, 10, 6: 0.2073725996258432
calculated iMatrix for 4, 0, 10, 7: -0.4835983015115066
calculated iMatrix for 4, 0, 10, 8: -0.3948028027283754
calculated iMatrix for 4, 0, 10, 9: -0.3142639402443632
calculated iMatrix for 4, 0, 10, 10: -0.35843515855750074
calculated iMatrix for 4, 0, 10, 11: -0.03464808146360354
calculated iMatrix for 4, 0, 10, 12: 0.9992858301183339
calculated iMatrix for 4, 0, 10, 13: -0.26882299986781355
calculated iMatrix for 4, 0, 10, 14: -0.4155935723974493
calculated iMatrix for 4, 0, 10, 15: 0.13940326968167882
calculated iMatrix for 4, 0, 10, 16: 0.3783870855051062
calculated iMatrix for 4, 0, 10, 17: -0.30519064403868845
calculated iMatrix for 4, 0, 10, 18: -0.27839245088396414
calculated iMatrix for 4, 0, 10, 19: -0.1617248643114464
calculated iMatrix for 4, 0, 11, 0: -0.07901077134470136
calculated iMatrix for 4, 0, 11, 1: 0.011938629739393636
calculated iMatrix for 4, 0, 11, 2: -0.010957308099685648
calculated iMatrix for 4, 0, 11, 3: 0.21408403421382993
calculated iMatrix for 4, 0, 11, 4: -0.04828023025366113
calculated iMatrix for 4, 0, 11, 5: 0.24905657742395076
calculated iMatrix for 4, 0, 11, 6: -0.01123895857331203
calculated iMatrix for 4, 0, 11, 7: -0.2463178604367945
calculated iMatrix for 4, 0, 11, 8: 0.1523904652084901
calculated iMatrix for 4, 0, 11, 9: -0.5830590950421446
calculated iMatrix for 4, 0, 11, 10: 0.06808335874849603
calculated iMatrix for 4, 0, 11, 11: -0.22995683378436926
calculated iMatrix for 4, 0, 11, 12: 0.48021960567368305
calculated iMatrix for 4, 0, 11, 13: -0.030528284795210747
calculated iMatrix for 4, 0, 11, 14: -0.034887172917222986
calculated iMatrix for 4, 0, 11, 15: 0.06838307402123278
calculated iMatrix for 4, 0, 11, 16: 0.22030167082470054
calculated iMatrix for 4, 0, 11, 17: -0.12378778276180635
calculated iMatrix for 4, 0, 11, 18: -0.16060941522758077
calculated iMatrix for 4, 0, 11, 19: -0.20428447873024236
calculated iMatrix for 4, 0, 12, 0: -0.11137605584673294
calculated iMatrix for 4, 0, 12, 1: -0.09273199282449496
calculated iMatrix for 4, 0, 12, 2: 0.4555484951457185
calculated iMatrix for 4, 0, 12, 3: 0.4788123659762015
calculated iMatrix for 4, 0, 12, 4: -0.04258220913902344
calculated iMatrix for 4, 0, 12, 5: -0.17083654466270237
calculated iMatrix for 4, 0, 12, 6: -0.5591058540196518
calculated iMatrix for 4, 0, 12, 7: -0.2014314097478359
calculated iMatrix for 4, 0, 12, 8: 0.012543773479494424
calculated iMatrix for 4, 0, 12, 9: -0.3638847633250655
calculated iMatrix for 4, 0, 12, 10: -0.7261599386828179
calculated iMatrix for 4, 0, 12, 11: -0.19413210726622432
calculated iMatrix for 4, 0, 12, 12: 0.47781286564311803
calculated iMatrix for 4, 0, 12, 13: 0.1292680477876358
calculated iMatrix for 4, 0, 12, 14: -0.050608520013252334
calculated iMatrix for 4, 0, 12, 15: 0.14750047991429827
calculated iMatrix for 4, 0, 12, 16: 0.29389002748218956
calculated iMatrix for 4, 0, 12, 17: -0.20332616528843084
calculated iMatrix for 4, 0, 12, 18: -0.12482030737599559
calculated iMatrix for 4, 0, 12, 19: -0.007037271719612104
calculated iMatrix for 4, 0, 13, 0: 0.13610957960435255
calculated iMatrix for 4, 0, 13, 1: 0.3545146492986244
calculated iMatrix for 4, 0, 13, 2: -0.206418951258875
calculated iMatrix for 4, 0, 13, 3: -0.03186399291899933
calculated iMatrix for 4, 0, 13, 4: 0.2859218578330126
calculated iMatrix for 4, 0, 13, 5: -0.29389663741992944
calculated iMatrix for 4, 0, 13, 6: -0.27142378156787084
calculated iMatrix for 4, 0, 13, 7: 0.4014033965011169
calculated iMatrix for 4, 0, 13, 8: -0.4484613102152202
calculated iMatrix for 4, 0, 13, 9: -0.03301275812287263
calculated iMatrix for 4, 0, 13, 10: 0.4744739643776034
calculated iMatrix for 4, 0, 13, 11: -0.26909005822165066
calculated iMatrix for 4, 0, 13, 12: 0.2598107138293269
calculated iMatrix for 4, 0, 13, 13: -0.46763445052249253
calculated iMatrix for 4, 0, 13, 14: -0.08650144307385887
calculated iMatrix for 4, 0, 13, 15: 0.009289621567816653
calculated iMatrix for 4, 0, 13, 16: 0.031029608204222514
calculated iMatrix for 4, 0, 13, 17: 0.2627385223773554
calculated iMatrix for 4, 0, 13, 18: 0.07877864786524402
calculated iMatrix for 4, 0, 13, 19: 0.34997949413323315
calculated iMatrix for 4, 0, 14, 0: 0.05976897532809344
calculated iMatrix for 4, 0, 14, 1: 0.1936334237425391
calculated iMatrix for 4, 0, 14, 2: -0.24292227143565626
calculated iMatrix for 4, 0, 14, 3: -0.09607089409000957
calculated iMatrix for 4, 0, 14, 4: 0.007289620901149596
calculated iMatrix for 4, 0, 14, 5: -0.24269920652284205
calculated iMatrix for 4, 0, 14, 6: 0.2606040498487228
calculated iMatrix for 4, 0, 14, 7: 0.18056134217518627
calculated iMatrix for 4, 0, 14, 8: 0.15524353419089654
calculated iMatrix for 4, 0, 14, 9: -0.07075308610571973
calculated iMatrix for 4, 0, 14, 10: 0.30192219917945373
calculated iMatrix for 4, 0, 14, 11: -0.20761226882291695
calculated iMatrix for 4, 0, 14, 12: -0.046496108460159724
calculated iMatrix for 4, 0, 14, 13: 0.10692809113173274
calculated iMatrix for 4, 0, 14, 14: -0.11727310174061256
calculated iMatrix for 4, 0, 14, 15: -0.14603614652626806
calculated iMatrix for 4, 0, 14, 16: 0.04702994955066375
calculated iMatrix for 4, 0, 14, 17: 0.43098885243786456
calculated iMatrix for 4, 0, 14, 18: -0.2530746428996744
calculated iMatrix for 4, 0, 14, 19: 0.11698853815757415
calculated iMatrix for 4, 0, 15, 0: -0.17611360176354596
calculated iMatrix for 4, 0, 15, 1: 0.22935150634461832
calculated iMatrix for 4, 0, 15, 2: 0.37667622110147675
calculated iMatrix for 4, 0, 15, 3: 0.3101407612719394
calculated iMatrix for 4, 0, 15, 4: 0.10418836339061233
calculated iMatrix for 4, 0, 15, 5: -0.14803063302072061
calculated iMatrix for 4, 0, 15, 6: -0.19413210726622432
calculated iMatrix for 4, 0, 15, 7: 0.22935150634461832
calculated iMatrix for 4, 0, 15, 8: 0.12366317557157958
calculated iMatrix for 4, 0, 15, 9: -0.280876924211626
calculated iMatrix for 4, 0, 15, 10: -0.07658400641651286
calculated iMatrix for 4, 0, 15, 11: -0.15013811536028532
calculated iMatrix for 4, 0, 15, 12: 0.018592014230130238
calculated iMatrix for 4, 0, 15, 13: 0.16481298520704724
calculated iMatrix for 4, 0, 15, 14: -0.15483620331626102
calculated iMatrix for 4, 0, 15, 15: 0.13800172775639052
calculated iMatrix for 4, 0, 15, 16: -0.03301275812287263
calculated iMatrix for 4, 0, 15, 17: -0.08080342195922119
calculated iMatrix for 4, 0, 15, 18: -0.22922342707749455
calculated iMatrix for 4, 0, 15, 19: -0.2644062089092243
calculated iMatrix for 4, 0, 16, 0: 0.058590771951739784
calculated iMatrix for 4, 0, 16, 1: 0.21408403421382993
calculated iMatrix for 4, 0, 16, 2: -0.19553168762064765
calculated iMatrix for 4, 0, 16, 3: -0.14156122025688633
calculated iMatrix for 4, 0, 16, 4: 0.04702994955066375
calculated iMatrix for 4, 0, 16, 5: -0.3150847176838867
calculated iMatrix for 4, 0, 16, 6: -0.19809250848232118
calculated iMatrix for 4, 0, 16, 7: 0.038141002133417645
calculated iMatrix for 4, 0, 16, 8: -9.792696356968333E-4
calculated iMatrix for 4, 0, 16, 9: 0.16683114936328436
calculated iMatrix for 4, 0, 16, 10: 5.099339157709215E-4
calculated iMatrix for 4, 0, 16, 11: 0.01747114730911936
calculated iMatrix for 4, 0, 16, 12: -0.16137132002634258
calculated iMatrix for 4, 0, 16, 13: 0.28819200636755177
calculated iMatrix for 4, 0, 16, 14: 0.13218775789097048
calculated iMatrix for 4, 0, 16, 15: -0.19335540819805208
calculated iMatrix for 4, 0, 16, 16: 0.038296269581909126
calculated iMatrix for 4, 0, 16, 17: 0.08212126936193398
calculated iMatrix for 4, 0, 16, 18: 0.3347120220024446
calculated iMatrix for 4, 0, 16, 19: 0.1523904652084901
calculated iMatrix for 4, 1, 0, 0: -0.029389036432174054
calculated iMatrix for 4, 1, 0, 1: 0.07438219520399336
calculated iMatrix for 4, 1, 0, 2: -0.14629526361502299
calculated iMatrix for 4, 1, 0, 3: -0.14344219463261665
calculated iMatrix for 4, 1, 0, 4: 0.02774161775088224
calculated iMatrix for 4, 1, 0, 5: -0.016677770311636753
calculated iMatrix for 4, 1, 0, 6: -0.3249791299661533
calculated iMatrix for 4, 1, 0, 7: -0.04290096541073907
calculated iMatrix for 4, 1, 0, 8: 0.09672036185118804
calculated iMatrix for 4, 1, 0, 9: -0.0023393536546162386
calculated iMatrix for 4, 1, 0, 10: -0.5191351444071108
calculated iMatrix for 4, 1, 0, 11: 0.10365954514984355
calculated iMatrix for 4, 1, 0, 12: 0.21666721175475057
calculated iMatrix for 4, 1, 0, 13: 0.43438492923540034
calculated iMatrix for 4, 1, 0, 14: -0.28401540204618536
calculated iMatrix for 4, 1, 0, 15: -0.02958691908840505
calculated iMatrix for 4, 1, 0, 16: 0.2256230766639078
calculated iMatrix for 4, 1, 0, 17: -0.18593623313086693
calculated iMatrix for 4, 1, 0, 18: -0.24720142892346897
calculated iMatrix for 4, 1, 0, 19: 0.254054743826371
calculated iMatrix for 4, 1, 1, 0: -0.13066761266751759
calculated iMatrix for 4, 1, 1, 1: -0.09928129884684678
calculated iMatrix for 4, 1, 1, 2: 0.0926663966988821
calculated iMatrix for 4, 1, 1, 3: -0.0318400180513142
calculated iMatrix for 4, 1, 1, 4: -0.2543188966923331
calculated iMatrix for 4, 1, 1, 5: 0.2786826587167232
calculated iMatrix for 4, 1, 1, 6: -0.12203828596946298
calculated iMatrix for 4, 1, 1, 7: -0.3224248501610565
calculated iMatrix for 4, 1, 1, 8: -0.046530733461317864
calculated iMatrix for 4, 1, 1, 9: -0.3099246873968251
calculated iMatrix for 4, 1, 1, 10: -0.30044594344228126
calculated iMatrix for 4, 1, 1, 11: 0.11895225896980721
calculated iMatrix for 4, 1, 1, 12: 0.28661371306722044
calculated iMatrix for 4, 1, 1, 13: 0.3971555874670443
calculated iMatrix for 4, 1, 1, 14: -0.08651904723299553
calculated iMatrix for 4, 1, 1, 15: 0.1357908233326368
calculated iMatrix for 4, 1, 1, 16: 0.11109821074226534
calculated iMatrix for 4, 1, 1, 17: -0.21201511979842536
calculated iMatrix for 4, 1, 1, 18: 0.15380932883531517
calculated iMatrix for 4, 1, 1, 19: 0.10853410677332753
calculated iMatrix for 4, 1, 2, 0: -0.022433181882257403
calculated iMatrix for 4, 1, 2, 1: -0.03956206414522445
calculated iMatrix for 4, 1, 2, 2: 0.07909547965609143
calculated iMatrix for 4, 1, 2, 3: -0.08799768124481944
calculated iMatrix for 4, 1, 2, 4: -0.28401540204618536
calculated iMatrix for 4, 1, 2, 5: 0.116466550506234
calculated iMatrix for 4, 1, 2, 6: 0.41854677744836183
calculated iMatrix for 4, 1, 2, 7: -0.19132097052901242
calculated iMatrix for 4, 1, 2, 8: 0.05757507688761199
calculated iMatrix for 4, 1, 2, 9: -0.31434073176109756
calculated iMatrix for 4, 1, 2, 10: -0.27797308759022266
calculated iMatrix for 4, 1, 2, 11: 0.1615585750815478
calculated iMatrix for 4, 1, 2, 12: 0.04048064352831193
calculated iMatrix for 4, 1, 2, 13: -0.0574997648318919
calculated iMatrix for 4, 1, 2, 14: -0.2508711578124314
calculated iMatrix for 4, 1, 2, 15: 0.25532539202782667
calculated iMatrix for 4, 1, 2, 16: 0.18062727527155376
calculated iMatrix for 4, 1, 2, 17: -0.018359856494621574
calculated iMatrix for 4, 1, 2, 18: -0.2277833430663675
calculated iMatrix for 4, 1, 2, 19: 0.11458861568203371
calculated iMatrix for 4, 1, 3, 0: -0.17724284031655857
calculated iMatrix for 4, 1, 3, 1: 0.28164270034519995
calculated iMatrix for 4, 1, 3, 2: -0.02107724947112144
calculated iMatrix for 4, 1, 3, 3: -0.39295831662225855
calculated iMatrix for 4, 1, 3, 4: -0.537597207246846
calculated iMatrix for 4, 1, 3, 5: 0.5306869800915669
calculated iMatrix for 4, 1, 3, 6: 0.08927080769774398
calculated iMatrix for 4, 1, 3, 7: -0.5138300921774175
calculated iMatrix for 4, 1, 3, 8: 0.18861083557398728
calculated iMatrix for 4, 1, 3, 9: -0.2972662905249017
calculated iMatrix for 4, 1, 3, 10: -0.36498446457985256
calculated iMatrix for 4, 1, 3, 11: 0.2097727000319326
calculated iMatrix for 4, 1, 3, 12: 0.4193787242517545
calculated iMatrix for 4, 1, 3, 13: -0.0014835555707203296
calculated iMatrix for 4, 1, 3, 14: 0.0516539441264372
calculated iMatrix for 4, 1, 3, 15: 0.023951341577101326
calculated iMatrix for 4, 1, 3, 16: 0.15123200782101454
calculated iMatrix for 4, 1, 3, 17: -0.09766969495250521
calculated iMatrix for 4, 1, 3, 18: 0.005389323717041816
calculated iMatrix for 4, 1, 3, 19: -0.18870522224186048
calculated iMatrix for 4, 1, 4, 0: -0.43471780259452775
calculated iMatrix for 4, 1, 4, 1: -0.07730239212807155
calculated iMatrix for 4, 1, 4, 2: 0.009708984861558245
calculated iMatrix for 4, 1, 4, 3: -0.10083288953826564
calculated iMatrix for 4, 1, 4, 4: -0.14987308496290697
calculated iMatrix for 4, 1, 4, 5: 0.4842819003800234
calculated iMatrix for 4, 1, 4, 6: 0.254054743826371
calculated iMatrix for 4, 1, 4, 7: -0.4762100996900769
calculated iMatrix for 4, 1, 4, 8: 0.4839731472257156
calculated iMatrix for 4, 1, 4, 9: -0.4758851606132941
calculated iMatrix for 4, 1, 4, 10: -0.3224248501610565
calculated iMatrix for 4, 1, 4, 11: 0.28164270034519995
calculated iMatrix for 4, 1, 4, 12: 0.17401203615283445
calculated iMatrix for 4, 1, 4, 13: -0.04913151516137526
calculated iMatrix for 4, 1, 4, 14: -0.10612283066356343
calculated iMatrix for 4, 1, 4, 15: -0.21416157484526877
calculated iMatrix for 4, 1, 4, 16: -0.0596028150286706
calculated iMatrix for 4, 1, 4, 17: 0.21718420801804328
calculated iMatrix for 4, 1, 4, 18: -0.25677087993961967
calculated iMatrix for 4, 1, 4, 19: 0.3726144785509267
calculated iMatrix for 4, 1, 5, 0: -0.4591716796395535
calculated iMatrix for 4, 1, 5, 1: 0.3441630573265339
calculated iMatrix for 4, 1, 5, 2: -0.007528575658048653
calculated iMatrix for 4, 1, 5, 3: -0.0953208976307498
calculated iMatrix for 4, 1, 5, 4: -0.09672047798517314
calculated iMatrix for 4, 1, 5, 5: 0.3560715040971693
calculated iMatrix for 4, 1, 5, 6: 0.23052424641617675
calculated iMatrix for 4, 1, 5, 7: -0.1579702951955264
calculated iMatrix for 4, 1, 5, 8: 0.1415767603996807
calculated iMatrix for 4, 1, 5, 9: -0.39594669018381934
calculated iMatrix for 4, 1, 5, 10: -0.5881280158940623
calculated iMatrix for 4, 1, 5, 11: 0.5165633188504297
calculated iMatrix for 4, 1, 5, 12: 0.3342417620564751
calculated iMatrix for 4, 1, 5, 13: -0.24288176777895254
calculated iMatrix for 4, 1, 5, 14: -0.2908764924261307
calculated iMatrix for 4, 1, 5, 15: 0.10300100050964589
calculated iMatrix for 4, 1, 5, 16: 0.2653618147410625
calculated iMatrix for 4, 1, 5, 17: 0.16427486087497623
calculated iMatrix for 4, 1, 5, 18: -0.36498446457985256
calculated iMatrix for 4, 1, 5, 19: -0.5497185677791909
calculated iMatrix for 4, 1, 6, 0: -0.27661531412976226
calculated iMatrix for 4, 1, 6, 1: 0.3506355718321514
calculated iMatrix for 4, 1, 6, 2: -0.7479767168359583
calculated iMatrix for 4, 1, 6, 3: -0.7645844532356187
calculated iMatrix for 4, 1, 6, 4: 0.536917529842203
calculated iMatrix for 4, 1, 6, 5: -0.0930507490962107
calculated iMatrix for 4, 1, 6, 6: 0.17863098200912908
calculated iMatrix for 4, 1, 6, 7: 0.6068761184491134
calculated iMatrix for 4, 1, 6, 8: -0.38851496199004654
calculated iMatrix for 4, 1, 6, 9: 0.25020117451038104
calculated iMatrix for 4, 1, 6, 10: 0.5513062672943027
calculated iMatrix for 4, 1, 6, 11: -0.4058064591001076
calculated iMatrix for 4, 1, 6, 12: -0.3750348004333539
calculated iMatrix for 4, 1, 6, 13: 0.05529572931345261
calculated iMatrix for 4, 1, 6, 14: -0.05825419715737712
calculated iMatrix for 4, 1, 6, 15: -0.1985362569421879
calculated iMatrix for 4, 1, 6, 16: 0.030328272064294004
calculated iMatrix for 4, 1, 6, 17: 0.9427196219468166
calculated iMatrix for 4, 1, 6, 18: 0.3479653432762726
calculated iMatrix for 4, 1, 6, 19: 0.5145742580255726
calculated iMatrix for 4, 1, 7, 0: -0.27503622791691296
calculated iMatrix for 4, 1, 7, 1: 0.04048064352831193
calculated iMatrix for 4, 1, 7, 2: -0.5557245918394029
calculated iMatrix for 4, 1, 7, 3: -0.2154527306088887
calculated iMatrix for 4, 1, 7, 4: 0.12503803155637483
calculated iMatrix for 4, 1, 7, 5: -0.13587074627913898
calculated iMatrix for 4, 1, 7, 6: -0.08212167856402053
calculated iMatrix for 4, 1, 7, 7: 0.57269745727562
calculated iMatrix for 4, 1, 7, 8: -0.2880234234437242
calculated iMatrix for 4, 1, 7, 9: 0.08700065916320476
calculated iMatrix for 4, 1, 7, 10: 0.10947351501526337
calculated iMatrix for 4, 1, 7, 11: -0.5797597662235456
calculated iMatrix for 4, 1, 7, 12: -0.5320385492430186
calculated iMatrix for 4, 1, 7, 13: 0.08927080769774398
calculated iMatrix for 4, 1, 7, 14: -0.10193969651345669
calculated iMatrix for 4, 1, 7, 15: 0.10110526534474673
calculated iMatrix for 4, 1, 7, 16: 0.5699984003064552
calculated iMatrix for 4, 1, 7, 17: 0.7981663452258284
calculated iMatrix for 4, 1, 7, 18: -0.2696742847755276
calculated iMatrix for 4, 1, 7, 19: -0.016677770311636753
calculated iMatrix for 4, 1, 8, 0: NaN
calculated iMatrix for 4, 1, 8, 1: NaN
calculated iMatrix for 4, 1, 8, 2: NaN
calculated iMatrix for 4, 1, 8, 3: NaN
calculated iMatrix for 4, 1, 8, 4: -3.8306023680334533E-4
calculated iMatrix for 4, 1, 8, 5: NaN
calculated iMatrix for 4, 1, 8, 6: NaN
calculated iMatrix for 4, 1, 8, 7: NaN
calculated iMatrix for 4, 1, 8, 8: NaN
calculated iMatrix for 4, 1, 8, 9: NaN
calculated iMatrix for 4, 1, 8, 10: NaN
calculated iMatrix for 4, 1, 8, 11: NaN
calculated iMatrix for 4, 1, 8, 12: NaN
calculated iMatrix for 4, 1, 8, 13: NaN
calculated iMatrix for 4, 1, 8, 14: NaN
calculated iMatrix for 4, 1, 8, 15: NaN
calculated iMatrix for 4, 1, 8, 16: NaN
calculated iMatrix for 4, 1, 8, 17: NaN
calculated iMatrix for 4, 1, 8, 18: NaN
calculated iMatrix for 4, 1, 8, 19: NaN
calculated iMatrix for 4, 1, 9, 0: -0.28742623023397784
calculated iMatrix for 4, 1, 9, 1: 0.37695288014952477
calculated iMatrix for 4, 1, 9, 2: -0.11132536933969228
calculated iMatrix for 4, 1, 9, 3: -0.27797308759022266
calculated iMatrix for 4, 1, 9, 4: 0.27281262089692787
calculated iMatrix for 4, 1, 9, 5: -0.2853970266615049
calculated iMatrix for 4, 1, 9, 6: 0.7336278240882572
calculated iMatrix for 4, 1, 9, 7: 0.5194798356826253
calculated iMatrix for 4, 1, 9, 8: -0.05482953627601295
calculated iMatrix for 4, 1, 9, 9: -0.06350906999573569
calculated iMatrix for 4, 1, 9, 10: -0.6316131278338011
calculated iMatrix for 4, 1, 9, 11: -0.08651904723299553
calculated iMatrix for 4, 1, 9, 12: -1.2289493774522677
calculated iMatrix for 4, 1, 9, 13: -0.3012686501937447
calculated iMatrix for 4, 1, 9, 14: -0.21083378475259418
calculated iMatrix for 4, 1, 9, 15: 0.07438219520399336
calculated iMatrix for 4, 1, 9, 16: 0.4275966129682797
calculated iMatrix for 4, 1, 9, 17: 0.7775909475093734
calculated iMatrix for 4, 1, 9, 18: 0.4459457516364763
calculated iMatrix for 4, 1, 9, 19: -0.07730239212807155
calculated iMatrix for 4, 1, 10, 0: -0.3592207598631023
calculated iMatrix for 4, 1, 10, 1: 0.6764694102483085
calculated iMatrix for 4, 1, 10, 2: -0.47418375654484435
calculated iMatrix for 4, 1, 10, 3: -0.5849483629766825
calculated iMatrix for 4, 1, 10, 4: 0.3604235781983143
calculated iMatrix for 4, 1, 10, 5: 0.11458861568203371
calculated iMatrix for 4, 1, 10, 6: -0.24093181590987356
calculated iMatrix for 4, 1, 10, 7: 0.8549886810925248
calculated iMatrix for 4, 1, 10, 8: -0.6867995434010918
calculated iMatrix for 4, 1, 10, 9: 0.5319904779950111
calculated iMatrix for 4, 1, 10, 10: -0.013586577741963923
calculated iMatrix for 4, 1, 10, 11: -0.07245976765228346
calculated iMatrix for 4, 1, 10, 12: 0.0034393718479628355
calculated iMatrix for 4, 1, 10, 13: -0.8130091871068128
calculated iMatrix for 4, 1, 10, 14: -0.42214287841980114
calculated iMatrix for 4, 1, 10, 15: 0.08700065916320476
calculated iMatrix for 4, 1, 10, 16: -0.06403205520717492
calculated iMatrix for 4, 1, 10, 17: 0.8145968866219243
calculated iMatrix for 4, 1, 10, 18: 0.8562301461805895
calculated iMatrix for 4, 1, 10, 19: 0.1618415005325794
calculated iMatrix for 4, 1, 11, 0: -0.24093181590987356
calculated iMatrix for 4, 1, 11, 1: 0.21037968032370935
calculated iMatrix for 4, 1, 11, 2: 0.13241813885399756
calculated iMatrix for 4, 1, 11, 3: -0.046530733461317864
calculated iMatrix for 4, 1, 11, 4: -0.05482953627601295
calculated iMatrix for 4, 1, 11, 5: 0.20299957302608684
calculated iMatrix for 4, 1, 11, 6: -0.01778826459566385
calculated iMatrix for 4, 1, 11, 7: -0.044076744499751075
calculated iMatrix for 4, 1, 11, 8: -0.18266290778589778
calculated iMatrix for 4, 1, 11, 9: -0.5342183866184393
calculated iMatrix for 4, 1, 11, 10: -0.7618658289966254
calculated iMatrix for 4, 1, 11, 11: 0.41517409296972263
calculated iMatrix for 4, 1, 11, 12: 0.36206426765577426
calculated iMatrix for 4, 1, 11, 13: 0.009708984861558245
calculated iMatrix for 4, 1, 11, 14: -0.07730239212807155
calculated iMatrix for 4, 1, 11, 15: 0.16652136442367693
calculated iMatrix for 4, 1, 11, 16: -0.036811030773334585
calculated iMatrix for 4, 1, 11, 17: 0.18541466825064612
calculated iMatrix for 4, 1, 11, 18: -0.061302050781630424
calculated iMatrix for 4, 1, 11, 19: -0.1617562229665841
calculated iMatrix for 4, 1, 12, 0: -0.18266290778589778
calculated iMatrix for 4, 1, 12, 1: -0.24720142892346897
calculated iMatrix for 4, 1, 12, 2: 9.498047716767211E-4
calculated iMatrix for 4, 1, 12, 3: -0.06306003541252847
calculated iMatrix for 4, 1, 12, 4: -0.04913151516137526
calculated iMatrix for 4, 1, 12, 5: 0.6202991387812541
calculated iMatrix for 4, 1, 12, 6: 0.3479653432762726
calculated iMatrix for 4, 1, 12, 7: -0.556522676478731
calculated iMatrix for 4, 1, 12, 8: -0.23935825146244316
calculated iMatrix for 4, 1, 12, 9: -0.9005027009362145
calculated iMatrix for 4, 1, 12, 10: -0.4501422729201594
calculated iMatrix for 4, 1, 12, 11: 0.47579871478615743
calculated iMatrix for 4, 1, 12, 12: 0.10501916466588301
calculated iMatrix for 4, 1, 12, 13: -0.0014835555707203296
calculated iMatrix for 4, 1, 12, 14: 0.12336830333407955
calculated iMatrix for 4, 1, 12, 15: 0.34123479754744557
calculated iMatrix for 4, 1, 12, 16: 0.2097727000319326
calculated iMatrix for 4, 1, 12, 17: -0.23395620217344837
calculated iMatrix for 4, 1, 12, 18: 0.04048064352831193
calculated iMatrix for 4, 1, 12, 19: -0.013586577741963923
calculated iMatrix for 4, 1, 13, 0: -0.45820259341195335
calculated iMatrix for 4, 1, 13, 1: 0.542572587325548
calculated iMatrix for 4, 1, 13, 2: 0.11222454838715323
calculated iMatrix for 4, 1, 13, 3: -0.060324055593653725
calculated iMatrix for 4, 1, 13, 4: -0.018359856494621574
calculated iMatrix for 4, 1, 13, 5: 0.6022918220271702
calculated iMatrix for 4, 1, 13, 6: 0.11458861568203371
calculated iMatrix for 4, 1, 13, 7: -0.23493133633165464
calculated iMatrix for 4, 1, 13, 8: -0.2658935619356215
calculated iMatrix for 4, 1, 13, 9: -0.22320900218024775
calculated iMatrix for 4, 1, 13, 10: -0.3903022725641423
calculated iMatrix for 4, 1, 13, 11: 0.08130263804856708
calculated iMatrix for 4, 1, 13, 12: -0.02717800494550293
calculated iMatrix for 4, 1, 13, 13: -0.23910421869084963
calculated iMatrix for 4, 1, 13, 14: -0.3534236421787764
calculated iMatrix for 4, 1, 13, 15: 0.3489534856491666
calculated iMatrix for 4, 1, 13, 16: 0.14252989788248227
calculated iMatrix for 4, 1, 13, 17: 0.005994467457142605
calculated iMatrix for 4, 1, 13, 18: 0.0722293418428922
calculated iMatrix for 4, 1, 13, 19: 0.06787961771642625
calculated iMatrix for 4, 1, 14, 0: -0.1856435359240356
calculated iMatrix for 4, 1, 14, 1: 0.3281627159800928
calculated iMatrix for 4, 1, 14, 2: 0.24911950863963994
calculated iMatrix for 4, 1, 14, 3: -0.16967571225908673
calculated iMatrix for 4, 1, 14, 4: -0.43644342856199736
calculated iMatrix for 4, 1, 14, 5: 0.5905269804475839
calculated iMatrix for 4, 1, 14, 6: -0.21375349485592898
calculated iMatrix for 4, 1, 14, 7: 0.006191570049679851
calculated iMatrix for 4, 1, 14, 8: -0.35278919148603416
calculated iMatrix for 4, 1, 14, 9: -0.28947691207170734
calculated iMatrix for 4, 1, 14, 10: -0.44502717225338895
calculated iMatrix for 4, 1, 14, 11: 0.21982157218412868
calculated iMatrix for 4, 1, 14, 12: 0.1932433980807221
calculated iMatrix for 4, 1, 14, 13: -0.36498446457985256
calculated iMatrix for 4, 1, 14, 14: -0.19261323863906588
calculated iMatrix for 4, 1, 14, 15: 0.30558839394155385
calculated iMatrix for 4, 1, 14, 16: 0.29062479666102764
calculated iMatrix for 4, 1, 14, 17: -0.26130603510501094
calculated iMatrix for 4, 1, 14, 18: 0.5711088945904823
calculated iMatrix for 4, 1, 14, 19: -0.10470136631618598
calculated iMatrix for 4, 1, 15, 0: -0.20274966635263525
calculated iMatrix for 4, 1, 15, 1: -0.4793948157575967
calculated iMatrix for 4, 1, 15, 2: 0.13183042211653972
calculated iMatrix for 4, 1, 15, 3: -0.3807328215479917
calculated iMatrix for 4, 1, 15, 4: -0.041436478939574806
calculated iMatrix for 4, 1, 15, 5: 0.3616854080187365
calculated iMatrix for 4, 1, 15, 6: 0.04048064352831193
calculated iMatrix for 4, 1, 15, 7: -0.5106962757612461
calculated iMatrix for 4, 1, 15, 8: -0.0648798721295144
calculated iMatrix for 4, 1, 15, 9: -0.24720142892346897
calculated iMatrix for 4, 1, 15, 10: -0.23982132162584646
calculated iMatrix for 4, 1, 15, 11: 0.24661284901598501
calculated iMatrix for 4, 1, 15, 12: 0.17895031779341708
calculated iMatrix for 4, 1, 15, 13: 0.02544276616377139
calculated iMatrix for 4, 1, 15, 14: -0.16138550933861284
calculated iMatrix for 4, 1, 15, 15: 0.30674862147627635
calculated iMatrix for 4, 1, 15, 16: 0.3670025492963567
calculated iMatrix for 4, 1, 15, 17: 0.16308296562064417
calculated iMatrix for 4, 1, 15, 18: 0.002740315545464833
calculated iMatrix for 4, 1, 15, 19: -0.3787777867121884
calculated iMatrix for 4, 1, 16, 0: -0.12657344113485425
calculated iMatrix for 4, 1, 16, 1: -0.48276750023623594
calculated iMatrix for 4, 1, 16, 2: 0.03218184071361685
calculated iMatrix for 4, 1, 16, 3: -0.14811052627923815
calculated iMatrix for 4, 1, 16, 4: -0.40993585244211883
calculated iMatrix for 4, 1, 16, 5: 0.26514974815135883
calculated iMatrix for 4, 1, 16, 6: -0.05482953627601295
calculated iMatrix for 4, 1, 16, 7: 0.031591696111065826
calculated iMatrix for 4, 1, 16, 8: 0.11109821074226534
calculated iMatrix for 4, 1, 16, 9: -0.37534725161539906
calculated iMatrix for 4, 1, 16, 10: -0.2261480197256367
calculated iMatrix for 4, 1, 16, 11: 0.010921841286767542
calculated iMatrix for 4, 1, 16, 12: 0.029898534197774884
calculated iMatrix for 4, 1, 16, 13: -0.0014835555707203296
calculated iMatrix for 4, 1, 16, 14: -0.06952025168601661
calculated iMatrix for 4, 1, 16, 15: 0.34857158761129997
calculated iMatrix for 4, 1, 16, 16: 0.23518625952198807
calculated iMatrix for 4, 1, 16, 17: 0.10163506668164257
calculated iMatrix for 4, 1, 16, 18: 0.13892071634156444
calculated iMatrix for 4, 1, 16, 19: 0.11109821074226534
calculated iMatrix for 4, 2, 0, 0: 0.04950234719745916
calculated iMatrix for 4, 2, 0, 1: -0.05177087949511194
calculated iMatrix for 4, 2, 0, 2: 0.1713726718190977
calculated iMatrix for 4, 2, 0, 3: 0.2535432913961703
calculated iMatrix for 4, 2, 0, 4: 0.014411027386189268
calculated iMatrix for 4, 2, 0, 5: 0.10669946147666265
calculated iMatrix for 4, 2, 0, 6: -0.1546653026577448
calculated iMatrix for 4, 2, 0, 7: 0.1330167697940361
calculated iMatrix for 4, 2, 0, 8: -0.17626932652301996
calculated iMatrix for 4, 2, 0, 9: -0.14704137754708557
calculated iMatrix for 4, 2, 0, 10: 0.15548962564609464
calculated iMatrix for 4, 2, 0, 11: -0.2499754824620697
calculated iMatrix for 4, 2, 0, 12: -0.03437913678324289
calculated iMatrix for 4, 2, 0, 13: -0.35078018158403534
calculated iMatrix for 4, 2, 0, 14: -0.07242720442077266
calculated iMatrix for 4, 2, 0, 15: -0.039862895139499144
calculated iMatrix for 4, 2, 0, 16: 0.16660771423007154
calculated iMatrix for 4, 2, 0, 17: -0.03010258001598265
calculated iMatrix for 4, 2, 0, 18: 0.14485122744103895
calculated iMatrix for 4, 2, 0, 19: -0.1301241937416272
calculated iMatrix for 4, 2, 1, 0: 0.08186532943892422
calculated iMatrix for 4, 2, 1, 1: 0.1766918332966977
calculated iMatrix for 4, 2, 1, 2: -0.0334866780002232
calculated iMatrix for 4, 2, 1, 3: -0.1579930927504195
calculated iMatrix for 4, 2, 1, 4: 0.117268412825897
calculated iMatrix for 4, 2, 1, 5: -0.10472062614148792
calculated iMatrix for 4, 2, 1, 6: -0.24819136066856828
calculated iMatrix for 4, 2, 1, 7: 0.14794242001071173
calculated iMatrix for 4, 2, 1, 8: -0.2534658874018382
calculated iMatrix for 4, 2, 1, 9: 0.3549789860624147
calculated iMatrix for 4, 2, 1, 10: 0.37695109077731953
calculated iMatrix for 4, 2, 1, 11: 0.21853894323219814
calculated iMatrix for 4, 2, 1, 12: -0.3187663133381712
calculated iMatrix for 4, 2, 1, 13: -0.34803669563828443
calculated iMatrix for 4, 2, 1, 14: 0.1540004220946269
calculated iMatrix for 4, 2, 1, 15: -0.030864194675798484
calculated iMatrix for 4, 2, 1, 16: -0.10957795202434772
calculated iMatrix for 4, 2, 1, 17: 0.09664912562316119
calculated iMatrix for 4, 2, 1, 18: -0.20345546682717686
calculated iMatrix for 4, 2, 1, 19: -0.1412422823256042
calculated iMatrix for 4, 2, 2, 0: 0.1777450192813564
calculated iMatrix for 4, 2, 2, 1: 0.5021142337313256
calculated iMatrix for 4, 2, 2, 2: 0.021299688381374304
calculated iMatrix for 4, 2, 2, 3: 0.2794413814138036
calculated iMatrix for 4, 2, 2, 4: -0.07242720442077266
calculated iMatrix for 4, 2, 2, 5: -0.10496563410547233
calculated iMatrix for 4, 2, 2, 6: -0.10920292858098757
calculated iMatrix for 4, 2, 2, 7: 0.07684649832698154
calculated iMatrix for 4, 2, 2, 8: -0.017849834832032285
calculated iMatrix for 4, 2, 2, 9: 0.013700042642410315
calculated iMatrix for 4, 2, 2, 10: -0.011564459017071593
calculated iMatrix for 4, 2, 2, 11: -0.1626334723069217
calculated iMatrix for 4, 2, 2, 12: 0.004841576370038458
calculated iMatrix for 4, 2, 2, 13: 0.33048796605411895
calculated iMatrix for 4, 2, 2, 14: 0.3011005439252185
calculated iMatrix for 4, 2, 2, 15: -0.23496873253325357
calculated iMatrix for 4, 2, 2, 16: -0.06886531285441222
calculated iMatrix for 4, 2, 2, 17: -0.23520416514175713
calculated iMatrix for 4, 2, 2, 18: -0.3539364177654728
calculated iMatrix for 4, 2, 2, 19: -0.3369868594516995
calculated iMatrix for 4, 2, 3, 0: 0.017275538081649056
calculated iMatrix for 4, 2, 3, 1: -0.6452882191062161
calculated iMatrix for 4, 2, 3, 2: 0.20623797739050864
calculated iMatrix for 4, 2, 3, 3: 0.39838295153059256
calculated iMatrix for 4, 2, 3, 4: -0.3088159824850031
calculated iMatrix for 4, 2, 3, 5: -0.3888586901585396
calculated iMatrix for 4, 2, 3, 6: -0.036882267001361324
calculated iMatrix for 4, 2, 3, 7: 0.6240040513403624
calculated iMatrix for 4, 2, 3, 8: -0.0539237328562131
calculated iMatrix for 4, 2, 3, 9: -0.12823204558958934
calculated iMatrix for 4, 2, 3, 10: -0.03915241553590054
calculated iMatrix for 4, 2, 3, 11: -0.04930478699991858
calculated iMatrix for 4, 2, 3, 12: -0.5085292819908269
calculated iMatrix for 4, 2, 3, 13: 0.30898176083315537
calculated iMatrix for 4, 2, 3, 14: 0.02432846404353506
calculated iMatrix for 4, 2, 3, 15: 0.183660502612791
calculated iMatrix for 4, 2, 3, 16: -1.502577326314425E-4
calculated iMatrix for 4, 2, 3, 17: 0.0301593843543283
calculated iMatrix for 4, 2, 3, 18: -0.341605805307994
calculated iMatrix for 4, 2, 3, 19: -0.03437913678324289
calculated iMatrix for 4, 2, 4, 0: 0.29669696214272173
calculated iMatrix for 4, 2, 4, 1: 0.24456925569978344
calculated iMatrix for 4, 2, 4, 2: 0.04184088912816608
calculated iMatrix for 4, 2, 4, 3: 0.04148274431445331
calculated iMatrix for 4, 2, 4, 4: 0.30326337498616046
calculated iMatrix for 4, 2, 4, 5: -0.4001657610732312
calculated iMatrix for 4, 2, 4, 6: 0.0013389458188363124
calculated iMatrix for 4, 2, 4, 7: 0.19637582356273148
calculated iMatrix for 4, 2, 4, 8: -0.5711802469524943
calculated iMatrix for 4, 2, 4, 9: 0.34209843445166915
calculated iMatrix for 4, 2, 4, 10: 0.2820523489545239
calculated iMatrix for 4, 2, 4, 11: -0.26642042351731754
calculated iMatrix for 4, 2, 4, 12: -0.5319595337992129
calculated iMatrix for 4, 2, 4, 13: 0.1692198184579966
calculated iMatrix for 4, 2, 4, 14: -0.01505486395683997
calculated iMatrix for 4, 2, 4, 15: 0.0456635708902936
calculated iMatrix for 4, 2, 4, 16: 0.1974538247451269
calculated iMatrix for 4, 2, 4, 17: -0.16571513884432976
calculated iMatrix for 4, 2, 4, 18: 0.35616032110824586
calculated iMatrix for 4, 2, 4, 19: -0.3088159824850031
calculated iMatrix for 4, 2, 5, 0: 0.2769109494541053
calculated iMatrix for 4, 2, 5, 1: -0.39105408072197534
calculated iMatrix for 4, 2, 5, 2: -0.10957795202434772
calculated iMatrix for 4, 2, 5, 3: 0.19279298617606355
calculated iMatrix for 4, 2, 5, 4: -0.01942304562959274
calculated iMatrix for 4, 2, 5, 5: -0.5313439597569982
calculated iMatrix for 4, 2, 5, 6: 0.10437117171707144
calculated iMatrix for 4, 2, 5, 7: 0.3651612819672219
calculated iMatrix for 4, 2, 5, 8: 0.045167169788017936
calculated iMatrix for 4, 2, 5, 9: 0.3009495891358911
calculated iMatrix for 4, 2, 5, 10: 0.5723834295778818
calculated iMatrix for 4, 2, 5, 11: -0.6409498175076178
calculated iMatrix for 4, 2, 5, 12: -0.17461991718728953
calculated iMatrix for 4, 2, 5, 13: 0.025553203939431057
calculated iMatrix for 4, 2, 5, 14: 0.10669946147666265
calculated iMatrix for 4, 2, 5, 15: -0.16571513884432976
calculated iMatrix for 4, 2, 5, 16: -0.3200731370096377
calculated iMatrix for 4, 2, 5, 17: -0.005042696770684141
calculated iMatrix for 4, 2, 5, 18: 0.4643739057484786
calculated iMatrix for 4, 2, 5, 19: 0.4562437796652284
calculated iMatrix for 4, 2, 6, 0: 0.4557901620570871
calculated iMatrix for 4, 2, 6, 1: -0.6803795389174863
calculated iMatrix for 4, 2, 6, 2: 0.3843311980749422
calculated iMatrix for 4, 2, 6, 3: 0.7422939721981032
calculated iMatrix for 4, 2, 6, 4: -0.41417649814282953
calculated iMatrix for 4, 2, 6, 5: -0.3673843366360706
calculated iMatrix for 4, 2, 6, 6: -0.506885896247097
calculated iMatrix for 4, 2, 6, 7: -0.3445340650870824
calculated iMatrix for 4, 2, 6, 8: 0.271002512767939
calculated iMatrix for 4, 2, 6, 9: -0.19602048833965868
calculated iMatrix for 4, 2, 6, 10: -0.3733545036225743
calculated iMatrix for 4, 2, 6, 11: -0.18981269042339033
calculated iMatrix for 4, 2, 6, 12: 0.06847824865646501
calculated iMatrix for 4, 2, 6, 13: 0.016606417949624808
calculated iMatrix for 4, 2, 6, 14: 0.29917338973463536
calculated iMatrix for 4, 2, 6, 15: 0.014411027386189268
calculated iMatrix for 4, 2, 6, 16: -0.2205917490701642
calculated iMatrix for 4, 2, 6, 17: -0.7275263173431883
calculated iMatrix for 4, 2, 6, 18: 0.12196693360745114
calculated iMatrix for 4, 2, 6, 19: -0.1968980662810178
calculated iMatrix for 4, 2, 7, 0: 0.45198984654875696
calculated iMatrix for 4, 2, 7, 1: -0.34803669563828443
calculated iMatrix for 4, 2, 7, 2: 0.3906670165240279
calculated iMatrix for 4, 2, 7, 3: 0.6074747493891519
calculated iMatrix for 4, 2, 7, 4: 0.08138165349237281
calculated iMatrix for 4, 2, 7, 5: -0.7116108620372885
calculated iMatrix for 4, 2, 7, 6: -0.20827475326312583
calculated iMatrix for 4, 2, 7, 7: -0.20873252392802066
calculated iMatrix for 4, 2, 7, 8: 0.15273859227420472
calculated iMatrix for 4, 2, 7, 9: 0.1408552181276569
calculated iMatrix for 4, 2, 7, 10: 0.2789706824171158
calculated iMatrix for 4, 2, 7, 11: -0.09562276202396147
calculated iMatrix for 4, 2, 7, 12: -0.5821093174846843
calculated iMatrix for 4, 2, 7, 13: -0.22425859445694007
calculated iMatrix for 4, 2, 7, 14: 0.1294389484461521
calculated iMatrix for 4, 2, 7, 15: -0.09333530391636258
calculated iMatrix for 4, 2, 7, 16: -0.41109483160542126
calculated iMatrix for 4, 2, 7, 17: -0.2420185015614874
calculated iMatrix for 4, 2, 7, 18: 0.5586845852197199
calculated iMatrix for 4, 2, 7, 19: 0.2645299982623216
calculated iMatrix for 4, 2, 8, 0: NaN
calculated iMatrix for 4, 2, 8, 1: NaN
calculated iMatrix for 4, 2, 8, 2: NaN
calculated iMatrix for 4, 2, 8, 3: NaN
calculated iMatrix for 4, 2, 8, 4: 3.8063237702479213E-4
calculated iMatrix for 4, 2, 8, 5: NaN
calculated iMatrix for 4, 2, 8, 6: NaN
calculated iMatrix for 4, 2, 8, 7: NaN
calculated iMatrix for 4, 2, 8, 8: NaN
calculated iMatrix for 4, 2, 8, 9: NaN
calculated iMatrix for 4, 2, 8, 10: NaN
calculated iMatrix for 4, 2, 8, 11: NaN
calculated iMatrix for 4, 2, 8, 12: NaN
calculated iMatrix for 4, 2, 8, 13: NaN
calculated iMatrix for 4, 2, 8, 14: NaN
calculated iMatrix for 4, 2, 8, 15: NaN
calculated iMatrix for 4, 2, 8, 16: NaN
calculated iMatrix for 4, 2, 8, 17: NaN
calculated iMatrix for 4, 2, 8, 18: NaN
calculated iMatrix for 4, 2, 8, 19: NaN
calculated iMatrix for 4, 2, 9, 0: 0.5204633723995221
calculated iMatrix for 4, 2, 9, 1: -0.1301241937416272
calculated iMatrix for 4, 2, 9, 2: -0.12285143441254742
calculated iMatrix for 4, 2, 9, 3: 0.6074747493891519
calculated iMatrix for 4, 2, 9, 4: 0.3417715836561463
calculated iMatrix for 4, 2, 9, 5: -0.30273693640862087
calculated iMatrix for 4, 2, 9, 6: -0.8478124832176901
calculated iMatrix for 4, 2, 9, 7: 0.06093104302108199
calculated iMatrix for 4, 2, 9, 8: 0.04785896145372914
calculated iMatrix for 4, 2, 9, 9: 0.49672338509644914
calculated iMatrix for 4, 2, 9, 10: 0.6413763010648333
calculated iMatrix for 4, 2, 9, 11: -0.15333107964460824
calculated iMatrix for 4, 2, 9, 12: -1.8388170642710686
calculated iMatrix for 4, 2, 9, 13: 0.27433030286061366
calculated iMatrix for 4, 2, 9, 14: 0.16856170721344743
calculated iMatrix for 4, 2, 9, 15: -0.4670399876998972
calculated iMatrix for 4, 2, 9, 16: -0.45653201010148226
calculated iMatrix for 4, 2, 9, 17: -0.3633041677690729
calculated iMatrix for 4, 2, 9, 18: 0.319792676937371
calculated iMatrix for 4, 2, 9, 19: 0.3756731353318276
calculated iMatrix for 4, 2, 10, 0: 0.4774216211409541
calculated iMatrix for 4, 2, 10, 1: -1.184284719838903
calculated iMatrix for 4, 2, 10, 2: 0.08246449063120476
calculated iMatrix for 4, 2, 10, 3: 0.5974244135356505
calculated iMatrix for 4, 2, 10, 4: -0.2817873100970839
calculated iMatrix for 4, 2, 10, 5: -0.49113753927895787
calculated iMatrix for 4, 2, 10, 6: 0.015423685700575396
calculated iMatrix for 4, 2, 10, 7: -0.5319595337992129
calculated iMatrix for 4, 2, 10, 8: 0.8574164938580857
calculated iMatrix for 4, 2, 10, 9: -0.2788636602016519
calculated iMatrix for 4, 2, 10, 10: 0.319792676937371
calculated iMatrix for 4, 2, 10, 11: 0.10022694697104528
calculated iMatrix for 4, 2, 10, 12: -1.4788872351352578
calculated iMatrix for 4, 2, 10, 13: 0.8374911799911237
calculated iMatrix for 4, 2, 10, 14: 0.6920321374172149
calculated iMatrix for 4, 2, 10, 15: -0.22992204001534022
calculated iMatrix for 4, 2, 10, 16: -0.3422142628868511
calculated iMatrix for 4, 2, 10, 17: -0.6602138693228916
calculated iMatrix for 4, 2, 10, 18: -0.7535018037464489
calculated iMatrix for 4, 2, 10, 19: -0.009299452386219431
calculated iMatrix for 4, 2, 11, 0: 0.285076239979601
calculated iMatrix for 4, 2, 11, 1: -0.2287732748114667
calculated iMatrix for 4, 2, 11, 2: -0.12177743581290967
calculated iMatrix for 4, 2, 11, 3: -0.17268380816042317
calculated iMatrix for 4, 2, 11, 4: 0.09664912562316119
calculated iMatrix for 4, 2, 11, 5: -0.49113753927895787
calculated iMatrix for 4, 2, 11, 6: 0.027656254136209868
calculated iMatrix for 4, 2, 11, 7: 0.2582904771795771
calculated iMatrix for 4, 2, 11, 8: 0.019688084487032964
calculated iMatrix for 4, 2, 11, 9: 0.8897072170733681
calculated iMatrix for 4, 2, 11, 10: 0.5229173613610889
calculated iMatrix for 4, 2, 11, 11: -0.22040502514095006
calculated iMatrix for 4, 2, 11, 12: -1.0773126002867353
calculated iMatrix for 4, 2, 11, 13: 0.019688084487032964
calculated iMatrix for 4, 2, 11, 14: 0.1048458928273398
calculated iMatrix for 4, 2, 11, 15: -0.23982311099805176
calculated iMatrix for 4, 2, 11, 16: -0.18921311011163378
calculated iMatrix for 4, 2, 11, 17: -0.06828068845892421
calculated iMatrix for 4, 2, 11, 18: 0.20200964128098747
calculated iMatrix for 4, 2, 11, 19: 0.3256235972481642
calculated iMatrix for 4, 2, 12, 0: 0.26487691934125623
calculated iMatrix for 4, 2, 12, 1: 0.30209309983797
calculated iMatrix for 4, 2, 12, 2: -0.5121909484767901
calculated iMatrix for 4, 2, 12, 3: -0.46866468342689926
calculated iMatrix for 4, 2, 12, 4: 0.08617782575586586
calculated iMatrix for 4, 2, 12, 5: -0.5369470753102521
calculated iMatrix for 4, 2, 12, 6: 0.12196693360745114
calculated iMatrix for 4, 2, 12, 7: 0.6218634868412516
calculated iMatrix for 4, 2, 12, 8: 0.20200964128098747
calculated iMatrix for 4, 2, 12, 9: 0.962167532123893
calculated iMatrix for 4, 2, 12, 10: 0.9225557960290474
calculated iMatrix for 4, 2, 12, 11: -0.32683448798768144
calculated iMatrix for 4, 2, 12, 12: -0.6734590960729123
calculated iMatrix for 4, 2, 12, 13: -0.12763663026982563
calculated iMatrix for 4, 2, 12, 14: -0.07369624012407783
calculated iMatrix for 4, 2, 12, 15: -0.5406175965423274
calculated iMatrix for 4, 2, 12, 16: -0.5572773417835029
calculated iMatrix for 4, 2, 12, 17: 0.3843311980749422
calculated iMatrix for 4, 2, 12, 18: 0.07684649832698154
calculated iMatrix for 4, 2, 12, 19: 0.019688084487032964
calculated iMatrix for 4, 2, 13, 0: 0.2585971159104513
calculated iMatrix for 4, 2, 13, 1: -1.184284719838903
calculated iMatrix for 4, 2, 13, 2: 0.07940731918865518
calculated iMatrix for 4, 2, 13, 3: 0.0865734736344197
calculated iMatrix for 4, 2, 13, 4: -0.2817873100970839
calculated iMatrix for 4, 2, 13, 5: -0.3846540588765076
calculated iMatrix for 4, 2, 13, 6: 0.13205105267407713
calculated iMatrix for 4, 2, 13, 7: -0.19861284235138876
calculated iMatrix for 4, 2, 13, 8: 0.597322377925134
calculated iMatrix for 4, 2, 13, 9: 0.2298444402744314
calculated iMatrix for 4, 2, 13, 10: -0.14283084501074206
calculated iMatrix for 4, 2, 13, 11: 0.16188964749156226
calculated iMatrix for 4, 2, 13, 12: -0.24285801469320578
calculated iMatrix for 4, 2, 13, 13: 0.589775172289751
calculated iMatrix for 4, 2, 13, 14: 0.3804172987538058
calculated iMatrix for 4, 2, 13, 15: -0.38714782575491025
calculated iMatrix for 4, 2, 13, 16: -0.17480021106680077
calculated iMatrix for 4, 2, 13, 17: -0.2809811834915591
calculated iMatrix for 4, 2, 13, 18: -0.15021095230836456
calculated iMatrix for 4, 2, 13, 19: -0.45476989510808297
calculated iMatrix for 4, 2, 14, 0: 0.11250449741295532
calculated iMatrix for 4, 2, 14, 1: -0.5821093174846843
calculated iMatrix for 4, 2, 14, 2: -0.026831931147859978
calculated iMatrix for 4, 2, 14, 3: 0.24062447740876708
calculated iMatrix for 4, 2, 14, 4: 0.36061467145762616
calculated iMatrix for 4, 2, 14, 5: -0.4209332806057091
calculated iMatrix for 4, 2, 14, 6: -0.06369352445201826
calculated iMatrix for 4, 2, 14, 7: -0.18981269042339033
calculated iMatrix for 4, 2, 14, 8: 0.15977687765771464
calculated iMatrix for 4, 2, 14, 9: 0.3169876260097624
calculated iMatrix for 4, 2, 14, 10: 0.08617782575586586
calculated iMatrix for 4, 2, 14, 11: -0.02756480036351261
calculated iMatrix for 4, 2, 14, 12: -0.1508117333417549
calculated iMatrix for 4, 2, 14, 13: 0.21543266161312818
calculated iMatrix for 4, 2, 14, 14: 0.2782929460306182
calculated iMatrix for 4, 2, 14, 15: -0.17626932652301996
calculated iMatrix for 4, 2, 14, 16: -0.3587129536296263
calculated iMatrix for 4, 2, 14, 17: -0.2078900638950425
calculated iMatrix for 4, 2, 14, 18: -0.38577702362113153
calculated iMatrix for 4, 2, 14, 19: -0.015713842563882974
calculated iMatrix for 4, 2, 15, 0: 0.33643991037052734
calculated iMatrix for 4, 2, 15, 1: 0.1846178985691183
calculated iMatrix for 4, 2, 15, 2: -0.5675105180635318
calculated iMatrix for 4, 2, 15, 3: 0.027000731333319372
calculated iMatrix for 4, 2, 15, 4: -0.06268291294609463
calculated iMatrix for 4, 2, 15, 5: -0.23768863846941912
calculated iMatrix for 4, 2, 15, 6: 0.13747112014341634
calculated iMatrix for 4, 2, 15, 7: 0.20748910704561302
calculated iMatrix for 4, 2, 15, 8: -0.05991993506837867
calculated iMatrix for 4, 2, 15, 9: 0.4569937984508561
calculated iMatrix for 4, 2, 15, 10: 0.2820523489545239
calculated iMatrix for 4, 2, 15, 11: -0.10814528702285198
calculated iMatrix for 4, 2, 15, 12: -0.20118531829263775
calculated iMatrix for 4, 2, 15, 13: -0.19264455072296127
calculated iMatrix for 4, 2, 15, 14: 0.2840745943352918
calculated iMatrix for 4, 2, 15, 15: -0.48431157420855797
calculated iMatrix for 4, 2, 15, 16: -0.3626592145058264
calculated iMatrix for 4, 2, 15, 17: -0.08567243117079337
calculated iMatrix for 4, 2, 15, 18: 0.20200964128098747
calculated iMatrix for 4, 2, 15, 19: 0.5455993456710644
calculated iMatrix for 4, 2, 16, 0: 0.06148521316549427
calculated iMatrix for 4, 2, 16, 1: 0.20200964128098747
calculated iMatrix for 4, 2, 16, 2: 0.14643979012617675
calculated iMatrix for 4, 2, 16, 3: 0.2615237688133951
calculated iMatrix for 4, 2, 16, 4: 0.30519387751621824
calculated iMatrix for 4, 2, 16, 5: 0.018227163847358008
calculated iMatrix for 4, 2, 16, 6: 0.22798512768424822
calculated iMatrix for 4, 2, 16, 7: -0.06797285407139253
calculated iMatrix for 4, 2, 16, 8: -0.10957795202434772
calculated iMatrix for 4, 2, 16, 9: 0.16634946088210328
calculated iMatrix for 4, 2, 16, 10: 0.20200964128098747
calculated iMatrix for 4, 2, 16, 11: -0.02740352304681759
calculated iMatrix for 4, 2, 16, 12: 0.11912198147521985
calculated iMatrix for 4, 2, 16, 13: -0.3023434679793856
calculated iMatrix for 4, 2, 16, 14: -0.06416622594982968
calculated iMatrix for 4, 2, 16, 15: -0.17919848918161685
calculated iMatrix for 4, 2, 16, 16: -0.28452328991595854
calculated iMatrix for 4, 2, 16, 17: -0.18440727185648242
calculated iMatrix for 4, 2, 16, 18: -0.520990502428639
calculated iMatrix for 4, 2, 16, 19: -0.2702437076987635
calculated fs for 0: [J@4b32ace3
calculated fs for 0: [J@4b32ace3
calculated fs for 0: [J@4b32ace3
calculated fs for 0: [J@4b32ace3
calculated fs for 0: [J@4b32ace3
calculated fs for 0: [J@4b32ace3
calculated fs for 0: [J@4b32ace3
calculated fs for 0: [J@4b32ace3
calculated fs for 0: [J@4b32ace3
calculated fs for 0: [J@4b32ace3
calculated fs for 0: [J@4b32ace3
calculated fs for 0: [J@4b32ace3
calculated fs for 0: [J@4b32ace3
calculated fs for 0: [J@4b32ace3
calculated fs for 0: [J@4b32ace3
calculated fs for 0: [J@4b32ace3
calculated fs for 0: [J@4b32ace3
calculated fs for 0: [J@4b32ace3
calculated fs for 0: [J@4b32ace3
calculated fs for 0: [J@4b32ace3
calculated fs for 0: [J@4b32ace3
calculated fs for 0: [J@4b32ace3
calculated fs for 0: [J@4b32ace3
calculated fs for 0: [J@4b32ace3
calculated fs for 0: [J@4b32ace3
calculated fs for 0: [J@4b32ace3
calculated fs for 0: [J@4b32ace3
calculated fs for 0: [J@4b32ace3
calculated fs for 0: [J@4b32ace3
calculated fs for 0: [J@4b32ace3
calculated fs for 0: [J@4b32ace3
calculated fs for 0: [J@4b32ace3
calculated fs for 0: [J@4b32ace3
calculated fs for 0: [J@4b32ace3
calculated fs for 0: [J@4b32ace3
calculated fs for 0: [J@4b32ace3
calculated fs for 0: [J@4b32ace3
calculated fs for 0: [J@4b32ace3
calculated fs for 0: [J@4b32ace3
calculated fs for 0: [J@4b32ace3
calculated fs for 0: [J@4b32ace3
calculated fs for 0: [J@4b32ace3
calculated fs for 0: [J@4b32ace3
calculated fs for 0: [J@4b32ace3
calculated fs for 0: [J@4b32ace3
calculated fs for 0: [J@4b32ace3
calculated fs for 0: [J@4b32ace3
calculated fs for 0: [J@4b32ace3
calculated fs for 0: [J@4b32ace3
calculated fs for 0: [J@4b32ace3
calculated fs for 0: [J@4b32ace3
calculated fs for 0: [J@4b32ace3
calculated fs for 0: [J@4b32ace3
calculated fs for 0: [J@4b32ace3
calculated fs for 0: [J@4b32ace3
calculated fs for 0: [J@4b32ace3
calculated fs for 0: [J@4b32ace3
calculated fs for 0: [J@4b32ace3
calculated fs for 0: [J@4b32ace3
calculated fs for 0: [J@4b32ace3
calculated fs for 0: [J@4b32ace3
calculated fs for 0: [J@4b32ace3
calculated fs for 0: [J@4b32ace3
calculated fs for 0: [J@4b32ace3
calculated fs for 0: [J@4b32ace3
calculated fs for 0: [J@4b32ace3
calculated fs for 0: [J@4b32ace3
calculated fs for 0: [J@4b32ace3
calculated fs for 0: [J@4b32ace3
calculated fs for 0: [J@4b32ace3
calculated fs for 0: [J@4b32ace3
calculated fs for 0: [J@4b32ace3
calculated fs for 0: [J@4b32ace3
calculated fs for 0: [J@4b32ace3
calculated fs for 0: [J@4b32ace3
calculated fs for 0: [J@4b32ace3
calculated fs for 0: [J@4b32ace3
calculated fs for 0: [J@4b32ace3
calculated fs for 0: [J@4b32ace3
calculated fs for 0: [J@4b32ace3
calculated fs for 0: [J@4b32ace3
calculated fs for 0: [J@4b32ace3
calculated fs for 0: [J@4b32ace3
calculated fs for 0: [J@4b32ace3
calculated fs for 0: [J@4b32ace3
calculated fs for 0: [J@4b32ace3
calculated fs for 0: [J@4b32ace3
calculated fs for 0: [J@4b32ace3
calculated fs for 0: [J@4b32ace3
calculated fs for 0: [J@4b32ace3
calculated fs for 0: [J@4b32ace3
calculated fs for 0: [J@4b32ace3
calculated fs for 0: [J@4b32ace3
calculated fs for 0: [J@4b32ace3
calculated fs for 0: [J@4b32ace3
calculated fs for 0: [J@4b32ace3
calculated fs for 0: [J@4b32ace3
calculated fs for 0: [J@4b32ace3
calculated fs for 0: [J@4b32ace3
calculated fs for 0: [J@4b32ace3
calculated fs for 0: [J@4b32ace3
calculated fs for 0: [J@4b32ace3
calculated fs for 0: [J@4b32ace3
calculated fs for 0: [J@4b32ace3
calculated fs for 0: [J@4b32ace3
calculated fs for 0: [J@4b32ace3
calculated fs for 0: [J@4b32ace3
calculated fs for 0: [J@4b32ace3
calculated fs for 0: [J@4b32ace3
calculated fs for 0: [J@4b32ace3
calculated fs for 0: [J@4b32ace3
calculated fs for 0: [J@4b32ace3
calculated fs for 0: [J@4b32ace3
calculated fs for 0: [J@4b32ace3
calculated fs for 0: [J@4b32ace3
calculated fs for 0: [J@4b32ace3
calculated fs for 0: [J@4b32ace3
calculated fs for 0: [J@4b32ace3
calculated fs for 0: [J@4b32ace3
calculated fs for 0: [J@4b32ace3
calculated fs for 0: [J@4b32ace3
calculated fs for 0: [J@4b32ace3
calculated fs for 0: [J@4b32ace3
calculated fs for 0: [J@4b32ace3
calculated fs for 0: [J@4b32ace3
calculated fs for 0: [J@4b32ace3
calculated fs for 0: [J@4b32ace3
calculated fs for 0: [J@4b32ace3
calculated fs for 0: [J@4b32ace3
calculated fs for 0: [J@4b32ace3
calculated fs for 0: [J@4b32ace3
calculated fs for 0: [J@4b32ace3
calculated fs for 0: [J@4b32ace3
calculated fs for 0: [J@4b32ace3
calculated fs for 0: [J@4b32ace3
calculated fs for 0: [J@4b32ace3
calculated fs for 0: [J@4b32ace3
calculated fs for 0: [J@4b32ace3
calculated fs for 0: [J@4b32ace3
calculated fs for 0: [J@4b32ace3
calculated fs for 0: [J@4b32ace3
calculated fs for 0: [J@4b32ace3
calculated fs for 0: [J@4b32ace3
calculated fs for 0: [J@4b32ace3
calculated fs for 0: [J@4b32ace3
calculated fs for 0: [J@4b32ace3
calculated fs for 0: [J@4b32ace3
calculated fs for 0: [J@4b32ace3
calculated fs for 0: [J@4b32ace3
calculated fs for 0: [J@4b32ace3
calculated fs for 0: [J@4b32ace3
calculated fs for 0: [J@4b32ace3
calculated fs for 0: [J@4b32ace3
calculated fs for 0: [J@4b32ace3
calculated fs for 0: [J@4b32ace3
calculated fs for 0: [J@4b32ace3
calculated fs for 0: [J@4b32ace3
calculated fs for 0: [J@4b32ace3
calculated fs for 0: [J@4b32ace3
calculated fs for 0: [J@4b32ace3
calculated fs for 0: [J@4b32ace3
calculated fs for 0: [J@4b32ace3
calculated fs for 0: [J@4b32ace3
calculated fs for 0: [J@4b32ace3
calculated fs for 0: [J@4b32ace3
calculated fs for 0: [J@4b32ace3
calculated fs for 0: [J@4b32ace3
calculated fs for 0: [J@4b32ace3
calculated fs for 0: [J@4b32ace3
calculated fs for 0: [J@4b32ace3
calculated fs for 0: [J@4b32ace3
calculated fs for 0: [J@4b32ace3
calculated fs for 0: [J@4b32ace3
calculated fs for 0: [J@4b32ace3
calculated fs for 0: [J@4b32ace3
calculated fs for 0: [J@4b32ace3
calculated fs for 0: [J@4b32ace3
calculated fs for 0: [J@4b32ace3
calculated fs for 0: [J@4b32ace3
calculated fs for 0: [J@4b32ace3
calculated fs for 0: [J@4b32ace3
calculated fs for 0: [J@4b32ace3
calculated fs for 0: [J@4b32ace3
calculated fs for 0: [J@4b32ace3
calculated fs for 0: [J@4b32ace3
calculated fs for 0: [J@4b32ace3
calculated fs for 0: [J@4b32ace3
calculated fs for 0: [J@4b32ace3
calculated fs for 0: [J@4b32ace3
calculated fs for 0: [J@4b32ace3
calculated fs for 0: [J@4b32ace3
calculated fs for 0: [J@4b32ace3
calculated fs for 0: [J@4b32ace3
calculated fs for 0: [J@4b32ace3
calculated fs for 0: [J@4b32ace3
calculated fs for 0: [J@4b32ace3
calculated fs for 0: [J@4b32ace3
calculated fs for 0: [J@4b32ace3
calculated fs for 0: [J@4b32ace3
calculated fs for 0: [J@4b32ace3
calculated fs for 0: [J@4b32ace3
calculated fs for 0: [J@4b32ace3
calculated fs for 0: [J@4b32ace3
calculated fs for 0: [J@4b32ace3
calculated fs for 0: [J@4b32ace3
calculated fs for 0: [J@4b32ace3
calculated fs for 0: [J@4b32ace3
calculated fs for 0: [J@4b32ace3
calculated fs for 0: [J@4b32ace3
calculated fs for 0: [J@4b32ace3
calculated fs for 0: [J@4b32ace3
calculated fs for 0: [J@4b32ace3
calculated fs for 0: [J@4b32ace3
calculated fs for 0: [J@4b32ace3
calculated fs for 0: [J@4b32ace3
calculated fs for 0: [J@4b32ace3
calculated fs for 0: [J@4b32ace3
calculated fs for 0: [J@4b32ace3
calculated fs for 0: [J@4b32ace3
calculated fs for 0: [J@4b32ace3
calculated fs for 0: [J@4b32ace3
calculated fs for 0: [J@4b32ace3
calculated fs for 0: [J@4b32ace3
calculated fs for 0: [J@4b32ace3
calculated fs for 0: [J@4b32ace3
calculated fs for 0: [J@4b32ace3
calculated fs for 0: [J@4b32ace3
calculated fs for 0: [J@4b32ace3
calculated fs for 0: [J@4b32ace3
calculated fs for 0: [J@4b32ace3
calculated fs for 0: [J@4b32ace3
calculated fs for 0: [J@4b32ace3
calculated fs for 0: [J@4b32ace3
calculated fs for 0: [J@4b32ace3
calculated fs for 0: [J@4b32ace3
calculated fs for 0: [J@4b32ace3
calculated fs for 0: [J@4b32ace3
calculated fs for 0: [J@4b32ace3
calculated fs for 0: [J@4b32ace3
calculated fs for 0: [J@4b32ace3
calculated fs for 0: [J@4b32ace3
calculated fs for 0: [J@4b32ace3
calculated fs for 0: [J@4b32ace3
calculated fs for 0: [J@4b32ace3
calculated fs for 0: [J@4b32ace3
calculated fs for 0: [J@4b32ace3
calculated fs for 0: [J@4b32ace3
calculated fs for 0: [J@4b32ace3
calculated fs for 0: [J@4b32ace3
calculated fs for 0: [J@4b32ace3
calculated fs for 0: [J@4b32ace3
calculated fs for 0: [J@4b32ace3
calculated fs for 0: [J@4b32ace3
calculated fs for 0: [J@4b32ace3
calculated fs for 0: [J@4b32ace3
calculated fs for 0: [J@4b32ace3
calculated fs for 0: [J@4b32ace3
calculated fs for 0: [J@4b32ace3
calculated fs for 0: [J@4b32ace3
calculated fs for 0: [J@4b32ace3
calculated fs for 0: [J@4b32ace3
calculated fs for 0: [J@4b32ace3
calculated fs for 0: [J@4b32ace3
calculated fs for 0: [J@4b32ace3
calculated fs for 0: [J@4b32ace3
calculated fs for 0: [J@4b32ace3
calculated fs for 0: [J@4b32ace3
calculated fs for 0: [J@4b32ace3
calculated fs for 0: [J@4b32ace3
calculated fs for 0: [J@4b32ace3
calculated fs for 0: [J@4b32ace3
calculated fs for 0: [J@4b32ace3
calculated fs for 0: [J@4b32ace3
calculated fs for 0: [J@4b32ace3
calculated fs for 0: [J@4b32ace3
calculated fs for 0: [J@4b32ace3
calculated fs for 0: [J@4b32ace3
calculated fs for 0: [J@4b32ace3
calculated fs for 0: [J@4b32ace3
calculated fs for 0: [J@4b32ace3
calculated fs for 0: [J@4b32ace3
calculated fs for 0: [J@4b32ace3
calculated fs for 0: [J@4b32ace3
calculated fs for 0: [J@4b32ace3
calculated fs for 0: [J@4b32ace3
calculated fs for 0: [J@4b32ace3
calculated fs for 0: [J@4b32ace3
calculated fs for 0: [J@4b32ace3
calculated fs for 0: [J@4b32ace3
calculated fs for 0: [J@4b32ace3
calculated fs for 0: [J@4b32ace3
calculated fs for 0: [J@4b32ace3
calculated fs for 0: [J@4b32ace3
calculated fs for 0: [J@4b32ace3
calculated fs for 0: [J@4b32ace3
calculated fs for 0: [J@4b32ace3
calculated fs for 0: [J@4b32ace3
calculated fs for 0: [J@4b32ace3
calculated fs for 0: [J@4b32ace3
calculated fs for 0: [J@4b32ace3
calculated fs for 0: [J@4b32ace3
calculated fs for 0: [J@4b32ace3
calculated fs for 0: [J@4b32ace3
calculated fs for 0: [J@4b32ace3
calculated fs for 0: [J@4b32ace3
calculated fs for 0: [J@4b32ace3
calculated fs for 0: [J@4b32ace3
calculated fs for 0: [J@4b32ace3
calculated fs for 0: [J@4b32ace3
calculated fs for 0: [J@4b32ace3
calculated fs for 0: [J@4b32ace3
calculated fs for 0: [J@4b32ace3
calculated fs for 0: [J@4b32ace3
calculated fs for 0: [J@4b32ace3
calculated fs for 0: [J@4b32ace3
calculated fs for 0: [J@4b32ace3
calculated fs for 0: [J@4b32ace3
calculated fs for 0: [J@4b32ace3
calculated fs for 0: [J@4b32ace3
calculated fs for 0: [J@4b32ace3
calculated fs for 0: [J@4b32ace3
calculated fs for 0: [J@4b32ace3
calculated fs for 0: [J@4b32ace3
calculated fs for 0: [J@4b32ace3
calculated fs for 0: [J@4b32ace3
calculated fs for 0: [J@4b32ace3
calculated fs for 0: [J@4b32ace3
calculated fs for 0: [J@4b32ace3
calculated fs for 0: [J@4b32ace3
calculated fs for 0: [J@4b32ace3
calculated fs for 0: [J@4b32ace3
calculated fs for 0: [J@4b32ace3
calculated fs for 0: [J@4b32ace3
calculated fs for 0: [J@4b32ace3
calculated fs for 0: [J@4b32ace3
calculated fs for 0: [J@4b32ace3
calculated fs for 0: [J@4b32ace3
calculated fs for 0: [J@4b32ace3
calculated fs for 0: [J@4b32ace3
calculated fs for 0: [J@4b32ace3
calculated fs for 1: [J@6bf491a6
calculated fs for 1: [J@6bf491a6
calculated fs for 1: [J@6bf491a6
calculated fs for 1: [J@6bf491a6
calculated fs for 1: [J@6bf491a6
calculated fs for 1: [J@6bf491a6
calculated fs for 1: [J@6bf491a6
calculated fs for 1: [J@6bf491a6
calculated fs for 1: [J@6bf491a6
calculated fs for 1: [J@6bf491a6
calculated fs for 1: [J@6bf491a6
calculated fs for 1: [J@6bf491a6
calculated fs for 1: [J@6bf491a6
calculated fs for 1: [J@6bf491a6
calculated fs for 1: [J@6bf491a6
calculated fs for 1: [J@6bf491a6
calculated fs for 1: [J@6bf491a6
calculated fs for 1: [J@6bf491a6
calculated fs for 1: [J@6bf491a6
calculated fs for 1: [J@6bf491a6
calculated fs for 1: [J@6bf491a6
calculated fs for 1: [J@6bf491a6
calculated fs for 1: [J@6bf491a6
calculated fs for 1: [J@6bf491a6
calculated fs for 1: [J@6bf491a6
calculated fs for 1: [J@6bf491a6
calculated fs for 1: [J@6bf491a6
calculated fs for 1: [J@6bf491a6
calculated fs for 1: [J@6bf491a6
calculated fs for 1: [J@6bf491a6
calculated fs for 1: [J@6bf491a6
calculated fs for 1: [J@6bf491a6
calculated fs for 1: [J@6bf491a6
calculated fs for 1: [J@6bf491a6
calculated fs for 1: [J@6bf491a6
calculated fs for 1: [J@6bf491a6
calculated fs for 1: [J@6bf491a6
calculated fs for 1: [J@6bf491a6
calculated fs for 1: [J@6bf491a6
calculated fs for 1: [J@6bf491a6
calculated fs for 1: [J@6bf491a6
calculated fs for 1: [J@6bf491a6
calculated fs for 1: [J@6bf491a6
calculated fs for 1: [J@6bf491a6
calculated fs for 1: [J@6bf491a6
calculated fs for 1: [J@6bf491a6
calculated fs for 1: [J@6bf491a6
calculated fs for 1: [J@6bf491a6
calculated fs for 1: [J@6bf491a6
calculated fs for 1: [J@6bf491a6
calculated fs for 1: [J@6bf491a6
calculated fs for 1: [J@6bf491a6
calculated fs for 1: [J@6bf491a6
calculated fs for 1: [J@6bf491a6
calculated fs for 1: [J@6bf491a6
calculated fs for 1: [J@6bf491a6
calculated fs for 1: [J@6bf491a6
calculated fs for 1: [J@6bf491a6
calculated fs for 1: [J@6bf491a6
calculated fs for 1: [J@6bf491a6
calculated fs for 1: [J@6bf491a6
calculated fs for 1: [J@6bf491a6
calculated fs for 1: [J@6bf491a6
calculated fs for 1: [J@6bf491a6
calculated fs for 1: [J@6bf491a6
calculated fs for 1: [J@6bf491a6
calculated fs for 1: [J@6bf491a6
calculated fs for 1: [J@6bf491a6
calculated fs for 1: [J@6bf491a6
calculated fs for 1: [J@6bf491a6
calculated fs for 1: [J@6bf491a6
calculated fs for 1: [J@6bf491a6
calculated fs for 1: [J@6bf491a6
calculated fs for 1: [J@6bf491a6
calculated fs for 1: [J@6bf491a6
calculated fs for 1: [J@6bf491a6
calculated fs for 1: [J@6bf491a6
calculated fs for 1: [J@6bf491a6
calculated fs for 1: [J@6bf491a6
calculated fs for 1: [J@6bf491a6
calculated fs for 1: [J@6bf491a6
calculated fs for 1: [J@6bf491a6
calculated fs for 1: [J@6bf491a6
calculated fs for 1: [J@6bf491a6
calculated fs for 1: [J@6bf491a6
calculated fs for 1: [J@6bf491a6
calculated fs for 1: [J@6bf491a6
calculated fs for 1: [J@6bf491a6
calculated fs for 1: [J@6bf491a6
calculated fs for 1: [J@6bf491a6
calculated fs for 1: [J@6bf491a6
calculated fs for 1: [J@6bf491a6
calculated fs for 1: [J@6bf491a6
calculated fs for 1: [J@6bf491a6
calculated fs for 1: [J@6bf491a6
calculated fs for 1: [J@6bf491a6
calculated fs for 1: [J@6bf491a6
calculated fs for 1: [J@6bf491a6
calculated fs for 1: [J@6bf491a6
calculated fs for 1: [J@6bf491a6
calculated fs for 1: [J@6bf491a6
calculated fs for 1: [J@6bf491a6
calculated fs for 1: [J@6bf491a6
calculated fs for 1: [J@6bf491a6
calculated fs for 1: [J@6bf491a6
calculated fs for 1: [J@6bf491a6
calculated fs for 1: [J@6bf491a6
calculated fs for 1: [J@6bf491a6
calculated fs for 1: [J@6bf491a6
calculated fs for 1: [J@6bf491a6
calculated fs for 1: [J@6bf491a6
calculated fs for 1: [J@6bf491a6
calculated fs for 1: [J@6bf491a6
calculated fs for 1: [J@6bf491a6
calculated fs for 1: [J@6bf491a6
calculated fs for 1: [J@6bf491a6
calculated fs for 1: [J@6bf491a6
calculated fs for 1: [J@6bf491a6
calculated fs for 1: [J@6bf491a6
calculated fs for 1: [J@6bf491a6
calculated fs for 1: [J@6bf491a6
calculated fs for 1: [J@6bf491a6
calculated fs for 1: [J@6bf491a6
calculated fs for 1: [J@6bf491a6
calculated fs for 1: [J@6bf491a6
calculated fs for 1: [J@6bf491a6
calculated fs for 1: [J@6bf491a6
calculated fs for 1: [J@6bf491a6
calculated fs for 1: [J@6bf491a6
calculated fs for 1: [J@6bf491a6
calculated fs for 1: [J@6bf491a6
calculated fs for 1: [J@6bf491a6
calculated fs for 1: [J@6bf491a6
calculated fs for 1: [J@6bf491a6
calculated fs for 1: [J@6bf491a6
calculated fs for 1: [J@6bf491a6
calculated fs for 1: [J@6bf491a6
calculated fs for 1: [J@6bf491a6
calculated fs for 1: [J@6bf491a6
calculated fs for 1: [J@6bf491a6
calculated fs for 1: [J@6bf491a6
calculated fs for 1: [J@6bf491a6
calculated fs for 1: [J@6bf491a6
calculated fs for 1: [J@6bf491a6
calculated fs for 1: [J@6bf491a6
calculated fs for 1: [J@6bf491a6
calculated fs for 1: [J@6bf491a6
calculated fs for 1: [J@6bf491a6
calculated fs for 1: [J@6bf491a6
calculated fs for 1: [J@6bf491a6
calculated fs for 1: [J@6bf491a6
calculated fs for 1: [J@6bf491a6
calculated fs for 1: [J@6bf491a6
calculated fs for 1: [J@6bf491a6
calculated fs for 1: [J@6bf491a6
calculated fs for 1: [J@6bf491a6
calculated fs for 1: [J@6bf491a6
calculated fs for 1: [J@6bf491a6
calculated fs for 1: [J@6bf491a6
calculated fs for 1: [J@6bf491a6
calculated fs for 1: [J@6bf491a6
calculated fs for 1: [J@6bf491a6
calculated fs for 1: [J@6bf491a6
calculated fs for 1: [J@6bf491a6
calculated fs for 1: [J@6bf491a6
calculated fs for 1: [J@6bf491a6
calculated fs for 1: [J@6bf491a6
calculated fs for 1: [J@6bf491a6
calculated fs for 1: [J@6bf491a6
calculated fs for 1: [J@6bf491a6
calculated fs for 1: [J@6bf491a6
calculated fs for 1: [J@6bf491a6
calculated fs for 1: [J@6bf491a6
calculated fs for 1: [J@6bf491a6
calculated fs for 1: [J@6bf491a6
calculated fs for 1: [J@6bf491a6
calculated fs for 1: [J@6bf491a6
calculated fs for 1: [J@6bf491a6
calculated fs for 1: [J@6bf491a6
calculated fs for 1: [J@6bf491a6
calculated fs for 1: [J@6bf491a6
calculated fs for 1: [J@6bf491a6
calculated fs for 1: [J@6bf491a6
calculated fs for 1: [J@6bf491a6
calculated fs for 1: [J@6bf491a6
calculated fs for 1: [J@6bf491a6
calculated fs for 1: [J@6bf491a6
calculated fs for 1: [J@6bf491a6
calculated fs for 1: [J@6bf491a6
calculated fs for 1: [J@6bf491a6
calculated fs for 1: [J@6bf491a6
calculated fs for 1: [J@6bf491a6
calculated fs for 1: [J@6bf491a6
calculated fs for 1: [J@6bf491a6
calculated fs for 1: [J@6bf491a6
calculated fs for 1: [J@6bf491a6
calculated fs for 1: [J@6bf491a6
calculated fs for 1: [J@6bf491a6
calculated fs for 1: [J@6bf491a6
calculated fs for 1: [J@6bf491a6
calculated fs for 1: [J@6bf491a6
calculated fs for 1: [J@6bf491a6
calculated fs for 1: [J@6bf491a6
calculated fs for 1: [J@6bf491a6
calculated fs for 1: [J@6bf491a6
calculated fs for 1: [J@6bf491a6
calculated fs for 1: [J@6bf491a6
calculated fs for 1: [J@6bf491a6
calculated fs for 1: [J@6bf491a6
calculated fs for 1: [J@6bf491a6
calculated fs for 1: [J@6bf491a6
calculated fs for 1: [J@6bf491a6
calculated fs for 1: [J@6bf491a6
calculated fs for 1: [J@6bf491a6
calculated fs for 1: [J@6bf491a6
calculated fs for 1: [J@6bf491a6
calculated fs for 1: [J@6bf491a6
calculated fs for 1: [J@6bf491a6
calculated fs for 1: [J@6bf491a6
calculated fs for 1: [J@6bf491a6
calculated fs for 1: [J@6bf491a6
calculated fs for 1: [J@6bf491a6
calculated fs for 1: [J@6bf491a6
calculated fs for 1: [J@6bf491a6
calculated fs for 1: [J@6bf491a6
calculated fs for 1: [J@6bf491a6
calculated fs for 1: [J@6bf491a6
calculated fs for 1: [J@6bf491a6
calculated fs for 1: [J@6bf491a6
calculated fs for 1: [J@6bf491a6
calculated fs for 1: [J@6bf491a6
calculated fs for 1: [J@6bf491a6
calculated fs for 1: [J@6bf491a6
calculated fs for 1: [J@6bf491a6
calculated fs for 1: [J@6bf491a6
calculated fs for 1: [J@6bf491a6
calculated fs for 1: [J@6bf491a6
calculated fs for 1: [J@6bf491a6
calculated fs for 1: [J@6bf491a6
calculated fs for 1: [J@6bf491a6
calculated fs for 1: [J@6bf491a6
calculated fs for 1: [J@6bf491a6
calculated fs for 1: [J@6bf491a6
calculated fs for 1: [J@6bf491a6
calculated fs for 1: [J@6bf491a6
calculated fs for 1: [J@6bf491a6
calculated fs for 1: [J@6bf491a6
calculated fs for 1: [J@6bf491a6
calculated fs for 1: [J@6bf491a6
calculated fs for 1: [J@6bf491a6
calculated fs for 1: [J@6bf491a6
calculated fs for 1: [J@6bf491a6
calculated fs for 1: [J@6bf491a6
calculated fs for 1: [J@6bf491a6
calculated fs for 1: [J@6bf491a6
calculated fs for 1: [J@6bf491a6
calculated fs for 1: [J@6bf491a6
calculated fs for 1: [J@6bf491a6
calculated fs for 1: [J@6bf491a6
calculated fs for 1: [J@6bf491a6
calculated fs for 1: [J@6bf491a6
calculated fs for 1: [J@6bf491a6
calculated fs for 1: [J@6bf491a6
calculated fs for 1: [J@6bf491a6
calculated fs for 1: [J@6bf491a6
calculated fs for 1: [J@6bf491a6
calculated fs for 1: [J@6bf491a6
calculated fs for 1: [J@6bf491a6
calculated fs for 1: [J@6bf491a6
calculated fs for 1: [J@6bf491a6
calculated fs for 1: [J@6bf491a6
calculated fs for 1: [J@6bf491a6
calculated fs for 1: [J@6bf491a6
calculated fs for 1: [J@6bf491a6
calculated fs for 1: [J@6bf491a6
calculated fs for 1: [J@6bf491a6
calculated fs for 1: [J@6bf491a6
calculated fs for 1: [J@6bf491a6
calculated fs for 1: [J@6bf491a6
calculated fs for 1: [J@6bf491a6
calculated fs for 1: [J@6bf491a6
calculated fs for 1: [J@6bf491a6
calculated fs for 1: [J@6bf491a6
calculated fs for 1: [J@6bf491a6
calculated fs for 1: [J@6bf491a6
calculated fs for 1: [J@6bf491a6
calculated fs for 1: [J@6bf491a6
calculated fs for 1: [J@6bf491a6
calculated fs for 1: [J@6bf491a6
calculated fs for 1: [J@6bf491a6
calculated fs for 1: [J@6bf491a6
calculated fs for 1: [J@6bf491a6
calculated fs for 1: [J@6bf491a6
calculated fs for 1: [J@6bf491a6
calculated fs for 1: [J@6bf491a6
calculated fs for 1: [J@6bf491a6
calculated fs for 1: [J@6bf491a6
calculated fs for 1: [J@6bf491a6
calculated fs for 1: [J@6bf491a6
calculated fs for 1: [J@6bf491a6
calculated fs for 1: [J@6bf491a6
calculated fs for 1: [J@6bf491a6
calculated fs for 1: [J@6bf491a6
calculated fs for 1: [J@6bf491a6
calculated fs for 1: [J@6bf491a6
calculated fs for 1: [J@6bf491a6
calculated fs for 1: [J@6bf491a6
calculated fs for 1: [J@6bf491a6
calculated fs for 1: [J@6bf491a6
calculated fs for 1: [J@6bf491a6
calculated fs for 1: [J@6bf491a6
calculated fs for 1: [J@6bf491a6
calculated fs for 1: [J@6bf491a6
calculated fs for 1: [J@6bf491a6
calculated fs for 1: [J@6bf491a6
calculated fs for 1: [J@6bf491a6
calculated fs for 1: [J@6bf491a6
calculated fs for 1: [J@6bf491a6
calculated fs for 1: [J@6bf491a6
calculated fs for 1: [J@6bf491a6
calculated fs for 1: [J@6bf491a6
calculated fs for 1: [J@6bf491a6
calculated fs for 1: [J@6bf491a6
calculated fs for 1: [J@6bf491a6
calculated fs for 1: [J@6bf491a6
calculated fs for 1: [J@6bf491a6
calculated fs for 1: [J@6bf491a6
calculated fs for 1: [J@6bf491a6
calculated fs for 1: [J@6bf491a6
calculated fs for 1: [J@6bf491a6
calculated fs for 1: [J@6bf491a6
calculated fs for 1: [J@6bf491a6
calculated fs for 1: [J@6bf491a6
calculated fs for 1: [J@6bf491a6
calculated fs for 1: [J@6bf491a6
calculated fs for 1: [J@6bf491a6
calculated fs for 1: [J@6bf491a6
calculated fs for 1: [J@6bf491a6
calculated fs for 1: [J@6bf491a6
calculated fs for 1: [J@6bf491a6
calculated fs for 2: [J@58660a9
calculated fs for 2: [J@58660a9
calculated fs for 2: [J@58660a9
calculated fs for 2: [J@58660a9
calculated fs for 2: [J@58660a9
calculated fs for 2: [J@58660a9
calculated fs for 2: [J@58660a9
calculated fs for 2: [J@58660a9
calculated fs for 2: [J@58660a9
calculated fs for 2: [J@58660a9
calculated fs for 2: [J@58660a9
calculated fs for 2: [J@58660a9
calculated fs for 2: [J@58660a9
calculated fs for 2: [J@58660a9
calculated fs for 2: [J@58660a9
calculated fs for 2: [J@58660a9
calculated fs for 2: [J@58660a9
calculated fs for 2: [J@58660a9
calculated fs for 2: [J@58660a9
calculated fs for 2: [J@58660a9
calculated fs for 2: [J@58660a9
calculated fs for 2: [J@58660a9
calculated fs for 2: [J@58660a9
calculated fs for 2: [J@58660a9
calculated fs for 2: [J@58660a9
calculated fs for 2: [J@58660a9
calculated fs for 2: [J@58660a9
calculated fs for 2: [J@58660a9
calculated fs for 2: [J@58660a9
calculated fs for 2: [J@58660a9
calculated fs for 2: [J@58660a9
calculated fs for 2: [J@58660a9
calculated fs for 2: [J@58660a9
calculated fs for 2: [J@58660a9
calculated fs for 2: [J@58660a9
calculated fs for 2: [J@58660a9
calculated fs for 2: [J@58660a9
calculated fs for 2: [J@58660a9
calculated fs for 2: [J@58660a9
calculated fs for 2: [J@58660a9
calculated fs for 2: [J@58660a9
calculated fs for 2: [J@58660a9
calculated fs for 2: [J@58660a9
calculated fs for 2: [J@58660a9
calculated fs for 2: [J@58660a9
calculated fs for 2: [J@58660a9
calculated fs for 2: [J@58660a9
calculated fs for 2: [J@58660a9
calculated fs for 2: [J@58660a9
calculated fs for 2: [J@58660a9
calculated fs for 2: [J@58660a9
calculated fs for 2: [J@58660a9
calculated fs for 2: [J@58660a9
calculated fs for 2: [J@58660a9
calculated fs for 2: [J@58660a9
calculated fs for 2: [J@58660a9
calculated fs for 2: [J@58660a9
calculated fs for 2: [J@58660a9
calculated fs for 2: [J@58660a9
calculated fs for 2: [J@58660a9
calculated fs for 2: [J@58660a9
calculated fs for 2: [J@58660a9
calculated fs for 2: [J@58660a9
calculated fs for 2: [J@58660a9
calculated fs for 2: [J@58660a9
calculated fs for 2: [J@58660a9
calculated fs for 2: [J@58660a9
calculated fs for 2: [J@58660a9
calculated fs for 2: [J@58660a9
calculated fs for 2: [J@58660a9
calculated fs for 2: [J@58660a9
calculated fs for 2: [J@58660a9
calculated fs for 2: [J@58660a9
calculated fs for 2: [J@58660a9
calculated fs for 2: [J@58660a9
calculated fs for 2: [J@58660a9
calculated fs for 2: [J@58660a9
calculated fs for 2: [J@58660a9
calculated fs for 2: [J@58660a9
calculated fs for 2: [J@58660a9
calculated fs for 2: [J@58660a9
calculated fs for 2: [J@58660a9
calculated fs for 2: [J@58660a9
calculated fs for 2: [J@58660a9
calculated fs for 2: [J@58660a9
calculated fs for 2: [J@58660a9
calculated fs for 2: [J@58660a9
calculated fs for 2: [J@58660a9
calculated fs for 2: [J@58660a9
calculated fs for 2: [J@58660a9
calculated fs for 2: [J@58660a9
calculated fs for 2: [J@58660a9
calculated fs for 2: [J@58660a9
calculated fs for 2: [J@58660a9
calculated fs for 2: [J@58660a9
calculated fs for 2: [J@58660a9
calculated fs for 2: [J@58660a9
calculated fs for 2: [J@58660a9
calculated fs for 2: [J@58660a9
calculated fs for 2: [J@58660a9
calculated fs for 2: [J@58660a9
calculated fs for 2: [J@58660a9
calculated fs for 2: [J@58660a9
calculated fs for 2: [J@58660a9
calculated fs for 2: [J@58660a9
calculated fs for 2: [J@58660a9
calculated fs for 2: [J@58660a9
calculated fs for 2: [J@58660a9
calculated fs for 2: [J@58660a9
calculated fs for 2: [J@58660a9
calculated fs for 2: [J@58660a9
calculated fs for 2: [J@58660a9
calculated fs for 2: [J@58660a9
calculated fs for 2: [J@58660a9
calculated fs for 2: [J@58660a9
calculated fs for 2: [J@58660a9
calculated fs for 2: [J@58660a9
calculated fs for 2: [J@58660a9
calculated fs for 2: [J@58660a9
calculated fs for 2: [J@58660a9
calculated fs for 2: [J@58660a9
calculated fs for 2: [J@58660a9
calculated fs for 2: [J@58660a9
calculated fs for 2: [J@58660a9
calculated fs for 2: [J@58660a9
calculated fs for 2: [J@58660a9
calculated fs for 2: [J@58660a9
calculated fs for 2: [J@58660a9
calculated fs for 2: [J@58660a9
calculated fs for 2: [J@58660a9
calculated fs for 2: [J@58660a9
calculated fs for 2: [J@58660a9
calculated fs for 2: [J@58660a9
calculated fs for 2: [J@58660a9
calculated fs for 2: [J@58660a9
calculated fs for 2: [J@58660a9
calculated fs for 2: [J@58660a9
calculated fs for 2: [J@58660a9
calculated fs for 2: [J@58660a9
calculated fs for 2: [J@58660a9
calculated fs for 2: [J@58660a9
calculated fs for 2: [J@58660a9
calculated fs for 2: [J@58660a9
calculated fs for 2: [J@58660a9
calculated fs for 2: [J@58660a9
calculated fs for 2: [J@58660a9
calculated fs for 2: [J@58660a9
calculated fs for 2: [J@58660a9
calculated fs for 2: [J@58660a9
calculated fs for 2: [J@58660a9
calculated fs for 2: [J@58660a9
calculated fs for 2: [J@58660a9
calculated fs for 2: [J@58660a9
calculated fs for 2: [J@58660a9
calculated fs for 2: [J@58660a9
calculated fs for 2: [J@58660a9
calculated fs for 2: [J@58660a9
calculated fs for 2: [J@58660a9
calculated fs for 2: [J@58660a9
calculated fs for 2: [J@58660a9
calculated fs for 2: [J@58660a9
calculated fs for 2: [J@58660a9
calculated fs for 2: [J@58660a9
calculated fs for 2: [J@58660a9
calculated fs for 2: [J@58660a9
calculated fs for 2: [J@58660a9
calculated fs for 2: [J@58660a9
calculated fs for 2: [J@58660a9
calculated fs for 2: [J@58660a9
calculated fs for 2: [J@58660a9
calculated fs for 2: [J@58660a9
calculated fs for 2: [J@58660a9
calculated fs for 2: [J@58660a9
calculated fs for 2: [J@58660a9
calculated fs for 2: [J@58660a9
calculated fs for 2: [J@58660a9
calculated fs for 2: [J@58660a9
calculated fs for 2: [J@58660a9
calculated fs for 2: [J@58660a9
calculated fs for 2: [J@58660a9
calculated fs for 2: [J@58660a9
calculated fs for 2: [J@58660a9
calculated fs for 2: [J@58660a9
calculated fs for 2: [J@58660a9
calculated fs for 2: [J@58660a9
calculated fs for 2: [J@58660a9
calculated fs for 2: [J@58660a9
calculated fs for 2: [J@58660a9
calculated fs for 2: [J@58660a9
calculated fs for 2: [J@58660a9
calculated fs for 2: [J@58660a9
calculated fs for 2: [J@58660a9
calculated fs for 2: [J@58660a9
calculated fs for 2: [J@58660a9
calculated fs for 2: [J@58660a9
calculated fs for 2: [J@58660a9
calculated fs for 2: [J@58660a9
calculated fs for 2: [J@58660a9
calculated fs for 2: [J@58660a9
calculated fs for 2: [J@58660a9
calculated fs for 2: [J@58660a9
calculated fs for 2: [J@58660a9
calculated fs for 2: [J@58660a9
calculated fs for 2: [J@58660a9
calculated fs for 2: [J@58660a9
calculated fs for 2: [J@58660a9
calculated fs for 2: [J@58660a9
calculated fs for 2: [J@58660a9
calculated fs for 2: [J@58660a9
calculated fs for 2: [J@58660a9
calculated fs for 2: [J@58660a9
calculated fs for 2: [J@58660a9
calculated fs for 2: [J@58660a9
calculated fs for 2: [J@58660a9
calculated fs for 2: [J@58660a9
calculated fs for 2: [J@58660a9
calculated fs for 2: [J@58660a9
calculated fs for 2: [J@58660a9
calculated fs for 2: [J@58660a9
calculated fs for 2: [J@58660a9
calculated fs for 2: [J@58660a9
calculated fs for 2: [J@58660a9
calculated fs for 2: [J@58660a9
calculated fs for 2: [J@58660a9
calculated fs for 2: [J@58660a9
calculated fs for 2: [J@58660a9
calculated fs for 2: [J@58660a9
calculated fs for 2: [J@58660a9
calculated fs for 2: [J@58660a9
calculated fs for 2: [J@58660a9
calculated fs for 2: [J@58660a9
calculated fs for 2: [J@58660a9
calculated fs for 2: [J@58660a9
calculated fs for 2: [J@58660a9
calculated fs for 2: [J@58660a9
calculated fs for 2: [J@58660a9
calculated fs for 2: [J@58660a9
calculated fs for 2: [J@58660a9
calculated fs for 2: [J@58660a9
calculated fs for 2: [J@58660a9
calculated fs for 2: [J@58660a9
calculated fs for 2: [J@58660a9
calculated fs for 2: [J@58660a9
calculated fs for 2: [J@58660a9
calculated fs for 2: [J@58660a9
calculated fs for 2: [J@58660a9
calculated fs for 2: [J@58660a9
calculated fs for 2: [J@58660a9
calculated fs for 2: [J@58660a9
calculated fs for 2: [J@58660a9
calculated fs for 2: [J@58660a9
calculated fs for 2: [J@58660a9
calculated fs for 2: [J@58660a9
calculated fs for 2: [J@58660a9
calculated fs for 2: [J@58660a9
calculated fs for 2: [J@58660a9
calculated fs for 2: [J@58660a9
calculated fs for 2: [J@58660a9
calculated fs for 2: [J@58660a9
calculated fs for 2: [J@58660a9
calculated fs for 2: [J@58660a9
calculated fs for 2: [J@58660a9
calculated fs for 2: [J@58660a9
calculated fs for 2: [J@58660a9
calculated fs for 2: [J@58660a9
calculated fs for 2: [J@58660a9
calculated fs for 2: [J@58660a9
calculated fs for 2: [J@58660a9
calculated fs for 2: [J@58660a9
calculated fs for 2: [J@58660a9
calculated fs for 2: [J@58660a9
calculated fs for 2: [J@58660a9
calculated fs for 2: [J@58660a9
calculated fs for 2: [J@58660a9
calculated fs for 2: [J@58660a9
calculated fs for 2: [J@58660a9
calculated fs for 2: [J@58660a9
calculated fs for 2: [J@58660a9
calculated fs for 2: [J@58660a9
calculated fs for 2: [J@58660a9
calculated fs for 2: [J@58660a9
calculated fs for 2: [J@58660a9
calculated fs for 2: [J@58660a9
calculated fs for 2: [J@58660a9
calculated fs for 2: [J@58660a9
calculated fs for 2: [J@58660a9
calculated fs for 2: [J@58660a9
calculated fs for 2: [J@58660a9
calculated fs for 2: [J@58660a9
calculated fs for 2: [J@58660a9
calculated fs for 2: [J@58660a9
calculated fs for 2: [J@58660a9
calculated fs for 2: [J@58660a9
calculated fs for 2: [J@58660a9
calculated fs for 2: [J@58660a9
calculated fs for 2: [J@58660a9
calculated fs for 2: [J@58660a9
calculated fs for 2: [J@58660a9
calculated fs for 2: [J@58660a9
calculated fs for 2: [J@58660a9
calculated fs for 2: [J@58660a9
calculated fs for 2: [J@58660a9
calculated fs for 2: [J@58660a9
calculated fs for 2: [J@58660a9
calculated fs for 2: [J@58660a9
calculated fs for 2: [J@58660a9
calculated fs for 2: [J@58660a9
calculated fs for 2: [J@58660a9
calculated fs for 2: [J@58660a9
calculated fs for 2: [J@58660a9
calculated fs for 2: [J@58660a9
calculated fs for 2: [J@58660a9
calculated fs for 2: [J@58660a9
calculated fs for 2: [J@58660a9
calculated fs for 2: [J@58660a9
calculated fs for 2: [J@58660a9
calculated fs for 2: [J@58660a9
calculated fs for 2: [J@58660a9
calculated fs for 2: [J@58660a9
calculated fs for 2: [J@58660a9
calculated fs for 2: [J@58660a9
calculated fs for 2: [J@58660a9
calculated fs for 2: [J@58660a9
calculated fs for 2: [J@58660a9
calculated fs for 2: [J@58660a9
calculated fs for 2: [J@58660a9
calculated fs for 2: [J@58660a9
calculated fs for 2: [J@58660a9
calculated fs for 2: [J@58660a9
calculated fs for 2: [J@58660a9
calculated fs for 2: [J@58660a9
calculated fs for 2: [J@58660a9
calculated fs for 2: [J@58660a9
calculated fs for 2: [J@58660a9
calculated fs for 2: [J@58660a9
calculated fs for 2: [J@58660a9
calculated fs for 2: [J@58660a9
calculated fs for 2: [J@58660a9
calculated fs for 2: [J@58660a9
calculated fs for 2: [J@58660a9
calculated nfs for 0: [J@3933fa14
calculated nfs for 0: [J@3933fa14
calculated nfs for 1: [J@3675463
calculated nfs for 1: [J@3675463
calculated nfs for 2: [J@74d53153
calculated nfs for 2: [J@74d53153
calculated iMatrix for 5, 0, 0, 0: -0.12077143458068895
calculated iMatrix for 5, 0, 0, 1: -0.24589097129899629
calculated iMatrix for 5, 0, 0, 2: -0.09135970155277673
calculated iMatrix for 5, 0, 0, 3: 0.012140954619550004
calculated iMatrix for 5, 0, 0, 4: 0.12938916047077054
calculated iMatrix for 5, 0, 0, 5: 0.05260776836624548
calculated iMatrix for 5, 0, 0, 6: 0.2553903970315402
calculated iMatrix for 5, 0, 0, 7: 0.1142799482325616
calculated iMatrix for 5, 0, 0, 8: -0.03891421618073421
calculated iMatrix for 5, 0, 0, 9: 0.14538950181721166
calculated iMatrix for 5, 0, 0, 10: -0.1232164235737554
calculated iMatrix for 5, 0, 0, 11: -0.08297599347814988
calculated iMatrix for 5, 0, 0, 12: -0.17258815216783696
calculated iMatrix for 5, 0, 0, 13: -0.15373995647492011
calculated iMatrix for 5, 0, 0, 14: 0.04812619639200455
calculated iMatrix for 5, 0, 0, 15: -0.09545362659639911
calculated iMatrix for 5, 0, 0, 16: 0.05635587944681408
calculated iMatrix for 5, 0, 0, 17: 0.1292007744672934
calculated iMatrix for 5, 0, 0, 18: 0.16065697394800005
calculated iMatrix for 5, 0, 0, 19: -0.09117706982913876
calculated iMatrix for 5, 0, 1, 0: 0.003182712773418972
calculated iMatrix for 5, 0, 1, 1: 0.20560836181026643
calculated iMatrix for 5, 0, 1, 2: -0.2600756062909527
calculated iMatrix for 5, 0, 1, 3: -0.12181403929102863
calculated iMatrix for 5, 0, 1, 4: 0.04002898615938533
calculated iMatrix for 5, 0, 1, 5: -0.23394930169873274
calculated iMatrix for 5, 0, 1, 6: 0.22335104328692346
calculated iMatrix for 5, 0, 1, 7: 0.08058950859029623
calculated iMatrix for 5, 0, 1, 8: 0.05577734312752447
calculated iMatrix for 5, 0, 1, 9: 0.21458135848042403
calculated iMatrix for 5, 0, 1, 10: 0.47160523827123557
calculated iMatrix for 5, 0, 1, 11: 0.1266096071656153
calculated iMatrix for 5, 0, 1, 12: -0.10500369194437364
calculated iMatrix for 5, 0, 1, 13: 0.043390333862090236
calculated iMatrix for 5, 0, 1, 14: -0.028963885327566108
calculated iMatrix for 5, 0, 1, 15: 0.002934861753144502
calculated iMatrix for 5, 0, 1, 16: 0.05690283564925902
calculated iMatrix for 5, 0, 1, 17: -0.03184434819292015
calculated iMatrix for 5, 0, 1, 18: 0.06534679414367506
calculated iMatrix for 5, 0, 1, 19: -0.005114865857026474
calculated iMatrix for 5, 0, 2, 0: 0.04824907670673295
calculated iMatrix for 5, 0, 2, 1: 0.2562520946290213
calculated iMatrix for 5, 0, 2, 2: -0.1169747626502794
calculated iMatrix for 5, 0, 2, 3: 0.08712059369323588
calculated iMatrix for 5, 0, 2, 4: -0.08418493982728859
calculated iMatrix for 5, 0, 2, 5: -0.2261740546152715
calculated iMatrix for 5, 0, 2, 6: -0.3189161063138862
calculated iMatrix for 5, 0, 2, 7: -0.05215850230803443
calculated iMatrix for 5, 0, 2, 8: -0.12948972389618696
calculated iMatrix for 5, 0, 2, 9: 0.15438121300917562
calculated iMatrix for 5, 0, 2, 10: -0.10442229657915947
calculated iMatrix for 5, 0, 2, 11: -0.1842972974038739
calculated iMatrix for 5, 0, 2, 12: -0.15571559096670995
calculated iMatrix for 5, 0, 2, 13: 0.05123807069410513
calculated iMatrix for 5, 0, 2, 14: 0.035186361683597456
calculated iMatrix for 5, 0, 2, 15: -0.015622268389991922
calculated iMatrix for 5, 0, 2, 16: 0.09461717644378831
calculated iMatrix for 5, 0, 2, 17: 0.20899475177178417
calculated iMatrix for 5, 0, 2, 18: 0.21559376049046008
calculated iMatrix for 5, 0, 2, 19: 0.2599928845562153
calculated iMatrix for 5, 0, 3, 0: -0.010450367600891575
calculated iMatrix for 5, 0, 3, 1: 0.02885568556126017
calculated iMatrix for 5, 0, 3, 2: -0.20113307065750274
calculated iMatrix for 5, 0, 3, 3: -0.14476475977995829
calculated iMatrix for 5, 0, 3, 4: 0.07443776584492723
calculated iMatrix for 5, 0, 3, 5: -0.23753366819645705
calculated iMatrix for 5, 0, 3, 6: -0.16265349328348444
calculated iMatrix for 5, 0, 3, 7: 0.41533274993161096
calculated iMatrix for 5, 0, 3, 8: -0.14876508514018683
calculated iMatrix for 5, 0, 3, 9: 0.38177827988144186
calculated iMatrix for 5, 0, 3, 10: -0.11090625681389865
calculated iMatrix for 5, 0, 3, 11: -0.07208831196132082
calculated iMatrix for 5, 0, 3, 12: -0.29547753334186866
calculated iMatrix for 5, 0, 3, 13: 0.014619270634016912
calculated iMatrix for 5, 0, 3, 14: -0.07775404949699816
calculated iMatrix for 5, 0, 3, 15: -0.039435185194861555
calculated iMatrix for 5, 0, 3, 16: -0.05763264629757714
calculated iMatrix for 5, 0, 3, 17: 0.09957996578591732
calculated iMatrix for 5, 0, 3, 18: 0.20254791565716024
calculated iMatrix for 5, 0, 3, 19: 0.1540475645603262
calculated iMatrix for 5, 0, 4, 0: -0.06256388400302293
calculated iMatrix for 5, 0, 4, 1: 0.4128688669514732
calculated iMatrix for 5, 0, 4, 2: -0.08257333593294702
calculated iMatrix for 5, 0, 4, 3: 0.05055539914637275
calculated iMatrix for 5, 0, 4, 4: 0.2877057239974671
calculated iMatrix for 5, 0, 4, 5: -0.22148560902108383
calculated iMatrix for 5, 0, 4, 6: -0.18311456515482438
calculated iMatrix for 5, 0, 4, 7: 0.14351859388139998
calculated iMatrix for 5, 0, 4, 8: -0.04235212244608211
calculated iMatrix for 5, 0, 4, 9: 0.02650696082741133
calculated iMatrix for 5, 0, 4, 10: 0.09132228054693581
calculated iMatrix for 5, 0, 4, 11: -0.015055455281434149
calculated iMatrix for 5, 0, 4, 12: -0.13939821260820484
calculated iMatrix for 5, 0, 4, 13: -0.1595840677446304
calculated iMatrix for 5, 0, 4, 14: -0.004066333705838976
calculated iMatrix for 5, 0, 4, 15: 0.07242048195062067
calculated iMatrix for 5, 0, 4, 16: 0.0931388114733337
calculated iMatrix for 5, 0, 4, 17: -0.08426873051819173
calculated iMatrix for 5, 0, 4, 18: 0.1973492407479227
calculated iMatrix for 5, 0, 4, 19: 0.20780713138564522
calculated iMatrix for 5, 0, 5, 0: 0.1412995165656865
calculated iMatrix for 5, 0, 5, 1: 1.0208582391711114
calculated iMatrix for 5, 0, 5, 2: 0.02010174050676039
calculated iMatrix for 5, 0, 5, 3: 0.13918472493032874
calculated iMatrix for 5, 0, 5, 4: -0.07775404949699816
calculated iMatrix for 5, 0, 5, 5: -0.3097752748432253
calculated iMatrix for 5, 0, 5, 6: 0.3366797285939268
calculated iMatrix for 5, 0, 5, 7: -0.15457425548043968
calculated iMatrix for 5, 0, 5, 8: 0.1695842304042685
calculated iMatrix for 5, 0, 5, 9: 0.07288477421872053
calculated iMatrix for 5, 0, 5, 10: -0.06468196792964542
calculated iMatrix for 5, 0, 5, 11: -0.07281576785641553
calculated iMatrix for 5, 0, 5, 12: 0.05742072887125438
calculated iMatrix for 5, 0, 5, 13: -0.0031431857058235035
calculated iMatrix for 5, 0, 5, 14: -0.026166680706504852
calculated iMatrix for 5, 0, 5, 15: 0.01436123941080758
calculated iMatrix for 5, 0, 5, 16: -0.05713476229426251
calculated iMatrix for 5, 0, 5, 17: -0.16636159601945
calculated iMatrix for 5, 0, 5, 18: -0.011062674998326028
calculated iMatrix for 5, 0, 5, 19: 0.05192377381153446
calculated iMatrix for 5, 0, 6, 0: -0.006951222764807197
calculated iMatrix for 5, 0, 6, 1: -0.28906314316420506
calculated iMatrix for 5, 0, 6, 2: 0.32771105861116634
calculated iMatrix for 5, 0, 6, 3: 0.3382931679417033
calculated iMatrix for 5, 0, 6, 4: -0.30387822894934563
calculated iMatrix for 5, 0, 6, 5: 0.12602513463542042
calculated iMatrix for 5, 0, 6, 6: 0.46878965687107177
calculated iMatrix for 5, 0, 6, 7: -0.396619049385467
calculated iMatrix for 5, 0, 6, 8: 0.3699438222344392
calculated iMatrix for 5, 0, 6, 9: -0.40945300736555346
calculated iMatrix for 5, 0, 6, 10: -0.17539251906091424
calculated iMatrix for 5, 0, 6, 11: 0.16849707682736126
calculated iMatrix for 5, 0, 6, 12: 0.17423765615486997
calculated iMatrix for 5, 0, 6, 13: 0.20780713138564522
calculated iMatrix for 5, 0, 6, 14: 0.013461958774663385
calculated iMatrix for 5, 0, 6, 15: 0.23788410022137285
calculated iMatrix for 5, 0, 6, 16: 0.09044180503330768
calculated iMatrix for 5, 0, 6, 17: -0.3464602204897734
calculated iMatrix for 5, 0, 6, 18: 0.017556130307326834
calculated iMatrix for 5, 0, 6, 19: -0.13301672817204757
calculated iMatrix for 5, 0, 7, 0: -0.21803968918708472
calculated iMatrix for 5, 0, 7, 1: -0.1778375080539807
calculated iMatrix for 5, 0, 7, 2: 0.5355871377945877
calculated iMatrix for 5, 0, 7, 3: 0.04933137882169891
calculated iMatrix for 5, 0, 7, 4: -0.3835197973820744
calculated iMatrix for 5, 0, 7, 5: 0.25010981258761456
calculated iMatrix for 5, 0, 7, 6: 0.40567260008087824
calculated iMatrix for 5, 0, 7, 7: -0.6634153150868037
calculated iMatrix for 5, 0, 7, 8: 0.3730796636410173
calculated iMatrix for 5, 0, 7, 9: -0.3056643786488617
calculated iMatrix for 5, 0, 7, 10: -0.3531660293569647
calculated iMatrix for 5, 0, 7, 11: 0.6032225954426921
calculated iMatrix for 5, 0, 7, 12: 0.6675788842335174
calculated iMatrix for 5, 0, 7, 13: -0.16476542648662795
calculated iMatrix for 5, 0, 7, 14: -0.05820945342402806
calculated iMatrix for 5, 0, 7, 15: 0.1670286769206928
calculated iMatrix for 5, 0, 7, 16: 0.19253628024291358
calculated iMatrix for 5, 0, 7, 17: -0.6373698374324208
calculated iMatrix for 5, 0, 7, 18: -0.5195868017760372
calculated iMatrix for 5, 0, 7, 19: -0.0421631043942956
calculated iMatrix for 5, 0, 8, 0: NaN
calculated iMatrix for 5, 0, 8, 1: NaN
calculated iMatrix for 5, 0, 8, 2: NaN
calculated iMatrix for 5, 0, 8, 3: NaN
calculated iMatrix for 5, 0, 8, 4: NaN
calculated iMatrix for 5, 0, 8, 5: -4.793454888533111E-4
calculated iMatrix for 5, 0, 8, 6: NaN
calculated iMatrix for 5, 0, 8, 7: NaN
calculated iMatrix for 5, 0, 8, 8: NaN
calculated iMatrix for 5, 0, 8, 9: NaN
calculated iMatrix for 5, 0, 8, 10: NaN
calculated iMatrix for 5, 0, 8, 11: NaN
calculated iMatrix for 5, 0, 8, 12: NaN
calculated iMatrix for 5, 0, 8, 13: NaN
calculated iMatrix for 5, 0, 8, 14: NaN
calculated iMatrix for 5, 0, 8, 15: NaN
calculated iMatrix for 5, 0, 8, 16: NaN
calculated iMatrix for 5, 0, 8, 17: NaN
calculated iMatrix for 5, 0, 8, 18: NaN
calculated iMatrix for 5, 0, 8, 19: NaN
calculated iMatrix for 5, 0, 9, 0: -0.1962726497323356
calculated iMatrix for 5, 0, 9, 1: -0.1940138556128601
calculated iMatrix for 5, 0, 9, 2: 0.3243039002895519
calculated iMatrix for 5, 0, 9, 3: -0.08760634594000971
calculated iMatrix for 5, 0, 9, 4: -0.3583689547256866
calculated iMatrix for 5, 0, 9, 5: 0.2997762812796122
calculated iMatrix for 5, 0, 9, 6: -0.0369320549767429
calculated iMatrix for 5, 0, 9, 7: -0.3612781118001153
calculated iMatrix for 5, 0, 9, 8: 0.4979651460050033
calculated iMatrix for 5, 0, 9, 9: -0.3526271636561979
calculated iMatrix for 5, 0, 9, 10: -0.5250662675406629
calculated iMatrix for 5, 0, 9, 11: 0.27689181021495324
calculated iMatrix for 5, 0, 9, 12: 0.7013355608636719
calculated iMatrix for 5, 0, 9, 13: 0.1189562447490562
calculated iMatrix for 5, 0, 9, 14: 0.10764917383436456
calculated iMatrix for 5, 0, 9, 15: 0.23990885516671867
calculated iMatrix for 5, 0, 9, 16: -0.01803481479537583
calculated iMatrix for 5, 0, 9, 17: -0.21845393160013327
calculated iMatrix for 5, 0, 9, 18: -0.27688272460733404
calculated iMatrix for 5, 0, 9, 19: -0.033302286926164326
calculated iMatrix for 5, 0, 10, 0: -0.39652670901881015
calculated iMatrix for 5, 0, 10, 1: -0.2932736757005486
calculated iMatrix for 5, 0, 10, 2: 0.23309508223631703
calculated iMatrix for 5, 0, 10, 3: 0.11378416240188038
calculated iMatrix for 5, 0, 10, 4: -0.41212323592143224
calculated iMatrix for 5, 0, 10, 5: 0.24683257989023366
calculated iMatrix for 5, 0, 10, 6: 0.06389646756602874
calculated iMatrix for 5, 0, 10, 7: -0.30638709309597933
calculated iMatrix for 5, 0, 10, 8: 0.12704036314901512
calculated iMatrix for 5, 0, 10, 9: -0.47837653312937445
calculated iMatrix for 5, 0, 10, 10: -0.4832191576051626
calculated iMatrix for 5, 0, 10, 11: 0.5163876072874981
calculated iMatrix for 5, 0, 10, 12: 1.203891793147156
calculated iMatrix for 5, 0, 10, 13: -0.12981041145305128
calculated iMatrix for 5, 0, 10, 14: 0.06253159019308863
calculated iMatrix for 5, 0, 10, 15: 0.25113455891411596
calculated iMatrix for 5, 0, 10, 16: 0.3565314971466581
calculated iMatrix for 5, 0, 10, 17: -0.16240693482733504
calculated iMatrix for 5, 0, 10, 18: -0.25468475765607634
calculated iMatrix for 5, 0, 10, 19: -0.3107777094109149
calculated iMatrix for 5, 0, 11, 0: -0.3086596061466972
calculated iMatrix for 5, 0, 11, 1: 0.060832113789148545
calculated iMatrix for 5, 0, 11, 2: 0.0987751865924521
calculated iMatrix for 5, 0, 11, 3: 0.2491487361080641
calculated iMatrix for 5, 0, 11, 4: -0.2302226431412716
calculated iMatrix for 5, 0, 11, 5: -0.014953148257967674
calculated iMatrix for 5, 0, 11, 6: -0.06433102916485733
calculated iMatrix for 5, 0, 11, 7: -0.03836164778633744
calculated iMatrix for 5, 0, 11, 8: -0.09717213535409974
calculated iMatrix for 5, 0, 11, 9: -0.35170592913687704
calculated iMatrix for 5, 0, 11, 10: -0.49269790155970633
calculated iMatrix for 5, 0, 11, 11: 0.25015282426529184
calculated iMatrix for 5, 0, 11, 12: 0.7050052897526343
calculated iMatrix for 5, 0, 11, 13: -0.21128544212152078
calculated iMatrix for 5, 0, 11, 14: 0.27055264477121777
calculated iMatrix for 5, 0, 11, 15: 0.031171532325324325
calculated iMatrix for 5, 0, 11, 16: 0.0821404715095122
calculated iMatrix for 5, 0, 11, 17: 0.09132228054693581
calculated iMatrix for 5, 0, 11, 18: 0.5666029668935152
calculated iMatrix for 5, 0, 11, 19: 0.15937574379195163
calculated iMatrix for 5, 0, 12, 0: -0.34983518150629933
calculated iMatrix for 5, 0, 12, 1: 0.6039644352393244
calculated iMatrix for 5, 0, 12, 2: -0.1185760440172533
calculated iMatrix for 5, 0, 12, 3: 0.11773797048670154
calculated iMatrix for 5, 0, 12, 4: -0.2846167152070703
calculated iMatrix for 5, 0, 12, 5: -0.29434020026504887
calculated iMatrix for 5, 0, 12, 6: -0.07775404949699816
calculated iMatrix for 5, 0, 12, 7: 0.2736438373408904
calculated iMatrix for 5, 0, 12, 8: -0.1265442136664302
calculated iMatrix for 5, 0, 12, 9: -0.19086885393482966
calculated iMatrix for 5, 0, 12, 10: -0.10244666208736963
calculated iMatrix for 5, 0, 12, 11: -0.20987201432437375
calculated iMatrix for 5, 0, 12, 12: 0.4842801193027061
calculated iMatrix for 5, 0, 12, 13: -0.10852570816375184
calculated iMatrix for 5, 0, 12, 14: 0.06707689838145792
calculated iMatrix for 5, 0, 12, 15: 0.04085169291084889
calculated iMatrix for 5, 0, 12, 16: 0.4834655880203992
calculated iMatrix for 5, 0, 12, 17: 0.2929946216533962
calculated iMatrix for 5, 0, 12, 18: 0.159574136809168
calculated iMatrix for 5, 0, 12, 19: 0.34095628536118683
calculated iMatrix for 5, 0, 13, 0: -0.11054387231998897
calculated iMatrix for 5, 0, 13, 1: -0.07775404949699816
calculated iMatrix for 5, 0, 13, 2: 0.048997656142145685
calculated iMatrix for 5, 0, 13, 3: -0.0680921385852612
calculated iMatrix for 5, 0, 13, 4: 0.20314833596940407
calculated iMatrix for 5, 0, 13, 5: -0.07192312918620503
calculated iMatrix for 5, 0, 13, 6: 0.06884942469487731
calculated iMatrix for 5, 0, 13, 7: 0.1830550047036864
calculated iMatrix for 5, 0, 13, 8: -0.08248219069294416
calculated iMatrix for 5, 0, 13, 9: -0.2065869213399666
calculated iMatrix for 5, 0, 13, 10: -0.19681340951298631
calculated iMatrix for 5, 0, 13, 11: 0.051078822345970276
calculated iMatrix for 5, 0, 13, 12: 0.2164854235009418
calculated iMatrix for 5, 0, 13, 13: 0.00857403399149903
calculated iMatrix for 5, 0, 13, 14: -0.09997718628170837
calculated iMatrix for 5, 0, 13, 15: 0.17205774889937298
calculated iMatrix for 5, 0, 13, 16: -0.10442229657915947
calculated iMatrix for 5, 0, 13, 17: 0.11425281303142021
calculated iMatrix for 5, 0, 13, 18: 0.341504380743502
calculated iMatrix for 5, 0, 13, 19: 0.015192063012446133
calculated iMatrix for 5, 0, 14, 0: -0.30387822894934563
calculated iMatrix for 5, 0, 14, 1: -0.11913926565985244
calculated iMatrix for 5, 0, 14, 2: 0.0015826927395228285
calculated iMatrix for 5, 0, 14, 3: -0.044964226674007124
calculated iMatrix for 5, 0, 14, 4: 0.07840668125828432
calculated iMatrix for 5, 0, 14, 5: -0.1414698638831059
calculated iMatrix for 5, 0, 14, 6: -0.044964226674007124
calculated iMatrix for 5, 0, 14, 7: 0.08628546245950741
calculated iMatrix for 5, 0, 14, 8: -0.25102577077103483
calculated iMatrix for 5, 0, 14, 9: -0.0929288475162332
calculated iMatrix for 5, 0, 14, 10: -0.07775404949699816
calculated iMatrix for 5, 0, 14, 11: -0.051778563093737406
calculated iMatrix for 5, 0, 14, 12: 0.4794374948269181
calculated iMatrix for 5, 0, 14, 13: -0.1318212707672739
calculated iMatrix for 5, 0, 14, 14: 0.1791005591595234
calculated iMatrix for 5, 0, 14, 15: 0.01600092004052034
calculated iMatrix for 5, 0, 14, 16: 0.2573302618493668
calculated iMatrix for 5, 0, 14, 17: 0.16934274283970452
calculated iMatrix for 5, 0, 14, 18: 0.2373269971428974
calculated iMatrix for 5, 0, 14, 19: 0.2835398402980288
calculated iMatrix for 5, 0, 15, 0: 0.06595267116917691
calculated iMatrix for 5, 0, 15, 1: 0.2519992368754699
calculated iMatrix for 5, 0, 15, 2: -0.11802794863493804
calculated iMatrix for 5, 0, 15, 3: -0.1703755393773947
calculated iMatrix for 5, 0, 15, 4: 0.26871271784921047
calculated iMatrix for 5, 0, 15, 5: -0.2571812482645882
calculated iMatrix for 5, 0, 15, 6: -0.17012736962801334
calculated iMatrix for 5, 0, 15, 7: 0.02854060915262513
calculated iMatrix for 5, 0, 15, 8: -0.17216373396807283
calculated iMatrix for 5, 0, 15, 9: -0.0022464969888530417
calculated iMatrix for 5, 0, 15, 10: -0.2428337998564467
calculated iMatrix for 5, 0, 15, 11: 0.07482553809821901
calculated iMatrix for 5, 0, 15, 12: -0.04909879373662196
calculated iMatrix for 5, 0, 15, 13: -0.28639291460832617
calculated iMatrix for 5, 0, 15, 14: 0.15357508640365103
calculated iMatrix for 5, 0, 15, 15: 0.1537577514877282
calculated iMatrix for 5, 0, 15, 16: 0.17915636428802917
calculated iMatrix for 5, 0, 15, 17: 0.12938916047077054
calculated iMatrix for 5, 0, 15, 18: 0.27706732579241133
calculated iMatrix for 5, 0, 15, 19: 0.1335550441702088
calculated iMatrix for 5, 0, 16, 0: -0.036254318590245305
calculated iMatrix for 5, 0, 16, 1: 0.4927908089706149
calculated iMatrix for 5, 0, 16, 2: 0.17458865650947386
calculated iMatrix for 5, 0, 16, 3: 0.025786629443842246
calculated iMatrix for 5, 0, 16, 4: 0.04828667139836684
calculated iMatrix for 5, 0, 16, 5: -0.17638465293862549
calculated iMatrix for 5, 0, 16, 6: -0.20837423191406235
calculated iMatrix for 5, 0, 16, 7: -0.03035181060241421
calculated iMatrix for 5, 0, 16, 8: -0.1977133645759771
calculated iMatrix for 5, 0, 16, 9: -0.19617180431147263
calculated iMatrix for 5, 0, 16, 10: 0.0541734935455499
calculated iMatrix for 5, 0, 16, 11: -0.09366950480289771
calculated iMatrix for 5, 0, 16, 12: 0.03347158561322627
calculated iMatrix for 5, 0, 16, 13: 0.04002898615938533
calculated iMatrix for 5, 0, 16, 14: 0.12750907653936328
calculated iMatrix for 5, 0, 16, 15: 0.08005294153337073
calculated iMatrix for 5, 0, 16, 16: 0.21609707398149802
calculated iMatrix for 5, 0, 16, 17: 0.04514408682615578
calculated iMatrix for 5, 0, 16, 18: 0.12988531528124647
calculated iMatrix for 5, 0, 16, 19: 0.06669723324154675
calculated iMatrix for 5, 1, 0, 0: 0.163182495797211
calculated iMatrix for 5, 1, 0, 1: 0.20148859465795033
calculated iMatrix for 5, 1, 0, 2: -0.03235024577300738
calculated iMatrix for 5, 1, 0, 3: -0.10507566551516079
calculated iMatrix for 5, 1, 0, 4: -0.05876559811222504
calculated iMatrix for 5, 1, 0, 5: -0.06925902676063367
calculated iMatrix for 5, 1, 0, 6: -0.01806428852553088
calculated iMatrix for 5, 1, 0, 7: -0.03813618284005127
calculated iMatrix for 5, 1, 0, 8: 0.17826377592626996
calculated iMatrix for 5, 1, 0, 9: -0.28070521643371293
calculated iMatrix for 5, 1, 0, 10: -0.38476079092528215
calculated iMatrix for 5, 1, 0, 11: 0.20634964195593097
calculated iMatrix for 5, 1, 0, 12: 0.3896441642863675
calculated iMatrix for 5, 1, 0, 13: -0.03360102767465989
calculated iMatrix for 5, 1, 0, 14: -0.09314398362035381
calculated iMatrix for 5, 1, 0, 15: 0.18468147634156917
calculated iMatrix for 5, 1, 0, 16: -0.024133272670726402
calculated iMatrix for 5, 1, 0, 17: -0.13710267384748653
calculated iMatrix for 5, 1, 0, 18: -0.36577834001299214
calculated iMatrix for 5, 1, 0, 19: -0.04818171098968804
calculated iMatrix for 5, 1, 1, 0: -0.0070795832966010774
calculated iMatrix for 5, 1, 1, 1: 0.0829327885812916
calculated iMatrix for 5, 1, 1, 2: 0.14878610503984024
calculated iMatrix for 5, 1, 1, 3: -0.10975659152197159
calculated iMatrix for 5, 1, 1, 4: 0.19791077331006623
calculated iMatrix for 5, 1, 1, 5: 0.26383721972248564
calculated iMatrix for 5, 1, 1, 6: -0.15039592095814935
calculated iMatrix for 5, 1, 1, 7: -0.17118669062722325
calculated iMatrix for 5, 1, 1, 8: 0.0972808168799324
calculated iMatrix for 5, 1, 1, 9: -0.20061789080144088
calculated iMatrix for 5, 1, 1, 10: -1.0864186611531363
calculated iMatrix for 5, 1, 1, 11: 0.06704249810502749
calculated iMatrix for 5, 1, 1, 12: 0.18902182589282024
calculated iMatrix for 5, 1, 1, 13: 0.030856688646900166
calculated iMatrix for 5, 1, 1, 14: 0.08969718866983367
calculated iMatrix for 5, 1, 1, 15: -0.21058923849325195
calculated iMatrix for 5, 1, 1, 16: -0.1493449487121743
calculated iMatrix for 5, 1, 1, 17: 0.0012004790640121055
calculated iMatrix for 5, 1, 1, 18: -0.2897924330350703
calculated iMatrix for 5, 1, 1, 19: 0.11844660195581946
calculated iMatrix for 5, 1, 2, 0: -0.10747087624111562
calculated iMatrix for 5, 1, 2, 1: -0.18693504759536217
calculated iMatrix for 5, 1, 2, 2: 0.12891790182311502
calculated iMatrix for 5, 1, 2, 3: -0.3285069452157603
calculated iMatrix for 5, 1, 2, 4: -0.2524496547059889
calculated iMatrix for 5, 1, 2, 5: 0.2030258739768369
calculated iMatrix for 5, 1, 2, 6: 0.1781081460138867
calculated iMatrix for 5, 1, 2, 7: -0.1320467822899527
calculated iMatrix for 5, 1, 2, 8: 0.2588842282831414
calculated iMatrix for 5, 1, 2, 9: -0.3535082474211779
calculated iMatrix for 5, 1, 2, 10: -0.12830496314395745
calculated iMatrix for 5, 1, 2, 11: 0.26420009734599037
calculated iMatrix for 5, 1, 2, 12: 0.6162130281789115
calculated iMatrix for 5, 1, 2, 13: -0.02782681318119007
calculated iMatrix for 5, 1, 2, 14: 0.011628815300014805
calculated iMatrix for 5, 1, 2, 15: 0.14846249789608512
calculated iMatrix for 5, 1, 2, 16: 0.11121832472371396
calculated iMatrix for 5, 1, 2, 17: -0.2525323300811755
calculated iMatrix for 5, 1, 2, 18: -0.11224415499377316
calculated iMatrix for 5, 1, 2, 19: -0.1092841133652962
calculated iMatrix for 5, 1, 3, 0: -0.1184084852798355
calculated iMatrix for 5, 1, 3, 1: -0.01768557236876056
calculated iMatrix for 5, 1, 3, 2: 0.08969718866983367
calculated iMatrix for 5, 1, 3, 3: -0.11496154797027303
calculated iMatrix for 5, 1, 3, 4: -0.427263423663673
calculated iMatrix for 5, 1, 3, 5: 0.37110964810801916
calculated iMatrix for 5, 1, 3, 6: 0.16775773513937886
calculated iMatrix for 5, 1, 3, 7: -0.4560156940965978
calculated iMatrix for 5, 1, 3, 8: 0.3695750356300329
calculated iMatrix for 5, 1, 3, 9: -0.48819637817352435
calculated iMatrix for 5, 1, 3, 10: -0.010844040552043799
calculated iMatrix for 5, 1, 3, 11: 0.09687854807849816
calculated iMatrix for 5, 1, 3, 12: 0.5015931871082886
calculated iMatrix for 5, 1, 3, 13: -0.10747087624111562
calculated iMatrix for 5, 1, 3, 14: 0.20522609488643928
calculated iMatrix for 5, 1, 3, 15: 0.17096613806661431
calculated iMatrix for 5, 1, 3, 16: 0.12248701149282448
calculated iMatrix for 5, 1, 3, 17: -0.18261538645084596
calculated iMatrix for 5, 1, 3, 18: -0.4062250295935823
calculated iMatrix for 5, 1, 3, 19: -0.22173896979005447
calculated iMatrix for 5, 1, 4, 0: -0.27464062801446776
calculated iMatrix for 5, 1, 4, 1: -0.20755433479809815
calculated iMatrix for 5, 1, 4, 2: 0.012554312820957758
calculated iMatrix for 5, 1, 4, 3: -0.2889697262836064
calculated iMatrix for 5, 1, 4, 4: -0.1400181278076107
calculated iMatrix for 5, 1, 4, 5: 0.23550016473126356
calculated iMatrix for 5, 1, 4, 6: 0.1116760953886089
calculated iMatrix for 5, 1, 4, 7: 0.02250530821448482
calculated iMatrix for 5, 1, 4, 8: 0.045687247673391385
calculated iMatrix for 5, 1, 4, 9: 0.01840215789272648
calculated iMatrix for 5, 1, 4, 10: -0.008553088805487885
calculated iMatrix for 5, 1, 4, 11: -0.023032557094540884
calculated iMatrix for 5, 1, 4, 12: 0.2548977046836769
calculated iMatrix for 5, 1, 4, 13: 0.009654480996297066
calculated iMatrix for 5, 1, 4, 14: -0.12486261895298467
calculated iMatrix for 5, 1, 4, 15: -0.13023608701412792
calculated iMatrix for 5, 1, 4, 16: -0.010053214097225815
calculated iMatrix for 5, 1, 4, 17: 0.3246624789492103
calculated iMatrix for 5, 1, 4, 18: -0.17646374772806706
calculated iMatrix for 5, 1, 4, 19: -0.20755433479809815
calculated iMatrix for 5, 1, 5, 0: -0.3022039398784133
calculated iMatrix for 5, 1, 5, 1: -0.9696943868449948
calculated iMatrix for 5, 1, 5, 2: -0.23108483220829212
calculated iMatrix for 5, 1, 5, 3: -0.24180425784117654
calculated iMatrix for 5, 1, 5, 4: 0.12891790182311502
calculated iMatrix for 5, 1, 5, 5: 0.3714795389944261
calculated iMatrix for 5, 1, 5, 6: -0.24646975104777158
calculated iMatrix for 5, 1, 5, 7: 0.15535115889127038
calculated iMatrix for 5, 1, 5, 8: -0.1977663284319351
calculated iMatrix for 5, 1, 5, 9: -0.05987616947645713
calculated iMatrix for 5, 1, 5, 10: -0.158764170628666
calculated iMatrix for 5, 1, 5, 11: -0.011809757672002652
calculated iMatrix for 5, 1, 5, 12: 0.05005932691079518
calculated iMatrix for 5, 1, 5, 13: -0.3360731855990764
calculated iMatrix for 5, 1, 5, 14: 0.101393228433025
calculated iMatrix for 5, 1, 5, 15: 0.05455933450456829
calculated iMatrix for 5, 1, 5, 16: 0.051307299118191096
calculated iMatrix for 5, 1, 5, 17: 0.3802323301040209
calculated iMatrix for 5, 1, 5, 18: -0.6010432518595468
calculated iMatrix for 5, 1, 5, 19: 0.11192032545454378
calculated iMatrix for 5, 1, 6, 0: -0.1667323402778429
calculated iMatrix for 5, 1, 6, 1: 0.17193528690680582
calculated iMatrix for 5, 1, 6, 2: -0.5995964225741215
calculated iMatrix for 5, 1, 6, 3: -0.75228151023977
calculated iMatrix for 5, 1, 6, 4: 0.4195027339328572
calculated iMatrix for 5, 1, 6, 5: -0.005612991134491319
calculated iMatrix for 5, 1, 6, 6: -0.43639590722694566
calculated iMatrix for 5, 1, 6, 7: 0.5180465906115859
calculated iMatrix for 5, 1, 6, 8: -0.23054385302279679
calculated iMatrix for 5, 1, 6, 9: 0.18673747271194108
calculated iMatrix for 5, 1, 6, 10: 0.057821980139384666
calculated iMatrix for 5, 1, 6, 11: -0.700030819895892
calculated iMatrix for 5, 1, 6, 12: -0.021904987911468776
calculated iMatrix for 5, 1, 6, 13: -0.4901213065831085
calculated iMatrix for 5, 1, 6, 14: -0.012912293616102799
calculated iMatrix for 5, 1, 6, 15: -0.16723879761963834
calculated iMatrix for 5, 1, 6, 16: 0.0037547588691089206
calculated iMatrix for 5, 1, 6, 17: 0.5274762237180244
calculated iMatrix for 5, 1, 6, 18: 0.3389893715699719
calculated iMatrix for 5, 1, 6, 19: 0.35670183269382694
calculated iMatrix for 5, 1, 7, 0: -0.24973594883439287
calculated iMatrix for 5, 1, 7, 1: 0.47466377522965697
calculated iMatrix for 5, 1, 7, 2: -0.5803154164884545
calculated iMatrix for 5, 1, 7, 3: -0.5579596657232351
calculated iMatrix for 5, 1, 7, 4: 0.45742196879515107
calculated iMatrix for 5, 1, 7, 5: -0.20755433479809815
calculated iMatrix for 5, 1, 7, 6: -0.30574636097731167
calculated iMatrix for 5, 1, 7, 7: 0.8524057994357325
calculated iMatrix for 5, 1, 7, 8: -0.29048471412883137
calculated iMatrix for 5, 1, 7, 9: 0.16618929662034643
calculated iMatrix for 5, 1, 7, 10: 0.03794612361738814
calculated iMatrix for 5, 1, 7, 11: -0.4126793806096294
calculated iMatrix for 5, 1, 7, 12: -0.4140181969136525
calculated iMatrix for 5, 1, 7, 13: -0.4266079008607826
calculated iMatrix for 5, 1, 7, 14: -0.08921310766755064
calculated iMatrix for 5, 1, 7, 15: -0.01795690597509214
calculated iMatrix for 5, 1, 7, 16: 0.0037547588691089206
calculated iMatrix for 5, 1, 7, 17: 0.7806278925188871
calculated iMatrix for 5, 1, 7, 18: 0.0037547588691089206
calculated iMatrix for 5, 1, 7, 19: 0.15139075767517363
calculated iMatrix for 5, 1, 8, 0: NaN
calculated iMatrix for 5, 1, 8, 1: NaN
calculated iMatrix for 5, 1, 8, 2: NaN
calculated iMatrix for 5, 1, 8, 3: NaN
calculated iMatrix for 5, 1, 8, 4: NaN
calculated iMatrix for 5, 1, 8, 5: 5.027234827315041E-4
calculated iMatrix for 5, 1, 8, 6: NaN
calculated iMatrix for 5, 1, 8, 7: NaN
calculated iMatrix for 5, 1, 8, 8: NaN
calculated iMatrix for 5, 1, 8, 9: NaN
calculated iMatrix for 5, 1, 8, 10: NaN
calculated iMatrix for 5, 1, 8, 11: NaN
calculated iMatrix for 5, 1, 8, 12: NaN
calculated iMatrix for 5, 1, 8, 13: NaN
calculated iMatrix for 5, 1, 8, 14: NaN
calculated iMatrix for 5, 1, 8, 15: NaN
calculated iMatrix for 5, 1, 8, 16: NaN
calculated iMatrix for 5, 1, 8, 17: NaN
calculated iMatrix for 5, 1, 8, 18: NaN
calculated iMatrix for 5, 1, 8, 19: NaN
calculated iMatrix for 5, 1, 9, 0: -0.009601032312446689
calculated iMatrix for 5, 1, 9, 1: -0.003141820189951572
calculated iMatrix for 5, 1, 9, 2: -0.46171371521123517
calculated iMatrix for 5, 1, 9, 3: -0.5111194534228818
calculated iMatrix for 5, 1, 9, 4: 0.4498256219032164
calculated iMatrix for 5, 1, 9, 5: -0.11891826208146639
calculated iMatrix for 5, 1, 9, 6: 0.04553629288406391
calculated iMatrix for 5, 1, 9, 7: 0.4839889961798727
calculated iMatrix for 5, 1, 9, 8: -0.6406455091811938
calculated iMatrix for 5, 1, 9, 9: 0.014037625824693034
calculated iMatrix for 5, 1, 9, 10: 0.12025983908000049
calculated iMatrix for 5, 1, 9, 11: -0.07402294217357541
calculated iMatrix for 5, 1, 9, 12: -0.40171034923905546
calculated iMatrix for 5, 1, 9, 13: -0.44488252110426396
calculated iMatrix for 5, 1, 9, 14: -0.158764170628666
calculated iMatrix for 5, 1, 9, 15: -0.026592397520182942
calculated iMatrix for 5, 1, 9, 16: 0.2537255524164628
calculated iMatrix for 5, 1, 9, 17: 0.37192026178692794
calculated iMatrix for 5, 1, 9, 18: 0.28492215029969614
calculated iMatrix for 5, 1, 9, 19: 0.28232811512264955
calculated iMatrix for 5, 1, 10, 0: -0.03174215818966042
calculated iMatrix for 5, 1, 10, 1: 0.5545857172487987
calculated iMatrix for 5, 1, 10, 2: -0.07972096328821321
calculated iMatrix for 5, 1, 10, 3: -0.45167448744497696
calculated iMatrix for 5, 1, 10, 4: 0.3192716303143339
calculated iMatrix for 5, 1, 10, 5: 0.16442459028002476
calculated iMatrix for 5, 1, 10, 6: 0.014037625824693034
calculated iMatrix for 5, 1, 10, 7: 0.3695750356300329
calculated iMatrix for 5, 1, 10, 8: -0.12336224357775016
calculated iMatrix for 5, 1, 10, 9: -0.08523008658251707
calculated iMatrix for 5, 1, 10, 10: 0.15019530027039996
calculated iMatrix for 5, 1, 10, 11: -0.28258952074101185
calculated iMatrix for 5, 1, 10, 12: -0.6459799287555228
calculated iMatrix for 5, 1, 10, 13: -0.20755433479809815
calculated iMatrix for 5, 1, 10, 14: -0.4347712114999438
calculated iMatrix for 5, 1, 10, 15: -0.07735689599333262
calculated iMatrix for 5, 1, 10, 16: -0.02858848585111584
calculated iMatrix for 5, 1, 10, 17: 0.22727068032353648
calculated iMatrix for 5, 1, 10, 18: 0.4261694252910466
calculated iMatrix for 5, 1, 10, 19: 0.3246624789492103
calculated iMatrix for 5, 1, 11, 0: -9.400854350987142E-4
calculated iMatrix for 5, 1, 11, 1: 0.10911527452693526
calculated iMatrix for 5, 1, 11, 2: 0.08620678373006507
calculated iMatrix for 5, 1, 11, 3: -0.15605780903092303
calculated iMatrix for 5, 1, 11, 4: 0.26130708986886053
calculated iMatrix for 5, 1, 11, 5: 0.10746296682185563
calculated iMatrix for 5, 1, 11, 6: 0.27201874546378835
calculated iMatrix for 5, 1, 11, 7: 0.11844660195581946
calculated iMatrix for 5, 1, 11, 8: -0.45167448744497696
calculated iMatrix for 5, 1, 11, 9: -0.2138370779775931
calculated iMatrix for 5, 1, 11, 10: 0.2686798441982736
calculated iMatrix for 5, 1, 11, 11: -0.09079118704246003
calculated iMatrix for 5, 1, 11, 12: -0.10875375005400456
calculated iMatrix for 5, 1, 11, 13: -0.06523811261784251
calculated iMatrix for 5, 1, 11, 14: -0.158764170628666
calculated iMatrix for 5, 1, 11, 15: 0.09612807900012399
calculated iMatrix for 5, 1, 11, 16: 0.0729386340812137
calculated iMatrix for 5, 1, 11, 17: 0.06669687882590636
calculated iMatrix for 5, 1, 11, 18: -0.469918599265589
calculated iMatrix for 5, 1, 11, 19: 0.07537713489508513
calculated iMatrix for 5, 1, 12, 0: -0.2399896105512518
calculated iMatrix for 5, 1, 12, 1: -0.2610430197490843
calculated iMatrix for 5, 1, 12, 2: 0.24595494714277688
calculated iMatrix for 5, 1, 12, 3: 0.021819766266747864
calculated iMatrix for 5, 1, 12, 4: 0.422679020351278
calculated iMatrix for 5, 1, 12, 5: 0.1905487768689973
calculated iMatrix for 5, 1, 12, 6: 0.29799423186704876
calculated iMatrix for 5, 1, 12, 7: -0.19819389203853421
calculated iMatrix for 5, 1, 12, 8: -0.12402122218479295
calculated iMatrix for 5, 1, 12, 9: -0.28199681105261387
calculated iMatrix for 5, 1, 12, 10: -0.21703307875264177
calculated iMatrix for 5, 1, 12, 11: 0.26906453356635684
calculated iMatrix for 5, 1, 12, 12: -0.21617507784200507
calculated iMatrix for 5, 1, 12, 13: -0.2193887924451008
calculated iMatrix for 5, 1, 12, 14: -0.13344636264437604
calculated iMatrix for 5, 1, 12, 15: 0.2370600604428179
calculated iMatrix for 5, 1, 12, 16: -0.07983691203899523
calculated iMatrix for 5, 1, 12, 17: -0.03235024577300738
calculated iMatrix for 5, 1, 12, 18: 0.16484991104917812
calculated iMatrix for 5, 1, 12, 19: -0.1305932936619698
calculated iMatrix for 5, 1, 13, 0: -0.2286521637627339
calculated iMatrix for 5, 1, 13, 1: 0.228447497170148
calculated iMatrix for 5, 1, 13, 2: 0.25268897932412093
calculated iMatrix for 5, 1, 13, 3: 0.037402792987341726
calculated iMatrix for 5, 1, 13, 4: 0.01820587740728352
calculated iMatrix for 5, 1, 13, 5: 0.5360650961142641
calculated iMatrix for 5, 1, 13, 6: 0.12891790182311502
calculated iMatrix for 5, 1, 13, 7: -0.3285069452157603
calculated iMatrix for 5, 1, 13, 8: -0.28551587626781005
calculated iMatrix for 5, 1, 13, 9: -0.5085403728762419
calculated iMatrix for 5, 1, 13, 10: -0.3493845302373155
calculated iMatrix for 5, 1, 13, 11: -0.03570407787143881
calculated iMatrix for 5, 1, 13, 12: 0.08543278988337599
calculated iMatrix for 5, 1, 13, 13: -0.37041334251714053
calculated iMatrix for 5, 1, 13, 14: -0.37498727909830176
calculated iMatrix for 5, 1, 13, 15: 0.1999536749398667
calculated iMatrix for 5, 1, 13, 16: 0.37737926112161446
calculated iMatrix for 5, 1, 13, 17: -0.10664816948965194
calculated iMatrix for 5, 1, 13, 18: -0.3180962091979218
calculated iMatrix for 5, 1, 13, 19: 0.03840389428228308
calculated iMatrix for 5, 1, 14, 0: 0.18298512309339077
calculated iMatrix for 5, 1, 14, 1: 0.37505097136202337
calculated iMatrix for 5, 1, 14, 2: 0.27795348098360284
calculated iMatrix for 5, 1, 14, 3: -0.1350149904170026
calculated iMatrix for 5, 1, 14, 4: -0.08325661812052076
calculated iMatrix for 5, 1, 14, 5: 0.1795616346418698
calculated iMatrix for 5, 1, 14, 6: 0.020704317182882237
calculated iMatrix for 5, 1, 14, 7: -0.1899068179845198
calculated iMatrix for 5, 1, 14, 8: 0.22735797463636742
calculated iMatrix for 5, 1, 14, 9: -0.42112843509615683
calculated iMatrix for 5, 1, 14, 10: -0.06170245778553474
calculated iMatrix for 5, 1, 14, 11: -0.09422564949109491
calculated iMatrix for 5, 1, 14, 12: -0.11184725084091429
calculated iMatrix for 5, 1, 14, 13: -0.10747087624111562
calculated iMatrix for 5, 1, 14, 14: -0.25860950559838214
calculated iMatrix for 5, 1, 14, 15: 0.1794018072551069
calculated iMatrix for 5, 1, 14, 16: -0.00934366517680929
calculated iMatrix for 5, 1, 14, 17: -0.05588812829850176
calculated iMatrix for 5, 1, 14, 18: -0.36355858327467905
calculated iMatrix for 5, 1, 14, 19: 0.09993036494986263
calculated iMatrix for 5, 1, 15, 0: -0.33491921250695667
calculated iMatrix for 5, 1, 15, 1: -0.006001416076255817
calculated iMatrix for 5, 1, 15, 2: 0.11806788579904914
calculated iMatrix for 5, 1, 15, 3: -0.018863329718663557
calculated iMatrix for 5, 1, 15, 4: -0.23108483220829212
calculated iMatrix for 5, 1, 15, 5: 0.345266410004496
calculated iMatrix for 5, 1, 15, 6: 0.3169701333260546
calculated iMatrix for 5, 1, 15, 7: -0.06018334195621855
calculated iMatrix for 5, 1, 15, 8: 0.10183694322044423
calculated iMatrix for 5, 1, 15, 9: -0.51293598434928
calculated iMatrix for 5, 1, 15, 10: 0.20442545433126003
calculated iMatrix for 5, 1, 15, 11: 0.27607554615940266
calculated iMatrix for 5, 1, 15, 12: 0.3377413993625762
calculated iMatrix for 5, 1, 15, 13: 0.209886964356782
calculated iMatrix for 5, 1, 15, 14: -0.3631616791218204
calculated iMatrix for 5, 1, 15, 15: 0.09707729596745618
calculated iMatrix for 5, 1, 15, 16: 0.14572502013949618
calculated iMatrix for 5, 1, 15, 17: -0.09688876691057846
calculated iMatrix for 5, 1, 15, 18: -0.746550835530785
calculated iMatrix for 5, 1, 15, 19: -0.3081415717032665
calculated iMatrix for 5, 1, 16, 0: -0.28070521643371293
calculated iMatrix for 5, 1, 16, 1: -0.3506551784387715
calculated iMatrix for 5, 1, 16, 2: -0.014650668673606537
calculated iMatrix for 5, 1, 16, 3: 0.023557386165288685
calculated iMatrix for 5, 1, 16, 4: -0.18171310361421078
calculated iMatrix for 5, 1, 16, 5: 0.3667316428851186
calculated iMatrix for 5, 1, 16, 6: 0.046679803586142876
calculated iMatrix for 5, 1, 16, 7: -0.017298650328723353
calculated iMatrix for 5, 1, 16, 8: 0.14761003483526758
calculated iMatrix for 5, 1, 16, 9: -0.3005943660678838
calculated iMatrix for 5, 1, 16, 10: 0.05195686068698646
calculated iMatrix for 5, 1, 16, 11: 0.29799423186704876
calculated iMatrix for 5, 1, 16, 12: 0.209641113095556
calculated iMatrix for 5, 1, 16, 13: -0.11272023212725912
calculated iMatrix for 5, 1, 16, 14: -0.28070521643371293
calculated iMatrix for 5, 1, 16, 15: 0.08847693226460418
calculated iMatrix for 5, 1, 16, 16: -0.0347115219586871
calculated iMatrix for 5, 1, 16, 17: -0.026154012523464054
calculated iMatrix for 5, 1, 16, 18: -0.13344636264437604
calculated iMatrix for 5, 1, 16, 19: 0.10422528923274355
calculated iMatrix for 5, 2, 0, 0: 0.033576283748458335
calculated iMatrix for 5, 2, 0, 1: 0.1889325490499285
calculated iMatrix for 5, 2, 0, 2: 0.1646356701997458
calculated iMatrix for 5, 2, 0, 3: 0.07207104405679066
calculated iMatrix for 5, 2, 0, 4: -0.15126116870501205
calculated iMatrix for 5, 2, 0, 5: -0.019336869303710813
calculated iMatrix for 5, 2, 0, 6: -0.41662471820109737
calculated iMatrix for 5, 2, 0, 7: -0.14664222284871764
calculated iMatrix for 5, 2, 0, 8: -0.11705189922779491
calculated iMatrix for 5, 2, 0, 9: 0.012440981216155
calculated iMatrix for 5, 2, 0, 10: 0.43756662070551755
calculated iMatrix for 5, 2, 0, 11: -0.07352563417790403
calculated iMatrix for 5, 2, 0, 12: -0.1364898513846995
calculated iMatrix for 5, 2, 0, 13: 0.25420393940315233
calculated iMatrix for 5, 2, 0, 14: 0.008240320518663635
calculated iMatrix for 5, 2, 0, 15: -0.029364110202304117
calculated iMatrix for 5, 2, 0, 16: -0.06634228044707458
calculated iMatrix for 5, 2, 0, 17: -0.07864985169534955
calculated iMatrix for 5, 2, 0, 18: 0.050604984161912725
calculated iMatrix for 5, 2, 0, 19: 0.17699286701181483
calculated iMatrix for 5, 2, 1, 0: 0.0015119106839647234
calculated iMatrix for 5, 2, 1, 1: -0.44963853027354084
calculated iMatrix for 5, 2, 1, 2: 0.2568228845927798
calculated iMatrix for 5, 2, 1, 3: 0.2662578637469648
calculated iMatrix for 5, 2, 1, 4: -0.28144993983284494
calculated iMatrix for 5, 2, 1, 5: 0.11018793921749093
calculated iMatrix for 5, 2, 1, 6: -0.21749604309076176
calculated iMatrix for 5, 2, 1, 7: 0.023745715111644472
calculated iMatrix for 5, 2, 1, 8: -0.18978955400497122
calculated iMatrix for 5, 2, 1, 9: -0.15721711245786363
calculated iMatrix for 5, 2, 1, 10: 0.008881140790512942
calculated iMatrix for 5, 2, 1, 11: -0.2806483365835084
calculated iMatrix for 5, 2, 1, 12: -0.01830991157545725
calculated iMatrix for 5, 2, 1, 13: -0.0987495234018525
calculated iMatrix for 5, 2, 1, 14: -0.039909023378918995
calculated iMatrix for 5, 2, 1, 15: 0.1651039446171063
calculated iMatrix for 5, 2, 1, 16: 0.04145731122512575
calculated iMatrix for 5, 2, 1, 17: 0.04797686175564331
calculated iMatrix for 5, 2, 1, 18: 0.13284308239888487
calculated iMatrix for 5, 2, 1, 19: -0.10890189486587043
calculated iMatrix for 5, 2, 2, 0: 0.020145776677204186
calculated iMatrix for 5, 2, 2, 1: -0.2370770882898683
calculated iMatrix for 5, 2, 2, 2: 0.06118709349244966
calculated iMatrix for 5, 2, 2, 3: 0.12852342125436844
calculated iMatrix for 5, 2, 2, 4: 0.3112864547951879
calculated iMatrix for 5, 2, 2, 5: 0.15791671995100076
calculated iMatrix for 5, 2, 2, 6: 0.3153489879812683
calculated iMatrix for 5, 2, 2, 7: 0.18564126796585567
calculated iMatrix for 5, 2, 2, 8: -0.053798135539586234
calculated iMatrix for 5, 2, 2, 9: 0.051159154306325005
calculated iMatrix for 5, 2, 2, 10: 0.25560744840547267
calculated iMatrix for 5, 2, 2, 11: 0.030917029189693412
calculated iMatrix for 5, 2, 2, 12: -0.5313165612878081
calculated iMatrix for 5, 2, 2, 13: -0.05475553149591339
calculated iMatrix for 5, 2, 2, 14: -0.06655573521326263
calculated iMatrix for 5, 2, 2, 15: -0.12371012473830056
calculated iMatrix for 5, 2, 2, 16: -0.27494736234527806
calculated iMatrix for 5, 2, 2, 17: -0.1044475445164903
calculated iMatrix for 5, 2, 2, 18: -0.24185036704252583
calculated iMatrix for 5, 2, 2, 19: -0.32116020550040947
calculated iMatrix for 5, 2, 3, 0: 0.11572204161877364
calculated iMatrix for 5, 2, 3, 1: -0.028859187192334046
calculated iMatrix for 5, 2, 3, 2: 0.22245524108857206
calculated iMatrix for 5, 2, 3, 3: 0.30123611894168634
calculated iMatrix for 5, 2, 3, 4: 0.20695105455260676
calculated iMatrix for 5, 2, 3, 5: -6.88310225637645E-4
calculated iMatrix for 5, 2, 3, 6: 0.09462186957868712
calculated iMatrix for 5, 2, 3, 7: -0.26008960956247185
calculated iMatrix for 5, 2, 3, 8: -0.15373948471947907
calculated iMatrix for 5, 2, 3, 9: -0.18504032456997432
calculated iMatrix for 5, 2, 3, 10: 0.1754982580008011
calculated iMatrix for 5, 2, 3, 11: 0.02178454562642096
calculated iMatrix for 5, 2, 3, 12: -0.061931935466356336
calculated iMatrix for 5, 2, 3, 13: 0.07034746289111404
calculated iMatrix for 5, 2, 3, 14: -0.08108873566367536
calculated iMatrix for 5, 2, 3, 15: -0.10804682854613712
calculated iMatrix for 5, 2, 3, 16: -0.026579724158379392
calculated iMatrix for 5, 2, 3, 17: 0.00458874687520594
calculated iMatrix for 5, 2, 3, 18: 0.01854305170224979
calculated iMatrix for 5, 2, 3, 19: -0.04580874550610736
calculated iMatrix for 5, 2, 4, 0: 0.29656321324229395
calculated iMatrix for 5, 2, 4, 1: -0.4883915165707742
calculated iMatrix for 5, 2, 4, 2: 0.11446660302447609
calculated iMatrix for 5, 2, 4, 3: 0.15282154932977132
calculated iMatrix for 5, 2, 4, 4: -0.3371605468468508
calculated iMatrix for 5, 2, 4, 5: 0.11927100485334119
calculated iMatrix for 5, 2, 4, 6: 0.17719864950045117
calculated iMatrix for 5, 2, 4, 7: -0.25997090815572066
calculated iMatrix for 5, 2, 4, 8: 0.023745715111644472
calculated iMatrix for 5, 2, 4, 9: -0.059160078680971395
calculated iMatrix for 5, 2, 4, 10: -0.13815930085424055
calculated iMatrix for 5, 2, 4, 11: 0.04376345234519596
calculated iMatrix for 5, 2, 4, 12: -0.032727663970254506
calculated iMatrix for 5, 2, 4, 13: 0.22872485410216736
calculated iMatrix for 5, 2, 4, 14: 0.11149817050258837
calculated iMatrix for 5, 2, 4, 15: 0.0026505910398768595
calculated iMatrix for 5, 2, 4, 16: -0.13965942614597848
calculated iMatrix for 5, 2, 4, 17: -0.213781525686346
calculated iMatrix for 5, 2, 4, 18: -0.15126116870501205
calculated iMatrix for 5, 2, 4, 19: -0.14045025260079647
calculated iMatrix for 5, 2, 5, 0: 0.033997247762252325
calculated iMatrix for 5, 2, 5, 1: -0.8287548086849537
calculated iMatrix for 5, 2, 5, 2: 0.15551575841346255
calculated iMatrix for 5, 2, 5, 3: -0.0078057779945017725
calculated iMatrix for 5, 2, 5, 4: -6.88310225637645E-4
calculated iMatrix for 5, 2, 5, 5: 0.11656295195371036
calculated iMatrix for 5, 2, 5, 6: -0.3143458690806793
calculated iMatrix for 5, 2, 5, 7: 0.0940740744403652
calculated iMatrix for 5, 2, 5, 8: -0.08924170756708283
calculated iMatrix for 5, 2, 5, 9: -0.059395911052415595
calculated iMatrix for 5, 2, 5, 10: 0.22245524108857206
calculated iMatrix for 5, 2, 5, 11: 0.1206725467786296
calculated iMatrix for 5, 2, 5, 12: -0.14162465085673803
calculated iMatrix for 5, 2, 5, 13: 0.25560744840547267
calculated iMatrix for 5, 2, 5, 14: -0.05625816138044848
calculated iMatrix for 5, 2, 5, 15: -0.07504687754418438
calculated iMatrix for 5, 2, 5, 16: 0.04145731122512575
calculated iMatrix for 5, 2, 5, 17: -0.13560762812500848
calculated iMatrix for 5, 2, 5, 18: 0.4047767978825265
calculated iMatrix for 5, 2, 5, 19: -0.19953916897080304
calculated iMatrix for 5, 2, 6, 0: 0.14736478973350198
calculated iMatrix for 5, 2, 6, 1: 0.2783356994830286
calculated iMatrix for 5, 2, 6, 2: -0.034879674973917085
calculated iMatrix for 5, 2, 6, 3: 0.03374388619584634
calculated iMatrix for 5, 2, 6, 4: 0.0533789110446381
calculated iMatrix for 5, 2, 6, 5: -0.1993082487527118
calculated iMatrix for 5, 2, 6, 6: -0.3606910442570448
calculated iMatrix for 5, 2, 6, 7: 0.0898571196470479
calculated iMatrix for 5, 2, 6, 8: -0.3869220564059146
calculated iMatrix for 5, 2, 6, 9: 0.43266200137206234
calculated iMatrix for 5, 2, 6, 10: 0.21209245405302557
calculated iMatrix for 5, 2, 6, 11: 0.22701105762443263
calculated iMatrix for 5, 2, 6, 12: -0.26502301868042744
calculated iMatrix for 5, 2, 6, 13: 0.06455221164276326
calculated iMatrix for 5, 2, 6, 14: -0.00916293721660999
calculated iMatrix for 5, 2, 6, 15: -0.22543058290354456
calculated iMatrix for 5, 2, 6, 16: -0.149108315343911
calculated iMatrix for 5, 2, 6, 17: -0.006152804697716618
calculated iMatrix for 5, 2, 6, 18: -0.43600638148348336
calculated iMatrix for 5, 2, 6, 19: -0.16576806058508642
calculated iMatrix for 5, 2, 7, 0: 0.48189410122695797
calculated iMatrix for 5, 2, 7, 1: -0.24363448883602712
calculated iMatrix for 5, 2, 7, 2: -0.35106897689298266
calculated iMatrix for 5, 2, 7, 3: 0.30946661807820175
calculated iMatrix for 5, 2, 7, 4: 0.1388411010474384
calculated iMatrix for 5, 2, 7, 5: -0.2079488153668445
calculated iMatrix for 5, 2, 7, 6: -0.3740651037823015
calculated iMatrix for 5, 2, 7, 7: 0.10056542347953523
calculated iMatrix for 5, 2, 7, 8: -0.3336701419070822
calculated iMatrix for 5, 2, 7, 9: 0.3067963895223229
calculated iMatrix for 5, 2, 7, 10: 0.47052817544530723
calculated iMatrix for 5, 2, 7, 11: -0.6140705223167204
calculated iMatrix for 5, 2, 7, 12: -0.7336569849722547
calculated iMatrix for 5, 2, 7, 13: 0.5101373135403529
calculated iMatrix for 5, 2, 7, 14: 0.16183061927213727
calculated iMatrix for 5, 2, 7, 15: -0.2567274429161599
calculated iMatrix for 5, 2, 7, 16: -0.3263203322939858
calculated iMatrix for 5, 2, 7, 17: 0.15440177784355646
calculated iMatrix for 5, 2, 7, 18: 0.7011925503030622
calculated iMatrix for 5, 2, 7, 19: -0.08212864216581206
calculated iMatrix for 5, 2, 8, 0: NaN
calculated iMatrix for 5, 2, 8, 1: NaN
calculated iMatrix for 5, 2, 8, 2: NaN
calculated iMatrix for 5, 2, 8, 3: NaN
calculated iMatrix for 5, 2, 8, 4: NaN
calculated iMatrix for 5, 2, 8, 5: 2.8587397220558586E-4
calculated iMatrix for 5, 2, 8, 6: NaN
calculated iMatrix for 5, 2, 8, 7: NaN
calculated iMatrix for 5, 2, 8, 8: NaN
calculated iMatrix for 5, 2, 8, 9: NaN
calculated iMatrix for 5, 2, 8, 10: NaN
calculated iMatrix for 5, 2, 8, 11: NaN
calculated iMatrix for 5, 2, 8, 12: NaN
calculated iMatrix for 5, 2, 8, 13: NaN
calculated iMatrix for 5, 2, 8, 14: NaN
calculated iMatrix for 5, 2, 8, 15: NaN
calculated iMatrix for 5, 2, 8, 16: NaN
calculated iMatrix for 5, 2, 8, 17: NaN
calculated iMatrix for 5, 2, 8, 18: NaN
calculated iMatrix for 5, 2, 8, 19: NaN
calculated iMatrix for 5, 2, 9, 0: 0.29502593392340737
calculated iMatrix for 5, 2, 9, 1: 0.28699376222614315
calculated iMatrix for 5, 2, 9, 2: -0.1188479228023065
calculated iMatrix for 5, 2, 9, 3: 0.45679133283506035
calculated iMatrix for 5, 2, 9, 4: 0.10725952899713942
calculated iMatrix for 5, 2, 9, 5: -0.3812853517557886
calculated iMatrix for 5, 2, 9, 6: 0.015441071704245912
calculated iMatrix for 5, 2, 9, 7: 0.07233682478925219
calculated iMatrix for 5, 2, 9, 8: -0.25159113117412213
calculated iMatrix for 5, 2, 9, 9: 0.4866068161301589
calculated iMatrix for 5, 2, 9, 10: 0.631215245093589
calculated iMatrix for 5, 2, 9, 11: -0.39034281230715995
calculated iMatrix for 5, 2, 9, 12: -0.8155324257631027
calculated iMatrix for 5, 2, 9, 13: 0.15791671995100076
calculated iMatrix for 5, 2, 9, 14: -0.0270056185430112
calculated iMatrix for 5, 2, 9, 15: -0.37754288429253635
calculated iMatrix for 5, 2, 9, 16: -0.24470343602493227
calculated iMatrix for 5, 2, 9, 17: -0.033932368804792334
calculated iMatrix for 5, 2, 9, 18: 0.15531593825094347
calculated iMatrix for 5, 2, 9, 19: -0.2533906637813921
calculated iMatrix for 5, 2, 10, 0: 0.5729137196845249
calculated iMatrix for 5, 2, 10, 1: -0.13815930085424055
calculated iMatrix for 5, 2, 10, 2: -0.3056121891119248
calculated iMatrix for 5, 2, 10, 3: 0.16883414964947452
calculated iMatrix for 5, 2, 10, 4: 0.32227557637078297
calculated iMatrix for 5, 2, 10, 5: -0.6591999941228268
calculated iMatrix for 5, 2, 10, 6: -0.11556858622405963
calculated iMatrix for 5, 2, 10, 7: 0.11325594912358006
calculated iMatrix for 5, 2, 10, 8: -0.08738517235184773
calculated iMatrix for 5, 2, 10, 9: 0.7054930881732145
calculated iMatrix for 5, 2, 10, 10: 0.5572048243983387
calculated iMatrix for 5, 2, 10, 11: -0.5963801546348702
calculated iMatrix for 5, 2, 10, 12: -1.6364435309771115
calculated iMatrix for 5, 2, 10, 13: 0.3430832288771868
calculated iMatrix for 5, 2, 10, 14: 0.22701105762443263
calculated iMatrix for 5, 2, 10, 15: -0.34007175705430903
calculated iMatrix for 5, 2, 10, 16: -0.6028637125798562
calculated iMatrix for 5, 2, 10, 17: 0.034593503919001956
calculated iMatrix for 5, 2, 10, 18: -0.03750228334835404
calculated iMatrix for 5, 2, 10, 19: 0.16719256241352265
calculated iMatrix for 5, 2, 11, 0: 0.43983810613934593
calculated iMatrix for 5, 2, 11, 1: -0.21199740389284472
calculated iMatrix for 5, 2, 11, 2: -0.25296845562650283
calculated iMatrix for 5, 2, 11, 3: -0.25492244860987867
calculated iMatrix for 5, 2, 11, 4: 0.10694235396672758
calculated iMatrix for 5, 2, 11, 5: -0.08092574090631266
calculated iMatrix for 5, 2, 11, 6: -0.18300986701959232
calculated iMatrix for 5, 2, 11, 7: -0.053798135539586234
calculated iMatrix for 5, 2, 11, 8: 0.4396235292126949
calculated iMatrix for 5, 2, 11, 9: 0.6262439028694841
calculated iMatrix for 5, 2, 11, 10: 0.47734749071736204
calculated iMatrix for 5, 2, 11, 11: -0.3236771965095635
calculated iMatrix for 5, 2, 11, 12: -1.3391920075091797
calculated iMatrix for 5, 2, 11, 13: 0.3559866337130946
calculated iMatrix for 5, 2, 11, 14: -0.28837038267741866
calculated iMatrix for 5, 2, 11, 15: -0.1462306155162958
calculated iMatrix for 5, 2, 11, 16: -0.208543169024757
calculated iMatrix for 5, 2, 11, 17: -0.21761539619706793
calculated iMatrix for 5, 2, 11, 18: -0.4931647953234317
calculated iMatrix for 5, 2, 11, 19: -0.3508907396587526
calculated iMatrix for 5, 2, 12, 0: 0.6381768493639255
calculated iMatrix for 5, 2, 12, 1: -0.7991960064434096
calculated iMatrix for 5, 2, 12, 2: -0.0576551348323151
calculated iMatrix for 5, 2, 12, 3: -0.21426241052369677
calculated iMatrix for 5, 2, 12, 4: 0.017660828442558785
calculated iMatrix for 5, 2, 12, 5: 0.2696689785688373
calculated iMatrix for 5, 2, 12, 6: -0.1913086698342874
calculated iMatrix for 5, 2, 12, 7: -0.25517231326782297
calculated iMatrix for 5, 2, 12, 8: 0.2828357520774796
calculated iMatrix for 5, 2, 12, 9: 0.4661457442588186
calculated iMatrix for 5, 2, 12, 10: 0.312969248629404
calculated iMatrix for 5, 2, 12, 11: 0.06684789676484959
calculated iMatrix for 5, 2, 12, 12: -0.6137927831120464
calculated iMatrix for 5, 2, 12, 13: 0.3225386996455546
calculated iMatrix for 5, 2, 12, 14: 0.013363443230012706
calculated iMatrix for 5, 2, 12, 15: -0.3345597651467933
calculated iMatrix for 5, 2, 12, 16: -0.802825774493988
calculated iMatrix for 5, 2, 12, 17: -0.4706919394713731
calculated iMatrix for 5, 2, 12, 18: -0.4706919394713731
calculated iMatrix for 5, 2, 12, 19: -0.4431419877031426
calculated iMatrix for 5, 2, 13, 0: 0.33108908209136745
calculated iMatrix for 5, 2, 13, 1: -0.10729804528389608
calculated iMatrix for 5, 2, 13, 2: -0.3722518666581207
calculated iMatrix for 5, 2, 13, 3: 0.07090534296137108
calculated iMatrix for 5, 2, 13, 4: -0.3628029774601884
calculated iMatrix for 5, 2, 13, 5: -0.5777337332963439
calculated iMatrix for 5, 2, 13, 6: -0.24938493596446487
calculated iMatrix for 5, 2, 13, 7: -0.007445092688517452
calculated iMatrix for 5, 2, 13, 8: 0.32942736064073985
calculated iMatrix for 5, 2, 13, 9: 0.5985064639904432
calculated iMatrix for 5, 2, 13, 10: 0.5101373135403529
calculated iMatrix for 5, 2, 13, 11: -0.047208325860530476
calculated iMatrix for 5, 2, 13, 12: -0.4747160897710989
calculated iMatrix for 5, 2, 13, 13: 0.2606764539087696
calculated iMatrix for 5, 2, 13, 14: 0.40316519398818507
calculated iMatrix for 5, 2, 13, 15: -0.5497961205626454
calculated iMatrix for 5, 2, 13, 16: -0.24695859161986577
calculated iMatrix for 5, 2, 13, 17: -0.08220516789762677
calculated iMatrix for 5, 2, 13, 18: -0.2571178391733142
calculated iMatrix for 5, 2, 13, 19: -0.06040754492726008
calculated iMatrix for 5, 2, 14, 0: 0.28989652188410453
calculated iMatrix for 5, 2, 14, 1: -0.21579968984258335
calculated iMatrix for 5, 2, 14, 2: -0.31417102862215174
calculated iMatrix for 5, 2, 14, 3: 0.17769734044707852
calculated iMatrix for 5, 2, 14, 4: -0.04696906278964397
calculated iMatrix for 5, 2, 14, 5: 0.04995542259311714
calculated iMatrix for 5, 2, 14, 6: 0.050604984161912725
calculated iMatrix for 5, 2, 14, 7: 0.03008334844111582
calculated iMatrix for 5, 2, 14, 8: 0.1722654965647168
calculated iMatrix for 5, 2, 14, 9: 0.41878753495212506
calculated iMatrix for 5, 2, 14, 10: 0.1683880198182961
calculated iMatrix for 5, 2, 14, 11: 0.15649727329677465
calculated iMatrix for 5, 2, 14, 12: -0.744693908019074
calculated iMatrix for 5, 2, 14, 13: 0.2783356994830286
calculated iMatrix for 5, 2, 14, 14: -0.05422907715366754
calculated iMatrix for 5, 2, 14, 15: -0.21455822475451836
calculated iMatrix for 5, 2, 14, 16: -0.431026683078942
calculated iMatrix for 5, 2, 14, 17: -0.22075019500243953
calculated iMatrix for 5, 2, 14, 18: -0.061312932042072665
calculated iMatrix for 5, 2, 14, 19: -0.6372651392971886
calculated iMatrix for 5, 2, 15, 0: 0.16183061927213727
calculated iMatrix for 5, 2, 15, 1: -0.4250219026381852
calculated iMatrix for 5, 2, 15, 2: 0.07315893972611187
calculated iMatrix for 5, 2, 15, 3: 0.2661596753233013
calculated iMatrix for 5, 2, 15, 4: -0.21674800665144245
calculated iMatrix for 5, 2, 15, 5: 0.06096777119745944
calculated iMatrix for 5, 2, 15, 6: -0.051546727459128805
calculated iMatrix for 5, 2, 15, 7: 0.009710396995260995
calculated iMatrix for 5, 2, 15, 8: 0.16970467570304315
calculated iMatrix for 5, 2, 15, 9: 0.35198929328047424
calculated iMatrix for 5, 2, 15, 10: 0.1816332465683168
calculated iMatrix for 5, 2, 15, 11: -0.4596012527772153
calculated iMatrix for 5, 2, 15, 12: -0.29861187672961553
calculated iMatrix for 5, 2, 15, 13: 0.24091730392830746
calculated iMatrix for 5, 2, 15, 14: 0.058825817306769945
calculated iMatrix for 5, 2, 15, 15: -0.36750770323614246
calculated iMatrix for 5, 2, 15, 16: -0.4834309652488029
calculated iMatrix for 5, 2, 15, 17: -0.11509866140338199
calculated iMatrix for 5, 2, 15, 18: 0.11053732488458667
calculated iMatrix for 5, 2, 15, 19: 0.04932211034902356
calculated iMatrix for 5, 2, 16, 0: 0.26539969291831333
calculated iMatrix for 5, 2, 16, 1: -0.48026139048752414
calculated iMatrix for 5, 2, 16, 2: -0.2735552968922781
calculated iMatrix for 5, 2, 16, 3: -0.06299219356179253
calculated iMatrix for 5, 2, 16, 4: 0.07935439744789874
calculated iMatrix for 5, 2, 16, 5: -0.10064966120569352
calculated iMatrix for 5, 2, 16, 6: 0.2681252779217602
calculated iMatrix for 5, 2, 16, 7: 0.061947260765847334
calculated iMatrix for 5, 2, 16, 8: 0.16666388146015643
calculated iMatrix for 5, 2, 16, 9: 0.48314180919834127
calculated iMatrix for 5, 2, 16, 10: -0.13815930085424055
calculated iMatrix for 5, 2, 16, 11: -0.16247526457788442
calculated iMatrix for 5, 2, 16, 12: -0.284195011266938
calculated iMatrix for 5, 2, 16, 13: 0.036849609093427604
calculated iMatrix for 5, 2, 16, 14: 0.0383622046462353
calculated iMatrix for 5, 2, 16, 15: -0.22234928157962464
calculated iMatrix for 5, 2, 16, 16: -0.32492797841121623
calculated iMatrix for 5, 2, 16, 17: -0.04667342346746106
calculated iMatrix for 5, 2, 16, 18: -0.08292640846260979
calculated iMatrix for 5, 2, 16, 19: -0.21674800665144245
calculated fs for 0: [J@4b32ace3
calculated fs for 0: [J@4b32ace3
calculated fs for 0: [J@4b32ace3
calculated fs for 0: [J@4b32ace3
calculated fs for 0: [J@4b32ace3
calculated fs for 0: [J@4b32ace3
calculated fs for 0: [J@4b32ace3
calculated fs for 0: [J@4b32ace3
calculated fs for 0: [J@4b32ace3
calculated fs for 0: [J@4b32ace3
calculated fs for 0: [J@4b32ace3
calculated fs for 0: [J@4b32ace3
calculated fs for 0: [J@4b32ace3
calculated fs for 0: [J@4b32ace3
calculated fs for 0: [J@4b32ace3
calculated fs for 0: [J@4b32ace3
calculated fs for 0: [J@4b32ace3
calculated fs for 0: [J@4b32ace3
calculated fs for 0: [J@4b32ace3
calculated fs for 0: [J@4b32ace3
calculated fs for 0: [J@4b32ace3
calculated fs for 0: [J@4b32ace3
calculated fs for 0: [J@4b32ace3
calculated fs for 0: [J@4b32ace3
calculated fs for 0: [J@4b32ace3
calculated fs for 0: [J@4b32ace3
calculated fs for 0: [J@4b32ace3
calculated fs for 0: [J@4b32ace3
calculated fs for 0: [J@4b32ace3
calculated fs for 0: [J@4b32ace3
calculated fs for 0: [J@4b32ace3
calculated fs for 0: [J@4b32ace3
calculated fs for 0: [J@4b32ace3
calculated fs for 0: [J@4b32ace3
calculated fs for 0: [J@4b32ace3
calculated fs for 0: [J@4b32ace3
calculated fs for 0: [J@4b32ace3
calculated fs for 0: [J@4b32ace3
calculated fs for 0: [J@4b32ace3
calculated fs for 0: [J@4b32ace3
calculated fs for 0: [J@4b32ace3
calculated fs for 0: [J@4b32ace3
calculated fs for 0: [J@4b32ace3
calculated fs for 0: [J@4b32ace3
calculated fs for 0: [J@4b32ace3
calculated fs for 0: [J@4b32ace3
calculated fs for 0: [J@4b32ace3
calculated fs for 0: [J@4b32ace3
calculated fs for 0: [J@4b32ace3
calculated fs for 0: [J@4b32ace3
calculated fs for 0: [J@4b32ace3
calculated fs for 0: [J@4b32ace3
calculated fs for 0: [J@4b32ace3
calculated fs for 0: [J@4b32ace3
calculated fs for 0: [J@4b32ace3
calculated fs for 0: [J@4b32ace3
calculated fs for 0: [J@4b32ace3
calculated fs for 0: [J@4b32ace3
calculated fs for 0: [J@4b32ace3
calculated fs for 0: [J@4b32ace3
calculated fs for 0: [J@4b32ace3
calculated fs for 0: [J@4b32ace3
calculated fs for 0: [J@4b32ace3
calculated fs for 0: [J@4b32ace3
calculated fs for 0: [J@4b32ace3
calculated fs for 0: [J@4b32ace3
calculated fs for 0: [J@4b32ace3
calculated fs for 0: [J@4b32ace3
calculated fs for 0: [J@4b32ace3
calculated fs for 0: [J@4b32ace3
calculated fs for 0: [J@4b32ace3
calculated fs for 0: [J@4b32ace3
calculated fs for 0: [J@4b32ace3
calculated fs for 0: [J@4b32ace3
calculated fs for 0: [J@4b32ace3
calculated fs for 0: [J@4b32ace3
calculated fs for 0: [J@4b32ace3
calculated fs for 0: [J@4b32ace3
calculated fs for 0: [J@4b32ace3
calculated fs for 0: [J@4b32ace3
calculated fs for 0: [J@4b32ace3
calculated fs for 0: [J@4b32ace3
calculated fs for 0: [J@4b32ace3
calculated fs for 0: [J@4b32ace3
calculated fs for 0: [J@4b32ace3
calculated fs for 0: [J@4b32ace3
calculated fs for 0: [J@4b32ace3
calculated fs for 0: [J@4b32ace3
calculated fs for 0: [J@4b32ace3
calculated fs for 0: [J@4b32ace3
calculated fs for 0: [J@4b32ace3
calculated fs for 0: [J@4b32ace3
calculated fs for 0: [J@4b32ace3
calculated fs for 0: [J@4b32ace3
calculated fs for 0: [J@4b32ace3
calculated fs for 0: [J@4b32ace3
calculated fs for 0: [J@4b32ace3
calculated fs for 0: [J@4b32ace3
calculated fs for 0: [J@4b32ace3
calculated fs for 0: [J@4b32ace3
calculated fs for 0: [J@4b32ace3
calculated fs for 0: [J@4b32ace3
calculated fs for 0: [J@4b32ace3
calculated fs for 0: [J@4b32ace3
calculated fs for 0: [J@4b32ace3
calculated fs for 0: [J@4b32ace3
calculated fs for 0: [J@4b32ace3
calculated fs for 0: [J@4b32ace3
calculated fs for 0: [J@4b32ace3
calculated fs for 0: [J@4b32ace3
calculated fs for 0: [J@4b32ace3
calculated fs for 0: [J@4b32ace3
calculated fs for 0: [J@4b32ace3
calculated fs for 0: [J@4b32ace3
calculated fs for 0: [J@4b32ace3
calculated fs for 0: [J@4b32ace3
calculated fs for 0: [J@4b32ace3
calculated fs for 0: [J@4b32ace3
calculated fs for 0: [J@4b32ace3
calculated fs for 0: [J@4b32ace3
calculated fs for 0: [J@4b32ace3
calculated fs for 0: [J@4b32ace3
calculated fs for 0: [J@4b32ace3
calculated fs for 0: [J@4b32ace3
calculated fs for 0: [J@4b32ace3
calculated fs for 0: [J@4b32ace3
calculated fs for 0: [J@4b32ace3
calculated fs for 0: [J@4b32ace3
calculated fs for 0: [J@4b32ace3
calculated fs for 0: [J@4b32ace3
calculated fs for 0: [J@4b32ace3
calculated fs for 0: [J@4b32ace3
calculated fs for 0: [J@4b32ace3
calculated fs for 0: [J@4b32ace3
calculated fs for 0: [J@4b32ace3
calculated fs for 0: [J@4b32ace3
calculated fs for 0: [J@4b32ace3
calculated fs for 0: [J@4b32ace3
calculated fs for 0: [J@4b32ace3
calculated fs for 0: [J@4b32ace3
calculated fs for 0: [J@4b32ace3
calculated fs for 0: [J@4b32ace3
calculated fs for 0: [J@4b32ace3
calculated fs for 0: [J@4b32ace3
calculated fs for 0: [J@4b32ace3
calculated fs for 0: [J@4b32ace3
calculated fs for 0: [J@4b32ace3
calculated fs for 0: [J@4b32ace3
calculated fs for 0: [J@4b32ace3
calculated fs for 0: [J@4b32ace3
calculated fs for 0: [J@4b32ace3
calculated fs for 0: [J@4b32ace3
calculated fs for 0: [J@4b32ace3
calculated fs for 0: [J@4b32ace3
calculated fs for 0: [J@4b32ace3
calculated fs for 0: [J@4b32ace3
calculated fs for 0: [J@4b32ace3
calculated fs for 0: [J@4b32ace3
calculated fs for 0: [J@4b32ace3
calculated fs for 0: [J@4b32ace3
calculated fs for 0: [J@4b32ace3
calculated fs for 0: [J@4b32ace3
calculated fs for 0: [J@4b32ace3
calculated fs for 0: [J@4b32ace3
calculated fs for 0: [J@4b32ace3
calculated fs for 0: [J@4b32ace3
calculated fs for 0: [J@4b32ace3
calculated fs for 0: [J@4b32ace3
calculated fs for 0: [J@4b32ace3
calculated fs for 0: [J@4b32ace3
calculated fs for 0: [J@4b32ace3
calculated fs for 0: [J@4b32ace3
calculated fs for 0: [J@4b32ace3
calculated fs for 0: [J@4b32ace3
calculated fs for 0: [J@4b32ace3
calculated fs for 0: [J@4b32ace3
calculated fs for 0: [J@4b32ace3
calculated fs for 0: [J@4b32ace3
calculated fs for 0: [J@4b32ace3
calculated fs for 0: [J@4b32ace3
calculated fs for 0: [J@4b32ace3
calculated fs for 0: [J@4b32ace3
calculated fs for 0: [J@4b32ace3
calculated fs for 0: [J@4b32ace3
calculated fs for 0: [J@4b32ace3
calculated fs for 0: [J@4b32ace3
calculated fs for 0: [J@4b32ace3
calculated fs for 0: [J@4b32ace3
calculated fs for 0: [J@4b32ace3
calculated fs for 0: [J@4b32ace3
calculated fs for 0: [J@4b32ace3
calculated fs for 0: [J@4b32ace3
calculated fs for 0: [J@4b32ace3
calculated fs for 0: [J@4b32ace3
calculated fs for 0: [J@4b32ace3
calculated fs for 0: [J@4b32ace3
calculated fs for 0: [J@4b32ace3
calculated fs for 0: [J@4b32ace3
calculated fs for 0: [J@4b32ace3
calculated fs for 0: [J@4b32ace3
calculated fs for 0: [J@4b32ace3
calculated fs for 0: [J@4b32ace3
calculated fs for 0: [J@4b32ace3
calculated fs for 0: [J@4b32ace3
calculated fs for 0: [J@4b32ace3
calculated fs for 0: [J@4b32ace3
calculated fs for 0: [J@4b32ace3
calculated fs for 0: [J@4b32ace3
calculated fs for 0: [J@4b32ace3
calculated fs for 0: [J@4b32ace3
calculated fs for 0: [J@4b32ace3
calculated fs for 0: [J@4b32ace3
calculated fs for 0: [J@4b32ace3
calculated fs for 0: [J@4b32ace3
calculated fs for 0: [J@4b32ace3
calculated fs for 0: [J@4b32ace3
calculated fs for 0: [J@4b32ace3
calculated fs for 0: [J@4b32ace3
calculated fs for 0: [J@4b32ace3
calculated fs for 0: [J@4b32ace3
calculated fs for 0: [J@4b32ace3
calculated fs for 0: [J@4b32ace3
calculated fs for 0: [J@4b32ace3
calculated fs for 0: [J@4b32ace3
calculated fs for 0: [J@4b32ace3
calculated fs for 0: [J@4b32ace3
calculated fs for 0: [J@4b32ace3
calculated fs for 0: [J@4b32ace3
calculated fs for 0: [J@4b32ace3
calculated fs for 0: [J@4b32ace3
calculated fs for 0: [J@4b32ace3
calculated fs for 0: [J@4b32ace3
calculated fs for 0: [J@4b32ace3
calculated fs for 0: [J@4b32ace3
calculated fs for 0: [J@4b32ace3
calculated fs for 0: [J@4b32ace3
calculated fs for 0: [J@4b32ace3
calculated fs for 0: [J@4b32ace3
calculated fs for 0: [J@4b32ace3
calculated fs for 0: [J@4b32ace3
calculated fs for 0: [J@4b32ace3
calculated fs for 0: [J@4b32ace3
calculated fs for 0: [J@4b32ace3
calculated fs for 0: [J@4b32ace3
calculated fs for 0: [J@4b32ace3
calculated fs for 0: [J@4b32ace3
calculated fs for 0: [J@4b32ace3
calculated fs for 0: [J@4b32ace3
calculated fs for 0: [J@4b32ace3
calculated fs for 0: [J@4b32ace3
calculated fs for 0: [J@4b32ace3
calculated fs for 0: [J@4b32ace3
calculated fs for 0: [J@4b32ace3
calculated fs for 0: [J@4b32ace3
calculated fs for 0: [J@4b32ace3
calculated fs for 0: [J@4b32ace3
calculated fs for 0: [J@4b32ace3
calculated fs for 0: [J@4b32ace3
calculated fs for 0: [J@4b32ace3
calculated fs for 0: [J@4b32ace3
calculated fs for 0: [J@4b32ace3
calculated fs for 0: [J@4b32ace3
calculated fs for 0: [J@4b32ace3
calculated fs for 0: [J@4b32ace3
calculated fs for 0: [J@4b32ace3
calculated fs for 0: [J@4b32ace3
calculated fs for 0: [J@4b32ace3
calculated fs for 0: [J@4b32ace3
calculated fs for 0: [J@4b32ace3
calculated fs for 0: [J@4b32ace3
calculated fs for 0: [J@4b32ace3
calculated fs for 0: [J@4b32ace3
calculated fs for 0: [J@4b32ace3
calculated fs for 0: [J@4b32ace3
calculated fs for 0: [J@4b32ace3
calculated fs for 0: [J@4b32ace3
calculated fs for 0: [J@4b32ace3
calculated fs for 0: [J@4b32ace3
calculated fs for 0: [J@4b32ace3
calculated fs for 0: [J@4b32ace3
calculated fs for 0: [J@4b32ace3
calculated fs for 0: [J@4b32ace3
calculated fs for 0: [J@4b32ace3
calculated fs for 0: [J@4b32ace3
calculated fs for 0: [J@4b32ace3
calculated fs for 0: [J@4b32ace3
calculated fs for 0: [J@4b32ace3
calculated fs for 0: [J@4b32ace3
calculated fs for 0: [J@4b32ace3
calculated fs for 0: [J@4b32ace3
calculated fs for 0: [J@4b32ace3
calculated fs for 0: [J@4b32ace3
calculated fs for 0: [J@4b32ace3
calculated fs for 0: [J@4b32ace3
calculated fs for 0: [J@4b32ace3
calculated fs for 0: [J@4b32ace3
calculated fs for 0: [J@4b32ace3
calculated fs for 0: [J@4b32ace3
calculated fs for 0: [J@4b32ace3
calculated fs for 0: [J@4b32ace3
calculated fs for 0: [J@4b32ace3
calculated fs for 0: [J@4b32ace3
calculated fs for 0: [J@4b32ace3
calculated fs for 0: [J@4b32ace3
calculated fs for 0: [J@4b32ace3
calculated fs for 0: [J@4b32ace3
calculated fs for 0: [J@4b32ace3
calculated fs for 0: [J@4b32ace3
calculated fs for 0: [J@4b32ace3
calculated fs for 0: [J@4b32ace3
calculated fs for 0: [J@4b32ace3
calculated fs for 0: [J@4b32ace3
calculated fs for 0: [J@4b32ace3
calculated fs for 0: [J@4b32ace3
calculated fs for 0: [J@4b32ace3
calculated fs for 0: [J@4b32ace3
calculated fs for 0: [J@4b32ace3
calculated fs for 0: [J@4b32ace3
calculated fs for 0: [J@4b32ace3
calculated fs for 0: [J@4b32ace3
calculated fs for 0: [J@4b32ace3
calculated fs for 0: [J@4b32ace3
calculated fs for 0: [J@4b32ace3
calculated fs for 0: [J@4b32ace3
calculated fs for 0: [J@4b32ace3
calculated fs for 0: [J@4b32ace3
calculated fs for 0: [J@4b32ace3
calculated fs for 0: [J@4b32ace3
calculated fs for 0: [J@4b32ace3
calculated fs for 0: [J@4b32ace3
calculated fs for 0: [J@4b32ace3
calculated fs for 0: [J@4b32ace3
calculated fs for 0: [J@4b32ace3
calculated fs for 0: [J@4b32ace3
calculated fs for 0: [J@4b32ace3
calculated fs for 0: [J@4b32ace3
calculated fs for 0: [J@4b32ace3
calculated fs for 0: [J@4b32ace3
calculated fs for 0: [J@4b32ace3
calculated fs for 0: [J@4b32ace3
calculated fs for 1: [J@6bf491a6
calculated fs for 1: [J@6bf491a6
calculated fs for 1: [J@6bf491a6
calculated fs for 1: [J@6bf491a6
calculated fs for 1: [J@6bf491a6
calculated fs for 1: [J@6bf491a6
calculated fs for 1: [J@6bf491a6
calculated fs for 1: [J@6bf491a6
calculated fs for 1: [J@6bf491a6
calculated fs for 1: [J@6bf491a6
calculated fs for 1: [J@6bf491a6
calculated fs for 1: [J@6bf491a6
calculated fs for 1: [J@6bf491a6
calculated fs for 1: [J@6bf491a6
calculated fs for 1: [J@6bf491a6
calculated fs for 1: [J@6bf491a6
calculated fs for 1: [J@6bf491a6
calculated fs for 1: [J@6bf491a6
calculated fs for 1: [J@6bf491a6
calculated fs for 1: [J@6bf491a6
calculated fs for 1: [J@6bf491a6
calculated fs for 1: [J@6bf491a6
calculated fs for 1: [J@6bf491a6
calculated fs for 1: [J@6bf491a6
calculated fs for 1: [J@6bf491a6
calculated fs for 1: [J@6bf491a6
calculated fs for 1: [J@6bf491a6
calculated fs for 1: [J@6bf491a6
calculated fs for 1: [J@6bf491a6
calculated fs for 1: [J@6bf491a6
calculated fs for 1: [J@6bf491a6
calculated fs for 1: [J@6bf491a6
calculated fs for 1: [J@6bf491a6
calculated fs for 1: [J@6bf491a6
calculated fs for 1: [J@6bf491a6
calculated fs for 1: [J@6bf491a6
calculated fs for 1: [J@6bf491a6
calculated fs for 1: [J@6bf491a6
calculated fs for 1: [J@6bf491a6
calculated fs for 1: [J@6bf491a6
calculated fs for 1: [J@6bf491a6
calculated fs for 1: [J@6bf491a6
calculated fs for 1: [J@6bf491a6
calculated fs for 1: [J@6bf491a6
calculated fs for 1: [J@6bf491a6
calculated fs for 1: [J@6bf491a6
calculated fs for 1: [J@6bf491a6
calculated fs for 1: [J@6bf491a6
calculated fs for 1: [J@6bf491a6
calculated fs for 1: [J@6bf491a6
calculated fs for 1: [J@6bf491a6
calculated fs for 1: [J@6bf491a6
calculated fs for 1: [J@6bf491a6
calculated fs for 1: [J@6bf491a6
calculated fs for 1: [J@6bf491a6
calculated fs for 1: [J@6bf491a6
calculated fs for 1: [J@6bf491a6
calculated fs for 1: [J@6bf491a6
calculated fs for 1: [J@6bf491a6
calculated fs for 1: [J@6bf491a6
calculated fs for 1: [J@6bf491a6
calculated fs for 1: [J@6bf491a6
calculated fs for 1: [J@6bf491a6
calculated fs for 1: [J@6bf491a6
calculated fs for 1: [J@6bf491a6
calculated fs for 1: [J@6bf491a6
calculated fs for 1: [J@6bf491a6
calculated fs for 1: [J@6bf491a6
calculated fs for 1: [J@6bf491a6
calculated fs for 1: [J@6bf491a6
calculated fs for 1: [J@6bf491a6
calculated fs for 1: [J@6bf491a6
calculated fs for 1: [J@6bf491a6
calculated fs for 1: [J@6bf491a6
calculated fs for 1: [J@6bf491a6
calculated fs for 1: [J@6bf491a6
calculated fs for 1: [J@6bf491a6
calculated fs for 1: [J@6bf491a6
calculated fs for 1: [J@6bf491a6
calculated fs for 1: [J@6bf491a6
calculated fs for 1: [J@6bf491a6
calculated fs for 1: [J@6bf491a6
calculated fs for 1: [J@6bf491a6
calculated fs for 1: [J@6bf491a6
calculated fs for 1: [J@6bf491a6
calculated fs for 1: [J@6bf491a6
calculated fs for 1: [J@6bf491a6
calculated fs for 1: [J@6bf491a6
calculated fs for 1: [J@6bf491a6
calculated fs for 1: [J@6bf491a6
calculated fs for 1: [J@6bf491a6
calculated fs for 1: [J@6bf491a6
calculated fs for 1: [J@6bf491a6
calculated fs for 1: [J@6bf491a6
calculated fs for 1: [J@6bf491a6
calculated fs for 1: [J@6bf491a6
calculated fs for 1: [J@6bf491a6
calculated fs for 1: [J@6bf491a6
calculated fs for 1: [J@6bf491a6
calculated fs for 1: [J@6bf491a6
calculated fs for 1: [J@6bf491a6
calculated fs for 1: [J@6bf491a6
calculated fs for 1: [J@6bf491a6
calculated fs for 1: [J@6bf491a6
calculated fs for 1: [J@6bf491a6
calculated fs for 1: [J@6bf491a6
calculated fs for 1: [J@6bf491a6
calculated fs for 1: [J@6bf491a6
calculated fs for 1: [J@6bf491a6
calculated fs for 1: [J@6bf491a6
calculated fs for 1: [J@6bf491a6
calculated fs for 1: [J@6bf491a6
calculated fs for 1: [J@6bf491a6
calculated fs for 1: [J@6bf491a6
calculated fs for 1: [J@6bf491a6
calculated fs for 1: [J@6bf491a6
calculated fs for 1: [J@6bf491a6
calculated fs for 1: [J@6bf491a6
calculated fs for 1: [J@6bf491a6
calculated fs for 1: [J@6bf491a6
calculated fs for 1: [J@6bf491a6
calculated fs for 1: [J@6bf491a6
calculated fs for 1: [J@6bf491a6
calculated fs for 1: [J@6bf491a6
calculated fs for 1: [J@6bf491a6
calculated fs for 1: [J@6bf491a6
calculated fs for 1: [J@6bf491a6
calculated fs for 1: [J@6bf491a6
calculated fs for 1: [J@6bf491a6
calculated fs for 1: [J@6bf491a6
calculated fs for 1: [J@6bf491a6
calculated fs for 1: [J@6bf491a6
calculated fs for 1: [J@6bf491a6
calculated fs for 1: [J@6bf491a6
calculated fs for 1: [J@6bf491a6
calculated fs for 1: [J@6bf491a6
calculated fs for 1: [J@6bf491a6
calculated fs for 1: [J@6bf491a6
calculated fs for 1: [J@6bf491a6
calculated fs for 1: [J@6bf491a6
calculated fs for 1: [J@6bf491a6
calculated fs for 1: [J@6bf491a6
calculated fs for 1: [J@6bf491a6
calculated fs for 1: [J@6bf491a6
calculated fs for 1: [J@6bf491a6
calculated fs for 1: [J@6bf491a6
calculated fs for 1: [J@6bf491a6
calculated fs for 1: [J@6bf491a6
calculated fs for 1: [J@6bf491a6
calculated fs for 1: [J@6bf491a6
calculated fs for 1: [J@6bf491a6
calculated fs for 1: [J@6bf491a6
calculated fs for 1: [J@6bf491a6
calculated fs for 1: [J@6bf491a6
calculated fs for 1: [J@6bf491a6
calculated fs for 1: [J@6bf491a6
calculated fs for 1: [J@6bf491a6
calculated fs for 1: [J@6bf491a6
calculated fs for 1: [J@6bf491a6
calculated fs for 1: [J@6bf491a6
calculated fs for 1: [J@6bf491a6
calculated fs for 1: [J@6bf491a6
calculated fs for 1: [J@6bf491a6
calculated fs for 1: [J@6bf491a6
calculated fs for 1: [J@6bf491a6
calculated fs for 1: [J@6bf491a6
calculated fs for 1: [J@6bf491a6
calculated fs for 1: [J@6bf491a6
calculated fs for 1: [J@6bf491a6
calculated fs for 1: [J@6bf491a6
calculated fs for 1: [J@6bf491a6
calculated fs for 1: [J@6bf491a6
calculated fs for 1: [J@6bf491a6
calculated fs for 1: [J@6bf491a6
calculated fs for 1: [J@6bf491a6
calculated fs for 1: [J@6bf491a6
calculated fs for 1: [J@6bf491a6
calculated fs for 1: [J@6bf491a6
calculated fs for 1: [J@6bf491a6
calculated fs for 1: [J@6bf491a6
calculated fs for 1: [J@6bf491a6
calculated fs for 1: [J@6bf491a6
calculated fs for 1: [J@6bf491a6
calculated fs for 1: [J@6bf491a6
calculated fs for 1: [J@6bf491a6
calculated fs for 1: [J@6bf491a6
calculated fs for 1: [J@6bf491a6
calculated fs for 1: [J@6bf491a6
calculated fs for 1: [J@6bf491a6
calculated fs for 1: [J@6bf491a6
calculated fs for 1: [J@6bf491a6
calculated fs for 1: [J@6bf491a6
calculated fs for 1: [J@6bf491a6
calculated fs for 1: [J@6bf491a6
calculated fs for 1: [J@6bf491a6
calculated fs for 1: [J@6bf491a6
calculated fs for 1: [J@6bf491a6
calculated fs for 1: [J@6bf491a6
calculated fs for 1: [J@6bf491a6
calculated fs for 1: [J@6bf491a6
calculated fs for 1: [J@6bf491a6
calculated fs for 1: [J@6bf491a6
calculated fs for 1: [J@6bf491a6
calculated fs for 1: [J@6bf491a6
calculated fs for 1: [J@6bf491a6
calculated fs for 1: [J@6bf491a6
calculated fs for 1: [J@6bf491a6
calculated fs for 1: [J@6bf491a6
calculated fs for 1: [J@6bf491a6
calculated fs for 1: [J@6bf491a6
calculated fs for 1: [J@6bf491a6
calculated fs for 1: [J@6bf491a6
calculated fs for 1: [J@6bf491a6
calculated fs for 1: [J@6bf491a6
calculated fs for 1: [J@6bf491a6
calculated fs for 1: [J@6bf491a6
calculated fs for 1: [J@6bf491a6
calculated fs for 1: [J@6bf491a6
calculated fs for 1: [J@6bf491a6
calculated fs for 1: [J@6bf491a6
calculated fs for 1: [J@6bf491a6
calculated fs for 1: [J@6bf491a6
calculated fs for 1: [J@6bf491a6
calculated fs for 1: [J@6bf491a6
calculated fs for 1: [J@6bf491a6
calculated fs for 1: [J@6bf491a6
calculated fs for 1: [J@6bf491a6
calculated fs for 1: [J@6bf491a6
calculated fs for 1: [J@6bf491a6
calculated fs for 1: [J@6bf491a6
calculated fs for 1: [J@6bf491a6
calculated fs for 1: [J@6bf491a6
calculated fs for 1: [J@6bf491a6
calculated fs for 1: [J@6bf491a6
calculated fs for 1: [J@6bf491a6
calculated fs for 1: [J@6bf491a6
calculated fs for 1: [J@6bf491a6
calculated fs for 1: [J@6bf491a6
calculated fs for 1: [J@6bf491a6
calculated fs for 1: [J@6bf491a6
calculated fs for 1: [J@6bf491a6
calculated fs for 1: [J@6bf491a6
calculated fs for 1: [J@6bf491a6
calculated fs for 1: [J@6bf491a6
calculated fs for 1: [J@6bf491a6
calculated fs for 1: [J@6bf491a6
calculated fs for 1: [J@6bf491a6
calculated fs for 1: [J@6bf491a6
calculated fs for 1: [J@6bf491a6
calculated fs for 1: [J@6bf491a6
calculated fs for 1: [J@6bf491a6
calculated fs for 1: [J@6bf491a6
calculated fs for 1: [J@6bf491a6
calculated fs for 1: [J@6bf491a6
calculated fs for 1: [J@6bf491a6
calculated fs for 1: [J@6bf491a6
calculated fs for 1: [J@6bf491a6
calculated fs for 1: [J@6bf491a6
calculated fs for 1: [J@6bf491a6
calculated fs for 1: [J@6bf491a6
calculated fs for 1: [J@6bf491a6
calculated fs for 1: [J@6bf491a6
calculated fs for 1: [J@6bf491a6
calculated fs for 1: [J@6bf491a6
calculated fs for 1: [J@6bf491a6
calculated fs for 1: [J@6bf491a6
calculated fs for 1: [J@6bf491a6
calculated fs for 1: [J@6bf491a6
calculated fs for 1: [J@6bf491a6
calculated fs for 1: [J@6bf491a6
calculated fs for 1: [J@6bf491a6
calculated fs for 1: [J@6bf491a6
calculated fs for 1: [J@6bf491a6
calculated fs for 1: [J@6bf491a6
calculated fs for 1: [J@6bf491a6
calculated fs for 1: [J@6bf491a6
calculated fs for 1: [J@6bf491a6
calculated fs for 1: [J@6bf491a6
calculated fs for 1: [J@6bf491a6
calculated fs for 1: [J@6bf491a6
calculated fs for 1: [J@6bf491a6
calculated fs for 1: [J@6bf491a6
calculated fs for 1: [J@6bf491a6
calculated fs for 1: [J@6bf491a6
calculated fs for 1: [J@6bf491a6
calculated fs for 1: [J@6bf491a6
calculated fs for 1: [J@6bf491a6
calculated fs for 1: [J@6bf491a6
calculated fs for 1: [J@6bf491a6
calculated fs for 1: [J@6bf491a6
calculated fs for 1: [J@6bf491a6
calculated fs for 1: [J@6bf491a6
calculated fs for 1: [J@6bf491a6
calculated fs for 1: [J@6bf491a6
calculated fs for 1: [J@6bf491a6
calculated fs for 1: [J@6bf491a6
calculated fs for 1: [J@6bf491a6
calculated fs for 1: [J@6bf491a6
calculated fs for 1: [J@6bf491a6
calculated fs for 1: [J@6bf491a6
calculated fs for 1: [J@6bf491a6
calculated fs for 1: [J@6bf491a6
calculated fs for 1: [J@6bf491a6
calculated fs for 1: [J@6bf491a6
calculated fs for 1: [J@6bf491a6
calculated fs for 1: [J@6bf491a6
calculated fs for 1: [J@6bf491a6
calculated fs for 1: [J@6bf491a6
calculated fs for 1: [J@6bf491a6
calculated fs for 1: [J@6bf491a6
calculated fs for 1: [J@6bf491a6
calculated fs for 1: [J@6bf491a6
calculated fs for 1: [J@6bf491a6
calculated fs for 1: [J@6bf491a6
calculated fs for 1: [J@6bf491a6
calculated fs for 1: [J@6bf491a6
calculated fs for 1: [J@6bf491a6
calculated fs for 1: [J@6bf491a6
calculated fs for 1: [J@6bf491a6
calculated fs for 1: [J@6bf491a6
calculated fs for 1: [J@6bf491a6
calculated fs for 1: [J@6bf491a6
calculated fs for 1: [J@6bf491a6
calculated fs for 1: [J@6bf491a6
calculated fs for 1: [J@6bf491a6
calculated fs for 1: [J@6bf491a6
calculated fs for 1: [J@6bf491a6
calculated fs for 1: [J@6bf491a6
calculated fs for 1: [J@6bf491a6
calculated fs for 1: [J@6bf491a6
calculated fs for 1: [J@6bf491a6
calculated fs for 1: [J@6bf491a6
calculated fs for 1: [J@6bf491a6
calculated fs for 1: [J@6bf491a6
calculated fs for 1: [J@6bf491a6
calculated fs for 1: [J@6bf491a6
calculated fs for 1: [J@6bf491a6
calculated fs for 1: [J@6bf491a6
calculated fs for 1: [J@6bf491a6
calculated fs for 1: [J@6bf491a6
calculated fs for 2: [J@58660a9
calculated fs for 2: [J@58660a9
calculated fs for 2: [J@58660a9
calculated fs for 2: [J@58660a9
calculated fs for 2: [J@58660a9
calculated fs for 2: [J@58660a9
calculated fs for 2: [J@58660a9
calculated fs for 2: [J@58660a9
calculated fs for 2: [J@58660a9
calculated fs for 2: [J@58660a9
calculated fs for 2: [J@58660a9
calculated fs for 2: [J@58660a9
calculated fs for 2: [J@58660a9
calculated fs for 2: [J@58660a9
calculated fs for 2: [J@58660a9
calculated fs for 2: [J@58660a9
calculated fs for 2: [J@58660a9
calculated fs for 2: [J@58660a9
calculated fs for 2: [J@58660a9
calculated fs for 2: [J@58660a9
calculated fs for 2: [J@58660a9
calculated fs for 2: [J@58660a9
calculated fs for 2: [J@58660a9
calculated fs for 2: [J@58660a9
calculated fs for 2: [J@58660a9
calculated fs for 2: [J@58660a9
calculated fs for 2: [J@58660a9
calculated fs for 2: [J@58660a9
calculated fs for 2: [J@58660a9
calculated fs for 2: [J@58660a9
calculated fs for 2: [J@58660a9
calculated fs for 2: [J@58660a9
calculated fs for 2: [J@58660a9
calculated fs for 2: [J@58660a9
calculated fs for 2: [J@58660a9
calculated fs for 2: [J@58660a9
calculated fs for 2: [J@58660a9
calculated fs for 2: [J@58660a9
calculated fs for 2: [J@58660a9
calculated fs for 2: [J@58660a9
calculated fs for 2: [J@58660a9
calculated fs for 2: [J@58660a9
calculated fs for 2: [J@58660a9
calculated fs for 2: [J@58660a9
calculated fs for 2: [J@58660a9
calculated fs for 2: [J@58660a9
calculated fs for 2: [J@58660a9
calculated fs for 2: [J@58660a9
calculated fs for 2: [J@58660a9
calculated fs for 2: [J@58660a9
calculated fs for 2: [J@58660a9
calculated fs for 2: [J@58660a9
calculated fs for 2: [J@58660a9
calculated fs for 2: [J@58660a9
calculated fs for 2: [J@58660a9
calculated fs for 2: [J@58660a9
calculated fs for 2: [J@58660a9
calculated fs for 2: [J@58660a9
calculated fs for 2: [J@58660a9
calculated fs for 2: [J@58660a9
calculated fs for 2: [J@58660a9
calculated fs for 2: [J@58660a9
calculated fs for 2: [J@58660a9
calculated fs for 2: [J@58660a9
calculated fs for 2: [J@58660a9
calculated fs for 2: [J@58660a9
calculated fs for 2: [J@58660a9
calculated fs for 2: [J@58660a9
calculated fs for 2: [J@58660a9
calculated fs for 2: [J@58660a9
calculated fs for 2: [J@58660a9
calculated fs for 2: [J@58660a9
calculated fs for 2: [J@58660a9
calculated fs for 2: [J@58660a9
calculated fs for 2: [J@58660a9
calculated fs for 2: [J@58660a9
calculated fs for 2: [J@58660a9
calculated fs for 2: [J@58660a9
calculated fs for 2: [J@58660a9
calculated fs for 2: [J@58660a9
calculated fs for 2: [J@58660a9
calculated fs for 2: [J@58660a9
calculated fs for 2: [J@58660a9
calculated fs for 2: [J@58660a9
calculated fs for 2: [J@58660a9
calculated fs for 2: [J@58660a9
calculated fs for 2: [J@58660a9
calculated fs for 2: [J@58660a9
calculated fs for 2: [J@58660a9
calculated fs for 2: [J@58660a9
calculated fs for 2: [J@58660a9
calculated fs for 2: [J@58660a9
calculated fs for 2: [J@58660a9
calculated fs for 2: [J@58660a9
calculated fs for 2: [J@58660a9
calculated fs for 2: [J@58660a9
calculated fs for 2: [J@58660a9
calculated fs for 2: [J@58660a9
calculated fs for 2: [J@58660a9
calculated fs for 2: [J@58660a9
calculated fs for 2: [J@58660a9
calculated fs for 2: [J@58660a9
calculated fs for 2: [J@58660a9
calculated fs for 2: [J@58660a9
calculated fs for 2: [J@58660a9
calculated fs for 2: [J@58660a9
calculated fs for 2: [J@58660a9
calculated fs for 2: [J@58660a9
calculated fs for 2: [J@58660a9
calculated fs for 2: [J@58660a9
calculated fs for 2: [J@58660a9
calculated fs for 2: [J@58660a9
calculated fs for 2: [J@58660a9
calculated fs for 2: [J@58660a9
calculated fs for 2: [J@58660a9
calculated fs for 2: [J@58660a9
calculated fs for 2: [J@58660a9
calculated fs for 2: [J@58660a9
calculated fs for 2: [J@58660a9
calculated fs for 2: [J@58660a9
calculated fs for 2: [J@58660a9
calculated fs for 2: [J@58660a9
calculated fs for 2: [J@58660a9
calculated fs for 2: [J@58660a9
calculated fs for 2: [J@58660a9
calculated fs for 2: [J@58660a9
calculated fs for 2: [J@58660a9
calculated fs for 2: [J@58660a9
calculated fs for 2: [J@58660a9
calculated fs for 2: [J@58660a9
calculated fs for 2: [J@58660a9
calculated fs for 2: [J@58660a9
calculated fs for 2: [J@58660a9
calculated fs for 2: [J@58660a9
calculated fs for 2: [J@58660a9
calculated fs for 2: [J@58660a9
calculated fs for 2: [J@58660a9
calculated fs for 2: [J@58660a9
calculated fs for 2: [J@58660a9
calculated fs for 2: [J@58660a9
calculated fs for 2: [J@58660a9
calculated fs for 2: [J@58660a9
calculated fs for 2: [J@58660a9
calculated fs for 2: [J@58660a9
calculated fs for 2: [J@58660a9
calculated fs for 2: [J@58660a9
calculated fs for 2: [J@58660a9
calculated fs for 2: [J@58660a9
calculated fs for 2: [J@58660a9
calculated fs for 2: [J@58660a9
calculated fs for 2: [J@58660a9
calculated fs for 2: [J@58660a9
calculated fs for 2: [J@58660a9
calculated fs for 2: [J@58660a9
calculated fs for 2: [J@58660a9
calculated fs for 2: [J@58660a9
calculated fs for 2: [J@58660a9
calculated fs for 2: [J@58660a9
calculated fs for 2: [J@58660a9
calculated fs for 2: [J@58660a9
calculated fs for 2: [J@58660a9
calculated fs for 2: [J@58660a9
calculated fs for 2: [J@58660a9
calculated fs for 2: [J@58660a9
calculated fs for 2: [J@58660a9
calculated fs for 2: [J@58660a9
calculated fs for 2: [J@58660a9
calculated fs for 2: [J@58660a9
calculated fs for 2: [J@58660a9
calculated fs for 2: [J@58660a9
calculated fs for 2: [J@58660a9
calculated fs for 2: [J@58660a9
calculated fs for 2: [J@58660a9
calculated fs for 2: [J@58660a9
calculated fs for 2: [J@58660a9
calculated fs for 2: [J@58660a9
calculated fs for 2: [J@58660a9
calculated fs for 2: [J@58660a9
calculated fs for 2: [J@58660a9
calculated fs for 2: [J@58660a9
calculated fs for 2: [J@58660a9
calculated fs for 2: [J@58660a9
calculated fs for 2: [J@58660a9
calculated fs for 2: [J@58660a9
calculated fs for 2: [J@58660a9
calculated fs for 2: [J@58660a9
calculated fs for 2: [J@58660a9
calculated fs for 2: [J@58660a9
calculated fs for 2: [J@58660a9
calculated fs for 2: [J@58660a9
calculated fs for 2: [J@58660a9
calculated fs for 2: [J@58660a9
calculated fs for 2: [J@58660a9
calculated fs for 2: [J@58660a9
calculated fs for 2: [J@58660a9
calculated fs for 2: [J@58660a9
calculated fs for 2: [J@58660a9
calculated fs for 2: [J@58660a9
calculated fs for 2: [J@58660a9
calculated fs for 2: [J@58660a9
calculated fs for 2: [J@58660a9
calculated fs for 2: [J@58660a9
calculated fs for 2: [J@58660a9
calculated fs for 2: [J@58660a9
calculated fs for 2: [J@58660a9
calculated fs for 2: [J@58660a9
calculated fs for 2: [J@58660a9
calculated fs for 2: [J@58660a9
calculated fs for 2: [J@58660a9
calculated fs for 2: [J@58660a9
calculated fs for 2: [J@58660a9
calculated fs for 2: [J@58660a9
calculated fs for 2: [J@58660a9
calculated fs for 2: [J@58660a9
calculated fs for 2: [J@58660a9
calculated fs for 2: [J@58660a9
calculated fs for 2: [J@58660a9
calculated fs for 2: [J@58660a9
calculated fs for 2: [J@58660a9
calculated fs for 2: [J@58660a9
calculated fs for 2: [J@58660a9
calculated fs for 2: [J@58660a9
calculated fs for 2: [J@58660a9
calculated fs for 2: [J@58660a9
calculated fs for 2: [J@58660a9
calculated fs for 2: [J@58660a9
calculated fs for 2: [J@58660a9
calculated fs for 2: [J@58660a9
calculated fs for 2: [J@58660a9
calculated fs for 2: [J@58660a9
calculated fs for 2: [J@58660a9
calculated fs for 2: [J@58660a9
calculated fs for 2: [J@58660a9
calculated fs for 2: [J@58660a9
calculated fs for 2: [J@58660a9
calculated fs for 2: [J@58660a9
calculated fs for 2: [J@58660a9
calculated fs for 2: [J@58660a9
calculated fs for 2: [J@58660a9
calculated fs for 2: [J@58660a9
calculated fs for 2: [J@58660a9
calculated fs for 2: [J@58660a9
calculated fs for 2: [J@58660a9
calculated fs for 2: [J@58660a9
calculated fs for 2: [J@58660a9
calculated fs for 2: [J@58660a9
calculated fs for 2: [J@58660a9
calculated fs for 2: [J@58660a9
calculated fs for 2: [J@58660a9
calculated fs for 2: [J@58660a9
calculated fs for 2: [J@58660a9
calculated fs for 2: [J@58660a9
calculated fs for 2: [J@58660a9
calculated fs for 2: [J@58660a9
calculated fs for 2: [J@58660a9
calculated fs for 2: [J@58660a9
calculated fs for 2: [J@58660a9
calculated fs for 2: [J@58660a9
calculated fs for 2: [J@58660a9
calculated fs for 2: [J@58660a9
calculated fs for 2: [J@58660a9
calculated fs for 2: [J@58660a9
calculated fs for 2: [J@58660a9
calculated fs for 2: [J@58660a9
calculated fs for 2: [J@58660a9
calculated fs for 2: [J@58660a9
calculated fs for 2: [J@58660a9
calculated fs for 2: [J@58660a9
calculated fs for 2: [J@58660a9
calculated fs for 2: [J@58660a9
calculated fs for 2: [J@58660a9
calculated fs for 2: [J@58660a9
calculated fs for 2: [J@58660a9
calculated fs for 2: [J@58660a9
calculated fs for 2: [J@58660a9
calculated fs for 2: [J@58660a9
calculated fs for 2: [J@58660a9
calculated fs for 2: [J@58660a9
calculated fs for 2: [J@58660a9
calculated fs for 2: [J@58660a9
calculated fs for 2: [J@58660a9
calculated fs for 2: [J@58660a9
calculated fs for 2: [J@58660a9
calculated fs for 2: [J@58660a9
calculated fs for 2: [J@58660a9
calculated fs for 2: [J@58660a9
calculated fs for 2: [J@58660a9
calculated fs for 2: [J@58660a9
calculated fs for 2: [J@58660a9
calculated fs for 2: [J@58660a9
calculated fs for 2: [J@58660a9
calculated fs for 2: [J@58660a9
calculated fs for 2: [J@58660a9
calculated fs for 2: [J@58660a9
calculated fs for 2: [J@58660a9
calculated fs for 2: [J@58660a9
calculated fs for 2: [J@58660a9
calculated fs for 2: [J@58660a9
calculated fs for 2: [J@58660a9
calculated fs for 2: [J@58660a9
calculated fs for 2: [J@58660a9
calculated fs for 2: [J@58660a9
calculated fs for 2: [J@58660a9
calculated fs for 2: [J@58660a9
calculated fs for 2: [J@58660a9
calculated fs for 2: [J@58660a9
calculated fs for 2: [J@58660a9
calculated fs for 2: [J@58660a9
calculated fs for 2: [J@58660a9
calculated fs for 2: [J@58660a9
calculated fs for 2: [J@58660a9
calculated fs for 2: [J@58660a9
calculated fs for 2: [J@58660a9
calculated fs for 2: [J@58660a9
calculated fs for 2: [J@58660a9
calculated fs for 2: [J@58660a9
calculated fs for 2: [J@58660a9
calculated fs for 2: [J@58660a9
calculated fs for 2: [J@58660a9
calculated fs for 2: [J@58660a9
calculated fs for 2: [J@58660a9
calculated fs for 2: [J@58660a9
calculated fs for 2: [J@58660a9
calculated fs for 2: [J@58660a9
calculated fs for 2: [J@58660a9
calculated fs for 2: [J@58660a9
calculated fs for 2: [J@58660a9
calculated fs for 2: [J@58660a9
calculated fs for 2: [J@58660a9
calculated fs for 2: [J@58660a9
calculated fs for 2: [J@58660a9
calculated fs for 2: [J@58660a9
calculated fs for 2: [J@58660a9
calculated fs for 2: [J@58660a9
calculated fs for 2: [J@58660a9
calculated fs for 2: [J@58660a9
calculated fs for 2: [J@58660a9
calculated fs for 2: [J@58660a9
calculated fs for 2: [J@58660a9
calculated fs for 2: [J@58660a9
calculated nfs for 0: [J@3933fa14
calculated nfs for 0: [J@3933fa14
calculated nfs for 1: [J@3675463
calculated nfs for 1: [J@3675463
calculated nfs for 2: [J@74d53153
calculated nfs for 2: [J@74d53153
calculated iMatrix for 6, 0, 0, 0: 0.028982887537758628
calculated iMatrix for 6, 0, 0, 1: 0.8140072334182431
calculated iMatrix for 6, 0, 0, 2: -0.3627879892796801
calculated iMatrix for 6, 0, 0, 3: -0.06811460284066201
calculated iMatrix for 6, 0, 0, 4: 0.11549810971691252
calculated iMatrix for 6, 0, 0, 5: -0.10115291608562588
calculated iMatrix for 6, 0, 0, 6: -0.15845376992296645
calculated iMatrix for 6, 0, 0, 7: -0.21839680589000005
calculated iMatrix for 6, 0, 0, 8: -0.04976546417246552
calculated iMatrix for 6, 0, 0, 9: 0.16403222472350662
calculated iMatrix for 6, 0, 0, 10: 0.015499537200471508
calculated iMatrix for 6, 0, 0, 11: 0.03141499250637106
calculated iMatrix for 6, 0, 0, 12: 0.20333627468253623
calculated iMatrix for 6, 0, 0, 13: 0.32643847181651964
calculated iMatrix for 6, 0, 0, 14: -0.35828624236872914
calculated iMatrix for 6, 0, 0, 15: -0.3685252396698235
calculated iMatrix for 6, 0, 0, 16: 0.1039104945445246
calculated iMatrix for 6, 0, 0, 17: 0.3976470759050118
calculated iMatrix for 6, 0, 0, 18: -0.09024551989643298
calculated iMatrix for 6, 0, 0, 19: 0.04796533845004866
calculated iMatrix for 6, 0, 1, 0: -0.17028822756996925
calculated iMatrix for 6, 0, 1, 1: 0.3721744811392038
calculated iMatrix for 6, 0, 1, 2: -0.24483838412178716
calculated iMatrix for 6, 0, 1, 3: 0.08492804363223447
calculated iMatrix for 6, 0, 1, 4: 0.4293328949791526
calculated iMatrix for 6, 0, 1, 5: -0.26381428558079273
calculated iMatrix for 6, 0, 1, 6: -0.12208612575209171
calculated iMatrix for 6, 0, 1, 7: 0.44768203364734904
calculated iMatrix for 6, 0, 1, 8: -6.73322045129543E-4
calculated iMatrix for 6, 0, 1, 9: -0.05288708995145258
calculated iMatrix for 6, 0, 1, 10: 0.6300035904413037
calculated iMatrix for 6, 0, 1, 11: -0.470676951290865
calculated iMatrix for 6, 0, 1, 12: 0.11347994556067527
calculated iMatrix for 6, 0, 1, 13: 0.10655950271610147
calculated iMatrix for 6, 0, 1, 14: 0.34309821705769505
calculated iMatrix for 6, 0, 1, 15: -0.30968473964689
calculated iMatrix for 6, 0, 1, 16: 0.060235431041862936
calculated iMatrix for 6, 0, 1, 17: 0.04668246463715947
calculated iMatrix for 6, 0, 1, 18: -0.004303090095708145
calculated iMatrix for 6, 0, 1, 19: -0.36097803403444045
calculated iMatrix for 6, 0, 2, 0: -0.12149806340053726
calculated iMatrix for 6, 0, 2, 1: -0.5757533356781337
calculated iMatrix for 6, 0, 2, 2: 0.027195576963662788
calculated iMatrix for 6, 0, 2, 3: -0.04512508461596326
calculated iMatrix for 6, 0, 2, 4: 0.3549491748573247
calculated iMatrix for 6, 0, 2, 5: -0.3175977384042154
calculated iMatrix for 6, 0, 2, 6: 0.2781019252552291
calculated iMatrix for 6, 0, 2, 7: 0.070387802505881
calculated iMatrix for 6, 0, 2, 8: 0.04448707407372382
calculated iMatrix for 6, 0, 2, 9: 0.02386778687098809
calculated iMatrix for 6, 0, 2, 10: -0.055596384483258765
calculated iMatrix for 6, 0, 2, 11: -0.46383541947414836
calculated iMatrix for 6, 0, 2, 12: -0.5490302655373802
calculated iMatrix for 6, 0, 2, 13: 0.060235431041862936
calculated iMatrix for 6, 0, 2, 14: 0.20100798492294522
calculated iMatrix for 6, 0, 2, 15: -0.1204745218577501
calculated iMatrix for 6, 0, 2, 16: 0.08704668849251969
calculated iMatrix for 6, 0, 2, 17: 0.4908907879785859
calculated iMatrix for 6, 0, 2, 18: 0.6888440904642372
calculated iMatrix for 6, 0, 2, 19: 0.3072301981782527
calculated iMatrix for 6, 0, 3, 0: -0.14356515742921588
calculated iMatrix for 6, 0, 3, 1: 0.4657005391500273
calculated iMatrix for 6, 0, 3, 2: 0.09797575902471008
calculated iMatrix for 6, 0, 3, 3: -0.18299487883908405
calculated iMatrix for 6, 0, 3, 4: 0.04448707407372382
calculated iMatrix for 6, 0, 3, 5: 0.06407420734902873
calculated iMatrix for 6, 0, 3, 6: 0.22057808111704236
calculated iMatrix for 6, 0, 3, 7: 0.3321691465255048
calculated iMatrix for 6, 0, 3, 8: 0.31685491155246237
calculated iMatrix for 6, 0, 3, 9: -0.07517742968236524
calculated iMatrix for 6, 0, 3, 10: -0.09391524878539537
calculated iMatrix for 6, 0, 3, 11: -0.49407530466386657
calculated iMatrix for 6, 0, 3, 12: 0.05126676105910255
calculated iMatrix for 6, 0, 3, 13: 0.02386778687098809
calculated iMatrix for 6, 0, 3, 14: -0.21787719039376713
calculated iMatrix for 6, 0, 3, 15: -0.1551259798302918
calculated iMatrix for 6, 0, 3, 16: -0.14245342857652532
calculated iMatrix for 6, 0, 3, 17: 0.1441169150225651
calculated iMatrix for 6, 0, 3, 18: 0.09100708970861664
calculated iMatrix for 6, 0, 3, 19: 0.08907098068175028
calculated iMatrix for 6, 0, 4, 0: 0.11646057369881313
calculated iMatrix for 6, 0, 4, 1: 0.08704668849251969
calculated iMatrix for 6, 0, 4, 2: 0.08270828689392155
calculated iMatrix for 6, 0, 4, 3: -0.21886289771852646
calculated iMatrix for 6, 0, 4, 4: 0.0573904789096317
calculated iMatrix for 6, 0, 4, 5: -0.07144239293333668
calculated iMatrix for 6, 0, 4, 6: -0.15845376992296645
calculated iMatrix for 6, 0, 4, 7: 0.21884046121850165
calculated iMatrix for 6, 0, 4, 8: 0.008942136654312455
calculated iMatrix for 6, 0, 4, 9: 0.012033329223985284
calculated iMatrix for 6, 0, 4, 10: -0.09024551989643298
calculated iMatrix for 6, 0, 4, 11: 0.15651226147728284
calculated iMatrix for 6, 0, 4, 12: -0.03107333116031291
calculated iMatrix for 6, 0, 4, 13: 0.0021278002345822833
calculated iMatrix for 6, 0, 4, 14: -0.03904603853958105
calculated iMatrix for 6, 0, 4, 15: -0.3029541939180631
calculated iMatrix for 6, 0, 4, 16: 0.08704668849251969
calculated iMatrix for 6, 0, 4, 17: 0.09286065835793962
calculated iMatrix for 6, 0, 4, 18: -0.8028107863134797
calculated iMatrix for 6, 0, 4, 19: 0.012938716338797868
calculated iMatrix for 6, 0, 5, 0: -0.25960375304444927
calculated iMatrix for 6, 0, 5, 1: 0.2833789823560728
calculated iMatrix for 6, 0, 5, 2: 0.24119736831977812
calculated iMatrix for 6, 0, 5, 3: -0.03329062696896046
calculated iMatrix for 6, 0, 5, 4: 0.09797575902471008
calculated iMatrix for 6, 0, 5, 5: 0.3376486122901304
calculated iMatrix for 6, 0, 5, 6: -0.24686472726701952
calculated iMatrix for 6, 0, 5, 7: -0.11622100629969351
calculated iMatrix for 6, 0, 5, 8: -0.2556175183766143
calculated iMatrix for 6, 0, 5, 9: -0.13623063313825629
calculated iMatrix for 6, 0, 5, 10: 0.13545885227945056
calculated iMatrix for 6, 0, 5, 11: -0.06314359011864165
calculated iMatrix for 6, 0, 5, 12: 0.17801846669824645
calculated iMatrix for 6, 0, 5, 13: 0.3672604663367748
calculated iMatrix for 6, 0, 5, 14: -0.056821124379154625
calculated iMatrix for 6, 0, 5, 15: 0.015499537200471508
calculated iMatrix for 6, 0, 5, 16: 0.0028143776731558157
calculated iMatrix for 6, 0, 5, 17: -0.17480290792449588
calculated iMatrix for 6, 0, 5, 18: -0.04512508461596326
calculated iMatrix for 6, 0, 5, 19: 0.15061949251013207
calculated iMatrix for 6, 0, 6, 0: 0.09225164494082139
calculated iMatrix for 6, 0, 6, 1: 0.17801846669824645
calculated iMatrix for 6, 0, 6, 2: 0.17801846669824645
calculated iMatrix for 6, 0, 6, 3: -0.0928564874371533
calculated iMatrix for 6, 0, 6, 4: -0.15845376992296645
calculated iMatrix for 6, 0, 6, 5: 0.3483638324454854
calculated iMatrix for 6, 0, 6, 6: -0.03555563359981259
calculated iMatrix for 6, 0, 6, 7: -0.3769783753808817
calculated iMatrix for 6, 0, 6, 8: 0.3680620695861113
calculated iMatrix for 6, 0, 6, 9: -0.1632846971926321
calculated iMatrix for 6, 0, 6, 10: -0.20147115500665724
calculated iMatrix for 6, 0, 6, 11: 0.02386778687098809
calculated iMatrix for 6, 0, 6, 12: 0.3721744811392038
calculated iMatrix for 6, 0, 6, 13: 0.0021278002345822833
calculated iMatrix for 6, 0, 6, 14: 0.20271107928861787
calculated iMatrix for 6, 0, 6, 15: -0.30540818287962973
calculated iMatrix for 6, 0, 6, 16: -0.1913416367678017
calculated iMatrix for 6, 0, 6, 17: -0.08579612434689116
calculated iMatrix for 6, 0, 6, 18: -0.6329117495180823
calculated iMatrix for 6, 0, 6, 19: -0.227446641409918
calculated iMatrix for 6, 0, 7, 0: -0.28055646672386636
calculated iMatrix for 6, 0, 7, 1: 0.22931176108579693
calculated iMatrix for 6, 0, 7, 2: 0.2503391282778725
calculated iMatrix for 6, 0, 7, 3: 0.29134715200524974
calculated iMatrix for 6, 0, 7, 4: -0.5559507083819539
calculated iMatrix for 6, 0, 7, 5: 0.5610107189543522
calculated iMatrix for 6, 0, 7, 6: 0.5228589529899761
calculated iMatrix for 6, 0, 7, 7: -0.54498167701138
calculated iMatrix for 6, 0, 7, 8: -0.19845910453666565
calculated iMatrix for 6, 0, 7, 9: -0.07732822511059811
calculated iMatrix for 6, 0, 7, 10: -0.5151287138616989
calculated iMatrix for 6, 0, 7, 11: 0.3652300087863928
calculated iMatrix for 6, 0, 7, 12: 0.6888440904642372
calculated iMatrix for 6, 0, 7, 13: -0.20334908983085737
calculated iMatrix for 6, 0, 7, 14: -0.35828624236872914
calculated iMatrix for 6, 0, 7, 15: 0.32643847181651964
calculated iMatrix for 6, 0, 7, 16: -0.16119725586871736
calculated iMatrix for 6, 0, 7, 17: -0.3328071570677443
calculated iMatrix for 6, 0, 7, 18: -0.41981853405737396
calculated iMatrix for 6, 0, 7, 19: 0.10655950271610147
calculated iMatrix for 6, 0, 8, 0: NaN
calculated iMatrix for 6, 0, 8, 1: NaN
calculated iMatrix for 6, 0, 8, 2: NaN
calculated iMatrix for 6, 0, 8, 3: NaN
calculated iMatrix for 6, 0, 8, 4: NaN
calculated iMatrix for 6, 0, 8, 5: NaN
calculated iMatrix for 6, 0, 8, 6: -2.2976470807231641E-4
calculated iMatrix for 6, 0, 8, 7: NaN
calculated iMatrix for 6, 0, 8, 8: NaN
calculated iMatrix for 6, 0, 8, 9: NaN
calculated iMatrix for 6, 0, 8, 10: NaN
calculated iMatrix for 6, 0, 8, 11: NaN
calculated iMatrix for 6, 0, 8, 12: NaN
calculated iMatrix for 6, 0, 8, 13: NaN
calculated iMatrix for 6, 0, 8, 14: NaN
calculated iMatrix for 6, 0, 8, 15: NaN
calculated iMatrix for 6, 0, 8, 16: NaN
calculated iMatrix for 6, 0, 8, 17: NaN
calculated iMatrix for 6, 0, 8, 18: NaN
calculated iMatrix for 6, 0, 8, 19: NaN
calculated iMatrix for 6, 0, 9, 0: -0.16492628442858387
calculated iMatrix for 6, 0, 9, 1: -0.47876106969082405
calculated iMatrix for 6, 0, 9, 2: 0.5398085113037492
calculated iMatrix for 6, 0, 9, 3: -0.24483838412178716
calculated iMatrix for 6, 0, 9, 4: -0.31841841961564454
calculated iMatrix for 6, 0, 9, 5: 0.9294345553821677
calculated iMatrix for 6, 0, 9, 6: 0.1292283025288144
calculated iMatrix for 6, 0, 9, 7: -0.45797030002175027
calculated iMatrix for 6, 0, 9, 8: -0.37629226900748297
calculated iMatrix for 6, 0, 9, 9: -0.7973611815459152
calculated iMatrix for 6, 0, 9, 10: -0.9205938219698633
calculated iMatrix for 6, 0, 9, 11: 0.3672604663367748
calculated iMatrix for 6, 0, 9, 12: 2.246988708510787
calculated iMatrix for 6, 0, 9, 13: -0.19667498274316425
calculated iMatrix for 6, 0, 9, 14: -0.227446641409918
calculated iMatrix for 6, 0, 9, 15: 0.4421700417398333
calculated iMatrix for 6, 0, 9, 16: 0.3256544655043111
calculated iMatrix for 6, 0, 9, 17: -0.828220501838848
calculated iMatrix for 6, 0, 9, 18: -0.472569099442903
calculated iMatrix for 6, 0, 9, 19: -0.3872953423518139
calculated iMatrix for 6, 0, 10, 0: -0.16373082702381025
calculated iMatrix for 6, 0, 10, 1: 0.07265795104042017
calculated iMatrix for 6, 0, 10, 2: 0.4710055913797206
calculated iMatrix for 6, 0, 10, 3: 0.05787415485618323
calculated iMatrix for 6, 0, 10, 4: -0.15048560027378965
calculated iMatrix for 6, 0, 10, 5: 0.28623205133847923
calculated iMatrix for 6, 0, 10, 6: -0.29890560539206285
calculated iMatrix for 6, 0, 10, 7: 0.08704668849251969
calculated iMatrix for 6, 0, 10, 8: 0.3764694054220847
calculated iMatrix for 6, 0, 10, 9: -0.5568014102622669
calculated iMatrix for 6, 0, 10, 10: -0.36097803403444045
calculated iMatrix for 6, 0, 10, 11: 0.23066220018366834
calculated iMatrix for 6, 0, 10, 12: 0.6152322731209912
calculated iMatrix for 6, 0, 10, 13: -0.5996861018897619
calculated iMatrix for 6, 0, 10, 14: -0.1819842673331606
calculated iMatrix for 6, 0, 10, 15: 0.08907098068175028
calculated iMatrix for 6, 0, 10, 16: -6.73322045129543E-4
calculated iMatrix for 6, 0, 10, 17: -0.1356390921567952
calculated iMatrix for 6, 0, 10, 18: -0.17028822756996925
calculated iMatrix for 6, 0, 10, 19: -0.227446641409918
calculated iMatrix for 6, 0, 11, 0: -0.2675666351993432
calculated iMatrix for 6, 0, 11, 1: 0.03491762305757315
calculated iMatrix for 6, 0, 11, 2: 0.6183303061365789
calculated iMatrix for 6, 0, 11, 3: 0.3699094745083517
calculated iMatrix for 6, 0, 11, 4: -0.2774570619845793
calculated iMatrix for 6, 0, 11, 5: -0.3074893490834543
calculated iMatrix for 6, 0, 11, 6: -0.20764401411373817
calculated iMatrix for 6, 0, 11, 7: 0.09954685125675124
calculated iMatrix for 6, 0, 11, 8: -0.43104559665115744
calculated iMatrix for 6, 0, 11, 9: -0.056821124379154625
calculated iMatrix for 6, 0, 11, 10: -0.6869789707883582
calculated iMatrix for 6, 0, 11, 11: -0.025580488542993107
calculated iMatrix for 6, 0, 11, 12: 0.5101523017208613
calculated iMatrix for 6, 0, 11, 13: -0.06314359011864165
calculated iMatrix for 6, 0, 11, 14: -0.13706257994164894
calculated iMatrix for 6, 0, 11, 15: 0.4713662766857047
calculated iMatrix for 6, 0, 11, 16: 0.02386778687098809
calculated iMatrix for 6, 0, 11, 17: -0.06884161123327934
calculated iMatrix for 6, 0, 11, 18: -0.08434579776924456
calculated iMatrix for 6, 0, 11, 19: -0.34077532671692107
calculated iMatrix for 6, 0, 12, 0: 0.06194629544549243
calculated iMatrix for 6, 0, 12, 1: 0.6704949517960407
calculated iMatrix for 6, 0, 12, 2: -0.11532934328921185
calculated iMatrix for 6, 0, 12, 3: 0.08449240868742297
calculated iMatrix for 6, 0, 12, 4: -0.04512508461596326
calculated iMatrix for 6, 0, 12, 5: -0.009580147196551925
calculated iMatrix for 6, 0, 12, 6: -0.2846050552498665
calculated iMatrix for 6, 0, 12, 7: 0.2751822151518941
calculated iMatrix for 6, 0, 12, 8: -0.07044289260025316
calculated iMatrix for 6, 0, 12, 9: -0.11678107352239853
calculated iMatrix for 6, 0, 12, 10: -0.6204892295195252
calculated iMatrix for 6, 0, 12, 11: -0.18488702699112203
calculated iMatrix for 6, 0, 12, 12: 0.15135021961608516
calculated iMatrix for 6, 0, 12, 13: 0.07623577238830409
calculated iMatrix for 6, 0, 12, 14: 0.15502894847354773
calculated iMatrix for 6, 0, 12, 15: -0.27623680557935
calculated iMatrix for 6, 0, 12, 16: 0.01767581662306708
calculated iMatrix for 6, 0, 12, 17: 0.08270828689392155
calculated iMatrix for 6, 0, 12, 18: 0.08270828689392155
calculated iMatrix for 6, 0, 12, 19: 0.0528553237442404
calculated iMatrix for 6, 0, 13, 0: -0.004303090095708145
calculated iMatrix for 6, 0, 13, 1: 0.8066271261206206
calculated iMatrix for 6, 0, 13, 2: -0.36097803403444045
calculated iMatrix for 6, 0, 13, 3: 0.21505973837859552
calculated iMatrix for 6, 0, 13, 4: 0.04880673521824022
calculated iMatrix for 6, 0, 13, 5: -0.14406503247086688
calculated iMatrix for 6, 0, 13, 6: -0.04512508461596326
calculated iMatrix for 6, 0, 13, 7: 0.13545885227945056
calculated iMatrix for 6, 0, 13, 8: -0.09896831663678651
calculated iMatrix for 6, 0, 13, 9: -0.024008161175040676
calculated iMatrix for 6, 0, 13, 10: 0.055416144605914056
calculated iMatrix for 6, 0, 13, 11: -0.061211222367587664
calculated iMatrix for 6, 0, 13, 12: 0.15135021961608516
calculated iMatrix for 6, 0, 13, 13: -0.4097681982038725
calculated iMatrix for 6, 0, 13, 14: -0.09391524878539537
calculated iMatrix for 6, 0, 13, 15: 0.04699020429184231
calculated iMatrix for 6, 0, 13, 16: 0.09797575902471008
calculated iMatrix for 6, 0, 13, 17: 0.06360811552050223
calculated iMatrix for 6, 0, 13, 18: 0.41918052351513446
calculated iMatrix for 6, 0, 13, 19: -0.10966360575353445
calculated iMatrix for 6, 0, 14, 0: 0.1407470719010148
calculated iMatrix for 6, 0, 14, 1: 0.3211193103389197
calculated iMatrix for 6, 0, 14, 2: -0.3029541939180631
calculated iMatrix for 6, 0, 14, 3: -0.38507558561350114
calculated iMatrix for 6, 0, 14, 4: 0.29937932370251397
calculated iMatrix for 6, 0, 14, 5: -0.06087344158410252
calculated iMatrix for 6, 0, 14, 6: 0.12672517231069585
calculated iMatrix for 6, 0, 14, 7: 0.24863603391219985
calculated iMatrix for 6, 0, 14, 8: -0.08861019655570213
calculated iMatrix for 6, 0, 14, 9: 0.060235431041862936
calculated iMatrix for 6, 0, 14, 10: 0.385657831476491
calculated iMatrix for 6, 0, 14, 11: -0.3328071570677443
calculated iMatrix for 6, 0, 14, 12: 0.13356670412741264
calculated iMatrix for 6, 0, 14, 13: -0.01613754774271106
calculated iMatrix for 6, 0, 14, 14: -0.6142196165059297
calculated iMatrix for 6, 0, 14, 15: 0.15897027172755196
calculated iMatrix for 6, 0, 14, 16: 0.13801313208454732
calculated iMatrix for 6, 0, 14, 17: 0.248222725371495
calculated iMatrix for 6, 0, 14, 18: -0.45797030002175027
calculated iMatrix for 6, 0, 14, 19: -0.029620898079998043
calculated iMatrix for 6, 0, 15, 0: 0.02201421822166519
calculated iMatrix for 6, 0, 15, 1: 0.6635262824799473
calculated iMatrix for 6, 0, 15, 2: 0.09463685775919543
calculated iMatrix for 6, 0, 15, 3: 0.09797575902471008
calculated iMatrix for 6, 0, 15, 4: -0.07791490743895418
calculated iMatrix for 6, 0, 15, 5: 0.2499919663233357
calculated iMatrix for 6, 0, 15, 6: -0.20974706431051698
calculated iMatrix for 6, 0, 15, 7: 0.2733286465025714
calculated iMatrix for 6, 0, 15, 8: -0.18970631342707095
calculated iMatrix for 6, 0, 15, 9: -0.04512508461596326
calculated iMatrix for 6, 0, 15, 10: -0.07981064260385334
calculated iMatrix for 6, 0, 15, 11: 0.2039939531015072
calculated iMatrix for 6, 0, 15, 12: 0.04448707407372382
calculated iMatrix for 6, 0, 15, 13: -0.03820464177138949
calculated iMatrix for 6, 0, 15, 14: -0.13213646160559317
calculated iMatrix for 6, 0, 15, 15: -0.18488702699112203
calculated iMatrix for 6, 0, 15, 16: -0.35606401923201153
calculated iMatrix for 6, 0, 15, 17: 0.17801846669824645
calculated iMatrix for 6, 0, 15, 18: -0.7602511718946838
calculated iMatrix for 6, 0, 15, 19: -0.06314359011864165
calculated iMatrix for 6, 0, 16, 0: -0.009580147196551925
calculated iMatrix for 6, 0, 16, 1: 0.3211193103389197
calculated iMatrix for 6, 0, 16, 2: -0.45797030002175027
calculated iMatrix for 6, 0, 16, 3: 0.027195576963662788
calculated iMatrix for 6, 0, 16, 4: 0.23517688053819508
calculated iMatrix for 6, 0, 16, 5: 0.1292283025288144
calculated iMatrix for 6, 0, 16, 6: 0.015499537200471508
calculated iMatrix for 6, 0, 16, 7: -0.35828624236872914
calculated iMatrix for 6, 0, 16, 8: 0.2256465156875011
calculated iMatrix for 6, 0, 16, 9: -0.10574970643239817
calculated iMatrix for 6, 0, 16, 10: -0.5151287138616989
calculated iMatrix for 6, 0, 16, 11: -0.1721839627348684
calculated iMatrix for 6, 0, 16, 12: 0.04796533845004866
calculated iMatrix for 6, 0, 16, 13: 0.04448707407372382
calculated iMatrix for 6, 0, 16, 14: 0.09100708970861664
calculated iMatrix for 6, 0, 16, 15: -0.23451380863301036
calculated iMatrix for 6, 0, 16, 16: 0.0625055795764021
calculated iMatrix for 6, 0, 16, 17: 0.3020711153682253
calculated iMatrix for 6, 0, 16, 18: 0.7533826116018083
calculated iMatrix for 6, 0, 16, 19: 0.060235431041862936
calculated iMatrix for 6, 1, 0, 0: -0.0805263836200878
calculated iMatrix for 6, 1, 0, 1: -0.03704127168034921
calculated iMatrix for 6, 1, 0, 2: 0.4131597302692067
calculated iMatrix for 6, 1, 0, 3: 0.04092026978936292
calculated iMatrix for 6, 1, 0, 4: -0.01683856436282971
calculated iMatrix for 6, 1, 0, 5: 0.09730678085072952
calculated iMatrix for 6, 1, 0, 6: -0.08583143584978115
calculated iMatrix for 6, 1, 0, 7: 0.18111473812282164
calculated iMatrix for 6, 1, 0, 8: 0.3147196574559542
calculated iMatrix for 6, 1, 0, 9: 0.04014836701078095
calculated iMatrix for 6, 1, 0, 10: -0.2883556999612551
calculated iMatrix for 6, 1, 0, 11: 0.03552942115448632
calculated iMatrix for 6, 1, 0, 12: -0.20361447150616452
calculated iMatrix for 6, 1, 0, 13: -0.9125100090342488
calculated iMatrix for 6, 1, 0, 14: 0.1308396009588113
calculated iMatrix for 6, 1, 0, 15: -0.08583143584978115
calculated iMatrix for 6, 1, 0, 16: -0.31467300827862865
calculated iMatrix for 6, 1, 0, 17: -0.29940553614784005
calculated iMatrix for 6, 1, 0, 18: 0.620387826277517
calculated iMatrix for 6, 1, 0, 19: -0.17135360928794308
calculated iMatrix for 6, 1, 1, 0: -0.1768032140555078
calculated iMatrix for 6, 1, 1, 1: -1.0666606888615073
calculated iMatrix for 6, 1, 1, 2: 0.12312748047247224
calculated iMatrix for 6, 1, 1, 3: -0.6522269107705825
calculated iMatrix for 6, 1, 1, 4: -0.21936282847430366
calculated iMatrix for 6, 1, 1, 5: 0.5062196278387956
calculated iMatrix for 6, 1, 1, 6: 0.5055330504002219
calculated iMatrix for 6, 1, 1, 7: -0.5317375135164562
calculated iMatrix for 6, 1, 1, 8: 0.0011799411398487614
calculated iMatrix for 6, 1, 1, 9: -0.1421314805383136
calculated iMatrix for 6, 1, 1, 10: -0.2544541482855738
calculated iMatrix for 6, 1, 1, 11: 0.5182361146564755
calculated iMatrix for 6, 1, 1, 12: 0.053930506525377675
calculated iMatrix for 6, 1, 1, 13: -0.24183568432636227
calculated iMatrix for 6, 1, 1, 14: -0.14738932884921452
calculated iMatrix for 6, 1, 1, 15: 0.340252959461119
calculated iMatrix for 6, 1, 1, 16: 0.2341114988202213
calculated iMatrix for 6, 1, 1, 17: -0.2926941015598534
calculated iMatrix for 6, 1, 1, 18: -0.05684389897652875
calculated iMatrix for 6, 1, 1, 19: 0.4737843520856416
calculated iMatrix for 6, 1, 2, 0: -0.08149303425118282
calculated iMatrix for 6, 1, 2, 1: 0.9257694758286988
calculated iMatrix for 6, 1, 2, 2: 0.2731136566234905
calculated iMatrix for 6, 1, 2, 3: -0.02265253422824931
calculated iMatrix for 6, 1, 2, 4: -0.5909263849067867
calculated iMatrix for 6, 1, 2, 5: 0.579144867743468
calculated iMatrix for 6, 1, 2, 6: -1.7775074465208538
calculated iMatrix for 6, 1, 2, 7: -0.004705891037412702
calculated iMatrix for 6, 1, 2, 8: 0.10605957196032412
calculated iMatrix for 6, 1, 2, 9: -0.03704127168034921
calculated iMatrix for 6, 1, 2, 10: -0.6522269107705825
calculated iMatrix for 6, 1, 2, 11: 0.6253342502128425
calculated iMatrix for 6, 1, 2, 12: 0.5404757265843138
calculated iMatrix for 6, 1, 2, 13: -0.24405544106467514
calculated iMatrix for 6, 1, 2, 14: -0.5721842030970461
calculated iMatrix for 6, 1, 2, 15: -0.37726585792011247
calculated iMatrix for 6, 1, 2, 16: -0.2625350003395124
calculated iMatrix for 6, 1, 2, 17: -0.40168438526825834
calculated iMatrix for 6, 1, 2, 18: -0.29940553614784005
calculated iMatrix for 6, 1, 2, 19: 0.1108788583962732
calculated iMatrix for 6, 1, 3, 0: -0.2467618026624181
calculated iMatrix for 6, 1, 3, 1: -0.624827936582468
calculated iMatrix for 6, 1, 3, 2: 0.1209629774628993
calculated iMatrix for 6, 1, 3, 3: -0.29940553614784005
calculated iMatrix for 6, 1, 3, 4: -0.3269934926666691
calculated iMatrix for 6, 1, 3, 5: 0.2046556875296084
calculated iMatrix for 6, 1, 3, 6: -0.018692133012152556
calculated iMatrix for 6, 1, 3, 7: -0.33128074467828905
calculated iMatrix for 6, 1, 3, 8: 0.20867660167239965
calculated iMatrix for 6, 1, 3, 9: 0.11710940814690907
calculated iMatrix for 6, 1, 3, 10: -0.2883556999612551
calculated iMatrix for 6, 1, 3, 11: 0.3661536878932762
calculated iMatrix for 6, 1, 3, 12: -0.053570573631559704
calculated iMatrix for 6, 1, 3, 13: -0.6938208080694195
calculated iMatrix for 6, 1, 3, 14: 0.258672972468696
calculated iMatrix for 6, 1, 3, 15: 0.13203505836358498
calculated iMatrix for 6, 1, 3, 16: 0.4456134751189452
calculated iMatrix for 6, 1, 3, 17: -6.73627509474306E-4
calculated iMatrix for 6, 1, 3, 18: -0.391213085400963
calculated iMatrix for 6, 1, 3, 19: -0.2903145644465881
calculated iMatrix for 6, 1, 4, 0: -0.42415724112031694
calculated iMatrix for 6, 1, 4, 1: -0.33714586413068726
calculated iMatrix for 6, 1, 4, 2: -0.10429349868951632
calculated iMatrix for 6, 1, 4, 3: -0.2453383148775643
calculated iMatrix for 6, 1, 4, 4: -0.047512571547644544
calculated iMatrix for 6, 1, 4, 5: 0.549496173821338
calculated iMatrix for 6, 1, 4, 6: -0.44250637978851337
calculated iMatrix for 6, 1, 4, 7: -0.015062364961573982
calculated iMatrix for 6, 1, 4, 8: 0.08431958532391826
calculated iMatrix for 6, 1, 4, 9: -0.27605817215084905
calculated iMatrix for 6, 1, 4, 10: -0.7048706442560044
calculated iMatrix for 6, 1, 4, 11: 0.22033545127610288
calculated iMatrix for 6, 1, 4, 12: 0.37847417228131675
calculated iMatrix for 6, 1, 4, 13: 0.13731211546442879
calculated iMatrix for 6, 1, 4, 14: -0.4752962026115044
calculated iMatrix for 6, 1, 4, 15: 0.05328136661293681
calculated iMatrix for 6, 1, 4, 16: 0.0067613509780439784
calculated iMatrix for 6, 1, 4, 17: 0.3094813007943653
calculated iMatrix for 6, 1, 4, 18: 0.9846099758516323
calculated iMatrix for 6, 1, 4, 19: -0.21936282847430366
calculated iMatrix for 6, 1, 5, 0: -0.21936282847430366
calculated iMatrix for 6, 1, 5, 1: -0.9731346308506839
calculated iMatrix for 6, 1, 5, 2: -0.09261112283515982
calculated iMatrix for 6, 1, 5, 3: -0.57456610180158
calculated iMatrix for 6, 1, 5, 4: -0.21936282847430366
calculated iMatrix for 6, 1, 5, 5: 0.19419948986648006
calculated iMatrix for 6, 1, 5, 6: 0.217850977948441
calculated iMatrix for 6, 1, 5, 7: 0.17059809309789542
calculated iMatrix for 6, 1, 5, 8: 0.28189334427553625
calculated iMatrix for 6, 1, 5, 9: -0.21126561824168433
calculated iMatrix for 6, 1, 5, 10: -0.27343004974457963
calculated iMatrix for 6, 1, 5, 11: 0.15533062096710704
calculated iMatrix for 6, 1, 5, 12: -0.11072898747150828
calculated iMatrix for 6, 1, 5, 13: -0.560289415444897
calculated iMatrix for 6, 1, 5, 14: 0.2506408007714319
calculated iMatrix for 6, 1, 5, 15: 0.26321958297829195
calculated iMatrix for 6, 1, 5, 16: 0.08122264881338515
calculated iMatrix for 6, 1, 5, 17: 0.4014636905060155
calculated iMatrix for 6, 1, 5, 18: 0.11710940814690907
calculated iMatrix for 6, 1, 5, 19: 0.0499701053092807
calculated iMatrix for 6, 1, 6, 0: -0.3591247708494625
calculated iMatrix for 6, 1, 6, 1: -1.1017520086727772
calculated iMatrix for 6, 1, 6, 2: -0.3876981432935185
calculated iMatrix for 6, 1, 6, 3: 0.16840270253445966
calculated iMatrix for 6, 1, 6, 4: 0.2796283376446841
calculated iMatrix for 6, 1, 6, 5: 0.2597732843347045
calculated iMatrix for 6, 1, 6, 6: 0.5989474950396476
calculated iMatrix for 6, 1, 6, 7: 0.45608477498624067
calculated iMatrix for 6, 1, 6, 8: -0.21936282847430366
calculated iMatrix for 6, 1, 6, 9: -0.6413572385336788
calculated iMatrix for 6, 1, 6, 10: -0.5194674209246419
calculated iMatrix for 6, 1, 6, 11: 0.12894386579391215
calculated iMatrix for 6, 1, 6, 12: -0.4817270929417947
calculated iMatrix for 6, 1, 6, 13: -0.2638145910451375
calculated iMatrix for 6, 1, 6, 14: -0.015763873233064274
calculated iMatrix for 6, 1, 6, 15: 0.2650295382235315
calculated iMatrix for 6, 1, 6, 16: 0.38100261863467544
calculated iMatrix for 6, 1, 6, 17: 0.13285776511504843
calculated iMatrix for 6, 1, 6, 18: -0.03704127168034921
calculated iMatrix for 6, 1, 6, 19: 0.04769995677474137
calculated iMatrix for 6, 1, 7, 0: -0.0678129303471029
calculated iMatrix for 6, 1, 7, 1: 0.10222079565315867
calculated iMatrix for 6, 1, 7, 2: -0.34452597142830976
calculated iMatrix for 6, 1, 7, 3: -1.4822781684336899
calculated iMatrix for 6, 1, 7, 4: 1.1128643113753112
calculated iMatrix for 6, 1, 7, 5: -0.08149303425118282
calculated iMatrix for 6, 1, 7, 6: -0.4135188429152612
calculated iMatrix for 6, 1, 7, 7: 0.786159037127794
calculated iMatrix for 6, 1, 7, 8: -0.3876981432935185
calculated iMatrix for 6, 1, 7, 9: -0.04048361587132199
calculated iMatrix for 6, 1, 7, 10: -0.02265253422824931
calculated iMatrix for 6, 1, 7, 11: -1.1066660234752066
calculated iMatrix for 6, 1, 7, 12: -0.44250637978851337
calculated iMatrix for 6, 1, 7, 13: -0.6080208182660869
calculated iMatrix for 6, 1, 7, 14: 0.0037807228399060477
calculated iMatrix for 6, 1, 7, 15: -0.44250637978851337
calculated iMatrix for 6, 1, 7, 16: 0.2618141013695571
calculated iMatrix for 6, 1, 7, 17: 0.8426918644600083
calculated iMatrix for 6, 1, 7, 18: 0.4249941879162096
calculated iMatrix for 6, 1, 7, 19: 0.06831924397747713
calculated iMatrix for 6, 1, 8, 0: NaN
calculated iMatrix for 6, 1, 8, 1: NaN
calculated iMatrix for 6, 1, 8, 2: NaN
calculated iMatrix for 6, 1, 8, 3: NaN
calculated iMatrix for 6, 1, 8, 4: NaN
calculated iMatrix for 6, 1, 8, 5: NaN
calculated iMatrix for 6, 1, 8, 6: 9.294976072116157E-5
calculated iMatrix for 6, 1, 8, 7: NaN
calculated iMatrix for 6, 1, 8, 8: NaN
calculated iMatrix for 6, 1, 8, 9: NaN
calculated iMatrix for 6, 1, 8, 10: NaN
calculated iMatrix for 6, 1, 8, 11: NaN
calculated iMatrix for 6, 1, 8, 12: NaN
calculated iMatrix for 6, 1, 8, 13: NaN
calculated iMatrix for 6, 1, 8, 14: NaN
calculated iMatrix for 6, 1, 8, 15: NaN
calculated iMatrix for 6, 1, 8, 16: NaN
calculated iMatrix for 6, 1, 8, 17: NaN
calculated iMatrix for 6, 1, 8, 18: NaN
calculated iMatrix for 6, 1, 8, 19: NaN
calculated iMatrix for 6, 1, 9, 0: -0.23119728612130652
calculated iMatrix for 6, 1, 9, 1: 0.5101519962565164
calculated iMatrix for 6, 1, 9, 2: -0.35656394998778884
calculated iMatrix for 6, 1, 9, 3: -0.6007303850034076
calculated iMatrix for 6, 1, 9, 4: 0.10403732657955644
calculated iMatrix for 6, 1, 9, 5: -0.7499910795364741
calculated iMatrix for 6, 1, 9, 6: 0.16362942378180212
calculated iMatrix for 6, 1, 9, 7: 0.6969279033998513
calculated iMatrix for 6, 1, 9, 8: -0.04290639113274719
calculated iMatrix for 6, 1, 9, 9: 0.22128858875890434
calculated iMatrix for 6, 1, 9, 10: 0.19753097545748333
calculated iMatrix for 6, 1, 9, 11: -0.2916834900539298
calculated iMatrix for 6, 1, 9, 12: -0.999521386023879
calculated iMatrix for 6, 1, 9, 13: -0.08583143584978115
calculated iMatrix for 6, 1, 9, 14: -0.21936282847430366
calculated iMatrix for 6, 1, 9, 15: -0.2067840462674435
calculated iMatrix for 6, 1, 9, 16: -0.03248545514448842
calculated iMatrix for 6, 1, 9, 17: 0.6011237744622431
calculated iMatrix for 6, 1, 9, 18: 0.6408384367488078
calculated iMatrix for 6, 1, 9, 19: 0.6016177235955266
calculated iMatrix for 6, 1, 10, 0: -0.37040308588716964
calculated iMatrix for 6, 1, 10, 1: 0.13731211546442879
calculated iMatrix for 6, 1, 10, 2: -0.05684389897652875
calculated iMatrix for 6, 1, 10, 3: -0.1579938820980118
calculated iMatrix for 6, 1, 10, 4: 0.1592910221832038
calculated iMatrix for 6, 1, 10, 5: 0.06831924397747713
calculated iMatrix for 6, 1, 10, 6: 0.5989474950396476
calculated iMatrix for 6, 1, 10, 7: 0.3518945344766047
calculated iMatrix for 6, 1, 10, 8: -0.7176096700334342
calculated iMatrix for 6, 1, 10, 9: -0.05505977718302746
calculated iMatrix for 6, 1, 10, 10: -0.15482430733673258
calculated iMatrix for 6, 1, 10, 11: 0.13731211546442879
calculated iMatrix for 6, 1, 10, 12: 0.017025949589926537
calculated iMatrix for 6, 1, 10, 13: -0.7373059200091585
calculated iMatrix for 6, 1, 10, 14: -0.10353101294918199
calculated iMatrix for 6, 1, 10, 15: 0.620387826277517
calculated iMatrix for 6, 1, 10, 16: -0.23178534847286092
calculated iMatrix for 6, 1, 10, 17: -0.043472162010639526
calculated iMatrix for 6, 1, 10, 18: 0.021799228342584298
calculated iMatrix for 6, 1, 10, 19: 0.38677297509601183
calculated iMatrix for 6, 1, 11, 0: 0.012749392822666517
calculated iMatrix for 6, 1, 11, 1: 0.41971713081536577
calculated iMatrix for 6, 1, 11, 2: -0.3836658797655801
calculated iMatrix for 6, 1, 11, 3: -0.6555995952492217
calculated iMatrix for 6, 1, 11, 4: 0.08812187127365712
calculated iMatrix for 6, 1, 11, 5: 0.2170645052378276
calculated iMatrix for 6, 1, 11, 6: 0.579144867743468
calculated iMatrix for 6, 1, 11, 7: -0.18299518430342898
calculated iMatrix for 6, 1, 11, 8: 0.12803847867909957
calculated iMatrix for 6, 1, 11, 9: -0.21126561824168433
calculated iMatrix for 6, 1, 11, 10: 0.11710940814690907
calculated iMatrix for 6, 1, 11, 11: -0.030771658666753687
calculated iMatrix for 6, 1, 11, 12: -0.053570573631559704
calculated iMatrix for 6, 1, 11, 13: 0.014252022707201384
calculated iMatrix for 6, 1, 11, 14: -0.6431770752506647
calculated iMatrix for 6, 1, 11, 15: 0.32425261811467787
calculated iMatrix for 6, 1, 11, 16: 0.16840270253445966
calculated iMatrix for 6, 1, 11, 17: 0.35283174166797904
calculated iMatrix for 6, 1, 11, 18: -0.7301884522402944
calculated iMatrix for 6, 1, 11, 19: 0.08812187127365712
calculated iMatrix for 6, 1, 12, 0: 0.04890115812037554
calculated iMatrix for 6, 1, 12, 1: -0.40168438526825834
calculated iMatrix for 6, 1, 12, 2: 0.029098530824196
calculated iMatrix for 6, 1, 12, 3: -0.30324431245500594
calculated iMatrix for 6, 1, 12, 4: -0.007188308530667875
calculated iMatrix for 6, 1, 12, 5: 0.15287663200554014
calculated iMatrix for 6, 1, 12, 6: -0.19119195150760748
calculated iMatrix for 6, 1, 12, 7: -0.13647516866853615
calculated iMatrix for 6, 1, 12, 8: 0.11277100654831118
calculated iMatrix for 6, 1, 12, 9: -0.25013448714105735
calculated iMatrix for 6, 1, 12, 10: 0.021799228342584298
calculated iMatrix for 6, 1, 12, 11: 0.35600131642925814
calculated iMatrix for 6, 1, 12, 12: -0.060298133844616464
calculated iMatrix for 6, 1, 12, 13: -6.73627509474306E-4
calculated iMatrix for 6, 1, 12, 14: -0.40168438526825834
calculated iMatrix for 6, 1, 12, 15: 0.6301304224763357
calculated iMatrix for 6, 1, 12, 16: 0.2715474855907456
calculated iMatrix for 6, 1, 12, 17: -0.049463791678906244
calculated iMatrix for 6, 1, 12, 18: -0.27998745029073846
calculated iMatrix for 6, 1, 12, 19: -0.5194674209246419
calculated iMatrix for 6, 1, 13, 0: -0.014201779710526274
calculated iMatrix for 6, 1, 13, 1: -0.7301884522402944
calculated iMatrix for 6, 1, 13, 2: 0.7174064347433922
calculated iMatrix for 6, 1, 13, 3: -0.19637331024960503
calculated iMatrix for 6, 1, 13, 4: -0.06521214864704539
calculated iMatrix for 6, 1, 13, 5: 0.16675931679072975
calculated iMatrix for 6, 1, 13, 6: 0.37200165777569927
calculated iMatrix for 6, 1, 13, 7: -0.14140128700459176
calculated iMatrix for 6, 1, 13, 8: -0.5216437003472374
calculated iMatrix for 6, 1, 13, 9: -0.3412526460833405
calculated iMatrix for 6, 1, 13, 10: -0.19404502049001393
calculated iMatrix for 6, 1, 13, 11: 0.19155188440142523
calculated iMatrix for 6, 1, 13, 12: 0.4131597302692067
calculated iMatrix for 6, 1, 13, 13: -0.029319225586438735
calculated iMatrix for 6, 1, 13, 14: 0.03195159980660245
calculated iMatrix for 6, 1, 13, 15: 0.22432349245405847
calculated iMatrix for 6, 1, 13, 16: -0.041379673278947315
calculated iMatrix for 6, 1, 13, 17: -0.09042914509841049
calculated iMatrix for 6, 1, 13, 18: 0.014252022707201384
calculated iMatrix for 6, 1, 13, 19: -0.38641691313746995
calculated iMatrix for 6, 1, 14, 0: -0.5268475282222642
calculated iMatrix for 6, 1, 14, 1: 0.06831924397747713
calculated iMatrix for 6, 1, 14, 2: 0.11277100654831118
calculated iMatrix for 6, 1, 14, 3: 0.2814124594381855
calculated iMatrix for 6, 1, 14, 4: -0.44250637978851337
calculated iMatrix for 6, 1, 14, 5: 0.35600131642925814
calculated iMatrix for 6, 1, 14, 6: -0.5378165595928384
calculated iMatrix for 6, 1, 14, 7: -0.4566910147804699
calculated iMatrix for 6, 1, 14, 8: -0.5166143519422353
calculated iMatrix for 6, 1, 14, 9: -0.37351350830156216
calculated iMatrix for 6, 1, 14, 10: 0.021799228342584298
calculated iMatrix for 6, 1, 14, 11: 0.12803847867909957
calculated iMatrix for 6, 1, 14, 12: 0.15533062096710704
calculated iMatrix for 6, 1, 14, 13: -0.2601848229945589
calculated iMatrix for 6, 1, 14, 14: 0.3134417020104622
calculated iMatrix for 6, 1, 14, 15: 0.2506408007714319
calculated iMatrix for 6, 1, 14, 16: 0.31963367225838324
calculated iMatrix for 6, 1, 14, 17: 0.18207812933413514
calculated iMatrix for 6, 1, 14, 18: -0.03704127168034921
calculated iMatrix for 6, 1, 14, 19: 0.2865728099974951
calculated iMatrix for 6, 1, 15, 0: -0.055294711989699374
calculated iMatrix for 6, 1, 15, 1: -0.624827936582468
calculated iMatrix for 6, 1, 15, 2: 0.2286618940526567
calculated iMatrix for 6, 1, 15, 3: -0.49129654395794553
calculated iMatrix for 6, 1, 15, 4: 0.3625587169754172
calculated iMatrix for 6, 1, 15, 5: -0.08121248999348651
calculated iMatrix for 6, 1, 15, 6: 0.3094813007943653
calculated iMatrix for 6, 1, 15, 7: 0.06831924397747713
calculated iMatrix for 6, 1, 15, 8: -0.2625350003395124
calculated iMatrix for 6, 1, 15, 9: -0.21070476573118913
calculated iMatrix for 6, 1, 15, 10: -0.03704127168034921
calculated iMatrix for 6, 1, 15, 11: 0.05092750126560808
calculated iMatrix for 6, 1, 15, 12: 0.39779844510771967
calculated iMatrix for 6, 1, 15, 13: -0.21936282847430366
calculated iMatrix for 6, 1, 15, 14: -0.2681529926437358
calculated iMatrix for 6, 1, 15, 15: 0.1465714408772254
calculated iMatrix for 6, 1, 15, 16: 0.4409945292626508
calculated iMatrix for 6, 1, 15, 17: -0.1005016255975748
calculated iMatrix for 6, 1, 15, 18: 0.37847417228131675
calculated iMatrix for 6, 1, 15, 19: -0.060298133844616464
calculated iMatrix for 6, 1, 16, 0: -0.21039415849154341
calculated iMatrix for 6, 1, 16, 1: -0.624827936582468
calculated iMatrix for 6, 1, 16, 2: 0.310459295982342
calculated iMatrix for 6, 1, 16, 3: 0.22033545127610288
calculated iMatrix for 6, 1, 16, 4: -0.3111703777274266
calculated iMatrix for 6, 1, 16, 5: 0.34275608967923743
calculated iMatrix for 6, 1, 16, 6: 0.553827059759178
calculated iMatrix for 6, 1, 16, 7: -0.3591247708494625
calculated iMatrix for 6, 1, 16, 8: -0.624827936582468
calculated iMatrix for 6, 1, 16, 9: -0.2966545027759502
calculated iMatrix for 6, 1, 16, 10: -0.7789786164097265
calculated iMatrix for 6, 1, 16, 11: 0.35118202999330916
calculated iMatrix for 6, 1, 16, 12: -0.020234153363967833
calculated iMatrix for 6, 1, 16, 13: -0.118266711602935
calculated iMatrix for 6, 1, 16, 14: -0.2467618026624181
calculated iMatrix for 6, 1, 16, 15: 0.5738678106426243
calculated iMatrix for 6, 1, 16, 16: 0.35600131642925814
calculated iMatrix for 6, 1, 16, 17: -0.19738392175552844
calculated iMatrix for 6, 1, 16, 18: 0.22246992380473551
calculated iMatrix for 6, 1, 16, 19: -0.998032182472411
calculated iMatrix for 6, 2, 0, 0: 0.03303410556871489
calculated iMatrix for 6, 2, 0, 1: -1.222593373622113
calculated iMatrix for 6, 2, 0, 2: 0.023502903515065676
calculated iMatrix for 6, 2, 0, 3: 0.04358313873310726
calculated iMatrix for 6, 2, 0, 4: -0.12398108495400317
calculated iMatrix for 6, 2, 0, 5: 0.032193887062485604
calculated iMatrix for 6, 2, 0, 6: 0.243743695171314
calculated iMatrix for 6, 2, 0, 7: 0.08835155025599095
calculated iMatrix for 6, 2, 0, 8: -0.24350174050892748
calculated iMatrix for 6, 2, 0, 9: -0.23823262782891574
calculated iMatrix for 6, 2, 0, 10: 0.20118408075251815
calculated iMatrix for 6, 2, 0, 11: -0.06810062655954663
calculated iMatrix for 6, 2, 0, 12: -0.07556892116707248
calculated iMatrix for 6, 2, 0, 13: 0.2033794713159538
calculated iMatrix for 6, 2, 0, 14: 0.27798384457195147
calculated iMatrix for 6, 2, 0, 15: 0.4549145527310296
calculated iMatrix for 6, 2, 0, 16: 0.12114137307898176
calculated iMatrix for 6, 2, 0, 17: -0.2430807764951335
calculated iMatrix for 6, 2, 0, 18: -0.5720058074809635
calculated iMatrix for 6, 2, 0, 19: 0.08192065992570052
calculated iMatrix for 6, 2, 1, 0: 0.321812068541133
calculated iMatrix for 6, 2, 1, 1: 0.21645155288330664
calculated iMatrix for 6, 2, 1, 2: 0.1676613887138746
calculated iMatrix for 6, 2, 1, 3: 0.3405042015532854
calculated iMatrix for 6, 2, 1, 4: -0.3521463313679436
calculated iMatrix for 6, 2, 1, 5: -0.18991405055810806
calculated iMatrix for 6, 2, 1, 6: -0.3713351120188124
calculated iMatrix for 6, 2, 1, 7: -0.13836982240610285
calculated iMatrix for 6, 2, 1, 8: -2.194839252857017E-4
calculated iMatrix for 6, 2, 1, 9: 0.17243466746653224
calculated iMatrix for 6, 2, 1, 10: -0.6070971272922336
calculated iMatrix for 6, 2, 1, 11: 0.03016959487325499
calculated iMatrix for 6, 2, 1, 12: -0.1863433266689789
calculated iMatrix for 6, 2, 1, 13: 0.0670741518087059
calculated iMatrix for 6, 2, 1, 14: -0.3000720919973219
calculated iMatrix for 6, 2, 1, 15: 0.038449657233868284
calculated iMatrix for 6, 2, 1, 16: -0.3000720919973219
calculated iMatrix for 6, 2, 1, 17: 0.1699315372484138
calculated iMatrix for 6, 2, 1, 18: 0.05214850159203033
calculated iMatrix for 6, 2, 1, 19: -0.04137755641879315
calculated iMatrix for 6, 2, 2, 0: 0.20118408075251815
calculated iMatrix for 6, 2, 2, 1: -0.3383909562994585
calculated iMatrix for 6, 2, 2, 2: -0.2987124724812822
calculated iMatrix for 6, 2, 2, 3: 0.07071051945208973
calculated iMatrix for 6, 2, 2, 4: 0.008663389652291409
calculated iMatrix for 6, 2, 2, 5: -0.20952252194648424
calculated iMatrix for 6, 2, 2, 6: 0.5120076817659933
calculated iMatrix for 6, 2, 2, 7: -0.07952932238316934
calculated iMatrix for 6, 2, 2, 8: -0.14914895666092998
calculated iMatrix for 6, 2, 2, 9: 0.0033583374225982787
calculated iMatrix for 6, 2, 2, 10: 0.48578448666689095
calculated iMatrix for 6, 2, 2, 11: -0.09397000653796383
calculated iMatrix for 6, 2, 2, 12: 0.08723982140330044
calculated iMatrix for 6, 2, 2, 13: 0.12114137307898176
calculated iMatrix for 6, 2, 2, 14: 0.17243466746653224
calculated iMatrix for 6, 2, 2, 15: 0.40110139943685236
calculated iMatrix for 6, 2, 2, 16: 0.10404693971968171
calculated iMatrix for 6, 2, 2, 17: -0.28432373502918273
calculated iMatrix for 6, 2, 2, 18: -0.6520485151544999
calculated iMatrix for 6, 2, 2, 19: -0.5125823870101627
calculated iMatrix for 6, 2, 3, 0: 0.34192921070073246
calculated iMatrix for 6, 2, 3, 1: -0.10200217823522795
calculated iMatrix for 6, 2, 3, 2: -0.23168000154376056
calculated iMatrix for 6, 2, 3, 3: 0.41625842401828084
calculated iMatrix for 6, 2, 3, 4: 0.19524934523270354
calculated iMatrix for 6, 2, 3, 5: -0.2735128189249669
calculated iMatrix for 6, 2, 3, 6: -0.25615285806248633
calculated iMatrix for 6, 2, 3, 7: -0.13590372991090938
calculated iMatrix for 6, 2, 3, 8: -0.6479917144588856
calculated iMatrix for 6, 2, 3, 9: -0.015434161926769052
calculated iMatrix for 6, 2, 3, 10: 0.31785166732503606
calculated iMatrix for 6, 2, 3, 11: 0.20452298201803276
calculated iMatrix for 6, 2, 3, 12: -0.014990801245598262
calculated iMatrix for 6, 2, 3, 13: 0.42482378687720374
calculated iMatrix for 6, 2, 3, 14: 0.015780857421155425
calculated iMatrix for 6, 2, 3, 15: 0.062300873056048256
calculated iMatrix for 6, 2, 3, 16: -0.2719012150306255
calculated iMatrix for 6, 2, 3, 17: -0.1743228398148542
calculated iMatrix for 6, 2, 3, 18: 0.18567989421655284
calculated iMatrix for 6, 2, 3, 19: 0.12114137307898176
calculated iMatrix for 6, 2, 4, 0: 0.17829978691893034
calculated iMatrix for 6, 2, 4, 1: 0.1550429247546632
calculated iMatrix for 6, 2, 4, 2: -0.010434984709737583
calculated iMatrix for 6, 2, 4, 3: 0.41740718922215414
calculated iMatrix for 6, 2, 4, 4: -0.027278632039291595
calculated iMatrix for 6, 2, 4, 5: -0.5005468434988185
calculated iMatrix for 6, 2, 4, 6: 0.47781631701771415
calculated iMatrix for 6, 2, 4, 7: -0.25729506264126334
calculated iMatrix for 6, 2, 4, 8: -0.08519505991884668
calculated iMatrix for 6, 2, 4, 9: 0.19664892558712688
calculated iMatrix for 6, 2, 4, 10: 0.5460245670442476
calculated iMatrix for 6, 2, 4, 11: -0.41785512765370525
calculated iMatrix for 6, 2, 4, 12: -0.34067667158031445
calculated iMatrix for 6, 2, 4, 13: -0.12669479082559953
calculated iMatrix for 6, 2, 4, 14: 0.3749218938550814
calculated iMatrix for 6, 2, 4, 15: 0.2854444243702581
calculated iMatrix for 6, 2, 4, 16: -0.10997034788440496
calculated iMatrix for 6, 2, 4, 17: -0.4316484497860411
calculated iMatrix for 6, 2, 4, 18: -0.16654069937279914
calculated iMatrix for 6, 2, 4, 19: 0.156232692890252
calculated iMatrix for 6, 2, 5, 0: 0.44077504533736506
calculated iMatrix for 6, 2, 5, 1: 0.27529205290624015
calculated iMatrix for 6, 2, 5, 2: -0.21533086354223108
calculated iMatrix for 6, 2, 5, 3: 0.4234222449519154
calculated iMatrix for 6, 2, 5, 4: 0.06051675126254685
calculated iMatrix for 6, 2, 5, 5: -0.6629775856866904
calculated iMatrix for 6, 2, 5, 6: 0.08605005326771165
calculated iMatrix for 6, 2, 5, 7: -0.017008965401835385
calculated iMatrix for 6, 2, 5, 8: 0.03561919964081972
calculated iMatrix for 6, 2, 5, 9: 0.31038337271751004
calculated iMatrix for 6, 2, 5, 10: 0.05660285194141057
calculated iMatrix for 6, 2, 5, 11: -0.06496090655487885
calculated iMatrix for 6, 2, 5, 12: -0.12002068373790631
calculated iMatrix for 6, 2, 5, 13: -0.024040636765516155
calculated iMatrix for 6, 2, 5, 14: -0.16654069937279914
calculated iMatrix for 6, 2, 5, 15: -0.27234754398246697
calculated iMatrix for 6, 2, 5, 16: -0.07497350584730877
calculated iMatrix for 6, 2, 5, 17: -0.18113949879395197
calculated iMatrix for 6, 2, 5, 18: -0.05070888384767758
calculated iMatrix for 6, 2, 5, 19: -0.23025651375890677
calculated iMatrix for 6, 2, 6, 0: 0.16370098749777762
calculated iMatrix for 6, 2, 6, 1: 0.43479893193402336
calculated iMatrix for 6, 2, 6, 2: 0.08605005326771165
calculated iMatrix for 6, 2, 6, 3: -0.04218368302431785
calculated iMatrix for 6, 2, 6, 4: -0.07301464136197577
calculated iMatrix for 6, 2, 6, 5: -0.7718019947981822
calculated iMatrix for 6, 2, 6, 6: -0.6260730287512395
calculated iMatrix for 6, 2, 6, 7: -0.00515235224531041
calculated iMatrix for 6, 2, 6, 8: -0.2703374930544429
calculated iMatrix for 6, 2, 6, 9: 0.5879754275634383
calculated iMatrix for 6, 2, 6, 10: 0.5629741253580209
calculated iMatrix for 6, 2, 6, 11: -0.14548729017496687
calculated iMatrix for 6, 2, 6, 12: -0.07952932238316934
calculated iMatrix for 6, 2, 6, 13: 0.19910291454869367
calculated iMatrix for 6, 2, 6, 14: -0.2355335708597508
calculated iMatrix for 6, 2, 6, 15: 0.10563718654301657
calculated iMatrix for 6, 2, 6, 16: -0.13881615135794423
calculated iMatrix for 6, 2, 6, 17: -0.01744479020716494
calculated iMatrix for 6, 2, 6, 18: 0.6601378738116687
calculated iMatrix for 6, 2, 6, 19: 0.21211315128470853
calculated iMatrix for 6, 2, 7, 0: 0.35571362021681424
calculated iMatrix for 6, 2, 7, 1: -0.38968425068700907
calculated iMatrix for 6, 2, 7, 2: -0.027278632039291595
calculated iMatrix for 6, 2, 7, 3: 0.4323539429409568
calculated iMatrix for 6, 2, 7, 4: -0.640998678967915
calculated iMatrix for 6, 2, 7, 5: -0.6856651259534849
calculated iMatrix for 6, 2, 7, 6: -0.31711355785217354
calculated iMatrix for 6, 2, 7, 7: -0.19393967356091357
calculated iMatrix for 6, 2, 7, 8: 0.48578448666689095
calculated iMatrix for 6, 2, 7, 9: 0.12114137307898176
calculated iMatrix for 6, 2, 7, 10: 0.5460245670442476
calculated iMatrix for 6, 2, 7, 11: 0.23892440873536525
calculated iMatrix for 6, 2, 7, 12: -0.5207125130934132
calculated iMatrix for 6, 2, 7, 13: 0.6106895983976874
calculated iMatrix for 6, 2, 7, 14: 0.37897048238108155
calculated iMatrix for 6, 2, 7, 15: -0.05070888384767758
calculated iMatrix for 6, 2, 7, 16: -0.05213034819505491
calculated iMatrix for 6, 2, 7, 17: -0.5388536001640629
calculated iMatrix for 6, 2, 7, 18: 0.07235120890954971
calculated iMatrix for 6, 2, 7, 19: -0.19123331196317062
calculated iMatrix for 6, 2, 8, 0: NaN
calculated iMatrix for 6, 2, 8, 1: NaN
calculated iMatrix for 6, 2, 8, 2: NaN
calculated iMatrix for 6, 2, 8, 3: NaN
calculated iMatrix for 6, 2, 8, 4: NaN
calculated iMatrix for 6, 2, 8, 5: NaN
calculated iMatrix for 6, 2, 8, 6: 1.8876266131917507E-4
calculated iMatrix for 6, 2, 8, 7: NaN
calculated iMatrix for 6, 2, 8, 8: NaN
calculated iMatrix for 6, 2, 8, 9: NaN
calculated iMatrix for 6, 2, 8, 10: NaN
calculated iMatrix for 6, 2, 8, 11: NaN
calculated iMatrix for 6, 2, 8, 12: NaN
calculated iMatrix for 6, 2, 8, 13: NaN
calculated iMatrix for 6, 2, 8, 14: NaN
calculated iMatrix for 6, 2, 8, 15: NaN
calculated iMatrix for 6, 2, 8, 16: NaN
calculated iMatrix for 6, 2, 8, 17: NaN
calculated iMatrix for 6, 2, 8, 18: NaN
calculated iMatrix for 6, 2, 8, 19: NaN
calculated iMatrix for 6, 2, 9, 0: 0.3534733504475977
calculated iMatrix for 6, 2, 9, 1: 0.04703340092525987
calculated iMatrix for 6, 2, 9, 2: -0.3851284341511483
calculated iMatrix for 6, 2, 9, 3: 0.6472344689757609
calculated iMatrix for 6, 2, 9, 4: 0.25997781793319763
calculated iMatrix for 6, 2, 9, 5: -0.6207959716503957
calculated iMatrix for 6, 2, 9, 6: -0.31711355785217354
calculated iMatrix for 6, 2, 9, 7: -0.1842402764722002
calculated iMatrix for 6, 2, 9, 8: 0.4312963013828212
calculated iMatrix for 6, 2, 9, 9: 0.5991771740219815
calculated iMatrix for 6, 2, 9, 10: 0.7142050950819445
calculated iMatrix for 6, 2, 9, 11: -0.21021576287546084
calculated iMatrix for 6, 2, 9, 12: -3.84915054047314
calculated iMatrix for 6, 2, 9, 13: 0.2836603025767567
calculated iMatrix for 6, 2, 9, 14: 0.4088234455307626
calculated iMatrix for 6, 2, 9, 15: -0.38095057071825433
calculated iMatrix for 6, 2, 9, 16: -0.3851284341511483
calculated iMatrix for 6, 2, 9, 17: 0.28240952067510405
calculated iMatrix for 6, 2, 9, 18: -0.10200217823522795
calculated iMatrix for 6, 2, 9, 19: -0.15329547262277854
calculated iMatrix for 6, 2, 10, 0: 0.44077504533736506
calculated iMatrix for 6, 2, 10, 1: -0.21533086354223108
calculated iMatrix for 6, 2, 10, 2: -0.5720058074809635
calculated iMatrix for 6, 2, 10, 3: 0.06051675126254685
calculated iMatrix for 6, 2, 10, 4: 0.03258797573753669
calculated iMatrix for 6, 2, 10, 5: -0.4341360132578427
calculated iMatrix for 6, 2, 10, 6: -0.25615285806248633
calculated iMatrix for 6, 2, 10, 7: -0.4753789717918919
calculated iMatrix for 6, 2, 10, 8: 0.05444999858030941
calculated iMatrix for 6, 2, 10, 9: 0.6066491888606825
calculated iMatrix for 6, 2, 10, 10: 0.49583482252039246
calculated iMatrix for 6, 2, 10, 11: -0.43003554621057627
calculated iMatrix for 6, 2, 10, 12: -0.9054974159640388
calculated iMatrix for 6, 2, 10, 13: 1.0374321049531368
calculated iMatrix for 6, 2, 10, 14: 0.2814840231541612
calculated iMatrix for 6, 2, 10, 15: -0.8773874570321454
calculated iMatrix for 6, 2, 10, 16: 0.17998187310191516
calculated iMatrix for 6, 2, 10, 17: 0.18709934087077906
calculated iMatrix for 6, 2, 10, 18: 0.17243466746653224
calculated iMatrix for 6, 2, 10, 19: -0.10200217823522795
calculated iMatrix for 6, 2, 11, 0: 0.2814840231541612
calculated iMatrix for 6, 2, 11, 1: -0.48499443049133384
calculated iMatrix for 6, 2, 11, 2: -0.47090969060959487
calculated iMatrix for 6, 2, 11, 3: 0.028359639628015576
calculated iMatrix for 6, 2, 11, 4: 0.2311422682933102
calculated iMatrix for 6, 2, 11, 5: 0.1516005805636902
calculated iMatrix for 6, 2, 11, 6: -0.3488622561667538
calculated iMatrix for 6, 2, 11, 7: 0.03152921438929457
calculated iMatrix for 6, 2, 11, 8: 0.3516650316908141
calculated iMatrix for 6, 2, 11, 9: 0.2265018887368081
calculated iMatrix for 6, 2, 11, 10: 0.5911450023247173
calculated iMatrix for 6, 2, 11, 11: 0.05518340528718435
calculated iMatrix for 6, 2, 11, 12: -0.6365443286185348
calculated iMatrix for 6, 2, 11, 13: 0.06051675126254685
calculated iMatrix for 6, 2, 11, 14: 0.5629741253580209
calculated iMatrix for 6, 2, 11, 15: -1.1205717592298015
calculated iMatrix for 6, 2, 11, 16: -0.1842402764722002
calculated iMatrix for 6, 2, 11, 17: -0.26106687286491526
calculated iMatrix for 6, 2, 11, 18: 0.551924289171436
calculated iMatrix for 6, 2, 11, 19: 0.29549476022375953
calculated iMatrix for 6, 2, 12, 0: -0.11726965036601644
calculated iMatrix for 6, 2, 12, 1: -0.5294461930621677
calculated iMatrix for 6, 2, 12, 2: 0.10654257365782915
calculated iMatrix for 6, 2, 12, 3: 0.13512761505372162
calculated iMatrix for 6, 2, 12, 4: 0.05796247145745015
calculated iMatrix for 6, 2, 12, 5: -0.1273199862195179
calculated iMatrix for 6, 2, 12, 6: 0.44656377351360965
calculated iMatrix for 6, 2, 12, 7: -0.22060792064307488
calculated iMatrix for 6, 2, 12, 8: -0.017008965401835385
calculated iMatrix for 6, 2, 12, 9: 0.31645012539974743
calculated iMatrix for 6, 2, 12, 10: 0.6066491888606825
calculated iMatrix for 6, 2, 12, 11: -0.12002068373790631
calculated iMatrix for 6, 2, 12, 12: -0.13017305520192435
calculated iMatrix for 6, 2, 12, 13: -0.0901677205882252
calculated iMatrix for 6, 2, 12, 14: 0.12114137307898176
calculated iMatrix for 6, 2, 12, 15: -0.32354444818246386
calculated iMatrix for 6, 2, 12, 16: -0.28432373502918273
calculated iMatrix for 6, 2, 12, 17: -0.055789335080096425
calculated iMatrix for 6, 2, 12, 18: 0.12114137307898176
calculated iMatrix for 6, 2, 12, 19: 0.3034629298729363
calculated iMatrix for 6, 2, 13, 0: 0.017001113826384806
calculated iMatrix for 6, 2, 13, 1: -0.4666452918231372
calculated iMatrix for 6, 2, 13, 2: -0.3268833494479786
calculated iMatrix for 6, 2, 13, 3: -0.09552966372961047
calculated iMatrix for 6, 2, 13, 4: -0.002472582888194852
calculated iMatrix for 6, 2, 13, 5: 0.018487219018898382
calculated iMatrix for 6, 2, 13, 6: -0.31417669817886384
calculated iMatrix for 6, 2, 13, 7: -0.04316167821229455
calculated iMatrix for 6, 2, 13, 8: 0.46206796004957496
calculated iMatrix for 6, 2, 13, 9: 0.27832695660139406
calculated iMatrix for 6, 2, 13, 10: 0.09036971441222807
calculated iMatrix for 6, 2, 13, 11: -0.10200217823522795
calculated iMatrix for 6, 2, 13, 12: -0.6575279809191255
calculated iMatrix for 6, 2, 13, 13: 0.45327520810159655
calculated iMatrix for 6, 2, 13, 14: 0.08031937855872662
calculated iMatrix for 6, 2, 13, 15: -0.2719012150306255
calculated iMatrix for 6, 2, 13, 16: -0.08109549341591427
calculated iMatrix for 6, 2, 13, 17: 7.776908291066142E-4
calculated iMatrix for 6, 2, 13, 18: -0.5720058074809635
calculated iMatrix for 6, 2, 13, 19: 0.3955782187807421
calculated iMatrix for 6, 2, 14, 0: 0.2129489223321046
calculated iMatrix for 6, 2, 14, 1: -0.48499443049133384
calculated iMatrix for 6, 2, 14, 2: 0.23697318860410344
calculated iMatrix for 6, 2, 14, 3: 0.1737851065644036
calculated iMatrix for 6, 2, 14, 4: -0.018620569296176948
calculated iMatrix for 6, 2, 14, 5: -0.27502134236686926
calculated iMatrix for 6, 2, 14, 6: 0.234470058385985
calculated iMatrix for 6, 2, 14, 7: 0.049682409096836744
calculated iMatrix for 6, 2, 14, 8: 0.4488287801444618
calculated iMatrix for 6, 2, 14, 9: 0.20815275006861145
calculated iMatrix for 6, 2, 14, 10: -0.5294461930621677
calculated iMatrix for 6, 2, 14, 11: 0.2546727657035043
calculated iMatrix for 6, 2, 14, 12: -0.31417669817886384
calculated iMatrix for 6, 2, 14, 13: 0.21645155288330664
calculated iMatrix for 6, 2, 14, 14: 0.3653383335910239
calculated iMatrix for 6, 2, 14, 15: -0.4569364776961762
calculated iMatrix for 6, 2, 14, 16: -0.5106368611046717
calculated iMatrix for 6, 2, 14, 17: -0.5074672863433924
calculated iMatrix for 6, 2, 14, 18: 0.5041336253350874
calculated iMatrix for 6, 2, 14, 19: -0.23886136095242527
calculated iMatrix for 6, 2, 15, 0: 0.02060014385710429
calculated iMatrix for 6, 2, 15, 1: -0.3488622561667538
calculated iMatrix for 6, 2, 15, 2: -0.34067667158031445
calculated iMatrix for 6, 2, 15, 3: 0.23892440873536525
calculated iMatrix for 6, 2, 15, 4: -0.26022618345012205
calculated iMatrix for 6, 2, 15, 5: -0.23692149613459867
calculated iMatrix for 6, 2, 15, 6: -0.04316167821229455
calculated iMatrix for 6, 2, 15, 7: -0.4156597370902695
calculated iMatrix for 6, 2, 15, 8: 0.3993447015762188
calculated iMatrix for 6, 2, 15, 9: 0.21351469320999683
calculated iMatrix for 6, 2, 15, 10: 0.12114137307898176
calculated iMatrix for 6, 2, 15, 11: -0.3017154777410518
calculated iMatrix for 6, 2, 15, 12: -0.47090969060959487
calculated iMatrix for 6, 2, 15, 13: 0.21211315128470853
calculated iMatrix for 6, 2, 15, 14: 0.34428492439319147
calculated iMatrix for 6, 2, 15, 15: 0.08242686089829132
calculated iMatrix for 6, 2, 15, 16: -0.012390019545540865
calculated iMatrix for 6, 2, 15, 17: -0.12867042531738937
calculated iMatrix for 6, 2, 15, 18: 0.43479893193402336
calculated iMatrix for 6, 2, 15, 19: 0.12114137307898176
calculated iMatrix for 6, 2, 16, 0: 0.174630058029968
calculated iMatrix for 6, 2, 16, 1: 0.0670741518087059
calculated iMatrix for 6, 2, 16, 2: 0.22051384689218545
calculated iMatrix for 6, 2, 16, 3: -0.24176412061038666
calculated iMatrix for 6, 2, 16, 4: -0.03300930674827662
calculated iMatrix for 6, 2, 16, 5: -0.526885372200494
calculated iMatrix for 6, 2, 16, 6: -0.640998678967915
calculated iMatrix for 6, 2, 16, 7: 0.6232333168762179
calculated iMatrix for 6, 2, 16, 8: 0.17425119839293002
calculated iMatrix for 6, 2, 16, 9: 0.33555124442443685
calculated iMatrix for 6, 2, 16, 10: 0.9813426383020933
calculated iMatrix for 6, 2, 16, 11: -0.13017305520192435
calculated iMatrix for 6, 2, 16, 12: -0.03920127699619769
calculated iMatrix for 6, 2, 16, 13: 0.045155466101059805
calculated iMatrix for 6, 2, 16, 14: 0.08835155025599095
calculated iMatrix for 6, 2, 16, 15: -0.3070519861067387
calculated iMatrix for 6, 2, 16, 16: -0.4446663851043622
calculated iMatrix for 6, 2, 16, 17: -0.20335467249551553
calculated iMatrix for 6, 2, 16, 18: -1.6280584817302772
calculated iMatrix for 6, 2, 16, 19: 0.5180227374957547
calculated fs for 0: [J@4b32ace3
calculated fs for 0: [J@4b32ace3
calculated fs for 0: [J@4b32ace3
calculated fs for 0: [J@4b32ace3
calculated fs for 0: [J@4b32ace3
calculated fs for 0: [J@4b32ace3
calculated fs for 0: [J@4b32ace3
calculated fs for 0: [J@4b32ace3
calculated fs for 0: [J@4b32ace3
calculated fs for 0: [J@4b32ace3
calculated fs for 0: [J@4b32ace3
calculated fs for 0: [J@4b32ace3
calculated fs for 0: [J@4b32ace3
calculated fs for 0: [J@4b32ace3
calculated fs for 0: [J@4b32ace3
calculated fs for 0: [J@4b32ace3
calculated fs for 0: [J@4b32ace3
calculated fs for 0: [J@4b32ace3
calculated fs for 0: [J@4b32ace3
calculated fs for 0: [J@4b32ace3
calculated fs for 0: [J@4b32ace3
calculated fs for 0: [J@4b32ace3
calculated fs for 0: [J@4b32ace3
calculated fs for 0: [J@4b32ace3
calculated fs for 0: [J@4b32ace3
calculated fs for 0: [J@4b32ace3
calculated fs for 0: [J@4b32ace3
calculated fs for 0: [J@4b32ace3
calculated fs for 0: [J@4b32ace3
calculated fs for 0: [J@4b32ace3
calculated fs for 0: [J@4b32ace3
calculated fs for 0: [J@4b32ace3
calculated fs for 0: [J@4b32ace3
calculated fs for 0: [J@4b32ace3
calculated fs for 0: [J@4b32ace3
calculated fs for 0: [J@4b32ace3
calculated fs for 0: [J@4b32ace3
calculated fs for 0: [J@4b32ace3
calculated fs for 0: [J@4b32ace3
calculated fs for 0: [J@4b32ace3
calculated fs for 0: [J@4b32ace3
calculated fs for 0: [J@4b32ace3
calculated fs for 0: [J@4b32ace3
calculated fs for 0: [J@4b32ace3
calculated fs for 0: [J@4b32ace3
calculated fs for 0: [J@4b32ace3
calculated fs for 0: [J@4b32ace3
calculated fs for 0: [J@4b32ace3
calculated fs for 0: [J@4b32ace3
calculated fs for 0: [J@4b32ace3
calculated fs for 0: [J@4b32ace3
calculated fs for 0: [J@4b32ace3
calculated fs for 0: [J@4b32ace3
calculated fs for 0: [J@4b32ace3
calculated fs for 0: [J@4b32ace3
calculated fs for 0: [J@4b32ace3
calculated fs for 0: [J@4b32ace3
calculated fs for 0: [J@4b32ace3
calculated fs for 0: [J@4b32ace3
calculated fs for 0: [J@4b32ace3
calculated fs for 0: [J@4b32ace3
calculated fs for 0: [J@4b32ace3
calculated fs for 0: [J@4b32ace3
calculated fs for 0: [J@4b32ace3
calculated fs for 0: [J@4b32ace3
calculated fs for 0: [J@4b32ace3
calculated fs for 0: [J@4b32ace3
calculated fs for 0: [J@4b32ace3
calculated fs for 0: [J@4b32ace3
calculated fs for 0: [J@4b32ace3
calculated fs for 0: [J@4b32ace3
calculated fs for 0: [J@4b32ace3
calculated fs for 0: [J@4b32ace3
calculated fs for 0: [J@4b32ace3
calculated fs for 0: [J@4b32ace3
calculated fs for 0: [J@4b32ace3
calculated fs for 0: [J@4b32ace3
calculated fs for 0: [J@4b32ace3
calculated fs for 0: [J@4b32ace3
calculated fs for 0: [J@4b32ace3
calculated fs for 0: [J@4b32ace3
calculated fs for 0: [J@4b32ace3
calculated fs for 0: [J@4b32ace3
calculated fs for 0: [J@4b32ace3
calculated fs for 0: [J@4b32ace3
calculated fs for 0: [J@4b32ace3
calculated fs for 0: [J@4b32ace3
calculated fs for 0: [J@4b32ace3
calculated fs for 0: [J@4b32ace3
calculated fs for 0: [J@4b32ace3
calculated fs for 0: [J@4b32ace3
calculated fs for 0: [J@4b32ace3
calculated fs for 0: [J@4b32ace3
calculated fs for 0: [J@4b32ace3
calculated fs for 0: [J@4b32ace3
calculated fs for 0: [J@4b32ace3
calculated fs for 0: [J@4b32ace3
calculated fs for 0: [J@4b32ace3
calculated fs for 0: [J@4b32ace3
calculated fs for 0: [J@4b32ace3
calculated fs for 0: [J@4b32ace3
calculated fs for 0: [J@4b32ace3
calculated fs for 0: [J@4b32ace3
calculated fs for 0: [J@4b32ace3
calculated fs for 0: [J@4b32ace3
calculated fs for 0: [J@4b32ace3
calculated fs for 0: [J@4b32ace3
calculated fs for 0: [J@4b32ace3
calculated fs for 0: [J@4b32ace3
calculated fs for 0: [J@4b32ace3
calculated fs for 0: [J@4b32ace3
calculated fs for 0: [J@4b32ace3
calculated fs for 0: [J@4b32ace3
calculated fs for 0: [J@4b32ace3
calculated fs for 0: [J@4b32ace3
calculated fs for 0: [J@4b32ace3
calculated fs for 0: [J@4b32ace3
calculated fs for 0: [J@4b32ace3
calculated fs for 0: [J@4b32ace3
calculated fs for 0: [J@4b32ace3
calculated fs for 0: [J@4b32ace3
calculated fs for 0: [J@4b32ace3
calculated fs for 0: [J@4b32ace3
calculated fs for 0: [J@4b32ace3
calculated fs for 0: [J@4b32ace3
calculated fs for 0: [J@4b32ace3
calculated fs for 0: [J@4b32ace3
calculated fs for 0: [J@4b32ace3
calculated fs for 0: [J@4b32ace3
calculated fs for 0: [J@4b32ace3
calculated fs for 0: [J@4b32ace3
calculated fs for 0: [J@4b32ace3
calculated fs for 0: [J@4b32ace3
calculated fs for 0: [J@4b32ace3
calculated fs for 0: [J@4b32ace3
calculated fs for 0: [J@4b32ace3
calculated fs for 0: [J@4b32ace3
calculated fs for 0: [J@4b32ace3
calculated fs for 0: [J@4b32ace3
calculated fs for 0: [J@4b32ace3
calculated fs for 0: [J@4b32ace3
calculated fs for 0: [J@4b32ace3
calculated fs for 0: [J@4b32ace3
calculated fs for 0: [J@4b32ace3
calculated fs for 0: [J@4b32ace3
calculated fs for 0: [J@4b32ace3
calculated fs for 0: [J@4b32ace3
calculated fs for 0: [J@4b32ace3
calculated fs for 0: [J@4b32ace3
calculated fs for 0: [J@4b32ace3
calculated fs for 0: [J@4b32ace3
calculated fs for 0: [J@4b32ace3
calculated fs for 0: [J@4b32ace3
calculated fs for 0: [J@4b32ace3
calculated fs for 0: [J@4b32ace3
calculated fs for 0: [J@4b32ace3
calculated fs for 0: [J@4b32ace3
calculated fs for 0: [J@4b32ace3
calculated fs for 0: [J@4b32ace3
calculated fs for 0: [J@4b32ace3
calculated fs for 0: [J@4b32ace3
calculated fs for 0: [J@4b32ace3
calculated fs for 0: [J@4b32ace3
calculated fs for 0: [J@4b32ace3
calculated fs for 0: [J@4b32ace3
calculated fs for 0: [J@4b32ace3
calculated fs for 0: [J@4b32ace3
calculated fs for 0: [J@4b32ace3
calculated fs for 0: [J@4b32ace3
calculated fs for 0: [J@4b32ace3
calculated fs for 0: [J@4b32ace3
calculated fs for 0: [J@4b32ace3
calculated fs for 0: [J@4b32ace3
calculated fs for 0: [J@4b32ace3
calculated fs for 0: [J@4b32ace3
calculated fs for 0: [J@4b32ace3
calculated fs for 0: [J@4b32ace3
calculated fs for 0: [J@4b32ace3
calculated fs for 0: [J@4b32ace3
calculated fs for 0: [J@4b32ace3
calculated fs for 0: [J@4b32ace3
calculated fs for 0: [J@4b32ace3
calculated fs for 0: [J@4b32ace3
calculated fs for 0: [J@4b32ace3
calculated fs for 0: [J@4b32ace3
calculated fs for 0: [J@4b32ace3
calculated fs for 0: [J@4b32ace3
calculated fs for 0: [J@4b32ace3
calculated fs for 0: [J@4b32ace3
calculated fs for 0: [J@4b32ace3
calculated fs for 0: [J@4b32ace3
calculated fs for 0: [J@4b32ace3
calculated fs for 0: [J@4b32ace3
calculated fs for 0: [J@4b32ace3
calculated fs for 0: [J@4b32ace3
calculated fs for 0: [J@4b32ace3
calculated fs for 0: [J@4b32ace3
calculated fs for 0: [J@4b32ace3
calculated fs for 0: [J@4b32ace3
calculated fs for 0: [J@4b32ace3
calculated fs for 0: [J@4b32ace3
calculated fs for 0: [J@4b32ace3
calculated fs for 0: [J@4b32ace3
calculated fs for 0: [J@4b32ace3
calculated fs for 0: [J@4b32ace3
calculated fs for 0: [J@4b32ace3
calculated fs for 0: [J@4b32ace3
calculated fs for 0: [J@4b32ace3
calculated fs for 0: [J@4b32ace3
calculated fs for 0: [J@4b32ace3
calculated fs for 0: [J@4b32ace3
calculated fs for 0: [J@4b32ace3
calculated fs for 0: [J@4b32ace3
calculated fs for 0: [J@4b32ace3
calculated fs for 0: [J@4b32ace3
calculated fs for 0: [J@4b32ace3
calculated fs for 0: [J@4b32ace3
calculated fs for 0: [J@4b32ace3
calculated fs for 0: [J@4b32ace3
calculated fs for 0: [J@4b32ace3
calculated fs for 0: [J@4b32ace3
calculated fs for 0: [J@4b32ace3
calculated fs for 0: [J@4b32ace3
calculated fs for 0: [J@4b32ace3
calculated fs for 0: [J@4b32ace3
calculated fs for 0: [J@4b32ace3
calculated fs for 0: [J@4b32ace3
calculated fs for 0: [J@4b32ace3
calculated fs for 0: [J@4b32ace3
calculated fs for 0: [J@4b32ace3
calculated fs for 0: [J@4b32ace3
calculated fs for 0: [J@4b32ace3
calculated fs for 0: [J@4b32ace3
calculated fs for 0: [J@4b32ace3
calculated fs for 0: [J@4b32ace3
calculated fs for 0: [J@4b32ace3
calculated fs for 0: [J@4b32ace3
calculated fs for 0: [J@4b32ace3
calculated fs for 0: [J@4b32ace3
calculated fs for 0: [J@4b32ace3
calculated fs for 0: [J@4b32ace3
calculated fs for 0: [J@4b32ace3
calculated fs for 0: [J@4b32ace3
calculated fs for 0: [J@4b32ace3
calculated fs for 0: [J@4b32ace3
calculated fs for 0: [J@4b32ace3
calculated fs for 0: [J@4b32ace3
calculated fs for 0: [J@4b32ace3
calculated fs for 0: [J@4b32ace3
calculated fs for 0: [J@4b32ace3
calculated fs for 0: [J@4b32ace3
calculated fs for 0: [J@4b32ace3
calculated fs for 0: [J@4b32ace3
calculated fs for 0: [J@4b32ace3
calculated fs for 0: [J@4b32ace3
calculated fs for 0: [J@4b32ace3
calculated fs for 0: [J@4b32ace3
calculated fs for 0: [J@4b32ace3
calculated fs for 0: [J@4b32ace3
calculated fs for 0: [J@4b32ace3
calculated fs for 0: [J@4b32ace3
calculated fs for 0: [J@4b32ace3
calculated fs for 0: [J@4b32ace3
calculated fs for 0: [J@4b32ace3
calculated fs for 0: [J@4b32ace3
calculated fs for 0: [J@4b32ace3
calculated fs for 0: [J@4b32ace3
calculated fs for 0: [J@4b32ace3
calculated fs for 0: [J@4b32ace3
calculated fs for 0: [J@4b32ace3
calculated fs for 0: [J@4b32ace3
calculated fs for 0: [J@4b32ace3
calculated fs for 0: [J@4b32ace3
calculated fs for 0: [J@4b32ace3
calculated fs for 0: [J@4b32ace3
calculated fs for 0: [J@4b32ace3
calculated fs for 0: [J@4b32ace3
calculated fs for 0: [J@4b32ace3
calculated fs for 0: [J@4b32ace3
calculated fs for 0: [J@4b32ace3
calculated fs for 0: [J@4b32ace3
calculated fs for 0: [J@4b32ace3
calculated fs for 0: [J@4b32ace3
calculated fs for 0: [J@4b32ace3
calculated fs for 0: [J@4b32ace3
calculated fs for 0: [J@4b32ace3
calculated fs for 0: [J@4b32ace3
calculated fs for 0: [J@4b32ace3
calculated fs for 0: [J@4b32ace3
calculated fs for 0: [J@4b32ace3
calculated fs for 0: [J@4b32ace3
calculated fs for 0: [J@4b32ace3
calculated fs for 0: [J@4b32ace3
calculated fs for 0: [J@4b32ace3
calculated fs for 0: [J@4b32ace3
calculated fs for 0: [J@4b32ace3
calculated fs for 0: [J@4b32ace3
calculated fs for 0: [J@4b32ace3
calculated fs for 0: [J@4b32ace3
calculated fs for 0: [J@4b32ace3
calculated fs for 0: [J@4b32ace3
calculated fs for 0: [J@4b32ace3
calculated fs for 0: [J@4b32ace3
calculated fs for 0: [J@4b32ace3
calculated fs for 0: [J@4b32ace3
calculated fs for 0: [J@4b32ace3
calculated fs for 0: [J@4b32ace3
calculated fs for 0: [J@4b32ace3
calculated fs for 0: [J@4b32ace3
calculated fs for 0: [J@4b32ace3
calculated fs for 0: [J@4b32ace3
calculated fs for 0: [J@4b32ace3
calculated fs for 0: [J@4b32ace3
calculated fs for 0: [J@4b32ace3
calculated fs for 0: [J@4b32ace3
calculated fs for 0: [J@4b32ace3
calculated fs for 0: [J@4b32ace3
calculated fs for 0: [J@4b32ace3
calculated fs for 0: [J@4b32ace3
calculated fs for 0: [J@4b32ace3
calculated fs for 0: [J@4b32ace3
calculated fs for 0: [J@4b32ace3
calculated fs for 0: [J@4b32ace3
calculated fs for 0: [J@4b32ace3
calculated fs for 0: [J@4b32ace3
calculated fs for 0: [J@4b32ace3
calculated fs for 0: [J@4b32ace3
calculated fs for 0: [J@4b32ace3
calculated fs for 0: [J@4b32ace3
calculated fs for 0: [J@4b32ace3
calculated fs for 0: [J@4b32ace3
calculated fs for 0: [J@4b32ace3
calculated fs for 0: [J@4b32ace3
calculated fs for 0: [J@4b32ace3
calculated fs for 0: [J@4b32ace3
calculated fs for 0: [J@4b32ace3
calculated fs for 0: [J@4b32ace3
calculated fs for 0: [J@4b32ace3
calculated fs for 0: [J@4b32ace3
calculated fs for 0: [J@4b32ace3
calculated fs for 1: [J@6bf491a6
calculated fs for 1: [J@6bf491a6
calculated fs for 1: [J@6bf491a6
calculated fs for 1: [J@6bf491a6
calculated fs for 1: [J@6bf491a6
calculated fs for 1: [J@6bf491a6
calculated fs for 1: [J@6bf491a6
calculated fs for 1: [J@6bf491a6
calculated fs for 1: [J@6bf491a6
calculated fs for 1: [J@6bf491a6
calculated fs for 1: [J@6bf491a6
calculated fs for 1: [J@6bf491a6
calculated fs for 1: [J@6bf491a6
calculated fs for 1: [J@6bf491a6
calculated fs for 1: [J@6bf491a6
calculated fs for 1: [J@6bf491a6
calculated fs for 1: [J@6bf491a6
calculated fs for 1: [J@6bf491a6
calculated fs for 1: [J@6bf491a6
calculated fs for 1: [J@6bf491a6
calculated fs for 1: [J@6bf491a6
calculated fs for 1: [J@6bf491a6
calculated fs for 1: [J@6bf491a6
calculated fs for 1: [J@6bf491a6
calculated fs for 1: [J@6bf491a6
calculated fs for 1: [J@6bf491a6
calculated fs for 1: [J@6bf491a6
calculated fs for 1: [J@6bf491a6
calculated fs for 1: [J@6bf491a6
calculated fs for 1: [J@6bf491a6
calculated fs for 1: [J@6bf491a6
calculated fs for 1: [J@6bf491a6
calculated fs for 1: [J@6bf491a6
calculated fs for 1: [J@6bf491a6
calculated fs for 1: [J@6bf491a6
calculated fs for 1: [J@6bf491a6
calculated fs for 1: [J@6bf491a6
calculated fs for 1: [J@6bf491a6
calculated fs for 1: [J@6bf491a6
calculated fs for 1: [J@6bf491a6
calculated fs for 1: [J@6bf491a6
calculated fs for 1: [J@6bf491a6
calculated fs for 1: [J@6bf491a6
calculated fs for 1: [J@6bf491a6
calculated fs for 1: [J@6bf491a6
calculated fs for 1: [J@6bf491a6
calculated fs for 1: [J@6bf491a6
calculated fs for 1: [J@6bf491a6
calculated fs for 1: [J@6bf491a6
calculated fs for 1: [J@6bf491a6
calculated fs for 1: [J@6bf491a6
calculated fs for 1: [J@6bf491a6
calculated fs for 1: [J@6bf491a6
calculated fs for 1: [J@6bf491a6
calculated fs for 1: [J@6bf491a6
calculated fs for 1: [J@6bf491a6
calculated fs for 1: [J@6bf491a6
calculated fs for 1: [J@6bf491a6
calculated fs for 1: [J@6bf491a6
calculated fs for 1: [J@6bf491a6
calculated fs for 1: [J@6bf491a6
calculated fs for 1: [J@6bf491a6
calculated fs for 1: [J@6bf491a6
calculated fs for 1: [J@6bf491a6
calculated fs for 1: [J@6bf491a6
calculated fs for 1: [J@6bf491a6
calculated fs for 1: [J@6bf491a6
calculated fs for 1: [J@6bf491a6
calculated fs for 1: [J@6bf491a6
calculated fs for 1: [J@6bf491a6
calculated fs for 1: [J@6bf491a6
calculated fs for 1: [J@6bf491a6
calculated fs for 1: [J@6bf491a6
calculated fs for 1: [J@6bf491a6
calculated fs for 1: [J@6bf491a6
calculated fs for 1: [J@6bf491a6
calculated fs for 1: [J@6bf491a6
calculated fs for 1: [J@6bf491a6
calculated fs for 1: [J@6bf491a6
calculated fs for 1: [J@6bf491a6
calculated fs for 1: [J@6bf491a6
calculated fs for 1: [J@6bf491a6
calculated fs for 1: [J@6bf491a6
calculated fs for 1: [J@6bf491a6
calculated fs for 1: [J@6bf491a6
calculated fs for 1: [J@6bf491a6
calculated fs for 1: [J@6bf491a6
calculated fs for 1: [J@6bf491a6
calculated fs for 1: [J@6bf491a6
calculated fs for 1: [J@6bf491a6
calculated fs for 1: [J@6bf491a6
calculated fs for 1: [J@6bf491a6
calculated fs for 1: [J@6bf491a6
calculated fs for 1: [J@6bf491a6
calculated fs for 1: [J@6bf491a6
calculated fs for 1: [J@6bf491a6
calculated fs for 1: [J@6bf491a6
calculated fs for 1: [J@6bf491a6
calculated fs for 1: [J@6bf491a6
calculated fs for 1: [J@6bf491a6
calculated fs for 1: [J@6bf491a6
calculated fs for 1: [J@6bf491a6
calculated fs for 1: [J@6bf491a6
calculated fs for 1: [J@6bf491a6
calculated fs for 1: [J@6bf491a6
calculated fs for 1: [J@6bf491a6
calculated fs for 1: [J@6bf491a6
calculated fs for 1: [J@6bf491a6
calculated fs for 1: [J@6bf491a6
calculated fs for 1: [J@6bf491a6
calculated fs for 1: [J@6bf491a6
calculated fs for 1: [J@6bf491a6
calculated fs for 1: [J@6bf491a6
calculated fs for 1: [J@6bf491a6
calculated fs for 1: [J@6bf491a6
calculated fs for 1: [J@6bf491a6
calculated fs for 1: [J@6bf491a6
calculated fs for 1: [J@6bf491a6
calculated fs for 1: [J@6bf491a6
calculated fs for 1: [J@6bf491a6
calculated fs for 1: [J@6bf491a6
calculated fs for 1: [J@6bf491a6
calculated fs for 1: [J@6bf491a6
calculated fs for 1: [J@6bf491a6
calculated fs for 1: [J@6bf491a6
calculated fs for 1: [J@6bf491a6
calculated fs for 1: [J@6bf491a6
calculated fs for 1: [J@6bf491a6
calculated fs for 1: [J@6bf491a6
calculated fs for 1: [J@6bf491a6
calculated fs for 1: [J@6bf491a6
calculated fs for 1: [J@6bf491a6
calculated fs for 1: [J@6bf491a6
calculated fs for 1: [J@6bf491a6
calculated fs for 1: [J@6bf491a6
calculated fs for 1: [J@6bf491a6
calculated fs for 1: [J@6bf491a6
calculated fs for 1: [J@6bf491a6
calculated fs for 1: [J@6bf491a6
calculated fs for 1: [J@6bf491a6
calculated fs for 1: [J@6bf491a6
calculated fs for 1: [J@6bf491a6
calculated fs for 1: [J@6bf491a6
calculated fs for 1: [J@6bf491a6
calculated fs for 1: [J@6bf491a6
calculated fs for 1: [J@6bf491a6
calculated fs for 1: [J@6bf491a6
calculated fs for 1: [J@6bf491a6
calculated fs for 1: [J@6bf491a6
calculated fs for 1: [J@6bf491a6
calculated fs for 1: [J@6bf491a6
calculated fs for 1: [J@6bf491a6
calculated fs for 1: [J@6bf491a6
calculated fs for 1: [J@6bf491a6
calculated fs for 1: [J@6bf491a6
calculated fs for 1: [J@6bf491a6
calculated fs for 1: [J@6bf491a6
calculated fs for 1: [J@6bf491a6
calculated fs for 1: [J@6bf491a6
calculated fs for 1: [J@6bf491a6
calculated fs for 1: [J@6bf491a6
calculated fs for 1: [J@6bf491a6
calculated fs for 1: [J@6bf491a6
calculated fs for 1: [J@6bf491a6
calculated fs for 1: [J@6bf491a6
calculated fs for 1: [J@6bf491a6
calculated fs for 1: [J@6bf491a6
calculated fs for 1: [J@6bf491a6
calculated fs for 1: [J@6bf491a6
calculated fs for 1: [J@6bf491a6
calculated fs for 1: [J@6bf491a6
calculated fs for 1: [J@6bf491a6
calculated fs for 1: [J@6bf491a6
calculated fs for 1: [J@6bf491a6
calculated fs for 1: [J@6bf491a6
calculated fs for 1: [J@6bf491a6
calculated fs for 1: [J@6bf491a6
calculated fs for 1: [J@6bf491a6
calculated fs for 1: [J@6bf491a6
calculated fs for 1: [J@6bf491a6
calculated fs for 1: [J@6bf491a6
calculated fs for 1: [J@6bf491a6
calculated fs for 1: [J@6bf491a6
calculated fs for 1: [J@6bf491a6
calculated fs for 1: [J@6bf491a6
calculated fs for 1: [J@6bf491a6
calculated fs for 1: [J@6bf491a6
calculated fs for 1: [J@6bf491a6
calculated fs for 1: [J@6bf491a6
calculated fs for 1: [J@6bf491a6
calculated fs for 1: [J@6bf491a6
calculated fs for 1: [J@6bf491a6
calculated fs for 1: [J@6bf491a6
calculated fs for 1: [J@6bf491a6
calculated fs for 1: [J@6bf491a6
calculated fs for 1: [J@6bf491a6
calculated fs for 1: [J@6bf491a6
calculated fs for 1: [J@6bf491a6
calculated fs for 1: [J@6bf491a6
calculated fs for 1: [J@6bf491a6
calculated fs for 1: [J@6bf491a6
calculated fs for 1: [J@6bf491a6
calculated fs for 1: [J@6bf491a6
calculated fs for 1: [J@6bf491a6
calculated fs for 1: [J@6bf491a6
calculated fs for 1: [J@6bf491a6
calculated fs for 1: [J@6bf491a6
calculated fs for 1: [J@6bf491a6
calculated fs for 1: [J@6bf491a6
calculated fs for 1: [J@6bf491a6
calculated fs for 1: [J@6bf491a6
calculated fs for 1: [J@6bf491a6
calculated fs for 1: [J@6bf491a6
calculated fs for 1: [J@6bf491a6
calculated fs for 1: [J@6bf491a6
calculated fs for 1: [J@6bf491a6
calculated fs for 1: [J@6bf491a6
calculated fs for 1: [J@6bf491a6
calculated fs for 1: [J@6bf491a6
calculated fs for 1: [J@6bf491a6
calculated fs for 1: [J@6bf491a6
calculated fs for 1: [J@6bf491a6
calculated fs for 1: [J@6bf491a6
calculated fs for 1: [J@6bf491a6
calculated fs for 1: [J@6bf491a6
calculated fs for 1: [J@6bf491a6
calculated fs for 1: [J@6bf491a6
calculated fs for 1: [J@6bf491a6
calculated fs for 1: [J@6bf491a6
calculated fs for 1: [J@6bf491a6
calculated fs for 1: [J@6bf491a6
calculated fs for 1: [J@6bf491a6
calculated fs for 1: [J@6bf491a6
calculated fs for 1: [J@6bf491a6
calculated fs for 1: [J@6bf491a6
calculated fs for 1: [J@6bf491a6
calculated fs for 1: [J@6bf491a6
calculated fs for 1: [J@6bf491a6
calculated fs for 1: [J@6bf491a6
calculated fs for 1: [J@6bf491a6
calculated fs for 1: [J@6bf491a6
calculated fs for 1: [J@6bf491a6
calculated fs for 1: [J@6bf491a6
calculated fs for 1: [J@6bf491a6
calculated fs for 1: [J@6bf491a6
calculated fs for 1: [J@6bf491a6
calculated fs for 1: [J@6bf491a6
calculated fs for 1: [J@6bf491a6
calculated fs for 1: [J@6bf491a6
calculated fs for 1: [J@6bf491a6
calculated fs for 1: [J@6bf491a6
calculated fs for 1: [J@6bf491a6
calculated fs for 1: [J@6bf491a6
calculated fs for 1: [J@6bf491a6
calculated fs for 1: [J@6bf491a6
calculated fs for 1: [J@6bf491a6
calculated fs for 1: [J@6bf491a6
calculated fs for 1: [J@6bf491a6
calculated fs for 1: [J@6bf491a6
calculated fs for 1: [J@6bf491a6
calculated fs for 1: [J@6bf491a6
calculated fs for 1: [J@6bf491a6
calculated fs for 1: [J@6bf491a6
calculated fs for 1: [J@6bf491a6
calculated fs for 1: [J@6bf491a6
calculated fs for 1: [J@6bf491a6
calculated fs for 1: [J@6bf491a6
calculated fs for 1: [J@6bf491a6
calculated fs for 1: [J@6bf491a6
calculated fs for 1: [J@6bf491a6
calculated fs for 1: [J@6bf491a6
calculated fs for 1: [J@6bf491a6
calculated fs for 1: [J@6bf491a6
calculated fs for 1: [J@6bf491a6
calculated fs for 1: [J@6bf491a6
calculated fs for 1: [J@6bf491a6
calculated fs for 1: [J@6bf491a6
calculated fs for 1: [J@6bf491a6
calculated fs for 1: [J@6bf491a6
calculated fs for 1: [J@6bf491a6
calculated fs for 1: [J@6bf491a6
calculated fs for 1: [J@6bf491a6
calculated fs for 1: [J@6bf491a6
calculated fs for 1: [J@6bf491a6
calculated fs for 1: [J@6bf491a6
calculated fs for 1: [J@6bf491a6
calculated fs for 1: [J@6bf491a6
calculated fs for 1: [J@6bf491a6
calculated fs for 1: [J@6bf491a6
calculated fs for 1: [J@6bf491a6
calculated fs for 1: [J@6bf491a6
calculated fs for 1: [J@6bf491a6
calculated fs for 1: [J@6bf491a6
calculated fs for 1: [J@6bf491a6
calculated fs for 1: [J@6bf491a6
calculated fs for 1: [J@6bf491a6
calculated fs for 1: [J@6bf491a6
calculated fs for 1: [J@6bf491a6
calculated fs for 1: [J@6bf491a6
calculated fs for 1: [J@6bf491a6
calculated fs for 1: [J@6bf491a6
calculated fs for 1: [J@6bf491a6
calculated fs for 1: [J@6bf491a6
calculated fs for 1: [J@6bf491a6
calculated fs for 1: [J@6bf491a6
calculated fs for 1: [J@6bf491a6
calculated fs for 1: [J@6bf491a6
calculated fs for 1: [J@6bf491a6
calculated fs for 1: [J@6bf491a6
calculated fs for 1: [J@6bf491a6
calculated fs for 1: [J@6bf491a6
calculated fs for 1: [J@6bf491a6
calculated fs for 1: [J@6bf491a6
calculated fs for 1: [J@6bf491a6
calculated fs for 1: [J@6bf491a6
calculated fs for 1: [J@6bf491a6
calculated fs for 1: [J@6bf491a6
calculated fs for 1: [J@6bf491a6
calculated fs for 1: [J@6bf491a6
calculated fs for 1: [J@6bf491a6
calculated fs for 1: [J@6bf491a6
calculated fs for 1: [J@6bf491a6
calculated fs for 1: [J@6bf491a6
calculated fs for 1: [J@6bf491a6
calculated fs for 1: [J@6bf491a6
calculated fs for 1: [J@6bf491a6
calculated fs for 1: [J@6bf491a6
calculated fs for 1: [J@6bf491a6
calculated fs for 1: [J@6bf491a6
calculated fs for 1: [J@6bf491a6
calculated fs for 1: [J@6bf491a6
calculated fs for 1: [J@6bf491a6
calculated fs for 1: [J@6bf491a6
calculated fs for 1: [J@6bf491a6
calculated fs for 1: [J@6bf491a6
calculated fs for 1: [J@6bf491a6
calculated fs for 1: [J@6bf491a6
calculated fs for 1: [J@6bf491a6
calculated fs for 1: [J@6bf491a6
calculated fs for 1: [J@6bf491a6
calculated fs for 2: [J@58660a9
calculated fs for 2: [J@58660a9
calculated fs for 2: [J@58660a9
calculated fs for 2: [J@58660a9
calculated fs for 2: [J@58660a9
calculated fs for 2: [J@58660a9
calculated fs for 2: [J@58660a9
calculated fs for 2: [J@58660a9
calculated fs for 2: [J@58660a9
calculated fs for 2: [J@58660a9
calculated fs for 2: [J@58660a9
calculated fs for 2: [J@58660a9
calculated fs for 2: [J@58660a9
calculated fs for 2: [J@58660a9
calculated fs for 2: [J@58660a9
calculated fs for 2: [J@58660a9
calculated fs for 2: [J@58660a9
calculated fs for 2: [J@58660a9
calculated fs for 2: [J@58660a9
calculated fs for 2: [J@58660a9
calculated fs for 2: [J@58660a9
calculated fs for 2: [J@58660a9
calculated fs for 2: [J@58660a9
calculated fs for 2: [J@58660a9
calculated fs for 2: [J@58660a9
calculated fs for 2: [J@58660a9
calculated fs for 2: [J@58660a9
calculated fs for 2: [J@58660a9
calculated fs for 2: [J@58660a9
calculated fs for 2: [J@58660a9
calculated fs for 2: [J@58660a9
calculated fs for 2: [J@58660a9
calculated fs for 2: [J@58660a9
calculated fs for 2: [J@58660a9
calculated fs for 2: [J@58660a9
calculated fs for 2: [J@58660a9
calculated fs for 2: [J@58660a9
calculated fs for 2: [J@58660a9
calculated fs for 2: [J@58660a9
calculated fs for 2: [J@58660a9
calculated fs for 2: [J@58660a9
calculated fs for 2: [J@58660a9
calculated fs for 2: [J@58660a9
calculated fs for 2: [J@58660a9
calculated fs for 2: [J@58660a9
calculated fs for 2: [J@58660a9
calculated fs for 2: [J@58660a9
calculated fs for 2: [J@58660a9
calculated fs for 2: [J@58660a9
calculated fs for 2: [J@58660a9
calculated fs for 2: [J@58660a9
calculated fs for 2: [J@58660a9
calculated fs for 2: [J@58660a9
calculated fs for 2: [J@58660a9
calculated fs for 2: [J@58660a9
calculated fs for 2: [J@58660a9
calculated fs for 2: [J@58660a9
calculated fs for 2: [J@58660a9
calculated fs for 2: [J@58660a9
calculated fs for 2: [J@58660a9
calculated fs for 2: [J@58660a9
calculated fs for 2: [J@58660a9
calculated fs for 2: [J@58660a9
calculated fs for 2: [J@58660a9
calculated fs for 2: [J@58660a9
calculated fs for 2: [J@58660a9
calculated fs for 2: [J@58660a9
calculated fs for 2: [J@58660a9
calculated fs for 2: [J@58660a9
calculated fs for 2: [J@58660a9
calculated fs for 2: [J@58660a9
calculated fs for 2: [J@58660a9
calculated fs for 2: [J@58660a9
calculated fs for 2: [J@58660a9
calculated fs for 2: [J@58660a9
calculated fs for 2: [J@58660a9
calculated fs for 2: [J@58660a9
calculated fs for 2: [J@58660a9
calculated fs for 2: [J@58660a9
calculated fs for 2: [J@58660a9
calculated fs for 2: [J@58660a9
calculated fs for 2: [J@58660a9
calculated fs for 2: [J@58660a9
calculated fs for 2: [J@58660a9
calculated fs for 2: [J@58660a9
calculated fs for 2: [J@58660a9
calculated fs for 2: [J@58660a9
calculated fs for 2: [J@58660a9
calculated fs for 2: [J@58660a9
calculated fs for 2: [J@58660a9
calculated fs for 2: [J@58660a9
calculated fs for 2: [J@58660a9
calculated fs for 2: [J@58660a9
calculated fs for 2: [J@58660a9
calculated fs for 2: [J@58660a9
calculated fs for 2: [J@58660a9
calculated fs for 2: [J@58660a9
calculated fs for 2: [J@58660a9
calculated fs for 2: [J@58660a9
calculated fs for 2: [J@58660a9
calculated fs for 2: [J@58660a9
calculated fs for 2: [J@58660a9
calculated fs for 2: [J@58660a9
calculated fs for 2: [J@58660a9
calculated fs for 2: [J@58660a9
calculated fs for 2: [J@58660a9
calculated fs for 2: [J@58660a9
calculated fs for 2: [J@58660a9
calculated fs for 2: [J@58660a9
calculated fs for 2: [J@58660a9
calculated fs for 2: [J@58660a9
calculated fs for 2: [J@58660a9
calculated fs for 2: [J@58660a9
calculated fs for 2: [J@58660a9
calculated fs for 2: [J@58660a9
calculated fs for 2: [J@58660a9
calculated fs for 2: [J@58660a9
calculated fs for 2: [J@58660a9
calculated fs for 2: [J@58660a9
calculated fs for 2: [J@58660a9
calculated fs for 2: [J@58660a9
calculated fs for 2: [J@58660a9
calculated fs for 2: [J@58660a9
calculated fs for 2: [J@58660a9
calculated fs for 2: [J@58660a9
calculated fs for 2: [J@58660a9
calculated fs for 2: [J@58660a9
calculated fs for 2: [J@58660a9
calculated fs for 2: [J@58660a9
calculated fs for 2: [J@58660a9
calculated fs for 2: [J@58660a9
calculated fs for 2: [J@58660a9
calculated fs for 2: [J@58660a9
calculated fs for 2: [J@58660a9
calculated fs for 2: [J@58660a9
calculated fs for 2: [J@58660a9
calculated fs for 2: [J@58660a9
calculated fs for 2: [J@58660a9
calculated fs for 2: [J@58660a9
calculated fs for 2: [J@58660a9
calculated fs for 2: [J@58660a9
calculated fs for 2: [J@58660a9
calculated fs for 2: [J@58660a9
calculated fs for 2: [J@58660a9
calculated fs for 2: [J@58660a9
calculated fs for 2: [J@58660a9
calculated fs for 2: [J@58660a9
calculated fs for 2: [J@58660a9
calculated fs for 2: [J@58660a9
calculated fs for 2: [J@58660a9
calculated fs for 2: [J@58660a9
calculated fs for 2: [J@58660a9
calculated fs for 2: [J@58660a9
calculated fs for 2: [J@58660a9
calculated fs for 2: [J@58660a9
calculated fs for 2: [J@58660a9
calculated fs for 2: [J@58660a9
calculated fs for 2: [J@58660a9
calculated fs for 2: [J@58660a9
calculated fs for 2: [J@58660a9
calculated fs for 2: [J@58660a9
calculated fs for 2: [J@58660a9
calculated fs for 2: [J@58660a9
calculated fs for 2: [J@58660a9
calculated fs for 2: [J@58660a9
calculated fs for 2: [J@58660a9
calculated fs for 2: [J@58660a9
calculated fs for 2: [J@58660a9
calculated fs for 2: [J@58660a9
calculated fs for 2: [J@58660a9
calculated fs for 2: [J@58660a9
calculated fs for 2: [J@58660a9
calculated fs for 2: [J@58660a9
calculated fs for 2: [J@58660a9
calculated fs for 2: [J@58660a9
calculated fs for 2: [J@58660a9
calculated fs for 2: [J@58660a9
calculated fs for 2: [J@58660a9
calculated fs for 2: [J@58660a9
calculated fs for 2: [J@58660a9
calculated fs for 2: [J@58660a9
calculated fs for 2: [J@58660a9
calculated fs for 2: [J@58660a9
calculated fs for 2: [J@58660a9
calculated fs for 2: [J@58660a9
calculated fs for 2: [J@58660a9
calculated fs for 2: [J@58660a9
calculated fs for 2: [J@58660a9
calculated fs for 2: [J@58660a9
calculated fs for 2: [J@58660a9
calculated fs for 2: [J@58660a9
calculated fs for 2: [J@58660a9
calculated fs for 2: [J@58660a9
calculated fs for 2: [J@58660a9
calculated fs for 2: [J@58660a9
calculated fs for 2: [J@58660a9
calculated fs for 2: [J@58660a9
calculated fs for 2: [J@58660a9
calculated fs for 2: [J@58660a9
calculated fs for 2: [J@58660a9
calculated fs for 2: [J@58660a9
calculated fs for 2: [J@58660a9
calculated fs for 2: [J@58660a9
calculated fs for 2: [J@58660a9
calculated fs for 2: [J@58660a9
calculated fs for 2: [J@58660a9
calculated fs for 2: [J@58660a9
calculated fs for 2: [J@58660a9
calculated fs for 2: [J@58660a9
calculated fs for 2: [J@58660a9
calculated fs for 2: [J@58660a9
calculated fs for 2: [J@58660a9
calculated fs for 2: [J@58660a9
calculated fs for 2: [J@58660a9
calculated fs for 2: [J@58660a9
calculated fs for 2: [J@58660a9
calculated fs for 2: [J@58660a9
calculated fs for 2: [J@58660a9
calculated fs for 2: [J@58660a9
calculated fs for 2: [J@58660a9
calculated fs for 2: [J@58660a9
calculated fs for 2: [J@58660a9
calculated fs for 2: [J@58660a9
calculated fs for 2: [J@58660a9
calculated fs for 2: [J@58660a9
calculated fs for 2: [J@58660a9
calculated fs for 2: [J@58660a9
calculated fs for 2: [J@58660a9
calculated fs for 2: [J@58660a9
calculated fs for 2: [J@58660a9
calculated fs for 2: [J@58660a9
calculated fs for 2: [J@58660a9
calculated fs for 2: [J@58660a9
calculated fs for 2: [J@58660a9
calculated fs for 2: [J@58660a9
calculated fs for 2: [J@58660a9
calculated fs for 2: [J@58660a9
calculated fs for 2: [J@58660a9
calculated fs for 2: [J@58660a9
calculated fs for 2: [J@58660a9
calculated fs for 2: [J@58660a9
calculated fs for 2: [J@58660a9
calculated fs for 2: [J@58660a9
calculated fs for 2: [J@58660a9
calculated fs for 2: [J@58660a9
calculated fs for 2: [J@58660a9
calculated fs for 2: [J@58660a9
calculated fs for 2: [J@58660a9
calculated fs for 2: [J@58660a9
calculated fs for 2: [J@58660a9
calculated fs for 2: [J@58660a9
calculated fs for 2: [J@58660a9
calculated fs for 2: [J@58660a9
calculated fs for 2: [J@58660a9
calculated fs for 2: [J@58660a9
calculated fs for 2: [J@58660a9
calculated fs for 2: [J@58660a9
calculated fs for 2: [J@58660a9
calculated fs for 2: [J@58660a9
calculated fs for 2: [J@58660a9
calculated fs for 2: [J@58660a9
calculated fs for 2: [J@58660a9
calculated fs for 2: [J@58660a9
calculated fs for 2: [J@58660a9
calculated fs for 2: [J@58660a9
calculated fs for 2: [J@58660a9
calculated fs for 2: [J@58660a9
calculated fs for 2: [J@58660a9
calculated fs for 2: [J@58660a9
calculated fs for 2: [J@58660a9
calculated fs for 2: [J@58660a9
calculated fs for 2: [J@58660a9
calculated fs for 2: [J@58660a9
calculated fs for 2: [J@58660a9
calculated fs for 2: [J@58660a9
calculated fs for 2: [J@58660a9
calculated fs for 2: [J@58660a9
calculated fs for 2: [J@58660a9
calculated fs for 2: [J@58660a9
calculated fs for 2: [J@58660a9
calculated fs for 2: [J@58660a9
calculated fs for 2: [J@58660a9
calculated fs for 2: [J@58660a9
calculated fs for 2: [J@58660a9
calculated fs for 2: [J@58660a9
calculated fs for 2: [J@58660a9
calculated fs for 2: [J@58660a9
calculated fs for 2: [J@58660a9
calculated fs for 2: [J@58660a9
calculated fs for 2: [J@58660a9
calculated fs for 2: [J@58660a9
calculated fs for 2: [J@58660a9
calculated fs for 2: [J@58660a9
calculated fs for 2: [J@58660a9
calculated fs for 2: [J@58660a9
calculated fs for 2: [J@58660a9
calculated fs for 2: [J@58660a9
calculated fs for 2: [J@58660a9
calculated fs for 2: [J@58660a9
calculated fs for 2: [J@58660a9
calculated fs for 2: [J@58660a9
calculated fs for 2: [J@58660a9
calculated fs for 2: [J@58660a9
calculated fs for 2: [J@58660a9
calculated fs for 2: [J@58660a9
calculated fs for 2: [J@58660a9
calculated fs for 2: [J@58660a9
calculated fs for 2: [J@58660a9
calculated fs for 2: [J@58660a9
calculated fs for 2: [J@58660a9
calculated fs for 2: [J@58660a9
calculated fs for 2: [J@58660a9
calculated fs for 2: [J@58660a9
calculated fs for 2: [J@58660a9
calculated fs for 2: [J@58660a9
calculated fs for 2: [J@58660a9
calculated fs for 2: [J@58660a9
calculated fs for 2: [J@58660a9
calculated fs for 2: [J@58660a9
calculated fs for 2: [J@58660a9
calculated fs for 2: [J@58660a9
calculated fs for 2: [J@58660a9
calculated fs for 2: [J@58660a9
calculated fs for 2: [J@58660a9
calculated fs for 2: [J@58660a9
calculated fs for 2: [J@58660a9
calculated fs for 2: [J@58660a9
calculated fs for 2: [J@58660a9
calculated fs for 2: [J@58660a9
calculated fs for 2: [J@58660a9
calculated fs for 2: [J@58660a9
calculated fs for 2: [J@58660a9
calculated fs for 2: [J@58660a9
calculated fs for 2: [J@58660a9
calculated fs for 2: [J@58660a9
calculated fs for 2: [J@58660a9
calculated fs for 2: [J@58660a9
calculated fs for 2: [J@58660a9
calculated fs for 2: [J@58660a9
calculated fs for 2: [J@58660a9
calculated nfs for 0: [J@3933fa14
calculated nfs for 0: [J@3933fa14
calculated nfs for 1: [J@3675463
calculated nfs for 1: [J@3675463
calculated nfs for 2: [J@74d53153
calculated nfs for 2: [J@74d53153
calculated iMatrix for 7, 0, 0, 0: -0.05780741461415673
calculated iMatrix for 7, 0, 0, 1: 0.5987821702119909
calculated iMatrix for 7, 0, 0, 2: -0.04711212549740895
calculated iMatrix for 7, 0, 0, 3: -0.009334761163378946
calculated iMatrix for 7, 0, 0, 4: -0.00615899203525716
calculated iMatrix for 7, 0, 0, 5: -0.04417526582409925
calculated iMatrix for 7, 0, 0, 6: -0.21499299813656925
calculated iMatrix for 7, 0, 0, 7: 0.02964082074669805
calculated iMatrix for 7, 0, 0, 8: -0.12122009765113084
calculated iMatrix for 7, 0, 0, 9: -0.002346111627702374
calculated iMatrix for 7, 0, 0, 10: -0.10529408088014458
calculated iMatrix for 7, 0, 0, 11: -0.06277468606036485
calculated iMatrix for 7, 0, 0, 12: 0.060288561116756734
calculated iMatrix for 7, 0, 0, 13: -0.04249317964111432
calculated iMatrix for 7, 0, 0, 14: 0.08164168558732565
calculated iMatrix for 7, 0, 0, 15: -0.24329677429942098
calculated iMatrix for 7, 0, 0, 16: 0.0367091773380277
calculated iMatrix for 7, 0, 0, 17: 0.3030355379234795
calculated iMatrix for 7, 0, 0, 18: 0.19047210997159525
calculated iMatrix for 7, 0, 0, 19: 0.08008738179665653
calculated iMatrix for 7, 0, 1, 0: 0.034983458309735926
calculated iMatrix for 7, 0, 1, 1: 0.3651673190304856
calculated iMatrix for 7, 0, 1, 2: -0.08470309943621768
calculated iMatrix for 7, 0, 1, 3: 0.08921837626642226
calculated iMatrix for 7, 0, 1, 4: 0.10346073298196545
calculated iMatrix for 7, 0, 1, 5: -0.12098067704784432
calculated iMatrix for 7, 0, 1, 6: 0.16799925411953665
calculated iMatrix for 7, 0, 1, 7: -0.21103259692047227
calculated iMatrix for 7, 0, 1, 8: 0.1308597071700799
calculated iMatrix for 7, 0, 1, 9: 0.1909408233619433
calculated iMatrix for 7, 0, 1, 10: 0.10346073298196545
calculated iMatrix for 7, 0, 1, 11: -0.40109527777042997
calculated iMatrix for 7, 0, 1, 12: -0.22527058089480945
calculated iMatrix for 7, 0, 1, 13: -0.16003411385581168
calculated iMatrix for 7, 0, 1, 14: 0.05163566511737949
calculated iMatrix for 7, 0, 1, 15: 0.11586124618042049
calculated iMatrix for 7, 0, 1, 16: -0.20424020636030726
calculated iMatrix for 7, 0, 1, 17: 0.07724489085107233
calculated iMatrix for 7, 0, 1, 18: 0.07268907431521177
calculated iMatrix for 7, 0, 1, 19: 0.13736228465764677
calculated iMatrix for 7, 0, 2, 0: -0.07083451293776033
calculated iMatrix for 7, 0, 2, 1: 0.008150553177640463
calculated iMatrix for 7, 0, 2, 2: 0.07036078455562067
calculated iMatrix for 7, 0, 2, 3: -0.50267507058835
calculated iMatrix for 7, 0, 2, 4: 0.289360111123804
calculated iMatrix for 7, 0, 2, 5: 0.016449355992335546
calculated iMatrix for 7, 0, 2, 6: 0.28578228977592
calculated iMatrix for 7, 0, 2, 7: 0.1778840133520786
calculated iMatrix for 7, 0, 2, 8: 0.03307993622016592
calculated iMatrix for 7, 0, 2, 9: 0.13667678299049546
calculated iMatrix for 7, 0, 2, 10: 0.32518483764194894
calculated iMatrix for 7, 0, 2, 11: -0.30808342120258114
calculated iMatrix for 7, 0, 2, 12: -0.32058076069913444
calculated iMatrix for 7, 0, 2, 13: -0.3686957496248713
calculated iMatrix for 7, 0, 2, 14: -0.014322302674418141
calculated iMatrix for 7, 0, 2, 15: -0.13271231862257826
calculated iMatrix for 7, 0, 2, 16: -0.14391513172001247
calculated iMatrix for 7, 0, 2, 17: 0.14539942220229563
calculated iMatrix for 7, 0, 2, 18: 0.77063242713865
calculated iMatrix for 7, 0, 2, 19: 0.5406745394047101
calculated iMatrix for 7, 0, 3, 0: 0.17185282343552655
calculated iMatrix for 7, 0, 3, 1: 0.26597966247974025
calculated iMatrix for 7, 0, 3, 2: -0.23746585398862785
calculated iMatrix for 7, 0, 3, 3: -0.3112210302311229
calculated iMatrix for 7, 0, 3, 4: 0.10973034599556086
calculated iMatrix for 7, 0, 3, 5: -0.3670092054351948
calculated iMatrix for 7, 0, 3, 6: 0.01384857429227826
calculated iMatrix for 7, 0, 3, 7: 0.4061806827982868
calculated iMatrix for 7, 0, 3, 8: -0.06669028819173395
calculated iMatrix for 7, 0, 3, 9: 0.1598691280362864
calculated iMatrix for 7, 0, 3, 10: 0.06836941317069534
calculated iMatrix for 7, 0, 3, 11: 0.04939351171168971
calculated iMatrix for 7, 0, 3, 12: -0.1895263916995087
calculated iMatrix for 7, 0, 3, 13: 0.042836111165530655
calculated iMatrix for 7, 0, 3, 14: -0.19935022106611555
calculated iMatrix for 7, 0, 3, 15: -0.05749447453962686
calculated iMatrix for 7, 0, 3, 16: 0.17372992882852167
calculated iMatrix for 7, 0, 3, 17: 0.007417683961987942
calculated iMatrix for 7, 0, 3, 18: 0.3370755841634705
calculated iMatrix for 7, 0, 3, 19: 0.20683908743580048
calculated iMatrix for 7, 0, 4, 0: 0.01454568132643419
calculated iMatrix for 7, 0, 4, 1: 0.12287881883906693
calculated iMatrix for 7, 0, 4, 2: 0.12049692013453317
calculated iMatrix for 7, 0, 4, 3: -0.15783458429662067
calculated iMatrix for 7, 0, 4, 4: 0.005480324621761845
calculated iMatrix for 7, 0, 4, 5: -0.09707626370333045
calculated iMatrix for 7, 0, 4, 6: -0.014322302674418141
calculated iMatrix for 7, 0, 4, 7: 0.055706301686065496
calculated iMatrix for 7, 0, 4, 8: 0.02568303193928112
calculated iMatrix for 7, 0, 4, 9: -0.35779573475461457
calculated iMatrix for 7, 0, 4, 10: 0.06445857517869635
calculated iMatrix for 7, 0, 4, 11: 0.09216117772803212
calculated iMatrix for 7, 0, 4, 12: 0.02489841047886321
calculated iMatrix for 7, 0, 4, 13: 0.2439851610974586
calculated iMatrix for 7, 0, 4, 14: 0.32660428429617516
calculated iMatrix for 7, 0, 4, 15: 0.0842796741301215
calculated iMatrix for 7, 0, 4, 16: -0.11071414834948379
calculated iMatrix for 7, 0, 4, 17: -0.1986260206723638
calculated iMatrix for 7, 0, 4, 18: 0.16799925411953665
calculated iMatrix for 7, 0, 4, 19: 0.1171408368860456
calculated iMatrix for 7, 0, 5, 0: -0.014322302674418141
calculated iMatrix for 7, 0, 5, 1: 0.16799925411953665
calculated iMatrix for 7, 0, 5, 2: 0.22408872077058017
calculated iMatrix for 7, 0, 5, 3: -0.06938207985744538
calculated iMatrix for 7, 0, 5, 4: 0.13736228465764677
calculated iMatrix for 7, 0, 5, 5: 0.16392592873190082
calculated iMatrix for 7, 0, 5, 6: 0.31591938419615884
calculated iMatrix for 7, 0, 5, 7: -0.3418957041535009
calculated iMatrix for 7, 0, 5, 8: 0.038702165633802244
calculated iMatrix for 7, 0, 5, 9: -0.13210533833080151
calculated iMatrix for 7, 0, 5, 10: -0.630508442098235
calculated iMatrix for 7, 0, 5, 11: 0.0910382129834082
calculated iMatrix for 7, 0, 5, 12: 0.1754342326070546
calculated iMatrix for 7, 0, 5, 13: 0.045396932027204295
calculated iMatrix for 7, 0, 5, 14: -0.08375080910618093
calculated iMatrix for 7, 0, 5, 15: 0.3472486118765211
calculated iMatrix for 7, 0, 5, 16: -0.19244217261467278
calculated iMatrix for 7, 0, 5, 17: -0.4488397333770844
calculated iMatrix for 7, 0, 5, 18: -0.06433272324907935
calculated iMatrix for 7, 0, 5, 19: -0.17375003960252022
calculated iMatrix for 7, 0, 6, 0: -0.24926807904525572
calculated iMatrix for 7, 0, 6, 1: 0.41781105251590756
calculated iMatrix for 7, 0, 6, 2: -0.22611967760132634
calculated iMatrix for 7, 0, 6, 3: -0.3421704168515338
calculated iMatrix for 7, 0, 6, 4: 0.006086568956789051
calculated iMatrix for 7, 0, 6, 5: 0.2581849717581277
calculated iMatrix for 7, 0, 6, 6: 0.060901118563169376
calculated iMatrix for 7, 0, 6, 7: -0.1354666860335063
calculated iMatrix for 7, 0, 6, 8: 0.02489841047886321
calculated iMatrix for 7, 0, 6, 9: -0.03752519975408197
calculated iMatrix for 7, 0, 6, 10: -0.30200437512619893
calculated iMatrix for 7, 0, 6, 11: 0.34611912405979117
calculated iMatrix for 7, 0, 6, 12: 0.46066886808235663
calculated iMatrix for 7, 0, 6, 13: 0.19823913930925474
calculated iMatrix for 7, 0, 6, 14: -0.2647329803289673
calculated iMatrix for 7, 0, 6, 15: 0.2295983765815498
calculated iMatrix for 7, 0, 6, 16: 0.29451596974467464
calculated iMatrix for 7, 0, 6, 17: -0.5604160652778667
calculated iMatrix for 7, 0, 6, 18: -0.23746585398862785
calculated iMatrix for 7, 0, 6, 19: -0.1022910756203752
calculated iMatrix for 7, 0, 7, 0: -0.5686330383801477
calculated iMatrix for 7, 0, 7, 1: 0.24596079558924844
calculated iMatrix for 7, 0, 7, 2: 0.5674220477717383
calculated iMatrix for 7, 0, 7, 3: -0.25368579785539125
calculated iMatrix for 7, 0, 7, 4: -0.2692145523032079
calculated iMatrix for 7, 0, 7, 5: 0.9700218924447527
calculated iMatrix for 7, 0, 7, 6: 0.27335976977736287
calculated iMatrix for 7, 0, 7, 7: -1.0247103579276886
calculated iMatrix for 7, 0, 7, 8: 0.18736362130132778
calculated iMatrix for 7, 0, 7, 9: -0.6111383742959313
calculated iMatrix for 7, 0, 7, 10: -0.30200437512619893
calculated iMatrix for 7, 0, 7, 11: 0.4566207348132534
calculated iMatrix for 7, 0, 7, 12: 0.6673961820619045
calculated iMatrix for 7, 0, 7, 13: -0.11673730810248739
calculated iMatrix for 7, 0, 7, 14: -0.27383349815950275
calculated iMatrix for 7, 0, 7, 15: 0.09469643498837721
calculated iMatrix for 7, 0, 7, 16: -0.20669419532187394
calculated iMatrix for 7, 0, 7, 17: -0.529486328039007
calculated iMatrix for 7, 0, 7, 18: -0.6649098688155675
calculated iMatrix for 7, 0, 7, 19: -0.5695996890112425
calculated iMatrix for 7, 0, 8, 0: NaN
calculated iMatrix for 7, 0, 8, 1: NaN
calculated iMatrix for 7, 0, 8, 2: NaN
calculated iMatrix for 7, 0, 8, 3: NaN
calculated iMatrix for 7, 0, 8, 4: NaN
calculated iMatrix for 7, 0, 8, 5: NaN
calculated iMatrix for 7, 0, 8, 6: NaN
calculated iMatrix for 7, 0, 8, 7: 8.025065350469873E-5
calculated iMatrix for 7, 0, 8, 8: NaN
calculated iMatrix for 7, 0, 8, 9: NaN
calculated iMatrix for 7, 0, 8, 10: NaN
calculated iMatrix for 7, 0, 8, 11: NaN
calculated iMatrix for 7, 0, 8, 12: NaN
calculated iMatrix for 7, 0, 8, 13: NaN
calculated iMatrix for 7, 0, 8, 14: NaN
calculated iMatrix for 7, 0, 8, 15: NaN
calculated iMatrix for 7, 0, 8, 16: NaN
calculated iMatrix for 7, 0, 8, 17: NaN
calculated iMatrix for 7, 0, 8, 18: NaN
calculated iMatrix for 7, 0, 8, 19: NaN
calculated iMatrix for 7, 0, 9, 0: -0.5346266703949525
calculated iMatrix for 7, 0, 9, 1: -0.7539894988692561
calculated iMatrix for 7, 0, 9, 2: 0.46243188918104805
calculated iMatrix for 7, 0, 9, 3: -0.17338699730410556
calculated iMatrix for 7, 0, 9, 4: -0.7419556593055328
calculated iMatrix for 7, 0, 9, 5: 0.48597690810458505
calculated iMatrix for 7, 0, 9, 6: 0.28417068588157846
calculated iMatrix for 7, 0, 9, 7: -0.6973171117703454
calculated iMatrix for 7, 0, 9, 8: 0.08411777013883448
calculated iMatrix for 7, 0, 9, 9: -0.6844799650096647
calculated iMatrix for 7, 0, 9, 10: -0.7074694832343633
calculated iMatrix for 7, 0, 9, 11: 0.23479673504305232
calculated iMatrix for 7, 0, 9, 12: 1.5208456811718871
calculated iMatrix for 7, 0, 9, 13: -0.24889454981225057
calculated iMatrix for 7, 0, 9, 14: -0.044719779858789055
calculated iMatrix for 7, 0, 9, 15: 0.09048557411883196
calculated iMatrix for 7, 0, 9, 16: -0.02936018003895846
calculated iMatrix for 7, 0, 9, 17: -0.6503110693944147
calculated iMatrix for 7, 0, 9, 18: 0.20190080579521796
calculated iMatrix for 7, 0, 9, 19: -0.2930357051434387
calculated iMatrix for 7, 0, 10, 0: -0.2706974705011549
calculated iMatrix for 7, 0, 10, 1: 0.44830121927369493
calculated iMatrix for 7, 0, 10, 2: 0.20393126334559986
calculated iMatrix for 7, 0, 10, 3: -0.04373618788071143
calculated iMatrix for 7, 0, 10, 4: -0.5628882544232559
calculated iMatrix for 7, 0, 10, 5: 0.1355226654416284
calculated iMatrix for 7, 0, 10, 6: 0.3025894080923013
calculated iMatrix for 7, 0, 10, 7: -0.5896864475779799
calculated iMatrix for 7, 0, 10, 8: -0.040030659384625134
calculated iMatrix for 7, 0, 10, 9: -0.30200437512619893
calculated iMatrix for 7, 0, 10, 10: -0.37099724661315037
calculated iMatrix for 7, 0, 10, 11: -0.24300603436424328
calculated iMatrix for 7, 0, 10, 12: 1.0009083770546405
calculated iMatrix for 7, 0, 10, 13: -0.15247264115523507
calculated iMatrix for 7, 0, 10, 14: 0.11670595973198605
calculated iMatrix for 7, 0, 10, 15: 0.08795654644600015
calculated iMatrix for 7, 0, 10, 16: 0.10737463230310174
calculated iMatrix for 7, 0, 10, 17: -0.25368579785539125
calculated iMatrix for 7, 0, 10, 18: 0.5062121352185336
calculated iMatrix for 7, 0, 10, 19: 0.14602034740076142
calculated iMatrix for 7, 0, 11, 0: -0.3290330475141183
calculated iMatrix for 7, 0, 11, 1: -0.16847298250167642
calculated iMatrix for 7, 0, 11, 2: 0.21800967469419796
calculated iMatrix for 7, 0, 11, 3: -0.08295080906351426
calculated iMatrix for 7, 0, 11, 4: -0.004752851658267332
calculated iMatrix for 7, 0, 11, 5: 0.11615565246321424
calculated iMatrix for 7, 0, 11, 6: -0.10529408088014458
calculated iMatrix for 7, 0, 11, 7: -0.15436837632013423
calculated iMatrix for 7, 0, 11, 8: -0.032021879773818984
calculated iMatrix for 7, 0, 11, 9: -0.49416438092044146
calculated iMatrix for 7, 0, 11, 10: -0.6265004207006961
calculated iMatrix for 7, 0, 11, 11: 0.014332953085957945
calculated iMatrix for 7, 0, 11, 12: 0.6514259036974128
calculated iMatrix for 7, 0, 11, 13: -0.15821648233448737
calculated iMatrix for 7, 0, 11, 14: 0.17636750379005317
calculated iMatrix for 7, 0, 11, 15: 0.1264502512066642
calculated iMatrix for 7, 0, 11, 16: 0.23895099009182097
calculated iMatrix for 7, 0, 11, 17: 0.11920908995010449
calculated iMatrix for 7, 0, 11, 18: 0.12287881883906693
calculated iMatrix for 7, 0, 11, 19: -0.014322302674418141
calculated iMatrix for 7, 0, 12, 0: -0.24522785932411706
calculated iMatrix for 7, 0, 12, 1: -0.3938119243793219
calculated iMatrix for 7, 0, 12, 2: 0.23699212560648797
calculated iMatrix for 7, 0, 12, 3: 0.15475402736951593
calculated iMatrix for 7, 0, 12, 4: -0.023055982643172657
calculated iMatrix for 7, 0, 12, 5: -0.3192165040073205
calculated iMatrix for 7, 0, 12, 6: 0.03832143081100403
calculated iMatrix for 7, 0, 12, 7: -0.1886756898191957
calculated iMatrix for 7, 0, 12, 8: 0.016930240829686305
calculated iMatrix for 7, 0, 12, 9: -0.14503440952965896
calculated iMatrix for 7, 0, 12, 10: -0.3591627889661475
calculated iMatrix for 7, 0, 12, 11: -0.29603420813969517
calculated iMatrix for 7, 0, 12, 12: 0.4512467295034518
calculated iMatrix for 7, 0, 12, 13: 0.11024041996734413
calculated iMatrix for 7, 0, 12, 14: 0.008667215550280716
calculated iMatrix for 7, 0, 12, 15: 0.2519456752735463
calculated iMatrix for 7, 0, 12, 16: 0.32660428429617516
calculated iMatrix for 7, 0, 12, 17: 0.054670568812533515
calculated iMatrix for 7, 0, 12, 18: 0.18142227445167736
calculated iMatrix for 7, 0, 12, 19: 0.039744918595857825
calculated iMatrix for 7, 0, 13, 0: -0.23746585398862785
calculated iMatrix for 7, 0, 13, 1: 0.6514259036974128
calculated iMatrix for 7, 0, 13, 2: 2.7649674673480007E-4
calculated iMatrix for 7, 0, 13, 3: -0.15921365708887958
calculated iMatrix for 7, 0, 13, 4: 0.08411777013883448
calculated iMatrix for 7, 0, 13, 5: -0.33156317736774343
calculated iMatrix for 7, 0, 13, 6: -0.06628204160512907
calculated iMatrix for 7, 0, 13, 7: 0.6831632794841255
calculated iMatrix for 7, 0, 13, 8: -0.410858780038281
calculated iMatrix for 7, 0, 13, 9: 0.0964628037943207
calculated iMatrix for 7, 0, 13, 10: 0.1798337117665394
calculated iMatrix for 7, 0, 13, 11: -0.4638474005766129
calculated iMatrix for 7, 0, 13, 12: 0.03832143081100403
calculated iMatrix for 7, 0, 13, 13: -0.20963105499518386
calculated iMatrix for 7, 0, 13, 14: -0.08898383144343769
calculated iMatrix for 7, 0, 13, 15: 0.06047891040828035
calculated iMatrix for 7, 0, 13, 16: 0.3254475461683515
calculated iMatrix for 7, 0, 13, 17: 0.4143996675980135
calculated iMatrix for 7, 0, 13, 18: 0.30153064674405916
calculated iMatrix for 7, 0, 13, 19: -0.13210533833080151
calculated iMatrix for 7, 0, 14, 0: 0.10346073298196545
calculated iMatrix for 7, 0, 14, 1: 0.36215526856049407
calculated iMatrix for 7, 0, 14, 2: -0.04127811266294623
calculated iMatrix for 7, 0, 14, 3: -0.08365699607548227
calculated iMatrix for 7, 0, 14, 4: 0.26892517270949723
calculated iMatrix for 7, 0, 14, 5: -0.18314317224947008
calculated iMatrix for 7, 0, 14, 6: 0.1376939046242076
calculated iMatrix for 7, 0, 14, 7: 0.3491786063347141
calculated iMatrix for 7, 0, 14, 8: 0.05900897041113162
calculated iMatrix for 7, 0, 14, 9: 0.0036153980122493046
calculated iMatrix for 7, 0, 14, 10: -0.219766276889227
calculated iMatrix for 7, 0, 14, 11: -0.4046585291862823
calculated iMatrix for 7, 0, 14, 12: 0.15714923809547077
calculated iMatrix for 7, 0, 14, 13: -0.34153521388283425
calculated iMatrix for 7, 0, 14, 14: -0.253214210956767
calculated iMatrix for 7, 0, 14, 15: -0.03374038853151973
calculated iMatrix for 7, 0, 14, 16: 0.08252752331549962
calculated iMatrix for 7, 0, 14, 17: 0.1053856613915497
calculated iMatrix for 7, 0, 14, 18: -0.2627836619729176
calculated iMatrix for 7, 0, 14, 19: 0.08714715749044166
calculated iMatrix for 7, 0, 15, 0: -0.09257449957416619
calculated iMatrix for 7, 0, 15, 1: -0.50267507058835
calculated iMatrix for 7, 0, 15, 2: 0.09309794594641885
calculated iMatrix for 7, 0, 15, 3: 0.08411777013883448
calculated iMatrix for 7, 0, 15, 4: -0.13770132383492273
calculated iMatrix for 7, 0, 15, 5: -0.09239067604423679
calculated iMatrix for 7, 0, 15, 6: -0.24063542874990707
calculated iMatrix for 7, 0, 15, 7: -0.0990635311295085
calculated iMatrix for 7, 0, 15, 8: 0.17090201377749792
calculated iMatrix for 7, 0, 15, 9: -0.032875710570165806
calculated iMatrix for 7, 0, 15, 10: 0.06905930626463297
calculated iMatrix for 7, 0, 15, 11: -0.08001756193981291
calculated iMatrix for 7, 0, 15, 12: 0.0195792490012634
calculated iMatrix for 7, 0, 15, 13: -0.06561559706196873
calculated iMatrix for 7, 0, 15, 14: 0.13520943129654572
calculated iMatrix for 7, 0, 15, 15: 0.011254539115231665
calculated iMatrix for 7, 0, 15, 16: 0.16799925411953665
calculated iMatrix for 7, 0, 15, 17: 0.09634326521310133
calculated iMatrix for 7, 0, 15, 18: -0.14437543092261595
calculated iMatrix for 7, 0, 15, 19: -0.014322302674418141
calculated iMatrix for 7, 0, 16, 0: -0.15649679145496065
calculated iMatrix for 7, 0, 16, 1: 0.2910593468767638
calculated iMatrix for 7, 0, 16, 2: 0.08344186609147353
calculated iMatrix for 7, 0, 16, 3: -0.2019209165692164
calculated iMatrix for 7, 0, 16, 4: 0.35905449088224584
calculated iMatrix for 7, 0, 16, 5: -0.14437543092261595
calculated iMatrix for 7, 0, 16, 6: 2.7649674673480007E-4
calculated iMatrix for 7, 0, 16, 7: -0.0029585440241028937
calculated iMatrix for 7, 0, 16, 8: -0.13015411819953981
calculated iMatrix for 7, 0, 16, 9: 0.17619602132371515
calculated iMatrix for 7, 0, 16, 10: 0.43626324071421596
calculated iMatrix for 7, 0, 16, 11: -0.08578126665656294
calculated iMatrix for 7, 0, 16, 12: -0.028115624806754003
calculated iMatrix for 7, 0, 16, 13: -0.21499299813656925
calculated iMatrix for 7, 0, 16, 14: -0.13015411819953981
calculated iMatrix for 7, 0, 16, 15: 0.04865249648697034
calculated iMatrix for 7, 0, 16, 16: -0.13073265451882943
calculated iMatrix for 7, 0, 16, 17: 0.1628841534527662
calculated iMatrix for 7, 0, 16, 18: 0.19047210997159525
calculated iMatrix for 7, 0, 16, 19: 0.04737126633092181
calculated iMatrix for 7, 1, 0, 0: -0.05736534833057072
calculated iMatrix for 7, 1, 0, 1: -0.31773824141313645
calculated iMatrix for 7, 1, 0, 2: -0.1730969182538843
calculated iMatrix for 7, 1, 0, 3: -0.26231939063611354
calculated iMatrix for 7, 1, 0, 4: -0.172658225551082
calculated iMatrix for 7, 1, 0, 5: -0.051261565392552944
calculated iMatrix for 7, 1, 0, 6: 0.012411529468589477
calculated iMatrix for 7, 1, 0, 7: -0.15304425970249524
calculated iMatrix for 7, 1, 0, 8: 0.17657683022586457
calculated iMatrix for 7, 1, 0, 9: -0.061494741672581954
calculated iMatrix for 7, 1, 0, 10: 0.13407204187139332
calculated iMatrix for 7, 1, 0, 11: 0.14807133722793842
calculated iMatrix for 7, 1, 0, 12: 0.2292480625180365
calculated iMatrix for 7, 1, 0, 13: 0.1518842176354931
calculated iMatrix for 7, 1, 0, 14: 0.15083087316973004
calculated iMatrix for 7, 1, 0, 15: 0.24111535136343581
calculated iMatrix for 7, 1, 0, 16: 0.022846406761169002
calculated iMatrix for 7, 1, 0, 17: -0.023617212065768278
calculated iMatrix for 7, 1, 0, 18: -0.08033782947406176
calculated iMatrix for 7, 1, 0, 19: -0.02462974221175962
calculated iMatrix for 7, 1, 1, 0: 0.001990593480330649
calculated iMatrix for 7, 1, 1, 1: -0.6974027035765676
calculated iMatrix for 7, 1, 1, 2: 0.05767311797111557
calculated iMatrix for 7, 1, 1, 3: -0.19277384634808847
calculated iMatrix for 7, 1, 1, 4: -0.172846886998675
calculated iMatrix for 7, 1, 1, 5: 0.2070535706505847
calculated iMatrix for 7, 1, 1, 6: 0.16004752827465407
calculated iMatrix for 7, 1, 1, 7: -0.08809732524497305
calculated iMatrix for 7, 1, 1, 8: 0.22120195142798463
calculated iMatrix for 7, 1, 1, 9: -0.2770229192488415
calculated iMatrix for 7, 1, 1, 10: -0.5846333024004741
calculated iMatrix for 7, 1, 1, 11: 0.37590386615517946
calculated iMatrix for 7, 1, 1, 12: 0.3994110234556273
calculated iMatrix for 7, 1, 1, 13: 0.15620875196748835
calculated iMatrix for 7, 1, 1, 14: 0.14373395278313028
calculated iMatrix for 7, 1, 1, 15: -0.058963785754645115
calculated iMatrix for 7, 1, 1, 16: 0.08796664609912602
calculated iMatrix for 7, 1, 1, 17: -0.1515214940663835
calculated iMatrix for 7, 1, 1, 18: -0.5638713109520449
calculated iMatrix for 7, 1, 1, 19: -0.26410971284566287
calculated iMatrix for 7, 1, 2, 0: -0.17927777732896533
calculated iMatrix for 7, 1, 2, 1: 0.07043536958496693
calculated iMatrix for 7, 1, 2, 2: 0.08192974901070199
calculated iMatrix for 7, 1, 2, 3: -0.021047786796056178
calculated iMatrix for 7, 1, 2, 4: -0.0828986503357354
calculated iMatrix for 7, 1, 2, 5: 0.22458604941222526
calculated iMatrix for 7, 1, 2, 6: -0.2976033330040805
calculated iMatrix for 7, 1, 2, 7: -0.15476321156537953
calculated iMatrix for 7, 1, 2, 8: -0.021105121314318687
calculated iMatrix for 7, 1, 2, 9: -0.10565563745835171
calculated iMatrix for 7, 1, 2, 10: -0.3113755476253077
calculated iMatrix for 7, 1, 2, 11: 0.07452535483649203
calculated iMatrix for 7, 1, 2, 12: 0.2798487280872747
calculated iMatrix for 7, 1, 2, 13: 0.009474669795279667
calculated iMatrix for 7, 1, 2, 14: 0.05131432813818848
calculated iMatrix for 7, 1, 2, 15: 0.1687812082434086
calculated iMatrix for 7, 1, 2, 16: 0.10245965340169294
calculated iMatrix for 7, 1, 2, 17: 0.015417242582082546
calculated iMatrix for 7, 1, 2, 18: -0.5638713109520449
calculated iMatrix for 7, 1, 2, 19: -0.43546118272137535
calculated iMatrix for 7, 1, 3, 0: -0.39825678406295784
calculated iMatrix for 7, 1, 3, 1: 0.07616604429395202
calculated iMatrix for 7, 1, 3, 2: -0.14383778701559014
calculated iMatrix for 7, 1, 3, 3: -0.28986934240434414
calculated iMatrix for 7, 1, 3, 4: 0.03083579679464782
calculated iMatrix for 7, 1, 3, 5: 0.5782260896558036
calculated iMatrix for 7, 1, 3, 6: -0.02919447136387432
calculated iMatrix for 7, 1, 3, 7: -0.34511694005659843
calculated iMatrix for 7, 1, 3, 8: 0.10327859837341674
calculated iMatrix for 7, 1, 3, 9: -0.13015153518628098
calculated iMatrix for 7, 1, 3, 10: -0.2076772518506632
calculated iMatrix for 7, 1, 3, 11: 0.0341672823856512
calculated iMatrix for 7, 1, 3, 12: 0.40120958509154214
calculated iMatrix for 7, 1, 3, 13: -0.07304635389272385
calculated iMatrix for 7, 1, 3, 14: 0.09490822610369265
calculated iMatrix for 7, 1, 3, 15: 0.1828464432394601
calculated iMatrix for 7, 1, 3, 16: 0.06611570844045056
calculated iMatrix for 7, 1, 3, 17: -0.16051813604702403
calculated iMatrix for 7, 1, 3, 18: -0.2187493327513491
calculated iMatrix for 7, 1, 3, 19: 0.03643357230747735
calculated iMatrix for 7, 1, 4, 0: -0.28777685367265193
calculated iMatrix for 7, 1, 4, 1: -0.3099561009710815
calculated iMatrix for 7, 1, 4, 2: 0.23800906974436595
calculated iMatrix for 7, 1, 4, 3: -0.10537150618779412
calculated iMatrix for 7, 1, 4, 4: -0.553718939488027
calculated iMatrix for 7, 1, 4, 5: 0.6249878555638428
calculated iMatrix for 7, 1, 4, 6: 0.17685464659103523
calculated iMatrix for 7, 1, 4, 7: -0.4846472688993444
calculated iMatrix for 7, 1, 4, 8: 0.3415694048980443
calculated iMatrix for 7, 1, 4, 9: -0.22199730562541187
calculated iMatrix for 7, 1, 4, 10: -0.7667145034667965
calculated iMatrix for 7, 1, 4, 11: 0.13369869857790256
calculated iMatrix for 7, 1, 4, 12: 0.5071530211972358
calculated iMatrix for 7, 1, 4, 13: -0.19075916729564635
calculated iMatrix for 7, 1, 4, 14: -0.359361839182728
calculated iMatrix for 7, 1, 4, 15: 0.14234795117525306
calculated iMatrix for 7, 1, 4, 16: -0.05204618685297069
calculated iMatrix for 7, 1, 4, 17: -0.009695246312440398
calculated iMatrix for 7, 1, 4, 18: -0.14005706417568398
calculated iMatrix for 7, 1, 4, 19: -0.23644890985075007
calculated iMatrix for 7, 1, 5, 0: -0.4373085876436157
calculated iMatrix for 7, 1, 5, 1: -0.037778215055265796
calculated iMatrix for 7, 1, 5, 2: 0.06473734847032914
calculated iMatrix for 7, 1, 5, 3: -0.4060407741663862
calculated iMatrix for 7, 1, 5, 4: -0.2923745629212813
calculated iMatrix for 7, 1, 5, 5: 0.41284234172599443
calculated iMatrix for 7, 1, 5, 6: 0.025735190667059926
calculated iMatrix for 7, 1, 5, 7: -0.10658113497929445
calculated iMatrix for 7, 1, 5, 8: 0.1450739864844915
calculated iMatrix for 7, 1, 5, 9: -0.48416902881371104
calculated iMatrix for 7, 1, 5, 10: -0.2967108742210609
calculated iMatrix for 7, 1, 5, 11: 0.10198372731989291
calculated iMatrix for 7, 1, 5, 12: 0.191009753878621
calculated iMatrix for 7, 1, 5, 13: -0.08741333069026203
calculated iMatrix for 7, 1, 5, 14: 0.17630804914643428
calculated iMatrix for 7, 1, 5, 15: -0.19602482450393388
calculated iMatrix for 7, 1, 5, 16: 0.39010048788979856
calculated iMatrix for 7, 1, 5, 17: 0.3752340986882815
calculated iMatrix for 7, 1, 5, 18: 0.14923661217043843
calculated iMatrix for 7, 1, 5, 19: 0.01486551843015621
calculated iMatrix for 7, 1, 6, 0: -0.266923785054474
calculated iMatrix for 7, 1, 6, 1: 0.16004752827465407
calculated iMatrix for 7, 1, 6, 2: -0.4120489208843777
calculated iMatrix for 7, 1, 6, 3: -0.5801671631432771
calculated iMatrix for 7, 1, 6, 4: 0.54010292085745
calculated iMatrix for 7, 1, 6, 5: 0.2797378694873053
calculated iMatrix for 7, 1, 6, 6: 0.37873672923948354
calculated iMatrix for 7, 1, 6, 7: 0.6034841301356677
calculated iMatrix for 7, 1, 6, 8: -0.2903128997414013
calculated iMatrix for 7, 1, 6, 9: 0.3438300057082835
calculated iMatrix for 7, 1, 6, 10: 0.39057118688648634
calculated iMatrix for 7, 1, 6, 11: -0.36935448106427204
calculated iMatrix for 7, 1, 6, 12: -0.15304425970249524
calculated iMatrix for 7, 1, 6, 13: -0.7970651981197562
calculated iMatrix for 7, 1, 6, 14: -0.07651904337169646
calculated iMatrix for 7, 1, 6, 15: -0.19353274446449864
calculated iMatrix for 7, 1, 6, 16: 0.03471728698288762
calculated iMatrix for 7, 1, 6, 17: 0.8428319217990528
calculated iMatrix for 7, 1, 6, 18: 0.48282092053770514
calculated iMatrix for 7, 1, 6, 19: 0.28608824917001907
calculated iMatrix for 7, 1, 7, 0: -0.2187493327513491
calculated iMatrix for 7, 1, 7, 1: 0.33440091541943184
calculated iMatrix for 7, 1, 7, 2: -0.5193063301529555
calculated iMatrix for 7, 1, 7, 3: -0.5045262798412352
calculated iMatrix for 7, 1, 7, 4: 0.24839669810594373
calculated iMatrix for 7, 1, 7, 5: -0.3748756470703971
calculated iMatrix for 7, 1, 7, 6: 0.13757467242259536
calculated iMatrix for 7, 1, 7, 7: 0.612604243916669
calculated iMatrix for 7, 1, 7, 8: -0.2454175798335103
calculated iMatrix for 7, 1, 7, 9: 0.07643338823352042
calculated iMatrix for 7, 1, 7, 10: -0.01010349289904533
calculated iMatrix for 7, 1, 7, 11: -0.4514666977884201
calculated iMatrix for 7, 1, 7, 12: -0.26603686703624607
calculated iMatrix for 7, 1, 7, 13: -0.2454175798335103
calculated iMatrix for 7, 1, 7, 14: 0.1174879138558581
calculated iMatrix for 7, 1, 7, 15: -0.21692562403920412
calculated iMatrix for 7, 1, 7, 16: 0.5340576842149322
calculated iMatrix for 7, 1, 7, 17: 0.790393807595569
calculated iMatrix for 7, 1, 7, 18: 0.5218375728801568
calculated iMatrix for 7, 1, 7, 19: 0.5207547357413248
calculated iMatrix for 7, 1, 8, 0: NaN
calculated iMatrix for 7, 1, 8, 1: NaN
calculated iMatrix for 7, 1, 8, 2: NaN
calculated iMatrix for 7, 1, 8, 3: NaN
calculated iMatrix for 7, 1, 8, 4: NaN
calculated iMatrix for 7, 1, 8, 5: NaN
calculated iMatrix for 7, 1, 8, 6: NaN
calculated iMatrix for 7, 1, 8, 7: 5.287711400033812E-4
calculated iMatrix for 7, 1, 8, 8: NaN
calculated iMatrix for 7, 1, 8, 9: NaN
calculated iMatrix for 7, 1, 8, 10: NaN
calculated iMatrix for 7, 1, 8, 11: NaN
calculated iMatrix for 7, 1, 8, 12: NaN
calculated iMatrix for 7, 1, 8, 13: NaN
calculated iMatrix for 7, 1, 8, 14: NaN
calculated iMatrix for 7, 1, 8, 15: NaN
calculated iMatrix for 7, 1, 8, 16: NaN
calculated iMatrix for 7, 1, 8, 17: NaN
calculated iMatrix for 7, 1, 8, 18: NaN
calculated iMatrix for 7, 1, 8, 19: NaN
calculated iMatrix for 7, 1, 9, 0: -0.26913410645082636
calculated iMatrix for 7, 1, 9, 1: 0.6444398949724892
calculated iMatrix for 7, 1, 9, 2: -0.2598756630087402
calculated iMatrix for 7, 1, 9, 3: -0.25114825454249534
calculated iMatrix for 7, 1, 9, 4: 0.4915322233848278
calculated iMatrix for 7, 1, 9, 5: 0.09269534624516257
calculated iMatrix for 7, 1, 9, 6: 0.12495620846338396
calculated iMatrix for 7, 1, 9, 7: 0.4914046642290966
calculated iMatrix for 7, 1, 9, 8: -0.25172674902677505
calculated iMatrix for 7, 1, 9, 9: 0.1947330862625441
calculated iMatrix for 7, 1, 9, 10: 0.22458604941222526
calculated iMatrix for 7, 1, 9, 11: -0.17029694936540218
calculated iMatrix for 7, 1, 9, 12: -0.6398935663660795
calculated iMatrix for 7, 1, 9, 13: -0.5663252999136118
calculated iMatrix for 7, 1, 9, 14: -0.21838890744559092
calculated iMatrix for 7, 1, 9, 15: -0.18551943825244133
calculated iMatrix for 7, 1, 9, 16: 0.45522027245559266
calculated iMatrix for 7, 1, 9, 17: 0.47850125939318866
calculated iMatrix for 7, 1, 9, 18: -0.3195255519872322
calculated iMatrix for 7, 1, 9, 19: 0.3757561011013457
calculated iMatrix for 7, 1, 10, 0: -0.20357046989800986
calculated iMatrix for 7, 1, 10, 1: 0.13757467242259536
calculated iMatrix for 7, 1, 10, 2: -0.22479829263077478
calculated iMatrix for 7, 1, 10, 3: -0.6218951510684224
calculated iMatrix for 7, 1, 10, 4: 0.7354116731782159
calculated iMatrix for 7, 1, 10, 5: 0.22458604941222526
calculated iMatrix for 7, 1, 10, 6: -0.0755185430381129
calculated iMatrix for 7, 1, 10, 7: 0.9417481061760444
calculated iMatrix for 7, 1, 10, 8: -0.9921055273214855
calculated iMatrix for 7, 1, 10, 9: 0.2778305639310375
calculated iMatrix for 7, 1, 10, 10: 0.28521067122866006
calculated iMatrix for 7, 1, 10, 11: -0.29163042298864195
calculated iMatrix for 7, 1, 10, 12: -0.01888993053506005
calculated iMatrix for 7, 1, 10, 13: -0.6508826879416748
calculated iMatrix for 7, 1, 10, 14: -0.42500315680859024
calculated iMatrix for 7, 1, 10, 15: -0.11335785782044405
calculated iMatrix for 7, 1, 10, 16: 0.20726126575491918
calculated iMatrix for 7, 1, 10, 17: 0.969026524359721
calculated iMatrix for 7, 1, 10, 18: -0.06309602303955575
calculated iMatrix for 7, 1, 10, 19: -0.13034825004872308
calculated iMatrix for 7, 1, 11, 0: -0.3729000125786073
calculated iMatrix for 7, 1, 11, 1: 0.3524194209221101
calculated iMatrix for 7, 1, 11, 2: 0.3827247704174391
calculated iMatrix for 7, 1, 11, 3: 0.04550598654244148
calculated iMatrix for 7, 1, 11, 4: -0.35541847504783886
calculated iMatrix for 7, 1, 11, 5: 0.2348076034837633
calculated iMatrix for 7, 1, 11, 6: 0.26948136932011624
calculated iMatrix for 7, 1, 11, 7: -0.4016668963176898
calculated iMatrix for 7, 1, 11, 8: -0.12228489442988633
calculated iMatrix for 7, 1, 11, 9: -0.3381993132844765
calculated iMatrix for 7, 1, 11, 10: -0.14005706417568398
calculated iMatrix for 7, 1, 11, 11: 0.23042832503645358
calculated iMatrix for 7, 1, 11, 12: 0.2614000225349415
calculated iMatrix for 7, 1, 11, 13: -0.3060422016499452
calculated iMatrix for 7, 1, 11, 14: -0.23644890985075007
calculated iMatrix for 7, 1, 11, 15: 0.21134082266220458
calculated iMatrix for 7, 1, 11, 16: 0.19118776901037726
calculated iMatrix for 7, 1, 11, 17: 0.22458604941222526
calculated iMatrix for 7, 1, 11, 18: -0.6227118109749784
calculated iMatrix for 7, 1, 11, 19: -0.03651638523484374
calculated iMatrix for 7, 1, 12, 0: -0.028460526376799355
calculated iMatrix for 7, 1, 12, 1: 0.33331924954869074
calculated iMatrix for 7, 1, 12, 2: 0.4169579420596813
calculated iMatrix for 7, 1, 12, 3: 0.12030719962513992
calculated iMatrix for 7, 1, 12, 4: -0.3964578372463762
calculated iMatrix for 7, 1, 12, 5: 0.8304146805027794
calculated iMatrix for 7, 1, 12, 6: 0.16587844858544726
calculated iMatrix for 7, 1, 12, 7: -0.37734512287605837
calculated iMatrix for 7, 1, 12, 8: -0.36604556762212503
calculated iMatrix for 7, 1, 12, 9: -0.6305980167701689
calculated iMatrix for 7, 1, 12, 10: -0.6659205653062151
calculated iMatrix for 7, 1, 12, 11: 0.2846899734819306
calculated iMatrix for 7, 1, 12, 12: 0.22718683111228263
calculated iMatrix for 7, 1, 12, 13: -0.2454175798335103
calculated iMatrix for 7, 1, 12, 14: -0.2890926433361719
calculated iMatrix for 7, 1, 12, 15: 0.3057593394560477
calculated iMatrix for 7, 1, 12, 16: 0.14762500827609681
calculated iMatrix for 7, 1, 12, 17: -0.27374808645973636
calculated iMatrix for 7, 1, 12, 18: -0.2744051167067626
calculated iMatrix for 7, 1, 12, 19: -0.4257992718096384
calculated iMatrix for 7, 1, 13, 0: -0.14187690089267002
calculated iMatrix for 7, 1, 13, 1: -0.05436234307080112
calculated iMatrix for 7, 1, 13, 2: 0.023915353950074048
calculated iMatrix for 7, 1, 13, 3: -0.3000759923713744
calculated iMatrix for 7, 1, 13, 4: -0.08556887889161435
calculated iMatrix for 7, 1, 13, 5: 0.5206786003726025
calculated iMatrix for 7, 1, 13, 6: 0.05826483396471166
calculated iMatrix for 7, 1, 13, 7: -0.4144939098774443
calculated iMatrix for 7, 1, 13, 8: -0.2289788534903504
calculated iMatrix for 7, 1, 13, 9: -0.2226375515016904
calculated iMatrix for 7, 1, 13, 10: 0.07043536958496693
calculated iMatrix for 7, 1, 13, 11: 0.2480163012206112
calculated iMatrix for 7, 1, 13, 12: 0.18624990066867808
calculated iMatrix for 7, 1, 13, 13: -0.32237862096963865
calculated iMatrix for 7, 1, 13, 14: -0.28691731074026305
calculated iMatrix for 7, 1, 13, 15: 0.2326182211094894
calculated iMatrix for 7, 1, 13, 16: 0.21040141442026872
calculated iMatrix for 7, 1, 13, 17: -0.052733236004009254
calculated iMatrix for 7, 1, 13, 18: 0.17147622409827673
calculated iMatrix for 7, 1, 13, 19: 0.10145336400860117
calculated iMatrix for 7, 1, 14, 0: -0.24968197861996788
calculated iMatrix for 7, 1, 14, 1: 0.37076855959030663
calculated iMatrix for 7, 1, 14, 2: 0.015417242582082546
calculated iMatrix for 7, 1, 14, 3: -0.5098040896817693
calculated iMatrix for 7, 1, 14, 4: -0.22706844116531377
calculated iMatrix for 7, 1, 14, 5: 0.37699304963465674
calculated iMatrix for 7, 1, 14, 6: 0.033295822635510175
calculated iMatrix for 7, 1, 14, 7: -0.266324264652824
calculated iMatrix for 7, 1, 14, 8: -0.3995682596607687
calculated iMatrix for 7, 1, 14, 9: -0.09203113389900797
calculated iMatrix for 7, 1, 14, 10: -0.12958576430838864
calculated iMatrix for 7, 1, 14, 11: 0.1774392709865233
calculated iMatrix for 7, 1, 14, 12: 0.42711031352369927
calculated iMatrix for 7, 1, 14, 13: -0.03651638523484374
calculated iMatrix for 7, 1, 14, 14: -0.29786405520605286
calculated iMatrix for 7, 1, 14, 15: 0.30254759088193717
calculated iMatrix for 7, 1, 14, 16: 0.3318977852013133
calculated iMatrix for 7, 1, 14, 17: 0.10837551773033316
calculated iMatrix for 7, 1, 14, 18: 0.029019265868250044
calculated iMatrix for 7, 1, 14, 19: 0.05996406971767154
calculated iMatrix for 7, 1, 15, 0: -0.07333751709175262
calculated iMatrix for 7, 1, 15, 1: 0.5610582860334382
calculated iMatrix for 7, 1, 15, 2: 0.09835395926931423
calculated iMatrix for 7, 1, 15, 3: 0.09105465678770253
calculated iMatrix for 7, 1, 15, 4: -0.4830892317106299
calculated iMatrix for 7, 1, 15, 5: 0.332799634052458
calculated iMatrix for 7, 1, 15, 6: 0.3275852888843718
calculated iMatrix for 7, 1, 15, 7: -0.23824909035489783
calculated iMatrix for 7, 1, 15, 8: -0.19602482450393388
calculated iMatrix for 7, 1, 15, 9: -0.4167758318301955
calculated iMatrix for 7, 1, 15, 10: -0.5136815664281897
calculated iMatrix for 7, 1, 15, 11: 0.13688046899311967
calculated iMatrix for 7, 1, 15, 12: 0.18990049142433518
calculated iMatrix for 7, 1, 15, 13: -0.06985280550243556
calculated iMatrix for 7, 1, 15, 14: 0.09528896092649086
calculated iMatrix for 7, 1, 15, 15: 0.25407647792293037
calculated iMatrix for 7, 1, 15, 16: 0.20595722957873192
calculated iMatrix for 7, 1, 15, 17: 0.055167897454178494
calculated iMatrix for 7, 1, 15, 18: -0.13419194472328588
calculated iMatrix for 7, 1, 15, 19: -0.39347067979265005
calculated iMatrix for 7, 1, 16, 0: -0.054797220224860665
calculated iMatrix for 7, 1, 16, 1: 0.08308648713852568
calculated iMatrix for 7, 1, 16, 2: 0.1369518134800048
calculated iMatrix for 7, 1, 16, 3: -0.05028706474697453
calculated iMatrix for 7, 1, 16, 4: -0.12025443687950432
calculated iMatrix for 7, 1, 16, 5: 0.19299168399400812
calculated iMatrix for 7, 1, 16, 6: 0.16004752827465407
calculated iMatrix for 7, 1, 16, 7: -0.3036864879574861
calculated iMatrix for 7, 1, 16, 8: -0.263544964426067
calculated iMatrix for 7, 1, 16, 9: -0.1887575462680191
calculated iMatrix for 7, 1, 16, 10: -0.29122711586480454
calculated iMatrix for 7, 1, 16, 11: 0.10764725188112223
calculated iMatrix for 7, 1, 16, 12: -0.16904460104893637
calculated iMatrix for 7, 1, 16, 13: -0.0012206193214681638
calculated iMatrix for 7, 1, 16, 14: 0.08226982723196974
calculated iMatrix for 7, 1, 16, 15: 0.17295093311056192
calculated iMatrix for 7, 1, 16, 16: 0.43078004241266166
calculated iMatrix for 7, 1, 16, 17: 0.048343538694652854
calculated iMatrix for 7, 1, 16, 18: 0.12230720029180697
calculated iMatrix for 7, 1, 16, 19: -0.20541224521981116
calculated iMatrix for 7, 2, 0, 0: 0.10439606432822729
calculated iMatrix for 7, 2, 0, 1: -0.2531023391016587
calculated iMatrix for 7, 2, 0, 2: 0.20821187992991685
calculated iMatrix for 7, 2, 0, 3: 0.26172207002600983
calculated iMatrix for 7, 2, 0, 4: 0.17606810687522706
calculated iMatrix for 7, 2, 0, 5: 0.08765714953117404
calculated iMatrix for 7, 2, 0, 6: 0.15133024439231646
calculated iMatrix for 7, 2, 0, 7: 0.12881522202468165
calculated iMatrix for 7, 2, 0, 8: -0.09058340960388378
calculated iMatrix for 7, 2, 0, 9: 0.06459562929038776
calculated iMatrix for 7, 2, 0, 10: -0.056901923770411145
calculated iMatrix for 7, 2, 0, 11: -0.10649886490978333
calculated iMatrix for 7, 2, 0, 12: -0.3079809194428137
calculated iMatrix for 7, 2, 0, 13: -0.12755227410761572
calculated iMatrix for 7, 2, 0, 14: -0.23571059638978953
calculated iMatrix for 7, 2, 0, 15: -0.06813799703733725
calculated iMatrix for 7, 2, 0, 16: -0.05461402954077166
calculated iMatrix for 7, 2, 0, 17: -0.25279095812452046
calculated iMatrix for 7, 2, 0, 18: -0.08240131333072287
calculated iMatrix for 7, 2, 0, 19: -0.04196034377221225
calculated iMatrix for 7, 2, 1, 0: -0.031215804489235
calculated iMatrix for 7, 2, 1, 1: 0.30901657905188246
calculated iMatrix for 7, 2, 1, 2: 0.008067699655765814
calculated iMatrix for 7, 2, 1, 3: 0.11808250117405389
calculated iMatrix for 7, 2, 1, 4: 0.08699599248229656
calculated iMatrix for 7, 2, 1, 5: -0.12451737041246169
calculated iMatrix for 7, 2, 1, 6: -0.32964241622399304
calculated iMatrix for 7, 2, 1, 7: 0.24697094808000064
calculated iMatrix for 7, 2, 1, 8: -0.3667819631734498
calculated iMatrix for 7, 2, 1, 9: 0.11080241078019798
calculated iMatrix for 7, 2, 1, 10: 0.4449977985871352
calculated iMatrix for 7, 2, 1, 11: -0.10649886490978333
calculated iMatrix for 7, 2, 1, 12: -0.2629510417253208
calculated iMatrix for 7, 2, 1, 13: -0.03817962093230609
calculated iMatrix for 7, 2, 1, 14: -0.20018434898710635
calculated iMatrix for 7, 2, 1, 15: -0.037505993422831896
calculated iMatrix for 7, 2, 1, 16: 0.06677285636425345
calculated iMatrix for 7, 2, 1, 17: 0.08828946064930132
calculated iMatrix for 7, 2, 1, 18: 0.45311692302563933
calculated iMatrix for 7, 2, 1, 19: 0.14481556337112278
calculated iMatrix for 7, 2, 2, 0: 0.23200245593821056
calculated iMatrix for 7, 2, 2, 1: -0.0811810569254936
calculated iMatrix for 7, 2, 2, 2: -0.14774182344383247
calculated iMatrix for 7, 2, 2, 3: 0.3669003533370904
calculated iMatrix for 7, 2, 2, 4: -0.1739401457053159
calculated iMatrix for 7, 2, 2, 5: -0.26188031412317436
calculated iMatrix for 7, 2, 2, 6: 0.045051033217417547
calculated iMatrix for 7, 2, 2, 7: 0.004726770200441099
calculated iMatrix for 7, 2, 2, 8: -0.00561764005600307
calculated iMatrix for 7, 2, 2, 9: -0.00805879209653082
calculated iMatrix for 7, 2, 2, 10: 0.02133450660010161
calculated iMatrix for 7, 2, 2, 11: 0.15278373302029963
calculated iMatrix for 7, 2, 2, 12: -0.05520557052223285
calculated iMatrix for 7, 2, 2, 13: 0.2568950292776939
calculated iMatrix for 7, 2, 2, 14: -0.04196034377221225
calculated iMatrix for 7, 2, 2, 15: -0.07297617287113967
calculated iMatrix for 7, 2, 2, 16: 0.00682982039721991
calculated iMatrix for 7, 2, 2, 17: -0.14286650908065823
calculated iMatrix for 7, 2, 2, 18: -0.2082815592197257
calculated iMatrix for 7, 2, 2, 19: -0.0760396574250749
calculated iMatrix for 7, 2, 3, 0: 0.23599144403699251
calculated iMatrix for 7, 2, 3, 1: -0.32964241622399304
calculated iMatrix for 7, 2, 3, 2: 0.31783472750276376
calculated iMatrix for 7, 2, 3, 3: 0.49835570850448363
calculated iMatrix for 7, 2, 3, 4: -0.1271181521125191
calculated iMatrix for 7, 2, 3, 5: -0.3696477508376922
calculated iMatrix for 7, 2, 3, 6: 0.01866427804422266
calculated iMatrix for 7, 2, 3, 7: -0.02466884666215119
calculated iMatrix for 7, 2, 3, 8: -0.05461402954077166
calculated iMatrix for 7, 2, 3, 9: -0.0038447108496999505
calculated iMatrix for 7, 2, 3, 10: 0.14943450922741736
calculated iMatrix for 7, 2, 3, 11: -0.07751132803653116
calculated iMatrix for 7, 2, 3, 12: -0.2940974788045817
calculated iMatrix for 7, 2, 3, 13: 0.03921294627161043
calculated iMatrix for 7, 2, 3, 14: 0.05602006458799158
calculated iMatrix for 7, 2, 3, 15: -0.14951624999347413
calculated iMatrix for 7, 2, 3, 16: -0.22576228573660106
calculated iMatrix for 7, 2, 3, 17: 0.1537842333538832
calculated iMatrix for 7, 2, 3, 18: -0.07983061782762213
calculated iMatrix for 7, 2, 3, 19: -0.22428190056616681
calculated iMatrix for 7, 2, 4, 0: 0.2661764203753902
calculated iMatrix for 7, 2, 4, 1: 0.19888278464139852
calculated iMatrix for 7, 2, 4, 2: -0.3771447502089965
calculated iMatrix for 7, 2, 4, 3: 0.2259411081834911
calculated iMatrix for 7, 2, 4, 4: 0.49703615696047476
calculated iMatrix for 7, 2, 4, 5: -0.67323212061407
calculated iMatrix for 7, 2, 4, 6: -0.17952399992467327
calculated iMatrix for 7, 2, 4, 7: 0.40292717850178406
calculated iMatrix for 7, 2, 4, 8: -0.4133619962134082
calculated iMatrix for 7, 2, 4, 9: 0.4673848948233442
calculated iMatrix for 7, 2, 4, 10: 0.6107458672292225
calculated iMatrix for 7, 2, 4, 11: -0.22576228573660106
calculated iMatrix for 7, 2, 4, 12: -0.6345662951102801
calculated iMatrix for 7, 2, 4, 13: -0.019487487920153646
calculated iMatrix for 7, 2, 4, 14: 0.0644589332338561
calculated iMatrix for 7, 2, 4, 15: -0.22838868251882027
calculated iMatrix for 7, 2, 4, 16: 0.1395105111414296
calculated iMatrix for 7, 2, 4, 17: 0.16176512168489598
calculated iMatrix for 7, 2, 4, 18: -0.0011383492519569938
calculated iMatrix for 7, 2, 4, 19: 0.1360627722615279
calculated iMatrix for 7, 2, 5, 0: 0.41770832755203874
calculated iMatrix for 7, 2, 5, 1: -0.10649886490978333
calculated iMatrix for 7, 2, 5, 2: -0.2735529495729495
calculated iMatrix for 7, 2, 5, 3: 0.43249763582290357
calculated iMatrix for 7, 2, 5, 4: 0.17082042050645097
calculated iMatrix for 7, 2, 5, 5: -0.6567949208964038
calculated iMatrix for 7, 2, 5, 6: -0.3227219733794193
calculated iMatrix for 7, 2, 5, 7: 0.351334228715697
calculated iMatrix for 7, 2, 5, 8: -0.19011300495091688
calculated iMatrix for 7, 2, 5, 9: 0.5421965530793281
calculated iMatrix for 7, 2, 5, 10: 0.6884310099601043
calculated iMatrix for 7, 2, 5, 11: -0.18873696314675548
calculated iMatrix for 7, 2, 5, 12: -0.37476285150446276
calculated iMatrix for 7, 2, 5, 13: 0.05150538423346496
calculated iMatrix for 7, 2, 5, 14: -0.12048510688452319
calculated iMatrix for 7, 2, 5, 15: -0.11272941466041941
calculated iMatrix for 7, 2, 5, 16: -0.27834912183644267
calculated iMatrix for 7, 2, 5, 17: -0.07406358915662936
calculated iMatrix for 7, 2, 5, 18: -0.10649886490978333
calculated iMatrix for 7, 2, 5, 19: 0.11930780382391015
calculated iMatrix for 7, 2, 6, 0: 0.4378026880525968
calculated iMatrix for 7, 2, 6, 1: -0.6096024425818637
calculated iMatrix for 7, 2, 6, 2: 0.5474276024968807
calculated iMatrix for 7, 2, 6, 3: 0.7584985725768212
calculated iMatrix for 7, 2, 6, 4: -0.6611763712046236
calculated iMatrix for 7, 2, 6, 5: -0.5801722230444813
calculated iMatrix for 7, 2, 6, 6: -0.4966965008871592
calculated iMatrix for 7, 2, 6, 7: -0.6039014683436333
calculated iMatrix for 7, 2, 6, 8: 0.2603514070706014
calculated iMatrix for 7, 2, 6, 9: -0.35644060937871724
calculated iMatrix for 7, 2, 6, 10: -0.19351024189941313
calculated iMatrix for 7, 2, 6, 11: 0.05534416054063063
calculated iMatrix for 7, 2, 6, 12: -0.2755751949537173
calculated iMatrix for 7, 2, 6, 13: 0.5245165345431558
calculated iMatrix for 7, 2, 6, 14: 0.27253298613022553
calculated iMatrix for 7, 2, 6, 15: -0.0035508956573409023
calculated iMatrix for 7, 2, 6, 16: -0.31071440633847425
calculated iMatrix for 7, 2, 6, 17: -0.5623948266448396
calculated iMatrix for 7, 2, 6, 18: -0.3543350288143646
calculated iMatrix for 7, 2, 6, 19: -0.23011282087695994
calculated iMatrix for 7, 2, 7, 0: 0.586648315650162
calculated iMatrix for 7, 2, 7, 1: -0.6420171012661456
calculated iMatrix for 7, 2, 7, 2: -0.02824666801003517
calculated iMatrix for 7, 2, 7, 3: 0.6415640732462766
calculated iMatrix for 7, 2, 7, 4: -0.05722781590300052
calculated iMatrix for 7, 2, 7, 5: -0.6597452045597262
calculated iMatrix for 7, 2, 7, 6: -0.4118805144609653
calculated iMatrix for 7, 2, 7, 7: -0.029537823773654992
calculated iMatrix for 7, 2, 7, 8: 0.08427940190239469
calculated iMatrix for 7, 2, 7, 9: 0.3321184505152815
calculated iMatrix for 7, 2, 7, 10: 0.23300827540658364
calculated iMatrix for 7, 2, 7, 11: 0.023178958398749283
calculated iMatrix for 7, 2, 7, 12: -0.3879113243479688
calculated iMatrix for 7, 2, 7, 13: 0.32669079121323596
calculated iMatrix for 7, 2, 7, 14: 0.08550799761863503
calculated iMatrix for 7, 2, 7, 15: 0.13644731370060603
calculated iMatrix for 7, 2, 7, 16: -0.4451010277888213
calculated iMatrix for 7, 2, 7, 17: -0.5167832594538967
calculated iMatrix for 7, 2, 7, 18: -0.10649886490978333
calculated iMatrix for 7, 2, 7, 19: -0.16176154358483275
calculated iMatrix for 7, 2, 8, 0: NaN
calculated iMatrix for 7, 2, 8, 1: NaN
calculated iMatrix for 7, 2, 8, 2: NaN
calculated iMatrix for 7, 2, 8, 3: NaN
calculated iMatrix for 7, 2, 8, 4: NaN
calculated iMatrix for 7, 2, 8, 5: NaN
calculated iMatrix for 7, 2, 8, 6: NaN
calculated iMatrix for 7, 2, 8, 7: -6.137492474203032E-4
calculated iMatrix for 7, 2, 8, 8: NaN
calculated iMatrix for 7, 2, 8, 9: NaN
calculated iMatrix for 7, 2, 8, 10: NaN
calculated iMatrix for 7, 2, 8, 11: NaN
calculated iMatrix for 7, 2, 8, 12: NaN
calculated iMatrix for 7, 2, 8, 13: NaN
calculated iMatrix for 7, 2, 8, 14: NaN
calculated iMatrix for 7, 2, 8, 15: NaN
calculated iMatrix for 7, 2, 8, 16: NaN
calculated iMatrix for 7, 2, 8, 17: NaN
calculated iMatrix for 7, 2, 8, 18: NaN
calculated iMatrix for 7, 2, 8, 19: NaN
calculated iMatrix for 7, 2, 9, 0: 0.6128965417250983
calculated iMatrix for 7, 2, 9, 1: -0.19611102359947052
calculated iMatrix for 7, 2, 9, 2: -0.1647677730337591
calculated iMatrix for 7, 2, 9, 3: 0.3720885080273436
calculated iMatrix for 7, 2, 9, 4: -0.03078704317408698
calculated iMatrix for 7, 2, 9, 5: -0.6041951972339815
calculated iMatrix for 7, 2, 9, 6: -0.4079742594939002
calculated iMatrix for 7, 2, 9, 7: -0.0545391259790724
calculated iMatrix for 7, 2, 9, 8: 0.1776805769907956
calculated iMatrix for 7, 2, 9, 9: 0.2524462275634882
calculated iMatrix for 7, 2, 9, 10: 0.23382694102741963
calculated iMatrix for 7, 2, 9, 11: -0.0313782344416752
calculated iMatrix for 7, 2, 9, 12: -1.2245292394349945
calculated iMatrix for 7, 2, 9, 13: 0.6874530147721275
calculated iMatrix for 7, 2, 9, 14: 0.2486244883375302
calculated iMatrix for 7, 2, 9, 15: 0.11008728585826733
calculated iMatrix for 7, 2, 9, 16: -0.5069764315069086
calculated iMatrix for 7, 2, 9, 17: -0.06637887112035801
calculated iMatrix for 7, 2, 9, 18: 0.14036121302174248
calculated iMatrix for 7, 2, 9, 19: -0.18303894203211768
calculated iMatrix for 7, 2, 10, 0: 0.39505312207087806
calculated iMatrix for 7, 2, 10, 1: -0.6173244886757742
calculated iMatrix for 7, 2, 10, 2: 0.04999099727064715
calculated iMatrix for 7, 2, 10, 3: 0.586648315650162
calculated iMatrix for 7, 2, 10, 4: -0.42283619312194054
calculated iMatrix for 7, 2, 10, 5: -0.37562752946581657
calculated iMatrix for 7, 2, 10, 6: -0.1950522622512284
calculated iMatrix for 7, 2, 10, 7: -0.6728943398305848
calculated iMatrix for 7, 2, 10, 8: 0.8408824540344029
calculated iMatrix for 7, 2, 10, 9: -0.06608932657190669
calculated iMatrix for 7, 2, 10, 10: -0.026456157236246947
calculated iMatrix for 7, 2, 10, 11: 0.45545610537881154
calculated iMatrix for 7, 2, 10, 12: -1.2672429346848992
calculated iMatrix for 7, 2, 10, 13: 0.6867317742071446
calculated iMatrix for 7, 2, 10, 14: 0.304600060916637
calculated iMatrix for 7, 2, 10, 15: 0.04171707939766034
calculated iMatrix for 7, 2, 10, 16: -0.3266528773756271
calculated iMatrix for 7, 2, 10, 17: -1.0369742317758948
calculated iMatrix for 7, 2, 10, 18: -0.43028594200368053
calculated iMatrix for 7, 2, 10, 19: 0.008570464875003903
calculated iMatrix for 7, 2, 11, 0: 0.5812863725087766
calculated iMatrix for 7, 2, 11, 1: -0.2531023391016587
calculated iMatrix for 7, 2, 11, 2: -0.6777562278606918
calculated iMatrix for 7, 2, 11, 3: 0.019381380979219376
calculated iMatrix for 7, 2, 11, 4: 0.3408133531338815
calculated iMatrix for 7, 2, 11, 5: -0.3688631293772744
calculated iMatrix for 7, 2, 11, 6: -0.2082815592197257
calculated iMatrix for 7, 2, 11, 7: 0.48965604966285226
calculated iMatrix for 7, 2, 11, 8: 0.14803100022509708
calculated iMatrix for 7, 2, 11, 9: 0.650438053525492
calculated iMatrix for 7, 2, 11, 10: 0.5458263211299068
calculated iMatrix for 7, 2, 11, 11: -0.2668415149849628
calculated iMatrix for 7, 2, 11, 12: -1.1245722910938807
calculated iMatrix for 7, 2, 11, 13: 0.41019187830860543
calculated iMatrix for 7, 2, 11, 14: 0.08539214290032193
calculated iMatrix for 7, 2, 11, 15: -0.3503226214615319
calculated iMatrix for 7, 2, 11, 16: -0.44185440683092125
calculated iMatrix for 7, 2, 11, 17: -0.3593342060313962
calculated iMatrix for 7, 2, 11, 18: 0.45881494414027707
calculated iMatrix for 7, 2, 11, 19: 0.04906524271462187
calculated iMatrix for 7, 2, 12, 0: 0.21278854695732868
calculated iMatrix for 7, 2, 12, 1: -0.06393925049098748
calculated iMatrix for 7, 2, 12, 2: -0.7522438065751448
calculated iMatrix for 7, 2, 12, 3: -0.2696505055960178
calculated iMatrix for 7, 2, 12, 4: 0.3899380214041077
calculated iMatrix for 7, 2, 12, 5: -0.7490450321759393
calculated iMatrix for 7, 2, 12, 6: -0.21347098446195123
calculated iMatrix for 7, 2, 12, 7: 0.4928295604325071
calculated iMatrix for 7, 2, 12, 8: 0.33333388670258884
calculated iMatrix for 7, 2, 12, 9: 0.6662009473521157
calculated iMatrix for 7, 2, 12, 10: 0.8351096749486617
calculated iMatrix for 7, 2, 12, 11: -0.07792549246572744
calculated iMatrix for 7, 2, 12, 12: -0.749813671721853
calculated iMatrix for 7, 2, 12, 13: 0.15022098193803068
calculated iMatrix for 7, 2, 12, 14: 0.2719375708104617
calculated iMatrix for 7, 2, 12, 15: -0.6088137990078654
calculated iMatrix for 7, 2, 12, 16: -0.4837930960512514
calculated iMatrix for 7, 2, 12, 17: 0.22175039253099754
calculated iMatrix for 7, 2, 12, 18: 0.11664468640442638
calculated iMatrix for 7, 2, 12, 19: 0.3665864308733603
calculated iMatrix for 7, 2, 13, 0: 0.3160024303509488
calculated iMatrix for 7, 2, 13, 1: -0.6244419564446381
calculated iMatrix for 7, 2, 13, 2: -0.025153225455830985
calculated iMatrix for 7, 2, 13, 3: 0.40565038578671564
calculated iMatrix for 7, 2, 13, 4: 0.017115091057393284
calculated iMatrix for 7, 2, 13, 5: -0.32599942494549206
calculated iMatrix for 7, 2, 13, 6: -0.007126391096579643
calculated iMatrix for 7, 2, 13, 7: -0.2507484737543302
calculated iMatrix for 7, 2, 13, 8: 0.5060185812500527
calculated iMatrix for 7, 2, 13, 9: 0.14036121302174248
calculated iMatrix for 7, 2, 13, 10: -0.23655199315798114
calculated iMatrix for 7, 2, 13, 11: 0.07329424553081265
calculated iMatrix for 7, 2, 13, 12: -0.23695175330721863
calculated iMatrix for 7, 2, 13, 13: 0.45989661001101806
calculated iMatrix for 7, 2, 13, 14: 0.3437021370397725
calculated iMatrix for 7, 2, 13, 15: -0.31220735440189173
calculated iMatrix for 7, 2, 13, 16: -0.5651680090814123
calculated iMatrix for 7, 2, 13, 17: -0.3378280008104325
calculated iMatrix for 7, 2, 13, 18: -0.48598848661468697
calculated iMatrix for 7, 2, 13, 19: -0.0011383492519569938
calculated iMatrix for 7, 2, 14, 0: 0.1598300830714286
calculated iMatrix for 7, 2, 14, 1: -0.8484362096391608
calculated iMatrix for 7, 2, 14, 2: 0.01755378376019545
calculated iMatrix for 7, 2, 14, 3: 0.5282375534937475
calculated iMatrix for 7, 2, 14, 4: -0.006869023960942022
calculated iMatrix for 7, 2, 14, 5: -0.2702881735748103
calculated iMatrix for 7, 2, 14, 6: -0.15528902907921538
calculated iMatrix for 7, 2, 14, 7: -0.04462346119169591
calculated iMatrix for 7, 2, 14, 8: 0.32923630750113736
calculated iMatrix for 7, 2, 14, 9: 0.09021142933627097
calculated iMatrix for 7, 2, 14, 10: 0.292408842652222
calculated iMatrix for 7, 2, 14, 11: 0.11017217189880896
calculated iMatrix for 7, 2, 14, 12: -0.6694314054712
calculated iMatrix for 7, 2, 14, 13: 0.2843674437772283
calculated iMatrix for 7, 2, 14, 14: 0.4676963727887966
calculated iMatrix for 7, 2, 14, 15: -0.30943970890647365
calculated iMatrix for 7, 2, 14, 16: -0.4576027637990604
calculated iMatrix for 7, 2, 14, 17: -0.2091530189698667
calculated iMatrix for 7, 2, 14, 18: 0.16793798079197703
calculated iMatrix for 7, 2, 14, 19: -0.13858717946128385
calculated iMatrix for 7, 2, 15, 0: 0.14681556403778973
calculated iMatrix for 7, 2, 15, 1: -0.25168087475428125
calculated iMatrix for 7, 2, 15, 2: -0.18654157258331971
calculated iMatrix for 7, 2, 15, 3: -0.17021467929589107
calculated iMatrix for 7, 2, 15, 4: 0.5452630994873076
calculated iMatrix for 7, 2, 15, 5: -0.2939618212041566
calculated iMatrix for 7, 2, 15, 6: -0.16712348672621824
calculated iMatrix for 7, 2, 15, 7: 0.3073344928688976
calculated iMatrix for 7, 2, 15, 8: 0.051404164536025365
calculated iMatrix for 7, 2, 15, 9: 0.4144791303202253
calculated iMatrix for 7, 2, 15, 10: 0.4160227986193986
calculated iMatrix for 7, 2, 15, 11: -0.08018155659241
calculated iMatrix for 7, 2, 15, 12: -0.22428190056616681
calculated iMatrix for 7, 2, 15, 13: 0.12281120132009038
calculated iMatrix for 7, 2, 15, 14: -0.2221832639092456
calculated iMatrix for 7, 2, 15, 15: -0.2921044969049279
calculated iMatrix for 7, 2, 15, 16: -0.3855824321063325
calculated iMatrix for 7, 2, 15, 17: -0.14159018472105345
calculated iMatrix for 7, 2, 15, 18: 0.24370356452333164
calculated iMatrix for 7, 2, 15, 19: 0.3807962614460132
calculated iMatrix for 7, 2, 16, 0: 0.17598839066489358
calculated iMatrix for 7, 2, 16, 1: -0.3643279742118831
calculated iMatrix for 7, 2, 16, 2: -0.22142883158376037
calculated iMatrix for 7, 2, 16, 3: 0.20404134561804776
calculated iMatrix for 7, 2, 16, 4: -0.20387302893495973
calculated iMatrix for 7, 2, 16, 5: -0.09036948297989966
calculated iMatrix for 7, 2, 16, 6: -0.17319023940845568
calculated iMatrix for 7, 2, 16, 7: 0.293978701687342
calculated iMatrix for 7, 2, 16, 8: 0.35265474831188637
calculated iMatrix for 7, 2, 16, 9: 0.03968364526829815
calculated iMatrix for 7, 2, 16, 10: -0.10649886490978333
calculated iMatrix for 7, 2, 16, 11: -0.04397850792844937
calculated iMatrix for 7, 2, 16, 12: 0.18976695123338905
calculated iMatrix for 7, 2, 16, 13: 0.1649226866702172
calculated iMatrix for 7, 2, 16, 14: 0.01755378376019545
calculated iMatrix for 7, 2, 16, 15: -0.23095303938318934
calculated iMatrix for 7, 2, 16, 16: -0.38062797095686085
calculated iMatrix for 7, 2, 16, 17: -0.1954463509262795
calculated iMatrix for 7, 2, 16, 18: -0.30716956037193444
calculated iMatrix for 7, 2, 16, 19: 0.16437608922561636
calculated fs for 0: [J@4b32ace3
calculated fs for 0: [J@4b32ace3
calculated fs for 0: [J@4b32ace3
calculated fs for 0: [J@4b32ace3
calculated fs for 0: [J@4b32ace3
calculated fs for 0: [J@4b32ace3
calculated fs for 0: [J@4b32ace3
calculated fs for 0: [J@4b32ace3
calculated fs for 0: [J@4b32ace3
calculated fs for 0: [J@4b32ace3
calculated fs for 0: [J@4b32ace3
calculated fs for 0: [J@4b32ace3
calculated fs for 0: [J@4b32ace3
calculated fs for 0: [J@4b32ace3
calculated fs for 0: [J@4b32ace3
calculated fs for 0: [J@4b32ace3
calculated fs for 0: [J@4b32ace3
calculated fs for 0: [J@4b32ace3
calculated fs for 0: [J@4b32ace3
calculated fs for 0: [J@4b32ace3
calculated fs for 0: [J@4b32ace3
calculated fs for 0: [J@4b32ace3
calculated fs for 0: [J@4b32ace3
calculated fs for 0: [J@4b32ace3
calculated fs for 0: [J@4b32ace3
calculated fs for 0: [J@4b32ace3
calculated fs for 0: [J@4b32ace3
calculated fs for 0: [J@4b32ace3
calculated fs for 0: [J@4b32ace3
calculated fs for 0: [J@4b32ace3
calculated fs for 0: [J@4b32ace3
calculated fs for 0: [J@4b32ace3
calculated fs for 0: [J@4b32ace3
calculated fs for 0: [J@4b32ace3
calculated fs for 0: [J@4b32ace3
calculated fs for 0: [J@4b32ace3
calculated fs for 0: [J@4b32ace3
calculated fs for 0: [J@4b32ace3
calculated fs for 0: [J@4b32ace3
calculated fs for 0: [J@4b32ace3
calculated fs for 0: [J@4b32ace3
calculated fs for 0: [J@4b32ace3
calculated fs for 0: [J@4b32ace3
calculated fs for 0: [J@4b32ace3
calculated fs for 0: [J@4b32ace3
calculated fs for 0: [J@4b32ace3
calculated fs for 0: [J@4b32ace3
calculated fs for 0: [J@4b32ace3
calculated fs for 0: [J@4b32ace3
calculated fs for 0: [J@4b32ace3
calculated fs for 0: [J@4b32ace3
calculated fs for 0: [J@4b32ace3
calculated fs for 0: [J@4b32ace3
calculated fs for 0: [J@4b32ace3
calculated fs for 0: [J@4b32ace3
calculated fs for 0: [J@4b32ace3
calculated fs for 0: [J@4b32ace3
calculated fs for 0: [J@4b32ace3
calculated fs for 0: [J@4b32ace3
calculated fs for 0: [J@4b32ace3
calculated fs for 0: [J@4b32ace3
calculated fs for 0: [J@4b32ace3
calculated fs for 0: [J@4b32ace3
calculated fs for 0: [J@4b32ace3
calculated fs for 0: [J@4b32ace3
calculated fs for 0: [J@4b32ace3
calculated fs for 0: [J@4b32ace3
calculated fs for 0: [J@4b32ace3
calculated fs for 0: [J@4b32ace3
calculated fs for 0: [J@4b32ace3
calculated fs for 0: [J@4b32ace3
calculated fs for 0: [J@4b32ace3
calculated fs for 0: [J@4b32ace3
calculated fs for 0: [J@4b32ace3
calculated fs for 0: [J@4b32ace3
calculated fs for 0: [J@4b32ace3
calculated fs for 0: [J@4b32ace3
calculated fs for 0: [J@4b32ace3
calculated fs for 0: [J@4b32ace3
calculated fs for 0: [J@4b32ace3
calculated fs for 0: [J@4b32ace3
calculated fs for 0: [J@4b32ace3
calculated fs for 0: [J@4b32ace3
calculated fs for 0: [J@4b32ace3
calculated fs for 0: [J@4b32ace3
calculated fs for 0: [J@4b32ace3
calculated fs for 0: [J@4b32ace3
calculated fs for 0: [J@4b32ace3
calculated fs for 0: [J@4b32ace3
calculated fs for 0: [J@4b32ace3
calculated fs for 0: [J@4b32ace3
calculated fs for 0: [J@4b32ace3
calculated fs for 0: [J@4b32ace3
calculated fs for 0: [J@4b32ace3
calculated fs for 0: [J@4b32ace3
calculated fs for 0: [J@4b32ace3
calculated fs for 0: [J@4b32ace3
calculated fs for 0: [J@4b32ace3
calculated fs for 0: [J@4b32ace3
calculated fs for 0: [J@4b32ace3
calculated fs for 0: [J@4b32ace3
calculated fs for 0: [J@4b32ace3
calculated fs for 0: [J@4b32ace3
calculated fs for 0: [J@4b32ace3
calculated fs for 0: [J@4b32ace3
calculated fs for 0: [J@4b32ace3
calculated fs for 0: [J@4b32ace3
calculated fs for 0: [J@4b32ace3
calculated fs for 0: [J@4b32ace3
calculated fs for 0: [J@4b32ace3
calculated fs for 0: [J@4b32ace3
calculated fs for 0: [J@4b32ace3
calculated fs for 0: [J@4b32ace3
calculated fs for 0: [J@4b32ace3
calculated fs for 0: [J@4b32ace3
calculated fs for 0: [J@4b32ace3
calculated fs for 0: [J@4b32ace3
calculated fs for 0: [J@4b32ace3
calculated fs for 0: [J@4b32ace3
calculated fs for 0: [J@4b32ace3
calculated fs for 0: [J@4b32ace3
calculated fs for 0: [J@4b32ace3
calculated fs for 0: [J@4b32ace3
calculated fs for 0: [J@4b32ace3
calculated fs for 0: [J@4b32ace3
calculated fs for 0: [J@4b32ace3
calculated fs for 0: [J@4b32ace3
calculated fs for 0: [J@4b32ace3
calculated fs for 0: [J@4b32ace3
calculated fs for 0: [J@4b32ace3
calculated fs for 0: [J@4b32ace3
calculated fs for 0: [J@4b32ace3
calculated fs for 0: [J@4b32ace3
calculated fs for 0: [J@4b32ace3
calculated fs for 0: [J@4b32ace3
calculated fs for 0: [J@4b32ace3
calculated fs for 0: [J@4b32ace3
calculated fs for 0: [J@4b32ace3
calculated fs for 0: [J@4b32ace3
calculated fs for 0: [J@4b32ace3
calculated fs for 0: [J@4b32ace3
calculated fs for 0: [J@4b32ace3
calculated fs for 0: [J@4b32ace3
calculated fs for 0: [J@4b32ace3
calculated fs for 0: [J@4b32ace3
calculated fs for 0: [J@4b32ace3
calculated fs for 0: [J@4b32ace3
calculated fs for 0: [J@4b32ace3
calculated fs for 0: [J@4b32ace3
calculated fs for 0: [J@4b32ace3
calculated fs for 0: [J@4b32ace3
calculated fs for 0: [J@4b32ace3
calculated fs for 0: [J@4b32ace3
calculated fs for 0: [J@4b32ace3
calculated fs for 0: [J@4b32ace3
calculated fs for 0: [J@4b32ace3
calculated fs for 0: [J@4b32ace3
calculated fs for 0: [J@4b32ace3
calculated fs for 0: [J@4b32ace3
calculated fs for 0: [J@4b32ace3
calculated fs for 0: [J@4b32ace3
calculated fs for 0: [J@4b32ace3
calculated fs for 0: [J@4b32ace3
calculated fs for 0: [J@4b32ace3
calculated fs for 0: [J@4b32ace3
calculated fs for 0: [J@4b32ace3
calculated fs for 0: [J@4b32ace3
calculated fs for 0: [J@4b32ace3
calculated fs for 0: [J@4b32ace3
calculated fs for 0: [J@4b32ace3
calculated fs for 0: [J@4b32ace3
calculated fs for 0: [J@4b32ace3
calculated fs for 0: [J@4b32ace3
calculated fs for 0: [J@4b32ace3
calculated fs for 0: [J@4b32ace3
calculated fs for 0: [J@4b32ace3
calculated fs for 0: [J@4b32ace3
calculated fs for 0: [J@4b32ace3
calculated fs for 0: [J@4b32ace3
calculated fs for 0: [J@4b32ace3
calculated fs for 0: [J@4b32ace3
calculated fs for 0: [J@4b32ace3
calculated fs for 0: [J@4b32ace3
calculated fs for 0: [J@4b32ace3
calculated fs for 0: [J@4b32ace3
calculated fs for 0: [J@4b32ace3
calculated fs for 0: [J@4b32ace3
calculated fs for 0: [J@4b32ace3
calculated fs for 0: [J@4b32ace3
calculated fs for 0: [J@4b32ace3
calculated fs for 0: [J@4b32ace3
calculated fs for 0: [J@4b32ace3
calculated fs for 0: [J@4b32ace3
calculated fs for 0: [J@4b32ace3
calculated fs for 0: [J@4b32ace3
calculated fs for 0: [J@4b32ace3
calculated fs for 0: [J@4b32ace3
calculated fs for 0: [J@4b32ace3
calculated fs for 0: [J@4b32ace3
calculated fs for 0: [J@4b32ace3
calculated fs for 0: [J@4b32ace3
calculated fs for 0: [J@4b32ace3
calculated fs for 0: [J@4b32ace3
calculated fs for 0: [J@4b32ace3
calculated fs for 0: [J@4b32ace3
calculated fs for 0: [J@4b32ace3
calculated fs for 0: [J@4b32ace3
calculated fs for 0: [J@4b32ace3
calculated fs for 0: [J@4b32ace3
calculated fs for 0: [J@4b32ace3
calculated fs for 0: [J@4b32ace3
calculated fs for 0: [J@4b32ace3
calculated fs for 0: [J@4b32ace3
calculated fs for 0: [J@4b32ace3
calculated fs for 0: [J@4b32ace3
calculated fs for 0: [J@4b32ace3
calculated fs for 0: [J@4b32ace3
calculated fs for 0: [J@4b32ace3
calculated fs for 0: [J@4b32ace3
calculated fs for 0: [J@4b32ace3
calculated fs for 0: [J@4b32ace3
calculated fs for 0: [J@4b32ace3
calculated fs for 0: [J@4b32ace3
calculated fs for 0: [J@4b32ace3
calculated fs for 0: [J@4b32ace3
calculated fs for 0: [J@4b32ace3
calculated fs for 0: [J@4b32ace3
calculated fs for 0: [J@4b32ace3
calculated fs for 0: [J@4b32ace3
calculated fs for 0: [J@4b32ace3
calculated fs for 0: [J@4b32ace3
calculated fs for 0: [J@4b32ace3
calculated fs for 0: [J@4b32ace3
calculated fs for 0: [J@4b32ace3
calculated fs for 0: [J@4b32ace3
calculated fs for 0: [J@4b32ace3
calculated fs for 0: [J@4b32ace3
calculated fs for 0: [J@4b32ace3
calculated fs for 0: [J@4b32ace3
calculated fs for 0: [J@4b32ace3
calculated fs for 0: [J@4b32ace3
calculated fs for 0: [J@4b32ace3
calculated fs for 0: [J@4b32ace3
calculated fs for 0: [J@4b32ace3
calculated fs for 0: [J@4b32ace3
calculated fs for 0: [J@4b32ace3
calculated fs for 0: [J@4b32ace3
calculated fs for 0: [J@4b32ace3
calculated fs for 0: [J@4b32ace3
calculated fs for 0: [J@4b32ace3
calculated fs for 0: [J@4b32ace3
calculated fs for 0: [J@4b32ace3
calculated fs for 0: [J@4b32ace3
calculated fs for 0: [J@4b32ace3
calculated fs for 0: [J@4b32ace3
calculated fs for 0: [J@4b32ace3
calculated fs for 0: [J@4b32ace3
calculated fs for 0: [J@4b32ace3
calculated fs for 0: [J@4b32ace3
calculated fs for 0: [J@4b32ace3
calculated fs for 0: [J@4b32ace3
calculated fs for 0: [J@4b32ace3
calculated fs for 0: [J@4b32ace3
calculated fs for 0: [J@4b32ace3
calculated fs for 0: [J@4b32ace3
calculated fs for 0: [J@4b32ace3
calculated fs for 0: [J@4b32ace3
calculated fs for 0: [J@4b32ace3
calculated fs for 0: [J@4b32ace3
calculated fs for 0: [J@4b32ace3
calculated fs for 0: [J@4b32ace3
calculated fs for 0: [J@4b32ace3
calculated fs for 0: [J@4b32ace3
calculated fs for 0: [J@4b32ace3
calculated fs for 0: [J@4b32ace3
calculated fs for 0: [J@4b32ace3
calculated fs for 0: [J@4b32ace3
calculated fs for 0: [J@4b32ace3
calculated fs for 0: [J@4b32ace3
calculated fs for 0: [J@4b32ace3
calculated fs for 0: [J@4b32ace3
calculated fs for 0: [J@4b32ace3
calculated fs for 0: [J@4b32ace3
calculated fs for 0: [J@4b32ace3
calculated fs for 0: [J@4b32ace3
calculated fs for 0: [J@4b32ace3
calculated fs for 0: [J@4b32ace3
calculated fs for 0: [J@4b32ace3
calculated fs for 0: [J@4b32ace3
calculated fs for 0: [J@4b32ace3
calculated fs for 0: [J@4b32ace3
calculated fs for 0: [J@4b32ace3
calculated fs for 0: [J@4b32ace3
calculated fs for 0: [J@4b32ace3
calculated fs for 0: [J@4b32ace3
calculated fs for 0: [J@4b32ace3
calculated fs for 0: [J@4b32ace3
calculated fs for 0: [J@4b32ace3
calculated fs for 0: [J@4b32ace3
calculated fs for 0: [J@4b32ace3
calculated fs for 0: [J@4b32ace3
calculated fs for 0: [J@4b32ace3
calculated fs for 0: [J@4b32ace3
calculated fs for 0: [J@4b32ace3
calculated fs for 0: [J@4b32ace3
calculated fs for 0: [J@4b32ace3
calculated fs for 0: [J@4b32ace3
calculated fs for 0: [J@4b32ace3
calculated fs for 0: [J@4b32ace3
calculated fs for 0: [J@4b32ace3
calculated fs for 0: [J@4b32ace3
calculated fs for 0: [J@4b32ace3
calculated fs for 0: [J@4b32ace3
calculated fs for 0: [J@4b32ace3
calculated fs for 0: [J@4b32ace3
calculated fs for 0: [J@4b32ace3
calculated fs for 0: [J@4b32ace3
calculated fs for 0: [J@4b32ace3
calculated fs for 0: [J@4b32ace3
calculated fs for 0: [J@4b32ace3
calculated fs for 0: [J@4b32ace3
calculated fs for 0: [J@4b32ace3
calculated fs for 0: [J@4b32ace3
calculated fs for 0: [J@4b32ace3
calculated fs for 0: [J@4b32ace3
calculated fs for 0: [J@4b32ace3
calculated fs for 0: [J@4b32ace3
calculated fs for 0: [J@4b32ace3
calculated fs for 0: [J@4b32ace3
calculated fs for 0: [J@4b32ace3
calculated fs for 0: [J@4b32ace3
calculated fs for 0: [J@4b32ace3
calculated fs for 0: [J@4b32ace3
calculated fs for 0: [J@4b32ace3
calculated fs for 0: [J@4b32ace3
calculated fs for 0: [J@4b32ace3
calculated fs for 0: [J@4b32ace3
calculated fs for 0: [J@4b32ace3
calculated fs for 0: [J@4b32ace3
calculated fs for 0: [J@4b32ace3
calculated fs for 1: [J@6bf491a6
calculated fs for 1: [J@6bf491a6
calculated fs for 1: [J@6bf491a6
calculated fs for 1: [J@6bf491a6
calculated fs for 1: [J@6bf491a6
calculated fs for 1: [J@6bf491a6
calculated fs for 1: [J@6bf491a6
calculated fs for 1: [J@6bf491a6
calculated fs for 1: [J@6bf491a6
calculated fs for 1: [J@6bf491a6
calculated fs for 1: [J@6bf491a6
calculated fs for 1: [J@6bf491a6
calculated fs for 1: [J@6bf491a6
calculated fs for 1: [J@6bf491a6
calculated fs for 1: [J@6bf491a6
calculated fs for 1: [J@6bf491a6
calculated fs for 1: [J@6bf491a6
calculated fs for 1: [J@6bf491a6
calculated fs for 1: [J@6bf491a6
calculated fs for 1: [J@6bf491a6
calculated fs for 1: [J@6bf491a6
calculated fs for 1: [J@6bf491a6
calculated fs for 1: [J@6bf491a6
calculated fs for 1: [J@6bf491a6
calculated fs for 1: [J@6bf491a6
calculated fs for 1: [J@6bf491a6
calculated fs for 1: [J@6bf491a6
calculated fs for 1: [J@6bf491a6
calculated fs for 1: [J@6bf491a6
calculated fs for 1: [J@6bf491a6
calculated fs for 1: [J@6bf491a6
calculated fs for 1: [J@6bf491a6
calculated fs for 1: [J@6bf491a6
calculated fs for 1: [J@6bf491a6
calculated fs for 1: [J@6bf491a6
calculated fs for 1: [J@6bf491a6
calculated fs for 1: [J@6bf491a6
calculated fs for 1: [J@6bf491a6
calculated fs for 1: [J@6bf491a6
calculated fs for 1: [J@6bf491a6
calculated fs for 1: [J@6bf491a6
calculated fs for 1: [J@6bf491a6
calculated fs for 1: [J@6bf491a6
calculated fs for 1: [J@6bf491a6
calculated fs for 1: [J@6bf491a6
calculated fs for 1: [J@6bf491a6
calculated fs for 1: [J@6bf491a6
calculated fs for 1: [J@6bf491a6
calculated fs for 1: [J@6bf491a6
calculated fs for 1: [J@6bf491a6
calculated fs for 1: [J@6bf491a6
calculated fs for 1: [J@6bf491a6
calculated fs for 1: [J@6bf491a6
calculated fs for 1: [J@6bf491a6
calculated fs for 1: [J@6bf491a6
calculated fs for 1: [J@6bf491a6
calculated fs for 1: [J@6bf491a6
calculated fs for 1: [J@6bf491a6
calculated fs for 1: [J@6bf491a6
calculated fs for 1: [J@6bf491a6
calculated fs for 1: [J@6bf491a6
calculated fs for 1: [J@6bf491a6
calculated fs for 1: [J@6bf491a6
calculated fs for 1: [J@6bf491a6
calculated fs for 1: [J@6bf491a6
calculated fs for 1: [J@6bf491a6
calculated fs for 1: [J@6bf491a6
calculated fs for 1: [J@6bf491a6
calculated fs for 1: [J@6bf491a6
calculated fs for 1: [J@6bf491a6
calculated fs for 1: [J@6bf491a6
calculated fs for 1: [J@6bf491a6
calculated fs for 1: [J@6bf491a6
calculated fs for 1: [J@6bf491a6
calculated fs for 1: [J@6bf491a6
calculated fs for 1: [J@6bf491a6
calculated fs for 1: [J@6bf491a6
calculated fs for 1: [J@6bf491a6
calculated fs for 1: [J@6bf491a6
calculated fs for 1: [J@6bf491a6
calculated fs for 1: [J@6bf491a6
calculated fs for 1: [J@6bf491a6
calculated fs for 1: [J@6bf491a6
calculated fs for 1: [J@6bf491a6
calculated fs for 1: [J@6bf491a6
calculated fs for 1: [J@6bf491a6
calculated fs for 1: [J@6bf491a6
calculated fs for 1: [J@6bf491a6
calculated fs for 1: [J@6bf491a6
calculated fs for 1: [J@6bf491a6
calculated fs for 1: [J@6bf491a6
calculated fs for 1: [J@6bf491a6
calculated fs for 1: [J@6bf491a6
calculated fs for 1: [J@6bf491a6
calculated fs for 1: [J@6bf491a6
calculated fs for 1: [J@6bf491a6
calculated fs for 1: [J@6bf491a6
calculated fs for 1: [J@6bf491a6
calculated fs for 1: [J@6bf491a6
calculated fs for 1: [J@6bf491a6
calculated fs for 1: [J@6bf491a6
calculated fs for 1: [J@6bf491a6
calculated fs for 1: [J@6bf491a6
calculated fs for 1: [J@6bf491a6
calculated fs for 1: [J@6bf491a6
calculated fs for 1: [J@6bf491a6
calculated fs for 1: [J@6bf491a6
calculated fs for 1: [J@6bf491a6
calculated fs for 1: [J@6bf491a6
calculated fs for 1: [J@6bf491a6
calculated fs for 1: [J@6bf491a6
calculated fs for 1: [J@6bf491a6
calculated fs for 1: [J@6bf491a6
calculated fs for 1: [J@6bf491a6
calculated fs for 1: [J@6bf491a6
calculated fs for 1: [J@6bf491a6
calculated fs for 1: [J@6bf491a6
calculated fs for 1: [J@6bf491a6
calculated fs for 1: [J@6bf491a6
calculated fs for 1: [J@6bf491a6
calculated fs for 1: [J@6bf491a6
calculated fs for 1: [J@6bf491a6
calculated fs for 1: [J@6bf491a6
calculated fs for 1: [J@6bf491a6
calculated fs for 1: [J@6bf491a6
calculated fs for 1: [J@6bf491a6
calculated fs for 1: [J@6bf491a6
calculated fs for 1: [J@6bf491a6
calculated fs for 1: [J@6bf491a6
calculated fs for 1: [J@6bf491a6
calculated fs for 1: [J@6bf491a6
calculated fs for 1: [J@6bf491a6
calculated fs for 1: [J@6bf491a6
calculated fs for 1: [J@6bf491a6
calculated fs for 1: [J@6bf491a6
calculated fs for 1: [J@6bf491a6
calculated fs for 1: [J@6bf491a6
calculated fs for 1: [J@6bf491a6
calculated fs for 1: [J@6bf491a6
calculated fs for 1: [J@6bf491a6
calculated fs for 1: [J@6bf491a6
calculated fs for 1: [J@6bf491a6
calculated fs for 1: [J@6bf491a6
calculated fs for 1: [J@6bf491a6
calculated fs for 1: [J@6bf491a6
calculated fs for 1: [J@6bf491a6
calculated fs for 1: [J@6bf491a6
calculated fs for 1: [J@6bf491a6
calculated fs for 1: [J@6bf491a6
calculated fs for 1: [J@6bf491a6
calculated fs for 1: [J@6bf491a6
calculated fs for 1: [J@6bf491a6
calculated fs for 1: [J@6bf491a6
calculated fs for 1: [J@6bf491a6
calculated fs for 1: [J@6bf491a6
calculated fs for 1: [J@6bf491a6
calculated fs for 1: [J@6bf491a6
calculated fs for 1: [J@6bf491a6
calculated fs for 1: [J@6bf491a6
calculated fs for 1: [J@6bf491a6
calculated fs for 1: [J@6bf491a6
calculated fs for 1: [J@6bf491a6
calculated fs for 1: [J@6bf491a6
calculated fs for 1: [J@6bf491a6
calculated fs for 1: [J@6bf491a6
calculated fs for 1: [J@6bf491a6
calculated fs for 1: [J@6bf491a6
calculated fs for 1: [J@6bf491a6
calculated fs for 1: [J@6bf491a6
calculated fs for 1: [J@6bf491a6
calculated fs for 1: [J@6bf491a6
calculated fs for 1: [J@6bf491a6
calculated fs for 1: [J@6bf491a6
calculated fs for 1: [J@6bf491a6
calculated fs for 1: [J@6bf491a6
calculated fs for 1: [J@6bf491a6
calculated fs for 1: [J@6bf491a6
calculated fs for 1: [J@6bf491a6
calculated fs for 1: [J@6bf491a6
calculated fs for 1: [J@6bf491a6
calculated fs for 1: [J@6bf491a6
calculated fs for 1: [J@6bf491a6
calculated fs for 1: [J@6bf491a6
calculated fs for 1: [J@6bf491a6
calculated fs for 1: [J@6bf491a6
calculated fs for 1: [J@6bf491a6
calculated fs for 1: [J@6bf491a6
calculated fs for 1: [J@6bf491a6
calculated fs for 1: [J@6bf491a6
calculated fs for 1: [J@6bf491a6
calculated fs for 1: [J@6bf491a6
calculated fs for 1: [J@6bf491a6
calculated fs for 1: [J@6bf491a6
calculated fs for 1: [J@6bf491a6
calculated fs for 1: [J@6bf491a6
calculated fs for 1: [J@6bf491a6
calculated fs for 1: [J@6bf491a6
calculated fs for 1: [J@6bf491a6
calculated fs for 1: [J@6bf491a6
calculated fs for 1: [J@6bf491a6
calculated fs for 1: [J@6bf491a6
calculated fs for 1: [J@6bf491a6
calculated fs for 1: [J@6bf491a6
calculated fs for 1: [J@6bf491a6
calculated fs for 1: [J@6bf491a6
calculated fs for 1: [J@6bf491a6
calculated fs for 1: [J@6bf491a6
calculated fs for 1: [J@6bf491a6
calculated fs for 1: [J@6bf491a6
calculated fs for 1: [J@6bf491a6
calculated fs for 1: [J@6bf491a6
calculated fs for 1: [J@6bf491a6
calculated fs for 1: [J@6bf491a6
calculated fs for 1: [J@6bf491a6
calculated fs for 1: [J@6bf491a6
calculated fs for 1: [J@6bf491a6
calculated fs for 1: [J@6bf491a6
calculated fs for 1: [J@6bf491a6
calculated fs for 1: [J@6bf491a6
calculated fs for 1: [J@6bf491a6
calculated fs for 1: [J@6bf491a6
calculated fs for 1: [J@6bf491a6
calculated fs for 1: [J@6bf491a6
calculated fs for 1: [J@6bf491a6
calculated fs for 1: [J@6bf491a6
calculated fs for 1: [J@6bf491a6
calculated fs for 1: [J@6bf491a6
calculated fs for 1: [J@6bf491a6
calculated fs for 1: [J@6bf491a6
calculated fs for 1: [J@6bf491a6
calculated fs for 1: [J@6bf491a6
calculated fs for 1: [J@6bf491a6
calculated fs for 1: [J@6bf491a6
calculated fs for 1: [J@6bf491a6
calculated fs for 1: [J@6bf491a6
calculated fs for 1: [J@6bf491a6
calculated fs for 1: [J@6bf491a6
calculated fs for 1: [J@6bf491a6
calculated fs for 1: [J@6bf491a6
calculated fs for 1: [J@6bf491a6
calculated fs for 1: [J@6bf491a6
calculated fs for 1: [J@6bf491a6
calculated fs for 1: [J@6bf491a6
calculated fs for 1: [J@6bf491a6
calculated fs for 1: [J@6bf491a6
calculated fs for 1: [J@6bf491a6
calculated fs for 1: [J@6bf491a6
calculated fs for 1: [J@6bf491a6
calculated fs for 1: [J@6bf491a6
calculated fs for 1: [J@6bf491a6
calculated fs for 1: [J@6bf491a6
calculated fs for 1: [J@6bf491a6
calculated fs for 1: [J@6bf491a6
calculated fs for 1: [J@6bf491a6
calculated fs for 1: [J@6bf491a6
calculated fs for 1: [J@6bf491a6
calculated fs for 1: [J@6bf491a6
calculated fs for 1: [J@6bf491a6
calculated fs for 1: [J@6bf491a6
calculated fs for 1: [J@6bf491a6
calculated fs for 1: [J@6bf491a6
calculated fs for 1: [J@6bf491a6
calculated fs for 1: [J@6bf491a6
calculated fs for 1: [J@6bf491a6
calculated fs for 1: [J@6bf491a6
calculated fs for 1: [J@6bf491a6
calculated fs for 1: [J@6bf491a6
calculated fs for 1: [J@6bf491a6
calculated fs for 1: [J@6bf491a6
calculated fs for 1: [J@6bf491a6
calculated fs for 1: [J@6bf491a6
calculated fs for 1: [J@6bf491a6
calculated fs for 1: [J@6bf491a6
calculated fs for 1: [J@6bf491a6
calculated fs for 1: [J@6bf491a6
calculated fs for 1: [J@6bf491a6
calculated fs for 1: [J@6bf491a6
calculated fs for 1: [J@6bf491a6
calculated fs for 1: [J@6bf491a6
calculated fs for 1: [J@6bf491a6
calculated fs for 1: [J@6bf491a6
calculated fs for 1: [J@6bf491a6
calculated fs for 1: [J@6bf491a6
calculated fs for 1: [J@6bf491a6
calculated fs for 1: [J@6bf491a6
calculated fs for 1: [J@6bf491a6
calculated fs for 1: [J@6bf491a6
calculated fs for 1: [J@6bf491a6
calculated fs for 1: [J@6bf491a6
calculated fs for 1: [J@6bf491a6
calculated fs for 1: [J@6bf491a6
calculated fs for 1: [J@6bf491a6
calculated fs for 1: [J@6bf491a6
calculated fs for 1: [J@6bf491a6
calculated fs for 1: [J@6bf491a6
calculated fs for 1: [J@6bf491a6
calculated fs for 1: [J@6bf491a6
calculated fs for 1: [J@6bf491a6
calculated fs for 1: [J@6bf491a6
calculated fs for 1: [J@6bf491a6
calculated fs for 1: [J@6bf491a6
calculated fs for 1: [J@6bf491a6
calculated fs for 1: [J@6bf491a6
calculated fs for 1: [J@6bf491a6
calculated fs for 1: [J@6bf491a6
calculated fs for 1: [J@6bf491a6
calculated fs for 1: [J@6bf491a6
calculated fs for 1: [J@6bf491a6
calculated fs for 1: [J@6bf491a6
calculated fs for 1: [J@6bf491a6
calculated fs for 1: [J@6bf491a6
calculated fs for 1: [J@6bf491a6
calculated fs for 1: [J@6bf491a6
calculated fs for 1: [J@6bf491a6
calculated fs for 1: [J@6bf491a6
calculated fs for 1: [J@6bf491a6
calculated fs for 1: [J@6bf491a6
calculated fs for 1: [J@6bf491a6
calculated fs for 1: [J@6bf491a6
calculated fs for 1: [J@6bf491a6
calculated fs for 1: [J@6bf491a6
calculated fs for 1: [J@6bf491a6
calculated fs for 1: [J@6bf491a6
calculated fs for 1: [J@6bf491a6
calculated fs for 1: [J@6bf491a6
calculated fs for 1: [J@6bf491a6
calculated fs for 1: [J@6bf491a6
calculated fs for 1: [J@6bf491a6
calculated fs for 1: [J@6bf491a6
calculated fs for 1: [J@6bf491a6
calculated fs for 1: [J@6bf491a6
calculated fs for 1: [J@6bf491a6
calculated fs for 1: [J@6bf491a6
calculated fs for 1: [J@6bf491a6
calculated fs for 1: [J@6bf491a6
calculated fs for 1: [J@6bf491a6
calculated fs for 1: [J@6bf491a6
calculated fs for 1: [J@6bf491a6
calculated fs for 1: [J@6bf491a6
calculated fs for 1: [J@6bf491a6
calculated fs for 2: [J@58660a9
calculated fs for 2: [J@58660a9
calculated fs for 2: [J@58660a9
calculated fs for 2: [J@58660a9
calculated fs for 2: [J@58660a9
calculated fs for 2: [J@58660a9
calculated fs for 2: [J@58660a9
calculated fs for 2: [J@58660a9
calculated fs for 2: [J@58660a9
calculated fs for 2: [J@58660a9
calculated fs for 2: [J@58660a9
calculated fs for 2: [J@58660a9
calculated fs for 2: [J@58660a9
calculated fs for 2: [J@58660a9
calculated fs for 2: [J@58660a9
calculated fs for 2: [J@58660a9
calculated fs for 2: [J@58660a9
calculated fs for 2: [J@58660a9
calculated fs for 2: [J@58660a9
calculated fs for 2: [J@58660a9
calculated fs for 2: [J@58660a9
calculated fs for 2: [J@58660a9
calculated fs for 2: [J@58660a9
calculated fs for 2: [J@58660a9
calculated fs for 2: [J@58660a9
calculated fs for 2: [J@58660a9
calculated fs for 2: [J@58660a9
calculated fs for 2: [J@58660a9
calculated fs for 2: [J@58660a9
calculated fs for 2: [J@58660a9
calculated fs for 2: [J@58660a9
calculated fs for 2: [J@58660a9
calculated fs for 2: [J@58660a9
calculated fs for 2: [J@58660a9
calculated fs for 2: [J@58660a9
calculated fs for 2: [J@58660a9
calculated fs for 2: [J@58660a9
calculated fs for 2: [J@58660a9
calculated fs for 2: [J@58660a9
calculated fs for 2: [J@58660a9
calculated fs for 2: [J@58660a9
calculated fs for 2: [J@58660a9
calculated fs for 2: [J@58660a9
calculated fs for 2: [J@58660a9
calculated fs for 2: [J@58660a9
calculated fs for 2: [J@58660a9
calculated fs for 2: [J@58660a9
calculated fs for 2: [J@58660a9
calculated fs for 2: [J@58660a9
calculated fs for 2: [J@58660a9
calculated fs for 2: [J@58660a9
calculated fs for 2: [J@58660a9
calculated fs for 2: [J@58660a9
calculated fs for 2: [J@58660a9
calculated fs for 2: [J@58660a9
calculated fs for 2: [J@58660a9
calculated fs for 2: [J@58660a9
calculated fs for 2: [J@58660a9
calculated fs for 2: [J@58660a9
calculated fs for 2: [J@58660a9
calculated fs for 2: [J@58660a9
calculated fs for 2: [J@58660a9
calculated fs for 2: [J@58660a9
calculated fs for 2: [J@58660a9
calculated fs for 2: [J@58660a9
calculated fs for 2: [J@58660a9
calculated fs for 2: [J@58660a9
calculated fs for 2: [J@58660a9
calculated fs for 2: [J@58660a9
calculated fs for 2: [J@58660a9
calculated fs for 2: [J@58660a9
calculated fs for 2: [J@58660a9
calculated fs for 2: [J@58660a9
calculated fs for 2: [J@58660a9
calculated fs for 2: [J@58660a9
calculated fs for 2: [J@58660a9
calculated fs for 2: [J@58660a9
calculated fs for 2: [J@58660a9
calculated fs for 2: [J@58660a9
calculated fs for 2: [J@58660a9
calculated fs for 2: [J@58660a9
calculated fs for 2: [J@58660a9
calculated fs for 2: [J@58660a9
calculated fs for 2: [J@58660a9
calculated fs for 2: [J@58660a9
calculated fs for 2: [J@58660a9
calculated fs for 2: [J@58660a9
calculated fs for 2: [J@58660a9
calculated fs for 2: [J@58660a9
calculated fs for 2: [J@58660a9
calculated fs for 2: [J@58660a9
calculated fs for 2: [J@58660a9
calculated fs for 2: [J@58660a9
calculated fs for 2: [J@58660a9
calculated fs for 2: [J@58660a9
calculated fs for 2: [J@58660a9
calculated fs for 2: [J@58660a9
calculated fs for 2: [J@58660a9
calculated fs for 2: [J@58660a9
calculated fs for 2: [J@58660a9
calculated fs for 2: [J@58660a9
calculated fs for 2: [J@58660a9
calculated fs for 2: [J@58660a9
calculated fs for 2: [J@58660a9
calculated fs for 2: [J@58660a9
calculated fs for 2: [J@58660a9
calculated fs for 2: [J@58660a9
calculated fs for 2: [J@58660a9
calculated fs for 2: [J@58660a9
calculated fs for 2: [J@58660a9
calculated fs for 2: [J@58660a9
calculated fs for 2: [J@58660a9
calculated fs for 2: [J@58660a9
calculated fs for 2: [J@58660a9
calculated fs for 2: [J@58660a9
calculated fs for 2: [J@58660a9
calculated fs for 2: [J@58660a9
calculated fs for 2: [J@58660a9
calculated fs for 2: [J@58660a9
calculated fs for 2: [J@58660a9
calculated fs for 2: [J@58660a9
calculated fs for 2: [J@58660a9
calculated fs for 2: [J@58660a9
calculated fs for 2: [J@58660a9
calculated fs for 2: [J@58660a9
calculated fs for 2: [J@58660a9
calculated fs for 2: [J@58660a9
calculated fs for 2: [J@58660a9
calculated fs for 2: [J@58660a9
calculated fs for 2: [J@58660a9
calculated fs for 2: [J@58660a9
calculated fs for 2: [J@58660a9
calculated fs for 2: [J@58660a9
calculated fs for 2: [J@58660a9
calculated fs for 2: [J@58660a9
calculated fs for 2: [J@58660a9
calculated fs for 2: [J@58660a9
calculated fs for 2: [J@58660a9
calculated fs for 2: [J@58660a9
calculated fs for 2: [J@58660a9
calculated fs for 2: [J@58660a9
calculated fs for 2: [J@58660a9
calculated fs for 2: [J@58660a9
calculated fs for 2: [J@58660a9
calculated fs for 2: [J@58660a9
calculated fs for 2: [J@58660a9
calculated fs for 2: [J@58660a9
calculated fs for 2: [J@58660a9
calculated fs for 2: [J@58660a9
calculated fs for 2: [J@58660a9
calculated fs for 2: [J@58660a9
calculated fs for 2: [J@58660a9
calculated fs for 2: [J@58660a9
calculated fs for 2: [J@58660a9
calculated fs for 2: [J@58660a9
calculated fs for 2: [J@58660a9
calculated fs for 2: [J@58660a9
calculated fs for 2: [J@58660a9
calculated fs for 2: [J@58660a9
calculated fs for 2: [J@58660a9
calculated fs for 2: [J@58660a9
calculated fs for 2: [J@58660a9
calculated fs for 2: [J@58660a9
calculated fs for 2: [J@58660a9
calculated fs for 2: [J@58660a9
calculated fs for 2: [J@58660a9
calculated fs for 2: [J@58660a9
calculated fs for 2: [J@58660a9
calculated fs for 2: [J@58660a9
calculated fs for 2: [J@58660a9
calculated fs for 2: [J@58660a9
calculated fs for 2: [J@58660a9
calculated fs for 2: [J@58660a9
calculated fs for 2: [J@58660a9
calculated fs for 2: [J@58660a9
calculated fs for 2: [J@58660a9
calculated fs for 2: [J@58660a9
calculated fs for 2: [J@58660a9
calculated fs for 2: [J@58660a9
calculated fs for 2: [J@58660a9
calculated fs for 2: [J@58660a9
calculated fs for 2: [J@58660a9
calculated fs for 2: [J@58660a9
calculated fs for 2: [J@58660a9
calculated fs for 2: [J@58660a9
calculated fs for 2: [J@58660a9
calculated fs for 2: [J@58660a9
calculated fs for 2: [J@58660a9
calculated fs for 2: [J@58660a9
calculated fs for 2: [J@58660a9
calculated fs for 2: [J@58660a9
calculated fs for 2: [J@58660a9
calculated fs for 2: [J@58660a9
calculated fs for 2: [J@58660a9
calculated fs for 2: [J@58660a9
calculated fs for 2: [J@58660a9
calculated fs for 2: [J@58660a9
calculated fs for 2: [J@58660a9
calculated fs for 2: [J@58660a9
calculated fs for 2: [J@58660a9
calculated fs for 2: [J@58660a9
calculated fs for 2: [J@58660a9
calculated fs for 2: [J@58660a9
calculated fs for 2: [J@58660a9
calculated fs for 2: [J@58660a9
calculated fs for 2: [J@58660a9
calculated fs for 2: [J@58660a9
calculated fs for 2: [J@58660a9
calculated fs for 2: [J@58660a9
calculated fs for 2: [J@58660a9
calculated fs for 2: [J@58660a9
calculated fs for 2: [J@58660a9
calculated fs for 2: [J@58660a9
calculated fs for 2: [J@58660a9
calculated fs for 2: [J@58660a9
calculated fs for 2: [J@58660a9
calculated fs for 2: [J@58660a9
calculated fs for 2: [J@58660a9
calculated fs for 2: [J@58660a9
calculated fs for 2: [J@58660a9
calculated fs for 2: [J@58660a9
calculated fs for 2: [J@58660a9
calculated fs for 2: [J@58660a9
calculated fs for 2: [J@58660a9
calculated fs for 2: [J@58660a9
calculated fs for 2: [J@58660a9
calculated fs for 2: [J@58660a9
calculated fs for 2: [J@58660a9
calculated fs for 2: [J@58660a9
calculated fs for 2: [J@58660a9
calculated fs for 2: [J@58660a9
calculated fs for 2: [J@58660a9
calculated fs for 2: [J@58660a9
calculated fs for 2: [J@58660a9
calculated fs for 2: [J@58660a9
calculated fs for 2: [J@58660a9
calculated fs for 2: [J@58660a9
calculated fs for 2: [J@58660a9
calculated fs for 2: [J@58660a9
calculated fs for 2: [J@58660a9
calculated fs for 2: [J@58660a9
calculated fs for 2: [J@58660a9
calculated fs for 2: [J@58660a9
calculated fs for 2: [J@58660a9
calculated fs for 2: [J@58660a9
calculated fs for 2: [J@58660a9
calculated fs for 2: [J@58660a9
calculated fs for 2: [J@58660a9
calculated fs for 2: [J@58660a9
calculated fs for 2: [J@58660a9
calculated fs for 2: [J@58660a9
calculated fs for 2: [J@58660a9
calculated fs for 2: [J@58660a9
calculated fs for 2: [J@58660a9
calculated fs for 2: [J@58660a9
calculated fs for 2: [J@58660a9
calculated fs for 2: [J@58660a9
calculated fs for 2: [J@58660a9
calculated fs for 2: [J@58660a9
calculated fs for 2: [J@58660a9
calculated fs for 2: [J@58660a9
calculated fs for 2: [J@58660a9
calculated fs for 2: [J@58660a9
calculated fs for 2: [J@58660a9
calculated fs for 2: [J@58660a9
calculated fs for 2: [J@58660a9
calculated fs for 2: [J@58660a9
calculated fs for 2: [J@58660a9
calculated fs for 2: [J@58660a9
calculated fs for 2: [J@58660a9
calculated fs for 2: [J@58660a9
calculated fs for 2: [J@58660a9
calculated fs for 2: [J@58660a9
calculated fs for 2: [J@58660a9
calculated fs for 2: [J@58660a9
calculated fs for 2: [J@58660a9
calculated fs for 2: [J@58660a9
calculated fs for 2: [J@58660a9
calculated fs for 2: [J@58660a9
calculated fs for 2: [J@58660a9
calculated fs for 2: [J@58660a9
calculated fs for 2: [J@58660a9
calculated fs for 2: [J@58660a9
calculated fs for 2: [J@58660a9
calculated fs for 2: [J@58660a9
calculated fs for 2: [J@58660a9
calculated fs for 2: [J@58660a9
calculated fs for 2: [J@58660a9
calculated fs for 2: [J@58660a9
calculated fs for 2: [J@58660a9
calculated fs for 2: [J@58660a9
calculated fs for 2: [J@58660a9
calculated fs for 2: [J@58660a9
calculated fs for 2: [J@58660a9
calculated fs for 2: [J@58660a9
calculated fs for 2: [J@58660a9
calculated fs for 2: [J@58660a9
calculated fs for 2: [J@58660a9
calculated fs for 2: [J@58660a9
calculated fs for 2: [J@58660a9
calculated fs for 2: [J@58660a9
calculated fs for 2: [J@58660a9
calculated fs for 2: [J@58660a9
calculated fs for 2: [J@58660a9
calculated fs for 2: [J@58660a9
calculated fs for 2: [J@58660a9
calculated fs for 2: [J@58660a9
calculated fs for 2: [J@58660a9
calculated fs for 2: [J@58660a9
calculated fs for 2: [J@58660a9
calculated fs for 2: [J@58660a9
calculated fs for 2: [J@58660a9
calculated fs for 2: [J@58660a9
calculated fs for 2: [J@58660a9
calculated fs for 2: [J@58660a9
calculated fs for 2: [J@58660a9
calculated fs for 2: [J@58660a9
calculated fs for 2: [J@58660a9
calculated fs for 2: [J@58660a9
calculated fs for 2: [J@58660a9
calculated fs for 2: [J@58660a9
calculated fs for 2: [J@58660a9
calculated fs for 2: [J@58660a9
calculated fs for 2: [J@58660a9
calculated fs for 2: [J@58660a9
calculated fs for 2: [J@58660a9
calculated fs for 2: [J@58660a9
calculated fs for 2: [J@58660a9
calculated fs for 2: [J@58660a9
calculated fs for 2: [J@58660a9
calculated fs for 2: [J@58660a9
calculated fs for 2: [J@58660a9
calculated fs for 2: [J@58660a9
calculated fs for 2: [J@58660a9
calculated fs for 2: [J@58660a9
calculated fs for 2: [J@58660a9
calculated fs for 2: [J@58660a9
calculated fs for 2: [J@58660a9
calculated fs for 2: [J@58660a9
calculated fs for 2: [J@58660a9
calculated nfs for 0: [J@3933fa14
calculated nfs for 0: [J@3933fa14
calculated nfs for 1: [J@3675463
calculated nfs for 1: [J@3675463
calculated nfs for 2: [J@74d53153
calculated nfs for 2: [J@74d53153
calculated iMatrix for 8, 0, 0, 0: -0.1725905404239187
calculated iMatrix for 8, 0, 0, 1: 0.3549952521995371
calculated iMatrix for 8, 0, 0, 2: -0.2625795008177753
calculated iMatrix for 8, 0, 0, 3: -0.005022266092546301
calculated iMatrix for 8, 0, 0, 4: 0.21484386772882386
calculated iMatrix for 8, 0, 0, 5: -0.10584000895931894
calculated iMatrix for 8, 0, 0, 6: 0.14735588742129258
calculated iMatrix for 8, 0, 0, 7: 0.10947399057203416
calculated iMatrix for 8, 0, 0, 8: -0.22516506496751781
calculated iMatrix for 8, 0, 0, 9: 0.11960597446839027
calculated iMatrix for 8, 0, 0, 10: -0.016331058866205728
calculated iMatrix for 8, 0, 0, 11: 0.08762292861533949
calculated iMatrix for 8, 0, 0, 12: 0.09328866615101689
calculated iMatrix for 8, 0, 0, 13: -0.04981217748965644
calculated iMatrix for 8, 0, 0, 14: -0.009895570084213878
calculated iMatrix for 8, 0, 0, 15: -0.039950627742058376
calculated iMatrix for 8, 0, 0, 16: -0.0865044442895791
calculated iMatrix for 8, 0, 0, 17: 0.1685717265715653
calculated iMatrix for 8, 0, 0, 18: 0.04961360264835529
calculated iMatrix for 8, 0, 0, 19: 0.23039788012342347
calculated iMatrix for 8, 0, 1, 0: -0.17864504933262498
calculated iMatrix for 8, 0, 1, 1: 0.07348603885483723
calculated iMatrix for 8, 0, 1, 2: -0.33815192836040825
calculated iMatrix for 8, 0, 1, 3: -0.3398279732876575
calculated iMatrix for 8, 0, 1, 4: 0.2743610035445395
calculated iMatrix for 8, 0, 1, 5: 0.11009578446739804
calculated iMatrix for 8, 0, 1, 6: 0.35744024119260365
calculated iMatrix for 8, 0, 1, 7: 0.23726401793662277
calculated iMatrix for 8, 0, 1, 8: -0.10520574988853876
calculated iMatrix for 8, 0, 1, 9: 0.2596098815985303
calculated iMatrix for 8, 0, 1, 10: 0.08673126560485783
calculated iMatrix for 8, 0, 1, 11: 0.06153996783643656
calculated iMatrix for 8, 0, 1, 12: 0.21214986902774569
calculated iMatrix for 8, 0, 1, 13: -0.13933362911773667
calculated iMatrix for 8, 0, 1, 14: -0.085403122592359
calculated iMatrix for 8, 0, 1, 15: -0.021486848441411355
calculated iMatrix for 8, 0, 1, 16: -0.25253817563741626
calculated iMatrix for 8, 0, 1, 17: 0.06821502859890088
calculated iMatrix for 8, 0, 1, 18: -0.09860234165908843
calculated iMatrix for 8, 0, 1, 19: 0.4291728404206755
calculated iMatrix for 8, 0, 2, 0: 0.06874755723489923
calculated iMatrix for 8, 0, 2, 1: 0.2885974184717826
calculated iMatrix for 8, 0, 2, 2: -0.3121764419571475
calculated iMatrix for 8, 0, 2, 3: -0.021641300522960094
calculated iMatrix for 8, 0, 2, 4: -0.09376849538877197
calculated iMatrix for 8, 0, 2, 5: -0.1313575150477279
calculated iMatrix for 8, 0, 2, 6: 0.28333226903888176
calculated iMatrix for 8, 0, 2, 7: 0.28489690851317556
calculated iMatrix for 8, 0, 2, 8: 0.08031350728788339
calculated iMatrix for 8, 0, 2, 9: 0.0034945403968662525
calculated iMatrix for 8, 0, 2, 10: -0.17455506408109983
calculated iMatrix for 8, 0, 2, 11: 0.1194910385450409
calculated iMatrix for 8, 0, 2, 12: 0.05819734633974677
calculated iMatrix for 8, 0, 2, 13: 0.029572851764909203
calculated iMatrix for 8, 0, 2, 14: -0.10808108561363228
calculated iMatrix for 8, 0, 2, 15: -0.16441556022866027
calculated iMatrix for 8, 0, 2, 16: -0.0801552166109204
calculated iMatrix for 8, 0, 2, 17: 0.2102100042099192
calculated iMatrix for 8, 0, 2, 18: -0.051893343693480976
calculated iMatrix for 8, 0, 2, 19: -0.13598987373070887
calculated iMatrix for 8, 0, 3, 0: -0.1630805327915132
calculated iMatrix for 8, 0, 3, 1: 0.24743934597827516
calculated iMatrix for 8, 0, 3, 2: -0.058819112046441246
calculated iMatrix for 8, 0, 3, 3: -0.021431579974820814
calculated iMatrix for 8, 0, 3, 4: 0.09328866615101689
calculated iMatrix for 8, 0, 3, 5: 0.0771158069054158
calculated iMatrix for 8, 0, 3, 6: 0.4000189335734922
calculated iMatrix for 8, 0, 3, 7: 0.06092338164898514
calculated iMatrix for 8, 0, 3, 8: 0.052466671630761685
calculated iMatrix for 8, 0, 3, 9: -0.29713856459260707
calculated iMatrix for 8, 0, 3, 10: 0.16739663830473875
calculated iMatrix for 8, 0, 3, 11: -0.012071849506809396
calculated iMatrix for 8, 0, 3, 12: 0.06133706634441444
calculated iMatrix for 8, 0, 3, 13: -0.03012818722362265
calculated iMatrix for 8, 0, 3, 14: 0.25580759564879174
calculated iMatrix for 8, 0, 3, 15: 0.17388462418444667
calculated iMatrix for 8, 0, 3, 16: -0.36413618088785865
calculated iMatrix for 8, 0, 3, 17: -0.01149028508215999
calculated iMatrix for 8, 0, 3, 18: 0.45242970258494286
calculated iMatrix for 8, 0, 3, 19: 0.06991531496570808
calculated iMatrix for 8, 0, 4, 0: -0.09500815383302474
calculated iMatrix for 8, 0, 4, 1: 0.552820995529457
calculated iMatrix for 8, 0, 4, 2: -0.18434307044726256
calculated iMatrix for 8, 0, 4, 3: -0.3935918334426561
calculated iMatrix for 8, 0, 4, 4: 0.1838026736918487
calculated iMatrix for 8, 0, 4, 5: 0.03220097417117873
calculated iMatrix for 8, 0, 4, 6: 0.1527120866218176
calculated iMatrix for 8, 0, 4, 7: 0.028149363980055464
calculated iMatrix for 8, 0, 4, 8: -0.12781198353339268
calculated iMatrix for 8, 0, 4, 9: 0.20508007213913362
calculated iMatrix for 8, 0, 4, 10: 0.052466671630761685
calculated iMatrix for 8, 0, 4, 11: 0.2219060439731104
calculated iMatrix for 8, 0, 4, 12: 0.17395656921847164
calculated iMatrix for 8, 0, 4, 13: -0.07526669487878979
calculated iMatrix for 8, 0, 4, 14: -0.09086943845023915
calculated iMatrix for 8, 0, 4, 15: 0.07081581029895817
calculated iMatrix for 8, 0, 4, 16: -0.23452550772708142
calculated iMatrix for 8, 0, 4, 17: 0.0474791301197226
calculated iMatrix for 8, 0, 4, 18: 0.15782718728858808
calculated iMatrix for 8, 0, 4, 19: 0.22682005877553943
calculated iMatrix for 8, 0, 5, 0: -0.33777198914611134
calculated iMatrix for 8, 0, 5, 1: 0.5632922953967524
calculated iMatrix for 8, 0, 5, 2: -0.07174725435591223
calculated iMatrix for 8, 0, 5, 3: -0.4066672853780699
calculated iMatrix for 8, 0, 5, 4: 0.1551640698691043
calculated iMatrix for 8, 0, 5, 5: -0.06797948144510535
calculated iMatrix for 8, 0, 5, 6: -0.014924918489215788
calculated iMatrix for 8, 0, 5, 7: 0.11390795335375253
calculated iMatrix for 8, 0, 5, 8: 0.2095484722668789
calculated iMatrix for 8, 0, 5, 9: 0.1707761616293912
calculated iMatrix for 8, 0, 5, 10: 0.15782718728858808
calculated iMatrix for 8, 0, 5, 11: 0.2735504899819609
calculated iMatrix for 8, 0, 5, 12: 0.5305024725737616
calculated iMatrix for 8, 0, 5, 13: -0.46059644707542086
calculated iMatrix for 8, 0, 5, 14: -0.15053509040073149
calculated iMatrix for 8, 0, 5, 15: 0.030313866989628346
calculated iMatrix for 8, 0, 5, 16: 0.012546902174982444
calculated iMatrix for 8, 0, 5, 17: -0.16501879762085986
calculated iMatrix for 8, 0, 5, 18: 0.41376056142578876
calculated iMatrix for 8, 0, 5, 19: 0.17162050942092386
calculated iMatrix for 8, 0, 6, 0: -0.2637240585712008
calculated iMatrix for 8, 0, 6, 1: 0.1504470799909654
calculated iMatrix for 8, 0, 6, 2: 0.6073876152619766
calculated iMatrix for 8, 0, 6, 3: -0.012729527925780193
calculated iMatrix for 8, 0, 6, 4: -0.48985761919459986
calculated iMatrix for 8, 0, 6, 5: 0.46241107054297226
calculated iMatrix for 8, 0, 6, 6: 0.22334179439921462
calculated iMatrix for 8, 0, 6, 7: -0.39409356442503424
calculated iMatrix for 8, 0, 6, 8: 0.256780358371414
calculated iMatrix for 8, 0, 6, 9: -0.4471716064946523
calculated iMatrix for 8, 0, 6, 10: -0.1928296843245813
calculated iMatrix for 8, 0, 6, 11: 0.2450151023667688
calculated iMatrix for 8, 0, 6, 12: 0.650099403158831
calculated iMatrix for 8, 0, 6, 13: -0.024494369505366653
calculated iMatrix for 8, 0, 6, 14: -0.12662386458174651
calculated iMatrix for 8, 0, 6, 15: 0.24161521769228642
calculated iMatrix for 8, 0, 6, 16: -0.03475086967255575
calculated iMatrix for 8, 0, 6, 17: -0.17604426763256759
calculated iMatrix for 8, 0, 6, 18: -0.26961682753835164
calculated iMatrix for 8, 0, 6, 19: -0.3121764419571475
calculated iMatrix for 8, 0, 7, 0: -0.3714530518866877
calculated iMatrix for 8, 0, 7, 1: 0.2378698949621245
calculated iMatrix for 8, 0, 7, 2: 0.4705828972924849
calculated iMatrix for 8, 0, 7, 3: -0.35493830129522924
calculated iMatrix for 8, 0, 7, 4: -0.12985488516319293
calculated iMatrix for 8, 0, 7, 5: 0.9890389099241672
calculated iMatrix for 8, 0, 7, 6: 0.030768309169682928
calculated iMatrix for 8, 0, 7, 7: -0.4969105451564861
calculated iMatrix for 8, 0, 7, 8: -0.2102115153004594
calculated iMatrix for 8, 0, 7, 9: -0.4573584518016454
calculated iMatrix for 8, 0, 7, 10: -0.4663271217844059
calculated iMatrix for 8, 0, 7, 11: 0.42398812368648864
calculated iMatrix for 8, 0, 7, 12: 1.1728527598484322
calculated iMatrix for 8, 0, 7, 13: -0.20879808750331236
calculated iMatrix for 8, 0, 7, 14: -0.3600324631347826
calculated iMatrix for 8, 0, 7, 15: 0.36357899589092857
calculated iMatrix for 8, 0, 7, 16: 0.11270675200811836
calculated iMatrix for 8, 0, 7, 17: -0.3945474393902751
calculated iMatrix for 8, 0, 7, 18: -0.8354245857216953
calculated iMatrix for 8, 0, 7, 19: -0.09776657061169242
calculated iMatrix for 8, 0, 8, 0: NaN
calculated iMatrix for 8, 0, 8, 1: NaN
calculated iMatrix for 8, 0, 8, 2: NaN
calculated iMatrix for 8, 0, 8, 3: NaN
calculated iMatrix for 8, 0, 8, 4: NaN
calculated iMatrix for 8, 0, 8, 5: NaN
calculated iMatrix for 8, 0, 8, 6: NaN
calculated iMatrix for 8, 0, 8, 7: NaN
calculated iMatrix for 8, 0, 8, 8: -1.9252366013561284E-4
calculated iMatrix for 8, 0, 8, 9: NaN
calculated iMatrix for 8, 0, 8, 10: NaN
calculated iMatrix for 8, 0, 8, 11: NaN
calculated iMatrix for 8, 0, 8, 12: NaN
calculated iMatrix for 8, 0, 8, 13: NaN
calculated iMatrix for 8, 0, 8, 14: NaN
calculated iMatrix for 8, 0, 8, 15: NaN
calculated iMatrix for 8, 0, 8, 16: NaN
calculated iMatrix for 8, 0, 8, 17: NaN
calculated iMatrix for 8, 0, 8, 18: NaN
calculated iMatrix for 8, 0, 8, 19: NaN
calculated iMatrix for 8, 0, 9, 0: -0.5186683596789152
calculated iMatrix for 8, 0, 9, 1: 0.1929185070998582
calculated iMatrix for 8, 0, 9, 2: 0.3296774442152472
calculated iMatrix for 8, 0, 9, 3: -0.4045497620881627
calculated iMatrix for 8, 0, 9, 4: -0.4663271217844059
calculated iMatrix for 8, 0, 9, 5: 1.0695202099141137
calculated iMatrix for 8, 0, 9, 6: -0.043912455362468183
calculated iMatrix for 8, 0, 9, 7: -0.4098149115210636
calculated iMatrix for 8, 0, 9, 8: -0.027492872501623133
calculated iMatrix for 8, 0, 9, 9: -0.45581914418599084
calculated iMatrix for 8, 0, 9, 10: -1.0659482443335275
calculated iMatrix for 8, 0, 9, 11: 0.2775923841489627
calculated iMatrix for 8, 0, 9, 12: 1.7467865683791477
calculated iMatrix for 8, 0, 9, 13: -0.12213283906928268
calculated iMatrix for 8, 0, 9, 14: -0.18249861864861489
calculated iMatrix for 8, 0, 9, 15: 0.3384111241840019
calculated iMatrix for 8, 0, 9, 16: 0.2706226814339324
calculated iMatrix for 8, 0, 9, 17: -0.3830024945257599
calculated iMatrix for 8, 0, 9, 18: -0.6076406548509834
calculated iMatrix for 8, 0, 9, 19: -0.11747082596347136
calculated iMatrix for 8, 0, 10, 0: -0.4719688856910739
calculated iMatrix for 8, 0, 10, 1: 0.32213023857986434
calculated iMatrix for 8, 0, 10, 2: 0.5056131838100744
calculated iMatrix for 8, 0, 10, 3: 0.047197558950749896
calculated iMatrix for 8, 0, 10, 4: -0.1418310762099086
calculated iMatrix for 8, 0, 10, 5: 0.22503593698203805
calculated iMatrix for 8, 0, 10, 6: 0.14834844333404432
calculated iMatrix for 8, 0, 10, 7: -0.2191999854990428
calculated iMatrix for 8, 0, 10, 8: 0.24120879622763905
calculated iMatrix for 8, 0, 10, 9: -0.7176415500653119
calculated iMatrix for 8, 0, 10, 10: -0.33052558062534404
calculated iMatrix for 8, 0, 10, 11: 0.03266404433458209
calculated iMatrix for 8, 0, 10, 12: 1.082416721977438
calculated iMatrix for 8, 0, 10, 13: -0.26454839296789284
calculated iMatrix for 8, 0, 10, 14: -0.14355372952135476
calculated iMatrix for 8, 0, 10, 15: 0.3387703841124214
calculated iMatrix for 8, 0, 10, 16: 0.26318770294641425
calculated iMatrix for 8, 0, 10, 17: -0.09093946891351934
calculated iMatrix for 8, 0, 10, 18: 0.05718366150890064
calculated iMatrix for 8, 0, 10, 19: -0.21686626215282262
calculated iMatrix for 8, 0, 11, 0: -0.3121764419571475
calculated iMatrix for 8, 0, 11, 1: -0.19710711217236027
calculated iMatrix for 8, 0, 11, 2: 0.28277871242358404
calculated iMatrix for 8, 0, 11, 3: -0.14288438545352683
calculated iMatrix for 8, 0, 11, 4: -0.23213373428361112
calculated iMatrix for 8, 0, 11, 5: -0.14056654075812064
calculated iMatrix for 8, 0, 11, 6: -0.11802042751619013
calculated iMatrix for 8, 0, 11, 7: -0.079554146688394
calculated iMatrix for 8, 0, 11, 8: 0.227945551297274
calculated iMatrix for 8, 0, 11, 9: -0.3800667774999989
calculated iMatrix for 8, 0, 11, 10: -0.2287948330180965
calculated iMatrix for 8, 0, 11, 11: -0.17673847106204338
calculated iMatrix for 8, 0, 11, 12: 0.7314537122936091
calculated iMatrix for 8, 0, 11, 13: -0.23083080250319515
calculated iMatrix for 8, 0, 11, 14: 0.278841243526418
calculated iMatrix for 8, 0, 11, 15: 0.03771881499620605
calculated iMatrix for 8, 0, 11, 16: 0.421792733123053
calculated iMatrix for 8, 0, 11, 17: 0.08145420850401408
calculated iMatrix for 8, 0, 11, 18: 0.18426044435674352
calculated iMatrix for 8, 0, 11, 19: 0.19623663540345926
calculated iMatrix for 8, 0, 12, 0: -0.264027098059565
calculated iMatrix for 8, 0, 12, 1: 0.34706918692711647
calculated iMatrix for 8, 0, 12, 2: -0.3121764419571475
calculated iMatrix for 8, 0, 12, 3: -0.3472677617684176
calculated iMatrix for 8, 0, 12, 4: 0.48362489266288117
calculated iMatrix for 8, 0, 12, 5: -0.06894613207620054
calculated iMatrix for 8, 0, 12, 6: -0.4432047043635517
calculated iMatrix for 8, 0, 12, 7: 0.23511886159023462
calculated iMatrix for 8, 0, 12, 8: -0.13589719961915553
calculated iMatrix for 8, 0, 12, 9: -0.013245656969495812
calculated iMatrix for 8, 0, 12, 10: 0.07986564581887617
calculated iMatrix for 8, 0, 12, 11: -0.21616178871755892
calculated iMatrix for 8, 0, 12, 12: 0.3904494825573415
calculated iMatrix for 8, 0, 12, 13: -0.11062352323530539
calculated iMatrix for 8, 0, 12, 14: -0.05775159126184909
calculated iMatrix for 8, 0, 12, 15: 0.011753420886974397
calculated iMatrix for 8, 0, 12, 16: 0.10823024614921584
calculated iMatrix for 8, 0, 12, 17: 0.39954712417573324
calculated iMatrix for 8, 0, 12, 18: 0.5452737898940742
calculated iMatrix for 8, 0, 12, 19: 0.1106804088628861
calculated iMatrix for 8, 0, 13, 0: -0.37619830072207855
calculated iMatrix for 8, 0, 13, 1: 0.4987537742591812
calculated iMatrix for 8, 0, 13, 2: 0.03056540767766075
calculated iMatrix for 8, 0, 13, 3: -0.051893343693480976
calculated iMatrix for 8, 0, 13, 4: 0.21034522157203445
calculated iMatrix for 8, 0, 13, 5: -0.15866658240173853
calculated iMatrix for 8, 0, 13, 6: -0.03300505917327523
calculated iMatrix for 8, 0, 13, 7: 0.08871199912360506
calculated iMatrix for 8, 0, 13, 8: 0.039221444880741085
calculated iMatrix for 8, 0, 13, 9: -0.2692848773278346
calculated iMatrix for 8, 0, 13, 10: 0.14613114752539672
calculated iMatrix for 8, 0, 13, 11: -0.30468577022798987
calculated iMatrix for 8, 0, 13, 12: 0.3103531713888444
calculated iMatrix for 8, 0, 13, 13: -0.13980521601636103
calculated iMatrix for 8, 0, 13, 14: -0.28918692373244875
calculated iMatrix for 8, 0, 13, 15: -0.18334357011417918
calculated iMatrix for 8, 0, 13, 16: 0.42542250117363156
calculated iMatrix for 8, 0, 13, 17: 0.5922798322700047
calculated iMatrix for 8, 0, 13, 18: 0.019957393065467288
calculated iMatrix for 8, 0, 13, 19: -0.009456492140826056
calculated iMatrix for 8, 0, 14, 0: -0.11390095722095123
calculated iMatrix for 8, 0, 14, 1: 0.6863523881539797
calculated iMatrix for 8, 0, 14, 2: 0.1863286974208026
calculated iMatrix for 8, 0, 14, 3: 0.09088770461347873
calculated iMatrix for 8, 0, 14, 4: 0.26318770294641425
calculated iMatrix for 8, 0, 14, 5: -0.08439251108643553
calculated iMatrix for 8, 0, 14, 6: -9.638720951724578E-4
calculated iMatrix for 8, 0, 14, 7: 0.2909445869450782
calculated iMatrix for 8, 0, 14, 8: -0.24950533499437172
calculated iMatrix for 8, 0, 14, 9: -0.43089274879652945
calculated iMatrix for 8, 0, 14, 10: -0.3121764419571475
calculated iMatrix for 8, 0, 14, 11: -0.08903289064293779
calculated iMatrix for 8, 0, 14, 12: -0.15926877036948622
calculated iMatrix for 8, 0, 14, 13: 0.5178299213199952
calculated iMatrix for 8, 0, 14, 14: -0.11410652819505362
calculated iMatrix for 8, 0, 14, 15: 0.14102006897220676
calculated iMatrix for 8, 0, 14, 16: -0.017376901736502692
calculated iMatrix for 8, 0, 14, 17: 0.13929493915966037
calculated iMatrix for 8, 0, 14, 18: 0.09328866615101689
calculated iMatrix for 8, 0, 14, 19: -0.16375643683887436
calculated iMatrix for 8, 0, 15, 0: 0.08998287801651733
calculated iMatrix for 8, 0, 15, 1: 0.23255073348452446
calculated iMatrix for 8, 0, 15, 2: -0.10377517238014122
calculated iMatrix for 8, 0, 15, 3: -0.2682133185360313
calculated iMatrix for 8, 0, 15, 4: 0.07631032961659895
calculated iMatrix for 8, 0, 15, 5: -0.047483887730065344
calculated iMatrix for 8, 0, 15, 6: 0.05428650834774773
calculated iMatrix for 8, 0, 15, 7: -0.06493533906387722
calculated iMatrix for 8, 0, 15, 8: -0.2883089605505041
calculated iMatrix for 8, 0, 15, 9: 0.08353249120565215
calculated iMatrix for 8, 0, 15, 10: 0.3809707386027978
calculated iMatrix for 8, 0, 15, 11: -0.09231696584412763
calculated iMatrix for 8, 0, 15, 12: 0.033428278227337904
calculated iMatrix for 8, 0, 15, 13: 0.12965631032189173
calculated iMatrix for 8, 0, 15, 14: -0.10128151271913688
calculated iMatrix for 8, 0, 15, 15: 0.11270675200811836
calculated iMatrix for 8, 0, 15, 16: -0.053204475387798045
calculated iMatrix for 8, 0, 15, 17: 0.11486115140514469
calculated iMatrix for 8, 0, 15, 18: 0.29135857991311065
calculated iMatrix for 8, 0, 15, 19: 0.12186203859507289
calculated iMatrix for 8, 0, 16, 0: -0.03848061148010645
calculated iMatrix for 8, 0, 16, 1: 0.1639062333649703
calculated iMatrix for 8, 0, 16, 2: 0.06493344039589172
calculated iMatrix for 8, 0, 16, 3: -0.3170190664329356
calculated iMatrix for 8, 0, 16, 4: 0.05194732599457541
calculated iMatrix for 8, 0, 16, 5: -0.0879639434540328
calculated iMatrix for 8, 0, 16, 6: 0.09328866615101689
calculated iMatrix for 8, 0, 16, 7: -0.03654270802154114
calculated iMatrix for 8, 0, 16, 8: -0.16375643683887436
calculated iMatrix for 8, 0, 16, 9: 0.06537987803394024
calculated iMatrix for 8, 0, 16, 10: -0.08903289064293779
calculated iMatrix for 8, 0, 16, 11: 0.07314410005854949
calculated iMatrix for 8, 0, 16, 12: -0.0040854978741594605
calculated iMatrix for 8, 0, 16, 13: -0.2125466010083062
calculated iMatrix for 8, 0, 16, 14: -0.25406881114986674
calculated iMatrix for 8, 0, 16, 15: 0.23511886159023462
calculated iMatrix for 8, 0, 16, 16: 0.07792063592270293
calculated iMatrix for 8, 0, 16, 17: 0.09328866615101689
calculated iMatrix for 8, 0, 16, 18: 0.3432304106199507
calculated iMatrix for 8, 0, 16, 19: 0.3942159653528185
calculated iMatrix for 8, 1, 0, 0: 0.12538029943347473
calculated iMatrix for 8, 1, 0, 1: 0.2313735262797605
calculated iMatrix for 8, 1, 0, 2: 0.12919990155045324
calculated iMatrix for 8, 1, 0, 3: -0.2381670328025718
calculated iMatrix for 8, 1, 0, 4: 0.13360935751386882
calculated iMatrix for 8, 1, 0, 5: 0.0021665235526751037
calculated iMatrix for 8, 1, 0, 6: -0.06212493149346021
calculated iMatrix for 8, 1, 0, 7: -0.26721537103779314
calculated iMatrix for 8, 1, 0, 8: 0.12247090419753492
calculated iMatrix for 8, 1, 0, 9: -0.09673046067093583
calculated iMatrix for 8, 1, 0, 10: -0.43118226782495794
calculated iMatrix for 8, 1, 0, 11: -0.23829402499272279
calculated iMatrix for 8, 1, 0, 12: 0.2573169207717847
calculated iMatrix for 8, 1, 0, 13: -0.09527167120727587
calculated iMatrix for 8, 1, 0, 14: -0.09602648316914153
calculated iMatrix for 8, 1, 0, 15: 0.035258647353470174
calculated iMatrix for 8, 1, 0, 16: 0.09645420838038987
calculated iMatrix for 8, 1, 0, 17: -0.18824219569323697
calculated iMatrix for 8, 1, 0, 18: 0.0684700553429074
calculated iMatrix for 8, 1, 0, 19: 0.41688197400223426
calculated iMatrix for 8, 1, 1, 0: -0.1268834988416232
calculated iMatrix for 8, 1, 1, 1: 0.22881270541808685
calculated iMatrix for 8, 1, 1, 2: -0.07611117346820007
calculated iMatrix for 8, 1, 1, 3: -0.12798300417504027
calculated iMatrix for 8, 1, 1, 4: -0.2122433477927801
calculated iMatrix for 8, 1, 1, 5: 0.2520622603383178
calculated iMatrix for 8, 1, 1, 6: 0.03098696208816709
calculated iMatrix for 8, 1, 1, 7: -0.16321392055246142
calculated iMatrix for 8, 1, 1, 8: -0.22403130354482226
calculated iMatrix for 8, 1, 1, 9: -0.09527167120727587
calculated iMatrix for 8, 1, 1, 10: -0.18592603947540653
calculated iMatrix for 8, 1, 1, 11: 0.013119960259742491
calculated iMatrix for 8, 1, 1, 12: -0.10435438578159517
calculated iMatrix for 8, 1, 1, 13: 0.15001300598414735
calculated iMatrix for 8, 1, 1, 14: -0.03219193953336452
calculated iMatrix for 8, 1, 1, 15: 0.1419284659278337
calculated iMatrix for 8, 1, 1, 16: 0.28378133736111133
calculated iMatrix for 8, 1, 1, 17: 0.27129013368520316
calculated iMatrix for 8, 1, 1, 18: -0.04794029650150389
calculated iMatrix for 8, 1, 1, 19: -0.2852684828076699
calculated iMatrix for 8, 1, 2, 0: -0.08885019924562965
calculated iMatrix for 8, 1, 2, 1: -0.3356223689532847
calculated iMatrix for 8, 1, 2, 2: -0.025365974462964846
calculated iMatrix for 8, 1, 2, 3: -0.23673436780107582
calculated iMatrix for 8, 1, 2, 4: -0.026476057833203726
calculated iMatrix for 8, 1, 2, 5: 0.3367340419375868
calculated iMatrix for 8, 1, 2, 6: -0.08794563111520293
calculated iMatrix for 8, 1, 2, 7: -0.2578695086195555
calculated iMatrix for 8, 1, 2, 8: 0.10621038332575461
calculated iMatrix for 8, 1, 2, 9: -0.16110438630159263
calculated iMatrix for 8, 1, 2, 10: -0.3613865058894159
calculated iMatrix for 8, 1, 2, 11: -0.058092667965521816
calculated iMatrix for 8, 1, 2, 12: 0.30292067757180896
calculated iMatrix for 8, 1, 2, 13: -0.2824476064660286
calculated iMatrix for 8, 1, 2, 14: 0.02376671411468001
calculated iMatrix for 8, 1, 2, 15: 0.4152836457588531
calculated iMatrix for 8, 1, 2, 16: 0.07665158108421011
calculated iMatrix for 8, 1, 2, 17: -0.38659673493755764
calculated iMatrix for 8, 1, 2, 18: 0.4584309769151067
calculated iMatrix for 8, 1, 2, 19: 0.3157276829281992
calculated iMatrix for 8, 1, 3, 0: -0.35236455009635814
calculated iMatrix for 8, 1, 3, 1: 0.10621038332575461
calculated iMatrix for 8, 1, 3, 2: 0.0444330236295114
calculated iMatrix for 8, 1, 3, 3: -0.1257827832654379
calculated iMatrix for 8, 1, 3, 4: -0.14162578057882658
calculated iMatrix for 8, 1, 3, 5: 0.28853194011970906
calculated iMatrix for 8, 1, 3, 6: 0.04558576150931981
calculated iMatrix for 8, 1, 3, 7: -0.06899370569933616
calculated iMatrix for 8, 1, 3, 8: 0.2322511042211195
calculated iMatrix for 8, 1, 3, 9: -0.3591528663634789
calculated iMatrix for 8, 1, 3, 10: -0.7529219347084519
calculated iMatrix for 8, 1, 3, 11: 0.3604445217099954
calculated iMatrix for 8, 1, 3, 12: 0.186253090999291
calculated iMatrix for 8, 1, 3, 13: -0.10080378605857154
calculated iMatrix for 8, 1, 3, 14: -0.15491241605367145
calculated iMatrix for 8, 1, 3, 15: -0.03355155904940421
calculated iMatrix for 8, 1, 3, 16: 0.5214891128822435
calculated iMatrix for 8, 1, 3, 17: 0.08656338594195812
calculated iMatrix for 8, 1, 3, 18: -0.45340540460966827
calculated iMatrix for 8, 1, 3, 19: -0.12380604727621725
calculated iMatrix for 8, 1, 4, 0: -0.30847137988733375
calculated iMatrix for 8, 1, 4, 1: 0.1932217603153843
calculated iMatrix for 8, 1, 4, 2: -0.2824476064660286
calculated iMatrix for 8, 1, 4, 3: -0.3157840267336205
calculated iMatrix for 8, 1, 4, 4: -0.0293351086704694
calculated iMatrix for 8, 1, 4, 5: 0.51614977182884
calculated iMatrix for 8, 1, 4, 6: 0.6234668974220358
calculated iMatrix for 8, 1, 4, 7: 0.04558576150931981
calculated iMatrix for 8, 1, 4, 8: 0.14876999774455046
calculated iMatrix for 8, 1, 4, 9: -0.31987401198514553
calculated iMatrix for 8, 1, 4, 10: -0.7847625405641108
calculated iMatrix for 8, 1, 4, 11: 0.0795421362435933
calculated iMatrix for 8, 1, 4, 12: 0.22526974334174277
calculated iMatrix for 8, 1, 4, 13: -0.37929743245594616
calculated iMatrix for 8, 1, 4, 14: -0.2666785543477972
calculated iMatrix for 8, 1, 4, 15: 0.28853194011970906
calculated iMatrix for 8, 1, 4, 16: 0.16563380379655546
calculated iMatrix for 8, 1, 4, 17: 0.12422888882843286
calculated iMatrix for 8, 1, 4, 18: -0.2566951103636139
calculated iMatrix for 8, 1, 4, 19: -0.16381675388730566
calculated iMatrix for 8, 1, 5, 0: -0.21943245136524925
calculated iMatrix for 8, 1, 5, 1: 0.31978448362381373
calculated iMatrix for 8, 1, 5, 2: -0.36669600557794246
calculated iMatrix for 8, 1, 5, 3: -0.5433161747583004
calculated iMatrix for 8, 1, 5, 4: 0.03825972141724687
calculated iMatrix for 8, 1, 5, 5: 0.37650071306566635
calculated iMatrix for 8, 1, 5, 6: 0.409159927908324
calculated iMatrix for 8, 1, 5, 7: 0.015238605120027726
calculated iMatrix for 8, 1, 5, 8: 0.3283778486669089
calculated iMatrix for 8, 1, 5, 9: -0.16806251451105947
calculated iMatrix for 8, 1, 5, 10: 0.23974177595027713
calculated iMatrix for 8, 1, 5, 11: -0.35144047795298006
calculated iMatrix for 8, 1, 5, 12: -0.3707136887645548
calculated iMatrix for 8, 1, 5, 13: -0.10254443053635542
calculated iMatrix for 8, 1, 5, 14: -0.04570565870008747
calculated iMatrix for 8, 1, 5, 15: 0.19672439086658655
calculated iMatrix for 8, 1, 5, 16: 0.08751825031360205
calculated iMatrix for 8, 1, 5, 17: 0.4795871768824185
calculated iMatrix for 8, 1, 5, 18: 0.186253090999291
calculated iMatrix for 8, 1, 5, 19: 0.121477855456543
calculated iMatrix for 8, 1, 6, 0: -0.3266536989705242
calculated iMatrix for 8, 1, 6, 1: -0.13673579528463486
calculated iMatrix for 8, 1, 6, 2: -0.24924430420774857
calculated iMatrix for 8, 1, 6, 3: 0.0704923007236753
calculated iMatrix for 8, 1, 6, 4: -0.17715202798150997
calculated iMatrix for 8, 1, 6, 5: 0.5143386088534027
calculated iMatrix for 8, 1, 6, 6: 0.3788545784129951
calculated iMatrix for 8, 1, 6, 7: -0.40166973021047925
calculated iMatrix for 8, 1, 6, 8: -0.4270880962922947
calculated iMatrix for 8, 1, 6, 9: -0.2636832589975422
calculated iMatrix for 8, 1, 6, 10: -0.5275133767633899
calculated iMatrix for 8, 1, 6, 11: 0.5054449416832828
calculated iMatrix for 8, 1, 6, 12: 0.09021004197931348
calculated iMatrix for 8, 1, 6, 13: -0.3993381833393923
calculated iMatrix for 8, 1, 6, 14: -0.05285431130393281
calculated iMatrix for 8, 1, 6, 15: 0.21157089898358095
calculated iMatrix for 8, 1, 6, 16: 0.3719135490587602
calculated iMatrix for 8, 1, 6, 17: 0.19883187320615114
calculated iMatrix for 8, 1, 6, 18: -0.18713742666170363
calculated iMatrix for 8, 1, 6, 19: 0.05129462572963983
calculated iMatrix for 8, 1, 7, 0: -0.4562026092307294
calculated iMatrix for 8, 1, 7, 1: -0.16041827992819413
calculated iMatrix for 8, 1, 7, 2: -0.8732592501699321
calculated iMatrix for 8, 1, 7, 3: -0.47514539124607413
calculated iMatrix for 8, 1, 7, 4: 0.45361169047915784
calculated iMatrix for 8, 1, 7, 5: 0.04249456893964676
calculated iMatrix for 8, 1, 7, 6: 0.2652750779554418
calculated iMatrix for 8, 1, 7, 7: 0.8120965896631296
calculated iMatrix for 8, 1, 7, 8: -0.30776541445031835
calculated iMatrix for 8, 1, 7, 9: -0.07782203787182951
calculated iMatrix for 8, 1, 7, 10: -0.32278522219260397
calculated iMatrix for 8, 1, 7, 11: -0.2805625917702572
calculated iMatrix for 8, 1, 7, 12: -1.0851836387933214
calculated iMatrix for 8, 1, 7, 13: -0.1245960407340243
calculated iMatrix for 8, 1, 7, 14: -0.1322006401192437
calculated iMatrix for 8, 1, 7, 15: -0.4046152404402361
calculated iMatrix for 8, 1, 7, 16: 0.20730650019712327
calculated iMatrix for 8, 1, 7, 17: 0.9303858262921039
calculated iMatrix for 8, 1, 7, 18: 0.5762140125714902
calculated iMatrix for 8, 1, 7, 19: 0.3486358641894145
calculated iMatrix for 8, 1, 8, 0: NaN
calculated iMatrix for 8, 1, 8, 1: NaN
calculated iMatrix for 8, 1, 8, 2: NaN
calculated iMatrix for 8, 1, 8, 3: NaN
calculated iMatrix for 8, 1, 8, 4: NaN
calculated iMatrix for 8, 1, 8, 5: NaN
calculated iMatrix for 8, 1, 8, 6: NaN
calculated iMatrix for 8, 1, 8, 7: NaN
calculated iMatrix for 8, 1, 8, 8: 0.0015282728251566624
calculated iMatrix for 8, 1, 8, 9: NaN
calculated iMatrix for 8, 1, 8, 10: NaN
calculated iMatrix for 8, 1, 8, 11: NaN
calculated iMatrix for 8, 1, 8, 12: NaN
calculated iMatrix for 8, 1, 8, 13: NaN
calculated iMatrix for 8, 1, 8, 14: NaN
calculated iMatrix for 8, 1, 8, 15: NaN
calculated iMatrix for 8, 1, 8, 16: NaN
calculated iMatrix for 8, 1, 8, 17: NaN
calculated iMatrix for 8, 1, 8, 18: NaN
calculated iMatrix for 8, 1, 8, 19: NaN
calculated iMatrix for 8, 1, 9, 0: -0.4323519954118358
calculated iMatrix for 8, 1, 9, 1: 0.6302812338417659
calculated iMatrix for 8, 1, 9, 2: -0.8468943216711169
calculated iMatrix for 8, 1, 9, 3: -0.7311864060787376
calculated iMatrix for 8, 1, 9, 4: 0.24728898158566026
calculated iMatrix for 8, 1, 9, 5: -0.4464123691186974
calculated iMatrix for 8, 1, 9, 6: -0.4270880962922947
calculated iMatrix for 8, 1, 9, 7: 0.5677988156462057
calculated iMatrix for 8, 1, 9, 8: -0.6967516632413975
calculated iMatrix for 8, 1, 9, 9: 0.3033784482367037
calculated iMatrix for 8, 1, 9, 10: 0.7993575638856999
calculated iMatrix for 8, 1, 9, 11: -0.39564657045747564
calculated iMatrix for 8, 1, 9, 12: -0.44090524184543667
calculated iMatrix for 8, 1, 9, 13: -0.8588705127178324
calculated iMatrix for 8, 1, 9, 14: -0.22679964556698762
calculated iMatrix for 8, 1, 9, 15: 0.024420950317276535
calculated iMatrix for 8, 1, 9, 16: 0.061315063417863636
calculated iMatrix for 8, 1, 9, 17: 1.0967484504644418
calculated iMatrix for 8, 1, 9, 18: 1.0444800219186847
calculated iMatrix for 8, 1, 9, 19: -0.06212493149346021
calculated iMatrix for 8, 1, 10, 0: -0.3556076613335417
calculated iMatrix for 8, 1, 10, 1: -0.38780812212385474
calculated iMatrix for 8, 1, 10, 2: 0.07479418709237562
calculated iMatrix for 8, 1, 10, 3: 0.18317142446188295
calculated iMatrix for 8, 1, 10, 4: -0.6227462499309018
calculated iMatrix for 8, 1, 10, 5: -0.0328500507779137
calculated iMatrix for 8, 1, 10, 6: -0.03099073818773057
calculated iMatrix for 8, 1, 10, 7: 0.012524899248431476
calculated iMatrix for 8, 1, 10, 8: -0.35931896552505993
calculated iMatrix for 8, 1, 10, 9: -0.38194644062752325
calculated iMatrix for 8, 1, 10, 10: -0.2710838478157136
calculated iMatrix for 8, 1, 10, 11: 0.11848047591756905
calculated iMatrix for 8, 1, 10, 12: -0.04570565870008747
calculated iMatrix for 8, 1, 10, 13: -0.051181790425674834
calculated iMatrix for 8, 1, 10, 14: -0.07147079391169786
calculated iMatrix for 8, 1, 10, 15: 0.4106995740939168
calculated iMatrix for 8, 1, 10, 16: 0.540248863877975
calculated iMatrix for 8, 1, 10, 17: 0.4210785960816923
calculated iMatrix for 8, 1, 10, 18: -0.2566951103636139
calculated iMatrix for 8, 1, 10, 19: 0.09947635114441056
calculated iMatrix for 8, 1, 11, 0: -0.27258647770024846
calculated iMatrix for 8, 1, 11, 1: 0.6302812338417659
calculated iMatrix for 8, 1, 11, 2: 0.15273039896064744
calculated iMatrix for 8, 1, 11, 3: -0.5699006100816228
calculated iMatrix for 8, 1, 11, 4: 0.204650456139007
calculated iMatrix for 8, 1, 11, 5: -0.09983873462915516
calculated iMatrix for 8, 1, 11, 6: -0.038971626518743196
calculated iMatrix for 8, 1, 11, 7: 0.2208732916458942
calculated iMatrix for 8, 1, 11, 8: -0.24924430420774857
calculated iMatrix for 8, 1, 11, 9: 0.021843344589214997
calculated iMatrix for 8, 1, 11, 10: 0.08851080622635354
calculated iMatrix for 8, 1, 11, 11: 0.38090526025072435
calculated iMatrix for 8, 1, 11, 12: -0.2581932379846359
calculated iMatrix for 8, 1, 11, 13: 0.05742021915632245
calculated iMatrix for 8, 1, 11, 14: -0.7989070479502753
calculated iMatrix for 8, 1, 11, 15: 0.5511779344101653
calculated iMatrix for 8, 1, 11, 16: 0.1564722181066429
calculated iMatrix for 8, 1, 11, 17: 0.12301750164213576
calculated iMatrix for 8, 1, 11, 18: -0.18925382956808123
calculated iMatrix for 8, 1, 11, 19: -0.13280651714474523
calculated iMatrix for 8, 1, 12, 0: -0.04794029650150389
calculated iMatrix for 8, 1, 12, 1: 0.12726379252358688
calculated iMatrix for 8, 1, 12, 2: -0.3682475962693612
calculated iMatrix for 8, 1, 12, 3: -0.5076559943594161
calculated iMatrix for 8, 1, 12, 4: -0.07147079391169786
calculated iMatrix for 8, 1, 12, 5: 0.3661679077626807
calculated iMatrix for 8, 1, 12, 6: 0.42615331799575684
calculated iMatrix for 8, 1, 12, 7: 0.02773876788425933
calculated iMatrix for 8, 1, 12, 8: 0.033889721746128476
calculated iMatrix for 8, 1, 12, 9: -0.38711608057374414
calculated iMatrix for 8, 1, 12, 10: 0.07722284645250221
calculated iMatrix for 8, 1, 12, 11: 0.28419353852111096
calculated iMatrix for 8, 1, 12, 12: -0.2291451585953832
calculated iMatrix for 8, 1, 12, 13: -0.23737932106432225
calculated iMatrix for 8, 1, 12, 14: -0.35332194605268574
calculated iMatrix for 8, 1, 12, 15: 0.2850895959287363
calculated iMatrix for 8, 1, 12, 16: 0.46586595540262477
calculated iMatrix for 8, 1, 12, 17: 0.055118722168043366
calculated iMatrix for 8, 1, 12, 18: -0.13673579528463486
calculated iMatrix for 8, 1, 12, 19: 0.2058402242745958
calculated iMatrix for 8, 1, 13, 0: -0.4624826227607848
calculated iMatrix for 8, 1, 13, 1: 0.1425780274966293
calculated iMatrix for 8, 1, 13, 2: 0.10159143746945998
calculated iMatrix for 8, 1, 13, 3: -0.021622988184130332
calculated iMatrix for 8, 1, 13, 4: -0.4293078530306076
calculated iMatrix for 8, 1, 13, 5: 0.43501974720139835
calculated iMatrix for 8, 1, 13, 6: 0.3664934815894212
calculated iMatrix for 8, 1, 13, 7: -0.1598992038718985
calculated iMatrix for 8, 1, 13, 8: -0.07147079391169786
calculated iMatrix for 8, 1, 13, 9: -0.22779576080026498
calculated iMatrix for 8, 1, 13, 10: 0.0734205605027638
calculated iMatrix for 8, 1, 13, 11: 0.22683837111436933
calculated iMatrix for 8, 1, 13, 12: -0.04794029650150389
calculated iMatrix for 8, 1, 13, 13: -0.10949818950093704
calculated iMatrix for 8, 1, 13, 14: -0.17337447889340707
calculated iMatrix for 8, 1, 13, 15: 0.4202792109507303
calculated iMatrix for 8, 1, 13, 16: -0.09049991092029974
calculated iMatrix for 8, 1, 13, 17: -0.13280651714474523
calculated iMatrix for 8, 1, 13, 18: 0.5762140125714902
calculated iMatrix for 8, 1, 13, 19: 0.13606334647543572
calculated iMatrix for 8, 1, 14, 0: -0.4014853474313085
calculated iMatrix for 8, 1, 14, 1: -0.011572652330628985
calculated iMatrix for 8, 1, 14, 2: 0.2058402242745958
calculated iMatrix for 8, 1, 14, 3: 0.1914750349804426
calculated iMatrix for 8, 1, 14, 4: -0.1745030198099331
calculated iMatrix for 8, 1, 14, 5: 0.292242519516245
calculated iMatrix for 8, 1, 14, 6: -0.2347162036448387
calculated iMatrix for 8, 1, 14, 7: -0.33606869790512617
calculated iMatrix for 8, 1, 14, 8: -0.1484318350478262
calculated iMatrix for 8, 1, 14, 9: -0.2635366421803307
calculated iMatrix for 8, 1, 14, 10: -0.47904783522300587
calculated iMatrix for 8, 1, 14, 11: 0.36808457182166276
calculated iMatrix for 8, 1, 14, 12: 0.28853194011970906
calculated iMatrix for 8, 1, 14, 13: -0.6440952110741394
calculated iMatrix for 8, 1, 14, 14: -0.25843273026215474
calculated iMatrix for 8, 1, 14, 15: 0.2917629607011556
calculated iMatrix for 8, 1, 14, 16: 0.6206657751423239
calculated iMatrix for 8, 1, 14, 17: -0.06468247764457735
calculated iMatrix for 8, 1, 14, 18: -0.7047198328905744
calculated iMatrix for 8, 1, 14, 19: -1.1829929552842344E-5
calculated iMatrix for 8, 1, 15, 0: -0.33270265884995
calculated iMatrix for 8, 1, 15, 1: 0.5369932994182088
calculated iMatrix for 8, 1, 15, 2: 0.2421660195617834
calculated iMatrix for 8, 1, 15, 3: -0.14825563911749629
calculated iMatrix for 8, 1, 15, 4: 0.12787188010693407
calculated iMatrix for 8, 1, 15, 5: 0.3816223631857212
calculated iMatrix for 8, 1, 15, 6: 0.10621038332575461
calculated iMatrix for 8, 1, 15, 7: 0.15656426947136937
calculated iMatrix for 8, 1, 15, 8: -0.31801700123793286
calculated iMatrix for 8, 1, 15, 9: -0.23882298559749215
calculated iMatrix for 8, 1, 15, 10: -1.0502214762311814
calculated iMatrix for 8, 1, 15, 11: 0.11878916553261476
calculated iMatrix for 8, 1, 15, 12: 0.2603610631530129
calculated iMatrix for 8, 1, 15, 13: -0.1169331679884551
calculated iMatrix for 8, 1, 15, 14: -0.37002379567061716
calculated iMatrix for 8, 1, 15, 15: 0.18258336211032855
calculated iMatrix for 8, 1, 15, 16: 0.23482776114784798
calculated iMatrix for 8, 1, 15, 17: -0.21537324080170772
calculated iMatrix for 8, 1, 15, 18: 0.0684700553429074
calculated iMatrix for 8, 1, 15, 19: 0.121477855456543
calculated iMatrix for 8, 1, 16, 0: -0.07072032483332369
calculated iMatrix for 8, 1, 16, 1: 0.4296105383796147
calculated iMatrix for 8, 1, 16, 2: -0.16239554206521256
calculated iMatrix for 8, 1, 16, 3: -0.22950168602206067
calculated iMatrix for 8, 1, 16, 4: 0.04390649998959972
calculated iMatrix for 8, 1, 16, 5: 0.4965466098376189
calculated iMatrix for 8, 1, 16, 6: 0.25281385751762997
calculated iMatrix for 8, 1, 16, 7: -0.17434407520179418
calculated iMatrix for 8, 1, 16, 8: -1.1829929552842344E-5
calculated iMatrix for 8, 1, 16, 9: -0.2122433477927801
calculated iMatrix for 8, 1, 16, 10: -0.05239464685088402
calculated iMatrix for 8, 1, 16, 11: -0.11103344586126696
calculated iMatrix for 8, 1, 16, 12: 0.33578482497025464
calculated iMatrix for 8, 1, 16, 13: -0.03803922551879224
calculated iMatrix for 8, 1, 16, 14: 0.1475955994886089
calculated iMatrix for 8, 1, 16, 15: 0.10141421106226156
calculated iMatrix for 8, 1, 16, 16: 0.23732339508599543
calculated iMatrix for 8, 1, 16, 17: -0.3254244425157946
calculated iMatrix for 8, 1, 16, 18: -0.0944603121363965
calculated iMatrix for 8, 1, 16, 19: -0.27626520655771114
calculated iMatrix for 8, 2, 0, 0: 0.08744743860041876
calculated iMatrix for 8, 2, 0, 1: -0.5546445711592423
calculated iMatrix for 8, 2, 0, 2: 0.1684549316840542
calculated iMatrix for 8, 2, 0, 3: 0.14000750058012318
calculated iMatrix for 8, 2, 0, 4: -0.3149717178938221
calculated iMatrix for 8, 2, 0, 5: 0.10213496522982812
calculated iMatrix for 8, 2, 0, 6: -0.11213819137072895
calculated iMatrix for 8, 2, 0, 7: 0.041478633118643415
calculated iMatrix for 8, 2, 0, 8: 0.13850260940070297
calculated iMatrix for 8, 2, 0, 9: -0.06268743169763458
calculated iMatrix for 8, 2, 0, 10: 0.24386312505852917
calculated iMatrix for 8, 2, 0, 11: 0.04843078625796693
calculated iMatrix for 8, 2, 0, 12: -0.27434260600508403
calculated iMatrix for 8, 2, 0, 13: 0.10571278657771205
calculated iMatrix for 8, 2, 0, 14: 0.06713812319273194
calculated iMatrix for 8, 2, 0, 15: 0.017549998983040438
calculated iMatrix for 8, 2, 0, 16: 0.023839701080563158
calculated iMatrix for 8, 2, 0, 17: -0.06091338075255187
calculated iMatrix for 8, 2, 0, 18: -0.09382936796791308
calculated iMatrix for 8, 2, 0, 19: -0.5668151067794975
calculated iMatrix for 8, 2, 1, 0: 0.24581434518979098
calculated iMatrix for 8, 2, 1, 1: -0.23141756128804997
calculated iMatrix for 8, 2, 1, 2: 0.3616461607149127
calculated iMatrix for 8, 2, 1, 3: 0.3922295840869929
calculated iMatrix for 8, 2, 1, 4: -0.15865820700562178
calculated iMatrix for 8, 2, 1, 5: -0.28853498396158933
calculated iMatrix for 8, 2, 1, 6: -0.4029599838271776
calculated iMatrix for 8, 2, 1, 7: -0.1469297433170626
calculated iMatrix for 8, 2, 1, 8: 0.22900168610861796
calculated iMatrix for 8, 2, 1, 9: -0.21108847964962435
calculated iMatrix for 8, 2, 1, 10: 0.021320354777709827
calculated iMatrix for 8, 2, 1, 11: -0.07028552058141502
calculated iMatrix for 8, 2, 1, 12: -0.15479745535530126
calculated iMatrix for 8, 2, 1, 13: 0.03935855908565622
calculated iMatrix for 8, 2, 1, 14: 0.10323447056324497
calculated iMatrix for 8, 2, 1, 15: -0.07096993645920252
calculated iMatrix for 8, 2, 1, 16: 0.052641318794310554
calculated iMatrix for 8, 2, 1, 17: -0.2581184739110088
calculated iMatrix for 8, 2, 1, 18: 0.1252573826506823
calculated iMatrix for 8, 2, 1, 19: -0.28665045367968095
calculated iMatrix for 8, 2, 2, 0: -0.015463721638126648
calculated iMatrix for 8, 2, 2, 1: -0.1083574685308229
calculated iMatrix for 8, 2, 2, 2: 0.30919968534237013
calculated iMatrix for 8, 2, 2, 3: 0.1554391189316012
calculated iMatrix for 8, 2, 2, 4: 0.1078656399388131
calculated iMatrix for 8, 2, 2, 5: -0.10286797624605143
calculated iMatrix for 8, 2, 2, 6: -0.24134992285073514
calculated iMatrix for 8, 2, 2, 7: -0.14491506426462047
calculated iMatrix for 8, 2, 2, 8: -0.15087294355741104
calculated iMatrix for 8, 2, 2, 9: 0.090568243315167
calculated iMatrix for 8, 2, 2, 10: 0.3616461607149127
calculated iMatrix for 8, 2, 2, 11: -0.0856660573287521
calculated iMatrix for 8, 2, 2, 12: -0.27207759937423187
calculated iMatrix for 8, 2, 2, 13: 0.12871460303454013
calculated iMatrix for 8, 2, 2, 14: 0.09100027541569955
calculated iMatrix for 8, 2, 2, 15: -0.13201165942871262
calculated iMatrix for 8, 2, 2, 16: 0.03052868923135965
calculated iMatrix for 8, 2, 2, 17: -0.001928005684091516
calculated iMatrix for 8, 2, 2, 18: -0.28271085567560056
calculated iMatrix for 8, 2, 2, 19: -0.08228522822104783
calculated iMatrix for 8, 2, 3, 0: 0.34675754822116206
calculated iMatrix for 8, 2, 3, 1: -0.3315010198450326
calculated iMatrix for 8, 2, 3, 2: 0.030289024760470185
calculated iMatrix for 8, 2, 3, 3: 0.09537818276694832
calculated iMatrix for 8, 2, 3, 4: -0.009917395717570276
calculated iMatrix for 8, 2, 3, 5: -0.28114713369941785
calculated iMatrix for 8, 2, 3, 6: -0.46307737763375195
calculated iMatrix for 8, 2, 3, 7: -0.019277838477134157
calculated iMatrix for 8, 2, 3, 8: -0.211699820032412
calculated iMatrix for 8, 2, 3, 9: 0.4723117286024321
calculated iMatrix for 8, 2, 3, 10: 0.19102064368414934
calculated iMatrix for 8, 2, 3, 11: -0.2432084126993544
calculated iMatrix for 8, 2, 3, 12: -0.18725141100048598
calculated iMatrix for 8, 2, 3, 13: 0.08971244523127087
calculated iMatrix for 8, 2, 3, 14: -0.17146450784051287
calculated iMatrix for 8, 2, 3, 15: -0.15765409004205028
calculated iMatrix for 8, 2, 3, 16: -0.02953299014577515
calculated iMatrix for 8, 2, 3, 17: -0.04381894739325176
calculated iMatrix for 8, 2, 3, 18: -0.22614050418720627
calculated iMatrix for 8, 2, 3, 19: 0.003583291501332242
calculated iMatrix for 8, 2, 4, 0: 0.2618258254327018
calculated iMatrix for 8, 2, 4, 1: -0.7754324087809932
calculated iMatrix for 8, 2, 4, 2: 0.3326586238416604
calculated iMatrix for 8, 2, 4, 3: 0.5367400143874141
calculated iMatrix for 8, 2, 4, 4: -0.17081863815455905
calculated iMatrix for 8, 2, 4, 5: -0.42586378129331764
calculated iMatrix for 8, 2, 4, 6: -0.6772468932515747
calculated iMatrix for 8, 2, 4, 7: -0.05706417414327225
calculated iMatrix for 8, 2, 4, 8: 0.029113522097779898
calculated iMatrix for 8, 2, 4, 9: -0.029220147972098987
calculated iMatrix for 8, 2, 4, 10: 0.31512614508001985
calculated iMatrix for 8, 2, 4, 11: -0.28424813499448714
calculated iMatrix for 8, 2, 4, 12: -0.33823505202637666
calculated iMatrix for 8, 2, 4, 13: 0.2767467169284264
calculated iMatrix for 8, 2, 4, 14: 0.2371919862415067
calculated iMatrix for 8, 2, 4, 15: -0.27434260600508403
calculated iMatrix for 8, 2, 4, 16: 0.11852010981336464
calculated iMatrix for 8, 2, 4, 17: -0.12913253110578726
calculated iMatrix for 8, 2, 4, 18: -0.013047288726498019
calculated iMatrix for 8, 2, 4, 19: -0.13552737388275077
calculated iMatrix for 8, 2, 5, 0: 0.439355145042229
calculated iMatrix for 8, 2, 5, 1: -0.9146473051906494
calculated iMatrix for 8, 2, 5, 2: 0.2675328691444339
calculated iMatrix for 8, 2, 5, 3: 0.6509716189104235
calculated iMatrix for 8, 2, 5, 4: -0.18404828870190199
calculated iMatrix for 8, 2, 5, 5: -0.1979696272205101
calculated iMatrix for 8, 2, 5, 6: -0.2802077254574821
calculated iMatrix for 8, 2, 5, 7: -0.12564896564088385
calculated iMatrix for 8, 2, 5, 8: -0.4627432088754209
calculated iMatrix for 8, 2, 5, 9: -0.07445591685514152
calculated iMatrix for 8, 2, 5, 10: -0.3315010198450326
calculated iMatrix for 8, 2, 5, 11: -0.0846409419135068
calculated iMatrix for 8, 2, 5, 12: -0.3539738756970912
calculated iMatrix for 8, 2, 5, 13: 0.4822741485035274
calculated iMatrix for 8, 2, 5, 14: 0.17324555784457588
calculated iMatrix for 8, 2, 5, 15: -0.16242468980109875
calculated iMatrix for 8, 2, 5, 16: -0.06866494597978245
calculated iMatrix for 8, 2, 5, 17: -0.18434337550874497
calculated iMatrix for 8, 2, 5, 18: -0.5893301291471325
calculated iMatrix for 8, 2, 5, 19: -0.2587416655626043
calculated iMatrix for 8, 2, 6, 0: 0.42678546288587416
calculated iMatrix for 8, 2, 6, 1: -0.07121792158136608
calculated iMatrix for 8, 2, 6, 2: -0.5117628436759767
calculated iMatrix for 8, 2, 6, 3: -0.0320541058136653
calculated iMatrix for 8, 2, 6, 4: 0.5479757389064062
calculated iMatrix for 8, 2, 6, 5: -0.9851457574287317
calculated iMatrix for 8, 2, 6, 6: -0.523392027655138
calculated iMatrix for 8, 2, 6, 7: 0.5778692691845486
calculated iMatrix for 8, 2, 6, 8: -0.0309155425573438
calculated iMatrix for 8, 2, 6, 9: 0.5570397990762201
calculated iMatrix for 8, 2, 6, 10: 0.45179725770921014
calculated iMatrix for 8, 2, 6, 11: -0.6716610295454304
calculated iMatrix for 8, 2, 6, 12: -0.8149276694229088
calculated iMatrix for 8, 2, 6, 13: 0.2373484440373355
calculated iMatrix for 8, 2, 6, 14: 0.1548517474022324
calculated iMatrix for 8, 2, 6, 15: -0.4041402034850042
calculated iMatrix for 8, 2, 6, 16: -0.22869152597881165
calculated iMatrix for 8, 2, 6, 17: 0.04104727324998997
calculated iMatrix for 8, 2, 6, 18: 0.3616461607149127
calculated iMatrix for 8, 2, 6, 19: 0.2628003260782801
calculated iMatrix for 8, 2, 7, 0: 0.58258949111952
calculated iMatrix for 8, 2, 7, 1: -0.14917946305107804
calculated iMatrix for 8, 2, 7, 2: -0.07814368993432635
calculated iMatrix for 8, 2, 7, 3: 0.5763030981518036
calculated iMatrix for 8, 2, 7, 4: -0.1979696272205101
calculated iMatrix for 8, 2, 7, 5: -1.2780971012145166
calculated iMatrix for 8, 2, 7, 6: -0.21371798418864912
calculated iMatrix for 8, 2, 7, 7: -0.16965799439461865
calculated iMatrix for 8, 2, 7, 8: 0.36891892004399257
calculated iMatrix for 8, 2, 7, 9: 0.46551302411595563
calculated iMatrix for 8, 2, 7, 10: 0.6028082175318007
calculated iMatrix for 8, 2, 7, 11: -0.283491800658672
calculated iMatrix for 8, 2, 7, 12: -0.7845941769424516
calculated iMatrix for 8, 2, 7, 13: 0.27241502698697007
calculated iMatrix for 8, 2, 7, 14: 0.41228989353366763
calculated iMatrix for 8, 2, 7, 15: -0.15381984260758025
calculated iMatrix for 8, 2, 7, 16: -0.25739304769131083
calculated iMatrix for 8, 2, 7, 17: -0.384525488153253
calculated iMatrix for 8, 2, 7, 18: 0.30448774687496405
calculated iMatrix for 8, 2, 7, 19: -0.14560164170319395
calculated iMatrix for 8, 2, 8, 0: NaN
calculated iMatrix for 8, 2, 8, 1: NaN
calculated iMatrix for 8, 2, 8, 2: NaN
calculated iMatrix for 8, 2, 8, 3: NaN
calculated iMatrix for 8, 2, 8, 4: NaN
calculated iMatrix for 8, 2, 8, 5: NaN
calculated iMatrix for 8, 2, 8, 6: NaN
calculated iMatrix for 8, 2, 8, 7: NaN
calculated iMatrix for 8, 2, 8, 8: -7.550404741246131E-4
calculated iMatrix for 8, 2, 8, 9: NaN
calculated iMatrix for 8, 2, 8, 10: NaN
calculated iMatrix for 8, 2, 8, 11: NaN
calculated iMatrix for 8, 2, 8, 12: NaN
calculated iMatrix for 8, 2, 8, 13: NaN
calculated iMatrix for 8, 2, 8, 14: NaN
calculated iMatrix for 8, 2, 8, 15: NaN
calculated iMatrix for 8, 2, 8, 16: NaN
calculated iMatrix for 8, 2, 8, 17: NaN
calculated iMatrix for 8, 2, 8, 18: NaN
calculated iMatrix for 8, 2, 8, 19: NaN
calculated iMatrix for 8, 2, 9, 0: 0.6990279017189661
calculated iMatrix for 8, 2, 9, 1: -0.7369661279531972
calculated iMatrix for 8, 2, 9, 2: 0.058990546472969196
calculated iMatrix for 8, 2, 9, 3: 0.7224110899051701
calculated iMatrix for 8, 2, 9, 4: 0.2674589456552116
calculated iMatrix for 8, 2, 9, 5: -0.971805719030598
calculated iMatrix for 8, 2, 9, 6: 0.2685557376489007
calculated iMatrix for 8, 2, 9, 7: -0.027179628389287003
calculated iMatrix for 8, 2, 9, 8: 0.3616461607149127
calculated iMatrix for 8, 2, 9, 9: 0.21889811298546608
calculated iMatrix for 8, 2, 9, 10: 0.2663359809105878
calculated iMatrix for 8, 2, 9, 11: -0.06734944480344573
calculated iMatrix for 8, 2, 9, 12: -2.1232604890730875
calculated iMatrix for 8, 2, 9, 13: 0.5068281705594105
calculated iMatrix for 8, 2, 9, 14: 0.30280566069197923
calculated iMatrix for 8, 2, 9, 15: -0.3765247012189878
calculated iMatrix for 8, 2, 9, 16: -0.32560129771784435
calculated iMatrix for 8, 2, 9, 17: -0.5833939844452283
calculated iMatrix for 8, 2, 9, 18: -0.3061832118607429
calculated iMatrix for 8, 2, 9, 19: 0.15157469096805565
calculated iMatrix for 8, 2, 10, 0: 0.6234870019828063
calculated iMatrix for 8, 2, 10, 1: -0.11792691954697354
calculated iMatrix for 8, 2, 10, 2: -0.6134850711821758
calculated iMatrix for 8, 2, 10, 3: -0.17023287224891032
calculated iMatrix for 8, 2, 10, 4: 0.44240751735937106
calculated iMatrix for 8, 2, 10, 5: -0.21271748385506556
calculated iMatrix for 8, 2, 10, 6: -0.13237234473469672
calculated iMatrix for 8, 2, 10, 7: 0.20236989303884206
calculated iMatrix for 8, 2, 10, 8: -0.047049967974698126
calculated iMatrix for 8, 2, 10, 9: 0.8383637278999967
calculated iMatrix for 8, 2, 10, 10: 0.45928463027882876
calculated iMatrix for 8, 2, 10, 11: -0.10995874989779669
calculated iMatrix for 8, 2, 10, 12: -1.336587250502319
calculated iMatrix for 8, 2, 10, 13: 0.2816034530413763
calculated iMatrix for 8, 2, 10, 14: 0.1816747812659117
calculated iMatrix for 8, 2, 10, 15: -0.6979639701499278
calculated iMatrix for 8, 2, 10, 16: -0.7317441839720453
calculated iMatrix for 8, 2, 10, 17: -0.21066454670175888
calculated iMatrix for 8, 2, 10, 18: 0.0883528257152314
calculated iMatrix for 8, 2, 10, 19: 0.1457577802818748
calculated iMatrix for 8, 2, 11, 0: 0.4437435229021133
calculated iMatrix for 8, 2, 11, 1: -0.2849810042101398
calculated iMatrix for 8, 2, 11, 2: -0.4060340717075995
calculated iMatrix for 8, 2, 11, 3: 0.42264067341775463
calculated iMatrix for 8, 2, 11, 4: 0.08971244523127087
calculated iMatrix for 8, 2, 11, 5: 0.19507296088909717
calculated iMatrix for 8, 2, 11, 6: 0.13850260940070297
calculated iMatrix for 8, 2, 11, 7: -0.0682104005174109
calculated iMatrix for 8, 2, 11, 8: -0.08948898422644014
calculated iMatrix for 8, 2, 11, 9: 0.3405927515170803
calculated iMatrix for 8, 2, 11, 10: 0.16382041738499276
calculated iMatrix for 8, 2, 11, 11: -0.09260911156268375
calculated iMatrix for 8, 2, 11, 12: -0.6569234202796606
calculated iMatrix for 8, 2, 11, 13: 0.18536691837692063
calculated iMatrix for 8, 2, 11, 14: 0.09476721589289494
calculated iMatrix for 8, 2, 11, 15: -0.46503241246955523
calculated iMatrix for 8, 2, 11, 16: -0.5747313297259797
calculated iMatrix for 8, 2, 11, 17: -0.1636201472058723
calculated iMatrix for 8, 2, 11, 18: -0.07660877021624263
calculated iMatrix for 8, 2, 11, 19: -0.12120561100867189
calculated iMatrix for 8, 2, 12, 0: 0.2792466289478458
calculated iMatrix for 8, 2, 12, 1: -0.4615541480932304
calculated iMatrix for 8, 2, 12, 2: 0.4900273273631196
calculated iMatrix for 8, 2, 12, 3: 0.5834816673691071
calculated iMatrix for 8, 2, 12, 4: -0.47955411980417234
calculated iMatrix for 8, 2, 12, 5: -0.18871030180771314
calculated iMatrix for 8, 2, 12, 6: 0.11652370268192772
calculated iMatrix for 8, 2, 12, 7: -0.2632927698184991
calculated iMatrix for 8, 2, 12, 8: 0.11129004587581814
calculated iMatrix for 8, 2, 12, 9: 0.22087360683383053
calculated iMatrix for 8, 2, 12, 10: -0.1308303243828814
calculated iMatrix for 8, 2, 12, 11: 0.01831283371375453
calculated iMatrix for 8, 2, 12, 12: -0.2751480832939009
calculated iMatrix for 8, 2, 12, 13: 0.24101817292629793
calculated iMatrix for 8, 2, 12, 14: 0.24788727535825467
calculated iMatrix for 8, 2, 12, 15: -0.20889869775270037
calculated iMatrix for 8, 2, 12, 16: -0.46653730364897544
calculated iMatrix for 8, 2, 12, 17: -0.4694867628189356
calculated iMatrix for 8, 2, 12, 18: -0.509182197082485
calculated iMatrix for 8, 2, 12, 19: -0.2541143562296125
calculated iMatrix for 8, 2, 13, 0: 0.5895403147877203
calculated iMatrix for 8, 2, 13, 1: -0.6600050868170688
calculated iMatrix for 8, 2, 13, 2: -0.09638127748410719
calculated iMatrix for 8, 2, 13, 3: 0.06439463724698108
calculated iMatrix for 8, 2, 13, 4: 0.017874621612088193
calculated iMatrix for 8, 2, 13, 5: -0.1537146182164693
calculated iMatrix for 8, 2, 13, 6: -0.22614050418720627
calculated iMatrix for 8, 2, 13, 7: 0.004971216776180232
calculated iMatrix for 8, 2, 13, 8: 0.004037073784383338
calculated iMatrix for 8, 2, 13, 9: 0.38258933456015587
calculated iMatrix for 8, 2, 13, 10: -0.1979696272205101
calculated iMatrix for 8, 2, 13, 11: 0.1407523291347184
calculated iMatrix for 8, 2, 13, 12: -0.2964097000337624
calculated iMatrix for 8, 2, 13, 13: 0.19980313526449867
calculated iMatrix for 8, 2, 13, 14: 0.3719026608821017
calculated iMatrix for 8, 2, 13, 15: -0.11743076473649766
calculated iMatrix for 8, 2, 13, 16: -0.3989423006405652
calculated iMatrix for 8, 2, 13, 17: -0.5685016058206684
calculated iMatrix for 8, 2, 13, 18: -0.4687021413585177
calculated iMatrix for 8, 2, 13, 19: -0.07908708623070965
calculated iMatrix for 8, 2, 14, 0: 0.3234943947505364
calculated iMatrix for 8, 2, 14, 1: -0.7777881224734522
calculated iMatrix for 8, 2, 14, 2: -0.3371032753937025
calculated iMatrix for 8, 2, 14, 3: -0.2223017278800406
calculated iMatrix for 8, 2, 14, 4: -0.16804794735546086
calculated iMatrix for 8, 2, 14, 5: -0.11579244701834096
calculated iMatrix for 8, 2, 14, 6: 0.1342563185192518
calculated iMatrix for 8, 2, 14, 7: -0.1106071882648384
calculated iMatrix for 8, 2, 14, 8: 0.32268019218152894
calculated iMatrix for 8, 2, 14, 9: 0.5430202991528275
calculated iMatrix for 8, 2, 14, 10: 0.5398943921212315
calculated iMatrix for 8, 2, 14, 11: -0.16974574063255504
calculated iMatrix for 8, 2, 14, 12: -0.03924228036583993
calculated iMatrix for 8, 2, 14, 13: -0.21263981696830375
calculated iMatrix for 8, 2, 14, 14: 0.2550364256566544
calculated iMatrix for 8, 2, 14, 15: -0.3539738756970912
calculated iMatrix for 8, 2, 14, 16: -0.4694241630505343
calculated iMatrix for 8, 2, 14, 17: -0.1021909536151589
calculated iMatrix for 8, 2, 14, 18: 0.24723580953716845
calculated iMatrix for 8, 2, 14, 19: 0.15841791910164438
calculated iMatrix for 8, 2, 15, 0: 0.09376671555931149
calculated iMatrix for 8, 2, 15, 1: -0.6881759637837652
calculated iMatrix for 8, 2, 15, 2: -0.05956730436139085
calculated iMatrix for 8, 2, 15, 3: 0.33950503483769917
calculated iMatrix for 8, 2, 15, 4: -0.1616019830496352
calculated iMatrix for 8, 2, 15, 5: -0.22328743520479982
calculated iMatrix for 8, 2, 15, 6: -0.12386165506678809
calculated iMatrix for 8, 2, 15, 7: -0.03762697714533053
calculated iMatrix for 8, 2, 15, 8: 0.44476106742541927
calculated iMatrix for 8, 2, 15, 9: 0.05280788829582006
calculated iMatrix for 8, 2, 15, 10: 0.06788504218674962
calculated iMatrix for 8, 2, 15, 11: 0.014775216872801089
calculated iMatrix for 8, 2, 15, 12: -0.21278471300565066
calculated iMatrix for 8, 2, 15, 13: -0.061210690105120924
calculated iMatrix for 8, 2, 15, 14: 0.2971076395773415
calculated iMatrix for 8, 2, 15, 15: -0.23912769971401754
calculated iMatrix for 8, 2, 15, 16: -0.10463768742829094
calculated iMatrix for 8, 2, 15, 17: 0.008824786092170356
calculated iMatrix for 8, 2, 15, 18: -0.3539738756970912
calculated iMatrix for 8, 2, 15, 19: -0.20520729452074055
calculated iMatrix for 8, 2, 16, 0: 0.0804787692843254
calculated iMatrix for 8, 2, 16, 1: -0.4985551045081988
calculated iMatrix for 8, 2, 16, 2: 0.030289024760470185
calculated iMatrix for 8, 2, 16, 3: 0.4261846818524838
calculated iMatrix for 8, 2, 16, 4: -0.0801865915641265
calculated iMatrix for 8, 2, 16, 5: -0.2776983138520564
calculated iMatrix for 8, 2, 16, 6: -0.2708763980285978
calculated iMatrix for 8, 2, 16, 7: 0.136877913673701
calculated iMatrix for 8, 2, 16, 8: 0.15841791910164438
calculated iMatrix for 8, 2, 16, 9: 0.05692262240828011
calculated iMatrix for 8, 2, 16, 10: 0.1186999821045232
calculated iMatrix for 8, 2, 16, 11: -0.0070049742705354245
calculated iMatrix for 8, 2, 16, 12: -0.2318711788961913
calculated iMatrix for 8, 2, 16, 13: 0.2264713823466601
calculated iMatrix for 8, 2, 16, 14: 0.14855294525420434
calculated iMatrix for 8, 2, 16, 15: -0.31430861930465986
calculated iMatrix for 8, 2, 16, 16: -0.24255353382853656
calculated iMatrix for 8, 2, 16, 17: 0.08691524061020967
calculated iMatrix for 8, 2, 16, 18: -0.30333014287833643
calculated iMatrix for 8, 2, 16, 19: -0.25302940440353733
calculated fs for 0: [J@4b32ace3
calculated fs for 0: [J@4b32ace3
calculated fs for 0: [J@4b32ace3
calculated fs for 0: [J@4b32ace3
calculated fs for 0: [J@4b32ace3
calculated fs for 0: [J@4b32ace3
calculated fs for 0: [J@4b32ace3
calculated fs for 0: [J@4b32ace3
calculated fs for 0: [J@4b32ace3
calculated fs for 0: [J@4b32ace3
calculated fs for 0: [J@4b32ace3
calculated fs for 0: [J@4b32ace3
calculated fs for 0: [J@4b32ace3
calculated fs for 0: [J@4b32ace3
calculated fs for 0: [J@4b32ace3
calculated fs for 0: [J@4b32ace3
calculated fs for 0: [J@4b32ace3
calculated fs for 0: [J@4b32ace3
calculated fs for 0: [J@4b32ace3
calculated fs for 0: [J@4b32ace3
calculated fs for 0: [J@4b32ace3
calculated fs for 0: [J@4b32ace3
calculated fs for 0: [J@4b32ace3
calculated fs for 0: [J@4b32ace3
calculated fs for 0: [J@4b32ace3
calculated fs for 0: [J@4b32ace3
calculated fs for 0: [J@4b32ace3
calculated fs for 0: [J@4b32ace3
calculated fs for 0: [J@4b32ace3
calculated fs for 0: [J@4b32ace3
calculated fs for 0: [J@4b32ace3
calculated fs for 0: [J@4b32ace3
calculated fs for 0: [J@4b32ace3
calculated fs for 0: [J@4b32ace3
calculated fs for 0: [J@4b32ace3
calculated fs for 0: [J@4b32ace3
calculated fs for 0: [J@4b32ace3
calculated fs for 0: [J@4b32ace3
calculated fs for 0: [J@4b32ace3
calculated fs for 0: [J@4b32ace3
calculated fs for 0: [J@4b32ace3
calculated fs for 0: [J@4b32ace3
calculated fs for 0: [J@4b32ace3
calculated fs for 0: [J@4b32ace3
calculated fs for 0: [J@4b32ace3
calculated fs for 0: [J@4b32ace3
calculated fs for 0: [J@4b32ace3
calculated fs for 0: [J@4b32ace3
calculated fs for 0: [J@4b32ace3
calculated fs for 0: [J@4b32ace3
calculated fs for 0: [J@4b32ace3
calculated fs for 0: [J@4b32ace3
calculated fs for 0: [J@4b32ace3
calculated fs for 0: [J@4b32ace3
calculated fs for 0: [J@4b32ace3
calculated fs for 0: [J@4b32ace3
calculated fs for 0: [J@4b32ace3
calculated fs for 0: [J@4b32ace3
calculated fs for 0: [J@4b32ace3
calculated fs for 0: [J@4b32ace3
calculated fs for 0: [J@4b32ace3
calculated fs for 0: [J@4b32ace3
calculated fs for 0: [J@4b32ace3
calculated fs for 0: [J@4b32ace3
calculated fs for 0: [J@4b32ace3
calculated fs for 0: [J@4b32ace3
calculated fs for 0: [J@4b32ace3
calculated fs for 0: [J@4b32ace3
calculated fs for 0: [J@4b32ace3
calculated fs for 0: [J@4b32ace3
calculated fs for 0: [J@4b32ace3
calculated fs for 0: [J@4b32ace3
calculated fs for 0: [J@4b32ace3
calculated fs for 0: [J@4b32ace3
calculated fs for 0: [J@4b32ace3
calculated fs for 0: [J@4b32ace3
calculated fs for 0: [J@4b32ace3
calculated fs for 0: [J@4b32ace3
calculated fs for 0: [J@4b32ace3
calculated fs for 0: [J@4b32ace3
calculated fs for 0: [J@4b32ace3
calculated fs for 0: [J@4b32ace3
calculated fs for 0: [J@4b32ace3
calculated fs for 0: [J@4b32ace3
calculated fs for 0: [J@4b32ace3
calculated fs for 0: [J@4b32ace3
calculated fs for 0: [J@4b32ace3
calculated fs for 0: [J@4b32ace3
calculated fs for 0: [J@4b32ace3
calculated fs for 0: [J@4b32ace3
calculated fs for 0: [J@4b32ace3
calculated fs for 0: [J@4b32ace3
calculated fs for 0: [J@4b32ace3
calculated fs for 0: [J@4b32ace3
calculated fs for 0: [J@4b32ace3
calculated fs for 0: [J@4b32ace3
calculated fs for 0: [J@4b32ace3
calculated fs for 0: [J@4b32ace3
calculated fs for 0: [J@4b32ace3
calculated fs for 0: [J@4b32ace3
calculated fs for 0: [J@4b32ace3
calculated fs for 0: [J@4b32ace3
calculated fs for 0: [J@4b32ace3
calculated fs for 0: [J@4b32ace3
calculated fs for 0: [J@4b32ace3
calculated fs for 0: [J@4b32ace3
calculated fs for 0: [J@4b32ace3
calculated fs for 0: [J@4b32ace3
calculated fs for 0: [J@4b32ace3
calculated fs for 0: [J@4b32ace3
calculated fs for 0: [J@4b32ace3
calculated fs for 0: [J@4b32ace3
calculated fs for 0: [J@4b32ace3
calculated fs for 0: [J@4b32ace3
calculated fs for 0: [J@4b32ace3
calculated fs for 0: [J@4b32ace3
calculated fs for 0: [J@4b32ace3
calculated fs for 0: [J@4b32ace3
calculated fs for 0: [J@4b32ace3
calculated fs for 0: [J@4b32ace3
calculated fs for 0: [J@4b32ace3
calculated fs for 0: [J@4b32ace3
calculated fs for 0: [J@4b32ace3
calculated fs for 0: [J@4b32ace3
calculated fs for 0: [J@4b32ace3
calculated fs for 0: [J@4b32ace3
calculated fs for 0: [J@4b32ace3
calculated fs for 0: [J@4b32ace3
calculated fs for 0: [J@4b32ace3
calculated fs for 0: [J@4b32ace3
calculated fs for 0: [J@4b32ace3
calculated fs for 0: [J@4b32ace3
calculated fs for 0: [J@4b32ace3
calculated fs for 0: [J@4b32ace3
calculated fs for 0: [J@4b32ace3
calculated fs for 0: [J@4b32ace3
calculated fs for 0: [J@4b32ace3
calculated fs for 0: [J@4b32ace3
calculated fs for 0: [J@4b32ace3
calculated fs for 0: [J@4b32ace3
calculated fs for 0: [J@4b32ace3
calculated fs for 0: [J@4b32ace3
calculated fs for 0: [J@4b32ace3
calculated fs for 0: [J@4b32ace3
calculated fs for 0: [J@4b32ace3
calculated fs for 0: [J@4b32ace3
calculated fs for 0: [J@4b32ace3
calculated fs for 0: [J@4b32ace3
calculated fs for 0: [J@4b32ace3
calculated fs for 0: [J@4b32ace3
calculated fs for 0: [J@4b32ace3
calculated fs for 0: [J@4b32ace3
calculated fs for 0: [J@4b32ace3
calculated fs for 0: [J@4b32ace3
calculated fs for 0: [J@4b32ace3
calculated fs for 0: [J@4b32ace3
calculated fs for 0: [J@4b32ace3
calculated fs for 0: [J@4b32ace3
calculated fs for 0: [J@4b32ace3
calculated fs for 0: [J@4b32ace3
calculated fs for 0: [J@4b32ace3
calculated fs for 0: [J@4b32ace3
calculated fs for 0: [J@4b32ace3
calculated fs for 0: [J@4b32ace3
calculated fs for 0: [J@4b32ace3
calculated fs for 0: [J@4b32ace3
calculated fs for 0: [J@4b32ace3
calculated fs for 0: [J@4b32ace3
calculated fs for 0: [J@4b32ace3
calculated fs for 0: [J@4b32ace3
calculated fs for 0: [J@4b32ace3
calculated fs for 0: [J@4b32ace3
calculated fs for 0: [J@4b32ace3
calculated fs for 0: [J@4b32ace3
calculated fs for 0: [J@4b32ace3
calculated fs for 0: [J@4b32ace3
calculated fs for 0: [J@4b32ace3
calculated fs for 0: [J@4b32ace3
calculated fs for 0: [J@4b32ace3
calculated fs for 0: [J@4b32ace3
calculated fs for 0: [J@4b32ace3
calculated fs for 0: [J@4b32ace3
calculated fs for 0: [J@4b32ace3
calculated fs for 0: [J@4b32ace3
calculated fs for 0: [J@4b32ace3
calculated fs for 0: [J@4b32ace3
calculated fs for 0: [J@4b32ace3
calculated fs for 0: [J@4b32ace3
calculated fs for 0: [J@4b32ace3
calculated fs for 0: [J@4b32ace3
calculated fs for 0: [J@4b32ace3
calculated fs for 0: [J@4b32ace3
calculated fs for 0: [J@4b32ace3
calculated fs for 0: [J@4b32ace3
calculated fs for 0: [J@4b32ace3
calculated fs for 0: [J@4b32ace3
calculated fs for 0: [J@4b32ace3
calculated fs for 0: [J@4b32ace3
calculated fs for 0: [J@4b32ace3
calculated fs for 0: [J@4b32ace3
calculated fs for 0: [J@4b32ace3
calculated fs for 0: [J@4b32ace3
calculated fs for 0: [J@4b32ace3
calculated fs for 0: [J@4b32ace3
calculated fs for 0: [J@4b32ace3
calculated fs for 0: [J@4b32ace3
calculated fs for 0: [J@4b32ace3
calculated fs for 0: [J@4b32ace3
calculated fs for 0: [J@4b32ace3
calculated fs for 0: [J@4b32ace3
calculated fs for 0: [J@4b32ace3
calculated fs for 0: [J@4b32ace3
calculated fs for 0: [J@4b32ace3
calculated fs for 0: [J@4b32ace3
calculated fs for 0: [J@4b32ace3
calculated fs for 0: [J@4b32ace3
calculated fs for 0: [J@4b32ace3
calculated fs for 0: [J@4b32ace3
calculated fs for 0: [J@4b32ace3
calculated fs for 0: [J@4b32ace3
calculated fs for 0: [J@4b32ace3
calculated fs for 0: [J@4b32ace3
calculated fs for 0: [J@4b32ace3
calculated fs for 0: [J@4b32ace3
calculated fs for 0: [J@4b32ace3
calculated fs for 0: [J@4b32ace3
calculated fs for 0: [J@4b32ace3
calculated fs for 0: [J@4b32ace3
calculated fs for 0: [J@4b32ace3
calculated fs for 0: [J@4b32ace3
calculated fs for 0: [J@4b32ace3
calculated fs for 0: [J@4b32ace3
calculated fs for 0: [J@4b32ace3
calculated fs for 0: [J@4b32ace3
calculated fs for 0: [J@4b32ace3
calculated fs for 0: [J@4b32ace3
calculated fs for 0: [J@4b32ace3
calculated fs for 0: [J@4b32ace3
calculated fs for 0: [J@4b32ace3
calculated fs for 0: [J@4b32ace3
calculated fs for 0: [J@4b32ace3
calculated fs for 0: [J@4b32ace3
calculated fs for 0: [J@4b32ace3
calculated fs for 0: [J@4b32ace3
calculated fs for 0: [J@4b32ace3
calculated fs for 0: [J@4b32ace3
calculated fs for 0: [J@4b32ace3
calculated fs for 0: [J@4b32ace3
calculated fs for 0: [J@4b32ace3
calculated fs for 0: [J@4b32ace3
calculated fs for 0: [J@4b32ace3
calculated fs for 0: [J@4b32ace3
calculated fs for 0: [J@4b32ace3
calculated fs for 0: [J@4b32ace3
calculated fs for 0: [J@4b32ace3
calculated fs for 0: [J@4b32ace3
calculated fs for 0: [J@4b32ace3
calculated fs for 0: [J@4b32ace3
calculated fs for 0: [J@4b32ace3
calculated fs for 0: [J@4b32ace3
calculated fs for 0: [J@4b32ace3
calculated fs for 0: [J@4b32ace3
calculated fs for 0: [J@4b32ace3
calculated fs for 0: [J@4b32ace3
calculated fs for 0: [J@4b32ace3
calculated fs for 0: [J@4b32ace3
calculated fs for 0: [J@4b32ace3
calculated fs for 0: [J@4b32ace3
calculated fs for 0: [J@4b32ace3
calculated fs for 0: [J@4b32ace3
calculated fs for 0: [J@4b32ace3
calculated fs for 0: [J@4b32ace3
calculated fs for 0: [J@4b32ace3
calculated fs for 0: [J@4b32ace3
calculated fs for 0: [J@4b32ace3
calculated fs for 0: [J@4b32ace3
calculated fs for 0: [J@4b32ace3
calculated fs for 0: [J@4b32ace3
calculated fs for 0: [J@4b32ace3
calculated fs for 0: [J@4b32ace3
calculated fs for 0: [J@4b32ace3
calculated fs for 0: [J@4b32ace3
calculated fs for 0: [J@4b32ace3
calculated fs for 0: [J@4b32ace3
calculated fs for 0: [J@4b32ace3
calculated fs for 0: [J@4b32ace3
calculated fs for 0: [J@4b32ace3
calculated fs for 0: [J@4b32ace3
calculated fs for 0: [J@4b32ace3
calculated fs for 0: [J@4b32ace3
calculated fs for 0: [J@4b32ace3
calculated fs for 0: [J@4b32ace3
calculated fs for 0: [J@4b32ace3
calculated fs for 0: [J@4b32ace3
calculated fs for 0: [J@4b32ace3
calculated fs for 0: [J@4b32ace3
calculated fs for 0: [J@4b32ace3
calculated fs for 0: [J@4b32ace3
calculated fs for 0: [J@4b32ace3
calculated fs for 0: [J@4b32ace3
calculated fs for 0: [J@4b32ace3
calculated fs for 0: [J@4b32ace3
calculated fs for 0: [J@4b32ace3
calculated fs for 0: [J@4b32ace3
calculated fs for 0: [J@4b32ace3
calculated fs for 0: [J@4b32ace3
calculated fs for 0: [J@4b32ace3
calculated fs for 0: [J@4b32ace3
calculated fs for 0: [J@4b32ace3
calculated fs for 0: [J@4b32ace3
calculated fs for 0: [J@4b32ace3
calculated fs for 0: [J@4b32ace3
calculated fs for 0: [J@4b32ace3
calculated fs for 0: [J@4b32ace3
calculated fs for 0: [J@4b32ace3
calculated fs for 0: [J@4b32ace3
calculated fs for 0: [J@4b32ace3
calculated fs for 0: [J@4b32ace3
calculated fs for 0: [J@4b32ace3
calculated fs for 0: [J@4b32ace3
calculated fs for 0: [J@4b32ace3
calculated fs for 0: [J@4b32ace3
calculated fs for 0: [J@4b32ace3
calculated fs for 0: [J@4b32ace3
calculated fs for 0: [J@4b32ace3
calculated fs for 0: [J@4b32ace3
calculated fs for 0: [J@4b32ace3
calculated fs for 0: [J@4b32ace3
calculated fs for 0: [J@4b32ace3
calculated fs for 0: [J@4b32ace3
calculated fs for 0: [J@4b32ace3
calculated fs for 0: [J@4b32ace3
calculated fs for 0: [J@4b32ace3
calculated fs for 0: [J@4b32ace3
calculated fs for 0: [J@4b32ace3
calculated fs for 0: [J@4b32ace3
calculated fs for 0: [J@4b32ace3
calculated fs for 0: [J@4b32ace3
calculated fs for 0: [J@4b32ace3
calculated fs for 0: [J@4b32ace3
calculated fs for 1: [J@6bf491a6
calculated fs for 1: [J@6bf491a6
calculated fs for 1: [J@6bf491a6
calculated fs for 1: [J@6bf491a6
calculated fs for 1: [J@6bf491a6
calculated fs for 1: [J@6bf491a6
calculated fs for 1: [J@6bf491a6
calculated fs for 1: [J@6bf491a6
calculated fs for 1: [J@6bf491a6
calculated fs for 1: [J@6bf491a6
calculated fs for 1: [J@6bf491a6
calculated fs for 1: [J@6bf491a6
calculated fs for 1: [J@6bf491a6
calculated fs for 1: [J@6bf491a6
calculated fs for 1: [J@6bf491a6
calculated fs for 1: [J@6bf491a6
calculated fs for 1: [J@6bf491a6
calculated fs for 1: [J@6bf491a6
calculated fs for 1: [J@6bf491a6
calculated fs for 1: [J@6bf491a6
calculated fs for 1: [J@6bf491a6
calculated fs for 1: [J@6bf491a6
calculated fs for 1: [J@6bf491a6
calculated fs for 1: [J@6bf491a6
calculated fs for 1: [J@6bf491a6
calculated fs for 1: [J@6bf491a6
calculated fs for 1: [J@6bf491a6
calculated fs for 1: [J@6bf491a6
calculated fs for 1: [J@6bf491a6
calculated fs for 1: [J@6bf491a6
calculated fs for 1: [J@6bf491a6
calculated fs for 1: [J@6bf491a6
calculated fs for 1: [J@6bf491a6
calculated fs for 1: [J@6bf491a6
calculated fs for 1: [J@6bf491a6
calculated fs for 1: [J@6bf491a6
calculated fs for 1: [J@6bf491a6
calculated fs for 1: [J@6bf491a6
calculated fs for 1: [J@6bf491a6
calculated fs for 1: [J@6bf491a6
calculated fs for 1: [J@6bf491a6
calculated fs for 1: [J@6bf491a6
calculated fs for 1: [J@6bf491a6
calculated fs for 1: [J@6bf491a6
calculated fs for 1: [J@6bf491a6
calculated fs for 1: [J@6bf491a6
calculated fs for 1: [J@6bf491a6
calculated fs for 1: [J@6bf491a6
calculated fs for 1: [J@6bf491a6
calculated fs for 1: [J@6bf491a6
calculated fs for 1: [J@6bf491a6
calculated fs for 1: [J@6bf491a6
calculated fs for 1: [J@6bf491a6
calculated fs for 1: [J@6bf491a6
calculated fs for 1: [J@6bf491a6
calculated fs for 1: [J@6bf491a6
calculated fs for 1: [J@6bf491a6
calculated fs for 1: [J@6bf491a6
calculated fs for 1: [J@6bf491a6
calculated fs for 1: [J@6bf491a6
calculated fs for 1: [J@6bf491a6
calculated fs for 1: [J@6bf491a6
calculated fs for 1: [J@6bf491a6
calculated fs for 1: [J@6bf491a6
calculated fs for 1: [J@6bf491a6
calculated fs for 1: [J@6bf491a6
calculated fs for 1: [J@6bf491a6
calculated fs for 1: [J@6bf491a6
calculated fs for 1: [J@6bf491a6
calculated fs for 1: [J@6bf491a6
calculated fs for 1: [J@6bf491a6
calculated fs for 1: [J@6bf491a6
calculated fs for 1: [J@6bf491a6
calculated fs for 1: [J@6bf491a6
calculated fs for 1: [J@6bf491a6
calculated fs for 1: [J@6bf491a6
calculated fs for 1: [J@6bf491a6
calculated fs for 1: [J@6bf491a6
calculated fs for 1: [J@6bf491a6
calculated fs for 1: [J@6bf491a6
calculated fs for 1: [J@6bf491a6
calculated fs for 1: [J@6bf491a6
calculated fs for 1: [J@6bf491a6
calculated fs for 1: [J@6bf491a6
calculated fs for 1: [J@6bf491a6
calculated fs for 1: [J@6bf491a6
calculated fs for 1: [J@6bf491a6
calculated fs for 1: [J@6bf491a6
calculated fs for 1: [J@6bf491a6
calculated fs for 1: [J@6bf491a6
calculated fs for 1: [J@6bf491a6
calculated fs for 1: [J@6bf491a6
calculated fs for 1: [J@6bf491a6
calculated fs for 1: [J@6bf491a6
calculated fs for 1: [J@6bf491a6
calculated fs for 1: [J@6bf491a6
calculated fs for 1: [J@6bf491a6
calculated fs for 1: [J@6bf491a6
calculated fs for 1: [J@6bf491a6
calculated fs for 1: [J@6bf491a6
calculated fs for 1: [J@6bf491a6
calculated fs for 1: [J@6bf491a6
calculated fs for 1: [J@6bf491a6
calculated fs for 1: [J@6bf491a6
calculated fs for 1: [J@6bf491a6
calculated fs for 1: [J@6bf491a6
calculated fs for 1: [J@6bf491a6
calculated fs for 1: [J@6bf491a6
calculated fs for 1: [J@6bf491a6
calculated fs for 1: [J@6bf491a6
calculated fs for 1: [J@6bf491a6
calculated fs for 1: [J@6bf491a6
calculated fs for 1: [J@6bf491a6
calculated fs for 1: [J@6bf491a6
calculated fs for 1: [J@6bf491a6
calculated fs for 1: [J@6bf491a6
calculated fs for 1: [J@6bf491a6
calculated fs for 1: [J@6bf491a6
calculated fs for 1: [J@6bf491a6
calculated fs for 1: [J@6bf491a6
calculated fs for 1: [J@6bf491a6
calculated fs for 1: [J@6bf491a6
calculated fs for 1: [J@6bf491a6
calculated fs for 1: [J@6bf491a6
calculated fs for 1: [J@6bf491a6
calculated fs for 1: [J@6bf491a6
calculated fs for 1: [J@6bf491a6
calculated fs for 1: [J@6bf491a6
calculated fs for 1: [J@6bf491a6
calculated fs for 1: [J@6bf491a6
calculated fs for 1: [J@6bf491a6
calculated fs for 1: [J@6bf491a6
calculated fs for 1: [J@6bf491a6
calculated fs for 1: [J@6bf491a6
calculated fs for 1: [J@6bf491a6
calculated fs for 1: [J@6bf491a6
calculated fs for 1: [J@6bf491a6
calculated fs for 1: [J@6bf491a6
calculated fs for 1: [J@6bf491a6
calculated fs for 1: [J@6bf491a6
calculated fs for 1: [J@6bf491a6
calculated fs for 1: [J@6bf491a6
calculated fs for 1: [J@6bf491a6
calculated fs for 1: [J@6bf491a6
calculated fs for 1: [J@6bf491a6
calculated fs for 1: [J@6bf491a6
calculated fs for 1: [J@6bf491a6
calculated fs for 1: [J@6bf491a6
calculated fs for 1: [J@6bf491a6
calculated fs for 1: [J@6bf491a6
calculated fs for 1: [J@6bf491a6
calculated fs for 1: [J@6bf491a6
calculated fs for 1: [J@6bf491a6
calculated fs for 1: [J@6bf491a6
calculated fs for 1: [J@6bf491a6
calculated fs for 1: [J@6bf491a6
calculated fs for 1: [J@6bf491a6
calculated fs for 1: [J@6bf491a6
calculated fs for 1: [J@6bf491a6
calculated fs for 1: [J@6bf491a6
calculated fs for 1: [J@6bf491a6
calculated fs for 1: [J@6bf491a6
calculated fs for 1: [J@6bf491a6
calculated fs for 1: [J@6bf491a6
calculated fs for 1: [J@6bf491a6
calculated fs for 1: [J@6bf491a6
calculated fs for 1: [J@6bf491a6
calculated fs for 1: [J@6bf491a6
calculated fs for 1: [J@6bf491a6
calculated fs for 1: [J@6bf491a6
calculated fs for 1: [J@6bf491a6
calculated fs for 1: [J@6bf491a6
calculated fs for 1: [J@6bf491a6
calculated fs for 1: [J@6bf491a6
calculated fs for 1: [J@6bf491a6
calculated fs for 1: [J@6bf491a6
calculated fs for 1: [J@6bf491a6
calculated fs for 1: [J@6bf491a6
calculated fs for 1: [J@6bf491a6
calculated fs for 1: [J@6bf491a6
calculated fs for 1: [J@6bf491a6
calculated fs for 1: [J@6bf491a6
calculated fs for 1: [J@6bf491a6
calculated fs for 1: [J@6bf491a6
calculated fs for 1: [J@6bf491a6
calculated fs for 1: [J@6bf491a6
calculated fs for 1: [J@6bf491a6
calculated fs for 1: [J@6bf491a6
calculated fs for 1: [J@6bf491a6
calculated fs for 1: [J@6bf491a6
calculated fs for 1: [J@6bf491a6
calculated fs for 1: [J@6bf491a6
calculated fs for 1: [J@6bf491a6
calculated fs for 1: [J@6bf491a6
calculated fs for 1: [J@6bf491a6
calculated fs for 1: [J@6bf491a6
calculated fs for 1: [J@6bf491a6
calculated fs for 1: [J@6bf491a6
calculated fs for 1: [J@6bf491a6
calculated fs for 1: [J@6bf491a6
calculated fs for 1: [J@6bf491a6
calculated fs for 1: [J@6bf491a6
calculated fs for 1: [J@6bf491a6
calculated fs for 1: [J@6bf491a6
calculated fs for 1: [J@6bf491a6
calculated fs for 1: [J@6bf491a6
calculated fs for 1: [J@6bf491a6
calculated fs for 1: [J@6bf491a6
calculated fs for 1: [J@6bf491a6
calculated fs for 1: [J@6bf491a6
calculated fs for 1: [J@6bf491a6
calculated fs for 1: [J@6bf491a6
calculated fs for 1: [J@6bf491a6
calculated fs for 1: [J@6bf491a6
calculated fs for 1: [J@6bf491a6
calculated fs for 1: [J@6bf491a6
calculated fs for 1: [J@6bf491a6
calculated fs for 1: [J@6bf491a6
calculated fs for 1: [J@6bf491a6
calculated fs for 1: [J@6bf491a6
calculated fs for 1: [J@6bf491a6
calculated fs for 1: [J@6bf491a6
calculated fs for 1: [J@6bf491a6
calculated fs for 1: [J@6bf491a6
calculated fs for 1: [J@6bf491a6
calculated fs for 1: [J@6bf491a6
calculated fs for 1: [J@6bf491a6
calculated fs for 1: [J@6bf491a6
calculated fs for 1: [J@6bf491a6
calculated fs for 1: [J@6bf491a6
calculated fs for 1: [J@6bf491a6
calculated fs for 1: [J@6bf491a6
calculated fs for 1: [J@6bf491a6
calculated fs for 1: [J@6bf491a6
calculated fs for 1: [J@6bf491a6
calculated fs for 1: [J@6bf491a6
calculated fs for 1: [J@6bf491a6
calculated fs for 1: [J@6bf491a6
calculated fs for 1: [J@6bf491a6
calculated fs for 1: [J@6bf491a6
calculated fs for 1: [J@6bf491a6
calculated fs for 1: [J@6bf491a6
calculated fs for 1: [J@6bf491a6
calculated fs for 1: [J@6bf491a6
calculated fs for 1: [J@6bf491a6
calculated fs for 1: [J@6bf491a6
calculated fs for 1: [J@6bf491a6
calculated fs for 1: [J@6bf491a6
calculated fs for 1: [J@6bf491a6
calculated fs for 1: [J@6bf491a6
calculated fs for 1: [J@6bf491a6
calculated fs for 1: [J@6bf491a6
calculated fs for 1: [J@6bf491a6
calculated fs for 1: [J@6bf491a6
calculated fs for 1: [J@6bf491a6
calculated fs for 1: [J@6bf491a6
calculated fs for 1: [J@6bf491a6
calculated fs for 1: [J@6bf491a6
calculated fs for 1: [J@6bf491a6
calculated fs for 1: [J@6bf491a6
calculated fs for 1: [J@6bf491a6
calculated fs for 1: [J@6bf491a6
calculated fs for 1: [J@6bf491a6
calculated fs for 1: [J@6bf491a6
calculated fs for 1: [J@6bf491a6
calculated fs for 1: [J@6bf491a6
calculated fs for 1: [J@6bf491a6
calculated fs for 1: [J@6bf491a6
calculated fs for 1: [J@6bf491a6
calculated fs for 1: [J@6bf491a6
calculated fs for 1: [J@6bf491a6
calculated fs for 1: [J@6bf491a6
calculated fs for 1: [J@6bf491a6
calculated fs for 1: [J@6bf491a6
calculated fs for 1: [J@6bf491a6
calculated fs for 1: [J@6bf491a6
calculated fs for 1: [J@6bf491a6
calculated fs for 1: [J@6bf491a6
calculated fs for 1: [J@6bf491a6
calculated fs for 1: [J@6bf491a6
calculated fs for 1: [J@6bf491a6
calculated fs for 1: [J@6bf491a6
calculated fs for 1: [J@6bf491a6
calculated fs for 1: [J@6bf491a6
calculated fs for 1: [J@6bf491a6
calculated fs for 1: [J@6bf491a6
calculated fs for 1: [J@6bf491a6
calculated fs for 1: [J@6bf491a6
calculated fs for 1: [J@6bf491a6
calculated fs for 1: [J@6bf491a6
calculated fs for 1: [J@6bf491a6
calculated fs for 1: [J@6bf491a6
calculated fs for 1: [J@6bf491a6
calculated fs for 1: [J@6bf491a6
calculated fs for 1: [J@6bf491a6
calculated fs for 1: [J@6bf491a6
calculated fs for 1: [J@6bf491a6
calculated fs for 1: [J@6bf491a6
calculated fs for 1: [J@6bf491a6
calculated fs for 1: [J@6bf491a6
calculated fs for 1: [J@6bf491a6
calculated fs for 1: [J@6bf491a6
calculated fs for 1: [J@6bf491a6
calculated fs for 1: [J@6bf491a6
calculated fs for 1: [J@6bf491a6
calculated fs for 1: [J@6bf491a6
calculated fs for 1: [J@6bf491a6
calculated fs for 1: [J@6bf491a6
calculated fs for 1: [J@6bf491a6
calculated fs for 1: [J@6bf491a6
calculated fs for 1: [J@6bf491a6
calculated fs for 1: [J@6bf491a6
calculated fs for 1: [J@6bf491a6
calculated fs for 1: [J@6bf491a6
calculated fs for 1: [J@6bf491a6
calculated fs for 1: [J@6bf491a6
calculated fs for 1: [J@6bf491a6
calculated fs for 1: [J@6bf491a6
calculated fs for 1: [J@6bf491a6
calculated fs for 1: [J@6bf491a6
calculated fs for 1: [J@6bf491a6
calculated fs for 1: [J@6bf491a6
calculated fs for 1: [J@6bf491a6
calculated fs for 1: [J@6bf491a6
calculated fs for 1: [J@6bf491a6
calculated fs for 1: [J@6bf491a6
calculated fs for 1: [J@6bf491a6
calculated fs for 1: [J@6bf491a6
calculated fs for 1: [J@6bf491a6
calculated fs for 1: [J@6bf491a6
calculated fs for 1: [J@6bf491a6
calculated fs for 1: [J@6bf491a6
calculated fs for 1: [J@6bf491a6
calculated fs for 1: [J@6bf491a6
calculated fs for 1: [J@6bf491a6
calculated fs for 1: [J@6bf491a6
calculated fs for 1: [J@6bf491a6
calculated fs for 1: [J@6bf491a6
calculated fs for 1: [J@6bf491a6
calculated fs for 1: [J@6bf491a6
calculated fs for 2: [J@58660a9
calculated fs for 2: [J@58660a9
calculated fs for 2: [J@58660a9
calculated fs for 2: [J@58660a9
calculated fs for 2: [J@58660a9
calculated fs for 2: [J@58660a9
calculated fs for 2: [J@58660a9
calculated fs for 2: [J@58660a9
calculated fs for 2: [J@58660a9
calculated fs for 2: [J@58660a9
calculated fs for 2: [J@58660a9
calculated fs for 2: [J@58660a9
calculated fs for 2: [J@58660a9
calculated fs for 2: [J@58660a9
calculated fs for 2: [J@58660a9
calculated fs for 2: [J@58660a9
calculated fs for 2: [J@58660a9
calculated fs for 2: [J@58660a9
calculated fs for 2: [J@58660a9
calculated fs for 2: [J@58660a9
calculated fs for 2: [J@58660a9
calculated fs for 2: [J@58660a9
calculated fs for 2: [J@58660a9
calculated fs for 2: [J@58660a9
calculated fs for 2: [J@58660a9
calculated fs for 2: [J@58660a9
calculated fs for 2: [J@58660a9
calculated fs for 2: [J@58660a9
calculated fs for 2: [J@58660a9
calculated fs for 2: [J@58660a9
calculated fs for 2: [J@58660a9
calculated fs for 2: [J@58660a9
calculated fs for 2: [J@58660a9
calculated fs for 2: [J@58660a9
calculated fs for 2: [J@58660a9
calculated fs for 2: [J@58660a9
calculated fs for 2: [J@58660a9
calculated fs for 2: [J@58660a9
calculated fs for 2: [J@58660a9
calculated fs for 2: [J@58660a9
calculated fs for 2: [J@58660a9
calculated fs for 2: [J@58660a9
calculated fs for 2: [J@58660a9
calculated fs for 2: [J@58660a9
calculated fs for 2: [J@58660a9
calculated fs for 2: [J@58660a9
calculated fs for 2: [J@58660a9
calculated fs for 2: [J@58660a9
calculated fs for 2: [J@58660a9
calculated fs for 2: [J@58660a9
calculated fs for 2: [J@58660a9
calculated fs for 2: [J@58660a9
calculated fs for 2: [J@58660a9
calculated fs for 2: [J@58660a9
calculated fs for 2: [J@58660a9
calculated fs for 2: [J@58660a9
calculated fs for 2: [J@58660a9
calculated fs for 2: [J@58660a9
calculated fs for 2: [J@58660a9
calculated fs for 2: [J@58660a9
calculated fs for 2: [J@58660a9
calculated fs for 2: [J@58660a9
calculated fs for 2: [J@58660a9
calculated fs for 2: [J@58660a9
calculated fs for 2: [J@58660a9
calculated fs for 2: [J@58660a9
calculated fs for 2: [J@58660a9
calculated fs for 2: [J@58660a9
calculated fs for 2: [J@58660a9
calculated fs for 2: [J@58660a9
calculated fs for 2: [J@58660a9
calculated fs for 2: [J@58660a9
calculated fs for 2: [J@58660a9
calculated fs for 2: [J@58660a9
calculated fs for 2: [J@58660a9
calculated fs for 2: [J@58660a9
calculated fs for 2: [J@58660a9
calculated fs for 2: [J@58660a9
calculated fs for 2: [J@58660a9
calculated fs for 2: [J@58660a9
calculated fs for 2: [J@58660a9
calculated fs for 2: [J@58660a9
calculated fs for 2: [J@58660a9
calculated fs for 2: [J@58660a9
calculated fs for 2: [J@58660a9
calculated fs for 2: [J@58660a9
calculated fs for 2: [J@58660a9
calculated fs for 2: [J@58660a9
calculated fs for 2: [J@58660a9
calculated fs for 2: [J@58660a9
calculated fs for 2: [J@58660a9
calculated fs for 2: [J@58660a9
calculated fs for 2: [J@58660a9
calculated fs for 2: [J@58660a9
calculated fs for 2: [J@58660a9
calculated fs for 2: [J@58660a9
calculated fs for 2: [J@58660a9
calculated fs for 2: [J@58660a9
calculated fs for 2: [J@58660a9
calculated fs for 2: [J@58660a9
calculated fs for 2: [J@58660a9
calculated fs for 2: [J@58660a9
calculated fs for 2: [J@58660a9
calculated fs for 2: [J@58660a9
calculated fs for 2: [J@58660a9
calculated fs for 2: [J@58660a9
calculated fs for 2: [J@58660a9
calculated fs for 2: [J@58660a9
calculated fs for 2: [J@58660a9
calculated fs for 2: [J@58660a9
calculated fs for 2: [J@58660a9
calculated fs for 2: [J@58660a9
calculated fs for 2: [J@58660a9
calculated fs for 2: [J@58660a9
calculated fs for 2: [J@58660a9
calculated fs for 2: [J@58660a9
calculated fs for 2: [J@58660a9
calculated fs for 2: [J@58660a9
calculated fs for 2: [J@58660a9
calculated fs for 2: [J@58660a9
calculated fs for 2: [J@58660a9
calculated fs for 2: [J@58660a9
calculated fs for 2: [J@58660a9
calculated fs for 2: [J@58660a9
calculated fs for 2: [J@58660a9
calculated fs for 2: [J@58660a9
calculated fs for 2: [J@58660a9
calculated fs for 2: [J@58660a9
calculated fs for 2: [J@58660a9
calculated fs for 2: [J@58660a9
calculated fs for 2: [J@58660a9
calculated fs for 2: [J@58660a9
calculated fs for 2: [J@58660a9
calculated fs for 2: [J@58660a9
calculated fs for 2: [J@58660a9
calculated fs for 2: [J@58660a9
calculated fs for 2: [J@58660a9
calculated fs for 2: [J@58660a9
calculated fs for 2: [J@58660a9
calculated fs for 2: [J@58660a9
calculated fs for 2: [J@58660a9
calculated fs for 2: [J@58660a9
calculated fs for 2: [J@58660a9
calculated fs for 2: [J@58660a9
calculated fs for 2: [J@58660a9
calculated fs for 2: [J@58660a9
calculated fs for 2: [J@58660a9
calculated fs for 2: [J@58660a9
calculated fs for 2: [J@58660a9
calculated fs for 2: [J@58660a9
calculated fs for 2: [J@58660a9
calculated fs for 2: [J@58660a9
calculated fs for 2: [J@58660a9
calculated fs for 2: [J@58660a9
calculated fs for 2: [J@58660a9
calculated fs for 2: [J@58660a9
calculated fs for 2: [J@58660a9
calculated fs for 2: [J@58660a9
calculated fs for 2: [J@58660a9
calculated fs for 2: [J@58660a9
calculated fs for 2: [J@58660a9
calculated fs for 2: [J@58660a9
calculated fs for 2: [J@58660a9
calculated fs for 2: [J@58660a9
calculated fs for 2: [J@58660a9
calculated fs for 2: [J@58660a9
calculated fs for 2: [J@58660a9
calculated fs for 2: [J@58660a9
calculated fs for 2: [J@58660a9
calculated fs for 2: [J@58660a9
calculated fs for 2: [J@58660a9
calculated fs for 2: [J@58660a9
calculated fs for 2: [J@58660a9
calculated fs for 2: [J@58660a9
calculated fs for 2: [J@58660a9
calculated fs for 2: [J@58660a9
calculated fs for 2: [J@58660a9
calculated fs for 2: [J@58660a9
calculated fs for 2: [J@58660a9
calculated fs for 2: [J@58660a9
calculated fs for 2: [J@58660a9
calculated fs for 2: [J@58660a9
calculated fs for 2: [J@58660a9
calculated fs for 2: [J@58660a9
calculated fs for 2: [J@58660a9
calculated fs for 2: [J@58660a9
calculated fs for 2: [J@58660a9
calculated fs for 2: [J@58660a9
calculated fs for 2: [J@58660a9
calculated fs for 2: [J@58660a9
calculated fs for 2: [J@58660a9
calculated fs for 2: [J@58660a9
calculated fs for 2: [J@58660a9
calculated fs for 2: [J@58660a9
calculated fs for 2: [J@58660a9
calculated fs for 2: [J@58660a9
calculated fs for 2: [J@58660a9
calculated fs for 2: [J@58660a9
calculated fs for 2: [J@58660a9
calculated fs for 2: [J@58660a9
calculated fs for 2: [J@58660a9
calculated fs for 2: [J@58660a9
calculated fs for 2: [J@58660a9
calculated fs for 2: [J@58660a9
calculated fs for 2: [J@58660a9
calculated fs for 2: [J@58660a9
calculated fs for 2: [J@58660a9
calculated fs for 2: [J@58660a9
calculated fs for 2: [J@58660a9
calculated fs for 2: [J@58660a9
calculated fs for 2: [J@58660a9
calculated fs for 2: [J@58660a9
calculated fs for 2: [J@58660a9
calculated fs for 2: [J@58660a9
calculated fs for 2: [J@58660a9
calculated fs for 2: [J@58660a9
calculated fs for 2: [J@58660a9
calculated fs for 2: [J@58660a9
calculated fs for 2: [J@58660a9
calculated fs for 2: [J@58660a9
calculated fs for 2: [J@58660a9
calculated fs for 2: [J@58660a9
calculated fs for 2: [J@58660a9
calculated fs for 2: [J@58660a9
calculated fs for 2: [J@58660a9
calculated fs for 2: [J@58660a9
calculated fs for 2: [J@58660a9
calculated fs for 2: [J@58660a9
calculated fs for 2: [J@58660a9
calculated fs for 2: [J@58660a9
calculated fs for 2: [J@58660a9
calculated fs for 2: [J@58660a9
calculated fs for 2: [J@58660a9
calculated fs for 2: [J@58660a9
calculated fs for 2: [J@58660a9
calculated fs for 2: [J@58660a9
calculated fs for 2: [J@58660a9
calculated fs for 2: [J@58660a9
calculated fs for 2: [J@58660a9
calculated fs for 2: [J@58660a9
calculated fs for 2: [J@58660a9
calculated fs for 2: [J@58660a9
calculated fs for 2: [J@58660a9
calculated fs for 2: [J@58660a9
calculated fs for 2: [J@58660a9
calculated fs for 2: [J@58660a9
calculated fs for 2: [J@58660a9
calculated fs for 2: [J@58660a9
calculated fs for 2: [J@58660a9
calculated fs for 2: [J@58660a9
calculated fs for 2: [J@58660a9
calculated fs for 2: [J@58660a9
calculated fs for 2: [J@58660a9
calculated fs for 2: [J@58660a9
calculated fs for 2: [J@58660a9
calculated fs for 2: [J@58660a9
calculated fs for 2: [J@58660a9
calculated fs for 2: [J@58660a9
calculated fs for 2: [J@58660a9
calculated fs for 2: [J@58660a9
calculated fs for 2: [J@58660a9
calculated fs for 2: [J@58660a9
calculated fs for 2: [J@58660a9
calculated fs for 2: [J@58660a9
calculated fs for 2: [J@58660a9
calculated fs for 2: [J@58660a9
calculated fs for 2: [J@58660a9
calculated fs for 2: [J@58660a9
calculated fs for 2: [J@58660a9
calculated fs for 2: [J@58660a9
calculated fs for 2: [J@58660a9
calculated fs for 2: [J@58660a9
calculated fs for 2: [J@58660a9
calculated fs for 2: [J@58660a9
calculated fs for 2: [J@58660a9
calculated fs for 2: [J@58660a9
calculated fs for 2: [J@58660a9
calculated fs for 2: [J@58660a9
calculated fs for 2: [J@58660a9
calculated fs for 2: [J@58660a9
calculated fs for 2: [J@58660a9
calculated fs for 2: [J@58660a9
calculated fs for 2: [J@58660a9
calculated fs for 2: [J@58660a9
calculated fs for 2: [J@58660a9
calculated fs for 2: [J@58660a9
calculated fs for 2: [J@58660a9
calculated fs for 2: [J@58660a9
calculated fs for 2: [J@58660a9
calculated fs for 2: [J@58660a9
calculated fs for 2: [J@58660a9
calculated fs for 2: [J@58660a9
calculated fs for 2: [J@58660a9
calculated fs for 2: [J@58660a9
calculated fs for 2: [J@58660a9
calculated fs for 2: [J@58660a9
calculated fs for 2: [J@58660a9
calculated fs for 2: [J@58660a9
calculated fs for 2: [J@58660a9
calculated fs for 2: [J@58660a9
calculated fs for 2: [J@58660a9
calculated fs for 2: [J@58660a9
calculated fs for 2: [J@58660a9
calculated fs for 2: [J@58660a9
calculated fs for 2: [J@58660a9
calculated fs for 2: [J@58660a9
calculated fs for 2: [J@58660a9
calculated fs for 2: [J@58660a9
calculated fs for 2: [J@58660a9
calculated fs for 2: [J@58660a9
calculated fs for 2: [J@58660a9
calculated fs for 2: [J@58660a9
calculated fs for 2: [J@58660a9
calculated fs for 2: [J@58660a9
calculated fs for 2: [J@58660a9
calculated fs for 2: [J@58660a9
calculated fs for 2: [J@58660a9
calculated fs for 2: [J@58660a9
calculated fs for 2: [J@58660a9
calculated fs for 2: [J@58660a9
calculated fs for 2: [J@58660a9
calculated fs for 2: [J@58660a9
calculated fs for 2: [J@58660a9
calculated fs for 2: [J@58660a9
calculated fs for 2: [J@58660a9
calculated fs for 2: [J@58660a9
calculated fs for 2: [J@58660a9
calculated fs for 2: [J@58660a9
calculated fs for 2: [J@58660a9
calculated fs for 2: [J@58660a9
calculated fs for 2: [J@58660a9
calculated fs for 2: [J@58660a9
calculated fs for 2: [J@58660a9
calculated fs for 2: [J@58660a9
calculated fs for 2: [J@58660a9
calculated fs for 2: [J@58660a9
calculated fs for 2: [J@58660a9
calculated fs for 2: [J@58660a9
calculated fs for 2: [J@58660a9
calculated fs for 2: [J@58660a9
calculated nfs for 0: [J@3933fa14
calculated nfs for 0: [J@3933fa14
calculated nfs for 1: [J@3675463
calculated nfs for 1: [J@3675463
calculated nfs for 2: [J@74d53153
calculated nfs for 2: [J@74d53153
calculated iMatrix for 9, 0, 0, 0: -0.13607520174827514
calculated iMatrix for 9, 0, 0, 1: 0.4095454590678441
calculated iMatrix for 9, 0, 0, 2: -0.09455273444736623
calculated iMatrix for 9, 0, 0, 3: 0.016797184646813346
calculated iMatrix for 9, 0, 0, 4: 0.029559436260664707
calculated iMatrix for 9, 0, 0, 5: -0.22913509931786402
calculated iMatrix for 9, 0, 0, 6: 0.08207747054411108
calculated iMatrix for 9, 0, 0, 7: 0.16255189058057695
calculated iMatrix for 9, 0, 0, 8: 0.17398742010940038
calculated iMatrix for 9, 0, 0, 9: 0.02588521289878032
calculated iMatrix for 9, 0, 0, 10: -0.38102077251427
calculated iMatrix for 9, 0, 0, 11: -0.08465069467414432
calculated iMatrix for 9, 0, 0, 12: 0.032160217960722104
calculated iMatrix for 9, 0, 0, 13: -0.1805416846403658
calculated iMatrix for 9, 0, 0, 14: 0.09519659990064377
calculated iMatrix for 9, 0, 0, 15: -0.04506320394353269
calculated iMatrix for 9, 0, 0, 16: 0.14288812156766784
calculated iMatrix for 9, 0, 0, 17: 0.10428298245660106
calculated iMatrix for 9, 0, 0, 18: 0.19661352092383078
calculated iMatrix for 9, 0, 0, 19: 0.06196286031532394
calculated iMatrix for 9, 0, 1, 0: 0.0795041127769216
calculated iMatrix for 9, 0, 1, 1: 0.19713313642006358
calculated iMatrix for 9, 0, 1, 2: -0.12488575100503518
calculated iMatrix for 9, 0, 1, 3: 0.11978452785339022
calculated iMatrix for 9, 0, 1, 4: 0.02682345644178985
calculated iMatrix for 9, 0, 1, 5: -0.07159871342608337
calculated iMatrix for 9, 0, 1, 6: -0.19014965260491024
calculated iMatrix for 9, 0, 1, 7: 0.021746896523870962
calculated iMatrix for 9, 0, 1, 8: -0.046629702096881886
calculated iMatrix for 9, 0, 1, 9: -0.02616845519475175
calculated iMatrix for 9, 0, 1, 10: -0.26948639484143144
calculated iMatrix for 9, 0, 1, 11: -0.06969552183467642
calculated iMatrix for 9, 0, 1, 12: -0.05267866197630755
calculated iMatrix for 9, 0, 1, 13: 0.04459731362520514
calculated iMatrix for 9, 0, 1, 14: 0.09236033749969497
calculated iMatrix for 9, 0, 1, 15: -0.21338674234972488
calculated iMatrix for 9, 0, 1, 16: 0.0424866707621242
calculated iMatrix for 9, 0, 1, 17: 0.2001514922484442
calculated iMatrix for 9, 0, 1, 18: 0.22095428926029415
calculated iMatrix for 9, 0, 1, 19: -0.014611782052472821
calculated iMatrix for 9, 0, 2, 0: -0.14103865683723082
calculated iMatrix for 9, 0, 2, 1: -0.0700704046881766
calculated iMatrix for 9, 0, 2, 2: -0.02837840084555454
calculated iMatrix for 9, 0, 2, 3: -0.09049573180728943
calculated iMatrix for 9, 0, 2, 4: 0.37298915344937644
calculated iMatrix for 9, 0, 2, 5: -0.14728265476866453
calculated iMatrix for 9, 0, 2, 6: 0.047908574928861136
calculated iMatrix for 9, 0, 2, 7: 0.21188099305461927
calculated iMatrix for 9, 0, 2, 8: -0.18044554928170675
calculated iMatrix for 9, 0, 2, 9: 0.10213012909550012
calculated iMatrix for 9, 0, 2, 10: 0.006302574096397451
calculated iMatrix for 9, 0, 2, 11: -0.12492732153984609
calculated iMatrix for 9, 0, 2, 12: -0.061412341945062066
calculated iMatrix for 9, 0, 2, 13: -0.10729974645653262
calculated iMatrix for 9, 0, 2, 14: -0.0677689076998973
calculated iMatrix for 9, 0, 2, 15: -0.06839508179675047
calculated iMatrix for 9, 0, 2, 16: 0.051619154325396766
calculated iMatrix for 9, 0, 2, 17: 0.309003032263407
calculated iMatrix for 9, 0, 2, 18: 0.10506698876880982
calculated iMatrix for 9, 0, 2, 19: 0.23766511021033387
calculated iMatrix for 9, 0, 3, 0: -0.10331384511930874
calculated iMatrix for 9, 0, 3, 1: 0.2163353434039995
calculated iMatrix for 9, 0, 3, 2: -0.18343937278033717
calculated iMatrix for 9, 0, 3, 3: -0.10011838704786791
calculated iMatrix for 9, 0, 3, 4: 0.6077372420561469
calculated iMatrix for 9, 0, 3, 5: 0.04976214357818409
calculated iMatrix for 9, 0, 3, 6: -0.20540585401871203
calculated iMatrix for 9, 0, 3, 7: 0.23890966544253855
calculated iMatrix for 9, 0, 3, 8: -0.09319985938194697
calculated iMatrix for 9, 0, 3, 9: 0.1524761084367927
calculated iMatrix for 9, 0, 3, 10: 0.20507493858561976
calculated iMatrix for 9, 0, 3, 11: -0.19303601967122996
calculated iMatrix for 9, 0, 3, 12: -0.1868079619430072
calculated iMatrix for 9, 0, 3, 13: -0.21074937818363937
calculated iMatrix for 9, 0, 3, 14: -0.18300200572300818
calculated iMatrix for 9, 0, 3, 15: -0.11065063518316309
calculated iMatrix for 9, 0, 3, 16: -0.029065407086858897
calculated iMatrix for 9, 0, 3, 17: 0.3187463998918658
calculated iMatrix for 9, 0, 3, 18: 0.11105247051184763
calculated iMatrix for 9, 0, 3, 19: 0.02244196849180069
calculated iMatrix for 9, 0, 4, 0: -0.14802277516939344
calculated iMatrix for 9, 0, 4, 1: 0.1812440235927294
calculated iMatrix for 9, 0, 4, 2: 0.11594405045948519
calculated iMatrix for 9, 0, 4, 3: 0.04976214357818409
calculated iMatrix for 9, 0, 4, 4: -0.1471910754838346
calculated iMatrix for 9, 0, 4, 5: 0.028199816744625017
calculated iMatrix for 9, 0, 4, 6: -0.009661276892616644
calculated iMatrix for 9, 0, 4, 7: -0.0637284981628925
calculated iMatrix for 9, 0, 4, 8: 0.09855230774761603
calculated iMatrix for 9, 0, 4, 9: -0.11908890542670214
calculated iMatrix for 9, 0, 4, 10: -0.10667101333302309
calculated iMatrix for 9, 0, 4, 11: -0.014457449156109692
calculated iMatrix for 9, 0, 4, 12: 0.11038676539461889
calculated iMatrix for 9, 0, 4, 13: 0.08620647192531672
calculated iMatrix for 9, 0, 4, 14: 0.08774139164340045
calculated iMatrix for 9, 0, 4, 15: 0.1872250581953674
calculated iMatrix for 9, 0, 4, 16: -0.19143126169244407
calculated iMatrix for 9, 0, 4, 17: 0.029559436260664707
calculated iMatrix for 9, 0, 4, 18: -0.05478171217308625
calculated iMatrix for 9, 0, 4, 19: -0.05178620319328775
calculated iMatrix for 9, 0, 5, 0: -0.22046591675311134
calculated iMatrix for 9, 0, 5, 1: -0.24938895622236168
calculated iMatrix for 9, 0, 5, 2: -0.07580107939716174
calculated iMatrix for 9, 0, 5, 3: 0.10645748725472937
calculated iMatrix for 9, 0, 5, 4: 0.09625081075933695
calculated iMatrix for 9, 0, 5, 5: 0.19410882330882162
calculated iMatrix for 9, 0, 5, 6: 0.12316893538297213
calculated iMatrix for 9, 0, 5, 7: -0.19650666949614704
calculated iMatrix for 9, 0, 5, 8: 0.11594405045948519
calculated iMatrix for 9, 0, 5, 9: -0.08516882940076176
calculated iMatrix for 9, 0, 5, 10: -0.16224086448783392
calculated iMatrix for 9, 0, 5, 11: 0.18695161001209393
calculated iMatrix for 9, 0, 5, 12: 0.21413071278863482
calculated iMatrix for 9, 0, 5, 13: -0.3210974353525047
calculated iMatrix for 9, 0, 5, 14: 0.008604071084676645
calculated iMatrix for 9, 0, 5, 15: 0.269370040060086
calculated iMatrix for 9, 0, 5, 16: 0.044097594706691834
calculated iMatrix for 9, 0, 5, 17: -0.16189460409656253
calculated iMatrix for 9, 0, 5, 18: -0.06575074354366017
calculated iMatrix for 9, 0, 5, 19: -0.07036258876622314
calculated iMatrix for 9, 0, 6, 0: -0.3611074507485499
calculated iMatrix for 9, 0, 6, 1: 0.6295128399226626
calculated iMatrix for 9, 0, 6, 2: -0.03150082050058167
calculated iMatrix for 9, 0, 6, 3: -0.24998147860741637
calculated iMatrix for 9, 0, 6, 4: 0.09855230774761603
calculated iMatrix for 9, 0, 6, 5: 0.24647243782423833
calculated iMatrix for 9, 0, 6, 6: 0.26295948774206346
calculated iMatrix for 9, 0, 6, 7: -0.3393480761137022
calculated iMatrix for 9, 0, 6, 8: 0.036031950766282184
calculated iMatrix for 9, 0, 6, 9: 0.1104517616573567
calculated iMatrix for 9, 0, 6, 10: -0.44044419298507087
calculated iMatrix for 9, 0, 6, 11: 0.1226498593266766
calculated iMatrix for 9, 0, 6, 12: 0.32169585906182585
calculated iMatrix for 9, 0, 6, 13: -0.3134845655237828
calculated iMatrix for 9, 0, 6, 14: -0.14195120442907427
calculated iMatrix for 9, 0, 6, 15: 0.3497269638569339
calculated iMatrix for 9, 0, 6, 16: 0.10122610613201832
calculated iMatrix for 9, 0, 6, 17: -0.2849338936417729
calculated iMatrix for 9, 0, 6, 18: 0.029559436260664707
calculated iMatrix for 9, 0, 6, 19: 0.11430066471575517
calculated iMatrix for 9, 0, 7, 0: -0.2963530401455461
calculated iMatrix for 9, 0, 7, 1: 0.06081197976476904
calculated iMatrix for 9, 0, 7, 2: 0.4682226137784248
calculated iMatrix for 9, 0, 7, 3: -0.29755235760098464
calculated iMatrix for 9, 0, 7, 4: -0.3318103519822755
calculated iMatrix for 9, 0, 7, 5: 0.9766218268015734
calculated iMatrix for 9, 0, 7, 6: 0.2527029875748744
calculated iMatrix for 9, 0, 7, 7: -0.7452657753135479
calculated iMatrix for 9, 0, 7, 8: 0.03814317995205607
calculated iMatrix for 9, 0, 7, 9: -0.5838995836955811
calculated iMatrix for 9, 0, 7, 10: -0.4314755230023106
calculated iMatrix for 9, 0, 7, 11: 0.6003485247942124
calculated iMatrix for 9, 0, 7, 12: 0.883814777215367
calculated iMatrix for 9, 0, 7, 13: -0.17662960193993338
calculated iMatrix for 9, 0, 7, 14: -0.2851513085790356
calculated iMatrix for 9, 0, 7, 15: 0.2223976380795455
calculated iMatrix for 9, 0, 7, 16: -0.15909125558493753
calculated iMatrix for 9, 0, 7, 17: -0.501813139361363
calculated iMatrix for 9, 0, 7, 18: -0.2257872555481799
calculated iMatrix for 9, 0, 7, 19: -0.3590985535311184
calculated iMatrix for 9, 0, 8, 0: NaN
calculated iMatrix for 9, 0, 8, 1: NaN
calculated iMatrix for 9, 0, 8, 2: NaN
calculated iMatrix for 9, 0, 8, 3: NaN
calculated iMatrix for 9, 0, 8, 4: NaN
calculated iMatrix for 9, 0, 8, 5: NaN
calculated iMatrix for 9, 0, 8, 6: NaN
calculated iMatrix for 9, 0, 8, 7: NaN
calculated iMatrix for 9, 0, 8, 8: NaN
calculated iMatrix for 9, 0, 8, 9: 5.877461178359633E-4
calculated iMatrix for 9, 0, 8, 10: NaN
calculated iMatrix for 9, 0, 8, 11: NaN
calculated iMatrix for 9, 0, 8, 12: NaN
calculated iMatrix for 9, 0, 8, 13: NaN
calculated iMatrix for 9, 0, 8, 14: NaN
calculated iMatrix for 9, 0, 8, 15: NaN
calculated iMatrix for 9, 0, 8, 16: NaN
calculated iMatrix for 9, 0, 8, 17: NaN
calculated iMatrix for 9, 0, 8, 18: NaN
calculated iMatrix for 9, 0, 8, 19: NaN
calculated iMatrix for 9, 0, 9, 0: -0.5197809352215921
calculated iMatrix for 9, 0, 9, 1: -0.2257872555481799
calculated iMatrix for 9, 0, 9, 2: 0.32065364948338215
calculated iMatrix for 9, 0, 9, 3: -0.3973606068487592
calculated iMatrix for 9, 0, 9, 4: -0.29016198993573306
calculated iMatrix for 9, 0, 9, 5: 0.815138061279579
calculated iMatrix for 9, 0, 9, 6: 0.24086852992787156
calculated iMatrix for 9, 0, 9, 7: -0.7570409133563927
calculated iMatrix for 9, 0, 9, 8: -0.10580513744551912
calculated iMatrix for 9, 0, 9, 9: -0.8218117495141748
calculated iMatrix for 9, 0, 9, 10: -0.5751767869552276
calculated iMatrix for 9, 0, 9, 11: 0.41902420302238785
calculated iMatrix for 9, 0, 9, 12: 1.8060514333579314
calculated iMatrix for 9, 0, 9, 13: -0.4303938571315693
calculated iMatrix for 9, 0, 9, 14: -0.24954940548062798
calculated iMatrix for 9, 0, 9, 15: 0.223503832882612
calculated iMatrix for 9, 0, 9, 16: 0.2762334849850684
calculated iMatrix for 9, 0, 9, 17: -0.5875277055892367
calculated iMatrix for 9, 0, 9, 18: -0.5739755856095936
calculated iMatrix for 9, 0, 9, 19: -0.5555135227698582
calculated iMatrix for 9, 0, 10, 0: -0.31683023701789437
calculated iMatrix for 9, 0, 10, 1: 0.18816446643730322
calculated iMatrix for 9, 0, 10, 2: 0.32075645081989
calculated iMatrix for 9, 0, 10, 3: -0.29769614525562416
calculated iMatrix for 9, 0, 10, 4: -0.04877240700924246
calculated iMatrix for 9, 0, 10, 5: 0.3463385926088671
calculated iMatrix for 9, 0, 10, 6: 0.24212087824433737
calculated iMatrix for 9, 0, 10, 7: -0.2716668612988735
calculated iMatrix for 9, 0, 10, 8: -0.25300753552434596
calculated iMatrix for 9, 0, 10, 9: -0.14260974906927193
calculated iMatrix for 9, 0, 10, 10: -0.6296861926235993
calculated iMatrix for 9, 0, 10, 11: -0.009661276892616644
calculated iMatrix for 9, 0, 10, 12: 0.9594558201905984
calculated iMatrix for 9, 0, 10, 13: -0.2596599155100028
calculated iMatrix for 9, 0, 10, 14: -0.1946092304687903
calculated iMatrix for 9, 0, 10, 15: 0.13839821629481575
calculated iMatrix for 9, 0, 10, 16: 0.02298767109743005
calculated iMatrix for 9, 0, 10, 17: -0.21382237729453646
calculated iMatrix for 9, 0, 10, 18: -0.17218020639039167
calculated iMatrix for 9, 0, 10, 19: 0.23851835258291798
calculated iMatrix for 9, 0, 11, 0: -0.3556476563249942
calculated iMatrix for 9, 0, 11, 1: 0.4035258773094581
calculated iMatrix for 9, 0, 11, 2: 0.47742010333651463
calculated iMatrix for 9, 0, 11, 3: 0.220150384537126
calculated iMatrix for 9, 0, 11, 4: -0.26012063885378933
calculated iMatrix for 9, 0, 11, 5: 0.16766594488896225
calculated iMatrix for 9, 0, 11, 6: -0.2862935131578126
calculated iMatrix for 9, 0, 11, 7: -0.4127196449702162
calculated iMatrix for 9, 0, 11, 8: -0.0288926388205043
calculated iMatrix for 9, 0, 11, 9: -0.4749303690562403
calculated iMatrix for 9, 0, 11, 10: -0.41595317297677514
calculated iMatrix for 9, 0, 11, 11: 0.1468106984400126
calculated iMatrix for 9, 0, 11, 12: 0.8576574560993588
calculated iMatrix for 9, 0, 11, 13: -0.22249545854796526
calculated iMatrix for 9, 0, 11, 14: -0.07527462505491567
calculated iMatrix for 9, 0, 11, 15: 0.1864019077536344
calculated iMatrix for 9, 0, 11, 16: 0.0711533335595016
calculated iMatrix for 9, 0, 11, 17: -0.04805116644425922
calculated iMatrix for 9, 0, 11, 18: -0.26859393605841175
calculated iMatrix for 9, 0, 11, 19: -0.16985655389259025
calculated iMatrix for 9, 0, 12, 0: -0.0832730942358626
calculated iMatrix for 9, 0, 12, 1: 0.049104032333634806
calculated iMatrix for 9, 0, 12, 2: 0.297823422855344
calculated iMatrix for 9, 0, 12, 3: 0.35961871349950725
calculated iMatrix for 9, 0, 12, 4: -0.10879899711217389
calculated iMatrix for 9, 0, 12, 5: -0.25213459434649366
calculated iMatrix for 9, 0, 12, 6: 0.354172447739734
calculated iMatrix for 9, 0, 12, 7: -0.17745473312366156
calculated iMatrix for 9, 0, 12, 8: -0.05097942622334761
calculated iMatrix for 9, 0, 12, 9: -0.5684627325354812
calculated iMatrix for 9, 0, 12, 10: -0.33124490102007886
calculated iMatrix for 9, 0, 12, 11: -0.024380953885083212
calculated iMatrix for 9, 0, 12, 12: 0.39269018054226834
calculated iMatrix for 9, 0, 12, 13: 0.09285428663297834
calculated iMatrix for 9, 0, 12, 14: -0.13985871569738206
calculated iMatrix for 9, 0, 12, 15: 0.027581196248559037
calculated iMatrix for 9, 0, 12, 16: 0.21431874456655908
calculated iMatrix for 9, 0, 12, 17: 0.1774795663372869
calculated iMatrix for 9, 0, 12, 18: 0.13491995191849093
calculated iMatrix for 9, 0, 12, 19: -0.07580107939716174
calculated iMatrix for 9, 0, 13, 0: -0.1819612752255524
calculated iMatrix for 9, 0, 13, 1: 0.4563019428161139
calculated iMatrix for 9, 0, 13, 2: -0.1460731323824933
calculated iMatrix for 9, 0, 13, 3: -0.09820313628285571
calculated iMatrix for 9, 0, 13, 4: 0.21131777141202002
calculated iMatrix for 9, 0, 13, 5: -0.31252134002015786
calculated iMatrix for 9, 0, 13, 6: 0.055534922663925346
calculated iMatrix for 9, 0, 13, 7: 0.37148652356484146
calculated iMatrix for 9, 0, 13, 8: -0.2624610377897145
calculated iMatrix for 9, 0, 13, 9: 0.2554846305367512
calculated iMatrix for 9, 0, 13, 10: -0.3461335135138295
calculated iMatrix for 9, 0, 13, 11: -0.2664214390058113
calculated iMatrix for 9, 0, 13, 12: 0.11065532991885962
calculated iMatrix for 9, 0, 13, 13: -0.1379470347481493
calculated iMatrix for 9, 0, 13, 14: 0.04467307407071275
calculated iMatrix for 9, 0, 13, 15: -0.0017218631204241053
calculated iMatrix for 9, 0, 13, 16: 0.01014135040356301
calculated iMatrix for 9, 0, 13, 17: 0.3871809018034279
calculated iMatrix for 9, 0, 13, 18: -0.034979084876906485
calculated iMatrix for 9, 0, 13, 19: 0.03295502526180283
calculated iMatrix for 9, 0, 14, 0: -6.543423358319478E-4
calculated iMatrix for 9, 0, 14, 1: 0.13010066548254196
calculated iMatrix for 9, 0, 14, 2: -0.16189460409656253
calculated iMatrix for 9, 0, 14, 3: 0.14539125178578638
calculated iMatrix for 9, 0, 14, 4: 0.2455855198060104
calculated iMatrix for 9, 0, 14, 5: -0.007093881387370882
calculated iMatrix for 9, 0, 14, 6: -0.397884578566275
calculated iMatrix for 9, 0, 14, 7: 0.2996599706626455
calculated iMatrix for 9, 0, 14, 8: -0.17338140773602584
calculated iMatrix for 9, 0, 14, 9: -0.023084297224757355
calculated iMatrix for 9, 0, 14, 10: 0.3140719339511664
calculated iMatrix for 9, 0, 14, 11: -0.23852894229071508
calculated iMatrix for 9, 0, 14, 12: 0.02715269623009975
calculated iMatrix for 9, 0, 14, 13: -0.36768483870264257
calculated iMatrix for 9, 0, 14, 14: -0.17163060483767278
calculated iMatrix for 9, 0, 14, 15: 0.07038143078091985
calculated iMatrix for 9, 0, 14, 16: -0.04428147753922007
calculated iMatrix for 9, 0, 14, 17: 0.223503832882612
calculated iMatrix for 9, 0, 14, 18: 0.2904433155577215
calculated iMatrix for 9, 0, 14, 19: 0.003806940158250005
calculated iMatrix for 9, 0, 15, 0: 0.06986715974875746
calculated iMatrix for 9, 0, 15, 1: -0.01556099901980501
calculated iMatrix for 9, 0, 15, 2: 0.23731806873539496
calculated iMatrix for 9, 0, 15, 3: -0.08185415111023908
calculated iMatrix for 9, 0, 15, 4: -0.1286645689542294
calculated iMatrix for 9, 0, 15, 5: -0.03684301831496928
calculated iMatrix for 9, 0, 15, 6: 0.09855230774761603
calculated iMatrix for 9, 0, 15, 7: -0.1371368026302091
calculated iMatrix for 9, 0, 15, 8: -0.1329594932371101
calculated iMatrix for 9, 0, 15, 9: -0.18319925271915327
calculated iMatrix for 9, 0, 15, 10: 0.2167709783488111
calculated iMatrix for 9, 0, 15, 11: 0.13858968080745337
calculated iMatrix for 9, 0, 15, 12: -0.0677689076998973
calculated iMatrix for 9, 0, 15, 13: 0.0944789823599802
calculated iMatrix for 9, 0, 15, 14: 0.10176774460159055
calculated iMatrix for 9, 0, 15, 15: 0.11219170084093488
calculated iMatrix for 9, 0, 15, 16: -0.04209655264577061
calculated iMatrix for 9, 0, 15, 17: 0.09965181308103288
calculated iMatrix for 9, 0, 15, 18: -0.10831035796245603
calculated iMatrix for 9, 0, 15, 19: -0.1826150836829712
calculated iMatrix for 9, 0, 16, 0: 0.1429323214394954
calculated iMatrix for 9, 0, 16, 1: 0.4412941573824244
calculated iMatrix for 9, 0, 16, 2: -0.021298980972826342
calculated iMatrix for 9, 0, 16, 3: -0.04877240700924246
calculated iMatrix for 9, 0, 16, 4: 0.05933159459433479
calculated iMatrix for 9, 0, 16, 5: -0.2869707905287746
calculated iMatrix for 9, 0, 16, 6: -0.235000218770262
calculated iMatrix for 9, 0, 16, 7: 0.2702472972257839
calculated iMatrix for 9, 0, 16, 8: -0.21058169142211614
calculated iMatrix for 9, 0, 16, 9: 0.17097109031049318
calculated iMatrix for 9, 0, 16, 10: -0.512764854564697
calculated iMatrix for 9, 0, 16, 11: 0.11715749557865052
calculated iMatrix for 9, 0, 16, 12: -0.14868879514565414
calculated iMatrix for 9, 0, 16, 13: -0.3226611573286875
calculated iMatrix for 9, 0, 16, 14: -0.03650231441742802
calculated iMatrix for 9, 0, 16, 15: 0.015118752105870326
calculated iMatrix for 9, 0, 16, 16: 0.13095955070239396
calculated iMatrix for 9, 0, 16, 17: -0.02382843715739691
calculated iMatrix for 9, 0, 16, 18: 0.20227213394798238
calculated iMatrix for 9, 0, 16, 19: 0.06796888437553583
calculated iMatrix for 9, 1, 0, 0: 0.07893802108345571
calculated iMatrix for 9, 1, 0, 1: -0.3034679314644859
calculated iMatrix for 9, 1, 0, 2: 0.06355048632526072
calculated iMatrix for 9, 1, 0, 3: -0.09037268809776289
calculated iMatrix for 9, 1, 0, 4: -0.3282333481027946
calculated iMatrix for 9, 1, 0, 5: 0.052576561681062284
calculated iMatrix for 9, 1, 0, 6: 0.032768669134743744
calculated iMatrix for 9, 1, 0, 7: -0.16959981960450166
calculated iMatrix for 9, 1, 0, 8: 0.2580648955640681
calculated iMatrix for 9, 1, 0, 9: -0.030600944797845697
calculated iMatrix for 9, 1, 0, 10: -0.4116149570418457
calculated iMatrix for 9, 1, 0, 11: 0.0037371927830460727
calculated iMatrix for 9, 1, 0, 12: 0.1543213936961665
calculated iMatrix for 9, 1, 0, 13: -0.05838050890492141
calculated iMatrix for 9, 1, 0, 14: 0.09684400177027475
calculated iMatrix for 9, 1, 0, 15: -0.06339076762083651
calculated iMatrix for 9, 1, 0, 16: -0.12879297097705944
calculated iMatrix for 9, 1, 0, 17: 0.0481799330552688
calculated iMatrix for 9, 1, 0, 18: -0.04713024674905619
calculated iMatrix for 9, 1, 0, 19: 0.18412403605076832
calculated iMatrix for 9, 1, 1, 0: -0.12121917871846843
calculated iMatrix for 9, 1, 1, 1: -0.09273272590485182
calculated iMatrix for 9, 1, 1, 2: 0.011071751602722335
calculated iMatrix for 9, 1, 1, 3: 0.11167311086683362
calculated iMatrix for 9, 1, 1, 4: -0.07271243014797246
calculated iMatrix for 9, 1, 1, 5: 0.18889961523786314
calculated iMatrix for 9, 1, 1, 6: 0.3116852616887872
calculated iMatrix for 9, 1, 1, 7: -0.08711315506118789
calculated iMatrix for 9, 1, 1, 8: 0.4582457722493698
calculated iMatrix for 9, 1, 1, 9: -0.10697392358241964
calculated iMatrix for 9, 1, 1, 10: -0.472433697076885
calculated iMatrix for 9, 1, 1, 11: 0.0672213482959998
calculated iMatrix for 9, 1, 1, 12: 0.1651436323282498
calculated iMatrix for 9, 1, 1, 13: -0.053723362218699666
calculated iMatrix for 9, 1, 1, 14: -0.11915434213929066
calculated iMatrix for 9, 1, 1, 15: 0.06656280365580214
calculated iMatrix for 9, 1, 1, 16: -0.1695100086564869
calculated iMatrix for 9, 1, 1, 17: -0.17140820945141955
calculated iMatrix for 9, 1, 1, 18: 0.19552323465450194
calculated iMatrix for 9, 1, 1, 19: -0.2579907869935065
calculated iMatrix for 9, 1, 2, 0: -0.08544186049743163
calculated iMatrix for 9, 1, 2, 1: 0.11600252939402977
calculated iMatrix for 9, 1, 2, 2: -0.13596146045567203
calculated iMatrix for 9, 1, 2, 3: -0.21819955869264396
calculated iMatrix for 9, 1, 2, 4: -0.13596146045567203
calculated iMatrix for 9, 1, 2, 5: 0.16321499142184415
calculated iMatrix for 9, 1, 2, 6: 0.1378635773346829
calculated iMatrix for 9, 1, 2, 7: -0.08540918129284059
calculated iMatrix for 9, 1, 2, 8: 0.2645161061414535
calculated iMatrix for 9, 1, 2, 9: -0.13351945680012012
calculated iMatrix for 9, 1, 2, 10: -0.13238363910778794
calculated iMatrix for 9, 1, 2, 11: 0.193393308396677
calculated iMatrix for 9, 1, 2, 12: 0.12481315907618462
calculated iMatrix for 9, 1, 2, 13: 0.05052460001452275
calculated iMatrix for 9, 1, 2, 14: 0.008466523393064085
calculated iMatrix for 9, 1, 2, 15: 0.09309576864858549
calculated iMatrix for 9, 1, 2, 16: 0.06896665096719667
calculated iMatrix for 9, 1, 2, 17: -0.1131219684858491
calculated iMatrix for 9, 1, 2, 18: -0.28438146557394517
calculated iMatrix for 9, 1, 2, 19: -0.08466816606812144
calculated iMatrix for 9, 1, 3, 0: -0.3097723275817179
calculated iMatrix for 9, 1, 3, 1: 0.7025515703757989
calculated iMatrix for 9, 1, 3, 2: -0.16286891337559628
calculated iMatrix for 9, 1, 3, 3: -0.29346784812990245
calculated iMatrix for 9, 1, 3, 4: -0.4360660529060101
calculated iMatrix for 9, 1, 3, 5: 0.3373597678518645
calculated iMatrix for 9, 1, 3, 6: 0.4231827405811265
calculated iMatrix for 9, 1, 3, 7: -0.042871037389659916
calculated iMatrix for 9, 1, 3, 8: 0.13673905838049205
calculated iMatrix for 9, 1, 3, 9: -0.36104487658770834
calculated iMatrix for 9, 1, 3, 10: -0.44088533934195895
calculated iMatrix for 9, 1, 3, 11: 0.21596288072446268
calculated iMatrix for 9, 1, 3, 12: 0.4126044912931659
calculated iMatrix for 9, 1, 3, 13: -0.14838398045422907
calculated iMatrix for 9, 1, 3, 14: 0.024381189619507637
calculated iMatrix for 9, 1, 3, 15: 0.2733572169684825
calculated iMatrix for 9, 1, 3, 16: 0.02714004989167096
calculated iMatrix for 9, 1, 3, 17: 0.0581945539852855
calculated iMatrix for 9, 1, 3, 18: -0.3348123192008372
calculated iMatrix for 9, 1, 3, 19: 0.14460314422724507
calculated iMatrix for 9, 1, 4, 0: -0.1939260009011452
calculated iMatrix for 9, 1, 4, 1: -0.11064365247138208
calculated iMatrix for 9, 1, 4, 2: 0.22569481383326462
calculated iMatrix for 9, 1, 4, 3: -0.07621145604989787
calculated iMatrix for 9, 1, 4, 4: -0.2871924301795954
calculated iMatrix for 9, 1, 4, 5: 0.45536738215938943
calculated iMatrix for 9, 1, 4, 6: 0.20301390638365946
calculated iMatrix for 9, 1, 4, 7: -0.0665329540239088
calculated iMatrix for 9, 1, 4, 8: 0.20745068960465007
calculated iMatrix for 9, 1, 4, 9: -0.7257302865617821
calculated iMatrix for 9, 1, 4, 10: -0.6367367483681612
calculated iMatrix for 9, 1, 4, 11: 0.0014384089467711636
calculated iMatrix for 9, 1, 4, 12: 0.348052905859662
calculated iMatrix for 9, 1, 4, 13: 0.14567829754014638
calculated iMatrix for 9, 1, 4, 14: 0.22533242933935504
calculated iMatrix for 9, 1, 4, 15: 0.06619843855794705
calculated iMatrix for 9, 1, 4, 16: 0.22195649172265752
calculated iMatrix for 9, 1, 4, 17: -0.21053015595318048
calculated iMatrix for 9, 1, 4, 18: -0.04498968224994515
calculated iMatrix for 9, 1, 4, 19: -0.22933553123313044
calculated iMatrix for 9, 1, 5, 0: -0.43186436605231004
calculated iMatrix for 9, 1, 5, 1: -0.18475162462510397
calculated iMatrix for 9, 1, 5, 2: 0.29351852385636634
calculated iMatrix for 9, 1, 5, 3: -0.12467350068182048
calculated iMatrix for 9, 1, 5, 4: -0.4243012113264235
calculated iMatrix for 9, 1, 5, 5: 0.5285982632523609
calculated iMatrix for 9, 1, 5, 6: 0.33564345015703756
calculated iMatrix for 9, 1, 5, 7: -0.09049908637891457
calculated iMatrix for 9, 1, 5, 8: 0.07152855027853422
calculated iMatrix for 9, 1, 5, 9: -0.5790092797128792
calculated iMatrix for 9, 1, 5, 10: -0.5671790646662509
calculated iMatrix for 9, 1, 5, 11: 0.2948214556367824
calculated iMatrix for 9, 1, 5, 12: 0.19977030963781728
calculated iMatrix for 9, 1, 5, 13: -0.3789076390660613
calculated iMatrix for 9, 1, 5, 14: -0.05726919188000701
calculated iMatrix for 9, 1, 5, 15: 0.045939132324488874
calculated iMatrix for 9, 1, 5, 16: 0.2656648713453268
calculated iMatrix for 9, 1, 5, 17: 0.1912514507527443
calculated iMatrix for 9, 1, 5, 18: -0.12157272300357214
calculated iMatrix for 9, 1, 5, 19: 0.005117137804233618
calculated iMatrix for 9, 1, 6, 0: -0.3387150560668324
calculated iMatrix for 9, 1, 6, 1: 0.3748641633103188
calculated iMatrix for 9, 1, 6, 2: -0.4673185964101143
calculated iMatrix for 9, 1, 6, 3: -0.9315702219775672
calculated iMatrix for 9, 1, 6, 4: 0.5825035280885633
calculated iMatrix for 9, 1, 6, 5: 0.42425691863989523
calculated iMatrix for 9, 1, 6, 6: -0.08617079595265631
calculated iMatrix for 9, 1, 6, 7: 0.7040459666688526
calculated iMatrix for 9, 1, 6, 8: -0.575137625906148
calculated iMatrix for 9, 1, 6, 9: 0.08187703862884466
calculated iMatrix for 9, 1, 6, 10: 0.09200137729448676
calculated iMatrix for 9, 1, 6, 11: -0.13743096843503189
calculated iMatrix for 9, 1, 6, 12: 0.017548399099737155
calculated iMatrix for 9, 1, 6, 13: -0.5171338759947917
calculated iMatrix for 9, 1, 6, 14: -0.31489891926538593
calculated iMatrix for 9, 1, 6, 15: -0.24682405326748147
calculated iMatrix for 9, 1, 6, 16: 0.0716779043225726
calculated iMatrix for 9, 1, 6, 17: 0.8559176287426393
calculated iMatrix for 9, 1, 6, 18: 0.5317066348032885
calculated iMatrix for 9, 1, 6, 19: 0.3462907908662628
calculated iMatrix for 9, 1, 7, 0: -0.5081879270881025
calculated iMatrix for 9, 1, 7, 1: 0.12800408537879293
calculated iMatrix for 9, 1, 7, 2: -0.7207132216626368
calculated iMatrix for 9, 1, 7, 3: -0.35208039683291714
calculated iMatrix for 9, 1, 7, 4: 0.27706642003419224
calculated iMatrix for 9, 1, 7, 5: -0.17348389977876155
calculated iMatrix for 9, 1, 7, 6: -0.07142293931810073
calculated iMatrix for 9, 1, 7, 7: 0.8015451105687559
calculated iMatrix for 9, 1, 7, 8: 0.07475957085998064
calculated iMatrix for 9, 1, 7, 9: 0.048648426856295
calculated iMatrix for 9, 1, 7, 10: -0.22213915669672413
calculated iMatrix for 9, 1, 7, 11: -0.4644655274277081
calculated iMatrix for 9, 1, 7, 12: -0.0829689303151615
calculated iMatrix for 9, 1, 7, 13: -0.1733489925272922
calculated iMatrix for 9, 1, 7, 14: 0.1775841225860284
calculated iMatrix for 9, 1, 7, 15: -0.23554059017957285
calculated iMatrix for 9, 1, 7, 16: 0.3462907908662628
calculated iMatrix for 9, 1, 7, 17: 0.791565344685409
calculated iMatrix for 9, 1, 7, 18: -0.10362607981273553
calculated iMatrix for 9, 1, 7, 19: 0.07901878021937692
calculated iMatrix for 9, 1, 8, 0: NaN
calculated iMatrix for 9, 1, 8, 1: NaN
calculated iMatrix for 9, 1, 8, 2: NaN
calculated iMatrix for 9, 1, 8, 3: NaN
calculated iMatrix for 9, 1, 8, 4: NaN
calculated iMatrix for 9, 1, 8, 5: NaN
calculated iMatrix for 9, 1, 8, 6: NaN
calculated iMatrix for 9, 1, 8, 7: NaN
calculated iMatrix for 9, 1, 8, 8: NaN
calculated iMatrix for 9, 1, 8, 9: 6.702214250253746E-8
calculated iMatrix for 9, 1, 8, 10: NaN
calculated iMatrix for 9, 1, 8, 11: NaN
calculated iMatrix for 9, 1, 8, 12: NaN
calculated iMatrix for 9, 1, 8, 13: NaN
calculated iMatrix for 9, 1, 8, 14: NaN
calculated iMatrix for 9, 1, 8, 15: NaN
calculated iMatrix for 9, 1, 8, 16: NaN
calculated iMatrix for 9, 1, 8, 17: NaN
calculated iMatrix for 9, 1, 8, 18: NaN
calculated iMatrix for 9, 1, 8, 19: NaN
calculated iMatrix for 9, 1, 9, 0: -0.46687040039155603
calculated iMatrix for 9, 1, 9, 1: 0.4701743431146437
calculated iMatrix for 9, 1, 9, 2: -0.11731034382957128
calculated iMatrix for 9, 1, 9, 3: -0.46840143354894637
calculated iMatrix for 9, 1, 9, 4: 0.35911580634217966
calculated iMatrix for 9, 1, 9, 5: -0.22859426248928028
calculated iMatrix for 9, 1, 9, 6: 0.14067077580952403
calculated iMatrix for 9, 1, 9, 7: 0.6336348922676796
calculated iMatrix for 9, 1, 9, 8: -0.5103944593161078
calculated iMatrix for 9, 1, 9, 9: 0.10619735697202537
calculated iMatrix for 9, 1, 9, 10: 0.23708046094726576
calculated iMatrix for 9, 1, 9, 11: -0.17132860429296337
calculated iMatrix for 9, 1, 9, 12: -0.5742163913868272
calculated iMatrix for 9, 1, 9, 13: -0.43853214540120344
calculated iMatrix for 9, 1, 9, 14: -0.5380309795626981
calculated iMatrix for 9, 1, 9, 15: 0.10376621887407322
calculated iMatrix for 9, 1, 9, 16: 0.4679545863763308
calculated iMatrix for 9, 1, 9, 17: 0.816696915589358
calculated iMatrix for 9, 1, 9, 18: 0.48819284861732204
calculated iMatrix for 9, 1, 9, 19: 0.3748641633103188
calculated iMatrix for 9, 1, 10, 0: -0.2970507971438525
calculated iMatrix for 9, 1, 10, 1: 0.8544372435722051
calculated iMatrix for 9, 1, 10, 2: -0.250841736454094
calculated iMatrix for 9, 1, 10, 3: -1.0560909686369926
calculated iMatrix for 9, 1, 10, 4: 0.514283698560064
calculated iMatrix for 9, 1, 10, 5: 0.1779109442483
calculated iMatrix for 9, 1, 10, 6: -0.33598259434902755
calculated iMatrix for 9, 1, 10, 7: 0.8806136340444488
calculated iMatrix for 9, 1, 10, 8: -0.28319169743835637
calculated iMatrix for 9, 1, 10, 9: 0.26396346727687714
calculated iMatrix for 9, 1, 10, 10: 0.10457383357040706
calculated iMatrix for 9, 1, 10, 11: -0.20089547299646027
calculated iMatrix for 9, 1, 10, 12: 0.0668211682096227
calculated iMatrix for 9, 1, 10, 13: -0.9529339911279631
calculated iMatrix for 9, 1, 10, 14: -0.5791668965466834
calculated iMatrix for 9, 1, 10, 15: -0.24461201254878295
calculated iMatrix for 9, 1, 10, 16: 0.0986107866821605
calculated iMatrix for 9, 1, 10, 17: 0.9351904308493402
calculated iMatrix for 9, 1, 10, 18: 0.5026975348202037
calculated iMatrix for 9, 1, 10, 19: 0.27405946418835314
calculated iMatrix for 9, 1, 11, 0: -0.27535797253259275
calculated iMatrix for 9, 1, 11, 1: -0.030600944797845697
calculated iMatrix for 9, 1, 11, 2: 0.31245859712288915
calculated iMatrix for 9, 1, 11, 3: -0.1940252614104332
calculated iMatrix for 9, 1, 11, 4: -0.012251806129649045
calculated iMatrix for 9, 1, 11, 5: 0.43297179411759956
calculated iMatrix for 9, 1, 11, 6: 0.1741934678481677
calculated iMatrix for 9, 1, 11, 7: -0.0010004750215548697
calculated iMatrix for 9, 1, 11, 8: -0.20884917620416443
calculated iMatrix for 9, 1, 11, 9: -0.7059435007242842
calculated iMatrix for 9, 1, 11, 10: -0.5572999177201263
calculated iMatrix for 9, 1, 11, 11: 0.3748641633103188
calculated iMatrix for 9, 1, 11, 12: 0.11343842542509208
calculated iMatrix for 9, 1, 11, 13: -0.3084307208066148
calculated iMatrix for 9, 1, 11, 14: -0.18027734423018282
calculated iMatrix for 9, 1, 11, 15: 0.27281490895614857
calculated iMatrix for 9, 1, 11, 16: 0.3461147500243328
calculated iMatrix for 9, 1, 11, 17: 0.04993791768616673
calculated iMatrix for 9, 1, 11, 18: 0.28305661405719595
calculated iMatrix for 9, 1, 11, 19: -0.16570342965440932
calculated iMatrix for 9, 1, 12, 0: -0.2119883586000033
calculated iMatrix for 9, 1, 12, 1: 0.030768001578446613
calculated iMatrix for 9, 1, 12, 2: 0.22311733079445495
calculated iMatrix for 9, 1, 12, 3: 0.034996337687967616
calculated iMatrix for 9, 1, 12, 4: 0.013362178623270493
calculated iMatrix for 9, 1, 12, 5: 0.3383065675765212
calculated iMatrix for 9, 1, 12, 6: -0.24191003846505255
calculated iMatrix for 9, 1, 12, 7: -0.15735265043698954
calculated iMatrix for 9, 1, 12, 8: -0.17917021478690875
calculated iMatrix for 9, 1, 12, 9: -0.6646270023499936
calculated iMatrix for 9, 1, 12, 10: -0.6059650897014075
calculated iMatrix for 9, 1, 12, 11: 0.3499252149630667
calculated iMatrix for 9, 1, 12, 12: 0.1378635773346829
calculated iMatrix for 9, 1, 12, 13: -0.025295892568152345
calculated iMatrix for 9, 1, 12, 14: -0.27436378331479094
calculated iMatrix for 9, 1, 12, 15: 0.47494762186730144
calculated iMatrix for 9, 1, 12, 16: 0.2581010155546808
calculated iMatrix for 9, 1, 12, 17: -0.004369932648975894
calculated iMatrix for 9, 1, 12, 18: -0.016002145376692756
calculated iMatrix for 9, 1, 12, 19: -0.0645024964735268
calculated iMatrix for 9, 1, 13, 0: -0.19175282008408745
calculated iMatrix for 9, 1, 13, 1: 0.07338876872620193
calculated iMatrix for 9, 1, 13, 2: 0.2868532859876054
calculated iMatrix for 9, 1, 13, 3: -0.514027594375722
calculated iMatrix for 9, 1, 13, 4: -0.3125849961349887
calculated iMatrix for 9, 1, 13, 5: 0.3800861072914704
calculated iMatrix for 9, 1, 13, 6: 0.06656280365580214
calculated iMatrix for 9, 1, 13, 7: -0.5588183112757055
calculated iMatrix for 9, 1, 13, 8: -0.2873207916456597
calculated iMatrix for 9, 1, 13, 9: -0.3275854099119402
calculated iMatrix for 9, 1, 13, 10: -0.07712096043273853
calculated iMatrix for 9, 1, 13, 11: 0.33639788248252267
calculated iMatrix for 9, 1, 13, 12: 0.2777004148566711
calculated iMatrix for 9, 1, 13, 13: -0.09611555190847221
calculated iMatrix for 9, 1, 13, 14: -0.4945096487760847
calculated iMatrix for 9, 1, 13, 15: 0.3195140682271538
calculated iMatrix for 9, 1, 13, 16: 0.4888084226595365
calculated iMatrix for 9, 1, 13, 17: -0.06626112519672978
calculated iMatrix for 9, 1, 13, 18: 0.19897349684665466
calculated iMatrix for 9, 1, 13, 19: 0.17874928438402826
calculated iMatrix for 9, 1, 14, 0: -0.3906036788292526
calculated iMatrix for 9, 1, 14, 1: 0.12354973502941269
calculated iMatrix for 9, 1, 14, 2: 0.20220451742810108
calculated iMatrix for 9, 1, 14, 3: -0.16771015877025208
calculated iMatrix for 9, 1, 14, 4: -0.10137001568605286
calculated iMatrix for 9, 1, 14, 5: 0.33564345015703756
calculated iMatrix for 9, 1, 14, 6: 0.06813389588784324
calculated iMatrix for 9, 1, 14, 7: -0.44961901931071346
calculated iMatrix for 9, 1, 14, 8: -0.19466906128244998
calculated iMatrix for 9, 1, 14, 9: -0.3606422910887681
calculated iMatrix for 9, 1, 14, 10: -0.13238363910778794
calculated iMatrix for 9, 1, 14, 11: 0.3219417618559762
calculated iMatrix for 9, 1, 14, 12: 0.23214217930668324
calculated iMatrix for 9, 1, 14, 13: 0.04242419021704413
calculated iMatrix for 9, 1, 14, 14: -0.31388740577658836
calculated iMatrix for 9, 1, 14, 15: 0.2852520046206316
calculated iMatrix for 9, 1, 14, 16: 0.262560593418561
calculated iMatrix for 9, 1, 14, 17: 0.017255076379789402
calculated iMatrix for 9, 1, 14, 18: 0.4683902213211423
calculated iMatrix for 9, 1, 14, 19: -0.01979002869362989
calculated iMatrix for 9, 1, 15, 0: -0.24285925543238474
calculated iMatrix for 9, 1, 15, 1: 0.3103256421727476
calculated iMatrix for 9, 1, 15, 2: 0.07896125771368068
calculated iMatrix for 9, 1, 15, 3: 0.05239597477312219
calculated iMatrix for 9, 1, 15, 4: 0.13255069588838875
calculated iMatrix for 9, 1, 15, 5: 0.2148995136176406
calculated iMatrix for 9, 1, 15, 6: -0.04634930176598484
calculated iMatrix for 9, 1, 15, 7: -0.2640201586902595
calculated iMatrix for 9, 1, 15, 8: 0.020490716359865768
calculated iMatrix for 9, 1, 15, 9: -0.294185465670566
calculated iMatrix for 9, 1, 15, 10: -0.2312716402599968
calculated iMatrix for 9, 1, 15, 11: -0.026086264443319074
calculated iMatrix for 9, 1, 15, 12: 0.3120632620712884
calculated iMatrix for 9, 1, 15, 13: -0.06508712086901491
calculated iMatrix for 9, 1, 15, 14: -0.2198429444363741
calculated iMatrix for 9, 1, 15, 15: 0.3433654962509477
calculated iMatrix for 9, 1, 15, 16: 0.13173811240877076
calculated iMatrix for 9, 1, 15, 17: -0.13496096012208847
calculated iMatrix for 9, 1, 15, 18: 0.3409626116346375
calculated iMatrix for 9, 1, 15, 19: -0.08466816606812144
calculated iMatrix for 9, 1, 16, 0: -0.1263566581359381
calculated iMatrix for 9, 1, 16, 1: -0.11064365247138208
calculated iMatrix for 9, 1, 16, 2: 0.16008886166662561
calculated iMatrix for 9, 1, 16, 3: -0.08466816606812144
calculated iMatrix for 9, 1, 16, 4: -0.03579576167494958
calculated iMatrix for 9, 1, 16, 5: 0.29392740103990156
calculated iMatrix for 9, 1, 16, 6: -0.11283904303481762
calculated iMatrix for 9, 1, 16, 7: -0.19799685137512446
calculated iMatrix for 9, 1, 16, 8: -0.011696790158692849
calculated iMatrix for 9, 1, 16, 9: -0.47033064688010606
calculated iMatrix for 9, 1, 16, 10: 0.27405946418835314
calculated iMatrix for 9, 1, 16, 11: -0.14732521910598706
calculated iMatrix for 9, 1, 16, 12: 0.18994182481630684
calculated iMatrix for 9, 1, 16, 13: 0.2819180508008744
calculated iMatrix for 9, 1, 16, 14: -0.2611246034096779
calculated iMatrix for 9, 1, 16, 15: 0.17499829686545465
calculated iMatrix for 9, 1, 16, 16: 0.2787568531329756
calculated iMatrix for 9, 1, 16, 17: 0.05338471127524702
calculated iMatrix for 9, 1, 16, 18: -0.12157272300357214
calculated iMatrix for 9, 1, 16, 19: -0.14150164083128725
calculated iMatrix for 9, 2, 0, 0: 0.045221817859219554
calculated iMatrix for 9, 2, 0, 1: -0.14543627831050177
calculated iMatrix for 9, 2, 0, 2: 0.025563474061081254
calculated iMatrix for 9, 2, 0, 3: 0.053876643691189066
calculated iMatrix for 9, 2, 0, 4: 0.20575919986360508
calculated iMatrix for 9, 2, 0, 5: 0.1347551224121215
calculated iMatrix for 9, 2, 0, 6: -0.09332027717148783
calculated iMatrix for 9, 2, 0, 7: -0.011904885685979222
calculated iMatrix for 9, 2, 0, 8: -0.36422252425575585
calculated iMatrix for 9, 2, 0, 9: 0.0021570009705974558
calculated iMatrix for 9, 2, 0, 10: 0.5679136095669629
calculated iMatrix for 9, 2, 0, 11: 0.06428425267156733
calculated iMatrix for 9, 2, 0, 12: -0.14977467990909998
calculated iMatrix for 9, 2, 0, 13: 0.18363101030413342
calculated iMatrix for 9, 2, 0, 14: -0.15571386106874208
calculated iMatrix for 9, 2, 0, 15: 0.083692485389705
calculated iMatrix for 9, 2, 0, 16: -0.023881076732694795
calculated iMatrix for 9, 2, 0, 17: -0.12438286911266944
calculated iMatrix for 9, 2, 0, 18: -0.13104754085840215
calculated iMatrix for 9, 2, 0, 19: -0.20004041234535358
calculated iMatrix for 9, 2, 1, 0: 0.024462758484895625
calculated iMatrix for 9, 2, 1, 1: -0.09742705912414121
calculated iMatrix for 9, 2, 1, 2: 0.0896020606558571
calculated iMatrix for 9, 2, 1, 3: -0.18911134181316336
calculated iMatrix for 9, 2, 1, 4: 0.032761561299590736
calculated iMatrix for 9, 2, 1, 5: -0.0943984443918332
calculated iMatrix for 9, 2, 1, 6: -0.10906863413962692
calculated iMatrix for 9, 2, 1, 7: 0.04746738781398972
calculated iMatrix for 9, 2, 1, 8: -0.3580771074255624
calculated iMatrix for 9, 2, 1, 9: 0.10050618796851393
calculated iMatrix for 9, 2, 1, 10: 0.5259709156130377
calculated iMatrix for 9, 2, 1, 11: 0.003294334047417302
calculated iMatrix for 9, 2, 1, 12: -0.08955581991604517
calculated iMatrix for 9, 2, 1, 13: 0.004095455660461961
calculated iMatrix for 9, 2, 1, 14: 0.01219266589308135
calculated iMatrix for 9, 2, 1, 15: 0.11239283099159797
calculated iMatrix for 9, 2, 1, 16: 0.08932339268693659
calculated iMatrix for 9, 2, 1, 17: -0.04347135165381369
calculated iMatrix for 9, 2, 1, 18: -0.35177271130833027
calculated iMatrix for 9, 2, 1, 19: 0.1958300402753854
calculated iMatrix for 9, 2, 2, 0: 0.1739944924558594
calculated iMatrix for 9, 2, 2, 1: -0.03543538309617322
calculated iMatrix for 9, 2, 2, 2: 0.12301443221339149
calculated iMatrix for 9, 2, 2, 3: 0.22889791120248937
calculated iMatrix for 9, 2, 2, 4: -0.22728730474082193
calculated iMatrix for 9, 2, 2, 5: -0.014452657764777888
calculated iMatrix for 9, 2, 2, 6: -0.1492750546176675
calculated iMatrix for 9, 2, 2, 7: -0.11593561391380386
calculated iMatrix for 9, 2, 2, 8: -0.07510063948860468
calculated iMatrix for 9, 2, 2, 9: 0.014251792962749171
calculated iMatrix for 9, 2, 2, 10: 0.09264885300190707
calculated iMatrix for 9, 2, 2, 11: -0.056605064603886035
calculated iMatrix for 9, 2, 2, 12: -0.04942162507091316
calculated iMatrix for 9, 2, 2, 13: 0.045618958452207495
calculated iMatrix for 9, 2, 2, 14: 0.04750042655191293
calculated iMatrix for 9, 2, 2, 15: -0.01830490753144673
calculated iMatrix for 9, 2, 2, 16: -0.09634666811397821
calculated iMatrix for 9, 2, 2, 17: -0.18384572642537295
calculated iMatrix for 9, 2, 2, 18: 0.11484681995316474
calculated iMatrix for 9, 2, 2, 19: -0.13960535799970858
calculated iMatrix for 9, 2, 3, 0: 0.2995660487298164
calculated iMatrix for 9, 2, 3, 1: -0.8775856166737162
calculated iMatrix for 9, 2, 3, 2: 0.261106997018008
calculated iMatrix for 9, 2, 3, 3: 0.2864954029858259
calculated iMatrix for 9, 2, 3, 4: -0.2552511443177083
calculated iMatrix for 9, 2, 3, 5: -0.32573967094821915
calculated iMatrix for 9, 2, 3, 6: -0.19868079282931406
calculated iMatrix for 9, 2, 3, 7: -0.1722475357611586
calculated iMatrix for 9, 2, 3, 8: -0.03421064320027739
calculated iMatrix for 9, 2, 3, 9: 0.12348351768575624
calculated iMatrix for 9, 2, 3, 10: 0.12649743717313996
calculated iMatrix for 9, 2, 3, 11: -0.024250721508278505
calculated iMatrix for 9, 2, 3, 12: -0.20291270773589415
calculated iMatrix for 9, 2, 3, 13: 0.2709947768855867
calculated iMatrix for 9, 2, 3, 14: 0.12295259120660024
calculated iMatrix for 9, 2, 3, 15: -0.1361338856481883
calculated iMatrix for 9, 2, 3, 16: 0.0024838517661203985
calculated iMatrix for 9, 2, 3, 17: -0.3269071332241435
calculated iMatrix for 9, 2, 3, 18: 0.14224579414127914
calculated iMatrix for 9, 2, 3, 19: -0.13360182066349902
calculated iMatrix for 9, 2, 4, 0: 0.2562481069577565
calculated iMatrix for 9, 2, 4, 1: -0.07031564784239375
calculated iMatrix for 9, 2, 4, 2: -0.28289207956559015
calculated iMatrix for 9, 2, 4, 3: 0.016476406852245745
calculated iMatrix for 9, 2, 4, 4: 0.3184323623677178
calculated iMatrix for 9, 2, 4, 5: -0.41965919738827806
calculated iMatrix for 9, 2, 4, 6: -0.1562471944147174
calculated iMatrix for 9, 2, 4, 7: 0.10069679122840675
calculated iMatrix for 9, 2, 4, 8: -0.2516584915658093
calculated iMatrix for 9, 2, 4, 9: 0.5519571931308946
calculated iMatrix for 9, 2, 4, 10: 0.4955251490788733
calculated iMatrix for 9, 2, 4, 11: 0.010567970166079438
calculated iMatrix for 9, 2, 4, 12: -0.3895130392911773
calculated iMatrix for 9, 2, 4, 13: -0.18831800579376745
calculated iMatrix for 9, 2, 4, 14: -0.25782846533200876
calculated iMatrix for 9, 2, 4, 15: -0.21151793958999482
calculated iMatrix for 9, 2, 4, 16: -0.030506311636524786
calculated iMatrix for 9, 2, 4, 17: 0.12819404068562884
calculated iMatrix for 9, 2, 4, 18: 0.07770727300370796
calculated iMatrix for 9, 2, 4, 19: 0.20619451874155265
calculated iMatrix for 9, 2, 5, 0: 0.46516049920043895
calculated iMatrix for 9, 2, 5, 1: 0.3245673509352337
calculated iMatrix for 9, 2, 5, 2: -0.1814057540508724
calculated iMatrix for 9, 2, 5, 3: 0.004260051167376183
calculated iMatrix for 9, 2, 5, 4: 0.209904442615094
calculated iMatrix for 9, 2, 5, 5: -0.6521112883501794
calculated iMatrix for 9, 2, 5, 6: -0.3894139165275535
calculated iMatrix for 9, 2, 5, 7: 0.21897958837266857
calculated iMatrix for 9, 2, 5, 8: -0.15307573486845932
calculated iMatrix for 9, 2, 5, 9: 0.4469879893383684
calculated iMatrix for 9, 2, 5, 10: 0.5006433913914579
calculated iMatrix for 9, 2, 5, 11: -0.4100795605314643
calculated iMatrix for 9, 2, 5, 12: -0.3491617437676099
calculated iMatrix for 9, 2, 5, 13: 0.5051512878306477
calculated iMatrix for 9, 2, 5, 14: 0.03618622218095492
calculated iMatrix for 9, 2, 5, 15: -0.2701879832829785
calculated iMatrix for 9, 2, 5, 16: -0.2557843354793671
calculated iMatrix for 9, 2, 5, 17: -0.02671997147111982
calculated iMatrix for 9, 2, 5, 18: 0.14224579414127914
calculated iMatrix for 9, 2, 5, 19: 0.052094697146981686
calculated iMatrix for 9, 2, 6, 0: 0.5072559475571299
calculated iMatrix for 9, 2, 6, 1: -0.982683802844204
calculated iMatrix for 9, 2, 6, 2: 0.3403595973896535
calculated iMatrix for 9, 2, 6, 3: 0.7548541122172122
calculated iMatrix for 9, 2, 6, 4: -0.6159062167276621
calculated iMatrix for 9, 2, 6, 5: -0.5947955799758914
calculated iMatrix for 9, 2, 6, 6: -0.1614366196569429
calculated iMatrix for 9, 2, 6, 7: -0.3756972973935756
calculated iMatrix for 9, 2, 6, 8: 0.34665830874942577
calculated iMatrix for 9, 2, 6, 9: -0.1566849908463725
calculated iMatrix for 9, 2, 6, 10: 0.24760630979910547
calculated iMatrix for 9, 2, 6, 11: -3.6831305756279686E-4
calculated iMatrix for 9, 2, 6, 12: -0.29655573423447695
calculated iMatrix for 9, 2, 6, 13: 0.584699471618784
calculated iMatrix for 9, 2, 6, 14: 0.3325196791257288
calculated iMatrix for 9, 2, 6, 15: -0.12700910913233626
calculated iMatrix for 9, 2, 6, 16: -0.1405222635080728
calculated iMatrix for 9, 2, 6, 17: -0.5805331840250373
calculated iMatrix for 9, 2, 6, 18: -0.4977915611047179
calculated iMatrix for 9, 2, 6, 19: -0.391394507390883
calculated iMatrix for 9, 2, 7, 0: 0.566968718853858
calculated iMatrix for 9, 2, 7, 1: -0.15199367885666082
calculated iMatrix for 9, 2, 7, 2: 0.03798478381686975
calculated iMatrix for 9, 2, 7, 3: 0.47121486925933675
calculated iMatrix for 9, 2, 7, 4: 0.022444594328658488
calculated iMatrix for 9, 2, 7, 5: -0.861875651105908
calculated iMatrix for 9, 2, 7, 6: -0.16313585540990277
calculated iMatrix for 9, 2, 7, 7: -0.21925619054576911
calculated iMatrix for 9, 2, 7, 8: -0.08974737244991324
calculated iMatrix for 9, 2, 7, 9: 0.3705044461222593
calculated iMatrix for 9, 2, 7, 10: 0.47625193826729856
calculated iMatrix for 9, 2, 7, 11: -0.23042949114389438
calculated iMatrix for 9, 2, 7, 12: -0.826182945671992
calculated iMatrix for 9, 2, 7, 13: 0.26339017750036753
calculated iMatrix for 9, 2, 7, 14: 0.07410798897406111
calculated iMatrix for 9, 2, 7, 15: -0.018906081144962728
calculated iMatrix for 9, 2, 7, 16: -0.16342984335851435
calculated iMatrix for 9, 2, 7, 17: -0.3544679854320303
calculated iMatrix for 9, 2, 7, 18: 0.2498764583336445
calculated iMatrix for 9, 2, 7, 19: 0.20448810301850012
calculated iMatrix for 9, 2, 8, 0: NaN
calculated iMatrix for 9, 2, 8, 1: NaN
calculated iMatrix for 9, 2, 8, 2: NaN
calculated iMatrix for 9, 2, 8, 3: NaN
calculated iMatrix for 9, 2, 8, 4: NaN
calculated iMatrix for 9, 2, 8, 5: NaN
calculated iMatrix for 9, 2, 8, 6: NaN
calculated iMatrix for 9, 2, 8, 7: NaN
calculated iMatrix for 9, 2, 8, 8: NaN
calculated iMatrix for 9, 2, 8, 9: -4.7618986235636873E-4
calculated iMatrix for 9, 2, 8, 10: NaN
calculated iMatrix for 9, 2, 8, 11: NaN
calculated iMatrix for 9, 2, 8, 12: NaN
calculated iMatrix for 9, 2, 8, 13: NaN
calculated iMatrix for 9, 2, 8, 14: NaN
calculated iMatrix for 9, 2, 8, 15: NaN
calculated iMatrix for 9, 2, 8, 16: NaN
calculated iMatrix for 9, 2, 8, 17: NaN
calculated iMatrix for 9, 2, 8, 18: NaN
calculated iMatrix for 9, 2, 8, 19: NaN
calculated iMatrix for 9, 2, 9, 0: 0.6964561635097938
calculated iMatrix for 9, 2, 9, 1: -0.227501231364806
calculated iMatrix for 9, 2, 9, 2: -0.19160978158876207
calculated iMatrix for 9, 2, 9, 3: 0.6146815283556272
calculated iMatrix for 9, 2, 9, 4: -0.0785420434804715
calculated iMatrix for 9, 2, 9, 5: -0.6212178848361258
calculated iMatrix for 9, 2, 9, 6: -0.322642734437686
calculated iMatrix for 9, 2, 9, 7: -0.04699620549724928
calculated iMatrix for 9, 2, 9, 8: 0.42438768621744466
calculated iMatrix for 9, 2, 9, 9: 0.455385799288572
calculated iMatrix for 9, 2, 9, 10: 0.21123866562823057
calculated iMatrix for 9, 2, 9, 11: -0.24578425214478372
calculated iMatrix for 9, 2, 9, 12: -1.7140521962243471
calculated iMatrix for 9, 2, 9, 13: 0.6188068239331737
calculated iMatrix for 9, 2, 9, 14: 0.5500721784351232
calculated iMatrix for 9, 2, 9, 15: -0.2753406744992301
calculated iMatrix for 9, 2, 9, 16: -0.6715293742072809
calculated iMatrix for 9, 2, 9, 17: -0.3261331393774546
calculated iMatrix for 9, 2, 9, 18: -0.011904885685979222
calculated iMatrix for 9, 2, 9, 19: 0.08000348526405823
calculated iMatrix for 9, 2, 10, 0: 0.4488999783286587
calculated iMatrix for 9, 2, 10, 1: -1.0433778715164603
calculated iMatrix for 9, 2, 10, 2: -0.09742705912414121
calculated iMatrix for 9, 2, 10, 3: 0.8477388105235238
calculated iMatrix for 9, 2, 10, 4: -0.411481851168921
calculated iMatrix for 9, 2, 10, 5: -0.45726578138467344
calculated iMatrix for 9, 2, 10, 6: 0.029450299995934737
calculated iMatrix for 9, 2, 10, 7: -0.619169357547669
calculated iMatrix for 9, 2, 10, 8: 0.39416064273442897
calculated iMatrix for 9, 2, 10, 9: -0.10325466427420713
calculated iMatrix for 9, 2, 10, 10: 0.3525412029776399
calculated iMatrix for 9, 2, 10, 11: 0.15335701956634998
calculated iMatrix for 9, 2, 10, 12: -1.0780116039491574
calculated iMatrix for 9, 2, 10, 13: 0.7722140730796929
calculated iMatrix for 9, 2, 10, 14: 0.5322067157134783
calculated iMatrix for 9, 2, 10, 15: 0.060272211181606514
calculated iMatrix for 9, 2, 10, 16: -0.09638012132130758
calculated iMatrix for 9, 2, 10, 17: -0.7317203133280857
calculated iMatrix for 9, 2, 10, 18: -0.29958695813776004
calculated iMatrix for 9, 2, 10, 19: -0.4396757513084417
calculated iMatrix for 9, 2, 11, 0: 0.46145055796503653
calculated iMatrix for 9, 2, 11, 1: -0.3373272861206071
calculated iMatrix for 9, 2, 11, 2: -0.7270564282969568
calculated iMatrix for 9, 2, 11, 3: -0.045352819753519236
calculated iMatrix for 9, 2, 11, 4: 0.2067843152788503
calculated iMatrix for 9, 2, 11, 5: -0.5258653082573413
calculated iMatrix for 9, 2, 11, 6: 0.07770727300370796
calculated iMatrix for 9, 2, 11, 7: 0.302331209488352
calculated iMatrix for 9, 2, 11, 8: 0.1741633971095841
calculated iMatrix for 9, 2, 11, 9: 0.8073656624465686
calculated iMatrix for 9, 2, 11, 10: 0.681242294873966
calculated iMatrix for 9, 2, 11, 11: -0.44862253729824797
calculated iMatrix for 9, 2, 11, 12: -0.9882598583027844
calculated iMatrix for 9, 2, 11, 13: 0.38854265043020575
calculated iMatrix for 9, 2, 11, 14: 0.19103595831071118
calculated iMatrix for 9, 2, 11, 15: -0.3891991168274471
calculated iMatrix for 9, 2, 11, 16: -0.3526259016824699
calculated iMatrix for 9, 2, 11, 17: -1.745459004894867E-4
calculated iMatrix for 9, 2, 11, 18: -0.026830535902654856
calculated iMatrix for 9, 2, 11, 19: 0.2529971584339818
calculated iMatrix for 9, 2, 12, 0: 0.21906600012472055
calculated iMatrix for 9, 2, 12, 1: -0.06409063885654931
calculated iMatrix for 9, 2, 12, 2: -0.45025786063897866
calculated iMatrix for 9, 2, 12, 3: -0.34730243117742665
calculated iMatrix for 9, 2, 12, 4: 0.07555441964260685
calculated iMatrix for 9, 2, 12, 5: -0.08712830692356677
calculated iMatrix for 9, 2, 12, 6: -0.13450720777831154
calculated iMatrix for 9, 2, 12, 7: 0.25278766854110296
calculated iMatrix for 9, 2, 12, 8: 0.1712333310145313
calculated iMatrix for 9, 2, 12, 9: 0.847940190753313
calculated iMatrix for 9, 2, 12, 10: 0.649063396509731
calculated iMatrix for 9, 2, 12, 11: -0.27426915015347025
calculated iMatrix for 9, 2, 12, 12: -0.46812910013480324
calculated iMatrix for 9, 2, 12, 13: -0.05762007230358501
calculated iMatrix for 9, 2, 12, 14: 0.3044125489567735
calculated iMatrix for 9, 2, 12, 15: -0.43851713688153227
calculated iMatrix for 9, 2, 12, 16: -0.4018658072581782
calculated iMatrix for 9, 2, 12, 17: -0.14688032188273553
calculated iMatrix for 9, 2, 12, 18: -0.10070038446911034
calculated iMatrix for 9, 2, 12, 19: 0.10862918334229416
calculated iMatrix for 9, 2, 13, 0: 0.2801450655858791
calculated iMatrix for 9, 2, 13, 1: -0.47679341426494437
calculated iMatrix for 9, 2, 13, 2: -0.12056301356536209
calculated iMatrix for 9, 2, 13, 3: 0.4205255139146697
calculated iMatrix for 9, 2, 13, 4: 0.041704564919401735
calculated iMatrix for 9, 2, 13, 5: -0.08168176348513934
calculated iMatrix for 9, 2, 13, 6: -0.0977048754893119
calculated iMatrix for 9, 2, 13, 7: 0.04418458096506439
calculated iMatrix for 9, 2, 13, 8: 0.40372549419903603
calculated iMatrix for 9, 2, 13, 9: 0.01219266589308135
calculated iMatrix for 9, 2, 13, 10: 0.31508860698068997
calculated iMatrix for 9, 2, 13, 11: -0.07516708246394557
calculated iMatrix for 9, 2, 13, 12: -0.3246538491668653
calculated iMatrix for 9, 2, 13, 13: 0.17942479738303316
calculated iMatrix for 9, 2, 13, 14: 0.2941618361671211
calculated iMatrix for 9, 2, 13, 15: -0.2653955933894807
calculated iMatrix for 9, 2, 13, 16: -0.43695712706944845
calculated iMatrix for 9, 2, 13, 17: -0.2934330925633818
calculated iMatrix for 9, 2, 13, 18: -0.13219105156048117
calculated iMatrix for 9, 2, 13, 19: -0.1709695803156666
calculated iMatrix for 9, 2, 14, 0: 0.26934629643551133
calculated iMatrix for 9, 2, 14, 1: -0.20795663529183572
calculated iMatrix for 9, 2, 14, 2: -0.03590039124219491
calculated iMatrix for 9, 2, 14, 3: 0.0015784646513078981
calculated iMatrix for 9, 2, 14, 4: -0.13438644212391687
calculated iMatrix for 9, 2, 14, 5: -0.27560337316660694
calculated iMatrix for 9, 2, 14, 6: 0.23887262983035085
calculated iMatrix for 9, 2, 14, 7: 0.04753784259966022
calculated iMatrix for 9, 2, 14, 8: 0.2757771867658017
calculated iMatrix for 9, 2, 14, 9: 0.26880851744970835
calculated iMatrix for 9, 2, 14, 10: -0.1744238151837541
calculated iMatrix for 9, 2, 14, 11: -0.08247132162036105
calculated iMatrix for 9, 2, 14, 12: -0.21192601957933477
calculated iMatrix for 9, 2, 14, 13: 0.23897542059983023
calculated iMatrix for 9, 2, 14, 14: 0.35430451303099597
calculated iMatrix for 9, 2, 14, 15: -0.29600913678987617
calculated iMatrix for 9, 2, 14, 16: -0.17948842105641727
calculated iMatrix for 9, 2, 14, 17: -0.20502837551274744
calculated iMatrix for 9, 2, 14, 18: -0.6870335607432462
calculated iMatrix for 9, 2, 14, 19: 0.011980599303377665
calculated iMatrix for 9, 2, 15, 0: 0.1168360786159108
calculated iMatrix for 9, 2, 15, 1: -0.2455197368674843
calculated iMatrix for 9, 2, 15, 2: -0.2674837127533428
calculated iMatrix for 9, 2, 15, 3: 0.024462758484895625
calculated iMatrix for 9, 2, 15, 4: -0.0034660170401145107
calculated iMatrix for 9, 2, 15, 5: -0.14425074171640012
calculated iMatrix for 9, 2, 15, 6: -0.046548277158292906
calculated iMatrix for 9, 2, 15, 7: 0.295486141634392
calculated iMatrix for 9, 2, 15, 8: 0.08850151813458845
calculated iMatrix for 9, 2, 15, 9: 0.3501107652374574
calculated iMatrix for 9, 2, 15, 10: -0.016818900488408256
calculated iMatrix for 9, 2, 15, 11: -0.0961652293037191
calculated iMatrix for 9, 2, 15, 12: -0.2043788139439518
calculated iMatrix for 9, 2, 15, 13: -0.029112457855406032
calculated iMatrix for 9, 2, 15, 14: 0.07465250300875097
calculated iMatrix for 9, 2, 15, 15: -0.3867240817481151
calculated iMatrix for 9, 2, 15, 16: -0.07043862638279336
calculated iMatrix for 9, 2, 15, 17: 0.0173724642598711
calculated iMatrix for 9, 2, 15, 18: -0.19808001179592372
calculated iMatrix for 9, 2, 15, 19: 0.20448810301850012
calculated iMatrix for 9, 2, 16, 0: -0.025668999225144845
calculated iMatrix for 9, 2, 16, 1: -0.31249036297366806
calculated iMatrix for 9, 2, 16, 2: -0.11058954698033369
calculated iMatrix for 9, 2, 16, 3: 0.10224045952758001
calculated iMatrix for 9, 2, 16, 4: -0.02154351452374781
calculated iMatrix for 9, 2, 16, 5: -0.023268644336294303
calculated iMatrix for 9, 2, 16, 6: 0.2631984045589416
calculated iMatrix for 9, 2, 16, 7: -0.08749844120428266
calculated iMatrix for 9, 2, 16, 8: 0.17073774993558538
calculated iMatrix for 9, 2, 16, 9: 0.17344416499714047
calculated iMatrix for 9, 2, 16, 10: 0.14224579414127914
calculated iMatrix for 9, 2, 16, 11: 0.011340223594424131
calculated iMatrix for 9, 2, 16, 12: -0.03559145020534682
calculated iMatrix for 9, 2, 16, 13: 0.011980599303377665
calculated iMatrix for 9, 2, 16, 14: 0.21536805897024172
calculated iMatrix for 9, 2, 16, 15: -0.15293818896229633
calculated iMatrix for 9, 2, 16, 16: -0.34381527200031503
calculated iMatrix for 9, 2, 16, 17: -0.022203637886553662
calculated iMatrix for 9, 2, 16, 18: -0.08089775717293057
calculated iMatrix for 9, 2, 16, 19: 0.04856031006395614
calculated fs for 0: [J@4b32ace3
calculated fs for 0: [J@4b32ace3
calculated fs for 0: [J@4b32ace3
calculated fs for 0: [J@4b32ace3
calculated fs for 0: [J@4b32ace3
calculated fs for 0: [J@4b32ace3
calculated fs for 0: [J@4b32ace3
calculated fs for 0: [J@4b32ace3
calculated fs for 0: [J@4b32ace3
calculated fs for 0: [J@4b32ace3
calculated fs for 0: [J@4b32ace3
calculated fs for 0: [J@4b32ace3
calculated fs for 0: [J@4b32ace3
calculated fs for 0: [J@4b32ace3
calculated fs for 0: [J@4b32ace3
calculated fs for 0: [J@4b32ace3
calculated fs for 0: [J@4b32ace3
calculated fs for 0: [J@4b32ace3
calculated fs for 0: [J@4b32ace3
calculated fs for 0: [J@4b32ace3
calculated fs for 0: [J@4b32ace3
calculated fs for 0: [J@4b32ace3
calculated fs for 0: [J@4b32ace3
calculated fs for 0: [J@4b32ace3
calculated fs for 0: [J@4b32ace3
calculated fs for 0: [J@4b32ace3
calculated fs for 0: [J@4b32ace3
calculated fs for 0: [J@4b32ace3
calculated fs for 0: [J@4b32ace3
calculated fs for 0: [J@4b32ace3
calculated fs for 0: [J@4b32ace3
calculated fs for 0: [J@4b32ace3
calculated fs for 0: [J@4b32ace3
calculated fs for 0: [J@4b32ace3
calculated fs for 0: [J@4b32ace3
calculated fs for 0: [J@4b32ace3
calculated fs for 0: [J@4b32ace3
calculated fs for 0: [J@4b32ace3
calculated fs for 0: [J@4b32ace3
calculated fs for 0: [J@4b32ace3
calculated fs for 0: [J@4b32ace3
calculated fs for 0: [J@4b32ace3
calculated fs for 0: [J@4b32ace3
calculated fs for 0: [J@4b32ace3
calculated fs for 0: [J@4b32ace3
calculated fs for 0: [J@4b32ace3
calculated fs for 0: [J@4b32ace3
calculated fs for 0: [J@4b32ace3
calculated fs for 0: [J@4b32ace3
calculated fs for 0: [J@4b32ace3
calculated fs for 0: [J@4b32ace3
calculated fs for 0: [J@4b32ace3
calculated fs for 0: [J@4b32ace3
calculated fs for 0: [J@4b32ace3
calculated fs for 0: [J@4b32ace3
calculated fs for 0: [J@4b32ace3
calculated fs for 0: [J@4b32ace3
calculated fs for 0: [J@4b32ace3
calculated fs for 0: [J@4b32ace3
calculated fs for 0: [J@4b32ace3
calculated fs for 0: [J@4b32ace3
calculated fs for 0: [J@4b32ace3
calculated fs for 0: [J@4b32ace3
calculated fs for 0: [J@4b32ace3
calculated fs for 0: [J@4b32ace3
calculated fs for 0: [J@4b32ace3
calculated fs for 0: [J@4b32ace3
calculated fs for 0: [J@4b32ace3
calculated fs for 0: [J@4b32ace3
calculated fs for 0: [J@4b32ace3
calculated fs for 0: [J@4b32ace3
calculated fs for 0: [J@4b32ace3
calculated fs for 0: [J@4b32ace3
calculated fs for 0: [J@4b32ace3
calculated fs for 0: [J@4b32ace3
calculated fs for 0: [J@4b32ace3
calculated fs for 0: [J@4b32ace3
calculated fs for 0: [J@4b32ace3
calculated fs for 0: [J@4b32ace3
calculated fs for 0: [J@4b32ace3
calculated fs for 0: [J@4b32ace3
calculated fs for 0: [J@4b32ace3
calculated fs for 0: [J@4b32ace3
calculated fs for 0: [J@4b32ace3
calculated fs for 0: [J@4b32ace3
calculated fs for 0: [J@4b32ace3
calculated fs for 0: [J@4b32ace3
calculated fs for 0: [J@4b32ace3
calculated fs for 0: [J@4b32ace3
calculated fs for 0: [J@4b32ace3
calculated fs for 0: [J@4b32ace3
calculated fs for 0: [J@4b32ace3
calculated fs for 0: [J@4b32ace3
calculated fs for 0: [J@4b32ace3
calculated fs for 0: [J@4b32ace3
calculated fs for 0: [J@4b32ace3
calculated fs for 0: [J@4b32ace3
calculated fs for 0: [J@4b32ace3
calculated fs for 0: [J@4b32ace3
calculated fs for 0: [J@4b32ace3
calculated fs for 0: [J@4b32ace3
calculated fs for 0: [J@4b32ace3
calculated fs for 0: [J@4b32ace3
calculated fs for 0: [J@4b32ace3
calculated fs for 0: [J@4b32ace3
calculated fs for 0: [J@4b32ace3
calculated fs for 0: [J@4b32ace3
calculated fs for 0: [J@4b32ace3
calculated fs for 0: [J@4b32ace3
calculated fs for 0: [J@4b32ace3
calculated fs for 0: [J@4b32ace3
calculated fs for 0: [J@4b32ace3
calculated fs for 0: [J@4b32ace3
calculated fs for 0: [J@4b32ace3
calculated fs for 0: [J@4b32ace3
calculated fs for 0: [J@4b32ace3
calculated fs for 0: [J@4b32ace3
calculated fs for 0: [J@4b32ace3
calculated fs for 0: [J@4b32ace3
calculated fs for 0: [J@4b32ace3
calculated fs for 0: [J@4b32ace3
calculated fs for 0: [J@4b32ace3
calculated fs for 0: [J@4b32ace3
calculated fs for 0: [J@4b32ace3
calculated fs for 0: [J@4b32ace3
calculated fs for 0: [J@4b32ace3
calculated fs for 0: [J@4b32ace3
calculated fs for 0: [J@4b32ace3
calculated fs for 0: [J@4b32ace3
calculated fs for 0: [J@4b32ace3
calculated fs for 0: [J@4b32ace3
calculated fs for 0: [J@4b32ace3
calculated fs for 0: [J@4b32ace3
calculated fs for 0: [J@4b32ace3
calculated fs for 0: [J@4b32ace3
calculated fs for 0: [J@4b32ace3
calculated fs for 0: [J@4b32ace3
calculated fs for 0: [J@4b32ace3
calculated fs for 0: [J@4b32ace3
calculated fs for 0: [J@4b32ace3
calculated fs for 0: [J@4b32ace3
calculated fs for 0: [J@4b32ace3
calculated fs for 0: [J@4b32ace3
calculated fs for 0: [J@4b32ace3
calculated fs for 0: [J@4b32ace3
calculated fs for 0: [J@4b32ace3
calculated fs for 0: [J@4b32ace3
calculated fs for 0: [J@4b32ace3
calculated fs for 0: [J@4b32ace3
calculated fs for 0: [J@4b32ace3
calculated fs for 0: [J@4b32ace3
calculated fs for 0: [J@4b32ace3
calculated fs for 0: [J@4b32ace3
calculated fs for 0: [J@4b32ace3
calculated fs for 0: [J@4b32ace3
calculated fs for 0: [J@4b32ace3
calculated fs for 0: [J@4b32ace3
calculated fs for 0: [J@4b32ace3
calculated fs for 0: [J@4b32ace3
calculated fs for 0: [J@4b32ace3
calculated fs for 0: [J@4b32ace3
calculated fs for 0: [J@4b32ace3
calculated fs for 0: [J@4b32ace3
calculated fs for 0: [J@4b32ace3
calculated fs for 0: [J@4b32ace3
calculated fs for 0: [J@4b32ace3
calculated fs for 0: [J@4b32ace3
calculated fs for 0: [J@4b32ace3
calculated fs for 0: [J@4b32ace3
calculated fs for 0: [J@4b32ace3
calculated fs for 0: [J@4b32ace3
calculated fs for 0: [J@4b32ace3
calculated fs for 0: [J@4b32ace3
calculated fs for 0: [J@4b32ace3
calculated fs for 0: [J@4b32ace3
calculated fs for 0: [J@4b32ace3
calculated fs for 0: [J@4b32ace3
calculated fs for 0: [J@4b32ace3
calculated fs for 0: [J@4b32ace3
calculated fs for 0: [J@4b32ace3
calculated fs for 0: [J@4b32ace3
calculated fs for 0: [J@4b32ace3
calculated fs for 0: [J@4b32ace3
calculated fs for 0: [J@4b32ace3
calculated fs for 0: [J@4b32ace3
calculated fs for 0: [J@4b32ace3
calculated fs for 0: [J@4b32ace3
calculated fs for 0: [J@4b32ace3
calculated fs for 0: [J@4b32ace3
calculated fs for 0: [J@4b32ace3
calculated fs for 0: [J@4b32ace3
calculated fs for 0: [J@4b32ace3
calculated fs for 0: [J@4b32ace3
calculated fs for 0: [J@4b32ace3
calculated fs for 0: [J@4b32ace3
calculated fs for 0: [J@4b32ace3
calculated fs for 0: [J@4b32ace3
calculated fs for 0: [J@4b32ace3
calculated fs for 0: [J@4b32ace3
calculated fs for 0: [J@4b32ace3
calculated fs for 0: [J@4b32ace3
calculated fs for 0: [J@4b32ace3
calculated fs for 0: [J@4b32ace3
calculated fs for 0: [J@4b32ace3
calculated fs for 0: [J@4b32ace3
calculated fs for 0: [J@4b32ace3
calculated fs for 0: [J@4b32ace3
calculated fs for 0: [J@4b32ace3
calculated fs for 0: [J@4b32ace3
calculated fs for 0: [J@4b32ace3
calculated fs for 0: [J@4b32ace3
calculated fs for 0: [J@4b32ace3
calculated fs for 0: [J@4b32ace3
calculated fs for 0: [J@4b32ace3
calculated fs for 0: [J@4b32ace3
calculated fs for 0: [J@4b32ace3
calculated fs for 0: [J@4b32ace3
calculated fs for 0: [J@4b32ace3
calculated fs for 0: [J@4b32ace3
calculated fs for 0: [J@4b32ace3
calculated fs for 0: [J@4b32ace3
calculated fs for 0: [J@4b32ace3
calculated fs for 0: [J@4b32ace3
calculated fs for 0: [J@4b32ace3
calculated fs for 0: [J@4b32ace3
calculated fs for 0: [J@4b32ace3
calculated fs for 0: [J@4b32ace3
calculated fs for 0: [J@4b32ace3
calculated fs for 0: [J@4b32ace3
calculated fs for 0: [J@4b32ace3
calculated fs for 0: [J@4b32ace3
calculated fs for 0: [J@4b32ace3
calculated fs for 0: [J@4b32ace3
calculated fs for 0: [J@4b32ace3
calculated fs for 0: [J@4b32ace3
calculated fs for 0: [J@4b32ace3
calculated fs for 0: [J@4b32ace3
calculated fs for 0: [J@4b32ace3
calculated fs for 0: [J@4b32ace3
calculated fs for 0: [J@4b32ace3
calculated fs for 0: [J@4b32ace3
calculated fs for 0: [J@4b32ace3
calculated fs for 0: [J@4b32ace3
calculated fs for 0: [J@4b32ace3
calculated fs for 0: [J@4b32ace3
calculated fs for 0: [J@4b32ace3
calculated fs for 0: [J@4b32ace3
calculated fs for 0: [J@4b32ace3
calculated fs for 0: [J@4b32ace3
calculated fs for 0: [J@4b32ace3
calculated fs for 0: [J@4b32ace3
calculated fs for 0: [J@4b32ace3
calculated fs for 0: [J@4b32ace3
calculated fs for 0: [J@4b32ace3
calculated fs for 0: [J@4b32ace3
calculated fs for 0: [J@4b32ace3
calculated fs for 0: [J@4b32ace3
calculated fs for 0: [J@4b32ace3
calculated fs for 0: [J@4b32ace3
calculated fs for 0: [J@4b32ace3
calculated fs for 0: [J@4b32ace3
calculated fs for 0: [J@4b32ace3
calculated fs for 0: [J@4b32ace3
calculated fs for 0: [J@4b32ace3
calculated fs for 0: [J@4b32ace3
calculated fs for 0: [J@4b32ace3
calculated fs for 0: [J@4b32ace3
calculated fs for 0: [J@4b32ace3
calculated fs for 0: [J@4b32ace3
calculated fs for 0: [J@4b32ace3
calculated fs for 0: [J@4b32ace3
calculated fs for 0: [J@4b32ace3
calculated fs for 0: [J@4b32ace3
calculated fs for 0: [J@4b32ace3
calculated fs for 0: [J@4b32ace3
calculated fs for 0: [J@4b32ace3
calculated fs for 0: [J@4b32ace3
calculated fs for 0: [J@4b32ace3
calculated fs for 0: [J@4b32ace3
calculated fs for 0: [J@4b32ace3
calculated fs for 0: [J@4b32ace3
calculated fs for 0: [J@4b32ace3
calculated fs for 0: [J@4b32ace3
calculated fs for 0: [J@4b32ace3
calculated fs for 0: [J@4b32ace3
calculated fs for 0: [J@4b32ace3
calculated fs for 0: [J@4b32ace3
calculated fs for 0: [J@4b32ace3
calculated fs for 0: [J@4b32ace3
calculated fs for 0: [J@4b32ace3
calculated fs for 0: [J@4b32ace3
calculated fs for 0: [J@4b32ace3
calculated fs for 0: [J@4b32ace3
calculated fs for 0: [J@4b32ace3
calculated fs for 0: [J@4b32ace3
calculated fs for 0: [J@4b32ace3
calculated fs for 0: [J@4b32ace3
calculated fs for 0: [J@4b32ace3
calculated fs for 0: [J@4b32ace3
calculated fs for 0: [J@4b32ace3
calculated fs for 0: [J@4b32ace3
calculated fs for 0: [J@4b32ace3
calculated fs for 0: [J@4b32ace3
calculated fs for 0: [J@4b32ace3
calculated fs for 0: [J@4b32ace3
calculated fs for 0: [J@4b32ace3
calculated fs for 0: [J@4b32ace3
calculated fs for 0: [J@4b32ace3
calculated fs for 0: [J@4b32ace3
calculated fs for 0: [J@4b32ace3
calculated fs for 0: [J@4b32ace3
calculated fs for 0: [J@4b32ace3
calculated fs for 0: [J@4b32ace3
calculated fs for 0: [J@4b32ace3
calculated fs for 0: [J@4b32ace3
calculated fs for 0: [J@4b32ace3
calculated fs for 0: [J@4b32ace3
calculated fs for 0: [J@4b32ace3
calculated fs for 0: [J@4b32ace3
calculated fs for 0: [J@4b32ace3
calculated fs for 0: [J@4b32ace3
calculated fs for 0: [J@4b32ace3
calculated fs for 0: [J@4b32ace3
calculated fs for 0: [J@4b32ace3
calculated fs for 0: [J@4b32ace3
calculated fs for 0: [J@4b32ace3
calculated fs for 0: [J@4b32ace3
calculated fs for 0: [J@4b32ace3
calculated fs for 0: [J@4b32ace3
calculated fs for 0: [J@4b32ace3
calculated fs for 0: [J@4b32ace3
calculated fs for 0: [J@4b32ace3
calculated fs for 0: [J@4b32ace3
calculated fs for 0: [J@4b32ace3
calculated fs for 0: [J@4b32ace3
calculated fs for 0: [J@4b32ace3
calculated fs for 0: [J@4b32ace3
calculated fs for 0: [J@4b32ace3
calculated fs for 0: [J@4b32ace3
calculated fs for 0: [J@4b32ace3
calculated fs for 1: [J@6bf491a6
calculated fs for 1: [J@6bf491a6
calculated fs for 1: [J@6bf491a6
calculated fs for 1: [J@6bf491a6
calculated fs for 1: [J@6bf491a6
calculated fs for 1: [J@6bf491a6
calculated fs for 1: [J@6bf491a6
calculated fs for 1: [J@6bf491a6
calculated fs for 1: [J@6bf491a6
calculated fs for 1: [J@6bf491a6
calculated fs for 1: [J@6bf491a6
calculated fs for 1: [J@6bf491a6
calculated fs for 1: [J@6bf491a6
calculated fs for 1: [J@6bf491a6
calculated fs for 1: [J@6bf491a6
calculated fs for 1: [J@6bf491a6
calculated fs for 1: [J@6bf491a6
calculated fs for 1: [J@6bf491a6
calculated fs for 1: [J@6bf491a6
calculated fs for 1: [J@6bf491a6
calculated fs for 1: [J@6bf491a6
calculated fs for 1: [J@6bf491a6
calculated fs for 1: [J@6bf491a6
calculated fs for 1: [J@6bf491a6
calculated fs for 1: [J@6bf491a6
calculated fs for 1: [J@6bf491a6
calculated fs for 1: [J@6bf491a6
calculated fs for 1: [J@6bf491a6
calculated fs for 1: [J@6bf491a6
calculated fs for 1: [J@6bf491a6
calculated fs for 1: [J@6bf491a6
calculated fs for 1: [J@6bf491a6
calculated fs for 1: [J@6bf491a6
calculated fs for 1: [J@6bf491a6
calculated fs for 1: [J@6bf491a6
calculated fs for 1: [J@6bf491a6
calculated fs for 1: [J@6bf491a6
calculated fs for 1: [J@6bf491a6
calculated fs for 1: [J@6bf491a6
calculated fs for 1: [J@6bf491a6
calculated fs for 1: [J@6bf491a6
calculated fs for 1: [J@6bf491a6
calculated fs for 1: [J@6bf491a6
calculated fs for 1: [J@6bf491a6
calculated fs for 1: [J@6bf491a6
calculated fs for 1: [J@6bf491a6
calculated fs for 1: [J@6bf491a6
calculated fs for 1: [J@6bf491a6
calculated fs for 1: [J@6bf491a6
calculated fs for 1: [J@6bf491a6
calculated fs for 1: [J@6bf491a6
calculated fs for 1: [J@6bf491a6
calculated fs for 1: [J@6bf491a6
calculated fs for 1: [J@6bf491a6
calculated fs for 1: [J@6bf491a6
calculated fs for 1: [J@6bf491a6
calculated fs for 1: [J@6bf491a6
calculated fs for 1: [J@6bf491a6
calculated fs for 1: [J@6bf491a6
calculated fs for 1: [J@6bf491a6
calculated fs for 1: [J@6bf491a6
calculated fs for 1: [J@6bf491a6
calculated fs for 1: [J@6bf491a6
calculated fs for 1: [J@6bf491a6
calculated fs for 1: [J@6bf491a6
calculated fs for 1: [J@6bf491a6
calculated fs for 1: [J@6bf491a6
calculated fs for 1: [J@6bf491a6
calculated fs for 1: [J@6bf491a6
calculated fs for 1: [J@6bf491a6
calculated fs for 1: [J@6bf491a6
calculated fs for 1: [J@6bf491a6
calculated fs for 1: [J@6bf491a6
calculated fs for 1: [J@6bf491a6
calculated fs for 1: [J@6bf491a6
calculated fs for 1: [J@6bf491a6
calculated fs for 1: [J@6bf491a6
calculated fs for 1: [J@6bf491a6
calculated fs for 1: [J@6bf491a6
calculated fs for 1: [J@6bf491a6
calculated fs for 1: [J@6bf491a6
calculated fs for 1: [J@6bf491a6
calculated fs for 1: [J@6bf491a6
calculated fs for 1: [J@6bf491a6
calculated fs for 1: [J@6bf491a6
calculated fs for 1: [J@6bf491a6
calculated fs for 1: [J@6bf491a6
calculated fs for 1: [J@6bf491a6
calculated fs for 1: [J@6bf491a6
calculated fs for 1: [J@6bf491a6
calculated fs for 1: [J@6bf491a6
calculated fs for 1: [J@6bf491a6
calculated fs for 1: [J@6bf491a6
calculated fs for 1: [J@6bf491a6
calculated fs for 1: [J@6bf491a6
calculated fs for 1: [J@6bf491a6
calculated fs for 1: [J@6bf491a6
calculated fs for 1: [J@6bf491a6
calculated fs for 1: [J@6bf491a6
calculated fs for 1: [J@6bf491a6
calculated fs for 1: [J@6bf491a6
calculated fs for 1: [J@6bf491a6
calculated fs for 1: [J@6bf491a6
calculated fs for 1: [J@6bf491a6
calculated fs for 1: [J@6bf491a6
calculated fs for 1: [J@6bf491a6
calculated fs for 1: [J@6bf491a6
calculated fs for 1: [J@6bf491a6
calculated fs for 1: [J@6bf491a6
calculated fs for 1: [J@6bf491a6
calculated fs for 1: [J@6bf491a6
calculated fs for 1: [J@6bf491a6
calculated fs for 1: [J@6bf491a6
calculated fs for 1: [J@6bf491a6
calculated fs for 1: [J@6bf491a6
calculated fs for 1: [J@6bf491a6
calculated fs for 1: [J@6bf491a6
calculated fs for 1: [J@6bf491a6
calculated fs for 1: [J@6bf491a6
calculated fs for 1: [J@6bf491a6
calculated fs for 1: [J@6bf491a6
calculated fs for 1: [J@6bf491a6
calculated fs for 1: [J@6bf491a6
calculated fs for 1: [J@6bf491a6
calculated fs for 1: [J@6bf491a6
calculated fs for 1: [J@6bf491a6
calculated fs for 1: [J@6bf491a6
calculated fs for 1: [J@6bf491a6
calculated fs for 1: [J@6bf491a6
calculated fs for 1: [J@6bf491a6
calculated fs for 1: [J@6bf491a6
calculated fs for 1: [J@6bf491a6
calculated fs for 1: [J@6bf491a6
calculated fs for 1: [J@6bf491a6
calculated fs for 1: [J@6bf491a6
calculated fs for 1: [J@6bf491a6
calculated fs for 1: [J@6bf491a6
calculated fs for 1: [J@6bf491a6
calculated fs for 1: [J@6bf491a6
calculated fs for 1: [J@6bf491a6
calculated fs for 1: [J@6bf491a6
calculated fs for 1: [J@6bf491a6
calculated fs for 1: [J@6bf491a6
calculated fs for 1: [J@6bf491a6
calculated fs for 1: [J@6bf491a6
calculated fs for 1: [J@6bf491a6
calculated fs for 1: [J@6bf491a6
calculated fs for 1: [J@6bf491a6
calculated fs for 1: [J@6bf491a6
calculated fs for 1: [J@6bf491a6
calculated fs for 1: [J@6bf491a6
calculated fs for 1: [J@6bf491a6
calculated fs for 1: [J@6bf491a6
calculated fs for 1: [J@6bf491a6
calculated fs for 1: [J@6bf491a6
calculated fs for 1: [J@6bf491a6
calculated fs for 1: [J@6bf491a6
calculated fs for 1: [J@6bf491a6
calculated fs for 1: [J@6bf491a6
calculated fs for 1: [J@6bf491a6
calculated fs for 1: [J@6bf491a6
calculated fs for 1: [J@6bf491a6
calculated fs for 1: [J@6bf491a6
calculated fs for 1: [J@6bf491a6
calculated fs for 1: [J@6bf491a6
calculated fs for 1: [J@6bf491a6
calculated fs for 1: [J@6bf491a6
calculated fs for 1: [J@6bf491a6
calculated fs for 1: [J@6bf491a6
calculated fs for 1: [J@6bf491a6
calculated fs for 1: [J@6bf491a6
calculated fs for 1: [J@6bf491a6
calculated fs for 1: [J@6bf491a6
calculated fs for 1: [J@6bf491a6
calculated fs for 1: [J@6bf491a6
calculated fs for 1: [J@6bf491a6
calculated fs for 1: [J@6bf491a6
calculated fs for 1: [J@6bf491a6
calculated fs for 1: [J@6bf491a6
calculated fs for 1: [J@6bf491a6
calculated fs for 1: [J@6bf491a6
calculated fs for 1: [J@6bf491a6
calculated fs for 1: [J@6bf491a6
calculated fs for 1: [J@6bf491a6
calculated fs for 1: [J@6bf491a6
calculated fs for 1: [J@6bf491a6
calculated fs for 1: [J@6bf491a6
calculated fs for 1: [J@6bf491a6
calculated fs for 1: [J@6bf491a6
calculated fs for 1: [J@6bf491a6
calculated fs for 1: [J@6bf491a6
calculated fs for 1: [J@6bf491a6
calculated fs for 1: [J@6bf491a6
calculated fs for 1: [J@6bf491a6
calculated fs for 1: [J@6bf491a6
calculated fs for 1: [J@6bf491a6
calculated fs for 1: [J@6bf491a6
calculated fs for 1: [J@6bf491a6
calculated fs for 1: [J@6bf491a6
calculated fs for 1: [J@6bf491a6
calculated fs for 1: [J@6bf491a6
calculated fs for 1: [J@6bf491a6
calculated fs for 1: [J@6bf491a6
calculated fs for 1: [J@6bf491a6
calculated fs for 1: [J@6bf491a6
calculated fs for 1: [J@6bf491a6
calculated fs for 1: [J@6bf491a6
calculated fs for 1: [J@6bf491a6
calculated fs for 1: [J@6bf491a6
calculated fs for 1: [J@6bf491a6
calculated fs for 1: [J@6bf491a6
calculated fs for 1: [J@6bf491a6
calculated fs for 1: [J@6bf491a6
calculated fs for 1: [J@6bf491a6
calculated fs for 1: [J@6bf491a6
calculated fs for 1: [J@6bf491a6
calculated fs for 1: [J@6bf491a6
calculated fs for 1: [J@6bf491a6
calculated fs for 1: [J@6bf491a6
calculated fs for 1: [J@6bf491a6
calculated fs for 1: [J@6bf491a6
calculated fs for 1: [J@6bf491a6
calculated fs for 1: [J@6bf491a6
calculated fs for 1: [J@6bf491a6
calculated fs for 1: [J@6bf491a6
calculated fs for 1: [J@6bf491a6
calculated fs for 1: [J@6bf491a6
calculated fs for 1: [J@6bf491a6
calculated fs for 1: [J@6bf491a6
calculated fs for 1: [J@6bf491a6
calculated fs for 1: [J@6bf491a6
calculated fs for 1: [J@6bf491a6
calculated fs for 1: [J@6bf491a6
calculated fs for 1: [J@6bf491a6
calculated fs for 1: [J@6bf491a6
calculated fs for 1: [J@6bf491a6
calculated fs for 1: [J@6bf491a6
calculated fs for 1: [J@6bf491a6
calculated fs for 1: [J@6bf491a6
calculated fs for 1: [J@6bf491a6
calculated fs for 1: [J@6bf491a6
calculated fs for 1: [J@6bf491a6
calculated fs for 1: [J@6bf491a6
calculated fs for 1: [J@6bf491a6
calculated fs for 1: [J@6bf491a6
calculated fs for 1: [J@6bf491a6
calculated fs for 1: [J@6bf491a6
calculated fs for 1: [J@6bf491a6
calculated fs for 1: [J@6bf491a6
calculated fs for 1: [J@6bf491a6
calculated fs for 1: [J@6bf491a6
calculated fs for 1: [J@6bf491a6
calculated fs for 1: [J@6bf491a6
calculated fs for 1: [J@6bf491a6
calculated fs for 1: [J@6bf491a6
calculated fs for 1: [J@6bf491a6
calculated fs for 1: [J@6bf491a6
calculated fs for 1: [J@6bf491a6
calculated fs for 1: [J@6bf491a6
calculated fs for 1: [J@6bf491a6
calculated fs for 1: [J@6bf491a6
calculated fs for 1: [J@6bf491a6
calculated fs for 1: [J@6bf491a6
calculated fs for 1: [J@6bf491a6
calculated fs for 1: [J@6bf491a6
calculated fs for 1: [J@6bf491a6
calculated fs for 1: [J@6bf491a6
calculated fs for 1: [J@6bf491a6
calculated fs for 1: [J@6bf491a6
calculated fs for 1: [J@6bf491a6
calculated fs for 1: [J@6bf491a6
calculated fs for 1: [J@6bf491a6
calculated fs for 1: [J@6bf491a6
calculated fs for 1: [J@6bf491a6
calculated fs for 1: [J@6bf491a6
calculated fs for 1: [J@6bf491a6
calculated fs for 1: [J@6bf491a6
calculated fs for 1: [J@6bf491a6
calculated fs for 1: [J@6bf491a6
calculated fs for 1: [J@6bf491a6
calculated fs for 1: [J@6bf491a6
calculated fs for 1: [J@6bf491a6
calculated fs for 1: [J@6bf491a6
calculated fs for 1: [J@6bf491a6
calculated fs for 1: [J@6bf491a6
calculated fs for 1: [J@6bf491a6
calculated fs for 1: [J@6bf491a6
calculated fs for 1: [J@6bf491a6
calculated fs for 1: [J@6bf491a6
calculated fs for 1: [J@6bf491a6
calculated fs for 1: [J@6bf491a6
calculated fs for 1: [J@6bf491a6
calculated fs for 1: [J@6bf491a6
calculated fs for 1: [J@6bf491a6
calculated fs for 1: [J@6bf491a6
calculated fs for 1: [J@6bf491a6
calculated fs for 1: [J@6bf491a6
calculated fs for 1: [J@6bf491a6
calculated fs for 1: [J@6bf491a6
calculated fs for 1: [J@6bf491a6
calculated fs for 1: [J@6bf491a6
calculated fs for 1: [J@6bf491a6
calculated fs for 1: [J@6bf491a6
calculated fs for 1: [J@6bf491a6
calculated fs for 1: [J@6bf491a6
calculated fs for 1: [J@6bf491a6
calculated fs for 1: [J@6bf491a6
calculated fs for 1: [J@6bf491a6
calculated fs for 1: [J@6bf491a6
calculated fs for 1: [J@6bf491a6
calculated fs for 1: [J@6bf491a6
calculated fs for 1: [J@6bf491a6
calculated fs for 1: [J@6bf491a6
calculated fs for 1: [J@6bf491a6
calculated fs for 1: [J@6bf491a6
calculated fs for 1: [J@6bf491a6
calculated fs for 1: [J@6bf491a6
calculated fs for 1: [J@6bf491a6
calculated fs for 1: [J@6bf491a6
calculated fs for 1: [J@6bf491a6
calculated fs for 1: [J@6bf491a6
calculated fs for 1: [J@6bf491a6
calculated fs for 1: [J@6bf491a6
calculated fs for 1: [J@6bf491a6
calculated fs for 1: [J@6bf491a6
calculated fs for 1: [J@6bf491a6
calculated fs for 1: [J@6bf491a6
calculated fs for 1: [J@6bf491a6
calculated fs for 1: [J@6bf491a6
calculated fs for 1: [J@6bf491a6
calculated fs for 1: [J@6bf491a6
calculated fs for 1: [J@6bf491a6
calculated fs for 1: [J@6bf491a6
calculated fs for 1: [J@6bf491a6
calculated fs for 1: [J@6bf491a6
calculated fs for 1: [J@6bf491a6
calculated fs for 1: [J@6bf491a6
calculated fs for 1: [J@6bf491a6
calculated fs for 1: [J@6bf491a6
calculated fs for 1: [J@6bf491a6
calculated fs for 2: [J@58660a9
calculated fs for 2: [J@58660a9
calculated fs for 2: [J@58660a9
calculated fs for 2: [J@58660a9
calculated fs for 2: [J@58660a9
calculated fs for 2: [J@58660a9
calculated fs for 2: [J@58660a9
calculated fs for 2: [J@58660a9
calculated fs for 2: [J@58660a9
calculated fs for 2: [J@58660a9
calculated fs for 2: [J@58660a9
calculated fs for 2: [J@58660a9
calculated fs for 2: [J@58660a9
calculated fs for 2: [J@58660a9
calculated fs for 2: [J@58660a9
calculated fs for 2: [J@58660a9
calculated fs for 2: [J@58660a9
calculated fs for 2: [J@58660a9
calculated fs for 2: [J@58660a9
calculated fs for 2: [J@58660a9
calculated fs for 2: [J@58660a9
calculated fs for 2: [J@58660a9
calculated fs for 2: [J@58660a9
calculated fs for 2: [J@58660a9
calculated fs for 2: [J@58660a9
calculated fs for 2: [J@58660a9
calculated fs for 2: [J@58660a9
calculated fs for 2: [J@58660a9
calculated fs for 2: [J@58660a9
calculated fs for 2: [J@58660a9
calculated fs for 2: [J@58660a9
calculated fs for 2: [J@58660a9
calculated fs for 2: [J@58660a9
calculated fs for 2: [J@58660a9
calculated fs for 2: [J@58660a9
calculated fs for 2: [J@58660a9
calculated fs for 2: [J@58660a9
calculated fs for 2: [J@58660a9
calculated fs for 2: [J@58660a9
calculated fs for 2: [J@58660a9
calculated fs for 2: [J@58660a9
calculated fs for 2: [J@58660a9
calculated fs for 2: [J@58660a9
calculated fs for 2: [J@58660a9
calculated fs for 2: [J@58660a9
calculated fs for 2: [J@58660a9
calculated fs for 2: [J@58660a9
calculated fs for 2: [J@58660a9
calculated fs for 2: [J@58660a9
calculated fs for 2: [J@58660a9
calculated fs for 2: [J@58660a9
calculated fs for 2: [J@58660a9
calculated fs for 2: [J@58660a9
calculated fs for 2: [J@58660a9
calculated fs for 2: [J@58660a9
calculated fs for 2: [J@58660a9
calculated fs for 2: [J@58660a9
calculated fs for 2: [J@58660a9
calculated fs for 2: [J@58660a9
calculated fs for 2: [J@58660a9
calculated fs for 2: [J@58660a9
calculated fs for 2: [J@58660a9
calculated fs for 2: [J@58660a9
calculated fs for 2: [J@58660a9
calculated fs for 2: [J@58660a9
calculated fs for 2: [J@58660a9
calculated fs for 2: [J@58660a9
calculated fs for 2: [J@58660a9
calculated fs for 2: [J@58660a9
calculated fs for 2: [J@58660a9
calculated fs for 2: [J@58660a9
calculated fs for 2: [J@58660a9
calculated fs for 2: [J@58660a9
calculated fs for 2: [J@58660a9
calculated fs for 2: [J@58660a9
calculated fs for 2: [J@58660a9
calculated fs for 2: [J@58660a9
calculated fs for 2: [J@58660a9
calculated fs for 2: [J@58660a9
calculated fs for 2: [J@58660a9
calculated fs for 2: [J@58660a9
calculated fs for 2: [J@58660a9
calculated fs for 2: [J@58660a9
calculated fs for 2: [J@58660a9
calculated fs for 2: [J@58660a9
calculated fs for 2: [J@58660a9
calculated fs for 2: [J@58660a9
calculated fs for 2: [J@58660a9
calculated fs for 2: [J@58660a9
calculated fs for 2: [J@58660a9
calculated fs for 2: [J@58660a9
calculated fs for 2: [J@58660a9
calculated fs for 2: [J@58660a9
calculated fs for 2: [J@58660a9
calculated fs for 2: [J@58660a9
calculated fs for 2: [J@58660a9
calculated fs for 2: [J@58660a9
calculated fs for 2: [J@58660a9
calculated fs for 2: [J@58660a9
calculated fs for 2: [J@58660a9
calculated fs for 2: [J@58660a9
calculated fs for 2: [J@58660a9
calculated fs for 2: [J@58660a9
calculated fs for 2: [J@58660a9
calculated fs for 2: [J@58660a9
calculated fs for 2: [J@58660a9
calculated fs for 2: [J@58660a9
calculated fs for 2: [J@58660a9
calculated fs for 2: [J@58660a9
calculated fs for 2: [J@58660a9
calculated fs for 2: [J@58660a9
calculated fs for 2: [J@58660a9
calculated fs for 2: [J@58660a9
calculated fs for 2: [J@58660a9
calculated fs for 2: [J@58660a9
calculated fs for 2: [J@58660a9
calculated fs for 2: [J@58660a9
calculated fs for 2: [J@58660a9
calculated fs for 2: [J@58660a9
calculated fs for 2: [J@58660a9
calculated fs for 2: [J@58660a9
calculated fs for 2: [J@58660a9
calculated fs for 2: [J@58660a9
calculated fs for 2: [J@58660a9
calculated fs for 2: [J@58660a9
calculated fs for 2: [J@58660a9
calculated fs for 2: [J@58660a9
calculated fs for 2: [J@58660a9
calculated fs for 2: [J@58660a9
calculated fs for 2: [J@58660a9
calculated fs for 2: [J@58660a9
calculated fs for 2: [J@58660a9
calculated fs for 2: [J@58660a9
calculated fs for 2: [J@58660a9
calculated fs for 2: [J@58660a9
calculated fs for 2: [J@58660a9
calculated fs for 2: [J@58660a9
calculated fs for 2: [J@58660a9
calculated fs for 2: [J@58660a9
calculated fs for 2: [J@58660a9
calculated fs for 2: [J@58660a9
calculated fs for 2: [J@58660a9
calculated fs for 2: [J@58660a9
calculated fs for 2: [J@58660a9
calculated fs for 2: [J@58660a9
calculated fs for 2: [J@58660a9
calculated fs for 2: [J@58660a9
calculated fs for 2: [J@58660a9
calculated fs for 2: [J@58660a9
calculated fs for 2: [J@58660a9
calculated fs for 2: [J@58660a9
calculated fs for 2: [J@58660a9
calculated fs for 2: [J@58660a9
calculated fs for 2: [J@58660a9
calculated fs for 2: [J@58660a9
calculated fs for 2: [J@58660a9
calculated fs for 2: [J@58660a9
calculated fs for 2: [J@58660a9
calculated fs for 2: [J@58660a9
calculated fs for 2: [J@58660a9
calculated fs for 2: [J@58660a9
calculated fs for 2: [J@58660a9
calculated fs for 2: [J@58660a9
calculated fs for 2: [J@58660a9
calculated fs for 2: [J@58660a9
calculated fs for 2: [J@58660a9
calculated fs for 2: [J@58660a9
calculated fs for 2: [J@58660a9
calculated fs for 2: [J@58660a9
calculated fs for 2: [J@58660a9
calculated fs for 2: [J@58660a9
calculated fs for 2: [J@58660a9
calculated fs for 2: [J@58660a9
calculated fs for 2: [J@58660a9
calculated fs for 2: [J@58660a9
calculated fs for 2: [J@58660a9
calculated fs for 2: [J@58660a9
calculated fs for 2: [J@58660a9
calculated fs for 2: [J@58660a9
calculated fs for 2: [J@58660a9
calculated fs for 2: [J@58660a9
calculated fs for 2: [J@58660a9
calculated fs for 2: [J@58660a9
calculated fs for 2: [J@58660a9
calculated fs for 2: [J@58660a9
calculated fs for 2: [J@58660a9
calculated fs for 2: [J@58660a9
calculated fs for 2: [J@58660a9
calculated fs for 2: [J@58660a9
calculated fs for 2: [J@58660a9
calculated fs for 2: [J@58660a9
calculated fs for 2: [J@58660a9
calculated fs for 2: [J@58660a9
calculated fs for 2: [J@58660a9
calculated fs for 2: [J@58660a9
calculated fs for 2: [J@58660a9
calculated fs for 2: [J@58660a9
calculated fs for 2: [J@58660a9
calculated fs for 2: [J@58660a9
calculated fs for 2: [J@58660a9
calculated fs for 2: [J@58660a9
calculated fs for 2: [J@58660a9
calculated fs for 2: [J@58660a9
calculated fs for 2: [J@58660a9
calculated fs for 2: [J@58660a9
calculated fs for 2: [J@58660a9
calculated fs for 2: [J@58660a9
calculated fs for 2: [J@58660a9
calculated fs for 2: [J@58660a9
calculated fs for 2: [J@58660a9
calculated fs for 2: [J@58660a9
calculated fs for 2: [J@58660a9
calculated fs for 2: [J@58660a9
calculated fs for 2: [J@58660a9
calculated fs for 2: [J@58660a9
calculated fs for 2: [J@58660a9
calculated fs for 2: [J@58660a9
calculated fs for 2: [J@58660a9
calculated fs for 2: [J@58660a9
calculated fs for 2: [J@58660a9
calculated fs for 2: [J@58660a9
calculated fs for 2: [J@58660a9
calculated fs for 2: [J@58660a9
calculated fs for 2: [J@58660a9
calculated fs for 2: [J@58660a9
calculated fs for 2: [J@58660a9
calculated fs for 2: [J@58660a9
calculated fs for 2: [J@58660a9
calculated fs for 2: [J@58660a9
calculated fs for 2: [J@58660a9
calculated fs for 2: [J@58660a9
calculated fs for 2: [J@58660a9
calculated fs for 2: [J@58660a9
calculated fs for 2: [J@58660a9
calculated fs for 2: [J@58660a9
calculated fs for 2: [J@58660a9
calculated fs for 2: [J@58660a9
calculated fs for 2: [J@58660a9
calculated fs for 2: [J@58660a9
calculated fs for 2: [J@58660a9
calculated fs for 2: [J@58660a9
calculated fs for 2: [J@58660a9
calculated fs for 2: [J@58660a9
calculated fs for 2: [J@58660a9
calculated fs for 2: [J@58660a9
calculated fs for 2: [J@58660a9
calculated fs for 2: [J@58660a9
calculated fs for 2: [J@58660a9
calculated fs for 2: [J@58660a9
calculated fs for 2: [J@58660a9
calculated fs for 2: [J@58660a9
calculated fs for 2: [J@58660a9
calculated fs for 2: [J@58660a9
calculated fs for 2: [J@58660a9
calculated fs for 2: [J@58660a9
calculated fs for 2: [J@58660a9
calculated fs for 2: [J@58660a9
calculated fs for 2: [J@58660a9
calculated fs for 2: [J@58660a9
calculated fs for 2: [J@58660a9
calculated fs for 2: [J@58660a9
calculated fs for 2: [J@58660a9
calculated fs for 2: [J@58660a9
calculated fs for 2: [J@58660a9
calculated fs for 2: [J@58660a9
calculated fs for 2: [J@58660a9
calculated fs for 2: [J@58660a9
calculated fs for 2: [J@58660a9
calculated fs for 2: [J@58660a9
calculated fs for 2: [J@58660a9
calculated fs for 2: [J@58660a9
calculated fs for 2: [J@58660a9
calculated fs for 2: [J@58660a9
calculated fs for 2: [J@58660a9
calculated fs for 2: [J@58660a9
calculated fs for 2: [J@58660a9
calculated fs for 2: [J@58660a9
calculated fs for 2: [J@58660a9
calculated fs for 2: [J@58660a9
calculated fs for 2: [J@58660a9
calculated fs for 2: [J@58660a9
calculated fs for 2: [J@58660a9
calculated fs for 2: [J@58660a9
calculated fs for 2: [J@58660a9
calculated fs for 2: [J@58660a9
calculated fs for 2: [J@58660a9
calculated fs for 2: [J@58660a9
calculated fs for 2: [J@58660a9
calculated fs for 2: [J@58660a9
calculated fs for 2: [J@58660a9
calculated fs for 2: [J@58660a9
calculated fs for 2: [J@58660a9
calculated fs for 2: [J@58660a9
calculated fs for 2: [J@58660a9
calculated fs for 2: [J@58660a9
calculated fs for 2: [J@58660a9
calculated fs for 2: [J@58660a9
calculated fs for 2: [J@58660a9
calculated fs for 2: [J@58660a9
calculated fs for 2: [J@58660a9
calculated fs for 2: [J@58660a9
calculated fs for 2: [J@58660a9
calculated fs for 2: [J@58660a9
calculated fs for 2: [J@58660a9
calculated fs for 2: [J@58660a9
calculated fs for 2: [J@58660a9
calculated fs for 2: [J@58660a9
calculated fs for 2: [J@58660a9
calculated fs for 2: [J@58660a9
calculated fs for 2: [J@58660a9
calculated fs for 2: [J@58660a9
calculated fs for 2: [J@58660a9
calculated fs for 2: [J@58660a9
calculated fs for 2: [J@58660a9
calculated fs for 2: [J@58660a9
calculated fs for 2: [J@58660a9
calculated fs for 2: [J@58660a9
calculated fs for 2: [J@58660a9
calculated fs for 2: [J@58660a9
calculated fs for 2: [J@58660a9
calculated fs for 2: [J@58660a9
calculated fs for 2: [J@58660a9
calculated fs for 2: [J@58660a9
calculated fs for 2: [J@58660a9
calculated fs for 2: [J@58660a9
calculated fs for 2: [J@58660a9
calculated fs for 2: [J@58660a9
calculated fs for 2: [J@58660a9
calculated fs for 2: [J@58660a9
calculated fs for 2: [J@58660a9
calculated fs for 2: [J@58660a9
calculated fs for 2: [J@58660a9
calculated fs for 2: [J@58660a9
calculated fs for 2: [J@58660a9
calculated fs for 2: [J@58660a9
calculated fs for 2: [J@58660a9
calculated fs for 2: [J@58660a9
calculated fs for 2: [J@58660a9
calculated fs for 2: [J@58660a9
calculated fs for 2: [J@58660a9
calculated nfs for 0: [J@3933fa14
calculated nfs for 0: [J@3933fa14
calculated nfs for 1: [J@3675463
calculated nfs for 1: [J@3675463
calculated nfs for 2: [J@74d53153
calculated nfs for 2: [J@74d53153
calculated iMatrix for 10, 0, 0, 0: -0.34390486477591453
calculated iMatrix for 10, 0, 0, 1: 1.0423894963439762
calculated iMatrix for 10, 0, 0, 2: -0.07519869378313926
calculated iMatrix for 10, 0, 0, 3: -0.2803320607583023
calculated iMatrix for 10, 0, 0, 4: 0.2204094439410622
calculated iMatrix for 10, 0, 0, 5: -0.07820169904290875
calculated iMatrix for 10, 0, 0, 6: 0.25225004979672105
calculated iMatrix for 10, 0, 0, 7: 0.18005375859223194
calculated iMatrix for 10, 0, 0, 8: 0.2289931876324539
calculated iMatrix for 10, 0, 0, 9: 0.05954614396054858
calculated iMatrix for 10, 0, 0, 10: -0.34390486477591453
calculated iMatrix for 10, 0, 0, 11: -0.29553128049169886
calculated iMatrix for 10, 0, 0, 12: 0.012770079162817916
calculated iMatrix for 10, 0, 0, 13: 0.05789051444328741
calculated iMatrix for 10, 0, 0, 14: 0.46838497095645376
calculated iMatrix for 10, 0, 0, 15: -0.13341243101526368
calculated iMatrix for 10, 0, 0, 16: -0.3645241519786503
calculated iMatrix for 10, 0, 0, 17: 0.07147767998959587
calculated iMatrix for 10, 0, 0, 18: -0.14138060066444036
calculated iMatrix for 10, 0, 0, 19: 0.24915885722704822
calculated iMatrix for 10, 0, 1, 0: -0.22142330833797697
calculated iMatrix for 10, 0, 1, 1: 0.6258745520492268
calculated iMatrix for 10, 0, 1, 2: -0.4980555446031728
calculated iMatrix for 10, 0, 1, 3: 0.0997814561524476
calculated iMatrix for 10, 0, 1, 4: 0.19509163595677248
calculated iMatrix for 10, 0, 1, 5: -0.17862477383681152
calculated iMatrix for 10, 0, 1, 6: -0.04607042086011559
calculated iMatrix for 10, 0, 1, 7: 0.293531708770025
calculated iMatrix for 10, 0, 1, 8: -0.6829778830971848
calculated iMatrix for 10, 0, 1, 9: 0.08317371975278709
calculated iMatrix for 10, 0, 1, 10: 0.34924231578403087
calculated iMatrix for 10, 0, 1, 11: 0.15426964143651734
calculated iMatrix for 10, 0, 1, 12: -0.09259043649500842
calculated iMatrix for 10, 0, 1, 13: -0.17647192047571048
calculated iMatrix for 10, 0, 1, 14: 0.38433363559530076
calculated iMatrix for 10, 0, 1, 15: -0.18220259518469561
calculated iMatrix for 10, 0, 1, 16: 0.2402120712372421
calculated iMatrix for 10, 0, 1, 17: 0.0997814561524476
calculated iMatrix for 10, 0, 1, 18: 0.34924231578403087
calculated iMatrix for 10, 0, 1, 19: -0.1879006162993334
calculated iMatrix for 10, 0, 2, 0: -0.04504949172600836
calculated iMatrix for 10, 0, 2, 1: -0.15321505831144322
calculated iMatrix for 10, 0, 2, 2: -0.10809462303097372
calculated iMatrix for 10, 0, 2, 3: 0.112399920111659
calculated iMatrix for 10, 0, 2, 4: 0.22326251292346866
calculated iMatrix for 10, 0, 2, 5: -0.17263314416854503
calculated iMatrix for 10, 0, 2, 6: -0.34390486477591453
calculated iMatrix for 10, 0, 2, 7: 0.4923431594247042
calculated iMatrix for 10, 0, 2, 8: -0.31573398780921835
calculated iMatrix for 10, 0, 2, 9: 0.19509163595677248
calculated iMatrix for 10, 0, 2, 10: 0.27513434363030886
calculated iMatrix for 10, 0, 2, 11: -0.5425073071740066
calculated iMatrix for 10, 0, 2, 12: -0.043319387488225725
calculated iMatrix for 10, 0, 2, 13: -0.30134525035711845
calculated iMatrix for 10, 0, 2, 14: 0.026015305912838516
calculated iMatrix for 10, 0, 2, 15: -0.1969504518192512
calculated iMatrix for 10, 0, 2, 16: -0.07317235063790695
calculated iMatrix for 10, 0, 2, 17: 0.3957623314189237
calculated iMatrix for 10, 0, 2, 18: 0.06156024333224985
calculated iMatrix for 10, 0, 2, 19: 0.16769266176865805
calculated iMatrix for 10, 0, 3, 0: 0.002719743309316347
calculated iMatrix for 10, 0, 3, 1: 0.06156024333224985
calculated iMatrix for 10, 0, 3, 2: -0.09259043649500842
calculated iMatrix for 10, 0, 3, 3: -0.22264356474320623
calculated iMatrix for 10, 0, 3, 4: 0.3063172710669969
calculated iMatrix for 10, 0, 3, 5: -0.24998261024643764
calculated iMatrix for 10, 0, 3, 6: 0.2557162577732073
calculated iMatrix for 10, 0, 3, 7: 0.3101609657415597
calculated iMatrix for 10, 0, 3, 8: 0.058959461632192456
calculated iMatrix for 10, 0, 3, 9: -0.05790487850711845
calculated iMatrix for 10, 0, 3, 10: 0.0997814561524476
calculated iMatrix for 10, 0, 3, 11: 0.10808025896714268
calculated iMatrix for 10, 0, 3, 12: -0.07457193099233006
calculated iMatrix for 10, 0, 3, 13: -0.059142502427468435
calculated iMatrix for 10, 0, 3, 14: -0.09259043649500842
calculated iMatrix for 10, 0, 3, 15: -0.10215988751115912
calculated iMatrix for 10, 0, 3, 16: 0.04605605679628466
calculated iMatrix for 10, 0, 3, 17: 0.007039404453832887
calculated iMatrix for 10, 0, 3, 18: 0.19509163595677248
calculated iMatrix for 10, 0, 3, 19: 0.37741319275072704
calculated iMatrix for 10, 0, 4, 0: -0.620273177327422
calculated iMatrix for 10, 0, 4, 1: 0.31287467161315596
calculated iMatrix for 10, 0, 4, 2: -0.40568222447215774
calculated iMatrix for 10, 0, 4, 3: -0.06727262851071858
calculated iMatrix for 10, 0, 4, 4: -0.11320972369774418
calculated iMatrix for 10, 0, 4, 5: 0.1703990233664009
calculated iMatrix for 10, 0, 4, 6: -0.21037347215139202
calculated iMatrix for 10, 0, 4, 7: -0.11940169394566535
calculated iMatrix for 10, 0, 4, 8: 0.21248337866864164
calculated iMatrix for 10, 0, 4, 9: 0.08002230617198525
calculated iMatrix for 10, 0, 4, 10: 0.3084203212637757
calculated iMatrix for 10, 0, 4, 11: 0.077308600300389
calculated iMatrix for 10, 0, 4, 12: 0.5845564027184957
calculated iMatrix for 10, 0, 4, 13: 0.37741319275072704
calculated iMatrix for 10, 0, 4, 14: -0.059142502427468435
calculated iMatrix for 10, 0, 4, 15: -0.1447761896655787
calculated iMatrix for 10, 0, 4, 16: 0.3072089340774785
calculated iMatrix for 10, 0, 4, 17: -0.15511079347634238
calculated iMatrix for 10, 0, 4, 18: 0.0997814561524476
calculated iMatrix for 10, 0, 4, 19: -0.26444069342166776
calculated iMatrix for 10, 0, 5, 0: -0.022910515857018643
calculated iMatrix for 10, 0, 5, 1: -0.44676225021562244
calculated iMatrix for 10, 0, 5, 2: -0.034924794645199375
calculated iMatrix for 10, 0, 5, 3: 0.21808115418147123
calculated iMatrix for 10, 0, 5, 4: 0.10411985775104571
calculated iMatrix for 10, 0, 5, 5: 0.14746358696751782
calculated iMatrix for 10, 0, 5, 6: 0.14102441468649662
calculated iMatrix for 10, 0, 5, 7: -0.07860419452026857
calculated iMatrix for 10, 0, 5, 8: 0.23591363047702762
calculated iMatrix for 10, 0, 5, 9: -0.4313641701045007
calculated iMatrix for 10, 0, 5, 10: 0.3541563305864598
calculated iMatrix for 10, 0, 5, 11: -0.149748850334957
calculated iMatrix for 10, 0, 5, 12: 0.41378083692160195
calculated iMatrix for 10, 0, 5, 13: -0.4335170234656017
calculated iMatrix for 10, 0, 5, 14: 0.040940956129514094
calculated iMatrix for 10, 0, 5, 15: 0.17674249728857594
calculated iMatrix for 10, 0, 5, 16: -0.06727262851071858
calculated iMatrix for 10, 0, 5, 17: -0.18711660998712454
calculated iMatrix for 10, 0, 5, 18: 0.37741319275072704
calculated iMatrix for 10, 0, 5, 19: -0.08362176651224806
calculated iMatrix for 10, 0, 6, 0: 0.029106498482511345
calculated iMatrix for 10, 0, 6, 1: 0.12609876446982105
calculated iMatrix for 10, 0, 6, 2: -0.03448280568772777
calculated iMatrix for 10, 0, 6, 3: 0.1027183158257573
calculated iMatrix for 10, 0, 6, 4: 0.14102441468649662
calculated iMatrix for 10, 0, 6, 5: 0.12609876446982105
calculated iMatrix for 10, 0, 6, 6: 0.616305101033076
calculated iMatrix for 10, 0, 6, 7: -0.2467411163222667
calculated iMatrix for 10, 0, 6, 8: 0.23145928012764727
calculated iMatrix for 10, 0, 6, 9: -0.17263314416854503
calculated iMatrix for 10, 0, 6, 10: 0.16000031614550236
calculated iMatrix for 10, 0, 6, 11: 0.3042909279217645
calculated iMatrix for 10, 0, 6, 12: 0.11171002701772148
calculated iMatrix for 10, 0, 6, 13: -0.5502412977737431
calculated iMatrix for 10, 0, 6, 14: -0.011244797041055965
calculated iMatrix for 10, 0, 6, 15: -0.07860419452026857
calculated iMatrix for 10, 0, 6, 16: -0.007849208039917843
calculated iMatrix for 10, 0, 6, 17: -0.23310172322894795
calculated iMatrix for 10, 0, 6, 18: 0.19509163595677248
calculated iMatrix for 10, 0, 6, 19: -0.38805464938884426
calculated iMatrix for 10, 0, 7, 0: -0.19168133913923946
calculated iMatrix for 10, 0, 7, 1: 0.8882388165167178
calculated iMatrix for 10, 0, 7, 2: 0.19509163595677248
calculated iMatrix for 10, 0, 7, 3: 0.18005375859223194
calculated iMatrix for 10, 0, 7, 4: -0.10037257693706347
calculated iMatrix for 10, 0, 7, 5: 0.9314109883819266
calculated iMatrix for 10, 0, 7, 6: 0.040940956129514094
calculated iMatrix for 10, 0, 7, 7: -0.9035206527113372
calculated iMatrix for 10, 0, 7, 8: -0.21037347215139202
calculated iMatrix for 10, 0, 7, 9: -0.42906267311622137
calculated iMatrix for 10, 0, 7, 10: -0.4980555446031728
calculated iMatrix for 10, 0, 7, 11: 0.5610259053083015
calculated iMatrix for 10, 0, 7, 12: 0.6650952652025081
calculated iMatrix for 10, 0, 7, 13: -0.2709980939678268
calculated iMatrix for 10, 0, 7, 14: -0.886713534394956
calculated iMatrix for 10, 0, 7, 15: 0.2791747531673139
calculated iMatrix for 10, 0, 7, 16: -0.02805191535743723
calculated iMatrix for 10, 0, 7, 17: -0.9035206527113372
calculated iMatrix for 10, 0, 7, 18: -0.3645241519786503
calculated iMatrix for 10, 0, 7, 19: 0.0997814561524476
calculated iMatrix for 10, 0, 8, 0: NaN
calculated iMatrix for 10, 0, 8, 1: NaN
calculated iMatrix for 10, 0, 8, 2: NaN
calculated iMatrix for 10, 0, 8, 3: NaN
calculated iMatrix for 10, 0, 8, 4: NaN
calculated iMatrix for 10, 0, 8, 5: NaN
calculated iMatrix for 10, 0, 8, 6: NaN
calculated iMatrix for 10, 0, 8, 7: NaN
calculated iMatrix for 10, 0, 8, 8: NaN
calculated iMatrix for 10, 0, 8, 9: NaN
calculated iMatrix for 10, 0, 8, 10: 2.734136908078E-4
calculated iMatrix for 10, 0, 8, 11: NaN
calculated iMatrix for 10, 0, 8, 12: NaN
calculated iMatrix for 10, 0, 8, 13: NaN
calculated iMatrix for 10, 0, 8, 14: NaN
calculated iMatrix for 10, 0, 8, 15: NaN
calculated iMatrix for 10, 0, 8, 16: NaN
calculated iMatrix for 10, 0, 8, 17: NaN
calculated iMatrix for 10, 0, 8, 18: NaN
calculated iMatrix for 10, 0, 8, 19: NaN
calculated iMatrix for 10, 0, 9, 0: -0.8345277812243858
calculated iMatrix for 10, 0, 9, 1: -0.5586801664196076
calculated iMatrix for 10, 0, 9, 2: 0.6199748299220383
calculated iMatrix for 10, 0, 9, 3: -0.5135597311391381
calculated iMatrix for 10, 0, 9, 4: -0.44089713076322423
calculated iMatrix for 10, 0, 9, 5: 0.8431183812362483
calculated iMatrix for 10, 0, 9, 6: 0.8882388165167178
calculated iMatrix for 10, 0, 9, 7: -0.33226328976042885
calculated iMatrix for 10, 0, 9, 8: -0.25119546667164705
calculated iMatrix for 10, 0, 9, 9: -1.308985760819502
calculated iMatrix for 10, 0, 9, 10: -0.9035206527113372
calculated iMatrix for 10, 0, 9, 11: 0.4053870447931332
calculated iMatrix for 10, 0, 9, 12: 1.5626938640645105
calculated iMatrix for 10, 0, 9, 13: 0.412815119801643
calculated iMatrix for 10, 0, 9, 14: -0.44299576742014557
calculated iMatrix for 10, 0, 9, 15: 0.28524273295106994
calculated iMatrix for 10, 0, 9, 16: 0.112399920111659
calculated iMatrix for 10, 0, 9, 17: -0.7420331828202246
calculated iMatrix for 10, 0, 9, 18: 0.34924231578403087
calculated iMatrix for 10, 0, 9, 19: -0.2692139721743253
calculated iMatrix for 10, 0, 10, 0: -0.5450125276909438
calculated iMatrix for 10, 0, 10, 1: -0.4110441676135431
calculated iMatrix for 10, 0, 10, 2: 0.2613410214979731
calculated iMatrix for 10, 0, 10, 3: -0.48547676239631266
calculated iMatrix for 10, 0, 10, 4: -0.017469806026900403
calculated iMatrix for 10, 0, 10, 5: 0.73920323735623
calculated iMatrix for 10, 0, 10, 6: 0.14630147178734043
calculated iMatrix for 10, 0, 10, 7: -0.5721635167568947
calculated iMatrix for 10, 0, 10, 8: -0.02805191535743723
calculated iMatrix for 10, 0, 10, 9: -0.590837278054139
calculated iMatrix for 10, 0, 10, 10: -0.17960181348463833
calculated iMatrix for 10, 0, 10, 11: 0.19509163595677248
calculated iMatrix for 10, 0, 10, 12: 1.305132620448505
calculated iMatrix for 10, 0, 10, 13: -0.21037347215139202
calculated iMatrix for 10, 0, 10, 14: -0.3262052876765137
calculated iMatrix for 10, 0, 10, 15: -0.16385345651649919
calculated iMatrix for 10, 0, 10, 16: -0.24316329497438283
calculated iMatrix for 10, 0, 10, 17: 0.440926598473053
calculated iMatrix for 10, 0, 10, 18: -0.8463622388713886
calculated iMatrix for 10, 0, 10, 19: -0.3056836519557168
calculated iMatrix for 10, 0, 11, 0: -0.3185870567916248
calculated iMatrix for 10, 0, 11, 1: 0.6650952652025081
calculated iMatrix for 10, 0, 11, 2: 0.3576105654545474
calculated iMatrix for 10, 0, 11, 3: 0.16119008428109116
calculated iMatrix for 10, 0, 11, 4: 0.40640072962397944
calculated iMatrix for 10, 0, 11, 5: 0.19509163595677248
calculated iMatrix for 10, 0, 11, 6: -0.1303307644778554
calculated iMatrix for 10, 0, 11, 7: -0.5640135123949702
calculated iMatrix for 10, 0, 11, 8: 0.15735130797392538
calculated iMatrix for 10, 0, 11, 9: -0.6464755497214462
calculated iMatrix for 10, 0, 11, 10: 0.6258745520492268
calculated iMatrix for 10, 0, 11, 11: 0.43928859646881463
calculated iMatrix for 10, 0, 11, 12: 0.9866788893299703
calculated iMatrix for 10, 0, 11, 13: -0.95004066834623
calculated iMatrix for 10, 0, 11, 14: -0.2749119932889631
calculated iMatrix for 10, 0, 11, 15: 0.328623028581295
calculated iMatrix for 10, 0, 11, 16: -0.05622279232413363
calculated iMatrix for 10, 0, 11, 17: -0.23777244633950623
calculated iMatrix for 10, 0, 11, 18: -0.4980555446031728
calculated iMatrix for 10, 0, 11, 19: -0.47863745874607144
calculated iMatrix for 10, 0, 12, 0: -0.3125029672277718
calculated iMatrix for 10, 0, 12, 1: -0.5586801664196076
calculated iMatrix for 10, 0, 12, 2: 0.1795874494208073
calculated iMatrix for 10, 0, 12, 3: 0.4464060642376786
calculated iMatrix for 10, 0, 12, 4: -0.039747955120628675
calculated iMatrix for 10, 0, 12, 5: -0.022631847888098022
calculated iMatrix for 10, 0, 12, 6: 0.14102441468649662
calculated iMatrix for 10, 0, 12, 7: -0.38027250894678943
calculated iMatrix for 10, 0, 12, 8: -0.06084173818042815
calculated iMatrix for 10, 0, 12, 9: -0.4200940031334609
calculated iMatrix for 10, 0, 12, 10: -0.24316329497438283
calculated iMatrix for 10, 0, 12, 11: -0.06727262851071858
calculated iMatrix for 10, 0, 12, 12: 0.34591452569135617
calculated iMatrix for 10, 0, 12, 13: 0.040940956129514094
calculated iMatrix for 10, 0, 12, 14: -0.5721635167568947
calculated iMatrix for 10, 0, 12, 15: 0.38433363559530076
calculated iMatrix for 10, 0, 12, 16: 0.472723372555052
calculated iMatrix for 10, 0, 12, 17: 0.1150489282832361
calculated iMatrix for 10, 0, 12, 18: 0.12609876446982105
calculated iMatrix for 10, 0, 12, 19: 0.16230181313378167
calculated iMatrix for 10, 0, 13, 0: -0.32478382332913613
calculated iMatrix for 10, 0, 13, 1: 0.3576105654545474
calculated iMatrix for 10, 0, 13, 2: -0.020616936869919278
calculated iMatrix for 10, 0, 13, 3: -0.012547728821472037
calculated iMatrix for 10, 0, 13, 4: 0.3050925311711009
calculated iMatrix for 10, 0, 13, 5: -0.1515329721284585
calculated iMatrix for 10, 0, 13, 6: -0.4335170234656017
calculated iMatrix for 10, 0, 13, 7: 0.47207841929180533
calculated iMatrix for 10, 0, 13, 8: -0.4577816454652329
calculated iMatrix for 10, 0, 13, 9: -0.35958587033806777
calculated iMatrix for 10, 0, 13, 10: -0.2904161798249284
calculated iMatrix for 10, 0, 13, 11: -0.11029001359440949
calculated iMatrix for 10, 0, 13, 12: 0.2249445991064536
calculated iMatrix for 10, 0, 13, 13: 0.012770079162817916
calculated iMatrix for 10, 0, 13, 14: -0.34852381063220894
calculated iMatrix for 10, 0, 13, 15: 0.12206650094188254
calculated iMatrix for 10, 0, 13, 16: 0.5135453670753071
calculated iMatrix for 10, 0, 13, 17: 0.5242734393153061
calculated iMatrix for 10, 0, 13, 18: -0.14138060066444036
calculated iMatrix for 10, 0, 13, 19: 0.24638493034432296
calculated iMatrix for 10, 0, 14, 0: -0.12042523548845241
calculated iMatrix for 10, 0, 14, 1: -0.21037347215139202
calculated iMatrix for 10, 0, 14, 2: -0.007145230538123548
calculated iMatrix for 10, 0, 14, 3: -0.19839728110467625
calculated iMatrix for 10, 0, 14, 4: 0.2204094439410622
calculated iMatrix for 10, 0, 14, 5: -0.5780982522767092
calculated iMatrix for 10, 0, 14, 6: 0.2640845074437239
calculated iMatrix for 10, 0, 14, 7: 0.19509163595677248
calculated iMatrix for 10, 0, 14, 8: 0.11753340161089798
calculated iMatrix for 10, 0, 14, 9: -0.051308777521704485
calculated iMatrix for 10, 0, 14, 10: 0.5052465642606119
calculated iMatrix for 10, 0, 14, 11: -0.7515044454127114
calculated iMatrix for 10, 0, 14, 12: 0.17604344098607794
calculated iMatrix for 10, 0, 14, 13: -0.11029001359440949
calculated iMatrix for 10, 0, 14, 14: 0.01639984721339649
calculated iMatrix for 10, 0, 14, 15: 0.1633429376421922
calculated iMatrix for 10, 0, 14, 16: 0.6769297228495108
calculated iMatrix for 10, 0, 14, 17: 0.05532969358161377
calculated iMatrix for 10, 0, 14, 18: -0.6699058015298321
calculated iMatrix for 10, 0, 14, 19: 0.10547947726708529
calculated iMatrix for 10, 0, 15, 0: 0.008505680376360236
calculated iMatrix for 10, 0, 15, 1: -0.4335170234656017
calculated iMatrix for 10, 0, 15, 2: 0.05694129747595533
calculated iMatrix for 10, 0, 15, 3: -0.0975779780060475
calculated iMatrix for 10, 0, 15, 4: 0.29040181576109736
calculated iMatrix for 10, 0, 15, 5: -0.39063529598233593
calculated iMatrix for 10, 0, 15, 6: -0.7211990959173825
calculated iMatrix for 10, 0, 15, 7: 0.06587990447676628
calculated iMatrix for 10, 0, 15, 8: -0.12336209516176211
calculated iMatrix for 10, 0, 15, 9: -0.347574593664877
calculated iMatrix for 10, 0, 15, 10: -0.4980555446031728
calculated iMatrix for 10, 0, 15, 11: 0.19509163595677248
calculated iMatrix for 10, 0, 15, 12: 0.06156024333224985
calculated iMatrix for 10, 0, 15, 13: 0.19509163595677248
calculated iMatrix for 10, 0, 15, 14: -0.5586801664196076
calculated iMatrix for 10, 0, 15, 15: 0.4827737084085533
calculated iMatrix for 10, 0, 15, 16: 0.49093701904771425
calculated iMatrix for 10, 0, 15, 17: 0.1429058827862023
calculated iMatrix for 10, 0, 15, 18: 0.040940956129514094
calculated iMatrix for 10, 0, 15, 19: 0.2289931876324539
calculated iMatrix for 10, 0, 16, 0: -0.2467411163222667
calculated iMatrix for 10, 0, 16, 1: -1.0088811683691636
calculated iMatrix for 10, 0, 16, 2: 0.2796490239848354
calculated iMatrix for 10, 0, 16, 3: -0.1303307644778554
calculated iMatrix for 10, 0, 16, 4: 0.46702535144041424
calculated iMatrix for 10, 0, 16, 5: -0.02805191535743723
calculated iMatrix for 10, 0, 16, 6: -0.2467411163222667
calculated iMatrix for 10, 0, 16, 7: 0.328623028581295
calculated iMatrix for 10, 0, 16, 8: 0.4827737084085533
calculated iMatrix for 10, 0, 16, 9: 0.15735130797392538
calculated iMatrix for 10, 0, 16, 10: -0.12336209516176211
calculated iMatrix for 10, 0, 16, 11: -0.13341243101526368
calculated iMatrix for 10, 0, 16, 12: 0.29618775282814125
calculated iMatrix for 10, 0, 16, 13: 0.040940956129514094
calculated iMatrix for 10, 0, 16, 14: -0.17263314416854503
calculated iMatrix for 10, 0, 16, 15: -0.19577467273023907
calculated iMatrix for 10, 0, 16, 16: -0.3207215293202573
calculated iMatrix for 10, 0, 16, 17: -0.3951075753507304
calculated iMatrix for 10, 0, 16, 18: 0.040940956129514094
calculated iMatrix for 10, 0, 16, 19: -0.21037347215139202
calculated iMatrix for 10, 1, 0, 0: 0.1354970160454798
calculated iMatrix for 10, 1, 0, 1: -0.32613836352973924
calculated iMatrix for 10, 1, 0, 2: 0.14550865145972647
calculated iMatrix for 10, 1, 0, 3: 0.10436282273975017
calculated iMatrix for 10, 1, 0, 4: -0.058658998395477724
calculated iMatrix for 10, 1, 0, 5: 0.14250564619995698
calculated iMatrix for 10, 1, 0, 6: -0.32613836352973924
calculated iMatrix for 10, 1, 0, 7: -0.15672021157169236
calculated iMatrix for 10, 1, 0, 8: 0.07005310779309615
calculated iMatrix for 10, 1, 0, 9: -0.5004917506745168
calculated iMatrix for 10, 1, 0, 10: -0.31817019388056234
calculated iMatrix for 10, 1, 0, 11: -0.07482393524883313
calculated iMatrix for 10, 1, 0, 12: 0.010333873091473711
calculated iMatrix for 10, 1, 0, 13: 0.27859785968615314
calculated iMatrix for 10, 1, 0, 14: -0.45966975615426175
calculated iMatrix for 10, 1, 0, 15: 0.13708557873061766
calculated iMatrix for 10, 1, 0, 16: 0.31401628688969585
calculated iMatrix for 10, 1, 0, 17: 0.05289348751026979
calculated iMatrix for 10, 1, 0, 18: 0.07932674457842537
calculated iMatrix for 10, 1, 0, 19: -0.3951312350166907
calculated iMatrix for 10, 1, 1, 0: 0.043123695914464744
calculated iMatrix for 10, 1, 1, 1: 0.06749228693142251
calculated iMatrix for 10, 1, 1, 2: 0.14917031794568958
calculated iMatrix for 10, 1, 1, 3: -0.7272650700393055
calculated iMatrix for 10, 1, 1, 4: -0.9704953799202523
calculated iMatrix for 10, 1, 1, 5: -0.13356030656859552
calculated iMatrix for 10, 1, 1, 6: 0.6389425325138479
calculated iMatrix for 10, 1, 1, 7: -0.14381680673578456
calculated iMatrix for 10, 1, 1, 8: 0.7391991362534984
calculated iMatrix for 10, 1, 1, 9: 0.1056440528957987
calculated iMatrix for 10, 1, 1, 10: -0.5650302718120881
calculated iMatrix for 10, 1, 1, 11: 0.6125092754456924
calculated iMatrix for 10, 1, 1, 12: 0.6142499199234764
calculated iMatrix for 10, 1, 1, 13: -0.697851184833012
calculated iMatrix for 10, 1, 1, 14: -0.07821952424997125
calculated iMatrix for 10, 1, 1, 15: 0.09371548203052482
calculated iMatrix for 10, 1, 1, 16: -0.6946477651154743
calculated iMatrix for 10, 1, 1, 17: -0.2260549049727567
calculated iMatrix for 10, 1, 1, 18: -0.5650302718120881
calculated iMatrix for 10, 1, 1, 19: 0.5158824397566208
calculated iMatrix for 10, 1, 2, 0: -0.8005963431248551
calculated iMatrix for 10, 1, 2, 1: -0.17198768370248074
calculated iMatrix for 10, 1, 2, 2: 0.27764864271882106
calculated iMatrix for 10, 1, 2, 3: -0.6955523332459013
calculated iMatrix for 10, 1, 2, 4: -0.3496688609399332
calculated iMatrix for 10, 1, 2, 5: 0.48990695335336
calculated iMatrix for 10, 1, 2, 6: 0.05289348751026979
calculated iMatrix for 10, 1, 2, 7: -0.16612256425008276
calculated iMatrix for 10, 1, 2, 8: 0.24589994440424068
calculated iMatrix for 10, 1, 2, 9: 0.1056440528957987
calculated iMatrix for 10, 1, 2, 10: -0.5332815734975078
calculated iMatrix for 10, 1, 2, 11: 0.4157989811996382
calculated iMatrix for 10, 1, 2, 12: 0.17738795775464
calculated iMatrix for 10, 1, 2, 13: -0.2773481993603071
calculated iMatrix for 10, 1, 2, 14: 0.092011904105741
calculated iMatrix for 10, 1, 2, 15: 0.323425661068623
calculated iMatrix for 10, 1, 2, 16: 0.20009040837294645
calculated iMatrix for 10, 1, 2, 17: -0.45966975615426175
calculated iMatrix for 10, 1, 2, 18: 0.4803375023372093
calculated iMatrix for 10, 1, 2, 19: -0.522470657393292
calculated iMatrix for 10, 1, 3, 0: -0.14951482785042214
calculated iMatrix for 10, 1, 3, 1: 0.06749228693142251
calculated iMatrix for 10, 1, 3, 2: 0.1281169087478573
calculated iMatrix for 10, 1, 3, 3: -0.6510646091538912
calculated iMatrix for 10, 1, 3, 4: -0.1197192551567241
calculated iMatrix for 10, 1, 3, 5: 0.33754678429988993
calculated iMatrix for 10, 1, 3, 6: -0.0170651010966405
calculated iMatrix for 10, 1, 3, 7: 0.010333873091473711
calculated iMatrix for 10, 1, 3, 8: 0.5093250392104617
calculated iMatrix for 10, 1, 3, 9: -0.10607647875293758
calculated iMatrix for 10, 1, 3, 10: -0.16401951405330384
calculated iMatrix for 10, 1, 3, 11: 0.12155950820169825
calculated iMatrix for 10, 1, 3, 12: 0.2741484641366114
calculated iMatrix for 10, 1, 3, 13: 0.08729491422760205
calculated iMatrix for 10, 1, 3, 14: -0.5004917506745168
calculated iMatrix for 10, 1, 3, 15: -0.2260549049727567
calculated iMatrix for 10, 1, 3, 16: -0.1231975195330488
calculated iMatrix for 10, 1, 3, 17: 0.07658325863267446
calculated iMatrix for 10, 1, 3, 18: 0.4157989811996382
calculated iMatrix for 10, 1, 3, 19: -0.10407647808627041
calculated iMatrix for 10, 1, 4, 0: 0.02956523501936137
calculated iMatrix for 10, 1, 4, 1: 0.3551743593832033
calculated iMatrix for 10, 1, 4, 2: 0.21908868695358397
calculated iMatrix for 10, 1, 4, 3: 0.15343471673214715
calculated iMatrix for 10, 1, 4, 4: -0.7542722714506165
calculated iMatrix for 10, 1, 4, 5: 0.353667200092632
calculated iMatrix for 10, 1, 4, 6: 0.010333873091473711
calculated iMatrix for 10, 1, 4, 7: -0.4456835141795219
calculated iMatrix for 10, 1, 4, 8: 0.3807076613883681
calculated iMatrix for 10, 1, 4, 9: -0.7456142087075017
calculated iMatrix for 10, 1, 4, 10: -0.4108795919848298
calculated iMatrix for 10, 1, 4, 11: 0.2247437444369289
calculated iMatrix for 10, 1, 4, 12: -0.08319218491934977
calculated iMatrix for 10, 1, 4, 13: -0.658715755889411
calculated iMatrix for 10, 1, 4, 14: 0.6293730814976972
calculated iMatrix for 10, 1, 4, 15: 0.07593115557728702
calculated iMatrix for 10, 1, 4, 16: -0.3753286077205109
calculated iMatrix for 10, 1, 4, 17: 0.15110642697255605
calculated iMatrix for 10, 1, 4, 18: -0.83696398729573
calculated iMatrix for 10, 1, 4, 19: 0.4456519443493193
calculated iMatrix for 10, 1, 5, 0: -0.5362098332765961
calculated iMatrix for 10, 1, 5, 1: 0.22164296675868067
calculated iMatrix for 10, 1, 5, 2: -0.36545546687057406
calculated iMatrix for 10, 1, 5, 3: -0.010285414111262048
calculated iMatrix for 10, 1, 5, 4: -0.4134803736848871
calculated iMatrix for 10, 1, 5, 5: 0.5431384035762397
calculated iMatrix for 10, 1, 5, 6: 0.36173175992936235
calculated iMatrix for 10, 1, 5, 7: 0.2906358382456321
calculated iMatrix for 10, 1, 5, 8: 0.13438652176145272
calculated iMatrix for 10, 1, 5, 9: -0.09208113233659554
calculated iMatrix for 10, 1, 5, 10: -0.6087053353147496
calculated iMatrix for 10, 1, 5, 11: -0.010285414111262048
calculated iMatrix for 10, 1, 5, 12: -0.08319218491934977
calculated iMatrix for 10, 1, 5, 13: -0.212809678222736
calculated iMatrix for 10, 1, 5, 14: -0.12781646538934321
calculated iMatrix for 10, 1, 5, 15: -0.0224559497315171
calculated iMatrix for 10, 1, 5, 16: 0.15343471673214715
calculated iMatrix for 10, 1, 5, 17: 0.21100456855362493
calculated iMatrix for 10, 1, 5, 18: 0.3204888013953133
calculated iMatrix for 10, 1, 5, 19: 0.03630935949473457
calculated iMatrix for 10, 1, 6, 0: -0.5715876723582471
calculated iMatrix for 10, 1, 6, 1: 0.5493303738241607
calculated iMatrix for 10, 1, 6, 2: -0.8904526722467161
calculated iMatrix for 10, 1, 6, 3: -0.9704953799202523
calculated iMatrix for 10, 1, 6, 4: 0.010333873091473711
calculated iMatrix for 10, 1, 6, 5: 0.6271080748668452
calculated iMatrix for 10, 1, 6, 6: -0.17890812654705468
calculated iMatrix for 10, 1, 6, 7: 0.8370124462759416
calculated iMatrix for 10, 1, 6, 8: -0.1595651637039237
calculated iMatrix for 10, 1, 6, 9: 0.14550865145972647
calculated iMatrix for 10, 1, 6, 10: -0.2201897855203585
calculated iMatrix for 10, 1, 6, 11: -0.2928523858962724
calculated iMatrix for 10, 1, 6, 12: 0.2681629823935736
calculated iMatrix for 10, 1, 6, 13: -0.5170210526257275
calculated iMatrix for 10, 1, 6, 14: -0.03845629107795823
calculated iMatrix for 10, 1, 6, 15: -0.0730477358475774
calculated iMatrix for 10, 1, 6, 16: -0.4491984562869664
calculated iMatrix for 10, 1, 6, 17: 0.8705351383145853
calculated iMatrix for 10, 1, 6, 18: 0.09734525008110362
calculated iMatrix for 10, 1, 6, 19: 0.034431424670534394
calculated iMatrix for 10, 1, 7, 0: -0.34014910059933756
calculated iMatrix for 10, 1, 7, 1: 0.5981205379935928
calculated iMatrix for 10, 1, 7, 2: -0.5004917506745168
calculated iMatrix for 10, 1, 7, 3: -0.9817949351741859
calculated iMatrix for 10, 1, 7, 4: -0.15474587726797484
calculated iMatrix for 10, 1, 7, 5: -0.313715843531182
calculated iMatrix for 10, 1, 7, 6: 0.2616483013723798
calculated iMatrix for 10, 1, 7, 7: 0.8212640893078026
calculated iMatrix for 10, 1, 7, 8: 0.3065996892346462
calculated iMatrix for 10, 1, 7, 9: 0.13777881965959415
calculated iMatrix for 10, 1, 7, 10: 0.1926554298854285
calculated iMatrix for 10, 1, 7, 11: -0.5332815734975078
calculated iMatrix for 10, 1, 7, 12: 0.031387282289306206
calculated iMatrix for 10, 1, 7, 13: -0.5185102561771953
calculated iMatrix for 10, 1, 7, 14: -0.5536015759884654
calculated iMatrix for 10, 1, 7, 15: -0.18072136367123548
calculated iMatrix for 10, 1, 7, 16: 0.07285423007280789
calculated iMatrix for 10, 1, 7, 17: 1.0732280791575042
calculated iMatrix for 10, 1, 7, 18: 1.3320897130737932
calculated iMatrix for 10, 1, 7, 19: -0.35739090703384346
calculated iMatrix for 10, 1, 8, 0: NaN
calculated iMatrix for 10, 1, 8, 1: NaN
calculated iMatrix for 10, 1, 8, 2: NaN
calculated iMatrix for 10, 1, 8, 3: NaN
calculated iMatrix for 10, 1, 8, 4: NaN
calculated iMatrix for 10, 1, 8, 5: NaN
calculated iMatrix for 10, 1, 8, 6: NaN
calculated iMatrix for 10, 1, 8, 7: NaN
calculated iMatrix for 10, 1, 8, 8: NaN
calculated iMatrix for 10, 1, 8, 9: NaN
calculated iMatrix for 10, 1, 8, 10: 6.804413908312323E-4
calculated iMatrix for 10, 1, 8, 11: NaN
calculated iMatrix for 10, 1, 8, 12: NaN
calculated iMatrix for 10, 1, 8, 13: NaN
calculated iMatrix for 10, 1, 8, 14: NaN
calculated iMatrix for 10, 1, 8, 15: NaN
calculated iMatrix for 10, 1, 8, 16: NaN
calculated iMatrix for 10, 1, 8, 17: NaN
calculated iMatrix for 10, 1, 8, 18: NaN
calculated iMatrix for 10, 1, 8, 19: NaN
calculated iMatrix for 10, 1, 9, 0: -0.11482926986253217
calculated iMatrix for 10, 1, 9, 1: 0.4157989811996382
calculated iMatrix for 10, 1, 9, 2: -0.5827298489114889
calculated iMatrix for 10, 1, 9, 3: -0.07374924411906769
calculated iMatrix for 10, 1, 9, 4: 0.2726981375589649
calculated iMatrix for 10, 1, 9, 5: -0.40434789012161443
calculated iMatrix for 10, 1, 9, 6: -1.5301111678556754
calculated iMatrix for 10, 1, 9, 7: 0.5642189863179113
calculated iMatrix for 10, 1, 9, 8: -0.32864149374785767
calculated iMatrix for 10, 1, 9, 9: 0.0480742010743207
calculated iMatrix for 10, 1, 9, 10: 0.3287876042100084
calculated iMatrix for 10, 1, 9, 11: -0.46923920717041256
calculated iMatrix for 10, 1, 9, 12: -0.20097522057573314
calculated iMatrix for 10, 1, 9, 13: -0.6256548936285229
calculated iMatrix for 10, 1, 9, 14: -0.5185102561771953
calculated iMatrix for 10, 1, 9, 15: 0.1669029337830138
calculated iMatrix for 10, 1, 9, 16: 0.23039575786827549
calculated iMatrix for 10, 1, 9, 17: 1.1089461617595835
calculated iMatrix for 10, 1, 9, 18: 0.07932674457842537
calculated iMatrix for 10, 1, 9, 19: -0.04850662693145957
calculated iMatrix for 10, 1, 10, 0: -0.23167816252711892
calculated iMatrix for 10, 1, 10, 1: 1.3966282342113643
calculated iMatrix for 10, 1, 10, 2: -0.35739090703384346
calculated iMatrix for 10, 1, 10, 3: -0.6946477651154743
calculated iMatrix for 10, 1, 10, 4: 0.7412213816342661
calculated iMatrix for 10, 1, 10, 5: 0.043123695914464744
calculated iMatrix for 10, 1, 10, 6: -0.31817019388056234
calculated iMatrix for 10, 1, 10, 7: 1.079958624886331
calculated iMatrix for 10, 1, 10, 8: -0.47921435222723185
calculated iMatrix for 10, 1, 10, 9: 0.400294794663673
calculated iMatrix for 10, 1, 10, 10: 0.0411055317582274
calculated iMatrix for 10, 1, 10, 11: -0.2032402272065852
calculated iMatrix for 10, 1, 10, 12: -0.4204490430009804
calculated iMatrix for 10, 1, 10, 13: -1.1195309590807403
calculated iMatrix for 10, 1, 10, 14: -1.1291004100968909
calculated iMatrix for 10, 1, 10, 15: 0.1761261279342179
calculated iMatrix for 10, 1, 10, 16: 0.284770718793234
calculated iMatrix for 10, 1, 10, 17: 0.5335820168560217
calculated iMatrix for 10, 1, 10, 18: 0.9082754662974324
calculated iMatrix for 10, 1, 10, 19: 0.0411055317582274
calculated iMatrix for 10, 1, 11, 0: -0.212809678222736
calculated iMatrix for 10, 1, 11, 1: -0.14381680673578456
calculated iMatrix for 10, 1, 11, 2: 0.18399736714231385
calculated iMatrix for 10, 1, 11, 3: -0.19511010112333516
calculated iMatrix for 10, 1, 11, 4: -0.6617598982706392
calculated iMatrix for 10, 1, 11, 5: 0.4157989811996382
calculated iMatrix for 10, 1, 11, 6: -0.3827087150181334
calculated iMatrix for 10, 1, 11, 7: -0.3433061671521045
calculated iMatrix for 10, 1, 11, 8: -0.12781646538934321
calculated iMatrix for 10, 1, 11, 9: -0.47517394269022706
calculated iMatrix for 10, 1, 11, 10: -1.2424290954038941
calculated iMatrix for 10, 1, 11, 11: -0.007057869620395341
calculated iMatrix for 10, 1, 11, 12: 0.3157155226426557
calculated iMatrix for 10, 1, 11, 13: 0.13708557873061766
calculated iMatrix for 10, 1, 11, 14: -0.12100212896961304
calculated iMatrix for 10, 1, 11, 15: 0.49276002233576655
calculated iMatrix for 10, 1, 11, 16: 0.48990695335336
calculated iMatrix for 10, 1, 11, 17: 0.2906358382456321
calculated iMatrix for 10, 1, 11, 18: 0.3551743593832033
calculated iMatrix for 10, 1, 11, 19: 0.010333873091473711
calculated iMatrix for 10, 1, 12, 0: -0.4134803736848871
calculated iMatrix for 10, 1, 12, 1: 0.4157989811996382
calculated iMatrix for 10, 1, 12, 2: 0.2567342865699508
calculated iMatrix for 10, 1, 12, 3: -0.17198768370248074
calculated iMatrix for 10, 1, 12, 4: -0.5004917506745168
calculated iMatrix for 10, 1, 12, 5: 0.4157989811996382
calculated iMatrix for 10, 1, 12, 6: -0.1903368223706774
calculated iMatrix for 10, 1, 12, 7: -0.4715042138012646
calculated iMatrix for 10, 1, 12, 8: -0.2919469987814598
calculated iMatrix for 10, 1, 12, 9: -0.6911121102831665
calculated iMatrix for 10, 1, 12, 10: -0.1595651637039237
calculated iMatrix for 10, 1, 12, 11: 0.36536812757274617
calculated iMatrix for 10, 1, 12, 12: 0.5666218709342219
calculated iMatrix for 10, 1, 12, 13: 0.18095939012223705
calculated iMatrix for 10, 1, 12, 14: -0.009084212765627875
calculated iMatrix for 10, 1, 12, 15: 0.0616271674790243
calculated iMatrix for 10, 1, 12, 16: 0.32399143194651536
calculated iMatrix for 10, 1, 12, 17: 0.13293619518380617
calculated iMatrix for 10, 1, 12, 18: 0.9266246049656289
calculated iMatrix for 10, 1, 12, 19: -0.3047471735484215
calculated iMatrix for 10, 1, 13, 0: 0.010333873091473711
calculated iMatrix for 10, 1, 13, 1: 0.05912403726090565
calculated iMatrix for 10, 1, 13, 2: 0.20009040837294645
calculated iMatrix for 10, 1, 13, 3: -0.08063790511425273
calculated iMatrix for 10, 1, 13, 4: 0.10749762154512155
calculated iMatrix for 10, 1, 13, 5: 0.32482720299391143
calculated iMatrix for 10, 1, 13, 6: 0.07932674457842537
calculated iMatrix for 10, 1, 13, 7: -0.1687143583575117
calculated iMatrix for 10, 1, 13, 8: 0.06749228693142251
calculated iMatrix for 10, 1, 13, 9: -0.42838845677317305
calculated iMatrix for 10, 1, 13, 10: -0.2409805551894324
calculated iMatrix for 10, 1, 13, 11: 0.4729573950395868
calculated iMatrix for 10, 1, 13, 12: -0.043733348178802034
calculated iMatrix for 10, 1, 13, 13: 0.03630935949473457
calculated iMatrix for 10, 1, 13, 14: -0.35739090703384346
calculated iMatrix for 10, 1, 13, 15: -0.04162586583923722
calculated iMatrix for 10, 1, 13, 16: 0.24394872427297887
calculated iMatrix for 10, 1, 13, 17: -0.549281914843949
calculated iMatrix for 10, 1, 13, 18: -0.212809678222736
calculated iMatrix for 10, 1, 13, 19: 0.14386526571599634
calculated iMatrix for 10, 1, 14, 0: -0.08385334196822725
calculated iMatrix for 10, 1, 14, 1: 0.48990695335336
calculated iMatrix for 10, 1, 14, 2: 0.11432358661552133
calculated iMatrix for 10, 1, 14, 3: 0.06952274448180429
calculated iMatrix for 10, 1, 14, 4: -0.2562947901624748
calculated iMatrix for 10, 1, 14, 5: 0.673628090501738
calculated iMatrix for 10, 1, 14, 6: -0.5286626276412132
calculated iMatrix for 10, 1, 14, 7: -0.5004917506745168
calculated iMatrix for 10, 1, 14, 8: -0.45228964885663925
calculated iMatrix for 10, 1, 14, 9: -0.5104420815276849
calculated iMatrix for 10, 1, 14, 10: -0.17890812654705468
calculated iMatrix for 10, 1, 14, 11: 0.48990695335336
calculated iMatrix for 10, 1, 14, 12: 0.7245344628492514
calculated iMatrix for 10, 1, 14, 13: -0.9279357655014566
calculated iMatrix for 10, 1, 14, 14: -0.1687143583575117
calculated iMatrix for 10, 1, 14, 15: -0.15059649372116324
calculated iMatrix for 10, 1, 14, 16: -0.13537793808991982
calculated iMatrix for 10, 1, 14, 17: -0.2032402272065852
calculated iMatrix for 10, 1, 14, 18: 0.4803375023372093
calculated iMatrix for 10, 1, 14, 19: 0.4157989811996382
calculated iMatrix for 10, 1, 15, 0: -0.212809678222736
calculated iMatrix for 10, 1, 15, 1: 0.7904924306410489
calculated iMatrix for 10, 1, 15, 2: 0.05478563566230776
calculated iMatrix for 10, 1, 15, 3: -0.04850662693145957
calculated iMatrix for 10, 1, 15, 4: -0.1231975195330488
calculated iMatrix for 10, 1, 15, 5: 0.4036776206672933
calculated iMatrix for 10, 1, 15, 6: -0.5004917506745168
calculated iMatrix for 10, 1, 15, 7: -0.15059649372116324
calculated iMatrix for 10, 1, 15, 8: 0.039747758297767
calculated iMatrix for 10, 1, 15, 9: -0.607589886230884
calculated iMatrix for 10, 1, 15, 10: -0.2773481993603071
calculated iMatrix for 10, 1, 15, 11: 0.4157989811996382
calculated iMatrix for 10, 1, 15, 12: -0.17198768370248074
calculated iMatrix for 10, 1, 15, 13: -0.039676547483187496
calculated iMatrix for 10, 1, 15, 14: -0.23812748620702573
calculated iMatrix for 10, 1, 15, 15: 0.5028103581892679
calculated iMatrix for 10, 1, 15, 16: 0.13708557873061766
calculated iMatrix for 10, 1, 15, 17: 0.025601345222262317
calculated iMatrix for 10, 1, 15, 18: 0.010333873091473711
calculated iMatrix for 10, 1, 15, 19: 0.1281169087478573
calculated iMatrix for 10, 1, 16, 0: -0.3463410708472585
calculated iMatrix for 10, 1, 16, 1: 0.06749228693142251
calculated iMatrix for 10, 1, 16, 2: 0.28422262341091886
calculated iMatrix for 10, 1, 16, 3: -0.1903368223706774
calculated iMatrix for 10, 1, 16, 4: -0.6182747863309004
calculated iMatrix for 10, 1, 16, 5: 0.1926554298854285
calculated iMatrix for 10, 1, 16, 6: -0.02603377107940097
calculated iMatrix for 10, 1, 16, 7: 0.1281169087478573
calculated iMatrix for 10, 1, 16, 8: -0.2159792529840152
calculated iMatrix for 10, 1, 16, 9: 0.0542969965125899
calculated iMatrix for 10, 1, 16, 10: -0.5004917506745168
calculated iMatrix for 10, 1, 16, 11: 0.5028103581892679
calculated iMatrix for 10, 1, 16, 12: -0.32953395253087736
calculated iMatrix for 10, 1, 16, 13: 0.18095939012223705
calculated iMatrix for 10, 1, 16, 14: -0.10744916256490966
calculated iMatrix for 10, 1, 16, 15: 0.3992696792484276
calculated iMatrix for 10, 1, 16, 16: 0.2561688356077543
calculated iMatrix for 10, 1, 16, 17: -0.23082818372541425
calculated iMatrix for 10, 1, 16, 18: -1.8354928174068572
calculated iMatrix for 10, 1, 16, 19: -0.08730459647244215
calculated iMatrix for 10, 2, 0, 0: 0.15849422071339697
calculated iMatrix for 10, 2, 0, 1: -0.8400346093977302
calculated iMatrix for 10, 2, 0, 2: -0.05180118812296383
calculated iMatrix for 10, 2, 0, 3: 0.13787493351066127
calculated iMatrix for 10, 2, 0, 4: -0.14899047903456358
calculated iMatrix for 10, 2, 0, 5: -0.04694975350141187
calculated iMatrix for 10, 2, 0, 6: 0.004343540886138614
calculated iMatrix for 10, 2, 0, 7: -0.042176474748754134
calculated iMatrix for 10, 2, 0, 8: -0.25644963134931126
calculated iMatrix for 10, 2, 0, 9: 0.2762772563697804
calculated iMatrix for 10, 2, 0, 10: 0.4839166211480249
calculated iMatrix for 10, 2, 0, 11: 0.28365736366740296
calculated iMatrix for 10, 2, 0, 12: -0.018436487445681243
calculated iMatrix for 10, 2, 0, 13: -0.2768238505444485
calculated iMatrix for 10, 2, 0, 14: -0.11913751588488253
calculated iMatrix for 10, 2, 0, 15: 0.0013086371909845906
calculated iMatrix for 10, 2, 0, 16: 0.024962828088874345
calculated iMatrix for 10, 2, 0, 17: -0.10101697477168758
calculated iMatrix for 10, 2, 0, 18: 0.05313370505557069
calculated iMatrix for 10, 2, 0, 19: 0.049294928748405006
calculated iMatrix for 10, 2, 1, 0: 0.1419649187621864
calculated iMatrix for 10, 2, 1, 1: -0.6681843524710709
calculated iMatrix for 10, 2, 1, 2: 0.25086754084441204
calculated iMatrix for 10, 2, 1, 3: 0.35916491617554824
calculated iMatrix for 10, 2, 1, 4: 0.38163777202760674
calculated iMatrix for 10, 2, 1, 5: 0.23853692838693333
calculated iMatrix for 10, 2, 1, 6: -0.5346529598465484
calculated iMatrix for 10, 2, 1, 7: -0.15516333814164468
calculated iMatrix for 10, 2, 1, 8: -0.16692817972123103
calculated iMatrix for 10, 2, 1, 9: -0.15294193774649106
calculated iMatrix for 10, 2, 1, 10: 0.05313370505557069
calculated iMatrix for 10, 2, 1, 11: -0.7017070445097144
calculated iMatrix for 10, 2, 1, 12: -0.46721167905101585
calculated iMatrix for 10, 2, 1, 13: 0.5746546179383093
calculated iMatrix for 10, 2, 1, 14: -0.29045599933450617
calculated iMatrix for 10, 2, 1, 15: 0.07333641237309015
calculated iMatrix for 10, 2, 1, 16: 0.21911884252983183
calculated iMatrix for 10, 2, 1, 17: 0.07511261177434596
calculated iMatrix for 10, 2, 1, 18: 0.05313370505557069
calculated iMatrix for 10, 2, 1, 19: -0.28953050181356343
calculated iMatrix for 10, 2, 2, 0: 0.5171280291374624
calculated iMatrix for 10, 2, 2, 1: 0.24550559770302666
calculated iMatrix for 10, 2, 2, 2: -0.13574525228454298
calculated iMatrix for 10, 2, 2, 3: 0.3328476078581747
calculated iMatrix for 10, 2, 2, 4: 0.045165535406393856
calculated iMatrix for 10, 2, 2, 5: -0.2768238505444485
calculated iMatrix for 10, 2, 2, 6: 0.22303274185096814
calculated iMatrix for 10, 2, 2, 7: -0.3339822643843971
calculated iMatrix for 10, 2, 2, 8: 0.04849332549906851
calculated iMatrix for 10, 2, 2, 9: -0.25375057438014614
calculated iMatrix for 10, 2, 2, 10: 0.10442699944312114
calculated iMatrix for 10, 2, 2, 11: 0.05313370505557069
calculated iMatrix for 10, 2, 2, 12: -0.10387004375409403
calculated iMatrix for 10, 2, 2, 13: 0.42675820730807634
calculated iMatrix for 10, 2, 2, 14: -0.09282020756750908
calculated iMatrix for 10, 2, 2, 15: -0.10565735432818979
calculated iMatrix for 10, 2, 2, 16: -0.09822562613441699
calculated iMatrix for 10, 2, 2, 17: -0.04914514406484752
calculated iMatrix for 10, 2, 2, 18: -0.47011443870897723
calculated iMatrix for 10, 2, 2, 19: 0.19486186488427176
calculated iMatrix for 10, 2, 3, 0: 0.10538439539944856
calculated iMatrix for 10, 2, 3, 1: -0.10387004375409403
calculated iMatrix for 10, 2, 3, 2: -0.02382733608055762
calculated iMatrix for 10, 2, 3, 3: 0.5869488470462602
calculated iMatrix for 10, 2, 3, 4: -0.18445053041343334
calculated iMatrix for 10, 2, 3, 5: -0.07789455735083342
calculated iMatrix for 10, 2, 3, 6: -0.21306933571908598
calculated iMatrix for 10, 2, 3, 7: -0.2861916005480486
calculated iMatrix for 10, 2, 3, 8: -0.4969126318637012
calculated iMatrix for 10, 2, 3, 9: 0.12459266903771563
calculated iMatrix for 10, 2, 3, 10: 0.033331077759390926
calculated iMatrix for 10, 2, 3, 11: -0.18778201600443684
calculated iMatrix for 10, 2, 3, 12: -0.15995951040513762
calculated iMatrix for 10, 2, 3, 13: -0.018436487445681243
calculated iMatrix for 10, 2, 3, 14: 0.40211630337114745
calculated iMatrix for 10, 2, 3, 15: 0.24187582965244797
calculated iMatrix for 10, 2, 3, 16: 0.05086355652103153
calculated iMatrix for 10, 2, 3, 17: -0.06464933060081274
calculated iMatrix for 10, 2, 3, 18: -0.5346529598465484
calculated iMatrix for 10, 2, 3, 19: -0.26436263010663663
calculated iMatrix for 10, 2, 4, 0: 0.42085848518088803
calculated iMatrix for 10, 2, 4, 1: -0.5952775816629832
calculated iMatrix for 10, 2, 4, 2: 0.13317641272910707
calculated iMatrix for 10, 2, 4, 3: -0.06464933060081274
calculated iMatrix for 10, 2, 4, 4: 0.5515368088230042
calculated iMatrix for 10, 2, 4, 5: -0.44975351606006203
calculated iMatrix for 10, 2, 4, 6: 0.15849422071339697
calculated iMatrix for 10, 2, 4, 7: 0.3921090718949021
calculated iMatrix for 10, 2, 4, 8: -0.5172612171346791
calculated iMatrix for 10, 2, 4, 9: 0.3850218700118473
calculated iMatrix for 10, 2, 4, 10: 0.004343540886138614
calculated iMatrix for 10, 2, 4, 11: -0.24697088739476747
calculated iMatrix for 10, 2, 4, 12: -0.49383096532629317
calculated iMatrix for 10, 2, 4, 13: 0.07511261177434596
calculated iMatrix for 10, 2, 4, 14: -0.5126740531277731
calculated iMatrix for 10, 2, 4, 15: 0.05841076215641444
calculated iMatrix for 10, 2, 4, 16: -0.015859166431380828
calculated iMatrix for 10, 2, 4, 17: 0.006944322586196039
calculated iMatrix for 10, 2, 4, 18: 0.40980864899430314
calculated iMatrix for 10, 2, 4, 19: -0.16427917154965405
calculated iMatrix for 10, 2, 5, 0: 0.3651084700763962
calculated iMatrix for 10, 2, 5, 1: 0.15849422071339697
calculated iMatrix for 10, 2, 5, 2: 0.2762772563697804
calculated iMatrix for 10, 2, 5, 3: -0.18325507300865973
calculated iMatrix for 10, 2, 5, 4: 0.1883471838630781
calculated iMatrix for 10, 2, 5, 5: -0.6185344438272504
calculated iMatrix for 10, 2, 5, 6: -0.429292444188722
calculated iMatrix for 10, 2, 5, 7: -0.17098498041684534
calculated iMatrix for 10, 2, 5, 8: -0.31596375888171885
calculated iMatrix for 10, 2, 5, 9: 0.3908261980820129
calculated iMatrix for 10, 2, 5, 10: 0.07148284372376716
calculated iMatrix for 10, 2, 5, 11: 0.1277225620466433
calculated iMatrix for 10, 2, 5, 12: -0.31596375888171885
calculated iMatrix for 10, 2, 5, 13: 0.47694795183193156
calculated iMatrix for 10, 2, 5, 14: 0.05841076215641444
calculated iMatrix for 10, 2, 5, 15: -0.136305319507248
calculated iMatrix for 10, 2, 5, 16: -0.06464933060081274
calculated iMatrix for 10, 2, 5, 17: -0.017396445750267192
calculated iMatrix for 10, 2, 5, 18: -0.6299631396508731
calculated iMatrix for 10, 2, 5, 19: 0.04071118505701346
calculated iMatrix for 10, 2, 6, 0: 0.3408157775073516
calculated iMatrix for 10, 2, 6, 1: -0.6036458313334998
calculated iMatrix for 10, 2, 6, 2: 0.5486918566907729
calculated iMatrix for 10, 2, 6, 3: 0.4638758702645789
calculated iMatrix for 10, 2, 6, 4: -0.12918785173838393
calculated iMatrix for 10, 2, 6, 5: -0.6888036396738066
calculated iMatrix for 10, 2, 6, 6: -0.45461025217301193
calculated iMatrix for 10, 2, 6, 7: -0.5754749543668034
calculated iMatrix for 10, 2, 6, 8: -0.08662823731958799
calculated iMatrix for 10, 2, 6, 9: 0.024962828088874345
calculated iMatrix for 10, 2, 6, 10: 0.018732278338238234
calculated iMatrix for 10, 2, 6, 11: -0.06464933060081274
calculated iMatrix for 10, 2, 6, 12: -0.31596375888171885
calculated iMatrix for 10, 2, 6, 13: 0.7505452844019735
calculated iMatrix for 10, 2, 6, 14: 0.03786623292478222
calculated iMatrix for 10, 2, 6, 15: 0.1176722261931418
calculated iMatrix for 10, 2, 6, 16: 0.30367623055789483
calculated iMatrix for 10, 2, 6, 17: -0.6250370213148173
calculated iMatrix for 10, 2, 6, 18: -0.24697088739476747
calculated iMatrix for 10, 2, 6, 19: 0.267693512678389
calculated iMatrix for 10, 2, 7, 0: 0.38480734678888573
calculated iMatrix for 10, 2, 7, 1: -1.7874159283419164
calculated iMatrix for 10, 2, 7, 2: 0.15849422071339697
calculated iMatrix for 10, 2, 7, 3: 0.399656277530285
calculated iMatrix for 10, 2, 7, 4: 0.1923957723890784
calculated iMatrix for 10, 2, 7, 5: -0.7129011912528671
calculated iMatrix for 10, 2, 7, 6: -0.24697088739476747
calculated iMatrix for 10, 2, 7, 7: -0.12918785173838393
calculated iMatrix for 10, 2, 7, 8: -0.08073546835243714
calculated iMatrix for 10, 2, 7, 9: 0.21484715726452874
calculated iMatrix for 10, 2, 7, 10: 0.2156526345533456
calculated iMatrix for 10, 2, 7, 11: -0.16871869049501925
calculated iMatrix for 10, 2, 7, 12: -0.6812564340384237
calculated iMatrix for 10, 2, 7, 13: 0.5515368088230042
calculated iMatrix for 10, 2, 7, 14: 0.9851727938978649
calculated iMatrix for 10, 2, 7, 15: -0.11594262498836333
calculated iMatrix for 10, 2, 7, 16: -0.03256101604931225
calculated iMatrix for 10, 2, 7, 17: -0.39061358962361065
calculated iMatrix for 10, 2, 7, 18: -1.094268747781971
calculated iMatrix for 10, 2, 7, 19: 0.15849422071339697
calculated iMatrix for 10, 2, 8, 0: NaN
calculated iMatrix for 10, 2, 8, 1: NaN
calculated iMatrix for 10, 2, 8, 2: NaN
calculated iMatrix for 10, 2, 8, 3: NaN
calculated iMatrix for 10, 2, 8, 4: NaN
calculated iMatrix for 10, 2, 8, 5: NaN
calculated iMatrix for 10, 2, 8, 6: NaN
calculated iMatrix for 10, 2, 8, 7: NaN
calculated iMatrix for 10, 2, 8, 8: NaN
calculated iMatrix for 10, 2, 8, 9: NaN
calculated iMatrix for 10, 2, 8, 10: -7.382873081928365E-4
calculated iMatrix for 10, 2, 8, 11: NaN
calculated iMatrix for 10, 2, 8, 12: NaN
calculated iMatrix for 10, 2, 8, 13: NaN
calculated iMatrix for 10, 2, 8, 14: NaN
calculated iMatrix for 10, 2, 8, 15: NaN
calculated iMatrix for 10, 2, 8, 16: NaN
calculated iMatrix for 10, 2, 8, 17: NaN
calculated iMatrix for 10, 2, 8, 18: NaN
calculated iMatrix for 10, 2, 8, 19: NaN
calculated iMatrix for 10, 2, 9, 0: 0.653190462549504
calculated iMatrix for 10, 2, 9, 1: 0.06318404090907208
calculated iMatrix for 10, 2, 9, 2: -0.20087978019450048
calculated iMatrix for 10, 2, 9, 3: 0.4317875557130783
calculated iMatrix for 10, 2, 9, 4: 0.11197420507850415
calculated iMatrix for 10, 2, 9, 5: -0.5459525151004818
calculated iMatrix for 10, 2, 9, 6: -0.10976976588128246
calculated iMatrix for 10, 2, 9, 7: -0.22591747819693508
calculated iMatrix for 10, 2, 9, 8: 0.42264579575498384
calculated iMatrix for 10, 2, 9, 9: 0.7462808856155161
calculated iMatrix for 10, 2, 9, 10: 0.3303444776400562
calculated iMatrix for 10, 2, 9, 11: -0.05281487295380993
calculated iMatrix for 10, 2, 9, 12: -1.7874159283419164
calculated iMatrix for 10, 2, 9, 13: 0.024962828088874345
calculated iMatrix for 10, 2, 9, 14: 0.6772880141285644
calculated iMatrix for 10, 2, 9, 15: -0.3915521162058751
calculated iMatrix for 10, 2, 9, 16: -0.2833385315656422
calculated iMatrix for 10, 2, 9, 17: -0.5217495550106406
calculated iMatrix for 10, 2, 9, 18: -0.38050228001928993
calculated iMatrix for 10, 2, 9, 19: 0.24550559770302666
calculated iMatrix for 10, 2, 10, 0: 0.5639593288215614
calculated iMatrix for 10, 2, 10, 1: -1.1407887634168639
calculated iMatrix for 10, 2, 10, 2: 0.015393377072723674
calculated iMatrix for 10, 2, 10, 3: 0.8065209659928727
calculated iMatrix for 10, 2, 10, 4: -0.674414902221707
calculated iMatrix for 10, 2, 10, 5: -0.7810533733250253
calculated iMatrix for 10, 2, 10, 6: 0.0939556995758258
calculated iMatrix for 10, 2, 10, 7: -0.6006109276383458
calculated iMatrix for 10, 2, 10, 8: 0.33754245216238243
calculated iMatrix for 10, 2, 10, 9: 0.09661881699530944
calculated iMatrix for 10, 2, 10, 10: 0.11197420507850415
calculated iMatrix for 10, 2, 10, 11: -0.02382733608055762
calculated iMatrix for 10, 2, 10, 12: -1.1119683248813719
calculated iMatrix for 10, 2, 10, 13: 0.7897659975552547
calculated iMatrix for 10, 2, 10, 14: 0.8880090454442171
calculated iMatrix for 10, 2, 10, 15: -0.006585529646051608
calculated iMatrix for 10, 2, 10, 16: -0.03725035641269839
calculated iMatrix for 10, 2, 10, 17: -0.9401180679547128
calculated iMatrix for 10, 2, 10, 18: -0.24697088739476747
calculated iMatrix for 10, 2, 10, 19: 0.20501423634828989
calculated iMatrix for 10, 2, 11, 0: 0.3964528578127474
calculated iMatrix for 10, 2, 11, 1: -0.5346529598465484
calculated iMatrix for 10, 2, 11, 2: -0.47959318266352097
calculated iMatrix for 10, 2, 11, 3: 8.652765098138004E-4
calculated iMatrix for 10, 2, 11, 4: 0.049294928748405006
calculated iMatrix for 10, 2, 11, 5: -0.5346529598465484
calculated iMatrix for 10, 2, 11, 6: 0.3632886333594102
calculated iMatrix for 10, 2, 11, 7: 0.6509707058111912
calculated iMatrix for 10, 2, 11, 8: -0.042176474748754134
calculated iMatrix for 10, 2, 11, 9: 0.7884624996518108
calculated iMatrix for 10, 2, 11, 10: 0.07148284372376716
calculated iMatrix for 10, 2, 11, 11: -0.4011215672220258
calculated iMatrix for 10, 2, 11, 12: -1.470746319016883
calculated iMatrix for 10, 2, 11, 13: 0.5151691646521294
calculated iMatrix for 10, 2, 11, 14: 0.30159506435407024
calculated iMatrix for 10, 2, 11, 15: -0.7577965111607581
calculated iMatrix for 10, 2, 11, 16: -0.37372259303391125
calculated iMatrix for 10, 2, 11, 17: -0.04630019193261631
calculated iMatrix for 10, 2, 11, 18: 0.0784515130398606
calculated iMatrix for 10, 2, 11, 19: 0.3465464522163366
calculated iMatrix for 10, 2, 12, 0: 0.5206088879479476
calculated iMatrix for 10, 2, 12, 1: 0.06318404090907208
calculated iMatrix for 10, 2, 12, 2: -0.36886070500380425
calculated iMatrix for 10, 2, 12, 3: -0.2833385315656422
calculated iMatrix for 10, 2, 12, 4: 0.35916491617554824
calculated iMatrix for 10, 2, 12, 5: -0.33171211584985794
calculated iMatrix for 10, 2, 12, 6: 0.015393377072723674
calculated iMatrix for 10, 2, 12, 7: 0.6047813233418164
calculated iMatrix for 10, 2, 12, 8: 0.25158464377940903
calculated iMatrix for 10, 2, 12, 9: 0.757330721802101
calculated iMatrix for 10, 2, 12, 10: 0.3050976949052724
calculated iMatrix for 10, 2, 12, 11: -0.24697088739476747
calculated iMatrix for 10, 2, 12, 12: -0.8631570268185844
calculated iMatrix for 10, 2, 12, 13: -0.17797801590781592
calculated iMatrix for 10, 2, 12, 14: 0.42085848518088803
calculated iMatrix for 10, 2, 12, 15: -0.4011215672220258
calculated iMatrix for 10, 2, 12, 16: -0.7409893928443767
calculated iMatrix for 10, 2, 12, 17: -0.20329582389210588
calculated iMatrix for 10, 2, 12, 18: -1.0652812109087186
calculated iMatrix for 10, 2, 12, 19: 0.07148284372376716
calculated iMatrix for 10, 2, 13, 0: 0.24187582965244797
calculated iMatrix for 10, 2, 13, 1: -0.3721340303487734
calculated iMatrix for 10, 2, 13, 2: -0.1416103717369412
calculated iMatrix for 10, 2, 13, 3: 0.0695467346969008
calculated iMatrix for 10, 2, 13, 4: -0.36029957270177054
calculated iMatrix for 10, 2, 13, 5: -0.14225993330573672
calculated iMatrix for 10, 2, 13, 6: 0.2638547363712233
calculated iMatrix for 10, 2, 13, 7: -0.3115094085323386
calculated iMatrix for 10, 2, 13, 8: 0.2891144031304612
calculated iMatrix for 10, 2, 13, 9: 0.5639593288215614
calculated iMatrix for 10, 2, 13, 10: 0.39488299877762734
calculated iMatrix for 10, 2, 13, 11: -0.3115094085323386
calculated iMatrix for 10, 2, 13, 12: -0.16427917154965405
calculated iMatrix for 10, 2, 13, 13: -0.038216073532657296
calculated iMatrix for 10, 2, 13, 14: 0.5121342609569755
calculated iMatrix for 10, 2, 13, 15: -0.07330739334392733
calculated iMatrix for 10, 2, 13, 16: -0.7065032167732077
calculated iMatrix for 10, 2, 13, 17: -0.12335693142759074
calculated iMatrix for 10, 2, 13, 18: 0.2638547363712233
calculated iMatrix for 10, 2, 13, 19: -0.3339822643843971
calculated iMatrix for 10, 2, 14, 0: 0.15849422071339697
calculated iMatrix for 10, 2, 14, 1: -0.24697088739476747
calculated iMatrix for 10, 2, 14, 2: -0.08266783610349113
calculated iMatrix for 10, 2, 14, 3: 0.10442699944312114
calculated iMatrix for 10, 2, 14, 4: -0.011404816082000502
calculated iMatrix for 10, 2, 14, 5: -0.16574544747218156
calculated iMatrix for 10, 2, 14, 6: 0.11197420507850415
calculated iMatrix for 10, 2, 14, 7: 0.15849422071339697
calculated iMatrix for 10, 2, 14, 8: 0.19931621523365217
calculated iMatrix for 10, 2, 14, 9: 0.3742027935400886
calculated iMatrix for 10, 2, 14, 10: -0.337942665600494
calculated iMatrix for 10, 2, 14, 11: 0.10848380013873554
calculated iMatrix for 10, 2, 14, 12: -0.8574263521095993
calculated iMatrix for 10, 2, 14, 13: 0.6284978499591326
calculated iMatrix for 10, 2, 14, 14: 0.1072009263258464
calculated iMatrix for 10, 2, 14, 15: -0.03154938217446801
calculated iMatrix for 10, 2, 14, 16: -0.5544555871427281
calculated iMatrix for 10, 2, 14, 17: 0.09786959889696212
calculated iMatrix for 10, 2, 14, 18: 0.07148284372376716
calculated iMatrix for 10, 2, 14, 19: -0.44764158285691863
calculated iMatrix for 10, 2, 15, 0: 0.1434563433488564
calculated iMatrix for 10, 2, 15, 1: -0.38050228001928993
calculated iMatrix for 10, 2, 15, 2: -0.08996713858510264
calculated iMatrix for 10, 2, 15, 3: 0.11500910877365819
calculated iMatrix for 10, 2, 15, 4: -0.16692817972123103
calculated iMatrix for 10, 2, 15, 5: -0.03566179372756054
calculated iMatrix for 10, 2, 15, 6: 0.8516414012733422
calculated iMatrix for 10, 2, 15, 7: 0.05313370505557069
calculated iMatrix for 10, 2, 15, 8: 0.0695467346969008
calculated iMatrix for 10, 2, 15, 9: 0.6587377351488508
calculated iMatrix for 10, 2, 15, 10: 0.5639593288215614
calculated iMatrix for 10, 2, 15, 11: -0.5346529598465484
calculated iMatrix for 10, 2, 15, 12: 0.07148284372376716
calculated iMatrix for 10, 2, 15, 13: -0.13999876784259957
calculated iMatrix for 10, 2, 15, 14: 0.577204555571582
calculated iMatrix for 10, 2, 15, 15: -0.9558664249228519
calculated iMatrix for 10, 2, 15, 16: -0.5791047224173822
calculated iMatrix for 10, 2, 15, 17: -0.14261087207052464
calculated iMatrix for 10, 2, 15, 18: -0.042176474748754134
calculated iMatrix for 10, 2, 15, 19: -0.304129301234716
calculated iMatrix for 10, 2, 16, 0: 0.43042793619703873
calculated iMatrix for 10, 2, 16, 1: 0.6003269729924362
calculated iMatrix for 10, 2, 16, 2: -0.49209334542775246
calculated iMatrix for 10, 2, 16, 3: 0.24017225172766407
calculated iMatrix for 10, 2, 16, 4: -0.030747778925131447
calculated iMatrix for 10, 2, 16, 5: -0.12918785173838393
calculated iMatrix for 10, 2, 16, 6: 0.21256144198367277
calculated iMatrix for 10, 2, 16, 7: -0.4011215672220258
calculated iMatrix for 10, 2, 16, 8: -0.2888179973302678
calculated iMatrix for 10, 2, 16, 9: -0.17797801590781592
calculated iMatrix for 10, 2, 16, 10: 0.42675820730807634
calculated iMatrix for 10, 2, 16, 11: -0.32107885954848925
calculated iMatrix for 10, 2, 16, 12: -0.03387767193405916
calculated iMatrix for 10, 2, 16, 13: -0.17797801590781592
calculated iMatrix for 10, 2, 16, 14: 0.2156526345533456
calculated iMatrix for 10, 2, 16, 15: -0.17421153311233917
calculated iMatrix for 10, 2, 16, 16: 0.04342489092860974
calculated iMatrix for 10, 2, 16, 17: 0.46270559511638854
calculated iMatrix for 10, 2, 16, 18: 0.7775334291196205
calculated iMatrix for 10, 2, 16, 19: 0.22995318469554202
calculated fs for 0: [J@4b32ace3
calculated fs for 0: [J@4b32ace3
calculated fs for 0: [J@4b32ace3
calculated fs for 0: [J@4b32ace3
calculated fs for 0: [J@4b32ace3
calculated fs for 0: [J@4b32ace3
calculated fs for 0: [J@4b32ace3
calculated fs for 0: [J@4b32ace3
calculated fs for 0: [J@4b32ace3
calculated fs for 0: [J@4b32ace3
calculated fs for 0: [J@4b32ace3
calculated fs for 0: [J@4b32ace3
calculated fs for 0: [J@4b32ace3
calculated fs for 0: [J@4b32ace3
calculated fs for 0: [J@4b32ace3
calculated fs for 0: [J@4b32ace3
calculated fs for 0: [J@4b32ace3
calculated fs for 0: [J@4b32ace3
calculated fs for 0: [J@4b32ace3
calculated fs for 0: [J@4b32ace3
calculated fs for 0: [J@4b32ace3
calculated fs for 0: [J@4b32ace3
calculated fs for 0: [J@4b32ace3
calculated fs for 0: [J@4b32ace3
calculated fs for 0: [J@4b32ace3
calculated fs for 0: [J@4b32ace3
calculated fs for 0: [J@4b32ace3
calculated fs for 0: [J@4b32ace3
calculated fs for 0: [J@4b32ace3
calculated fs for 0: [J@4b32ace3
calculated fs for 0: [J@4b32ace3
calculated fs for 0: [J@4b32ace3
calculated fs for 0: [J@4b32ace3
calculated fs for 0: [J@4b32ace3
calculated fs for 0: [J@4b32ace3
calculated fs for 0: [J@4b32ace3
calculated fs for 0: [J@4b32ace3
calculated fs for 0: [J@4b32ace3
calculated fs for 0: [J@4b32ace3
calculated fs for 0: [J@4b32ace3
calculated fs for 0: [J@4b32ace3
calculated fs for 0: [J@4b32ace3
calculated fs for 0: [J@4b32ace3
calculated fs for 0: [J@4b32ace3
calculated fs for 0: [J@4b32ace3
calculated fs for 0: [J@4b32ace3
calculated fs for 0: [J@4b32ace3
calculated fs for 0: [J@4b32ace3
calculated fs for 0: [J@4b32ace3
calculated fs for 0: [J@4b32ace3
calculated fs for 0: [J@4b32ace3
calculated fs for 0: [J@4b32ace3
calculated fs for 0: [J@4b32ace3
calculated fs for 0: [J@4b32ace3
calculated fs for 0: [J@4b32ace3
calculated fs for 0: [J@4b32ace3
calculated fs for 0: [J@4b32ace3
calculated fs for 0: [J@4b32ace3
calculated fs for 0: [J@4b32ace3
calculated fs for 0: [J@4b32ace3
calculated fs for 0: [J@4b32ace3
calculated fs for 0: [J@4b32ace3
calculated fs for 0: [J@4b32ace3
calculated fs for 0: [J@4b32ace3
calculated fs for 0: [J@4b32ace3
calculated fs for 0: [J@4b32ace3
calculated fs for 0: [J@4b32ace3
calculated fs for 0: [J@4b32ace3
calculated fs for 0: [J@4b32ace3
calculated fs for 0: [J@4b32ace3
calculated fs for 0: [J@4b32ace3
calculated fs for 0: [J@4b32ace3
calculated fs for 0: [J@4b32ace3
calculated fs for 0: [J@4b32ace3
calculated fs for 0: [J@4b32ace3
calculated fs for 0: [J@4b32ace3
calculated fs for 0: [J@4b32ace3
calculated fs for 0: [J@4b32ace3
calculated fs for 0: [J@4b32ace3
calculated fs for 0: [J@4b32ace3
calculated fs for 0: [J@4b32ace3
calculated fs for 0: [J@4b32ace3
calculated fs for 0: [J@4b32ace3
calculated fs for 0: [J@4b32ace3
calculated fs for 0: [J@4b32ace3
calculated fs for 0: [J@4b32ace3
calculated fs for 0: [J@4b32ace3
calculated fs for 0: [J@4b32ace3
calculated fs for 0: [J@4b32ace3
calculated fs for 0: [J@4b32ace3
calculated fs for 0: [J@4b32ace3
calculated fs for 0: [J@4b32ace3
calculated fs for 0: [J@4b32ace3
calculated fs for 0: [J@4b32ace3
calculated fs for 0: [J@4b32ace3
calculated fs for 0: [J@4b32ace3
calculated fs for 0: [J@4b32ace3
calculated fs for 0: [J@4b32ace3
calculated fs for 0: [J@4b32ace3
calculated fs for 0: [J@4b32ace3
calculated fs for 0: [J@4b32ace3
calculated fs for 0: [J@4b32ace3
calculated fs for 0: [J@4b32ace3
calculated fs for 0: [J@4b32ace3
calculated fs for 0: [J@4b32ace3
calculated fs for 0: [J@4b32ace3
calculated fs for 0: [J@4b32ace3
calculated fs for 0: [J@4b32ace3
calculated fs for 0: [J@4b32ace3
calculated fs for 0: [J@4b32ace3
calculated fs for 0: [J@4b32ace3
calculated fs for 0: [J@4b32ace3
calculated fs for 0: [J@4b32ace3
calculated fs for 0: [J@4b32ace3
calculated fs for 0: [J@4b32ace3
calculated fs for 0: [J@4b32ace3
calculated fs for 0: [J@4b32ace3
calculated fs for 0: [J@4b32ace3
calculated fs for 0: [J@4b32ace3
calculated fs for 0: [J@4b32ace3
calculated fs for 0: [J@4b32ace3
calculated fs for 0: [J@4b32ace3
calculated fs for 0: [J@4b32ace3
calculated fs for 0: [J@4b32ace3
calculated fs for 0: [J@4b32ace3
calculated fs for 0: [J@4b32ace3
calculated fs for 0: [J@4b32ace3
calculated fs for 0: [J@4b32ace3
calculated fs for 0: [J@4b32ace3
calculated fs for 0: [J@4b32ace3
calculated fs for 0: [J@4b32ace3
calculated fs for 0: [J@4b32ace3
calculated fs for 0: [J@4b32ace3
calculated fs for 0: [J@4b32ace3
calculated fs for 0: [J@4b32ace3
calculated fs for 0: [J@4b32ace3
calculated fs for 0: [J@4b32ace3
calculated fs for 0: [J@4b32ace3
calculated fs for 0: [J@4b32ace3
calculated fs for 0: [J@4b32ace3
calculated fs for 0: [J@4b32ace3
calculated fs for 0: [J@4b32ace3
calculated fs for 0: [J@4b32ace3
calculated fs for 0: [J@4b32ace3
calculated fs for 0: [J@4b32ace3
calculated fs for 0: [J@4b32ace3
calculated fs for 0: [J@4b32ace3
calculated fs for 0: [J@4b32ace3
calculated fs for 0: [J@4b32ace3
calculated fs for 0: [J@4b32ace3
calculated fs for 0: [J@4b32ace3
calculated fs for 0: [J@4b32ace3
calculated fs for 0: [J@4b32ace3
calculated fs for 0: [J@4b32ace3
calculated fs for 0: [J@4b32ace3
calculated fs for 0: [J@4b32ace3
calculated fs for 0: [J@4b32ace3
calculated fs for 0: [J@4b32ace3
calculated fs for 0: [J@4b32ace3
calculated fs for 0: [J@4b32ace3
calculated fs for 0: [J@4b32ace3
calculated fs for 0: [J@4b32ace3
calculated fs for 0: [J@4b32ace3
calculated fs for 0: [J@4b32ace3
calculated fs for 0: [J@4b32ace3
calculated fs for 0: [J@4b32ace3
calculated fs for 0: [J@4b32ace3
calculated fs for 0: [J@4b32ace3
calculated fs for 0: [J@4b32ace3
calculated fs for 0: [J@4b32ace3
calculated fs for 0: [J@4b32ace3
calculated fs for 0: [J@4b32ace3
calculated fs for 0: [J@4b32ace3
calculated fs for 0: [J@4b32ace3
calculated fs for 0: [J@4b32ace3
calculated fs for 0: [J@4b32ace3
calculated fs for 0: [J@4b32ace3
calculated fs for 0: [J@4b32ace3
calculated fs for 0: [J@4b32ace3
calculated fs for 0: [J@4b32ace3
calculated fs for 0: [J@4b32ace3
calculated fs for 0: [J@4b32ace3
calculated fs for 0: [J@4b32ace3
calculated fs for 0: [J@4b32ace3
calculated fs for 0: [J@4b32ace3
calculated fs for 0: [J@4b32ace3
calculated fs for 0: [J@4b32ace3
calculated fs for 0: [J@4b32ace3
calculated fs for 0: [J@4b32ace3
calculated fs for 0: [J@4b32ace3
calculated fs for 0: [J@4b32ace3
calculated fs for 0: [J@4b32ace3
calculated fs for 0: [J@4b32ace3
calculated fs for 0: [J@4b32ace3
calculated fs for 0: [J@4b32ace3
calculated fs for 0: [J@4b32ace3
calculated fs for 0: [J@4b32ace3
calculated fs for 0: [J@4b32ace3
calculated fs for 0: [J@4b32ace3
calculated fs for 0: [J@4b32ace3
calculated fs for 0: [J@4b32ace3
calculated fs for 0: [J@4b32ace3
calculated fs for 0: [J@4b32ace3
calculated fs for 0: [J@4b32ace3
calculated fs for 0: [J@4b32ace3
calculated fs for 0: [J@4b32ace3
calculated fs for 0: [J@4b32ace3
calculated fs for 0: [J@4b32ace3
calculated fs for 0: [J@4b32ace3
calculated fs for 0: [J@4b32ace3
calculated fs for 0: [J@4b32ace3
calculated fs for 0: [J@4b32ace3
calculated fs for 0: [J@4b32ace3
calculated fs for 0: [J@4b32ace3
calculated fs for 0: [J@4b32ace3
calculated fs for 0: [J@4b32ace3
calculated fs for 0: [J@4b32ace3
calculated fs for 0: [J@4b32ace3
calculated fs for 0: [J@4b32ace3
calculated fs for 0: [J@4b32ace3
calculated fs for 0: [J@4b32ace3
calculated fs for 0: [J@4b32ace3
calculated fs for 0: [J@4b32ace3
calculated fs for 0: [J@4b32ace3
calculated fs for 0: [J@4b32ace3
calculated fs for 0: [J@4b32ace3
calculated fs for 0: [J@4b32ace3
calculated fs for 0: [J@4b32ace3
calculated fs for 0: [J@4b32ace3
calculated fs for 0: [J@4b32ace3
calculated fs for 0: [J@4b32ace3
calculated fs for 0: [J@4b32ace3
calculated fs for 0: [J@4b32ace3
calculated fs for 0: [J@4b32ace3
calculated fs for 0: [J@4b32ace3
calculated fs for 0: [J@4b32ace3
calculated fs for 0: [J@4b32ace3
calculated fs for 0: [J@4b32ace3
calculated fs for 0: [J@4b32ace3
calculated fs for 0: [J@4b32ace3
calculated fs for 0: [J@4b32ace3
calculated fs for 0: [J@4b32ace3
calculated fs for 0: [J@4b32ace3
calculated fs for 0: [J@4b32ace3
calculated fs for 0: [J@4b32ace3
calculated fs for 0: [J@4b32ace3
calculated fs for 0: [J@4b32ace3
calculated fs for 0: [J@4b32ace3
calculated fs for 0: [J@4b32ace3
calculated fs for 0: [J@4b32ace3
calculated fs for 0: [J@4b32ace3
calculated fs for 0: [J@4b32ace3
calculated fs for 0: [J@4b32ace3
calculated fs for 0: [J@4b32ace3
calculated fs for 0: [J@4b32ace3
calculated fs for 0: [J@4b32ace3
calculated fs for 0: [J@4b32ace3
calculated fs for 0: [J@4b32ace3
calculated fs for 0: [J@4b32ace3
calculated fs for 0: [J@4b32ace3
calculated fs for 0: [J@4b32ace3
calculated fs for 0: [J@4b32ace3
calculated fs for 0: [J@4b32ace3
calculated fs for 0: [J@4b32ace3
calculated fs for 0: [J@4b32ace3
calculated fs for 0: [J@4b32ace3
calculated fs for 0: [J@4b32ace3
calculated fs for 0: [J@4b32ace3
calculated fs for 0: [J@4b32ace3
calculated fs for 0: [J@4b32ace3
calculated fs for 0: [J@4b32ace3
calculated fs for 0: [J@4b32ace3
calculated fs for 0: [J@4b32ace3
calculated fs for 0: [J@4b32ace3
calculated fs for 0: [J@4b32ace3
calculated fs for 0: [J@4b32ace3
calculated fs for 0: [J@4b32ace3
calculated fs for 0: [J@4b32ace3
calculated fs for 0: [J@4b32ace3
calculated fs for 0: [J@4b32ace3
calculated fs for 0: [J@4b32ace3
calculated fs for 0: [J@4b32ace3
calculated fs for 0: [J@4b32ace3
calculated fs for 0: [J@4b32ace3
calculated fs for 0: [J@4b32ace3
calculated fs for 0: [J@4b32ace3
calculated fs for 0: [J@4b32ace3
calculated fs for 0: [J@4b32ace3
calculated fs for 0: [J@4b32ace3
calculated fs for 0: [J@4b32ace3
calculated fs for 0: [J@4b32ace3
calculated fs for 0: [J@4b32ace3
calculated fs for 0: [J@4b32ace3
calculated fs for 0: [J@4b32ace3
calculated fs for 0: [J@4b32ace3
calculated fs for 0: [J@4b32ace3
calculated fs for 0: [J@4b32ace3
calculated fs for 0: [J@4b32ace3
calculated fs for 0: [J@4b32ace3
calculated fs for 0: [J@4b32ace3
calculated fs for 0: [J@4b32ace3
calculated fs for 0: [J@4b32ace3
calculated fs for 0: [J@4b32ace3
calculated fs for 0: [J@4b32ace3
calculated fs for 0: [J@4b32ace3
calculated fs for 0: [J@4b32ace3
calculated fs for 0: [J@4b32ace3
calculated fs for 0: [J@4b32ace3
calculated fs for 0: [J@4b32ace3
calculated fs for 0: [J@4b32ace3
calculated fs for 0: [J@4b32ace3
calculated fs for 0: [J@4b32ace3
calculated fs for 0: [J@4b32ace3
calculated fs for 0: [J@4b32ace3
calculated fs for 0: [J@4b32ace3
calculated fs for 0: [J@4b32ace3
calculated fs for 0: [J@4b32ace3
calculated fs for 0: [J@4b32ace3
calculated fs for 0: [J@4b32ace3
calculated fs for 0: [J@4b32ace3
calculated fs for 0: [J@4b32ace3
calculated fs for 0: [J@4b32ace3
calculated fs for 0: [J@4b32ace3
calculated fs for 0: [J@4b32ace3
calculated fs for 0: [J@4b32ace3
calculated fs for 0: [J@4b32ace3
calculated fs for 0: [J@4b32ace3
calculated fs for 0: [J@4b32ace3
calculated fs for 0: [J@4b32ace3
calculated fs for 0: [J@4b32ace3
calculated fs for 0: [J@4b32ace3
calculated fs for 0: [J@4b32ace3
calculated fs for 0: [J@4b32ace3
calculated fs for 0: [J@4b32ace3
calculated fs for 0: [J@4b32ace3
calculated fs for 0: [J@4b32ace3
calculated fs for 0: [J@4b32ace3
calculated fs for 0: [J@4b32ace3
calculated fs for 0: [J@4b32ace3
calculated fs for 0: [J@4b32ace3
calculated fs for 1: [J@6bf491a6
calculated fs for 1: [J@6bf491a6
calculated fs for 1: [J@6bf491a6
calculated fs for 1: [J@6bf491a6
calculated fs for 1: [J@6bf491a6
calculated fs for 1: [J@6bf491a6
calculated fs for 1: [J@6bf491a6
calculated fs for 1: [J@6bf491a6
calculated fs for 1: [J@6bf491a6
calculated fs for 1: [J@6bf491a6
calculated fs for 1: [J@6bf491a6
calculated fs for 1: [J@6bf491a6
calculated fs for 1: [J@6bf491a6
calculated fs for 1: [J@6bf491a6
calculated fs for 1: [J@6bf491a6
calculated fs for 1: [J@6bf491a6
calculated fs for 1: [J@6bf491a6
calculated fs for 1: [J@6bf491a6
calculated fs for 1: [J@6bf491a6
calculated fs for 1: [J@6bf491a6
calculated fs for 1: [J@6bf491a6
calculated fs for 1: [J@6bf491a6
calculated fs for 1: [J@6bf491a6
calculated fs for 1: [J@6bf491a6
calculated fs for 1: [J@6bf491a6
calculated fs for 1: [J@6bf491a6
calculated fs for 1: [J@6bf491a6
calculated fs for 1: [J@6bf491a6
calculated fs for 1: [J@6bf491a6
calculated fs for 1: [J@6bf491a6
calculated fs for 1: [J@6bf491a6
calculated fs for 1: [J@6bf491a6
calculated fs for 1: [J@6bf491a6
calculated fs for 1: [J@6bf491a6
calculated fs for 1: [J@6bf491a6
calculated fs for 1: [J@6bf491a6
calculated fs for 1: [J@6bf491a6
calculated fs for 1: [J@6bf491a6
calculated fs for 1: [J@6bf491a6
calculated fs for 1: [J@6bf491a6
calculated fs for 1: [J@6bf491a6
calculated fs for 1: [J@6bf491a6
calculated fs for 1: [J@6bf491a6
calculated fs for 1: [J@6bf491a6
calculated fs for 1: [J@6bf491a6
calculated fs for 1: [J@6bf491a6
calculated fs for 1: [J@6bf491a6
calculated fs for 1: [J@6bf491a6
calculated fs for 1: [J@6bf491a6
calculated fs for 1: [J@6bf491a6
calculated fs for 1: [J@6bf491a6
calculated fs for 1: [J@6bf491a6
calculated fs for 1: [J@6bf491a6
calculated fs for 1: [J@6bf491a6
calculated fs for 1: [J@6bf491a6
calculated fs for 1: [J@6bf491a6
calculated fs for 1: [J@6bf491a6
calculated fs for 1: [J@6bf491a6
calculated fs for 1: [J@6bf491a6
calculated fs for 1: [J@6bf491a6
calculated fs for 1: [J@6bf491a6
calculated fs for 1: [J@6bf491a6
calculated fs for 1: [J@6bf491a6
calculated fs for 1: [J@6bf491a6
calculated fs for 1: [J@6bf491a6
calculated fs for 1: [J@6bf491a6
calculated fs for 1: [J@6bf491a6
calculated fs for 1: [J@6bf491a6
calculated fs for 1: [J@6bf491a6
calculated fs for 1: [J@6bf491a6
calculated fs for 1: [J@6bf491a6
calculated fs for 1: [J@6bf491a6
calculated fs for 1: [J@6bf491a6
calculated fs for 1: [J@6bf491a6
calculated fs for 1: [J@6bf491a6
calculated fs for 1: [J@6bf491a6
calculated fs for 1: [J@6bf491a6
calculated fs for 1: [J@6bf491a6
calculated fs for 1: [J@6bf491a6
calculated fs for 1: [J@6bf491a6
calculated fs for 1: [J@6bf491a6
calculated fs for 1: [J@6bf491a6
calculated fs for 1: [J@6bf491a6
calculated fs for 1: [J@6bf491a6
calculated fs for 1: [J@6bf491a6
calculated fs for 1: [J@6bf491a6
calculated fs for 1: [J@6bf491a6
calculated fs for 1: [J@6bf491a6
calculated fs for 1: [J@6bf491a6
calculated fs for 1: [J@6bf491a6
calculated fs for 1: [J@6bf491a6
calculated fs for 1: [J@6bf491a6
calculated fs for 1: [J@6bf491a6
calculated fs for 1: [J@6bf491a6
calculated fs for 1: [J@6bf491a6
calculated fs for 1: [J@6bf491a6
calculated fs for 1: [J@6bf491a6
calculated fs for 1: [J@6bf491a6
calculated fs for 1: [J@6bf491a6
calculated fs for 1: [J@6bf491a6
calculated fs for 1: [J@6bf491a6
calculated fs for 1: [J@6bf491a6
calculated fs for 1: [J@6bf491a6
calculated fs for 1: [J@6bf491a6
calculated fs for 1: [J@6bf491a6
calculated fs for 1: [J@6bf491a6
calculated fs for 1: [J@6bf491a6
calculated fs for 1: [J@6bf491a6
calculated fs for 1: [J@6bf491a6
calculated fs for 1: [J@6bf491a6
calculated fs for 1: [J@6bf491a6
calculated fs for 1: [J@6bf491a6
calculated fs for 1: [J@6bf491a6
calculated fs for 1: [J@6bf491a6
calculated fs for 1: [J@6bf491a6
calculated fs for 1: [J@6bf491a6
calculated fs for 1: [J@6bf491a6
calculated fs for 1: [J@6bf491a6
calculated fs for 1: [J@6bf491a6
calculated fs for 1: [J@6bf491a6
calculated fs for 1: [J@6bf491a6
calculated fs for 1: [J@6bf491a6
calculated fs for 1: [J@6bf491a6
calculated fs for 1: [J@6bf491a6
calculated fs for 1: [J@6bf491a6
calculated fs for 1: [J@6bf491a6
calculated fs for 1: [J@6bf491a6
calculated fs for 1: [J@6bf491a6
calculated fs for 1: [J@6bf491a6
calculated fs for 1: [J@6bf491a6
calculated fs for 1: [J@6bf491a6
calculated fs for 1: [J@6bf491a6
calculated fs for 1: [J@6bf491a6
calculated fs for 1: [J@6bf491a6
calculated fs for 1: [J@6bf491a6
calculated fs for 1: [J@6bf491a6
calculated fs for 1: [J@6bf491a6
calculated fs for 1: [J@6bf491a6
calculated fs for 1: [J@6bf491a6
calculated fs for 1: [J@6bf491a6
calculated fs for 1: [J@6bf491a6
calculated fs for 1: [J@6bf491a6
calculated fs for 1: [J@6bf491a6
calculated fs for 1: [J@6bf491a6
calculated fs for 1: [J@6bf491a6
calculated fs for 1: [J@6bf491a6
calculated fs for 1: [J@6bf491a6
calculated fs for 1: [J@6bf491a6
calculated fs for 1: [J@6bf491a6
calculated fs for 1: [J@6bf491a6
calculated fs for 1: [J@6bf491a6
calculated fs for 1: [J@6bf491a6
calculated fs for 1: [J@6bf491a6
calculated fs for 1: [J@6bf491a6
calculated fs for 1: [J@6bf491a6
calculated fs for 1: [J@6bf491a6
calculated fs for 1: [J@6bf491a6
calculated fs for 1: [J@6bf491a6
calculated fs for 1: [J@6bf491a6
calculated fs for 1: [J@6bf491a6
calculated fs for 1: [J@6bf491a6
calculated fs for 1: [J@6bf491a6
calculated fs for 1: [J@6bf491a6
calculated fs for 1: [J@6bf491a6
calculated fs for 1: [J@6bf491a6
calculated fs for 1: [J@6bf491a6
calculated fs for 1: [J@6bf491a6
calculated fs for 1: [J@6bf491a6
calculated fs for 1: [J@6bf491a6
calculated fs for 1: [J@6bf491a6
calculated fs for 1: [J@6bf491a6
calculated fs for 1: [J@6bf491a6
calculated fs for 1: [J@6bf491a6
calculated fs for 1: [J@6bf491a6
calculated fs for 1: [J@6bf491a6
calculated fs for 1: [J@6bf491a6
calculated fs for 1: [J@6bf491a6
calculated fs for 1: [J@6bf491a6
calculated fs for 1: [J@6bf491a6
calculated fs for 1: [J@6bf491a6
calculated fs for 1: [J@6bf491a6
calculated fs for 1: [J@6bf491a6
calculated fs for 1: [J@6bf491a6
calculated fs for 1: [J@6bf491a6
calculated fs for 1: [J@6bf491a6
calculated fs for 1: [J@6bf491a6
calculated fs for 1: [J@6bf491a6
calculated fs for 1: [J@6bf491a6
calculated fs for 1: [J@6bf491a6
calculated fs for 1: [J@6bf491a6
calculated fs for 1: [J@6bf491a6
calculated fs for 1: [J@6bf491a6
calculated fs for 1: [J@6bf491a6
calculated fs for 1: [J@6bf491a6
calculated fs for 1: [J@6bf491a6
calculated fs for 1: [J@6bf491a6
calculated fs for 1: [J@6bf491a6
calculated fs for 1: [J@6bf491a6
calculated fs for 1: [J@6bf491a6
calculated fs for 1: [J@6bf491a6
calculated fs for 1: [J@6bf491a6
calculated fs for 1: [J@6bf491a6
calculated fs for 1: [J@6bf491a6
calculated fs for 1: [J@6bf491a6
calculated fs for 1: [J@6bf491a6
calculated fs for 1: [J@6bf491a6
calculated fs for 1: [J@6bf491a6
calculated fs for 1: [J@6bf491a6
calculated fs for 1: [J@6bf491a6
calculated fs for 1: [J@6bf491a6
calculated fs for 1: [J@6bf491a6
calculated fs for 1: [J@6bf491a6
calculated fs for 1: [J@6bf491a6
calculated fs for 1: [J@6bf491a6
calculated fs for 1: [J@6bf491a6
calculated fs for 1: [J@6bf491a6
calculated fs for 1: [J@6bf491a6
calculated fs for 1: [J@6bf491a6
calculated fs for 1: [J@6bf491a6
calculated fs for 1: [J@6bf491a6
calculated fs for 1: [J@6bf491a6
calculated fs for 1: [J@6bf491a6
calculated fs for 1: [J@6bf491a6
calculated fs for 1: [J@6bf491a6
calculated fs for 1: [J@6bf491a6
calculated fs for 1: [J@6bf491a6
calculated fs for 1: [J@6bf491a6
calculated fs for 1: [J@6bf491a6
calculated fs for 1: [J@6bf491a6
calculated fs for 1: [J@6bf491a6
calculated fs for 1: [J@6bf491a6
calculated fs for 1: [J@6bf491a6
calculated fs for 1: [J@6bf491a6
calculated fs for 1: [J@6bf491a6
calculated fs for 1: [J@6bf491a6
calculated fs for 1: [J@6bf491a6
calculated fs for 1: [J@6bf491a6
calculated fs for 1: [J@6bf491a6
calculated fs for 1: [J@6bf491a6
calculated fs for 1: [J@6bf491a6
calculated fs for 1: [J@6bf491a6
calculated fs for 1: [J@6bf491a6
calculated fs for 1: [J@6bf491a6
calculated fs for 1: [J@6bf491a6
calculated fs for 1: [J@6bf491a6
calculated fs for 1: [J@6bf491a6
calculated fs for 1: [J@6bf491a6
calculated fs for 1: [J@6bf491a6
calculated fs for 1: [J@6bf491a6
calculated fs for 1: [J@6bf491a6
calculated fs for 1: [J@6bf491a6
calculated fs for 1: [J@6bf491a6
calculated fs for 1: [J@6bf491a6
calculated fs for 1: [J@6bf491a6
calculated fs for 1: [J@6bf491a6
calculated fs for 1: [J@6bf491a6
calculated fs for 1: [J@6bf491a6
calculated fs for 1: [J@6bf491a6
calculated fs for 1: [J@6bf491a6
calculated fs for 1: [J@6bf491a6
calculated fs for 1: [J@6bf491a6
calculated fs for 1: [J@6bf491a6
calculated fs for 1: [J@6bf491a6
calculated fs for 1: [J@6bf491a6
calculated fs for 1: [J@6bf491a6
calculated fs for 1: [J@6bf491a6
calculated fs for 1: [J@6bf491a6
calculated fs for 1: [J@6bf491a6
calculated fs for 1: [J@6bf491a6
calculated fs for 1: [J@6bf491a6
calculated fs for 1: [J@6bf491a6
calculated fs for 1: [J@6bf491a6
calculated fs for 1: [J@6bf491a6
calculated fs for 1: [J@6bf491a6
calculated fs for 1: [J@6bf491a6
calculated fs for 1: [J@6bf491a6
calculated fs for 1: [J@6bf491a6
calculated fs for 1: [J@6bf491a6
calculated fs for 1: [J@6bf491a6
calculated fs for 1: [J@6bf491a6
calculated fs for 1: [J@6bf491a6
calculated fs for 1: [J@6bf491a6
calculated fs for 1: [J@6bf491a6
calculated fs for 1: [J@6bf491a6
calculated fs for 1: [J@6bf491a6
calculated fs for 1: [J@6bf491a6
calculated fs for 1: [J@6bf491a6
calculated fs for 1: [J@6bf491a6
calculated fs for 1: [J@6bf491a6
calculated fs for 1: [J@6bf491a6
calculated fs for 1: [J@6bf491a6
calculated fs for 1: [J@6bf491a6
calculated fs for 1: [J@6bf491a6
calculated fs for 1: [J@6bf491a6
calculated fs for 1: [J@6bf491a6
calculated fs for 1: [J@6bf491a6
calculated fs for 1: [J@6bf491a6
calculated fs for 1: [J@6bf491a6
calculated fs for 1: [J@6bf491a6
calculated fs for 1: [J@6bf491a6
calculated fs for 1: [J@6bf491a6
calculated fs for 1: [J@6bf491a6
calculated fs for 1: [J@6bf491a6
calculated fs for 1: [J@6bf491a6
calculated fs for 1: [J@6bf491a6
calculated fs for 1: [J@6bf491a6
calculated fs for 1: [J@6bf491a6
calculated fs for 1: [J@6bf491a6
calculated fs for 1: [J@6bf491a6
calculated fs for 1: [J@6bf491a6
calculated fs for 1: [J@6bf491a6
calculated fs for 1: [J@6bf491a6
calculated fs for 1: [J@6bf491a6
calculated fs for 1: [J@6bf491a6
calculated fs for 1: [J@6bf491a6
calculated fs for 1: [J@6bf491a6
calculated fs for 1: [J@6bf491a6
calculated fs for 1: [J@6bf491a6
calculated fs for 1: [J@6bf491a6
calculated fs for 1: [J@6bf491a6
calculated fs for 1: [J@6bf491a6
calculated fs for 1: [J@6bf491a6
calculated fs for 1: [J@6bf491a6
calculated fs for 1: [J@6bf491a6
calculated fs for 1: [J@6bf491a6
calculated fs for 1: [J@6bf491a6
calculated fs for 1: [J@6bf491a6
calculated fs for 1: [J@6bf491a6
calculated fs for 1: [J@6bf491a6
calculated fs for 1: [J@6bf491a6
calculated fs for 1: [J@6bf491a6
calculated fs for 1: [J@6bf491a6
calculated fs for 1: [J@6bf491a6
calculated fs for 1: [J@6bf491a6
calculated fs for 1: [J@6bf491a6
calculated fs for 1: [J@6bf491a6
calculated fs for 1: [J@6bf491a6
calculated fs for 1: [J@6bf491a6
calculated fs for 1: [J@6bf491a6
calculated fs for 1: [J@6bf491a6
calculated fs for 2: [J@58660a9
calculated fs for 2: [J@58660a9
calculated fs for 2: [J@58660a9
calculated fs for 2: [J@58660a9
calculated fs for 2: [J@58660a9
calculated fs for 2: [J@58660a9
calculated fs for 2: [J@58660a9
calculated fs for 2: [J@58660a9
calculated fs for 2: [J@58660a9
calculated fs for 2: [J@58660a9
calculated fs for 2: [J@58660a9
calculated fs for 2: [J@58660a9
calculated fs for 2: [J@58660a9
calculated fs for 2: [J@58660a9
calculated fs for 2: [J@58660a9
calculated fs for 2: [J@58660a9
calculated fs for 2: [J@58660a9
calculated fs for 2: [J@58660a9
calculated fs for 2: [J@58660a9
calculated fs for 2: [J@58660a9
calculated fs for 2: [J@58660a9
calculated fs for 2: [J@58660a9
calculated fs for 2: [J@58660a9
calculated fs for 2: [J@58660a9
calculated fs for 2: [J@58660a9
calculated fs for 2: [J@58660a9
calculated fs for 2: [J@58660a9
calculated fs for 2: [J@58660a9
calculated fs for 2: [J@58660a9
calculated fs for 2: [J@58660a9
calculated fs for 2: [J@58660a9
calculated fs for 2: [J@58660a9
calculated fs for 2: [J@58660a9
calculated fs for 2: [J@58660a9
calculated fs for 2: [J@58660a9
calculated fs for 2: [J@58660a9
calculated fs for 2: [J@58660a9
calculated fs for 2: [J@58660a9
calculated fs for 2: [J@58660a9
calculated fs for 2: [J@58660a9
calculated fs for 2: [J@58660a9
calculated fs for 2: [J@58660a9
calculated fs for 2: [J@58660a9
calculated fs for 2: [J@58660a9
calculated fs for 2: [J@58660a9
calculated fs for 2: [J@58660a9
calculated fs for 2: [J@58660a9
calculated fs for 2: [J@58660a9
calculated fs for 2: [J@58660a9
calculated fs for 2: [J@58660a9
calculated fs for 2: [J@58660a9
calculated fs for 2: [J@58660a9
calculated fs for 2: [J@58660a9
calculated fs for 2: [J@58660a9
calculated fs for 2: [J@58660a9
calculated fs for 2: [J@58660a9
calculated fs for 2: [J@58660a9
calculated fs for 2: [J@58660a9
calculated fs for 2: [J@58660a9
calculated fs for 2: [J@58660a9
calculated fs for 2: [J@58660a9
calculated fs for 2: [J@58660a9
calculated fs for 2: [J@58660a9
calculated fs for 2: [J@58660a9
calculated fs for 2: [J@58660a9
calculated fs for 2: [J@58660a9
calculated fs for 2: [J@58660a9
calculated fs for 2: [J@58660a9
calculated fs for 2: [J@58660a9
calculated fs for 2: [J@58660a9
calculated fs for 2: [J@58660a9
calculated fs for 2: [J@58660a9
calculated fs for 2: [J@58660a9
calculated fs for 2: [J@58660a9
calculated fs for 2: [J@58660a9
calculated fs for 2: [J@58660a9
calculated fs for 2: [J@58660a9
calculated fs for 2: [J@58660a9
calculated fs for 2: [J@58660a9
calculated fs for 2: [J@58660a9
calculated fs for 2: [J@58660a9
calculated fs for 2: [J@58660a9
calculated fs for 2: [J@58660a9
calculated fs for 2: [J@58660a9
calculated fs for 2: [J@58660a9
calculated fs for 2: [J@58660a9
calculated fs for 2: [J@58660a9
calculated fs for 2: [J@58660a9
calculated fs for 2: [J@58660a9
calculated fs for 2: [J@58660a9
calculated fs for 2: [J@58660a9
calculated fs for 2: [J@58660a9
calculated fs for 2: [J@58660a9
calculated fs for 2: [J@58660a9
calculated fs for 2: [J@58660a9
calculated fs for 2: [J@58660a9
calculated fs for 2: [J@58660a9
calculated fs for 2: [J@58660a9
calculated fs for 2: [J@58660a9
calculated fs for 2: [J@58660a9
calculated fs for 2: [J@58660a9
calculated fs for 2: [J@58660a9
calculated fs for 2: [J@58660a9
calculated fs for 2: [J@58660a9
calculated fs for 2: [J@58660a9
calculated fs for 2: [J@58660a9
calculated fs for 2: [J@58660a9
calculated fs for 2: [J@58660a9
calculated fs for 2: [J@58660a9
calculated fs for 2: [J@58660a9
calculated fs for 2: [J@58660a9
calculated fs for 2: [J@58660a9
calculated fs for 2: [J@58660a9
calculated fs for 2: [J@58660a9
calculated fs for 2: [J@58660a9
calculated fs for 2: [J@58660a9
calculated fs for 2: [J@58660a9
calculated fs for 2: [J@58660a9
calculated fs for 2: [J@58660a9
calculated fs for 2: [J@58660a9
calculated fs for 2: [J@58660a9
calculated fs for 2: [J@58660a9
calculated fs for 2: [J@58660a9
calculated fs for 2: [J@58660a9
calculated fs for 2: [J@58660a9
calculated fs for 2: [J@58660a9
calculated fs for 2: [J@58660a9
calculated fs for 2: [J@58660a9
calculated fs for 2: [J@58660a9
calculated fs for 2: [J@58660a9
calculated fs for 2: [J@58660a9
calculated fs for 2: [J@58660a9
calculated fs for 2: [J@58660a9
calculated fs for 2: [J@58660a9
calculated fs for 2: [J@58660a9
calculated fs for 2: [J@58660a9
calculated fs for 2: [J@58660a9
calculated fs for 2: [J@58660a9
calculated fs for 2: [J@58660a9
calculated fs for 2: [J@58660a9
calculated fs for 2: [J@58660a9
calculated fs for 2: [J@58660a9
calculated fs for 2: [J@58660a9
calculated fs for 2: [J@58660a9
calculated fs for 2: [J@58660a9
calculated fs for 2: [J@58660a9
calculated fs for 2: [J@58660a9
calculated fs for 2: [J@58660a9
calculated fs for 2: [J@58660a9
calculated fs for 2: [J@58660a9
calculated fs for 2: [J@58660a9
calculated fs for 2: [J@58660a9
calculated fs for 2: [J@58660a9
calculated fs for 2: [J@58660a9
calculated fs for 2: [J@58660a9
calculated fs for 2: [J@58660a9
calculated fs for 2: [J@58660a9
calculated fs for 2: [J@58660a9
calculated fs for 2: [J@58660a9
calculated fs for 2: [J@58660a9
calculated fs for 2: [J@58660a9
calculated fs for 2: [J@58660a9
calculated fs for 2: [J@58660a9
calculated fs for 2: [J@58660a9
calculated fs for 2: [J@58660a9
calculated fs for 2: [J@58660a9
calculated fs for 2: [J@58660a9
calculated fs for 2: [J@58660a9
calculated fs for 2: [J@58660a9
calculated fs for 2: [J@58660a9
calculated fs for 2: [J@58660a9
calculated fs for 2: [J@58660a9
calculated fs for 2: [J@58660a9
calculated fs for 2: [J@58660a9
calculated fs for 2: [J@58660a9
calculated fs for 2: [J@58660a9
calculated fs for 2: [J@58660a9
calculated fs for 2: [J@58660a9
calculated fs for 2: [J@58660a9
calculated fs for 2: [J@58660a9
calculated fs for 2: [J@58660a9
calculated fs for 2: [J@58660a9
calculated fs for 2: [J@58660a9
calculated fs for 2: [J@58660a9
calculated fs for 2: [J@58660a9
calculated fs for 2: [J@58660a9
calculated fs for 2: [J@58660a9
calculated fs for 2: [J@58660a9
calculated fs for 2: [J@58660a9
calculated fs for 2: [J@58660a9
calculated fs for 2: [J@58660a9
calculated fs for 2: [J@58660a9
calculated fs for 2: [J@58660a9
calculated fs for 2: [J@58660a9
calculated fs for 2: [J@58660a9
calculated fs for 2: [J@58660a9
calculated fs for 2: [J@58660a9
calculated fs for 2: [J@58660a9
calculated fs for 2: [J@58660a9
calculated fs for 2: [J@58660a9
calculated fs for 2: [J@58660a9
calculated fs for 2: [J@58660a9
calculated fs for 2: [J@58660a9
calculated fs for 2: [J@58660a9
calculated fs for 2: [J@58660a9
calculated fs for 2: [J@58660a9
calculated fs for 2: [J@58660a9
calculated fs for 2: [J@58660a9
calculated fs for 2: [J@58660a9
calculated fs for 2: [J@58660a9
calculated fs for 2: [J@58660a9
calculated fs for 2: [J@58660a9
calculated fs for 2: [J@58660a9
calculated fs for 2: [J@58660a9
calculated fs for 2: [J@58660a9
calculated fs for 2: [J@58660a9
calculated fs for 2: [J@58660a9
calculated fs for 2: [J@58660a9
calculated fs for 2: [J@58660a9
calculated fs for 2: [J@58660a9
calculated fs for 2: [J@58660a9
calculated fs for 2: [J@58660a9
calculated fs for 2: [J@58660a9
calculated fs for 2: [J@58660a9
calculated fs for 2: [J@58660a9
calculated fs for 2: [J@58660a9
calculated fs for 2: [J@58660a9
calculated fs for 2: [J@58660a9
calculated fs for 2: [J@58660a9
calculated fs for 2: [J@58660a9
calculated fs for 2: [J@58660a9
calculated fs for 2: [J@58660a9
calculated fs for 2: [J@58660a9
calculated fs for 2: [J@58660a9
calculated fs for 2: [J@58660a9
calculated fs for 2: [J@58660a9
calculated fs for 2: [J@58660a9
calculated fs for 2: [J@58660a9
calculated fs for 2: [J@58660a9
calculated fs for 2: [J@58660a9
calculated fs for 2: [J@58660a9
calculated fs for 2: [J@58660a9
calculated fs for 2: [J@58660a9
calculated fs for 2: [J@58660a9
calculated fs for 2: [J@58660a9
calculated fs for 2: [J@58660a9
calculated fs for 2: [J@58660a9
calculated fs for 2: [J@58660a9
calculated fs for 2: [J@58660a9
calculated fs for 2: [J@58660a9
calculated fs for 2: [J@58660a9
calculated fs for 2: [J@58660a9
calculated fs for 2: [J@58660a9
calculated fs for 2: [J@58660a9
calculated fs for 2: [J@58660a9
calculated fs for 2: [J@58660a9
calculated fs for 2: [J@58660a9
calculated fs for 2: [J@58660a9
calculated fs for 2: [J@58660a9
calculated fs for 2: [J@58660a9
calculated fs for 2: [J@58660a9
calculated fs for 2: [J@58660a9
calculated fs for 2: [J@58660a9
calculated fs for 2: [J@58660a9
calculated fs for 2: [J@58660a9
calculated fs for 2: [J@58660a9
calculated fs for 2: [J@58660a9
calculated fs for 2: [J@58660a9
calculated fs for 2: [J@58660a9
calculated fs for 2: [J@58660a9
calculated fs for 2: [J@58660a9
calculated fs for 2: [J@58660a9
calculated fs for 2: [J@58660a9
calculated fs for 2: [J@58660a9
calculated fs for 2: [J@58660a9
calculated fs for 2: [J@58660a9
calculated fs for 2: [J@58660a9
calculated fs for 2: [J@58660a9
calculated fs for 2: [J@58660a9
calculated fs for 2: [J@58660a9
calculated fs for 2: [J@58660a9
calculated fs for 2: [J@58660a9
calculated fs for 2: [J@58660a9
calculated fs for 2: [J@58660a9
calculated fs for 2: [J@58660a9
calculated fs for 2: [J@58660a9
calculated fs for 2: [J@58660a9
calculated fs for 2: [J@58660a9
calculated fs for 2: [J@58660a9
calculated fs for 2: [J@58660a9
calculated fs for 2: [J@58660a9
calculated fs for 2: [J@58660a9
calculated fs for 2: [J@58660a9
calculated fs for 2: [J@58660a9
calculated fs for 2: [J@58660a9
calculated fs for 2: [J@58660a9
calculated fs for 2: [J@58660a9
calculated fs for 2: [J@58660a9
calculated fs for 2: [J@58660a9
calculated fs for 2: [J@58660a9
calculated fs for 2: [J@58660a9
calculated fs for 2: [J@58660a9
calculated fs for 2: [J@58660a9
calculated fs for 2: [J@58660a9
calculated fs for 2: [J@58660a9
calculated fs for 2: [J@58660a9
calculated fs for 2: [J@58660a9
calculated fs for 2: [J@58660a9
calculated fs for 2: [J@58660a9
calculated fs for 2: [J@58660a9
calculated fs for 2: [J@58660a9
calculated fs for 2: [J@58660a9
calculated fs for 2: [J@58660a9
calculated fs for 2: [J@58660a9
calculated fs for 2: [J@58660a9
calculated fs for 2: [J@58660a9
calculated fs for 2: [J@58660a9
calculated fs for 2: [J@58660a9
calculated fs for 2: [J@58660a9
calculated fs for 2: [J@58660a9
calculated fs for 2: [J@58660a9
calculated fs for 2: [J@58660a9
calculated fs for 2: [J@58660a9
calculated fs for 2: [J@58660a9
calculated fs for 2: [J@58660a9
calculated fs for 2: [J@58660a9
calculated fs for 2: [J@58660a9
calculated fs for 2: [J@58660a9
calculated fs for 2: [J@58660a9
calculated fs for 2: [J@58660a9
calculated fs for 2: [J@58660a9
calculated fs for 2: [J@58660a9
calculated fs for 2: [J@58660a9
calculated fs for 2: [J@58660a9
calculated fs for 2: [J@58660a9
calculated fs for 2: [J@58660a9
calculated fs for 2: [J@58660a9
calculated fs for 2: [J@58660a9
calculated fs for 2: [J@58660a9
calculated fs for 2: [J@58660a9
calculated nfs for 0: [J@3933fa14
calculated nfs for 0: [J@3933fa14
calculated nfs for 1: [J@3675463
calculated nfs for 1: [J@3675463
calculated nfs for 2: [J@74d53153
calculated nfs for 2: [J@74d53153
calculated iMatrix for 11, 0, 0, 0: -0.049895077135560184
calculated iMatrix for 11, 0, 0, 1: -0.2219191087837817
calculated iMatrix for 11, 0, 0, 2: 0.04402297703159325
calculated iMatrix for 11, 0, 0, 3: -0.1791205742826166
calculated iMatrix for 11, 0, 0, 4: 0.16310894446839275
calculated iMatrix for 11, 0, 0, 5: 0.15415380143469676
calculated iMatrix for 11, 0, 0, 6: 0.41026737198647645
calculated iMatrix for 11, 0, 0, 7: -0.2385439947534173
calculated iMatrix for 11, 0, 0, 8: -0.041850650952736435
calculated iMatrix for 11, 0, 0, 9: 0.2015645048270609
calculated iMatrix for 11, 0, 0, 10: 0.022574433624109658
calculated iMatrix for 11, 0, 0, 11: 0.32759826753072074
calculated iMatrix for 11, 0, 0, 12: -0.1413802462997695
calculated iMatrix for 11, 0, 0, 13: -0.06665670010383296
calculated iMatrix for 11, 0, 0, 14: -0.04926495739196374
calculated iMatrix for 11, 0, 0, 15: -0.35355476624340526
calculated iMatrix for 11, 0, 0, 16: -0.03339160823567372
calculated iMatrix for 11, 0, 0, 17: 0.1004554380265929
calculated iMatrix for 11, 0, 0, 18: 0.12828332064933312
calculated iMatrix for 11, 0, 0, 19: 0.01760136079715441
calculated iMatrix for 11, 0, 1, 0: -0.10373790469689403
calculated iMatrix for 11, 0, 1, 1: 0.5791659084482903
calculated iMatrix for 11, 0, 1, 2: -0.276744820005953
calculated iMatrix for 11, 0, 1, 3: -0.05341147335381241
calculated iMatrix for 11, 0, 1, 4: 0.1511918114462033
calculated iMatrix for 11, 0, 1, 5: -0.11971874951859005
calculated iMatrix for 11, 0, 1, 6: 0.1376437634088969
calculated iMatrix for 11, 0, 1, 7: 0.22939930382050489
calculated iMatrix for 11, 0, 1, 8: -0.07500517735489676
calculated iMatrix for 11, 0, 1, 9: 0.2345779792989564
calculated iMatrix for 11, 0, 1, 10: 0.47262961370145207
calculated iMatrix for 11, 0, 1, 11: -0.06233703895931658
calculated iMatrix for 11, 0, 1, 12: -0.025208814537727553
calculated iMatrix for 11, 0, 1, 13: -0.2823165869308698
calculated iMatrix for 11, 0, 1, 14: -0.05900924886664194
calculated iMatrix for 11, 0, 1, 15: -0.13977896493279568
calculated iMatrix for 11, 0, 1, 16: -0.06362499673383198
calculated iMatrix for 11, 0, 1, 17: 0.06126478346609926
calculated iMatrix for 11, 0, 1, 18: 0.2988278102522678
calculated iMatrix for 11, 0, 1, 19: 0.12098401816772164
calculated iMatrix for 11, 0, 2, 0: -0.08850991326333985
calculated iMatrix for 11, 0, 2, 1: 0.05766575343537972
calculated iMatrix for 11, 0, 2, 2: -0.11398127211165499
calculated iMatrix for 11, 0, 2, 3: 0.07753496890491912
calculated iMatrix for 11, 0, 2, 4: 0.15727085752258546
calculated iMatrix for 11, 0, 2, 5: -0.11890739044771087
calculated iMatrix for 11, 0, 2, 6: -0.3691641771704814
calculated iMatrix for 11, 0, 2, 7: 0.23591398484169857
calculated iMatrix for 11, 0, 2, 8: 0.27750788214053557
calculated iMatrix for 11, 0, 2, 9: 0.006800266540984978
calculated iMatrix for 11, 0, 2, 10: 8.527400017310782E-5
calculated iMatrix for 11, 0, 2, 11: -0.105699651279933
calculated iMatrix for 11, 0, 2, 12: 0.0172247838768691
calculated iMatrix for 11, 0, 2, 13: -0.20591876743734064
calculated iMatrix for 11, 0, 2, 14: -0.04799592168865885
calculated iMatrix for 11, 0, 2, 15: -0.18774616685769516
calculated iMatrix for 11, 0, 2, 16: -0.06715997137766627
calculated iMatrix for 11, 0, 2, 17: 0.1341312905317562
calculated iMatrix for 11, 0, 2, 18: 0.5636013919071786
calculated iMatrix for 11, 0, 2, 19: 0.001720597340903851
calculated iMatrix for 11, 0, 3, 0: -0.22485596845709144
calculated iMatrix for 11, 0, 3, 1: 0.4300699992826561
calculated iMatrix for 11, 0, 3, 2: -0.3038991757975444
calculated iMatrix for 11, 0, 3, 3: 0.0987128633282135
calculated iMatrix for 11, 0, 3, 4: 0.05850644285017298
calculated iMatrix for 11, 0, 3, 5: -0.06268797772410445
calculated iMatrix for 11, 0, 3, 6: -0.11114036111005121
calculated iMatrix for 11, 0, 3, 7: -0.00920847319128637
calculated iMatrix for 11, 0, 3, 8: 0.08176330501444029
calculated iMatrix for 11, 0, 3, 9: -0.058492586494001686
calculated iMatrix for 11, 0, 3, 10: 0.6106074342831093
calculated iMatrix for 11, 0, 3, 11: -0.06698195624591002
calculated iMatrix for 11, 0, 3, 12: 0.06406372791503934
calculated iMatrix for 11, 0, 3, 13: -0.22988304787606917
calculated iMatrix for 11, 0, 3, 14: -0.1255248745099754
calculated iMatrix for 11, 0, 3, 15: 0.22589720659822732
calculated iMatrix for 11, 0, 3, 16: -0.22747377099917032
calculated iMatrix for 11, 0, 3, 17: 0.3496427501700414
calculated iMatrix for 11, 0, 3, 18: 0.499498505714419
calculated iMatrix for 11, 0, 3, 19: -0.04411694087456258
calculated iMatrix for 11, 0, 4, 0: 0.0127704335274888
calculated iMatrix for 11, 0, 4, 1: 0.4540027654942842
calculated iMatrix for 11, 0, 4, 2: -0.10420124305801548
calculated iMatrix for 11, 0, 4, 3: -0.39007687203859664
calculated iMatrix for 11, 0, 4, 4: 0.3036939999034408
calculated iMatrix for 11, 0, 4, 5: -0.04859851284880329
calculated iMatrix for 11, 0, 4, 6: -0.10055825177951433
calculated iMatrix for 11, 0, 4, 7: -0.09631196089806329
calculated iMatrix for 11, 0, 4, 8: 0.2656485837845777
calculated iMatrix for 11, 0, 4, 9: 0.3496427501700414
calculated iMatrix for 11, 0, 4, 10: -0.4813307472973073
calculated iMatrix for 11, 0, 4, 11: 0.03163891783187167
calculated iMatrix for 11, 0, 4, 12: 0.21991364349525755
calculated iMatrix for 11, 0, 4, 13: -0.5322465549867812
calculated iMatrix for 11, 0, 4, 14: -0.0971741537952738
calculated iMatrix for 11, 0, 4, 15: 0.1477212728062377
calculated iMatrix for 11, 0, 4, 16: -0.2603321891611349
calculated iMatrix for 11, 0, 4, 17: 0.11484902960020571
calculated iMatrix for 11, 0, 4, 18: 0.04402297703159325
calculated iMatrix for 11, 0, 4, 19: 0.14630182615201154
calculated iMatrix for 11, 0, 5, 0: -0.2533853046762644
calculated iMatrix for 11, 0, 5, 1: -0.018320153542542184
calculated iMatrix for 11, 0, 5, 2: 0.031848913632727294
calculated iMatrix for 11, 0, 5, 3: -0.1050126021288946
calculated iMatrix for 11, 0, 5, 4: 0.3163355521522728
calculated iMatrix for 11, 0, 5, 5: 0.13475583515495065
calculated iMatrix for 11, 0, 5, 6: -0.04411694087456258
calculated iMatrix for 11, 0, 5, 7: -0.1958684315838391
calculated iMatrix for 11, 0, 5, 8: -0.0041791247862844605
calculated iMatrix for 11, 0, 5, 9: 0.11262129337434557
calculated iMatrix for 11, 0, 5, 10: 0.19424128844113053
calculated iMatrix for 11, 0, 5, 11: -0.17606580428765942
calculated iMatrix for 11, 0, 5, 12: 0.38924800476240096
calculated iMatrix for 11, 0, 5, 13: -0.2097575437445064
calculated iMatrix for 11, 0, 5, 14: 0.21686578987100413
calculated iMatrix for 11, 0, 5, 15: 0.15050645743404328
calculated iMatrix for 11, 0, 5, 16: -0.30615749344281457
calculated iMatrix for 11, 0, 5, 17: 0.09813028247864564
calculated iMatrix for 11, 0, 5, 18: -0.2909119802707331
calculated iMatrix for 11, 0, 5, 19: 0.10374221173321557
calculated iMatrix for 11, 0, 6, 0: -0.10788429187158721
calculated iMatrix for 11, 0, 6, 1: 0.26936191890923866
calculated iMatrix for 11, 0, 6, 2: 0.538863529424268
calculated iMatrix for 11, 0, 6, 3: 0.14291772816777087
calculated iMatrix for 11, 0, 6, 4: -0.06727227414604753
calculated iMatrix for 11, 0, 6, 5: 0.2968746846313859
calculated iMatrix for 11, 0, 6, 6: 0.38924800476240096
calculated iMatrix for 11, 0, 6, 7: -0.3409436095282302
calculated iMatrix for 11, 0, 6, 8: 0.09829260696565079
calculated iMatrix for 11, 0, 6, 9: -0.515296996673008
calculated iMatrix for 11, 0, 6, 10: -0.5939921328336357
calculated iMatrix for 11, 0, 6, 11: 0.08176330501444029
calculated iMatrix for 11, 0, 6, 12: 0.4647555572705462
calculated iMatrix for 11, 0, 6, 13: -0.01469696117312197
calculated iMatrix for 11, 0, 6, 14: -0.04549847459648698
calculated iMatrix for 11, 0, 6, 15: 0.21038068283653377
calculated iMatrix for 11, 0, 6, 16: 0.17995533119365403
calculated iMatrix for 11, 0, 6, 17: -0.05595394554276034
calculated iMatrix for 11, 0, 6, 18: -0.5673238857514745
calculated iMatrix for 11, 0, 6, 19: -0.23793498133629898
calculated iMatrix for 11, 0, 7, 0: -0.21834128743589776
calculated iMatrix for 11, 0, 7, 1: -0.9596905698137208
calculated iMatrix for 11, 0, 7, 2: 0.5146273873107191
calculated iMatrix for 11, 0, 7, 3: -0.051768087610082336
calculated iMatrix for 11, 0, 7, 4: -0.349019611078014
calculated iMatrix for 11, 0, 7, 5: 0.6395691377046235
calculated iMatrix for 11, 0, 7, 6: 0.17707348481876506
calculated iMatrix for 11, 0, 7, 7: -0.5715379669983053
calculated iMatrix for 11, 0, 7, 8: -0.0032299078189523267
calculated iMatrix for 11, 0, 7, 9: -0.29348802449722744
calculated iMatrix for 11, 0, 7, 10: -0.2710580696083022
calculated iMatrix for 11, 0, 7, 11: 0.7680845205039858
calculated iMatrix for 11, 0, 7, 12: 0.9729803993364793
calculated iMatrix for 11, 0, 7, 13: 0.1116162681641214
calculated iMatrix for 11, 0, 7, 14: -0.03218095433477758
calculated iMatrix for 11, 0, 7, 15: 0.22284190327434583
calculated iMatrix for 11, 0, 7, 16: 0.2953374053124994
calculated iMatrix for 11, 0, 7, 17: -0.4679514119382709
calculated iMatrix for 11, 0, 7, 18: -0.4778524829209825
calculated iMatrix for 11, 0, 7, 19: -0.4798625338490066
calculated iMatrix for 11, 0, 8, 0: NaN
calculated iMatrix for 11, 0, 8, 1: NaN
calculated iMatrix for 11, 0, 8, 2: NaN
calculated iMatrix for 11, 0, 8, 3: NaN
calculated iMatrix for 11, 0, 8, 4: NaN
calculated iMatrix for 11, 0, 8, 5: NaN
calculated iMatrix for 11, 0, 8, 6: NaN
calculated iMatrix for 11, 0, 8, 7: NaN
calculated iMatrix for 11, 0, 8, 8: NaN
calculated iMatrix for 11, 0, 8, 9: NaN
calculated iMatrix for 11, 0, 8, 10: NaN
calculated iMatrix for 11, 0, 8, 11: -3.188818422443229E-4
calculated iMatrix for 11, 0, 8, 12: NaN
calculated iMatrix for 11, 0, 8, 13: NaN
calculated iMatrix for 11, 0, 8, 14: NaN
calculated iMatrix for 11, 0, 8, 15: NaN
calculated iMatrix for 11, 0, 8, 16: NaN
calculated iMatrix for 11, 0, 8, 17: NaN
calculated iMatrix for 11, 0, 8, 18: NaN
calculated iMatrix for 11, 0, 8, 19: NaN
calculated iMatrix for 11, 0, 9, 0: -0.537006905407646
calculated iMatrix for 11, 0, 9, 1: -0.19017041046920152
calculated iMatrix for 11, 0, 9, 2: 0.5997063965492949
calculated iMatrix for 11, 0, 9, 3: -0.22157230801734434
calculated iMatrix for 11, 0, 9, 4: -0.29738449477635076
calculated iMatrix for 11, 0, 9, 5: 0.7879825671417383
calculated iMatrix for 11, 0, 9, 6: -0.24365909542018774
calculated iMatrix for 11, 0, 9, 7: -0.5313411678719686
calculated iMatrix for 11, 0, 9, 8: 0.08176330501444029
calculated iMatrix for 11, 0, 9, 9: -0.5632513897950437
calculated iMatrix for 11, 0, 9, 10: -0.5407663083315516
calculated iMatrix for 11, 0, 9, 11: 0.2942219562286337
calculated iMatrix for 11, 0, 9, 12: 2.409666205992776
calculated iMatrix for 11, 0, 9, 13: -0.13334807460250517
calculated iMatrix for 11, 0, 9, 14: -0.11784974888957528
calculated iMatrix for 11, 0, 9, 15: 0.15704636543498873
calculated iMatrix for 11, 0, 9, 16: 0.14486401138238392
calculated iMatrix for 11, 0, 9, 17: -0.3521397384142576
calculated iMatrix for 11, 0, 9, 18: 0.0127704335274888
calculated iMatrix for 11, 0, 9, 19: -0.28448108994044274
calculated iMatrix for 11, 0, 10, 0: -0.38782633126326277
calculated iMatrix for 11, 0, 10, 1: -0.05341147335381241
calculated iMatrix for 11, 0, 10, 2: 0.731660501780569
calculated iMatrix for 11, 0, 10, 3: 0.39335089831977565
calculated iMatrix for 11, 0, 10, 4: -0.0971741537952738
calculated iMatrix for 11, 0, 10, 5: 0.14865753984447055
calculated iMatrix for 11, 0, 10, 6: -0.26307718127728924
calculated iMatrix for 11, 0, 10, 7: -0.4817060522369724
calculated iMatrix for 11, 0, 10, 8: 0.28831983265385275
calculated iMatrix for 11, 0, 10, 9: -0.6054137085590012
calculated iMatrix for 11, 0, 10, 10: -0.5243724985558752
calculated iMatrix for 11, 0, 10, 11: -0.12795722596762876
calculated iMatrix for 11, 0, 10, 12: 0.8193622481452193
calculated iMatrix for 11, 0, 10, 13: 0.06196067771826064
calculated iMatrix for 11, 0, 10, 14: 0.25765397147810454
calculated iMatrix for 11, 0, 10, 15: 0.5693706386784237
calculated iMatrix for 11, 0, 10, 16: 0.3558397254104426
calculated iMatrix for 11, 0, 10, 17: -0.2841709643370889
calculated iMatrix for 11, 0, 10, 18: -0.7937054323394597
calculated iMatrix for 11, 0, 10, 19: -0.37249196726315614
calculated iMatrix for 11, 0, 11, 0: -0.24754044212816015
calculated iMatrix for 11, 0, 11, 1: -0.5468453544079338
calculated iMatrix for 11, 0, 11, 2: 0.10118139087154182
calculated iMatrix for 11, 0, 11, 3: 0.12828332064933312
calculated iMatrix for 11, 0, 11, 4: -0.11239270942651713
calculated iMatrix for 11, 0, 11, 5: 0.09544340891852049
calculated iMatrix for 11, 0, 11, 6: 0.1802033778276928
calculated iMatrix for 11, 0, 11, 7: -0.15664771843055786
calculated iMatrix for 11, 0, 11, 8: -0.3521397384142576
calculated iMatrix for 11, 0, 11, 9: -0.07552217361818941
calculated iMatrix for 11, 0, 11, 10: 0.02911957152901834
calculated iMatrix for 11, 0, 11, 11: -0.22051756685849327
calculated iMatrix for 11, 0, 11, 12: 0.993599686539215
calculated iMatrix for 11, 0, 11, 13: -0.012265644633836004
calculated iMatrix for 11, 0, 11, 14: -0.3237018030937241
calculated iMatrix for 11, 0, 11, 15: 0.10505886761796229
calculated iMatrix for 11, 0, 11, 16: 0.3241301812541787
calculated iMatrix for 11, 0, 11, 17: 0.08176330501444029
calculated iMatrix for 11, 0, 11, 18: 0.2152946976389628
calculated iMatrix for 11, 0, 11, 19: 0.1317737255891016
calculated iMatrix for 11, 0, 12, 0: -0.15098910540640617
calculated iMatrix for 11, 0, 12, 1: 0.39542086386948194
calculated iMatrix for 11, 0, 12, 2: 0.1447762728431744
calculated iMatrix for 11, 0, 12, 3: -0.286660531413375
calculated iMatrix for 11, 0, 12, 4: 0.23157558324310046
calculated iMatrix for 11, 0, 12, 5: -0.10226911618314377
calculated iMatrix for 11, 0, 12, 6: 0.5701160729283724
calculated iMatrix for 11, 0, 12, 7: 0.3263617913299095
calculated iMatrix for 11, 0, 12, 8: -0.2811421886749282
calculated iMatrix for 11, 0, 12, 9: 0.16877468200407014
calculated iMatrix for 11, 0, 12, 10: -0.1074786946240881
calculated iMatrix for 11, 0, 12, 11: -0.4880048543850004
calculated iMatrix for 11, 0, 12, 12: 0.27158958746246264
calculated iMatrix for 11, 0, 12, 13: -0.3741326567206161
calculated iMatrix for 11, 0, 12, 14: -0.11530053351671776
calculated iMatrix for 11, 0, 12, 15: -0.10464823703103943
calculated iMatrix for 11, 0, 12, 16: 0.07095238891022465
calculated iMatrix for 11, 0, 12, 17: 0.19355471100255706
calculated iMatrix for 11, 0, 12, 18: -0.1413802462997695
calculated iMatrix for 11, 0, 12, 19: 0.04141200949087287
calculated iMatrix for 11, 0, 13, 0: -0.1426064880230138
calculated iMatrix for 11, 0, 13, 1: -0.21834128743589776
calculated iMatrix for 11, 0, 13, 2: -0.07480575567709971
calculated iMatrix for 11, 0, 13, 3: 0.10374221173321557
calculated iMatrix for 11, 0, 13, 4: 0.20981523187433726
calculated iMatrix for 11, 0, 13, 5: -0.11606243831547955
calculated iMatrix for 11, 0, 13, 6: 0.14166144659550922
calculated iMatrix for 11, 0, 13, 7: 0.21309930707552727
calculated iMatrix for 11, 0, 13, 8: -0.18623081246512121
calculated iMatrix for 11, 0, 13, 9: -0.2524742938053563
calculated iMatrix for 11, 0, 13, 10: 0.12828332064933312
calculated iMatrix for 11, 0, 13, 11: -0.16630962934229482
calculated iMatrix for 11, 0, 13, 12: 0.12701989660256113
calculated iMatrix for 11, 0, 13, 13: 0.2988278102522678
calculated iMatrix for 11, 0, 13, 14: -0.007848853675246847
calculated iMatrix for 11, 0, 13, 15: 0.01988790129635276
calculated iMatrix for 11, 0, 13, 16: 0.13055346918387228
calculated iMatrix for 11, 0, 13, 17: 0.016458206606673575
calculated iMatrix for 11, 0, 13, 18: 0.2741351976618963
calculated iMatrix for 11, 0, 13, 19: 0.17940177457835627
calculated iMatrix for 11, 0, 14, 0: -0.14476434428400992
calculated iMatrix for 11, 0, 14, 1: -0.06419060760863948
calculated iMatrix for 11, 0, 14, 2: 0.09027399468234892
calculated iMatrix for 11, 0, 14, 3: 0.22212066270936281
calculated iMatrix for 11, 0, 14, 4: -0.021420931220790418
calculated iMatrix for 11, 0, 14, 5: -0.10407319388695874
calculated iMatrix for 11, 0, 14, 6: -0.14934841594894635
calculated iMatrix for 11, 0, 14, 7: 0.014411122984948788
calculated iMatrix for 11, 0, 14, 8: -0.23584044730238984
calculated iMatrix for 11, 0, 14, 9: -0.19097718743914163
calculated iMatrix for 11, 0, 14, 10: -0.04607006649544454
calculated iMatrix for 11, 0, 14, 11: -0.14545357168740533
calculated iMatrix for 11, 0, 14, 12: 0.18712382067226663
calculated iMatrix for 11, 0, 14, 13: 0.24881738967760647
calculated iMatrix for 11, 0, 14, 14: 0.00807558922328111
calculated iMatrix for 11, 0, 14, 15: 0.3825174590335739
calculated iMatrix for 11, 0, 14, 16: 0.0127704335274888
calculated iMatrix for 11, 0, 14, 17: 0.2161113575455188
calculated iMatrix for 11, 0, 14, 18: -0.35110077728183847
calculated iMatrix for 11, 0, 14, 19: -0.04012651259459665
calculated iMatrix for 11, 0, 15, 0: -0.15025792033178684
calculated iMatrix for 11, 0, 15, 1: -0.013546874789884644
calculated iMatrix for 11, 0, 15, 2: 0.07449054568536045
calculated iMatrix for 11, 0, 15, 3: -0.024458908240867216
calculated iMatrix for 11, 0, 15, 4: 0.09802382588622055
calculated iMatrix for 11, 0, 15, 5: 0.07895825408683166
calculated iMatrix for 11, 0, 15, 6: -0.0021181789662617634
calculated iMatrix for 11, 0, 15, 7: 0.12098401816772164
calculated iMatrix for 11, 0, 15, 8: -0.4206940690810338
calculated iMatrix for 11, 0, 15, 9: -0.07829145100376281
calculated iMatrix for 11, 0, 15, 10: 0.24684305537388884
calculated iMatrix for 11, 0, 15, 11: -0.10315903347957173
calculated iMatrix for 11, 0, 15, 12: 0.23129503898540404
calculated iMatrix for 11, 0, 15, 13: 0.202391292803055
calculated iMatrix for 11, 0, 15, 14: -0.16335915301854462
calculated iMatrix for 11, 0, 15, 15: -0.10828029787342461
calculated iMatrix for 11, 0, 15, 16: 0.25437604768143396
calculated iMatrix for 11, 0, 15, 17: 0.028059126042579263
calculated iMatrix for 11, 0, 15, 18: 0.18712382067226663
calculated iMatrix for 11, 0, 15, 19: 0.0985704233308215
calculated iMatrix for 11, 0, 16, 0: 0.07077418343884506
calculated iMatrix for 11, 0, 16, 1: 0.49727874897610624
calculated iMatrix for 11, 0, 16, 2: -0.28523552226592797
calculated iMatrix for 11, 0, 16, 3: 0.06869122344708756
calculated iMatrix for 11, 0, 16, 4: 0.13958287590326646
calculated iMatrix for 11, 0, 16, 5: -0.07413868874555307
calculated iMatrix for 11, 0, 16, 6: 0.35075324445406875
calculated iMatrix for 11, 0, 16, 7: 0.15277434065762896
calculated iMatrix for 11, 0, 16, 8: -0.22316057387184662
calculated iMatrix for 11, 0, 16, 9: 0.05785778416088594
calculated iMatrix for 11, 0, 16, 10: -0.018320153542542184
calculated iMatrix for 11, 0, 16, 11: 0.018788505853051807
calculated iMatrix for 11, 0, 16, 12: -0.1413802462997695
calculated iMatrix for 11, 0, 16, 13: -0.11077980585105238
calculated iMatrix for 11, 0, 16, 14: 0.02715917097958853
calculated iMatrix for 11, 0, 16, 15: -0.06500726751519542
calculated iMatrix for 11, 0, 16, 16: -0.022809498905136782
calculated iMatrix for 11, 0, 16, 17: -0.15603740409974293
calculated iMatrix for 11, 0, 16, 18: 0.5412956343928804
calculated iMatrix for 11, 0, 16, 19: 0.24684305537388884
calculated iMatrix for 11, 1, 0, 0: -0.2974558490349821
calculated iMatrix for 11, 1, 0, 1: 0.05575856872930429
calculated iMatrix for 11, 1, 0, 2: -0.15473386503134656
calculated iMatrix for 11, 1, 0, 3: 0.11079400049961485
calculated iMatrix for 11, 1, 0, 4: -0.13898550806320764
calculated iMatrix for 11, 1, 0, 5: 0.022368775886816072
calculated iMatrix for 11, 1, 0, 6: -0.20660569573818677
calculated iMatrix for 11, 1, 0, 7: 0.14829839595806926
calculated iMatrix for 11, 1, 0, 8: 0.2542095074531425
calculated iMatrix for 11, 1, 0, 9: -0.17535315223408254
calculated iMatrix for 11, 1, 0, 10: -0.14309229001586088
calculated iMatrix for 11, 1, 0, 11: -0.04100509970300381
calculated iMatrix for 11, 1, 0, 12: 0.030853889549228963
calculated iMatrix for 11, 1, 0, 13: 0.15206924886721263
calculated iMatrix for 11, 1, 0, 14: -0.07526969367710001
calculated iMatrix for 11, 1, 0, 15: 0.298084939460288
calculated iMatrix for 11, 1, 0, 16: -0.08574099354439535
calculated iMatrix for 11, 1, 0, 17: 0.14310057888445216
calculated iMatrix for 11, 1, 0, 18: -0.1336804558335145
calculated iMatrix for 11, 1, 0, 19: -0.1593528108876412
calculated iMatrix for 11, 1, 1, 0: -0.3248848862050462
calculated iMatrix for 11, 1, 1, 1: -0.09019534389377548
calculated iMatrix for 11, 1, 1, 2: -0.20245508201187357
calculated iMatrix for 11, 1, 1, 3: -0.489010711089124
calculated iMatrix for 11, 1, 1, 4: -0.2190282157367438
calculated iMatrix for 11, 1, 1, 5: 0.30017951849079894
calculated iMatrix for 11, 1, 1, 6: -0.10124518008036043
calculated iMatrix for 11, 1, 1, 7: -0.21873344786430748
calculated iMatrix for 11, 1, 1, 8: 0.18566019330324823
calculated iMatrix for 11, 1, 1, 9: -0.1071449022075488
calculated iMatrix for 11, 1, 1, 10: -0.20660569573818677
calculated iMatrix for 11, 1, 1, 11: 0.011373698027788537
calculated iMatrix for 11, 1, 1, 12: 0.5531611721631542
calculated iMatrix for 11, 1, 1, 13: 0.15282028157243555
calculated iMatrix for 11, 1, 1, 14: -0.005935000276035662
calculated iMatrix for 11, 1, 1, 15: 0.05804689924731643
calculated iMatrix for 11, 1, 1, 16: 0.29001009745515094
calculated iMatrix for 11, 1, 1, 17: -0.008932379815009606
calculated iMatrix for 11, 1, 1, 18: 0.10285017626315485
calculated iMatrix for 11, 1, 1, 19: -0.2487806207888994
calculated iMatrix for 11, 1, 2, 0: -0.12656298806465038
calculated iMatrix for 11, 1, 2, 1: 0.5728538055088903
calculated iMatrix for 11, 1, 2, 2: -0.13613243908080097
calculated iMatrix for 11, 1, 2, 3: -0.15806165512402126
calculated iMatrix for 11, 1, 2, 4: -0.24116637080365422
calculated iMatrix for 11, 1, 2, 5: 0.25605197688269765
calculated iMatrix for 11, 1, 2, 6: 0.26647960004495674
calculated iMatrix for 11, 1, 2, 7: -0.2717449979091482
calculated iMatrix for 11, 1, 2, 8: 0.16684975909611555
calculated iMatrix for 11, 1, 2, 9: -0.20352402920077872
calculated iMatrix for 11, 1, 2, 10: -0.4404609026473243
calculated iMatrix for 11, 1, 2, 11: 0.27344826936105027
calculated iMatrix for 11, 1, 2, 12: 0.12962041732775953
calculated iMatrix for 11, 1, 2, 13: 0.23011195587408184
calculated iMatrix for 11, 1, 2, 14: 0.41816418737702166
calculated iMatrix for 11, 1, 2, 15: -0.08051904956324352
calculated iMatrix for 11, 1, 2, 16: 0.053598740675874224
calculated iMatrix for 11, 1, 2, 17: -0.030958647352188784
calculated iMatrix for 11, 1, 2, 18: -1.0626563472349853
calculated iMatrix for 11, 1, 2, 19: -0.2590521711107292
calculated iMatrix for 11, 1, 3, 0: -0.16131783411769884
calculated iMatrix for 11, 1, 3, 1: -1.4074968335267148
calculated iMatrix for 11, 1, 3, 2: 0.27552943556487475
calculated iMatrix for 11, 1, 3, 3: -0.2046807673286024
calculated iMatrix for 11, 1, 3, 4: 0.11855946996833477
calculated iMatrix for 11, 1, 3, 5: 0.2239199856261609
calculated iMatrix for 11, 1, 3, 6: 0.3090392144637528
calculated iMatrix for 11, 1, 3, 7: -0.10389418825193752
calculated iMatrix for 11, 1, 3, 8: 0.03595594143312453
calculated iMatrix for 11, 1, 3, 9: -0.08648476449723996
calculated iMatrix for 11, 1, 3, 10: -0.14636561536083015
calculated iMatrix for 11, 1, 3, 11: -0.015010502158902872
calculated iMatrix for 11, 1, 3, 12: 0.13536658828471593
calculated iMatrix for 11, 1, 3, 13: 0.1422506000827477
calculated iMatrix for 11, 1, 3, 14: 0.021357142011971808
calculated iMatrix for 11, 1, 3, 15: -0.15125560065502186
calculated iMatrix for 11, 1, 3, 16: 0.36613525110878364
calculated iMatrix for 11, 1, 3, 17: -0.10890805282592964
calculated iMatrix for 11, 1, 3, 18: -1.1561824052458087
calculated iMatrix for 11, 1, 3, 19: -0.05399229522981508
calculated iMatrix for 11, 1, 4, 0: -0.12200717152878982
calculated iMatrix for 11, 1, 4, 1: 0.021357142011971808
calculated iMatrix for 11, 1, 4, 2: -0.13434512850670544
calculated iMatrix for 11, 1, 4, 3: -0.33039075007956864
calculated iMatrix for 11, 1, 4, 4: 0.09908369346767776
calculated iMatrix for 11, 1, 4, 5: 0.34789499153046544
calculated iMatrix for 11, 1, 4, 6: 0.20492170704552337
calculated iMatrix for 11, 1, 4, 7: -0.07163332603371586
calculated iMatrix for 11, 1, 4, 8: -0.21617514675433758
calculated iMatrix for 11, 1, 4, 9: -0.2613436000896052
calculated iMatrix for 11, 1, 4, 10: 0.32710422186139176
calculated iMatrix for 11, 1, 4, 11: -0.21357436505428007
calculated iMatrix for 11, 1, 4, 12: 0.278902120043514
calculated iMatrix for 11, 1, 4, 13: -0.190278802450758
calculated iMatrix for 11, 1, 4, 14: -0.14981985022891764
calculated iMatrix for 11, 1, 4, 15: -0.12155044624110611
calculated iMatrix for 11, 1, 4, 16: 0.1337201101990162
calculated iMatrix for 11, 1, 4, 17: 0.370718410593583
calculated iMatrix for 11, 1, 4, 18: 0.16111908438713063
calculated iMatrix for 11, 1, 4, 19: -0.16738498258490564
calculated iMatrix for 11, 1, 5, 0: -0.06666484648358129
calculated iMatrix for 11, 1, 5, 1: -0.07526969367710001
calculated iMatrix for 11, 1, 5, 2: -0.40625870888378124
calculated iMatrix for 11, 1, 5, 3: -0.33135740071066344
calculated iMatrix for 11, 1, 5, 4: -0.2889503299577876
calculated iMatrix for 11, 1, 5, 5: 0.037505128419953904
calculated iMatrix for 11, 1, 5, 6: -0.30888454485860484
calculated iMatrix for 11, 1, 5, 7: 0.487446871936571
calculated iMatrix for 11, 1, 5, 8: 0.1729535420341335
calculated iMatrix for 11, 1, 5, 9: 0.04382999786403041
calculated iMatrix for 11, 1, 5, 10: -1.4074968335267148
calculated iMatrix for 11, 1, 5, 11: 0.056448461823241924
calculated iMatrix for 11, 1, 5, 12: 0.19237162789123485
calculated iMatrix for 11, 1, 5, 13: 0.006968404559872132
calculated iMatrix for 11, 1, 5, 14: -0.38120520643823097
calculated iMatrix for 11, 1, 5, 15: 0.008650490742857064
calculated iMatrix for 11, 1, 5, 16: 0.3398108731305065
calculated iMatrix for 11, 1, 5, 17: 0.0887984228075045
calculated iMatrix for 11, 1, 5, 18: -0.27251690068773016
calculated iMatrix for 11, 1, 5, 19: -0.005935000276035662
calculated iMatrix for 11, 1, 6, 0: -0.07150321088162315
calculated iMatrix for 11, 1, 6, 1: -0.8504818272913495
calculated iMatrix for 11, 1, 6, 2: -0.3720634464801367
calculated iMatrix for 11, 1, 6, 3: -0.38120520643823097
calculated iMatrix for 11, 1, 6, 4: -0.15253847446791102
calculated iMatrix for 11, 1, 6, 5: 0.5065199517526449
calculated iMatrix for 11, 1, 6, 6: 0.28247994139139787
calculated iMatrix for 11, 1, 6, 7: -0.09876070675269855
calculated iMatrix for 11, 1, 6, 8: -0.28133459309037434
calculated iMatrix for 11, 1, 6, 9: -0.18825655706999034
calculated iMatrix for 11, 1, 6, 10: 0.030090821980726323
calculated iMatrix for 11, 1, 6, 11: 0.1391401776683554
calculated iMatrix for 11, 1, 6, 12: -0.539690968918384
calculated iMatrix for 11, 1, 6, 13: 0.2709339503943371
calculated iMatrix for 11, 1, 6, 14: 0.13156028214558613
calculated iMatrix for 11, 1, 6, 15: -0.16545208125137068
calculated iMatrix for 11, 1, 6, 16: 0.15572823575225403
calculated iMatrix for 11, 1, 6, 17: 0.4172067914206943
calculated iMatrix for 11, 1, 6, 18: 0.16111908438713063
calculated iMatrix for 11, 1, 6, 19: -0.021202472406824047
calculated iMatrix for 11, 1, 7, 0: -0.17535315223408254
calculated iMatrix for 11, 1, 7, 1: 0.5665841924952948
calculated iMatrix for 11, 1, 7, 2: -0.6692292176862997
calculated iMatrix for 11, 1, 7, 3: -0.6571912391268206
calculated iMatrix for 11, 1, 7, 4: 0.5500548905440843
calculated iMatrix for 11, 1, 7, 5: 0.011058389811397396
calculated iMatrix for 11, 1, 7, 6: -0.28783113566077256
calculated iMatrix for 11, 1, 7, 7: 0.5784186501422977
calculated iMatrix for 11, 1, 7, 8: -0.4476107543602317
calculated iMatrix for 11, 1, 7, 9: 0.09058893358129261
calculated iMatrix for 11, 1, 7, 10: -0.005935000276035662
calculated iMatrix for 11, 1, 7, 11: -0.8685003327940279
calculated iMatrix for 11, 1, 7, 12: -0.6751289398134879
calculated iMatrix for 11, 1, 7, 13: -0.08079456960906972
calculated iMatrix for 11, 1, 7, 14: -0.686178776000073
calculated iMatrix for 11, 1, 7, 15: -0.27713584654402457
calculated iMatrix for 11, 1, 7, 16: 0.07888098615015848
calculated iMatrix for 11, 1, 7, 17: 0.7245884416385433
calculated iMatrix for 11, 1, 7, 18: 0.17946822305532706
calculated iMatrix for 11, 1, 7, 19: 0.7232380025406717
calculated iMatrix for 11, 1, 8, 0: NaN
calculated iMatrix for 11, 1, 8, 1: NaN
calculated iMatrix for 11, 1, 8, 2: NaN
calculated iMatrix for 11, 1, 8, 3: NaN
calculated iMatrix for 11, 1, 8, 4: NaN
calculated iMatrix for 11, 1, 8, 5: NaN
calculated iMatrix for 11, 1, 8, 6: NaN
calculated iMatrix for 11, 1, 8, 7: NaN
calculated iMatrix for 11, 1, 8, 8: NaN
calculated iMatrix for 11, 1, 8, 9: NaN
calculated iMatrix for 11, 1, 8, 10: NaN
calculated iMatrix for 11, 1, 8, 11: -1.892828080076736E-4
calculated iMatrix for 11, 1, 8, 12: NaN
calculated iMatrix for 11, 1, 8, 13: NaN
calculated iMatrix for 11, 1, 8, 14: NaN
calculated iMatrix for 11, 1, 8, 15: NaN
calculated iMatrix for 11, 1, 8, 16: NaN
calculated iMatrix for 11, 1, 8, 17: NaN
calculated iMatrix for 11, 1, 8, 18: NaN
calculated iMatrix for 11, 1, 8, 19: NaN
calculated iMatrix for 11, 1, 9, 0: -0.23376391439049682
calculated iMatrix for 11, 1, 9, 1: 0.485358752572709
calculated iMatrix for 11, 1, 9, 2: -1.0572944040935996
calculated iMatrix for 11, 1, 9, 3: -0.5208547955746896
calculated iMatrix for 11, 1, 9, 4: 0.28247994139139787
calculated iMatrix for 11, 1, 9, 5: -0.12781220746508226
calculated iMatrix for 11, 1, 9, 6: -0.5030405592995626
calculated iMatrix for 11, 1, 9, 7: 0.6521420808569416
calculated iMatrix for 11, 1, 9, 8: -0.2321507506272158
calculated iMatrix for 11, 1, 9, 9: 0.39663392750388704
calculated iMatrix for 11, 1, 9, 10: 0.1283292615641396
calculated iMatrix for 11, 1, 9, 11: -0.06940457422470181
calculated iMatrix for 11, 1, 9, 12: -1.4730114406373414
calculated iMatrix for 11, 1, 9, 13: -0.18372140190459896
calculated iMatrix for 11, 1, 9, 14: -0.39849670354829225
calculated iMatrix for 11, 1, 9, 15: -0.15396196225276482
calculated iMatrix for 11, 1, 9, 16: 0.07363163026401476
calculated iMatrix for 11, 1, 9, 17: 0.7524835706371336
calculated iMatrix for 11, 1, 9, 18: 0.16111908438713063
calculated iMatrix for 11, 1, 9, 19: 0.47957281550566533
calculated iMatrix for 11, 1, 10, 0: -0.20498494984045346
calculated iMatrix for 11, 1, 10, 1: 0.24813046137676031
calculated iMatrix for 11, 1, 10, 2: -0.15674796440304806
calculated iMatrix for 11, 1, 10, 3: -0.15733464673140407
calculated iMatrix for 11, 1, 10, 4: -0.0840033736458543
calculated iMatrix for 11, 1, 10, 5: 0.08071865894909291
calculated iMatrix for 11, 1, 10, 6: -0.07526969367710001
calculated iMatrix for 11, 1, 10, 7: 0.031065956138932593
calculated iMatrix for 11, 1, 10, 8: -0.10917124535278111
calculated iMatrix for 11, 1, 10, 9: -0.36380030245471984
calculated iMatrix for 11, 1, 10, 10: -0.42666758051498865
calculated iMatrix for 11, 1, 10, 11: 0.5020456713577237
calculated iMatrix for 11, 1, 10, 12: -0.021202472406824047
calculated iMatrix for 11, 1, 10, 13: 0.16111908438713063
calculated iMatrix for 11, 1, 10, 14: -0.6348854816125225
calculated iMatrix for 11, 1, 10, 15: 0.2281833149676764
calculated iMatrix for 11, 1, 10, 16: 0.07117084772419102
calculated iMatrix for 11, 1, 10, 17: 0.1846495817973246
calculated iMatrix for 11, 1, 10, 18: 0.20658145846388787
calculated iMatrix for 11, 1, 10, 19: 0.35349097703458665
calculated iMatrix for 11, 1, 11, 0: -0.1793135534501793
calculated iMatrix for 11, 1, 11, 1: -0.021202472406824047
calculated iMatrix for 11, 1, 11, 2: 0.32507376431100954
calculated iMatrix for 11, 1, 11, 3: -0.05399229522981508
calculated iMatrix for 11, 1, 11, 4: 0.5262328969717276
calculated iMatrix for 11, 1, 11, 5: 0.14131645709095086
calculated iMatrix for 11, 1, 11, 6: -0.13155052957568958
calculated iMatrix for 11, 1, 11, 7: -0.1336804558335145
calculated iMatrix for 11, 1, 11, 8: -0.7298538395027347
calculated iMatrix for 11, 1, 11, 9: -0.1336804558335145
calculated iMatrix for 11, 1, 11, 10: -0.021202472406824047
calculated iMatrix for 11, 1, 11, 11: 0.2570008560904131
calculated iMatrix for 11, 1, 11, 12: -1.0478412614498445
calculated iMatrix for 11, 1, 11, 13: 0.07060507684629869
calculated iMatrix for 11, 1, 11, 14: -0.17535315223408254
calculated iMatrix for 11, 1, 11, 15: 0.27618841417191775
calculated iMatrix for 11, 1, 11, 16: 0.018802862206874993
calculated iMatrix for 11, 1, 11, 17: 0.11232892021769847
calculated iMatrix for 11, 1, 11, 18: -0.19555585955160182
calculated iMatrix for 11, 1, 11, 19: 0.030090821980726323
calculated iMatrix for 11, 1, 12, 0: -0.37370204493507586
calculated iMatrix for 11, 1, 12, 1: 0.20194107890738566
calculated iMatrix for 11, 1, 12, 2: -0.20245508201187357
calculated iMatrix for 11, 1, 12, 3: -0.21837053731777312
calculated iMatrix for 11, 1, 12, 4: -0.10763497817913148
calculated iMatrix for 11, 1, 12, 5: 0.3457963548735443
calculated iMatrix for 11, 1, 12, 6: -0.9035916526052978
calculated iMatrix for 11, 1, 12, 7: -0.04062055826392563
calculated iMatrix for 11, 1, 12, 8: -0.05894280038967126
calculated iMatrix for 11, 1, 12, 9: -0.28201152660750894
calculated iMatrix for 11, 1, 12, 10: -0.05757011657769895
calculated iMatrix for 11, 1, 12, 11: 0.3636433484986046
calculated iMatrix for 11, 1, 12, 12: -0.1616543078759205
calculated iMatrix for 11, 1, 12, 13: 0.04580823787613619
calculated iMatrix for 11, 1, 12, 14: 0.10090022439407575
calculated iMatrix for 11, 1, 12, 15: -0.037202813753265174
calculated iMatrix for 11, 1, 12, 16: 0.4057688409223039
calculated iMatrix for 11, 1, 12, 17: 0.08701111223340874
calculated iMatrix for 11, 1, 12, 18: 0.04779039908012739
calculated iMatrix for 11, 1, 12, 19: 0.2103093285779023
calculated iMatrix for 11, 1, 13, 0: -0.1563772507750767
calculated iMatrix for 11, 1, 13, 1: 0.09658056324955933
calculated iMatrix for 11, 1, 13, 2: 0.44275884238294894
calculated iMatrix for 11, 1, 13, 3: 0.056448461823241924
calculated iMatrix for 11, 1, 13, 4: 0.09417960171202111
calculated iMatrix for 11, 1, 13, 5: 0.2804658420196968
calculated iMatrix for 11, 1, 13, 6: -0.42666758051498865
calculated iMatrix for 11, 1, 13, 7: -0.30343494009104033
calculated iMatrix for 11, 1, 13, 8: 0.1254010017850513
calculated iMatrix for 11, 1, 13, 9: -0.5355931623373111
calculated iMatrix for 11, 1, 13, 10: -0.6273382759771398
calculated iMatrix for 11, 1, 13, 11: 0.4421566141202429
calculated iMatrix for 11, 1, 13, 12: 0.1283292615641396
calculated iMatrix for 11, 1, 13, 13: -0.920686085964598
calculated iMatrix for 11, 1, 13, 14: -0.4001759650680121
calculated iMatrix for 11, 1, 13, 15: 0.09493717750582942
calculated iMatrix for 11, 1, 13, 16: 0.1842415018079846
calculated iMatrix for 11, 1, 13, 17: 0.17396722686497945
calculated iMatrix for 11, 1, 13, 18: -0.0025103393946714903
calculated iMatrix for 11, 1, 13, 19: -0.4106672391685473
calculated iMatrix for 11, 1, 14, 0: 0.1574222225058044
calculated iMatrix for 11, 1, 14, 1: 0.4436860561721412
calculated iMatrix for 11, 1, 14, 2: 0.09859872740579645
calculated iMatrix for 11, 1, 14, 3: -0.3667041157474311
calculated iMatrix for 11, 1, 14, 4: 0.08415804325100207
calculated iMatrix for 11, 1, 14, 5: 0.4036807215584417
calculated iMatrix for 11, 1, 14, 6: -0.4510590336391478
calculated iMatrix for 11, 1, 14, 7: -0.13761282425123533
calculated iMatrix for 11, 1, 14, 8: -0.15873227099804188
calculated iMatrix for 11, 1, 14, 9: -0.3055004468743645
calculated iMatrix for 11, 1, 14, 10: 0.20194107890738566
calculated iMatrix for 11, 1, 14, 11: 0.2766319715089749
calculated iMatrix for 11, 1, 14, 12: 0.1176339724473916
calculated iMatrix for 11, 1, 14, 13: -0.12029337505105508
calculated iMatrix for 11, 1, 14, 14: -0.47318759614988126
calculated iMatrix for 11, 1, 14, 15: -0.08876062341811508
calculated iMatrix for 11, 1, 14, 16: 0.26348109704870026
calculated iMatrix for 11, 1, 14, 17: -0.23010366700549056
calculated iMatrix for 11, 1, 14, 18: -0.0699926365762562
calculated iMatrix for 11, 1, 14, 19: 0.1269277196388512
calculated iMatrix for 11, 1, 15, 0: 0.05348842019476496
calculated iMatrix for 11, 1, 15, 1: 0.3354724715319082
calculated iMatrix for 11, 1, 15, 2: -0.083722829388158
calculated iMatrix for 11, 1, 15, 3: -0.18671691088439757
calculated iMatrix for 11, 1, 15, 4: -0.021202472406824047
calculated iMatrix for 11, 1, 15, 5: 0.22054250485793125
calculated iMatrix for 11, 1, 15, 6: -0.26087532567224425
calculated iMatrix for 11, 1, 15, 7: -0.3265841219580059
calculated iMatrix for 11, 1, 15, 8: -0.03670665894278935
calculated iMatrix for 11, 1, 15, 9: 0.022210020528489416
calculated iMatrix for 11, 1, 15, 10: 0.057578405446290226
calculated iMatrix for 11, 1, 15, 11: 0.20890974822347896
calculated iMatrix for 11, 1, 15, 12: -0.03499579453915991
calculated iMatrix for 11, 1, 15, 13: -0.14309229001586088
calculated iMatrix for 11, 1, 15, 14: -0.04473296981701824
calculated iMatrix for 11, 1, 15, 15: 0.0036126967128997656
calculated iMatrix for 11, 1, 15, 16: 0.30421992802780395
calculated iMatrix for 11, 1, 15, 17: 0.06580890458280564
calculated iMatrix for 11, 1, 15, 18: -0.3497065393788601
calculated iMatrix for 11, 1, 15, 19: -0.41923260202747015
calculated iMatrix for 11, 1, 16, 0: -0.4377174167015734
calculated iMatrix for 11, 1, 16, 1: -0.17535315223408254
calculated iMatrix for 11, 1, 16, 2: 0.4258116386142128
calculated iMatrix for 11, 1, 16, 3: -0.21791276665287818
calculated iMatrix for 11, 1, 16, 4: -0.0620244669270793
calculated iMatrix for 11, 1, 16, 5: 0.022368775886816072
calculated iMatrix for 11, 1, 16, 6: -0.294898302883865
calculated iMatrix for 11, 1, 16, 7: -0.050530087501344134
calculated iMatrix for 11, 1, 16, 8: 0.07656169635906762
calculated iMatrix for 11, 1, 16, 9: -0.15003534424979237
calculated iMatrix for 11, 1, 16, 10: -0.36107029802917534
calculated iMatrix for 11, 1, 16, 11: -0.19555585955160182
calculated iMatrix for 11, 1, 16, 12: 0.4860453300112826
calculated iMatrix for 11, 1, 16, 13: 0.1055492332323198
calculated iMatrix for 11, 1, 16, 14: 0.12475144021625573
calculated iMatrix for 11, 1, 16, 15: 0.12585094554967258
calculated iMatrix for 11, 1, 16, 16: 0.19865700370619588
calculated iMatrix for 11, 1, 16, 17: 0.16547638975608625
calculated iMatrix for 11, 1, 16, 18: 0.021357142011971808
calculated iMatrix for 11, 1, 16, 19: -0.6273382759771398
calculated iMatrix for 11, 2, 0, 0: 0.2178877990428102
calculated iMatrix for 11, 2, 0, 1: 0.22846990837334713
calculated iMatrix for 11, 2, 0, 2: 0.03744973533896767
calculated iMatrix for 11, 2, 0, 3: 0.14517304878813309
calculated iMatrix for 11, 2, 0, 4: -0.11711816165587519
calculated iMatrix for 11, 2, 0, 5: -0.21025929337532978
calculated iMatrix for 11, 2, 0, 6: -0.3965768594826664
calculated iMatrix for 11, 2, 0, 7: 0.19063542286489032
calculated iMatrix for 11, 2, 0, 8: -0.12570190534726677
calculated iMatrix for 11, 2, 0, 9: -0.14380194699088467
calculated iMatrix for 11, 2, 0, 10: 0.05661965144668801
calculated iMatrix for 11, 2, 0, 11: -0.3993977358243077
calculated iMatrix for 11, 2, 0, 12: 0.15022915056899544
calculated iMatrix for 11, 2, 0, 13: -0.018281656726429785
calculated iMatrix for 11, 2, 0, 14: 0.10387253629723359
calculated iMatrix for 11, 2, 0, 15: 0.2232509924975553
calculated iMatrix for 11, 2, 0, 16: 0.09105184786817211
calculated iMatrix for 11, 2, 0, 17: -0.22783140042364658
calculated iMatrix for 11, 2, 0, 18: -0.07691174117783484
calculated iMatrix for 11, 2, 0, 19: 0.07136193318389139
calculated iMatrix for 11, 2, 1, 0: 0.29034531209143466
calculated iMatrix for 11, 2, 1, 1: -0.7318377089175823
calculated iMatrix for 11, 2, 1, 2: 0.4243444315720052
calculated iMatrix for 11, 2, 1, 3: 0.3020689602751959
calculated iMatrix for 11, 2, 1, 4: -0.05670903386031512
calculated iMatrix for 11, 2, 1, 5: -0.06116338420969547
calculated iMatrix for 11, 2, 1, 6: -0.10800232824786571
calculated iMatrix for 11, 2, 1, 7: -0.15355885985023288
calculated iMatrix for 11, 2, 1, 8: -0.03167295569899031
calculated iMatrix for 11, 2, 1, 9: -0.22811691077533602
calculated iMatrix for 11, 2, 1, 10: -0.482376849285999
calculated iMatrix for 11, 2, 1, 11: 0.06845410909369076
calculated iMatrix for 11, 2, 1, 12: -0.42888816433501287
calculated iMatrix for 11, 2, 1, 13: 0.23809050636032958
calculated iMatrix for 11, 2, 1, 14: 0.07496879011488444
calculated iMatrix for 11, 2, 1, 15: 0.13184307268427553
calculated iMatrix for 11, 2, 1, 16: -0.12570190534726677
calculated iMatrix for 11, 2, 1, 17: -0.07013205419245594
calculated iMatrix for 11, 2, 1, 18: -0.47400859961548236
calculated iMatrix for 11, 2, 1, 19: -0.004341048342999199
calculated iMatrix for 11, 2, 2, 0: 0.17763370768451792
calculated iMatrix for 11, 2, 2, 1: -0.5852342347257069
calculated iMatrix for 11, 2, 2, 2: 0.21181254085238987
calculated iMatrix for 11, 2, 2, 3: -9.50200374789989E-4
calculated iMatrix for 11, 2, 2, 4: -0.05213933817024996
calculated iMatrix for 11, 2, 2, 5: -0.028279792339798382
calculated iMatrix for 11, 2, 2, 6: 0.26266876940159767
calculated iMatrix for 11, 2, 2, 7: -0.13209170344603782
calculated iMatrix for 11, 2, 2, 8: -0.4993264075997723
calculated iMatrix for 11, 2, 2, 9: 0.10729394240995471
calculated iMatrix for 11, 2, 2, 10: 0.22367373610985408
calculated iMatrix for 11, 2, 2, 11: -0.058260624551734086
calculated iMatrix for 11, 2, 2, 12: -0.10846009891276065
calculated iMatrix for 11, 2, 2, 13: 0.09744164596694316
calculated iMatrix for 11, 2, 2, 14: -0.25796987392501736
calculated iMatrix for 11, 2, 2, 15: 0.26615755070511915
calculated iMatrix for 11, 2, 2, 16: 0.047961588703573366
calculated iMatrix for 11, 2, 2, 17: -0.14804920403926336
calculated iMatrix for 11, 2, 2, 18: -0.20120945785541178
calculated iMatrix for 11, 2, 2, 19: 0.14092675790668185
calculated iMatrix for 11, 2, 3, 0: 0.34844006855711707
calculated iMatrix for 11, 2, 3, 1: 0.028448774479991612
calculated iMatrix for 11, 2, 3, 2: 0.18157117658168398
calculated iMatrix for 11, 2, 3, 3: -9.50200374789989E-4
calculated iMatrix for 11, 2, 3, 4: -0.15387278231396295
calculated iMatrix for 11, 2, 3, 5: -0.07544007056637847
calculated iMatrix for 11, 2, 3, 6: -0.07918188971237394
calculated iMatrix for 11, 2, 3, 7: 0.07261999279312903
calculated iMatrix for 11, 2, 3, 8: -0.12570190534726677
calculated iMatrix for 11, 2, 3, 9: 0.12101481368500988
calculated iMatrix for 11, 2, 3, 10: -0.7318377089175823
calculated iMatrix for 11, 2, 3, 11: 0.08989444033156013
calculated iMatrix for 11, 2, 3, 12: -0.17355792652490187
calculated iMatrix for 11, 2, 3, 13: 0.18445302295657284
calculated iMatrix for 11, 2, 3, 14: 0.1373428627191291
calculated iMatrix for 11, 2, 3, 15: -0.18912373178476272
calculated iMatrix for 11, 2, 3, 16: 0.022718099771006584
calculated iMatrix for 11, 2, 3, 17: -0.38059415497605653
calculated iMatrix for 11, 2, 3, 18: -0.10322904949520817
calculated iMatrix for 11, 2, 3, 19: 0.08560718831994019
calculated iMatrix for 11, 2, 4, 0: 0.05661965144668801
calculated iMatrix for 11, 2, 4, 1: -0.6365275291132573
calculated iMatrix for 11, 2, 4, 2: 0.19972049508736134
calculated iMatrix for 11, 2, 4, 3: 0.5989439422720495
calculated iMatrix for 11, 2, 4, 4: -0.47792249893661887
calculated iMatrix for 11, 2, 4, 5: -0.1940211493247439
calculated iMatrix for 11, 2, 4, 6: -0.013584607226560519
calculated iMatrix for 11, 2, 4, 7: 0.15686506643774378
calculated iMatrix for 11, 2, 4, 8: -0.2008225358153748
calculated iMatrix for 11, 2, 4, 9: -0.28198251143234976
calculated iMatrix for 11, 2, 4, 10: 0.34645457725956985
calculated iMatrix for 11, 2, 4, 11: 0.0833898925112927
calculated iMatrix for 11, 2, 4, 12: -0.5187444934568739
calculated iMatrix for 11, 2, 4, 13: 0.6852283108690621
calculated iMatrix for 11, 2, 4, 14: 0.19972049508736134
calculated iMatrix for 11, 2, 4, 15: -0.1083101626353975
calculated iMatrix for 11, 2, 4, 16: 0.22495496626590272
calculated iMatrix for 11, 2, 4, 17: -0.44975162196992247
calculated iMatrix for 11, 2, 4, 18: -0.1665238998675218
calculated iMatrix for 11, 2, 4, 19: -0.07961079814699978
calculated iMatrix for 11, 2, 5, 0: 0.3320316313066546
calculated iMatrix for 11, 2, 5, 1: 0.06720176077722484
calculated iMatrix for 11, 2, 5, 2: 0.17365669676634998
calculated iMatrix for 11, 2, 5, 3: 0.2945782885460384
calculated iMatrix for 11, 2, 5, 4: -0.22334037491118264
calculated iMatrix for 11, 2, 5, 5: -0.19543524336194196
calculated iMatrix for 11, 2, 5, 6: 0.2165843011393661
calculated iMatrix for 11, 2, 5, 7: -0.12003616781158932
calculated iMatrix for 11, 2, 5, 8: -0.11254382076975555
calculated iMatrix for 11, 2, 5, 9: -0.17095849693538767
calculated iMatrix for 11, 2, 5, 10: 0.2797632027608977
calculated iMatrix for 11, 2, 5, 11: 0.17525050402541087
calculated iMatrix for 11, 2, 5, 12: -0.7010660502508286
calculated iMatrix for 11, 2, 5, 13: 0.24294922963818133
calculated iMatrix for 11, 2, 5, 14: -0.05294255106483847
calculated iMatrix for 11, 2, 5, 15: -0.19590616402051508
calculated iMatrix for 11, 2, 5, 16: 0.13811268569787094
calculated iMatrix for 11, 2, 5, 17: -0.18407391156917385
calculated iMatrix for 11, 2, 5, 18: 0.4708184395236069
calculated iMatrix for 11, 2, 5, 19: -0.12570190534726677
calculated iMatrix for 11, 2, 6, 0: 0.17020100024937146
calculated iMatrix for 11, 2, 6, 1: 0.06845410909369076
calculated iMatrix for 11, 2, 6, 2: -0.46556973096961785
calculated iMatrix for 11, 2, 6, 3: 0.03464074472791279
calculated iMatrix for 11, 2, 6, 4: 0.16682279158030233
calculated iMatrix for 11, 2, 6, 5: -0.9336246004996402
calculated iMatrix for 11, 2, 6, 6: -0.8035816137764236
calculated iMatrix for 11, 2, 6, 7: 0.44365105786601433
calculated iMatrix for 11, 2, 6, 8: 0.03922790873481874
calculated iMatrix for 11, 2, 6, 9: 0.6671802409973591
calculated iMatrix for 11, 2, 6, 10: 0.6415532473664005
calculated iMatrix for 11, 2, 6, 11: -0.19980987750098844
calculated iMatrix for 11, 2, 6, 12: -0.27985258517452505
calculated iMatrix for 11, 2, 6, 13: -0.17497295435404947
calculated iMatrix for 11, 2, 6, 14: -0.030391725542941783
calculated iMatrix for 11, 2, 6, 15: -0.1607932251585369
calculated iMatrix for 11, 2, 6, 16: -0.34742601000725015
calculated iMatrix for 11, 2, 6, 17: -0.2459510334988435
calculated iMatrix for 11, 2, 6, 18: 0.5421274672283888
calculated iMatrix for 11, 2, 6, 19: 0.2904584918776456
calculated iMatrix for 11, 2, 7, 0: 0.34808244673837496
calculated iMatrix for 11, 2, 7, 1: 0.6627554550170034
calculated iMatrix for 11, 2, 7, 2: -0.28288748886967907
calculated iMatrix for 11, 2, 7, 3: 0.3598059104344341
calculated iMatrix for 11, 2, 7, 4: 0.020901568844608698
calculated iMatrix for 11, 2, 7, 5: -0.9336246004996402
calculated iMatrix for 11, 2, 7, 6: -0.05159393319354488
calculated iMatrix for 11, 2, 7, 7: 0.25914391555816196
calculated iMatrix for 11, 2, 7, 8: 0.23028314549752804
calculated iMatrix for 11, 2, 7, 9: 0.2888130382808155
calculated iMatrix for 11, 2, 7, 10: 0.3189839159141791
calculated iMatrix for 11, 2, 7, 11: -0.5124748804432786
calculated iMatrix for 11, 2, 7, 12: -0.8848070536990094
calculated iMatrix for 11, 2, 7, 13: -0.08796157736441979
calculated iMatrix for 11, 2, 7, 14: 0.34808244673837496
calculated iMatrix for 11, 2, 7, 15: -0.11304350847534317
calculated iMatrix for 11, 2, 7, 16: -0.4484752976103177
calculated iMatrix for 11, 2, 7, 17: 0.008519856652276725
calculated iMatrix for 11, 2, 7, 18: 0.4373921469644808
calculated iMatrix for 11, 2, 7, 19: 0.024580297702071263
calculated iMatrix for 11, 2, 8, 0: NaN
calculated iMatrix for 11, 2, 8, 1: NaN
calculated iMatrix for 11, 2, 8, 2: NaN
calculated iMatrix for 11, 2, 8, 3: NaN
calculated iMatrix for 11, 2, 8, 4: NaN
calculated iMatrix for 11, 2, 8, 5: NaN
calculated iMatrix for 11, 2, 8, 6: NaN
calculated iMatrix for 11, 2, 8, 7: NaN
calculated iMatrix for 11, 2, 8, 8: NaN
calculated iMatrix for 11, 2, 8, 9: NaN
calculated iMatrix for 11, 2, 8, 10: NaN
calculated iMatrix for 11, 2, 8, 11: 5.083231289829682E-4
calculated iMatrix for 11, 2, 8, 12: NaN
calculated iMatrix for 11, 2, 8, 13: NaN
calculated iMatrix for 11, 2, 8, 14: NaN
calculated iMatrix for 11, 2, 8, 15: NaN
calculated iMatrix for 11, 2, 8, 16: NaN
calculated iMatrix for 11, 2, 8, 17: NaN
calculated iMatrix for 11, 2, 8, 18: NaN
calculated iMatrix for 11, 2, 8, 19: NaN
calculated iMatrix for 11, 2, 9, 0: 0.7088872851857091
calculated iMatrix for 11, 2, 9, 1: -0.12570190534726677
calculated iMatrix for 11, 2, 9, 2: -0.2443076477551136
calculated iMatrix for 11, 2, 9, 3: 0.49460795126041246
calculated iMatrix for 11, 2, 9, 4: 0.16909763487337826
calculated iMatrix for 11, 2, 9, 5: -1.0456894991027477
calculated iMatrix for 11, 2, 9, 6: 0.5115648168182221
calculated iMatrix for 11, 2, 9, 7: 0.15128487798776635
calculated iMatrix for 11, 2, 9, 8: 0.03380497368051649
calculated iMatrix for 11, 2, 9, 9: 0.3871834513817346
calculated iMatrix for 11, 2, 9, 10: 0.5335437235369973
calculated iMatrix for 11, 2, 9, 11: -0.33284511531503513
calculated iMatrix for 11, 2, 9, 12: -2.755189783946374
calculated iMatrix for 11, 2, 9, 13: 0.2577842960421225
calculated iMatrix for 11, 2, 9, 14: 0.3369216166008463
calculated iMatrix for 11, 2, 9, 15: -0.10070060314184937
calculated iMatrix for 11, 2, 9, 16: -0.23490119731225856
calculated iMatrix for 11, 2, 9, 17: -0.1704377991886583
calculated iMatrix for 11, 2, 9, 18: -0.12570190534726677
calculated iMatrix for 11, 2, 9, 19: 0.0010498002918771787
calculated iMatrix for 11, 2, 10, 0: 0.5433477236336182
calculated iMatrix for 11, 2, 10, 1: -0.10589927805108679
calculated iMatrix for 11, 2, 10, 2: -0.917939988551443
calculated iMatrix for 11, 2, 10, 3: -0.4067832937676956
calculated iMatrix for 11, 2, 10, 4: 0.1646938729761105
calculated iMatrix for 11, 2, 10, 5: -0.24524705599704943
calculated iMatrix for 11, 2, 10, 6: 0.3472044835564302
calculated iMatrix for 11, 2, 10, 7: 0.5257725788121106
calculated iMatrix for 11, 2, 10, 8: -0.2975521622739259
calculated iMatrix for 11, 2, 10, 9: 0.829319463708587
calculated iMatrix for 11, 2, 10, 10: 0.7722396878586919
calculated iMatrix for 11, 2, 10, 11: -0.2257853639042493
calculated iMatrix for 11, 2, 10, 12: -1.2365842866071908
calculated iMatrix for 11, 2, 10, 13: -0.19024042648483785
calculated iMatrix for 11, 2, 10, 14: 0.007829487277255853
calculated iMatrix for 11, 2, 10, 15: -1.0747824600444125
calculated iMatrix for 11, 2, 10, 16: -0.5311670134554312
calculated iMatrix for 11, 2, 10, 17: 0.21986506117982874
calculated iMatrix for 11, 2, 10, 18: 0.7411087692635188
calculated iMatrix for 11, 2, 10, 19: 0.20565523060717583
calculated iMatrix for 11, 2, 11, 0: 0.3818926978372774
calculated iMatrix for 11, 2, 11, 1: 0.6200890086981007
calculated iMatrix for 11, 2, 11, 2: -0.3845635392635558
calculated iMatrix for 11, 2, 11, 3: -0.12570190534726677
calculated iMatrix for 11, 2, 11, 4: -0.2714137165286603
calculated iMatrix for 11, 2, 11, 5: -0.219730854995543
calculated iMatrix for 11, 2, 11, 6: -0.14309364805913583
calculated iMatrix for 11, 2, 11, 7: 0.25885651794158404
calculated iMatrix for 11, 2, 11, 8: 0.696278147055647
calculated iMatrix for 11, 2, 11, 9: 0.1664345174538946
calculated iMatrix for 11, 2, 11, 10: -0.02251766911203601
calculated iMatrix for 11, 2, 11, 11: 0.0959807253272682
calculated iMatrix for 11, 2, 11, 12: -0.7235389061028872
calculated iMatrix for 11, 2, 11, 13: -0.030391725542941783
calculated iMatrix for 11, 2, 11, 14: 0.4620847595548523
calculated iMatrix for 11, 2, 11, 15: -0.34506473382157044
calculated iMatrix for 11, 2, 11, 16: -0.440782951987162
calculated iMatrix for 11, 2, 11, 17: -0.17976912661754252
calculated iMatrix for 11, 2, 11, 18: -0.14923240275746075
calculated iMatrix for 11, 2, 11, 19: -0.18632652716370157
calculated iMatrix for 11, 2, 12, 0: 0.3629135710930679
calculated iMatrix for 11, 2, 12, 1: -0.7216853374535641
calculated iMatrix for 11, 2, 12, 2: -0.05798373129231593
calculated iMatrix for 11, 2, 12, 3: 0.44228213225867263
calculated iMatrix for 11, 2, 12, 4: -0.22389393152648052
calculated iMatrix for 11, 2, 12, 5: -0.12063860339071986
calculated iMatrix for 11, 2, 12, 6: -0.2592332979717893
calculated iMatrix for 11, 2, 12, 7: -0.3979595074734159
calculated iMatrix for 11, 2, 12, 8: 0.3585440806140121
calculated iMatrix for 11, 2, 12, 9: -0.04457636053489833
calculated iMatrix for 11, 2, 12, 10: 0.16198016710451424
calculated iMatrix for 11, 2, 12, 11: 0.32855336693032977
calculated iMatrix for 11, 2, 12, 12: -0.24153372087238845
calculated iMatrix for 11, 2, 12, 13: 0.40337715872807434
calculated iMatrix for 11, 2, 12, 14: 0.07566784641738244
calculated iMatrix for 11, 2, 12, 15: 0.14716508131937356
calculated iMatrix for 11, 2, 12, 16: -0.41880404526838677
calculated iMatrix for 11, 2, 12, 17: -0.3111051286786293
calculated iMatrix for 11, 2, 12, 18: 0.140001260385739
calculated iMatrix for 11, 2, 12, 19: -0.20120945785541178
calculated iMatrix for 11, 2, 13, 0: 0.25457295393233914
calculated iMatrix for 11, 2, 13, 1: 0.19972049508736134
calculated iMatrix for 11, 2, 13, 2: -0.24348494100365015
calculated iMatrix for 11, 2, 13, 3: -0.16826151976606263
calculated iMatrix for 11, 2, 13, 4: -0.3392760056453257
calculated iMatrix for 11, 2, 13, 5: -0.050478484109679256
calculated iMatrix for 11, 2, 13, 6: 0.05661965144668801
calculated iMatrix for 11, 2, 13, 7: -0.08723562451947076
calculated iMatrix for 11, 2, 13, 8: 0.14421771076467382
calculated iMatrix for 11, 2, 13, 9: 0.5322589660876349
calculated iMatrix for 11, 2, 13, 10: 0.15192983125101278
calculated iMatrix for 11, 2, 13, 11: -0.11873323603117325
calculated iMatrix for 11, 2, 13, 12: -0.252264628655696
calculated iMatrix for 11, 2, 13, 13: 0.05661965144668801
calculated iMatrix for 11, 2, 13, 14: 0.21581447816062427
calculated iMatrix for 11, 2, 13, 15: -0.08734103747482047
calculated iMatrix for 11, 2, 13, 16: -0.3018314918933003
calculated iMatrix for 11, 2, 13, 17: -0.14009064279936623
calculated iMatrix for 11, 2, 13, 18: -0.3539605573282467
calculated iMatrix for 11, 2, 13, 19: 0.005326357059137421
calculated iMatrix for 11, 2, 14, 0: 0.07378745506905338
calculated iMatrix for 11, 2, 14, 1: -0.2592332979717893
calculated iMatrix for 11, 2, 14, 2: -0.18088832091455753
calculated iMatrix for 11, 2, 14, 3: -0.06627848487646593
calculated iMatrix for 11, 2, 14, 4: -0.028063435783350688
calculated iMatrix for 11, 2, 14, 5: -0.16781339069739354
calculated iMatrix for 11, 2, 14, 6: 0.39188050088160375
calculated iMatrix for 11, 2, 14, 7: 0.06330863959748445
calculated iMatrix for 11, 2, 14, 8: 0.3592273741151445
calculated iMatrix for 11, 2, 14, 9: 0.37761899276465616
calculated iMatrix for 11, 2, 14, 10: -0.08023953127050931
calculated iMatrix for 11, 2, 14, 11: -0.010466641769681928
calculated iMatrix for 11, 2, 14, 12: -0.3263726008094179
calculated iMatrix for 11, 2, 14, 13: -0.23817988877395702
calculated iMatrix for 11, 2, 14, 14: 0.22793813489631165
calculated iMatrix for 11, 2, 14, 15: -0.440782951987162
calculated iMatrix for 11, 2, 14, 16: -0.20574461302080316
calculated iMatrix for 11, 2, 14, 17: -0.13052119178321564
calculated iMatrix for 11, 2, 14, 18: 0.44010585283607717
calculated iMatrix for 11, 2, 14, 19: -0.03389435609414404
calculated iMatrix for 11, 2, 15, 0: 0.1469422897399737
calculated iMatrix for 11, 2, 15, 1: -0.2310624210050931
calculated iMatrix for 11, 2, 15, 2: -0.04017973190910462
calculated iMatrix for 11, 2, 15, 3: 0.13502435711598604
calculated iMatrix for 11, 2, 15, 4: -0.10846009891276065
calculated iMatrix for 11, 2, 15, 5: -0.2604763062113864
calculated iMatrix for 11, 2, 15, 6: 0.1462318101363751
calculated iMatrix for 11, 2, 15, 7: 0.03464074472791279
calculated iMatrix for 11, 2, 15, 8: 0.49717607936612246
calculated iMatrix for 11, 2, 15, 9: 0.08091234401573255
calculated iMatrix for 11, 2, 15, 10: -0.3620906834114972
calculated iMatrix for 11, 2, 15, 11: -0.01322392192057642
calculated iMatrix for 11, 2, 15, 12: -0.2723053795391419
calculated iMatrix for 11, 2, 15, 13: -0.1641681861750628
calculated iMatrix for 11, 2, 15, 14: 0.2191385809444628
calculated iMatrix for 11, 2, 15, 15: 0.1276554245634397
calculated iMatrix for 11, 2, 15, 16: -0.5994862574329083
calculated iMatrix for 11, 2, 15, 17: -0.07769268616090597
calculated iMatrix for 11, 2, 15, 18: -0.032611482281254656
calculated iMatrix for 11, 2, 15, 19: 0.10313966708158084
calculated iMatrix for 11, 2, 16, 0: 0.14284082689381683
calculated iMatrix for 11, 2, 16, 1: -0.5396777031233397
calculated iMatrix for 11, 2, 16, 2: 0.0465015212811033
calculated iMatrix for 11, 2, 16, 3: 0.04191350405699257
calculated iMatrix for 11, 2, 16, 4: -0.13491856045219053
calculated iMatrix for 11, 2, 16, 5: 0.07585101337457556
calculated iMatrix for 11, 2, 16, 6: -0.2638522438280837
calculated iMatrix for 11, 2, 16, 7: -0.15914983941480676
calculated iMatrix for 11, 2, 16, 8: 0.21745931942474284
calculated iMatrix for 11, 2, 16, 9: 0.01828350270314083
calculated iMatrix for 11, 2, 16, 10: 0.2107703312739463
calculated iMatrix for 11, 2, 16, 11: 0.08914284315224796
calculated iMatrix for 11, 2, 16, 12: -0.19207697429213932
calculated iMatrix for 11, 2, 16, 13: 0.06720176077722484
calculated iMatrix for 11, 2, 16, 14: -0.11773373569808965
calculated iMatrix for 11, 2, 16, 15: -0.0022208485762453822
calculated iMatrix for 11, 2, 16, 16: -0.1076833998445883
calculated iMatrix for 11, 2, 16, 17: 0.08193745943097774
calculated iMatrix for 11, 2, 16, 18: -0.7762894714884161
calculated iMatrix for 11, 2, 16, 19: 0.017398938293406663
calculated fs for 0: [J@4b32ace3
calculated fs for 0: [J@4b32ace3
calculated fs for 0: [J@4b32ace3
calculated fs for 0: [J@4b32ace3
calculated fs for 0: [J@4b32ace3
calculated fs for 0: [J@4b32ace3
calculated fs for 0: [J@4b32ace3
calculated fs for 0: [J@4b32ace3
calculated fs for 0: [J@4b32ace3
calculated fs for 0: [J@4b32ace3
calculated fs for 0: [J@4b32ace3
calculated fs for 0: [J@4b32ace3
calculated fs for 0: [J@4b32ace3
calculated fs for 0: [J@4b32ace3
calculated fs for 0: [J@4b32ace3
calculated fs for 0: [J@4b32ace3
calculated fs for 0: [J@4b32ace3
calculated fs for 0: [J@4b32ace3
calculated fs for 0: [J@4b32ace3
calculated fs for 0: [J@4b32ace3
calculated fs for 0: [J@4b32ace3
calculated fs for 0: [J@4b32ace3
calculated fs for 0: [J@4b32ace3
calculated fs for 0: [J@4b32ace3
calculated fs for 0: [J@4b32ace3
calculated fs for 0: [J@4b32ace3
calculated fs for 0: [J@4b32ace3
calculated fs for 0: [J@4b32ace3
calculated fs for 0: [J@4b32ace3
calculated fs for 0: [J@4b32ace3
calculated fs for 0: [J@4b32ace3
calculated fs for 0: [J@4b32ace3
calculated fs for 0: [J@4b32ace3
calculated fs for 0: [J@4b32ace3
calculated fs for 0: [J@4b32ace3
calculated fs for 0: [J@4b32ace3
calculated fs for 0: [J@4b32ace3
calculated fs for 0: [J@4b32ace3
calculated fs for 0: [J@4b32ace3
calculated fs for 0: [J@4b32ace3
calculated fs for 0: [J@4b32ace3
calculated fs for 0: [J@4b32ace3
calculated fs for 0: [J@4b32ace3
calculated fs for 0: [J@4b32ace3
calculated fs for 0: [J@4b32ace3
calculated fs for 0: [J@4b32ace3
calculated fs for 0: [J@4b32ace3
calculated fs for 0: [J@4b32ace3
calculated fs for 0: [J@4b32ace3
calculated fs for 0: [J@4b32ace3
calculated fs for 0: [J@4b32ace3
calculated fs for 0: [J@4b32ace3
calculated fs for 0: [J@4b32ace3
calculated fs for 0: [J@4b32ace3
calculated fs for 0: [J@4b32ace3
calculated fs for 0: [J@4b32ace3
calculated fs for 0: [J@4b32ace3
calculated fs for 0: [J@4b32ace3
calculated fs for 0: [J@4b32ace3
calculated fs for 0: [J@4b32ace3
calculated fs for 0: [J@4b32ace3
calculated fs for 0: [J@4b32ace3
calculated fs for 0: [J@4b32ace3
calculated fs for 0: [J@4b32ace3
calculated fs for 0: [J@4b32ace3
calculated fs for 0: [J@4b32ace3
calculated fs for 0: [J@4b32ace3
calculated fs for 0: [J@4b32ace3
calculated fs for 0: [J@4b32ace3
calculated fs for 0: [J@4b32ace3
calculated fs for 0: [J@4b32ace3
calculated fs for 0: [J@4b32ace3
calculated fs for 0: [J@4b32ace3
calculated fs for 0: [J@4b32ace3
calculated fs for 0: [J@4b32ace3
calculated fs for 0: [J@4b32ace3
calculated fs for 0: [J@4b32ace3
calculated fs for 0: [J@4b32ace3
calculated fs for 0: [J@4b32ace3
calculated fs for 0: [J@4b32ace3
calculated fs for 0: [J@4b32ace3
calculated fs for 0: [J@4b32ace3
calculated fs for 0: [J@4b32ace3
calculated fs for 0: [J@4b32ace3
calculated fs for 0: [J@4b32ace3
calculated fs for 0: [J@4b32ace3
calculated fs for 0: [J@4b32ace3
calculated fs for 0: [J@4b32ace3
calculated fs for 0: [J@4b32ace3
calculated fs for 0: [J@4b32ace3
calculated fs for 0: [J@4b32ace3
calculated fs for 0: [J@4b32ace3
calculated fs for 0: [J@4b32ace3
calculated fs for 0: [J@4b32ace3
calculated fs for 0: [J@4b32ace3
calculated fs for 0: [J@4b32ace3
calculated fs for 0: [J@4b32ace3
calculated fs for 0: [J@4b32ace3
calculated fs for 0: [J@4b32ace3
calculated fs for 0: [J@4b32ace3
calculated fs for 0: [J@4b32ace3
calculated fs for 0: [J@4b32ace3
calculated fs for 0: [J@4b32ace3
calculated fs for 0: [J@4b32ace3
calculated fs for 0: [J@4b32ace3
calculated fs for 0: [J@4b32ace3
calculated fs for 0: [J@4b32ace3
calculated fs for 0: [J@4b32ace3
calculated fs for 0: [J@4b32ace3
calculated fs for 0: [J@4b32ace3
calculated fs for 0: [J@4b32ace3
calculated fs for 0: [J@4b32ace3
calculated fs for 0: [J@4b32ace3
calculated fs for 0: [J@4b32ace3
calculated fs for 0: [J@4b32ace3
calculated fs for 0: [J@4b32ace3
calculated fs for 0: [J@4b32ace3
calculated fs for 0: [J@4b32ace3
calculated fs for 0: [J@4b32ace3
calculated fs for 0: [J@4b32ace3
calculated fs for 0: [J@4b32ace3
calculated fs for 0: [J@4b32ace3
calculated fs for 0: [J@4b32ace3
calculated fs for 0: [J@4b32ace3
calculated fs for 0: [J@4b32ace3
calculated fs for 0: [J@4b32ace3
calculated fs for 0: [J@4b32ace3
calculated fs for 0: [J@4b32ace3
calculated fs for 0: [J@4b32ace3
calculated fs for 0: [J@4b32ace3
calculated fs for 0: [J@4b32ace3
calculated fs for 0: [J@4b32ace3
calculated fs for 0: [J@4b32ace3
calculated fs for 0: [J@4b32ace3
calculated fs for 0: [J@4b32ace3
calculated fs for 0: [J@4b32ace3
calculated fs for 0: [J@4b32ace3
calculated fs for 0: [J@4b32ace3
calculated fs for 0: [J@4b32ace3
calculated fs for 0: [J@4b32ace3
calculated fs for 0: [J@4b32ace3
calculated fs for 0: [J@4b32ace3
calculated fs for 0: [J@4b32ace3
calculated fs for 0: [J@4b32ace3
calculated fs for 0: [J@4b32ace3
calculated fs for 0: [J@4b32ace3
calculated fs for 0: [J@4b32ace3
calculated fs for 0: [J@4b32ace3
calculated fs for 0: [J@4b32ace3
calculated fs for 0: [J@4b32ace3
calculated fs for 0: [J@4b32ace3
calculated fs for 0: [J@4b32ace3
calculated fs for 0: [J@4b32ace3
calculated fs for 0: [J@4b32ace3
calculated fs for 0: [J@4b32ace3
calculated fs for 0: [J@4b32ace3
calculated fs for 0: [J@4b32ace3
calculated fs for 0: [J@4b32ace3
calculated fs for 0: [J@4b32ace3
calculated fs for 0: [J@4b32ace3
calculated fs for 0: [J@4b32ace3
calculated fs for 0: [J@4b32ace3
calculated fs for 0: [J@4b32ace3
calculated fs for 0: [J@4b32ace3
calculated fs for 0: [J@4b32ace3
calculated fs for 0: [J@4b32ace3
calculated fs for 0: [J@4b32ace3
calculated fs for 0: [J@4b32ace3
calculated fs for 0: [J@4b32ace3
calculated fs for 0: [J@4b32ace3
calculated fs for 0: [J@4b32ace3
calculated fs for 0: [J@4b32ace3
calculated fs for 0: [J@4b32ace3
calculated fs for 0: [J@4b32ace3
calculated fs for 0: [J@4b32ace3
calculated fs for 0: [J@4b32ace3
calculated fs for 0: [J@4b32ace3
calculated fs for 0: [J@4b32ace3
calculated fs for 0: [J@4b32ace3
calculated fs for 0: [J@4b32ace3
calculated fs for 0: [J@4b32ace3
calculated fs for 0: [J@4b32ace3
calculated fs for 0: [J@4b32ace3
calculated fs for 0: [J@4b32ace3
calculated fs for 0: [J@4b32ace3
calculated fs for 0: [J@4b32ace3
calculated fs for 0: [J@4b32ace3
calculated fs for 0: [J@4b32ace3
calculated fs for 0: [J@4b32ace3
calculated fs for 0: [J@4b32ace3
calculated fs for 0: [J@4b32ace3
calculated fs for 0: [J@4b32ace3
calculated fs for 0: [J@4b32ace3
calculated fs for 0: [J@4b32ace3
calculated fs for 0: [J@4b32ace3
calculated fs for 0: [J@4b32ace3
calculated fs for 0: [J@4b32ace3
calculated fs for 0: [J@4b32ace3
calculated fs for 0: [J@4b32ace3
calculated fs for 0: [J@4b32ace3
calculated fs for 0: [J@4b32ace3
calculated fs for 0: [J@4b32ace3
calculated fs for 0: [J@4b32ace3
calculated fs for 0: [J@4b32ace3
calculated fs for 0: [J@4b32ace3
calculated fs for 0: [J@4b32ace3
calculated fs for 0: [J@4b32ace3
calculated fs for 0: [J@4b32ace3
calculated fs for 0: [J@4b32ace3
calculated fs for 0: [J@4b32ace3
calculated fs for 0: [J@4b32ace3
calculated fs for 0: [J@4b32ace3
calculated fs for 0: [J@4b32ace3
calculated fs for 0: [J@4b32ace3
calculated fs for 0: [J@4b32ace3
calculated fs for 0: [J@4b32ace3
calculated fs for 0: [J@4b32ace3
calculated fs for 0: [J@4b32ace3
calculated fs for 0: [J@4b32ace3
calculated fs for 0: [J@4b32ace3
calculated fs for 0: [J@4b32ace3
calculated fs for 0: [J@4b32ace3
calculated fs for 0: [J@4b32ace3
calculated fs for 0: [J@4b32ace3
calculated fs for 0: [J@4b32ace3
calculated fs for 0: [J@4b32ace3
calculated fs for 0: [J@4b32ace3
calculated fs for 0: [J@4b32ace3
calculated fs for 0: [J@4b32ace3
calculated fs for 0: [J@4b32ace3
calculated fs for 0: [J@4b32ace3
calculated fs for 0: [J@4b32ace3
calculated fs for 0: [J@4b32ace3
calculated fs for 0: [J@4b32ace3
calculated fs for 0: [J@4b32ace3
calculated fs for 0: [J@4b32ace3
calculated fs for 0: [J@4b32ace3
calculated fs for 0: [J@4b32ace3
calculated fs for 0: [J@4b32ace3
calculated fs for 0: [J@4b32ace3
calculated fs for 0: [J@4b32ace3
calculated fs for 0: [J@4b32ace3
calculated fs for 0: [J@4b32ace3
calculated fs for 0: [J@4b32ace3
calculated fs for 0: [J@4b32ace3
calculated fs for 0: [J@4b32ace3
calculated fs for 0: [J@4b32ace3
calculated fs for 0: [J@4b32ace3
calculated fs for 0: [J@4b32ace3
calculated fs for 0: [J@4b32ace3
calculated fs for 0: [J@4b32ace3
calculated fs for 0: [J@4b32ace3
calculated fs for 0: [J@4b32ace3
calculated fs for 0: [J@4b32ace3
calculated fs for 0: [J@4b32ace3
calculated fs for 0: [J@4b32ace3
calculated fs for 0: [J@4b32ace3
calculated fs for 0: [J@4b32ace3
calculated fs for 0: [J@4b32ace3
calculated fs for 0: [J@4b32ace3
calculated fs for 0: [J@4b32ace3
calculated fs for 0: [J@4b32ace3
calculated fs for 0: [J@4b32ace3
calculated fs for 0: [J@4b32ace3
calculated fs for 0: [J@4b32ace3
calculated fs for 0: [J@4b32ace3
calculated fs for 0: [J@4b32ace3
calculated fs for 0: [J@4b32ace3
calculated fs for 0: [J@4b32ace3
calculated fs for 0: [J@4b32ace3
calculated fs for 0: [J@4b32ace3
calculated fs for 0: [J@4b32ace3
calculated fs for 0: [J@4b32ace3
calculated fs for 0: [J@4b32ace3
calculated fs for 0: [J@4b32ace3
calculated fs for 0: [J@4b32ace3
calculated fs for 0: [J@4b32ace3
calculated fs for 0: [J@4b32ace3
calculated fs for 0: [J@4b32ace3
calculated fs for 0: [J@4b32ace3
calculated fs for 0: [J@4b32ace3
calculated fs for 0: [J@4b32ace3
calculated fs for 0: [J@4b32ace3
calculated fs for 0: [J@4b32ace3
calculated fs for 0: [J@4b32ace3
calculated fs for 0: [J@4b32ace3
calculated fs for 0: [J@4b32ace3
calculated fs for 0: [J@4b32ace3
calculated fs for 0: [J@4b32ace3
calculated fs for 0: [J@4b32ace3
calculated fs for 0: [J@4b32ace3
calculated fs for 0: [J@4b32ace3
calculated fs for 0: [J@4b32ace3
calculated fs for 0: [J@4b32ace3
calculated fs for 0: [J@4b32ace3
calculated fs for 0: [J@4b32ace3
calculated fs for 0: [J@4b32ace3
calculated fs for 0: [J@4b32ace3
calculated fs for 0: [J@4b32ace3
calculated fs for 0: [J@4b32ace3
calculated fs for 0: [J@4b32ace3
calculated fs for 0: [J@4b32ace3
calculated fs for 0: [J@4b32ace3
calculated fs for 0: [J@4b32ace3
calculated fs for 0: [J@4b32ace3
calculated fs for 0: [J@4b32ace3
calculated fs for 0: [J@4b32ace3
calculated fs for 0: [J@4b32ace3
calculated fs for 0: [J@4b32ace3
calculated fs for 0: [J@4b32ace3
calculated fs for 0: [J@4b32ace3
calculated fs for 0: [J@4b32ace3
calculated fs for 0: [J@4b32ace3
calculated fs for 0: [J@4b32ace3
calculated fs for 0: [J@4b32ace3
calculated fs for 0: [J@4b32ace3
calculated fs for 0: [J@4b32ace3
calculated fs for 0: [J@4b32ace3
calculated fs for 0: [J@4b32ace3
calculated fs for 0: [J@4b32ace3
calculated fs for 0: [J@4b32ace3
calculated fs for 0: [J@4b32ace3
calculated fs for 0: [J@4b32ace3
calculated fs for 0: [J@4b32ace3
calculated fs for 0: [J@4b32ace3
calculated fs for 0: [J@4b32ace3
calculated fs for 0: [J@4b32ace3
calculated fs for 0: [J@4b32ace3
calculated fs for 0: [J@4b32ace3
calculated fs for 0: [J@4b32ace3
calculated fs for 0: [J@4b32ace3
calculated fs for 0: [J@4b32ace3
calculated fs for 0: [J@4b32ace3
calculated fs for 0: [J@4b32ace3
calculated fs for 0: [J@4b32ace3
calculated fs for 0: [J@4b32ace3
calculated fs for 0: [J@4b32ace3
calculated fs for 0: [J@4b32ace3
calculated fs for 0: [J@4b32ace3
calculated fs for 0: [J@4b32ace3
calculated fs for 1: [J@6bf491a6
calculated fs for 1: [J@6bf491a6
calculated fs for 1: [J@6bf491a6
calculated fs for 1: [J@6bf491a6
calculated fs for 1: [J@6bf491a6
calculated fs for 1: [J@6bf491a6
calculated fs for 1: [J@6bf491a6
calculated fs for 1: [J@6bf491a6
calculated fs for 1: [J@6bf491a6
calculated fs for 1: [J@6bf491a6
calculated fs for 1: [J@6bf491a6
calculated fs for 1: [J@6bf491a6
calculated fs for 1: [J@6bf491a6
calculated fs for 1: [J@6bf491a6
calculated fs for 1: [J@6bf491a6
calculated fs for 1: [J@6bf491a6
calculated fs for 1: [J@6bf491a6
calculated fs for 1: [J@6bf491a6
calculated fs for 1: [J@6bf491a6
calculated fs for 1: [J@6bf491a6
calculated fs for 1: [J@6bf491a6
calculated fs for 1: [J@6bf491a6
calculated fs for 1: [J@6bf491a6
calculated fs for 1: [J@6bf491a6
calculated fs for 1: [J@6bf491a6
calculated fs for 1: [J@6bf491a6
calculated fs for 1: [J@6bf491a6
calculated fs for 1: [J@6bf491a6
calculated fs for 1: [J@6bf491a6
calculated fs for 1: [J@6bf491a6
calculated fs for 1: [J@6bf491a6
calculated fs for 1: [J@6bf491a6
calculated fs for 1: [J@6bf491a6
calculated fs for 1: [J@6bf491a6
calculated fs for 1: [J@6bf491a6
calculated fs for 1: [J@6bf491a6
calculated fs for 1: [J@6bf491a6
calculated fs for 1: [J@6bf491a6
calculated fs for 1: [J@6bf491a6
calculated fs for 1: [J@6bf491a6
calculated fs for 1: [J@6bf491a6
calculated fs for 1: [J@6bf491a6
calculated fs for 1: [J@6bf491a6
calculated fs for 1: [J@6bf491a6
calculated fs for 1: [J@6bf491a6
calculated fs for 1: [J@6bf491a6
calculated fs for 1: [J@6bf491a6
calculated fs for 1: [J@6bf491a6
calculated fs for 1: [J@6bf491a6
calculated fs for 1: [J@6bf491a6
calculated fs for 1: [J@6bf491a6
calculated fs for 1: [J@6bf491a6
calculated fs for 1: [J@6bf491a6
calculated fs for 1: [J@6bf491a6
calculated fs for 1: [J@6bf491a6
calculated fs for 1: [J@6bf491a6
calculated fs for 1: [J@6bf491a6
calculated fs for 1: [J@6bf491a6
calculated fs for 1: [J@6bf491a6
calculated fs for 1: [J@6bf491a6
calculated fs for 1: [J@6bf491a6
calculated fs for 1: [J@6bf491a6
calculated fs for 1: [J@6bf491a6
calculated fs for 1: [J@6bf491a6
calculated fs for 1: [J@6bf491a6
calculated fs for 1: [J@6bf491a6
calculated fs for 1: [J@6bf491a6
calculated fs for 1: [J@6bf491a6
calculated fs for 1: [J@6bf491a6
calculated fs for 1: [J@6bf491a6
calculated fs for 1: [J@6bf491a6
calculated fs for 1: [J@6bf491a6
calculated fs for 1: [J@6bf491a6
calculated fs for 1: [J@6bf491a6
calculated fs for 1: [J@6bf491a6
calculated fs for 1: [J@6bf491a6
calculated fs for 1: [J@6bf491a6
calculated fs for 1: [J@6bf491a6
calculated fs for 1: [J@6bf491a6
calculated fs for 1: [J@6bf491a6
calculated fs for 1: [J@6bf491a6
calculated fs for 1: [J@6bf491a6
calculated fs for 1: [J@6bf491a6
calculated fs for 1: [J@6bf491a6
calculated fs for 1: [J@6bf491a6
calculated fs for 1: [J@6bf491a6
calculated fs for 1: [J@6bf491a6
calculated fs for 1: [J@6bf491a6
calculated fs for 1: [J@6bf491a6
calculated fs for 1: [J@6bf491a6
calculated fs for 1: [J@6bf491a6
calculated fs for 1: [J@6bf491a6
calculated fs for 1: [J@6bf491a6
calculated fs for 1: [J@6bf491a6
calculated fs for 1: [J@6bf491a6
calculated fs for 1: [J@6bf491a6
calculated fs for 1: [J@6bf491a6
calculated fs for 1: [J@6bf491a6
calculated fs for 1: [J@6bf491a6
calculated fs for 1: [J@6bf491a6
calculated fs for 1: [J@6bf491a6
calculated fs for 1: [J@6bf491a6
calculated fs for 1: [J@6bf491a6
calculated fs for 1: [J@6bf491a6
calculated fs for 1: [J@6bf491a6
calculated fs for 1: [J@6bf491a6
calculated fs for 1: [J@6bf491a6
calculated fs for 1: [J@6bf491a6
calculated fs for 1: [J@6bf491a6
calculated fs for 1: [J@6bf491a6
calculated fs for 1: [J@6bf491a6
calculated fs for 1: [J@6bf491a6
calculated fs for 1: [J@6bf491a6
calculated fs for 1: [J@6bf491a6
calculated fs for 1: [J@6bf491a6
calculated fs for 1: [J@6bf491a6
calculated fs for 1: [J@6bf491a6
calculated fs for 1: [J@6bf491a6
calculated fs for 1: [J@6bf491a6
calculated fs for 1: [J@6bf491a6
calculated fs for 1: [J@6bf491a6
calculated fs for 1: [J@6bf491a6
calculated fs for 1: [J@6bf491a6
calculated fs for 1: [J@6bf491a6
calculated fs for 1: [J@6bf491a6
calculated fs for 1: [J@6bf491a6
calculated fs for 1: [J@6bf491a6
calculated fs for 1: [J@6bf491a6
calculated fs for 1: [J@6bf491a6
calculated fs for 1: [J@6bf491a6
calculated fs for 1: [J@6bf491a6
calculated fs for 1: [J@6bf491a6
calculated fs for 1: [J@6bf491a6
calculated fs for 1: [J@6bf491a6
calculated fs for 1: [J@6bf491a6
calculated fs for 1: [J@6bf491a6
calculated fs for 1: [J@6bf491a6
calculated fs for 1: [J@6bf491a6
calculated fs for 1: [J@6bf491a6
calculated fs for 1: [J@6bf491a6
calculated fs for 1: [J@6bf491a6
calculated fs for 1: [J@6bf491a6
calculated fs for 1: [J@6bf491a6
calculated fs for 1: [J@6bf491a6
calculated fs for 1: [J@6bf491a6
calculated fs for 1: [J@6bf491a6
calculated fs for 1: [J@6bf491a6
calculated fs for 1: [J@6bf491a6
calculated fs for 1: [J@6bf491a6
calculated fs for 1: [J@6bf491a6
calculated fs for 1: [J@6bf491a6
calculated fs for 1: [J@6bf491a6
calculated fs for 1: [J@6bf491a6
calculated fs for 1: [J@6bf491a6
calculated fs for 1: [J@6bf491a6
calculated fs for 1: [J@6bf491a6
calculated fs for 1: [J@6bf491a6
calculated fs for 1: [J@6bf491a6
calculated fs for 1: [J@6bf491a6
calculated fs for 1: [J@6bf491a6
calculated fs for 1: [J@6bf491a6
calculated fs for 1: [J@6bf491a6
calculated fs for 1: [J@6bf491a6
calculated fs for 1: [J@6bf491a6
calculated fs for 1: [J@6bf491a6
calculated fs for 1: [J@6bf491a6
calculated fs for 1: [J@6bf491a6
calculated fs for 1: [J@6bf491a6
calculated fs for 1: [J@6bf491a6
calculated fs for 1: [J@6bf491a6
calculated fs for 1: [J@6bf491a6
calculated fs for 1: [J@6bf491a6
calculated fs for 1: [J@6bf491a6
calculated fs for 1: [J@6bf491a6
calculated fs for 1: [J@6bf491a6
calculated fs for 1: [J@6bf491a6
calculated fs for 1: [J@6bf491a6
calculated fs for 1: [J@6bf491a6
calculated fs for 1: [J@6bf491a6
calculated fs for 1: [J@6bf491a6
calculated fs for 1: [J@6bf491a6
calculated fs for 1: [J@6bf491a6
calculated fs for 1: [J@6bf491a6
calculated fs for 1: [J@6bf491a6
calculated fs for 1: [J@6bf491a6
calculated fs for 1: [J@6bf491a6
calculated fs for 1: [J@6bf491a6
calculated fs for 1: [J@6bf491a6
calculated fs for 1: [J@6bf491a6
calculated fs for 1: [J@6bf491a6
calculated fs for 1: [J@6bf491a6
calculated fs for 1: [J@6bf491a6
calculated fs for 1: [J@6bf491a6
calculated fs for 1: [J@6bf491a6
calculated fs for 1: [J@6bf491a6
calculated fs for 1: [J@6bf491a6
calculated fs for 1: [J@6bf491a6
calculated fs for 1: [J@6bf491a6
calculated fs for 1: [J@6bf491a6
calculated fs for 1: [J@6bf491a6
calculated fs for 1: [J@6bf491a6
calculated fs for 1: [J@6bf491a6
calculated fs for 1: [J@6bf491a6
calculated fs for 1: [J@6bf491a6
calculated fs for 1: [J@6bf491a6
calculated fs for 1: [J@6bf491a6
calculated fs for 1: [J@6bf491a6
calculated fs for 1: [J@6bf491a6
calculated fs for 1: [J@6bf491a6
calculated fs for 1: [J@6bf491a6
calculated fs for 1: [J@6bf491a6
calculated fs for 1: [J@6bf491a6
calculated fs for 1: [J@6bf491a6
calculated fs for 1: [J@6bf491a6
calculated fs for 1: [J@6bf491a6
calculated fs for 1: [J@6bf491a6
calculated fs for 1: [J@6bf491a6
calculated fs for 1: [J@6bf491a6
calculated fs for 1: [J@6bf491a6
calculated fs for 1: [J@6bf491a6
calculated fs for 1: [J@6bf491a6
calculated fs for 1: [J@6bf491a6
calculated fs for 1: [J@6bf491a6
calculated fs for 1: [J@6bf491a6
calculated fs for 1: [J@6bf491a6
calculated fs for 1: [J@6bf491a6
calculated fs for 1: [J@6bf491a6
calculated fs for 1: [J@6bf491a6
calculated fs for 1: [J@6bf491a6
calculated fs for 1: [J@6bf491a6
calculated fs for 1: [J@6bf491a6
calculated fs for 1: [J@6bf491a6
calculated fs for 1: [J@6bf491a6
calculated fs for 1: [J@6bf491a6
calculated fs for 1: [J@6bf491a6
calculated fs for 1: [J@6bf491a6
calculated fs for 1: [J@6bf491a6
calculated fs for 1: [J@6bf491a6
calculated fs for 1: [J@6bf491a6
calculated fs for 1: [J@6bf491a6
calculated fs for 1: [J@6bf491a6
calculated fs for 1: [J@6bf491a6
calculated fs for 1: [J@6bf491a6
calculated fs for 1: [J@6bf491a6
calculated fs for 1: [J@6bf491a6
calculated fs for 1: [J@6bf491a6
calculated fs for 1: [J@6bf491a6
calculated fs for 1: [J@6bf491a6
calculated fs for 1: [J@6bf491a6
calculated fs for 1: [J@6bf491a6
calculated fs for 1: [J@6bf491a6
calculated fs for 1: [J@6bf491a6
calculated fs for 1: [J@6bf491a6
calculated fs for 1: [J@6bf491a6
calculated fs for 1: [J@6bf491a6
calculated fs for 1: [J@6bf491a6
calculated fs for 1: [J@6bf491a6
calculated fs for 1: [J@6bf491a6
calculated fs for 1: [J@6bf491a6
calculated fs for 1: [J@6bf491a6
calculated fs for 1: [J@6bf491a6
calculated fs for 1: [J@6bf491a6
calculated fs for 1: [J@6bf491a6
calculated fs for 1: [J@6bf491a6
calculated fs for 1: [J@6bf491a6
calculated fs for 1: [J@6bf491a6
calculated fs for 1: [J@6bf491a6
calculated fs for 1: [J@6bf491a6
calculated fs for 1: [J@6bf491a6
calculated fs for 1: [J@6bf491a6
calculated fs for 1: [J@6bf491a6
calculated fs for 1: [J@6bf491a6
calculated fs for 1: [J@6bf491a6
calculated fs for 1: [J@6bf491a6
calculated fs for 1: [J@6bf491a6
calculated fs for 1: [J@6bf491a6
calculated fs for 1: [J@6bf491a6
calculated fs for 1: [J@6bf491a6
calculated fs for 1: [J@6bf491a6
calculated fs for 1: [J@6bf491a6
calculated fs for 1: [J@6bf491a6
calculated fs for 1: [J@6bf491a6
calculated fs for 1: [J@6bf491a6
calculated fs for 1: [J@6bf491a6
calculated fs for 1: [J@6bf491a6
calculated fs for 1: [J@6bf491a6
calculated fs for 1: [J@6bf491a6
calculated fs for 1: [J@6bf491a6
calculated fs for 1: [J@6bf491a6
calculated fs for 1: [J@6bf491a6
calculated fs for 1: [J@6bf491a6
calculated fs for 1: [J@6bf491a6
calculated fs for 1: [J@6bf491a6
calculated fs for 1: [J@6bf491a6
calculated fs for 1: [J@6bf491a6
calculated fs for 1: [J@6bf491a6
calculated fs for 1: [J@6bf491a6
calculated fs for 1: [J@6bf491a6
calculated fs for 1: [J@6bf491a6
calculated fs for 1: [J@6bf491a6
calculated fs for 1: [J@6bf491a6
calculated fs for 1: [J@6bf491a6
calculated fs for 1: [J@6bf491a6
calculated fs for 1: [J@6bf491a6
calculated fs for 1: [J@6bf491a6
calculated fs for 1: [J@6bf491a6
calculated fs for 1: [J@6bf491a6
calculated fs for 1: [J@6bf491a6
calculated fs for 1: [J@6bf491a6
calculated fs for 1: [J@6bf491a6
calculated fs for 1: [J@6bf491a6
calculated fs for 1: [J@6bf491a6
calculated fs for 1: [J@6bf491a6
calculated fs for 1: [J@6bf491a6
calculated fs for 1: [J@6bf491a6
calculated fs for 1: [J@6bf491a6
calculated fs for 1: [J@6bf491a6
calculated fs for 1: [J@6bf491a6
calculated fs for 1: [J@6bf491a6
calculated fs for 1: [J@6bf491a6
calculated fs for 1: [J@6bf491a6
calculated fs for 1: [J@6bf491a6
calculated fs for 1: [J@6bf491a6
calculated fs for 1: [J@6bf491a6
calculated fs for 1: [J@6bf491a6
calculated fs for 1: [J@6bf491a6
calculated fs for 1: [J@6bf491a6
calculated fs for 1: [J@6bf491a6
calculated fs for 1: [J@6bf491a6
calculated fs for 1: [J@6bf491a6
calculated fs for 1: [J@6bf491a6
calculated fs for 1: [J@6bf491a6
calculated fs for 1: [J@6bf491a6
calculated fs for 1: [J@6bf491a6
calculated fs for 1: [J@6bf491a6
calculated fs for 1: [J@6bf491a6
calculated fs for 1: [J@6bf491a6
calculated fs for 1: [J@6bf491a6
calculated fs for 1: [J@6bf491a6
calculated fs for 1: [J@6bf491a6
calculated fs for 2: [J@58660a9
calculated fs for 2: [J@58660a9
calculated fs for 2: [J@58660a9
calculated fs for 2: [J@58660a9
calculated fs for 2: [J@58660a9
calculated fs for 2: [J@58660a9
calculated fs for 2: [J@58660a9
calculated fs for 2: [J@58660a9
calculated fs for 2: [J@58660a9
calculated fs for 2: [J@58660a9
calculated fs for 2: [J@58660a9
calculated fs for 2: [J@58660a9
calculated fs for 2: [J@58660a9
calculated fs for 2: [J@58660a9
calculated fs for 2: [J@58660a9
calculated fs for 2: [J@58660a9
calculated fs for 2: [J@58660a9
calculated fs for 2: [J@58660a9
calculated fs for 2: [J@58660a9
calculated fs for 2: [J@58660a9
calculated fs for 2: [J@58660a9
calculated fs for 2: [J@58660a9
calculated fs for 2: [J@58660a9
calculated fs for 2: [J@58660a9
calculated fs for 2: [J@58660a9
calculated fs for 2: [J@58660a9
calculated fs for 2: [J@58660a9
calculated fs for 2: [J@58660a9
calculated fs for 2: [J@58660a9
calculated fs for 2: [J@58660a9
calculated fs for 2: [J@58660a9
calculated fs for 2: [J@58660a9
calculated fs for 2: [J@58660a9
calculated fs for 2: [J@58660a9
calculated fs for 2: [J@58660a9
calculated fs for 2: [J@58660a9
calculated fs for 2: [J@58660a9
calculated fs for 2: [J@58660a9
calculated fs for 2: [J@58660a9
calculated fs for 2: [J@58660a9
calculated fs for 2: [J@58660a9
calculated fs for 2: [J@58660a9
calculated fs for 2: [J@58660a9
calculated fs for 2: [J@58660a9
calculated fs for 2: [J@58660a9
calculated fs for 2: [J@58660a9
calculated fs for 2: [J@58660a9
calculated fs for 2: [J@58660a9
calculated fs for 2: [J@58660a9
calculated fs for 2: [J@58660a9
calculated fs for 2: [J@58660a9
calculated fs for 2: [J@58660a9
calculated fs for 2: [J@58660a9
calculated fs for 2: [J@58660a9
calculated fs for 2: [J@58660a9
calculated fs for 2: [J@58660a9
calculated fs for 2: [J@58660a9
calculated fs for 2: [J@58660a9
calculated fs for 2: [J@58660a9
calculated fs for 2: [J@58660a9
calculated fs for 2: [J@58660a9
calculated fs for 2: [J@58660a9
calculated fs for 2: [J@58660a9
calculated fs for 2: [J@58660a9
calculated fs for 2: [J@58660a9
calculated fs for 2: [J@58660a9
calculated fs for 2: [J@58660a9
calculated fs for 2: [J@58660a9
calculated fs for 2: [J@58660a9
calculated fs for 2: [J@58660a9
calculated fs for 2: [J@58660a9
calculated fs for 2: [J@58660a9
calculated fs for 2: [J@58660a9
calculated fs for 2: [J@58660a9
calculated fs for 2: [J@58660a9
calculated fs for 2: [J@58660a9
calculated fs for 2: [J@58660a9
calculated fs for 2: [J@58660a9
calculated fs for 2: [J@58660a9
calculated fs for 2: [J@58660a9
calculated fs for 2: [J@58660a9
calculated fs for 2: [J@58660a9
calculated fs for 2: [J@58660a9
calculated fs for 2: [J@58660a9
calculated fs for 2: [J@58660a9
calculated fs for 2: [J@58660a9
calculated fs for 2: [J@58660a9
calculated fs for 2: [J@58660a9
calculated fs for 2: [J@58660a9
calculated fs for 2: [J@58660a9
calculated fs for 2: [J@58660a9
calculated fs for 2: [J@58660a9
calculated fs for 2: [J@58660a9
calculated fs for 2: [J@58660a9
calculated fs for 2: [J@58660a9
calculated fs for 2: [J@58660a9
calculated fs for 2: [J@58660a9
calculated fs for 2: [J@58660a9
calculated fs for 2: [J@58660a9
calculated fs for 2: [J@58660a9
calculated fs for 2: [J@58660a9
calculated fs for 2: [J@58660a9
calculated fs for 2: [J@58660a9
calculated fs for 2: [J@58660a9
calculated fs for 2: [J@58660a9
calculated fs for 2: [J@58660a9
calculated fs for 2: [J@58660a9
calculated fs for 2: [J@58660a9
calculated fs for 2: [J@58660a9
calculated fs for 2: [J@58660a9
calculated fs for 2: [J@58660a9
calculated fs for 2: [J@58660a9
calculated fs for 2: [J@58660a9
calculated fs for 2: [J@58660a9
calculated fs for 2: [J@58660a9
calculated fs for 2: [J@58660a9
calculated fs for 2: [J@58660a9
calculated fs for 2: [J@58660a9
calculated fs for 2: [J@58660a9
calculated fs for 2: [J@58660a9
calculated fs for 2: [J@58660a9
calculated fs for 2: [J@58660a9
calculated fs for 2: [J@58660a9
calculated fs for 2: [J@58660a9
calculated fs for 2: [J@58660a9
calculated fs for 2: [J@58660a9
calculated fs for 2: [J@58660a9
calculated fs for 2: [J@58660a9
calculated fs for 2: [J@58660a9
calculated fs for 2: [J@58660a9
calculated fs for 2: [J@58660a9
calculated fs for 2: [J@58660a9
calculated fs for 2: [J@58660a9
calculated fs for 2: [J@58660a9
calculated fs for 2: [J@58660a9
calculated fs for 2: [J@58660a9
calculated fs for 2: [J@58660a9
calculated fs for 2: [J@58660a9
calculated fs for 2: [J@58660a9
calculated fs for 2: [J@58660a9
calculated fs for 2: [J@58660a9
calculated fs for 2: [J@58660a9
calculated fs for 2: [J@58660a9
calculated fs for 2: [J@58660a9
calculated fs for 2: [J@58660a9
calculated fs for 2: [J@58660a9
calculated fs for 2: [J@58660a9
calculated fs for 2: [J@58660a9
calculated fs for 2: [J@58660a9
calculated fs for 2: [J@58660a9
calculated fs for 2: [J@58660a9
calculated fs for 2: [J@58660a9
calculated fs for 2: [J@58660a9
calculated fs for 2: [J@58660a9
calculated fs for 2: [J@58660a9
calculated fs for 2: [J@58660a9
calculated fs for 2: [J@58660a9
calculated fs for 2: [J@58660a9
calculated fs for 2: [J@58660a9
calculated fs for 2: [J@58660a9
calculated fs for 2: [J@58660a9
calculated fs for 2: [J@58660a9
calculated fs for 2: [J@58660a9
calculated fs for 2: [J@58660a9
calculated fs for 2: [J@58660a9
calculated fs for 2: [J@58660a9
calculated fs for 2: [J@58660a9
calculated fs for 2: [J@58660a9
calculated fs for 2: [J@58660a9
calculated fs for 2: [J@58660a9
calculated fs for 2: [J@58660a9
calculated fs for 2: [J@58660a9
calculated fs for 2: [J@58660a9
calculated fs for 2: [J@58660a9
calculated fs for 2: [J@58660a9
calculated fs for 2: [J@58660a9
calculated fs for 2: [J@58660a9
calculated fs for 2: [J@58660a9
calculated fs for 2: [J@58660a9
calculated fs for 2: [J@58660a9
calculated fs for 2: [J@58660a9
calculated fs for 2: [J@58660a9
calculated fs for 2: [J@58660a9
calculated fs for 2: [J@58660a9
calculated fs for 2: [J@58660a9
calculated fs for 2: [J@58660a9
calculated fs for 2: [J@58660a9
calculated fs for 2: [J@58660a9
calculated fs for 2: [J@58660a9
calculated fs for 2: [J@58660a9
calculated fs for 2: [J@58660a9
calculated fs for 2: [J@58660a9
calculated fs for 2: [J@58660a9
calculated fs for 2: [J@58660a9
calculated fs for 2: [J@58660a9
calculated fs for 2: [J@58660a9
calculated fs for 2: [J@58660a9
calculated fs for 2: [J@58660a9
calculated fs for 2: [J@58660a9
calculated fs for 2: [J@58660a9
calculated fs for 2: [J@58660a9
calculated fs for 2: [J@58660a9
calculated fs for 2: [J@58660a9
calculated fs for 2: [J@58660a9
calculated fs for 2: [J@58660a9
calculated fs for 2: [J@58660a9
calculated fs for 2: [J@58660a9
calculated fs for 2: [J@58660a9
calculated fs for 2: [J@58660a9
calculated fs for 2: [J@58660a9
calculated fs for 2: [J@58660a9
calculated fs for 2: [J@58660a9
calculated fs for 2: [J@58660a9
calculated fs for 2: [J@58660a9
calculated fs for 2: [J@58660a9
calculated fs for 2: [J@58660a9
calculated fs for 2: [J@58660a9
calculated fs for 2: [J@58660a9
calculated fs for 2: [J@58660a9
calculated fs for 2: [J@58660a9
calculated fs for 2: [J@58660a9
calculated fs for 2: [J@58660a9
calculated fs for 2: [J@58660a9
calculated fs for 2: [J@58660a9
calculated fs for 2: [J@58660a9
calculated fs for 2: [J@58660a9
calculated fs for 2: [J@58660a9
calculated fs for 2: [J@58660a9
calculated fs for 2: [J@58660a9
calculated fs for 2: [J@58660a9
calculated fs for 2: [J@58660a9
calculated fs for 2: [J@58660a9
calculated fs for 2: [J@58660a9
calculated fs for 2: [J@58660a9
calculated fs for 2: [J@58660a9
calculated fs for 2: [J@58660a9
calculated fs for 2: [J@58660a9
calculated fs for 2: [J@58660a9
calculated fs for 2: [J@58660a9
calculated fs for 2: [J@58660a9
calculated fs for 2: [J@58660a9
calculated fs for 2: [J@58660a9
calculated fs for 2: [J@58660a9
calculated fs for 2: [J@58660a9
calculated fs for 2: [J@58660a9
calculated fs for 2: [J@58660a9
calculated fs for 2: [J@58660a9
calculated fs for 2: [J@58660a9
calculated fs for 2: [J@58660a9
calculated fs for 2: [J@58660a9
calculated fs for 2: [J@58660a9
calculated fs for 2: [J@58660a9
calculated fs for 2: [J@58660a9
calculated fs for 2: [J@58660a9
calculated fs for 2: [J@58660a9
calculated fs for 2: [J@58660a9
calculated fs for 2: [J@58660a9
calculated fs for 2: [J@58660a9
calculated fs for 2: [J@58660a9
calculated fs for 2: [J@58660a9
calculated fs for 2: [J@58660a9
calculated fs for 2: [J@58660a9
calculated fs for 2: [J@58660a9
calculated fs for 2: [J@58660a9
calculated fs for 2: [J@58660a9
calculated fs for 2: [J@58660a9
calculated fs for 2: [J@58660a9
calculated fs for 2: [J@58660a9
calculated fs for 2: [J@58660a9
calculated fs for 2: [J@58660a9
calculated fs for 2: [J@58660a9
calculated fs for 2: [J@58660a9
calculated fs for 2: [J@58660a9
calculated fs for 2: [J@58660a9
calculated fs for 2: [J@58660a9
calculated fs for 2: [J@58660a9
calculated fs for 2: [J@58660a9
calculated fs for 2: [J@58660a9
calculated fs for 2: [J@58660a9
calculated fs for 2: [J@58660a9
calculated fs for 2: [J@58660a9
calculated fs for 2: [J@58660a9
calculated fs for 2: [J@58660a9
calculated fs for 2: [J@58660a9
calculated fs for 2: [J@58660a9
calculated fs for 2: [J@58660a9
calculated fs for 2: [J@58660a9
calculated fs for 2: [J@58660a9
calculated fs for 2: [J@58660a9
calculated fs for 2: [J@58660a9
calculated fs for 2: [J@58660a9
calculated fs for 2: [J@58660a9
calculated fs for 2: [J@58660a9
calculated fs for 2: [J@58660a9
calculated fs for 2: [J@58660a9
calculated fs for 2: [J@58660a9
calculated fs for 2: [J@58660a9
calculated fs for 2: [J@58660a9
calculated fs for 2: [J@58660a9
calculated fs for 2: [J@58660a9
calculated fs for 2: [J@58660a9
calculated fs for 2: [J@58660a9
calculated fs for 2: [J@58660a9
calculated fs for 2: [J@58660a9
calculated fs for 2: [J@58660a9
calculated fs for 2: [J@58660a9
calculated fs for 2: [J@58660a9
calculated fs for 2: [J@58660a9
calculated fs for 2: [J@58660a9
calculated fs for 2: [J@58660a9
calculated fs for 2: [J@58660a9
calculated fs for 2: [J@58660a9
calculated fs for 2: [J@58660a9
calculated fs for 2: [J@58660a9
calculated fs for 2: [J@58660a9
calculated fs for 2: [J@58660a9
calculated fs for 2: [J@58660a9
calculated fs for 2: [J@58660a9
calculated fs for 2: [J@58660a9
calculated fs for 2: [J@58660a9
calculated fs for 2: [J@58660a9
calculated fs for 2: [J@58660a9
calculated fs for 2: [J@58660a9
calculated fs for 2: [J@58660a9
calculated fs for 2: [J@58660a9
calculated fs for 2: [J@58660a9
calculated fs for 2: [J@58660a9
calculated fs for 2: [J@58660a9
calculated fs for 2: [J@58660a9
calculated fs for 2: [J@58660a9
calculated fs for 2: [J@58660a9
calculated fs for 2: [J@58660a9
calculated fs for 2: [J@58660a9
calculated fs for 2: [J@58660a9
calculated fs for 2: [J@58660a9
calculated fs for 2: [J@58660a9
calculated fs for 2: [J@58660a9
calculated fs for 2: [J@58660a9
calculated fs for 2: [J@58660a9
calculated fs for 2: [J@58660a9
calculated nfs for 0: [J@3933fa14
calculated nfs for 0: [J@3933fa14
calculated nfs for 1: [J@3675463
calculated nfs for 1: [J@3675463
calculated nfs for 2: [J@74d53153
calculated nfs for 2: [J@74d53153
calculated iMatrix for 12, 0, 0, 0: 0.173958666570586
calculated iMatrix for 12, 0, 0, 1: 0.19613252406490822
calculated iMatrix for 12, 0, 0, 2: -0.10236046449108849
calculated iMatrix for 12, 0, 0, 3: 0.39458346278874645
calculated iMatrix for 12, 0, 0, 4: -0.04502953275197996
calculated iMatrix for 12, 0, 0, 5: -0.04425283368380761
calculated iMatrix for 12, 0, 0, 6: -0.20933258404325628
calculated iMatrix for 12, 0, 0, 7: -0.018277347280547085
calculated iMatrix for 12, 0, 0, 8: -0.09600389873625303
calculated iMatrix for 12, 0, 0, 9: -0.26857541760611703
calculated iMatrix for 12, 0, 0, 10: 0.19613252406490822
calculated iMatrix for 12, 0, 0, 11: -0.09402173753226184
calculated iMatrix for 12, 0, 0, 12: -0.01928898115539135
calculated iMatrix for 12, 0, 0, 13: -0.2367315582313706
calculated iMatrix for 12, 0, 0, 14: 0.022860802790871437
calculated iMatrix for 12, 0, 0, 15: 0.04813570981202808
calculated iMatrix for 12, 0, 0, 16: -0.038268181773936094
calculated iMatrix for 12, 0, 0, 17: 0.12912181378194776
calculated iMatrix for 12, 0, 0, 18: -0.16488082147242245
calculated iMatrix for 12, 0, 0, 19: 0.29522342670913904
calculated iMatrix for 12, 0, 1, 0: -0.23343013562231674
calculated iMatrix for 12, 0, 1, 1: -0.46716169334535607
calculated iMatrix for 12, 0, 1, 2: 0.06551234164784392
calculated iMatrix for 12, 0, 1, 3: 0.17551323686217246
calculated iMatrix for 12, 0, 1, 4: 0.058262729841787375
calculated iMatrix for 12, 0, 1, 5: -0.024903544909736897
calculated iMatrix for 12, 0, 1, 6: -0.15526536277298042
calculated iMatrix for 12, 0, 1, 7: 0.10733702528177702
calculated iMatrix for 12, 0, 1, 8: 0.11275091512585689
calculated iMatrix for 12, 0, 1, 9: -0.07213146252977132
calculated iMatrix for 12, 0, 1, 10: 0.048496525258843626
calculated iMatrix for 12, 0, 1, 11: 0.027056194020974145
calculated iMatrix for 12, 0, 1, 12: 0.22353149825302265
calculated iMatrix for 12, 0, 1, 13: 0.08613162885057968
calculated iMatrix for 12, 0, 1, 14: -0.036313419911615186
calculated iMatrix for 12, 0, 1, 15: -0.10754988973331392
calculated iMatrix for 12, 0, 1, 16: -0.13263996325500194
calculated iMatrix for 12, 0, 1, 17: 0.10516074585918156
calculated iMatrix for 12, 0, 1, 18: 0.3502832038921665
calculated iMatrix for 12, 0, 1, 19: 0.10172283959383355
calculated iMatrix for 12, 0, 2, 0: 0.050344710603409504
calculated iMatrix for 12, 0, 2, 1: 1.5398672707660026
calculated iMatrix for 12, 0, 2, 2: -0.10963322382016827
calculated iMatrix for 12, 0, 2, 3: -0.25658546889380174
calculated iMatrix for 12, 0, 2, 4: 0.04444793673284342
calculated iMatrix for 12, 0, 2, 5: -0.05875972556388187
calculated iMatrix for 12, 0, 2, 6: -0.12381041060509435
calculated iMatrix for 12, 0, 2, 7: 0.03578987398972866
calculated iMatrix for 12, 0, 2, 8: 0.06551234164784392
calculated iMatrix for 12, 0, 2, 9: -0.22475705436888793
calculated iMatrix for 12, 0, 2, 10: -0.15106367591928038
calculated iMatrix for 12, 0, 2, 11: -0.1263356644722884
calculated iMatrix for 12, 0, 2, 12: 0.13504483208507
calculated iMatrix for 12, 0, 2, 13: -0.13137104257354437
calculated iMatrix for 12, 0, 2, 14: 0.3212956670189141
calculated iMatrix for 12, 0, 2, 15: 0.15357290964611214
calculated iMatrix for 12, 0, 2, 16: 0.13476357768861613
calculated iMatrix for 12, 0, 2, 17: 0.07265146729388694
calculated iMatrix for 12, 0, 2, 18: -0.12477519601519327
calculated iMatrix for 12, 0, 2, 19: -0.08049971220028784
calculated iMatrix for 12, 0, 3, 0: 0.013810967270953545
calculated iMatrix for 12, 0, 3, 1: 1.0274300431056709
calculated iMatrix for 12, 0, 3, 2: -0.11234031805594658
calculated iMatrix for 12, 0, 3, 3: -0.20933258404325628
calculated iMatrix for 12, 0, 3, 4: -0.23804268992568767
calculated iMatrix for 12, 0, 3, 5: -0.3102138088970364
calculated iMatrix for 12, 0, 3, 6: 0.267591488047053
calculated iMatrix for 12, 0, 3, 7: 0.09896877561126038
calculated iMatrix for 12, 0, 3, 8: -0.31287326298409657
calculated iMatrix for 12, 0, 3, 9: 0.16223097238922668
calculated iMatrix for 12, 0, 3, 10: 0.38850441671236424
calculated iMatrix for 12, 0, 3, 11: -0.2255931049150366
calculated iMatrix for 12, 0, 3, 12: 0.06260113144038548
calculated iMatrix for 12, 0, 3, 13: 0.1030421009988961
calculated iMatrix for 12, 0, 3, 14: 0.15357290964611214
calculated iMatrix for 12, 0, 3, 15: 8.237717441423875E-4
calculated iMatrix for 12, 0, 3, 16: -0.016141355012397773
calculated iMatrix for 12, 0, 3, 17: 0.10516074585918156
calculated iMatrix for 12, 0, 3, 18: 0.5561352580963151
calculated iMatrix for 12, 0, 3, 19: 0.3212956670189141
calculated iMatrix for 12, 0, 4, 0: -0.0036240945511479827
calculated iMatrix for 12, 0, 4, 1: 0.24614294463956943
calculated iMatrix for 12, 0, 4, 2: -0.03943354724785886
calculated iMatrix for 12, 0, 4, 3: -0.3296187499177582
calculated iMatrix for 12, 0, 4, 4: -0.062174939706968635
calculated iMatrix for 12, 0, 4, 5: -0.15774521525276297
calculated iMatrix for 12, 0, 4, 6: -0.17011187088997493
calculated iMatrix for 12, 0, 4, 7: -0.025409745882327806
calculated iMatrix for 12, 0, 4, 8: 0.04012827558832699
calculated iMatrix for 12, 0, 4, 9: 0.4631099231549979
calculated iMatrix for 12, 0, 4, 10: 0.17632989676872846
calculated iMatrix for 12, 0, 4, 11: 0.07834948840852463
calculated iMatrix for 12, 0, 4, 12: -0.17424126423198605
calculated iMatrix for 12, 0, 4, 13: 0.15612718945120896
calculated iMatrix for 12, 0, 4, 14: -0.157146830872686
calculated iMatrix for 12, 0, 4, 15: -0.042278499380089984
calculated iMatrix for 12, 0, 4, 16: 0.13476357768861613
calculated iMatrix for 12, 0, 4, 17: -0.1385635131550491
calculated iMatrix for 12, 0, 4, 18: 0.19613252406490822
calculated iMatrix for 12, 0, 4, 19: 0.19613252406490822
calculated iMatrix for 12, 0, 5, 0: 0.06382138784561486
calculated iMatrix for 12, 0, 5, 1: 0.12202455191118611
calculated iMatrix for 12, 0, 5, 2: -0.010203908932920336
calculated iMatrix for 12, 0, 5, 3: -0.1521741702033076
calculated iMatrix for 12, 0, 5, 4: -0.22995187124599192
calculated iMatrix for 12, 0, 5, 5: -0.1284804874141613
calculated iMatrix for 12, 0, 5, 6: 0.04952904987303275
calculated iMatrix for 12, 0, 5, 7: 0.1329536224433766
calculated iMatrix for 12, 0, 5, 8: 0.006642477792340951
calculated iMatrix for 12, 0, 5, 9: -2.4078618469691726E-4
calculated iMatrix for 12, 0, 5, 10: -0.30464276384758116
calculated iMatrix for 12, 0, 5, 11: -0.24108128235783655
calculated iMatrix for 12, 0, 5, 12: 0.31196433959002967
calculated iMatrix for 12, 0, 5, 13: 0.013810967270953545
calculated iMatrix for 12, 0, 5, 14: 0.07207987539492922
calculated iMatrix for 12, 0, 5, 15: 0.2871043022706349
calculated iMatrix for 12, 0, 5, 16: -0.03918156286955676
calculated iMatrix for 12, 0, 5, 17: -3.736677210030015E-4
calculated iMatrix for 12, 0, 5, 18: -0.20933258404325628
calculated iMatrix for 12, 0, 5, 19: 0.08201921729748707
calculated iMatrix for 12, 0, 6, 0: -0.06957064166809768
calculated iMatrix for 12, 0, 6, 1: 0.30861050749159846
calculated iMatrix for 12, 0, 6, 2: 0.4361865475274346
calculated iMatrix for 12, 0, 6, 3: 0.49799923150864533
calculated iMatrix for 12, 0, 6, 4: -0.3089624249920976
calculated iMatrix for 12, 0, 6, 5: -0.07580119141873365
calculated iMatrix for 12, 0, 6, 6: 0.23061870013607744
calculated iMatrix for 12, 0, 6, 7: -0.4492832536738473
calculated iMatrix for 12, 0, 6, 8: 0.2635738048604407
calculated iMatrix for 12, 0, 6, 9: -0.42117658010353265
calculated iMatrix for 12, 0, 6, 10: -0.5424770305717945
calculated iMatrix for 12, 0, 6, 11: 0.09815211570470439
calculated iMatrix for 12, 0, 6, 12: 0.291442703869233
calculated iMatrix for 12, 0, 6, 13: 0.22145033204919795
calculated iMatrix for 12, 0, 6, 14: 0.22892234688789903
calculated iMatrix for 12, 0, 6, 15: 0.1233731697824797
calculated iMatrix for 12, 0, 6, 16: -0.11655085059228998
calculated iMatrix for 12, 0, 6, 17: -0.10996011023005248
calculated iMatrix for 12, 0, 6, 18: -0.20933258404325628
calculated iMatrix for 12, 0, 6, 19: 0.2985475294929777
calculated iMatrix for 12, 0, 7, 0: 0.12713965257795656
calculated iMatrix for 12, 0, 7, 1: 0.023289711225497278
calculated iMatrix for 12, 0, 7, 2: -0.4525628939242034
calculated iMatrix for 12, 0, 7, 3: 0.018057258152404554
calculated iMatrix for 12, 0, 7, 4: 0.3269721250237193
calculated iMatrix for 12, 0, 7, 5: 0.2086326868291396
calculated iMatrix for 12, 0, 7, 6: 0.14734235989547606
calculated iMatrix for 12, 0, 7, 7: -0.2825359880665512
calculated iMatrix for 12, 0, 7, 8: 0.17462631884394464
calculated iMatrix for 12, 0, 7, 9: -0.06523224006949935
calculated iMatrix for 12, 0, 7, 10: -0.39165414083721084
calculated iMatrix for 12, 0, 7, 11: 0.023598973637116383
calculated iMatrix for 12, 0, 7, 12: 0.5274896600193507
calculated iMatrix for 12, 0, 7, 13: 0.2338728520477552
calculated iMatrix for 12, 0, 7, 14: -0.18634306581855742
calculated iMatrix for 12, 0, 7, 15: 0.12713965257795656
calculated iMatrix for 12, 0, 7, 16: -0.16186604680433248
calculated iMatrix for 12, 0, 7, 17: -0.04502953275197996
calculated iMatrix for 12, 0, 7, 18: 0.013810967270953545
calculated iMatrix for 12, 0, 7, 19: 0.13897411022495965
calculated iMatrix for 12, 0, 8, 0: NaN
calculated iMatrix for 12, 0, 8, 1: NaN
calculated iMatrix for 12, 0, 8, 2: NaN
calculated iMatrix for 12, 0, 8, 3: NaN
calculated iMatrix for 12, 0, 8, 4: NaN
calculated iMatrix for 12, 0, 8, 5: NaN
calculated iMatrix for 12, 0, 8, 6: NaN
calculated iMatrix for 12, 0, 8, 7: NaN
calculated iMatrix for 12, 0, 8, 8: NaN
calculated iMatrix for 12, 0, 8, 9: NaN
calculated iMatrix for 12, 0, 8, 10: NaN
calculated iMatrix for 12, 0, 8, 11: NaN
calculated iMatrix for 12, 0, 8, 12: -7.115889314368573E-5
calculated iMatrix for 12, 0, 8, 13: NaN
calculated iMatrix for 12, 0, 8, 14: NaN
calculated iMatrix for 12, 0, 8, 15: NaN
calculated iMatrix for 12, 0, 8, 16: NaN
calculated iMatrix for 12, 0, 8, 17: NaN
calculated iMatrix for 12, 0, 8, 18: NaN
calculated iMatrix for 12, 0, 8, 19: NaN
calculated iMatrix for 12, 0, 9, 0: -0.5249234446121138
calculated iMatrix for 12, 0, 9, 1: -0.18335709763999553
calculated iMatrix for 12, 0, 9, 2: 0.5189059163279593
calculated iMatrix for 12, 0, 9, 3: -0.5848760122863714
calculated iMatrix for 12, 0, 9, 4: -0.013840564059556582
calculated iMatrix for 12, 0, 9, 5: 1.0722323753558176
calculated iMatrix for 12, 0, 9, 6: 0.21448166273310465
calculated iMatrix for 12, 0, 9, 7: -0.7377245315271461
calculated iMatrix for 12, 0, 9, 8: 0.18050720616182725
calculated iMatrix for 12, 0, 9, 9: -0.5806646857819622
calculated iMatrix for 12, 0, 9, 10: -0.5104376768271779
calculated iMatrix for 12, 0, 9, 11: 0.3738137013023607
calculated iMatrix for 12, 0, 9, 12: 2.225741691996868
calculated iMatrix for 12, 0, 9, 13: -0.28344055619697806
calculated iMatrix for 12, 0, 9, 14: -0.13137104257354437
calculated iMatrix for 12, 0, 9, 15: 0.005557825514233117
calculated iMatrix for 12, 0, 9, 16: 0.5393844476714998
calculated iMatrix for 12, 0, 9, 17: -0.2384891683347118
calculated iMatrix for 12, 0, 9, 18: -0.28729412551296807
calculated iMatrix for 12, 0, 9, 19: 0.0976924512516556
calculated iMatrix for 12, 0, 10, 0: -0.2391855471929374
calculated iMatrix for 12, 0, 10, 1: -0.046813654545481254
calculated iMatrix for 12, 0, 10, 2: 0.14734235989547606
calculated iMatrix for 12, 0, 10, 3: -0.004538171397242996
calculated iMatrix for 12, 0, 10, 4: -0.27677386483878874
calculated iMatrix for 12, 0, 10, 5: 0.34594480229356817
calculated iMatrix for 12, 0, 10, 6: 0.32966391668943074
calculated iMatrix for 12, 0, 10, 7: -0.02999165538743942
calculated iMatrix for 12, 0, 10, 8: 0.0407184201908779
calculated iMatrix for 12, 0, 10, 9: -0.4696156823069227
calculated iMatrix for 12, 0, 10, 10: -0.6305460491195598
calculated iMatrix for 12, 0, 10, 11: 0.19613252406490822
calculated iMatrix for 12, 0, 10, 12: 1.3747875204065543
calculated iMatrix for 12, 0, 10, 13: -0.3428639766677789
calculated iMatrix for 12, 0, 10, 14: 0.05979608051277685
calculated iMatrix for 12, 0, 10, 15: 0.24614294463956943
calculated iMatrix for 12, 0, 10, 16: 0.013810967270953545
calculated iMatrix for 12, 0, 10, 17: -0.20339784852344167
calculated iMatrix for 12, 0, 10, 18: 0.3212956670189141
calculated iMatrix for 12, 0, 10, 19: 0.02907843940174193
calculated iMatrix for 12, 0, 11, 0: -0.4233436517941934
calculated iMatrix for 12, 0, 11, 1: -0.17424126423198605
calculated iMatrix for 12, 0, 11, 2: -0.1544168264471416
calculated iMatrix for 12, 0, 11, 3: -0.0896680802871671
calculated iMatrix for 12, 0, 11, 4: 0.003760631417452087
calculated iMatrix for 12, 0, 11, 5: 0.6363405806169454
calculated iMatrix for 12, 0, 11, 6: 0.19613252406490822
calculated iMatrix for 12, 0, 11, 7: -0.22508094101139542
calculated iMatrix for 12, 0, 11, 8: -0.3409089418319756
calculated iMatrix for 12, 0, 11, 9: -0.19828274785667133
calculated iMatrix for 12, 0, 11, 10: 0.0336135945671332
calculated iMatrix for 12, 0, 11, 11: 0.3801361670418476
calculated iMatrix for 12, 0, 11, 12: 0.7504432597706377
calculated iMatrix for 12, 0, 11, 13: -0.34816902889747203
calculated iMatrix for 12, 0, 11, 14: -0.05518190421599789
calculated iMatrix for 12, 0, 11, 15: 0.2192549414857624
calculated iMatrix for 12, 0, 11, 16: 0.43777065801528214
calculated iMatrix for 12, 0, 11, 17: -0.2645952627183057
calculated iMatrix for 12, 0, 11, 18: -0.20933258404325628
calculated iMatrix for 12, 0, 11, 19: 0.5215549244995362
calculated iMatrix for 12, 0, 12, 0: -0.39165414083721084
calculated iMatrix for 12, 0, 12, 1: 0.3784540808588627
calculated iMatrix for 12, 0, 12, 2: 0.1285392329323799
calculated iMatrix for 12, 0, 12, 3: -0.24517871581639206
calculated iMatrix for 12, 0, 12, 4: 0.21675181126764376
calculated iMatrix for 12, 0, 12, 5: -0.19223815068395622
calculated iMatrix for 12, 0, 12, 6: 0.03578987398972866
calculated iMatrix for 12, 0, 12, 7: 0.5519524016839071
calculated iMatrix for 12, 0, 12, 8: -0.3696752341184356
calculated iMatrix for 12, 0, 12, 9: 0.003760631417452087
calculated iMatrix for 12, 0, 12, 10: 0.2896585820757315
calculated iMatrix for 12, 0, 12, 11: 0.2806899120929712
calculated iMatrix for 12, 0, 12, 12: 0.5662582657277636
calculated iMatrix for 12, 0, 12, 13: -0.23286308145345036
calculated iMatrix for 12, 0, 12, 14: -0.03943354724785886
calculated iMatrix for 12, 0, 12, 15: 0.1615269948874326
calculated iMatrix for 12, 0, 12, 16: 0.16290687643658763
calculated iMatrix for 12, 0, 12, 17: 0.03578987398972866
calculated iMatrix for 12, 0, 12, 18: -0.0016932192650116473
calculated iMatrix for 12, 0, 12, 19: -0.18634306581855742
calculated iMatrix for 12, 0, 13, 0: -0.11402240423893129
calculated iMatrix for 12, 0, 13, 1: 0.08791893942467544
calculated iMatrix for 12, 0, 13, 2: 0.08739932392844263
calculated iMatrix for 12, 0, 13, 3: -0.17519957767379768
calculated iMatrix for 12, 0, 13, 4: 0.15245746056224652
calculated iMatrix for 12, 0, 13, 5: 0.2410839119271745
calculated iMatrix for 12, 0, 13, 6: -0.20933258404325628
calculated iMatrix for 12, 0, 13, 7: 0.19016235707840423
calculated iMatrix for 12, 0, 13, 8: -0.11564709996593325
calculated iMatrix for 12, 0, 13, 9: -0.39000261279873794
calculated iMatrix for 12, 0, 13, 10: -0.1292898763697199
calculated iMatrix for 12, 0, 13, 11: 0.11389442582793607
calculated iMatrix for 12, 0, 13, 12: 0.21188088103304714
calculated iMatrix for 12, 0, 13, 13: -0.08571862807607966
calculated iMatrix for 12, 0, 13, 14: -0.11789837808362436
calculated iMatrix for 12, 0, 13, 15: -7.81448897135828E-5
calculated iMatrix for 12, 0, 13, 16: 0.5864687505767724
calculated iMatrix for 12, 0, 13, 17: 0.09753054726036858
calculated iMatrix for 12, 0, 13, 18: -0.39165414083721084
calculated iMatrix for 12, 0, 13, 19: -0.0209319811729195
calculated iMatrix for 12, 0, 14, 0: -0.1889237124120492
calculated iMatrix for 12, 0, 14, 1: 0.5378818177869648
calculated iMatrix for 12, 0, 14, 2: 0.29522342670913904
calculated iMatrix for 12, 0, 14, 3: 0.4032757340326768
calculated iMatrix for 12, 0, 14, 4: -0.01928898115539135
calculated iMatrix for 12, 0, 14, 5: -0.1421932812056277
calculated iMatrix for 12, 0, 14, 6: 0.1496125084300154
calculated iMatrix for 12, 0, 14, 7: -0.3890260184309414
calculated iMatrix for 12, 0, 14, 8: 0.2639551204036693
calculated iMatrix for 12, 0, 14, 9: -0.2567348229378401
calculated iMatrix for 12, 0, 14, 10: -0.25892952518262835
calculated iMatrix for 12, 0, 14, 11: -0.10085194104918638
calculated iMatrix for 12, 0, 14, 12: 0.158392196082061
calculated iMatrix for 12, 0, 14, 13: 0.046600790093944466
calculated iMatrix for 12, 0, 14, 14: -0.06362077286186252
calculated iMatrix for 12, 0, 14, 15: 0.1358733325467113
calculated iMatrix for 12, 0, 14, 16: 0.4390787026752977
calculated iMatrix for 12, 0, 14, 17: -0.07060637454162966
calculated iMatrix for 12, 0, 14, 18: -0.03748232711659705
calculated iMatrix for 12, 0, 14, 19: -0.031651406805803806
calculated iMatrix for 12, 0, 15, 0: -0.08012085256324997
calculated iMatrix for 12, 0, 15, 1: 0.13550790224847342
calculated iMatrix for 12, 0, 15, 2: 0.13694365267457742
calculated iMatrix for 12, 0, 15, 3: -0.16713222955287976
calculated iMatrix for 12, 0, 15, 4: 0.24265253969980105
calculated iMatrix for 12, 0, 15, 5: -0.16989085199195963
calculated iMatrix for 12, 0, 15, 6: 0.10912114707527831
calculated iMatrix for 12, 0, 15, 7: -0.04354032920051221
calculated iMatrix for 12, 0, 15, 8: -0.2699572058596911
calculated iMatrix for 12, 0, 15, 9: 0.03143256862077293
calculated iMatrix for 12, 0, 15, 10: -0.04025625399932231
calculated iMatrix for 12, 0, 15, 11: 0.08125224806648601
calculated iMatrix for 12, 0, 15, 12: 0.2532909379048568
calculated iMatrix for 12, 0, 15, 13: -0.15856025866983314
calculated iMatrix for 12, 0, 15, 14: 0.10700474416890071
calculated iMatrix for 12, 0, 15, 15: 0.12988313852370748
calculated iMatrix for 12, 0, 15, 16: -0.006391740046565841
calculated iMatrix for 12, 0, 15, 17: 0.041126777917916524
calculated iMatrix for 12, 0, 15, 18: 0.12713965257795656
calculated iMatrix for 12, 0, 15, 19: -0.05905038099391835
calculated iMatrix for 12, 0, 16, 0: -0.2501545785635114
calculated iMatrix for 12, 0, 16, 1: 0.19613252406490822
calculated iMatrix for 12, 0, 16, 2: 0.060000349740328085
calculated iMatrix for 12, 0, 16, 3: -0.011506840713336408
calculated iMatrix for 12, 0, 16, 4: 0.18086505193411961
calculated iMatrix for 12, 0, 16, 5: -0.1344312758701386
calculated iMatrix for 12, 0, 16, 6: -0.048989933968076826
calculated iMatrix for 12, 0, 16, 7: 0.11445449305064093
calculated iMatrix for 12, 0, 16, 8: -0.329960571831871
calculated iMatrix for 12, 0, 16, 9: 0.11917148292877966
calculated iMatrix for 12, 0, 16, 10: 0.14206530279463225
calculated iMatrix for 12, 0, 16, 11: 0.009356616921573191
calculated iMatrix for 12, 0, 16, 12: 0.10432497481178526
calculated iMatrix for 12, 0, 16, 13: -0.3337867585166622
calculated iMatrix for 12, 0, 16, 14: -0.06623174040258306
calculated iMatrix for 12, 0, 16, 15: 0.07174880437717257
calculated iMatrix for 12, 0, 16, 16: 0.11706400058921507
calculated iMatrix for 12, 0, 16, 17: 0.04752202461326527
calculated iMatrix for 12, 0, 16, 18: 0.5326047606861212
calculated iMatrix for 12, 0, 16, 19: 0.3049353839137071
calculated iMatrix for 12, 1, 0, 0: -0.11342992495176141
calculated iMatrix for 12, 1, 0, 1: -0.5515658153494747
calculated iMatrix for 12, 1, 0, 2: 0.11582886910805579
calculated iMatrix for 12, 1, 0, 3: -0.3059494081832064
calculated iMatrix for 12, 1, 0, 4: 0.16941616420391448
calculated iMatrix for 12, 1, 0, 5: 0.18414097962926657
calculated iMatrix for 12, 1, 0, 6: -0.5245371429615555
calculated iMatrix for 12, 1, 0, 7: 0.09423524461327215
calculated iMatrix for 12, 1, 0, 8: -0.36924425855552023
calculated iMatrix for 12, 1, 0, 9: 0.07012240122832569
calculated iMatrix for 12, 1, 0, 10: -0.3002513870685686
calculated iMatrix for 12, 1, 0, 11: 0.25673627846058467
calculated iMatrix for 12, 1, 0, 12: 0.30802957284813504
calculated iMatrix for 12, 1, 0, 13: 0.3212398045849416
calculated iMatrix for 12, 1, 0, 14: 0.06244404465174691
calculated iMatrix for 12, 1, 0, 15: 0.07205530256186021
calculated iMatrix for 12, 1, 0, 16: 0.2405764870012208
calculated iMatrix for 12, 1, 0, 17: -0.33238266525136195
calculated iMatrix for 12, 1, 0, 18: -0.9192905954747919
calculated iMatrix for 12, 1, 0, 19: -0.19489087141074224
calculated iMatrix for 12, 1, 1, 0: 0.028974441031877074
calculated iMatrix for 12, 1, 1, 1: 0.630428082257686
calculated iMatrix for 12, 1, 1, 2: -0.09170663517551159
calculated iMatrix for 12, 1, 1, 3: -0.058131934295353016
calculated iMatrix for 12, 1, 1, 4: -0.34904155123800074
calculated iMatrix for 12, 1, 1, 5: 0.18916014219360555
calculated iMatrix for 12, 1, 1, 6: 0.036220849552644374
calculated iMatrix for 12, 1, 1, 7: -0.046571111894277095
calculated iMatrix for 12, 1, 1, 8: 0.28161000981417383
calculated iMatrix for 12, 1, 1, 9: 0.004722182493273497
calculated iMatrix for 12, 1, 1, 10: -1.227905877593039
calculated iMatrix for 12, 1, 1, 11: -0.10527871272105527
calculated iMatrix for 12, 1, 1, 12: 0.0538757847913649
calculated iMatrix for 12, 1, 1, 13: -0.22306174837743864
calculated iMatrix for 12, 1, 1, 14: -0.13171196978921085
calculated iMatrix for 12, 1, 1, 15: 0.1640542210625291
calculated iMatrix for 12, 1, 1, 16: 0.28203320067956694
calculated iMatrix for 12, 1, 1, 17: -0.26705331765897267
calculated iMatrix for 12, 1, 1, 18: -0.36924425855552023
calculated iMatrix for 12, 1, 1, 19: -0.10687999408802895
calculated iMatrix for 12, 1, 2, 0: -0.03714952345275524
calculated iMatrix for 12, 1, 2, 1: -Infinity
calculated iMatrix for 12, 1, 2, 2: 0.21630491140640706
calculated iMatrix for 12, 1, 2, 3: 0.022317944383652755
calculated iMatrix for 12, 1, 2, 4: -0.36255527040472346
calculated iMatrix for 12, 1, 2, 5: 0.23610753870258683
calculated iMatrix for 12, 1, 2, 6: 0.19767083186151413
calculated iMatrix for 12, 1, 2, 7: 0.11172840206078938
calculated iMatrix for 12, 1, 2, 8: -0.09170663517551159
calculated iMatrix for 12, 1, 2, 9: 0.23006803137842313
calculated iMatrix for 12, 1, 2, 10: 0.23956177357067432
calculated iMatrix for 12, 1, 2, 11: 0.05642355687016387
calculated iMatrix for 12, 1, 2, 12: -0.12078289925702057
calculated iMatrix for 12, 1, 2, 13: -0.328422264035265
calculated iMatrix for 12, 1, 2, 14: -0.0699393462757465
calculated iMatrix for 12, 1, 2, 15: -0.07710783575435887
calculated iMatrix for 12, 1, 2, 16: -0.29350599892903695
calculated iMatrix for 12, 1, 2, 17: 0.08634523673521288
calculated iMatrix for 12, 1, 2, 18: -0.6767289583034808
calculated iMatrix for 12, 1, 2, 19: 0.033367780570237926
calculated iMatrix for 12, 1, 3, 0: -0.007950368760492932
calculated iMatrix for 12, 1, 3, 1: -1.384474938284579
calculated iMatrix for 12, 1, 3, 2: 0.42414833699548105
calculated iMatrix for 12, 1, 3, 3: 0.216804786448058
calculated iMatrix for 12, 1, 3, 4: -0.6367236236897815
calculated iMatrix for 12, 1, 3, 5: 0.48535290431329514
calculated iMatrix for 12, 1, 3, 6: -0.4967575788544796
calculated iMatrix for 12, 1, 3, 7: -0.22523802780003432
calculated iMatrix for 12, 1, 3, 8: 0.19037152937990265
calculated iMatrix for 12, 1, 3, 9: -0.5792492440978916
calculated iMatrix for 12, 1, 3, 10: -1.7555386196754106
calculated iMatrix for 12, 1, 3, 11: 0.15993050387866714
calculated iMatrix for 12, 1, 3, 12: 0.1705689020837231
calculated iMatrix for 12, 1, 3, 13: -0.16590333453748984
calculated iMatrix for 12, 1, 3, 14: -0.5176642636737934
calculated iMatrix for 12, 1, 3, 15: 0.29803354202600807
calculated iMatrix for 12, 1, 3, 16: 0.06623192796868382
calculated iMatrix for 12, 1, 3, 17: 0.009903541235270819
calculated iMatrix for 12, 1, 3, 18: -0.10527871272105527
calculated iMatrix for 12, 1, 3, 19: 0.024857090902329126
calculated iMatrix for 12, 1, 4, 0: -0.04074019158348419
calculated iMatrix for 12, 1, 4, 1: -0.12589799992379103
calculated iMatrix for 12, 1, 4, 2: 0.1723530238772244
calculated iMatrix for 12, 1, 4, 3: -0.1408236501404665
calculated iMatrix for 12, 1, 4, 4: -0.008479329365262522
calculated iMatrix for 12, 1, 4, 5: 0.2781104436879094
calculated iMatrix for 12, 1, 4, 6: 0.0018194228353118902
calculated iMatrix for 12, 1, 4, 7: 0.255025999268256
calculated iMatrix for 12, 1, 4, 8: -0.06168336542872721
calculated iMatrix for 12, 1, 4, 9: -0.7199011301686893
calculated iMatrix for 12, 1, 4, 10: -0.903786408938827
calculated iMatrix for 12, 1, 4, 11: -0.14610070724131008
calculated iMatrix for 12, 1, 4, 12: -0.26705331765897267
calculated iMatrix for 12, 1, 4, 13: -0.14610070724131008
calculated iMatrix for 12, 1, 4, 14: 0.1705689020837231
calculated iMatrix for 12, 1, 4, 15: -0.2122826141226115
calculated iMatrix for 12, 1, 4, 16: 0.1781389609442683
calculated iMatrix for 12, 1, 4, 17: 0.47409747367246746
calculated iMatrix for 12, 1, 4, 18: 0.3647249165246804
calculated iMatrix for 12, 1, 4, 19: -0.0907506121581454
calculated iMatrix for 12, 1, 5, 0: -0.5937985789727476
calculated iMatrix for 12, 1, 5, 1: -0.34904155123800074
calculated iMatrix for 12, 1, 5, 2: 0.09902175079167463
calculated iMatrix for 12, 1, 5, 3: -0.0512666045704715
calculated iMatrix for 12, 1, 5, 4: 0.1376674658893342
calculated iMatrix for 12, 1, 5, 5: 0.46929772044425744
calculated iMatrix for 12, 1, 5, 6: 0.10521372103959559
calculated iMatrix for 12, 1, 5, 7: -0.023040614484083122
calculated iMatrix for 12, 1, 5, 8: -0.1920858204831335
calculated iMatrix for 12, 1, 5, 9: -0.14979756912263653
calculated iMatrix for 12, 1, 5, 10: 0.383417049536833
calculated iMatrix for 12, 1, 5, 11: 0.16941616420391448
calculated iMatrix for 12, 1, 5, 12: -0.48904545836814073
calculated iMatrix for 12, 1, 5, 13: -0.77914396373155
calculated iMatrix for 12, 1, 5, 14: -0.3508951198873236
calculated iMatrix for 12, 1, 5, 15: -0.18806490634034256
calculated iMatrix for 12, 1, 5, 16: 0.4460705559786329
calculated iMatrix for 12, 1, 5, 17: 0.18240335973072574
calculated iMatrix for 12, 1, 5, 18: 0.4825079521810638
calculated iMatrix for 12, 1, 5, 19: -0.08599678317160508
calculated iMatrix for 12, 1, 6, 0: -0.04555947801943283
calculated iMatrix for 12, 1, 6, 1: -0.2594293925483133
calculated iMatrix for 12, 1, 6, 2: -0.8241342499912077
calculated iMatrix for 12, 1, 6, 3: -0.464554438359845
calculated iMatrix for 12, 1, 6, 4: 0.4000642829699892
calculated iMatrix for 12, 1, 6, 5: 0.5093061453357879
calculated iMatrix for 12, 1, 6, 6: -0.5245371429615555
calculated iMatrix for 12, 1, 6, 7: 0.5778181319853886
calculated iMatrix for 12, 1, 6, 8: -0.1101686980152472
calculated iMatrix for 12, 1, 6, 9: 0.11172840206078938
calculated iMatrix for 12, 1, 6, 10: 0.194825879729283
calculated iMatrix for 12, 1, 6, 11: -0.43185785128350673
calculated iMatrix for 12, 1, 6, 12: -1.003550939092532
calculated iMatrix for 12, 1, 6, 13: -0.656926331007301
calculated iMatrix for 12, 1, 6, 14: -0.06813916577159818
calculated iMatrix for 12, 1, 6, 15: -0.12589799992379103
calculated iMatrix for 12, 1, 6, 16: 0.05235023148252793
calculated iMatrix for 12, 1, 6, 17: 0.337325942336566
calculated iMatrix for 12, 1, 6, 18: 0.6748798448285198
calculated iMatrix for 12, 1, 6, 19: -0.4609114470813438
calculated iMatrix for 12, 1, 7, 0: -0.024142300174446074
calculated iMatrix for 12, 1, 7, 1: -0.10229808458291734
calculated iMatrix for 12, 1, 7, 2: -0.7245849794811159
calculated iMatrix for 12, 1, 7, 3: 0.17548291688615203
calculated iMatrix for 12, 1, 7, 4: -0.18692270176156534
calculated iMatrix for 12, 1, 7, 5: -0.17207619364457116
calculated iMatrix for 12, 1, 7, 6: -0.5127259820332108
calculated iMatrix for 12, 1, 7, 7: 0.471060566340713
calculated iMatrix for 12, 1, 7, 8: 0.34567672155398577
calculated iMatrix for 12, 1, 7, 9: 0.0838225310582783
calculated iMatrix for 12, 1, 7, 10: 0.6901473169593084
calculated iMatrix for 12, 1, 7, 11: -1.0967928658327977
calculated iMatrix for 12, 1, 7, 12: -1.7007303831804155
calculated iMatrix for 12, 1, 7, 13: 0.08751414394019497
calculated iMatrix for 12, 1, 7, 14: 0.38242449362408126
calculated iMatrix for 12, 1, 7, 15: -0.8342353459777114
calculated iMatrix for 12, 1, 7, 16: 0.13137719503622902
calculated iMatrix for 12, 1, 7, 17: 0.7161228033625688
calculated iMatrix for 12, 1, 7, 18: 0.1087915423874799
calculated iMatrix for 12, 1, 7, 19: -0.10687999408802895
calculated iMatrix for 12, 1, 8, 0: NaN
calculated iMatrix for 12, 1, 8, 1: NaN
calculated iMatrix for 12, 1, 8, 2: NaN
calculated iMatrix for 12, 1, 8, 3: NaN
calculated iMatrix for 12, 1, 8, 4: NaN
calculated iMatrix for 12, 1, 8, 5: NaN
calculated iMatrix for 12, 1, 8, 6: NaN
calculated iMatrix for 12, 1, 8, 7: NaN
calculated iMatrix for 12, 1, 8, 8: NaN
calculated iMatrix for 12, 1, 8, 9: NaN
calculated iMatrix for 12, 1, 8, 10: NaN
calculated iMatrix for 12, 1, 8, 11: NaN
calculated iMatrix for 12, 1, 8, 12: 5.320071441374807E-4
calculated iMatrix for 12, 1, 8, 13: NaN
calculated iMatrix for 12, 1, 8, 14: NaN
calculated iMatrix for 12, 1, 8, 15: NaN
calculated iMatrix for 12, 1, 8, 16: NaN
calculated iMatrix for 12, 1, 8, 17: NaN
calculated iMatrix for 12, 1, 8, 18: NaN
calculated iMatrix for 12, 1, 8, 19: NaN
calculated iMatrix for 12, 1, 9, 0: 0.2607939936764485
calculated iMatrix for 12, 1, 9, 1: 0.7042320568410474
calculated iMatrix for 12, 1, 9, 2: -1.0298682474099055
calculated iMatrix for 12, 1, 9, 3: -1.4069938018199286
calculated iMatrix for 12, 1, 9, 4: 0.27701933610557483
calculated iMatrix for 12, 1, 9, 5: -0.6796658179767903
calculated iMatrix for 12, 1, 9, 6: -0.4535854069892711
calculated iMatrix for 12, 1, 9, 7: 0.925604128506875
calculated iMatrix for 12, 1, 9, 8: -0.25431429188154286
calculated iMatrix for 12, 1, 9, 9: 0.7847181251957545
calculated iMatrix for 12, 1, 9, 10: 0.7293680301125895
calculated iMatrix for 12, 1, 9, 11: -0.14610070724131008
calculated iMatrix for 12, 1, 9, 12: -Infinity
calculated iMatrix for 12, 1, 9, 13: -0.4825729438625235
calculated iMatrix for 12, 1, 9, 14: -0.4554219547965723
calculated iMatrix for 12, 1, 9, 15: -0.303104456050975
calculated iMatrix for 12, 1, 9, 16: -0.18892070442423847
calculated iMatrix for 12, 1, 9, 17: 0.8605126629261304
calculated iMatrix for 12, 1, 9, 18: 0.01641822225646461
calculated iMatrix for 12, 1, 9, 19: 0.057994649102204754
calculated iMatrix for 12, 1, 10, 0: 0.06574328881896596
calculated iMatrix for 12, 1, 10, 1: -0.18532142039459165
calculated iMatrix for 12, 1, 10, 2: 0.02928841277699945
calculated iMatrix for 12, 1, 10, 3: 0.12356285970779224
calculated iMatrix for 12, 1, 10, 4: -0.05768974989725706
calculated iMatrix for 12, 1, 10, 5: 0.2411109605575037
calculated iMatrix for 12, 1, 10, 6: -0.7114145162913705
calculated iMatrix for 12, 1, 10, 7: -0.22998219122201258
calculated iMatrix for 12, 1, 10, 8: -0.2483795563617286
calculated iMatrix for 12, 1, 10, 9: -0.21663085804714832
calculated iMatrix for 12, 1, 10, 10: 0.1793216931933177
calculated iMatrix for 12, 1, 10, 11: -0.07199273508758841
calculated iMatrix for 12, 1, 10, 12: -0.4337827796930913
calculated iMatrix for 12, 1, 10, 13: -0.49146189127976925
calculated iMatrix for 12, 1, 10, 14: -0.06813916577159818
calculated iMatrix for 12, 1, 10, 15: 0.21057423669742192
calculated iMatrix for 12, 1, 10, 16: 0.3309867768928303
calculated iMatrix for 12, 1, 10, 17: 0.22405758703470924
calculated iMatrix for 12, 1, 10, 18: -0.458475392283463
calculated iMatrix for 12, 1, 10, 19: -0.024739850237042837
calculated iMatrix for 12, 1, 11, 0: -0.5403925147513493
calculated iMatrix for 12, 1, 11, 1: -0.12078289925702057
calculated iMatrix for 12, 1, 11, 2: 0.5408159235679988
calculated iMatrix for 12, 1, 11, 3: 0.3025931354176743
calculated iMatrix for 12, 1, 11, 4: -0.20279605091785546
calculated iMatrix for 12, 1, 11, 5: -0.03628584123410361
calculated iMatrix for 12, 1, 11, 6: 0.14901634369798877
calculated iMatrix for 12, 1, 11, 7: -0.04074019158348419
calculated iMatrix for 12, 1, 11, 8: 0.008049972585947973
calculated iMatrix for 12, 1, 11, 9: 0.1415813652104707
calculated iMatrix for 12, 1, 11, 10: -0.9644110307552616
calculated iMatrix for 12, 1, 11, 11: 0.01641822225646461
calculated iMatrix for 12, 1, 11, 12: 0.41251558036102876
calculated iMatrix for 12, 1, 11, 13: -0.365601267277019
calculated iMatrix for 12, 1, 11, 14: -0.5950509272892135
calculated iMatrix for 12, 1, 11, 15: 0.21057423669742192
calculated iMatrix for 12, 1, 11, 16: 8.180293677106931E-5
calculated iMatrix for 12, 1, 11, 17: -0.12180801467226576
calculated iMatrix for 12, 1, 11, 18: 0.3647249165246804
calculated iMatrix for 12, 1, 11, 19: -0.47460477421334657
calculated iMatrix for 12, 1, 12, 0: -0.6091356671709525
calculated iMatrix for 12, 1, 12, 1: -0.19489087141074224
calculated iMatrix for 12, 1, 12, 2: -0.12362785138925148
calculated iMatrix for 12, 1, 12, 3: -0.328422264035265
calculated iMatrix for 12, 1, 12, 4: 0.11960245849169526
calculated iMatrix for 12, 1, 12, 5: 0.5195217999285451
calculated iMatrix for 12, 1, 12, 6: -0.2414108870456353
calculated iMatrix for 12, 1, 12, 7: -0.18958581918104933
calculated iMatrix for 12, 1, 12, 8: -0.25644876441017583
calculated iMatrix for 12, 1, 12, 9: 0.0810832536099042
calculated iMatrix for 12, 1, 12, 10: -0.0872602072183768
calculated iMatrix for 12, 1, 12, 11: -0.002999863600636754
calculated iMatrix for 12, 1, 12, 12: 0.01641822225646461
calculated iMatrix for 12, 1, 12, 13: 0.06815389665565341
calculated iMatrix for 12, 1, 12, 14: -0.11624774409162919
calculated iMatrix for 12, 1, 12, 15: 0.06520838642589677
calculated iMatrix for 12, 1, 12, 16: 0.21630491140640706
calculated iMatrix for 12, 1, 12, 17: 0.2801675284966172
calculated iMatrix for 12, 1, 12, 18: 0.46480837508166295
calculated iMatrix for 12, 1, 12, 19: -0.04925088125139254
calculated iMatrix for 12, 1, 13, 0: -0.27393407875119546
calculated iMatrix for 12, 1, 13, 1: -0.9790098301764143
calculated iMatrix for 12, 1, 13, 2: 0.5171935101689538
calculated iMatrix for 12, 1, 13, 3: 0.30540833936826095
calculated iMatrix for 12, 1, 13, 4: 0.02379832955408734
calculated iMatrix for 12, 1, 13, 5: 0.17192208226314287
calculated iMatrix for 12, 1, 13, 6: 0.3058844165017469
calculated iMatrix for 12, 1, 13, 7: -0.21719662892504044
calculated iMatrix for 12, 1, 13, 8: -0.23533184096925286
calculated iMatrix for 12, 1, 13, 9: -0.15979955159947234
calculated iMatrix for 12, 1, 13, 10: -0.3002513870685686
calculated iMatrix for 12, 1, 13, 11: 0.15341582285747357
calculated iMatrix for 12, 1, 13, 12: 0.2503145653469363
calculated iMatrix for 12, 1, 13, 13: -0.5176642636737934
calculated iMatrix for 12, 1, 13, 14: -0.11711317036805813
calculated iMatrix for 12, 1, 13, 15: -0.1030833221576195
calculated iMatrix for 12, 1, 13, 16: -0.4355669014865926
calculated iMatrix for 12, 1, 13, 17: 0.06419470159505059
calculated iMatrix for 12, 1, 13, 18: 0.3647249165246804
calculated iMatrix for 12, 1, 13, 19: 0.1087915423874799
calculated iMatrix for 12, 1, 14, 0: -0.18013045582762155
calculated iMatrix for 12, 1, 14, 1: 0.02825267990346747
calculated iMatrix for 12, 1, 14, 2: 0.2593644008668541
calculated iMatrix for 12, 1, 14, 3: -0.3394721002218497
calculated iMatrix for 12, 1, 14, 4: -0.09480741285375993
calculated iMatrix for 12, 1, 14, 5: 0.15901642703257202
calculated iMatrix for 12, 1, 14, 6: 0.5328618383266785
calculated iMatrix for 12, 1, 14, 7: -0.2360489439042497
calculated iMatrix for 12, 1, 14, 8: -0.5515658153494747
calculated iMatrix for 12, 1, 14, 9: -0.20716096400255646
calculated iMatrix for 12, 1, 14, 10: -0.17079331983168178
calculated iMatrix for 12, 1, 14, 11: 0.4593408928995295
calculated iMatrix for 12, 1, 14, 12: 0.49825630914920294
calculated iMatrix for 12, 1, 14, 13: 0.20168528928017593
calculated iMatrix for 12, 1, 14, 14: -0.7214648521448721
calculated iMatrix for 12, 1, 14, 15: 0.2000478237104346
calculated iMatrix for 12, 1, 14, 16: -0.058131934295353016
calculated iMatrix for 12, 1, 14, 17: -0.028764000536768197
calculated iMatrix for 12, 1, 14, 18: -0.12589799992379103
calculated iMatrix for 12, 1, 14, 19: 0.030085860985128665
calculated iMatrix for 12, 1, 15, 0: -0.27636590207921197
calculated iMatrix for 12, 1, 15, 1: -0.328422264035265
calculated iMatrix for 12, 1, 15, 2: -0.10229808458291734
calculated iMatrix for 12, 1, 15, 3: 0.24212259443234796
calculated iMatrix for 12, 1, 15, 4: -0.1613681793720989
calculated iMatrix for 12, 1, 15, 5: 0.38632402832814217
calculated iMatrix for 12, 1, 15, 6: 0.18493180608408433
calculated iMatrix for 12, 1, 15, 7: 0.18240335973072574
calculated iMatrix for 12, 1, 15, 8: -0.13492740664318514
calculated iMatrix for 12, 1, 15, 9: -0.2655916852428497
calculated iMatrix for 12, 1, 15, 10: 0.21057423669742192
calculated iMatrix for 12, 1, 15, 11: -0.09831004340496197
calculated iMatrix for 12, 1, 15, 12: 0.28873900954675835
calculated iMatrix for 12, 1, 15, 13: -0.1912211425217798
calculated iMatrix for 12, 1, 15, 14: -0.6701715577573215
calculated iMatrix for 12, 1, 15, 15: 0.22206861612315731
calculated iMatrix for 12, 1, 15, 16: 0.1713535235441408
calculated iMatrix for 12, 1, 15, 17: -0.002999863600636754
calculated iMatrix for 12, 1, 15, 18: 0.01641822225646461
calculated iMatrix for 12, 1, 15, 19: -0.06813916577159818
calculated iMatrix for 12, 1, 16, 0: 0.1298853254472796
calculated iMatrix for 12, 1, 16, 1: 0.004722182493273497
calculated iMatrix for 12, 1, 16, 2: -0.035169146534028695
calculated iMatrix for 12, 1, 16, 3: -0.532334453421587
calculated iMatrix for 12, 1, 16, 4: 0.05749824799992931
calculated iMatrix for 12, 1, 16, 5: 0.43288756795564276
calculated iMatrix for 12, 1, 16, 6: 0.2543768593558149
calculated iMatrix for 12, 1, 16, 7: -0.38624183492409125
calculated iMatrix for 12, 1, 16, 8: -0.33435699955507925
calculated iMatrix for 12, 1, 16, 9: -0.0907506121581454
calculated iMatrix for 12, 1, 16, 10: -0.4535854069892711
calculated iMatrix for 12, 1, 16, 11: -0.01968678238565147
calculated iMatrix for 12, 1, 16, 12: 0.3481956145734697
calculated iMatrix for 12, 1, 16, 13: 0.04195152426162929
calculated iMatrix for 12, 1, 16, 14: -0.26705331765897267
calculated iMatrix for 12, 1, 16, 15: 0.0716227766035602
calculated iMatrix for 12, 1, 16, 16: -0.015163349793834158
calculated iMatrix for 12, 1, 16, 17: 0.08151712446782033
calculated iMatrix for 12, 1, 16, 18: -0.084225303523223
calculated iMatrix for 12, 1, 16, 19: 0.07704284407289963
calculated iMatrix for 12, 2, 0, 0: -0.17018777167719068
calculated iMatrix for 12, 2, 0, 1: 0.01772708775327536
calculated iMatrix for 12, 2, 0, 2: 0.06622143769188571
calculated iMatrix for 12, 2, 0, 3: -0.3637847793323963
calculated iMatrix for 12, 2, 0, 4: -0.05065020969146161
calculated iMatrix for 12, 2, 0, 5: -0.0625728546483677
calculated iMatrix for 12, 2, 0, 6: 0.48553532643557507
calculated iMatrix for 12, 2, 0, 7: -0.03576159719771099
calculated iMatrix for 12, 2, 0, 8: 0.30136875066805113
calculated iMatrix for 12, 2, 0, 9: 0.3104166819356786
calculated iMatrix for 12, 2, 0, 10: -0.09412121238329374
calculated iMatrix for 12, 2, 0, 11: -0.04533104821386158
calculated iMatrix for 12, 2, 0, 12: -0.20072319312918485
calculated iMatrix for 12, 2, 0, 13: 0.10919849125043446
calculated iMatrix for 12, 2, 0, 14: -0.07212924136858567
calculated iMatrix for 12, 2, 0, 15: -0.11479164655686125
calculated iMatrix for 12, 2, 0, 16: -0.11479164655686125
calculated iMatrix for 12, 2, 0, 17: 0.008718017810909195
calculated iMatrix for 12, 2, 0, 18: 0.5366828376025161
calculated iMatrix for 12, 2, 0, 19: -0.2908881943649715
calculated iMatrix for 12, 2, 1, 0: 0.28845960189128284
calculated iMatrix for 12, 2, 1, 1: 0.18478117241644143
calculated iMatrix for 12, 2, 1, 2: -0.03380656236190771
calculated iMatrix for 12, 2, 1, 3: -0.20848866259790477
calculated iMatrix for 12, 2, 1, 4: 0.10561297288783766
calculated iMatrix for 12, 2, 1, 5: -0.09446621842432146
calculated iMatrix for 12, 2, 1, 6: 0.18478117241644143
calculated iMatrix for 12, 2, 1, 7: -0.11910414287380267
calculated iMatrix for 12, 2, 1, 8: -0.3908102193918592
calculated iMatrix for 12, 2, 1, 9: 0.0940453963358292
calculated iMatrix for 12, 2, 1, 10: 0.3634729611598173
calculated iMatrix for 12, 2, 1, 11: 0.025449133847185612
calculated iMatrix for 12, 2, 1, 12: -0.364390656357898
calculated iMatrix for 12, 2, 1, 13: 0.010758418437181838
calculated iMatrix for 12, 2, 1, 14: 0.12226081543510747
calculated iMatrix for 12, 2, 1, 15: 0.041257585163469335
calculated iMatrix for 12, 2, 1, 16: -0.00883993963144647
calculated iMatrix for 12, 2, 1, 17: 0.008157636737124552
calculated iMatrix for 12, 2, 1, 18: -0.2651356982625568
calculated iMatrix for 12, 2, 1, 19: -0.0740804614998476
calculated iMatrix for 12, 2, 2, 0: -0.045936925239363324
calculated iMatrix for 12, 2, 2, 1: -0.958282878822502
calculated iMatrix for 12, 2, 2, 2: 0.007385733958542584
calculated iMatrix for 12, 2, 2, 3: 0.32091334674102145
calculated iMatrix for 12, 2, 2, 4: 0.12854145409356543
calculated iMatrix for 12, 2, 2, 5: -0.08092199331656436
calculated iMatrix for 12, 2, 2, 6: 0.04061138158686317
calculated iMatrix for 12, 2, 2, 7: -0.12537375588739796
calculated iMatrix for 12, 2, 2, 8: -0.03380656236190771
calculated iMatrix for 12, 2, 2, 9: 0.15685871179681832
calculated iMatrix for 12, 2, 2, 10: 0.048979631257379586
calculated iMatrix for 12, 2, 2, 11: 0.13522735796171204
calculated iMatrix for 12, 2, 2, 12: -0.11148464372673095
calculated iMatrix for 12, 2, 2, 13: 0.3276322969897665
calculated iMatrix for 12, 2, 2, 14: -0.41804336985021817
calculated iMatrix for 12, 2, 2, 15: -0.16459446904067931
calculated iMatrix for 12, 2, 2, 16: -0.01716017124716518
calculated iMatrix for 12, 2, 2, 17: -0.16064189472485602
calculated iMatrix for 12, 2, 2, 18: 0.4342420320480245
calculated iMatrix for 12, 2, 2, 19: 0.08820034441066094
calculated iMatrix for 12, 2, 3, 0: -0.013934194153189638
calculated iMatrix for 12, 2, 3, 1: -0.7289087777576562
calculated iMatrix for 12, 2, 3, 2: -0.16046507569866808
calculated iMatrix for 12, 2, 3, 3: 0.14491657385251377
calculated iMatrix for 12, 2, 3, 4: 0.549754919169869
calculated iMatrix for 12, 2, 3, 5: 0.08422557031905442
calculated iMatrix for 12, 2, 3, 6: -0.09412121238329374
calculated iMatrix for 12, 2, 3, 7: -0.004884358633271635
calculated iMatrix for 12, 2, 3, 8: 0.29774628745948717
calculated iMatrix for 12, 2, 3, 9: 0.06948508158822975
calculated iMatrix for 12, 2, 3, 10: 0.07307718283644027
calculated iMatrix for 12, 2, 3, 11: 0.20313031108463808
calculated iMatrix for 12, 2, 3, 12: -0.2105315642277048
calculated iMatrix for 12, 2, 3, 13: -0.041992146948347076
calculated iMatrix for 12, 2, 3, 14: 0.05694780090655649
calculated iMatrix for 12, 2, 3, 15: -0.22343496906361282
calculated iMatrix for 12, 2, 3, 16: -0.02001324022957185
calculated iMatrix for 12, 2, 3, 17: -0.15354463285409437
calculated iMatrix for 12, 2, 3, 18: -0.7776989419270883
calculated iMatrix for 12, 2, 3, 19: -0.49693731231988103
calculated iMatrix for 12, 2, 4, 0: 0.029406052617421574
calculated iMatrix for 12, 2, 4, 1: -0.2651356982625568
calculated iMatrix for 12, 2, 4, 2: -0.06083523474982688
calculated iMatrix for 12, 2, 4, 3: 0.48553532643557507
calculated iMatrix for 12, 2, 4, 4: 0.08855314032188777
calculated iMatrix for 12, 2, 4, 5: 0.03011114695299688
calculated iMatrix for 12, 2, 4, 6: 0.22293293838081762
calculated iMatrix for 12, 2, 4, 7: -0.14585228723093868
calculated iMatrix for 12, 2, 4, 8: -0.01716017124716518
calculated iMatrix for 12, 2, 4, 9: -0.25053689884140407
calculated iMatrix for 12, 2, 4, 10: 0.15282957260983898
calculated iMatrix for 12, 2, 4, 11: -0.02001324022957185
calculated iMatrix for 12, 2, 4, 12: 0.3541993243744883
calculated iMatrix for 12, 2, 4, 13: -0.12537375588739796
calculated iMatrix for 12, 2, 4, 14: 0.10493828490542412
calculated iMatrix for 12, 2, 4, 15: 0.16942578433324695
calculated iMatrix for 12, 2, 4, 16: -0.32967421940012787
calculated iMatrix for 12, 2, 4, 17: -0.1666167144214472
calculated iMatrix for 12, 2, 4, 18: -0.6361993796533887
calculated iMatrix for 12, 2, 4, 19: -0.21634553409312485
calculated iMatrix for 12, 2, 5, 0: 0.19226063884773414
calculated iMatrix for 12, 2, 5, 1: 0.025449133847185612
calculated iMatrix for 12, 2, 5, 2: -0.05041071741394276
calculated iMatrix for 12, 2, 5, 3: 0.22826628435618024
calculated iMatrix for 12, 2, 5, 4: 0.22241224063408827
calculated iMatrix for 12, 2, 5, 5: -0.1781243212729271
calculated iMatrix for 12, 2, 5, 6: -0.14064122801818657
calculated iMatrix for 12, 2, 5, 7: -0.17098426713945036
calculated iMatrix for 12, 2, 5, 8: 0.09776979542681175
calculated iMatrix for 12, 2, 5, 9: 0.08513804852091122
calculated iMatrix for 12, 2, 5, 10: 0.1571932158976126
calculated iMatrix for 12, 2, 5, 11: 0.21757099523943224
calculated iMatrix for 12, 2, 5, 12: -0.15457291057966027
calculated iMatrix for 12, 2, 5, 13: 0.30540916020505615
calculated iMatrix for 12, 2, 5, 14: 0.08918605173542016
calculated iMatrix for 12, 2, 5, 15: -0.2835977611022922
calculated iMatrix for 12, 2, 5, 16: -0.30212426763189737
calculated iMatrix for 12, 2, 5, 17: -0.12537375588739796
calculated iMatrix for 12, 2, 5, 18: -0.06349835216931066
calculated iMatrix for 12, 2, 5, 19: -0.0596223783246177
calculated iMatrix for 12, 2, 6, 0: 0.11927600064777533
calculated iMatrix for 12, 2, 6, 1: -0.26995498469850565
calculated iMatrix for 12, 2, 6, 2: -0.17848358120134655
calculated iMatrix for 12, 2, 6, 3: -0.4173942299377771
calculated iMatrix for 12, 2, 6, 4: 0.1506122768011917
calculated iMatrix for 12, 2, 6, 5: -0.30769531268135264
calculated iMatrix for 12, 2, 6, 6: -0.03576159719771099
calculated iMatrix for 12, 2, 6, 7: 0.20445393801514622
calculated iMatrix for 12, 2, 6, 8: -0.3012644223510621
calculated iMatrix for 12, 2, 6, 9: 0.47601144492431957
calculated iMatrix for 12, 2, 6, 10: 0.577342875688698
calculated iMatrix for 12, 2, 6, 11: 0.0910357632454677
calculated iMatrix for 12, 2, 6, 12: 0.04609778488249083
calculated iMatrix for 12, 2, 6, 13: 0.025449133847185612
calculated iMatrix for 12, 2, 6, 14: -0.27952443571465646
calculated iMatrix for 12, 2, 6, 15: -0.09240373664982826
calculated iMatrix for 12, 2, 6, 16: 0.12472560541534006
calculated iMatrix for 12, 2, 6, 17: -0.08680148110115837
calculated iMatrix for 12, 2, 6, 18: -0.2651356982625568
calculated iMatrix for 12, 2, 6, 19: -0.15006636847776944
calculated iMatrix for 12, 2, 7, 0: -0.16190749921985392
calculated iMatrix for 12, 2, 7, 1: 0.02877692393986031
calculated iMatrix for 12, 2, 7, 2: 0.8041622027367777
calculated iMatrix for 12, 2, 7, 3: -0.1473526626061732
calculated iMatrix for 12, 2, 7, 4: -0.3421814887525221
calculated iMatrix for 12, 2, 7, 5: -0.18253216972734676
calculated iMatrix for 12, 2, 7, 6: 0.06267847561554163
calculated iMatrix for 12, 2, 7, 7: 0.05609709902624371
calculated iMatrix for 12, 2, 7, 8: -0.571279833554073
calculated iMatrix for 12, 2, 7, 9: 0.03621190242737837
calculated iMatrix for 12, 2, 7, 10: 0.01772708775327536
calculated iMatrix for 12, 2, 7, 11: 0.3667597348664402
calculated iMatrix for 12, 2, 7, 12: -0.08455176136714293
calculated iMatrix for 12, 2, 7, 13: -0.4094780069912949
calculated iMatrix for 12, 2, 7, 14: -0.010710847567258153
calculated iMatrix for 12, 2, 7, 15: 0.19086021849282364
calculated iMatrix for 12, 2, 7, 16: 0.13655582046196812
calculated iMatrix for 12, 2, 7, 17: -0.6441675493025656
calculated iMatrix for 12, 2, 7, 18: -0.09147220421171665
calculated iMatrix for 12, 2, 7, 19: -0.12537375588739796
calculated iMatrix for 12, 2, 8, 0: NaN
calculated iMatrix for 12, 2, 8, 1: NaN
calculated iMatrix for 12, 2, 8, 2: NaN
calculated iMatrix for 12, 2, 8, 3: NaN
calculated iMatrix for 12, 2, 8, 4: NaN
calculated iMatrix for 12, 2, 8, 5: NaN
calculated iMatrix for 12, 2, 8, 6: NaN
calculated iMatrix for 12, 2, 8, 7: NaN
calculated iMatrix for 12, 2, 8, 8: NaN
calculated iMatrix for 12, 2, 8, 9: NaN
calculated iMatrix for 12, 2, 8, 10: NaN
calculated iMatrix for 12, 2, 8, 11: NaN
calculated iMatrix for 12, 2, 8, 12: -2.3141354909106404E-4
calculated iMatrix for 12, 2, 8, 13: NaN
calculated iMatrix for 12, 2, 8, 14: NaN
calculated iMatrix for 12, 2, 8, 15: NaN
calculated iMatrix for 12, 2, 8, 16: NaN
calculated iMatrix for 12, 2, 8, 17: NaN
calculated iMatrix for 12, 2, 8, 18: NaN
calculated iMatrix for 12, 2, 8, 19: NaN
calculated iMatrix for 12, 2, 9, 0: 0.5202710906875438
calculated iMatrix for 12, 2, 9, 1: -0.3485173072016079
calculated iMatrix for 12, 2, 9, 2: -0.2136663630330764
calculated iMatrix for 12, 2, 9, 3: 1.0522817401211646
calculated iMatrix for 12, 2, 9, 4: -0.18206909956394335
calculated iMatrix for 12, 2, 9, 5: -1.157964943457714
calculated iMatrix for 12, 2, 9, 6: -0.04533104821386158
calculated iMatrix for 12, 2, 9, 7: 0.29192580986776906
calculated iMatrix for 12, 2, 9, 8: -0.09739990384499198
calculated iMatrix for 12, 2, 9, 9: 0.2061109392227758
calculated iMatrix for 12, 2, 9, 10: 0.1571932158976126
calculated iMatrix for 12, 2, 9, 11: -0.44122670530587516
calculated iMatrix for 12, 2, 9, 12: -1.6441573000533674
calculated iMatrix for 12, 2, 9, 13: 0.5560773849093559
calculated iMatrix for 12, 2, 9, 14: 0.3740231720549698
calculated iMatrix for 12, 2, 9, 15: 0.15105116203974855
calculated iMatrix for 12, 2, 9, 16: -0.6713632921110557
calculated iMatrix for 12, 2, 9, 17: -0.46184599250861114
calculated iMatrix for 12, 2, 9, 18: 0.36192137046839856
calculated iMatrix for 12, 2, 9, 19: -0.17666705027494856
calculated iMatrix for 12, 2, 10, 0: 0.2757529506221681
calculated iMatrix for 12, 2, 10, 1: 0.16230831656438283
calculated iMatrix for 12, 2, 10, 2: -0.22891443482823837
calculated iMatrix for 12, 2, 10, 3: -0.07567408733512537
calculated iMatrix for 12, 2, 10, 4: 0.38545186787859254
calculated iMatrix for 12, 2, 10, 5: -0.7747183137889504
calculated iMatrix for 12, 2, 10, 6: -0.08715254306720022
calculated iMatrix for 12, 2, 10, 7: 0.16230831656438283
calculated iMatrix for 12, 2, 10, 8: 0.08176945408037062
calculated iMatrix for 12, 2, 10, 9: 0.6755008053406397
calculated iMatrix for 12, 2, 10, 10: 0.6877327397515263
calculated iMatrix for 12, 2, 10, 11: -0.22891443482823837
calculated iMatrix for 12, 2, 10, 12: -2.253605461736666
calculated iMatrix for 12, 2, 10, 13: 0.6249318385124959
calculated iMatrix for 12, 2, 10, 14: -0.040013906936241295
calculated iMatrix for 12, 2, 10, 15: -0.549333446631727
calculated iMatrix for 12, 2, 10, 16: -0.2747511569619987
calculated iMatrix for 12, 2, 10, 17: 0.1320029670690539
calculated iMatrix for 12, 2, 10, 18: -0.1809436070422088
calculated iMatrix for 12, 2, 10, 19: -0.02444783729743749
calculated iMatrix for 12, 2, 11, 0: 0.7270655040002242
calculated iMatrix for 12, 2, 11, 1: 0.29014168807426777
calculated iMatrix for 12, 2, 11, 2: -0.20848866259790477
calculated iMatrix for 12, 2, 11, 3: -0.08833248420704898
calculated iMatrix for 12, 2, 11, 4: 0.10673846540957199
calculated iMatrix for 12, 2, 11, 5: -1.0095761732100526
calculated iMatrix for 12, 2, 11, 6: -0.4030054924856774
calculated iMatrix for 12, 2, 11, 7: 0.31399290389644774
calculated iMatrix for 12, 2, 11, 8: 0.43136156918267043
calculated iMatrix for 12, 2, 11, 9: 0.17853115207127002
calculated iMatrix for 12, 2, 11, 10: 0.32829345403864396
calculated iMatrix for 12, 2, 11, 11: -0.5879972778355111
calculated iMatrix for 12, 2, 11, 12: -2.934776451249896
calculated iMatrix for 12, 2, 11, 13: 0.5913039220827413
calculated iMatrix for 12, 2, 11, 14: 0.3313846466083168
calculated iMatrix for 12, 2, 11, 15: -0.50185132712231
calculated iMatrix for 12, 2, 11, 16: -0.672338426269262
calculated iMatrix for 12, 2, 11, 17: 0.4002669536637333
calculated iMatrix for 12, 2, 11, 18: 0.03714517361037695
calculated iMatrix for 12, 2, 11, 19: -0.4448964341948376
calculated iMatrix for 12, 2, 12, 0: 0.7108742683132206
calculated iMatrix for 12, 2, 12, 1: -0.413055828339179
calculated iMatrix for 12, 2, 12, 2: -0.10083264697128036
calculated iMatrix for 12, 2, 12, 3: 0.46095942038673776
calculated iMatrix for 12, 2, 12, 4: -0.4101103181094221
calculated iMatrix for 12, 2, 12, 5: -0.12537375588739796
calculated iMatrix for 12, 2, 12, 6: 0.0846977138594589
calculated iMatrix for 12, 2, 12, 7: -0.6917692308081995
calculated iMatrix for 12, 2, 12, 8: 0.577342875688698
calculated iMatrix for 12, 2, 12, 9: -0.05783754889691073
calculated iMatrix for 12, 2, 12, 10: -0.3564854768507848
calculated iMatrix for 12, 2, 12, 11: -0.40777877123833517
calculated iMatrix for 12, 2, 12, 12: -0.933124319186347
calculated iMatrix for 12, 2, 12, 13: 0.2663925078626044
calculated iMatrix for 12, 2, 12, 14: 0.11824832677035246
calculated iMatrix for 12, 2, 12, 15: -0.277481534084856
calculated iMatrix for 12, 2, 12, 16: -0.4111308999295946
calculated iMatrix for 12, 2, 12, 17: -0.26284474651600087
calculated iMatrix for 12, 2, 12, 18: -0.387738020354889
calculated iMatrix for 12, 2, 12, 19: 0.2701410213675981
calculated iMatrix for 12, 2, 13, 0: 0.28486463097342396
calculated iMatrix for 12, 2, 13, 1: 0.2710415167008484
calculated iMatrix for 12, 2, 13, 2: -0.6233904213608077
calculated iMatrix for 12, 2, 13, 3: 0.03434796898931558
calculated iMatrix for 12, 2, 13, 4: -0.23247189144376512
calculated iMatrix for 12, 2, 13, 5: -0.5004981469428902
calculated iMatrix for 12, 2, 13, 6: 0.08226560889084644
calculated iMatrix for 12, 2, 13, 7: -0.13076460452227456
calculated iMatrix for 12, 2, 13, 8: 0.2703825380938054
calculated iMatrix for 12, 2, 13, 9: 0.5634350230739491
calculated iMatrix for 12, 2, 13, 10: 0.31399290389644774
calculated iMatrix for 12, 2, 13, 11: -0.2754344504631312
calculated iMatrix for 12, 2, 13, 12: -0.5308388639955623
calculated iMatrix for 12, 2, 13, 13: 0.34196675593885395
calculated iMatrix for 12, 2, 13, 14: 0.21839778321542647
calculated iMatrix for 12, 2, 13, 15: 0.060029467443964535
calculated iMatrix for 12, 2, 13, 16: -0.562225177816233
calculated iMatrix for 12, 2, 13, 17: -0.1809436070422088
calculated iMatrix for 12, 2, 13, 18: 0.28781339831467667
calculated iMatrix for 12, 2, 13, 19: -0.041992146948347076
calculated iMatrix for 12, 2, 14, 0: 0.3350979817329778
calculated iMatrix for 12, 2, 14, 1: -0.8908415980269697
calculated iMatrix for 12, 2, 14, 2: -0.6971600794430759
calculated iMatrix for 12, 2, 14, 3: -0.3558974144992304
calculated iMatrix for 12, 2, 14, 4: 0.08067536206751158
calculated iMatrix for 12, 2, 14, 5: 0.09222961505119631
calculated iMatrix for 12, 2, 14, 6: -0.7802997236271456
calculated iMatrix for 12, 2, 14, 7: 0.5917883008764211
calculated iMatrix for 12, 2, 14, 8: -0.06653325586446468
calculated iMatrix for 12, 2, 14, 9: 0.4274748576534404
calculated iMatrix for 12, 2, 14, 10: 0.4148657530848858
calculated iMatrix for 12, 2, 14, 11: -0.21307933630650355
calculated iMatrix for 12, 2, 14, 12: -0.7453175324240484
calculated iMatrix for 12, 2, 14, 13: -0.21155145212845028
calculated iMatrix for 12, 2, 14, 14: 0.3775466883714793
calculated iMatrix for 12, 2, 14, 15: -0.35118042462109145
calculated iMatrix for 12, 2, 14, 16: -0.6189078825433278
calculated iMatrix for 12, 2, 14, 17: 0.11125314576409862
calculated iMatrix for 12, 2, 14, 18: 0.12075931365151038
calculated iMatrix for 12, 2, 14, 19: 0.02443852234126198
calculated iMatrix for 12, 2, 15, 0: 0.24478453838862135
calculated iMatrix for 12, 2, 15, 1: -0.0013211072174192928
calculated iMatrix for 12, 2, 15, 2: -0.12537375588739796
calculated iMatrix for 12, 2, 15, 3: 0.06959891846011534
calculated iMatrix for 12, 2, 15, 4: -0.23707774546739935
calculated iMatrix for 12, 2, 15, 5: -0.03836237889776828
calculated iMatrix for 12, 2, 15, 6: -0.29479190784544484
calculated iMatrix for 12, 2, 15, 7: -0.06231561992026102
calculated iMatrix for 12, 2, 15, 8: 0.41248054026651193
calculated iMatrix for 12, 2, 15, 9: 0.10168369474794803
calculated iMatrix for 12, 2, 15, 10: -0.08833248420704898
calculated iMatrix for 12, 2, 15, 11: -0.051265783733676074
calculated iMatrix for 12, 2, 15, 12: -0.6520727288096788
calculated iMatrix for 12, 2, 15, 13: 0.3032137696416206
calculated iMatrix for 12, 2, 15, 14: 0.16623759470427246
calculated iMatrix for 12, 2, 15, 15: -0.3617625339516286
calculated iMatrix for 12, 2, 15, 16: -0.10808225877733713
calculated iMatrix for 12, 2, 15, 17: -0.05463720479561962
calculated iMatrix for 12, 2, 15, 18: -0.18991227702496927
calculated iMatrix for 12, 2, 15, 19: 0.11797250274433124
calculated iMatrix for 12, 2, 16, 0: 0.25318389930084195
calculated iMatrix for 12, 2, 16, 1: -0.2835977611022922
calculated iMatrix for 12, 2, 16, 2: -0.06045420978808247
calculated iMatrix for 12, 2, 16, 3: 0.26028872492458666
calculated iMatrix for 12, 2, 16, 4: -0.3010063245305561
calculated iMatrix for 12, 2, 16, 5: -0.1338483828783703
calculated iMatrix for 12, 2, 16, 6: -0.10986956935143288
calculated iMatrix for 12, 2, 16, 7: 0.05155695227168011
calculated iMatrix for 12, 2, 16, 8: 0.5601105519269781
calculated iMatrix for 12, 2, 16, 9: -0.1078294462364886
calculated iMatrix for 12, 2, 16, 10: 0.045584042256241464
calculated iMatrix for 12, 2, 16, 11: -6.702773864408762E-4
calculated iMatrix for 12, 2, 16, 12: -0.4458456511621698
calculated iMatrix for 12, 2, 16, 13: 0.40586073950979973
calculated iMatrix for 12, 2, 16, 14: 0.22381051632217663
calculated iMatrix for 12, 2, 16, 15: -0.14863061805166522
calculated iMatrix for 12, 2, 16, 16: -0.15354463285409437
calculated iMatrix for 12, 2, 16, 17: -0.12060047713474042
calculated iMatrix for 12, 2, 16, 18: -0.756645532729256
calculated iMatrix for 12, 2, 16, 19: -0.5174158436634215
calculated fs for 0: [J@4b32ace3
calculated fs for 0: [J@4b32ace3
calculated fs for 0: [J@4b32ace3
calculated fs for 0: [J@4b32ace3
calculated fs for 0: [J@4b32ace3
calculated fs for 0: [J@4b32ace3
calculated fs for 0: [J@4b32ace3
calculated fs for 0: [J@4b32ace3
calculated fs for 0: [J@4b32ace3
calculated fs for 0: [J@4b32ace3
calculated fs for 0: [J@4b32ace3
calculated fs for 0: [J@4b32ace3
calculated fs for 0: [J@4b32ace3
calculated fs for 0: [J@4b32ace3
calculated fs for 0: [J@4b32ace3
calculated fs for 0: [J@4b32ace3
calculated fs for 0: [J@4b32ace3
calculated fs for 0: [J@4b32ace3
calculated fs for 0: [J@4b32ace3
calculated fs for 0: [J@4b32ace3
calculated fs for 0: [J@4b32ace3
calculated fs for 0: [J@4b32ace3
calculated fs for 0: [J@4b32ace3
calculated fs for 0: [J@4b32ace3
calculated fs for 0: [J@4b32ace3
calculated fs for 0: [J@4b32ace3
calculated fs for 0: [J@4b32ace3
calculated fs for 0: [J@4b32ace3
calculated fs for 0: [J@4b32ace3
calculated fs for 0: [J@4b32ace3
calculated fs for 0: [J@4b32ace3
calculated fs for 0: [J@4b32ace3
calculated fs for 0: [J@4b32ace3
calculated fs for 0: [J@4b32ace3
calculated fs for 0: [J@4b32ace3
calculated fs for 0: [J@4b32ace3
calculated fs for 0: [J@4b32ace3
calculated fs for 0: [J@4b32ace3
calculated fs for 0: [J@4b32ace3
calculated fs for 0: [J@4b32ace3
calculated fs for 0: [J@4b32ace3
calculated fs for 0: [J@4b32ace3
calculated fs for 0: [J@4b32ace3
calculated fs for 0: [J@4b32ace3
calculated fs for 0: [J@4b32ace3
calculated fs for 0: [J@4b32ace3
calculated fs for 0: [J@4b32ace3
calculated fs for 0: [J@4b32ace3
calculated fs for 0: [J@4b32ace3
calculated fs for 0: [J@4b32ace3
calculated fs for 0: [J@4b32ace3
calculated fs for 0: [J@4b32ace3
calculated fs for 0: [J@4b32ace3
calculated fs for 0: [J@4b32ace3
calculated fs for 0: [J@4b32ace3
calculated fs for 0: [J@4b32ace3
calculated fs for 0: [J@4b32ace3
calculated fs for 0: [J@4b32ace3
calculated fs for 0: [J@4b32ace3
calculated fs for 0: [J@4b32ace3
calculated fs for 0: [J@4b32ace3
calculated fs for 0: [J@4b32ace3
calculated fs for 0: [J@4b32ace3
calculated fs for 0: [J@4b32ace3
calculated fs for 0: [J@4b32ace3
calculated fs for 0: [J@4b32ace3
calculated fs for 0: [J@4b32ace3
calculated fs for 0: [J@4b32ace3
calculated fs for 0: [J@4b32ace3
calculated fs for 0: [J@4b32ace3
calculated fs for 0: [J@4b32ace3
calculated fs for 0: [J@4b32ace3
calculated fs for 0: [J@4b32ace3
calculated fs for 0: [J@4b32ace3
calculated fs for 0: [J@4b32ace3
calculated fs for 0: [J@4b32ace3
calculated fs for 0: [J@4b32ace3
calculated fs for 0: [J@4b32ace3
calculated fs for 0: [J@4b32ace3
calculated fs for 0: [J@4b32ace3
calculated fs for 0: [J@4b32ace3
calculated fs for 0: [J@4b32ace3
calculated fs for 0: [J@4b32ace3
calculated fs for 0: [J@4b32ace3
calculated fs for 0: [J@4b32ace3
calculated fs for 0: [J@4b32ace3
calculated fs for 0: [J@4b32ace3
calculated fs for 0: [J@4b32ace3
calculated fs for 0: [J@4b32ace3
calculated fs for 0: [J@4b32ace3
calculated fs for 0: [J@4b32ace3
calculated fs for 0: [J@4b32ace3
calculated fs for 0: [J@4b32ace3
calculated fs for 0: [J@4b32ace3
calculated fs for 0: [J@4b32ace3
calculated fs for 0: [J@4b32ace3
calculated fs for 0: [J@4b32ace3
calculated fs for 0: [J@4b32ace3
calculated fs for 0: [J@4b32ace3
calculated fs for 0: [J@4b32ace3
calculated fs for 0: [J@4b32ace3
calculated fs for 0: [J@4b32ace3
calculated fs for 0: [J@4b32ace3
calculated fs for 0: [J@4b32ace3
calculated fs for 0: [J@4b32ace3
calculated fs for 0: [J@4b32ace3
calculated fs for 0: [J@4b32ace3
calculated fs for 0: [J@4b32ace3
calculated fs for 0: [J@4b32ace3
calculated fs for 0: [J@4b32ace3
calculated fs for 0: [J@4b32ace3
calculated fs for 0: [J@4b32ace3
calculated fs for 0: [J@4b32ace3
calculated fs for 0: [J@4b32ace3
calculated fs for 0: [J@4b32ace3
calculated fs for 0: [J@4b32ace3
calculated fs for 0: [J@4b32ace3
calculated fs for 0: [J@4b32ace3
calculated fs for 0: [J@4b32ace3
calculated fs for 0: [J@4b32ace3
calculated fs for 0: [J@4b32ace3
calculated fs for 0: [J@4b32ace3
calculated fs for 0: [J@4b32ace3
calculated fs for 0: [J@4b32ace3
calculated fs for 0: [J@4b32ace3
calculated fs for 0: [J@4b32ace3
calculated fs for 0: [J@4b32ace3
calculated fs for 0: [J@4b32ace3
calculated fs for 0: [J@4b32ace3
calculated fs for 0: [J@4b32ace3
calculated fs for 0: [J@4b32ace3
calculated fs for 0: [J@4b32ace3
calculated fs for 0: [J@4b32ace3
calculated fs for 0: [J@4b32ace3
calculated fs for 0: [J@4b32ace3
calculated fs for 0: [J@4b32ace3
calculated fs for 0: [J@4b32ace3
calculated fs for 0: [J@4b32ace3
calculated fs for 0: [J@4b32ace3
calculated fs for 0: [J@4b32ace3
calculated fs for 0: [J@4b32ace3
calculated fs for 0: [J@4b32ace3
calculated fs for 0: [J@4b32ace3
calculated fs for 0: [J@4b32ace3
calculated fs for 0: [J@4b32ace3
calculated fs for 0: [J@4b32ace3
calculated fs for 0: [J@4b32ace3
calculated fs for 0: [J@4b32ace3
calculated fs for 0: [J@4b32ace3
calculated fs for 0: [J@4b32ace3
calculated fs for 0: [J@4b32ace3
calculated fs for 0: [J@4b32ace3
calculated fs for 0: [J@4b32ace3
calculated fs for 0: [J@4b32ace3
calculated fs for 0: [J@4b32ace3
calculated fs for 0: [J@4b32ace3
calculated fs for 0: [J@4b32ace3
calculated fs for 0: [J@4b32ace3
calculated fs for 0: [J@4b32ace3
calculated fs for 0: [J@4b32ace3
calculated fs for 0: [J@4b32ace3
calculated fs for 0: [J@4b32ace3
calculated fs for 0: [J@4b32ace3
calculated fs for 0: [J@4b32ace3
calculated fs for 0: [J@4b32ace3
calculated fs for 0: [J@4b32ace3
calculated fs for 0: [J@4b32ace3
calculated fs for 0: [J@4b32ace3
calculated fs for 0: [J@4b32ace3
calculated fs for 0: [J@4b32ace3
calculated fs for 0: [J@4b32ace3
calculated fs for 0: [J@4b32ace3
calculated fs for 0: [J@4b32ace3
calculated fs for 0: [J@4b32ace3
calculated fs for 0: [J@4b32ace3
calculated fs for 0: [J@4b32ace3
calculated fs for 0: [J@4b32ace3
calculated fs for 0: [J@4b32ace3
calculated fs for 0: [J@4b32ace3
calculated fs for 0: [J@4b32ace3
calculated fs for 0: [J@4b32ace3
calculated fs for 0: [J@4b32ace3
calculated fs for 0: [J@4b32ace3
calculated fs for 0: [J@4b32ace3
calculated fs for 0: [J@4b32ace3
calculated fs for 0: [J@4b32ace3
calculated fs for 0: [J@4b32ace3
calculated fs for 0: [J@4b32ace3
calculated fs for 0: [J@4b32ace3
calculated fs for 0: [J@4b32ace3
calculated fs for 0: [J@4b32ace3
calculated fs for 0: [J@4b32ace3
calculated fs for 0: [J@4b32ace3
calculated fs for 0: [J@4b32ace3
calculated fs for 0: [J@4b32ace3
calculated fs for 0: [J@4b32ace3
calculated fs for 0: [J@4b32ace3
calculated fs for 0: [J@4b32ace3
calculated fs for 0: [J@4b32ace3
calculated fs for 0: [J@4b32ace3
calculated fs for 0: [J@4b32ace3
calculated fs for 0: [J@4b32ace3
calculated fs for 0: [J@4b32ace3
calculated fs for 0: [J@4b32ace3
calculated fs for 0: [J@4b32ace3
calculated fs for 0: [J@4b32ace3
calculated fs for 0: [J@4b32ace3
calculated fs for 0: [J@4b32ace3
calculated fs for 0: [J@4b32ace3
calculated fs for 0: [J@4b32ace3
calculated fs for 0: [J@4b32ace3
calculated fs for 0: [J@4b32ace3
calculated fs for 0: [J@4b32ace3
calculated fs for 0: [J@4b32ace3
calculated fs for 0: [J@4b32ace3
calculated fs for 0: [J@4b32ace3
calculated fs for 0: [J@4b32ace3
calculated fs for 0: [J@4b32ace3
calculated fs for 0: [J@4b32ace3
calculated fs for 0: [J@4b32ace3
calculated fs for 0: [J@4b32ace3
calculated fs for 0: [J@4b32ace3
calculated fs for 0: [J@4b32ace3
calculated fs for 0: [J@4b32ace3
calculated fs for 0: [J@4b32ace3
calculated fs for 0: [J@4b32ace3
calculated fs for 0: [J@4b32ace3
calculated fs for 0: [J@4b32ace3
calculated fs for 0: [J@4b32ace3
calculated fs for 0: [J@4b32ace3
calculated fs for 0: [J@4b32ace3
calculated fs for 0: [J@4b32ace3
calculated fs for 0: [J@4b32ace3
calculated fs for 0: [J@4b32ace3
calculated fs for 0: [J@4b32ace3
calculated fs for 0: [J@4b32ace3
calculated fs for 0: [J@4b32ace3
calculated fs for 0: [J@4b32ace3
calculated fs for 0: [J@4b32ace3
calculated fs for 0: [J@4b32ace3
calculated fs for 0: [J@4b32ace3
calculated fs for 0: [J@4b32ace3
calculated fs for 0: [J@4b32ace3
calculated fs for 0: [J@4b32ace3
calculated fs for 0: [J@4b32ace3
calculated fs for 0: [J@4b32ace3
calculated fs for 0: [J@4b32ace3
calculated fs for 0: [J@4b32ace3
calculated fs for 0: [J@4b32ace3
calculated fs for 0: [J@4b32ace3
calculated fs for 0: [J@4b32ace3
calculated fs for 0: [J@4b32ace3
calculated fs for 0: [J@4b32ace3
calculated fs for 0: [J@4b32ace3
calculated fs for 0: [J@4b32ace3
calculated fs for 0: [J@4b32ace3
calculated fs for 0: [J@4b32ace3
calculated fs for 0: [J@4b32ace3
calculated fs for 0: [J@4b32ace3
calculated fs for 0: [J@4b32ace3
calculated fs for 0: [J@4b32ace3
calculated fs for 0: [J@4b32ace3
calculated fs for 0: [J@4b32ace3
calculated fs for 0: [J@4b32ace3
calculated fs for 0: [J@4b32ace3
calculated fs for 0: [J@4b32ace3
calculated fs for 0: [J@4b32ace3
calculated fs for 0: [J@4b32ace3
calculated fs for 0: [J@4b32ace3
calculated fs for 0: [J@4b32ace3
calculated fs for 0: [J@4b32ace3
calculated fs for 0: [J@4b32ace3
calculated fs for 0: [J@4b32ace3
calculated fs for 0: [J@4b32ace3
calculated fs for 0: [J@4b32ace3
calculated fs for 0: [J@4b32ace3
calculated fs for 0: [J@4b32ace3
calculated fs for 0: [J@4b32ace3
calculated fs for 0: [J@4b32ace3
calculated fs for 0: [J@4b32ace3
calculated fs for 0: [J@4b32ace3
calculated fs for 0: [J@4b32ace3
calculated fs for 0: [J@4b32ace3
calculated fs for 0: [J@4b32ace3
calculated fs for 0: [J@4b32ace3
calculated fs for 0: [J@4b32ace3
calculated fs for 0: [J@4b32ace3
calculated fs for 0: [J@4b32ace3
calculated fs for 0: [J@4b32ace3
calculated fs for 0: [J@4b32ace3
calculated fs for 0: [J@4b32ace3
calculated fs for 0: [J@4b32ace3
calculated fs for 0: [J@4b32ace3
calculated fs for 0: [J@4b32ace3
calculated fs for 0: [J@4b32ace3
calculated fs for 0: [J@4b32ace3
calculated fs for 0: [J@4b32ace3
calculated fs for 0: [J@4b32ace3
calculated fs for 0: [J@4b32ace3
calculated fs for 0: [J@4b32ace3
calculated fs for 0: [J@4b32ace3
calculated fs for 0: [J@4b32ace3
calculated fs for 0: [J@4b32ace3
calculated fs for 0: [J@4b32ace3
calculated fs for 0: [J@4b32ace3
calculated fs for 0: [J@4b32ace3
calculated fs for 0: [J@4b32ace3
calculated fs for 0: [J@4b32ace3
calculated fs for 0: [J@4b32ace3
calculated fs for 0: [J@4b32ace3
calculated fs for 0: [J@4b32ace3
calculated fs for 0: [J@4b32ace3
calculated fs for 0: [J@4b32ace3
calculated fs for 0: [J@4b32ace3
calculated fs for 0: [J@4b32ace3
calculated fs for 0: [J@4b32ace3
calculated fs for 0: [J@4b32ace3
calculated fs for 0: [J@4b32ace3
calculated fs for 0: [J@4b32ace3
calculated fs for 0: [J@4b32ace3
calculated fs for 0: [J@4b32ace3
calculated fs for 0: [J@4b32ace3
calculated fs for 0: [J@4b32ace3
calculated fs for 0: [J@4b32ace3
calculated fs for 0: [J@4b32ace3
calculated fs for 0: [J@4b32ace3
calculated fs for 0: [J@4b32ace3
calculated fs for 0: [J@4b32ace3
calculated fs for 0: [J@4b32ace3
calculated fs for 0: [J@4b32ace3
calculated fs for 0: [J@4b32ace3
calculated fs for 0: [J@4b32ace3
calculated fs for 0: [J@4b32ace3
calculated fs for 0: [J@4b32ace3
calculated fs for 0: [J@4b32ace3
calculated fs for 0: [J@4b32ace3
calculated fs for 0: [J@4b32ace3
calculated fs for 0: [J@4b32ace3
calculated fs for 0: [J@4b32ace3
calculated fs for 0: [J@4b32ace3
calculated fs for 1: [J@6bf491a6
calculated fs for 1: [J@6bf491a6
calculated fs for 1: [J@6bf491a6
calculated fs for 1: [J@6bf491a6
calculated fs for 1: [J@6bf491a6
calculated fs for 1: [J@6bf491a6
calculated fs for 1: [J@6bf491a6
calculated fs for 1: [J@6bf491a6
calculated fs for 1: [J@6bf491a6
calculated fs for 1: [J@6bf491a6
calculated fs for 1: [J@6bf491a6
calculated fs for 1: [J@6bf491a6
calculated fs for 1: [J@6bf491a6
calculated fs for 1: [J@6bf491a6
calculated fs for 1: [J@6bf491a6
calculated fs for 1: [J@6bf491a6
calculated fs for 1: [J@6bf491a6
calculated fs for 1: [J@6bf491a6
calculated fs for 1: [J@6bf491a6
calculated fs for 1: [J@6bf491a6
calculated fs for 1: [J@6bf491a6
calculated fs for 1: [J@6bf491a6
calculated fs for 1: [J@6bf491a6
calculated fs for 1: [J@6bf491a6
calculated fs for 1: [J@6bf491a6
calculated fs for 1: [J@6bf491a6
calculated fs for 1: [J@6bf491a6
calculated fs for 1: [J@6bf491a6
calculated fs for 1: [J@6bf491a6
calculated fs for 1: [J@6bf491a6
calculated fs for 1: [J@6bf491a6
calculated fs for 1: [J@6bf491a6
calculated fs for 1: [J@6bf491a6
calculated fs for 1: [J@6bf491a6
calculated fs for 1: [J@6bf491a6
calculated fs for 1: [J@6bf491a6
calculated fs for 1: [J@6bf491a6
calculated fs for 1: [J@6bf491a6
calculated fs for 1: [J@6bf491a6
calculated fs for 1: [J@6bf491a6
calculated fs for 1: [J@6bf491a6
calculated fs for 1: [J@6bf491a6
calculated fs for 1: [J@6bf491a6
calculated fs for 1: [J@6bf491a6
calculated fs for 1: [J@6bf491a6
calculated fs for 1: [J@6bf491a6
calculated fs for 1: [J@6bf491a6
calculated fs for 1: [J@6bf491a6
calculated fs for 1: [J@6bf491a6
calculated fs for 1: [J@6bf491a6
calculated fs for 1: [J@6bf491a6
calculated fs for 1: [J@6bf491a6
calculated fs for 1: [J@6bf491a6
calculated fs for 1: [J@6bf491a6
calculated fs for 1: [J@6bf491a6
calculated fs for 1: [J@6bf491a6
calculated fs for 1: [J@6bf491a6
calculated fs for 1: [J@6bf491a6
calculated fs for 1: [J@6bf491a6
calculated fs for 1: [J@6bf491a6
calculated fs for 1: [J@6bf491a6
calculated fs for 1: [J@6bf491a6
calculated fs for 1: [J@6bf491a6
calculated fs for 1: [J@6bf491a6
calculated fs for 1: [J@6bf491a6
calculated fs for 1: [J@6bf491a6
calculated fs for 1: [J@6bf491a6
calculated fs for 1: [J@6bf491a6
calculated fs for 1: [J@6bf491a6
calculated fs for 1: [J@6bf491a6
calculated fs for 1: [J@6bf491a6
calculated fs for 1: [J@6bf491a6
calculated fs for 1: [J@6bf491a6
calculated fs for 1: [J@6bf491a6
calculated fs for 1: [J@6bf491a6
calculated fs for 1: [J@6bf491a6
calculated fs for 1: [J@6bf491a6
calculated fs for 1: [J@6bf491a6
calculated fs for 1: [J@6bf491a6
calculated fs for 1: [J@6bf491a6
calculated fs for 1: [J@6bf491a6
calculated fs for 1: [J@6bf491a6
calculated fs for 1: [J@6bf491a6
calculated fs for 1: [J@6bf491a6
calculated fs for 1: [J@6bf491a6
calculated fs for 1: [J@6bf491a6
calculated fs for 1: [J@6bf491a6
calculated fs for 1: [J@6bf491a6
calculated fs for 1: [J@6bf491a6
calculated fs for 1: [J@6bf491a6
calculated fs for 1: [J@6bf491a6
calculated fs for 1: [J@6bf491a6
calculated fs for 1: [J@6bf491a6
calculated fs for 1: [J@6bf491a6
calculated fs for 1: [J@6bf491a6
calculated fs for 1: [J@6bf491a6
calculated fs for 1: [J@6bf491a6
calculated fs for 1: [J@6bf491a6
calculated fs for 1: [J@6bf491a6
calculated fs for 1: [J@6bf491a6
calculated fs for 1: [J@6bf491a6
calculated fs for 1: [J@6bf491a6
calculated fs for 1: [J@6bf491a6
calculated fs for 1: [J@6bf491a6
calculated fs for 1: [J@6bf491a6
calculated fs for 1: [J@6bf491a6
calculated fs for 1: [J@6bf491a6
calculated fs for 1: [J@6bf491a6
calculated fs for 1: [J@6bf491a6
calculated fs for 1: [J@6bf491a6
calculated fs for 1: [J@6bf491a6
calculated fs for 1: [J@6bf491a6
calculated fs for 1: [J@6bf491a6
calculated fs for 1: [J@6bf491a6
calculated fs for 1: [J@6bf491a6
calculated fs for 1: [J@6bf491a6
calculated fs for 1: [J@6bf491a6
calculated fs for 1: [J@6bf491a6
calculated fs for 1: [J@6bf491a6
calculated fs for 1: [J@6bf491a6
calculated fs for 1: [J@6bf491a6
calculated fs for 1: [J@6bf491a6
calculated fs for 1: [J@6bf491a6
calculated fs for 1: [J@6bf491a6
calculated fs for 1: [J@6bf491a6
calculated fs for 1: [J@6bf491a6
calculated fs for 1: [J@6bf491a6
calculated fs for 1: [J@6bf491a6
calculated fs for 1: [J@6bf491a6
calculated fs for 1: [J@6bf491a6
calculated fs for 1: [J@6bf491a6
calculated fs for 1: [J@6bf491a6
calculated fs for 1: [J@6bf491a6
calculated fs for 1: [J@6bf491a6
calculated fs for 1: [J@6bf491a6
calculated fs for 1: [J@6bf491a6
calculated fs for 1: [J@6bf491a6
calculated fs for 1: [J@6bf491a6
calculated fs for 1: [J@6bf491a6
calculated fs for 1: [J@6bf491a6
calculated fs for 1: [J@6bf491a6
calculated fs for 1: [J@6bf491a6
calculated fs for 1: [J@6bf491a6
calculated fs for 1: [J@6bf491a6
calculated fs for 1: [J@6bf491a6
calculated fs for 1: [J@6bf491a6
calculated fs for 1: [J@6bf491a6
calculated fs for 1: [J@6bf491a6
calculated fs for 1: [J@6bf491a6
calculated fs for 1: [J@6bf491a6
calculated fs for 1: [J@6bf491a6
calculated fs for 1: [J@6bf491a6
calculated fs for 1: [J@6bf491a6
calculated fs for 1: [J@6bf491a6
calculated fs for 1: [J@6bf491a6
calculated fs for 1: [J@6bf491a6
calculated fs for 1: [J@6bf491a6
calculated fs for 1: [J@6bf491a6
calculated fs for 1: [J@6bf491a6
calculated fs for 1: [J@6bf491a6
calculated fs for 1: [J@6bf491a6
calculated fs for 1: [J@6bf491a6
calculated fs for 1: [J@6bf491a6
calculated fs for 1: [J@6bf491a6
calculated fs for 1: [J@6bf491a6
calculated fs for 1: [J@6bf491a6
calculated fs for 1: [J@6bf491a6
calculated fs for 1: [J@6bf491a6
calculated fs for 1: [J@6bf491a6
calculated fs for 1: [J@6bf491a6
calculated fs for 1: [J@6bf491a6
calculated fs for 1: [J@6bf491a6
calculated fs for 1: [J@6bf491a6
calculated fs for 1: [J@6bf491a6
calculated fs for 1: [J@6bf491a6
calculated fs for 1: [J@6bf491a6
calculated fs for 1: [J@6bf491a6
calculated fs for 1: [J@6bf491a6
calculated fs for 1: [J@6bf491a6
calculated fs for 1: [J@6bf491a6
calculated fs for 1: [J@6bf491a6
calculated fs for 1: [J@6bf491a6
calculated fs for 1: [J@6bf491a6
calculated fs for 1: [J@6bf491a6
calculated fs for 1: [J@6bf491a6
calculated fs for 1: [J@6bf491a6
calculated fs for 1: [J@6bf491a6
calculated fs for 1: [J@6bf491a6
calculated fs for 1: [J@6bf491a6
calculated fs for 1: [J@6bf491a6
calculated fs for 1: [J@6bf491a6
calculated fs for 1: [J@6bf491a6
calculated fs for 1: [J@6bf491a6
calculated fs for 1: [J@6bf491a6
calculated fs for 1: [J@6bf491a6
calculated fs for 1: [J@6bf491a6
calculated fs for 1: [J@6bf491a6
calculated fs for 1: [J@6bf491a6
calculated fs for 1: [J@6bf491a6
calculated fs for 1: [J@6bf491a6
calculated fs for 1: [J@6bf491a6
calculated fs for 1: [J@6bf491a6
calculated fs for 1: [J@6bf491a6
calculated fs for 1: [J@6bf491a6
calculated fs for 1: [J@6bf491a6
calculated fs for 1: [J@6bf491a6
calculated fs for 1: [J@6bf491a6
calculated fs for 1: [J@6bf491a6
calculated fs for 1: [J@6bf491a6
calculated fs for 1: [J@6bf491a6
calculated fs for 1: [J@6bf491a6
calculated fs for 1: [J@6bf491a6
calculated fs for 1: [J@6bf491a6
calculated fs for 1: [J@6bf491a6
calculated fs for 1: [J@6bf491a6
calculated fs for 1: [J@6bf491a6
calculated fs for 1: [J@6bf491a6
calculated fs for 1: [J@6bf491a6
calculated fs for 1: [J@6bf491a6
calculated fs for 1: [J@6bf491a6
calculated fs for 1: [J@6bf491a6
calculated fs for 1: [J@6bf491a6
calculated fs for 1: [J@6bf491a6
calculated fs for 1: [J@6bf491a6
calculated fs for 1: [J@6bf491a6
calculated fs for 1: [J@6bf491a6
calculated fs for 1: [J@6bf491a6
calculated fs for 1: [J@6bf491a6
calculated fs for 1: [J@6bf491a6
calculated fs for 1: [J@6bf491a6
calculated fs for 1: [J@6bf491a6
calculated fs for 1: [J@6bf491a6
calculated fs for 1: [J@6bf491a6
calculated fs for 1: [J@6bf491a6
calculated fs for 1: [J@6bf491a6
calculated fs for 1: [J@6bf491a6
calculated fs for 1: [J@6bf491a6
calculated fs for 1: [J@6bf491a6
calculated fs for 1: [J@6bf491a6
calculated fs for 1: [J@6bf491a6
calculated fs for 1: [J@6bf491a6
calculated fs for 1: [J@6bf491a6
calculated fs for 1: [J@6bf491a6
calculated fs for 1: [J@6bf491a6
calculated fs for 1: [J@6bf491a6
calculated fs for 1: [J@6bf491a6
calculated fs for 1: [J@6bf491a6
calculated fs for 1: [J@6bf491a6
calculated fs for 1: [J@6bf491a6
calculated fs for 1: [J@6bf491a6
calculated fs for 1: [J@6bf491a6
calculated fs for 1: [J@6bf491a6
calculated fs for 1: [J@6bf491a6
calculated fs for 1: [J@6bf491a6
calculated fs for 1: [J@6bf491a6
calculated fs for 1: [J@6bf491a6
calculated fs for 1: [J@6bf491a6
calculated fs for 1: [J@6bf491a6
calculated fs for 1: [J@6bf491a6
calculated fs for 1: [J@6bf491a6
calculated fs for 1: [J@6bf491a6
calculated fs for 1: [J@6bf491a6
calculated fs for 1: [J@6bf491a6
calculated fs for 1: [J@6bf491a6
calculated fs for 1: [J@6bf491a6
calculated fs for 1: [J@6bf491a6
calculated fs for 1: [J@6bf491a6
calculated fs for 1: [J@6bf491a6
calculated fs for 1: [J@6bf491a6
calculated fs for 1: [J@6bf491a6
calculated fs for 1: [J@6bf491a6
calculated fs for 1: [J@6bf491a6
calculated fs for 1: [J@6bf491a6
calculated fs for 1: [J@6bf491a6
calculated fs for 1: [J@6bf491a6
calculated fs for 1: [J@6bf491a6
calculated fs for 1: [J@6bf491a6
calculated fs for 1: [J@6bf491a6
calculated fs for 1: [J@6bf491a6
calculated fs for 1: [J@6bf491a6
calculated fs for 1: [J@6bf491a6
calculated fs for 1: [J@6bf491a6
calculated fs for 1: [J@6bf491a6
calculated fs for 1: [J@6bf491a6
calculated fs for 1: [J@6bf491a6
calculated fs for 1: [J@6bf491a6
calculated fs for 1: [J@6bf491a6
calculated fs for 1: [J@6bf491a6
calculated fs for 1: [J@6bf491a6
calculated fs for 1: [J@6bf491a6
calculated fs for 1: [J@6bf491a6
calculated fs for 1: [J@6bf491a6
calculated fs for 1: [J@6bf491a6
calculated fs for 1: [J@6bf491a6
calculated fs for 1: [J@6bf491a6
calculated fs for 1: [J@6bf491a6
calculated fs for 1: [J@6bf491a6
calculated fs for 1: [J@6bf491a6
calculated fs for 1: [J@6bf491a6
calculated fs for 1: [J@6bf491a6
calculated fs for 1: [J@6bf491a6
calculated fs for 1: [J@6bf491a6
calculated fs for 1: [J@6bf491a6
calculated fs for 1: [J@6bf491a6
calculated fs for 1: [J@6bf491a6
calculated fs for 1: [J@6bf491a6
calculated fs for 1: [J@6bf491a6
calculated fs for 1: [J@6bf491a6
calculated fs for 1: [J@6bf491a6
calculated fs for 1: [J@6bf491a6
calculated fs for 1: [J@6bf491a6
calculated fs for 1: [J@6bf491a6
calculated fs for 1: [J@6bf491a6
calculated fs for 1: [J@6bf491a6
calculated fs for 1: [J@6bf491a6
calculated fs for 1: [J@6bf491a6
calculated fs for 1: [J@6bf491a6
calculated fs for 1: [J@6bf491a6
calculated fs for 1: [J@6bf491a6
calculated fs for 1: [J@6bf491a6
calculated fs for 1: [J@6bf491a6
calculated fs for 1: [J@6bf491a6
calculated fs for 1: [J@6bf491a6
calculated fs for 1: [J@6bf491a6
calculated fs for 1: [J@6bf491a6
calculated fs for 1: [J@6bf491a6
calculated fs for 1: [J@6bf491a6
calculated fs for 1: [J@6bf491a6
calculated fs for 1: [J@6bf491a6
calculated fs for 1: [J@6bf491a6
calculated fs for 1: [J@6bf491a6
calculated fs for 1: [J@6bf491a6
calculated fs for 1: [J@6bf491a6
calculated fs for 1: [J@6bf491a6
calculated fs for 1: [J@6bf491a6
calculated fs for 1: [J@6bf491a6
calculated fs for 1: [J@6bf491a6
calculated fs for 1: [J@6bf491a6
calculated fs for 1: [J@6bf491a6
calculated fs for 1: [J@6bf491a6
calculated fs for 2: [J@58660a9
calculated fs for 2: [J@58660a9
calculated fs for 2: [J@58660a9
calculated fs for 2: [J@58660a9
calculated fs for 2: [J@58660a9
calculated fs for 2: [J@58660a9
calculated fs for 2: [J@58660a9
calculated fs for 2: [J@58660a9
calculated fs for 2: [J@58660a9
calculated fs for 2: [J@58660a9
calculated fs for 2: [J@58660a9
calculated fs for 2: [J@58660a9
calculated fs for 2: [J@58660a9
calculated fs for 2: [J@58660a9
calculated fs for 2: [J@58660a9
calculated fs for 2: [J@58660a9
calculated fs for 2: [J@58660a9
calculated fs for 2: [J@58660a9
calculated fs for 2: [J@58660a9
calculated fs for 2: [J@58660a9
calculated fs for 2: [J@58660a9
calculated fs for 2: [J@58660a9
calculated fs for 2: [J@58660a9
calculated fs for 2: [J@58660a9
calculated fs for 2: [J@58660a9
calculated fs for 2: [J@58660a9
calculated fs for 2: [J@58660a9
calculated fs for 2: [J@58660a9
calculated fs for 2: [J@58660a9
calculated fs for 2: [J@58660a9
calculated fs for 2: [J@58660a9
calculated fs for 2: [J@58660a9
calculated fs for 2: [J@58660a9
calculated fs for 2: [J@58660a9
calculated fs for 2: [J@58660a9
calculated fs for 2: [J@58660a9
calculated fs for 2: [J@58660a9
calculated fs for 2: [J@58660a9
calculated fs for 2: [J@58660a9
calculated fs for 2: [J@58660a9
calculated fs for 2: [J@58660a9
calculated fs for 2: [J@58660a9
calculated fs for 2: [J@58660a9
calculated fs for 2: [J@58660a9
calculated fs for 2: [J@58660a9
calculated fs for 2: [J@58660a9
calculated fs for 2: [J@58660a9
calculated fs for 2: [J@58660a9
calculated fs for 2: [J@58660a9
calculated fs for 2: [J@58660a9
calculated fs for 2: [J@58660a9
calculated fs for 2: [J@58660a9
calculated fs for 2: [J@58660a9
calculated fs for 2: [J@58660a9
calculated fs for 2: [J@58660a9
calculated fs for 2: [J@58660a9
calculated fs for 2: [J@58660a9
calculated fs for 2: [J@58660a9
calculated fs for 2: [J@58660a9
calculated fs for 2: [J@58660a9
calculated fs for 2: [J@58660a9
calculated fs for 2: [J@58660a9
calculated fs for 2: [J@58660a9
calculated fs for 2: [J@58660a9
calculated fs for 2: [J@58660a9
calculated fs for 2: [J@58660a9
calculated fs for 2: [J@58660a9
calculated fs for 2: [J@58660a9
calculated fs for 2: [J@58660a9
calculated fs for 2: [J@58660a9
calculated fs for 2: [J@58660a9
calculated fs for 2: [J@58660a9
calculated fs for 2: [J@58660a9
calculated fs for 2: [J@58660a9
calculated fs for 2: [J@58660a9
calculated fs for 2: [J@58660a9
calculated fs for 2: [J@58660a9
calculated fs for 2: [J@58660a9
calculated fs for 2: [J@58660a9
calculated fs for 2: [J@58660a9
calculated fs for 2: [J@58660a9
calculated fs for 2: [J@58660a9
calculated fs for 2: [J@58660a9
calculated fs for 2: [J@58660a9
calculated fs for 2: [J@58660a9
calculated fs for 2: [J@58660a9
calculated fs for 2: [J@58660a9
calculated fs for 2: [J@58660a9
calculated fs for 2: [J@58660a9
calculated fs for 2: [J@58660a9
calculated fs for 2: [J@58660a9
calculated fs for 2: [J@58660a9
calculated fs for 2: [J@58660a9
calculated fs for 2: [J@58660a9
calculated fs for 2: [J@58660a9
calculated fs for 2: [J@58660a9
calculated fs for 2: [J@58660a9
calculated fs for 2: [J@58660a9
calculated fs for 2: [J@58660a9
calculated fs for 2: [J@58660a9
calculated fs for 2: [J@58660a9
calculated fs for 2: [J@58660a9
calculated fs for 2: [J@58660a9
calculated fs for 2: [J@58660a9
calculated fs for 2: [J@58660a9
calculated fs for 2: [J@58660a9
calculated fs for 2: [J@58660a9
calculated fs for 2: [J@58660a9
calculated fs for 2: [J@58660a9
calculated fs for 2: [J@58660a9
calculated fs for 2: [J@58660a9
calculated fs for 2: [J@58660a9
calculated fs for 2: [J@58660a9
calculated fs for 2: [J@58660a9
calculated fs for 2: [J@58660a9
calculated fs for 2: [J@58660a9
calculated fs for 2: [J@58660a9
calculated fs for 2: [J@58660a9
calculated fs for 2: [J@58660a9
calculated fs for 2: [J@58660a9
calculated fs for 2: [J@58660a9
calculated fs for 2: [J@58660a9
calculated fs for 2: [J@58660a9
calculated fs for 2: [J@58660a9
calculated fs for 2: [J@58660a9
calculated fs for 2: [J@58660a9
calculated fs for 2: [J@58660a9
calculated fs for 2: [J@58660a9
calculated fs for 2: [J@58660a9
calculated fs for 2: [J@58660a9
calculated fs for 2: [J@58660a9
calculated fs for 2: [J@58660a9
calculated fs for 2: [J@58660a9
calculated fs for 2: [J@58660a9
calculated fs for 2: [J@58660a9
calculated fs for 2: [J@58660a9
calculated fs for 2: [J@58660a9
calculated fs for 2: [J@58660a9
calculated fs for 2: [J@58660a9
calculated fs for 2: [J@58660a9
calculated fs for 2: [J@58660a9
calculated fs for 2: [J@58660a9
calculated fs for 2: [J@58660a9
calculated fs for 2: [J@58660a9
calculated fs for 2: [J@58660a9
calculated fs for 2: [J@58660a9
calculated fs for 2: [J@58660a9
calculated fs for 2: [J@58660a9
calculated fs for 2: [J@58660a9
calculated fs for 2: [J@58660a9
calculated fs for 2: [J@58660a9
calculated fs for 2: [J@58660a9
calculated fs for 2: [J@58660a9
calculated fs for 2: [J@58660a9
calculated fs for 2: [J@58660a9
calculated fs for 2: [J@58660a9
calculated fs for 2: [J@58660a9
calculated fs for 2: [J@58660a9
calculated fs for 2: [J@58660a9
calculated fs for 2: [J@58660a9
calculated fs for 2: [J@58660a9
calculated fs for 2: [J@58660a9
calculated fs for 2: [J@58660a9
calculated fs for 2: [J@58660a9
calculated fs for 2: [J@58660a9
calculated fs for 2: [J@58660a9
calculated fs for 2: [J@58660a9
calculated fs for 2: [J@58660a9
calculated fs for 2: [J@58660a9
calculated fs for 2: [J@58660a9
calculated fs for 2: [J@58660a9
calculated fs for 2: [J@58660a9
calculated fs for 2: [J@58660a9
calculated fs for 2: [J@58660a9
calculated fs for 2: [J@58660a9
calculated fs for 2: [J@58660a9
calculated fs for 2: [J@58660a9
calculated fs for 2: [J@58660a9
calculated fs for 2: [J@58660a9
calculated fs for 2: [J@58660a9
calculated fs for 2: [J@58660a9
calculated fs for 2: [J@58660a9
calculated fs for 2: [J@58660a9
calculated fs for 2: [J@58660a9
calculated fs for 2: [J@58660a9
calculated fs for 2: [J@58660a9
calculated fs for 2: [J@58660a9
calculated fs for 2: [J@58660a9
calculated fs for 2: [J@58660a9
calculated fs for 2: [J@58660a9
calculated fs for 2: [J@58660a9
calculated fs for 2: [J@58660a9
calculated fs for 2: [J@58660a9
calculated fs for 2: [J@58660a9
calculated fs for 2: [J@58660a9
calculated fs for 2: [J@58660a9
calculated fs for 2: [J@58660a9
calculated fs for 2: [J@58660a9
calculated fs for 2: [J@58660a9
calculated fs for 2: [J@58660a9
calculated fs for 2: [J@58660a9
calculated fs for 2: [J@58660a9
calculated fs for 2: [J@58660a9
calculated fs for 2: [J@58660a9
calculated fs for 2: [J@58660a9
calculated fs for 2: [J@58660a9
calculated fs for 2: [J@58660a9
calculated fs for 2: [J@58660a9
calculated fs for 2: [J@58660a9
calculated fs for 2: [J@58660a9
calculated fs for 2: [J@58660a9
calculated fs for 2: [J@58660a9
calculated fs for 2: [J@58660a9
calculated fs for 2: [J@58660a9
calculated fs for 2: [J@58660a9
calculated fs for 2: [J@58660a9
calculated fs for 2: [J@58660a9
calculated fs for 2: [J@58660a9
calculated fs for 2: [J@58660a9
calculated fs for 2: [J@58660a9
calculated fs for 2: [J@58660a9
calculated fs for 2: [J@58660a9
calculated fs for 2: [J@58660a9
calculated fs for 2: [J@58660a9
calculated fs for 2: [J@58660a9
calculated fs for 2: [J@58660a9
calculated fs for 2: [J@58660a9
calculated fs for 2: [J@58660a9
calculated fs for 2: [J@58660a9
calculated fs for 2: [J@58660a9
calculated fs for 2: [J@58660a9
calculated fs for 2: [J@58660a9
calculated fs for 2: [J@58660a9
calculated fs for 2: [J@58660a9
calculated fs for 2: [J@58660a9
calculated fs for 2: [J@58660a9
calculated fs for 2: [J@58660a9
calculated fs for 2: [J@58660a9
calculated fs for 2: [J@58660a9
calculated fs for 2: [J@58660a9
calculated fs for 2: [J@58660a9
calculated fs for 2: [J@58660a9
calculated fs for 2: [J@58660a9
calculated fs for 2: [J@58660a9
calculated fs for 2: [J@58660a9
calculated fs for 2: [J@58660a9
calculated fs for 2: [J@58660a9
calculated fs for 2: [J@58660a9
calculated fs for 2: [J@58660a9
calculated fs for 2: [J@58660a9
calculated fs for 2: [J@58660a9
calculated fs for 2: [J@58660a9
calculated fs for 2: [J@58660a9
calculated fs for 2: [J@58660a9
calculated fs for 2: [J@58660a9
calculated fs for 2: [J@58660a9
calculated fs for 2: [J@58660a9
calculated fs for 2: [J@58660a9
calculated fs for 2: [J@58660a9
calculated fs for 2: [J@58660a9
calculated fs for 2: [J@58660a9
calculated fs for 2: [J@58660a9
calculated fs for 2: [J@58660a9
calculated fs for 2: [J@58660a9
calculated fs for 2: [J@58660a9
calculated fs for 2: [J@58660a9
calculated fs for 2: [J@58660a9
calculated fs for 2: [J@58660a9
calculated fs for 2: [J@58660a9
calculated fs for 2: [J@58660a9
calculated fs for 2: [J@58660a9
calculated fs for 2: [J@58660a9
calculated fs for 2: [J@58660a9
calculated fs for 2: [J@58660a9
calculated fs for 2: [J@58660a9
calculated fs for 2: [J@58660a9
calculated fs for 2: [J@58660a9
calculated fs for 2: [J@58660a9
calculated fs for 2: [J@58660a9
calculated fs for 2: [J@58660a9
calculated fs for 2: [J@58660a9
calculated fs for 2: [J@58660a9
calculated fs for 2: [J@58660a9
calculated fs for 2: [J@58660a9
calculated fs for 2: [J@58660a9
calculated fs for 2: [J@58660a9
calculated fs for 2: [J@58660a9
calculated fs for 2: [J@58660a9
calculated fs for 2: [J@58660a9
calculated fs for 2: [J@58660a9
calculated fs for 2: [J@58660a9
calculated fs for 2: [J@58660a9
calculated fs for 2: [J@58660a9
calculated fs for 2: [J@58660a9
calculated fs for 2: [J@58660a9
calculated fs for 2: [J@58660a9
calculated fs for 2: [J@58660a9
calculated fs for 2: [J@58660a9
calculated fs for 2: [J@58660a9
calculated fs for 2: [J@58660a9
calculated fs for 2: [J@58660a9
calculated fs for 2: [J@58660a9
calculated fs for 2: [J@58660a9
calculated fs for 2: [J@58660a9
calculated fs for 2: [J@58660a9
calculated fs for 2: [J@58660a9
calculated fs for 2: [J@58660a9
calculated fs for 2: [J@58660a9
calculated fs for 2: [J@58660a9
calculated fs for 2: [J@58660a9
calculated fs for 2: [J@58660a9
calculated fs for 2: [J@58660a9
calculated fs for 2: [J@58660a9
calculated fs for 2: [J@58660a9
calculated fs for 2: [J@58660a9
calculated fs for 2: [J@58660a9
calculated fs for 2: [J@58660a9
calculated fs for 2: [J@58660a9
calculated fs for 2: [J@58660a9
calculated fs for 2: [J@58660a9
calculated fs for 2: [J@58660a9
calculated fs for 2: [J@58660a9
calculated fs for 2: [J@58660a9
calculated fs for 2: [J@58660a9
calculated fs for 2: [J@58660a9
calculated fs for 2: [J@58660a9
calculated fs for 2: [J@58660a9
calculated fs for 2: [J@58660a9
calculated fs for 2: [J@58660a9
calculated fs for 2: [J@58660a9
calculated fs for 2: [J@58660a9
calculated fs for 2: [J@58660a9
calculated fs for 2: [J@58660a9
calculated fs for 2: [J@58660a9
calculated fs for 2: [J@58660a9
calculated fs for 2: [J@58660a9
calculated fs for 2: [J@58660a9
calculated fs for 2: [J@58660a9
calculated fs for 2: [J@58660a9
calculated fs for 2: [J@58660a9
calculated nfs for 0: [J@3933fa14
calculated nfs for 0: [J@3933fa14
calculated nfs for 1: [J@3675463
calculated nfs for 1: [J@3675463
calculated nfs for 2: [J@74d53153
calculated nfs for 2: [J@74d53153
calculated iMatrix for 13, 0, 0, 0: 0.059878307401690534
calculated iMatrix for 13, 0, 0, 1: 0.32051246763139896
calculated iMatrix for 13, 0, 0, 2: -0.24700849981113693
calculated iMatrix for 13, 0, 0, 3: -0.3040062065394501
calculated iMatrix for 13, 0, 0, 4: -0.08495264047676543
calculated iMatrix for 13, 0, 0, 5: -0.018703254935564795
calculated iMatrix for 13, 0, 0, 6: 0.03567534731184929
calculated iMatrix for 13, 0, 0, 7: -0.01084466832304365
calculated iMatrix for 13, 0, 0, 8: -0.08495264047676543
calculated iMatrix for 13, 0, 0, 9: 0.17287646882533436
calculated iMatrix for 13, 0, 0, 10: 0.31094301661524826
calculated iMatrix for 13, 0, 0, 11: -0.051800433159864934
calculated iMatrix for 13, 0, 0, 12: -0.01084466832304365
calculated iMatrix for 13, 0, 0, 13: 0.23012840616312996
calculated iMatrix for 13, 0, 0, 14: -0.12940440304759926
calculated iMatrix for 13, 0, 0, 15: -0.10600604967459781
calculated iMatrix for 13, 0, 0, 16: 0.09736891631718914
calculated iMatrix for 13, 0, 0, 17: 0.04672518349843435
calculated iMatrix for 13, 0, 0, 18: -0.3261146972936535
calculated iMatrix for 13, 0, 0, 19: 0.28974080896464527
calculated iMatrix for 13, 0, 1, 0: -0.16233930409218567
calculated iMatrix for 13, 0, 1, 1: 0.32051246763139896
calculated iMatrix for 13, 0, 1, 2: -0.04010207431141377
calculated iMatrix for 13, 0, 1, 3: -0.08495264047676543
calculated iMatrix for 13, 0, 1, 4: 0.20272943197501542
calculated iMatrix for 13, 0, 1, 5: 0.1298921080227493
calculated iMatrix for 13, 0, 1, 6: 0.3486833445980953
calculated iMatrix for 13, 0, 1, 7: -0.057301109146255524
calculated iMatrix for 13, 0, 1, 8: 0.026838765511351226
calculated iMatrix for 13, 0, 1, 9: 0.0031546270335013338
calculated iMatrix for 13, 0, 1, 10: 0.1562094163401226
calculated iMatrix for 13, 0, 1, 11: -0.24258158468034863
calculated iMatrix for 13, 0, 1, 12: 0.15143613758746488
calculated iMatrix for 13, 0, 1, 13: -0.5211894072516834
calculated iMatrix for 13, 0, 1, 14: -0.2221537619902505
calculated iMatrix for 13, 0, 1, 15: -0.29317054157429956
calculated iMatrix for 13, 0, 1, 16: 0.23258239512469658
calculated iMatrix for 13, 0, 1, 17: 0.3065262256566591
calculated iMatrix for 13, 0, 1, 18: 0.12268672430147909
calculated iMatrix for 13, 0, 1, 19: 0.2515195961444474
calculated iMatrix for 13, 0, 2, 0: -0.029210657468530243
calculated iMatrix for 13, 0, 2, 1: 0.22870491837827617
calculated iMatrix for 13, 0, 2, 2: -0.22471458285192414
calculated iMatrix for 13, 0, 2, 3: -0.11704095502826595
calculated iMatrix for 13, 0, 2, 4: 0.30671914549906304
calculated iMatrix for 13, 0, 2, 5: -0.26727419727072
calculated iMatrix for 13, 0, 2, 6: 0.01035753932755945
calculated iMatrix for 13, 0, 2, 7: 0.2077169734860546
calculated iMatrix for 13, 0, 2, 8: -0.24529529055194488
calculated iMatrix for 13, 0, 2, 9: 0.26258981989869434
calculated iMatrix for 13, 0, 2, 10: 0.21872977332145654
calculated iMatrix for 13, 0, 2, 11: 0.12439758870510853
calculated iMatrix for 13, 0, 2, 12: 0.20928683252117453
calculated iMatrix for 13, 0, 2, 13: -0.2348927877676802
calculated iMatrix for 13, 0, 2, 14: -0.17089507027749018
calculated iMatrix for 13, 0, 2, 15: -0.12386805672643897
calculated iMatrix for 13, 0, 2, 16: -0.008579661692191487
calculated iMatrix for 13, 0, 2, 17: 0.023941447762371948
calculated iMatrix for 13, 0, 2, 18: -0.41630977643120803
calculated iMatrix for 13, 0, 2, 19: 0.2964149160523384
calculated iMatrix for 13, 0, 3, 0: -0.2996095779136566
calculated iMatrix for 13, 0, 3, 1: 0.5594043759137478
calculated iMatrix for 13, 0, 3, 2: -0.6082007842413133
calculated iMatrix for 13, 0, 3, 3: 0.054309426856742116
calculated iMatrix for 13, 0, 3, 4: 0.3613344621516541
calculated iMatrix for 13, 0, 3, 5: 0.017326208643652752
calculated iMatrix for 13, 0, 3, 6: -0.16951002850482844
calculated iMatrix for 13, 0, 3, 7: 0.058148203163907786
calculated iMatrix for 13, 0, 3, 8: -0.22737298051853405
calculated iMatrix for 13, 0, 3, 9: 0.04710708153630083
calculated iMatrix for 13, 0, 3, 10: -0.14557726229320034
calculated iMatrix for 13, 0, 3, 11: 0.027525342949924814
calculated iMatrix for 13, 0, 3, 12: 0.26099834009899125
calculated iMatrix for 13, 0, 3, 13: 0.06296748959985676
calculated iMatrix for 13, 0, 3, 14: 0.24195014512829682
calculated iMatrix for 13, 0, 3, 15: -0.052691778258543986
calculated iMatrix for 13, 0, 3, 16: 0.13075593234992622
calculated iMatrix for 13, 0, 3, 17: 0.06587024925781826
calculated iMatrix for 13, 0, 3, 18: 0.7825479272279576
calculated iMatrix for 13, 0, 3, 19: -0.25328795529598025
calculated iMatrix for 13, 0, 4, 0: -0.01084466832304365
calculated iMatrix for 13, 0, 4, 1: -0.08495264047676543
calculated iMatrix for 13, 0, 4, 2: -0.01084466832304365
calculated iMatrix for 13, 0, 4, 3: -0.3036418414415949
calculated iMatrix for 13, 0, 4, 4: 0.1562094163401226
calculated iMatrix for 13, 0, 4, 5: -0.08495264047676543
calculated iMatrix for 13, 0, 4, 6: 0.36978351663818165
calculated iMatrix for 13, 0, 4, 7: -0.051800433159864934
calculated iMatrix for 13, 0, 4, 8: -0.014748381803516897
calculated iMatrix for 13, 0, 4, 9: 0.04388023136620289
calculated iMatrix for 13, 0, 4, 10: 0.24355142649527056
calculated iMatrix for 13, 0, 4, 11: -5.3196690279144754E-5
calculated iMatrix for 13, 0, 4, 12: 0.051622894528985275
calculated iMatrix for 13, 0, 4, 13: -0.01689917723174983
calculated iMatrix for 13, 0, 4, 14: -0.42142487709797827
calculated iMatrix for 13, 0, 4, 15: -0.06160527647977432
calculated iMatrix for 13, 0, 4, 16: 0.22253205927119524
calculated iMatrix for 13, 0, 4, 17: 0.28069097344472727
calculated iMatrix for 13, 0, 4, 18: -0.29259200525500995
calculated iMatrix for 13, 0, 4, 19: -0.10095298182320667
calculated iMatrix for 13, 0, 5, 0: -0.22760894087828865
calculated iMatrix for 13, 0, 5, 1: 0.8195036337503868
calculated iMatrix for 13, 0, 5, 2: 0.08433941602685524
calculated iMatrix for 13, 0, 5, 3: -0.35032895541424824
calculated iMatrix for 13, 0, 5, 4: 0.07597772633587163
calculated iMatrix for 13, 0, 5, 5: 0.14932865524790023
calculated iMatrix for 13, 0, 5, 6: 0.5312334989470515
calculated iMatrix for 13, 0, 5, 7: -0.28562333593891653
calculated iMatrix for 13, 0, 5, 8: 0.013487432336487082
calculated iMatrix for 13, 0, 5, 9: -0.03732459148751077
calculated iMatrix for 13, 0, 5, 10: -0.26727419727072
calculated iMatrix for 13, 0, 5, 11: -0.11027044846105538
calculated iMatrix for 13, 0, 5, 12: 0.49998095544294713
calculated iMatrix for 13, 0, 5, 13: -0.3011757489464014
calculated iMatrix for 13, 0, 5, 14: -0.15394551196371686
calculated iMatrix for 13, 0, 5, 15: 0.1857798736612422
calculated iMatrix for 13, 0, 5, 16: -0.11525798997209435
calculated iMatrix for 13, 0, 5, 17: -0.030885419206489684
calculated iMatrix for 13, 0, 5, 18: 0.27969047311114376
calculated iMatrix for 13, 0, 5, 19: 0.11934782303596436
calculated iMatrix for 13, 0, 6, 0: -0.09126180967003017
calculated iMatrix for 13, 0, 6, 1: 0.14388893195208202
calculated iMatrix for 13, 0, 6, 2: 0.5086649447361468
calculated iMatrix for 13, 0, 6, 3: 0.18075052525624025
calculated iMatrix for 13, 0, 6, 4: -0.029072182082308773
calculated iMatrix for 13, 0, 6, 5: 0.335154017624347
calculated iMatrix for 13, 0, 6, 6: -0.25680289740342477
calculated iMatrix for 13, 0, 6, 7: -0.4404073280102685
calculated iMatrix for 13, 0, 6, 8: -0.22805348411743875
calculated iMatrix for 13, 0, 6, 9: -0.2593060276215432
calculated iMatrix for 13, 0, 6, 10: -0.5087668872531264
calculated iMatrix for 13, 0, 6, 11: 0.29311349344328447
calculated iMatrix for 13, 0, 6, 12: 0.3299912115859427
calculated iMatrix for 13, 0, 6, 13: -0.273004871979705
calculated iMatrix for 13, 0, 6, 14: -0.3313530539552424
calculated iMatrix for 13, 0, 6, 15: 0.07061146714763977
calculated iMatrix for 13, 0, 6, 16: -0.02871292215388932
calculated iMatrix for 13, 0, 6, 17: -0.02871292215388932
calculated iMatrix for 13, 0, 6, 18: 0.2366309836506969
calculated iMatrix for 13, 0, 6, 19: 0.020407875181060908
calculated iMatrix for 13, 0, 7, 0: -0.34180724913328686
calculated iMatrix for 13, 0, 7, 1: 0.25988784581496416
calculated iMatrix for 13, 0, 7, 2: 0.41500331105232136
calculated iMatrix for 13, 0, 7, 3: -0.36781542649259746
calculated iMatrix for 13, 0, 7, 4: -0.08495264047676543
calculated iMatrix for 13, 0, 7, 5: 0.7858757173206323
calculated iMatrix for 13, 0, 7, 6: 0.6081945400831799
calculated iMatrix for 13, 0, 7, 7: -0.3433643306284332
calculated iMatrix for 13, 0, 7, 8: -0.08495264047676543
calculated iMatrix for 13, 0, 7, 9: -0.5011130377016779
calculated iMatrix for 13, 0, 7, 10: -0.6980571133631743
calculated iMatrix for 13, 0, 7, 11: 0.7104733892035981
calculated iMatrix for 13, 0, 7, 12: 0.33993055348850043
calculated iMatrix for 13, 0, 7, 13: -0.24317664569165964
calculated iMatrix for 13, 0, 7, 14: -0.14949116161433662
calculated iMatrix for 13, 0, 7, 15: 0.19829483490714978
calculated iMatrix for 13, 0, 7, 16: 0.19203414285826742
calculated iMatrix for 13, 0, 7, 17: -0.6099628992347126
calculated iMatrix for 13, 0, 7, 18: -0.11572429914351912
calculated iMatrix for 13, 0, 7, 19: -0.08495264047676543
calculated iMatrix for 13, 0, 8, 0: NaN
calculated iMatrix for 13, 0, 8, 1: NaN
calculated iMatrix for 13, 0, 8, 2: NaN
calculated iMatrix for 13, 0, 8, 3: NaN
calculated iMatrix for 13, 0, 8, 4: NaN
calculated iMatrix for 13, 0, 8, 5: NaN
calculated iMatrix for 13, 0, 8, 6: NaN
calculated iMatrix for 13, 0, 8, 7: NaN
calculated iMatrix for 13, 0, 8, 8: NaN
calculated iMatrix for 13, 0, 8, 9: NaN
calculated iMatrix for 13, 0, 8, 10: NaN
calculated iMatrix for 13, 0, 8, 11: NaN
calculated iMatrix for 13, 0, 8, 12: NaN
calculated iMatrix for 13, 0, 8, 13: 4.868558484016905E-5
calculated iMatrix for 13, 0, 8, 14: NaN
calculated iMatrix for 13, 0, 8, 15: NaN
calculated iMatrix for 13, 0, 8, 16: NaN
calculated iMatrix for 13, 0, 8, 17: NaN
calculated iMatrix for 13, 0, 8, 18: NaN
calculated iMatrix for 13, 0, 8, 19: NaN
calculated iMatrix for 13, 0, 9, 0: -0.6592386181599819
calculated iMatrix for 13, 0, 9, 1: -0.5267853927558046
calculated iMatrix for 13, 0, 9, 2: 0.565634925664384
calculated iMatrix for 13, 0, 9, 3: -0.4198001813709764
calculated iMatrix for 13, 0, 9, 4: 0.10610259628594376
calculated iMatrix for 13, 0, 9, 5: 0.8844479167113379
calculated iMatrix for 13, 0, 9, 6: -0.08495264047676543
calculated iMatrix for 13, 0, 9, 7: -0.5369377642198228
calculated iMatrix for 13, 0, 9, 8: 0.14435742575310828
calculated iMatrix for 13, 0, 9, 9: -0.5681267329122461
calculated iMatrix for 13, 0, 9, 10: -0.7039918488829888
calculated iMatrix for 13, 0, 9, 11: 0.5236371520551169
calculated iMatrix for 13, 0, 9, 12: 1.8368599569994872
calculated iMatrix for 13, 0, 9, 13: -0.44495537450817246
calculated iMatrix for 13, 0, 9, 14: -0.13258068946602009
calculated iMatrix for 13, 0, 9, 15: 0.34249137435017424
calculated iMatrix for 13, 0, 9, 16: 0.25455449983960154
calculated iMatrix for 13, 0, 9, 17: -0.8034176290210007
calculated iMatrix for 13, 0, 9, 18: -0.11774246329975624
calculated iMatrix for 13, 0, 9, 19: 0.1352881511794829
calculated iMatrix for 13, 0, 10, 0: -0.2897470531227787
calculated iMatrix for 13, 0, 10, 1: 0.20272943197501542
calculated iMatrix for 13, 0, 10, 2: 0.5199019329375015
calculated iMatrix for 13, 0, 10, 3: -0.0056158982402444435
calculated iMatrix for 13, 0, 10, 4: -0.11480560362644665
calculated iMatrix for 13, 0, 10, 5: 0.42247739428808706
calculated iMatrix for 13, 0, 10, 6: 0.14388893195208202
calculated iMatrix for 13, 0, 10, 7: 0.005198456517532035
calculated iMatrix for 13, 0, 10, 8: -0.12662533687733357
calculated iMatrix for 13, 0, 10, 9: -0.6147154652625069
calculated iMatrix for 13, 0, 10, 10: -1.1210445721635411
calculated iMatrix for 13, 0, 10, 11: 0.2866109159557175
calculated iMatrix for 13, 0, 10, 12: 1.3295125976098214
calculated iMatrix for 13, 0, 10, 13: -0.26727419727072
calculated iMatrix for 13, 0, 10, 14: -0.41932182690119957
calculated iMatrix for 13, 0, 10, 15: 0.15345838296823267
calculated iMatrix for 13, 0, 10, 16: 0.34249137435017424
calculated iMatrix for 13, 0, 10, 17: -0.2044977911265481
calculated iMatrix for 13, 0, 10, 18: 0.06457909349419833
calculated iMatrix for 13, 0, 10, 19: -0.21416437195677163
calculated iMatrix for 13, 0, 11, 0: -0.43823199541435964
calculated iMatrix for 13, 0, 11, 1: 0.8088652355453311
calculated iMatrix for 13, 0, 11, 2: 0.12153927724500219
calculated iMatrix for 13, 0, 11, 3: 0.18874319000027562
calculated iMatrix for 13, 0, 11, 4: 0.10225890161138096
calculated iMatrix for 13, 0, 11, 5: -0.24970787355282087
calculated iMatrix for 13, 0, 11, 6: 0.20272943197501542
calculated iMatrix for 13, 0, 11, 7: -0.20475384028938615
calculated iMatrix for 13, 0, 11, 8: -0.3867393191100883
calculated iMatrix for 13, 0, 11, 9: -0.5645257207386516
calculated iMatrix for 13, 0, 11, 10: -0.6285680870657468
calculated iMatrix for 13, 0, 11, 11: 0.14866221070473967
calculated iMatrix for 13, 0, 11, 12: 0.9711000337725484
calculated iMatrix for 13, 0, 11, 13: -0.23448437444772918
calculated iMatrix for 13, 0, 11, 14: -0.2653343324528935
calculated iMatrix for 13, 0, 11, 15: 0.25575390028323575
calculated iMatrix for 13, 0, 11, 16: 0.387794474714721
calculated iMatrix for 13, 0, 11, 17: 0.28752596863509244
calculated iMatrix for 13, 0, 11, 18: 0.4411404554200137
calculated iMatrix for 13, 0, 11, 19: 0.21229888299116628
calculated iMatrix for 13, 0, 12, 0: -0.4846540438681797
calculated iMatrix for 13, 0, 12, 1: 0.859508968364086
calculated iMatrix for 13, 0, 12, 2: -0.13147265611165826
calculated iMatrix for 13, 0, 12, 3: -0.3600559307216862
calculated iMatrix for 13, 0, 12, 4: 0.15393926780558342
calculated iMatrix for 13, 0, 12, 5: 0.038841576869898864
calculated iMatrix for 13, 0, 12, 6: -0.5645257207386516
calculated iMatrix for 13, 0, 12, 7: 0.025048254737563003
calculated iMatrix for 13, 0, 12, 8: -0.5224204796711036
calculated iMatrix for 13, 0, 12, 9: 0.01770151358331795
calculated iMatrix for 13, 0, 12, 10: 0.13127046799287057
calculated iMatrix for 13, 0, 12, 11: -0.04721231249391833
calculated iMatrix for 13, 0, 12, 12: 0.44486948397988024
calculated iMatrix for 13, 0, 12, 13: -0.23910332030402381
calculated iMatrix for 13, 0, 12, 14: -0.0735239446531426
calculated iMatrix for 13, 0, 12, 15: 0.10031442654694611
calculated iMatrix for 13, 0, 12, 16: 0.05071322467638972
calculated iMatrix for 13, 0, 12, 17: 0.7825479272279576
calculated iMatrix for 13, 0, 12, 18: 0.20272943197501542
calculated iMatrix for 13, 0, 12, 19: 0.353960401698939
calculated iMatrix for 13, 0, 13, 0: -0.30809619179097514
calculated iMatrix for 13, 0, 13, 1: 0.47466314745865723
calculated iMatrix for 13, 0, 13, 2: 0.19761433130824496
calculated iMatrix for 13, 0, 13, 3: 0.009538202944157081
calculated iMatrix for 13, 0, 13, 4: -0.018703254935564795
calculated iMatrix for 13, 0, 13, 5: -0.1550202030934824
calculated iMatrix for 13, 0, 13, 6: -0.26727419727072
calculated iMatrix for 13, 0, 13, 7: 0.27172230346196696
calculated iMatrix for 13, 0, 13, 8: -0.26727419727072
calculated iMatrix for 13, 0, 13, 9: -0.23577553021134912
calculated iMatrix for 13, 0, 13, 10: -0.10742549632882403
calculated iMatrix for 13, 0, 13, 11: -0.17089507027749018
calculated iMatrix for 13, 0, 13, 12: 0.17973991375031673
calculated iMatrix for 13, 0, 13, 13: -0.08495264047676543
calculated iMatrix for 13, 0, 13, 14: 0.17057232034048414
calculated iMatrix for 13, 0, 13, 15: 0.17741162399072563
calculated iMatrix for 13, 0, 13, 16: 0.20272943197501542
calculated iMatrix for 13, 0, 13, 17: 0.18438029330681893
calculated iMatrix for 13, 0, 13, 18: 0.12268672430147909
calculated iMatrix for 13, 0, 13, 19: 0.06022936936773249
calculated iMatrix for 13, 0, 14, 0: -0.06649057763703015
calculated iMatrix for 13, 0, 14, 1: 0.1455710181350669
calculated iMatrix for 13, 0, 14, 2: -0.034690805695877125
calculated iMatrix for 13, 0, 14, 3: -0.13020923206488633
calculated iMatrix for 13, 0, 14, 4: -0.5026878411767441
calculated iMatrix for 13, 0, 14, 5: -0.31432674154161133
calculated iMatrix for 13, 0, 14, 6: 0.20272943197501542
calculated iMatrix for 13, 0, 14, 7: -0.09470881542213017
calculated iMatrix for 13, 0, 14, 8: -0.15091060826856284
calculated iMatrix for 13, 0, 14, 9: 0.13067611433495796
calculated iMatrix for 13, 0, 14, 10: -0.10848313788695962
calculated iMatrix for 13, 0, 14, 11: 0.21671567394975533
calculated iMatrix for 13, 0, 14, 12: 0.3656329029118685
calculated iMatrix for 13, 0, 14, 13: 0.04857875214775709
calculated iMatrix for 13, 0, 14, 14: -0.19415193244175744
calculated iMatrix for 13, 0, 14, 15: -0.019355357990952227
calculated iMatrix for 13, 0, 14, 16: 0.3981230703363228
calculated iMatrix for 13, 0, 14, 17: 0.02945771070097869
calculated iMatrix for 13, 0, 14, 18: 0.09736891631718914
calculated iMatrix for 13, 0, 14, 19: 0.13819091083744428
calculated iMatrix for 13, 0, 15, 0: -0.2649240199257664
calculated iMatrix for 13, 0, 15, 1: 0.33626082459953804
calculated iMatrix for 13, 0, 15, 2: 0.32051246763139896
calculated iMatrix for 13, 0, 15, 3: -0.040892650682734955
calculated iMatrix for 13, 0, 15, 4: 0.4018581070853514
calculated iMatrix for 13, 0, 15, 5: -0.029382789321954705
calculated iMatrix for 13, 0, 15, 6: -0.030885419206489684
calculated iMatrix for 13, 0, 15, 7: -0.1893126558010082
calculated iMatrix for 13, 0, 15, 8: -0.4320069864285154
calculated iMatrix for 13, 0, 15, 9: 0.006614553048724936
calculated iMatrix for 13, 0, 15, 10: -0.47361063026854855
calculated iMatrix for 13, 0, 15, 11: 0.14684897358055893
calculated iMatrix for 13, 0, 15, 12: 0.3007098403352193
calculated iMatrix for 13, 0, 15, 13: -0.40080558989524273
calculated iMatrix for 13, 0, 15, 14: 0.024609562034760835
calculated iMatrix for 13, 0, 15, 15: -0.2075549625690979
calculated iMatrix for 13, 0, 15, 16: 0.2135403480792311
calculated iMatrix for 13, 0, 15, 17: 0.30419889213987517
calculated iMatrix for 13, 0, 15, 18: 0.2567966532452913
calculated iMatrix for 13, 0, 15, 19: 0.057017620793621826
calculated iMatrix for 13, 0, 16, 0: -0.24103196121042936
calculated iMatrix for 13, 0, 16, 1: 0.06165083371510993
calculated iMatrix for 13, 0, 16, 2: -0.08495264047676543
calculated iMatrix for 13, 0, 16, 3: -0.236183610200689
calculated iMatrix for 13, 0, 16, 4: -0.09999051784130597
calculated iMatrix for 13, 0, 16, 5: 0.14232030417945557
calculated iMatrix for 13, 0, 16, 6: -0.30809619179097514
calculated iMatrix for 13, 0, 16, 7: 0.28542114782012884
calculated iMatrix for 13, 0, 16, 8: -0.042393026057969574
calculated iMatrix for 13, 0, 16, 9: -6.922968590256096E-4
calculated iMatrix for 13, 0, 16, 10: 0.28974080896464527
calculated iMatrix for 13, 0, 16, 11: 0.03674429450075434
calculated iMatrix for 13, 0, 16, 12: -0.08495264047676543
calculated iMatrix for 13, 0, 16, 13: -0.27910865491772296
calculated iMatrix for 13, 0, 16, 14: -0.08495264047676543
calculated iMatrix for 13, 0, 16, 15: 0.1298921080227493
calculated iMatrix for 13, 0, 16, 16: 0.10059993689863556
calculated iMatrix for 13, 0, 16, 17: 0.11728422601813054
calculated iMatrix for 13, 0, 16, 18: 0.16190743745476038
calculated iMatrix for 13, 0, 16, 19: 0.10264597341803283
calculated iMatrix for 13, 1, 0, 0: -0.13638078840904821
calculated iMatrix for 13, 1, 0, 1: -0.6565741621786392
calculated iMatrix for 13, 1, 0, 2: 0.19291908877200026
calculated iMatrix for 13, 1, 0, 3: -0.07035366830926493
calculated iMatrix for 13, 1, 0, 4: -0.05735880145289718
calculated iMatrix for 13, 1, 0, 5: 0.19217542844175117
calculated iMatrix for 13, 1, 0, 6: 0.2119259058591676
calculated iMatrix for 13, 1, 0, 7: -0.2164234960825846
calculated iMatrix for 13, 1, 0, 8: 0.11637901164966591
calculated iMatrix for 13, 1, 0, 9: -0.0912603531285785
calculated iMatrix for 13, 1, 0, 10: -0.5248963382034393
calculated iMatrix for 13, 1, 0, 11: 0.1318831981856312
calculated iMatrix for 13, 1, 0, 12: 0.2608168815615244
calculated iMatrix for 13, 1, 0, 13: -0.026721831991007416
calculated iMatrix for 13, 1, 0, 14: -0.022267481641627285
calculated iMatrix for 13, 1, 0, 15: 0.014100162529247617
calculated iMatrix for 13, 1, 0, 16: 0.010276066090844305
calculated iMatrix for 13, 1, 0, 17: 0.05956253660600508
calculated iMatrix for 13, 1, 0, 18: -0.1865705329329035
calculated iMatrix for 13, 1, 0, 19: -0.2372142657516585
calculated iMatrix for 13, 1, 1, 0: -0.2525285007247009
calculated iMatrix for 13, 1, 1, 1: 0.6018868274313668
calculated iMatrix for 13, 1, 1, 2: 0.0067200552316251105
calculated iMatrix for 13, 1, 1, 3: -0.2548897769103806
calculated iMatrix for 13, 1, 1, 4: -0.43866166028198195
calculated iMatrix for 13, 1, 1, 5: 0.18832450909058296
calculated iMatrix for 13, 1, 1, 6: -0.2548897769103806
calculated iMatrix for 13, 1, 1, 7: -0.0912603531285785
calculated iMatrix for 13, 1, 1, 8: 0.17444281260442707
calculated iMatrix for 13, 1, 1, 9: -0.2935825766292026
calculated iMatrix for 13, 1, 1, 10: -0.0912603531285785
calculated iMatrix for 13, 1, 1, 11: 0.32995311194772503
calculated iMatrix for 13, 1, 1, 12: -0.019516448269737197
calculated iMatrix for 13, 1, 1, 13: 0.07361429006165543
calculated iMatrix for 13, 1, 1, 14: -0.13474546506831753
calculated iMatrix for 13, 1, 1, 15: 0.2166244266407218
calculated iMatrix for 13, 1, 1, 16: -6.059848604476059E-4
calculated iMatrix for 13, 1, 1, 17: 0.2615610214941637
calculated iMatrix for 13, 1, 1, 18: 0.2188945751752609
calculated iMatrix for 13, 1, 1, 19: 0.04377593067536423
calculated iMatrix for 13, 1, 2, 0: -0.2833380848678979
calculated iMatrix for 13, 1, 2, 1: 0.419565270637412
calculated iMatrix for 13, 1, 2, 2: 0.277065208030129
calculated iMatrix for 13, 1, 2, 3: 0.03134196896375374
calculated iMatrix for 13, 1, 2, 4: -0.49227111088736275
calculated iMatrix for 13, 1, 2, 5: 0.3395225629638756
calculated iMatrix for 13, 1, 2, 6: -0.015752800620433494
calculated iMatrix for 13, 1, 2, 7: -6.059848604476059E-4
calculated iMatrix for 13, 1, 2, 8: 0.33101187329596704
calculated iMatrix for 13, 1, 2, 9: -0.29143952732253964
calculated iMatrix for 13, 1, 2, 10: -0.9667290904824786
calculated iMatrix for 13, 1, 2, 11: 0.15293660738346349
calculated iMatrix for 13, 1, 2, 12: 0.009280876093298751
calculated iMatrix for 13, 1, 2, 13: -0.018689660293743193
calculated iMatrix for 13, 1, 2, 14: 0.09106120366537596
calculated iMatrix for 13, 1, 2, 15: -0.10368287312713576
calculated iMatrix for 13, 1, 2, 16: -0.0667192442124609
calculated iMatrix for 13, 1, 2, 17: 0.05184049051209483
calculated iMatrix for 13, 1, 2, 18: 0.39424746265312227
calculated iMatrix for 13, 1, 2, 19: -0.18049148685652128
calculated iMatrix for 13, 1, 3, 0: -0.1557988742661498
calculated iMatrix for 13, 1, 3, 1: -0.45590346671648785
calculated iMatrix for 13, 1, 3, 2: 0.39657575241271337
calculated iMatrix for 13, 1, 3, 3: -0.4361008394203081
calculated iMatrix for 13, 1, 3, 4: -0.5319936000742007
calculated iMatrix for 13, 1, 3, 5: 0.35242596779978363
calculated iMatrix for 13, 1, 3, 6: 0.2654145908101537
calculated iMatrix for 13, 1, 3, 7: -0.3466070449374232
calculated iMatrix for 13, 1, 3, 8: 0.15487271641032985
calculated iMatrix for 13, 1, 3, 9: -0.24760642351927253
calculated iMatrix for 13, 1, 3, 10: 0.0018300699374333984
calculated iMatrix for 13, 1, 3, 11: 0.30425442412641757
calculated iMatrix for 13, 1, 3, 12: 0.05184049051209483
calculated iMatrix for 13, 1, 3, 13: -0.17039767368730252
calculated iMatrix for 13, 1, 3, 14: 0.061502401423831676
calculated iMatrix for 13, 1, 3, 15: 0.3831976264665373
calculated iMatrix for 13, 1, 3, 16: -0.22767220861845527
calculated iMatrix for 13, 1, 3, 17: -0.022267481641627285
calculated iMatrix for 13, 1, 3, 18: -0.3789424255803595
calculated iMatrix for 13, 1, 3, 19: -0.010291290594911517
calculated iMatrix for 13, 1, 4, 0: -0.019157059227234763
calculated iMatrix for 13, 1, 4, 1: 0.45346682231309354
calculated iMatrix for 13, 1, 4, 2: -0.3827812018875252
calculated iMatrix for 13, 1, 4, 3: -0.5902515192475664
calculated iMatrix for 13, 1, 4, 4: 0.15487271641032985
calculated iMatrix for 13, 1, 4, 5: 0.5373483062937956
calculated iMatrix for 13, 1, 4, 6: -0.07105764581105922
calculated iMatrix for 13, 1, 4, 7: 0.4294175670804239
calculated iMatrix for 13, 1, 4, 8: 0.13926330548325372
calculated iMatrix for 13, 1, 4, 9: -0.08648707437592096
calculated iMatrix for 13, 1, 4, 10: -0.3726728125667642
calculated iMatrix for 13, 1, 4, 11: -0.11106298042475826
calculated iMatrix for 13, 1, 4, 12: 0.14154510909736806
calculated iMatrix for 13, 1, 4, 13: -0.6688946465666794
calculated iMatrix for 13, 1, 4, 14: 0.05492215704950287
calculated iMatrix for 13, 1, 4, 15: -0.05421908144822951
calculated iMatrix for 13, 1, 4, 16: -0.0912603531285785
calculated iMatrix for 13, 1, 4, 17: 0.12532579763947216
calculated iMatrix for 13, 1, 4, 18: 0.1318831981856312
calculated iMatrix for 13, 1, 4, 19: -0.22479174575310124
calculated iMatrix for 13, 1, 5, 0: -0.2548897769103806
calculated iMatrix for 13, 1, 5, 1: 0.3481063066552672
calculated iMatrix for 13, 1, 5, 2: -0.45590346671648785
calculated iMatrix for 13, 1, 5, 3: -0.42773258974979167
calculated iMatrix for 13, 1, 5, 4: 0.19325214456192308
calculated iMatrix for 13, 1, 5, 5: 0.419565270637412
calculated iMatrix for 13, 1, 5, 6: 0.08309303401619905
calculated iMatrix for 13, 1, 5, 7: 0.4621248850562081
calculated iMatrix for 13, 1, 5, 8: 0.1999366614306468
calculated iMatrix for 13, 1, 5, 9: -0.23219669375967888
calculated iMatrix for 13, 1, 5, 10: 0.3395225629638756
calculated iMatrix for 13, 1, 5, 11: -0.022267481641627285
calculated iMatrix for 13, 1, 5, 12: -0.3381204310601045
calculated iMatrix for 13, 1, 5, 13: -0.5837368382263726
calculated iMatrix for 13, 1, 5, 14: -0.2647712802403783
calculated iMatrix for 13, 1, 5, 15: -0.12203201179533218
calculated iMatrix for 13, 1, 5, 16: -0.026340807029263003
calculated iMatrix for 13, 1, 5, 17: 0.5065766476270419
calculated iMatrix for 13, 1, 5, 18: 0.32425509083308723
calculated iMatrix for 13, 1, 5, 19: 0.22239720572646315
calculated iMatrix for 13, 1, 6, 0: -0.38055402947470096
calculated iMatrix for 13, 1, 6, 1: -0.02938494941049119
calculated iMatrix for 13, 1, 6, 2: -0.3600144156948406
calculated iMatrix for 13, 1, 6, 3: -0.42773258974979167
calculated iMatrix for 13, 1, 6, 4: -0.33638281116156343
calculated iMatrix for 13, 1, 6, 5: 0.45279091826573237
calculated iMatrix for 13, 1, 6, 6: 0.2654145908101537
calculated iMatrix for 13, 1, 6, 7: 0.22425651831664628
calculated iMatrix for 13, 1, 6, 8: 0.3671972851200962
calculated iMatrix for 13, 1, 6, 9: -0.6947953749988367
calculated iMatrix for 13, 1, 6, 10: -1.0918922334364847
calculated iMatrix for 13, 1, 6, 11: 0.5799079207125916
calculated iMatrix for 13, 1, 6, 12: -0.005900504177421828
calculated iMatrix for 13, 1, 6, 13: 0.014100162529247617
calculated iMatrix for 13, 1, 6, 14: 0.0687042965640996
calculated iMatrix for 13, 1, 6, 15: 0.09235235942899589
calculated iMatrix for 13, 1, 6, 16: 0.3831976264665373
calculated iMatrix for 13, 1, 6, 17: 0.1653311322531712
calculated iMatrix for 13, 1, 6, 18: -0.11595296571894997
calculated iMatrix for 13, 1, 6, 19: 0.16503540550253182
calculated iMatrix for 13, 1, 7, 0: -0.5567897019793933
calculated iMatrix for 13, 1, 7, 1: 0.0659252303938338
calculated iMatrix for 13, 1, 7, 2: -0.561263982374314
calculated iMatrix for 13, 1, 7, 3: -0.6790470180306978
calculated iMatrix for 13, 1, 7, 4: 0.6427088219516219
calculated iMatrix for 13, 1, 7, 5: 0.19909194787908135
calculated iMatrix for 13, 1, 7, 6: 0.03657301838130622
calculated iMatrix for 13, 1, 7, 7: 0.3418562863100958
calculated iMatrix for 13, 1, 7, 8: -0.0912603531285785
calculated iMatrix for 13, 1, 7, 9: -0.08169090211242791
calculated iMatrix for 13, 1, 7, 10: 0.3975863639186368
calculated iMatrix for 13, 1, 7, 11: -0.3705741759098429
calculated iMatrix for 13, 1, 7, 12: -0.03241985310564521
calculated iMatrix for 13, 1, 7, 13: -0.6508761410640014
calculated iMatrix for 13, 1, 7, 14: -0.16990348044769177
calculated iMatrix for 13, 1, 7, 15: -0.14322009205928965
calculated iMatrix for 13, 1, 7, 16: 0.04128630283340451
calculated iMatrix for 13, 1, 7, 17: 0.8655217401003135
calculated iMatrix for 13, 1, 7, 18: 0.15720100616992094
calculated iMatrix for 13, 1, 7, 19: 0.3336228408366875
calculated iMatrix for 13, 1, 8, 0: NaN
calculated iMatrix for 13, 1, 8, 1: NaN
calculated iMatrix for 13, 1, 8, 2: NaN
calculated iMatrix for 13, 1, 8, 3: NaN
calculated iMatrix for 13, 1, 8, 4: NaN
calculated iMatrix for 13, 1, 8, 5: NaN
calculated iMatrix for 13, 1, 8, 6: NaN
calculated iMatrix for 13, 1, 8, 7: NaN
calculated iMatrix for 13, 1, 8, 8: NaN
calculated iMatrix for 13, 1, 8, 9: NaN
calculated iMatrix for 13, 1, 8, 10: NaN
calculated iMatrix for 13, 1, 8, 11: NaN
calculated iMatrix for 13, 1, 8, 12: NaN
calculated iMatrix for 13, 1, 8, 13: 3.87900665265839E-4
calculated iMatrix for 13, 1, 8, 14: NaN
calculated iMatrix for 13, 1, 8, 15: NaN
calculated iMatrix for 13, 1, 8, 16: NaN
calculated iMatrix for 13, 1, 8, 17: NaN
calculated iMatrix for 13, 1, 8, 18: NaN
calculated iMatrix for 13, 1, 8, 19: NaN
calculated iMatrix for 13, 1, 9, 0: -0.5359461743900245
calculated iMatrix for 13, 1, 9, 1: 0.9050730864191129
calculated iMatrix for 13, 1, 9, 2: -0.34140450626129426
calculated iMatrix for 13, 1, 9, 3: -0.4765227539192234
calculated iMatrix for 13, 1, 9, 4: 0.6864442154594298
calculated iMatrix for 13, 1, 9, 5: -0.1269784357306578
calculated iMatrix for 13, 1, 9, 6: -0.03996705874102813
calculated iMatrix for 13, 1, 9, 7: 0.5530966632619346
calculated iMatrix for 13, 1, 9, 8: -0.7366168698521756
calculated iMatrix for 13, 1, 9, 9: 0.2188945751752609
calculated iMatrix for 13, 1, 9, 10: -0.0912603531285785
calculated iMatrix for 13, 1, 9, 11: 0.20087606967258265
calculated iMatrix for 13, 1, 9, 12: -0.2090433887849621
calculated iMatrix for 13, 1, 9, 13: -0.8426764418124997
calculated iMatrix for 13, 1, 9, 14: -0.741847919269728
calculated iMatrix for 13, 1, 9, 15: -0.3107609131642872
calculated iMatrix for 13, 1, 9, 16: -0.03241985310564521
calculated iMatrix for 13, 1, 9, 17: 0.92882717242722
calculated iMatrix for 13, 1, 9, 18: -0.03996705874102813
calculated iMatrix for 13, 1, 9, 19: -0.007878744189527609
calculated iMatrix for 13, 1, 10, 0: -0.5825867518431351
calculated iMatrix for 13, 1, 10, 1: 0.1318831981856312
calculated iMatrix for 13, 1, 10, 2: 0.07579373153458757
calculated iMatrix for 13, 1, 10, 3: -0.04900054383869601
calculated iMatrix for 13, 1, 10, 4: 0.5599226283323345
calculated iMatrix for 13, 1, 10, 5: -0.026019831260177595
calculated iMatrix for 13, 1, 10, 6: -0.1557988742661498
calculated iMatrix for 13, 1, 10, 7: -0.57505730450665
calculated iMatrix for 13, 1, 10, 8: -0.3736653684795157
calculated iMatrix for 13, 1, 10, 9: -0.34977104828007977
calculated iMatrix for 13, 1, 10, 10: -0.32237207409196533
calculated iMatrix for 13, 1, 10, 11: 0.43879663256529966
calculated iMatrix for 13, 1, 10, 12: 0.048001714204928936
calculated iMatrix for 13, 1, 10, 13: -0.0912603531285785
calculated iMatrix for 13, 1, 10, 14: -0.3009808841106476
calculated iMatrix for 13, 1, 10, 15: 0.37193722164815757
calculated iMatrix for 13, 1, 10, 16: 0.46106500154416485
calculated iMatrix for 13, 1, 10, 17: 0.33313276486510457
calculated iMatrix for 13, 1, 10, 18: 0.15720100616992094
calculated iMatrix for 13, 1, 10, 19: 0.37700565621861615
calculated iMatrix for 13, 1, 11, 0: -0.1839697512328462
calculated iMatrix for 13, 1, 11, 1: -0.6790470180306978
calculated iMatrix for 13, 1, 11, 2: 0.26175827960704323
calculated iMatrix for 13, 1, 11, 3: -0.4470257926844705
calculated iMatrix for 13, 1, 11, 4: 0.025273463127372997
calculated iMatrix for 13, 1, 11, 5: 0.10387016195795717
calculated iMatrix for 13, 1, 11, 6: 0.1318831981856312
calculated iMatrix for 13, 1, 11, 7: 0.3358662517607651
calculated iMatrix for 13, 1, 11, 8: -0.14370682850112115
calculated iMatrix for 13, 1, 11, 9: -0.4071133025470557
calculated iMatrix for 13, 1, 11, 10: -0.03241985310564521
calculated iMatrix for 13, 1, 11, 11: 0.09106120366537596
calculated iMatrix for 13, 1, 11, 12: -0.06080114564387018
calculated iMatrix for 13, 1, 11, 13: -1.1002604831070009
calculated iMatrix for 13, 1, 11, 14: -0.10778965507978922
calculated iMatrix for 13, 1, 11, 15: 0.11728439876447849
calculated iMatrix for 13, 1, 11, 16: 0.24966623384201458
calculated iMatrix for 13, 1, 11, 17: 0.4263912357078119
calculated iMatrix for 13, 1, 11, 18: -0.2494843583434727
calculated iMatrix for 13, 1, 11, 19: 0.37304525500251917
calculated iMatrix for 13, 1, 12, 0: -0.30939136261924416
calculated iMatrix for 13, 1, 12, 1: -0.42773258974979167
calculated iMatrix for 13, 1, 12, 2: -0.001648194438891526
calculated iMatrix for 13, 1, 12, 3: -0.4812212747007778
calculated iMatrix for 13, 1, 12, 4: -0.03410193928862992
calculated iMatrix for 13, 1, 12, 5: 0.4327233552149232
calculated iMatrix for 13, 1, 12, 6: 0.5373483062937956
calculated iMatrix for 13, 1, 12, 7: 0.1411855908479447
calculated iMatrix for 13, 1, 12, 8: -0.0912603531285785
calculated iMatrix for 13, 1, 12, 9: -0.13359471695513947
calculated iMatrix for 13, 1, 12, 10: -0.06594254514428877
calculated iMatrix for 13, 1, 12, 11: -0.017152380974856607
calculated iMatrix for 13, 1, 12, 12: 0.17755323501881937
calculated iMatrix for 13, 1, 12, 13: -0.4071133025470557
calculated iMatrix for 13, 1, 12, 14: -0.3848075450327577
calculated iMatrix for 13, 1, 12, 15: 0.38238626739565795
calculated iMatrix for 13, 1, 12, 16: 0.33061778462091596
calculated iMatrix for 13, 1, 12, 17: -0.07827315760176745
calculated iMatrix for 13, 1, 12, 18: -0.2735819099225332
calculated iMatrix for 13, 1, 12, 19: 0.028086404503987694
calculated iMatrix for 13, 1, 13, 0: -0.3381204310601045
calculated iMatrix for 13, 1, 13, 1: 0.1318831981856312
calculated iMatrix for 13, 1, 13, 2: 0.427728581276573
calculated iMatrix for 13, 1, 13, 3: -0.20733252438133265
calculated iMatrix for 13, 1, 13, 4: -0.2735819099225332
calculated iMatrix for 13, 1, 13, 5: 0.6830601174751892
calculated iMatrix for 13, 1, 13, 6: -0.16358101470820463
calculated iMatrix for 13, 1, 13, 7: -0.0912603531285785
calculated iMatrix for 13, 1, 13, 8: -0.0679129891315875
calculated iMatrix for 13, 1, 13, 9: -0.5534208049132883
calculated iMatrix for 13, 1, 13, 10: -0.2222886155349828
calculated iMatrix for 13, 1, 13, 11: 0.33159649769145494
calculated iMatrix for 13, 1, 13, 12: 0.025273463127372997
calculated iMatrix for 13, 1, 13, 13: -0.2735819099225332
calculated iMatrix for 13, 1, 13, 14: -0.1865705329329035
calculated iMatrix for 13, 1, 13, 15: 0.277065208030129
calculated iMatrix for 13, 1, 13, 16: 0.09865755055731085
calculated iMatrix for 13, 1, 13, 17: -0.026721831991007416
calculated iMatrix for 13, 1, 13, 18: 0.3550267494998409
calculated iMatrix for 13, 1, 13, 19: -0.15188497494501352
calculated iMatrix for 13, 1, 14, 0: -0.26401245890638236
calculated iMatrix for 13, 1, 14, 1: -0.32764913119280914
calculated iMatrix for 13, 1, 14, 2: 0.18999082899291198
calculated iMatrix for 13, 1, 14, 3: 0.03950987805461592
calculated iMatrix for 13, 1, 14, 4: 0.025273463127372997
calculated iMatrix for 13, 1, 14, 5: 0.5291849956546346
calculated iMatrix for 13, 1, 14, 6: 0.4722090041228342
calculated iMatrix for 13, 1, 14, 7: -0.32764913119280914
calculated iMatrix for 13, 1, 14, 8: -0.19947393776881128
calculated iMatrix for 13, 1, 14, 9: -0.36509701875830647
calculated iMatrix for 13, 1, 14, 10: -0.2919310485907298
calculated iMatrix for 13, 1, 14, 11: 0.19375860190371852
calculated iMatrix for 13, 1, 14, 12: -0.050438358608323464
calculated iMatrix for 13, 1, 14, 13: 0.2944021276834061
calculated iMatrix for 13, 1, 14, 14: -0.21021229598994395
calculated iMatrix for 13, 1, 14, 15: 0.4121851633397895
calculated iMatrix for 13, 1, 14, 16: 0.18904161202557979
calculated iMatrix for 13, 1, 14, 17: -0.507775297423328
calculated iMatrix for 13, 1, 14, 18: 0.2814149321565951
calculated iMatrix for 13, 1, 14, 19: -0.262408609324408
calculated iMatrix for 13, 1, 15, 0: -0.3228529589293161
calculated iMatrix for 13, 1, 15, 1: -0.12405017595156953
calculated iMatrix for 13, 1, 15, 2: 0.11808987605329535
calculated iMatrix for 13, 1, 15, 3: -0.3812125741148986
calculated iMatrix for 13, 1, 15, 4: 0.22285497639135787
calculated iMatrix for 13, 1, 15, 5: 0.19494133415276815
calculated iMatrix for 13, 1, 15, 6: 0.4436628222164727
calculated iMatrix for 13, 1, 15, 7: -0.03996705874102813
calculated iMatrix for 13, 1, 15, 8: 0.2654145908101537
calculated iMatrix for 13, 1, 15, 9: -0.17874780725169437
calculated iMatrix for 13, 1, 15, 10: -0.1065278252593671
calculated iMatrix for 13, 1, 15, 11: -0.044007468278032924
calculated iMatrix for 13, 1, 15, 12: 0.044871821196001305
calculated iMatrix for 13, 1, 15, 13: -0.1956203684528215
calculated iMatrix for 13, 1, 15, 14: -0.5238064198394137
calculated iMatrix for 13, 1, 15, 15: 0.36549804936713626
calculated iMatrix for 13, 1, 15, 16: 0.05715965198969464
calculated iMatrix for 13, 1, 15, 17: -0.1668977673341987
calculated iMatrix for 13, 1, 15, 18: -0.3789424255803595
calculated iMatrix for 13, 1, 15, 19: 0.6759947995850887
calculated iMatrix for 13, 1, 16, 0: -0.03874231884513213
calculated iMatrix for 13, 1, 16, 1: 0.8250303787455765
calculated iMatrix for 13, 1, 16, 2: 0.3550267494998409
calculated iMatrix for 13, 1, 16, 3: -0.28797064737463285
calculated iMatrix for 13, 1, 16, 4: -0.29711240733272737
calculated iMatrix for 13, 1, 16, 5: 0.12657814595593786
calculated iMatrix for 13, 1, 16, 6: 0.10941034233357261
calculated iMatrix for 13, 1, 16, 7: -0.41258078472918935
calculated iMatrix for 13, 1, 16, 8: -0.321048447161457
calculated iMatrix for 13, 1, 16, 9: -0.36807275334345557
calculated iMatrix for 13, 1, 16, 10: -0.44793529706731094
calculated iMatrix for 13, 1, 16, 11: -0.1003101886484965
calculated iMatrix for 13, 1, 16, 12: 0.31821277637712475
calculated iMatrix for 13, 1, 16, 13: -0.01805694910528355
calculated iMatrix for 13, 1, 16, 14: -0.1194312300952749
calculated iMatrix for 13, 1, 16, 15: 0.026522682527804875
calculated iMatrix for 13, 1, 16, 16: 0.47535663026582764
calculated iMatrix for 13, 1, 16, 17: 0.2166244266407218
calculated iMatrix for 13, 1, 16, 18: 0.514875450441737
calculated iMatrix for 13, 1, 16, 19: -0.07942589548157564
calculated iMatrix for 13, 2, 0, 0: 0.021885178805959277
calculated iMatrix for 13, 2, 0, 1: 0.0063809922699939875
calculated iMatrix for 13, 2, 0, 2: 0.09583110704542587
calculated iMatrix for 13, 2, 0, 3: 0.3048739808259906
calculated iMatrix for 13, 2, 0, 4: 0.1099351193916319
calculated iMatrix for 13, 2, 0, 5: -0.10421057280538476
calculated iMatrix for 13, 2, 0, 6: -0.16826820910560522
calculated iMatrix for 13, 2, 0, 7: 0.12898331436232638
calculated iMatrix for 13, 2, 0, 8: 0.005369358395149737
calculated iMatrix for 13, 2, 0, 9: -0.11024637470350773
calculated iMatrix for 13, 2, 0, 10: -0.03531973692894991
calculated iMatrix for 13, 2, 0, 11: -0.034341741740973264
calculated iMatrix for 13, 2, 0, 12: -0.15869875808945452
calculated iMatrix for 13, 2, 0, 13: -0.20372243946340976
calculated iMatrix for 13, 2, 0, 14: 0.12898331436232638
calculated iMatrix for 13, 2, 0, 15: 0.08701911526329419
calculated iMatrix for 13, 2, 0, 16: -0.09697317832849811
calculated iMatrix for 13, 2, 0, 17: -0.07931372883488891
calculated iMatrix for 13, 2, 0, 18: 0.38681242366442625
calculated iMatrix for 13, 2, 0, 19: -0.14642866549764014
calculated iMatrix for 13, 2, 1, 0: 0.2820085016678501
calculated iMatrix for 13, 2, 1, 1: -0.7873074175118286
calculated iMatrix for 13, 2, 1, 2: 0.03252304817476416
calculated iMatrix for 13, 2, 1, 3: 0.21505792313356936
calculated iMatrix for 13, 2, 1, 4: 0.033673134558001486
calculated iMatrix for 13, 2, 1, 5: -0.24258024207015658
calculated iMatrix for 13, 2, 1, 6: -0.19643908607230162
calculated iMatrix for 13, 2, 1, 7: 0.10429070177195486
calculated iMatrix for 13, 2, 1, 8: -0.134601206510394
calculated iMatrix for 13, 2, 1, 9: 0.15451661636749123
calculated iMatrix for 13, 2, 1, 10: -0.09416023695188333
calculated iMatrix for 13, 2, 1, 11: -0.002593043426392938
calculated iMatrix for 13, 2, 1, 12: -0.1309742100745996
calculated iMatrix for 13, 2, 1, 13: 0.38999713973194605
calculated iMatrix for 13, 2, 1, 14: 0.2720841580029996
calculated iMatrix for 13, 2, 1, 15: 0.11828802524557847
calculated iMatrix for 13, 2, 1, 16: -0.22187765971098614
calculated iMatrix for 13, 2, 1, 17: -0.475610468856174
calculated iMatrix for 13, 2, 1, 18: -0.25667916644965827
calculated iMatrix for 13, 2, 1, 19: -0.26831848310667716
calculated iMatrix for 13, 2, 2, 0: 0.17899373493698778
calculated iMatrix for 13, 2, 2, 1: -0.5176438505627261
calculated iMatrix for 13, 2, 2, 2: 0.019784022397334414
calculated iMatrix for 13, 2, 2, 3: 0.0864236999435305
calculated iMatrix for 13, 2, 2, 4: -0.044680179688513705
calculated iMatrix for 13, 2, 2, 5: 0.011200278705942868
calculated iMatrix for 13, 2, 2, 6: -2.2841711767984663E-4
calculated iMatrix for 13, 2, 2, 7: -0.19723242209169747
calculated iMatrix for 13, 2, 2, 8: -0.0010698138858714068
calculated iMatrix for 13, 2, 2, 9: -0.09244937254825397
calculated iMatrix for 13, 2, 2, 10: 0.20594435549845477
calculated iMatrix for 13, 2, 2, 11: -0.21330289212430634
calculated iMatrix for 13, 2, 2, 12: -0.2047898652897215
calculated iMatrix for 13, 2, 2, 13: 0.21753671170377142
calculated iMatrix for 13, 2, 2, 14: 0.09672245214410494
calculated iMatrix for 13, 2, 2, 15: 0.17022627289637537
calculated iMatrix for 13, 2, 2, 16: 0.046462290674322906
calculated iMatrix for 13, 2, 2, 17: -0.05333824243162821
calculated iMatrix for 13, 2, 2, 18: 0.0912429863794793
calculated iMatrix for 13, 2, 2, 19: -0.1827963096685151
calculated iMatrix for 13, 2, 3, 0: 0.34848387439803497
calculated iMatrix for 13, 2, 3, 1: -0.31730378826609307
calculated iMatrix for 13, 2, 3, 2: 0.23193128361476878
calculated iMatrix for 13, 2, 3, 3: 0.1727859370207192
calculated iMatrix for 13, 2, 3, 4: -0.08232577930488053
calculated iMatrix for 13, 2, 3, 5: -0.25178918115546645
calculated iMatrix for 13, 2, 3, 6: -0.01943669075594695
calculated iMatrix for 13, 2, 3, 7: 0.12898331436232638
calculated iMatrix for 13, 2, 3, 8: 0.10429070177195486
calculated iMatrix for 13, 2, 3, 9: 0.09152575182742594
calculated iMatrix for 13, 2, 3, 10: 0.12898331436232638
calculated iMatrix for 13, 2, 3, 11: -0.22583806092708306
calculated iMatrix for 13, 2, 3, 12: -0.2829964747670317
calculated iMatrix for 13, 2, 3, 13: 0.03717576510920352
calculated iMatrix for 13, 2, 3, 14: -0.269924393199679
calculated iMatrix for 13, 2, 3, 15: -0.20934249090820953
calculated iMatrix for 13, 2, 3, 16: 0.0031030684733235614
calculated iMatrix for 13, 2, 3, 17: -0.047947393796751836
calculated iMatrix for 13, 2, 3, 18: -0.5969536890206097
calculated iMatrix for 13, 2, 3, 19: 0.22807421700655733
calculated iMatrix for 13, 2, 4, 0: 0.02118674390661897
calculated iMatrix for 13, 2, 4, 1: -0.2339221793270421
calculated iMatrix for 13, 2, 4, 2: 0.20902602203586274
calculated iMatrix for 13, 2, 4, 3: 0.5557258209177757
calculated iMatrix for 13, 2, 4, 4: -0.24571013507908432
calculated iMatrix for 13, 2, 4, 5: -0.3017996017301279
calculated iMatrix for 13, 2, 4, 6: -0.319041408164634
calculated iMatrix for 13, 2, 4, 7: -0.24571013507908432
calculated iMatrix for 13, 2, 4, 8: -0.07288283850459842
calculated iMatrix for 13, 2, 4, 9: 0.009318810606237321
calculated iMatrix for 13, 2, 4, 10: -0.03531973692894991
calculated iMatrix for 13, 2, 4, 11: 0.06338603187651315
calculated iMatrix for 13, 2, 4, 12: -0.1361244360509156
calculated iMatrix for 13, 2, 4, 13: 0.33150757847380047
calculated iMatrix for 13, 2, 4, 14: 0.3250981932886168
calculated iMatrix for 13, 2, 4, 15: 0.0873106179617583
calculated iMatrix for 13, 2, 4, 16: -0.15869875808945452
calculated iMatrix for 13, 2, 4, 17: -0.35124186895494725
calculated iMatrix for 13, 2, 4, 18: 0.17343507693316018
calculated iMatrix for 13, 2, 4, 19: 0.21414112270263314
calculated iMatrix for 13, 2, 5, 0: 0.3394340388781172
calculated iMatrix for 13, 2, 5, 1: -1.192772525619993
calculated iMatrix for 13, 2, 5, 2: 0.15337476748648565
calculated iMatrix for 13, 2, 5, 3: 0.5253985869505728
calculated iMatrix for 13, 2, 5, 4: -0.19379007790072464
calculated iMatrix for 13, 2, 5, 5: -0.4344860428890863
calculated iMatrix for 13, 2, 5, 6: -0.5931514030708712
calculated iMatrix for 13, 2, 5, 7: -0.06517270007863113
calculated iMatrix for 13, 2, 5, 8: -0.13928067223235305
calculated iMatrix for 13, 2, 5, 9: 0.16098604544850012
calculated iMatrix for 13, 2, 5, 10: 0.011200278705942868
calculated iMatrix for 13, 2, 5, 11: 0.11217619604594509
calculated iMatrix for 13, 2, 5, 12: -0.31038334542151924
calculated iMatrix for 13, 2, 5, 13: 0.5509777244217012
calculated iMatrix for 13, 2, 5, 14: 0.2807893272303305
calculated iMatrix for 13, 2, 5, 15: -0.10558893277550616
calculated iMatrix for 13, 2, 5, 16: 0.11893297850882492
calculated iMatrix for 13, 2, 5, 17: -0.32725411911926117
calculated iMatrix for 13, 2, 5, 18: -0.4951709947106675
calculated iMatrix for 13, 2, 5, 19: -0.2558625065431023
calculated iMatrix for 13, 2, 6, 0: 0.28053321248952723
calculated iMatrix for 13, 2, 6, 1: -0.1178767635691994
calculated iMatrix for 13, 2, 6, 2: -0.3088171743887743
calculated iMatrix for 13, 2, 6, 3: 0.049994903043696054
calculated iMatrix for 13, 2, 6, 4: 0.20420673559991392
calculated iMatrix for 13, 2, 6, 5: -0.663863226420707
calculated iMatrix for 13, 2, 6, 6: 0.05487534220860453
calculated iMatrix for 13, 2, 6, 7: 0.23033580862261388
calculated iMatrix for 13, 2, 6, 8: -0.04197448378131316
calculated iMatrix for 13, 2, 6, 9: 0.5579789198806849
calculated iMatrix for 13, 2, 6, 10: 0.9055121038613226
calculated iMatrix for 13, 2, 6, 11: -0.7332401962415529
calculated iMatrix for 13, 2, 6, 12: -0.31730378826609307
calculated iMatrix for 13, 2, 6, 13: 0.23007943123369518
calculated iMatrix for 13, 2, 6, 14: 0.24481512988744802
calculated iMatrix for 13, 2, 6, 15: -0.12233111391857968
calculated iMatrix for 13, 2, 6, 16: -0.23163122758048618
calculated iMatrix for 13, 2, 6, 17: -0.07714889112534679
calculated iMatrix for 13, 2, 6, 18: -0.15869875808945452
calculated iMatrix for 13, 2, 6, 19: -0.12233111391857968
calculated iMatrix for 13, 2, 7, 0: 0.57445375708419
calculated iMatrix for 13, 2, 7, 1: -0.2908705311979376
calculated iMatrix for 13, 2, 7, 2: -0.1242125820182853
calculated iMatrix for 13, 2, 7, 3: 0.6454269304325403
calculated iMatrix for 13, 2, 7, 4: -0.3923136092709597
calculated iMatrix for 13, 2, 7, 5: -0.9979594809320093
calculated iMatrix for 13, 2, 7, 6: -0.6487212542256819
calculated iMatrix for 13, 2, 7, 7: 0.07182490052237775
calculated iMatrix for 13, 2, 7, 8: 0.12898331436232638
calculated iMatrix for 13, 2, 7, 9: 0.4681990369292901
calculated iMatrix for 13, 2, 7, 10: 0.2932863656536027
calculated iMatrix for 13, 2, 7, 11: -0.52067875425788
calculated iMatrix for 13, 2, 7, 12: -0.31132852507600617
calculated iMatrix for 13, 2, 7, 13: 0.5273309547016267
calculated iMatrix for 13, 2, 7, 14: 0.22835578817553015
calculated iMatrix for 13, 2, 7, 15: -0.1061364279985991
calculated iMatrix for 13, 2, 7, 16: -0.20748892225888652
calculated iMatrix for 13, 2, 7, 17: -0.15552918332817553
calculated iMatrix for 13, 2, 7, 18: 0.0063809922699939875
calculated iMatrix for 13, 2, 7, 19: -0.14295040112131543
calculated iMatrix for 13, 2, 8, 0: NaN
calculated iMatrix for 13, 2, 8, 1: NaN
calculated iMatrix for 13, 2, 8, 2: NaN
calculated iMatrix for 13, 2, 8, 3: NaN
calculated iMatrix for 13, 2, 8, 4: NaN
calculated iMatrix for 13, 2, 8, 5: NaN
calculated iMatrix for 13, 2, 8, 6: NaN
calculated iMatrix for 13, 2, 8, 7: NaN
calculated iMatrix for 13, 2, 8, 8: NaN
calculated iMatrix for 13, 2, 8, 9: NaN
calculated iMatrix for 13, 2, 8, 10: NaN
calculated iMatrix for 13, 2, 8, 11: NaN
calculated iMatrix for 13, 2, 8, 12: NaN
calculated iMatrix for 13, 2, 8, 13: -2.74364553821016E-4
calculated iMatrix for 13, 2, 8, 14: NaN
calculated iMatrix for 13, 2, 8, 15: NaN
calculated iMatrix for 13, 2, 8, 16: NaN
calculated iMatrix for 13, 2, 8, 17: NaN
calculated iMatrix for 13, 2, 8, 18: NaN
calculated iMatrix for 13, 2, 8, 19: NaN
calculated iMatrix for 13, 2, 9, 0: 0.8221304949222716
calculated iMatrix for 13, 2, 9, 1: -0.25400893789377943
calculated iMatrix for 13, 2, 9, 2: -0.3780615865637582
calculated iMatrix for 13, 2, 9, 3: 0.6048292192322903
calculated iMatrix for 13, 2, 9, 4: -0.6262956473046252
calculated iMatrix for 13, 2, 9, 5: -0.8676298063506618
calculated iMatrix for 13, 2, 9, 6: 0.09999577748907408
calculated iMatrix for 13, 2, 9, 7: 0.059990442875374944
calculated iMatrix for 13, 2, 9, 8: 0.20496922134024842
calculated iMatrix for 13, 2, 9, 9: 0.3296540098244776
calculated iMatrix for 13, 2, 9, 10: 0.6236795561984334
calculated iMatrix for 13, 2, 9, 11: -0.6717945303899844
calculated iMatrix for 13, 2, 9, 12: -2.37654262262841
calculated iMatrix for 13, 2, 9, 13: 0.770837200534721
calculated iMatrix for 13, 2, 9, 14: 0.46275649401437424
calculated iMatrix for 13, 2, 9, 15: -0.16236848697841696
calculated iMatrix for 13, 2, 9, 16: -0.22465672588125193
calculated iMatrix for 13, 2, 9, 17: -0.08286068169795002
calculated iMatrix for 13, 2, 9, 18: 0.12898331436232638
calculated iMatrix for 13, 2, 9, 19: -0.12233111391857968
calculated iMatrix for 13, 2, 10, 0: 0.5407180354840863
calculated iMatrix for 13, 2, 10, 1: -0.27648179374583803
calculated iMatrix for 13, 2, 10, 2: -0.5752137023842039
calculated iMatrix for 13, 2, 10, 3: 0.033673134558001486
calculated iMatrix for 13, 2, 10, 4: -0.29301109569704864
calculated iMatrix for 13, 2, 10, 5: -0.401644936699844
calculated iMatrix for 13, 2, 10, 6: -0.046907352101337785
calculated iMatrix for 13, 2, 10, 7: 0.2755867885542018
calculated iMatrix for 13, 2, 10, 8: 0.30877642480292233
calculated iMatrix for 13, 2, 10, 9: 0.6991255152847365
calculated iMatrix for 13, 2, 10, 10: 1.0357045952203308
calculated iMatrix for 13, 2, 10, 11: -0.5969536890206097
calculated iMatrix for 13, 2, 10, 12: -1.6847550615845037
calculated iMatrix for 13, 2, 10, 13: 0.28616889788473876
calculated iMatrix for 13, 2, 10, 14: 0.5215450176345829
calculated iMatrix for 13, 2, 10, 15: -0.4007107937080472
calculated iMatrix for 13, 2, 10, 16: -0.6796767533194633
calculated iMatrix for 13, 2, 10, 17: -0.03725210468000384
calculated iMatrix for 13, 2, 10, 18: -0.15869875808945452
calculated iMatrix for 13, 2, 10, 19: -0.0610602885255386
calculated iMatrix for 13, 2, 11, 0: 0.47603766031407635
calculated iMatrix for 13, 2, 11, 1: -0.49005589404389716
calculated iMatrix for 13, 2, 11, 2: -0.2859605377003819
calculated iMatrix for 13, 2, 11, 3: 0.05073111746257812
calculated iMatrix for 13, 2, 11, 4: -0.11068953890309396
calculated iMatrix for 13, 2, 11, 5: 0.15565156144448766
calculated iMatrix for 13, 2, 11, 6: -0.27648179374583803
calculated iMatrix for 13, 2, 11, 7: -0.03900841687680334
calculated iMatrix for 13, 2, 11, 8: 0.41308756546622327
calculated iMatrix for 13, 2, 11, 9: 0.688599102297749
calculated iMatrix for 13, 2, 11, 10: 0.5344484224704907
calculated iMatrix for 13, 2, 11, 11: -0.19643908607230162
calculated iMatrix for 13, 2, 11, 12: -1.0274485451946094
calculated iMatrix for 13, 2, 11, 13: 0.6657844245315777
calculated iMatrix for 13, 2, 11, 14: 0.2937385474383819
calculated iMatrix for 13, 2, 11, 15: -0.320284416404231
calculated iMatrix for 13, 2, 11, 16: -0.5550313826343465
calculated iMatrix for 13, 2, 11, 17: -0.5873309254791533
calculated iMatrix for 13, 2, 11, 18: -0.2938735364577072
calculated iMatrix for 13, 2, 11, 19: -0.4623811718876766
calculated iMatrix for 13, 2, 12, 0: 0.5779335344102295
calculated iMatrix for 13, 2, 12, 1: -0.6594740460019438
calculated iMatrix for 13, 2, 12, 2: 0.11872681419513727
calculated iMatrix for 13, 2, 12, 3: 0.5574379406951896
calculated iMatrix for 13, 2, 12, 4: -0.1247972064137732
calculated iMatrix for 13, 2, 12, 5: -0.3345894245531188
calculated iMatrix for 13, 2, 12, 6: 0.09261567019145155
calculated iMatrix for 13, 2, 12, 7: -0.11096735526826465
calculated iMatrix for 13, 2, 12, 8: 0.4899966598996569
calculated iMatrix for 13, 2, 12, 9: 0.05939002256313115
calculated iMatrix for 13, 2, 12, 10: -0.08459078593573266
calculated iMatrix for 13, 2, 12, 11: 0.052997407384404394
calculated iMatrix for 13, 2, 12, 12: -0.5641638661976189
calculated iMatrix for 13, 2, 12, 13: 0.4219704390438005
calculated iMatrix for 13, 2, 12, 14: 0.2666046922383741
calculated iMatrix for 13, 2, 12, 15: -0.3554090523355087
calculated iMatrix for 13, 2, 12, 16: -0.26743195822592014
calculated iMatrix for 13, 2, 12, 17: -0.7759220952867033
calculated iMatrix for 13, 2, 12, 18: -0.042866942564332905
calculated iMatrix for 13, 2, 12, 19: -0.3634931707354677
calculated iMatrix for 13, 2, 13, 0: 0.4482707262294384
calculated iMatrix for 13, 2, 13, 1: -0.5641638661976189
calculated iMatrix for 13, 2, 13, 2: -0.49140451191519063
calculated iMatrix for 13, 2, 13, 3: 0.10572645219805915
calculated iMatrix for 13, 2, 13, 4: 0.1647013969644056
calculated iMatrix for 13, 2, 13, 5: -0.362742138030245
calculated iMatrix for 13, 2, 13, 6: 0.3256936086083807
calculated iMatrix for 13, 2, 13, 7: -0.20748892225888652
calculated iMatrix for 13, 2, 13, 8: 0.2730226845852641
calculated iMatrix for 13, 2, 13, 9: 0.48226266929992057
calculated iMatrix for 13, 2, 13, 10: 0.21859547305201352
calculated iMatrix for 13, 2, 13, 11: -0.06517270007863113
calculated iMatrix for 13, 2, 13, 12: -0.18551001554011134
calculated iMatrix for 13, 2, 13, 13: 0.2242934941666513
calculated iMatrix for 13, 2, 13, 14: -0.056159118773269595
calculated iMatrix for 13, 2, 13, 15: -0.352854772530412
calculated iMatrix for 13, 2, 13, 16: -0.25459908249633045
calculated iMatrix for 13, 2, 13, 17: -0.15869875808945452
calculated iMatrix for 13, 2, 13, 18: -0.3565245014193744
calculated iMatrix for 13, 2, 13, 19: 0.029892411718095493
calculated iMatrix for 13, 2, 14, 0: 0.20309128651604821
calculated iMatrix for 13, 2, 14, 1: 0.03801153615659962
calculated iMatrix for 13, 2, 14, 2: -0.08808119087550112
calculated iMatrix for 13, 2, 14, 3: 0.09305130513626306
calculated iMatrix for 13, 2, 14, 4: 0.40597009769735926
calculated iMatrix for 13, 2, 14, 5: -0.09416023695188333
calculated iMatrix for 13, 2, 14, 6: -0.5343109030479378
calculated iMatrix for 13, 2, 14, 7: 0.25903644261052416
calculated iMatrix for 13, 2, 14, 8: 0.2450554856150804
calculated iMatrix for 13, 2, 14, 9: 0.06955989389152561
calculated iMatrix for 13, 2, 14, 10: 0.25414645731633234
calculated iMatrix for 13, 2, 14, 11: -0.33283473029696986
calculated iMatrix for 13, 2, 14, 12: -0.32703407290866926
calculated iMatrix for 13, 2, 14, 13: -0.23874146576299102
calculated iMatrix for 13, 2, 14, 14: 0.28804800899201366
calculated iMatrix for 13, 2, 14, 15: -0.2626884716135022
calculated iMatrix for 13, 2, 14, 16: -0.5208670604442946
calculated iMatrix for 13, 2, 14, 17: 0.22614706281597405
calculated iMatrix for 13, 2, 14, 18: -0.27648179374583803
calculated iMatrix for 13, 2, 14, 19: 0.01347042724048203
calculated iMatrix for 13, 2, 15, 0: 0.4045733410490786
calculated iMatrix for 13, 2, 15, 1: -0.25400893789377943
calculated iMatrix for 13, 2, 15, 2: -0.38770742885606246
calculated iMatrix for 13, 2, 15, 3: 0.23559304942058465
calculated iMatrix for 13, 2, 15, 4: -0.5501776242228791
calculated iMatrix for 13, 2, 15, 5: -0.09626328714866211
calculated iMatrix for 13, 2, 15, 6: -0.27648179374583803
calculated iMatrix for 13, 2, 15, 7: 0.19111509546933256
calculated iMatrix for 13, 2, 15, 8: 0.19567468886099854
calculated iMatrix for 13, 2, 15, 9: 0.09358138731141043
calculated iMatrix for 13, 2, 15, 10: 0.4611171493849412
calculated iMatrix for 13, 2, 15, 11: -0.11217874245456172
calculated iMatrix for 13, 2, 15, 12: -0.319041408164634
calculated iMatrix for 13, 2, 15, 13: 0.45238346941618657
calculated iMatrix for 13, 2, 15, 14: 0.23719689900255916
calculated iMatrix for 13, 2, 15, 15: -0.05822822772582009
calculated iMatrix for 13, 2, 15, 16: -0.23874146576299102
calculated iMatrix for 13, 2, 15, 17: -0.19791947124273587
calculated iMatrix for 13, 2, 15, 18: -0.04537007278245142
calculated iMatrix for 13, 2, 15, 19: -0.5641638661976189
calculated iMatrix for 13, 2, 16, 0: 0.23434383002015274
calculated iMatrix for 13, 2, 16, 1: -0.7183145460248773
calculated iMatrix for 13, 2, 16, 2: -0.15869875808945452
calculated iMatrix for 13, 2, 16, 3: 0.36317670186312107
calculated iMatrix for 13, 2, 16, 4: 0.2491276262043896
calculated iMatrix for 13, 2, 16, 5: -0.21330289212430634
calculated iMatrix for 13, 2, 16, 6: 0.20044227834447143
calculated iMatrix for 13, 2, 16, 7: -0.05822822772582009
calculated iMatrix for 13, 2, 16, 8: 0.20902602203586274
calculated iMatrix for 13, 2, 16, 9: 0.19306217104684875
calculated iMatrix for 13, 2, 16, 10: -0.046907352101337785
calculated iMatrix for 13, 2, 16, 11: 0.023622798704500098
calculated iMatrix for 13, 2, 16, 12: -0.13174294810092632
calculated iMatrix for 13, 2, 16, 13: 0.25414645731633234
calculated iMatrix for 13, 2, 16, 14: 0.14448750089829163
calculated iMatrix for 13, 2, 16, 15: -0.13789563045969136
calculated iMatrix for 13, 2, 16, 16: -0.4306324735730964
calculated iMatrix for 13, 2, 16, 17: -0.2498135466636767
calculated iMatrix for 13, 2, 16, 18: -0.5277962220267441
calculated iMatrix for 13, 2, 16, 19: -0.04970847438104961
calculated fs for 0: [J@4b32ace3
calculated fs for 0: [J@4b32ace3
calculated fs for 0: [J@4b32ace3
calculated fs for 0: [J@4b32ace3
calculated fs for 0: [J@4b32ace3
calculated fs for 0: [J@4b32ace3
calculated fs for 0: [J@4b32ace3
calculated fs for 0: [J@4b32ace3
calculated fs for 0: [J@4b32ace3
calculated fs for 0: [J@4b32ace3
calculated fs for 0: [J@4b32ace3
calculated fs for 0: [J@4b32ace3
calculated fs for 0: [J@4b32ace3
calculated fs for 0: [J@4b32ace3
calculated fs for 0: [J@4b32ace3
calculated fs for 0: [J@4b32ace3
calculated fs for 0: [J@4b32ace3
calculated fs for 0: [J@4b32ace3
calculated fs for 0: [J@4b32ace3
calculated fs for 0: [J@4b32ace3
calculated fs for 0: [J@4b32ace3
calculated fs for 0: [J@4b32ace3
calculated fs for 0: [J@4b32ace3
calculated fs for 0: [J@4b32ace3
calculated fs for 0: [J@4b32ace3
calculated fs for 0: [J@4b32ace3
calculated fs for 0: [J@4b32ace3
calculated fs for 0: [J@4b32ace3
calculated fs for 0: [J@4b32ace3
calculated fs for 0: [J@4b32ace3
calculated fs for 0: [J@4b32ace3
calculated fs for 0: [J@4b32ace3
calculated fs for 0: [J@4b32ace3
calculated fs for 0: [J@4b32ace3
calculated fs for 0: [J@4b32ace3
calculated fs for 0: [J@4b32ace3
calculated fs for 0: [J@4b32ace3
calculated fs for 0: [J@4b32ace3
calculated fs for 0: [J@4b32ace3
calculated fs for 0: [J@4b32ace3
calculated fs for 0: [J@4b32ace3
calculated fs for 0: [J@4b32ace3
calculated fs for 0: [J@4b32ace3
calculated fs for 0: [J@4b32ace3
calculated fs for 0: [J@4b32ace3
calculated fs for 0: [J@4b32ace3
calculated fs for 0: [J@4b32ace3
calculated fs for 0: [J@4b32ace3
calculated fs for 0: [J@4b32ace3
calculated fs for 0: [J@4b32ace3
calculated fs for 0: [J@4b32ace3
calculated fs for 0: [J@4b32ace3
calculated fs for 0: [J@4b32ace3
calculated fs for 0: [J@4b32ace3
calculated fs for 0: [J@4b32ace3
calculated fs for 0: [J@4b32ace3
calculated fs for 0: [J@4b32ace3
calculated fs for 0: [J@4b32ace3
calculated fs for 0: [J@4b32ace3
calculated fs for 0: [J@4b32ace3
calculated fs for 0: [J@4b32ace3
calculated fs for 0: [J@4b32ace3
calculated fs for 0: [J@4b32ace3
calculated fs for 0: [J@4b32ace3
calculated fs for 0: [J@4b32ace3
calculated fs for 0: [J@4b32ace3
calculated fs for 0: [J@4b32ace3
calculated fs for 0: [J@4b32ace3
calculated fs for 0: [J@4b32ace3
calculated fs for 0: [J@4b32ace3
calculated fs for 0: [J@4b32ace3
calculated fs for 0: [J@4b32ace3
calculated fs for 0: [J@4b32ace3
calculated fs for 0: [J@4b32ace3
calculated fs for 0: [J@4b32ace3
calculated fs for 0: [J@4b32ace3
calculated fs for 0: [J@4b32ace3
calculated fs for 0: [J@4b32ace3
calculated fs for 0: [J@4b32ace3
calculated fs for 0: [J@4b32ace3
calculated fs for 0: [J@4b32ace3
calculated fs for 0: [J@4b32ace3
calculated fs for 0: [J@4b32ace3
calculated fs for 0: [J@4b32ace3
calculated fs for 0: [J@4b32ace3
calculated fs for 0: [J@4b32ace3
calculated fs for 0: [J@4b32ace3
calculated fs for 0: [J@4b32ace3
calculated fs for 0: [J@4b32ace3
calculated fs for 0: [J@4b32ace3
calculated fs for 0: [J@4b32ace3
calculated fs for 0: [J@4b32ace3
calculated fs for 0: [J@4b32ace3
calculated fs for 0: [J@4b32ace3
calculated fs for 0: [J@4b32ace3
calculated fs for 0: [J@4b32ace3
calculated fs for 0: [J@4b32ace3
calculated fs for 0: [J@4b32ace3
calculated fs for 0: [J@4b32ace3
calculated fs for 0: [J@4b32ace3
calculated fs for 0: [J@4b32ace3
calculated fs for 0: [J@4b32ace3
calculated fs for 0: [J@4b32ace3
calculated fs for 0: [J@4b32ace3
calculated fs for 0: [J@4b32ace3
calculated fs for 0: [J@4b32ace3
calculated fs for 0: [J@4b32ace3
calculated fs for 0: [J@4b32ace3
calculated fs for 0: [J@4b32ace3
calculated fs for 0: [J@4b32ace3
calculated fs for 0: [J@4b32ace3
calculated fs for 0: [J@4b32ace3
calculated fs for 0: [J@4b32ace3
calculated fs for 0: [J@4b32ace3
calculated fs for 0: [J@4b32ace3
calculated fs for 0: [J@4b32ace3
calculated fs for 0: [J@4b32ace3
calculated fs for 0: [J@4b32ace3
calculated fs for 0: [J@4b32ace3
calculated fs for 0: [J@4b32ace3
calculated fs for 0: [J@4b32ace3
calculated fs for 0: [J@4b32ace3
calculated fs for 0: [J@4b32ace3
calculated fs for 0: [J@4b32ace3
calculated fs for 0: [J@4b32ace3
calculated fs for 0: [J@4b32ace3
calculated fs for 0: [J@4b32ace3
calculated fs for 0: [J@4b32ace3
calculated fs for 0: [J@4b32ace3
calculated fs for 0: [J@4b32ace3
calculated fs for 0: [J@4b32ace3
calculated fs for 0: [J@4b32ace3
calculated fs for 0: [J@4b32ace3
calculated fs for 0: [J@4b32ace3
calculated fs for 0: [J@4b32ace3
calculated fs for 0: [J@4b32ace3
calculated fs for 0: [J@4b32ace3
calculated fs for 0: [J@4b32ace3
calculated fs for 0: [J@4b32ace3
calculated fs for 0: [J@4b32ace3
calculated fs for 0: [J@4b32ace3
calculated fs for 0: [J@4b32ace3
calculated fs for 0: [J@4b32ace3
calculated fs for 0: [J@4b32ace3
calculated fs for 0: [J@4b32ace3
calculated fs for 0: [J@4b32ace3
calculated fs for 0: [J@4b32ace3
calculated fs for 0: [J@4b32ace3
calculated fs for 0: [J@4b32ace3
calculated fs for 0: [J@4b32ace3
calculated fs for 0: [J@4b32ace3
calculated fs for 0: [J@4b32ace3
calculated fs for 0: [J@4b32ace3
calculated fs for 0: [J@4b32ace3
calculated fs for 0: [J@4b32ace3
calculated fs for 0: [J@4b32ace3
calculated fs for 0: [J@4b32ace3
calculated fs for 0: [J@4b32ace3
calculated fs for 0: [J@4b32ace3
calculated fs for 0: [J@4b32ace3
calculated fs for 0: [J@4b32ace3
calculated fs for 0: [J@4b32ace3
calculated fs for 0: [J@4b32ace3
calculated fs for 0: [J@4b32ace3
calculated fs for 0: [J@4b32ace3
calculated fs for 0: [J@4b32ace3
calculated fs for 0: [J@4b32ace3
calculated fs for 0: [J@4b32ace3
calculated fs for 0: [J@4b32ace3
calculated fs for 0: [J@4b32ace3
calculated fs for 0: [J@4b32ace3
calculated fs for 0: [J@4b32ace3
calculated fs for 0: [J@4b32ace3
calculated fs for 0: [J@4b32ace3
calculated fs for 0: [J@4b32ace3
calculated fs for 0: [J@4b32ace3
calculated fs for 0: [J@4b32ace3
calculated fs for 0: [J@4b32ace3
calculated fs for 0: [J@4b32ace3
calculated fs for 0: [J@4b32ace3
calculated fs for 0: [J@4b32ace3
calculated fs for 0: [J@4b32ace3
calculated fs for 0: [J@4b32ace3
calculated fs for 0: [J@4b32ace3
calculated fs for 0: [J@4b32ace3
calculated fs for 0: [J@4b32ace3
calculated fs for 0: [J@4b32ace3
calculated fs for 0: [J@4b32ace3
calculated fs for 0: [J@4b32ace3
calculated fs for 0: [J@4b32ace3
calculated fs for 0: [J@4b32ace3
calculated fs for 0: [J@4b32ace3
calculated fs for 0: [J@4b32ace3
calculated fs for 0: [J@4b32ace3
calculated fs for 0: [J@4b32ace3
calculated fs for 0: [J@4b32ace3
calculated fs for 0: [J@4b32ace3
calculated fs for 0: [J@4b32ace3
calculated fs for 0: [J@4b32ace3
calculated fs for 0: [J@4b32ace3
calculated fs for 0: [J@4b32ace3
calculated fs for 0: [J@4b32ace3
calculated fs for 0: [J@4b32ace3
calculated fs for 0: [J@4b32ace3
calculated fs for 0: [J@4b32ace3
calculated fs for 0: [J@4b32ace3
calculated fs for 0: [J@4b32ace3
calculated fs for 0: [J@4b32ace3
calculated fs for 0: [J@4b32ace3
calculated fs for 0: [J@4b32ace3
calculated fs for 0: [J@4b32ace3
calculated fs for 0: [J@4b32ace3
calculated fs for 0: [J@4b32ace3
calculated fs for 0: [J@4b32ace3
calculated fs for 0: [J@4b32ace3
calculated fs for 0: [J@4b32ace3
calculated fs for 0: [J@4b32ace3
calculated fs for 0: [J@4b32ace3
calculated fs for 0: [J@4b32ace3
calculated fs for 0: [J@4b32ace3
calculated fs for 0: [J@4b32ace3
calculated fs for 0: [J@4b32ace3
calculated fs for 0: [J@4b32ace3
calculated fs for 0: [J@4b32ace3
calculated fs for 0: [J@4b32ace3
calculated fs for 0: [J@4b32ace3
calculated fs for 0: [J@4b32ace3
calculated fs for 0: [J@4b32ace3
calculated fs for 0: [J@4b32ace3
calculated fs for 0: [J@4b32ace3
calculated fs for 0: [J@4b32ace3
calculated fs for 0: [J@4b32ace3
calculated fs for 0: [J@4b32ace3
calculated fs for 0: [J@4b32ace3
calculated fs for 0: [J@4b32ace3
calculated fs for 0: [J@4b32ace3
calculated fs for 0: [J@4b32ace3
calculated fs for 0: [J@4b32ace3
calculated fs for 0: [J@4b32ace3
calculated fs for 0: [J@4b32ace3
calculated fs for 0: [J@4b32ace3
calculated fs for 0: [J@4b32ace3
calculated fs for 0: [J@4b32ace3
calculated fs for 0: [J@4b32ace3
calculated fs for 0: [J@4b32ace3
calculated fs for 0: [J@4b32ace3
calculated fs for 0: [J@4b32ace3
calculated fs for 0: [J@4b32ace3
calculated fs for 0: [J@4b32ace3
calculated fs for 0: [J@4b32ace3
calculated fs for 0: [J@4b32ace3
calculated fs for 0: [J@4b32ace3
calculated fs for 0: [J@4b32ace3
calculated fs for 0: [J@4b32ace3
calculated fs for 0: [J@4b32ace3
calculated fs for 0: [J@4b32ace3
calculated fs for 0: [J@4b32ace3
calculated fs for 0: [J@4b32ace3
calculated fs for 0: [J@4b32ace3
calculated fs for 0: [J@4b32ace3
calculated fs for 0: [J@4b32ace3
calculated fs for 0: [J@4b32ace3
calculated fs for 0: [J@4b32ace3
calculated fs for 0: [J@4b32ace3
calculated fs for 0: [J@4b32ace3
calculated fs for 0: [J@4b32ace3
calculated fs for 0: [J@4b32ace3
calculated fs for 0: [J@4b32ace3
calculated fs for 0: [J@4b32ace3
calculated fs for 0: [J@4b32ace3
calculated fs for 0: [J@4b32ace3
calculated fs for 0: [J@4b32ace3
calculated fs for 0: [J@4b32ace3
calculated fs for 0: [J@4b32ace3
calculated fs for 0: [J@4b32ace3
calculated fs for 0: [J@4b32ace3
calculated fs for 0: [J@4b32ace3
calculated fs for 0: [J@4b32ace3
calculated fs for 0: [J@4b32ace3
calculated fs for 0: [J@4b32ace3
calculated fs for 0: [J@4b32ace3
calculated fs for 0: [J@4b32ace3
calculated fs for 0: [J@4b32ace3
calculated fs for 0: [J@4b32ace3
calculated fs for 0: [J@4b32ace3
calculated fs for 0: [J@4b32ace3
calculated fs for 0: [J@4b32ace3
calculated fs for 0: [J@4b32ace3
calculated fs for 0: [J@4b32ace3
calculated fs for 0: [J@4b32ace3
calculated fs for 0: [J@4b32ace3
calculated fs for 0: [J@4b32ace3
calculated fs for 0: [J@4b32ace3
calculated fs for 0: [J@4b32ace3
calculated fs for 0: [J@4b32ace3
calculated fs for 0: [J@4b32ace3
calculated fs for 0: [J@4b32ace3
calculated fs for 0: [J@4b32ace3
calculated fs for 0: [J@4b32ace3
calculated fs for 0: [J@4b32ace3
calculated fs for 0: [J@4b32ace3
calculated fs for 0: [J@4b32ace3
calculated fs for 0: [J@4b32ace3
calculated fs for 0: [J@4b32ace3
calculated fs for 0: [J@4b32ace3
calculated fs for 0: [J@4b32ace3
calculated fs for 0: [J@4b32ace3
calculated fs for 0: [J@4b32ace3
calculated fs for 0: [J@4b32ace3
calculated fs for 0: [J@4b32ace3
calculated fs for 0: [J@4b32ace3
calculated fs for 0: [J@4b32ace3
calculated fs for 0: [J@4b32ace3
calculated fs for 0: [J@4b32ace3
calculated fs for 0: [J@4b32ace3
calculated fs for 0: [J@4b32ace3
calculated fs for 0: [J@4b32ace3
calculated fs for 0: [J@4b32ace3
calculated fs for 0: [J@4b32ace3
calculated fs for 0: [J@4b32ace3
calculated fs for 0: [J@4b32ace3
calculated fs for 0: [J@4b32ace3
calculated fs for 0: [J@4b32ace3
calculated fs for 0: [J@4b32ace3
calculated fs for 0: [J@4b32ace3
calculated fs for 0: [J@4b32ace3
calculated fs for 0: [J@4b32ace3
calculated fs for 0: [J@4b32ace3
calculated fs for 0: [J@4b32ace3
calculated fs for 0: [J@4b32ace3
calculated fs for 0: [J@4b32ace3
calculated fs for 0: [J@4b32ace3
calculated fs for 0: [J@4b32ace3
calculated fs for 0: [J@4b32ace3
calculated fs for 0: [J@4b32ace3
calculated fs for 0: [J@4b32ace3
calculated fs for 0: [J@4b32ace3
calculated fs for 0: [J@4b32ace3
calculated fs for 0: [J@4b32ace3
calculated fs for 0: [J@4b32ace3
calculated fs for 1: [J@6bf491a6
calculated fs for 1: [J@6bf491a6
calculated fs for 1: [J@6bf491a6
calculated fs for 1: [J@6bf491a6
calculated fs for 1: [J@6bf491a6
calculated fs for 1: [J@6bf491a6
calculated fs for 1: [J@6bf491a6
calculated fs for 1: [J@6bf491a6
calculated fs for 1: [J@6bf491a6
calculated fs for 1: [J@6bf491a6
calculated fs for 1: [J@6bf491a6
calculated fs for 1: [J@6bf491a6
calculated fs for 1: [J@6bf491a6
calculated fs for 1: [J@6bf491a6
calculated fs for 1: [J@6bf491a6
calculated fs for 1: [J@6bf491a6
calculated fs for 1: [J@6bf491a6
calculated fs for 1: [J@6bf491a6
calculated fs for 1: [J@6bf491a6
calculated fs for 1: [J@6bf491a6
calculated fs for 1: [J@6bf491a6
calculated fs for 1: [J@6bf491a6
calculated fs for 1: [J@6bf491a6
calculated fs for 1: [J@6bf491a6
calculated fs for 1: [J@6bf491a6
calculated fs for 1: [J@6bf491a6
calculated fs for 1: [J@6bf491a6
calculated fs for 1: [J@6bf491a6
calculated fs for 1: [J@6bf491a6
calculated fs for 1: [J@6bf491a6
calculated fs for 1: [J@6bf491a6
calculated fs for 1: [J@6bf491a6
calculated fs for 1: [J@6bf491a6
calculated fs for 1: [J@6bf491a6
calculated fs for 1: [J@6bf491a6
calculated fs for 1: [J@6bf491a6
calculated fs for 1: [J@6bf491a6
calculated fs for 1: [J@6bf491a6
calculated fs for 1: [J@6bf491a6
calculated fs for 1: [J@6bf491a6
calculated fs for 1: [J@6bf491a6
calculated fs for 1: [J@6bf491a6
calculated fs for 1: [J@6bf491a6
calculated fs for 1: [J@6bf491a6
calculated fs for 1: [J@6bf491a6
calculated fs for 1: [J@6bf491a6
calculated fs for 1: [J@6bf491a6
calculated fs for 1: [J@6bf491a6
calculated fs for 1: [J@6bf491a6
calculated fs for 1: [J@6bf491a6
calculated fs for 1: [J@6bf491a6
calculated fs for 1: [J@6bf491a6
calculated fs for 1: [J@6bf491a6
calculated fs for 1: [J@6bf491a6
calculated fs for 1: [J@6bf491a6
calculated fs for 1: [J@6bf491a6
calculated fs for 1: [J@6bf491a6
calculated fs for 1: [J@6bf491a6
calculated fs for 1: [J@6bf491a6
calculated fs for 1: [J@6bf491a6
calculated fs for 1: [J@6bf491a6
calculated fs for 1: [J@6bf491a6
calculated fs for 1: [J@6bf491a6
calculated fs for 1: [J@6bf491a6
calculated fs for 1: [J@6bf491a6
calculated fs for 1: [J@6bf491a6
calculated fs for 1: [J@6bf491a6
calculated fs for 1: [J@6bf491a6
calculated fs for 1: [J@6bf491a6
calculated fs for 1: [J@6bf491a6
calculated fs for 1: [J@6bf491a6
calculated fs for 1: [J@6bf491a6
calculated fs for 1: [J@6bf491a6
calculated fs for 1: [J@6bf491a6
calculated fs for 1: [J@6bf491a6
calculated fs for 1: [J@6bf491a6
calculated fs for 1: [J@6bf491a6
calculated fs for 1: [J@6bf491a6
calculated fs for 1: [J@6bf491a6
calculated fs for 1: [J@6bf491a6
calculated fs for 1: [J@6bf491a6
calculated fs for 1: [J@6bf491a6
calculated fs for 1: [J@6bf491a6
calculated fs for 1: [J@6bf491a6
calculated fs for 1: [J@6bf491a6
calculated fs for 1: [J@6bf491a6
calculated fs for 1: [J@6bf491a6
calculated fs for 1: [J@6bf491a6
calculated fs for 1: [J@6bf491a6
calculated fs for 1: [J@6bf491a6
calculated fs for 1: [J@6bf491a6
calculated fs for 1: [J@6bf491a6
calculated fs for 1: [J@6bf491a6
calculated fs for 1: [J@6bf491a6
calculated fs for 1: [J@6bf491a6
calculated fs for 1: [J@6bf491a6
calculated fs for 1: [J@6bf491a6
calculated fs for 1: [J@6bf491a6
calculated fs for 1: [J@6bf491a6
calculated fs for 1: [J@6bf491a6
calculated fs for 1: [J@6bf491a6
calculated fs for 1: [J@6bf491a6
calculated fs for 1: [J@6bf491a6
calculated fs for 1: [J@6bf491a6
calculated fs for 1: [J@6bf491a6
calculated fs for 1: [J@6bf491a6
calculated fs for 1: [J@6bf491a6
calculated fs for 1: [J@6bf491a6
calculated fs for 1: [J@6bf491a6
calculated fs for 1: [J@6bf491a6
calculated fs for 1: [J@6bf491a6
calculated fs for 1: [J@6bf491a6
calculated fs for 1: [J@6bf491a6
calculated fs for 1: [J@6bf491a6
calculated fs for 1: [J@6bf491a6
calculated fs for 1: [J@6bf491a6
calculated fs for 1: [J@6bf491a6
calculated fs for 1: [J@6bf491a6
calculated fs for 1: [J@6bf491a6
calculated fs for 1: [J@6bf491a6
calculated fs for 1: [J@6bf491a6
calculated fs for 1: [J@6bf491a6
calculated fs for 1: [J@6bf491a6
calculated fs for 1: [J@6bf491a6
calculated fs for 1: [J@6bf491a6
calculated fs for 1: [J@6bf491a6
calculated fs for 1: [J@6bf491a6
calculated fs for 1: [J@6bf491a6
calculated fs for 1: [J@6bf491a6
calculated fs for 1: [J@6bf491a6
calculated fs for 1: [J@6bf491a6
calculated fs for 1: [J@6bf491a6
calculated fs for 1: [J@6bf491a6
calculated fs for 1: [J@6bf491a6
calculated fs for 1: [J@6bf491a6
calculated fs for 1: [J@6bf491a6
calculated fs for 1: [J@6bf491a6
calculated fs for 1: [J@6bf491a6
calculated fs for 1: [J@6bf491a6
calculated fs for 1: [J@6bf491a6
calculated fs for 1: [J@6bf491a6
calculated fs for 1: [J@6bf491a6
calculated fs for 1: [J@6bf491a6
calculated fs for 1: [J@6bf491a6
calculated fs for 1: [J@6bf491a6
calculated fs for 1: [J@6bf491a6
calculated fs for 1: [J@6bf491a6
calculated fs for 1: [J@6bf491a6
calculated fs for 1: [J@6bf491a6
calculated fs for 1: [J@6bf491a6
calculated fs for 1: [J@6bf491a6
calculated fs for 1: [J@6bf491a6
calculated fs for 1: [J@6bf491a6
calculated fs for 1: [J@6bf491a6
calculated fs for 1: [J@6bf491a6
calculated fs for 1: [J@6bf491a6
calculated fs for 1: [J@6bf491a6
calculated fs for 1: [J@6bf491a6
calculated fs for 1: [J@6bf491a6
calculated fs for 1: [J@6bf491a6
calculated fs for 1: [J@6bf491a6
calculated fs for 1: [J@6bf491a6
calculated fs for 1: [J@6bf491a6
calculated fs for 1: [J@6bf491a6
calculated fs for 1: [J@6bf491a6
calculated fs for 1: [J@6bf491a6
calculated fs for 1: [J@6bf491a6
calculated fs for 1: [J@6bf491a6
calculated fs for 1: [J@6bf491a6
calculated fs for 1: [J@6bf491a6
calculated fs for 1: [J@6bf491a6
calculated fs for 1: [J@6bf491a6
calculated fs for 1: [J@6bf491a6
calculated fs for 1: [J@6bf491a6
calculated fs for 1: [J@6bf491a6
calculated fs for 1: [J@6bf491a6
calculated fs for 1: [J@6bf491a6
calculated fs for 1: [J@6bf491a6
calculated fs for 1: [J@6bf491a6
calculated fs for 1: [J@6bf491a6
calculated fs for 1: [J@6bf491a6
calculated fs for 1: [J@6bf491a6
calculated fs for 1: [J@6bf491a6
calculated fs for 1: [J@6bf491a6
calculated fs for 1: [J@6bf491a6
calculated fs for 1: [J@6bf491a6
calculated fs for 1: [J@6bf491a6
calculated fs for 1: [J@6bf491a6
calculated fs for 1: [J@6bf491a6
calculated fs for 1: [J@6bf491a6
calculated fs for 1: [J@6bf491a6
calculated fs for 1: [J@6bf491a6
calculated fs for 1: [J@6bf491a6
calculated fs for 1: [J@6bf491a6
calculated fs for 1: [J@6bf491a6
calculated fs for 1: [J@6bf491a6
calculated fs for 1: [J@6bf491a6
calculated fs for 1: [J@6bf491a6
calculated fs for 1: [J@6bf491a6
calculated fs for 1: [J@6bf491a6
calculated fs for 1: [J@6bf491a6
calculated fs for 1: [J@6bf491a6
calculated fs for 1: [J@6bf491a6
calculated fs for 1: [J@6bf491a6
calculated fs for 1: [J@6bf491a6
calculated fs for 1: [J@6bf491a6
calculated fs for 1: [J@6bf491a6
calculated fs for 1: [J@6bf491a6
calculated fs for 1: [J@6bf491a6
calculated fs for 1: [J@6bf491a6
calculated fs for 1: [J@6bf491a6
calculated fs for 1: [J@6bf491a6
calculated fs for 1: [J@6bf491a6
calculated fs for 1: [J@6bf491a6
calculated fs for 1: [J@6bf491a6
calculated fs for 1: [J@6bf491a6
calculated fs for 1: [J@6bf491a6
calculated fs for 1: [J@6bf491a6
calculated fs for 1: [J@6bf491a6
calculated fs for 1: [J@6bf491a6
calculated fs for 1: [J@6bf491a6
calculated fs for 1: [J@6bf491a6
calculated fs for 1: [J@6bf491a6
calculated fs for 1: [J@6bf491a6
calculated fs for 1: [J@6bf491a6
calculated fs for 1: [J@6bf491a6
calculated fs for 1: [J@6bf491a6
calculated fs for 1: [J@6bf491a6
calculated fs for 1: [J@6bf491a6
calculated fs for 1: [J@6bf491a6
calculated fs for 1: [J@6bf491a6
calculated fs for 1: [J@6bf491a6
calculated fs for 1: [J@6bf491a6
calculated fs for 1: [J@6bf491a6
calculated fs for 1: [J@6bf491a6
calculated fs for 1: [J@6bf491a6
calculated fs for 1: [J@6bf491a6
calculated fs for 1: [J@6bf491a6
calculated fs for 1: [J@6bf491a6
calculated fs for 1: [J@6bf491a6
calculated fs for 1: [J@6bf491a6
calculated fs for 1: [J@6bf491a6
calculated fs for 1: [J@6bf491a6
calculated fs for 1: [J@6bf491a6
calculated fs for 1: [J@6bf491a6
calculated fs for 1: [J@6bf491a6
calculated fs for 1: [J@6bf491a6
calculated fs for 1: [J@6bf491a6
calculated fs for 1: [J@6bf491a6
calculated fs for 1: [J@6bf491a6
calculated fs for 1: [J@6bf491a6
calculated fs for 1: [J@6bf491a6
calculated fs for 1: [J@6bf491a6
calculated fs for 1: [J@6bf491a6
calculated fs for 1: [J@6bf491a6
calculated fs for 1: [J@6bf491a6
calculated fs for 1: [J@6bf491a6
calculated fs for 1: [J@6bf491a6
calculated fs for 1: [J@6bf491a6
calculated fs for 1: [J@6bf491a6
calculated fs for 1: [J@6bf491a6
calculated fs for 1: [J@6bf491a6
calculated fs for 1: [J@6bf491a6
calculated fs for 1: [J@6bf491a6
calculated fs for 1: [J@6bf491a6
calculated fs for 1: [J@6bf491a6
calculated fs for 1: [J@6bf491a6
calculated fs for 1: [J@6bf491a6
calculated fs for 1: [J@6bf491a6
calculated fs for 1: [J@6bf491a6
calculated fs for 1: [J@6bf491a6
calculated fs for 1: [J@6bf491a6
calculated fs for 1: [J@6bf491a6
calculated fs for 1: [J@6bf491a6
calculated fs for 1: [J@6bf491a6
calculated fs for 1: [J@6bf491a6
calculated fs for 1: [J@6bf491a6
calculated fs for 1: [J@6bf491a6
calculated fs for 1: [J@6bf491a6
calculated fs for 1: [J@6bf491a6
calculated fs for 1: [J@6bf491a6
calculated fs for 1: [J@6bf491a6
calculated fs for 1: [J@6bf491a6
calculated fs for 1: [J@6bf491a6
calculated fs for 1: [J@6bf491a6
calculated fs for 1: [J@6bf491a6
calculated fs for 1: [J@6bf491a6
calculated fs for 1: [J@6bf491a6
calculated fs for 1: [J@6bf491a6
calculated fs for 1: [J@6bf491a6
calculated fs for 1: [J@6bf491a6
calculated fs for 1: [J@6bf491a6
calculated fs for 1: [J@6bf491a6
calculated fs for 1: [J@6bf491a6
calculated fs for 1: [J@6bf491a6
calculated fs for 1: [J@6bf491a6
calculated fs for 1: [J@6bf491a6
calculated fs for 1: [J@6bf491a6
calculated fs for 1: [J@6bf491a6
calculated fs for 1: [J@6bf491a6
calculated fs for 1: [J@6bf491a6
calculated fs for 1: [J@6bf491a6
calculated fs for 1: [J@6bf491a6
calculated fs for 1: [J@6bf491a6
calculated fs for 1: [J@6bf491a6
calculated fs for 1: [J@6bf491a6
calculated fs for 1: [J@6bf491a6
calculated fs for 1: [J@6bf491a6
calculated fs for 1: [J@6bf491a6
calculated fs for 1: [J@6bf491a6
calculated fs for 1: [J@6bf491a6
calculated fs for 1: [J@6bf491a6
calculated fs for 1: [J@6bf491a6
calculated fs for 1: [J@6bf491a6
calculated fs for 1: [J@6bf491a6
calculated fs for 1: [J@6bf491a6
calculated fs for 1: [J@6bf491a6
calculated fs for 1: [J@6bf491a6
calculated fs for 1: [J@6bf491a6
calculated fs for 1: [J@6bf491a6
calculated fs for 1: [J@6bf491a6
calculated fs for 1: [J@6bf491a6
calculated fs for 1: [J@6bf491a6
calculated fs for 1: [J@6bf491a6
calculated fs for 1: [J@6bf491a6
calculated fs for 1: [J@6bf491a6
calculated fs for 1: [J@6bf491a6
calculated fs for 1: [J@6bf491a6
calculated fs for 1: [J@6bf491a6
calculated fs for 1: [J@6bf491a6
calculated fs for 1: [J@6bf491a6
calculated fs for 1: [J@6bf491a6
calculated fs for 1: [J@6bf491a6
calculated fs for 1: [J@6bf491a6
calculated fs for 1: [J@6bf491a6
calculated fs for 1: [J@6bf491a6
calculated fs for 1: [J@6bf491a6
calculated fs for 1: [J@6bf491a6
calculated fs for 1: [J@6bf491a6
calculated fs for 1: [J@6bf491a6
calculated fs for 2: [J@58660a9
calculated fs for 2: [J@58660a9
calculated fs for 2: [J@58660a9
calculated fs for 2: [J@58660a9
calculated fs for 2: [J@58660a9
calculated fs for 2: [J@58660a9
calculated fs for 2: [J@58660a9
calculated fs for 2: [J@58660a9
calculated fs for 2: [J@58660a9
calculated fs for 2: [J@58660a9
calculated fs for 2: [J@58660a9
calculated fs for 2: [J@58660a9
calculated fs for 2: [J@58660a9
calculated fs for 2: [J@58660a9
calculated fs for 2: [J@58660a9
calculated fs for 2: [J@58660a9
calculated fs for 2: [J@58660a9
calculated fs for 2: [J@58660a9
calculated fs for 2: [J@58660a9
calculated fs for 2: [J@58660a9
calculated fs for 2: [J@58660a9
calculated fs for 2: [J@58660a9
calculated fs for 2: [J@58660a9
calculated fs for 2: [J@58660a9
calculated fs for 2: [J@58660a9
calculated fs for 2: [J@58660a9
calculated fs for 2: [J@58660a9
calculated fs for 2: [J@58660a9
calculated fs for 2: [J@58660a9
calculated fs for 2: [J@58660a9
calculated fs for 2: [J@58660a9
calculated fs for 2: [J@58660a9
calculated fs for 2: [J@58660a9
calculated fs for 2: [J@58660a9
calculated fs for 2: [J@58660a9
calculated fs for 2: [J@58660a9
calculated fs for 2: [J@58660a9
calculated fs for 2: [J@58660a9
calculated fs for 2: [J@58660a9
calculated fs for 2: [J@58660a9
calculated fs for 2: [J@58660a9
calculated fs for 2: [J@58660a9
calculated fs for 2: [J@58660a9
calculated fs for 2: [J@58660a9
calculated fs for 2: [J@58660a9
calculated fs for 2: [J@58660a9
calculated fs for 2: [J@58660a9
calculated fs for 2: [J@58660a9
calculated fs for 2: [J@58660a9
calculated fs for 2: [J@58660a9
calculated fs for 2: [J@58660a9
calculated fs for 2: [J@58660a9
calculated fs for 2: [J@58660a9
calculated fs for 2: [J@58660a9
calculated fs for 2: [J@58660a9
calculated fs for 2: [J@58660a9
calculated fs for 2: [J@58660a9
calculated fs for 2: [J@58660a9
calculated fs for 2: [J@58660a9
calculated fs for 2: [J@58660a9
calculated fs for 2: [J@58660a9
calculated fs for 2: [J@58660a9
calculated fs for 2: [J@58660a9
calculated fs for 2: [J@58660a9
calculated fs for 2: [J@58660a9
calculated fs for 2: [J@58660a9
calculated fs for 2: [J@58660a9
calculated fs for 2: [J@58660a9
calculated fs for 2: [J@58660a9
calculated fs for 2: [J@58660a9
calculated fs for 2: [J@58660a9
calculated fs for 2: [J@58660a9
calculated fs for 2: [J@58660a9
calculated fs for 2: [J@58660a9
calculated fs for 2: [J@58660a9
calculated fs for 2: [J@58660a9
calculated fs for 2: [J@58660a9
calculated fs for 2: [J@58660a9
calculated fs for 2: [J@58660a9
calculated fs for 2: [J@58660a9
calculated fs for 2: [J@58660a9
calculated fs for 2: [J@58660a9
calculated fs for 2: [J@58660a9
calculated fs for 2: [J@58660a9
calculated fs for 2: [J@58660a9
calculated fs for 2: [J@58660a9
calculated fs for 2: [J@58660a9
calculated fs for 2: [J@58660a9
calculated fs for 2: [J@58660a9
calculated fs for 2: [J@58660a9
calculated fs for 2: [J@58660a9
calculated fs for 2: [J@58660a9
calculated fs for 2: [J@58660a9
calculated fs for 2: [J@58660a9
calculated fs for 2: [J@58660a9
calculated fs for 2: [J@58660a9
calculated fs for 2: [J@58660a9
calculated fs for 2: [J@58660a9
calculated fs for 2: [J@58660a9
calculated fs for 2: [J@58660a9
calculated fs for 2: [J@58660a9
calculated fs for 2: [J@58660a9
calculated fs for 2: [J@58660a9
calculated fs for 2: [J@58660a9
calculated fs for 2: [J@58660a9
calculated fs for 2: [J@58660a9
calculated fs for 2: [J@58660a9
calculated fs for 2: [J@58660a9
calculated fs for 2: [J@58660a9
calculated fs for 2: [J@58660a9
calculated fs for 2: [J@58660a9
calculated fs for 2: [J@58660a9
calculated fs for 2: [J@58660a9
calculated fs for 2: [J@58660a9
calculated fs for 2: [J@58660a9
calculated fs for 2: [J@58660a9
calculated fs for 2: [J@58660a9
calculated fs for 2: [J@58660a9
calculated fs for 2: [J@58660a9
calculated fs for 2: [J@58660a9
calculated fs for 2: [J@58660a9
calculated fs for 2: [J@58660a9
calculated fs for 2: [J@58660a9
calculated fs for 2: [J@58660a9
calculated fs for 2: [J@58660a9
calculated fs for 2: [J@58660a9
calculated fs for 2: [J@58660a9
calculated fs for 2: [J@58660a9
calculated fs for 2: [J@58660a9
calculated fs for 2: [J@58660a9
calculated fs for 2: [J@58660a9
calculated fs for 2: [J@58660a9
calculated fs for 2: [J@58660a9
calculated fs for 2: [J@58660a9
calculated fs for 2: [J@58660a9
calculated fs for 2: [J@58660a9
calculated fs for 2: [J@58660a9
calculated fs for 2: [J@58660a9
calculated fs for 2: [J@58660a9
calculated fs for 2: [J@58660a9
calculated fs for 2: [J@58660a9
calculated fs for 2: [J@58660a9
calculated fs for 2: [J@58660a9
calculated fs for 2: [J@58660a9
calculated fs for 2: [J@58660a9
calculated fs for 2: [J@58660a9
calculated fs for 2: [J@58660a9
calculated fs for 2: [J@58660a9
calculated fs for 2: [J@58660a9
calculated fs for 2: [J@58660a9
calculated fs for 2: [J@58660a9
calculated fs for 2: [J@58660a9
calculated fs for 2: [J@58660a9
calculated fs for 2: [J@58660a9
calculated fs for 2: [J@58660a9
calculated fs for 2: [J@58660a9
calculated fs for 2: [J@58660a9
calculated fs for 2: [J@58660a9
calculated fs for 2: [J@58660a9
calculated fs for 2: [J@58660a9
calculated fs for 2: [J@58660a9
calculated fs for 2: [J@58660a9
calculated fs for 2: [J@58660a9
calculated fs for 2: [J@58660a9
calculated fs for 2: [J@58660a9
calculated fs for 2: [J@58660a9
calculated fs for 2: [J@58660a9
calculated fs for 2: [J@58660a9
calculated fs for 2: [J@58660a9
calculated fs for 2: [J@58660a9
calculated fs for 2: [J@58660a9
calculated fs for 2: [J@58660a9
calculated fs for 2: [J@58660a9
calculated fs for 2: [J@58660a9
calculated fs for 2: [J@58660a9
calculated fs for 2: [J@58660a9
calculated fs for 2: [J@58660a9
calculated fs for 2: [J@58660a9
calculated fs for 2: [J@58660a9
calculated fs for 2: [J@58660a9
calculated fs for 2: [J@58660a9
calculated fs for 2: [J@58660a9
calculated fs for 2: [J@58660a9
calculated fs for 2: [J@58660a9
calculated fs for 2: [J@58660a9
calculated fs for 2: [J@58660a9
calculated fs for 2: [J@58660a9
calculated fs for 2: [J@58660a9
calculated fs for 2: [J@58660a9
calculated fs for 2: [J@58660a9
calculated fs for 2: [J@58660a9
calculated fs for 2: [J@58660a9
calculated fs for 2: [J@58660a9
calculated fs for 2: [J@58660a9
calculated fs for 2: [J@58660a9
calculated fs for 2: [J@58660a9
calculated fs for 2: [J@58660a9
calculated fs for 2: [J@58660a9
calculated fs for 2: [J@58660a9
calculated fs for 2: [J@58660a9
calculated fs for 2: [J@58660a9
calculated fs for 2: [J@58660a9
calculated fs for 2: [J@58660a9
calculated fs for 2: [J@58660a9
calculated fs for 2: [J@58660a9
calculated fs for 2: [J@58660a9
calculated fs for 2: [J@58660a9
calculated fs for 2: [J@58660a9
calculated fs for 2: [J@58660a9
calculated fs for 2: [J@58660a9
calculated fs for 2: [J@58660a9
calculated fs for 2: [J@58660a9
calculated fs for 2: [J@58660a9
calculated fs for 2: [J@58660a9
calculated fs for 2: [J@58660a9
calculated fs for 2: [J@58660a9
calculated fs for 2: [J@58660a9
calculated fs for 2: [J@58660a9
calculated fs for 2: [J@58660a9
calculated fs for 2: [J@58660a9
calculated fs for 2: [J@58660a9
calculated fs for 2: [J@58660a9
calculated fs for 2: [J@58660a9
calculated fs for 2: [J@58660a9
calculated fs for 2: [J@58660a9
calculated fs for 2: [J@58660a9
calculated fs for 2: [J@58660a9
calculated fs for 2: [J@58660a9
calculated fs for 2: [J@58660a9
calculated fs for 2: [J@58660a9
calculated fs for 2: [J@58660a9
calculated fs for 2: [J@58660a9
calculated fs for 2: [J@58660a9
calculated fs for 2: [J@58660a9
calculated fs for 2: [J@58660a9
calculated fs for 2: [J@58660a9
calculated fs for 2: [J@58660a9
calculated fs for 2: [J@58660a9
calculated fs for 2: [J@58660a9
calculated fs for 2: [J@58660a9
calculated fs for 2: [J@58660a9
calculated fs for 2: [J@58660a9
calculated fs for 2: [J@58660a9
calculated fs for 2: [J@58660a9
calculated fs for 2: [J@58660a9
calculated fs for 2: [J@58660a9
calculated fs for 2: [J@58660a9
calculated fs for 2: [J@58660a9
calculated fs for 2: [J@58660a9
calculated fs for 2: [J@58660a9
calculated fs for 2: [J@58660a9
calculated fs for 2: [J@58660a9
calculated fs for 2: [J@58660a9
calculated fs for 2: [J@58660a9
calculated fs for 2: [J@58660a9
calculated fs for 2: [J@58660a9
calculated fs for 2: [J@58660a9
calculated fs for 2: [J@58660a9
calculated fs for 2: [J@58660a9
calculated fs for 2: [J@58660a9
calculated fs for 2: [J@58660a9
calculated fs for 2: [J@58660a9
calculated fs for 2: [J@58660a9
calculated fs for 2: [J@58660a9
calculated fs for 2: [J@58660a9
calculated fs for 2: [J@58660a9
calculated fs for 2: [J@58660a9
calculated fs for 2: [J@58660a9
calculated fs for 2: [J@58660a9
calculated fs for 2: [J@58660a9
calculated fs for 2: [J@58660a9
calculated fs for 2: [J@58660a9
calculated fs for 2: [J@58660a9
calculated fs for 2: [J@58660a9
calculated fs for 2: [J@58660a9
calculated fs for 2: [J@58660a9
calculated fs for 2: [J@58660a9
calculated fs for 2: [J@58660a9
calculated fs for 2: [J@58660a9
calculated fs for 2: [J@58660a9
calculated fs for 2: [J@58660a9
calculated fs for 2: [J@58660a9
calculated fs for 2: [J@58660a9
calculated fs for 2: [J@58660a9
calculated fs for 2: [J@58660a9
calculated fs for 2: [J@58660a9
calculated fs for 2: [J@58660a9
calculated fs for 2: [J@58660a9
calculated fs for 2: [J@58660a9
calculated fs for 2: [J@58660a9
calculated fs for 2: [J@58660a9
calculated fs for 2: [J@58660a9
calculated fs for 2: [J@58660a9
calculated fs for 2: [J@58660a9
calculated fs for 2: [J@58660a9
calculated fs for 2: [J@58660a9
calculated fs for 2: [J@58660a9
calculated fs for 2: [J@58660a9
calculated fs for 2: [J@58660a9
calculated fs for 2: [J@58660a9
calculated fs for 2: [J@58660a9
calculated fs for 2: [J@58660a9
calculated fs for 2: [J@58660a9
calculated fs for 2: [J@58660a9
calculated fs for 2: [J@58660a9
calculated fs for 2: [J@58660a9
calculated fs for 2: [J@58660a9
calculated fs for 2: [J@58660a9
calculated fs for 2: [J@58660a9
calculated fs for 2: [J@58660a9
calculated fs for 2: [J@58660a9
calculated fs for 2: [J@58660a9
calculated fs for 2: [J@58660a9
calculated fs for 2: [J@58660a9
calculated fs for 2: [J@58660a9
calculated fs for 2: [J@58660a9
calculated fs for 2: [J@58660a9
calculated fs for 2: [J@58660a9
calculated fs for 2: [J@58660a9
calculated fs for 2: [J@58660a9
calculated fs for 2: [J@58660a9
calculated fs for 2: [J@58660a9
calculated fs for 2: [J@58660a9
calculated fs for 2: [J@58660a9
calculated fs for 2: [J@58660a9
calculated fs for 2: [J@58660a9
calculated fs for 2: [J@58660a9
calculated fs for 2: [J@58660a9
calculated fs for 2: [J@58660a9
calculated fs for 2: [J@58660a9
calculated fs for 2: [J@58660a9
calculated fs for 2: [J@58660a9
calculated fs for 2: [J@58660a9
calculated fs for 2: [J@58660a9
calculated fs for 2: [J@58660a9
calculated fs for 2: [J@58660a9
calculated fs for 2: [J@58660a9
calculated fs for 2: [J@58660a9
calculated fs for 2: [J@58660a9
calculated fs for 2: [J@58660a9
calculated nfs for 0: [J@3933fa14
calculated nfs for 0: [J@3933fa14
calculated nfs for 1: [J@3675463
calculated nfs for 1: [J@3675463
calculated nfs for 2: [J@74d53153
calculated nfs for 2: [J@74d53153
calculated iMatrix for 14, 0, 0, 0: 0.09762283092182278
calculated iMatrix for 14, 0, 0, 1: 0.14727842136768365
calculated iMatrix for 14, 0, 0, 2: 0.022115278413677553
calculated iMatrix for 14, 0, 0, 3: -0.19892079056096745
calculated iMatrix for 14, 0, 0, 4: 0.2366750860364959
calculated iMatrix for 14, 0, 0, 5: -0.09424831058847971
calculated iMatrix for 14, 0, 0, 6: -0.001141583750589703
calculated iMatrix for 14, 0, 0, 7: 0.16631562738776773
calculated iMatrix for 14, 0, 0, 8: 0.27452921202800057
calculated iMatrix for 14, 0, 0, 9: -0.14020561167360757
calculated iMatrix for 14, 0, 0, 10: 0.053367821917782055
calculated iMatrix for 14, 0, 0, 11: -0.2974073998937621
calculated iMatrix for 14, 0, 0, 12: 0.1370452450876547
calculated iMatrix for 14, 0, 0, 13: 0.06805237360070315
calculated iMatrix for 14, 0, 0, 14: 0.13378496326476863
calculated iMatrix for 14, 0, 0, 15: -0.06489609857595213
calculated iMatrix for 14, 0, 0, 16: -0.2999682207554357
calculated iMatrix for 14, 0, 0, 17: 0.039770213652398356
calculated iMatrix for 14, 0, 0, 18: -0.10304786454032844
calculated iMatrix for 14, 0, 0, 19: 0.11423056732148335
calculated iMatrix for 14, 0, 1, 0: -0.282608259892955
calculated iMatrix for 14, 0, 1, 1: 0.15345128047476458
calculated iMatrix for 14, 0, 1, 2: -0.18054596261739975
calculated iMatrix for 14, 0, 1, 3: -0.3893921441504494
calculated iMatrix for 14, 0, 1, 4: 0.3533553252045884
calculated iMatrix for 14, 0, 1, 5: -0.13721676015557827
calculated iMatrix for 14, 0, 1, 6: -0.14078819252317554
calculated iMatrix for 14, 0, 1, 7: 0.4409220034594161
calculated iMatrix for 14, 0, 1, 8: 0.016497286109454334
calculated iMatrix for 14, 0, 1, 9: 0.040983762718060424
calculated iMatrix for 14, 0, 1, 10: 0.03824466034356122
calculated iMatrix for 14, 0, 1, 11: 0.036504015865777284
calculated iMatrix for 14, 0, 1, 12: -0.29373767100479964
calculated iMatrix for 14, 0, 1, 13: -0.2247447995178482
calculated iMatrix for 14, 0, 1, 14: 0.1618772207888362
calculated iMatrix for 14, 0, 1, 15: 7.240884323600483E-4
calculated iMatrix for 14, 0, 1, 16: 0.0014350731761390012
calculated iMatrix for 14, 0, 1, 17: 0.38139100405246734
calculated iMatrix for 14, 0, 1, 18: 0.11008405135963467
calculated iMatrix for 14, 0, 1, 19: 0.33558146802117317
calculated iMatrix for 14, 0, 2, 0: -0.0465036914050555
calculated iMatrix for 14, 0, 2, 1: 0.3178295225627227
calculated iMatrix for 14, 0, 2, 2: -0.40966713801186017
calculated iMatrix for 14, 0, 2, 3: 0.08424705952068368
calculated iMatrix for 14, 0, 2, 4: -0.17078838771081406
calculated iMatrix for 14, 0, 2, 5: 0.013640651422705319
calculated iMatrix for 14, 0, 2, 6: 0.15157334565056446
calculated iMatrix for 14, 0, 2, 7: 0.27804865255087824
calculated iMatrix for 14, 0, 2, 8: -0.14218777287759887
calculated iMatrix for 14, 0, 2, 9: -0.010993880193601258
calculated iMatrix for 14, 0, 2, 10: -0.10514650119724966
calculated iMatrix for 14, 0, 2, 11: -0.12020094376657786
calculated iMatrix for 14, 0, 2, 12: 0.17328533010279806
calculated iMatrix for 14, 0, 2, 13: 0.12040862684841147
calculated iMatrix for 14, 0, 2, 14: 0.1080577082144023
calculated iMatrix for 14, 0, 2, 15: -0.1299009288849482
calculated iMatrix for 14, 0, 2, 16: -0.21112636880753388
calculated iMatrix for 14, 0, 2, 17: 0.20482526014939684
calculated iMatrix for 14, 0, 2, 18: 0.3178295225627227
calculated iMatrix for 14, 0, 2, 19: -0.01789005620002171
calculated iMatrix for 14, 0, 3, 0: -0.23857534549578385
calculated iMatrix for 14, 0, 3, 1: 0.3845208970613949
calculated iMatrix for 14, 0, 3, 2: -0.08804383213204647
calculated iMatrix for 14, 0, 3, 3: 0.01730757684557438
calculated iMatrix for 14, 0, 3, 4: -0.12098556522699566
calculated iMatrix for 14, 0, 3, 5: -0.1888615341406531
calculated iMatrix for 14, 0, 3, 6: 0.3457293600915218
calculated iMatrix for 14, 0, 3, 7: 0.06823296050864308
calculated iMatrix for 14, 0, 3, 8: -0.04985822121141159
calculated iMatrix for 14, 0, 3, 9: 0.20023514835393214
calculated iMatrix for 14, 0, 3, 10: -0.21629574503132065
calculated iMatrix for 14, 0, 3, 11: -0.18711373130020137
calculated iMatrix for 14, 0, 3, 12: -0.021369833526061144
calculated iMatrix for 14, 0, 3, 13: -0.011360650782711867
calculated iMatrix for 14, 0, 3, 14: -0.09173847910281618
calculated iMatrix for 14, 0, 3, 15: -0.19051162787560594
calculated iMatrix for 14, 0, 3, 16: 0.1567054323864422
calculated iMatrix for 14, 0, 3, 17: 0.18117997304336492
calculated iMatrix for 14, 0, 3, 18: 0.49038128776087236
calculated iMatrix for 14, 0, 3, 19: 0.33558146802117317
calculated iMatrix for 14, 0, 4, 0: -0.1242126757323716
calculated iMatrix for 14, 0, 4, 1: 0.6795443763715437
calculated iMatrix for 14, 0, 4, 2: -0.24849888552595534
calculated iMatrix for 14, 0, 4, 3: -0.28903915022324544
calculated iMatrix for 14, 0, 4, 4: 0.00487347197917154
calculated iMatrix for 14, 0, 4, 5: -0.0158639696515388
calculated iMatrix for 14, 0, 4, 6: 0.22463954252515173
calculated iMatrix for 14, 0, 4, 7: -0.11614628858624654
calculated iMatrix for 14, 0, 4, 8: 0.23530849887471927
calculated iMatrix for 14, 0, 4, 9: 0.23198849280699063
calculated iMatrix for 14, 0, 4, 10: -0.2472176553699068
calculated iMatrix for 14, 0, 4, 11: -0.0872995075721893
calculated iMatrix for 14, 0, 4, 12: -0.028870276319190036
calculated iMatrix for 14, 0, 4, 13: -0.24408776236097918
calculated iMatrix for 14, 0, 4, 14: 0.20503402841737844
calculated iMatrix for 14, 0, 4, 15: 0.042576350285017606
calculated iMatrix for 14, 0, 4, 16: 0.005585976462467057
calculated iMatrix for 14, 0, 4, 17: 0.10759442351767484
calculated iMatrix for 14, 0, 4, 18: -0.006055598553018626
calculated iMatrix for 14, 0, 4, 19: 0.1345932618403678
calculated iMatrix for 14, 0, 5, 0: -0.39182445668545907
calculated iMatrix for 14, 0, 5, 1: 0.14727842136768365
calculated iMatrix for 14, 0, 5, 2: -0.244398369600625
calculated iMatrix for 14, 0, 5, 3: -0.455323329319576
calculated iMatrix for 14, 0, 5, 4: 0.3506193453857137
calculated iMatrix for 14, 0, 5, 5: 0.18011952755692595
calculated iMatrix for 14, 0, 5, 6: -0.020444336005118413
calculated iMatrix for 14, 0, 5, 7: 0.05110281528692995
calculated iMatrix for 14, 0, 5, 8: 0.16521612205435088
calculated iMatrix for 14, 0, 5, 9: -0.062442109614385455
calculated iMatrix for 14, 0, 5, 10: -0.21427349965055287
calculated iMatrix for 14, 0, 5, 11: 0.21984911420251907
calculated iMatrix for 14, 0, 5, 12: 0.546012983747021
calculated iMatrix for 14, 0, 5, 13: -0.17056906541582362
calculated iMatrix for 14, 0, 5, 14: 0.06495543709016999
calculated iMatrix for 14, 0, 5, 15: 0.21351013141330705
calculated iMatrix for 14, 0, 5, 16: 0.11799705011696004
calculated iMatrix for 14, 0, 5, 17: -0.07837626013264487
calculated iMatrix for 14, 0, 5, 18: 0.03216561426717901
calculated iMatrix for 14, 0, 5, 19: 0.09890242162744789
calculated iMatrix for 14, 0, 6, 0: -0.4619929570135999
calculated iMatrix for 14, 0, 6, 1: -0.10613905711000127
calculated iMatrix for 14, 0, 6, 2: 0.6106498865069846
calculated iMatrix for 14, 0, 6, 3: -0.09068021573166674
calculated iMatrix for 14, 0, 6, 4: -0.1291156913102458
calculated iMatrix for 14, 0, 6, 5: 0.3914413399059688
calculated iMatrix for 14, 0, 6, 6: 0.3918623039197628
calculated iMatrix for 14, 0, 6, 7: -0.4212201037498966
calculated iMatrix for 14, 0, 6, 8: 0.28328622531712666
calculated iMatrix for 14, 0, 6, 9: -0.20716326146804798
calculated iMatrix for 14, 0, 6, 10: -0.14218777287759887
calculated iMatrix for 14, 0, 6, 11: 0.41033858008733587
calculated iMatrix for 14, 0, 6, 12: 0.7303003363381635
calculated iMatrix for 14, 0, 6, 13: -0.3620724312472018
calculated iMatrix for 14, 0, 6, 14: -0.23058707514207655
calculated iMatrix for 14, 0, 6, 15: 0.29452987873467007
calculated iMatrix for 14, 0, 6, 16: 0.1661903062521944
calculated iMatrix for 14, 0, 6, 17: -0.47590138705973195
calculated iMatrix for 14, 0, 6, 18: -0.6156818070631027
calculated iMatrix for 14, 0, 6, 19: -0.18618176478353776
calculated iMatrix for 14, 0, 7, 0: -0.4074473812735473
calculated iMatrix for 14, 0, 7, 1: -0.13915286918244474
calculated iMatrix for 14, 0, 7, 2: 0.24842840448916637
calculated iMatrix for 14, 0, 7, 3: 0.10039483546883315
calculated iMatrix for 14, 0, 7, 4: 0.060336491233875356
calculated iMatrix for 14, 0, 7, 5: 0.8355965164216117
calculated iMatrix for 14, 0, 7, 6: 0.18273847274655342
calculated iMatrix for 14, 0, 7, 7: -0.46031087083061517
calculated iMatrix for 14, 0, 7, 8: -0.18267913423233562
calculated iMatrix for 14, 0, 7, 9: -0.5656713864884415
calculated iMatrix for 14, 0, 7, 10: -0.6710319021462678
calculated iMatrix for 14, 0, 7, 11: 0.5842341965672188
calculated iMatrix for 14, 0, 7, 12: 0.9244197683130928
calculated iMatrix for 14, 0, 7, 13: -0.03286685600367556
calculated iMatrix for 14, 0, 7, 14: -0.5219963229857798
calculated iMatrix for 14, 0, 7, 15: 0.41787157239488104
calculated iMatrix for 14, 0, 7, 16: 0.1456581131546944
calculated iMatrix for 14, 0, 7, 17: -0.5184185016378957
calculated iMatrix for 14, 0, 7, 18: -0.10613905711000127
calculated iMatrix for 14, 0, 7, 19: 0.20954074712580817
calculated iMatrix for 14, 0, 8, 0: NaN
calculated iMatrix for 14, 0, 8, 1: NaN
calculated iMatrix for 14, 0, 8, 2: NaN
calculated iMatrix for 14, 0, 8, 3: NaN
calculated iMatrix for 14, 0, 8, 4: NaN
calculated iMatrix for 14, 0, 8, 5: NaN
calculated iMatrix for 14, 0, 8, 6: NaN
calculated iMatrix for 14, 0, 8, 7: NaN
calculated iMatrix for 14, 0, 8, 8: NaN
calculated iMatrix for 14, 0, 8, 9: NaN
calculated iMatrix for 14, 0, 8, 10: NaN
calculated iMatrix for 14, 0, 8, 11: NaN
calculated iMatrix for 14, 0, 8, 12: NaN
calculated iMatrix for 14, 0, 8, 13: NaN
calculated iMatrix for 14, 0, 8, 14: -3.786409342901864E-4
calculated iMatrix for 14, 0, 8, 15: NaN
calculated iMatrix for 14, 0, 8, 16: NaN
calculated iMatrix for 14, 0, 8, 17: NaN
calculated iMatrix for 14, 0, 8, 18: NaN
calculated iMatrix for 14, 0, 8, 19: NaN
calculated iMatrix for 14, 0, 9, 0: -0.39282857364903045
calculated iMatrix for 14, 0, 9, 1: 0.18463420791145257
calculated iMatrix for 14, 0, 9, 2: 0.3285283875715217
calculated iMatrix for 14, 0, 9, 3: -0.45567049127411297
calculated iMatrix for 14, 0, 9, 4: -0.2847690010220393
calculated iMatrix for 14, 0, 9, 5: 1.0368460831010853
calculated iMatrix for 14, 0, 9, 6: 0.07820474506472108
calculated iMatrix for 14, 0, 9, 7: -0.653227277512761
calculated iMatrix for 14, 0, 9, 8: -0.11280403948569317
calculated iMatrix for 14, 0, 9, 9: -0.7456427659374425
calculated iMatrix for 14, 0, 9, 10: -1.0252037158668816
calculated iMatrix for 14, 0, 9, 11: 0.42895118865562065
calculated iMatrix for 14, 0, 9, 12: 1.8100359713345668
calculated iMatrix for 14, 0, 9, 13: -0.33845450978659575
calculated iMatrix for 14, 0, 9, 14: -0.2613023952516458
calculated iMatrix for 14, 0, 9, 15: 0.2791603814035687
calculated iMatrix for 14, 0, 9, 16: 0.6923686391077705
calculated iMatrix for 14, 0, 9, 17: -0.30238076716081963
calculated iMatrix for 14, 0, 9, 18: 0.29932605099816306
calculated iMatrix for 14, 0, 9, 19: -0.19529759819154713
calculated iMatrix for 14, 0, 10, 0: -0.40832275062586676
calculated iMatrix for 14, 0, 10, 1: -0.369926809362346
calculated iMatrix for 14, 0, 10, 2: 0.5005056264265144
calculated iMatrix for 14, 0, 10, 3: -0.13149617249784562
calculated iMatrix for 14, 0, 10, 4: -0.1344537822778623
calculated iMatrix for 14, 0, 10, 5: 0.24732708279194632
calculated iMatrix for 14, 0, 10, 6: 0.2306600303067346
calculated iMatrix for 14, 0, 10, 7: -0.4115207066611831
calculated iMatrix for 14, 0, 10, 8: -0.07944492173581863
calculated iMatrix for 14, 0, 10, 9: -0.5368924219383979
calculated iMatrix for 14, 0, 10, 10: -0.5334105242702201
calculated iMatrix for 14, 0, 10, 11: 0.3024172435678359
calculated iMatrix for 14, 0, 10, 12: 0.8421291798524129
calculated iMatrix for 14, 0, 10, 13: -0.6405726946615591
calculated iMatrix for 14, 0, 10, 14: -0.160206278380277
calculated iMatrix for 14, 0, 10, 15: 0.4997886948627678
calculated iMatrix for 14, 0, 10, 16: 0.5222456130629204
calculated iMatrix for 14, 0, 10, 17: -0.014840428108751635
calculated iMatrix for 14, 0, 10, 18: -0.013602804188401652
calculated iMatrix for 14, 0, 10, 19: 0.14994864992356244
calculated iMatrix for 14, 0, 11, 0: -0.37442119895018544
calculated iMatrix for 14, 0, 11, 1: 0.2917788453627802
calculated iMatrix for 14, 0, 11, 2: 0.13508039345672324
calculated iMatrix for 14, 0, 11, 3: 0.029283767892290147
calculated iMatrix for 14, 0, 11, 4: -0.2665866819388487
calculated iMatrix for 14, 0, 11, 5: 0.16521612205435088
calculated iMatrix for 14, 0, 11, 6: 0.48029716869424627
calculated iMatrix for 14, 0, 11, 7: 0.10759442351767484
calculated iMatrix for 14, 0, 11, 8: -0.1519757792437616
calculated iMatrix for 14, 0, 11, 9: -0.4043051948704748
calculated iMatrix for 14, 0, 11, 10: -0.6334939828272024
calculated iMatrix for 14, 0, 11, 11: -0.03504313542627102
calculated iMatrix for 14, 0, 11, 12: 0.32530153740142376
calculated iMatrix for 14, 0, 11, 13: -0.2180258492691033
calculated iMatrix for 14, 0, 11, 14: -0.026674885755754496
calculated iMatrix for 14, 0, 11, 15: 0.22955992018478355
calculated iMatrix for 14, 0, 11, 16: 0.4730427605985993
calculated iMatrix for 14, 0, 11, 17: 0.0629372729339327
calculated iMatrix for 14, 0, 11, 18: 0.16521612205435088
calculated iMatrix for 14, 0, 11, 19: 0.13378496326476863
calculated iMatrix for 14, 0, 12, 0: -0.07768525469227361
calculated iMatrix for 14, 0, 12, 1: 0.7152624589736228
calculated iMatrix for 14, 0, 12, 2: -0.16764125686779507
calculated iMatrix for 14, 0, 12, 3: -0.3802681631570787
calculated iMatrix for 14, 0, 12, 4: -0.11257822939102236
calculated iMatrix for 14, 0, 12, 5: -0.160206278380277
calculated iMatrix for 14, 0, 12, 6: 0.12747579407150383
calculated iMatrix for 14, 0, 12, 7: 0.039659588064587026
calculated iMatrix for 14, 0, 12, 8: 0.004096772910999302
calculated iMatrix for 14, 0, 12, 9: -0.10304786454032844
calculated iMatrix for 14, 0, 12, 10: 0.16521612205435088
calculated iMatrix for 14, 0, 12, 11: -0.3107791368596513
calculated iMatrix for 14, 0, 12, 12: 0.4217152670694439
calculated iMatrix for 14, 0, 12, 13: -0.7863427486572621
calculated iMatrix for 14, 0, 12, 14: -0.04348200407213565
calculated iMatrix for 14, 0, 12, 15: 0.43052589675159875
calculated iMatrix for 14, 0, 12, 16: 0.09762283092182278
calculated iMatrix for 14, 0, 12, 17: 0.3024172435678359
calculated iMatrix for 14, 0, 12, 18: 0.5329409021796683
calculated iMatrix for 14, 0, 12, 19: -0.026674885755754496
calculated iMatrix for 14, 0, 13, 0: -0.33205653530693635
calculated iMatrix for 14, 0, 13, 1: 0.24525882972788737
calculated iMatrix for 14, 0, 13, 2: 0.14347613541794496
calculated iMatrix for 14, 0, 13, 3: -0.21187828892459792
calculated iMatrix for 14, 0, 13, 4: 0.053367821917782055
calculated iMatrix for 14, 0, 13, 5: 0.11230099605226868
calculated iMatrix for 14, 0, 13, 6: -0.160206278380277
calculated iMatrix for 14, 0, 13, 7: 0.37718637277043543
calculated iMatrix for 14, 0, 13, 8: -0.15260167899505783
calculated iMatrix for 14, 0, 13, 9: -0.12173999755248088
calculated iMatrix for 14, 0, 13, 10: 0.07746537349684252
calculated iMatrix for 14, 0, 13, 11: -0.2555164581846019
calculated iMatrix for 14, 0, 13, 12: 0.30698440948884376
calculated iMatrix for 14, 0, 13, 13: -0.10171007169866841
calculated iMatrix for 14, 0, 13, 14: -0.11439674234898278
calculated iMatrix for 14, 0, 13, 15: 0.15745662628343976
calculated iMatrix for 14, 0, 13, 16: -0.08142540052716263
calculated iMatrix for 14, 0, 13, 17: 0.24263070732161784
calculated iMatrix for 14, 0, 13, 18: 0.1815430153417797
calculated iMatrix for 14, 0, 13, 19: -0.13488847039598728
calculated iMatrix for 14, 0, 14, 0: -0.08838054380902138
calculated iMatrix for 14, 0, 14, 1: -0.33205653530693635
calculated iMatrix for 14, 0, 14, 2: 0.26723773644666265
calculated iMatrix for 14, 0, 14, 3: -0.13885315390970798
calculated iMatrix for 14, 0, 14, 4: -0.04513694859548978
calculated iMatrix for 14, 0, 14, 5: -0.1701566092334451
calculated iMatrix for 14, 0, 14, 6: -0.160206278380277
calculated iMatrix for 14, 0, 14, 7: 0.26162580719209266
calculated iMatrix for 14, 0, 14, 8: -0.2114995727678276
calculated iMatrix for 14, 0, 14, 9: -0.12983518050397824
calculated iMatrix for 14, 0, 14, 10: -0.4478883508320579
calculated iMatrix for 14, 0, 14, 11: 0.20375909882113458
calculated iMatrix for 14, 0, 14, 12: -0.05682792392644187
calculated iMatrix for 14, 0, 14, 13: 0.0866537995512488
calculated iMatrix for 14, 0, 14, 14: 0.09848825719825166
calculated iMatrix for 14, 0, 14, 15: 0.13205246109891566
calculated iMatrix for 14, 0, 14, 16: 0.18757971814120933
calculated iMatrix for 14, 0, 14, 17: 0.07993484930250377
calculated iMatrix for 14, 0, 14, 18: -0.35436229282123455
calculated iMatrix for 14, 0, 14, 19: 0.19646866555845538
calculated iMatrix for 14, 0, 15, 0: -0.2534244072123779
calculated iMatrix for 14, 0, 15, 1: 0.8631825890502451
calculated iMatrix for 14, 0, 15, 2: -0.13854478159909756
calculated iMatrix for 14, 0, 15, 3: -0.200480177518217
calculated iMatrix for 14, 0, 15, 4: -0.16996245332564175
calculated iMatrix for 14, 0, 15, 5: -0.04687759307327377
calculated iMatrix for 14, 0, 15, 6: 0.12747579407150383
calculated iMatrix for 14, 0, 15, 7: -0.11060933724090483
calculated iMatrix for 14, 0, 15, 8: -0.11904820588676945
calculated iMatrix for 14, 0, 15, 9: -0.12020094376657786
calculated iMatrix for 14, 0, 15, 10: 0.036504015865777284
calculated iMatrix for 14, 0, 15, 11: 0.12747579407150383
calculated iMatrix for 14, 0, 15, 12: 0.4549793607099565
calculated iMatrix for 14, 0, 15, 13: -0.09566775724270593
calculated iMatrix for 14, 0, 15, 14: -0.07319490139064733
calculated iMatrix for 14, 0, 15, 15: 0.11896510440359526
calculated iMatrix for 14, 0, 15, 16: 0.35898759505623024
calculated iMatrix for 14, 0, 15, 17: -0.05077243733481496
calculated iMatrix for 14, 0, 15, 18: -0.160206278380277
calculated iMatrix for 14, 0, 15, 19: 0.2775942103708237
calculated iMatrix for 14, 0, 16, 0: -0.030528455071744398
calculated iMatrix for 14, 0, 16, 1: -0.03957829059166229
calculated iMatrix for 14, 0, 16, 2: 0.3542491134362923
calculated iMatrix for 14, 0, 16, 3: -0.047410784234932724
calculated iMatrix for 14, 0, 16, 4: 0.32163180851246137
calculated iMatrix for 14, 0, 16, 5: 0.080955778436611
calculated iMatrix for 14, 0, 16, 6: 0.05915655009402665
calculated iMatrix for 14, 0, 16, 7: 0.07130552260444928
calculated iMatrix for 14, 0, 16, 8: -0.4982301056929088
calculated iMatrix for 14, 0, 16, 9: -0.19754394881792126
calculated iMatrix for 14, 0, 16, 10: 0.11308705661940427
calculated iMatrix for 14, 0, 16, 11: 0.028384891427272962
calculated iMatrix for 14, 0, 16, 12: -0.2990427232344929
calculated iMatrix for 14, 0, 16, 13: 0.1030843409473447
calculated iMatrix for 14, 0, 16, 14: -0.49866067620548127
calculated iMatrix for 14, 0, 16, 15: 0.0629372729339327
calculated iMatrix for 14, 0, 16, 16: 0.10759442351767484
calculated iMatrix for 14, 0, 16, 17: 0.11448859854469273
calculated iMatrix for 14, 0, 16, 18: 0.5706812301625154
calculated iMatrix for 14, 0, 16, 19: -0.12469958992336727
calculated iMatrix for 14, 1, 0, 0: -0.04722997560929443
calculated iMatrix for 14, 1, 0, 1: -0.20974890510706934
calculated iMatrix for 14, 1, 0, 2: -0.2477281531722857
calculated iMatrix for 14, 1, 0, 3: 0.07115348035933278
calculated iMatrix for 14, 1, 0, 4: -0.04269482044390327
calculated iMatrix for 14, 1, 0, 5: 0.31092901510193305
calculated iMatrix for 14, 1, 0, 6: 0.11875516186496671
calculated iMatrix for 14, 1, 0, 7: -0.5132148452601122
calculated iMatrix for 14, 1, 0, 8: 0.08851527667524839
calculated iMatrix for 14, 1, 0, 9: -0.09014603273370003
calculated iMatrix for 14, 1, 0, 10: -0.24546698770914865
calculated iMatrix for 14, 1, 0, 11: -0.009078209644918234
calculated iMatrix for 14, 1, 0, 12: 0.12462028131736469
calculated iMatrix for 14, 1, 0, 13: -0.2774075535808842
calculated iMatrix for 14, 1, 0, 14: -0.2653187562618802
calculated iMatrix for 14, 1, 0, 15: 0.1937182003384219
calculated iMatrix for 14, 1, 0, 16: 0.3410820532726204
calculated iMatrix for 14, 1, 0, 17: 0.1223849299155455
calculated iMatrix for 14, 1, 0, 18: -0.1642865310303121
calculated iMatrix for 14, 1, 0, 19: -0.3287008479684348
calculated iMatrix for 14, 1, 1, 0: 0.021362815856317274
calculated iMatrix for 14, 1, 1, 1: -0.06664806146639601
calculated iMatrix for 14, 1, 1, 2: -0.20974890510706934
calculated iMatrix for 14, 1, 1, 3: -0.19943953544820814
calculated iMatrix for 14, 1, 1, 4: 0.0684544233901676
calculated iMatrix for 14, 1, 1, 5: 0.30107671865892116
calculated iMatrix for 14, 1, 1, 6: 0.2125233213174762
calculated iMatrix for 14, 1, 1, 7: 0.055954260625936225
calculated iMatrix for 14, 1, 1, 8: 0.10931476808587948
calculated iMatrix for 14, 1, 1, 9: -0.040672575063135596
calculated iMatrix for 14, 1, 1, 10: -0.4461376831713
calculated iMatrix for 14, 1, 1, 11: -0.10026467226538105
calculated iMatrix for 14, 1, 1, 12: 0.08186244548460109
calculated iMatrix for 14, 1, 1, 13: 0.1740770278976138
calculated iMatrix for 14, 1, 1, 14: 0.09285881756138714
calculated iMatrix for 14, 1, 1, 15: -0.05032116817896748
calculated iMatrix for 14, 1, 1, 16: -0.02856955289189189
calculated iMatrix for 14, 1, 1, 17: -0.1699426547066496
calculated iMatrix for 14, 1, 1, 18: -0.20974890510706934
calculated iMatrix for 14, 1, 1, 19: -0.059936626878409394
calculated iMatrix for 14, 1, 2, 0: -0.20171673340980534
calculated iMatrix for 14, 1, 2, 1: -0.12636729616801845
calculated iMatrix for 14, 1, 2, 2: 0.18556383153707712
calculated iMatrix for 14, 1, 2, 3: -0.37033047526461815
calculated iMatrix for 14, 1, 2, 4: 0.16494454433434114
calculated iMatrix for 14, 1, 2, 5: 0.30107671865892116
calculated iMatrix for 14, 1, 2, 6: -0.49743097755885035
calculated iMatrix for 14, 1, 2, 7: -0.1598770750668963
calculated iMatrix for 14, 1, 2, 8: 0.6425931021668122
calculated iMatrix for 14, 1, 2, 9: -0.31367982795530125
calculated iMatrix for 14, 1, 2, 10: -0.6797525343528048
calculated iMatrix for 14, 1, 2, 11: 0.1032509753290014
calculated iMatrix for 14, 1, 2, 12: -0.009772413074394137
calculated iMatrix for 14, 1, 2, 13: -0.38221816545801235
calculated iMatrix for 14, 1, 2, 14: -0.07621751248254682
calculated iMatrix for 14, 1, 2, 15: 0.12393652060696425
calculated iMatrix for 14, 1, 2, 16: 0.16843224405262647
calculated iMatrix for 14, 1, 2, 17: 0.03359735352465987
calculated iMatrix for 14, 1, 2, 18: -0.009078209644918234
calculated iMatrix for 14, 1, 2, 19: 0.0684544233901676
calculated iMatrix for 14, 1, 3, 0: -0.05680961246610816
calculated iMatrix for 14, 1, 3, 1: -0.20974890510706934
calculated iMatrix for 14, 1, 3, 2: 0.16672866612784265
calculated iMatrix for 14, 1, 3, 3: -0.11543822563582817
calculated iMatrix for 14, 1, 3, 4: -0.14787350138898203
calculated iMatrix for 14, 1, 3, 5: 0.3659373528609622
calculated iMatrix for 14, 1, 3, 6: -0.16249602025652377
calculated iMatrix for 14, 1, 3, 7: 0.053668545345080254
calculated iMatrix for 14, 1, 3, 8: 0.47214112092824134
calculated iMatrix for 14, 1, 3, 9: -0.5172336048550301
calculated iMatrix for 14, 1, 3, 10: -0.9584659368218253
calculated iMatrix for 14, 1, 3, 11: 0.1354095967701039
calculated iMatrix for 14, 1, 3, 12: 0.30107671865892116
calculated iMatrix for 14, 1, 3, 13: 0.08040535649010061
calculated iMatrix for 14, 1, 3, 14: 0.04514334452172064
calculated iMatrix for 14, 1, 3, 15: 0.1693988946837215
calculated iMatrix for 14, 1, 3, 16: -0.14482935900775384
calculated iMatrix for 14, 1, 3, 17: -0.07497450424294971
calculated iMatrix for 14, 1, 3, 18: -0.3432802977315921
calculated iMatrix for 14, 1, 3, 19: -0.7267095174405758
calculated iMatrix for 14, 1, 4, 0: -0.24322483430345887
calculated iMatrix for 14, 1, 4, 1: -0.18076136823381717
calculated iMatrix for 14, 1, 4, 2: -0.4147987129785802
calculated iMatrix for 14, 1, 4, 3: -0.8494953089398996
calculated iMatrix for 14, 1, 4, 4: 0.07281806667794122
calculated iMatrix for 14, 1, 4, 5: 0.5859138389784709
calculated iMatrix for 14, 1, 4, 6: 0.22103401098538478
calculated iMatrix for 14, 1, 4, 7: -0.09357747334502742
calculated iMatrix for 14, 1, 4, 8: -0.22344774946523138
calculated iMatrix for 14, 1, 4, 9: -0.4188407029656289
calculated iMatrix for 14, 1, 4, 10: -0.27995316378031787
calculated iMatrix for 14, 1, 4, 11: 0.47573540270730674
calculated iMatrix for 14, 1, 4, 12: 0.45189960839350496
calculated iMatrix for 14, 1, 4, 13: -0.2774075535808842
calculated iMatrix for 14, 1, 4, 14: 0.1267233315141436
calculated iMatrix for 14, 1, 4, 15: 0.1407340685837417
calculated iMatrix for 14, 1, 4, 16: 0.25940402225835335
calculated iMatrix for 14, 1, 4, 17: 0.10040602319677006
calculated iMatrix for 14, 1, 4, 18: 0.07793316734471145
calculated iMatrix for 14, 1, 4, 19: -0.00811155901382321
calculated iMatrix for 14, 1, 5, 0: -0.21337867315764814
calculated iMatrix for 14, 1, 5, 1: 0.36359707564025534
calculated iMatrix for 14, 1, 5, 2: -0.2776601107232799
calculated iMatrix for 14, 1, 5, 3: -0.46977944622834045
calculated iMatrix for 14, 1, 5, 4: -0.0056535487635540616
calculated iMatrix for 14, 1, 5, 5: 0.5410273882895122
calculated iMatrix for 14, 1, 5, 6: 0.23653819752135008
calculated iMatrix for 14, 1, 5, 7: 0.2929795084263018
calculated iMatrix for 14, 1, 5, 8: -0.13871313199031765
calculated iMatrix for 14, 1, 5, 9: -0.10865278823570068
calculated iMatrix for 14, 1, 5, 10: -0.20974890510706934
calculated iMatrix for 14, 1, 5, 11: -0.2940900535408202
calculated iMatrix for 14, 1, 5, 12: -0.18640154111007834
calculated iMatrix for 14, 1, 5, 13: -0.1689269105868143
calculated iMatrix for 14, 1, 5, 14: 0.1548942084808398
calculated iMatrix for 14, 1, 5, 15: -0.07969577685887175
calculated iMatrix for 14, 1, 5, 16: 0.239518825659488
calculated iMatrix for 14, 1, 5, 17: 0.22595608819081314
calculated iMatrix for 14, 1, 5, 18: -0.18727604925501073
calculated iMatrix for 14, 1, 5, 19: 0.42277365363644104
calculated iMatrix for 14, 1, 6, 0: -0.5962315623029437
calculated iMatrix for 14, 1, 6, 1: 0.32517427023798184
calculated iMatrix for 14, 1, 6, 2: -0.36959760604896563
calculated iMatrix for 14, 1, 6, 3: -0.36797291032196355
calculated iMatrix for 14, 1, 6, 4: -0.16055866091629767
calculated iMatrix for 14, 1, 6, 5: 0.6274045062083617
calculated iMatrix for 14, 1, 6, 6: -0.40859976385223473
calculated iMatrix for 14, 1, 6, 7: 0.21464421288661373
calculated iMatrix for 14, 1, 6, 8: -0.011297966383231106
calculated iMatrix for 14, 1, 6, 9: -0.3422380881531484
calculated iMatrix for 14, 1, 6, 10: -0.9851341839039871
calculated iMatrix for 14, 1, 6, 11: -0.09196586945068597
calculated iMatrix for 14, 1, 6, 12: -0.007224640995595388
calculated iMatrix for 14, 1, 6, 13: -0.04487426191683541
calculated iMatrix for 14, 1, 6, 14: 0.30988734834107623
calculated iMatrix for 14, 1, 6, 15: 0.034448055404972644
calculated iMatrix for 14, 1, 6, 16: 0.266229987328753
calculated iMatrix for 14, 1, 6, 17: 0.43181090666238264
calculated iMatrix for 14, 1, 6, 18: 0.25106629808425995
calculated iMatrix for 14, 1, 6, 19: 0.002583730102924786
calculated iMatrix for 14, 1, 7, 0: -0.4408606260704562
calculated iMatrix for 14, 1, 7, 1: 0.5989111625747202
calculated iMatrix for 14, 1, 7, 2: -0.4048094876784538
calculated iMatrix for 14, 1, 7, 3: -0.20974890510706934
calculated iMatrix for 14, 1, 7, 4: 0.4151900254263423
calculated iMatrix for 14, 1, 7, 5: 0.17496525889605596
calculated iMatrix for 14, 1, 7, 6: 0.09474028566109283
calculated iMatrix for 14, 1, 7, 7: 0.6033575905318549
calculated iMatrix for 14, 1, 7, 8: -0.05647503375334573
calculated iMatrix for 14, 1, 7, 9: -0.1627603956711503
calculated iMatrix for 14, 1, 7, 10: -0.30505908491139433
calculated iMatrix for 14, 1, 7, 11: -0.5172336048550301
calculated iMatrix for 14, 1, 7, 12: -0.989073781908067
calculated iMatrix for 14, 1, 7, 13: -0.771560083605928
calculated iMatrix for 14, 1, 7, 14: -0.08029083787018276
calculated iMatrix for 14, 1, 7, 15: -0.20974890510706934
calculated iMatrix for 14, 1, 7, 16: 0.09343735388067675
calculated iMatrix for 14, 1, 7, 17: 0.7303524754608043
calculated iMatrix for 14, 1, 7, 18: 0.12339554142146891
calculated iMatrix for 14, 1, 7, 19: 0.05113497418998736
calculated iMatrix for 14, 1, 8, 0: NaN
calculated iMatrix for 14, 1, 8, 1: NaN
calculated iMatrix for 14, 1, 8, 2: NaN
calculated iMatrix for 14, 1, 8, 3: NaN
calculated iMatrix for 14, 1, 8, 4: NaN
calculated iMatrix for 14, 1, 8, 5: NaN
calculated iMatrix for 14, 1, 8, 6: NaN
calculated iMatrix for 14, 1, 8, 7: NaN
calculated iMatrix for 14, 1, 8, 8: NaN
calculated iMatrix for 14, 1, 8, 9: NaN
calculated iMatrix for 14, 1, 8, 10: NaN
calculated iMatrix for 14, 1, 8, 11: NaN
calculated iMatrix for 14, 1, 8, 12: NaN
calculated iMatrix for 14, 1, 8, 13: NaN
calculated iMatrix for 14, 1, 8, 14: 9.357089395101159E-4
calculated iMatrix for 14, 1, 8, 15: NaN
calculated iMatrix for 14, 1, 8, 16: NaN
calculated iMatrix for 14, 1, 8, 17: NaN
calculated iMatrix for 14, 1, 8, 18: NaN
calculated iMatrix for 14, 1, 8, 19: NaN
calculated iMatrix for 14, 1, 9, 0: -0.29313051404612045
calculated iMatrix for 14, 1, 9, 1: 0.6011813111092593
calculated iMatrix for 14, 1, 9, 2: -0.9982062654713397
calculated iMatrix for 14, 1, 9, 3: -0.5269897798003949
calculated iMatrix for 14, 1, 9, 4: 0.3666740011447345
calculated iMatrix for 14, 1, 9, 5: -0.3571541967947962
calculated iMatrix for 14, 1, 9, 6: -0.31202775422748763
calculated iMatrix for 14, 1, 9, 7: 0.7339408009552
calculated iMatrix for 14, 1, 9, 8: -0.4145433177530826
calculated iMatrix for 14, 1, 9, 9: 0.38913357405010407
calculated iMatrix for 14, 1, 9, 10: -0.37526334358464286
calculated iMatrix for 14, 1, 9, 11: -0.5024185190698895
calculated iMatrix for 14, 1, 9, 12: -0.4548713631400543
calculated iMatrix for 14, 1, 9, 13: -0.4433637562885746
calculated iMatrix for 14, 1, 9, 14: -0.6002883629985583
calculated iMatrix for 14, 1, 9, 15: -0.11929179495181796
calculated iMatrix for 14, 1, 9, 16: -0.02977752565806835
calculated iMatrix for 14, 1, 9, 17: 0.9201159270651447
calculated iMatrix for 14, 1, 9, 18: -0.07621751248254682
calculated iMatrix for 14, 1, 9, 19: 0.5264156605365667
calculated iMatrix for 14, 1, 10, 0: -0.39961766753640693
calculated iMatrix for 14, 1, 10, 1: -0.30505908491139433
calculated iMatrix for 14, 1, 10, 2: 0.11183471902039277
calculated iMatrix for 14, 1, 10, 3: -0.03539551796229179
calculated iMatrix for 14, 1, 10, 4: -0.1291684184477302
calculated iMatrix for 14, 1, 10, 5: 0.04848596601841049
calculated iMatrix for 14, 1, 10, 6: 0.16292638017810424
calculated iMatrix for 14, 1, 10, 7: 0.4798956449016738
calculated iMatrix for 14, 1, 10, 8: -0.3230775904140726
calculated iMatrix for 14, 1, 10, 9: -0.38259171794648017
calculated iMatrix for 14, 1, 10, 10: -0.017377012459613317
calculated iMatrix for 14, 1, 10, 11: 0.18859873523223092
calculated iMatrix for 14, 1, 10, 12: 0.4356668726316859
calculated iMatrix for 14, 1, 10, 13: -0.1632288894721765
calculated iMatrix for 14, 1, 10, 14: 0.17245934083682757
calculated iMatrix for 14, 1, 10, 15: 0.10742359585541683
calculated iMatrix for 14, 1, 10, 16: -0.14075603362011813
calculated iMatrix for 14, 1, 10, 17: 0.32393485673497135
calculated iMatrix for 14, 1, 10, 18: -0.7975355700091886
calculated iMatrix for 14, 1, 10, 19: 0.11183471902039277
calculated iMatrix for 14, 1, 11, 0: -0.08113152728497597
calculated iMatrix for 14, 1, 11, 1: 0.35372045214434333
calculated iMatrix for 14, 1, 11, 2: 0.23293891349170326
calculated iMatrix for 14, 1, 11, 3: -0.5825887858991574
calculated iMatrix for 14, 1, 11, 4: 0.0678828314912101
calculated iMatrix for 14, 1, 11, 5: -0.02977752565806835
calculated iMatrix for 14, 1, 11, 6: 0.22961775467677636
calculated iMatrix for 14, 1, 11, 7: 0.26261043783112514
calculated iMatrix for 14, 1, 11, 8: -0.22299413185709005
calculated iMatrix for 14, 1, 11, 9: -0.01583499210779804
calculated iMatrix for 14, 1, 11, 10: -0.33491204806107544
calculated iMatrix for 14, 1, 11, 11: 0.04848596601841049
calculated iMatrix for 14, 1, 11, 12: 0.25455670302402833
calculated iMatrix for 14, 1, 11, 13: -0.6458509826771235
calculated iMatrix for 14, 1, 11, 14: -0.10438838944924322
calculated iMatrix for 14, 1, 11, 15: 0.3153626759063979
calculated iMatrix for 14, 1, 11, 16: 0.03570040372143857
calculated iMatrix for 14, 1, 11, 17: 0.2432571477700951
calculated iMatrix for 14, 1, 11, 18: -0.4461376831713
calculated iMatrix for 14, 1, 11, 19: -0.20974890510706934
calculated iMatrix for 14, 1, 12, 0: -0.23080231430490183
calculated iMatrix for 14, 1, 12, 1: -0.10438838944924322
calculated iMatrix for 14, 1, 12, 2: 9.721262085831128E-4
calculated iMatrix for 14, 1, 12, 3: -0.8322785184530614
calculated iMatrix for 14, 1, 12, 4: 0.20263664584566876
calculated iMatrix for 14, 1, 12, 5: 0.27122375550924005
calculated iMatrix for 14, 1, 12, 6: 0.01339464620714037
calculated iMatrix for 14, 1, 12, 7: -0.14521038396949826
calculated iMatrix for 14, 1, 12, 8: -0.4118730891972038
calculated iMatrix for 14, 1, 12, 9: -0.056163037494769696
calculated iMatrix for 14, 1, 12, 10: 0.17591357570491528
calculated iMatrix for 14, 1, 12, 11: 0.33092968180860227
calculated iMatrix for 14, 1, 12, 12: 0.27122375550924005
calculated iMatrix for 14, 1, 12, 13: -0.11877712690134268
calculated iMatrix for 14, 1, 12, 14: -0.09695341096172494
calculated iMatrix for 14, 1, 12, 15: 0.23164821222715837
calculated iMatrix for 14, 1, 12, 16: 0.06983595711209212
calculated iMatrix for 14, 1, 12, 17: 0.18859873523223092
calculated iMatrix for 14, 1, 12, 18: -0.7975355700091886
calculated iMatrix for 14, 1, 12, 19: 0.2347016497140486
calculated iMatrix for 14, 1, 13, 0: 0.036384164431839006
calculated iMatrix for 14, 1, 13, 1: -0.2680178132310451
calculated iMatrix for 14, 1, 13, 2: 0.22260510321742588
calculated iMatrix for 14, 1, 13, 3: 0.1594262015958945
calculated iMatrix for 14, 1, 13, 4: -0.14075603362011813
calculated iMatrix for 14, 1, 13, 5: 0.266843547016679
calculated iMatrix for 14, 1, 13, 6: 0.08144810945215597
calculated iMatrix for 14, 1, 13, 7: -0.29286381181757615
calculated iMatrix for 14, 1, 13, 8: 6.556204297105683E-4
calculated iMatrix for 14, 1, 13, 9: -0.5685268992425805
calculated iMatrix for 14, 1, 13, 10: -0.7487454058397565
calculated iMatrix for 14, 1, 13, 11: 0.198422564598838
calculated iMatrix for 14, 1, 13, 12: 0.01339464620714037
calculated iMatrix for 14, 1, 13, 13: -0.10920767588519209
calculated iMatrix for 14, 1, 13, 14: -0.15535483304127062
calculated iMatrix for 14, 1, 13, 15: 0.1134781047641229
calculated iMatrix for 14, 1, 13, 16: 0.24350686683744338
calculated iMatrix for 14, 1, 13, 17: 0.030201764523521524
calculated iMatrix for 14, 1, 13, 18: -0.014004327980974063
calculated iMatrix for 14, 1, 13, 19: 0.18466636681450987
calculated iMatrix for 14, 1, 14, 0: -0.317379569299435
calculated iMatrix for 14, 1, 14, 1: 0.036384164431839006
calculated iMatrix for 14, 1, 14, 2: 0.14389113513650886
calculated iMatrix for 14, 1, 14, 3: 0.10040602319677006
calculated iMatrix for 14, 1, 14, 4: -0.06664806146639601
calculated iMatrix for 14, 1, 14, 5: 0.3273940269762947
calculated iMatrix for 14, 1, 14, 6: -0.04722997560929443
calculated iMatrix for 14, 1, 14, 7: -0.11818171158157909
calculated iMatrix for 14, 1, 14, 8: 0.0689644973619512
calculated iMatrix for 14, 1, 14, 9: -0.4940920762933356
calculated iMatrix for 14, 1, 14, 10: -0.3230775904140726
calculated iMatrix for 14, 1, 14, 11: 0.0045056987898943746
calculated iMatrix for 14, 1, 14, 12: 0.2581516739418872
calculated iMatrix for 14, 1, 14, 13: -0.5743920186949787
calculated iMatrix for 14, 1, 14, 14: -0.3786474415688834
calculated iMatrix for 14, 1, 14, 15: 0.5628351061009106
calculated iMatrix for 14, 1, 14, 16: 0.20913922333323565
calculated iMatrix for 14, 1, 14, 17: -0.008584260511634856
calculated iMatrix for 14, 1, 14, 18: 0.40929030329915406
calculated iMatrix for 14, 1, 14, 19: -0.054264002266674494
calculated iMatrix for 14, 1, 15, 0: -0.09343537743004604
calculated iMatrix for 14, 1, 15, 1: 0.01339464620714037
calculated iMatrix for 14, 1, 15, 2: 0.17466279380326255
calculated iMatrix for 14, 1, 15, 3: -0.2585390692765015
calculated iMatrix for 14, 1, 15, 4: -0.061328899988796204
calculated iMatrix for 14, 1, 15, 5: 0.2765054579284161
calculated iMatrix for 14, 1, 15, 6: 0.46686897350166534
calculated iMatrix for 14, 1, 15, 7: -0.057557089765144065
calculated iMatrix for 14, 1, 15, 8: -0.34142672908226923
calculated iMatrix for 14, 1, 15, 9: -0.3534556257732444
calculated iMatrix for 14, 1, 15, 10: -0.3455504462661312
calculated iMatrix for 14, 1, 15, 11: -0.16249602025652377
calculated iMatrix for 14, 1, 15, 12: -0.19424471857110426
calculated iMatrix for 14, 1, 15, 13: 0.21818905885315365
calculated iMatrix for 14, 1, 15, 14: -0.14075603362011813
calculated iMatrix for 14, 1, 15, 15: 0.35478089763078224
calculated iMatrix for 14, 1, 15, 16: 0.15571086838739578
calculated iMatrix for 14, 1, 15, 17: -0.008584260511634856
calculated iMatrix for 14, 1, 15, 18: 0.3498668828283531
calculated iMatrix for 14, 1, 15, 19: 0.1469260388316629
calculated iMatrix for 14, 1, 16, 0: -0.16340856784836744
calculated iMatrix for 14, 1, 16, 1: 0.5288606495296333
calculated iMatrix for 14, 1, 16, 2: -0.030499547350084866
calculated iMatrix for 14, 1, 16, 3: -0.10438838944924322
calculated iMatrix for 14, 1, 16, 4: -0.4126897491037598
calculated iMatrix for 14, 1, 16, 5: 0.1469260388316629
calculated iMatrix for 14, 1, 16, 6: 0.13943536710250526
calculated iMatrix for 14, 1, 16, 7: -0.2600739889945851
calculated iMatrix for 14, 1, 16, 8: -0.21662178439483148
calculated iMatrix for 14, 1, 16, 9: -0.13932644081052348
calculated iMatrix for 14, 1, 16, 10: -0.9611649937909905
calculated iMatrix for 14, 1, 16, 11: 0.15447324446704602
calculated iMatrix for 14, 1, 16, 12: 0.44239025172549884
calculated iMatrix for 14, 1, 16, 13: 0.2114645599692342
calculated iMatrix for 14, 1, 16, 14: -0.25420066767790317
calculated iMatrix for 14, 1, 16, 15: 0.3428738473373827
calculated iMatrix for 14, 1, 16, 16: 0.31373511553084477
calculated iMatrix for 14, 1, 16, 17: -0.0972709216803791
calculated iMatrix for 14, 1, 16, 18: -0.4830422401067507
calculated iMatrix for 14, 1, 16, 19: -0.20974890510706934
calculated iMatrix for 14, 2, 0, 0: -0.0640123776623876
calculated iMatrix for 14, 2, 0, 1: -0.015222213492955605
calculated iMatrix for 14, 2, 0, 2: 0.1263672404613293
calculated iMatrix for 14, 2, 0, 3: 0.13549400388566787
calculated iMatrix for 14, 2, 0, 4: -0.20711322130306092
calculated iMatrix for 14, 2, 0, 5: -0.13300524914933914
calculated iMatrix for 14, 2, 0, 6: -0.07893802787906329
calculated iMatrix for 14, 2, 0, 7: 0.12011913437680652
calculated iMatrix for 14, 2, 0, 8: -0.3379956057560066
calculated iMatrix for 14, 2, 0, 9: 0.1854484819691955
calculated iMatrix for 14, 2, 0, 10: 0.09552915079974708
calculated iMatrix for 14, 2, 0, 11: 0.2724598589588253
calculated iMatrix for 14, 2, 0, 12: -0.22001662613896877
calculated iMatrix for 14, 2, 0, 13: 0.09879636490798521
calculated iMatrix for 14, 2, 0, 14: 0.02883777630107487
calculated iMatrix for 14, 2, 0, 15: -0.07191755716950099
calculated iMatrix for 14, 2, 0, 16: 0.02883777630107487
calculated iMatrix for 14, 2, 0, 17: -0.12117079150233617
calculated iMatrix for 14, 2, 0, 18: 0.19549881782269696
calculated iMatrix for 14, 2, 0, 19: 0.08140462219611608
calculated iMatrix for 14, 2, 1, 0: 0.24050825915222293
calculated iMatrix for 14, 2, 1, 1: -0.1070297627460784
calculated iMatrix for 14, 2, 1, 2: 0.2904783644615035
calculated iMatrix for 14, 2, 1, 3: 0.46268659525989314
calculated iMatrix for 14, 2, 1, 4: -0.4095140210029947
calculated iMatrix for 14, 2, 1, 5: -0.08514922797170404
calculated iMatrix for 14, 2, 1, 6: -0.015222213492955605
calculated iMatrix for 14, 2, 1, 7: -0.49933044892023315
calculated iMatrix for 14, 2, 1, 8: -0.08933018564667755
calculated iMatrix for 14, 2, 1, 9: -0.01315396042889666
calculated iMatrix for 14, 2, 1, 10: 0.21183523714239044
calculated iMatrix for 14, 2, 1, 11: 0.028006521057864442
calculated iMatrix for 14, 2, 1, 12: 0.21032807785181915
calculated iMatrix for 14, 2, 1, 13: 0.08753752046481336
calculated iMatrix for 14, 2, 1, 14: -0.22261740783902612
calculated iMatrix for 14, 2, 1, 15: 0.0312978021419372
calculated iMatrix for 14, 2, 1, 16: 0.016934898141575727
calculated iMatrix for 14, 2, 1, 17: -0.2789118592015154
calculated iMatrix for 14, 2, 1, 18: 0.02114543067791924
calculated iMatrix for 14, 2, 1, 19: -0.30005933381250527
calculated iMatrix for 14, 2, 2, 0: 0.16497394398868553
calculated iMatrix for 14, 2, 2, 1: -0.23836576480716543
calculated iMatrix for 14, 2, 2, 2: 0.23507232688720497
calculated iMatrix for 14, 2, 2, 3: 0.1313812606989198
calculated iMatrix for 14, 2, 2, 4: 0.04614673288333654
calculated iMatrix for 14, 2, 2, 5: -0.22990905478894197
calculated iMatrix for 14, 2, 2, 6: 0.12727784911432746
calculated iMatrix for 14, 2, 2, 7: -0.1762339837001593
calculated iMatrix for 14, 2, 2, 8: -0.37583675543576833
calculated iMatrix for 14, 2, 2, 9: 0.1924171512852889
calculated iMatrix for 14, 2, 2, 10: 0.4457315802328621
calculated iMatrix for 14, 2, 2, 11: 0.04327399318865294
calculated iMatrix for 14, 2, 2, 12: -0.16377690781609267
calculated iMatrix for 14, 2, 2, 13: 0.10256082216342782
calculated iMatrix for 14, 2, 2, 14: -0.056044208013210806
calculated iMatrix for 14, 2, 2, 15: 0.03788761182099276
calculated iMatrix for 14, 2, 2, 16: 0.07955619283433374
calculated iMatrix for 14, 2, 2, 17: -0.22537856928035432
calculated iMatrix for 14, 2, 2, 18: -0.31532680594329365
calculated iMatrix for 14, 2, 2, 19: -0.028294295060308394
calculated iMatrix for 14, 2, 3, 0: 0.2518405717560896
calculated iMatrix for 14, 2, 3, 1: -0.2581683921033451
calculated iMatrix for 14, 2, 3, 2: -0.030726400028920853
calculated iMatrix for 14, 2, 3, 3: 0.0553953537209978
calculated iMatrix for 14, 2, 3, 4: 0.2022556002855767
calculated iMatrix for 14, 2, 3, 5: -0.08883403083620162
calculated iMatrix for 14, 2, 3, 6: -0.24548323257602944
calculated iMatrix for 14, 2, 3, 7: -0.10139990973400798
calculated iMatrix for 14, 2, 3, 8: -0.31033926443225457
calculated iMatrix for 14, 2, 3, 9: 0.08879511861840306
calculated iMatrix for 14, 2, 3, 10: 0.647153308400236
calculated iMatrix for 14, 2, 3, 11: 0.08140462219611608
calculated iMatrix for 14, 2, 3, 12: -0.19534837972347457
calculated iMatrix for 14, 2, 3, 13: -0.042621187681070094
calculated iMatrix for 14, 2, 3, 14: 0.05623675048918936
calculated iMatrix for 14, 2, 3, 15: 0.060615862898548895
calculated iMatrix for 14, 2, 3, 16: -0.06228972435094138
calculated iMatrix for 14, 2, 3, 17: -0.12963256467069978
calculated iMatrix for 14, 2, 3, 18: -0.295524178647114
calculated iMatrix for 14, 2, 3, 19: 0.04193620034699291
calculated iMatrix for 14, 2, 4, 0: 0.25866653682648943
calculated iMatrix for 14, 2, 4, 1: -0.6099293212396484
calculated iMatrix for 14, 2, 4, 2: 0.45655289540116195
calculated iMatrix for 14, 2, 4, 3: 0.67474531414961
calculated iMatrix for 14, 2, 4, 4: -0.052962541475802705
calculated iMatrix for 14, 2, 4, 5: -0.4503630897472367
calculated iMatrix for 14, 2, 4, 6: -0.38559600178984976
calculated iMatrix for 14, 2, 4, 7: 0.16585012390056703
calculated iMatrix for 14, 2, 4, 8: -0.0952649211664921
calculated iMatrix for 14, 2, 4, 9: 0.011244359695207595
calculated iMatrix for 14, 2, 4, 10: 0.3868702101365694
calculated iMatrix for 14, 2, 4, 11: -0.27643771275657336
calculated iMatrix for 14, 2, 4, 12: -0.31358918604475294
calculated iMatrix for 14, 2, 4, 13: 0.3828079161276907
calculated iMatrix for 14, 2, 4, 14: -0.2920699437790265
calculated iMatrix for 14, 2, 4, 15: -0.13701327054687784
calculated iMatrix for 14, 2, 4, 16: -0.1891755206163937
calculated iMatrix for 14, 2, 4, 17: -0.17285115769653875
calculated iMatrix for 14, 2, 4, 18: -0.04599387215970929
calculated iMatrix for 14, 2, 4, 19: -0.12588778138047518
calculated iMatrix for 14, 2, 5, 0: 0.4725202400901615
calculated iMatrix for 14, 2, 5, 1: -0.42068732160112
calculated iMatrix for 14, 2, 5, 2: 0.38321122325152795
calculated iMatrix for 14, 2, 5, 3: 0.6577222597494702
calculated iMatrix for 14, 2, 5, 4: -0.3532460408055875
calculated iMatrix for 14, 2, 5, 5: -0.6244665057335386
calculated iMatrix for 14, 2, 5, 6: -0.14625047589935963
calculated iMatrix for 14, 2, 5, 7: -0.26105717600923606
calculated iMatrix for 14, 2, 5, 8: -0.0744110848832863
calculated iMatrix for 14, 2, 5, 9: 0.1258563847669499
calculated iMatrix for 14, 2, 5, 10: 0.32008790794807995
calculated iMatrix for 14, 2, 5, 11: -0.04063192901832391
calculated iMatrix for 14, 2, 5, 12: -0.4502461238426644
calculated iMatrix for 14, 2, 5, 13: 0.25866653682648943
calculated iMatrix for 14, 2, 5, 14: -0.16937289332021388
calculated iMatrix for 14, 2, 5, 15: -0.1594718223375024
calculated iMatrix for 14, 2, 5, 16: -0.2871559289765975
calculated iMatrix for 14, 2, 5, 17: -0.08299482857467777
calculated iMatrix for 14, 2, 5, 18: 0.08321785932029688
calculated iMatrix for 14, 2, 5, 19: -0.42068732160112
calculated iMatrix for 14, 2, 6, 0: 0.7215775972247265
calculated iMatrix for 14, 2, 6, 1: -0.13300524914933914
calculated iMatrix for 14, 2, 6, 2: -0.4134145622720401
calculated iMatrix for 14, 2, 6, 3: 0.29329394586166735
calculated iMatrix for 14, 2, 6, 4: 0.21689000780401452
calculated iMatrix for 14, 2, 6, 5: -0.9971102278529239
calculated iMatrix for 14, 2, 6, 6: -0.15653574655953312
calculated iMatrix for 14, 2, 6, 7: 0.22366969478939325
calculated iMatrix for 14, 2, 6, 8: -0.27689942880940843
calculated iMatrix for 14, 2, 6, 9: 0.3843777751628107
calculated iMatrix for 14, 2, 6, 10: 0.5883128083773026
calculated iMatrix for 14, 2, 6, 11: -0.3600626997846852
calculated iMatrix for 14, 2, 6, 12: -0.8044124430728784
calculated iMatrix for 14, 2, 6, 13: 0.34883283774339924
calculated iMatrix for 14, 2, 6, 14: -0.007500167399045299
calculated iMatrix for 14, 2, 6, 15: -0.32060386304413735
calculated iMatrix for 14, 2, 6, 16: -0.3591294286016866
calculated iMatrix for 14, 2, 6, 17: 0.10200787772025449
calculated iMatrix for 14, 2, 6, 18: 0.34656783111254713
calculated iMatrix for 14, 2, 6, 19: 0.16891918001798495
calculated iMatrix for 14, 2, 7, 0: 0.6042372512758305
calculated iMatrix for 14, 2, 7, 1: -0.337305712662069
calculated iMatrix for 14, 2, 7, 2: -0.012052638731676613
calculated iMatrix for 14, 2, 7, 3: 0.030546204962625112
calculated iMatrix for 14, 2, 7, 4: -0.37305927261186533
calculated iMatrix for 14, 2, 7, 5: -1.127627824293401
calculated iMatrix for 14, 2, 7, 6: -0.24548323257602944
calculated iMatrix for 14, 2, 7, 7: -0.05475305224959093
calculated iMatrix for 14, 2, 7, 8: 0.20277993832083546
calculated iMatrix for 14, 2, 7, 9: 0.5817195320551534
calculated iMatrix for 14, 2, 7, 10: 0.7424634882045609
calculated iMatrix for 14, 2, 7, 11: -0.30735863629411675
calculated iMatrix for 14, 2, 7, 12: -0.48440313598722773
calculated iMatrix for 14, 2, 7, 13: 0.41443012022921255
calculated iMatrix for 14, 2, 7, 14: 0.49858403841117294
calculated iMatrix for 14, 2, 7, 15: -0.29393561596197615
calculated iMatrix for 14, 2, 7, 16: -0.20643271770415633
calculated iMatrix for 14, 2, 7, 17: -0.12305491829617099
calculated iMatrix for 14, 2, 7, 18: 0.016526484821624665
calculated iMatrix for 14, 2, 7, 19: -0.24243909019480125
calculated iMatrix for 14, 2, 8, 0: NaN
calculated iMatrix for 14, 2, 8, 1: NaN
calculated iMatrix for 14, 2, 8, 2: NaN
calculated iMatrix for 14, 2, 8, 3: NaN
calculated iMatrix for 14, 2, 8, 4: NaN
calculated iMatrix for 14, 2, 8, 5: NaN
calculated iMatrix for 14, 2, 8, 6: NaN
calculated iMatrix for 14, 2, 8, 7: NaN
calculated iMatrix for 14, 2, 8, 8: NaN
calculated iMatrix for 14, 2, 8, 9: NaN
calculated iMatrix for 14, 2, 8, 10: NaN
calculated iMatrix for 14, 2, 8, 11: NaN
calculated iMatrix for 14, 2, 8, 12: NaN
calculated iMatrix for 14, 2, 8, 13: NaN
calculated iMatrix for 14, 2, 8, 14: -2.4575930339837404E-4
calculated iMatrix for 14, 2, 8, 15: NaN
calculated iMatrix for 14, 2, 8, 16: NaN
calculated iMatrix for 14, 2, 8, 17: NaN
calculated iMatrix for 14, 2, 8, 18: NaN
calculated iMatrix for 14, 2, 8, 19: NaN
calculated iMatrix for 14, 2, 9, 0: 0.516913196859786
calculated iMatrix for 14, 2, 9, 1: -0.6926210370847619
calculated iMatrix for 14, 2, 9, 2: 0.1426482474368347
calculated iMatrix for 14, 2, 9, 3: 0.6849921342900822
calculated iMatrix for 14, 2, 9, 4: -0.004293142960765384
calculated iMatrix for 14, 2, 9, 5: -0.939031777781138
calculated iMatrix for 14, 2, 9, 6: 0.10738010859937672
calculated iMatrix for 14, 2, 9, 7: -0.023254385190219884
calculated iMatrix for 14, 2, 9, 8: 0.3361756733449331
calculated iMatrix for 14, 2, 9, 9: 0.33382880533511733
calculated iMatrix for 14, 2, 9, 10: 1.031565007310568
calculated iMatrix for 14, 2, 9, 11: -0.14926577002111946
calculated iMatrix for 14, 2, 9, 12: -2.1336659129760607
calculated iMatrix for 14, 2, 9, 13: 0.547563149203746
calculated iMatrix for 14, 2, 9, 14: 0.552419885316696
calculated iMatrix for 14, 2, 9, 15: -0.20227937503274446
calculated iMatrix for 14, 2, 9, 16: -0.7372049436927882
calculated iMatrix for 14, 2, 9, 17: -0.5038022283116266
calculated iMatrix for 14, 2, 9, 18: -0.25078828480572257
calculated iMatrix for 14, 2, 9, 19: -0.2177464776044296
calculated iMatrix for 14, 2, 10, 0: 0.5846483415984287
calculated iMatrix for 14, 2, 10, 1: 0.5042614730161497
calculated iMatrix for 14, 2, 10, 2: -0.6137534176780518
calculated iMatrix for 14, 2, 10, 3: 0.14407869231061843
calculated iMatrix for 14, 2, 10, 4: 0.20346698747187386
calculated iMatrix for 14, 2, 10, 5: -0.2801969586522939
calculated iMatrix for 14, 2, 10, 6: -0.3465793494473982
calculated iMatrix for 14, 2, 10, 7: 0.010980158901068404
calculated iMatrix for 14, 2, 10, 8: 0.26033849842648044
calculated iMatrix for 14, 2, 10, 9: 0.6801899736978417
calculated iMatrix for 14, 2, 10, 10: 0.4682044360849206
calculated iMatrix for 14, 2, 10, 11: -0.4453799341914916
calculated iMatrix for 14, 2, 10, 12: -1.4839602438239208
calculated iMatrix for 14, 2, 10, 13: 0.6387042539137084
calculated iMatrix for 14, 2, 10, 14: 0.0312978021419372
calculated iMatrix for 14, 2, 10, 15: -0.6092784914086701
calculated iMatrix for 14, 2, 10, 16: -0.45294818381934143
calculated iMatrix for 14, 2, 10, 17: -0.22001662613896877
calculated iMatrix for 14, 2, 10, 18: 0.40599125158334787
calculated iMatrix for 14, 2, 10, 19: -0.2239770273550657
calculated iMatrix for 14, 2, 11, 0: 0.3811930590952909
calculated iMatrix for 14, 2, 11, 1: -0.5748380014283784
calculated iMatrix for 14, 2, 11, 2: -0.2997347111834575
calculated iMatrix for 14, 2, 11, 3: 0.2814285289415856
calculated iMatrix for 14, 2, 11, 4: 0.1964739519809033
calculated iMatrix for 14, 2, 11, 5: -0.14248399310388293
calculated iMatrix for 14, 2, 11, 6: -0.6903508885502225
calculated iMatrix for 14, 2, 11, 7: -0.294646600705755
calculated iMatrix for 14, 2, 11, 8: 0.2724598589588253
calculated iMatrix for 14, 2, 11, 9: 0.3652415924097916
calculated iMatrix for 14, 2, 11, 10: 0.7302929525843056
calculated iMatrix for 14, 2, 11, 11: 0.0013070884582548903
calculated iMatrix for 14, 2, 11, 12: -0.5260478372589463
calculated iMatrix for 14, 2, 11, 13: 0.5334736843284449
calculated iMatrix for 14, 2, 11, 14: 0.0901383021648707
calculated iMatrix for 14, 2, 11, 15: -0.46947748577055204
calculated iMatrix for 14, 2, 11, 16: -0.5212285508229975
calculated iMatrix for 14, 2, 11, 17: -0.23380994827130475
calculated iMatrix for 14, 2, 11, 18: 0.0901383021648707
calculated iMatrix for 14, 2, 11, 19: -0.001976986742935005
calculated iMatrix for 14, 2, 12, 0: 0.20972151832540192
calculated iMatrix for 14, 2, 12, 1: -0.7083693940529009
calculated iMatrix for 14, 2, 12, 2: 0.15350791609745995
calculated iMatrix for 14, 2, 12, 3: 0.7481941629135459
calculated iMatrix for 14, 2, 12, 4: -0.033914346505108106
calculated iMatrix for 14, 2, 12, 5: -0.041197699896216355
calculated iMatrix for 14, 2, 12, 6: -0.13300524914933914
calculated iMatrix for 14, 2, 12, 7: 0.05178849679000466
calculated iMatrix for 14, 2, 12, 8: 0.22750847109655903
calculated iMatrix for 14, 2, 12, 9: 0.13119978896264456
calculated iMatrix for 14, 2, 12, 10: -0.2871559289765975
calculated iMatrix for 14, 2, 12, 11: 0.04593220966037495
calculated iMatrix for 14, 2, 12, 12: -0.6555269126785211
calculated iMatrix for 14, 2, 12, 13: 0.717145680220271
calculated iMatrix for 14, 2, 12, 14: 0.10131160276299583
calculated iMatrix for 14, 2, 12, 15: -0.6308436773885187
calculated iMatrix for 14, 2, 12, 16: -0.14151593881724772
calculated iMatrix for 14, 2, 12, 17: -0.4453799341914916
calculated iMatrix for 14, 2, 12, 18: -0.13300524914933914
calculated iMatrix for 14, 2, 12, 19: -0.13883616946013233
calculated iMatrix for 14, 2, 13, 0: 0.2724598589588253
calculated iMatrix for 14, 2, 13, 1: -0.08036151566391703
calculated iMatrix for 14, 2, 13, 2: -0.30040115572661796
calculated iMatrix for 14, 2, 13, 3: 0.08656048081698675
calculated iMatrix for 14, 2, 13, 4: 0.036071080894594904
calculated iMatrix for 14, 2, 13, 5: -0.3029042859447365
calculated iMatrix for 14, 2, 13, 6: 0.09421162755250653
calculated iMatrix for 14, 2, 13, 7: -0.2025985409485343
calculated iMatrix for 14, 2, 13, 8: 0.14028808585034222
calculated iMatrix for 14, 2, 13, 9: 0.4146343477393678
calculated iMatrix for 14, 2, 13, 10: 0.3023128221085064
calculated iMatrix for 14, 2, 13, 11: 0.09701118145263268
calculated iMatrix for 14, 2, 13, 12: -0.3192178614362604
calculated iMatrix for 14, 2, 13, 13: 0.16211180178995996
calculated iMatrix for 14, 2, 13, 14: 0.20063412438756978
calculated iMatrix for 14, 2, 13, 15: -0.23287124548952465
calculated iMatrix for 14, 2, 13, 16: -0.09326492049982499
calculated iMatrix for 14, 2, 13, 17: -0.2624633163862259
calculated iMatrix for 14, 2, 13, 18: -0.16937289332021388
calculated iMatrix for 14, 2, 13, 19: -4.0712770781503593E-4
calculated iMatrix for 14, 2, 14, 0: 0.2655394161142515
calculated iMatrix for 14, 2, 14, 1: 0.2724598589588253
calculated iMatrix for 14, 2, 14, 2: -0.37155463302347547
calculated iMatrix for 14, 2, 14, 3: 0.06216445012246449
calculated iMatrix for 14, 2, 14, 4: 0.0844076274558857
calculated iMatrix for 14, 2, 14, 5: -0.07537613631270268
calculated iMatrix for 14, 2, 14, 6: 0.17714967915450042
calculated iMatrix for 14, 2, 14, 7: -0.18478151867305903
calculated iMatrix for 14, 2, 14, 8: 0.14800568448541931
calculated iMatrix for 14, 2, 14, 9: 0.3888702108032367
calculated iMatrix for 14, 2, 14, 10: 0.5778415085100073
calculated iMatrix for 14, 2, 14, 11: -0.204464213131484
calculated iMatrix for 14, 2, 14, 12: -0.1277001969196459
calculated iMatrix for 14, 2, 14, 13: 0.22366969478939325
calculated iMatrix for 14, 2, 14, 14: 0.12188700047945097
calculated iMatrix for 14, 2, 14, 15: -0.5905863583965175
calculated iMatrix for 14, 2, 14, 16: -0.33634617316736903
calculated iMatrix for 14, 2, 14, 17: -0.07150304939154517
calculated iMatrix for 14, 2, 14, 18: 0.02114543067791924
calculated iMatrix for 14, 2, 14, 19: -0.15832305713362893
calculated iMatrix for 14, 2, 15, 0: 0.28684859641092497
calculated iMatrix for 14, 2, 15, 1: -1.0038336069467366
calculated iMatrix for 14, 2, 15, 2: 0.010095594491334292
calculated iMatrix for 14, 2, 15, 3: 0.3347021678360463
calculated iMatrix for 14, 2, 15, 4: 0.1944983174891135
calculated iMatrix for 14, 2, 15, 5: -0.15135438781753563
calculated iMatrix for 14, 2, 15, 6: -0.492146285583265
calculated iMatrix for 14, 2, 15, 7: 0.13892846633430267
calculated iMatrix for 14, 2, 15, 8: 0.30561206627572585
calculated iMatrix for 14, 2, 15, 9: 0.3127337580967652
calculated iMatrix for 14, 2, 15, 10: 0.16424627431859257
calculated iMatrix for 14, 2, 15, 11: -0.023004353935010602
calculated iMatrix for 14, 2, 15, 12: -0.34372628046499165
calculated iMatrix for 14, 2, 15, 13: -0.06103174952424989
calculated iMatrix for 14, 2, 15, 14: 0.15467682330244178
calculated iMatrix for 14, 2, 15, 15: -0.3826599260118807
calculated iMatrix for 14, 2, 15, 16: -0.4829912049372749
calculated iMatrix for 14, 2, 15, 17: 0.05324558578450511
calculated iMatrix for 14, 2, 15, 18: -0.1022335904825854
calculated iMatrix for 14, 2, 15, 19: -0.38518063314421025
calculated iMatrix for 14, 2, 16, 0: 0.1284204887358876
calculated iMatrix for 14, 2, 16, 1: -0.37189715743168794
calculated iMatrix for 14, 2, 16, 2: -0.34005758720101076
calculated iMatrix for 14, 2, 16, 3: 0.10942023171432094
calculated iMatrix for 14, 2, 16, 4: -0.08208515872208216
calculated iMatrix for 14, 2, 16, 5: -0.17952526478423197
calculated iMatrix for 14, 2, 16, 6: -0.15242333500644067
calculated iMatrix for 14, 2, 16, 7: 0.08635757932496468
calculated iMatrix for 14, 2, 16, 8: 0.5601419314106062
calculated iMatrix for 14, 2, 16, 9: 0.2653926917357329
calculated iMatrix for 14, 2, 16, 10: 0.34145273044577673
calculated iMatrix for 14, 2, 16, 11: -0.13300524914933914
calculated iMatrix for 14, 2, 16, 12: -0.052962541475802705
calculated iMatrix for 14, 2, 16, 13: -0.25006180457035654
calculated iMatrix for 14, 2, 16, 14: 0.5814647008794274
calculated iMatrix for 14, 2, 16, 15: -0.31391934617541384
calculated iMatrix for 14, 2, 16, 16: -0.3361299335730571
calculated iMatrix for 14, 2, 16, 17: -0.0493552198624142
calculated iMatrix for 14, 2, 16, 18: -0.30946168649089556
calculated iMatrix for 14, 2, 16, 19: 0.240711160644245
calculated fs for 0: [J@4b32ace3
calculated fs for 0: [J@4b32ace3
calculated fs for 0: [J@4b32ace3
calculated fs for 0: [J@4b32ace3
calculated fs for 0: [J@4b32ace3
calculated fs for 0: [J@4b32ace3
calculated fs for 0: [J@4b32ace3
calculated fs for 0: [J@4b32ace3
calculated fs for 0: [J@4b32ace3
calculated fs for 0: [J@4b32ace3
calculated fs for 0: [J@4b32ace3
calculated fs for 0: [J@4b32ace3
calculated fs for 0: [J@4b32ace3
calculated fs for 0: [J@4b32ace3
calculated fs for 0: [J@4b32ace3
calculated fs for 0: [J@4b32ace3
calculated fs for 0: [J@4b32ace3
calculated fs for 0: [J@4b32ace3
calculated fs for 0: [J@4b32ace3
calculated fs for 0: [J@4b32ace3
calculated fs for 0: [J@4b32ace3
calculated fs for 0: [J@4b32ace3
calculated fs for 0: [J@4b32ace3
calculated fs for 0: [J@4b32ace3
calculated fs for 0: [J@4b32ace3
calculated fs for 0: [J@4b32ace3
calculated fs for 0: [J@4b32ace3
calculated fs for 0: [J@4b32ace3
calculated fs for 0: [J@4b32ace3
calculated fs for 0: [J@4b32ace3
calculated fs for 0: [J@4b32ace3
calculated fs for 0: [J@4b32ace3
calculated fs for 0: [J@4b32ace3
calculated fs for 0: [J@4b32ace3
calculated fs for 0: [J@4b32ace3
calculated fs for 0: [J@4b32ace3
calculated fs for 0: [J@4b32ace3
calculated fs for 0: [J@4b32ace3
calculated fs for 0: [J@4b32ace3
calculated fs for 0: [J@4b32ace3
calculated fs for 0: [J@4b32ace3
calculated fs for 0: [J@4b32ace3
calculated fs for 0: [J@4b32ace3
calculated fs for 0: [J@4b32ace3
calculated fs for 0: [J@4b32ace3
calculated fs for 0: [J@4b32ace3
calculated fs for 0: [J@4b32ace3
calculated fs for 0: [J@4b32ace3
calculated fs for 0: [J@4b32ace3
calculated fs for 0: [J@4b32ace3
calculated fs for 0: [J@4b32ace3
calculated fs for 0: [J@4b32ace3
calculated fs for 0: [J@4b32ace3
calculated fs for 0: [J@4b32ace3
calculated fs for 0: [J@4b32ace3
calculated fs for 0: [J@4b32ace3
calculated fs for 0: [J@4b32ace3
calculated fs for 0: [J@4b32ace3
calculated fs for 0: [J@4b32ace3
calculated fs for 0: [J@4b32ace3
calculated fs for 0: [J@4b32ace3
calculated fs for 0: [J@4b32ace3
calculated fs for 0: [J@4b32ace3
calculated fs for 0: [J@4b32ace3
calculated fs for 0: [J@4b32ace3
calculated fs for 0: [J@4b32ace3
calculated fs for 0: [J@4b32ace3
calculated fs for 0: [J@4b32ace3
calculated fs for 0: [J@4b32ace3
calculated fs for 0: [J@4b32ace3
calculated fs for 0: [J@4b32ace3
calculated fs for 0: [J@4b32ace3
calculated fs for 0: [J@4b32ace3
calculated fs for 0: [J@4b32ace3
calculated fs for 0: [J@4b32ace3
calculated fs for 0: [J@4b32ace3
calculated fs for 0: [J@4b32ace3
calculated fs for 0: [J@4b32ace3
calculated fs for 0: [J@4b32ace3
calculated fs for 0: [J@4b32ace3
calculated fs for 0: [J@4b32ace3
calculated fs for 0: [J@4b32ace3
calculated fs for 0: [J@4b32ace3
calculated fs for 0: [J@4b32ace3
calculated fs for 0: [J@4b32ace3
calculated fs for 0: [J@4b32ace3
calculated fs for 0: [J@4b32ace3
calculated fs for 0: [J@4b32ace3
calculated fs for 0: [J@4b32ace3
calculated fs for 0: [J@4b32ace3
calculated fs for 0: [J@4b32ace3
calculated fs for 0: [J@4b32ace3
calculated fs for 0: [J@4b32ace3
calculated fs for 0: [J@4b32ace3
calculated fs for 0: [J@4b32ace3
calculated fs for 0: [J@4b32ace3
calculated fs for 0: [J@4b32ace3
calculated fs for 0: [J@4b32ace3
calculated fs for 0: [J@4b32ace3
calculated fs for 0: [J@4b32ace3
calculated fs for 0: [J@4b32ace3
calculated fs for 0: [J@4b32ace3
calculated fs for 0: [J@4b32ace3
calculated fs for 0: [J@4b32ace3
calculated fs for 0: [J@4b32ace3
calculated fs for 0: [J@4b32ace3
calculated fs for 0: [J@4b32ace3
calculated fs for 0: [J@4b32ace3
calculated fs for 0: [J@4b32ace3
calculated fs for 0: [J@4b32ace3
calculated fs for 0: [J@4b32ace3
calculated fs for 0: [J@4b32ace3
calculated fs for 0: [J@4b32ace3
calculated fs for 0: [J@4b32ace3
calculated fs for 0: [J@4b32ace3
calculated fs for 0: [J@4b32ace3
calculated fs for 0: [J@4b32ace3
calculated fs for 0: [J@4b32ace3
calculated fs for 0: [J@4b32ace3
calculated fs for 0: [J@4b32ace3
calculated fs for 0: [J@4b32ace3
calculated fs for 0: [J@4b32ace3
calculated fs for 0: [J@4b32ace3
calculated fs for 0: [J@4b32ace3
calculated fs for 0: [J@4b32ace3
calculated fs for 0: [J@4b32ace3
calculated fs for 0: [J@4b32ace3
calculated fs for 0: [J@4b32ace3
calculated fs for 0: [J@4b32ace3
calculated fs for 0: [J@4b32ace3
calculated fs for 0: [J@4b32ace3
calculated fs for 0: [J@4b32ace3
calculated fs for 0: [J@4b32ace3
calculated fs for 0: [J@4b32ace3
calculated fs for 0: [J@4b32ace3
calculated fs for 0: [J@4b32ace3
calculated fs for 0: [J@4b32ace3
calculated fs for 0: [J@4b32ace3
calculated fs for 0: [J@4b32ace3
calculated fs for 0: [J@4b32ace3
calculated fs for 0: [J@4b32ace3
calculated fs for 0: [J@4b32ace3
calculated fs for 0: [J@4b32ace3
calculated fs for 0: [J@4b32ace3
calculated fs for 0: [J@4b32ace3
calculated fs for 0: [J@4b32ace3
calculated fs for 0: [J@4b32ace3
calculated fs for 0: [J@4b32ace3
calculated fs for 0: [J@4b32ace3
calculated fs for 0: [J@4b32ace3
calculated fs for 0: [J@4b32ace3
calculated fs for 0: [J@4b32ace3
calculated fs for 0: [J@4b32ace3
calculated fs for 0: [J@4b32ace3
calculated fs for 0: [J@4b32ace3
calculated fs for 0: [J@4b32ace3
calculated fs for 0: [J@4b32ace3
calculated fs for 0: [J@4b32ace3
calculated fs for 0: [J@4b32ace3
calculated fs for 0: [J@4b32ace3
calculated fs for 0: [J@4b32ace3
calculated fs for 0: [J@4b32ace3
calculated fs for 0: [J@4b32ace3
calculated fs for 0: [J@4b32ace3
calculated fs for 0: [J@4b32ace3
calculated fs for 0: [J@4b32ace3
calculated fs for 0: [J@4b32ace3
calculated fs for 0: [J@4b32ace3
calculated fs for 0: [J@4b32ace3
calculated fs for 0: [J@4b32ace3
calculated fs for 0: [J@4b32ace3
calculated fs for 0: [J@4b32ace3
calculated fs for 0: [J@4b32ace3
calculated fs for 0: [J@4b32ace3
calculated fs for 0: [J@4b32ace3
calculated fs for 0: [J@4b32ace3
calculated fs for 0: [J@4b32ace3
calculated fs for 0: [J@4b32ace3
calculated fs for 0: [J@4b32ace3
calculated fs for 0: [J@4b32ace3
calculated fs for 0: [J@4b32ace3
calculated fs for 0: [J@4b32ace3
calculated fs for 0: [J@4b32ace3
calculated fs for 0: [J@4b32ace3
calculated fs for 0: [J@4b32ace3
calculated fs for 0: [J@4b32ace3
calculated fs for 0: [J@4b32ace3
calculated fs for 0: [J@4b32ace3
calculated fs for 0: [J@4b32ace3
calculated fs for 0: [J@4b32ace3
calculated fs for 0: [J@4b32ace3
calculated fs for 0: [J@4b32ace3
calculated fs for 0: [J@4b32ace3
calculated fs for 0: [J@4b32ace3
calculated fs for 0: [J@4b32ace3
calculated fs for 0: [J@4b32ace3
calculated fs for 0: [J@4b32ace3
calculated fs for 0: [J@4b32ace3
calculated fs for 0: [J@4b32ace3
calculated fs for 0: [J@4b32ace3
calculated fs for 0: [J@4b32ace3
calculated fs for 0: [J@4b32ace3
calculated fs for 0: [J@4b32ace3
calculated fs for 0: [J@4b32ace3
calculated fs for 0: [J@4b32ace3
calculated fs for 0: [J@4b32ace3
calculated fs for 0: [J@4b32ace3
calculated fs for 0: [J@4b32ace3
calculated fs for 0: [J@4b32ace3
calculated fs for 0: [J@4b32ace3
calculated fs for 0: [J@4b32ace3
calculated fs for 0: [J@4b32ace3
calculated fs for 0: [J@4b32ace3
calculated fs for 0: [J@4b32ace3
calculated fs for 0: [J@4b32ace3
calculated fs for 0: [J@4b32ace3
calculated fs for 0: [J@4b32ace3
calculated fs for 0: [J@4b32ace3
calculated fs for 0: [J@4b32ace3
calculated fs for 0: [J@4b32ace3
calculated fs for 0: [J@4b32ace3
calculated fs for 0: [J@4b32ace3
calculated fs for 0: [J@4b32ace3
calculated fs for 0: [J@4b32ace3
calculated fs for 0: [J@4b32ace3
calculated fs for 0: [J@4b32ace3
calculated fs for 0: [J@4b32ace3
calculated fs for 0: [J@4b32ace3
calculated fs for 0: [J@4b32ace3
calculated fs for 0: [J@4b32ace3
calculated fs for 0: [J@4b32ace3
calculated fs for 0: [J@4b32ace3
calculated fs for 0: [J@4b32ace3
calculated fs for 0: [J@4b32ace3
calculated fs for 0: [J@4b32ace3
calculated fs for 0: [J@4b32ace3
calculated fs for 0: [J@4b32ace3
calculated fs for 0: [J@4b32ace3
calculated fs for 0: [J@4b32ace3
calculated fs for 0: [J@4b32ace3
calculated fs for 0: [J@4b32ace3
calculated fs for 0: [J@4b32ace3
calculated fs for 0: [J@4b32ace3
calculated fs for 0: [J@4b32ace3
calculated fs for 0: [J@4b32ace3
calculated fs for 0: [J@4b32ace3
calculated fs for 0: [J@4b32ace3
calculated fs for 0: [J@4b32ace3
calculated fs for 0: [J@4b32ace3
calculated fs for 0: [J@4b32ace3
calculated fs for 0: [J@4b32ace3
calculated fs for 0: [J@4b32ace3
calculated fs for 0: [J@4b32ace3
calculated fs for 0: [J@4b32ace3
calculated fs for 0: [J@4b32ace3
calculated fs for 0: [J@4b32ace3
calculated fs for 0: [J@4b32ace3
calculated fs for 0: [J@4b32ace3
calculated fs for 0: [J@4b32ace3
calculated fs for 0: [J@4b32ace3
calculated fs for 0: [J@4b32ace3
calculated fs for 0: [J@4b32ace3
calculated fs for 0: [J@4b32ace3
calculated fs for 0: [J@4b32ace3
calculated fs for 0: [J@4b32ace3
calculated fs for 0: [J@4b32ace3
calculated fs for 0: [J@4b32ace3
calculated fs for 0: [J@4b32ace3
calculated fs for 0: [J@4b32ace3
calculated fs for 0: [J@4b32ace3
calculated fs for 0: [J@4b32ace3
calculated fs for 0: [J@4b32ace3
calculated fs for 0: [J@4b32ace3
calculated fs for 0: [J@4b32ace3
calculated fs for 0: [J@4b32ace3
calculated fs for 0: [J@4b32ace3
calculated fs for 0: [J@4b32ace3
calculated fs for 0: [J@4b32ace3
calculated fs for 0: [J@4b32ace3
calculated fs for 0: [J@4b32ace3
calculated fs for 0: [J@4b32ace3
calculated fs for 0: [J@4b32ace3
calculated fs for 0: [J@4b32ace3
calculated fs for 0: [J@4b32ace3
calculated fs for 0: [J@4b32ace3
calculated fs for 0: [J@4b32ace3
calculated fs for 0: [J@4b32ace3
calculated fs for 0: [J@4b32ace3
calculated fs for 0: [J@4b32ace3
calculated fs for 0: [J@4b32ace3
calculated fs for 0: [J@4b32ace3
calculated fs for 0: [J@4b32ace3
calculated fs for 0: [J@4b32ace3
calculated fs for 0: [J@4b32ace3
calculated fs for 0: [J@4b32ace3
calculated fs for 0: [J@4b32ace3
calculated fs for 0: [J@4b32ace3
calculated fs for 0: [J@4b32ace3
calculated fs for 0: [J@4b32ace3
calculated fs for 0: [J@4b32ace3
calculated fs for 0: [J@4b32ace3
calculated fs for 0: [J@4b32ace3
calculated fs for 0: [J@4b32ace3
calculated fs for 0: [J@4b32ace3
calculated fs for 0: [J@4b32ace3
calculated fs for 0: [J@4b32ace3
calculated fs for 0: [J@4b32ace3
calculated fs for 0: [J@4b32ace3
calculated fs for 0: [J@4b32ace3
calculated fs for 0: [J@4b32ace3
calculated fs for 0: [J@4b32ace3
calculated fs for 0: [J@4b32ace3
calculated fs for 0: [J@4b32ace3
calculated fs for 0: [J@4b32ace3
calculated fs for 0: [J@4b32ace3
calculated fs for 0: [J@4b32ace3
calculated fs for 0: [J@4b32ace3
calculated fs for 0: [J@4b32ace3
calculated fs for 0: [J@4b32ace3
calculated fs for 0: [J@4b32ace3
calculated fs for 0: [J@4b32ace3
calculated fs for 0: [J@4b32ace3
calculated fs for 0: [J@4b32ace3
calculated fs for 0: [J@4b32ace3
calculated fs for 0: [J@4b32ace3
calculated fs for 0: [J@4b32ace3
calculated fs for 0: [J@4b32ace3
calculated fs for 0: [J@4b32ace3
calculated fs for 0: [J@4b32ace3
calculated fs for 0: [J@4b32ace3
calculated fs for 0: [J@4b32ace3
calculated fs for 0: [J@4b32ace3
calculated fs for 0: [J@4b32ace3
calculated fs for 0: [J@4b32ace3
calculated fs for 0: [J@4b32ace3
calculated fs for 0: [J@4b32ace3
calculated fs for 0: [J@4b32ace3
calculated fs for 0: [J@4b32ace3
calculated fs for 0: [J@4b32ace3
calculated fs for 0: [J@4b32ace3
calculated fs for 1: [J@6bf491a6
calculated fs for 1: [J@6bf491a6
calculated fs for 1: [J@6bf491a6
calculated fs for 1: [J@6bf491a6
calculated fs for 1: [J@6bf491a6
calculated fs for 1: [J@6bf491a6
calculated fs for 1: [J@6bf491a6
calculated fs for 1: [J@6bf491a6
calculated fs for 1: [J@6bf491a6
calculated fs for 1: [J@6bf491a6
calculated fs for 1: [J@6bf491a6
calculated fs for 1: [J@6bf491a6
calculated fs for 1: [J@6bf491a6
calculated fs for 1: [J@6bf491a6
calculated fs for 1: [J@6bf491a6
calculated fs for 1: [J@6bf491a6
calculated fs for 1: [J@6bf491a6
calculated fs for 1: [J@6bf491a6
calculated fs for 1: [J@6bf491a6
calculated fs for 1: [J@6bf491a6
calculated fs for 1: [J@6bf491a6
calculated fs for 1: [J@6bf491a6
calculated fs for 1: [J@6bf491a6
calculated fs for 1: [J@6bf491a6
calculated fs for 1: [J@6bf491a6
calculated fs for 1: [J@6bf491a6
calculated fs for 1: [J@6bf491a6
calculated fs for 1: [J@6bf491a6
calculated fs for 1: [J@6bf491a6
calculated fs for 1: [J@6bf491a6
calculated fs for 1: [J@6bf491a6
calculated fs for 1: [J@6bf491a6
calculated fs for 1: [J@6bf491a6
calculated fs for 1: [J@6bf491a6
calculated fs for 1: [J@6bf491a6
calculated fs for 1: [J@6bf491a6
calculated fs for 1: [J@6bf491a6
calculated fs for 1: [J@6bf491a6
calculated fs for 1: [J@6bf491a6
calculated fs for 1: [J@6bf491a6
calculated fs for 1: [J@6bf491a6
calculated fs for 1: [J@6bf491a6
calculated fs for 1: [J@6bf491a6
calculated fs for 1: [J@6bf491a6
calculated fs for 1: [J@6bf491a6
calculated fs for 1: [J@6bf491a6
calculated fs for 1: [J@6bf491a6
calculated fs for 1: [J@6bf491a6
calculated fs for 1: [J@6bf491a6
calculated fs for 1: [J@6bf491a6
calculated fs for 1: [J@6bf491a6
calculated fs for 1: [J@6bf491a6
calculated fs for 1: [J@6bf491a6
calculated fs for 1: [J@6bf491a6
calculated fs for 1: [J@6bf491a6
calculated fs for 1: [J@6bf491a6
calculated fs for 1: [J@6bf491a6
calculated fs for 1: [J@6bf491a6
calculated fs for 1: [J@6bf491a6
calculated fs for 1: [J@6bf491a6
calculated fs for 1: [J@6bf491a6
calculated fs for 1: [J@6bf491a6
calculated fs for 1: [J@6bf491a6
calculated fs for 1: [J@6bf491a6
calculated fs for 1: [J@6bf491a6
calculated fs for 1: [J@6bf491a6
calculated fs for 1: [J@6bf491a6
calculated fs for 1: [J@6bf491a6
calculated fs for 1: [J@6bf491a6
calculated fs for 1: [J@6bf491a6
calculated fs for 1: [J@6bf491a6
calculated fs for 1: [J@6bf491a6
calculated fs for 1: [J@6bf491a6
calculated fs for 1: [J@6bf491a6
calculated fs for 1: [J@6bf491a6
calculated fs for 1: [J@6bf491a6
calculated fs for 1: [J@6bf491a6
calculated fs for 1: [J@6bf491a6
calculated fs for 1: [J@6bf491a6
calculated fs for 1: [J@6bf491a6
calculated fs for 1: [J@6bf491a6
calculated fs for 1: [J@6bf491a6
calculated fs for 1: [J@6bf491a6
calculated fs for 1: [J@6bf491a6
calculated fs for 1: [J@6bf491a6
calculated fs for 1: [J@6bf491a6
calculated fs for 1: [J@6bf491a6
calculated fs for 1: [J@6bf491a6
calculated fs for 1: [J@6bf491a6
calculated fs for 1: [J@6bf491a6
calculated fs for 1: [J@6bf491a6
calculated fs for 1: [J@6bf491a6
calculated fs for 1: [J@6bf491a6
calculated fs for 1: [J@6bf491a6
calculated fs for 1: [J@6bf491a6
calculated fs for 1: [J@6bf491a6
calculated fs for 1: [J@6bf491a6
calculated fs for 1: [J@6bf491a6
calculated fs for 1: [J@6bf491a6
calculated fs for 1: [J@6bf491a6
calculated fs for 1: [J@6bf491a6
calculated fs for 1: [J@6bf491a6
calculated fs for 1: [J@6bf491a6
calculated fs for 1: [J@6bf491a6
calculated fs for 1: [J@6bf491a6
calculated fs for 1: [J@6bf491a6
calculated fs for 1: [J@6bf491a6
calculated fs for 1: [J@6bf491a6
calculated fs for 1: [J@6bf491a6
calculated fs for 1: [J@6bf491a6
calculated fs for 1: [J@6bf491a6
calculated fs for 1: [J@6bf491a6
calculated fs for 1: [J@6bf491a6
calculated fs for 1: [J@6bf491a6
calculated fs for 1: [J@6bf491a6
calculated fs for 1: [J@6bf491a6
calculated fs for 1: [J@6bf491a6
calculated fs for 1: [J@6bf491a6
calculated fs for 1: [J@6bf491a6
calculated fs for 1: [J@6bf491a6
calculated fs for 1: [J@6bf491a6
calculated fs for 1: [J@6bf491a6
calculated fs for 1: [J@6bf491a6
calculated fs for 1: [J@6bf491a6
calculated fs for 1: [J@6bf491a6
calculated fs for 1: [J@6bf491a6
calculated fs for 1: [J@6bf491a6
calculated fs for 1: [J@6bf491a6
calculated fs for 1: [J@6bf491a6
calculated fs for 1: [J@6bf491a6
calculated fs for 1: [J@6bf491a6
calculated fs for 1: [J@6bf491a6
calculated fs for 1: [J@6bf491a6
calculated fs for 1: [J@6bf491a6
calculated fs for 1: [J@6bf491a6
calculated fs for 1: [J@6bf491a6
calculated fs for 1: [J@6bf491a6
calculated fs for 1: [J@6bf491a6
calculated fs for 1: [J@6bf491a6
calculated fs for 1: [J@6bf491a6
calculated fs for 1: [J@6bf491a6
calculated fs for 1: [J@6bf491a6
calculated fs for 1: [J@6bf491a6
calculated fs for 1: [J@6bf491a6
calculated fs for 1: [J@6bf491a6
calculated fs for 1: [J@6bf491a6
calculated fs for 1: [J@6bf491a6
calculated fs for 1: [J@6bf491a6
calculated fs for 1: [J@6bf491a6
calculated fs for 1: [J@6bf491a6
calculated fs for 1: [J@6bf491a6
calculated fs for 1: [J@6bf491a6
calculated fs for 1: [J@6bf491a6
calculated fs for 1: [J@6bf491a6
calculated fs for 1: [J@6bf491a6
calculated fs for 1: [J@6bf491a6
calculated fs for 1: [J@6bf491a6
calculated fs for 1: [J@6bf491a6
calculated fs for 1: [J@6bf491a6
calculated fs for 1: [J@6bf491a6
calculated fs for 1: [J@6bf491a6
calculated fs for 1: [J@6bf491a6
calculated fs for 1: [J@6bf491a6
calculated fs for 1: [J@6bf491a6
calculated fs for 1: [J@6bf491a6
calculated fs for 1: [J@6bf491a6
calculated fs for 1: [J@6bf491a6
calculated fs for 1: [J@6bf491a6
calculated fs for 1: [J@6bf491a6
calculated fs for 1: [J@6bf491a6
calculated fs for 1: [J@6bf491a6
calculated fs for 1: [J@6bf491a6
calculated fs for 1: [J@6bf491a6
calculated fs for 1: [J@6bf491a6
calculated fs for 1: [J@6bf491a6
calculated fs for 1: [J@6bf491a6
calculated fs for 1: [J@6bf491a6
calculated fs for 1: [J@6bf491a6
calculated fs for 1: [J@6bf491a6
calculated fs for 1: [J@6bf491a6
calculated fs for 1: [J@6bf491a6
calculated fs for 1: [J@6bf491a6
calculated fs for 1: [J@6bf491a6
calculated fs for 1: [J@6bf491a6
calculated fs for 1: [J@6bf491a6
calculated fs for 1: [J@6bf491a6
calculated fs for 1: [J@6bf491a6
calculated fs for 1: [J@6bf491a6
calculated fs for 1: [J@6bf491a6
calculated fs for 1: [J@6bf491a6
calculated fs for 1: [J@6bf491a6
calculated fs for 1: [J@6bf491a6
calculated fs for 1: [J@6bf491a6
calculated fs for 1: [J@6bf491a6
calculated fs for 1: [J@6bf491a6
calculated fs for 1: [J@6bf491a6
calculated fs for 1: [J@6bf491a6
calculated fs for 1: [J@6bf491a6
calculated fs for 1: [J@6bf491a6
calculated fs for 1: [J@6bf491a6
calculated fs for 1: [J@6bf491a6
calculated fs for 1: [J@6bf491a6
calculated fs for 1: [J@6bf491a6
calculated fs for 1: [J@6bf491a6
calculated fs for 1: [J@6bf491a6
calculated fs for 1: [J@6bf491a6
calculated fs for 1: [J@6bf491a6
calculated fs for 1: [J@6bf491a6
calculated fs for 1: [J@6bf491a6
calculated fs for 1: [J@6bf491a6
calculated fs for 1: [J@6bf491a6
calculated fs for 1: [J@6bf491a6
calculated fs for 1: [J@6bf491a6
calculated fs for 1: [J@6bf491a6
calculated fs for 1: [J@6bf491a6
calculated fs for 1: [J@6bf491a6
calculated fs for 1: [J@6bf491a6
calculated fs for 1: [J@6bf491a6
calculated fs for 1: [J@6bf491a6
calculated fs for 1: [J@6bf491a6
calculated fs for 1: [J@6bf491a6
calculated fs for 1: [J@6bf491a6
calculated fs for 1: [J@6bf491a6
calculated fs for 1: [J@6bf491a6
calculated fs for 1: [J@6bf491a6
calculated fs for 1: [J@6bf491a6
calculated fs for 1: [J@6bf491a6
calculated fs for 1: [J@6bf491a6
calculated fs for 1: [J@6bf491a6
calculated fs for 1: [J@6bf491a6
calculated fs for 1: [J@6bf491a6
calculated fs for 1: [J@6bf491a6
calculated fs for 1: [J@6bf491a6
calculated fs for 1: [J@6bf491a6
calculated fs for 1: [J@6bf491a6
calculated fs for 1: [J@6bf491a6
calculated fs for 1: [J@6bf491a6
calculated fs for 1: [J@6bf491a6
calculated fs for 1: [J@6bf491a6
calculated fs for 1: [J@6bf491a6
calculated fs for 1: [J@6bf491a6
calculated fs for 1: [J@6bf491a6
calculated fs for 1: [J@6bf491a6
calculated fs for 1: [J@6bf491a6
calculated fs for 1: [J@6bf491a6
calculated fs for 1: [J@6bf491a6
calculated fs for 1: [J@6bf491a6
calculated fs for 1: [J@6bf491a6
calculated fs for 1: [J@6bf491a6
calculated fs for 1: [J@6bf491a6
calculated fs for 1: [J@6bf491a6
calculated fs for 1: [J@6bf491a6
calculated fs for 1: [J@6bf491a6
calculated fs for 1: [J@6bf491a6
calculated fs for 1: [J@6bf491a6
calculated fs for 1: [J@6bf491a6
calculated fs for 1: [J@6bf491a6
calculated fs for 1: [J@6bf491a6
calculated fs for 1: [J@6bf491a6
calculated fs for 1: [J@6bf491a6
calculated fs for 1: [J@6bf491a6
calculated fs for 1: [J@6bf491a6
calculated fs for 1: [J@6bf491a6
calculated fs for 1: [J@6bf491a6
calculated fs for 1: [J@6bf491a6
calculated fs for 1: [J@6bf491a6
calculated fs for 1: [J@6bf491a6
calculated fs for 1: [J@6bf491a6
calculated fs for 1: [J@6bf491a6
calculated fs for 1: [J@6bf491a6
calculated fs for 1: [J@6bf491a6
calculated fs for 1: [J@6bf491a6
calculated fs for 1: [J@6bf491a6
calculated fs for 1: [J@6bf491a6
calculated fs for 1: [J@6bf491a6
calculated fs for 1: [J@6bf491a6
calculated fs for 1: [J@6bf491a6
calculated fs for 1: [J@6bf491a6
calculated fs for 1: [J@6bf491a6
calculated fs for 1: [J@6bf491a6
calculated fs for 1: [J@6bf491a6
calculated fs for 1: [J@6bf491a6
calculated fs for 1: [J@6bf491a6
calculated fs for 1: [J@6bf491a6
calculated fs for 1: [J@6bf491a6
calculated fs for 1: [J@6bf491a6
calculated fs for 1: [J@6bf491a6
calculated fs for 1: [J@6bf491a6
calculated fs for 1: [J@6bf491a6
calculated fs for 1: [J@6bf491a6
calculated fs for 1: [J@6bf491a6
calculated fs for 1: [J@6bf491a6
calculated fs for 1: [J@6bf491a6
calculated fs for 1: [J@6bf491a6
calculated fs for 1: [J@6bf491a6
calculated fs for 1: [J@6bf491a6
calculated fs for 1: [J@6bf491a6
calculated fs for 1: [J@6bf491a6
calculated fs for 1: [J@6bf491a6
calculated fs for 1: [J@6bf491a6
calculated fs for 1: [J@6bf491a6
calculated fs for 1: [J@6bf491a6
calculated fs for 1: [J@6bf491a6
calculated fs for 1: [J@6bf491a6
calculated fs for 1: [J@6bf491a6
calculated fs for 1: [J@6bf491a6
calculated fs for 1: [J@6bf491a6
calculated fs for 1: [J@6bf491a6
calculated fs for 1: [J@6bf491a6
calculated fs for 1: [J@6bf491a6
calculated fs for 1: [J@6bf491a6
calculated fs for 1: [J@6bf491a6
calculated fs for 1: [J@6bf491a6
calculated fs for 1: [J@6bf491a6
calculated fs for 1: [J@6bf491a6
calculated fs for 1: [J@6bf491a6
calculated fs for 1: [J@6bf491a6
calculated fs for 1: [J@6bf491a6
calculated fs for 1: [J@6bf491a6
calculated fs for 1: [J@6bf491a6
calculated fs for 1: [J@6bf491a6
calculated fs for 1: [J@6bf491a6
calculated fs for 1: [J@6bf491a6
calculated fs for 1: [J@6bf491a6
calculated fs for 1: [J@6bf491a6
calculated fs for 1: [J@6bf491a6
calculated fs for 1: [J@6bf491a6
calculated fs for 1: [J@6bf491a6
calculated fs for 1: [J@6bf491a6
calculated fs for 1: [J@6bf491a6
calculated fs for 1: [J@6bf491a6
calculated fs for 1: [J@6bf491a6
calculated fs for 1: [J@6bf491a6
calculated fs for 1: [J@6bf491a6
calculated fs for 1: [J@6bf491a6
calculated fs for 1: [J@6bf491a6
calculated fs for 1: [J@6bf491a6
calculated fs for 1: [J@6bf491a6
calculated fs for 1: [J@6bf491a6
calculated fs for 1: [J@6bf491a6
calculated fs for 2: [J@58660a9
calculated fs for 2: [J@58660a9
calculated fs for 2: [J@58660a9
calculated fs for 2: [J@58660a9
calculated fs for 2: [J@58660a9
calculated fs for 2: [J@58660a9
calculated fs for 2: [J@58660a9
calculated fs for 2: [J@58660a9
calculated fs for 2: [J@58660a9
calculated fs for 2: [J@58660a9
calculated fs for 2: [J@58660a9
calculated fs for 2: [J@58660a9
calculated fs for 2: [J@58660a9
calculated fs for 2: [J@58660a9
calculated fs for 2: [J@58660a9
calculated fs for 2: [J@58660a9
calculated fs for 2: [J@58660a9
calculated fs for 2: [J@58660a9
calculated fs for 2: [J@58660a9
calculated fs for 2: [J@58660a9
calculated fs for 2: [J@58660a9
calculated fs for 2: [J@58660a9
calculated fs for 2: [J@58660a9
calculated fs for 2: [J@58660a9
calculated fs for 2: [J@58660a9
calculated fs for 2: [J@58660a9
calculated fs for 2: [J@58660a9
calculated fs for 2: [J@58660a9
calculated fs for 2: [J@58660a9
calculated fs for 2: [J@58660a9
calculated fs for 2: [J@58660a9
calculated fs for 2: [J@58660a9
calculated fs for 2: [J@58660a9
calculated fs for 2: [J@58660a9
calculated fs for 2: [J@58660a9
calculated fs for 2: [J@58660a9
calculated fs for 2: [J@58660a9
calculated fs for 2: [J@58660a9
calculated fs for 2: [J@58660a9
calculated fs for 2: [J@58660a9
calculated fs for 2: [J@58660a9
calculated fs for 2: [J@58660a9
calculated fs for 2: [J@58660a9
calculated fs for 2: [J@58660a9
calculated fs for 2: [J@58660a9
calculated fs for 2: [J@58660a9
calculated fs for 2: [J@58660a9
calculated fs for 2: [J@58660a9
calculated fs for 2: [J@58660a9
calculated fs for 2: [J@58660a9
calculated fs for 2: [J@58660a9
calculated fs for 2: [J@58660a9
calculated fs for 2: [J@58660a9
calculated fs for 2: [J@58660a9
calculated fs for 2: [J@58660a9
calculated fs for 2: [J@58660a9
calculated fs for 2: [J@58660a9
calculated fs for 2: [J@58660a9
calculated fs for 2: [J@58660a9
calculated fs for 2: [J@58660a9
calculated fs for 2: [J@58660a9
calculated fs for 2: [J@58660a9
calculated fs for 2: [J@58660a9
calculated fs for 2: [J@58660a9
calculated fs for 2: [J@58660a9
calculated fs for 2: [J@58660a9
calculated fs for 2: [J@58660a9
calculated fs for 2: [J@58660a9
calculated fs for 2: [J@58660a9
calculated fs for 2: [J@58660a9
calculated fs for 2: [J@58660a9
calculated fs for 2: [J@58660a9
calculated fs for 2: [J@58660a9
calculated fs for 2: [J@58660a9
calculated fs for 2: [J@58660a9
calculated fs for 2: [J@58660a9
calculated fs for 2: [J@58660a9
calculated fs for 2: [J@58660a9
calculated fs for 2: [J@58660a9
calculated fs for 2: [J@58660a9
calculated fs for 2: [J@58660a9
calculated fs for 2: [J@58660a9
calculated fs for 2: [J@58660a9
calculated fs for 2: [J@58660a9
calculated fs for 2: [J@58660a9
calculated fs for 2: [J@58660a9
calculated fs for 2: [J@58660a9
calculated fs for 2: [J@58660a9
calculated fs for 2: [J@58660a9
calculated fs for 2: [J@58660a9
calculated fs for 2: [J@58660a9
calculated fs for 2: [J@58660a9
calculated fs for 2: [J@58660a9
calculated fs for 2: [J@58660a9
calculated fs for 2: [J@58660a9
calculated fs for 2: [J@58660a9
calculated fs for 2: [J@58660a9
calculated fs for 2: [J@58660a9
calculated fs for 2: [J@58660a9
calculated fs for 2: [J@58660a9
calculated fs for 2: [J@58660a9
calculated fs for 2: [J@58660a9
calculated fs for 2: [J@58660a9
calculated fs for 2: [J@58660a9
calculated fs for 2: [J@58660a9
calculated fs for 2: [J@58660a9
calculated fs for 2: [J@58660a9
calculated fs for 2: [J@58660a9
calculated fs for 2: [J@58660a9
calculated fs for 2: [J@58660a9
calculated fs for 2: [J@58660a9
calculated fs for 2: [J@58660a9
calculated fs for 2: [J@58660a9
calculated fs for 2: [J@58660a9
calculated fs for 2: [J@58660a9
calculated fs for 2: [J@58660a9
calculated fs for 2: [J@58660a9
calculated fs for 2: [J@58660a9
calculated fs for 2: [J@58660a9
calculated fs for 2: [J@58660a9
calculated fs for 2: [J@58660a9
calculated fs for 2: [J@58660a9
calculated fs for 2: [J@58660a9
calculated fs for 2: [J@58660a9
calculated fs for 2: [J@58660a9
calculated fs for 2: [J@58660a9
calculated fs for 2: [J@58660a9
calculated fs for 2: [J@58660a9
calculated fs for 2: [J@58660a9
calculated fs for 2: [J@58660a9
calculated fs for 2: [J@58660a9
calculated fs for 2: [J@58660a9
calculated fs for 2: [J@58660a9
calculated fs for 2: [J@58660a9
calculated fs for 2: [J@58660a9
calculated fs for 2: [J@58660a9
calculated fs for 2: [J@58660a9
calculated fs for 2: [J@58660a9
calculated fs for 2: [J@58660a9
calculated fs for 2: [J@58660a9
calculated fs for 2: [J@58660a9
calculated fs for 2: [J@58660a9
calculated fs for 2: [J@58660a9
calculated fs for 2: [J@58660a9
calculated fs for 2: [J@58660a9
calculated fs for 2: [J@58660a9
calculated fs for 2: [J@58660a9
calculated fs for 2: [J@58660a9
calculated fs for 2: [J@58660a9
calculated fs for 2: [J@58660a9
calculated fs for 2: [J@58660a9
calculated fs for 2: [J@58660a9
calculated fs for 2: [J@58660a9
calculated fs for 2: [J@58660a9
calculated fs for 2: [J@58660a9
calculated fs for 2: [J@58660a9
calculated fs for 2: [J@58660a9
calculated fs for 2: [J@58660a9
calculated fs for 2: [J@58660a9
calculated fs for 2: [J@58660a9
calculated fs for 2: [J@58660a9
calculated fs for 2: [J@58660a9
calculated fs for 2: [J@58660a9
calculated fs for 2: [J@58660a9
calculated fs for 2: [J@58660a9
calculated fs for 2: [J@58660a9
calculated fs for 2: [J@58660a9
calculated fs for 2: [J@58660a9
calculated fs for 2: [J@58660a9
calculated fs for 2: [J@58660a9
calculated fs for 2: [J@58660a9
calculated fs for 2: [J@58660a9
calculated fs for 2: [J@58660a9
calculated fs for 2: [J@58660a9
calculated fs for 2: [J@58660a9
calculated fs for 2: [J@58660a9
calculated fs for 2: [J@58660a9
calculated fs for 2: [J@58660a9
calculated fs for 2: [J@58660a9
calculated fs for 2: [J@58660a9
calculated fs for 2: [J@58660a9
calculated fs for 2: [J@58660a9
calculated fs for 2: [J@58660a9
calculated fs for 2: [J@58660a9
calculated fs for 2: [J@58660a9
calculated fs for 2: [J@58660a9
calculated fs for 2: [J@58660a9
calculated fs for 2: [J@58660a9
calculated fs for 2: [J@58660a9
calculated fs for 2: [J@58660a9
calculated fs for 2: [J@58660a9
calculated fs for 2: [J@58660a9
calculated fs for 2: [J@58660a9
calculated fs for 2: [J@58660a9
calculated fs for 2: [J@58660a9
calculated fs for 2: [J@58660a9
calculated fs for 2: [J@58660a9
calculated fs for 2: [J@58660a9
calculated fs for 2: [J@58660a9
calculated fs for 2: [J@58660a9
calculated fs for 2: [J@58660a9
calculated fs for 2: [J@58660a9
calculated fs for 2: [J@58660a9
calculated fs for 2: [J@58660a9
calculated fs for 2: [J@58660a9
calculated fs for 2: [J@58660a9
calculated fs for 2: [J@58660a9
calculated fs for 2: [J@58660a9
calculated fs for 2: [J@58660a9
calculated fs for 2: [J@58660a9
calculated fs for 2: [J@58660a9
calculated fs for 2: [J@58660a9
calculated fs for 2: [J@58660a9
calculated fs for 2: [J@58660a9
calculated fs for 2: [J@58660a9
calculated fs for 2: [J@58660a9
calculated fs for 2: [J@58660a9
calculated fs for 2: [J@58660a9
calculated fs for 2: [J@58660a9
calculated fs for 2: [J@58660a9
calculated fs for 2: [J@58660a9
calculated fs for 2: [J@58660a9
calculated fs for 2: [J@58660a9
calculated fs for 2: [J@58660a9
calculated fs for 2: [J@58660a9
calculated fs for 2: [J@58660a9
calculated fs for 2: [J@58660a9
calculated fs for 2: [J@58660a9
calculated fs for 2: [J@58660a9
calculated fs for 2: [J@58660a9
calculated fs for 2: [J@58660a9
calculated fs for 2: [J@58660a9
calculated fs for 2: [J@58660a9
calculated fs for 2: [J@58660a9
calculated fs for 2: [J@58660a9
calculated fs for 2: [J@58660a9
calculated fs for 2: [J@58660a9
calculated fs for 2: [J@58660a9
calculated fs for 2: [J@58660a9
calculated fs for 2: [J@58660a9
calculated fs for 2: [J@58660a9
calculated fs for 2: [J@58660a9
calculated fs for 2: [J@58660a9
calculated fs for 2: [J@58660a9
calculated fs for 2: [J@58660a9
calculated fs for 2: [J@58660a9
calculated fs for 2: [J@58660a9
calculated fs for 2: [J@58660a9
calculated fs for 2: [J@58660a9
calculated fs for 2: [J@58660a9
calculated fs for 2: [J@58660a9
calculated fs for 2: [J@58660a9
calculated fs for 2: [J@58660a9
calculated fs for 2: [J@58660a9
calculated fs for 2: [J@58660a9
calculated fs for 2: [J@58660a9
calculated fs for 2: [J@58660a9
calculated fs for 2: [J@58660a9
calculated fs for 2: [J@58660a9
calculated fs for 2: [J@58660a9
calculated fs for 2: [J@58660a9
calculated fs for 2: [J@58660a9
calculated fs for 2: [J@58660a9
calculated fs for 2: [J@58660a9
calculated fs for 2: [J@58660a9
calculated fs for 2: [J@58660a9
calculated fs for 2: [J@58660a9
calculated fs for 2: [J@58660a9
calculated fs for 2: [J@58660a9
calculated fs for 2: [J@58660a9
calculated fs for 2: [J@58660a9
calculated fs for 2: [J@58660a9
calculated fs for 2: [J@58660a9
calculated fs for 2: [J@58660a9
calculated fs for 2: [J@58660a9
calculated fs for 2: [J@58660a9
calculated fs for 2: [J@58660a9
calculated fs for 2: [J@58660a9
calculated fs for 2: [J@58660a9
calculated fs for 2: [J@58660a9
calculated fs for 2: [J@58660a9
calculated fs for 2: [J@58660a9
calculated fs for 2: [J@58660a9
calculated fs for 2: [J@58660a9
calculated fs for 2: [J@58660a9
calculated fs for 2: [J@58660a9
calculated fs for 2: [J@58660a9
calculated fs for 2: [J@58660a9
calculated fs for 2: [J@58660a9
calculated fs for 2: [J@58660a9
calculated fs for 2: [J@58660a9
calculated fs for 2: [J@58660a9
calculated fs for 2: [J@58660a9
calculated fs for 2: [J@58660a9
calculated fs for 2: [J@58660a9
calculated fs for 2: [J@58660a9
calculated fs for 2: [J@58660a9
calculated fs for 2: [J@58660a9
calculated fs for 2: [J@58660a9
calculated fs for 2: [J@58660a9
calculated fs for 2: [J@58660a9
calculated fs for 2: [J@58660a9
calculated fs for 2: [J@58660a9
calculated fs for 2: [J@58660a9
calculated fs for 2: [J@58660a9
calculated fs for 2: [J@58660a9
calculated fs for 2: [J@58660a9
calculated fs for 2: [J@58660a9
calculated fs for 2: [J@58660a9
calculated fs for 2: [J@58660a9
calculated fs for 2: [J@58660a9
calculated fs for 2: [J@58660a9
calculated fs for 2: [J@58660a9
calculated fs for 2: [J@58660a9
calculated fs for 2: [J@58660a9
calculated fs for 2: [J@58660a9
calculated fs for 2: [J@58660a9
calculated fs for 2: [J@58660a9
calculated fs for 2: [J@58660a9
calculated fs for 2: [J@58660a9
calculated fs for 2: [J@58660a9
calculated fs for 2: [J@58660a9
calculated fs for 2: [J@58660a9
calculated fs for 2: [J@58660a9
calculated fs for 2: [J@58660a9
calculated fs for 2: [J@58660a9
calculated fs for 2: [J@58660a9
calculated fs for 2: [J@58660a9
calculated fs for 2: [J@58660a9
calculated fs for 2: [J@58660a9
calculated fs for 2: [J@58660a9
calculated fs for 2: [J@58660a9
calculated fs for 2: [J@58660a9
calculated fs for 2: [J@58660a9
calculated fs for 2: [J@58660a9
calculated fs for 2: [J@58660a9
calculated fs for 2: [J@58660a9
calculated fs for 2: [J@58660a9
calculated fs for 2: [J@58660a9
calculated fs for 2: [J@58660a9
calculated nfs for 0: [J@3933fa14
calculated nfs for 0: [J@3933fa14
calculated nfs for 1: [J@3675463
calculated nfs for 1: [J@3675463
calculated nfs for 2: [J@74d53153
calculated nfs for 2: [J@74d53153
calculated iMatrix for 15, 0, 0, 0: -0.05895671862705179
calculated iMatrix for 15, 0, 0, 1: 0.45256605443289444
calculated iMatrix for 15, 0, 0, 2: -0.27923606840244
calculated iMatrix for 15, 0, 0, 3: -0.2394775762633557
calculated iMatrix for 15, 0, 0, 4: 0.035958769771488236
calculated iMatrix for 15, 0, 0, 5: -0.08983304549570131
calculated iMatrix for 15, 0, 0, 6: -0.1331175602724458
calculated iMatrix for 15, 0, 0, 7: 0.25745893534196795
calculated iMatrix for 15, 0, 0, 8: -0.10304010503516789
calculated iMatrix for 15, 0, 0, 9: 0.03169323411173912
calculated iMatrix for 15, 0, 0, 10: -0.19195806029537926
calculated iMatrix for 15, 0, 0, 11: 0.045690177221712217
calculated iMatrix for 15, 0, 0, 12: 0.16544975285900576
calculated iMatrix for 15, 0, 0, 13: -0.2231893834151818
calculated iMatrix for 15, 0, 0, 14: -0.020449625282832756
calculated iMatrix for 15, 0, 0, 15: -0.06412468878549439
calculated iMatrix for 15, 0, 0, 16: 0.135851803247181
calculated iMatrix for 15, 0, 0, 17: 0.1976779356784658
calculated iMatrix for 15, 0, 0, 18: 0.04710094632473001
calculated iMatrix for 15, 0, 0, 19: 0.27882006234133605
calculated iMatrix for 15, 0, 1, 0: -0.20796190948447968
calculated iMatrix for 15, 0, 1, 1: 0.09714345881062793
calculated iMatrix for 15, 0, 1, 2: -0.17098783432785564
calculated iMatrix for 15, 0, 1, 3: -0.2701738067404041
calculated iMatrix for 15, 0, 1, 4: 0.4305715530506126
calculated iMatrix for 15, 0, 1, 5: -0.2368012782202672
calculated iMatrix for 15, 0, 1, 6: 0.20293809646355077
calculated iMatrix for 15, 0, 1, 7: 0.21912278659842083
calculated iMatrix for 15, 0, 1, 8: -0.34937662638398354
calculated iMatrix for 15, 0, 1, 9: 0.1757456563340289
calculated iMatrix for 15, 0, 1, 10: 0.03351378077842168
calculated iMatrix for 15, 0, 1, 11: -0.0024311197801544296
calculated iMatrix for 15, 0, 1, 12: -0.09427772695618195
calculated iMatrix for 15, 0, 1, 13: -0.05138566300806468
calculated iMatrix for 15, 0, 1, 14: 0.1884660638550164
calculated iMatrix for 15, 0, 1, 15: 0.10598128024033633
calculated iMatrix for 15, 0, 1, 16: 0.16054441583755258
calculated iMatrix for 15, 0, 1, 17: 0.2744009366475606
calculated iMatrix for 15, 0, 1, 18: -0.17535032389571875
calculated iMatrix for 15, 0, 1, 19: -0.15509646699122115
calculated iMatrix for 15, 0, 2, 0: -0.09554088501887331
calculated iMatrix for 15, 0, 2, 1: -0.038149202382233655
calculated iMatrix for 15, 0, 2, 2: -0.3052867456023825
calculated iMatrix for 15, 0, 2, 3: -0.20312356359215045
calculated iMatrix for 15, 0, 2, 4: -0.011202287331151861
calculated iMatrix for 15, 0, 2, 5: -0.2836689560700572
calculated iMatrix for 15, 0, 2, 6: 0.37413024214566093
calculated iMatrix for 15, 0, 2, 7: 0.4659322969083839
calculated iMatrix for 15, 0, 2, 8: 0.0033165920100380886
calculated iMatrix for 15, 0, 2, 9: 0.0747117560687215
calculated iMatrix for 15, 0, 2, 10: 0.022886688204135308
calculated iMatrix for 15, 0, 2, 11: 0.0577651288235424
calculated iMatrix for 15, 0, 2, 12: 0.22886243589597977
calculated iMatrix for 15, 0, 2, 13: 0.13432624993834386
calculated iMatrix for 15, 0, 2, 14: -0.06412468878549439
calculated iMatrix for 15, 0, 2, 15: 0.031185491018830544
calculated iMatrix for 15, 0, 2, 16: -0.21927387094234224
calculated iMatrix for 15, 0, 2, 17: 0.06940670383902818
calculated iMatrix for 15, 0, 2, 18: 0.2395577250127276
calculated iMatrix for 15, 0, 2, 19: 0.14279602702182803
calculated iMatrix for 15, 0, 3, 0: -0.04238470214908857
calculated iMatrix for 15, 0, 3, 1: 0.0637086827243906
calculated iMatrix for 15, 0, 3, 2: 0.12622903970572452
calculated iMatrix for 15, 0, 3, 3: -0.1953168990568448
calculated iMatrix for 15, 0, 3, 4: 0.15209841968414162
calculated iMatrix for 15, 0, 3, 5: -0.10433110926353487
calculated iMatrix for 15, 0, 3, 6: -0.12128310262544303
calculated iMatrix for 15, 0, 3, 7: 0.07596410438518729
calculated iMatrix for 15, 0, 3, 8: 0.09494000584419289
calculated iMatrix for 15, 0, 3, 9: 0.09082375733856156
calculated iMatrix for 15, 0, 3, 10: 0.015918018888041965
calculated iMatrix for 15, 0, 3, 11: -0.08965799079065916
calculated iMatrix for 15, 0, 3, 12: 0.09306089473691796
calculated iMatrix for 15, 0, 3, 13: -0.11232679060337214
calculated iMatrix for 15, 0, 3, 14: 0.18457193695333296
calculated iMatrix for 15, 0, 3, 15: -0.3019253978996776
calculated iMatrix for 15, 0, 3, 16: 0.024068023249966514
calculated iMatrix for 15, 0, 3, 17: 0.03393652439072034
calculated iMatrix for 15, 0, 3, 18: 0.22355738366628647
calculated iMatrix for 15, 0, 3, 19: 0.10186044868876677
calculated iMatrix for 15, 0, 4, 0: -0.12239359690947016
calculated iMatrix for 15, 0, 4, 1: 0.006492878428459026
calculated iMatrix for 15, 0, 4, 2: -0.09332384347775674
calculated iMatrix for 15, 0, 4, 3: -0.06412468878549439
calculated iMatrix for 15, 0, 4, 4: 0.1354883651185212
calculated iMatrix for 15, 0, 4, 5: -0.12446781869296278
calculated iMatrix for 15, 0, 4, 6: -0.20577520584852121
calculated iMatrix for 15, 0, 4, 7: 0.3349095289923796
calculated iMatrix for 15, 0, 4, 8: -1.0283002056336865E-4
calculated iMatrix for 15, 0, 4, 9: 0.17428633465950377
calculated iMatrix for 15, 0, 4, 10: -0.03672571459738004
calculated iMatrix for 15, 0, 4, 11: -0.15509646699122115
calculated iMatrix for 15, 0, 4, 12: 0.16639896982633795
calculated iMatrix for 15, 0, 4, 13: -0.2302515596594683
calculated iMatrix for 15, 0, 4, 14: -0.10151222085711473
calculated iMatrix for 15, 0, 4, 15: -0.016496639796239727
calculated iMatrix for 15, 0, 4, 16: -0.02330269426523919
calculated iMatrix for 15, 0, 4, 17: -0.06998980823789253
calculated iMatrix for 15, 0, 4, 18: 0.5388713947801534
calculated iMatrix for 15, 0, 4, 19: 0.3069389926053376
calculated iMatrix for 15, 0, 5, 0: 0.00925785714852946
calculated iMatrix for 15, 0, 5, 1: 0.2167776966809078
calculated iMatrix for 15, 0, 5, 2: -0.23739641005953105
calculated iMatrix for 15, 0, 5, 3: -0.16677884284557773
calculated iMatrix for 15, 0, 5, 4: -0.06412468878549439
calculated iMatrix for 15, 0, 5, 5: 0.1400556618209593
calculated iMatrix for 15, 0, 5, 6: 0.26901975774304393
calculated iMatrix for 15, 0, 5, 7: -0.08861570879379015
calculated iMatrix for 15, 0, 5, 8: 0.17703736803139364
calculated iMatrix for 15, 0, 5, 9: -0.06412468878549439
calculated iMatrix for 15, 0, 5, 10: -0.21827536861275276
calculated iMatrix for 15, 0, 5, 11: 0.14463012507661582
calculated iMatrix for 15, 0, 5, 12: 0.3450787414332771
calculated iMatrix for 15, 0, 5, 13: -0.2636140492018144
calculated iMatrix for 15, 0, 5, 14: -0.031689413032340435
calculated iMatrix for 15, 0, 5, 15: -0.050519036729715715
calculated iMatrix for 15, 0, 5, 16: 0.05443504593906129
calculated iMatrix for 15, 0, 5, 17: -0.13272300512824672
calculated iMatrix for 15, 0, 5, 18: -0.11064470442038721
calculated iMatrix for 15, 0, 5, 19: 0.0966485318022574
calculated iMatrix for 15, 0, 6, 0: -0.13030659566679562
calculated iMatrix for 15, 0, 6, 1: 0.13161988834060095
calculated iMatrix for 15, 0, 6, 2: 0.3988449138028612
calculated iMatrix for 15, 0, 6, 3: -0.09397765193517554
calculated iMatrix for 15, 0, 6, 4: -0.09587338710007469
calculated iMatrix for 15, 0, 6, 5: 0.3349506212238989
calculated iMatrix for 15, 0, 6, 6: -0.15307217480199056
calculated iMatrix for 15, 0, 6, 7: -0.4070694399123247
calculated iMatrix for 15, 0, 6, 8: 0.07958203188068065
calculated iMatrix for 15, 0, 6, 9: -0.4313941991556227
calculated iMatrix for 15, 0, 6, 10: -0.449787169597479
calculated iMatrix for 15, 0, 6, 11: 0.4262398631091563
calculated iMatrix for 15, 0, 6, 12: 0.6290224917744509
calculated iMatrix for 15, 0, 6, 13: -0.20388663116065314
calculated iMatrix for 15, 0, 6, 14: 0.15412887723452356
calculated iMatrix for 15, 0, 6, 15: 0.31952137192803026
calculated iMatrix for 15, 0, 6, 16: 0.08814452294205836
calculated iMatrix for 15, 0, 6, 17: -0.3918120958509745
calculated iMatrix for 15, 0, 6, 18: -0.17412558399982286
calculated iMatrix for 15, 0, 6, 19: -0.20489724266657655
calculated iMatrix for 15, 0, 7, 0: -0.288437147304686
calculated iMatrix for 15, 0, 7, 1: 0.5092212919618303
calculated iMatrix for 15, 0, 7, 2: 0.4163380712503784
calculated iMatrix for 15, 0, 7, 3: -0.12692559002452475
calculated iMatrix for 15, 0, 7, 4: -0.40850210491382066
calculated iMatrix for 15, 0, 7, 5: 0.7101957818182734
calculated iMatrix for 15, 0, 7, 6: -0.002249285067406938
calculated iMatrix for 15, 0, 7, 7: -0.6733903853647376
calculated iMatrix for 15, 0, 7, 8: -0.004020764715788876
calculated iMatrix for 15, 0, 7, 9: -0.38729664621922616
calculated iMatrix for 15, 0, 7, 10: -0.2144068918348324
calculated iMatrix for 15, 0, 7, 11: 0.4317752847638206
calculated iMatrix for 15, 0, 7, 12: 0.6708196204529124
calculated iMatrix for 15, 0, 7, 13: -0.18928783173950042
calculated iMatrix for 15, 0, 7, 14: -0.20930669862999224
calculated iMatrix for 15, 0, 7, 15: 0.3285361470766822
calculated iMatrix for 15, 0, 7, 16: 0.14451417632583363
calculated iMatrix for 15, 0, 7, 17: -0.579816502202658
calculated iMatrix for 15, 0, 7, 18: -0.035137151912242204
calculated iMatrix for 15, 0, 7, 19: -0.11010980202731777
calculated iMatrix for 15, 0, 8, 0: NaN
calculated iMatrix for 15, 0, 8, 1: NaN
calculated iMatrix for 15, 0, 8, 2: NaN
calculated iMatrix for 15, 0, 8, 3: NaN
calculated iMatrix for 15, 0, 8, 4: NaN
calculated iMatrix for 15, 0, 8, 5: NaN
calculated iMatrix for 15, 0, 8, 6: NaN
calculated iMatrix for 15, 0, 8, 7: NaN
calculated iMatrix for 15, 0, 8, 8: NaN
calculated iMatrix for 15, 0, 8, 9: NaN
calculated iMatrix for 15, 0, 8, 10: NaN
calculated iMatrix for 15, 0, 8, 11: NaN
calculated iMatrix for 15, 0, 8, 12: NaN
calculated iMatrix for 15, 0, 8, 13: NaN
calculated iMatrix for 15, 0, 8, 14: NaN
calculated iMatrix for 15, 0, 8, 15: -7.935658517896904E-4
calculated iMatrix for 15, 0, 8, 16: NaN
calculated iMatrix for 15, 0, 8, 17: NaN
calculated iMatrix for 15, 0, 8, 18: NaN
calculated iMatrix for 15, 0, 8, 19: NaN
calculated iMatrix for 15, 0, 9, 0: -0.18773864475267105
calculated iMatrix for 15, 0, 9, 1: -0.3395366686454609
calculated iMatrix for 15, 0, 9, 2: 0.5001896199314825
calculated iMatrix for 15, 0, 9, 3: 0.23340968010929825
calculated iMatrix for 15, 0, 9, 4: -0.3606957086545213
calculated iMatrix for 15, 0, 9, 5: 0.7122652021786583
calculated iMatrix for 15, 0, 9, 6: 0.12511731085303396
calculated iMatrix for 15, 0, 9, 7: -0.8382409318791068
calculated iMatrix for 15, 0, 9, 8: -0.10779975228815591
calculated iMatrix for 15, 0, 9, 9: -0.5617050858014645
calculated iMatrix for 15, 0, 9, 10: -0.9169020149373236
calculated iMatrix for 15, 0, 9, 11: 0.30540841009660663
calculated iMatrix for 15, 0, 9, 12: 1.796627651929512
calculated iMatrix for 15, 0, 9, 13: -0.20190839114854736
calculated iMatrix for 15, 0, 9, 14: 0.3317709683065193
calculated iMatrix for 15, 0, 9, 15: 0.5027287664501588
calculated iMatrix for 15, 0, 9, 16: 0.051110574792090344
calculated iMatrix for 15, 0, 9, 17: -0.6411322194327863
calculated iMatrix for 15, 0, 9, 18: -0.5518278951306308
calculated iMatrix for 15, 0, 9, 19: -0.47880645199858274
calculated iMatrix for 15, 0, 10, 0: -0.3121068913905907
calculated iMatrix for 15, 0, 10, 1: 0.19823957568199668
calculated iMatrix for 15, 0, 10, 2: 0.45421976739452363
calculated iMatrix for 15, 0, 10, 3: 0.46419409242801346
calculated iMatrix for 15, 0, 10, 4: -0.21128233312178207
calculated iMatrix for 15, 0, 10, 5: 0.36665822730695996
calculated iMatrix for 15, 0, 10, 6: -0.0847439759882301
calculated iMatrix for 15, 0, 10, 7: -0.4303690837403774
calculated iMatrix for 15, 0, 10, 8: 0.08462057247485603
calculated iMatrix for 15, 0, 10, 9: -0.5580338388847843
calculated iMatrix for 15, 0, 10, 10: -0.8824350122994458
calculated iMatrix for 15, 0, 10, 11: 0.17278505829286334
calculated iMatrix for 15, 0, 10, 12: 0.9252883079176234
calculated iMatrix for 15, 0, 10, 13: -0.038806880801204605
calculated iMatrix for 15, 0, 10, 14: -0.022277578849993887
calculated iMatrix for 15, 0, 10, 15: 0.2352339133281222
calculated iMatrix for 15, 0, 10, 16: 0.19709081047812327
calculated iMatrix for 15, 0, 10, 17: -0.48967655546039607
calculated iMatrix for 15, 0, 10, 18: -0.018662314708736978
calculated iMatrix for 15, 0, 10, 19: -0.20338675611900203
calculated iMatrix for 15, 0, 11, 0: -0.01611546959913373
calculated iMatrix for 15, 0, 11, 1: 0.42835179631229986
calculated iMatrix for 15, 0, 11, 2: 0.10529346317255235
calculated iMatrix for 15, 0, 11, 3: -0.11431443330934968
calculated iMatrix for 15, 0, 11, 4: -0.29430226675708415
calculated iMatrix for 15, 0, 11, 5: -0.003500066969059551
calculated iMatrix for 15, 0, 11, 6: 0.2968886567518361
calculated iMatrix for 15, 0, 11, 7: -0.17393955479270096
calculated iMatrix for 15, 0, 11, 8: -0.022277578849993887
calculated iMatrix for 15, 0, 11, 9: -0.31614658083839103
calculated iMatrix for 15, 0, 11, 10: -0.2332010188294284
calculated iMatrix for 15, 0, 11, 11: 0.05567651102712619
calculated iMatrix for 15, 0, 11, 12: 0.4045193209442016
calculated iMatrix for 15, 0, 11, 13: 0.01925692015355661
calculated iMatrix for 15, 0, 11, 14: -0.2334167452891151
calculated iMatrix for 15, 0, 11, 15: 0.1829721035512082
calculated iMatrix for 15, 0, 11, 16: 0.14306493458647362
calculated iMatrix for 15, 0, 11, 17: -0.09452216596986543
calculated iMatrix for 15, 0, 11, 18: 0.19823957568199668
calculated iMatrix for 15, 0, 11, 19: 0.20250397446845425
calculated iMatrix for 15, 0, 12, 0: -0.20323749124821222
calculated iMatrix for 15, 0, 12, 1: 0.5388713947801534
calculated iMatrix for 15, 0, 12, 2: -0.2969301510114411
calculated iMatrix for 15, 0, 12, 3: 0.022135655498912526
calculated iMatrix for 15, 0, 12, 4: 0.14896852667521399
calculated iMatrix for 15, 0, 12, 5: -0.06975850650375041
calculated iMatrix for 15, 0, 12, 6: -0.22175363298907758
calculated iMatrix for 15, 0, 12, 7: 0.18815545661537053
calculated iMatrix for 15, 0, 12, 8: -0.18735732920944248
calculated iMatrix for 15, 0, 12, 9: -0.19702136225192607
calculated iMatrix for 15, 0, 12, 10: 0.13654600667665684
calculated iMatrix for 15, 0, 12, 11: -0.1414163630871409
calculated iMatrix for 15, 0, 12, 12: 0.34134041932267
calculated iMatrix for 15, 0, 12, 13: -0.14838503240323425
calculated iMatrix for 15, 0, 12, 14: 0.05251221494026649
calculated iMatrix for 15, 0, 12, 15: -0.08836830039548713
calculated iMatrix for 15, 0, 12, 16: 0.08379544129112788
calculated iMatrix for 15, 0, 12, 17: 0.21057018813947542
calculated iMatrix for 15, 0, 12, 18: 0.6715821061932469
calculated iMatrix for 15, 0, 12, 19: 0.3517032063582166
calculated iMatrix for 15, 0, 13, 0: -0.1835983419197853
calculated iMatrix for 15, 0, 13, 1: 0.5092212919618303
calculated iMatrix for 15, 0, 13, 2: 0.020216459648256566
calculated iMatrix for 15, 0, 13, 3: -0.07309335876825476
calculated iMatrix for 15, 0, 13, 4: 0.021949919985748592
calculated iMatrix for 15, 0, 13, 5: -0.04893452329151915
calculated iMatrix for 15, 0, 13, 6: 0.17226408927873593
calculated iMatrix for 15, 0, 13, 7: 0.12864082716954356
calculated iMatrix for 15, 0, 13, 8: -0.3450270742518966
calculated iMatrix for 15, 0, 13, 9: -0.01611546959913373
calculated iMatrix for 15, 0, 13, 10: -0.14580271979976162
calculated iMatrix for 15, 0, 13, 11: -0.18290822477546137
calculated iMatrix for 15, 0, 13, 12: 0.21250754747970158
calculated iMatrix for 15, 0, 13, 13: -0.08563089400645801
calculated iMatrix for 15, 0, 13, 14: -0.07407501963866248
calculated iMatrix for 15, 0, 13, 15: 0.1577108178687
calculated iMatrix for 15, 0, 13, 16: 0.10989806519376517
calculated iMatrix for 15, 0, 13, 17: 0.11935360613628389
calculated iMatrix for 15, 0, 13, 18: 0.34134041932267
calculated iMatrix for 15, 0, 13, 19: 4.138323520767734E-4
calculated iMatrix for 15, 0, 14, 0: -0.09242846494834621
calculated iMatrix for 15, 0, 14, 1: 0.04123582687233196
calculated iMatrix for 15, 0, 14, 2: -0.1958025127606941
calculated iMatrix for 15, 0, 14, 3: -0.047995306855610674
calculated iMatrix for 15, 0, 14, 4: 0.31602261133838006
calculated iMatrix for 15, 0, 14, 5: -0.14281695736115937
calculated iMatrix for 15, 0, 14, 6: 0.18273538914603144
calculated iMatrix for 15, 0, 14, 7: 0.18433667051300534
calculated iMatrix for 15, 0, 14, 8: -0.2146056397237902
calculated iMatrix for 15, 0, 14, 9: -0.12474931060192924
calculated iMatrix for 15, 0, 14, 10: 0.09950473499630773
calculated iMatrix for 15, 0, 14, 11: 0.2395577250127276
calculated iMatrix for 15, 0, 14, 12: -0.07317452430541233
calculated iMatrix for 15, 0, 14, 13: 0.08351131002057029
calculated iMatrix for 15, 0, 14, 14: -0.25761954617757427
calculated iMatrix for 15, 0, 14, 15: 0.10812121601971868
calculated iMatrix for 15, 0, 14, 16: 0.07946623082676156
calculated iMatrix for 15, 0, 14, 17: 0.14172736541865444
calculated iMatrix for 15, 0, 14, 18: -0.14868207681355738
calculated iMatrix for 15, 0, 14, 19: 0.1590188625287154
calculated iMatrix for 15, 0, 15, 0: 0.03925366566834079
calculated iMatrix for 15, 0, 15, 1: 0.5718640779345023
calculated iMatrix for 15, 0, 15, 2: -0.005530524519441582
calculated iMatrix for 15, 0, 15, 3: 0.07046546518727036
calculated iMatrix for 15, 0, 15, 4: 0.24461079286411885
calculated iMatrix for 15, 0, 15, 5: -0.11372162992486645
calculated iMatrix for 15, 0, 15, 6: -0.06412468878549439
calculated iMatrix for 15, 0, 15, 7: 0.12228685325998527
calculated iMatrix for 15, 0, 15, 8: -0.34748710009275885
calculated iMatrix for 15, 0, 15, 9: 0.00486818270145703
calculated iMatrix for 15, 0, 15, 10: -0.06412468878549439
calculated iMatrix for 15, 0, 15, 11: -0.246446245579449
calculated iMatrix for 15, 0, 15, 12: -0.13558365276763937
calculated iMatrix for 15, 0, 15, 13: 0.058935403971732817
calculated iMatrix for 15, 0, 15, 14: -0.17154493740633125
calculated iMatrix for 15, 0, 15, 15: 0.05797800801540552
calculated iMatrix for 15, 0, 15, 16: -0.056281511324468514
calculated iMatrix for 15, 0, 15, 17: 0.08280574306827677
calculated iMatrix for 15, 0, 15, 18: 0.3937084048399859
calculated iMatrix for 15, 0, 15, 19: 0.22986655285955132
calculated iMatrix for 15, 0, 16, 0: 0.10914703248854239
calculated iMatrix for 15, 0, 16, 1: 0.1337010545444255
calculated iMatrix for 15, 0, 16, 2: -0.23597494571215366
calculated iMatrix for 15, 0, 16, 3: -0.1099342248167886
calculated iMatrix for 15, 0, 16, 4: 0.2776246049365623
calculated iMatrix for 15, 0, 16, 5: -0.05214849773877877
calculated iMatrix for 15, 0, 16, 6: -0.0206395768457555
calculated iMatrix for 15, 0, 16, 7: -0.02032206612710155
calculated iMatrix for 15, 0, 16, 8: -0.08676716553525417
calculated iMatrix for 15, 0, 16, 9: -0.10353865732637102
calculated iMatrix for 15, 0, 16, 10: -0.10259096961329045
calculated iMatrix for 15, 0, 16, 11: 0.026847089420232395
calculated iMatrix for 15, 0, 16, 12: 0.05053821953464534
calculated iMatrix for 15, 0, 16, 13: -0.16075152447456603
calculated iMatrix for 15, 0, 16, 14: 0.052599585522647
calculated iMatrix for 15, 0, 16, 15: 0.0685197858208003
calculated iMatrix for 15, 0, 16, 16: 0.020432699242568575
calculated iMatrix for 15, 0, 16, 17: 0.09621796128968509
calculated iMatrix for 15, 0, 16, 18: 0.00486818270145703
calculated iMatrix for 15, 0, 16, 19: 0.045074603179497616
calculated iMatrix for 15, 1, 0, 0: -0.1368251904514537
calculated iMatrix for 15, 1, 0, 1: -0.49342151494755737
calculated iMatrix for 15, 1, 0, 2: 0.3114653128079681
calculated iMatrix for 15, 1, 0, 3: 0.014304070566116822
calculated iMatrix for 15, 1, 0, 4: -0.07521738106196318
calculated iMatrix for 15, 1, 0, 5: 0.10162470996736572
calculated iMatrix for 15, 1, 0, 6: 0.24598738342846116
calculated iMatrix for 15, 1, 0, 7: -0.06928264554214869
calculated iMatrix for 15, 1, 0, 8: 0.20226052121557614
calculated iMatrix for 15, 1, 0, 9: -0.2902446422400973
calculated iMatrix for 15, 1, 0, 10: 0.263934026619298
calculated iMatrix for 15, 1, 0, 11: 0.020573683579712343
calculated iMatrix for 15, 1, 0, 12: -0.3622789136241449
calculated iMatrix for 15, 1, 0, 13: -0.1622287580515931
calculated iMatrix for 15, 1, 0, 14: -0.017153580107202027
calculated iMatrix for 15, 1, 0, 15: 0.3010911427547456
calculated iMatrix for 15, 1, 0, 16: 0.125052753609733
calculated iMatrix for 15, 1, 0, 17: -0.07652031284237926
calculated iMatrix for 15, 1, 0, 18: -0.2183182247026365
calculated iMatrix for 15, 1, 0, 19: -0.24113290246880803
calculated iMatrix for 15, 1, 1, 0: 0.06773915202214242
calculated iMatrix for 15, 1, 1, 1: -0.09897146707007032
calculated iMatrix for 15, 1, 1, 2: 0.022524903710974042
calculated iMatrix for 15, 1, 1, 3: -0.009494727163175343
calculated iMatrix for 15, 1, 1, 4: -0.5432960818981143
calculated iMatrix for 15, 1, 1, 5: 0.2473384306954427
calculated iMatrix for 15, 1, 1, 6: -0.485797589836898
calculated iMatrix for 15, 1, 1, 7: -0.16013626931990088
calculated iMatrix for 15, 1, 1, 8: 0.3581046815491673
calculated iMatrix for 15, 1, 1, 9: -0.17749623018238148
calculated iMatrix for 15, 1, 1, 10: -0.025946332055180488
calculated iMatrix for 15, 1, 1, 11: -0.00622450957501175
calculated iMatrix for 15, 1, 1, 12: 0.21738676859524597
calculated iMatrix for 15, 1, 1, 13: -0.13648820645500437
calculated iMatrix for 15, 1, 1, 14: -0.15339867860332101
calculated iMatrix for 15, 1, 1, 15: 0.150007336456071
calculated iMatrix for 15, 1, 1, 16: 0.0048253266115732
calculated iMatrix for 15, 1, 1, 17: -0.16883816743926694
calculated iMatrix for 15, 1, 1, 18: -0.12146839871271897
calculated iMatrix for 15, 1, 1, 19: 0.1673442561093481
calculated iMatrix for 15, 1, 2, 0: -0.17496778382902267
calculated iMatrix for 15, 1, 2, 1: 0.3438006934509046
calculated iMatrix for 15, 1, 2, 2: 0.3356795709285627
calculated iMatrix for 15, 1, 2, 3: -0.04699974125301276
calculated iMatrix for 15, 1, 2, 4: -0.12594490457162144
calculated iMatrix for 15, 1, 2, 5: 0.48600225645543393
calculated iMatrix for 15, 1, 2, 6: -0.36673822982090987
calculated iMatrix for 15, 1, 2, 7: -0.838496385395991
calculated iMatrix for 15, 1, 2, 8: 0.17411738311519387
calculated iMatrix for 15, 1, 2, 9: -0.39487607677984116
calculated iMatrix for 15, 1, 2, 10: -0.413378807274021
calculated iMatrix for 15, 1, 2, 11: 0.2574160792520839
calculated iMatrix for 15, 1, 2, 12: 0.03299620357826938
calculated iMatrix for 15, 1, 2, 13: 0.025303857955113918
calculated iMatrix for 15, 1, 2, 14: 0.3509181612197685
calculated iMatrix for 15, 1, 2, 15: 0.05095509833907452
calculated iMatrix for 15, 1, 2, 16: 0.3010911427547456
calculated iMatrix for 15, 1, 2, 17: -0.33164691000963975
calculated iMatrix for 15, 1, 2, 18: -0.3381194245152572
calculated iMatrix for 15, 1, 2, 19: -0.23074074470119377
calculated iMatrix for 15, 1, 3, 0: -0.09315508174863063
calculated iMatrix for 15, 1, 3, 1: -0.04924189465870277
calculated iMatrix for 15, 1, 3, 2: 0.09801910350952037
calculated iMatrix for 15, 1, 3, 3: -0.07342687028817507
calculated iMatrix for 15, 1, 3, 4: -0.12870606601294954
calculated iMatrix for 15, 1, 3, 5: 0.20340740427730797
calculated iMatrix for 15, 1, 3, 6: 0.2797683732859242
calculated iMatrix for 15, 1, 3, 7: 4.489520117743062E-4
calculated iMatrix for 15, 1, 3, 8: 0.18370453921455487
calculated iMatrix for 15, 1, 3, 9: -0.3075493584305793
calculated iMatrix for 15, 1, 3, 10: -0.6013104769587425
calculated iMatrix for 15, 1, 3, 11: 0.0048253266115732
calculated iMatrix for 15, 1, 3, 12: -0.1493253532156853
calculated iMatrix for 15, 1, 3, 13: -0.24751737939489882
calculated iMatrix for 15, 1, 3, 14: -0.2686433085901523
calculated iMatrix for 15, 1, 3, 15: 0.18714688340552765
calculated iMatrix for 15, 1, 3, 16: 0.06721561921085484
calculated iMatrix for 15, 1, 3, 17: 0.08571298575067376
calculated iMatrix for 15, 1, 3, 18: 0.12998846956557908
calculated iMatrix for 15, 1, 3, 19: 0.14244670448762076
calculated iMatrix for 15, 1, 4, 0: -0.03198864651114319
calculated iMatrix for 15, 1, 4, 1: -0.3205970738230548
calculated iMatrix for 15, 1, 4, 2: -0.209584544733882
calculated iMatrix for 15, 1, 4, 3: -0.45779819533653976
calculated iMatrix for 15, 1, 4, 4: -0.10338825802865959
calculated iMatrix for 15, 1, 4, 5: 0.3444274562417138
calculated iMatrix for 15, 1, 4, 6: 0.25168540454309896
calculated iMatrix for 15, 1, 4, 7: -0.014592759245528386
calculated iMatrix for 15, 1, 4, 8: 0.029640495731297234
calculated iMatrix for 15, 1, 4, 9: -0.15849972949172653
calculated iMatrix for 15, 1, 4, 10: -0.13827551702910013
calculated iMatrix for 15, 1, 4, 11: 0.1412764293394304
calculated iMatrix for 15, 1, 4, 12: -0.4525995204273021
calculated iMatrix for 15, 1, 4, 13: -0.1855284018796457
calculated iMatrix for 15, 1, 4, 14: 0.01065624692236633
calculated iMatrix for 15, 1, 4, 15: 0.10942509670209022
calculated iMatrix for 15, 1, 4, 16: 0.2651084248752398
calculated iMatrix for 15, 1, 4, 17: 0.2410108732961791
calculated iMatrix for 15, 1, 4, 18: -0.47366491651148124
calculated iMatrix for 15, 1, 4, 19: -0.1832269048913664
calculated iMatrix for 15, 1, 5, 0: -0.10253319170892627
calculated iMatrix for 15, 1, 5, 1: -0.00977347280957952
calculated iMatrix for 15, 1, 5, 2: -0.20357594296543313
calculated iMatrix for 15, 1, 5, 3: -0.15799843446911388
calculated iMatrix for 15, 1, 5, 4: 0.0224210885019529
calculated iMatrix for 15, 1, 5, 5: 0.011017296859494152
calculated iMatrix for 15, 1, 5, 6: -0.09525813194540933
calculated iMatrix for 15, 1, 5, 7: -0.020883030098633792
calculated iMatrix for 15, 1, 5, 8: 0.17148076666112844
calculated iMatrix for 15, 1, 5, 9: -0.14511482067934156
calculated iMatrix for 15, 1, 5, 10: 0.2580212229921848
calculated iMatrix for 15, 1, 5, 11: 0.07820787254559702
calculated iMatrix for 15, 1, 5, 12: -0.09931493264102365
calculated iMatrix for 15, 1, 5, 13: -0.11653553039269426
calculated iMatrix for 15, 1, 5, 14: 0.038273260679113186
calculated iMatrix for 15, 1, 5, 15: -0.03388918556911724
calculated iMatrix for 15, 1, 5, 16: 0.1085037560864146
calculated iMatrix for 15, 1, 5, 17: 0.26951788083865535
calculated iMatrix for 15, 1, 5, 18: -0.00977347280957952
calculated iMatrix for 15, 1, 5, 19: 0.02475954151239046
calculated iMatrix for 15, 1, 6, 0: -0.42459302251908415
calculated iMatrix for 15, 1, 6, 1: -0.27803745940425895
calculated iMatrix for 15, 1, 6, 2: -0.7550132284470445
calculated iMatrix for 15, 1, 6, 3: -0.3106915448336518
calculated iMatrix for 15, 1, 6, 4: 0.13835671923609572
calculated iMatrix for 15, 1, 6, 5: 0.06449765809797148
calculated iMatrix for 15, 1, 6, 6: 0.796412579984771
calculated iMatrix for 15, 1, 6, 7: 0.2874696050333969
calculated iMatrix for 15, 1, 6, 8: 0.1464758436746001
calculated iMatrix for 15, 1, 6, 9: -0.181011172289826
calculated iMatrix for 15, 1, 6, 10: -0.13493661576358562
calculated iMatrix for 15, 1, 6, 11: -0.17285585062587927
calculated iMatrix for 15, 1, 6, 12: -1.0218134624314474
calculated iMatrix for 15, 1, 6, 13: 0.026486823392752656
calculated iMatrix for 15, 1, 6, 14: 0.011605013596951874
calculated iMatrix for 15, 1, 6, 15: 0.2009922902275807
calculated iMatrix for 15, 1, 6, 16: 0.2884505983677397
calculated iMatrix for 15, 1, 6, 17: 0.5124199297961174
calculated iMatrix for 15, 1, 6, 18: 0.12417208424413939
calculated iMatrix for 15, 1, 6, 19: -0.029307679757885285
calculated iMatrix for 15, 1, 7, 0: -0.2983609323761729
calculated iMatrix for 15, 1, 7, 1: -0.00977347280957952
calculated iMatrix for 15, 1, 7, 2: -0.5878513235847376
calculated iMatrix for 15, 1, 7, 3: -0.6339875029850426
calculated iMatrix for 15, 1, 7, 4: 0.7323401506757263
calculated iMatrix for 15, 1, 7, 5: -0.3553590769634347
calculated iMatrix for 15, 1, 7, 6: 0.27871407693101813
calculated iMatrix for 15, 1, 7, 7: 0.5029998328240051
calculated iMatrix for 15, 1, 7, 8: -0.06643769340991756
calculated iMatrix for 15, 1, 7, 9: 0.19972566561238803
calculated iMatrix for 15, 1, 7, 10: 0.15435706058253706
calculated iMatrix for 15, 1, 7, 11: -0.7256595243860164
calculated iMatrix for 15, 1, 7, 12: -0.8645484854748304
calculated iMatrix for 15, 1, 7, 13: -0.5547904613238497
calculated iMatrix for 15, 1, 7, 14: -0.16702493031508614
calculated iMatrix for 15, 1, 7, 15: -0.22201508658396274
calculated iMatrix for 15, 1, 7, 16: 0.09639252013706368
calculated iMatrix for 15, 1, 7, 17: 0.9141956156411545
calculated iMatrix for 15, 1, 7, 18: -0.06928264554214869
calculated iMatrix for 15, 1, 7, 19: 0.5656210556868445
calculated iMatrix for 15, 1, 8, 0: NaN
calculated iMatrix for 15, 1, 8, 1: NaN
calculated iMatrix for 15, 1, 8, 2: NaN
calculated iMatrix for 15, 1, 8, 3: NaN
calculated iMatrix for 15, 1, 8, 4: NaN
calculated iMatrix for 15, 1, 8, 5: NaN
calculated iMatrix for 15, 1, 8, 6: NaN
calculated iMatrix for 15, 1, 8, 7: NaN
calculated iMatrix for 15, 1, 8, 8: NaN
calculated iMatrix for 15, 1, 8, 9: NaN
calculated iMatrix for 15, 1, 8, 10: NaN
calculated iMatrix for 15, 1, 8, 11: NaN
calculated iMatrix for 15, 1, 8, 12: NaN
calculated iMatrix for 15, 1, 8, 13: NaN
calculated iMatrix for 15, 1, 8, 14: NaN
calculated iMatrix for 15, 1, 8, 15: 0.001635531243473043
calculated iMatrix for 15, 1, 8, 16: NaN
calculated iMatrix for 15, 1, 8, 17: NaN
calculated iMatrix for 15, 1, 8, 18: NaN
calculated iMatrix for 15, 1, 8, 19: NaN
calculated iMatrix for 15, 1, 9, 0: -0.3194763743893847
calculated iMatrix for 15, 1, 9, 1: 0.8066063481743139
calculated iMatrix for 15, 1, 9, 2: -0.4624171411928344
calculated iMatrix for 15, 1, 9, 3: -0.9930453922550047
calculated iMatrix for 15, 1, 9, 4: 0.4925285329567096
calculated iMatrix for 15, 1, 9, 5: -0.2854575275402651
calculated iMatrix for 15, 1, 9, 6: -0.3361012603590201
calculated iMatrix for 15, 1, 9, 7: 0.6693172514111424
calculated iMatrix for 15, 1, 9, 8: -0.3555193462161217
calculated iMatrix for 15, 1, 9, 9: 0.07486917034449969
calculated iMatrix for 15, 1, 9, 10: 0.24598738342846116
calculated iMatrix for 15, 1, 9, 11: -0.389466480898466
calculated iMatrix for 15, 1, 9, 12: -0.9061883481617381
calculated iMatrix for 15, 1, 9, 13: -0.31675829751588913
calculated iMatrix for 15, 1, 9, 14: -0.7078664500213423
calculated iMatrix for 15, 1, 9, 15: -0.3653004150512824
calculated iMatrix for 15, 1, 9, 16: 0.33990963795793805
calculated iMatrix for 15, 1, 9, 17: 0.8819761501484579
calculated iMatrix for 15, 1, 9, 18: 0.3496658129033028
calculated iMatrix for 15, 1, 9, 19: 0.5881576411643119
calculated iMatrix for 15, 1, 10, 0: -0.10017798239841147
calculated iMatrix for 15, 1, 10, 1: -0.16702493031508614
calculated iMatrix for 15, 1, 10, 2: 0.21591495358197021
calculated iMatrix for 15, 1, 10, 3: -0.29441756824128373
calculated iMatrix for 15, 1, 10, 4: -0.009359308380383347
calculated iMatrix for 15, 1, 10, 5: -0.07634796343224926
calculated iMatrix for 15, 1, 10, 6: 0.043046539431770725
calculated iMatrix for 15, 1, 10, 7: -0.11777699548075926
calculated iMatrix for 15, 1, 10, 8: -0.16174787321424233
calculated iMatrix for 15, 1, 10, 9: -0.33107070717030385
calculated iMatrix for 15, 1, 10, 10: -0.10053518904625314
calculated iMatrix for 15, 1, 10, 11: -0.10231931083975443
calculated iMatrix for 15, 1, 10, 12: -0.11010464006240372
calculated iMatrix for 15, 1, 10, 13: -0.18824076946535873
calculated iMatrix for 15, 1, 10, 14: -0.21330568287909224
calculated iMatrix for 15, 1, 10, 15: 0.46078659873426975
calculated iMatrix for 15, 1, 10, 16: 0.221993614735696
calculated iMatrix for 15, 1, 10, 17: 0.2601720184204177
calculated iMatrix for 15, 1, 10, 18: -0.1129577090448104
calculated iMatrix for 15, 1, 10, 19: 0.27100119384239063
calculated iMatrix for 15, 1, 11, 0: -0.18979014108809844
calculated iMatrix for 15, 1, 11, 1: -0.09897146707007032
calculated iMatrix for 15, 1, 11, 2: 0.03102769900559732
calculated iMatrix for 15, 1, 11, 3: -0.15513932308110512
calculated iMatrix for 15, 1, 11, 4: 0.23615446251222227
calculated iMatrix for 15, 1, 11, 5: 0.4102904347197376
calculated iMatrix for 15, 1, 11, 6: -0.19704082625535158
calculated iMatrix for 15, 1, 11, 7: 0.04649802301214123
calculated iMatrix for 15, 1, 11, 8: -0.44024891959163703
calculated iMatrix for 15, 1, 11, 9: -0.06269587426392209
calculated iMatrix for 15, 1, 11, 10: -0.2924261968563584
calculated iMatrix for 15, 1, 11, 11: -0.07171475051076115
calculated iMatrix for 15, 1, 11, 12: 0.11125478945830447
calculated iMatrix for 15, 1, 11, 13: -0.3765422299175307
calculated iMatrix for 15, 1, 11, 14: -0.4058345983736953
calculated iMatrix for 15, 1, 11, 15: 0.021354628562783695
calculated iMatrix for 15, 1, 11, 16: 0.2490222871236154
calculated iMatrix for 15, 1, 11, 17: 0.2721400962389202
calculated iMatrix for 15, 1, 11, 18: -0.16702493031508614
calculated iMatrix for 15, 1, 11, 19: -0.08016788622181936
calculated iMatrix for 15, 1, 12, 0: -0.30408504646006174
calculated iMatrix for 15, 1, 12, 1: 0.2597175762403632
calculated iMatrix for 15, 1, 12, 2: 0.5046819190069899
calculated iMatrix for 15, 1, 12, 3: -0.2080088550437753
calculated iMatrix for 15, 1, 12, 4: -0.33692396711048356
calculated iMatrix for 15, 1, 12, 5: 0.09064124619642921
calculated iMatrix for 15, 1, 12, 6: 0.08706342484854512
calculated iMatrix for 15, 1, 12, 7: 0.06091479326261684
calculated iMatrix for 15, 1, 12, 8: -0.22757755011543335
calculated iMatrix for 15, 1, 12, 9: -0.10861930744621207
calculated iMatrix for 15, 1, 12, 10: -0.15947772467970323
calculated iMatrix for 15, 1, 12, 11: 0.14386637504706523
calculated iMatrix for 15, 1, 12, 12: -0.17530083961894571
calculated iMatrix for 15, 1, 12, 13: -0.20573944249577658
calculated iMatrix for 15, 1, 12, 14: -0.03198864651114319
calculated iMatrix for 15, 1, 12, 15: 0.23511460106670135
calculated iMatrix for 15, 1, 12, 16: 0.013193576282089836
calculated iMatrix for 15, 1, 12, 17: 0.17382142880837836
calculated iMatrix for 15, 1, 12, 18: -0.012874250487827865
calculated iMatrix for 15, 1, 12, 19: 0.03559698527832689
calculated iMatrix for 15, 1, 13, 0: -0.13203385610562424
calculated iMatrix for 15, 1, 13, 1: -0.6370285595608218
calculated iMatrix for 15, 1, 13, 2: 0.20367618535673837
calculated iMatrix for 15, 1, 13, 3: 0.04361135164672958
calculated iMatrix for 15, 1, 13, 4: -0.18009701188243876
calculated iMatrix for 15, 1, 13, 5: 0.30931451737973537
calculated iMatrix for 15, 1, 13, 6: -0.2183182247026365
calculated iMatrix for 15, 1, 13, 7: -0.16379738582421965
calculated iMatrix for 15, 1, 13, 8: 0.061983740451521774
calculated iMatrix for 15, 1, 13, 9: -0.3913373888342777
calculated iMatrix for 15, 1, 13, 10: 0.20912579012430288
calculated iMatrix for 15, 1, 13, 11: 0.26977914798579805
calculated iMatrix for 15, 1, 13, 12: 0.11381561031997833
calculated iMatrix for 15, 1, 13, 13: -0.070812087594047
calculated iMatrix for 15, 1, 13, 14: -0.20051360006912988
calculated iMatrix for 15, 1, 13, 15: 0.061983740451521774
calculated iMatrix for 15, 1, 13, 16: 0.09663287586469593
calculated iMatrix for 15, 1, 13, 17: 0.20212333759508505
calculated iMatrix for 15, 1, 13, 18: -0.1844166730269552
calculated iMatrix for 15, 1, 13, 19: -0.38194764848443863
calculated iMatrix for 15, 1, 14, 0: -0.3361012603590201
calculated iMatrix for 15, 1, 14, 1: 0.42830894022241595
calculated iMatrix for 15, 1, 14, 2: 0.46512014173034777
calculated iMatrix for 15, 1, 14, 3: -0.010364838882402028
calculated iMatrix for 15, 1, 14, 4: -0.36554846168532107
calculated iMatrix for 15, 1, 14, 5: 0.27746952169881367
calculated iMatrix for 15, 1, 14, 6: -0.09695736769836927
calculated iMatrix for 15, 1, 14, 7: -0.4677790843342198
calculated iMatrix for 15, 1, 14, 8: 0.26598064472992555
calculated iMatrix for 15, 1, 14, 9: -0.41247423914359405
calculated iMatrix for 15, 1, 14, 10: -0.6768931581247493
calculated iMatrix for 15, 1, 14, 11: -0.3028756127306995
calculated iMatrix for 15, 1, 14, 12: 0.3343045277418155
calculated iMatrix for 15, 1, 14, 13: -0.13237579490191198
calculated iMatrix for 15, 1, 14, 14: 0.023753336497092103
calculated iMatrix for 15, 1, 14, 15: 0.33332939358360925
calculated iMatrix for 15, 1, 14, 16: 0.32411273847868527
calculated iMatrix for 15, 1, 14, 17: -0.06473235709033687
calculated iMatrix for 15, 1, 14, 18: -0.20151110638625536
calculated iMatrix for 15, 1, 14, 19: -0.12594490457162144
calculated iMatrix for 15, 1, 15, 0: -0.04280272237768146
calculated iMatrix for 15, 1, 15, 1: -0.3136284045069615
calculated iMatrix for 15, 1, 15, 2: 0.1356649275703845
calculated iMatrix for 15, 1, 15, 3: -0.37324080730847675
calculated iMatrix for 15, 1, 15, 4: -0.3189617504823239
calculated iMatrix for 15, 1, 15, 5: 0.29617712795231643
calculated iMatrix for 15, 1, 15, 6: -0.06612640936071124
calculated iMatrix for 15, 1, 15, 7: -0.013866806400579357
calculated iMatrix for 15, 1, 15, 8: 0.3023596955063659
calculated iMatrix for 15, 1, 15, 9: -0.21241850257544836
calculated iMatrix for 15, 1, 15, 10: 0.2054960220737243
calculated iMatrix for 15, 1, 15, 11: 0.052834545797933785
calculated iMatrix for 15, 1, 15, 12: 0.24430529724547623
calculated iMatrix for 15, 1, 15, 13: -0.2939556389082567
calculated iMatrix for 15, 1, 15, 14: -0.18933068782938434
calculated iMatrix for 15, 1, 15, 15: 0.226367596558809
calculated iMatrix for 15, 1, 15, 16: 0.2341353928414469
calculated iMatrix for 15, 1, 15, 17: -0.24251295328969347
calculated iMatrix for 15, 1, 15, 18: -0.5547904613238497
calculated iMatrix for 15, 1, 15, 19: -0.09979962446729918
calculated iMatrix for 15, 1, 16, 0: -0.35808016707779533
calculated iMatrix for 15, 1, 16, 1: 0.3843149483164767
calculated iMatrix for 15, 1, 16, 2: 0.4547421972905713
calculated iMatrix for 15, 1, 16, 3: 0.1111609764276058
calculated iMatrix for 15, 1, 16, 4: -0.3136284045069615
calculated iMatrix for 15, 1, 16, 5: 0.26840984748429353
calculated iMatrix for 15, 1, 16, 6: -0.16702493031508614
calculated iMatrix for 15, 1, 16, 7: 0.031976315677524125
calculated iMatrix for 15, 1, 16, 8: -0.1693106455959421
calculated iMatrix for 15, 1, 16, 9: -0.4006397814965912
calculated iMatrix for 15, 1, 16, 10: -0.04396483755785896
calculated iMatrix for 15, 1, 16, 11: -0.16473397856853023
calculated iMatrix for 15, 1, 16, 12: 0.04831043855131201
calculated iMatrix for 15, 1, 16, 13: 0.047384941030369054
calculated iMatrix for 15, 1, 16, 14: -0.09931493264102365
calculated iMatrix for 15, 1, 16, 15: 0.17418773876302263
calculated iMatrix for 15, 1, 16, 16: 0.09482178044465628
calculated iMatrix for 15, 1, 16, 17: -0.0312796780305431
calculated iMatrix for 15, 1, 16, 18: 0.3677308203009415
calculated iMatrix for 15, 1, 16, 19: 0.25168540454309896
calculated iMatrix for 15, 2, 0, 0: 0.16917136770694996
calculated iMatrix for 15, 2, 0, 1: -0.22202021695926588
calculated iMatrix for 15, 2, 0, 2: 0.07374597389247406
calculated iMatrix for 15, 2, 0, 3: 0.2675619101121638
calculated iMatrix for 15, 2, 0, 4: 0.01348678237427725
calculated iMatrix for 15, 2, 0, 5: 0.028030787274868296
calculated iMatrix for 15, 2, 0, 6: -0.044037061763909424
calculated iMatrix for 15, 2, 0, 7: -0.27665935703266287
calculated iMatrix for 15, 2, 0, 8: -0.04202296239220815
calculated iMatrix for 15, 2, 0, 9: 0.16335813258216125
calculated iMatrix for 15, 2, 0, 10: 0.012188080893040687
calculated iMatrix for 15, 2, 0, 11: -0.0733646768584294
calculated iMatrix for 15, 2, 0, 12: 0.05096594556065426
calculated iMatrix for 15, 2, 0, 13: 0.36765859609489104
calculated iMatrix for 15, 2, 0, 14: 0.03814011843825971
calculated iMatrix for 15, 2, 0, 15: -0.18618919743233897
calculated iMatrix for 15, 2, 0, 16: -0.2859095981843961
calculated iMatrix for 15, 2, 0, 17: -0.19030748016586185
calculated iMatrix for 15, 2, 0, 18: 0.1000632822098475
calculated iMatrix for 15, 2, 0, 19: -0.1692002047179152
calculated iMatrix for 15, 2, 1, 0: 0.19307688856050453
calculated iMatrix for 15, 2, 1, 1: -0.044037061763909424
calculated iMatrix for 15, 2, 1, 2: 0.18487926863604165
calculated iMatrix for 15, 2, 1, 3: 0.31784489038267205
calculated iMatrix for 15, 2, 1, 4: -0.16414543405629123
calculated iMatrix for 15, 2, 1, 5: 0.08057193896287396
calculated iMatrix for 15, 2, 1, 6: 0.07795650642881768
calculated iMatrix for 15, 2, 1, 7: -0.15237820555987336
calculated iMatrix for 15, 2, 1, 8: 0.11312113912730426
calculated iMatrix for 15, 2, 1, 9: -0.08423651459621284
calculated iMatrix for 15, 2, 1, 10: -0.020999393696891966
calculated iMatrix for 15, 2, 1, 11: 0.007834768942930781
calculated iMatrix for 15, 2, 1, 12: -0.06670586157662217
calculated iMatrix for 15, 2, 1, 13: 0.16023800524591758
calculated iMatrix for 15, 2, 1, 14: -0.1181450339176312
calculated iMatrix for 15, 2, 1, 15: -0.2685402325941585
calculated iMatrix for 15, 2, 1, 16: -0.2094618181643858
calculated iMatrix for 15, 2, 1, 17: -0.2178964997754037
calculated iMatrix for 15, 2, 1, 18: 0.28977205743781986
calculated iMatrix for 15, 2, 1, 19: 0.05200598725606831
calculated iMatrix for 15, 2, 2, 0: 0.23573983118075825
calculated iMatrix for 15, 2, 2, 1: -0.266121851729877
calculated iMatrix for 15, 2, 2, 2: 0.08238907004849416
calculated iMatrix for 15, 2, 2, 3: 0.2704562681385283
calculated iMatrix for 15, 2, 2, 4: 0.10628952162494554
calculated iMatrix for 15, 2, 2, 5: -0.09055707739880214
calculated iMatrix for 15, 2, 2, 6: -0.20388576270580538
calculated iMatrix for 15, 2, 2, 7: -0.056490522835195955
calculated iMatrix for 15, 2, 2, 8: -0.15275328526870802
calculated iMatrix for 15, 2, 2, 9: 0.1754501783471899
calculated iMatrix for 15, 2, 2, 10: 0.24415717459151276
calculated iMatrix for 15, 2, 2, 11: -0.30949599743098
calculated iMatrix for 15, 2, 2, 12: -0.32879942411235563
calculated iMatrix for 15, 2, 2, 13: -0.1922746017781275
calculated iMatrix for 15, 2, 2, 14: -0.23773697585488474
calculated iMatrix for 15, 2, 2, 15: -0.08014634138096366
calculated iMatrix for 15, 2, 2, 16: 0.011517502494064802
calculated iMatrix for 15, 2, 2, 17: 0.14489973414876456
calculated iMatrix for 15, 2, 2, 18: -0.05351580571845305
calculated iMatrix for 15, 2, 2, 19: -0.006096913618543143
calculated iMatrix for 15, 2, 3, 0: 0.11990801565563658
calculated iMatrix for 15, 2, 3, 1: -0.04036733287494698
calculated iMatrix for 15, 2, 3, 2: -0.24690314778949618
calculated iMatrix for 15, 2, 3, 3: 0.2798563926504434
calculated iMatrix for 15, 2, 3, 4: -0.09055707739880214
calculated iMatrix for 15, 2, 3, 5: -0.04143628006385203
calculated iMatrix for 15, 2, 3, 6: -0.09055707739880214
calculated iMatrix for 15, 2, 3, 7: -0.0953303561514599
calculated iMatrix for 15, 2, 3, 8: -0.28637131423723117
calculated iMatrix for 15, 2, 3, 9: 0.10545594778936795
calculated iMatrix for 15, 2, 3, 10: 0.34567968937611593
calculated iMatrix for 15, 2, 3, 11: 0.10395975248897071
calculated iMatrix for 15, 2, 3, 12: -0.0021197768822394103
calculated iMatrix for 15, 2, 3, 13: 0.29935561770187746
calculated iMatrix for 15, 2, 3, 14: -0.03161454176535217
calculated iMatrix for 15, 2, 3, 15: 0.20562401811060926
calculated iMatrix for 15, 2, 3, 16: -0.08478672093746564
calculated iMatrix for 15, 2, 3, 17: -0.11327410368303481
calculated iMatrix for 15, 2, 3, 18: -0.41724130765385226
calculated iMatrix for 15, 2, 3, 19: -0.25552999585814373
calculated iMatrix for 15, 2, 4, 0: 0.16905615369679894
calculated iMatrix for 15, 2, 4, 1: 0.2101970766203315
calculated iMatrix for 15, 2, 4, 2: 0.25514629616710793
calculated iMatrix for 15, 2, 4, 3: 0.3629991385762962
calculated iMatrix for 15, 2, 4, 4: -0.08877295560530085
calculated iMatrix for 15, 2, 4, 5: -0.14991692305792192
calculated iMatrix for 15, 2, 4, 6: 0.03984442221679285
calculated iMatrix for 15, 2, 4, 7: -0.43654042095778156
calculated iMatrix for 15, 2, 4, 8: -0.023417774561173665
calculated iMatrix for 15, 2, 4, 9: -0.09634301446584603
calculated iMatrix for 15, 2, 4, 10: 0.14451504478068145
calculated iMatrix for 15, 2, 4, 11: 0.07374597389247406
calculated iMatrix for 15, 2, 4, 12: 0.10220843855623563
calculated iMatrix for 15, 2, 4, 13: 0.38953800527614846
calculated iMatrix for 15, 2, 4, 14: 0.11348630254198822
calculated iMatrix for 15, 2, 4, 15: -0.06935486974819915
calculated iMatrix for 15, 2, 4, 16: -0.20496742857654626
calculated iMatrix for 15, 2, 4, 17: -0.11974888349960577
calculated iMatrix for 15, 2, 4, 18: -0.34746749118382947
calculated iMatrix for 15, 2, 4, 19: -0.24988911596805818
calculated iMatrix for 15, 2, 5, 0: 0.06558266325331319
calculated iMatrix for 15, 2, 5, 1: -0.2728786341927568
calculated iMatrix for 15, 2, 5, 2: 0.40802281995025147
calculated iMatrix for 15, 2, 5, 3: 0.3038825606976545
calculated iMatrix for 15, 2, 5, 4: 0.06023225472575133
calculated iMatrix for 15, 2, 5, 5: -0.18751878524160015
calculated iMatrix for 15, 2, 5, 6: -0.270350187839398
calculated iMatrix for 15, 2, 5, 7: 0.12187845964293542
calculated iMatrix for 15, 2, 5, 8: -0.391867980906189
calculated iMatrix for 15, 2, 5, 9: 0.18064376886918687
calculated iMatrix for 15, 2, 5, 10: 0.049204864976356455
calculated iMatrix for 15, 2, 5, 11: -0.2536921498612327
calculated iMatrix for 15, 2, 5, 12: -0.37254112873594536
calculated iMatrix for 15, 2, 5, 13: 0.38204733354699083
calculated iMatrix for 15, 2, 5, 14: 0.008533825245428672
calculated iMatrix for 15, 2, 5, 15: 0.08667022487340936
calculated iMatrix for 15, 2, 5, 16: -0.16010076134804108
calculated iMatrix for 15, 2, 5, 17: -0.06634281927820751
calculated iMatrix for 15, 2, 5, 18: 0.13934325637828737
calculated iMatrix for 15, 2, 5, 19: -0.14222908794312306
calculated iMatrix for 15, 2, 6, 0: 0.4169978974990659
calculated iMatrix for 15, 2, 6, 1: 0.038654654081204054
calculated iMatrix for 15, 2, 6, 2: -0.015552163755222947
calculated iMatrix for 15, 2, 6, 3: 0.31618926086541066
calculated iMatrix for 15, 2, 6, 4: 0.0047531024055227356
calculated iMatrix for 15, 2, 6, 5: -0.517210265770924
calculated iMatrix for 15, 2, 6, 6: -0.6883940781544226
calculated iMatrix for 15, 2, 6, 7: 0.2391962089736659
calculated iMatrix for 15, 2, 6, 8: -0.22886174877598264
calculated iMatrix for 15, 2, 6, 9: 0.5936965054354654
calculated iMatrix for 15, 2, 6, 10: 0.5845715976584649
calculated iMatrix for 15, 2, 6, 11: -0.4237015239273404
calculated iMatrix for 15, 2, 6, 12: -0.17148940831204962
calculated iMatrix for 15, 2, 6, 13: 0.21916297375097782
calculated iMatrix for 15, 2, 6, 14: -0.20676760908069436
calculated iMatrix for 15, 2, 6, 15: -0.6503929599758088
calculated iMatrix for 15, 2, 6, 16: -0.38728898537050094
calculated iMatrix for 15, 2, 6, 17: 0.014703433258690835
calculated iMatrix for 15, 2, 6, 18: 0.11011361806334896
calculated iMatrix for 15, 2, 6, 19: 0.2601575159379539
calculated iMatrix for 15, 2, 7, 0: 0.5155787261715132
calculated iMatrix for 15, 2, 7, 1: -0.716564955121119
calculated iMatrix for 15, 2, 7, 2: -0.12121551783730011
calculated iMatrix for 15, 2, 7, 3: 0.5118404040609063
calculated iMatrix for 15, 2, 7, 4: -0.20853067999239883
calculated iMatrix for 15, 2, 7, 5: -0.6856124351925458
calculated iMatrix for 15, 2, 7, 6: -0.24752704299534234
calculated iMatrix for 15, 2, 7, 7: 0.3294764465376526
calculated iMatrix for 15, 2, 7, 8: 0.055283911052738666
calculated iMatrix for 15, 2, 7, 9: 0.28917708493774597
calculated iMatrix for 15, 2, 7, 10: 0.13258647391540757
calculated iMatrix for 15, 2, 7, 11: -0.06836916242343993
calculated iMatrix for 15, 2, 7, 12: -0.29151271373764975
calculated iMatrix for 15, 2, 7, 13: 0.5415542125747741
calculated iMatrix for 15, 2, 7, 14: 0.3557300252296174
calculated iMatrix for 15, 2, 7, 15: -0.2485794900316206
calculated iMatrix for 15, 2, 7, 16: -0.27054491084653665
calculated iMatrix for 15, 2, 7, 17: -0.21438242751114822
calculated iMatrix for 15, 2, 7, 18: 0.09436526109520982
calculated iMatrix for 15, 2, 7, 19: -0.422690912421417
calculated iMatrix for 15, 2, 8, 0: NaN
calculated iMatrix for 15, 2, 8, 1: NaN
calculated iMatrix for 15, 2, 8, 2: NaN
calculated iMatrix for 15, 2, 8, 3: NaN
calculated iMatrix for 15, 2, 8, 4: NaN
calculated iMatrix for 15, 2, 8, 5: NaN
calculated iMatrix for 15, 2, 8, 6: NaN
calculated iMatrix for 15, 2, 8, 7: NaN
calculated iMatrix for 15, 2, 8, 8: NaN
calculated iMatrix for 15, 2, 8, 9: NaN
calculated iMatrix for 15, 2, 8, 10: NaN
calculated iMatrix for 15, 2, 8, 11: NaN
calculated iMatrix for 15, 2, 8, 12: NaN
calculated iMatrix for 15, 2, 8, 13: NaN
calculated iMatrix for 15, 2, 8, 14: NaN
calculated iMatrix for 15, 2, 8, 15: -3.0869193643967563E-4
calculated iMatrix for 15, 2, 8, 16: NaN
calculated iMatrix for 15, 2, 8, 17: NaN
calculated iMatrix for 15, 2, 8, 18: NaN
calculated iMatrix for 15, 2, 8, 19: NaN
calculated iMatrix for 15, 2, 9, 0: 0.4220526681606898
calculated iMatrix for 15, 2, 9, 1: -0.40071200570264176
calculated iMatrix for 15, 2, 9, 2: -0.3037630569491002
calculated iMatrix for 15, 2, 9, 3: 0.26563698170257954
calculated iMatrix for 15, 2, 9, 4: -0.002364365363341281
calculated iMatrix for 15, 2, 9, 5: -0.7555333809920511
calculated iMatrix for 15, 2, 9, 6: 0.08271464387523453
calculated iMatrix for 15, 2, 9, 7: 0.3344399016266081
calculated iMatrix for 15, 2, 9, 8: 0.3562778203679393
calculated iMatrix for 15, 2, 9, 9: 0.5589291670451273
calculated iMatrix for 15, 2, 9, 10: 0.7597756866835554
calculated iMatrix for 15, 2, 9, 11: -0.10206090188028683
calculated iMatrix for 15, 2, 9, 12: -2.1750364131085953
calculated iMatrix for 15, 2, 9, 13: 0.43553601849797696
calculated iMatrix for 15, 2, 9, 14: 0.040685111631585946
calculated iMatrix for 15, 2, 9, 15: -0.37563836815052565
calculated iMatrix for 15, 2, 9, 16: -0.39049045163110374
calculated iMatrix for 15, 2, 9, 17: -0.09917782044270929
calculated iMatrix for 15, 2, 9, 18: 0.3400139518404385
calculated iMatrix for 15, 2, 9, 19: 0.03930548391218236
calculated iMatrix for 15, 2, 10, 0: 0.4227969927205472
calculated iMatrix for 15, 2, 10, 1: -0.12041004054848325
calculated iMatrix for 15, 2, 10, 2: -0.9166527301354029
calculated iMatrix for 15, 2, 10, 3: -0.3766971294987679
calculated iMatrix for 15, 2, 10, 4: 0.2532144617040222
calculated iMatrix for 15, 2, 10, 5: -0.4244285323199576
calculated iMatrix for 15, 2, 10, 6: 0.06883195909004503
calculated iMatrix for 15, 2, 10, 7: 0.5547994393247947
calculated iMatrix for 15, 2, 10, 8: 0.016948375499340917
calculated iMatrix for 15, 2, 10, 9: 0.7986418527669998
calculated iMatrix for 15, 2, 10, 10: 0.9618658287999329
calculated iMatrix for 15, 2, 10, 11: -0.13721715886486463
calculated iMatrix for 15, 2, 10, 12: -1.4075167451176287
calculated iMatrix for 15, 2, 10, 13: 0.18004063254209735
calculated iMatrix for 15, 2, 10, 14: 0.17725292090097755
calculated iMatrix for 15, 2, 10, 15: -0.8707156349483772
calculated iMatrix for 15, 2, 10, 16: -0.47747063817498814
calculated iMatrix for 15, 2, 10, 17: 0.3492575107239999
calculated iMatrix for 15, 2, 10, 18: 0.1060068361106955
calculated iMatrix for 15, 2, 10, 19: 0.019678752622198314
calculated iMatrix for 15, 2, 11, 0: 0.15498988291164462
calculated iMatrix for 15, 2, 11, 1: -0.49423806371346524
calculated iMatrix for 15, 2, 11, 2: -0.1588763213762795
calculated iMatrix for 15, 2, 11, 3: 0.24398279147135682
calculated iMatrix for 15, 2, 11, 4: 0.15672037525183746
calculated iMatrix for 15, 2, 11, 5: -0.39114255468649095
calculated iMatrix for 15, 2, 11, 6: -0.2257705562063098
calculated iMatrix for 15, 2, 11, 7: 0.17037280958154577
calculated iMatrix for 15, 2, 11, 8: 0.3084355162037449
calculated iMatrix for 15, 2, 11, 9: 0.40278323202616884
calculated iMatrix for 15, 2, 11, 10: 0.4549541043550785
calculated iMatrix for 15, 2, 11, 11: -0.013265403097155626
calculated iMatrix for 15, 2, 11, 12: -0.6833815363308783
calculated iMatrix for 15, 2, 11, 13: 0.22789665371973244
calculated iMatrix for 15, 2, 11, 14: 0.5155787261715132
calculated iMatrix for 15, 2, 11, 15: -0.25435559760220217
calculated iMatrix for 15, 2, 11, 16: -0.425404618293013
calculated iMatrix for 15, 2, 11, 17: -0.11767031280736295
calculated iMatrix for 15, 2, 11, 18: -0.12041004054848325
calculated iMatrix for 15, 2, 11, 19: -0.1936978363183156
calculated iMatrix for 15, 2, 12, 0: 0.42992328159301946
calculated iMatrix for 15, 2, 12, 1: -1.172191029532494
calculated iMatrix for 15, 2, 12, 2: -0.09348533717789065
calculated iMatrix for 15, 2, 12, 3: 0.12253613806190611
calculated iMatrix for 15, 2, 12, 4: 0.055053840880321614
calculated iMatrix for 15, 2, 12, 5: 0.01262715883642862
calculated iMatrix for 15, 2, 12, 6: 0.19399510204405113
calculated iMatrix for 15, 2, 12, 7: -0.2978175825400088
calculated iMatrix for 15, 2, 12, 8: 0.368975251979638
calculated iMatrix for 15, 2, 12, 9: 0.3051280016557226
calculated iMatrix for 15, 2, 12, 10: -0.04835672290842585
calculated iMatrix for 15, 2, 12, 11: 0.055283911052738666
calculated iMatrix for 15, 2, 12, 12: -0.30273159734243793
calculated iMatrix for 15, 2, 12, 13: 0.3135520982982263
calculated iMatrix for 15, 2, 12, 14: -0.0398512038312312
calculated iMatrix for 15, 2, 12, 15: -0.09055707739880214
calculated iMatrix for 15, 2, 12, 16: -0.1158748853830921
calculated iMatrix for 15, 2, 12, 17: -0.4444885353917837
calculated iMatrix for 15, 2, 12, 18: -1.0088659734291943
calculated iMatrix for 15, 2, 12, 19: -0.5125034116907584
calculated iMatrix for 15, 2, 13, 0: 0.30567435476241667
calculated iMatrix for 15, 2, 13, 1: -0.20882099789253628
calculated iMatrix for 15, 2, 13, 2: -0.20327681109863904
calculated iMatrix for 15, 2, 13, 3: 0.054452770957795216
calculated iMatrix for 15, 2, 13, 4: 0.10428269775255583
calculated iMatrix for 15, 2, 13, 5: -0.21505154764317236
calculated iMatrix for 15, 2, 13, 6: -0.0508167487492881
calculated iMatrix for 15, 2, 13, 7: -0.03545331807251795
calculated iMatrix for 15, 2, 13, 8: 0.34769785353235305
calculated iMatrix for 15, 2, 13, 9: 0.2755247027089871
calculated iMatrix for 15, 2, 13, 10: 0.0047531024055227356
calculated iMatrix for 15, 2, 13, 11: -0.004162261252429578
calculated iMatrix for 15, 2, 13, 12: -0.38428146430654586
calculated iMatrix for 15, 2, 13, 13: 0.1543941917268059
calculated iMatrix for 15, 2, 13, 14: 0.22789665371973244
calculated iMatrix for 15, 2, 13, 15: -0.25666104322564787
calculated iMatrix for 15, 2, 13, 16: -0.22337799041972628
calculated iMatrix for 15, 2, 13, 17: -0.33984926029894036
calculated iMatrix for 15, 2, 13, 18: -0.2953514900448154
calculated iMatrix for 15, 2, 13, 19: 0.2519942052987929
calculated iMatrix for 15, 2, 14, 0: 0.3288518759096424
calculated iMatrix for 15, 2, 14, 1: -0.48177982879142356
calculated iMatrix for 15, 2, 14, 2: -0.18218740024472646
calculated iMatrix for 15, 2, 14, 3: 0.06605362826931838
calculated iMatrix for 15, 2, 14, 4: -0.1307371547043329
calculated iMatrix for 15, 2, 14, 5: -0.06107324891647725
calculated iMatrix for 15, 2, 14, 6: -0.15431159222416457
calculated iMatrix for 15, 2, 14, 7: 0.0897463152389153
calculated iMatrix for 15, 2, 14, 8: 0.03772312164309255
calculated iMatrix for 15, 2, 14, 9: 0.40482736187881063
calculated iMatrix for 15, 2, 14, 10: 0.28852127553616724
calculated iMatrix for 15, 2, 14, 11: -0.07659253704842972
calculated iMatrix for 15, 2, 14, 12: -0.20796593157280296
calculated iMatrix for 15, 2, 14, 13: -0.0026270048920999933
calculated iMatrix for 15, 2, 14, 14: 0.2807391350941124
calculated iMatrix for 15, 2, 14, 15: -0.46955160873960355
calculated iMatrix for 15, 2, 14, 16: -0.414819673213321
calculated iMatrix for 15, 2, 14, 17: -0.12692472156967705
calculated iMatrix for 15, 2, 14, 18: 0.31127826265878344
calculated iMatrix for 15, 2, 14, 19: -0.10140709342286802
calculated iMatrix for 15, 2, 15, 0: -0.015049524890657029
calculated iMatrix for 15, 2, 15, 1: -0.514040691009645
calculated iMatrix for 15, 2, 15, 2: -0.10630543436694129
calculated iMatrix for 15, 2, 15, 3: 0.16799851213866346
calculated iMatrix for 15, 2, 15, 4: -0.07220793873060571
calculated iMatrix for 15, 2, 15, 5: -0.11606625463063802
calculated iMatrix for 15, 2, 15, 6: 0.1261139594097901
calculated iMatrix for 15, 2, 15, 7: -0.14316702767109957
calculated iMatrix for 15, 2, 15, 8: 0.16045537292419987
calculated iMatrix for 15, 2, 15, 9: 0.14545298450865785
calculated iMatrix for 15, 2, 15, 10: -0.09418684544938094
calculated iMatrix for 15, 2, 15, 11: 0.24731473957683392
calculated iMatrix for 15, 2, 15, 12: -0.03941811590761479
calculated iMatrix for 15, 2, 15, 13: 0.13421116964240942
calculated iMatrix for 15, 2, 15, 14: 0.3287013528416979
calculated iMatrix for 15, 2, 15, 15: -0.2776519129454146
calculated iMatrix for 15, 2, 15, 16: -0.13104843875353922
calculated iMatrix for 15, 2, 15, 17: 0.07374597389247406
calculated iMatrix for 15, 2, 15, 18: -0.11197117190261874
calculated iMatrix for 15, 2, 15, 19: -0.21393609855930673
calculated iMatrix for 15, 2, 16, 0: 0.11456796841272932
calculated iMatrix for 15, 2, 16, 1: -0.5744498188052048
calculated iMatrix for 15, 2, 16, 2: -0.11857011362647618
calculated iMatrix for 15, 2, 16, 3: 0.04449343105503678
calculated iMatrix for 15, 2, 16, 4: -0.11694383257199703
calculated iMatrix for 15, 2, 16, 5: -0.16960028473925493
calculated iMatrix for 15, 2, 16, 6: 0.14520493787461897
calculated iMatrix for 15, 2, 16, 7: -3.6199826124772017E-4
calculated iMatrix for 15, 2, 16, 8: 0.2222309161840551
calculated iMatrix for 15, 2, 16, 9: 0.3759140553299172
calculated iMatrix for 15, 2, 16, 10: 0.1548715187048425
calculated iMatrix for 15, 2, 16, 11: 0.08813471134457374
calculated iMatrix for 15, 2, 16, 12: -0.10260541591497663
calculated iMatrix for 15, 2, 16, 13: 0.1545653806341828
calculated iMatrix for 15, 2, 16, 14: 0.011022715419118145
calculated iMatrix for 15, 2, 16, 15: -0.2403693556274623
calculated iMatrix for 15, 2, 16, 16: -0.10380230414882285
calculated iMatrix for 15, 2, 16, 17: -0.09543275746228608
calculated iMatrix for 15, 2, 16, 18: -0.3540248917299885
calculated iMatrix for 15, 2, 16, 19: -0.2855570924525276
calculated fs for 0: [J@4b32ace3
calculated fs for 0: [J@4b32ace3
calculated fs for 0: [J@4b32ace3
calculated fs for 0: [J@4b32ace3
calculated fs for 0: [J@4b32ace3
calculated fs for 0: [J@4b32ace3
calculated fs for 0: [J@4b32ace3
calculated fs for 0: [J@4b32ace3
calculated fs for 0: [J@4b32ace3
calculated fs for 0: [J@4b32ace3
calculated fs for 0: [J@4b32ace3
calculated fs for 0: [J@4b32ace3
calculated fs for 0: [J@4b32ace3
calculated fs for 0: [J@4b32ace3
calculated fs for 0: [J@4b32ace3
calculated fs for 0: [J@4b32ace3
calculated fs for 0: [J@4b32ace3
calculated fs for 0: [J@4b32ace3
calculated fs for 0: [J@4b32ace3
calculated fs for 0: [J@4b32ace3
calculated fs for 0: [J@4b32ace3
calculated fs for 0: [J@4b32ace3
calculated fs for 0: [J@4b32ace3
calculated fs for 0: [J@4b32ace3
calculated fs for 0: [J@4b32ace3
calculated fs for 0: [J@4b32ace3
calculated fs for 0: [J@4b32ace3
calculated fs for 0: [J@4b32ace3
calculated fs for 0: [J@4b32ace3
calculated fs for 0: [J@4b32ace3
calculated fs for 0: [J@4b32ace3
calculated fs for 0: [J@4b32ace3
calculated fs for 0: [J@4b32ace3
calculated fs for 0: [J@4b32ace3
calculated fs for 0: [J@4b32ace3
calculated fs for 0: [J@4b32ace3
calculated fs for 0: [J@4b32ace3
calculated fs for 0: [J@4b32ace3
calculated fs for 0: [J@4b32ace3
calculated fs for 0: [J@4b32ace3
calculated fs for 0: [J@4b32ace3
calculated fs for 0: [J@4b32ace3
calculated fs for 0: [J@4b32ace3
calculated fs for 0: [J@4b32ace3
calculated fs for 0: [J@4b32ace3
calculated fs for 0: [J@4b32ace3
calculated fs for 0: [J@4b32ace3
calculated fs for 0: [J@4b32ace3
calculated fs for 0: [J@4b32ace3
calculated fs for 0: [J@4b32ace3
calculated fs for 0: [J@4b32ace3
calculated fs for 0: [J@4b32ace3
calculated fs for 0: [J@4b32ace3
calculated fs for 0: [J@4b32ace3
calculated fs for 0: [J@4b32ace3
calculated fs for 0: [J@4b32ace3
calculated fs for 0: [J@4b32ace3
calculated fs for 0: [J@4b32ace3
calculated fs for 0: [J@4b32ace3
calculated fs for 0: [J@4b32ace3
calculated fs for 0: [J@4b32ace3
calculated fs for 0: [J@4b32ace3
calculated fs for 0: [J@4b32ace3
calculated fs for 0: [J@4b32ace3
calculated fs for 0: [J@4b32ace3
calculated fs for 0: [J@4b32ace3
calculated fs for 0: [J@4b32ace3
calculated fs for 0: [J@4b32ace3
calculated fs for 0: [J@4b32ace3
calculated fs for 0: [J@4b32ace3
calculated fs for 0: [J@4b32ace3
calculated fs for 0: [J@4b32ace3
calculated fs for 0: [J@4b32ace3
calculated fs for 0: [J@4b32ace3
calculated fs for 0: [J@4b32ace3
calculated fs for 0: [J@4b32ace3
calculated fs for 0: [J@4b32ace3
calculated fs for 0: [J@4b32ace3
calculated fs for 0: [J@4b32ace3
calculated fs for 0: [J@4b32ace3
calculated fs for 0: [J@4b32ace3
calculated fs for 0: [J@4b32ace3
calculated fs for 0: [J@4b32ace3
calculated fs for 0: [J@4b32ace3
calculated fs for 0: [J@4b32ace3
calculated fs for 0: [J@4b32ace3
calculated fs for 0: [J@4b32ace3
calculated fs for 0: [J@4b32ace3
calculated fs for 0: [J@4b32ace3
calculated fs for 0: [J@4b32ace3
calculated fs for 0: [J@4b32ace3
calculated fs for 0: [J@4b32ace3
calculated fs for 0: [J@4b32ace3
calculated fs for 0: [J@4b32ace3
calculated fs for 0: [J@4b32ace3
calculated fs for 0: [J@4b32ace3
calculated fs for 0: [J@4b32ace3
calculated fs for 0: [J@4b32ace3
calculated fs for 0: [J@4b32ace3
calculated fs for 0: [J@4b32ace3
calculated fs for 0: [J@4b32ace3
calculated fs for 0: [J@4b32ace3
calculated fs for 0: [J@4b32ace3
calculated fs for 0: [J@4b32ace3
calculated fs for 0: [J@4b32ace3
calculated fs for 0: [J@4b32ace3
calculated fs for 0: [J@4b32ace3
calculated fs for 0: [J@4b32ace3
calculated fs for 0: [J@4b32ace3
calculated fs for 0: [J@4b32ace3
calculated fs for 0: [J@4b32ace3
calculated fs for 0: [J@4b32ace3
calculated fs for 0: [J@4b32ace3
calculated fs for 0: [J@4b32ace3
calculated fs for 0: [J@4b32ace3
calculated fs for 0: [J@4b32ace3
calculated fs for 0: [J@4b32ace3
calculated fs for 0: [J@4b32ace3
calculated fs for 0: [J@4b32ace3
calculated fs for 0: [J@4b32ace3
calculated fs for 0: [J@4b32ace3
calculated fs for 0: [J@4b32ace3
calculated fs for 0: [J@4b32ace3
calculated fs for 0: [J@4b32ace3
calculated fs for 0: [J@4b32ace3
calculated fs for 0: [J@4b32ace3
calculated fs for 0: [J@4b32ace3
calculated fs for 0: [J@4b32ace3
calculated fs for 0: [J@4b32ace3
calculated fs for 0: [J@4b32ace3
calculated fs for 0: [J@4b32ace3
calculated fs for 0: [J@4b32ace3
calculated fs for 0: [J@4b32ace3
calculated fs for 0: [J@4b32ace3
calculated fs for 0: [J@4b32ace3
calculated fs for 0: [J@4b32ace3
calculated fs for 0: [J@4b32ace3
calculated fs for 0: [J@4b32ace3
calculated fs for 0: [J@4b32ace3
calculated fs for 0: [J@4b32ace3
calculated fs for 0: [J@4b32ace3
calculated fs for 0: [J@4b32ace3
calculated fs for 0: [J@4b32ace3
calculated fs for 0: [J@4b32ace3
calculated fs for 0: [J@4b32ace3
calculated fs for 0: [J@4b32ace3
calculated fs for 0: [J@4b32ace3
calculated fs for 0: [J@4b32ace3
calculated fs for 0: [J@4b32ace3
calculated fs for 0: [J@4b32ace3
calculated fs for 0: [J@4b32ace3
calculated fs for 0: [J@4b32ace3
calculated fs for 0: [J@4b32ace3
calculated fs for 0: [J@4b32ace3
calculated fs for 0: [J@4b32ace3
calculated fs for 0: [J@4b32ace3
calculated fs for 0: [J@4b32ace3
calculated fs for 0: [J@4b32ace3
calculated fs for 0: [J@4b32ace3
calculated fs for 0: [J@4b32ace3
calculated fs for 0: [J@4b32ace3
calculated fs for 0: [J@4b32ace3
calculated fs for 0: [J@4b32ace3
calculated fs for 0: [J@4b32ace3
calculated fs for 0: [J@4b32ace3
calculated fs for 0: [J@4b32ace3
calculated fs for 0: [J@4b32ace3
calculated fs for 0: [J@4b32ace3
calculated fs for 0: [J@4b32ace3
calculated fs for 0: [J@4b32ace3
calculated fs for 0: [J@4b32ace3
calculated fs for 0: [J@4b32ace3
calculated fs for 0: [J@4b32ace3
calculated fs for 0: [J@4b32ace3
calculated fs for 0: [J@4b32ace3
calculated fs for 0: [J@4b32ace3
calculated fs for 0: [J@4b32ace3
calculated fs for 0: [J@4b32ace3
calculated fs for 0: [J@4b32ace3
calculated fs for 0: [J@4b32ace3
calculated fs for 0: [J@4b32ace3
calculated fs for 0: [J@4b32ace3
calculated fs for 0: [J@4b32ace3
calculated fs for 0: [J@4b32ace3
calculated fs for 0: [J@4b32ace3
calculated fs for 0: [J@4b32ace3
calculated fs for 0: [J@4b32ace3
calculated fs for 0: [J@4b32ace3
calculated fs for 0: [J@4b32ace3
calculated fs for 0: [J@4b32ace3
calculated fs for 0: [J@4b32ace3
calculated fs for 0: [J@4b32ace3
calculated fs for 0: [J@4b32ace3
calculated fs for 0: [J@4b32ace3
calculated fs for 0: [J@4b32ace3
calculated fs for 0: [J@4b32ace3
calculated fs for 0: [J@4b32ace3
calculated fs for 0: [J@4b32ace3
calculated fs for 0: [J@4b32ace3
calculated fs for 0: [J@4b32ace3
calculated fs for 0: [J@4b32ace3
calculated fs for 0: [J@4b32ace3
calculated fs for 0: [J@4b32ace3
calculated fs for 0: [J@4b32ace3
calculated fs for 0: [J@4b32ace3
calculated fs for 0: [J@4b32ace3
calculated fs for 0: [J@4b32ace3
calculated fs for 0: [J@4b32ace3
calculated fs for 0: [J@4b32ace3
calculated fs for 0: [J@4b32ace3
calculated fs for 0: [J@4b32ace3
calculated fs for 0: [J@4b32ace3
calculated fs for 0: [J@4b32ace3
calculated fs for 0: [J@4b32ace3
calculated fs for 0: [J@4b32ace3
calculated fs for 0: [J@4b32ace3
calculated fs for 0: [J@4b32ace3
calculated fs for 0: [J@4b32ace3
calculated fs for 0: [J@4b32ace3
calculated fs for 0: [J@4b32ace3
calculated fs for 0: [J@4b32ace3
calculated fs for 0: [J@4b32ace3
calculated fs for 0: [J@4b32ace3
calculated fs for 0: [J@4b32ace3
calculated fs for 0: [J@4b32ace3
calculated fs for 0: [J@4b32ace3
calculated fs for 0: [J@4b32ace3
calculated fs for 0: [J@4b32ace3
calculated fs for 0: [J@4b32ace3
calculated fs for 0: [J@4b32ace3
calculated fs for 0: [J@4b32ace3
calculated fs for 0: [J@4b32ace3
calculated fs for 0: [J@4b32ace3
calculated fs for 0: [J@4b32ace3
calculated fs for 0: [J@4b32ace3
calculated fs for 0: [J@4b32ace3
calculated fs for 0: [J@4b32ace3
calculated fs for 0: [J@4b32ace3
calculated fs for 0: [J@4b32ace3
calculated fs for 0: [J@4b32ace3
calculated fs for 0: [J@4b32ace3
calculated fs for 0: [J@4b32ace3
calculated fs for 0: [J@4b32ace3
calculated fs for 0: [J@4b32ace3
calculated fs for 0: [J@4b32ace3
calculated fs for 0: [J@4b32ace3
calculated fs for 0: [J@4b32ace3
calculated fs for 0: [J@4b32ace3
calculated fs for 0: [J@4b32ace3
calculated fs for 0: [J@4b32ace3
calculated fs for 0: [J@4b32ace3
calculated fs for 0: [J@4b32ace3
calculated fs for 0: [J@4b32ace3
calculated fs for 0: [J@4b32ace3
calculated fs for 0: [J@4b32ace3
calculated fs for 0: [J@4b32ace3
calculated fs for 0: [J@4b32ace3
calculated fs for 0: [J@4b32ace3
calculated fs for 0: [J@4b32ace3
calculated fs for 0: [J@4b32ace3
calculated fs for 0: [J@4b32ace3
calculated fs for 0: [J@4b32ace3
calculated fs for 0: [J@4b32ace3
calculated fs for 0: [J@4b32ace3
calculated fs for 0: [J@4b32ace3
calculated fs for 0: [J@4b32ace3
calculated fs for 0: [J@4b32ace3
calculated fs for 0: [J@4b32ace3
calculated fs for 0: [J@4b32ace3
calculated fs for 0: [J@4b32ace3
calculated fs for 0: [J@4b32ace3
calculated fs for 0: [J@4b32ace3
calculated fs for 0: [J@4b32ace3
calculated fs for 0: [J@4b32ace3
calculated fs for 0: [J@4b32ace3
calculated fs for 0: [J@4b32ace3
calculated fs for 0: [J@4b32ace3
calculated fs for 0: [J@4b32ace3
calculated fs for 0: [J@4b32ace3
calculated fs for 0: [J@4b32ace3
calculated fs for 0: [J@4b32ace3
calculated fs for 0: [J@4b32ace3
calculated fs for 0: [J@4b32ace3
calculated fs for 0: [J@4b32ace3
calculated fs for 0: [J@4b32ace3
calculated fs for 0: [J@4b32ace3
calculated fs for 0: [J@4b32ace3
calculated fs for 0: [J@4b32ace3
calculated fs for 0: [J@4b32ace3
calculated fs for 0: [J@4b32ace3
calculated fs for 0: [J@4b32ace3
calculated fs for 0: [J@4b32ace3
calculated fs for 0: [J@4b32ace3
calculated fs for 0: [J@4b32ace3
calculated fs for 0: [J@4b32ace3
calculated fs for 0: [J@4b32ace3
calculated fs for 0: [J@4b32ace3
calculated fs for 0: [J@4b32ace3
calculated fs for 0: [J@4b32ace3
calculated fs for 0: [J@4b32ace3
calculated fs for 0: [J@4b32ace3
calculated fs for 0: [J@4b32ace3
calculated fs for 0: [J@4b32ace3
calculated fs for 0: [J@4b32ace3
calculated fs for 0: [J@4b32ace3
calculated fs for 0: [J@4b32ace3
calculated fs for 0: [J@4b32ace3
calculated fs for 0: [J@4b32ace3
calculated fs for 0: [J@4b32ace3
calculated fs for 0: [J@4b32ace3
calculated fs for 0: [J@4b32ace3
calculated fs for 0: [J@4b32ace3
calculated fs for 0: [J@4b32ace3
calculated fs for 0: [J@4b32ace3
calculated fs for 0: [J@4b32ace3
calculated fs for 0: [J@4b32ace3
calculated fs for 0: [J@4b32ace3
calculated fs for 0: [J@4b32ace3
calculated fs for 0: [J@4b32ace3
calculated fs for 0: [J@4b32ace3
calculated fs for 0: [J@4b32ace3
calculated fs for 0: [J@4b32ace3
calculated fs for 0: [J@4b32ace3
calculated fs for 0: [J@4b32ace3
calculated fs for 0: [J@4b32ace3
calculated fs for 0: [J@4b32ace3
calculated fs for 0: [J@4b32ace3
calculated fs for 0: [J@4b32ace3
calculated fs for 0: [J@4b32ace3
calculated fs for 0: [J@4b32ace3
calculated fs for 0: [J@4b32ace3
calculated fs for 0: [J@4b32ace3
calculated fs for 0: [J@4b32ace3
calculated fs for 0: [J@4b32ace3
calculated fs for 0: [J@4b32ace3
calculated fs for 0: [J@4b32ace3
calculated fs for 0: [J@4b32ace3
calculated fs for 0: [J@4b32ace3
calculated fs for 0: [J@4b32ace3
calculated fs for 0: [J@4b32ace3
calculated fs for 1: [J@6bf491a6
calculated fs for 1: [J@6bf491a6
calculated fs for 1: [J@6bf491a6
calculated fs for 1: [J@6bf491a6
calculated fs for 1: [J@6bf491a6
calculated fs for 1: [J@6bf491a6
calculated fs for 1: [J@6bf491a6
calculated fs for 1: [J@6bf491a6
calculated fs for 1: [J@6bf491a6
calculated fs for 1: [J@6bf491a6
calculated fs for 1: [J@6bf491a6
calculated fs for 1: [J@6bf491a6
calculated fs for 1: [J@6bf491a6
calculated fs for 1: [J@6bf491a6
calculated fs for 1: [J@6bf491a6
calculated fs for 1: [J@6bf491a6
calculated fs for 1: [J@6bf491a6
calculated fs for 1: [J@6bf491a6
calculated fs for 1: [J@6bf491a6
calculated fs for 1: [J@6bf491a6
calculated fs for 1: [J@6bf491a6
calculated fs for 1: [J@6bf491a6
calculated fs for 1: [J@6bf491a6
calculated fs for 1: [J@6bf491a6
calculated fs for 1: [J@6bf491a6
calculated fs for 1: [J@6bf491a6
calculated fs for 1: [J@6bf491a6
calculated fs for 1: [J@6bf491a6
calculated fs for 1: [J@6bf491a6
calculated fs for 1: [J@6bf491a6
calculated fs for 1: [J@6bf491a6
calculated fs for 1: [J@6bf491a6
calculated fs for 1: [J@6bf491a6
calculated fs for 1: [J@6bf491a6
calculated fs for 1: [J@6bf491a6
calculated fs for 1: [J@6bf491a6
calculated fs for 1: [J@6bf491a6
calculated fs for 1: [J@6bf491a6
calculated fs for 1: [J@6bf491a6
calculated fs for 1: [J@6bf491a6
calculated fs for 1: [J@6bf491a6
calculated fs for 1: [J@6bf491a6
calculated fs for 1: [J@6bf491a6
calculated fs for 1: [J@6bf491a6
calculated fs for 1: [J@6bf491a6
calculated fs for 1: [J@6bf491a6
calculated fs for 1: [J@6bf491a6
calculated fs for 1: [J@6bf491a6
calculated fs for 1: [J@6bf491a6
calculated fs for 1: [J@6bf491a6
calculated fs for 1: [J@6bf491a6
calculated fs for 1: [J@6bf491a6
calculated fs for 1: [J@6bf491a6
calculated fs for 1: [J@6bf491a6
calculated fs for 1: [J@6bf491a6
calculated fs for 1: [J@6bf491a6
calculated fs for 1: [J@6bf491a6
calculated fs for 1: [J@6bf491a6
calculated fs for 1: [J@6bf491a6
calculated fs for 1: [J@6bf491a6
calculated fs for 1: [J@6bf491a6
calculated fs for 1: [J@6bf491a6
calculated fs for 1: [J@6bf491a6
calculated fs for 1: [J@6bf491a6
calculated fs for 1: [J@6bf491a6
calculated fs for 1: [J@6bf491a6
calculated fs for 1: [J@6bf491a6
calculated fs for 1: [J@6bf491a6
calculated fs for 1: [J@6bf491a6
calculated fs for 1: [J@6bf491a6
calculated fs for 1: [J@6bf491a6
calculated fs for 1: [J@6bf491a6
calculated fs for 1: [J@6bf491a6
calculated fs for 1: [J@6bf491a6
calculated fs for 1: [J@6bf491a6
calculated fs for 1: [J@6bf491a6
calculated fs for 1: [J@6bf491a6
calculated fs for 1: [J@6bf491a6
calculated fs for 1: [J@6bf491a6
calculated fs for 1: [J@6bf491a6
calculated fs for 1: [J@6bf491a6
calculated fs for 1: [J@6bf491a6
calculated fs for 1: [J@6bf491a6
calculated fs for 1: [J@6bf491a6
calculated fs for 1: [J@6bf491a6
calculated fs for 1: [J@6bf491a6
calculated fs for 1: [J@6bf491a6
calculated fs for 1: [J@6bf491a6
calculated fs for 1: [J@6bf491a6
calculated fs for 1: [J@6bf491a6
calculated fs for 1: [J@6bf491a6
calculated fs for 1: [J@6bf491a6
calculated fs for 1: [J@6bf491a6
calculated fs for 1: [J@6bf491a6
calculated fs for 1: [J@6bf491a6
calculated fs for 1: [J@6bf491a6
calculated fs for 1: [J@6bf491a6
calculated fs for 1: [J@6bf491a6
calculated fs for 1: [J@6bf491a6
calculated fs for 1: [J@6bf491a6
calculated fs for 1: [J@6bf491a6
calculated fs for 1: [J@6bf491a6
calculated fs for 1: [J@6bf491a6
calculated fs for 1: [J@6bf491a6
calculated fs for 1: [J@6bf491a6
calculated fs for 1: [J@6bf491a6
calculated fs for 1: [J@6bf491a6
calculated fs for 1: [J@6bf491a6
calculated fs for 1: [J@6bf491a6
calculated fs for 1: [J@6bf491a6
calculated fs for 1: [J@6bf491a6
calculated fs for 1: [J@6bf491a6
calculated fs for 1: [J@6bf491a6
calculated fs for 1: [J@6bf491a6
calculated fs for 1: [J@6bf491a6
calculated fs for 1: [J@6bf491a6
calculated fs for 1: [J@6bf491a6
calculated fs for 1: [J@6bf491a6
calculated fs for 1: [J@6bf491a6
calculated fs for 1: [J@6bf491a6
calculated fs for 1: [J@6bf491a6
calculated fs for 1: [J@6bf491a6
calculated fs for 1: [J@6bf491a6
calculated fs for 1: [J@6bf491a6
calculated fs for 1: [J@6bf491a6
calculated fs for 1: [J@6bf491a6
calculated fs for 1: [J@6bf491a6
calculated fs for 1: [J@6bf491a6
calculated fs for 1: [J@6bf491a6
calculated fs for 1: [J@6bf491a6
calculated fs for 1: [J@6bf491a6
calculated fs for 1: [J@6bf491a6
calculated fs for 1: [J@6bf491a6
calculated fs for 1: [J@6bf491a6
calculated fs for 1: [J@6bf491a6
calculated fs for 1: [J@6bf491a6
calculated fs for 1: [J@6bf491a6
calculated fs for 1: [J@6bf491a6
calculated fs for 1: [J@6bf491a6
calculated fs for 1: [J@6bf491a6
calculated fs for 1: [J@6bf491a6
calculated fs for 1: [J@6bf491a6
calculated fs for 1: [J@6bf491a6
calculated fs for 1: [J@6bf491a6
calculated fs for 1: [J@6bf491a6
calculated fs for 1: [J@6bf491a6
calculated fs for 1: [J@6bf491a6
calculated fs for 1: [J@6bf491a6
calculated fs for 1: [J@6bf491a6
calculated fs for 1: [J@6bf491a6
calculated fs for 1: [J@6bf491a6
calculated fs for 1: [J@6bf491a6
calculated fs for 1: [J@6bf491a6
calculated fs for 1: [J@6bf491a6
calculated fs for 1: [J@6bf491a6
calculated fs for 1: [J@6bf491a6
calculated fs for 1: [J@6bf491a6
calculated fs for 1: [J@6bf491a6
calculated fs for 1: [J@6bf491a6
calculated fs for 1: [J@6bf491a6
calculated fs for 1: [J@6bf491a6
calculated fs for 1: [J@6bf491a6
calculated fs for 1: [J@6bf491a6
calculated fs for 1: [J@6bf491a6
calculated fs for 1: [J@6bf491a6
calculated fs for 1: [J@6bf491a6
calculated fs for 1: [J@6bf491a6
calculated fs for 1: [J@6bf491a6
calculated fs for 1: [J@6bf491a6
calculated fs for 1: [J@6bf491a6
calculated fs for 1: [J@6bf491a6
calculated fs for 1: [J@6bf491a6
calculated fs for 1: [J@6bf491a6
calculated fs for 1: [J@6bf491a6
calculated fs for 1: [J@6bf491a6
calculated fs for 1: [J@6bf491a6
calculated fs for 1: [J@6bf491a6
calculated fs for 1: [J@6bf491a6
calculated fs for 1: [J@6bf491a6
calculated fs for 1: [J@6bf491a6
calculated fs for 1: [J@6bf491a6
calculated fs for 1: [J@6bf491a6
calculated fs for 1: [J@6bf491a6
calculated fs for 1: [J@6bf491a6
calculated fs for 1: [J@6bf491a6
calculated fs for 1: [J@6bf491a6
calculated fs for 1: [J@6bf491a6
calculated fs for 1: [J@6bf491a6
calculated fs for 1: [J@6bf491a6
calculated fs for 1: [J@6bf491a6
calculated fs for 1: [J@6bf491a6
calculated fs for 1: [J@6bf491a6
calculated fs for 1: [J@6bf491a6
calculated fs for 1: [J@6bf491a6
calculated fs for 1: [J@6bf491a6
calculated fs for 1: [J@6bf491a6
calculated fs for 1: [J@6bf491a6
calculated fs for 1: [J@6bf491a6
calculated fs for 1: [J@6bf491a6
calculated fs for 1: [J@6bf491a6
calculated fs for 1: [J@6bf491a6
calculated fs for 1: [J@6bf491a6
calculated fs for 1: [J@6bf491a6
calculated fs for 1: [J@6bf491a6
calculated fs for 1: [J@6bf491a6
calculated fs for 1: [J@6bf491a6
calculated fs for 1: [J@6bf491a6
calculated fs for 1: [J@6bf491a6
calculated fs for 1: [J@6bf491a6
calculated fs for 1: [J@6bf491a6
calculated fs for 1: [J@6bf491a6
calculated fs for 1: [J@6bf491a6
calculated fs for 1: [J@6bf491a6
calculated fs for 1: [J@6bf491a6
calculated fs for 1: [J@6bf491a6
calculated fs for 1: [J@6bf491a6
calculated fs for 1: [J@6bf491a6
calculated fs for 1: [J@6bf491a6
calculated fs for 1: [J@6bf491a6
calculated fs for 1: [J@6bf491a6
calculated fs for 1: [J@6bf491a6
calculated fs for 1: [J@6bf491a6
calculated fs for 1: [J@6bf491a6
calculated fs for 1: [J@6bf491a6
calculated fs for 1: [J@6bf491a6
calculated fs for 1: [J@6bf491a6
calculated fs for 1: [J@6bf491a6
calculated fs for 1: [J@6bf491a6
calculated fs for 1: [J@6bf491a6
calculated fs for 1: [J@6bf491a6
calculated fs for 1: [J@6bf491a6
calculated fs for 1: [J@6bf491a6
calculated fs for 1: [J@6bf491a6
calculated fs for 1: [J@6bf491a6
calculated fs for 1: [J@6bf491a6
calculated fs for 1: [J@6bf491a6
calculated fs for 1: [J@6bf491a6
calculated fs for 1: [J@6bf491a6
calculated fs for 1: [J@6bf491a6
calculated fs for 1: [J@6bf491a6
calculated fs for 1: [J@6bf491a6
calculated fs for 1: [J@6bf491a6
calculated fs for 1: [J@6bf491a6
calculated fs for 1: [J@6bf491a6
calculated fs for 1: [J@6bf491a6
calculated fs for 1: [J@6bf491a6
calculated fs for 1: [J@6bf491a6
calculated fs for 1: [J@6bf491a6
calculated fs for 1: [J@6bf491a6
calculated fs for 1: [J@6bf491a6
calculated fs for 1: [J@6bf491a6
calculated fs for 1: [J@6bf491a6
calculated fs for 1: [J@6bf491a6
calculated fs for 1: [J@6bf491a6
calculated fs for 1: [J@6bf491a6
calculated fs for 1: [J@6bf491a6
calculated fs for 1: [J@6bf491a6
calculated fs for 1: [J@6bf491a6
calculated fs for 1: [J@6bf491a6
calculated fs for 1: [J@6bf491a6
calculated fs for 1: [J@6bf491a6
calculated fs for 1: [J@6bf491a6
calculated fs for 1: [J@6bf491a6
calculated fs for 1: [J@6bf491a6
calculated fs for 1: [J@6bf491a6
calculated fs for 1: [J@6bf491a6
calculated fs for 1: [J@6bf491a6
calculated fs for 1: [J@6bf491a6
calculated fs for 1: [J@6bf491a6
calculated fs for 1: [J@6bf491a6
calculated fs for 1: [J@6bf491a6
calculated fs for 1: [J@6bf491a6
calculated fs for 1: [J@6bf491a6
calculated fs for 1: [J@6bf491a6
calculated fs for 1: [J@6bf491a6
calculated fs for 1: [J@6bf491a6
calculated fs for 1: [J@6bf491a6
calculated fs for 1: [J@6bf491a6
calculated fs for 1: [J@6bf491a6
calculated fs for 1: [J@6bf491a6
calculated fs for 1: [J@6bf491a6
calculated fs for 1: [J@6bf491a6
calculated fs for 1: [J@6bf491a6
calculated fs for 1: [J@6bf491a6
calculated fs for 1: [J@6bf491a6
calculated fs for 1: [J@6bf491a6
calculated fs for 1: [J@6bf491a6
calculated fs for 1: [J@6bf491a6
calculated fs for 1: [J@6bf491a6
calculated fs for 1: [J@6bf491a6
calculated fs for 1: [J@6bf491a6
calculated fs for 1: [J@6bf491a6
calculated fs for 1: [J@6bf491a6
calculated fs for 1: [J@6bf491a6
calculated fs for 1: [J@6bf491a6
calculated fs for 1: [J@6bf491a6
calculated fs for 1: [J@6bf491a6
calculated fs for 1: [J@6bf491a6
calculated fs for 1: [J@6bf491a6
calculated fs for 1: [J@6bf491a6
calculated fs for 1: [J@6bf491a6
calculated fs for 1: [J@6bf491a6
calculated fs for 1: [J@6bf491a6
calculated fs for 1: [J@6bf491a6
calculated fs for 1: [J@6bf491a6
calculated fs for 1: [J@6bf491a6
calculated fs for 1: [J@6bf491a6
calculated fs for 1: [J@6bf491a6
calculated fs for 1: [J@6bf491a6
calculated fs for 1: [J@6bf491a6
calculated fs for 1: [J@6bf491a6
calculated fs for 1: [J@6bf491a6
calculated fs for 1: [J@6bf491a6
calculated fs for 1: [J@6bf491a6
calculated fs for 1: [J@6bf491a6
calculated fs for 1: [J@6bf491a6
calculated fs for 1: [J@6bf491a6
calculated fs for 1: [J@6bf491a6
calculated fs for 1: [J@6bf491a6
calculated fs for 1: [J@6bf491a6
calculated fs for 1: [J@6bf491a6
calculated fs for 1: [J@6bf491a6
calculated fs for 1: [J@6bf491a6
calculated fs for 1: [J@6bf491a6
calculated fs for 1: [J@6bf491a6
calculated fs for 1: [J@6bf491a6
calculated fs for 1: [J@6bf491a6
calculated fs for 1: [J@6bf491a6
calculated fs for 1: [J@6bf491a6
calculated fs for 1: [J@6bf491a6
calculated fs for 1: [J@6bf491a6
calculated fs for 1: [J@6bf491a6
calculated fs for 1: [J@6bf491a6
calculated fs for 1: [J@6bf491a6
calculated fs for 1: [J@6bf491a6
calculated fs for 1: [J@6bf491a6
calculated fs for 1: [J@6bf491a6
calculated fs for 1: [J@6bf491a6
calculated fs for 1: [J@6bf491a6
calculated fs for 1: [J@6bf491a6
calculated fs for 2: [J@58660a9
calculated fs for 2: [J@58660a9
calculated fs for 2: [J@58660a9
calculated fs for 2: [J@58660a9
calculated fs for 2: [J@58660a9
calculated fs for 2: [J@58660a9
calculated fs for 2: [J@58660a9
calculated fs for 2: [J@58660a9
calculated fs for 2: [J@58660a9
calculated fs for 2: [J@58660a9
calculated fs for 2: [J@58660a9
calculated fs for 2: [J@58660a9
calculated fs for 2: [J@58660a9
calculated fs for 2: [J@58660a9
calculated fs for 2: [J@58660a9
calculated fs for 2: [J@58660a9
calculated fs for 2: [J@58660a9
calculated fs for 2: [J@58660a9
calculated fs for 2: [J@58660a9
calculated fs for 2: [J@58660a9
calculated fs for 2: [J@58660a9
calculated fs for 2: [J@58660a9
calculated fs for 2: [J@58660a9
calculated fs for 2: [J@58660a9
calculated fs for 2: [J@58660a9
calculated fs for 2: [J@58660a9
calculated fs for 2: [J@58660a9
calculated fs for 2: [J@58660a9
calculated fs for 2: [J@58660a9
calculated fs for 2: [J@58660a9
calculated fs for 2: [J@58660a9
calculated fs for 2: [J@58660a9
calculated fs for 2: [J@58660a9
calculated fs for 2: [J@58660a9
calculated fs for 2: [J@58660a9
calculated fs for 2: [J@58660a9
calculated fs for 2: [J@58660a9
calculated fs for 2: [J@58660a9
calculated fs for 2: [J@58660a9
calculated fs for 2: [J@58660a9
calculated fs for 2: [J@58660a9
calculated fs for 2: [J@58660a9
calculated fs for 2: [J@58660a9
calculated fs for 2: [J@58660a9
calculated fs for 2: [J@58660a9
calculated fs for 2: [J@58660a9
calculated fs for 2: [J@58660a9
calculated fs for 2: [J@58660a9
calculated fs for 2: [J@58660a9
calculated fs for 2: [J@58660a9
calculated fs for 2: [J@58660a9
calculated fs for 2: [J@58660a9
calculated fs for 2: [J@58660a9
calculated fs for 2: [J@58660a9
calculated fs for 2: [J@58660a9
calculated fs for 2: [J@58660a9
calculated fs for 2: [J@58660a9
calculated fs for 2: [J@58660a9
calculated fs for 2: [J@58660a9
calculated fs for 2: [J@58660a9
calculated fs for 2: [J@58660a9
calculated fs for 2: [J@58660a9
calculated fs for 2: [J@58660a9
calculated fs for 2: [J@58660a9
calculated fs for 2: [J@58660a9
calculated fs for 2: [J@58660a9
calculated fs for 2: [J@58660a9
calculated fs for 2: [J@58660a9
calculated fs for 2: [J@58660a9
calculated fs for 2: [J@58660a9
calculated fs for 2: [J@58660a9
calculated fs for 2: [J@58660a9
calculated fs for 2: [J@58660a9
calculated fs for 2: [J@58660a9
calculated fs for 2: [J@58660a9
calculated fs for 2: [J@58660a9
calculated fs for 2: [J@58660a9
calculated fs for 2: [J@58660a9
calculated fs for 2: [J@58660a9
calculated fs for 2: [J@58660a9
calculated fs for 2: [J@58660a9
calculated fs for 2: [J@58660a9
calculated fs for 2: [J@58660a9
calculated fs for 2: [J@58660a9
calculated fs for 2: [J@58660a9
calculated fs for 2: [J@58660a9
calculated fs for 2: [J@58660a9
calculated fs for 2: [J@58660a9
calculated fs for 2: [J@58660a9
calculated fs for 2: [J@58660a9
calculated fs for 2: [J@58660a9
calculated fs for 2: [J@58660a9
calculated fs for 2: [J@58660a9
calculated fs for 2: [J@58660a9
calculated fs for 2: [J@58660a9
calculated fs for 2: [J@58660a9
calculated fs for 2: [J@58660a9
calculated fs for 2: [J@58660a9
calculated fs for 2: [J@58660a9
calculated fs for 2: [J@58660a9
calculated fs for 2: [J@58660a9
calculated fs for 2: [J@58660a9
calculated fs for 2: [J@58660a9
calculated fs for 2: [J@58660a9
calculated fs for 2: [J@58660a9
calculated fs for 2: [J@58660a9
calculated fs for 2: [J@58660a9
calculated fs for 2: [J@58660a9
calculated fs for 2: [J@58660a9
calculated fs for 2: [J@58660a9
calculated fs for 2: [J@58660a9
calculated fs for 2: [J@58660a9
calculated fs for 2: [J@58660a9
calculated fs for 2: [J@58660a9
calculated fs for 2: [J@58660a9
calculated fs for 2: [J@58660a9
calculated fs for 2: [J@58660a9
calculated fs for 2: [J@58660a9
calculated fs for 2: [J@58660a9
calculated fs for 2: [J@58660a9
calculated fs for 2: [J@58660a9
calculated fs for 2: [J@58660a9
calculated fs for 2: [J@58660a9
calculated fs for 2: [J@58660a9
calculated fs for 2: [J@58660a9
calculated fs for 2: [J@58660a9
calculated fs for 2: [J@58660a9
calculated fs for 2: [J@58660a9
calculated fs for 2: [J@58660a9
calculated fs for 2: [J@58660a9
calculated fs for 2: [J@58660a9
calculated fs for 2: [J@58660a9
calculated fs for 2: [J@58660a9
calculated fs for 2: [J@58660a9
calculated fs for 2: [J@58660a9
calculated fs for 2: [J@58660a9
calculated fs for 2: [J@58660a9
calculated fs for 2: [J@58660a9
calculated fs for 2: [J@58660a9
calculated fs for 2: [J@58660a9
calculated fs for 2: [J@58660a9
calculated fs for 2: [J@58660a9
calculated fs for 2: [J@58660a9
calculated fs for 2: [J@58660a9
calculated fs for 2: [J@58660a9
calculated fs for 2: [J@58660a9
calculated fs for 2: [J@58660a9
calculated fs for 2: [J@58660a9
calculated fs for 2: [J@58660a9
calculated fs for 2: [J@58660a9
calculated fs for 2: [J@58660a9
calculated fs for 2: [J@58660a9
calculated fs for 2: [J@58660a9
calculated fs for 2: [J@58660a9
calculated fs for 2: [J@58660a9
calculated fs for 2: [J@58660a9
calculated fs for 2: [J@58660a9
calculated fs for 2: [J@58660a9
calculated fs for 2: [J@58660a9
calculated fs for 2: [J@58660a9
calculated fs for 2: [J@58660a9
calculated fs for 2: [J@58660a9
calculated fs for 2: [J@58660a9
calculated fs for 2: [J@58660a9
calculated fs for 2: [J@58660a9
calculated fs for 2: [J@58660a9
calculated fs for 2: [J@58660a9
calculated fs for 2: [J@58660a9
calculated fs for 2: [J@58660a9
calculated fs for 2: [J@58660a9
calculated fs for 2: [J@58660a9
calculated fs for 2: [J@58660a9
calculated fs for 2: [J@58660a9
calculated fs for 2: [J@58660a9
calculated fs for 2: [J@58660a9
calculated fs for 2: [J@58660a9
calculated fs for 2: [J@58660a9
calculated fs for 2: [J@58660a9
calculated fs for 2: [J@58660a9
calculated fs for 2: [J@58660a9
calculated fs for 2: [J@58660a9
calculated fs for 2: [J@58660a9
calculated fs for 2: [J@58660a9
calculated fs for 2: [J@58660a9
calculated fs for 2: [J@58660a9
calculated fs for 2: [J@58660a9
calculated fs for 2: [J@58660a9
calculated fs for 2: [J@58660a9
calculated fs for 2: [J@58660a9
calculated fs for 2: [J@58660a9
calculated fs for 2: [J@58660a9
calculated fs for 2: [J@58660a9
calculated fs for 2: [J@58660a9
calculated fs for 2: [J@58660a9
calculated fs for 2: [J@58660a9
calculated fs for 2: [J@58660a9
calculated fs for 2: [J@58660a9
calculated fs for 2: [J@58660a9
calculated fs for 2: [J@58660a9
calculated fs for 2: [J@58660a9
calculated fs for 2: [J@58660a9
calculated fs for 2: [J@58660a9
calculated fs for 2: [J@58660a9
calculated fs for 2: [J@58660a9
calculated fs for 2: [J@58660a9
calculated fs for 2: [J@58660a9
calculated fs for 2: [J@58660a9
calculated fs for 2: [J@58660a9
calculated fs for 2: [J@58660a9
calculated fs for 2: [J@58660a9
calculated fs for 2: [J@58660a9
calculated fs for 2: [J@58660a9
calculated fs for 2: [J@58660a9
calculated fs for 2: [J@58660a9
calculated fs for 2: [J@58660a9
calculated fs for 2: [J@58660a9
calculated fs for 2: [J@58660a9
calculated fs for 2: [J@58660a9
calculated fs for 2: [J@58660a9
calculated fs for 2: [J@58660a9
calculated fs for 2: [J@58660a9
calculated fs for 2: [J@58660a9
calculated fs for 2: [J@58660a9
calculated fs for 2: [J@58660a9
calculated fs for 2: [J@58660a9
calculated fs for 2: [J@58660a9
calculated fs for 2: [J@58660a9
calculated fs for 2: [J@58660a9
calculated fs for 2: [J@58660a9
calculated fs for 2: [J@58660a9
calculated fs for 2: [J@58660a9
calculated fs for 2: [J@58660a9
calculated fs for 2: [J@58660a9
calculated fs for 2: [J@58660a9
calculated fs for 2: [J@58660a9
calculated fs for 2: [J@58660a9
calculated fs for 2: [J@58660a9
calculated fs for 2: [J@58660a9
calculated fs for 2: [J@58660a9
calculated fs for 2: [J@58660a9
calculated fs for 2: [J@58660a9
calculated fs for 2: [J@58660a9
calculated fs for 2: [J@58660a9
calculated fs for 2: [J@58660a9
calculated fs for 2: [J@58660a9
calculated fs for 2: [J@58660a9
calculated fs for 2: [J@58660a9
calculated fs for 2: [J@58660a9
calculated fs for 2: [J@58660a9
calculated fs for 2: [J@58660a9
calculated fs for 2: [J@58660a9
calculated fs for 2: [J@58660a9
calculated fs for 2: [J@58660a9
calculated fs for 2: [J@58660a9
calculated fs for 2: [J@58660a9
calculated fs for 2: [J@58660a9
calculated fs for 2: [J@58660a9
calculated fs for 2: [J@58660a9
calculated fs for 2: [J@58660a9
calculated fs for 2: [J@58660a9
calculated fs for 2: [J@58660a9
calculated fs for 2: [J@58660a9
calculated fs for 2: [J@58660a9
calculated fs for 2: [J@58660a9
calculated fs for 2: [J@58660a9
calculated fs for 2: [J@58660a9
calculated fs for 2: [J@58660a9
calculated fs for 2: [J@58660a9
calculated fs for 2: [J@58660a9
calculated fs for 2: [J@58660a9
calculated fs for 2: [J@58660a9
calculated fs for 2: [J@58660a9
calculated fs for 2: [J@58660a9
calculated fs for 2: [J@58660a9
calculated fs for 2: [J@58660a9
calculated fs for 2: [J@58660a9
calculated fs for 2: [J@58660a9
calculated fs for 2: [J@58660a9
calculated fs for 2: [J@58660a9
calculated fs for 2: [J@58660a9
calculated fs for 2: [J@58660a9
calculated fs for 2: [J@58660a9
calculated fs for 2: [J@58660a9
calculated fs for 2: [J@58660a9
calculated fs for 2: [J@58660a9
calculated fs for 2: [J@58660a9
calculated fs for 2: [J@58660a9
calculated fs for 2: [J@58660a9
calculated fs for 2: [J@58660a9
calculated fs for 2: [J@58660a9
calculated fs for 2: [J@58660a9
calculated fs for 2: [J@58660a9
calculated fs for 2: [J@58660a9
calculated fs for 2: [J@58660a9
calculated fs for 2: [J@58660a9
calculated fs for 2: [J@58660a9
calculated fs for 2: [J@58660a9
calculated fs for 2: [J@58660a9
calculated fs for 2: [J@58660a9
calculated fs for 2: [J@58660a9
calculated fs for 2: [J@58660a9
calculated fs for 2: [J@58660a9
calculated fs for 2: [J@58660a9
calculated fs for 2: [J@58660a9
calculated fs for 2: [J@58660a9
calculated fs for 2: [J@58660a9
calculated fs for 2: [J@58660a9
calculated fs for 2: [J@58660a9
calculated fs for 2: [J@58660a9
calculated fs for 2: [J@58660a9
calculated fs for 2: [J@58660a9
calculated fs for 2: [J@58660a9
calculated fs for 2: [J@58660a9
calculated fs for 2: [J@58660a9
calculated fs for 2: [J@58660a9
calculated fs for 2: [J@58660a9
calculated fs for 2: [J@58660a9
calculated fs for 2: [J@58660a9
calculated fs for 2: [J@58660a9
calculated fs for 2: [J@58660a9
calculated fs for 2: [J@58660a9
calculated fs for 2: [J@58660a9
calculated fs for 2: [J@58660a9
calculated fs for 2: [J@58660a9
calculated fs for 2: [J@58660a9
calculated fs for 2: [J@58660a9
calculated fs for 2: [J@58660a9
calculated fs for 2: [J@58660a9
calculated fs for 2: [J@58660a9
calculated fs for 2: [J@58660a9
calculated fs for 2: [J@58660a9
calculated fs for 2: [J@58660a9
calculated fs for 2: [J@58660a9
calculated fs for 2: [J@58660a9
calculated fs for 2: [J@58660a9
calculated fs for 2: [J@58660a9
calculated fs for 2: [J@58660a9
calculated fs for 2: [J@58660a9
calculated fs for 2: [J@58660a9
calculated fs for 2: [J@58660a9
calculated nfs for 0: [J@3933fa14
calculated nfs for 0: [J@3933fa14
calculated nfs for 1: [J@3675463
calculated nfs for 1: [J@3675463
calculated nfs for 2: [J@74d53153
calculated nfs for 2: [J@74d53153
calculated iMatrix for 16, 0, 0, 0: 0.04230301848724591
calculated iMatrix for 16, 0, 0, 1: 0.19091351793888878
calculated iMatrix for 16, 0, 0, 2: -0.07640125168845852
calculated iMatrix for 16, 0, 0, 3: -0.043926073138512295
calculated iMatrix for 16, 0, 0, 4: 0.2700508384976126
calculated iMatrix for 16, 0, 0, 5: -0.12052264052099926
calculated iMatrix for 16, 0, 0, 6: -0.023496353406566417
calculated iMatrix for 16, 0, 0, 7: 0.08998759934892825
calculated iMatrix for 16, 0, 0, 8: -0.054921444577391704
calculated iMatrix for 16, 0, 0, 9: 0.11722580214772964
calculated iMatrix for 16, 0, 0, 10: 0.34173640767347246
calculated iMatrix for 16, 0, 0, 11: -0.17342429874541265
calculated iMatrix for 16, 0, 0, 12: 0.21882230605596542
calculated iMatrix for 16, 0, 0, 13: -0.24981972900673355
calculated iMatrix for 16, 0, 0, 14: 0.22865384592173588
calculated iMatrix for 16, 0, 0, 15: -0.18811833310112008
calculated iMatrix for 16, 0, 0, 16: -0.26265138496368684
calculated iMatrix for 16, 0, 0, 17: 0.014562128131437896
calculated iMatrix for 16, 0, 0, 18: 0.41405706925309854
calculated iMatrix for 16, 0, 0, 19: -0.03792805448995876
calculated iMatrix for 16, 0, 1, 0: -0.07875004901021382
calculated iMatrix for 16, 0, 1, 1: -0.13067010618857355
calculated iMatrix for 16, 0, 1, 2: 0.01420995344915743
calculated iMatrix for 16, 0, 1, 3: -0.16377926479585247
calculated iMatrix for 16, 0, 1, 4: 0.03676283811163042
calculated iMatrix for 16, 0, 1, 5: -0.16908921609251826
calculated iMatrix for 16, 0, 1, 6: -0.24121983725143692
calculated iMatrix for 16, 0, 1, 7: 0.1399934275116319
calculated iMatrix for 16, 0, 1, 8: -0.06530528505710709
calculated iMatrix for 16, 0, 1, 9: 0.028944189993832636
calculated iMatrix for 16, 0, 1, 10: 0.2301342310921701
calculated iMatrix for 16, 0, 1, 11: -0.03223003337532093
calculated iMatrix for 16, 0, 1, 12: 0.06983558638565274
calculated iMatrix for 16, 0, 1, 13: -0.11203602664368056
calculated iMatrix for 16, 0, 1, 14: 0.3493838589106635
calculated iMatrix for 16, 0, 1, 15: -0.17533087701599426
calculated iMatrix for 16, 0, 1, 16: -0.15038964595198978
calculated iMatrix for 16, 0, 1, 17: 0.0855530022810625
calculated iMatrix for 16, 0, 1, 18: 0.349137523153783
calculated iMatrix for 16, 0, 1, 19: 0.3290638564197059
calculated iMatrix for 16, 0, 2, 0: -0.22552864880042656
calculated iMatrix for 16, 0, 2, 1: 0.06086038969069099
calculated iMatrix for 16, 0, 2, 2: -0.3178692041973017
calculated iMatrix for 16, 0, 2, 3: -0.20711661168175743
calculated iMatrix for 16, 0, 2, 4: 0.26689942491681085
calculated iMatrix for 16, 0, 2, 5: -0.0557605307855151
calculated iMatrix for 16, 0, 2, 6: -0.013880894707124503
calculated iMatrix for 16, 0, 2, 7: 0.20744281989009927
calculated iMatrix for 16, 0, 2, 8: -0.0823798170607925
calculated iMatrix for 16, 0, 2, 9: 0.15528634029573762
calculated iMatrix for 16, 0, 2, 10: 0.02839458844111384
calculated iMatrix for 16, 0, 2, 11: -0.2553735846895307
calculated iMatrix for 16, 0, 2, 12: -0.2956194132580573
calculated iMatrix for 16, 0, 2, 13: 0.3212753358021324
calculated iMatrix for 16, 0, 2, 14: -0.10263367396529027
calculated iMatrix for 16, 0, 2, 15: 0.04532820097055351
calculated iMatrix for 16, 0, 2, 16: 0.23480771149611412
calculated iMatrix for 16, 0, 2, 17: 0.13748835126530823
calculated iMatrix for 16, 0, 2, 18: 0.21758176502105006
calculated iMatrix for 16, 0, 2, 19: 0.11352685432346854
calculated iMatrix for 16, 0, 3, 0: 0.032545202167426956
calculated iMatrix for 16, 0, 3, 1: 0.5032882029810413
calculated iMatrix for 16, 0, 3, 2: -0.1876441372493513
calculated iMatrix for 16, 0, 3, 3: -0.29288343343918255
calculated iMatrix for 16, 0, 3, 4: 0.244402202889875
calculated iMatrix for 16, 0, 3, 5: -0.09229427411797114
calculated iMatrix for 16, 0, 3, 6: 0.09182261529465789
calculated iMatrix for 16, 0, 3, 7: -0.14817652122440295
calculated iMatrix for 16, 0, 3, 8: 0.013982809779810562
calculated iMatrix for 16, 0, 3, 9: 0.16336356617065814
calculated iMatrix for 16, 0, 3, 10: 0.19091351793888878
calculated iMatrix for 16, 0, 3, 11: -0.0038748076201959303
calculated iMatrix for 16, 0, 3, 12: 0.08024795005136935
calculated iMatrix for 16, 0, 3, 13: -0.06859767754619578
calculated iMatrix for 16, 0, 3, 14: -0.1208661060919527
calculated iMatrix for 16, 0, 3, 15: -0.17120114929566171
calculated iMatrix for 16, 0, 3, 16: -0.12208636249718208
calculated iMatrix for 16, 0, 3, 17: 0.19688368492539254
calculated iMatrix for 16, 0, 3, 18: 0.08825936387880544
calculated iMatrix for 16, 0, 3, 19: 0.24355725142431067
calculated iMatrix for 16, 0, 4, 0: -0.21231194757577077
calculated iMatrix for 16, 0, 4, 1: 0.008591961144934185
calculated iMatrix for 16, 0, 4, 2: -0.0903376641826017
calculated iMatrix for 16, 0, 4, 3: -0.06142918806758324
calculated iMatrix for 16, 0, 4, 4: 0.27581296172537506
calculated iMatrix for 16, 0, 4, 5: -0.04697789000987654
calculated iMatrix for 16, 0, 4, 6: 0.5475884618776212
calculated iMatrix for 16, 0, 4, 7: 0.11295197646917697
calculated iMatrix for 16, 0, 4, 8: -0.12831691224781805
calculated iMatrix for 16, 0, 4, 9: 0.04621714145075828
calculated iMatrix for 16, 0, 4, 10: 0.2150110695179493
calculated iMatrix for 16, 0, 4, 11: -0.10692092597691016
calculated iMatrix for 16, 0, 4, 12: 0.14065168315800047
calculated iMatrix for 16, 0, 4, 13: -0.14916883090642397
calculated iMatrix for 16, 0, 4, 14: 0.0695526609346213
calculated iMatrix for 16, 0, 4, 15: -0.23727984124683166
calculated iMatrix for 16, 0, 4, 16: 0.07613800334646059
calculated iMatrix for 16, 0, 4, 17: -0.030678442683902157
calculated iMatrix for 16, 0, 4, 18: 0.4273022960031191
calculated iMatrix for 16, 0, 4, 19: 0.30283143414287417
calculated iMatrix for 16, 0, 5, 0: 0.039272249717056174
calculated iMatrix for 16, 0, 5, 1: 0.37896574944182837
calculated iMatrix for 16, 0, 5, 2: -0.200204141761134
calculated iMatrix for 16, 0, 5, 3: -0.042701333242616435
calculated iMatrix for 16, 0, 5, 4: -0.012027326057801518
calculated iMatrix for 16, 0, 5, 5: -0.0757151453150598
calculated iMatrix for 16, 0, 5, 6: 0.30869655359527226
calculated iMatrix for 16, 0, 5, 7: -0.22480809033646476
calculated iMatrix for 16, 0, 5, 8: 0.1746529970671085
calculated iMatrix for 16, 0, 5, 9: -0.07954025055271474
calculated iMatrix for 16, 0, 5, 10: -0.18229072795105417
calculated iMatrix for 16, 0, 5, 11: 0.2593162448232894
calculated iMatrix for 16, 0, 5, 12: 0.33341358054617176
calculated iMatrix for 16, 0, 5, 13: -0.224601926022777
calculated iMatrix for 16, 0, 5, 14: -0.019157951807968254
calculated iMatrix for 16, 0, 5, 15: -0.03809515282771911
calculated iMatrix for 16, 0, 5, 16: 0.04617467229397709
calculated iMatrix for 16, 0, 5, 17: -0.12243630126146993
calculated iMatrix for 16, 0, 5, 18: 0.32811463945237374
calculated iMatrix for 16, 0, 5, 19: -0.009757177523262328
calculated iMatrix for 16, 0, 6, 0: -0.16228316162351886
calculated iMatrix for 16, 0, 6, 1: 0.13375510409894015
calculated iMatrix for 16, 0, 6, 2: 0.28692817117847735
calculated iMatrix for 16, 0, 6, 3: -0.0815010823821038
calculated iMatrix for 16, 0, 6, 4: -0.13659004869956382
calculated iMatrix for 16, 0, 6, 5: 0.10130135924920161
calculated iMatrix for 16, 0, 6, 6: 0.015709428913798146
calculated iMatrix for 16, 0, 6, 7: -0.42624775564313444
calculated iMatrix for 16, 0, 6, 8: -0.062400911008684334
calculated iMatrix for 16, 0, 6, 9: -0.21713223676276727
calculated iMatrix for 16, 0, 6, 10: -0.44912383730710825
calculated iMatrix for 16, 0, 6, 11: 0.3423131643942573
calculated iMatrix for 16, 0, 6, 12: 0.5860158390115067
calculated iMatrix for 16, 0, 6, 13: -0.02374341949800235
calculated iMatrix for 16, 0, 6, 14: 0.07437970168293727
calculated iMatrix for 16, 0, 6, 15: 0.313252370131133
calculated iMatrix for 16, 0, 6, 16: -0.17038037185613814
calculated iMatrix for 16, 0, 6, 17: -0.35362316316941367
calculated iMatrix for 16, 0, 6, 18: -0.17454625555557646
calculated iMatrix for 16, 0, 6, 19: 0.08677325868629188
calculated iMatrix for 16, 0, 7, 0: -0.15864395823097965
calculated iMatrix for 16, 0, 7, 1: -0.4221909549475201
calculated iMatrix for 16, 0, 7, 2: 0.5392202122071046
calculated iMatrix for 16, 0, 7, 3: -0.3219718387901125
calculated iMatrix for 16, 0, 7, 4: -0.35638178560849343
calculated iMatrix for 16, 0, 7, 5: 0.6291684488700441
calculated iMatrix for 16, 0, 7, 6: 0.2962740335967151
calculated iMatrix for 16, 0, 7, 7: -0.5022336626210565
calculated iMatrix for 16, 0, 7, 8: -0.16669556899164056
calculated iMatrix for 16, 0, 7, 9: -0.43971330563972255
calculated iMatrix for 16, 0, 7, 10: -0.32577722527950004
calculated iMatrix for 16, 0, 7, 11: 0.5122339495394995
calculated iMatrix for 16, 0, 7, 12: 1.0118940700087191
calculated iMatrix for 16, 0, 7, 13: -0.4007642024561969
calculated iMatrix for 16, 0, 7, 14: 0.248733088827715
calculated iMatrix for 16, 0, 7, 15: 0.34173640767347246
calculated iMatrix for 16, 0, 7, 16: 0.18358747784681587
calculated iMatrix for 16, 0, 7, 17: -0.4800598051267344
calculated iMatrix for 16, 0, 7, 18: -0.5932054408267833
calculated iMatrix for 16, 0, 7, 19: -0.31991210582710194
calculated iMatrix for 16, 0, 8, 0: NaN
calculated iMatrix for 16, 0, 8, 1: NaN
calculated iMatrix for 16, 0, 8, 2: NaN
calculated iMatrix for 16, 0, 8, 3: NaN
calculated iMatrix for 16, 0, 8, 4: NaN
calculated iMatrix for 16, 0, 8, 5: NaN
calculated iMatrix for 16, 0, 8, 6: NaN
calculated iMatrix for 16, 0, 8, 7: NaN
calculated iMatrix for 16, 0, 8, 8: NaN
calculated iMatrix for 16, 0, 8, 9: NaN
calculated iMatrix for 16, 0, 8, 10: NaN
calculated iMatrix for 16, 0, 8, 11: NaN
calculated iMatrix for 16, 0, 8, 12: NaN
calculated iMatrix for 16, 0, 8, 13: NaN
calculated iMatrix for 16, 0, 8, 14: NaN
calculated iMatrix for 16, 0, 8, 15: NaN
calculated iMatrix for 16, 0, 8, 16: -7.596012114592099E-4
calculated iMatrix for 16, 0, 8, 17: NaN
calculated iMatrix for 16, 0, 8, 18: NaN
calculated iMatrix for 16, 0, 8, 19: NaN
calculated iMatrix for 16, 0, 9, 0: -0.36115506436115097
calculated iMatrix for 16, 0, 9, 1: -0.224601926022777
calculated iMatrix for 16, 0, 9, 2: 0.5693499536591338
calculated iMatrix for 16, 0, 9, 3: 0.3832854105863449
calculated iMatrix for 16, 0, 9, 4: -0.6108675036238519
calculated iMatrix for 16, 0, 9, 5: 0.6501229020537438
calculated iMatrix for 16, 0, 9, 6: -0.06859767754619578
calculated iMatrix for 16, 0, 9, 7: -1.009663697385909
calculated iMatrix for 16, 0, 9, 8: 0.1404826643119968
calculated iMatrix for 16, 0, 9, 9: -0.6114329545860485
calculated iMatrix for 16, 0, 9, 10: -0.4152222856314268
calculated iMatrix for 16, 0, 9, 11: 0.4785955903906696
calculated iMatrix for 16, 0, 9, 12: 1.6058631348191554
calculated iMatrix for 16, 0, 9, 13: -0.18280289185469523
calculated iMatrix for 16, 0, 9, 14: -0.13231349193230352
calculated iMatrix for 16, 0, 9, 15: 0.34951854811552735
calculated iMatrix for 16, 0, 9, 16: 0.17620737054919333
calculated iMatrix for 16, 0, 9, 17: -0.591285440236959
calculated iMatrix for 16, 0, 9, 18: -0.18377993150252192
calculated iMatrix for 16, 0, 9, 19: -0.37120540021465254
calculated iMatrix for 16, 0, 10, 0: -0.04711864586907158
calculated iMatrix for 16, 0, 10, 1: -0.31299166298252823
calculated iMatrix for 16, 0, 10, 2: 0.40256268982736343
calculated iMatrix for 16, 0, 10, 3: 0.3943145905238974
calculated iMatrix for 16, 0, 10, 4: 0.12466413239768817
calculated iMatrix for 16, 0, 10, 5: 0.36889667313424523
calculated iMatrix for 16, 0, 10, 6: 0.05033156731769933
calculated iMatrix for 16, 0, 10, 7: -0.2982506090459225
calculated iMatrix for 16, 0, 10, 8: -0.20112856983713495
calculated iMatrix for 16, 0, 10, 9: -0.4393198372104874
calculated iMatrix for 16, 0, 10, 10: -0.48118025342322424
calculated iMatrix for 16, 0, 10, 11: -0.10723985438018757
calculated iMatrix for 16, 0, 10, 12: 0.9780896481471105
calculated iMatrix for 16, 0, 10, 13: -0.2559368063321299
calculated iMatrix for 16, 0, 10, 14: -0.09977607557684742
calculated iMatrix for 16, 0, 10, 15: 0.23296175418238818
calculated iMatrix for 16, 0, 10, 16: -0.2999114391204325
calculated iMatrix for 16, 0, 10, 17: -0.3838924354905091
calculated iMatrix for 16, 0, 10, 18: 0.08913082362894642
calculated iMatrix for 16, 0, 10, 19: -0.4294743083386282
calculated iMatrix for 16, 0, 11, 0: -0.09676855451289212
calculated iMatrix for 16, 0, 11, 1: -0.1999527907481229
calculated iMatrix for 16, 0, 11, 2: 0.2661369391764763
calculated iMatrix for 16, 0, 11, 3: 0.23201519362444056
calculated iMatrix for 16, 0, 11, 4: 0.1803314086083518
calculated iMatrix for 16, 0, 11, 5: 0.07378816070147609
calculated iMatrix for 16, 0, 11, 6: 0.17222138492673625
calculated iMatrix for 16, 0, 11, 7: -0.1113673539340449
calculated iMatrix for 16, 0, 11, 8: -0.19914296481643062
calculated iMatrix for 16, 0, 11, 9: -0.4006010170772446
calculated iMatrix for 16, 0, 11, 10: -0.14941228799831408
calculated iMatrix for 16, 0, 11, 11: -0.07614926731015648
calculated iMatrix for 16, 0, 11, 12: 0.6862349551689142
calculated iMatrix for 16, 0, 11, 13: 0.05738212531436615
calculated iMatrix for 16, 0, 11, 14: -0.20524919750696213
calculated iMatrix for 16, 0, 11, 15: 0.03676283811163042
calculated iMatrix for 16, 0, 11, 16: -0.022008479303782885
calculated iMatrix for 16, 0, 11, 17: -0.2033782895711504
calculated iMatrix for 16, 0, 11, 18: -0.24845314184495687
calculated iMatrix for 16, 0, 11, 19: 0.12706204595235598
calculated iMatrix for 16, 0, 12, 0: -0.17337567598508907
calculated iMatrix for 16, 0, 12, 1: 0.5722810744679926
calculated iMatrix for 16, 0, 12, 2: 0.11028378353877959
calculated iMatrix for 16, 0, 12, 3: -0.2217718381427627
calculated iMatrix for 16, 0, 12, 4: 0.34173640767347246
calculated iMatrix for 16, 0, 12, 5: -0.050692096215056354
calculated iMatrix for 16, 0, 12, 6: 0.16844066208683015
calculated iMatrix for 16, 0, 12, 7: -0.13018455143273616
calculated iMatrix for 16, 0, 12, 8: -0.18065003849359418
calculated iMatrix for 16, 0, 12, 9: -0.03104590061410417
calculated iMatrix for 16, 0, 12, 10: -0.1275402131796458
calculated iMatrix for 16, 0, 12, 11: -0.24043103815709632
calculated iMatrix for 16, 0, 12, 12: 0.21935145325942218
calculated iMatrix for 16, 0, 12, 13: 0.004036144609073478
calculated iMatrix for 16, 0, 12, 14: -0.09676855451289212
calculated iMatrix for 16, 0, 12, 15: -0.007688924459203383
calculated iMatrix for 16, 0, 12, 16: 0.09499339606014953
calculated iMatrix for 16, 0, 12, 17: 0.2724633849029965
calculated iMatrix for 16, 0, 12, 18: -0.17372959564902052
calculated iMatrix for 16, 0, 12, 19: -0.008575842477431261
calculated iMatrix for 16, 0, 13, 0: 0.07313048228250527
calculated iMatrix for 16, 0, 13, 1: 0.22168517660564246
calculated iMatrix for 16, 0, 13, 2: 0.17631471851773614
calculated iMatrix for 16, 0, 13, 3: 0.033284573735305606
calculated iMatrix for 16, 0, 13, 4: 0.1562279599509988
calculated iMatrix for 16, 0, 13, 5: -0.3474700498907597
calculated iMatrix for 16, 0, 13, 6: 0.07540063081704443
calculated iMatrix for 16, 0, 13, 7: 0.20730732771456511
calculated iMatrix for 16, 0, 13, 8: -0.061500415675434184
calculated iMatrix for 16, 0, 13, 9: -0.13313619868376703
calculated iMatrix for 16, 0, 13, 10: -0.20550175464935772
calculated iMatrix for 16, 0, 13, 11: -0.16576142599984367
calculated iMatrix for 16, 0, 13, 12: 0.032443176967114046
calculated iMatrix for 16, 0, 13, 13: 0.17921747817569747
calculated iMatrix for 16, 0, 13, 14: -0.008699535965126903
calculated iMatrix for 16, 0, 13, 15: -0.16325829578172513
calculated iMatrix for 16, 0, 13, 16: 0.08937709871946595
calculated iMatrix for 16, 0, 13, 17: 0.17245145509915333
calculated iMatrix for 16, 0, 13, 18: -0.44507524878110793
calculated iMatrix for 16, 0, 13, 19: 0.022092648363836676
calculated iMatrix for 16, 0, 14, 0: -0.12160547765983132
calculated iMatrix for 16, 0, 14, 1: 0.19091351793888878
calculated iMatrix for 16, 0, 14, 2: 0.0379441731574616
calculated iMatrix for 16, 0, 14, 3: -0.016725846839355712
calculated iMatrix for 16, 0, 14, 4: 0.24557193047675274
calculated iMatrix for 16, 0, 14, 5: -0.0806824167612678
calculated iMatrix for 16, 0, 14, 6: -0.2339696760263772
calculated iMatrix for 16, 0, 14, 7: 0.055111976779827015
calculated iMatrix for 16, 0, 14, 8: -0.37489424024445506
calculated iMatrix for 16, 0, 14, 9: -0.1252064898334257
calculated iMatrix for 16, 0, 14, 10: -0.08449846192107774
calculated iMatrix for 16, 0, 14, 11: -0.19757325363485767
calculated iMatrix for 16, 0, 14, 12: 0.11468615255100452
calculated iMatrix for 16, 0, 14, 13: 0.3272499614910199
calculated iMatrix for 16, 0, 14, 14: 0.21962362382132014
calculated iMatrix for 16, 0, 14, 15: -0.027775683025940662
calculated iMatrix for 16, 0, 14, 16: -0.1466403845530651
calculated iMatrix for 16, 0, 14, 17: 0.3493195233362854
calculated iMatrix for 16, 0, 14, 18: 0.24975401796182217
calculated iMatrix for 16, 0, 14, 19: 0.0796878828286644
calculated iMatrix for 16, 0, 15, 0: 0.05738212531436615
calculated iMatrix for 16, 0, 15, 1: 0.19091351793888878
calculated iMatrix for 16, 0, 15, 2: -0.2049821391531248
calculated iMatrix for 16, 0, 15, 3: -0.11495087359608253
calculated iMatrix for 16, 0, 15, 4: -0.09359897975161313
calculated iMatrix for 16, 0, 15, 5: -0.22613920534166343
calculated iMatrix for 16, 0, 15, 6: -0.026809965905981753
calculated iMatrix for 16, 0, 15, 7: 0.2771738622232957
calculated iMatrix for 16, 0, 15, 8: -0.038874576093989616
calculated iMatrix for 16, 0, 15, 9: 0.148579154112328
calculated iMatrix for 16, 0, 15, 10: -0.1559574259032228
calculated iMatrix for 16, 0, 15, 11: -0.2686188114395514
calculated iMatrix for 16, 0, 15, 12: -0.04875933532653157
calculated iMatrix for 16, 0, 15, 13: 0.20274797558589158
calculated iMatrix for 16, 0, 15, 14: 0.004583939747395294
calculated iMatrix for 16, 0, 15, 15: 0.03572062853318672
calculated iMatrix for 16, 0, 15, 16: 0.09293310957868499
calculated iMatrix for 16, 0, 15, 17: 0.009734165723711163
calculated iMatrix for 16, 0, 15, 18: 0.19091351793888878
calculated iMatrix for 16, 0, 15, 19: 0.17921747817569747
calculated iMatrix for 16, 0, 16, 0: -0.02629529785550641
calculated iMatrix for 16, 0, 16, 1: 0.4712154830930471
calculated iMatrix for 16, 0, 16, 2: 0.07147348107487579
calculated iMatrix for 16, 0, 16, 3: 0.17504016878259865
calculated iMatrix for 16, 0, 16, 4: 0.04009062820430512
calculated iMatrix for 16, 0, 16, 5: -0.31525009272129056
calculated iMatrix for 16, 0, 16, 6: -0.007937340806276394
calculated iMatrix for 16, 0, 16, 7: 0.04666390909434198
calculated iMatrix for 16, 0, 16, 8: -0.09453391671147576
calculated iMatrix for 16, 0, 16, 9: 0.011664160181904332
calculated iMatrix for 16, 0, 16, 10: 0.09994173973316202
calculated iMatrix for 16, 0, 16, 11: -0.18377993150252192
calculated iMatrix for 16, 0, 16, 12: -0.001458374708567356
calculated iMatrix for 16, 0, 16, 13: -0.22524687928602366
calculated iMatrix for 16, 0, 16, 14: 0.03676283811163042
calculated iMatrix for 16, 0, 16, 15: 0.06661580126131159
calculated iMatrix for 16, 0, 16, 16: -0.06040091034201728
calculated iMatrix for 16, 0, 16, 17: 0.0073936386528254405
calculated iMatrix for 16, 0, 16, 18: -0.07377903628819338
calculated iMatrix for 16, 0, 16, 19: 0.4245283691203939
calculated iMatrix for 16, 1, 0, 0: -0.12878529940689598
calculated iMatrix for 16, 1, 0, 1: -0.07255372337876287
calculated iMatrix for 16, 1, 0, 2: -0.07255372337876287
calculated iMatrix for 16, 1, 0, 3: -0.2855165300075989
calculated iMatrix for 16, 1, 0, 4: -0.37091266667194145
calculated iMatrix for 16, 1, 0, 5: 0.14617580911120887
calculated iMatrix for 16, 1, 0, 6: 0.1739874261494856
calculated iMatrix for 16, 1, 0, 7: -0.16146388133762002
calculated iMatrix for 16, 1, 0, 8: 0.2220170100682034
calculated iMatrix for 16, 1, 0, 9: -0.030320959755489763
calculated iMatrix for 16, 1, 0, 10: -0.07465677357554157
calculated iMatrix for 16, 1, 0, 11: 0.273101825310359
calculated iMatrix for 16, 1, 0, 12: -0.26794736174007017
calculated iMatrix for 16, 1, 0, 13: 0.14102037691929625
calculated iMatrix for 16, 1, 0, 14: -0.3298227654581577
calculated iMatrix for 16, 1, 0, 15: 0.17933924122143285
calculated iMatrix for 16, 1, 0, 16: 0.23789122812896568
calculated iMatrix for 16, 1, 0, 17: -0.0017443209654134373
calculated iMatrix for 16, 1, 0, 18: -0.060519883815039144
calculated iMatrix for 16, 1, 0, 19: 0.15586688503629076
calculated iMatrix for 16, 1, 1, 0: -0.10504389080321708
calculated iMatrix for 16, 1, 1, 1: 0.2328279261724191
calculated iMatrix for 16, 1, 1, 2: -0.0778030792649066
calculated iMatrix for 16, 1, 1, 3: -0.15637666106396508
calculated iMatrix for 16, 1, 1, 4: 0.08711611499102545
calculated iMatrix for 16, 1, 1, 5: 0.1494463172333681
calculated iMatrix for 16, 1, 1, 6: 0.3116088040255335
calculated iMatrix for 16, 1, 1, 7: -0.3291270441161759
calculated iMatrix for 16, 1, 1, 8: 0.047222294177274526
calculated iMatrix for 16, 1, 1, 9: -0.15921416160360458
calculated iMatrix for 16, 1, 1, 10: -0.30797852980550744
calculated iMatrix for 16, 1, 1, 11: 0.2328279261724191
calculated iMatrix for 16, 1, 1, 12: 0.15505022512973476
calculated iMatrix for 16, 1, 1, 13: 0.018816858421481952
calculated iMatrix for 16, 1, 1, 14: -0.3208176947764999
calculated iMatrix for 16, 1, 1, 15: 0.4109477961126736
calculated iMatrix for 16, 1, 1, 16: 0.058474539027641326
calculated iMatrix for 16, 1, 1, 17: 0.00534597325961117
calculated iMatrix for 16, 1, 1, 18: 0.028033513526405818
calculated iMatrix for 16, 1, 1, 19: -0.03910578931122277
calculated iMatrix for 16, 1, 2, 0: -0.13096448553517737
calculated iMatrix for 16, 1, 2, 1: 0.3663593187969416
calculated iMatrix for 16, 1, 2, 2: 0.14530854815586258
calculated iMatrix for 16, 1, 2, 3: -0.012294531860565838
calculated iMatrix for 16, 1, 2, 4: -0.3679459342565111
calculated iMatrix for 16, 1, 2, 5: 0.31782113900581155
calculated iMatrix for 16, 1, 2, 6: 0.009684374858209388
calculated iMatrix for 16, 1, 2, 7: -0.22851764033020194
calculated iMatrix for 16, 1, 2, 8: 0.324076597637564
calculated iMatrix for 16, 1, 2, 9: -0.3465253446013249
calculated iMatrix for 16, 1, 2, 10: -0.20900482610662008
calculated iMatrix for 16, 1, 2, 11: 0.2691955703432939
calculated iMatrix for 16, 1, 2, 12: 0.3302832623231321
calculated iMatrix for 16, 1, 2, 13: -0.3808550830332794
calculated iMatrix for 16, 1, 2, 14: 0.0858457358237733
calculated iMatrix for 16, 1, 2, 15: 0.18045994065510318
calculated iMatrix for 16, 1, 2, 16: 0.022813666300002033
calculated iMatrix for 16, 1, 2, 17: -0.32488128349242207
calculated iMatrix for 16, 1, 2, 18: -0.4603192543875262
calculated iMatrix for 16, 1, 2, 19: -0.06500651774337984
calculated iMatrix for 16, 1, 3, 0: -0.14020190618259154
calculated iMatrix for 16, 1, 3, 1: -0.39132638290057475
calculated iMatrix for 16, 1, 3, 2: 0.07181615596521551
calculated iMatrix for 16, 1, 3, 3: 7.690112002570748E-4
calculated iMatrix for 16, 1, 3, 4: -0.31308901740484163
calculated iMatrix for 16, 1, 3, 5: 0.07502093514205022
calculated iMatrix for 16, 1, 3, 6: -0.13341646878246405
calculated iMatrix for 16, 1, 3, 7: 0.22709725146343407
calculated iMatrix for 16, 1, 3, 8: -0.0032190299776986286
calculated iMatrix for 16, 1, 3, 9: -0.18368701812233035
calculated iMatrix for 16, 1, 3, 10: -0.520943876203961
calculated iMatrix for 16, 1, 3, 11: 0.0601152284851012
calculated iMatrix for 16, 1, 3, 12: 0.0858457358237733
calculated iMatrix for 16, 1, 3, 13: 0.08379234701193128
calculated iMatrix for 16, 1, 3, 14: -0.13181518741549014
calculated iMatrix for 16, 1, 3, 15: 0.3265604038351263
calculated iMatrix for 16, 1, 3, 16: 0.1946761602080428
calculated iMatrix for 16, 1, 3, 17: -0.015527044488286679
calculated iMatrix for 16, 1, 3, 18: -0.20712335800691462
calculated iMatrix for 16, 1, 3, 19: -0.10364431044879374
calculated iMatrix for 16, 1, 4, 0: -0.007313201510361744
calculated iMatrix for 16, 1, 4, 1: 0.12160229106219467
calculated iMatrix for 16, 1, 4, 2: -0.09567614079961706
calculated iMatrix for 16, 1, 4, 3: -0.3241870800629464
calculated iMatrix for 16, 1, 4, 4: -0.35031835917319765
calculated iMatrix for 16, 1, 4, 5: 0.340538619175199
calculated iMatrix for 16, 1, 4, 6: -0.48501186697789767
calculated iMatrix for 16, 1, 4, 7: -0.26119057927719036
calculated iMatrix for 16, 1, 4, 8: 0.28631661112340534
calculated iMatrix for 16, 1, 4, 9: -0.34293171013435997
calculated iMatrix for 16, 1, 4, 10: -0.28846899746086707
calculated iMatrix for 16, 1, 4, 11: 0.2973664473099902
calculated iMatrix for 16, 1, 4, 12: 0.1795834116536068
calculated iMatrix for 16, 1, 4, 13: -0.10364431044879374
calculated iMatrix for 16, 1, 4, 14: -0.10638779639454465
calculated iMatrix for 16, 1, 4, 15: 0.24809539830320748
calculated iMatrix for 16, 1, 4, 16: 0.16516927769860423
calculated iMatrix for 16, 1, 4, 17: -0.056435174276680655
calculated iMatrix for 16, 1, 4, 18: -0.021406212211821818
calculated iMatrix for 16, 1, 4, 19: -0.1154787680957966
calculated iMatrix for 16, 1, 5, 0: -0.44351213607114504
calculated iMatrix for 16, 1, 5, 1: -0.0909591509214781
calculated iMatrix for 16, 1, 5, 2: -0.004843725704700486
calculated iMatrix for 16, 1, 5, 3: -0.16644521168782422
calculated iMatrix for 16, 1, 5, 4: -0.0420169995186811
calculated iMatrix for 16, 1, 5, 5: 0.24004817414590618
calculated iMatrix for 16, 1, 5, 6: -0.2526798896092818
calculated iMatrix for 16, 1, 5, 7: 0.15178671616929318
calculated iMatrix for 16, 1, 5, 8: 0.0631429533829766
calculated iMatrix for 16, 1, 5, 9: -0.18702591938784485
calculated iMatrix for 16, 1, 5, 10: 0.08329619220145534
calculated iMatrix for 16, 1, 5, 11: -0.13873563026006386
calculated iMatrix for 16, 1, 5, 12: -0.016826750690122516
calculated iMatrix for 16, 1, 5, 13: 0.05562147004523488
calculated iMatrix for 16, 1, 5, 14: -0.08166540373001874
calculated iMatrix for 16, 1, 5, 15: 0.12326572366089283
calculated iMatrix for 16, 1, 5, 16: -0.030589524279730718
calculated iMatrix for 16, 1, 5, 17: 0.47241020382978877
calculated iMatrix for 16, 1, 5, 18: -0.048584533265766394
calculated iMatrix for 16, 1, 5, 19: -0.13957631967485729
calculated iMatrix for 16, 1, 6, 0: -0.16120848611212246
calculated iMatrix for 16, 1, 6, 1: 0.009684374858209388
calculated iMatrix for 16, 1, 6, 2: -0.5358268068956714
calculated iMatrix for 16, 1, 6, 3: -0.24982682062687533
calculated iMatrix for 16, 1, 6, 4: -0.11076177821765787
calculated iMatrix for 16, 1, 6, 5: 0.40718131331719687
calculated iMatrix for 16, 1, 6, 6: -0.26541891538671136
calculated iMatrix for 16, 1, 6, 7: 0.36468005727722164
calculated iMatrix for 16, 1, 6, 8: 0.3086660025639236
calculated iMatrix for 16, 1, 6, 9: -0.3957807332499551
calculated iMatrix for 16, 1, 6, 10: -0.1726371819357454
calculated iMatrix for 16, 1, 6, 11: -0.06301745691852279
calculated iMatrix for 16, 1, 6, 12: -0.545477062727833
calculated iMatrix for 16, 1, 6, 13: -0.03476738771262444
calculated iMatrix for 16, 1, 6, 14: -0.2964313992824096
calculated iMatrix for 16, 1, 6, 15: -0.06815811190572474
calculated iMatrix for 16, 1, 6, 16: 0.5960175511323451
calculated iMatrix for 16, 1, 6, 17: 0.3663593187969416
calculated iMatrix for 16, 1, 6, 18: -0.3580404052671079
calculated iMatrix for 16, 1, 6, 19: -0.14964766371104654
calculated iMatrix for 16, 1, 7, 0: -0.1454510416315885
calculated iMatrix for 16, 1, 7, 1: 0.37166437102663497
calculated iMatrix for 16, 1, 7, 2: -0.9392118310505079
calculated iMatrix for 16, 1, 7, 3: -0.4554999679515773
calculated iMatrix for 16, 1, 7, 4: 0.4011632409916338
calculated iMatrix for 16, 1, 7, 5: -0.19895449025311873
calculated iMatrix for 16, 1, 7, 6: -0.10364431044879374
calculated iMatrix for 16, 1, 7, 7: 0.6426126954250999
calculated iMatrix for 16, 1, 7, 8: -0.2140938956140913
calculated iMatrix for 16, 1, 7, 9: 0.3299916746260667
calculated iMatrix for 16, 1, 7, 10: -0.04480381042586046
calculated iMatrix for 16, 1, 7, 11: -0.4658594347631416
calculated iMatrix for 16, 1, 7, 12: -0.9947764826867941
calculated iMatrix for 16, 1, 7, 13: -0.24045977827450626
calculated iMatrix for 16, 1, 7, 14: -0.2754945673754531
calculated iMatrix for 16, 1, 7, 15: -0.24566231695063523
calculated iMatrix for 16, 1, 7, 16: 0.027564800136057777
calculated iMatrix for 16, 1, 7, 17: 0.6814403654368371
calculated iMatrix for 16, 1, 7, 18: 0.7764433727614006
calculated iMatrix for 16, 1, 7, 19: 0.5069043465684215
calculated iMatrix for 16, 1, 8, 0: NaN
calculated iMatrix for 16, 1, 8, 1: NaN
calculated iMatrix for 16, 1, 8, 2: NaN
calculated iMatrix for 16, 1, 8, 3: NaN
calculated iMatrix for 16, 1, 8, 4: NaN
calculated iMatrix for 16, 1, 8, 5: NaN
calculated iMatrix for 16, 1, 8, 6: NaN
calculated iMatrix for 16, 1, 8, 7: NaN
calculated iMatrix for 16, 1, 8, 8: NaN
calculated iMatrix for 16, 1, 8, 9: NaN
calculated iMatrix for 16, 1, 8, 10: NaN
calculated iMatrix for 16, 1, 8, 11: NaN
calculated iMatrix for 16, 1, 8, 12: NaN
calculated iMatrix for 16, 1, 8, 13: NaN
calculated iMatrix for 16, 1, 8, 14: NaN
calculated iMatrix for 16, 1, 8, 15: NaN
calculated iMatrix for 16, 1, 8, 16: 0.001133992412396423
calculated iMatrix for 16, 1, 8, 17: NaN
calculated iMatrix for 16, 1, 8, 18: NaN
calculated iMatrix for 16, 1, 8, 19: NaN
calculated iMatrix for 16, 1, 9, 0: -0.24729871070476495
calculated iMatrix for 16, 1, 9, 1: 0.5104596627706985
calculated iMatrix for 16, 1, 9, 2: -0.6834628057017359
calculated iMatrix for 16, 1, 9, 3: -0.7336125893872075
calculated iMatrix for 16, 1, 9, 4: 0.7324802493402846
calculated iMatrix for 16, 1, 9, 5: -0.5550465137439838
calculated iMatrix for 16, 1, 9, 6: -0.08837683831800536
calculated iMatrix for 16, 1, 9, 7: 0.9024446093221702
calculated iMatrix for 16, 1, 9, 8: -0.3984438506694389
calculated iMatrix for 16, 1, 9, 9: 0.22209437052931036
calculated iMatrix for 16, 1, 9, 10: -0.18838553890388454
calculated iMatrix for 16, 1, 9, 11: -0.24729871070476495
calculated iMatrix for 16, 1, 9, 12: -0.8447309532978583
calculated iMatrix for 16, 1, 9, 13: -0.4763195957339673
calculated iMatrix for 16, 1, 9, 14: -0.3339053295318676
calculated iMatrix for 16, 1, 9, 15: -0.2211904073527361
calculated iMatrix for 16, 1, 9, 16: 0.20512532362308322
calculated iMatrix for 16, 1, 9, 17: 0.8212641526433336
calculated iMatrix for 16, 1, 9, 18: 0.4479393057893646
calculated iMatrix for 16, 1, 9, 19: 0.4185450719675119
calculated iMatrix for 16, 1, 10, 0: -0.634672641532304
calculated iMatrix for 16, 1, 10, 1: 0.13373702352818817
calculated iMatrix for 16, 1, 10, 2: -0.21135169411643562
calculated iMatrix for 16, 1, 10, 3: -0.2274454184307403
calculated iMatrix for 16, 1, 10, 4: -0.16382655225359033
calculated iMatrix for 16, 1, 10, 5: -0.013209445007643206
calculated iMatrix for 16, 1, 10, 6: -0.14938031977147792
calculated iMatrix for 16, 1, 10, 7: 0.23960761315779788
calculated iMatrix for 16, 1, 10, 8: -0.15124599195442767
calculated iMatrix for 16, 1, 10, 9: -0.2731077122993798
calculated iMatrix for 16, 1, 10, 10: -0.6666556873853547
calculated iMatrix for 16, 1, 10, 11: 0.1853613889334953
calculated iMatrix for 16, 1, 10, 12: -0.1667720624833472
calculated iMatrix for 16, 1, 10, 13: -0.017396583744461402
calculated iMatrix for 16, 1, 10, 14: -0.2143098783363132
calculated iMatrix for 16, 1, 10, 15: 0.17826894192198472
calculated iMatrix for 16, 1, 10, 16: 0.7450319099085311
calculated iMatrix for 16, 1, 10, 17: 0.5151480554828146
calculated iMatrix for 16, 1, 10, 18: -0.1501643260836868
calculated iMatrix for 16, 1, 10, 19: 0.22361127106749512
calculated iMatrix for 16, 1, 11, 0: -0.08292188261371469
calculated iMatrix for 16, 1, 11, 1: 0.310789467642131
calculated iMatrix for 16, 1, 11, 2: 0.046241970592006854
calculated iMatrix for 16, 1, 11, 3: -0.42641770271184487
calculated iMatrix for 16, 1, 11, 4: 0.06097766924575976
calculated iMatrix for 16, 1, 11, 5: 0.2866711581932423
calculated iMatrix for 16, 1, 11, 6: -0.016632933459164057
calculated iMatrix for 16, 1, 11, 7: 0.07867724634516071
calculated iMatrix for 16, 1, 11, 8: -0.26360896014147184
calculated iMatrix for 16, 1, 11, 9: -0.19673473351480586
calculated iMatrix for 16, 1, 11, 10: -0.44633301241278633
calculated iMatrix for 16, 1, 11, 11: 0.22618338345375044
calculated iMatrix for 16, 1, 11, 12: -0.15973377709983738
calculated iMatrix for 16, 1, 11, 13: -0.3367052984203497
calculated iMatrix for 16, 1, 11, 14: -0.3521056697472934
calculated iMatrix for 16, 1, 11, 15: 0.17711731915841322
calculated iMatrix for 16, 1, 11, 16: 0.12868766691982214
calculated iMatrix for 16, 1, 11, 17: 0.4755586107619336
calculated iMatrix for 16, 1, 11, 18: 2.056309036656545E-4
calculated iMatrix for 16, 1, 11, 19: -0.009007758153943168
calculated iMatrix for 16, 1, 12, 0: -0.07408550820724946
calculated iMatrix for 16, 1, 12, 1: -0.6321695113141855
calculated iMatrix for 16, 1, 12, 2: 0.2818840831616133
calculated iMatrix for 16, 1, 12, 3: 0.05173261110170868
calculated iMatrix for 16, 1, 12, 4: -0.5011412489077814
calculated iMatrix for 16, 1, 12, 5: 0.44708253006938276
calculated iMatrix for 16, 1, 12, 6: -0.01403215175910677
calculated iMatrix for 16, 1, 12, 7: -0.030666920665358033
calculated iMatrix for 16, 1, 12, 8: -0.07175595708196503
calculated iMatrix for 16, 1, 12, 9: -0.4603192543875262
calculated iMatrix for 16, 1, 12, 10: -0.5975203759010114
calculated iMatrix for 16, 1, 12, 11: 0.28547165965784094
calculated iMatrix for 16, 1, 12, 12: 0.18263818164856382
calculated iMatrix for 16, 1, 12, 13: -0.46810139482958124
calculated iMatrix for 16, 1, 12, 14: -0.12384701776631346
calculated iMatrix for 16, 1, 12, 15: 0.34349349405993845
calculated iMatrix for 16, 1, 12, 16: 0.14030455727527358
calculated iMatrix for 16, 1, 12, 17: -0.18521596414260533
calculated iMatrix for 16, 1, 12, 18: -0.025001183129680693
calculated iMatrix for 16, 1, 12, 19: -0.0150082377321622
calculated iMatrix for 16, 1, 13, 0: -0.33998937362153947
calculated iMatrix for 16, 1, 13, 1: 0.11504489051603561
calculated iMatrix for 16, 1, 13, 2: -0.08687036017832017
calculated iMatrix for 16, 1, 13, 3: -0.14782201281602136
calculated iMatrix for 16, 1, 13, 4: -0.34171351197967914
calculated iMatrix for 16, 1, 13, 5: 0.4453893681560919
calculated iMatrix for 16, 1, 13, 6: 0.28998634001236767
calculated iMatrix for 16, 1, 13, 7: -0.19461608865452062
calculated iMatrix for 16, 1, 13, 8: 0.1134811685398528
calculated iMatrix for 16, 1, 13, 9: -0.3689170909804068
calculated iMatrix for 16, 1, 13, 10: -0.23147768195867868
calculated iMatrix for 16, 1, 13, 11: 0.2983058555519261
calculated iMatrix for 16, 1, 13, 12: 0.08972708253174577
calculated iMatrix for 16, 1, 13, 13: -0.50477101695836
calculated iMatrix for 16, 1, 13, 14: 0.02065340622878331
calculated iMatrix for 16, 1, 13, 15: 0.5290937423155915
calculated iMatrix for 16, 1, 13, 16: 0.16686995838062169
calculated iMatrix for 16, 1, 13, 17: -0.04922032856110581
calculated iMatrix for 16, 1, 13, 18: 0.2038403892991668
calculated iMatrix for 16, 1, 13, 19: -0.15865093996100554
calculated iMatrix for 16, 1, 14, 0: -0.018486502108487013
calculated iMatrix for 16, 1, 14, 1: 0.033977067427253926
calculated iMatrix for 16, 1, 14, 2: 0.10399505432945066
calculated iMatrix for 16, 1, 14, 3: 0.02472225222274982
calculated iMatrix for 16, 1, 14, 4: -0.3802765467139898
calculated iMatrix for 16, 1, 14, 5: 0.29207075973527985
calculated iMatrix for 16, 1, 14, 6: 0.5494975354974523
calculated iMatrix for 16, 1, 14, 7: -0.41331321201159577
calculated iMatrix for 16, 1, 14, 8: 0.03708334904632371
calculated iMatrix for 16, 1, 14, 9: -0.2838628170459697
calculated iMatrix for 16, 1, 14, 10: -0.15865093996100554
calculated iMatrix for 16, 1, 14, 11: 0.22055783358060477
calculated iMatrix for 16, 1, 14, 12: -0.013767286176840532
calculated iMatrix for 16, 1, 14, 13: -0.43434376798426555
calculated iMatrix for 16, 1, 14, 14: -0.20479429357027656
calculated iMatrix for 16, 1, 14, 15: 0.3062104721064429
calculated iMatrix for 16, 1, 14, 16: 0.5099835856372126
calculated iMatrix for 16, 1, 14, 17: -0.3004705534456301
calculated iMatrix for 16, 1, 14, 18: -0.4239516102166515
calculated iMatrix for 16, 1, 14, 19: -0.2481447344438904
calculated iMatrix for 16, 1, 15, 0: -0.09877812079762094
calculated iMatrix for 16, 1, 15, 1: -0.21345917645600043
calculated iMatrix for 16, 1, 15, 2: 0.19814236818452913
calculated iMatrix for 16, 1, 15, 3: -0.017714599329905045
calculated iMatrix for 16, 1, 15, 4: 0.2000381033494283
calculated iMatrix for 16, 1, 15, 5: 0.2824248673117913
calculated iMatrix for 16, 1, 15, 6: 0.026491493174590652
calculated iMatrix for 16, 1, 15, 7: -0.26682439699544636
calculated iMatrix for 16, 1, 15, 8: -0.2275137921615794
calculated iMatrix for 16, 1, 15, 9: -0.4869875014696875
calculated iMatrix for 16, 1, 15, 10: -0.5116125487750768
calculated iMatrix for 16, 1, 15, 11: 0.22590748332784527
calculated iMatrix for 16, 1, 15, 12: 0.28061859000876754
calculated iMatrix for 16, 1, 15, 13: -0.3808550830332794
calculated iMatrix for 16, 1, 15, 14: -0.05235101606124337
calculated iMatrix for 16, 1, 15, 15: 0.292845935898672
calculated iMatrix for 16, 1, 15, 16: 0.16383505468546766
calculated iMatrix for 16, 1, 15, 17: 0.044319871520965615
calculated iMatrix for 16, 1, 15, 18: -0.21345917645600043
calculated iMatrix for 16, 1, 15, 19: -0.07369723408084172
calculated iMatrix for 16, 1, 16, 0: -0.1832192912662821
calculated iMatrix for 16, 1, 16, 1: 0.03611763192636486
calculated iMatrix for 16, 1, 16, 2: 0.12010819247258231
calculated iMatrix for 16, 1, 16, 3: -0.1726371819357454
calculated iMatrix for 16, 1, 16, 4: 0.03215723071026799
calculated iMatrix for 16, 1, 16, 5: 0.2546152803573263
calculated iMatrix for 16, 1, 16, 6: -0.11344831054541482
calculated iMatrix for 16, 1, 16, 7: 0.0012691779329249142
calculated iMatrix for 16, 1, 16, 8: -0.02000741494919378
calculated iMatrix for 16, 1, 16, 9: -0.19511003778780378
calculated iMatrix for 16, 1, 16, 10: -0.2978003248897513
calculated iMatrix for 16, 1, 16, 11: -0.029536338295071962
calculated iMatrix for 16, 1, 16, 12: -0.048584533265766394
calculated iMatrix for 16, 1, 16, 13: -0.008334130644468973
calculated iMatrix for 16, 1, 16, 14: -0.2210895653216921
calculated iMatrix for 16, 1, 16, 15: 0.3295954781074135
calculated iMatrix for 16, 1, 16, 16: 0.2639185132424503
calculated iMatrix for 16, 1, 16, 17: 0.0972824341761952
calculated iMatrix for 16, 1, 16, 18: 0.09117740910939232
calculated iMatrix for 16, 1, 16, 19: -0.5119912649318471
calculated iMatrix for 16, 2, 0, 0: 0.07553540955702209
calculated iMatrix for 16, 2, 0, 1: -0.1778782060599442
calculated iMatrix for 16, 2, 0, 2: 0.16544094669723264
calculated iMatrix for 16, 2, 0, 3: 0.3134028216330763
calculated iMatrix for 16, 2, 0, 4: 0.008707749520468155
calculated iMatrix for 16, 2, 0, 5: -0.004996489526622572
calculated iMatrix for 16, 2, 0, 6: -0.16529942385308383
calculated iMatrix for 16, 2, 0, 7: 0.04719027366384998
calculated iMatrix for 16, 2, 0, 8: -0.18099833339618776
calculated iMatrix for 16, 2, 0, 9: -0.12224112575454815
calculated iMatrix for 16, 2, 0, 10: -0.4010217573741539
calculated iMatrix for 16, 2, 0, 11: -0.08456602891829235
calculated iMatrix for 16, 2, 0, 12: -0.017457913219090404
calculated iMatrix for 16, 2, 0, 13: 0.1557409615788624
calculated iMatrix for 16, 2, 0, 14: 0.02572074918129541
calculated iMatrix for 16, 2, 0, 15: 0.042023851330094675
calculated iMatrix for 16, 2, 0, 16: 0.06683783050839354
calculated iMatrix for 16, 2, 0, 17: -0.01682878454152914
calculated iMatrix for 16, 2, 0, 18: -0.5395406915097156
calculated iMatrix for 16, 2, 0, 19: -0.12381098478966845
calculated iMatrix for 16, 2, 1, 0: 0.198357263733282
calculated iMatrix for 16, 2, 1, 1: -0.09193577625921945
calculated iMatrix for 16, 2, 1, 2: 0.061013702222404764
calculated iMatrix for 16, 2, 1, 3: 0.3390636447234827
calculated iMatrix for 16, 2, 1, 4: -0.144838351981744
calculated iMatrix for 16, 2, 1, 5: 0.05153495826786114
calculated iMatrix for 16, 2, 1, 6: -0.04434681343542146
calculated iMatrix for 16, 2, 1, 7: 0.13512167437612665
calculated iMatrix for 16, 2, 1, 8: 0.032842825255708474
calculated iMatrix for 16, 2, 1, 9: 0.12038597572237375
calculated iMatrix for 16, 2, 1, 10: 0.004443350734010476
calculated iMatrix for 16, 2, 1, 11: -0.22666837022937614
calculated iMatrix for 16, 2, 1, 12: -0.2751627201679865
calculated iMatrix for 16, 2, 1, 13: 0.11893634995510949
calculated iMatrix for 16, 2, 1, 14: -0.14194619683388066
calculated iMatrix for 16, 2, 1, 15: -0.2598770412260296
calculated iMatrix for 16, 2, 1, 16: 0.1245461481290403
calculated iMatrix for 16, 2, 1, 17: -0.11845478558914335
calculated iMatrix for 16, 2, 1, 18: -0.5520907706640041
calculated iMatrix for 16, 2, 1, 19: -0.42615773064569606
calculated iMatrix for 16, 2, 2, 0: 0.38383902500243583
calculated iMatrix for 16, 2, 2, 1: -0.5678391276321433
calculated iMatrix for 16, 2, 2, 2: 0.2275869020482203
calculated iMatrix for 16, 2, 2, 3: 0.25833655391487187
calculated iMatrix for 16, 2, 2, 4: 0.010174025442995616
calculated iMatrix for 16, 2, 2, 5: -0.30561157256949567
calculated iMatrix for 16, 2, 2, 6: 0.0075250172714187435
calculated iMatrix for 16, 2, 2, 7: -0.03972786757912683
calculated iMatrix for 16, 2, 2, 8: -0.27493511119921066
calculated iMatrix for 16, 2, 2, 9: 0.13108126483912186
calculated iMatrix for 16, 2, 2, 10: 0.16589333304288045
calculated iMatrix for 16, 2, 2, 11: 0.022792489402207128
calculated iMatrix for 16, 2, 2, 12: 6.045744268448061E-4
calculated iMatrix for 16, 2, 2, 13: -0.04898719299192367
calculated iMatrix for 16, 2, 2, 14: 0.03834490240969202
calculated iMatrix for 16, 2, 2, 15: -0.2717210341703191
calculated iMatrix for 16, 2, 2, 16: -0.35628586353276237
calculated iMatrix for 16, 2, 2, 17: 0.1345985250050532
calculated iMatrix for 16, 2, 2, 18: 0.14684513807218602
calculated iMatrix for 16, 2, 2, 19: -0.07989779769974037
calculated iMatrix for 16, 2, 3, 0: 0.09833146522960001
calculated iMatrix for 16, 2, 3, 1: -0.2912068913669472
calculated iMatrix for 16, 2, 3, 2: 0.1546991862997279
calculated iMatrix for 16, 2, 3, 3: 0.3392966453847054
calculated iMatrix for 16, 2, 3, 4: -0.009338788780586027
calculated iMatrix for 16, 2, 3, 5: 0.03704451210940851
calculated iMatrix for 16, 2, 3, 6: 0.0178663710661513
calculated iMatrix for 16, 2, 3, 7: -0.06236531893809971
calculated iMatrix for 16, 2, 3, 8: -0.014530432751768352
calculated iMatrix for 16, 2, 3, 9: -0.025321999065843315
calculated iMatrix for 16, 2, 3, 10: 0.22374812574105463
calculated iMatrix for 16, 2, 3, 11: -0.059614285566209846
calculated iMatrix for 16, 2, 3, 12: -0.20419551437731753
calculated iMatrix for 16, 2, 3, 13: -0.002066029451506468
calculated iMatrix for 16, 2, 3, 14: 0.2704270607247127
calculated iMatrix for 16, 2, 3, 15: -0.15378065448088352
calculated iMatrix for 16, 2, 3, 16: -0.05812895295001819
calculated iMatrix for 16, 2, 3, 17: -0.2517904643467137
calculated iMatrix for 16, 2, 3, 18: 0.09178536088915856
calculated iMatrix for 16, 2, 3, 19: -0.2182295015835114
calculated iMatrix for 16, 2, 4, 0: 0.2594449557131201
calculated iMatrix for 16, 2, 4, 1: -0.14662566255583953
calculated iMatrix for 16, 2, 4, 2: 0.20318819100294738
calculated iMatrix for 16, 2, 4, 3: 0.3631611963025433
calculated iMatrix for 16, 2, 4, 4: -0.016726330773702225
calculated iMatrix for 16, 2, 4, 5: -0.3507805409374072
calculated iMatrix for 16, 2, 4, 6: -0.26488958304957366
calculated iMatrix for 16, 2, 4, 7: 0.10980386639183692
calculated iMatrix for 16, 2, 4, 8: -0.16081029754779608
calculated iMatrix for 16, 2, 4, 9: 0.2569615107281247
calculated iMatrix for 16, 2, 4, 10: 0.006263187450996632
calculated iMatrix for 16, 2, 4, 11: -0.2044452334446658
calculated iMatrix for 16, 2, 4, 12: -0.41772360699208533
calculated iMatrix for 16, 2, 4, 13: 0.2771560580776311
calculated iMatrix for 16, 2, 4, 14: 0.01965276939753946
calculated iMatrix for 16, 2, 4, 15: 0.02490442260535053
calculated iMatrix for 16, 2, 4, 16: -0.2976794058725647
calculated iMatrix for 16, 2, 4, 17: 0.09527576582892705
calculated iMatrix for 16, 2, 4, 18: -0.6190613967701877
calculated iMatrix for 16, 2, 4, 19: -0.29173196357643794
calculated iMatrix for 16, 2, 5, 0: 0.34104462793866597
calculated iMatrix for 16, 2, 5, 1: -0.44024247052743504
calculated iMatrix for 16, 2, 5, 2: 0.24364928005834952
calculated iMatrix for 16, 2, 5, 3: 0.21180303434695835
calculated iMatrix for 16, 2, 5, 4: 0.05810249201494644
calculated iMatrix for 16, 2, 5, 5: -0.17474831305101635
calculated iMatrix for 16, 2, 5, 6: -0.15256039807565425
calculated iMatrix for 16, 2, 5, 7: 0.11553454110082195
calculated iMatrix for 16, 2, 5, 8: -0.31507932757342916
calculated iMatrix for 16, 2, 5, 9: 0.2718286026500011
calculated iMatrix for 16, 2, 5, 10: 0.1368325387797561
calculated iMatrix for 16, 2, 5, 11: -0.2021105194477122
calculated iMatrix for 16, 2, 5, 12: -0.46271532637949364
calculated iMatrix for 16, 2, 5, 13: 0.21298810262706758
calculated iMatrix for 16, 2, 5, 14: 0.1057305410042011
calculated iMatrix for 16, 2, 5, 15: -0.08558977196947049
calculated iMatrix for 16, 2, 5, 16: -0.027397255121648145
calculated iMatrix for 16, 2, 5, 17: -0.4291926343408501
calculated iMatrix for 16, 2, 5, 18: -0.41238551602446893
calculated iMatrix for 16, 2, 5, 19: 0.14885438126370987
calculated iMatrix for 16, 2, 6, 0: 0.341531161397438
calculated iMatrix for 16, 2, 6, 1: -0.19030072605850124
calculated iMatrix for 16, 2, 6, 2: 0.12011323605069812
calculated iMatrix for 16, 2, 6, 3: 0.3263900171598876
calculated iMatrix for 16, 2, 6, 4: 0.26943401198372074
calculated iMatrix for 16, 2, 6, 5: -0.7143715765745127
calculated iMatrix for 16, 2, 6, 6: 0.22915062402440312
calculated iMatrix for 16, 2, 6, 7: 0.11279340524020287
calculated iMatrix for 16, 2, 6, 8: -0.2832387217177703
calculated iMatrix for 16, 2, 6, 9: 0.5791727764794814
calculated iMatrix for 16, 2, 6, 10: 0.6404321174540073
calculated iMatrix for 16, 2, 6, 11: -0.41671197311724106
calculated iMatrix for 16, 2, 6, 12: -0.2644086982122231
calculated iMatrix for 16, 2, 6, 13: 0.0653521038210031
calculated iMatrix for 16, 2, 6, 14: 0.18634394351417127
calculated iMatrix for 16, 2, 6, 15: -0.36422391315362423
calculated iMatrix for 16, 2, 6, 16: -0.5517379747527773
calculated iMatrix for 16, 2, 6, 17: 0.027565768154864667
calculated iMatrix for 16, 2, 6, 18: 0.5088380841697108
calculated iMatrix for 16, 2, 6, 19: 0.03996029302457249
calculated iMatrix for 16, 2, 7, 0: 0.3241367880238917
calculated iMatrix for 16, 2, 7, 1: 0.10032512243729319
calculated iMatrix for 16, 2, 7, 2: 0.08011207658443376
calculated iMatrix for 16, 2, 7, 3: 0.7226286581129491
calculated iMatrix for 16, 2, 7, 4: -0.010642286684030333
calculated iMatrix for 16, 2, 7, 5: -0.7317633192863817
calculated iMatrix for 16, 2, 7, 6: -0.29566124171632757
calculated iMatrix for 16, 2, 7, 7: -0.1428984871639174
calculated iMatrix for 16, 2, 7, 8: 0.3901058315459952
calculated iMatrix for 16, 2, 7, 9: 0.16623375857808287
calculated iMatrix for 16, 2, 7, 10: 0.414293057159999
calculated iMatrix for 16, 2, 7, 11: -0.2323663913440137
calculated iMatrix for 16, 2, 7, 12: -0.5053817726983965
calculated iMatrix for 16, 2, 7, 13: 0.6466049765610882
calculated iMatrix for 16, 2, 7, 14: -0.049528172177419005
calculated iMatrix for 16, 2, 7, 15: -0.20604908302664038
calculated iMatrix for 16, 2, 7, 16: -0.28410041931525143
calculated iMatrix for 16, 2, 7, 17: -0.22476179195879453
calculated iMatrix for 16, 2, 7, 18: -0.21709891921322555
calculated iMatrix for 16, 2, 7, 19: -0.19206284105190052
calculated iMatrix for 16, 2, 8, 0: NaN
calculated iMatrix for 16, 2, 8, 1: NaN
calculated iMatrix for 16, 2, 8, 2: NaN
calculated iMatrix for 16, 2, 8, 3: NaN
calculated iMatrix for 16, 2, 8, 4: NaN
calculated iMatrix for 16, 2, 8, 5: NaN
calculated iMatrix for 16, 2, 8, 6: NaN
calculated iMatrix for 16, 2, 8, 7: NaN
calculated iMatrix for 16, 2, 8, 8: NaN
calculated iMatrix for 16, 2, 8, 9: NaN
calculated iMatrix for 16, 2, 8, 10: NaN
calculated iMatrix for 16, 2, 8, 11: NaN
calculated iMatrix for 16, 2, 8, 12: NaN
calculated iMatrix for 16, 2, 8, 13: NaN
calculated iMatrix for 16, 2, 8, 14: NaN
calculated iMatrix for 16, 2, 8, 15: NaN
calculated iMatrix for 16, 2, 8, 16: -2.1803700517963875E-4
calculated iMatrix for 16, 2, 8, 17: NaN
calculated iMatrix for 16, 2, 8, 18: NaN
calculated iMatrix for 16, 2, 8, 19: NaN
calculated iMatrix for 16, 2, 9, 0: 0.6137566108700656
calculated iMatrix for 16, 2, 9, 1: -0.33034679970421754
calculated iMatrix for 16, 2, 9, 2: -0.1274765746828752
calculated iMatrix for 16, 2, 9, 3: 0.1415525647064172
calculated iMatrix for 16, 2, 9, 4: -0.13439309412020517
calculated iMatrix for 16, 2, 9, 5: -0.3483653052068958
calculated iMatrix for 16, 2, 9, 6: 0.17110439225563256
calculated iMatrix for 16, 2, 9, 7: 0.05423401523702609
calculated iMatrix for 16, 2, 9, 8: 0.19077292892550402
calculated iMatrix for 16, 2, 9, 9: 0.44866305547907714
calculated iMatrix for 16, 2, 9, 10: 0.6206294901578275
calculated iMatrix for 16, 2, 9, 11: -0.4089899270233308
calculated iMatrix for 16, 2, 9, 12: -1.9183443809004488
calculated iMatrix for 16, 2, 9, 13: 0.5993520917105427
calculated iMatrix for 16, 2, 9, 14: 0.44689167705526434
calculated iMatrix for 16, 2, 9, 15: -0.24292889110115645
calculated iMatrix for 16, 2, 9, 16: -0.5143504426811571
calculated iMatrix for 16, 2, 9, 17: -0.28497634161631114
calculated iMatrix for 16, 2, 9, 18: -0.29957514103746385
calculated iMatrix for 16, 2, 9, 19: -0.013923526136065068
calculated iMatrix for 16, 2, 10, 0: 0.5605652494151775
calculated iMatrix for 16, 2, 10, 1: 0.2338565150618157
calculated iMatrix for 16, 2, 10, 2: -0.33247521483904396
calculated iMatrix for 16, 2, 10, 3: -0.3020921320466179
calculated iMatrix for 16, 2, 10, 4: 0.005443851067594041
calculated iMatrix for 16, 2, 10, 5: -0.5275797396496542
calculated iMatrix for 16, 2, 10, 6: 0.08511125380146534
calculated iMatrix for 16, 2, 10, 7: 0.10663429163055782
calculated iMatrix for 16, 2, 10, 8: 0.37499565394954604
calculated iMatrix for 16, 2, 10, 9: 0.7070309250730429
calculated iMatrix for 16, 2, 10, 10: 0.9979237212992956
calculated iMatrix for 16, 2, 10, 11: -0.0665475234156141
calculated iMatrix for 16, 2, 10, 12: -1.6961402378281747
calculated iMatrix for 16, 2, 10, 13: 0.316418115754836
calculated iMatrix for 16, 2, 10, 14: 0.31744323117008144
calculated iMatrix for 16, 2, 10, 15: -0.5725712171861974
calculated iMatrix for 16, 2, 10, 16: -0.5923931496880264
calculated iMatrix for 16, 2, 10, 17: -0.12024909322330779
calculated iMatrix for 16, 2, 10, 18: 0.03748320481221068
calculated iMatrix for 16, 2, 10, 19: 0.2678081155350851
calculated iMatrix for 16, 2, 11, 0: 0.19887269445147748
calculated iMatrix for 16, 2, 11, 1: -0.09604818781231184
calculated iMatrix for 16, 2, 11, 2: -0.437160803990027
calculated iMatrix for 16, 2, 11, 3: 0.10260095409777892
calculated iMatrix for 16, 2, 11, 4: -0.3209790497006173
calculated iMatrix for 16, 2, 11, 5: -0.4644232687246499
calculated iMatrix for 16, 2, 11, 6: -0.21469217918266037
calculated iMatrix for 16, 2, 11, 7: 0.056694041077888335
calculated iMatrix for 16, 2, 11, 8: 0.4635676001231108
calculated iMatrix for 16, 2, 11, 9: 0.6131388184286699
calculated iMatrix for 16, 2, 11, 10: 0.5451219376496823
calculated iMatrix for 16, 2, 11, 11: -0.1569050826796652
calculated iMatrix for 16, 2, 11, 12: -0.9087657146027366
calculated iMatrix for 16, 2, 11, 13: 0.2391286624883917
calculated iMatrix for 16, 2, 11, 14: 0.5360721021297644
calculated iMatrix for 16, 2, 11, 15: -0.2548392471960723
calculated iMatrix for 16, 2, 11, 16: -0.1133396849223729
calculated iMatrix for 16, 2, 11, 17: -0.31060282171452647
calculated iMatrix for 16, 2, 11, 18: 0.2921254231857915
calculated iMatrix for 16, 2, 11, 19: -0.15952906739174755
calculated iMatrix for 16, 2, 12, 0: 0.2775973226228816
calculated iMatrix for 16, 2, 12, 1: -0.17160859304634868
calculated iMatrix for 16, 2, 12, 2: -0.5188047930305373
calculated iMatrix for 16, 2, 12, 3: 0.21360066007348033
calculated iMatrix for 16, 2, 12, 4: 0.025462717958085967
calculated iMatrix for 16, 2, 12, 5: -0.5066283965872467
calculated iMatrix for 16, 2, 12, 6: -0.21227963277727646
calculated iMatrix for 16, 2, 12, 7: 0.18849613496750173
calculated iMatrix for 16, 2, 12, 8: 0.2835546623764701
calculated iMatrix for 16, 2, 12, 9: 0.43011116615969425
calculated iMatrix for 16, 2, 12, 10: 0.6206294901578275
calculated iMatrix for 16, 2, 12, 11: -0.014361770245043814
calculated iMatrix for 16, 2, 12, 12: -0.5551724372014122
calculated iMatrix for 16, 2, 12, 13: 0.3974859388436177
calculated iMatrix for 16, 2, 12, 14: 0.23609759171612898
calculated iMatrix for 16, 2, 12, 15: -0.41661385213398994
calculated iMatrix for 16, 2, 12, 16: -0.2936389963355597
calculated iMatrix for 16, 2, 12, 17: -0.1710985190745653
calculated iMatrix for 16, 2, 12, 18: 0.2328639591490641
calculated iMatrix for 16, 2, 12, 19: 0.026422257452785813
calculated iMatrix for 16, 2, 13, 0: 0.22346318486435823
calculated iMatrix for 16, 2, 13, 1: -0.4592906654981297
calculated iMatrix for 16, 2, 13, 2: -0.141852383803182
calculated iMatrix for 16, 2, 13, 3: 0.10455451050569309
calculated iMatrix for 16, 2, 13, 4: 0.12593324832172048
calculated iMatrix for 16, 2, 13, 5: -0.07613433087230637
calculated iMatrix for 16, 2, 13, 6: -0.47211767905788404
calculated iMatrix for 16, 2, 13, 7: -0.07251769040211786
calculated iMatrix for 16, 2, 13, 8: -0.04386243464174178
calculated iMatrix for 16, 2, 13, 9: 0.4735962780994333
calculated iMatrix for 16, 2, 13, 10: 0.44506471582675267
calculated iMatrix for 16, 2, 13, 11: -0.12551022054262817
calculated iMatrix for 16, 2, 13, 12: -0.14194619683388066
calculated iMatrix for 16, 2, 13, 13: 0.225701887352449
calculated iMatrix for 16, 2, 13, 14: -0.010642286684030333
calculated iMatrix for 16, 2, 13, 15: -0.45298149630486484
calculated iMatrix for 16, 2, 13, 16: -0.31992586371595877
calculated iMatrix for 16, 2, 13, 17: -0.1778782060599442
calculated iMatrix for 16, 2, 13, 18: 0.30395988083279435
calculated iMatrix for 16, 2, 13, 19: 0.12815300506003335
calculated iMatrix for 16, 2, 14, 0: 0.16686342204377558
calculated iMatrix for 16, 2, 14, 1: -0.3030413490139501
calculated iMatrix for 16, 2, 14, 2: -0.16633644561977246
calculated iMatrix for 16, 2, 14, 3: -0.004695094063356775
calculated iMatrix for 16, 2, 14, 4: 0.047768475472384164
calculated iMatrix for 16, 2, 14, 5: -0.23457354973648936
calculated iMatrix for 16, 2, 14, 6: -0.3747985622750514
calculated iMatrix for 16, 2, 14, 7: 0.3009958178994443
calculated iMatrix for 16, 2, 14, 8: 0.39144362438765523
calculated iMatrix for 16, 2, 14, 9: 0.401110069137009
calculated iMatrix for 16, 2, 14, 10: 0.25290471003251025
calculated iMatrix for 16, 2, 14, 11: 0.0075250172714187435
calculated iMatrix for 16, 2, 14, 12: -0.13705621153968894
calculated iMatrix for 16, 2, 14, 13: -0.010642286684030333
calculated iMatrix for 16, 2, 14, 14: -0.07890748850088891
calculated iMatrix for 16, 2, 14, 15: -0.33156795017957164
calculated iMatrix for 16, 2, 14, 16: -0.44932754274990616
calculated iMatrix for 16, 2, 14, 17: -0.1615694680180202
calculated iMatrix for 16, 2, 14, 18: 0.07871327932180572
calculated iMatrix for 16, 2, 14, 19: 0.1387914032650891
calculated iMatrix for 16, 2, 15, 0: 0.027565768154864667
calculated iMatrix for 16, 2, 15, 1: -0.0325123557884186
calculated iMatrix for 16, 2, 15, 2: 0.04175040314682121
calculated iMatrix for 16, 2, 15, 3: 0.15833090728649724
calculated iMatrix for 16, 2, 15, 4: -0.10171684509438017
calculated iMatrix for 16, 2, 15, 5: -0.028554566981001672
calculated iMatrix for 16, 2, 15, 6: 0.006263187450996632
calculated iMatrix for 16, 2, 15, 7: -0.09564010782297183
calculated iMatrix for 16, 2, 15, 8: 0.26008606944117485
calculated iMatrix for 16, 2, 15, 9: 0.24839002967798363
calculated iMatrix for 16, 2, 15, 10: 0.5953116821735377
calculated iMatrix for 16, 2, 15, 11: 0.08711245518976607
calculated iMatrix for 16, 2, 15, 12: -0.2654213565266095
calculated iMatrix for 16, 2, 15, 13: 0.10150506357714184
calculated iMatrix for 16, 2, 15, 14: 0.047768475472384164
calculated iMatrix for 16, 2, 15, 15: -0.41149305724144924
calculated iMatrix for 16, 2, 15, 16: -0.3213179753096913
calculated iMatrix for 16, 2, 15, 17: -0.060095170403560605
calculated iMatrix for 16, 2, 15, 18: -0.0325123557884186
calculated iMatrix for 16, 2, 15, 19: -0.16022327082122323
calculated iMatrix for 16, 2, 16, 0: 0.20753075719459202
calculated iMatrix for 16, 2, 16, 1: -0.7955178341117441
calculated iMatrix for 16, 2, 16, 2: -0.2334480572147548
calculated iMatrix for 16, 2, 16, 3: -0.05146428120428537
calculated iMatrix for 16, 2, 16, 4: -0.08690642785421732
calculated iMatrix for 16, 2, 16, 5: 0.10980386639183692
calculated iMatrix for 16, 2, 16, 6: 0.12238264859869696
calculated iMatrix for 16, 2, 16, 7: -0.0618792921970619
calculated iMatrix for 16, 2, 16, 8: 0.13647211347399824
calculated iMatrix for 16, 2, 16, 9: 0.17347049359611422
calculated iMatrix for 16, 2, 16, 10: 0.1570567512423825
calculated iMatrix for 16, 2, 16, 11: 0.24839002967798363
calculated iMatrix for 16, 2, 16, 12: 0.05153495826786114
calculated iMatrix for 16, 2, 16, 13: 0.27467850958207085
calculated iMatrix for 16, 2, 16, 14: 0.16655668298428628
calculated iMatrix for 16, 2, 16, 15: -0.5185433209411929
calculated iMatrix for 16, 2, 16, 16: -0.22666837022937614
calculated iMatrix for 16, 2, 16, 17: -0.11657768019614823
calculated iMatrix for 16, 2, 16, 18: -0.0035248189151662057
calculated iMatrix for 16, 2, 16, 19: -0.07251769040211786
calculated fs for 0: [J@4b32ace3
calculated fs for 0: [J@4b32ace3
calculated fs for 0: [J@4b32ace3
calculated fs for 0: [J@4b32ace3
calculated fs for 0: [J@4b32ace3
calculated fs for 0: [J@4b32ace3
calculated fs for 0: [J@4b32ace3
calculated fs for 0: [J@4b32ace3
calculated fs for 0: [J@4b32ace3
calculated fs for 0: [J@4b32ace3
calculated fs for 0: [J@4b32ace3
calculated fs for 0: [J@4b32ace3
calculated fs for 0: [J@4b32ace3
calculated fs for 0: [J@4b32ace3
calculated fs for 0: [J@4b32ace3
calculated fs for 0: [J@4b32ace3
calculated fs for 0: [J@4b32ace3
calculated fs for 0: [J@4b32ace3
calculated fs for 0: [J@4b32ace3
calculated fs for 0: [J@4b32ace3
calculated fs for 0: [J@4b32ace3
calculated fs for 0: [J@4b32ace3
calculated fs for 0: [J@4b32ace3
calculated fs for 0: [J@4b32ace3
calculated fs for 0: [J@4b32ace3
calculated fs for 0: [J@4b32ace3
calculated fs for 0: [J@4b32ace3
calculated fs for 0: [J@4b32ace3
calculated fs for 0: [J@4b32ace3
calculated fs for 0: [J@4b32ace3
calculated fs for 0: [J@4b32ace3
calculated fs for 0: [J@4b32ace3
calculated fs for 0: [J@4b32ace3
calculated fs for 0: [J@4b32ace3
calculated fs for 0: [J@4b32ace3
calculated fs for 0: [J@4b32ace3
calculated fs for 0: [J@4b32ace3
calculated fs for 0: [J@4b32ace3
calculated fs for 0: [J@4b32ace3
calculated fs for 0: [J@4b32ace3
calculated fs for 0: [J@4b32ace3
calculated fs for 0: [J@4b32ace3
calculated fs for 0: [J@4b32ace3
calculated fs for 0: [J@4b32ace3
calculated fs for 0: [J@4b32ace3
calculated fs for 0: [J@4b32ace3
calculated fs for 0: [J@4b32ace3
calculated fs for 0: [J@4b32ace3
calculated fs for 0: [J@4b32ace3
calculated fs for 0: [J@4b32ace3
calculated fs for 0: [J@4b32ace3
calculated fs for 0: [J@4b32ace3
calculated fs for 0: [J@4b32ace3
calculated fs for 0: [J@4b32ace3
calculated fs for 0: [J@4b32ace3
calculated fs for 0: [J@4b32ace3
calculated fs for 0: [J@4b32ace3
calculated fs for 0: [J@4b32ace3
calculated fs for 0: [J@4b32ace3
calculated fs for 0: [J@4b32ace3
calculated fs for 0: [J@4b32ace3
calculated fs for 0: [J@4b32ace3
calculated fs for 0: [J@4b32ace3
calculated fs for 0: [J@4b32ace3
calculated fs for 0: [J@4b32ace3
calculated fs for 0: [J@4b32ace3
calculated fs for 0: [J@4b32ace3
calculated fs for 0: [J@4b32ace3
calculated fs for 0: [J@4b32ace3
calculated fs for 0: [J@4b32ace3
calculated fs for 0: [J@4b32ace3
calculated fs for 0: [J@4b32ace3
calculated fs for 0: [J@4b32ace3
calculated fs for 0: [J@4b32ace3
calculated fs for 0: [J@4b32ace3
calculated fs for 0: [J@4b32ace3
calculated fs for 0: [J@4b32ace3
calculated fs for 0: [J@4b32ace3
calculated fs for 0: [J@4b32ace3
calculated fs for 0: [J@4b32ace3
calculated fs for 0: [J@4b32ace3
calculated fs for 0: [J@4b32ace3
calculated fs for 0: [J@4b32ace3
calculated fs for 0: [J@4b32ace3
calculated fs for 0: [J@4b32ace3
calculated fs for 0: [J@4b32ace3
calculated fs for 0: [J@4b32ace3
calculated fs for 0: [J@4b32ace3
calculated fs for 0: [J@4b32ace3
calculated fs for 0: [J@4b32ace3
calculated fs for 0: [J@4b32ace3
calculated fs for 0: [J@4b32ace3
calculated fs for 0: [J@4b32ace3
calculated fs for 0: [J@4b32ace3
calculated fs for 0: [J@4b32ace3
calculated fs for 0: [J@4b32ace3
calculated fs for 0: [J@4b32ace3
calculated fs for 0: [J@4b32ace3
calculated fs for 0: [J@4b32ace3
calculated fs for 0: [J@4b32ace3
calculated fs for 0: [J@4b32ace3
calculated fs for 0: [J@4b32ace3
calculated fs for 0: [J@4b32ace3
calculated fs for 0: [J@4b32ace3
calculated fs for 0: [J@4b32ace3
calculated fs for 0: [J@4b32ace3
calculated fs for 0: [J@4b32ace3
calculated fs for 0: [J@4b32ace3
calculated fs for 0: [J@4b32ace3
calculated fs for 0: [J@4b32ace3
calculated fs for 0: [J@4b32ace3
calculated fs for 0: [J@4b32ace3
calculated fs for 0: [J@4b32ace3
calculated fs for 0: [J@4b32ace3
calculated fs for 0: [J@4b32ace3
calculated fs for 0: [J@4b32ace3
calculated fs for 0: [J@4b32ace3
calculated fs for 0: [J@4b32ace3
calculated fs for 0: [J@4b32ace3
calculated fs for 0: [J@4b32ace3
calculated fs for 0: [J@4b32ace3
calculated fs for 0: [J@4b32ace3
calculated fs for 0: [J@4b32ace3
calculated fs for 0: [J@4b32ace3
calculated fs for 0: [J@4b32ace3
calculated fs for 0: [J@4b32ace3
calculated fs for 0: [J@4b32ace3
calculated fs for 0: [J@4b32ace3
calculated fs for 0: [J@4b32ace3
calculated fs for 0: [J@4b32ace3
calculated fs for 0: [J@4b32ace3
calculated fs for 0: [J@4b32ace3
calculated fs for 0: [J@4b32ace3
calculated fs for 0: [J@4b32ace3
calculated fs for 0: [J@4b32ace3
calculated fs for 0: [J@4b32ace3
calculated fs for 0: [J@4b32ace3
calculated fs for 0: [J@4b32ace3
calculated fs for 0: [J@4b32ace3
calculated fs for 0: [J@4b32ace3
calculated fs for 0: [J@4b32ace3
calculated fs for 0: [J@4b32ace3
calculated fs for 0: [J@4b32ace3
calculated fs for 0: [J@4b32ace3
calculated fs for 0: [J@4b32ace3
calculated fs for 0: [J@4b32ace3
calculated fs for 0: [J@4b32ace3
calculated fs for 0: [J@4b32ace3
calculated fs for 0: [J@4b32ace3
calculated fs for 0: [J@4b32ace3
calculated fs for 0: [J@4b32ace3
calculated fs for 0: [J@4b32ace3
calculated fs for 0: [J@4b32ace3
calculated fs for 0: [J@4b32ace3
calculated fs for 0: [J@4b32ace3
calculated fs for 0: [J@4b32ace3
calculated fs for 0: [J@4b32ace3
calculated fs for 0: [J@4b32ace3
calculated fs for 0: [J@4b32ace3
calculated fs for 0: [J@4b32ace3
calculated fs for 0: [J@4b32ace3
calculated fs for 0: [J@4b32ace3
calculated fs for 0: [J@4b32ace3
calculated fs for 0: [J@4b32ace3
calculated fs for 0: [J@4b32ace3
calculated fs for 0: [J@4b32ace3
calculated fs for 0: [J@4b32ace3
calculated fs for 0: [J@4b32ace3
calculated fs for 0: [J@4b32ace3
calculated fs for 0: [J@4b32ace3
calculated fs for 0: [J@4b32ace3
calculated fs for 0: [J@4b32ace3
calculated fs for 0: [J@4b32ace3
calculated fs for 0: [J@4b32ace3
calculated fs for 0: [J@4b32ace3
calculated fs for 0: [J@4b32ace3
calculated fs for 0: [J@4b32ace3
calculated fs for 0: [J@4b32ace3
calculated fs for 0: [J@4b32ace3
calculated fs for 0: [J@4b32ace3
calculated fs for 0: [J@4b32ace3
calculated fs for 0: [J@4b32ace3
calculated fs for 0: [J@4b32ace3
calculated fs for 0: [J@4b32ace3
calculated fs for 0: [J@4b32ace3
calculated fs for 0: [J@4b32ace3
calculated fs for 0: [J@4b32ace3
calculated fs for 0: [J@4b32ace3
calculated fs for 0: [J@4b32ace3
calculated fs for 0: [J@4b32ace3
calculated fs for 0: [J@4b32ace3
calculated fs for 0: [J@4b32ace3
calculated fs for 0: [J@4b32ace3
calculated fs for 0: [J@4b32ace3
calculated fs for 0: [J@4b32ace3
calculated fs for 0: [J@4b32ace3
calculated fs for 0: [J@4b32ace3
calculated fs for 0: [J@4b32ace3
calculated fs for 0: [J@4b32ace3
calculated fs for 0: [J@4b32ace3
calculated fs for 0: [J@4b32ace3
calculated fs for 0: [J@4b32ace3
calculated fs for 0: [J@4b32ace3
calculated fs for 0: [J@4b32ace3
calculated fs for 0: [J@4b32ace3
calculated fs for 0: [J@4b32ace3
calculated fs for 0: [J@4b32ace3
calculated fs for 0: [J@4b32ace3
calculated fs for 0: [J@4b32ace3
calculated fs for 0: [J@4b32ace3
calculated fs for 0: [J@4b32ace3
calculated fs for 0: [J@4b32ace3
calculated fs for 0: [J@4b32ace3
calculated fs for 0: [J@4b32ace3
calculated fs for 0: [J@4b32ace3
calculated fs for 0: [J@4b32ace3
calculated fs for 0: [J@4b32ace3
calculated fs for 0: [J@4b32ace3
calculated fs for 0: [J@4b32ace3
calculated fs for 0: [J@4b32ace3
calculated fs for 0: [J@4b32ace3
calculated fs for 0: [J@4b32ace3
calculated fs for 0: [J@4b32ace3
calculated fs for 0: [J@4b32ace3
calculated fs for 0: [J@4b32ace3
calculated fs for 0: [J@4b32ace3
calculated fs for 0: [J@4b32ace3
calculated fs for 0: [J@4b32ace3
calculated fs for 0: [J@4b32ace3
calculated fs for 0: [J@4b32ace3
calculated fs for 0: [J@4b32ace3
calculated fs for 0: [J@4b32ace3
calculated fs for 0: [J@4b32ace3
calculated fs for 0: [J@4b32ace3
calculated fs for 0: [J@4b32ace3
calculated fs for 0: [J@4b32ace3
calculated fs for 0: [J@4b32ace3
calculated fs for 0: [J@4b32ace3
calculated fs for 0: [J@4b32ace3
calculated fs for 0: [J@4b32ace3
calculated fs for 0: [J@4b32ace3
calculated fs for 0: [J@4b32ace3
calculated fs for 0: [J@4b32ace3
calculated fs for 0: [J@4b32ace3
calculated fs for 0: [J@4b32ace3
calculated fs for 0: [J@4b32ace3
calculated fs for 0: [J@4b32ace3
calculated fs for 0: [J@4b32ace3
calculated fs for 0: [J@4b32ace3
calculated fs for 0: [J@4b32ace3
calculated fs for 0: [J@4b32ace3
calculated fs for 0: [J@4b32ace3
calculated fs for 0: [J@4b32ace3
calculated fs for 0: [J@4b32ace3
calculated fs for 0: [J@4b32ace3
calculated fs for 0: [J@4b32ace3
calculated fs for 0: [J@4b32ace3
calculated fs for 0: [J@4b32ace3
calculated fs for 0: [J@4b32ace3
calculated fs for 0: [J@4b32ace3
calculated fs for 0: [J@4b32ace3
calculated fs for 0: [J@4b32ace3
calculated fs for 0: [J@4b32ace3
calculated fs for 0: [J@4b32ace3
calculated fs for 0: [J@4b32ace3
calculated fs for 0: [J@4b32ace3
calculated fs for 0: [J@4b32ace3
calculated fs for 0: [J@4b32ace3
calculated fs for 0: [J@4b32ace3
calculated fs for 0: [J@4b32ace3
calculated fs for 0: [J@4b32ace3
calculated fs for 0: [J@4b32ace3
calculated fs for 0: [J@4b32ace3
calculated fs for 0: [J@4b32ace3
calculated fs for 0: [J@4b32ace3
calculated fs for 0: [J@4b32ace3
calculated fs for 0: [J@4b32ace3
calculated fs for 0: [J@4b32ace3
calculated fs for 0: [J@4b32ace3
calculated fs for 0: [J@4b32ace3
calculated fs for 0: [J@4b32ace3
calculated fs for 0: [J@4b32ace3
calculated fs for 0: [J@4b32ace3
calculated fs for 0: [J@4b32ace3
calculated fs for 0: [J@4b32ace3
calculated fs for 0: [J@4b32ace3
calculated fs for 0: [J@4b32ace3
calculated fs for 0: [J@4b32ace3
calculated fs for 0: [J@4b32ace3
calculated fs for 0: [J@4b32ace3
calculated fs for 0: [J@4b32ace3
calculated fs for 0: [J@4b32ace3
calculated fs for 0: [J@4b32ace3
calculated fs for 0: [J@4b32ace3
calculated fs for 0: [J@4b32ace3
calculated fs for 0: [J@4b32ace3
calculated fs for 0: [J@4b32ace3
calculated fs for 0: [J@4b32ace3
calculated fs for 0: [J@4b32ace3
calculated fs for 0: [J@4b32ace3
calculated fs for 0: [J@4b32ace3
calculated fs for 0: [J@4b32ace3
calculated fs for 0: [J@4b32ace3
calculated fs for 0: [J@4b32ace3
calculated fs for 0: [J@4b32ace3
calculated fs for 0: [J@4b32ace3
calculated fs for 0: [J@4b32ace3
calculated fs for 0: [J@4b32ace3
calculated fs for 0: [J@4b32ace3
calculated fs for 0: [J@4b32ace3
calculated fs for 0: [J@4b32ace3
calculated fs for 0: [J@4b32ace3
calculated fs for 0: [J@4b32ace3
calculated fs for 0: [J@4b32ace3
calculated fs for 0: [J@4b32ace3
calculated fs for 0: [J@4b32ace3
calculated fs for 0: [J@4b32ace3
calculated fs for 0: [J@4b32ace3
calculated fs for 0: [J@4b32ace3
calculated fs for 0: [J@4b32ace3
calculated fs for 0: [J@4b32ace3
calculated fs for 0: [J@4b32ace3
calculated fs for 0: [J@4b32ace3
calculated fs for 0: [J@4b32ace3
calculated fs for 0: [J@4b32ace3
calculated fs for 0: [J@4b32ace3
calculated fs for 0: [J@4b32ace3
calculated fs for 0: [J@4b32ace3
calculated fs for 0: [J@4b32ace3
calculated fs for 0: [J@4b32ace3
calculated fs for 0: [J@4b32ace3
calculated fs for 0: [J@4b32ace3
calculated fs for 0: [J@4b32ace3
calculated fs for 0: [J@4b32ace3
calculated fs for 0: [J@4b32ace3
calculated fs for 0: [J@4b32ace3
calculated fs for 0: [J@4b32ace3
calculated fs for 0: [J@4b32ace3
calculated fs for 0: [J@4b32ace3
calculated fs for 0: [J@4b32ace3
calculated fs for 1: [J@6bf491a6
calculated fs for 1: [J@6bf491a6
calculated fs for 1: [J@6bf491a6
calculated fs for 1: [J@6bf491a6
calculated fs for 1: [J@6bf491a6
calculated fs for 1: [J@6bf491a6
calculated fs for 1: [J@6bf491a6
calculated fs for 1: [J@6bf491a6
calculated fs for 1: [J@6bf491a6
calculated fs for 1: [J@6bf491a6
calculated fs for 1: [J@6bf491a6
calculated fs for 1: [J@6bf491a6
calculated fs for 1: [J@6bf491a6
calculated fs for 1: [J@6bf491a6
calculated fs for 1: [J@6bf491a6
calculated fs for 1: [J@6bf491a6
calculated fs for 1: [J@6bf491a6
calculated fs for 1: [J@6bf491a6
calculated fs for 1: [J@6bf491a6
calculated fs for 1: [J@6bf491a6
calculated fs for 1: [J@6bf491a6
calculated fs for 1: [J@6bf491a6
calculated fs for 1: [J@6bf491a6
calculated fs for 1: [J@6bf491a6
calculated fs for 1: [J@6bf491a6
calculated fs for 1: [J@6bf491a6
calculated fs for 1: [J@6bf491a6
calculated fs for 1: [J@6bf491a6
calculated fs for 1: [J@6bf491a6
calculated fs for 1: [J@6bf491a6
calculated fs for 1: [J@6bf491a6
calculated fs for 1: [J@6bf491a6
calculated fs for 1: [J@6bf491a6
calculated fs for 1: [J@6bf491a6
calculated fs for 1: [J@6bf491a6
calculated fs for 1: [J@6bf491a6
calculated fs for 1: [J@6bf491a6
calculated fs for 1: [J@6bf491a6
calculated fs for 1: [J@6bf491a6
calculated fs for 1: [J@6bf491a6
calculated fs for 1: [J@6bf491a6
calculated fs for 1: [J@6bf491a6
calculated fs for 1: [J@6bf491a6
calculated fs for 1: [J@6bf491a6
calculated fs for 1: [J@6bf491a6
calculated fs for 1: [J@6bf491a6
calculated fs for 1: [J@6bf491a6
calculated fs for 1: [J@6bf491a6
calculated fs for 1: [J@6bf491a6
calculated fs for 1: [J@6bf491a6
calculated fs for 1: [J@6bf491a6
calculated fs for 1: [J@6bf491a6
calculated fs for 1: [J@6bf491a6
calculated fs for 1: [J@6bf491a6
calculated fs for 1: [J@6bf491a6
calculated fs for 1: [J@6bf491a6
calculated fs for 1: [J@6bf491a6
calculated fs for 1: [J@6bf491a6
calculated fs for 1: [J@6bf491a6
calculated fs for 1: [J@6bf491a6
calculated fs for 1: [J@6bf491a6
calculated fs for 1: [J@6bf491a6
calculated fs for 1: [J@6bf491a6
calculated fs for 1: [J@6bf491a6
calculated fs for 1: [J@6bf491a6
calculated fs for 1: [J@6bf491a6
calculated fs for 1: [J@6bf491a6
calculated fs for 1: [J@6bf491a6
calculated fs for 1: [J@6bf491a6
calculated fs for 1: [J@6bf491a6
calculated fs for 1: [J@6bf491a6
calculated fs for 1: [J@6bf491a6
calculated fs for 1: [J@6bf491a6
calculated fs for 1: [J@6bf491a6
calculated fs for 1: [J@6bf491a6
calculated fs for 1: [J@6bf491a6
calculated fs for 1: [J@6bf491a6
calculated fs for 1: [J@6bf491a6
calculated fs for 1: [J@6bf491a6
calculated fs for 1: [J@6bf491a6
calculated fs for 1: [J@6bf491a6
calculated fs for 1: [J@6bf491a6
calculated fs for 1: [J@6bf491a6
calculated fs for 1: [J@6bf491a6
calculated fs for 1: [J@6bf491a6
calculated fs for 1: [J@6bf491a6
calculated fs for 1: [J@6bf491a6
calculated fs for 1: [J@6bf491a6
calculated fs for 1: [J@6bf491a6
calculated fs for 1: [J@6bf491a6
calculated fs for 1: [J@6bf491a6
calculated fs for 1: [J@6bf491a6
calculated fs for 1: [J@6bf491a6
calculated fs for 1: [J@6bf491a6
calculated fs for 1: [J@6bf491a6
calculated fs for 1: [J@6bf491a6
calculated fs for 1: [J@6bf491a6
calculated fs for 1: [J@6bf491a6
calculated fs for 1: [J@6bf491a6
calculated fs for 1: [J@6bf491a6
calculated fs for 1: [J@6bf491a6
calculated fs for 1: [J@6bf491a6
calculated fs for 1: [J@6bf491a6
calculated fs for 1: [J@6bf491a6
calculated fs for 1: [J@6bf491a6
calculated fs for 1: [J@6bf491a6
calculated fs for 1: [J@6bf491a6
calculated fs for 1: [J@6bf491a6
calculated fs for 1: [J@6bf491a6
calculated fs for 1: [J@6bf491a6
calculated fs for 1: [J@6bf491a6
calculated fs for 1: [J@6bf491a6
calculated fs for 1: [J@6bf491a6
calculated fs for 1: [J@6bf491a6
calculated fs for 1: [J@6bf491a6
calculated fs for 1: [J@6bf491a6
calculated fs for 1: [J@6bf491a6
calculated fs for 1: [J@6bf491a6
calculated fs for 1: [J@6bf491a6
calculated fs for 1: [J@6bf491a6
calculated fs for 1: [J@6bf491a6
calculated fs for 1: [J@6bf491a6
calculated fs for 1: [J@6bf491a6
calculated fs for 1: [J@6bf491a6
calculated fs for 1: [J@6bf491a6
calculated fs for 1: [J@6bf491a6
calculated fs for 1: [J@6bf491a6
calculated fs for 1: [J@6bf491a6
calculated fs for 1: [J@6bf491a6
calculated fs for 1: [J@6bf491a6
calculated fs for 1: [J@6bf491a6
calculated fs for 1: [J@6bf491a6
calculated fs for 1: [J@6bf491a6
calculated fs for 1: [J@6bf491a6
calculated fs for 1: [J@6bf491a6
calculated fs for 1: [J@6bf491a6
calculated fs for 1: [J@6bf491a6
calculated fs for 1: [J@6bf491a6
calculated fs for 1: [J@6bf491a6
calculated fs for 1: [J@6bf491a6
calculated fs for 1: [J@6bf491a6
calculated fs for 1: [J@6bf491a6
calculated fs for 1: [J@6bf491a6
calculated fs for 1: [J@6bf491a6
calculated fs for 1: [J@6bf491a6
calculated fs for 1: [J@6bf491a6
calculated fs for 1: [J@6bf491a6
calculated fs for 1: [J@6bf491a6
calculated fs for 1: [J@6bf491a6
calculated fs for 1: [J@6bf491a6
calculated fs for 1: [J@6bf491a6
calculated fs for 1: [J@6bf491a6
calculated fs for 1: [J@6bf491a6
calculated fs for 1: [J@6bf491a6
calculated fs for 1: [J@6bf491a6
calculated fs for 1: [J@6bf491a6
calculated fs for 1: [J@6bf491a6
calculated fs for 1: [J@6bf491a6
calculated fs for 1: [J@6bf491a6
calculated fs for 1: [J@6bf491a6
calculated fs for 1: [J@6bf491a6
calculated fs for 1: [J@6bf491a6
calculated fs for 1: [J@6bf491a6
calculated fs for 1: [J@6bf491a6
calculated fs for 1: [J@6bf491a6
calculated fs for 1: [J@6bf491a6
calculated fs for 1: [J@6bf491a6
calculated fs for 1: [J@6bf491a6
calculated fs for 1: [J@6bf491a6
calculated fs for 1: [J@6bf491a6
calculated fs for 1: [J@6bf491a6
calculated fs for 1: [J@6bf491a6
calculated fs for 1: [J@6bf491a6
calculated fs for 1: [J@6bf491a6
calculated fs for 1: [J@6bf491a6
calculated fs for 1: [J@6bf491a6
calculated fs for 1: [J@6bf491a6
calculated fs for 1: [J@6bf491a6
calculated fs for 1: [J@6bf491a6
calculated fs for 1: [J@6bf491a6
calculated fs for 1: [J@6bf491a6
calculated fs for 1: [J@6bf491a6
calculated fs for 1: [J@6bf491a6
calculated fs for 1: [J@6bf491a6
calculated fs for 1: [J@6bf491a6
calculated fs for 1: [J@6bf491a6
calculated fs for 1: [J@6bf491a6
calculated fs for 1: [J@6bf491a6
calculated fs for 1: [J@6bf491a6
calculated fs for 1: [J@6bf491a6
calculated fs for 1: [J@6bf491a6
calculated fs for 1: [J@6bf491a6
calculated fs for 1: [J@6bf491a6
calculated fs for 1: [J@6bf491a6
calculated fs for 1: [J@6bf491a6
calculated fs for 1: [J@6bf491a6
calculated fs for 1: [J@6bf491a6
calculated fs for 1: [J@6bf491a6
calculated fs for 1: [J@6bf491a6
calculated fs for 1: [J@6bf491a6
calculated fs for 1: [J@6bf491a6
calculated fs for 1: [J@6bf491a6
calculated fs for 1: [J@6bf491a6
calculated fs for 1: [J@6bf491a6
calculated fs for 1: [J@6bf491a6
calculated fs for 1: [J@6bf491a6
calculated fs for 1: [J@6bf491a6
calculated fs for 1: [J@6bf491a6
calculated fs for 1: [J@6bf491a6
calculated fs for 1: [J@6bf491a6
calculated fs for 1: [J@6bf491a6
calculated fs for 1: [J@6bf491a6
calculated fs for 1: [J@6bf491a6
calculated fs for 1: [J@6bf491a6
calculated fs for 1: [J@6bf491a6
calculated fs for 1: [J@6bf491a6
calculated fs for 1: [J@6bf491a6
calculated fs for 1: [J@6bf491a6
calculated fs for 1: [J@6bf491a6
calculated fs for 1: [J@6bf491a6
calculated fs for 1: [J@6bf491a6
calculated fs for 1: [J@6bf491a6
calculated fs for 1: [J@6bf491a6
calculated fs for 1: [J@6bf491a6
calculated fs for 1: [J@6bf491a6
calculated fs for 1: [J@6bf491a6
calculated fs for 1: [J@6bf491a6
calculated fs for 1: [J@6bf491a6
calculated fs for 1: [J@6bf491a6
calculated fs for 1: [J@6bf491a6
calculated fs for 1: [J@6bf491a6
calculated fs for 1: [J@6bf491a6
calculated fs for 1: [J@6bf491a6
calculated fs for 1: [J@6bf491a6
calculated fs for 1: [J@6bf491a6
calculated fs for 1: [J@6bf491a6
calculated fs for 1: [J@6bf491a6
calculated fs for 1: [J@6bf491a6
calculated fs for 1: [J@6bf491a6
calculated fs for 1: [J@6bf491a6
calculated fs for 1: [J@6bf491a6
calculated fs for 1: [J@6bf491a6
calculated fs for 1: [J@6bf491a6
calculated fs for 1: [J@6bf491a6
calculated fs for 1: [J@6bf491a6
calculated fs for 1: [J@6bf491a6
calculated fs for 1: [J@6bf491a6
calculated fs for 1: [J@6bf491a6
calculated fs for 1: [J@6bf491a6
calculated fs for 1: [J@6bf491a6
calculated fs for 1: [J@6bf491a6
calculated fs for 1: [J@6bf491a6
calculated fs for 1: [J@6bf491a6
calculated fs for 1: [J@6bf491a6
calculated fs for 1: [J@6bf491a6
calculated fs for 1: [J@6bf491a6
calculated fs for 1: [J@6bf491a6
calculated fs for 1: [J@6bf491a6
calculated fs for 1: [J@6bf491a6
calculated fs for 1: [J@6bf491a6
calculated fs for 1: [J@6bf491a6
calculated fs for 1: [J@6bf491a6
calculated fs for 1: [J@6bf491a6
calculated fs for 1: [J@6bf491a6
calculated fs for 1: [J@6bf491a6
calculated fs for 1: [J@6bf491a6
calculated fs for 1: [J@6bf491a6
calculated fs for 1: [J@6bf491a6
calculated fs for 1: [J@6bf491a6
calculated fs for 1: [J@6bf491a6
calculated fs for 1: [J@6bf491a6
calculated fs for 1: [J@6bf491a6
calculated fs for 1: [J@6bf491a6
calculated fs for 1: [J@6bf491a6
calculated fs for 1: [J@6bf491a6
calculated fs for 1: [J@6bf491a6
calculated fs for 1: [J@6bf491a6
calculated fs for 1: [J@6bf491a6
calculated fs for 1: [J@6bf491a6
calculated fs for 1: [J@6bf491a6
calculated fs for 1: [J@6bf491a6
calculated fs for 1: [J@6bf491a6
calculated fs for 1: [J@6bf491a6
calculated fs for 1: [J@6bf491a6
calculated fs for 1: [J@6bf491a6
calculated fs for 1: [J@6bf491a6
calculated fs for 1: [J@6bf491a6
calculated fs for 1: [J@6bf491a6
calculated fs for 1: [J@6bf491a6
calculated fs for 1: [J@6bf491a6
calculated fs for 1: [J@6bf491a6
calculated fs for 1: [J@6bf491a6
calculated fs for 1: [J@6bf491a6
calculated fs for 1: [J@6bf491a6
calculated fs for 1: [J@6bf491a6
calculated fs for 1: [J@6bf491a6
calculated fs for 1: [J@6bf491a6
calculated fs for 1: [J@6bf491a6
calculated fs for 1: [J@6bf491a6
calculated fs for 1: [J@6bf491a6
calculated fs for 1: [J@6bf491a6
calculated fs for 1: [J@6bf491a6
calculated fs for 1: [J@6bf491a6
calculated fs for 1: [J@6bf491a6
calculated fs for 1: [J@6bf491a6
calculated fs for 1: [J@6bf491a6
calculated fs for 1: [J@6bf491a6
calculated fs for 1: [J@6bf491a6
calculated fs for 1: [J@6bf491a6
calculated fs for 1: [J@6bf491a6
calculated fs for 1: [J@6bf491a6
calculated fs for 1: [J@6bf491a6
calculated fs for 1: [J@6bf491a6
calculated fs for 1: [J@6bf491a6
calculated fs for 1: [J@6bf491a6
calculated fs for 1: [J@6bf491a6
calculated fs for 1: [J@6bf491a6
calculated fs for 1: [J@6bf491a6
calculated fs for 1: [J@6bf491a6
calculated fs for 1: [J@6bf491a6
calculated fs for 1: [J@6bf491a6
calculated fs for 1: [J@6bf491a6
calculated fs for 1: [J@6bf491a6
calculated fs for 1: [J@6bf491a6
calculated fs for 1: [J@6bf491a6
calculated fs for 1: [J@6bf491a6
calculated fs for 1: [J@6bf491a6
calculated fs for 1: [J@6bf491a6
calculated fs for 1: [J@6bf491a6
calculated fs for 1: [J@6bf491a6
calculated fs for 1: [J@6bf491a6
calculated fs for 1: [J@6bf491a6
calculated fs for 1: [J@6bf491a6
calculated fs for 1: [J@6bf491a6
calculated fs for 1: [J@6bf491a6
calculated fs for 1: [J@6bf491a6
calculated fs for 1: [J@6bf491a6
calculated fs for 1: [J@6bf491a6
calculated fs for 1: [J@6bf491a6
calculated fs for 1: [J@6bf491a6
calculated fs for 2: [J@58660a9
calculated fs for 2: [J@58660a9
calculated fs for 2: [J@58660a9
calculated fs for 2: [J@58660a9
calculated fs for 2: [J@58660a9
calculated fs for 2: [J@58660a9
calculated fs for 2: [J@58660a9
calculated fs for 2: [J@58660a9
calculated fs for 2: [J@58660a9
calculated fs for 2: [J@58660a9
calculated fs for 2: [J@58660a9
calculated fs for 2: [J@58660a9
calculated fs for 2: [J@58660a9
calculated fs for 2: [J@58660a9
calculated fs for 2: [J@58660a9
calculated fs for 2: [J@58660a9
calculated fs for 2: [J@58660a9
calculated fs for 2: [J@58660a9
calculated fs for 2: [J@58660a9
calculated fs for 2: [J@58660a9
calculated fs for 2: [J@58660a9
calculated fs for 2: [J@58660a9
calculated fs for 2: [J@58660a9
calculated fs for 2: [J@58660a9
calculated fs for 2: [J@58660a9
calculated fs for 2: [J@58660a9
calculated fs for 2: [J@58660a9
calculated fs for 2: [J@58660a9
calculated fs for 2: [J@58660a9
calculated fs for 2: [J@58660a9
calculated fs for 2: [J@58660a9
calculated fs for 2: [J@58660a9
calculated fs for 2: [J@58660a9
calculated fs for 2: [J@58660a9
calculated fs for 2: [J@58660a9
calculated fs for 2: [J@58660a9
calculated fs for 2: [J@58660a9
calculated fs for 2: [J@58660a9
calculated fs for 2: [J@58660a9
calculated fs for 2: [J@58660a9
calculated fs for 2: [J@58660a9
calculated fs for 2: [J@58660a9
calculated fs for 2: [J@58660a9
calculated fs for 2: [J@58660a9
calculated fs for 2: [J@58660a9
calculated fs for 2: [J@58660a9
calculated fs for 2: [J@58660a9
calculated fs for 2: [J@58660a9
calculated fs for 2: [J@58660a9
calculated fs for 2: [J@58660a9
calculated fs for 2: [J@58660a9
calculated fs for 2: [J@58660a9
calculated fs for 2: [J@58660a9
calculated fs for 2: [J@58660a9
calculated fs for 2: [J@58660a9
calculated fs for 2: [J@58660a9
calculated fs for 2: [J@58660a9
calculated fs for 2: [J@58660a9
calculated fs for 2: [J@58660a9
calculated fs for 2: [J@58660a9
calculated fs for 2: [J@58660a9
calculated fs for 2: [J@58660a9
calculated fs for 2: [J@58660a9
calculated fs for 2: [J@58660a9
calculated fs for 2: [J@58660a9
calculated fs for 2: [J@58660a9
calculated fs for 2: [J@58660a9
calculated fs for 2: [J@58660a9
calculated fs for 2: [J@58660a9
calculated fs for 2: [J@58660a9
calculated fs for 2: [J@58660a9
calculated fs for 2: [J@58660a9
calculated fs for 2: [J@58660a9
calculated fs for 2: [J@58660a9
calculated fs for 2: [J@58660a9
calculated fs for 2: [J@58660a9
calculated fs for 2: [J@58660a9
calculated fs for 2: [J@58660a9
calculated fs for 2: [J@58660a9
calculated fs for 2: [J@58660a9
calculated fs for 2: [J@58660a9
calculated fs for 2: [J@58660a9
calculated fs for 2: [J@58660a9
calculated fs for 2: [J@58660a9
calculated fs for 2: [J@58660a9
calculated fs for 2: [J@58660a9
calculated fs for 2: [J@58660a9
calculated fs for 2: [J@58660a9
calculated fs for 2: [J@58660a9
calculated fs for 2: [J@58660a9
calculated fs for 2: [J@58660a9
calculated fs for 2: [J@58660a9
calculated fs for 2: [J@58660a9
calculated fs for 2: [J@58660a9
calculated fs for 2: [J@58660a9
calculated fs for 2: [J@58660a9
calculated fs for 2: [J@58660a9
calculated fs for 2: [J@58660a9
calculated fs for 2: [J@58660a9
calculated fs for 2: [J@58660a9
calculated fs for 2: [J@58660a9
calculated fs for 2: [J@58660a9
calculated fs for 2: [J@58660a9
calculated fs for 2: [J@58660a9
calculated fs for 2: [J@58660a9
calculated fs for 2: [J@58660a9
calculated fs for 2: [J@58660a9
calculated fs for 2: [J@58660a9
calculated fs for 2: [J@58660a9
calculated fs for 2: [J@58660a9
calculated fs for 2: [J@58660a9
calculated fs for 2: [J@58660a9
calculated fs for 2: [J@58660a9
calculated fs for 2: [J@58660a9
calculated fs for 2: [J@58660a9
calculated fs for 2: [J@58660a9
calculated fs for 2: [J@58660a9
calculated fs for 2: [J@58660a9
calculated fs for 2: [J@58660a9
calculated fs for 2: [J@58660a9
calculated fs for 2: [J@58660a9
calculated fs for 2: [J@58660a9
calculated fs for 2: [J@58660a9
calculated fs for 2: [J@58660a9
calculated fs for 2: [J@58660a9
calculated fs for 2: [J@58660a9
calculated fs for 2: [J@58660a9
calculated fs for 2: [J@58660a9
calculated fs for 2: [J@58660a9
calculated fs for 2: [J@58660a9
calculated fs for 2: [J@58660a9
calculated fs for 2: [J@58660a9
calculated fs for 2: [J@58660a9
calculated fs for 2: [J@58660a9
calculated fs for 2: [J@58660a9
calculated fs for 2: [J@58660a9
calculated fs for 2: [J@58660a9
calculated fs for 2: [J@58660a9
calculated fs for 2: [J@58660a9
calculated fs for 2: [J@58660a9
calculated fs for 2: [J@58660a9
calculated fs for 2: [J@58660a9
calculated fs for 2: [J@58660a9
calculated fs for 2: [J@58660a9
calculated fs for 2: [J@58660a9
calculated fs for 2: [J@58660a9
calculated fs for 2: [J@58660a9
calculated fs for 2: [J@58660a9
calculated fs for 2: [J@58660a9
calculated fs for 2: [J@58660a9
calculated fs for 2: [J@58660a9
calculated fs for 2: [J@58660a9
calculated fs for 2: [J@58660a9
calculated fs for 2: [J@58660a9
calculated fs for 2: [J@58660a9
calculated fs for 2: [J@58660a9
calculated fs for 2: [J@58660a9
calculated fs for 2: [J@58660a9
calculated fs for 2: [J@58660a9
calculated fs for 2: [J@58660a9
calculated fs for 2: [J@58660a9
calculated fs for 2: [J@58660a9
calculated fs for 2: [J@58660a9
calculated fs for 2: [J@58660a9
calculated fs for 2: [J@58660a9
calculated fs for 2: [J@58660a9
calculated fs for 2: [J@58660a9
calculated fs for 2: [J@58660a9
calculated fs for 2: [J@58660a9
calculated fs for 2: [J@58660a9
calculated fs for 2: [J@58660a9
calculated fs for 2: [J@58660a9
calculated fs for 2: [J@58660a9
calculated fs for 2: [J@58660a9
calculated fs for 2: [J@58660a9
calculated fs for 2: [J@58660a9
calculated fs for 2: [J@58660a9
calculated fs for 2: [J@58660a9
calculated fs for 2: [J@58660a9
calculated fs for 2: [J@58660a9
calculated fs for 2: [J@58660a9
calculated fs for 2: [J@58660a9
calculated fs for 2: [J@58660a9
calculated fs for 2: [J@58660a9
calculated fs for 2: [J@58660a9
calculated fs for 2: [J@58660a9
calculated fs for 2: [J@58660a9
calculated fs for 2: [J@58660a9
calculated fs for 2: [J@58660a9
calculated fs for 2: [J@58660a9
calculated fs for 2: [J@58660a9
calculated fs for 2: [J@58660a9
calculated fs for 2: [J@58660a9
calculated fs for 2: [J@58660a9
calculated fs for 2: [J@58660a9
calculated fs for 2: [J@58660a9
calculated fs for 2: [J@58660a9
calculated fs for 2: [J@58660a9
calculated fs for 2: [J@58660a9
calculated fs for 2: [J@58660a9
calculated fs for 2: [J@58660a9
calculated fs for 2: [J@58660a9
calculated fs for 2: [J@58660a9
calculated fs for 2: [J@58660a9
calculated fs for 2: [J@58660a9
calculated fs for 2: [J@58660a9
calculated fs for 2: [J@58660a9
calculated fs for 2: [J@58660a9
calculated fs for 2: [J@58660a9
calculated fs for 2: [J@58660a9
calculated fs for 2: [J@58660a9
calculated fs for 2: [J@58660a9
calculated fs for 2: [J@58660a9
calculated fs for 2: [J@58660a9
calculated fs for 2: [J@58660a9
calculated fs for 2: [J@58660a9
calculated fs for 2: [J@58660a9
calculated fs for 2: [J@58660a9
calculated fs for 2: [J@58660a9
calculated fs for 2: [J@58660a9
calculated fs for 2: [J@58660a9
calculated fs for 2: [J@58660a9
calculated fs for 2: [J@58660a9
calculated fs for 2: [J@58660a9
calculated fs for 2: [J@58660a9
calculated fs for 2: [J@58660a9
calculated fs for 2: [J@58660a9
calculated fs for 2: [J@58660a9
calculated fs for 2: [J@58660a9
calculated fs for 2: [J@58660a9
calculated fs for 2: [J@58660a9
calculated fs for 2: [J@58660a9
calculated fs for 2: [J@58660a9
calculated fs for 2: [J@58660a9
calculated fs for 2: [J@58660a9
calculated fs for 2: [J@58660a9
calculated fs for 2: [J@58660a9
calculated fs for 2: [J@58660a9
calculated fs for 2: [J@58660a9
calculated fs for 2: [J@58660a9
calculated fs for 2: [J@58660a9
calculated fs for 2: [J@58660a9
calculated fs for 2: [J@58660a9
calculated fs for 2: [J@58660a9
calculated fs for 2: [J@58660a9
calculated fs for 2: [J@58660a9
calculated fs for 2: [J@58660a9
calculated fs for 2: [J@58660a9
calculated fs for 2: [J@58660a9
calculated fs for 2: [J@58660a9
calculated fs for 2: [J@58660a9
calculated fs for 2: [J@58660a9
calculated fs for 2: [J@58660a9
calculated fs for 2: [J@58660a9
calculated fs for 2: [J@58660a9
calculated fs for 2: [J@58660a9
calculated fs for 2: [J@58660a9
calculated fs for 2: [J@58660a9
calculated fs for 2: [J@58660a9
calculated fs for 2: [J@58660a9
calculated fs for 2: [J@58660a9
calculated fs for 2: [J@58660a9
calculated fs for 2: [J@58660a9
calculated fs for 2: [J@58660a9
calculated fs for 2: [J@58660a9
calculated fs for 2: [J@58660a9
calculated fs for 2: [J@58660a9
calculated fs for 2: [J@58660a9
calculated fs for 2: [J@58660a9
calculated fs for 2: [J@58660a9
calculated fs for 2: [J@58660a9
calculated fs for 2: [J@58660a9
calculated fs for 2: [J@58660a9
calculated fs for 2: [J@58660a9
calculated fs for 2: [J@58660a9
calculated fs for 2: [J@58660a9
calculated fs for 2: [J@58660a9
calculated fs for 2: [J@58660a9
calculated fs for 2: [J@58660a9
calculated fs for 2: [J@58660a9
calculated fs for 2: [J@58660a9
calculated fs for 2: [J@58660a9
calculated fs for 2: [J@58660a9
calculated fs for 2: [J@58660a9
calculated fs for 2: [J@58660a9
calculated fs for 2: [J@58660a9
calculated fs for 2: [J@58660a9
calculated fs for 2: [J@58660a9
calculated fs for 2: [J@58660a9
calculated fs for 2: [J@58660a9
calculated fs for 2: [J@58660a9
calculated fs for 2: [J@58660a9
calculated fs for 2: [J@58660a9
calculated fs for 2: [J@58660a9
calculated fs for 2: [J@58660a9
calculated fs for 2: [J@58660a9
calculated fs for 2: [J@58660a9
calculated fs for 2: [J@58660a9
calculated fs for 2: [J@58660a9
calculated fs for 2: [J@58660a9
calculated fs for 2: [J@58660a9
calculated fs for 2: [J@58660a9
calculated fs for 2: [J@58660a9
calculated fs for 2: [J@58660a9
calculated fs for 2: [J@58660a9
calculated fs for 2: [J@58660a9
calculated fs for 2: [J@58660a9
calculated fs for 2: [J@58660a9
calculated fs for 2: [J@58660a9
calculated fs for 2: [J@58660a9
calculated fs for 2: [J@58660a9
calculated fs for 2: [J@58660a9
calculated fs for 2: [J@58660a9
calculated fs for 2: [J@58660a9
calculated fs for 2: [J@58660a9
calculated fs for 2: [J@58660a9
calculated fs for 2: [J@58660a9
calculated fs for 2: [J@58660a9
calculated fs for 2: [J@58660a9
calculated fs for 2: [J@58660a9
calculated fs for 2: [J@58660a9
calculated fs for 2: [J@58660a9
calculated fs for 2: [J@58660a9
calculated fs for 2: [J@58660a9
calculated fs for 2: [J@58660a9
calculated fs for 2: [J@58660a9
calculated fs for 2: [J@58660a9
calculated fs for 2: [J@58660a9
calculated fs for 2: [J@58660a9
calculated fs for 2: [J@58660a9
calculated fs for 2: [J@58660a9
calculated fs for 2: [J@58660a9
calculated fs for 2: [J@58660a9
calculated fs for 2: [J@58660a9
calculated fs for 2: [J@58660a9
calculated fs for 2: [J@58660a9
calculated fs for 2: [J@58660a9
calculated fs for 2: [J@58660a9
calculated fs for 2: [J@58660a9
calculated fs for 2: [J@58660a9
calculated nfs for 0: [J@3933fa14
calculated nfs for 0: [J@3933fa14
calculated nfs for 1: [J@3675463
calculated nfs for 1: [J@3675463
calculated nfs for 2: [J@74d53153
calculated nfs for 2: [J@74d53153
calculated iMatrix for 17, 0, 0, 0: -0.3623834135132771
calculated iMatrix for 17, 0, 0, 1: -0.2939592366402901
calculated iMatrix for 17, 0, 0, 2: -0.14158777281008916
calculated iMatrix for 17, 0, 0, 3: 0.14168317647671536
calculated iMatrix for 17, 0, 0, 4: 0.15764702746572945
calculated iMatrix for 17, 0, 0, 5: 0.04099457417963215
calculated iMatrix for 17, 0, 0, 6: -0.05592707283232978
calculated iMatrix for 17, 0, 0, 7: 0.10584753210558795
calculated iMatrix for 17, 0, 0, 8: 0.020193412578853986
calculated iMatrix for 17, 0, 0, 9: 0.10390127208265498
calculated iMatrix for 17, 0, 0, 10: -0.03060926484803983
calculated iMatrix for 17, 0, 0, 11: -0.05091453100878529
calculated iMatrix for 17, 0, 0, 12: -0.031385963916211956
calculated iMatrix for 17, 0, 0, 13: -0.014062868733630829
calculated iMatrix for 17, 0, 0, 14: -0.04120383127943583
calculated iMatrix for 17, 0, 0, 15: 0.09373370172207662
calculated iMatrix for 17, 0, 0, 16: 0.04815711846589199
calculated iMatrix for 17, 0, 0, 17: 0.16494632994734104
calculated iMatrix for 17, 0, 0, 18: -0.2333346148238553
calculated iMatrix for 17, 0, 0, 19: -0.08832342722608533
calculated iMatrix for 17, 0, 1, 0: -0.012432778113973697
calculated iMatrix for 17, 0, 1, 1: -0.3443900902671819
calculated iMatrix for 17, 0, 1, 2: -0.017705860012131813
calculated iMatrix for 17, 0, 1, 3: 0.03248388451172335
calculated iMatrix for 17, 0, 1, 4: 0.31473411308114263
calculated iMatrix for 17, 0, 1, 5: -0.2485051297934735
calculated iMatrix for 17, 0, 1, 6: -0.21007775265958806
calculated iMatrix for 17, 0, 1, 7: 0.02745453610672155
calculated iMatrix for 17, 0, 1, 8: -4.5622667735212286E-4
calculated iMatrix for 17, 0, 1, 9: -0.016915033557314052
calculated iMatrix for 17, 0, 1, 10: -0.0887168956553206
calculated iMatrix for 17, 0, 1, 11: 0.22571268516348864
calculated iMatrix for 17, 0, 1, 12: -0.149668624864028
calculated iMatrix for 17, 0, 1, 13: -0.11243928309567197
calculated iMatrix for 17, 0, 1, 14: 0.11099133582493004
calculated iMatrix for 17, 0, 1, 15: -0.1595254734967566
calculated iMatrix for 17, 0, 1, 16: -0.00940705719743673
calculated iMatrix for 17, 0, 1, 17: 0.25422785547150994
calculated iMatrix for 17, 0, 1, 18: 0.23478990331460536
calculated iMatrix for 17, 0, 1, 19: 0.02311613450812322
calculated iMatrix for 17, 0, 2, 0: -0.07470134106149606
calculated iMatrix for 17, 0, 2, 1: 0.22842720952677664
calculated iMatrix for 17, 0, 2, 2: -0.328773613573331
calculated iMatrix for 17, 0, 2, 3: 0.07535964993836908
calculated iMatrix for 17, 0, 2, 4: 0.024494494478244477
calculated iMatrix for 17, 0, 2, 5: -0.3493819243698517
calculated iMatrix for 17, 0, 2, 6: -0.42592200149218606
calculated iMatrix for 17, 0, 2, 7: 0.24534909171661445
calculated iMatrix for 17, 0, 2, 8: -0.0918138321658537
calculated iMatrix for 17, 0, 2, 9: 0.2684290798512353
calculated iMatrix for 17, 0, 2, 10: 0.3306008342560839
calculated iMatrix for 17, 0, 2, 11: -0.1692557581393328
calculated iMatrix for 17, 0, 2, 12: -0.003912537879796063
calculated iMatrix for 17, 0, 2, 13: -0.021067207714836833
calculated iMatrix for 17, 0, 2, 14: -0.019195063563599568
calculated iMatrix for 17, 0, 2, 15: -0.027756195865633382
calculated iMatrix for 17, 0, 2, 16: 1.623938187139684E-4
calculated iMatrix for 17, 0, 2, 17: 0.13729479861683092
calculated iMatrix for 17, 0, 2, 18: 0.1316715410624688
calculated iMatrix for 17, 0, 2, 19: 0.5446273208997907
calculated iMatrix for 17, 0, 3, 0: 0.018636843704077255
calculated iMatrix for 17, 0, 3, 1: 0.13523343262882936
calculated iMatrix for 17, 0, 3, 2: -0.3217817422395892
calculated iMatrix for 17, 0, 3, 3: -0.05897121521355775
calculated iMatrix for 17, 0, 3, 4: 0.15764702746572945
calculated iMatrix for 17, 0, 3, 5: -0.2238710747919237
calculated iMatrix for 17, 0, 3, 6: -0.010307552530687047
calculated iMatrix for 17, 0, 3, 7: 0.16882032806385472
calculated iMatrix for 17, 0, 3, 8: -0.17431052880095677
calculated iMatrix for 17, 0, 3, 9: 0.25267946806538044
calculated iMatrix for 17, 0, 3, 10: -0.1847599446752981
calculated iMatrix for 17, 0, 3, 11: 0.06740014961795138
calculated iMatrix for 17, 0, 3, 12: 0.05910973715602874
calculated iMatrix for 17, 0, 3, 13: 0.07760431979219307
calculated iMatrix for 17, 0, 3, 14: -0.09274104595504595
calculated iMatrix for 17, 0, 3, 15: -0.011031752924438809
calculated iMatrix for 17, 0, 3, 16: -0.2490349959127811
calculated iMatrix for 17, 0, 3, 17: 0.371843792790133
calculated iMatrix for 17, 0, 3, 18: 0.22842720952677664
calculated iMatrix for 17, 0, 3, 19: -0.012124450173936596
calculated iMatrix for 17, 0, 4, 0: -0.09205884012983812
calculated iMatrix for 17, 0, 4, 1: 0.0578016924960133
calculated iMatrix for 17, 0, 4, 2: -0.25499944005109954
calculated iMatrix for 17, 0, 4, 3: 0.08274571929261165
calculated iMatrix for 17, 0, 4, 4: 0.2713339859001094
calculated iMatrix for 17, 0, 4, 5: 0.05308975402860716
calculated iMatrix for 17, 0, 4, 6: 0.004482054963230397
calculated iMatrix for 17, 0, 4, 7: 0.011354934250992432
calculated iMatrix for 17, 0, 4, 8: -0.12585967357557082
calculated iMatrix for 17, 0, 4, 9: 0.07410168924099092
calculated iMatrix for 17, 0, 4, 10: 0.2534949862558572
calculated iMatrix for 17, 0, 4, 11: -0.11558690923866544
calculated iMatrix for 17, 0, 4, 12: 0.05020534560407863
calculated iMatrix for 17, 0, 4, 13: 0.1336937864432366
calculated iMatrix for 17, 0, 4, 14: 0.042918761804302985
calculated iMatrix for 17, 0, 4, 15: 0.059939483612387656
calculated iMatrix for 17, 0, 4, 16: -0.21142819175745942
calculated iMatrix for 17, 0, 4, 17: -0.11271727966883804
calculated iMatrix for 17, 0, 4, 18: 0.2760552585160312
calculated iMatrix for 17, 0, 4, 19: 0.14168317647671536
calculated iMatrix for 17, 0, 5, 0: -0.05806154536096231
calculated iMatrix for 17, 0, 5, 1: 0.3399685842596841
calculated iMatrix for 17, 0, 5, 2: -0.24468328183706367
calculated iMatrix for 17, 0, 5, 3: 0.07760431979219307
calculated iMatrix for 17, 0, 5, 4: 0.06963615014301605
calculated iMatrix for 17, 0, 5, 5: -0.07610670296049582
calculated iMatrix for 17, 0, 5, 6: -0.1646153785828306
calculated iMatrix for 17, 0, 5, 7: -0.02546786534762102
calculated iMatrix for 17, 0, 5, 8: -0.043828867326749066
calculated iMatrix for 17, 0, 5, 9: 0.10463299218011224
calculated iMatrix for 17, 0, 5, 10: -0.14727685142055758
calculated iMatrix for 17, 0, 5, 11: -0.13697809921998316
calculated iMatrix for 17, 0, 5, 12: 0.21522569766824073
calculated iMatrix for 17, 0, 5, 13: 0.022544542609165608
calculated iMatrix for 17, 0, 5, 14: -0.07023106093059228
calculated iMatrix for 17, 0, 5, 15: 0.27334889691828834
calculated iMatrix for 17, 0, 5, 16: -0.02003414977172291
calculated iMatrix for 17, 0, 5, 17: -0.08962261077927658
calculated iMatrix for 17, 0, 5, 18: 0.16098592873124407
calculated iMatrix for 17, 0, 5, 19: -0.017705860012131813
calculated iMatrix for 17, 0, 6, 0: -0.2618396872181774
calculated iMatrix for 17, 0, 6, 1: 0.1465971912791444
calculated iMatrix for 17, 0, 6, 2: 0.02590294541530258
calculated iMatrix for 17, 0, 6, 3: -0.18000029742231005
calculated iMatrix for 17, 0, 6, 4: -0.25499944005109954
calculated iMatrix for 17, 0, 6, 5: 0.26614234192892716
calculated iMatrix for 17, 0, 6, 6: 0.08274571929261165
calculated iMatrix for 17, 0, 6, 7: -0.32042580982845337
calculated iMatrix for 17, 0, 6, 8: -0.04622103032015312
calculated iMatrix for 17, 0, 6, 9: -0.07654636003506532
calculated iMatrix for 17, 0, 6, 10: 0.17558472815239667
calculated iMatrix for 17, 0, 6, 11: 0.2031094015424867
calculated iMatrix for 17, 0, 6, 12: 0.5492092304049025
calculated iMatrix for 17, 0, 6, 13: -0.05969355562780665
calculated iMatrix for 17, 0, 6, 14: -0.022025521156648242
calculated iMatrix for 17, 0, 6, 15: 0.3058629717731731
calculated iMatrix for 17, 0, 6, 16: 0.11112701183083651
calculated iMatrix for 17, 0, 6, 17: -0.3660820011361692
calculated iMatrix for 17, 0, 6, 18: -0.3123566017800061
calculated iMatrix for 17, 0, 6, 19: -0.14189624024351577
calculated iMatrix for 17, 0, 7, 0: -0.43322130397379777
calculated iMatrix for 17, 0, 7, 1: 0.09780702710971245
calculated iMatrix for 17, 0, 7, 2: 0.32484542268546324
calculated iMatrix for 17, 0, 7, 3: 0.08633799976094758
calculated iMatrix for 17, 0, 7, 4: -0.3243458462085269
calculated iMatrix for 17, 0, 7, 5: 0.9482250148331597
calculated iMatrix for 17, 0, 7, 6: 0.005948330885757747
calculated iMatrix for 17, 0, 7, 7: -0.6906955831470969
calculated iMatrix for 17, 0, 7, 8: -0.08559619555498332
calculated iMatrix for 17, 0, 7, 9: -0.5193990002148499
calculated iMatrix for 17, 0, 7, 10: -0.6363769476705943
calculated iMatrix for 17, 0, 7, 11: 0.6395216047158949
calculated iMatrix for 17, 0, 7, 12: 0.8058428201634085
calculated iMatrix for 17, 0, 7, 13: -0.20134407269083332
calculated iMatrix for 17, 0, 7, 14: -0.055120295862389534
calculated iMatrix for 17, 0, 7, 15: 0.048809417844248304
calculated iMatrix for 17, 0, 7, 16: -0.14198863179899313
calculated iMatrix for 17, 0, 7, 17: -0.693758607212777
calculated iMatrix for 17, 0, 7, 18: -0.3625463463038614
calculated iMatrix for 17, 0, 7, 19: -0.31056929120591037
calculated iMatrix for 17, 0, 8, 0: NaN
calculated iMatrix for 17, 0, 8, 1: NaN
calculated iMatrix for 17, 0, 8, 2: NaN
calculated iMatrix for 17, 0, 8, 3: NaN
calculated iMatrix for 17, 0, 8, 4: NaN
calculated iMatrix for 17, 0, 8, 5: NaN
calculated iMatrix for 17, 0, 8, 6: NaN
calculated iMatrix for 17, 0, 8, 7: NaN
calculated iMatrix for 17, 0, 8, 8: NaN
calculated iMatrix for 17, 0, 8, 9: NaN
calculated iMatrix for 17, 0, 8, 10: NaN
calculated iMatrix for 17, 0, 8, 11: NaN
calculated iMatrix for 17, 0, 8, 12: NaN
calculated iMatrix for 17, 0, 8, 13: NaN
calculated iMatrix for 17, 0, 8, 14: NaN
calculated iMatrix for 17, 0, 8, 15: NaN
calculated iMatrix for 17, 0, 8, 16: NaN
calculated iMatrix for 17, 0, 8, 17: 1.9332298234020495E-4
calculated iMatrix for 17, 0, 8, 18: NaN
calculated iMatrix for 17, 0, 8, 19: NaN
calculated iMatrix for 17, 0, 9, 0: -0.4085721686991435
calculated iMatrix for 17, 0, 9, 1: -0.3923993094535425
calculated iMatrix for 17, 0, 9, 2: 0.741763963478886
calculated iMatrix for 17, 0, 9, 3: -0.2166351532057471
calculated iMatrix for 17, 0, 9, 4: -0.43891932508843534
calculated iMatrix for 17, 0, 9, 5: 0.7540247065468249
calculated iMatrix for 17, 0, 9, 6: 0.1209547606658068
calculated iMatrix for 17, 0, 9, 7: -0.8190068541355162
calculated iMatrix for 17, 0, 9, 8: 0.07985403952620851
calculated iMatrix for 17, 0, 9, 9: -0.5753075485758532
calculated iMatrix for 17, 0, 9, 10: -0.8727657257348247
calculated iMatrix for 17, 0, 9, 11: 0.3007478711064028
calculated iMatrix for 17, 0, 9, 12: 1.7971858113247192
calculated iMatrix for 17, 0, 9, 13: -0.22426238765154438
calculated iMatrix for 17, 0, 9, 14: -0.2870387937957162
calculated iMatrix for 17, 0, 9, 15: 0.18848056923532153
calculated iMatrix for 17, 0, 9, 16: 0.05655091059436068
calculated iMatrix for 17, 0, 9, 17: -0.9309616881911329
calculated iMatrix for 17, 0, 9, 18: -0.5594533941167088
calculated iMatrix for 17, 0, 9, 19: -0.5180875246170393
calculated iMatrix for 17, 0, 10, 0: -0.4758932716312938
calculated iMatrix for 17, 0, 10, 1: 0.16259753262558563
calculated iMatrix for 17, 0, 10, 2: 0.06464517514968782
calculated iMatrix for 17, 0, 10, 3: -0.14198863179899313
calculated iMatrix for 17, 0, 10, 4: -0.17617620098390652
calculated iMatrix for 17, 0, 10, 5: 0.41612994522524793
calculated iMatrix for 17, 0, 10, 6: 0.38564731489288906
calculated iMatrix for 17, 0, 10, 7: -0.35603166528266783
calculated iMatrix for 17, 0, 10, 8: 0.044814496969202144
calculated iMatrix for 17, 0, 10, 9: -0.38321088339913634
calculated iMatrix for 17, 0, 10, 10: -0.5747208662474972
calculated iMatrix for 17, 0, 10, 11: 0.11734464844170711
calculated iMatrix for 17, 0, 10, 12: 0.9938950516663481
calculated iMatrix for 17, 0, 10, 13: 0.11397196396306786
calculated iMatrix for 17, 0, 10, 14: -0.024674529328225114
calculated iMatrix for 17, 0, 10, 15: -0.0013041416283308127
calculated iMatrix for 17, 0, 10, 16: 0.12827861075545977
calculated iMatrix for 17, 0, 10, 17: -0.05592707283232978
calculated iMatrix for 17, 0, 10, 18: -0.37298122359644115
calculated iMatrix for 17, 0, 10, 19: -0.27103845244927505
calculated iMatrix for 17, 0, 11, 0: -0.4186475355284789
calculated iMatrix for 17, 0, 11, 1: -0.31105366999959005
calculated iMatrix for 17, 0, 11, 2: 0.17203576491782901
calculated iMatrix for 17, 0, 11, 3: 0.1465971912791444
calculated iMatrix for 17, 0, 11, 4: -0.15770976714227203
calculated iMatrix for 17, 0, 11, 5: -0.008356636932784989
calculated iMatrix for 17, 0, 11, 6: -0.062157622582965644
calculated iMatrix for 17, 0, 11, 7: -0.15398828600854442
calculated iMatrix for 17, 0, 11, 8: 0.1465971912791444
calculated iMatrix for 17, 0, 11, 9: -0.4495577232934911
calculated iMatrix for 17, 0, 11, 10: -0.2870387937957162
calculated iMatrix for 17, 0, 11, 11: -0.014947237573052163
calculated iMatrix for 17, 0, 11, 12: 0.9132061404162053
calculated iMatrix for 17, 0, 11, 13: 0.08186871857865052
calculated iMatrix for 17, 0, 11, 14: -0.15878445827203747
calculated iMatrix for 17, 0, 11, 15: 0.18192695263759917
calculated iMatrix for 17, 0, 11, 16: 0.25493833507510855
calculated iMatrix for 17, 0, 11, 17: -0.04432152671202161
calculated iMatrix for 17, 0, 11, 18: 0.07760431979219307
calculated iMatrix for 17, 0, 11, 19: -0.1788252091554834
calculated iMatrix for 17, 0, 12, 0: -0.10173660886362379
calculated iMatrix for 17, 0, 12, 1: -0.18880035421230312
calculated iMatrix for 17, 0, 12, 2: 0.09673348970118834
calculated iMatrix for 17, 0, 12, 3: 0.2509863615473389
calculated iMatrix for 17, 0, 12, 4: 0.09851100461150675
calculated iMatrix for 17, 0, 12, 5: -0.22357843987849058
calculated iMatrix for 17, 0, 12, 6: -0.01068828735348526
calculated iMatrix for 17, 0, 12, 7: 0.011281676861120471
calculated iMatrix for 17, 0, 12, 8: -0.24371611180841768
calculated iMatrix for 17, 0, 12, 9: -0.27694069788871434
calculated iMatrix for 17, 0, 12, 10: 0.15080772381548802
calculated iMatrix for 17, 0, 12, 11: -0.051692768693541336
calculated iMatrix for 17, 0, 12, 12: 0.2154502905945077
calculated iMatrix for 17, 0, 12, 13: 0.12140694245058592
calculated iMatrix for 17, 0, 12, 14: 0.04755197472579109
calculated iMatrix for 17, 0, 12, 15: -0.05480284562004867
calculated iMatrix for 17, 0, 12, 16: 0.22155082944520954
calculated iMatrix for 17, 0, 12, 17: 0.1336937864432366
calculated iMatrix for 17, 0, 12, 18: 0.3007478711064028
calculated iMatrix for 17, 0, 12, 19: 0.022544542609165608
calculated iMatrix for 17, 0, 13, 0: -0.11054815731255485
calculated iMatrix for 17, 0, 13, 1: 0.39089896810070024
calculated iMatrix for 17, 0, 13, 2: -0.07688243800831773
calculated iMatrix for 17, 0, 13, 3: -0.2508997471798431
calculated iMatrix for 17, 0, 13, 4: 0.40964195934554015
calculated iMatrix for 17, 0, 13, 5: -0.3314386096638553
calculated iMatrix for 17, 0, 13, 6: -0.09354393640363634
calculated iMatrix for 17, 0, 13, 7: 0.30693984135432373
calculated iMatrix for 17, 0, 13, 8: -0.22822200478299148
calculated iMatrix for 17, 0, 13, 9: 0.12369542699246006
calculated iMatrix for 17, 0, 13, 10: -0.06549652384848037
calculated iMatrix for 17, 0, 13, 11: -0.04219688002042754
calculated iMatrix for 17, 0, 13, 12: 0.0858574615489135
calculated iMatrix for 17, 0, 13, 13: -0.13103454531913505
calculated iMatrix for 17, 0, 13, 14: -0.1099120538788656
calculated iMatrix for 17, 0, 13, 15: -0.11252977673855535
calculated iMatrix for 17, 0, 13, 16: 0.2273204025515856
calculated iMatrix for 17, 0, 13, 17: 0.22476196412848082
calculated iMatrix for 17, 0, 13, 18: 0.3399685842596841
calculated iMatrix for 17, 0, 13, 19: 0.21288651531506853
calculated iMatrix for 17, 0, 14, 0: -0.20257302700552016
calculated iMatrix for 17, 0, 14, 1: 0.197563634871172
calculated iMatrix for 17, 0, 14, 2: -0.21837655547428292
calculated iMatrix for 17, 0, 14, 3: -0.21988862322384728
calculated iMatrix for 17, 0, 14, 4: 0.32973540797965495
calculated iMatrix for 17, 0, 14, 5: -0.19890445206146268
calculated iMatrix for 17, 0, 14, 6: 0.07760431979219307
calculated iMatrix for 17, 0, 14, 7: 0.29466882503002056
calculated iMatrix for 17, 0, 14, 8: -0.15946775177316996
calculated iMatrix for 17, 0, 14, 9: 0.1177143171303584
calculated iMatrix for 17, 0, 14, 10: -0.12046559396990086
calculated iMatrix for 17, 0, 14, 11: 0.016979697975758157
calculated iMatrix for 17, 0, 14, 12: 0.13425135545684508
calculated iMatrix for 17, 0, 14, 13: -0.2811736743433182
calculated iMatrix for 17, 0, 14, 14: 0.17558472815239667
calculated iMatrix for 17, 0, 14, 15: -0.05651513518388396
calculated iMatrix for 17, 0, 14, 16: -0.08090658830804309
calculated iMatrix for 17, 0, 14, 17: 0.28811612420050214
calculated iMatrix for 17, 0, 14, 18: 0.15232786598812942
calculated iMatrix for 17, 0, 14, 19: 0.17153613962639658
calculated iMatrix for 17, 0, 15, 0: 0.139974650518651
calculated iMatrix for 17, 0, 15, 1: -0.004633778444779191
calculated iMatrix for 17, 0, 15, 2: 0.15635336622450913
calculated iMatrix for 17, 0, 15, 3: -0.017705860012131813
calculated iMatrix for 17, 0, 15, 4: 0.007400061118944534
calculated iMatrix for 17, 0, 15, 5: -0.20325843738753302
calculated iMatrix for 17, 0, 15, 6: -0.00940705719743673
calculated iMatrix for 17, 0, 15, 7: -0.006557472529517661
calculated iMatrix for 17, 0, 15, 8: -0.003975667200229793
calculated iMatrix for 17, 0, 15, 9: 0.053506768213132494
calculated iMatrix for 17, 0, 15, 10: 0.07760431979219307
calculated iMatrix for 17, 0, 15, 11: -0.03475864839485121
calculated iMatrix for 17, 0, 15, 12: 0.10328333420988456
calculated iMatrix for 17, 0, 15, 13: -0.0010388075269200936
calculated iMatrix for 17, 0, 15, 14: -0.15043948633985682
calculated iMatrix for 17, 0, 15, 15: 0.017385459799138303
calculated iMatrix for 17, 0, 15, 16: -0.10471723700176172
calculated iMatrix for 17, 0, 15, 17: 0.0034963476384711756
calculated iMatrix for 17, 0, 15, 18: 0.10969263434369347
calculated iMatrix for 17, 0, 15, 19: -0.11243928309567197
calculated iMatrix for 17, 0, 16, 0: 0.09165607324784342
calculated iMatrix for 17, 0, 16, 1: 0.08818642912272989
calculated iMatrix for 17, 0, 16, 2: 0.17374818034509532
calculated iMatrix for 17, 0, 16, 3: 0.13241255628718795
calculated iMatrix for 17, 0, 16, 4: -0.05501756844948913
calculated iMatrix for 17, 0, 16, 5: -0.14589952696817687
calculated iMatrix for 17, 0, 16, 6: -0.07296853868718123
calculated iMatrix for 17, 0, 16, 7: -0.019103484278769844
calculated iMatrix for 17, 0, 16, 8: -0.24140022378862902
calculated iMatrix for 17, 0, 16, 9: -0.018539540760709183
calculated iMatrix for 17, 0, 16, 10: -0.02900541526606526
calculated iMatrix for 17, 0, 16, 11: 0.032081064768109346
calculated iMatrix for 17, 0, 16, 12: 0.02311613450812322
calculated iMatrix for 17, 0, 16, 13: 0.15556586126190486
calculated iMatrix for 17, 0, 16, 14: -0.1692557581393328
calculated iMatrix for 17, 0, 16, 15: 0.004176851237375878
calculated iMatrix for 17, 0, 16, 16: -0.1269898726108849
calculated iMatrix for 17, 0, 16, 17: 0.02311613450812322
calculated iMatrix for 17, 0, 16, 18: 0.049433442825496665
calculated iMatrix for 17, 0, 16, 19: 0.11353632901825628
calculated iMatrix for 17, 1, 0, 0: 0.2186231919464791
calculated iMatrix for 17, 1, 0, 1: 0.6986077101898945
calculated iMatrix for 17, 1, 0, 2: -0.04438727609761822
calculated iMatrix for 17, 1, 0, 3: -0.15327147661187163
calculated iMatrix for 17, 1, 0, 4: -0.25773052281353587
calculated iMatrix for 17, 1, 0, 5: -0.10559800714251472
calculated iMatrix for 17, 1, 0, 6: 0.05488919547053611
calculated iMatrix for 17, 1, 0, 7: -0.15798745534159359
calculated iMatrix for 17, 1, 0, 8: 0.2595259912827452
calculated iMatrix for 17, 1, 0, 9: -0.12702865341612962
calculated iMatrix for 17, 1, 0, 10: -0.18515982997870045
calculated iMatrix for 17, 1, 0, 11: -0.05280837849402653
calculated iMatrix for 17, 1, 0, 12: 0.025599662135787682
calculated iMatrix for 17, 1, 0, 13: -0.01902359760576311
calculated iMatrix for 17, 1, 0, 14: 0.006731177831404922
calculated iMatrix for 17, 1, 0, 15: 0.012743219988032684
calculated iMatrix for 17, 1, 0, 16: 0.011031574679404688
calculated iMatrix for 17, 1, 0, 17: -0.007611551937403482
calculated iMatrix for 17, 1, 0, 18: 0.39565816560732514
calculated iMatrix for 17, 1, 0, 19: -0.059077991507621885
calculated iMatrix for 17, 1, 1, 0: -0.01479155918433328
calculated iMatrix for 17, 1, 1, 1: 0.5504550490111898
calculated iMatrix for 17, 1, 1, 2: 0.0019578990787471606
calculated iMatrix for 17, 1, 1, 3: 0.0897359268007043
calculated iMatrix for 17, 1, 1, 4: -0.18028451561552616
calculated iMatrix for 17, 1, 1, 5: 0.18146544481320007
calculated iMatrix for 17, 1, 1, 6: 0.22324213780277363
calculated iMatrix for 17, 1, 1, 7: -0.001988294383041267
calculated iMatrix for 17, 1, 1, 8: 0.17635339060028116
calculated iMatrix for 17, 1, 1, 9: -0.22128240614197697
calculated iMatrix for 17, 1, 1, 10: -0.15047427199081043
calculated iMatrix for 17, 1, 1, 11: -0.28628305116101155
calculated iMatrix for 17, 1, 1, 12: -0.07251819382273561
calculated iMatrix for 17, 1, 1, 13: 9.047130940885717E-4
calculated iMatrix for 17, 1, 1, 14: 0.04320085761279624
calculated iMatrix for 17, 1, 1, 15: 0.02990382946930653
calculated iMatrix for 17, 1, 1, 16: -0.029225028357940663
calculated iMatrix for 17, 1, 1, 17: -0.12846448630215512
calculated iMatrix for 17, 1, 1, 18: 0.05325119346629781
calculated iMatrix for 17, 1, 1, 19: 0.07266927932339934
calculated iMatrix for 17, 1, 2, 0: -0.10706177905549696
calculated iMatrix for 17, 1, 2, 1: -0.23776978025099788
calculated iMatrix for 17, 1, 2, 2: 0.06649642021631841
calculated iMatrix for 17, 1, 2, 3: -0.08717942161849668
calculated iMatrix for 17, 1, 2, 4: -0.1686305280274899
calculated iMatrix for 17, 1, 2, 5: 0.3809982171966405
calculated iMatrix for 17, 1, 2, 6: 0.6188017169215351
calculated iMatrix for 17, 1, 2, 7: -0.04599776764552621
calculated iMatrix for 17, 1, 2, 8: 0.15344870311829448
calculated iMatrix for 17, 1, 2, 9: -0.2514910017307915
calculated iMatrix for 17, 1, 2, 10: -0.4381563444425914
calculated iMatrix for 17, 1, 2, 11: 0.19091197943283156
calculated iMatrix for 17, 1, 2, 12: 0.10077070943427413
calculated iMatrix for 17, 1, 2, 13: -0.17686102716400526
calculated iMatrix for 17, 1, 2, 14: -0.08257689084529585
calculated iMatrix for 17, 1, 2, 15: 0.11890516368773454
calculated iMatrix for 17, 1, 2, 16: -0.0028382731847457765
calculated iMatrix for 17, 1, 2, 17: -0.08520927061787337
calculated iMatrix for 17, 1, 2, 18: -0.26246239284136924
calculated iMatrix for 17, 1, 2, 19: -0.3862654025949111
calculated iMatrix for 17, 1, 3, 0: -0.15966522841279046
calculated iMatrix for 17, 1, 3, 1: 0.0763857688679547
calculated iMatrix for 17, 1, 3, 2: 0.08381384387646451
calculated iMatrix for 17, 1, 3, 3: -0.1400583457571219
calculated iMatrix for 17, 1, 3, 4: -0.1581688941518528
calculated iMatrix for 17, 1, 3, 5: 0.29447302135997955
calculated iMatrix for 17, 1, 3, 6: 0.17043344808929098
calculated iMatrix for 17, 1, 3, 7: -0.047704028723612124
calculated iMatrix for 17, 1, 3, 8: 0.3156154579337888
calculated iMatrix for 17, 1, 3, 9: -0.33745349905874594
calculated iMatrix for 17, 1, 3, 10: -0.24785389931762386
calculated iMatrix for 17, 1, 3, 11: 0.10391929245992995
calculated iMatrix for 17, 1, 3, 12: 0.28553800269651086
calculated iMatrix for 17, 1, 3, 13: -0.18607768226892923
calculated iMatrix for 17, 1, 3, 14: -0.030130415472753247
calculated iMatrix for 17, 1, 3, 15: 0.012665913351219471
calculated iMatrix for 17, 1, 3, 16: 0.04401952323363223
calculated iMatrix for 17, 1, 3, 17: -0.21718907255097702
calculated iMatrix for 17, 1, 3, 18: -0.10309487692439612
calculated iMatrix for 17, 1, 3, 19: 0.018363934465857212
calculated iMatrix for 17, 1, 4, 0: -0.1901340128003412
calculated iMatrix for 17, 1, 4, 1: -0.054758330363105456
calculated iMatrix for 17, 1, 4, 2: 0.12224406495324916
calculated iMatrix for 17, 1, 4, 3: 0.16829074317693038
calculated iMatrix for 17, 1, 4, 4: -0.7379731493603658
calculated iMatrix for 17, 1, 4, 5: 0.26642521374301703
calculated iMatrix for 17, 1, 4, 6: 0.07141849742174672
calculated iMatrix for 17, 1, 4, 7: -0.28379924496344927
calculated iMatrix for 17, 1, 4, 8: 0.38504396436555177
calculated iMatrix for 17, 1, 4, 9: -0.40389859846689874
calculated iMatrix for 17, 1, 4, 10: -0.33101170699126364
calculated iMatrix for 17, 1, 4, 11: 0.18535026309588734
calculated iMatrix for 17, 1, 4, 12: 0.3389628219307799
calculated iMatrix for 17, 1, 4, 13: 0.15309652843601387
calculated iMatrix for 17, 1, 4, 14: 0.18427945587270184
calculated iMatrix for 17, 1, 4, 15: 0.07989312441271898
calculated iMatrix for 17, 1, 4, 16: 0.07141849742174672
calculated iMatrix for 17, 1, 4, 17: -0.0973403219035332
calculated iMatrix for 17, 1, 4, 18: -0.6353608319282562
calculated iMatrix for 17, 1, 4, 19: -0.3698096765322462
calculated iMatrix for 17, 1, 5, 0: -0.36428649587613576
calculated iMatrix for 17, 1, 5, 1: -0.057059827351384707
calculated iMatrix for 17, 1, 5, 2: -0.016518377088825975
calculated iMatrix for 17, 1, 5, 3: -0.19343868618381982
calculated iMatrix for 17, 1, 5, 4: -0.12310687193085806
calculated iMatrix for 17, 1, 5, 5: 0.5325725113904998
calculated iMatrix for 17, 1, 5, 6: 0.3687252832477371
calculated iMatrix for 17, 1, 5, 7: 0.05660128035157974
calculated iMatrix for 17, 1, 5, 8: -0.01858663015288492
calculated iMatrix for 17, 1, 5, 9: -0.5502444203134744
calculated iMatrix for 17, 1, 5, 10: -0.5067434541061626
calculated iMatrix for 17, 1, 5, 11: 0.2034981598130827
calculated iMatrix for 17, 1, 5, 12: -0.19720816849487505
calculated iMatrix for 17, 1, 5, 13: -0.07260784373986956
calculated iMatrix for 17, 1, 5, 14: 0.01778101401798987
calculated iMatrix for 17, 1, 5, 15: -0.1919791452507555
calculated iMatrix for 17, 1, 5, 16: 0.3634061217701373
calculated iMatrix for 17, 1, 5, 17: 0.34970966927676495
calculated iMatrix for 17, 1, 5, 18: 0.010233808382606902
calculated iMatrix for 17, 1, 5, 19: 0.06994279355955088
calculated iMatrix for 17, 1, 6, 0: -0.40188075163644305
calculated iMatrix for 17, 1, 6, 1: 0.14376520100712953
calculated iMatrix for 17, 1, 6, 2: -0.23738509088291465
calculated iMatrix for 17, 1, 6, 3: -0.5582017513816382
calculated iMatrix for 17, 1, 6, 4: 0.5822441211877374
calculated iMatrix for 17, 1, 6, 5: 0.1593348518487056
calculated iMatrix for 17, 1, 6, 6: -0.1952101658322019
calculated iMatrix for 17, 1, 6, 7: 0.770351615048736
calculated iMatrix for 17, 1, 6, 8: -0.06272098278612287
calculated iMatrix for 17, 1, 6, 9: 0.13426903529804043
calculated iMatrix for 17, 1, 6, 10: 0.11082104528777553
calculated iMatrix for 17, 1, 6, 11: -0.1569889530120041
calculated iMatrix for 17, 1, 6, 12: -0.26246239284136924
calculated iMatrix for 17, 1, 6, 13: -0.5667737222646849
calculated iMatrix for 17, 1, 6, 14: -0.1571316572576975
calculated iMatrix for 17, 1, 6, 15: -0.34190454498300543
calculated iMatrix for 17, 1, 6, 16: 0.12857691126169538
calculated iMatrix for 17, 1, 6, 17: 0.7521251877239135
calculated iMatrix for 17, 1, 6, 18: 0.018363934465857212
calculated iMatrix for 17, 1, 6, 19: 0.30456562174720386
calculated iMatrix for 17, 1, 7, 0: -0.4474903112330669
calculated iMatrix for 17, 1, 7, 1: 0.22860408094415902
calculated iMatrix for 17, 1, 7, 2: -0.6097251094602842
calculated iMatrix for 17, 1, 7, 3: -0.4583357550414526
calculated iMatrix for 17, 1, 7, 4: 0.38230683243246094
calculated iMatrix for 17, 1, 7, 5: -0.48215667370502874
calculated iMatrix for 17, 1, 7, 6: -0.10926773603147716
calculated iMatrix for 17, 1, 7, 7: 0.39198843671836275
calculated iMatrix for 17, 1, 7, 8: 0.19442990113156558
calculated iMatrix for 17, 1, 7, 9: 0.15991318741511162
calculated iMatrix for 17, 1, 7, 10: 0.3501016340049582
calculated iMatrix for 17, 1, 7, 11: -0.42772146715001175
calculated iMatrix for 17, 1, 7, 12: -0.1952101658322019
calculated iMatrix for 17, 1, 7, 13: -0.24400033000163396
calculated iMatrix for 17, 1, 7, 14: 0.03768956042737254
calculated iMatrix for 17, 1, 7, 15: -0.0014804997242854334
calculated iMatrix for 17, 1, 7, 16: 0.3217693235081671
calculated iMatrix for 17, 1, 7, 17: 0.789920169078915
calculated iMatrix for 17, 1, 7, 18: 0.43624344572240353
calculated iMatrix for 17, 1, 7, 19: 0.46221893212566423
calculated iMatrix for 17, 1, 8, 0: NaN
calculated iMatrix for 17, 1, 8, 1: NaN
calculated iMatrix for 17, 1, 8, 2: NaN
calculated iMatrix for 17, 1, 8, 3: NaN
calculated iMatrix for 17, 1, 8, 4: NaN
calculated iMatrix for 17, 1, 8, 5: NaN
calculated iMatrix for 17, 1, 8, 6: NaN
calculated iMatrix for 17, 1, 8, 7: NaN
calculated iMatrix for 17, 1, 8, 8: NaN
calculated iMatrix for 17, 1, 8, 9: NaN
calculated iMatrix for 17, 1, 8, 10: NaN
calculated iMatrix for 17, 1, 8, 11: NaN
calculated iMatrix for 17, 1, 8, 12: NaN
calculated iMatrix for 17, 1, 8, 13: NaN
calculated iMatrix for 17, 1, 8, 14: NaN
calculated iMatrix for 17, 1, 8, 15: NaN
calculated iMatrix for 17, 1, 8, 16: NaN
calculated iMatrix for 17, 1, 8, 17: 1.6322981901073508E-4
calculated iMatrix for 17, 1, 8, 18: NaN
calculated iMatrix for 17, 1, 8, 19: NaN
calculated iMatrix for 17, 1, 9, 0: -0.3904351274620644
calculated iMatrix for 17, 1, 9, 1: 0.20120510675604458
calculated iMatrix for 17, 1, 9, 2: -0.5209871133366668
calculated iMatrix for 17, 1, 9, 3: -0.39571404170934693
calculated iMatrix for 17, 1, 9, 4: 0.4074230071869117
calculated iMatrix for 17, 1, 9, 5: -0.33800088386952126
calculated iMatrix for 17, 1, 9, 6: 0.24415649395164385
calculated iMatrix for 17, 1, 9, 7: 0.7240790690382097
calculated iMatrix for 17, 1, 9, 8: -0.1627564209824634
calculated iMatrix for 17, 1, 9, 9: 0.05196281020884319
calculated iMatrix for 17, 1, 9, 10: 0.27989737533170955
calculated iMatrix for 17, 1, 9, 11: -0.21884177036547897
calculated iMatrix for 17, 1, 9, 12: -0.875548388099566
calculated iMatrix for 17, 1, 9, 13: -0.3370403612714195
calculated iMatrix for 17, 1, 9, 14: -0.1595295708123654
calculated iMatrix for 17, 1, 9, 15: 0.05108669045672476
calculated iMatrix for 17, 1, 9, 16: 0.2796834487077255
calculated iMatrix for 17, 1, 9, 17: 0.8762734554476552
calculated iMatrix for 17, 1, 9, 18: 0.47468015256347607
calculated iMatrix for 17, 1, 9, 19: 0.6410378583684168
calculated iMatrix for 17, 1, 10, 0: -0.23575626022655188
calculated iMatrix for 17, 1, 10, 1: 0.2931426020817302
calculated iMatrix for 17, 1, 10, 2: -0.30004422714778217
calculated iMatrix for 17, 1, 10, 3: -0.45233293570885486
calculated iMatrix for 17, 1, 10, 4: 0.6991978547924456
calculated iMatrix for 17, 1, 10, 5: -0.028761958194537474
calculated iMatrix for 17, 1, 10, 6: -0.22152747414957535
calculated iMatrix for 17, 1, 10, 7: 0.6549695409298906
calculated iMatrix for 17, 1, 10, 8: -0.5523344470060838
calculated iMatrix for 17, 1, 10, 9: 0.25171165595430867
calculated iMatrix for 17, 1, 10, 10: 0.2811292818626195
calculated iMatrix for 17, 1, 10, 11: 0.08559902733181696
calculated iMatrix for 17, 1, 10, 12: -0.03993525879266263
calculated iMatrix for 17, 1, 10, 13: -0.7760281614182274
calculated iMatrix for 17, 1, 10, 14: -0.4456695277933745
calculated iMatrix for 17, 1, 10, 15: 0.05274855460173189
calculated iMatrix for 17, 1, 10, 16: 0.056332860003705854
calculated iMatrix for 17, 1, 10, 17: 0.5709621497426334
calculated iMatrix for 17, 1, 10, 18: 0.06430102965288276
calculated iMatrix for 17, 1, 10, 19: 0.3030366757269287
calculated iMatrix for 17, 1, 11, 0: -0.3963410545836527
calculated iMatrix for 17, 1, 11, 1: 0.23557275026025243
calculated iMatrix for 17, 1, 11, 2: 0.3961959445931282
calculated iMatrix for 17, 1, 11, 3: -0.1422176356916915
calculated iMatrix for 17, 1, 11, 4: -0.06133447986635426
calculated iMatrix for 17, 1, 11, 5: 0.3705975923511418
calculated iMatrix for 17, 1, 11, 6: 0.08884213856900033
calculated iMatrix for 17, 1, 11, 7: 0.03644407514991649
calculated iMatrix for 17, 1, 11, 8: -0.1870133986280233
calculated iMatrix for 17, 1, 11, 9: -0.40122149374856114
calculated iMatrix for 17, 1, 11, 10: -0.47031345607712266
calculated iMatrix for 17, 1, 11, 11: 0.27512409657905196
calculated iMatrix for 17, 1, 11, 12: 0.056104262448704256
calculated iMatrix for 17, 1, 11, 13: -0.2608074483180151
calculated iMatrix for 17, 1, 11, 14: -0.4152720506090036
calculated iMatrix for 17, 1, 11, 15: 0.18900983366222632
calculated iMatrix for 17, 1, 11, 16: 0.26846867950808684
calculated iMatrix for 17, 1, 11, 17: 0.26963034469196545
calculated iMatrix for 17, 1, 11, 18: -0.15438817131194676
calculated iMatrix for 17, 1, 11, 19: -0.11516745815866541
calculated iMatrix for 17, 1, 12, 0: -0.1536611629193294
calculated iMatrix for 17, 1, 12, 1: 0.14234373665975214
calculated iMatrix for 17, 1, 12, 2: 0.4990549578290846
calculated iMatrix for 17, 1, 12, 3: -0.1118285568931508
calculated iMatrix for 17, 1, 12, 4: -0.1527634755849449
calculated iMatrix for 17, 1, 12, 5: 0.5607379159667737
calculated iMatrix for 17, 1, 12, 6: 0.5433993888045008
calculated iMatrix for 17, 1, 12, 7: -0.5150615212173746
calculated iMatrix for 17, 1, 12, 8: -0.25564190501711975
calculated iMatrix for 17, 1, 12, 9: -0.5957852886461745
calculated iMatrix for 17, 1, 12, 10: -0.7020277682006537
calculated iMatrix for 17, 1, 12, 11: 0.39624519233389804
calculated iMatrix for 17, 1, 12, 12: 0.47110036077418377
calculated iMatrix for 17, 1, 12, 13: -0.046174586671714035
calculated iMatrix for 17, 1, 12, 14: -0.32117878607502476
calculated iMatrix for 17, 1, 12, 15: 0.3797774021510747
calculated iMatrix for 17, 1, 12, 16: 0.036030595714627245
calculated iMatrix for 17, 1, 12, 17: -0.16807362439720108
calculated iMatrix for 17, 1, 12, 18: -0.12621729434525036
calculated iMatrix for 17, 1, 12, 19: -0.3620275360901913
calculated iMatrix for 17, 1, 13, 0: -0.3449555521915438
calculated iMatrix for 17, 1, 13, 1: 0.21797698836987275
calculated iMatrix for 17, 1, 13, 2: 0.1772570245609503
calculated iMatrix for 17, 1, 13, 3: -0.02298670494524907
calculated iMatrix for 17, 1, 13, 4: -0.14700806401432415
calculated iMatrix for 17, 1, 13, 5: 0.4286023213266793
calculated iMatrix for 17, 1, 13, 6: 0.23153234072324735
calculated iMatrix for 17, 1, 13, 7: -0.4275421432008179
calculated iMatrix for 17, 1, 13, 8: -0.3203733087862079
calculated iMatrix for 17, 1, 13, 9: -0.2523685796721505
calculated iMatrix for 17, 1, 13, 10: -0.3627166368410158
calculated iMatrix for 17, 1, 13, 11: 0.24756199468877316
calculated iMatrix for 17, 1, 13, 12: 0.23683458008067448
calculated iMatrix for 17, 1, 13, 13: -0.20568146569949725
calculated iMatrix for 17, 1, 13, 14: -0.2855128239059043
calculated iMatrix for 17, 1, 13, 15: 0.24541119926054022
calculated iMatrix for 17, 1, 13, 16: 0.1521101729393102
calculated iMatrix for 17, 1, 13, 17: 0.006510949894601159
calculated iMatrix for 17, 1, 13, 18: 0.3156154579337888
calculated iMatrix for 17, 1, 13, 19: 0.16146477810653045
calculated iMatrix for 17, 1, 14, 0: -0.15720904765358817
calculated iMatrix for 17, 1, 14, 1: 0.3696826792040646
calculated iMatrix for 17, 1, 14, 2: 0.3156154579337888
calculated iMatrix for 17, 1, 14, 3: -0.06303839272371875
calculated iMatrix for 17, 1, 14, 4: -0.24209375173105235
calculated iMatrix for 17, 1, 14, 5: 0.33285726436829477
calculated iMatrix for 17, 1, 14, 6: -0.1462025867255074
calculated iMatrix for 17, 1, 14, 7: -0.47637755726278913
calculated iMatrix for 17, 1, 14, 8: -0.06912351965725855
calculated iMatrix for 17, 1, 14, 9: -0.29570170437852433
calculated iMatrix for 17, 1, 14, 10: -0.23938138414533933
calculated iMatrix for 17, 1, 14, 11: 0.05778634863168902
calculated iMatrix for 17, 1, 14, 12: 0.24662258644683738
calculated iMatrix for 17, 1, 14, 13: -0.17686102716400526
calculated iMatrix for 17, 1, 14, 14: -0.08984965017437563
calculated iMatrix for 17, 1, 14, 15: 0.07049299990080385
calculated iMatrix for 17, 1, 14, 16: 0.36352881362968625
calculated iMatrix for 17, 1, 14, 17: -0.07586340819963572
calculated iMatrix for 17, 1, 14, 18: -2.3749148468849013E-4
calculated iMatrix for 17, 1, 14, 19: -0.02446689091152393
calculated iMatrix for 17, 1, 15, 0: -0.4836382286207042
calculated iMatrix for 17, 1, 15, 1: -0.26420303731915323
calculated iMatrix for 17, 1, 15, 2: 0.1214594434928313
calculated iMatrix for 17, 1, 15, 3: 0.16932336471905174
calculated iMatrix for 17, 1, 15, 4: -0.24157608639012756
calculated iMatrix for 17, 1, 15, 5: 0.23448991312142037
calculated iMatrix for 17, 1, 15, 6: -0.0966293371597543
calculated iMatrix for 17, 1, 15, 7: -0.24271249981720527
calculated iMatrix for 17, 1, 15, 8: -0.18624149584944144
calculated iMatrix for 17, 1, 15, 9: -0.2964061778137879
calculated iMatrix for 17, 1, 15, 10: -0.0983603398422842
calculated iMatrix for 17, 1, 15, 11: 0.09407318798655295
calculated iMatrix for 17, 1, 15, 12: 0.18427945587270184
calculated iMatrix for 17, 1, 15, 13: 0.08142207043299404
calculated iMatrix for 17, 1, 15, 14: 0.07720443448879058
calculated iMatrix for 17, 1, 15, 15: 0.2904568982976338
calculated iMatrix for 17, 1, 15, 16: 0.3279612937560882
calculated iMatrix for 17, 1, 15, 17: 0.05219800748163905
calculated iMatrix for 17, 1, 15, 18: 0.09939234946415287
calculated iMatrix for 17, 1, 15, 19: 9.047130940885717E-4
calculated iMatrix for 17, 1, 16, 0: -0.11601936790776035
calculated iMatrix for 17, 1, 16, 1: -0.11516745815866541
calculated iMatrix for 17, 1, 16, 2: -0.07130607246220644
calculated iMatrix for 17, 1, 16, 3: -0.13405574267887121
calculated iMatrix for 17, 1, 16, 4: 0.030684418853897832
calculated iMatrix for 17, 1, 16, 5: 0.0787057108554311
calculated iMatrix for 17, 1, 16, 6: -0.023600264633174994
calculated iMatrix for 17, 1, 16, 7: -0.0659984343521956
calculated iMatrix for 17, 1, 16, 8: -0.07848589152406049
calculated iMatrix for 17, 1, 16, 9: -0.1991240651533382
calculated iMatrix for 17, 1, 16, 10: -0.2798932530622404
calculated iMatrix for 17, 1, 16, 11: 0.10269346069111715
calculated iMatrix for 17, 1, 16, 12: 0.13195071759336657
calculated iMatrix for 17, 1, 16, 13: -0.046790160713928663
calculated iMatrix for 17, 1, 16, 14: 0.008461282069187559
calculated iMatrix for 17, 1, 16, 15: 0.30271205309788096
calculated iMatrix for 17, 1, 16, 16: 0.29568124303297155
calculated iMatrix for 17, 1, 16, 17: -0.05107626424841477
calculated iMatrix for 17, 1, 16, 18: -0.20232763360106593
calculated iMatrix for 17, 1, 16, 19: 0.17746511945297164
calculated iMatrix for 17, 2, 0, 0: 0.05235359574307952
calculated iMatrix for 17, 2, 0, 1: -0.6463261023865914
calculated iMatrix for 17, 2, 0, 2: 0.17180821901488008
calculated iMatrix for 17, 2, 0, 3: 0.0374448825447985
calculated iMatrix for 17, 2, 0, 4: 0.1332056923721745
calculated iMatrix for 17, 2, 0, 5: 0.08022300455760267
calculated iMatrix for 17, 2, 0, 6: -0.012019421849579603
calculated iMatrix for 17, 2, 0, 7: 0.07681179185703613
calculated iMatrix for 17, 2, 0, 8: -0.3444016732192674
calculated iMatrix for 17, 2, 0, 9: 0.04495801289296075
calculated iMatrix for 17, 2, 0, 10: 0.22703958477052977
calculated iMatrix for 17, 2, 0, 11: 0.10464064906218018
calculated iMatrix for 17, 2, 0, 12: -5.250424238444351E-4
calculated iMatrix for 17, 2, 0, 13: 0.03446831020635288
calculated iMatrix for 17, 2, 0, 14: 0.029871519859580586
calculated iMatrix for 17, 2, 0, 15: -0.10530735627313659
calculated iMatrix for 17, 2, 0, 16: -0.05832202254720997
calculated iMatrix for 17, 2, 0, 17: -0.15421318755275482
calculated iMatrix for 17, 2, 0, 18: -0.2719515813484581
calculated iMatrix for 17, 2, 0, 19: 0.14346548099081524
calculated iMatrix for 17, 2, 1, 0: 0.028215890342319416
calculated iMatrix for 17, 2, 1, 1: -0.3782045557893041
calculated iMatrix for 17, 2, 1, 2: 0.014031255350362981
calculated iMatrix for 17, 2, 1, 3: -0.1373104338658403
calculated iMatrix for 17, 2, 1, 4: -0.11060292699887353
calculated iMatrix for 17, 2, 1, 5: 0.006357356780475554
calculated iMatrix for 17, 2, 1, 6: -0.07524128710240396
calculated iMatrix for 17, 2, 1, 7: -0.02338318049989474
calculated iMatrix for 17, 2, 1, 8: -0.21269011731173082
calculated iMatrix for 17, 2, 1, 9: 0.2520788291804885
calculated iMatrix for 17, 2, 1, 10: 0.23986659833028412
calculated iMatrix for 17, 2, 1, 11: 0.09723756408736994
calculated iMatrix for 17, 2, 1, 12: 0.2081872697913204
calculated iMatrix for 17, 2, 1, 13: 0.09842220694843606
calculated iMatrix for 17, 2, 1, 14: -0.1598919317447599
calculated iMatrix for 17, 2, 1, 15: 0.10566157819628741
calculated iMatrix for 17, 2, 1, 16: 0.04170597750658345
calculated iMatrix for 17, 2, 1, 17: -0.10517674829280343
calculated iMatrix for 17, 2, 1, 18: -0.30906924430496074
calculated iMatrix for 17, 2, 1, 19: -0.10732960165390437
calculated iMatrix for 17, 2, 2, 0: 0.18311763155641192
calculated iMatrix for 17, 2, 2, 1: 0.043493288080679204
calculated iMatrix for 17, 2, 2, 2: 0.19688177274908714
calculated iMatrix for 17, 2, 2, 3: 0.027952593868971087
calculated iMatrix for 17, 2, 2, 4: 0.16233396529519817
calculated iMatrix for 17, 2, 2, 5: -0.15198675223764668
calculated iMatrix for 17, 2, 2, 6: -0.39885045041285094
calculated iMatrix for 17, 2, 2, 7: -0.19434097864353417
calculated iMatrix for 17, 2, 2, 8: -0.09603004639997104
calculated iMatrix for 17, 2, 2, 9: 0.017731765308970027
calculated iMatrix for 17, 2, 2, 10: 0.14566691280998645
calculated iMatrix for 17, 2, 2, 11: -0.07170242401075333
calculated iMatrix for 17, 2, 2, 12: -0.11509160698939369
calculated iMatrix for 17, 2, 2, 13: 0.21042992603515442
calculated iMatrix for 17, 2, 2, 14: 0.10925654911414628
calculated iMatrix for 17, 2, 2, 15: -0.11420248094166652
calculated iMatrix for 17, 2, 2, 16: 0.0030942159604685493
calculated iMatrix for 17, 2, 2, 17: -0.034360581787313604
calculated iMatrix for 17, 2, 2, 18: 0.16233396529519817
calculated iMatrix for 17, 2, 2, 19: -0.1401194244768953
calculated iMatrix for 17, 2, 3, 0: 0.15811632935099473
calculated iMatrix for 17, 2, 3, 1: -0.22713080146652498
calculated iMatrix for 17, 2, 3, 2: 0.1729723635002539
calculated iMatrix for 17, 2, 3, 3: 0.2044500223769371
calculated iMatrix for 17, 2, 3, 4: 0.027260552318860265
calculated iMatrix for 17, 2, 3, 5: -0.15065228364120298
calculated iMatrix for 17, 2, 3, 6: -0.19524147397678449
calculated iMatrix for 17, 2, 3, 7: -0.11006558147277923
calculated iMatrix for 17, 2, 3, 8: -0.2223989314386916
calculated iMatrix for 17, 2, 3, 9: 0.12313998975237817
calculated iMatrix for 17, 2, 3, 10: 0.4116593327512471
calculated iMatrix for 17, 2, 3, 11: -0.19027868463465536
calculated iMatrix for 17, 2, 3, 12: -0.4245704763472298
calculated iMatrix for 17, 2, 3, 13: 0.1329083830196054
calculated iMatrix for 17, 2, 3, 14: 0.11581394966030534
calculated iMatrix for 17, 2, 3, 15: -0.004330362181757863
calculated iMatrix for 17, 2, 3, 16: 0.1614839864934936
calculated iMatrix for 17, 2, 3, 17: -0.13142715323296494
calculated iMatrix for 17, 2, 3, 18: -0.10732960165390437
calculated iMatrix for 17, 2, 3, 19: -0.009874265503191482
calculated iMatrix for 17, 2, 4, 0: 0.2828680343234715
calculated iMatrix for 17, 2, 4, 1: 0.008183285467939894
calculated iMatrix for 17, 2, 4, 2: 0.07944630548943044
calculated iMatrix for 17, 2, 4, 3: -0.28965115844785916
calculated iMatrix for 17, 2, 4, 4: 0.46412064392852115
calculated iMatrix for 17, 2, 4, 5: -0.39057707703781963
calculated iMatrix for 17, 2, 4, 6: -0.08778500558093427
calculated iMatrix for 17, 2, 4, 7: 0.2901673368050831
calculated iMatrix for 17, 2, 4, 8: -0.3624884824001253
calculated iMatrix for 17, 2, 4, 9: 0.3511280365947703
calculated iMatrix for 17, 2, 4, 10: 0.11581394966030534
calculated iMatrix for 17, 2, 4, 11: -0.11302762276854217
calculated iMatrix for 17, 2, 4, 12: -0.49197338194848306
calculated iMatrix for 17, 2, 4, 13: -0.32601880261873384
calculated iMatrix for 17, 2, 4, 14: -0.2679111718114531
calculated iMatrix for 17, 2, 4, 15: -0.15274708134469717
calculated iMatrix for 17, 2, 4, 16: 0.10176219620465499
calculated iMatrix for 17, 2, 4, 17: 0.2043673470017503
calculated iMatrix for 17, 2, 4, 18: 0.37609704792397186
calculated iMatrix for 17, 2, 4, 19: 0.25945665188914857
calculated iMatrix for 17, 2, 5, 0: 0.4237359034598324
calculated iMatrix for 17, 2, 5, 1: -0.28965115844785916
calculated iMatrix for 17, 2, 5, 2: 0.22314296989080384
calculated iMatrix for 17, 2, 5, 3: 0.14062911878002926
calculated iMatrix for 17, 2, 5, 4: 0.07288890494327138
calculated iMatrix for 17, 2, 5, 5: -0.637351240625893
calculated iMatrix for 17, 2, 5, 6: -0.301485616094862
calculated iMatrix for 17, 2, 5, 7: -0.04194684239105262
calculated iMatrix for 17, 2, 5, 8: 0.06066212958522521
calculated iMatrix for 17, 2, 5, 9: 0.45582184111382595
calculated iMatrix for 17, 2, 5, 10: 0.6189175273323857
calculated iMatrix for 17, 2, 5, 11: -0.11574479857918885
calculated iMatrix for 17, 2, 5, 12: 0.01286598040786291
calculated iMatrix for 17, 2, 5, 13: 0.06089819206419067
calculated iMatrix for 17, 2, 5, 14: 0.043174766020333766
calculated iMatrix for 17, 2, 5, 15: -0.052808762775487406
calculated iMatrix for 17, 2, 5, 16: -0.445997228838553
calculated iMatrix for 17, 2, 5, 17: -0.3512090514472923
calculated iMatrix for 17, 2, 5, 18: -0.17186812279147556
calculated iMatrix for 17, 2, 5, 19: -0.06493404268621883
calculated iMatrix for 17, 2, 6, 0: 0.6096900151125227
calculated iMatrix for 17, 2, 6, 1: -0.3281174392756552
calculated iMatrix for 17, 2, 6, 2: 0.231645765185427
calculated iMatrix for 17, 2, 6, 3: 0.6863588081279183
calculated iMatrix for 17, 2, 6, 4: -0.5108881314914873
calculated iMatrix for 17, 2, 6, 5: -0.49616982379243346
calculated iMatrix for 17, 2, 6, 6: 0.13779285637908045
calculated iMatrix for 17, 2, 6, 7: -0.7314839107268984
calculated iMatrix for 17, 2, 6, 8: 0.11135959931092498
calculated iMatrix for 17, 2, 6, 9: -0.08693964595085524
calculated iMatrix for 17, 2, 6, 10: -0.31705013263597337
calculated iMatrix for 17, 2, 6, 11: -0.01936082870794731
calculated iMatrix for 17, 2, 6, 12: -0.28965115844785916
calculated iMatrix for 17, 2, 6, 13: 0.6033618885569504
calculated iMatrix for 17, 2, 6, 14: 0.19084913560321937
calculated iMatrix for 17, 2, 6, 15: 0.0745709911262562
calculated iMatrix for 17, 2, 6, 16: -0.26832838897903777
calculated iMatrix for 17, 2, 6, 17: -0.6519440946908146
calculated iMatrix for 17, 2, 6, 18: 0.23644193744892006
calculated iMatrix for 17, 2, 6, 19: -0.23873106802060207
calculated iMatrix for 17, 2, 7, 0: 0.7628700230199836
calculated iMatrix for 17, 2, 7, 1: -0.38874206109209
calculated iMatrix for 17, 2, 7, 2: 0.3084448761131212
calculated iMatrix for 17, 2, 7, 3: 0.39045802777395633
calculated iMatrix for 17, 2, 7, 4: -0.1744158948702743
calculated iMatrix for 17, 2, 7, 5: -0.5716352097850022
calculated iMatrix for 17, 2, 7, 6: 0.11581394966030534
calculated iMatrix for 17, 2, 7, 7: 0.07546265413673792
calculated iMatrix for 17, 2, 7, 8: -0.1521436174436971
calculated iMatrix for 17, 2, 7, 9: 0.2266283160005954
calculated iMatrix for 17, 2, 7, 10: 0.08983846325704459
calculated iMatrix for 17, 2, 7, 11: -0.20911229596384673
calculated iMatrix for 17, 2, 7, 12: -0.7634355105335007
calculated iMatrix for 17, 2, 7, 13: 0.42030314042846745
calculated iMatrix for 17, 2, 7, 14: 0.007080749523839747
calculated iMatrix for 17, 2, 7, 15: -0.044333749639327236
calculated iMatrix for 17, 2, 7, 16: -0.26113598813983785
calculated iMatrix for 17, 2, 7, 17: -0.41344537579452334
calculated iMatrix for 17, 2, 7, 18: -0.21087028059474466
calculated iMatrix for 17, 2, 7, 19: -0.28965115844785916
calculated iMatrix for 17, 2, 8, 0: NaN
calculated iMatrix for 17, 2, 8, 1: NaN
calculated iMatrix for 17, 2, 8, 2: NaN
calculated iMatrix for 17, 2, 8, 3: NaN
calculated iMatrix for 17, 2, 8, 4: NaN
calculated iMatrix for 17, 2, 8, 5: NaN
calculated iMatrix for 17, 2, 8, 6: NaN
calculated iMatrix for 17, 2, 8, 7: NaN
calculated iMatrix for 17, 2, 8, 8: NaN
calculated iMatrix for 17, 2, 8, 9: NaN
calculated iMatrix for 17, 2, 8, 10: NaN
calculated iMatrix for 17, 2, 8, 11: NaN
calculated iMatrix for 17, 2, 8, 12: NaN
calculated iMatrix for 17, 2, 8, 13: NaN
calculated iMatrix for 17, 2, 8, 14: NaN
calculated iMatrix for 17, 2, 8, 15: NaN
calculated iMatrix for 17, 2, 8, 16: NaN
calculated iMatrix for 17, 2, 8, 17: -3.6557186575825185E-4
calculated iMatrix for 17, 2, 8, 18: NaN
calculated iMatrix for 17, 2, 8, 19: NaN
calculated iMatrix for 17, 2, 9, 0: 0.6972571406402494
calculated iMatrix for 17, 2, 9, 1: 0.09430774443934165
calculated iMatrix for 17, 2, 9, 2: -0.23466902403050582
calculated iMatrix for 17, 2, 9, 3: 0.5722119268502623
calculated iMatrix for 17, 2, 9, 4: -0.11376049198419491
calculated iMatrix for 17, 2, 9, 5: -0.471294978855316
calculated iMatrix for 17, 2, 9, 6: -0.4380711635661325
calculated iMatrix for 17, 2, 9, 7: -0.2422489195532751
calculated iMatrix for 17, 2, 9, 8: 0.10615203874856849
calculated iMatrix for 17, 2, 9, 9: 0.3750965475903883
calculated iMatrix for 17, 2, 9, 10: 0.2981355064542599
calculated iMatrix for 17, 2, 9, 11: -0.05175975049909365
calculated iMatrix for 17, 2, 9, 12: -1.6851621746726737
calculated iMatrix for 17, 2, 9, 13: 0.5244486325297487
calculated iMatrix for 17, 2, 9, 14: 0.4002011262152337
calculated iMatrix for 17, 2, 9, 15: -0.25328351427698426
calculated iMatrix for 17, 2, 9, 16: -0.41326511441503566
calculated iMatrix for 17, 2, 9, 17: -0.3653629801835554
calculated iMatrix for 17, 2, 9, 18: -0.10732960165390437
calculated iMatrix for 17, 2, 9, 19: -0.3508055816011897
calculated iMatrix for 17, 2, 10, 0: 0.5980992637519112
calculated iMatrix for 17, 2, 10, 1: -0.5633469889249001
calculated iMatrix for 17, 2, 10, 2: 0.2602084545421989
calculated iMatrix for 17, 2, 10, 3: 0.5677990734033626
calculated iMatrix for 17, 2, 10, 4: -0.7878980000069897
calculated iMatrix for 17, 2, 10, 5: -0.4231825510723817
calculated iMatrix for 17, 2, 10, 6: -0.14201515964179445
calculated iMatrix for 17, 2, 10, 7: -0.5154578271815526
calculated iMatrix for 17, 2, 10, 8: 0.5076997996420888
calculated iMatrix for 17, 2, 10, 9: 0.029779612318502124
calculated iMatrix for 17, 2, 10, 10: 0.12871735449621313
calculated iMatrix for 17, 2, 10, 11: -0.21962255408737552
calculated iMatrix for 17, 2, 10, 12: -1.5298036193512976
calculated iMatrix for 17, 2, 10, 13: 0.6304783497334617
calculated iMatrix for 17, 2, 10, 14: 0.4710893132446145
calculated iMatrix for 17, 2, 10, 15: -0.0600767168033588
calculated iMatrix for 17, 2, 10, 16: -0.19434097864353417
calculated iMatrix for 17, 2, 10, 17: -0.7261391625680174
calculated iMatrix for 17, 2, 10, 18: 0.23088327944509257
calculated iMatrix for 17, 2, 10, 19: -0.12057482840392508
calculated iMatrix for 17, 2, 11, 0: 0.7088776716632681
calculated iMatrix for 17, 2, 11, 1: -0.006788372432027123
calculated iMatrix for 17, 2, 11, 2: -0.7451266871306848
calculated iMatrix for 17, 2, 11, 3: 0.020503769855980458
calculated iMatrix for 17, 2, 11, 4: 0.20282532664993502
calculated iMatrix for 17, 2, 11, 5: -0.46981288718838377
calculated iMatrix for 17, 2, 11, 6: -0.04602907579010873
calculated iMatrix for 17, 2, 11, 7: 0.09383504294153011
calculated iMatrix for 17, 2, 11, 8: 0.0692939340254125
calculated iMatrix for 17, 2, 11, 9: 0.7325194347203086
calculated iMatrix for 17, 2, 11, 10: 0.6870713126112138
calculated iMatrix for 17, 2, 11, 11: -0.32780292441223535
calculated iMatrix for 17, 2, 11, 12: -1.5714664495377293
calculated iMatrix for 17, 2, 11, 13: 0.2059650466546028
calculated iMatrix for 17, 2, 11, 14: 0.5474814301624937
calculated iMatrix for 17, 2, 11, 15: -0.4327520020885325
calculated iMatrix for 17, 2, 11, 16: -0.6504841125352552
calculated iMatrix for 17, 2, 11, 17: -0.28965115844785916
calculated iMatrix for 17, 2, 11, 18: 0.09928464770909473
calculated iMatrix for 17, 2, 11, 19: 0.27544409525218927
calculated iMatrix for 17, 2, 12, 0: 0.2537370928658069
calculated iMatrix for 17, 2, 12, 1: 0.002485264353302208
calculated iMatrix for 17, 2, 12, 2: -0.8151829296035451
calculated iMatrix for 17, 2, 12, 3: -0.12118663631533055
calculated iMatrix for 17, 2, 12, 4: 0.07807362167745824
calculated iMatrix for 17, 2, 12, 5: -0.512092709031239
calculated iMatrix for 17, 2, 12, 6: -0.7398521603974149
calculated iMatrix for 17, 2, 12, 7: 0.5030967386852794
calculated iMatrix for 17, 2, 12, 8: 0.4623365221350197
calculated iMatrix for 17, 2, 12, 9: 0.7856500513518035
calculated iMatrix for 17, 2, 12, 10: 0.5418983449712054
calculated iMatrix for 17, 2, 12, 11: -0.45798647326707376
calculated iMatrix for 17, 2, 12, 12: -0.9529453758581232
calculated iMatrix for 17, 2, 12, 13: -0.06352697899551152
calculated iMatrix for 17, 2, 12, 14: 0.2956070601009013
calculated iMatrix for 17, 2, 12, 15: -0.4307297567077646
calculated iMatrix for 17, 2, 12, 16: -0.2712174567590211
calculated iMatrix for 17, 2, 12, 17: 0.061254965409870965
calculated iMatrix for 17, 2, 12, 18: -0.15862289604145496
calculated iMatrix for 17, 2, 12, 19: 0.35576461929089626
calculated iMatrix for 17, 2, 13, 0: 0.4469811340518251
calculated iMatrix for 17, 2, 13, 1: -0.7714892453405975
calculated iMatrix for 17, 2, 13, 2: -0.13907829996848475
calculated iMatrix for 17, 2, 13, 3: 0.2346751525370342
calculated iMatrix for 17, 2, 13, 4: -0.25957370321058115
calculated iMatrix for 17, 2, 13, 5: -0.22740884957063812
calculated iMatrix for 17, 2, 13, 6: -0.19121108563460654
calculated iMatrix for 17, 2, 13, 7: 0.15889753579661703
calculated iMatrix for 17, 2, 13, 8: 0.5119244526012494
calculated iMatrix for 17, 2, 13, 9: 0.15938519795394568
calculated iMatrix for 17, 2, 13, 10: 0.42818863470245777
calculated iMatrix for 17, 2, 13, 11: -0.26262248605993976
calculated iMatrix for 17, 2, 13, 12: -0.3865009844377767
calculated iMatrix for 17, 2, 13, 13: 0.3293880499583644
calculated iMatrix for 17, 2, 13, 14: 0.3905088265852751
calculated iMatrix for 17, 2, 13, 15: -0.19071121059295548
calculated iMatrix for 17, 2, 13, 16: -0.4360498614707995
calculated iMatrix for 17, 2, 13, 17: -0.23700742496243699
calculated iMatrix for 17, 2, 13, 18: -0.865015303351421
calculated iMatrix for 17, 2, 13, 19: -0.43148135388707676
calculated iMatrix for 17, 2, 14, 0: 0.33613662463287364
calculated iMatrix for 17, 2, 14, 1: -0.736963376491524
calculated iMatrix for 17, 2, 14, 2: -0.18210961684367266
calculated iMatrix for 17, 2, 14, 3: 0.2531452201946027
calculated iMatrix for 17, 2, 14, 4: -0.05689874802701256
calculated iMatrix for 17, 2, 14, 5: -0.22182856210909807
calculated iMatrix for 17, 2, 14, 6: 0.09049614167601538
calculated iMatrix for 17, 2, 14, 7: 0.21739374247822552
calculated iMatrix for 17, 2, 14, 8: 0.21244078534937705
calculated iMatrix for 17, 2, 14, 9: 0.2086449357031992
calculated iMatrix for 17, 2, 14, 10: 0.35422497310530343
calculated iMatrix for 17, 2, 14, 11: -0.08351895296018597
calculated iMatrix for 17, 2, 14, 12: -0.4577102683212493
calculated iMatrix for 17, 2, 14, 13: 0.41306547312823705
calculated iMatrix for 17, 2, 14, 14: -0.06766434526147302
calculated iMatrix for 17, 2, 14, 15: -0.029641023199399097
calculated iMatrix for 17, 2, 14, 16: -0.3795074875697202
calculated iMatrix for 17, 2, 14, 17: -0.2055064819403054
calculated iMatrix for 17, 2, 14, 18: -0.14988921607270034
calculated iMatrix for 17, 2, 14, 19: -0.14072788205575237
calculated iMatrix for 17, 2, 15, 0: 0.36670581296555965
calculated iMatrix for 17, 2, 15, 1: 0.2844366620960981
calculated iMatrix for 17, 2, 15, 2: -0.30929815583165565
calculated iMatrix for 17, 2, 15, 3: -0.1864669222126284
calculated iMatrix for 17, 2, 15, 4: 0.25176958589633425
calculated iMatrix for 17, 2, 15, 5: -0.09475081944704433
calculated iMatrix for 17, 2, 15, 6: 0.11581394966030534
calculated iMatrix for 17, 2, 15, 7: 0.2647698126104595
calculated iMatrix for 17, 2, 15, 8: 0.20542610834999242
calculated iMatrix for 17, 2, 15, 9: 0.2663479890173752
calculated iMatrix for 17, 2, 15, 10: 0.03825571531443084
calculated iMatrix for 17, 2, 15, 11: -0.07762444723998863
calculated iMatrix for 17, 2, 15, 12: -0.33385725095235474
calculated iMatrix for 17, 2, 15, 13: -0.09448145917605544
calculated iMatrix for 17, 2, 15, 14: 0.04504487877209806
calculated iMatrix for 17, 2, 15, 15: -0.38414200186878156
calculated iMatrix for 17, 2, 15, 16: -0.30618046039906965
calculated iMatrix for 17, 2, 15, 17: -0.06397916078029064
calculated iMatrix for 17, 2, 15, 18: -0.22902653663142414
calculated iMatrix for 17, 2, 15, 19: 0.09842220694843606
calculated iMatrix for 17, 2, 16, 0: 0.04447641121409973
calculated iMatrix for 17, 2, 16, 1: 0.0468210781733539
calculated iMatrix for 17, 2, 16, 2: -0.08735113472301803
calculated iMatrix for 17, 2, 16, 3: 0.025299942119473506
calculated iMatrix for 17, 2, 16, 4: 0.01500925053833968
calculated iMatrix for 17, 2, 16, 5: 0.03949168210067189
calculated iMatrix for 17, 2, 16, 6: 0.09171639808124477
calculated iMatrix for 17, 2, 16, 7: 0.09112133706993375
calculated iMatrix for 17, 2, 16, 8: 0.28537325484040865
calculated iMatrix for 17, 2, 16, 9: 0.23104921323789007
calculated iMatrix for 17, 2, 16, 10: 0.32011441317303513
calculated iMatrix for 17, 2, 16, 11: -0.1528528566779881
calculated iMatrix for 17, 2, 16, 12: -0.180278601300072
calculated iMatrix for 17, 2, 16, 13: -0.09744484242136242
calculated iMatrix for 17, 2, 16, 14: 0.13716707413087437
calculated iMatrix for 17, 2, 16, 15: -0.38664342443516886
calculated iMatrix for 17, 2, 16, 16: -0.2415018145502763
calculated iMatrix for 17, 2, 16, 17: 0.03644036211879309
calculated iMatrix for 17, 2, 16, 18: 0.17523737013110607
calculated iMatrix for 17, 2, 16, 19: -0.336171174082752
calculated fs for 0: [J@4b32ace3
calculated fs for 0: [J@4b32ace3
calculated fs for 0: [J@4b32ace3
calculated fs for 0: [J@4b32ace3
calculated fs for 0: [J@4b32ace3
calculated fs for 0: [J@4b32ace3
calculated fs for 0: [J@4b32ace3
calculated fs for 0: [J@4b32ace3
calculated fs for 0: [J@4b32ace3
calculated fs for 0: [J@4b32ace3
calculated fs for 0: [J@4b32ace3
calculated fs for 0: [J@4b32ace3
calculated fs for 0: [J@4b32ace3
calculated fs for 0: [J@4b32ace3
calculated fs for 0: [J@4b32ace3
calculated fs for 0: [J@4b32ace3
calculated fs for 0: [J@4b32ace3
calculated fs for 0: [J@4b32ace3
calculated fs for 0: [J@4b32ace3
calculated fs for 0: [J@4b32ace3
calculated fs for 0: [J@4b32ace3
calculated fs for 0: [J@4b32ace3
calculated fs for 0: [J@4b32ace3
calculated fs for 0: [J@4b32ace3
calculated fs for 0: [J@4b32ace3
calculated fs for 0: [J@4b32ace3
calculated fs for 0: [J@4b32ace3
calculated fs for 0: [J@4b32ace3
calculated fs for 0: [J@4b32ace3
calculated fs for 0: [J@4b32ace3
calculated fs for 0: [J@4b32ace3
calculated fs for 0: [J@4b32ace3
calculated fs for 0: [J@4b32ace3
calculated fs for 0: [J@4b32ace3
calculated fs for 0: [J@4b32ace3
calculated fs for 0: [J@4b32ace3
calculated fs for 0: [J@4b32ace3
calculated fs for 0: [J@4b32ace3
calculated fs for 0: [J@4b32ace3
calculated fs for 0: [J@4b32ace3
calculated fs for 0: [J@4b32ace3
calculated fs for 0: [J@4b32ace3
calculated fs for 0: [J@4b32ace3
calculated fs for 0: [J@4b32ace3
calculated fs for 0: [J@4b32ace3
calculated fs for 0: [J@4b32ace3
calculated fs for 0: [J@4b32ace3
calculated fs for 0: [J@4b32ace3
calculated fs for 0: [J@4b32ace3
calculated fs for 0: [J@4b32ace3
calculated fs for 0: [J@4b32ace3
calculated fs for 0: [J@4b32ace3
calculated fs for 0: [J@4b32ace3
calculated fs for 0: [J@4b32ace3
calculated fs for 0: [J@4b32ace3
calculated fs for 0: [J@4b32ace3
calculated fs for 0: [J@4b32ace3
calculated fs for 0: [J@4b32ace3
calculated fs for 0: [J@4b32ace3
calculated fs for 0: [J@4b32ace3
calculated fs for 0: [J@4b32ace3
calculated fs for 0: [J@4b32ace3
calculated fs for 0: [J@4b32ace3
calculated fs for 0: [J@4b32ace3
calculated fs for 0: [J@4b32ace3
calculated fs for 0: [J@4b32ace3
calculated fs for 0: [J@4b32ace3
calculated fs for 0: [J@4b32ace3
calculated fs for 0: [J@4b32ace3
calculated fs for 0: [J@4b32ace3
calculated fs for 0: [J@4b32ace3
calculated fs for 0: [J@4b32ace3
calculated fs for 0: [J@4b32ace3
calculated fs for 0: [J@4b32ace3
calculated fs for 0: [J@4b32ace3
calculated fs for 0: [J@4b32ace3
calculated fs for 0: [J@4b32ace3
calculated fs for 0: [J@4b32ace3
calculated fs for 0: [J@4b32ace3
calculated fs for 0: [J@4b32ace3
calculated fs for 0: [J@4b32ace3
calculated fs for 0: [J@4b32ace3
calculated fs for 0: [J@4b32ace3
calculated fs for 0: [J@4b32ace3
calculated fs for 0: [J@4b32ace3
calculated fs for 0: [J@4b32ace3
calculated fs for 0: [J@4b32ace3
calculated fs for 0: [J@4b32ace3
calculated fs for 0: [J@4b32ace3
calculated fs for 0: [J@4b32ace3
calculated fs for 0: [J@4b32ace3
calculated fs for 0: [J@4b32ace3
calculated fs for 0: [J@4b32ace3
calculated fs for 0: [J@4b32ace3
calculated fs for 0: [J@4b32ace3
calculated fs for 0: [J@4b32ace3
calculated fs for 0: [J@4b32ace3
calculated fs for 0: [J@4b32ace3
calculated fs for 0: [J@4b32ace3
calculated fs for 0: [J@4b32ace3
calculated fs for 0: [J@4b32ace3
calculated fs for 0: [J@4b32ace3
calculated fs for 0: [J@4b32ace3
calculated fs for 0: [J@4b32ace3
calculated fs for 0: [J@4b32ace3
calculated fs for 0: [J@4b32ace3
calculated fs for 0: [J@4b32ace3
calculated fs for 0: [J@4b32ace3
calculated fs for 0: [J@4b32ace3
calculated fs for 0: [J@4b32ace3
calculated fs for 0: [J@4b32ace3
calculated fs for 0: [J@4b32ace3
calculated fs for 0: [J@4b32ace3
calculated fs for 0: [J@4b32ace3
calculated fs for 0: [J@4b32ace3
calculated fs for 0: [J@4b32ace3
calculated fs for 0: [J@4b32ace3
calculated fs for 0: [J@4b32ace3
calculated fs for 0: [J@4b32ace3
calculated fs for 0: [J@4b32ace3
calculated fs for 0: [J@4b32ace3
calculated fs for 0: [J@4b32ace3
calculated fs for 0: [J@4b32ace3
calculated fs for 0: [J@4b32ace3
calculated fs for 0: [J@4b32ace3
calculated fs for 0: [J@4b32ace3
calculated fs for 0: [J@4b32ace3
calculated fs for 0: [J@4b32ace3
calculated fs for 0: [J@4b32ace3
calculated fs for 0: [J@4b32ace3
calculated fs for 0: [J@4b32ace3
calculated fs for 0: [J@4b32ace3
calculated fs for 0: [J@4b32ace3
calculated fs for 0: [J@4b32ace3
calculated fs for 0: [J@4b32ace3
calculated fs for 0: [J@4b32ace3
calculated fs for 0: [J@4b32ace3
calculated fs for 0: [J@4b32ace3
calculated fs for 0: [J@4b32ace3
calculated fs for 0: [J@4b32ace3
calculated fs for 0: [J@4b32ace3
calculated fs for 0: [J@4b32ace3
calculated fs for 0: [J@4b32ace3
calculated fs for 0: [J@4b32ace3
calculated fs for 0: [J@4b32ace3
calculated fs for 0: [J@4b32ace3
calculated fs for 0: [J@4b32ace3
calculated fs for 0: [J@4b32ace3
calculated fs for 0: [J@4b32ace3
calculated fs for 0: [J@4b32ace3
calculated fs for 0: [J@4b32ace3
calculated fs for 0: [J@4b32ace3
calculated fs for 0: [J@4b32ace3
calculated fs for 0: [J@4b32ace3
calculated fs for 0: [J@4b32ace3
calculated fs for 0: [J@4b32ace3
calculated fs for 0: [J@4b32ace3
calculated fs for 0: [J@4b32ace3
calculated fs for 0: [J@4b32ace3
calculated fs for 0: [J@4b32ace3
calculated fs for 0: [J@4b32ace3
calculated fs for 0: [J@4b32ace3
calculated fs for 0: [J@4b32ace3
calculated fs for 0: [J@4b32ace3
calculated fs for 0: [J@4b32ace3
calculated fs for 0: [J@4b32ace3
calculated fs for 0: [J@4b32ace3
calculated fs for 0: [J@4b32ace3
calculated fs for 0: [J@4b32ace3
calculated fs for 0: [J@4b32ace3
calculated fs for 0: [J@4b32ace3
calculated fs for 0: [J@4b32ace3
calculated fs for 0: [J@4b32ace3
calculated fs for 0: [J@4b32ace3
calculated fs for 0: [J@4b32ace3
calculated fs for 0: [J@4b32ace3
calculated fs for 0: [J@4b32ace3
calculated fs for 0: [J@4b32ace3
calculated fs for 0: [J@4b32ace3
calculated fs for 0: [J@4b32ace3
calculated fs for 0: [J@4b32ace3
calculated fs for 0: [J@4b32ace3
calculated fs for 0: [J@4b32ace3
calculated fs for 0: [J@4b32ace3
calculated fs for 0: [J@4b32ace3
calculated fs for 0: [J@4b32ace3
calculated fs for 0: [J@4b32ace3
calculated fs for 0: [J@4b32ace3
calculated fs for 0: [J@4b32ace3
calculated fs for 0: [J@4b32ace3
calculated fs for 0: [J@4b32ace3
calculated fs for 0: [J@4b32ace3
calculated fs for 0: [J@4b32ace3
calculated fs for 0: [J@4b32ace3
calculated fs for 0: [J@4b32ace3
calculated fs for 0: [J@4b32ace3
calculated fs for 0: [J@4b32ace3
calculated fs for 0: [J@4b32ace3
calculated fs for 0: [J@4b32ace3
calculated fs for 0: [J@4b32ace3
calculated fs for 0: [J@4b32ace3
calculated fs for 0: [J@4b32ace3
calculated fs for 0: [J@4b32ace3
calculated fs for 0: [J@4b32ace3
calculated fs for 0: [J@4b32ace3
calculated fs for 0: [J@4b32ace3
calculated fs for 0: [J@4b32ace3
calculated fs for 0: [J@4b32ace3
calculated fs for 0: [J@4b32ace3
calculated fs for 0: [J@4b32ace3
calculated fs for 0: [J@4b32ace3
calculated fs for 0: [J@4b32ace3
calculated fs for 0: [J@4b32ace3
calculated fs for 0: [J@4b32ace3
calculated fs for 0: [J@4b32ace3
calculated fs for 0: [J@4b32ace3
calculated fs for 0: [J@4b32ace3
calculated fs for 0: [J@4b32ace3
calculated fs for 0: [J@4b32ace3
calculated fs for 0: [J@4b32ace3
calculated fs for 0: [J@4b32ace3
calculated fs for 0: [J@4b32ace3
calculated fs for 0: [J@4b32ace3
calculated fs for 0: [J@4b32ace3
calculated fs for 0: [J@4b32ace3
calculated fs for 0: [J@4b32ace3
calculated fs for 0: [J@4b32ace3
calculated fs for 0: [J@4b32ace3
calculated fs for 0: [J@4b32ace3
calculated fs for 0: [J@4b32ace3
calculated fs for 0: [J@4b32ace3
calculated fs for 0: [J@4b32ace3
calculated fs for 0: [J@4b32ace3
calculated fs for 0: [J@4b32ace3
calculated fs for 0: [J@4b32ace3
calculated fs for 0: [J@4b32ace3
calculated fs for 0: [J@4b32ace3
calculated fs for 0: [J@4b32ace3
calculated fs for 0: [J@4b32ace3
calculated fs for 0: [J@4b32ace3
calculated fs for 0: [J@4b32ace3
calculated fs for 0: [J@4b32ace3
calculated fs for 0: [J@4b32ace3
calculated fs for 0: [J@4b32ace3
calculated fs for 0: [J@4b32ace3
calculated fs for 0: [J@4b32ace3
calculated fs for 0: [J@4b32ace3
calculated fs for 0: [J@4b32ace3
calculated fs for 0: [J@4b32ace3
calculated fs for 0: [J@4b32ace3
calculated fs for 0: [J@4b32ace3
calculated fs for 0: [J@4b32ace3
calculated fs for 0: [J@4b32ace3
calculated fs for 0: [J@4b32ace3
calculated fs for 0: [J@4b32ace3
calculated fs for 0: [J@4b32ace3
calculated fs for 0: [J@4b32ace3
calculated fs for 0: [J@4b32ace3
calculated fs for 0: [J@4b32ace3
calculated fs for 0: [J@4b32ace3
calculated fs for 0: [J@4b32ace3
calculated fs for 0: [J@4b32ace3
calculated fs for 0: [J@4b32ace3
calculated fs for 0: [J@4b32ace3
calculated fs for 0: [J@4b32ace3
calculated fs for 0: [J@4b32ace3
calculated fs for 0: [J@4b32ace3
calculated fs for 0: [J@4b32ace3
calculated fs for 0: [J@4b32ace3
calculated fs for 0: [J@4b32ace3
calculated fs for 0: [J@4b32ace3
calculated fs for 0: [J@4b32ace3
calculated fs for 0: [J@4b32ace3
calculated fs for 0: [J@4b32ace3
calculated fs for 0: [J@4b32ace3
calculated fs for 0: [J@4b32ace3
calculated fs for 0: [J@4b32ace3
calculated fs for 0: [J@4b32ace3
calculated fs for 0: [J@4b32ace3
calculated fs for 0: [J@4b32ace3
calculated fs for 0: [J@4b32ace3
calculated fs for 0: [J@4b32ace3
calculated fs for 0: [J@4b32ace3
calculated fs for 0: [J@4b32ace3
calculated fs for 0: [J@4b32ace3
calculated fs for 0: [J@4b32ace3
calculated fs for 0: [J@4b32ace3
calculated fs for 0: [J@4b32ace3
calculated fs for 0: [J@4b32ace3
calculated fs for 0: [J@4b32ace3
calculated fs for 0: [J@4b32ace3
calculated fs for 0: [J@4b32ace3
calculated fs for 0: [J@4b32ace3
calculated fs for 0: [J@4b32ace3
calculated fs for 0: [J@4b32ace3
calculated fs for 0: [J@4b32ace3
calculated fs for 0: [J@4b32ace3
calculated fs for 0: [J@4b32ace3
calculated fs for 0: [J@4b32ace3
calculated fs for 0: [J@4b32ace3
calculated fs for 0: [J@4b32ace3
calculated fs for 0: [J@4b32ace3
calculated fs for 0: [J@4b32ace3
calculated fs for 0: [J@4b32ace3
calculated fs for 0: [J@4b32ace3
calculated fs for 0: [J@4b32ace3
calculated fs for 0: [J@4b32ace3
calculated fs for 0: [J@4b32ace3
calculated fs for 0: [J@4b32ace3
calculated fs for 0: [J@4b32ace3
calculated fs for 0: [J@4b32ace3
calculated fs for 0: [J@4b32ace3
calculated fs for 0: [J@4b32ace3
calculated fs for 0: [J@4b32ace3
calculated fs for 0: [J@4b32ace3
calculated fs for 0: [J@4b32ace3
calculated fs for 0: [J@4b32ace3
calculated fs for 0: [J@4b32ace3
calculated fs for 0: [J@4b32ace3
calculated fs for 0: [J@4b32ace3
calculated fs for 0: [J@4b32ace3
calculated fs for 0: [J@4b32ace3
calculated fs for 0: [J@4b32ace3
calculated fs for 0: [J@4b32ace3
calculated fs for 0: [J@4b32ace3
calculated fs for 0: [J@4b32ace3
calculated fs for 0: [J@4b32ace3
calculated fs for 0: [J@4b32ace3
calculated fs for 0: [J@4b32ace3
calculated fs for 0: [J@4b32ace3
calculated fs for 0: [J@4b32ace3
calculated fs for 0: [J@4b32ace3
calculated fs for 0: [J@4b32ace3
calculated fs for 0: [J@4b32ace3
calculated fs for 0: [J@4b32ace3
calculated fs for 0: [J@4b32ace3
calculated fs for 0: [J@4b32ace3
calculated fs for 0: [J@4b32ace3
calculated fs for 0: [J@4b32ace3
calculated fs for 0: [J@4b32ace3
calculated fs for 1: [J@6bf491a6
calculated fs for 1: [J@6bf491a6
calculated fs for 1: [J@6bf491a6
calculated fs for 1: [J@6bf491a6
calculated fs for 1: [J@6bf491a6
calculated fs for 1: [J@6bf491a6
calculated fs for 1: [J@6bf491a6
calculated fs for 1: [J@6bf491a6
calculated fs for 1: [J@6bf491a6
calculated fs for 1: [J@6bf491a6
calculated fs for 1: [J@6bf491a6
calculated fs for 1: [J@6bf491a6
calculated fs for 1: [J@6bf491a6
calculated fs for 1: [J@6bf491a6
calculated fs for 1: [J@6bf491a6
calculated fs for 1: [J@6bf491a6
calculated fs for 1: [J@6bf491a6
calculated fs for 1: [J@6bf491a6
calculated fs for 1: [J@6bf491a6
calculated fs for 1: [J@6bf491a6
calculated fs for 1: [J@6bf491a6
calculated fs for 1: [J@6bf491a6
calculated fs for 1: [J@6bf491a6
calculated fs for 1: [J@6bf491a6
calculated fs for 1: [J@6bf491a6
calculated fs for 1: [J@6bf491a6
calculated fs for 1: [J@6bf491a6
calculated fs for 1: [J@6bf491a6
calculated fs for 1: [J@6bf491a6
calculated fs for 1: [J@6bf491a6
calculated fs for 1: [J@6bf491a6
calculated fs for 1: [J@6bf491a6
calculated fs for 1: [J@6bf491a6
calculated fs for 1: [J@6bf491a6
calculated fs for 1: [J@6bf491a6
calculated fs for 1: [J@6bf491a6
calculated fs for 1: [J@6bf491a6
calculated fs for 1: [J@6bf491a6
calculated fs for 1: [J@6bf491a6
calculated fs for 1: [J@6bf491a6
calculated fs for 1: [J@6bf491a6
calculated fs for 1: [J@6bf491a6
calculated fs for 1: [J@6bf491a6
calculated fs for 1: [J@6bf491a6
calculated fs for 1: [J@6bf491a6
calculated fs for 1: [J@6bf491a6
calculated fs for 1: [J@6bf491a6
calculated fs for 1: [J@6bf491a6
calculated fs for 1: [J@6bf491a6
calculated fs for 1: [J@6bf491a6
calculated fs for 1: [J@6bf491a6
calculated fs for 1: [J@6bf491a6
calculated fs for 1: [J@6bf491a6
calculated fs for 1: [J@6bf491a6
calculated fs for 1: [J@6bf491a6
calculated fs for 1: [J@6bf491a6
calculated fs for 1: [J@6bf491a6
calculated fs for 1: [J@6bf491a6
calculated fs for 1: [J@6bf491a6
calculated fs for 1: [J@6bf491a6
calculated fs for 1: [J@6bf491a6
calculated fs for 1: [J@6bf491a6
calculated fs for 1: [J@6bf491a6
calculated fs for 1: [J@6bf491a6
calculated fs for 1: [J@6bf491a6
calculated fs for 1: [J@6bf491a6
calculated fs for 1: [J@6bf491a6
calculated fs for 1: [J@6bf491a6
calculated fs for 1: [J@6bf491a6
calculated fs for 1: [J@6bf491a6
calculated fs for 1: [J@6bf491a6
calculated fs for 1: [J@6bf491a6
calculated fs for 1: [J@6bf491a6
calculated fs for 1: [J@6bf491a6
calculated fs for 1: [J@6bf491a6
calculated fs for 1: [J@6bf491a6
calculated fs for 1: [J@6bf491a6
calculated fs for 1: [J@6bf491a6
calculated fs for 1: [J@6bf491a6
calculated fs for 1: [J@6bf491a6
calculated fs for 1: [J@6bf491a6
calculated fs for 1: [J@6bf491a6
calculated fs for 1: [J@6bf491a6
calculated fs for 1: [J@6bf491a6
calculated fs for 1: [J@6bf491a6
calculated fs for 1: [J@6bf491a6
calculated fs for 1: [J@6bf491a6
calculated fs for 1: [J@6bf491a6
calculated fs for 1: [J@6bf491a6
calculated fs for 1: [J@6bf491a6
calculated fs for 1: [J@6bf491a6
calculated fs for 1: [J@6bf491a6
calculated fs for 1: [J@6bf491a6
calculated fs for 1: [J@6bf491a6
calculated fs for 1: [J@6bf491a6
calculated fs for 1: [J@6bf491a6
calculated fs for 1: [J@6bf491a6
calculated fs for 1: [J@6bf491a6
calculated fs for 1: [J@6bf491a6
calculated fs for 1: [J@6bf491a6
calculated fs for 1: [J@6bf491a6
calculated fs for 1: [J@6bf491a6
calculated fs for 1: [J@6bf491a6
calculated fs for 1: [J@6bf491a6
calculated fs for 1: [J@6bf491a6
calculated fs for 1: [J@6bf491a6
calculated fs for 1: [J@6bf491a6
calculated fs for 1: [J@6bf491a6
calculated fs for 1: [J@6bf491a6
calculated fs for 1: [J@6bf491a6
calculated fs for 1: [J@6bf491a6
calculated fs for 1: [J@6bf491a6
calculated fs for 1: [J@6bf491a6
calculated fs for 1: [J@6bf491a6
calculated fs for 1: [J@6bf491a6
calculated fs for 1: [J@6bf491a6
calculated fs for 1: [J@6bf491a6
calculated fs for 1: [J@6bf491a6
calculated fs for 1: [J@6bf491a6
calculated fs for 1: [J@6bf491a6
calculated fs for 1: [J@6bf491a6
calculated fs for 1: [J@6bf491a6
calculated fs for 1: [J@6bf491a6
calculated fs for 1: [J@6bf491a6
calculated fs for 1: [J@6bf491a6
calculated fs for 1: [J@6bf491a6
calculated fs for 1: [J@6bf491a6
calculated fs for 1: [J@6bf491a6
calculated fs for 1: [J@6bf491a6
calculated fs for 1: [J@6bf491a6
calculated fs for 1: [J@6bf491a6
calculated fs for 1: [J@6bf491a6
calculated fs for 1: [J@6bf491a6
calculated fs for 1: [J@6bf491a6
calculated fs for 1: [J@6bf491a6
calculated fs for 1: [J@6bf491a6
calculated fs for 1: [J@6bf491a6
calculated fs for 1: [J@6bf491a6
calculated fs for 1: [J@6bf491a6
calculated fs for 1: [J@6bf491a6
calculated fs for 1: [J@6bf491a6
calculated fs for 1: [J@6bf491a6
calculated fs for 1: [J@6bf491a6
calculated fs for 1: [J@6bf491a6
calculated fs for 1: [J@6bf491a6
calculated fs for 1: [J@6bf491a6
calculated fs for 1: [J@6bf491a6
calculated fs for 1: [J@6bf491a6
calculated fs for 1: [J@6bf491a6
calculated fs for 1: [J@6bf491a6
calculated fs for 1: [J@6bf491a6
calculated fs for 1: [J@6bf491a6
calculated fs for 1: [J@6bf491a6
calculated fs for 1: [J@6bf491a6
calculated fs for 1: [J@6bf491a6
calculated fs for 1: [J@6bf491a6
calculated fs for 1: [J@6bf491a6
calculated fs for 1: [J@6bf491a6
calculated fs for 1: [J@6bf491a6
calculated fs for 1: [J@6bf491a6
calculated fs for 1: [J@6bf491a6
calculated fs for 1: [J@6bf491a6
calculated fs for 1: [J@6bf491a6
calculated fs for 1: [J@6bf491a6
calculated fs for 1: [J@6bf491a6
calculated fs for 1: [J@6bf491a6
calculated fs for 1: [J@6bf491a6
calculated fs for 1: [J@6bf491a6
calculated fs for 1: [J@6bf491a6
calculated fs for 1: [J@6bf491a6
calculated fs for 1: [J@6bf491a6
calculated fs for 1: [J@6bf491a6
calculated fs for 1: [J@6bf491a6
calculated fs for 1: [J@6bf491a6
calculated fs for 1: [J@6bf491a6
calculated fs for 1: [J@6bf491a6
calculated fs for 1: [J@6bf491a6
calculated fs for 1: [J@6bf491a6
calculated fs for 1: [J@6bf491a6
calculated fs for 1: [J@6bf491a6
calculated fs for 1: [J@6bf491a6
calculated fs for 1: [J@6bf491a6
calculated fs for 1: [J@6bf491a6
calculated fs for 1: [J@6bf491a6
calculated fs for 1: [J@6bf491a6
calculated fs for 1: [J@6bf491a6
calculated fs for 1: [J@6bf491a6
calculated fs for 1: [J@6bf491a6
calculated fs for 1: [J@6bf491a6
calculated fs for 1: [J@6bf491a6
calculated fs for 1: [J@6bf491a6
calculated fs for 1: [J@6bf491a6
calculated fs for 1: [J@6bf491a6
calculated fs for 1: [J@6bf491a6
calculated fs for 1: [J@6bf491a6
calculated fs for 1: [J@6bf491a6
calculated fs for 1: [J@6bf491a6
calculated fs for 1: [J@6bf491a6
calculated fs for 1: [J@6bf491a6
calculated fs for 1: [J@6bf491a6
calculated fs for 1: [J@6bf491a6
calculated fs for 1: [J@6bf491a6
calculated fs for 1: [J@6bf491a6
calculated fs for 1: [J@6bf491a6
calculated fs for 1: [J@6bf491a6
calculated fs for 1: [J@6bf491a6
calculated fs for 1: [J@6bf491a6
calculated fs for 1: [J@6bf491a6
calculated fs for 1: [J@6bf491a6
calculated fs for 1: [J@6bf491a6
calculated fs for 1: [J@6bf491a6
calculated fs for 1: [J@6bf491a6
calculated fs for 1: [J@6bf491a6
calculated fs for 1: [J@6bf491a6
calculated fs for 1: [J@6bf491a6
calculated fs for 1: [J@6bf491a6
calculated fs for 1: [J@6bf491a6
calculated fs for 1: [J@6bf491a6
calculated fs for 1: [J@6bf491a6
calculated fs for 1: [J@6bf491a6
calculated fs for 1: [J@6bf491a6
calculated fs for 1: [J@6bf491a6
calculated fs for 1: [J@6bf491a6
calculated fs for 1: [J@6bf491a6
calculated fs for 1: [J@6bf491a6
calculated fs for 1: [J@6bf491a6
calculated fs for 1: [J@6bf491a6
calculated fs for 1: [J@6bf491a6
calculated fs for 1: [J@6bf491a6
calculated fs for 1: [J@6bf491a6
calculated fs for 1: [J@6bf491a6
calculated fs for 1: [J@6bf491a6
calculated fs for 1: [J@6bf491a6
calculated fs for 1: [J@6bf491a6
calculated fs for 1: [J@6bf491a6
calculated fs for 1: [J@6bf491a6
calculated fs for 1: [J@6bf491a6
calculated fs for 1: [J@6bf491a6
calculated fs for 1: [J@6bf491a6
calculated fs for 1: [J@6bf491a6
calculated fs for 1: [J@6bf491a6
calculated fs for 1: [J@6bf491a6
calculated fs for 1: [J@6bf491a6
calculated fs for 1: [J@6bf491a6
calculated fs for 1: [J@6bf491a6
calculated fs for 1: [J@6bf491a6
calculated fs for 1: [J@6bf491a6
calculated fs for 1: [J@6bf491a6
calculated fs for 1: [J@6bf491a6
calculated fs for 1: [J@6bf491a6
calculated fs for 1: [J@6bf491a6
calculated fs for 1: [J@6bf491a6
calculated fs for 1: [J@6bf491a6
calculated fs for 1: [J@6bf491a6
calculated fs for 1: [J@6bf491a6
calculated fs for 1: [J@6bf491a6
calculated fs for 1: [J@6bf491a6
calculated fs for 1: [J@6bf491a6
calculated fs for 1: [J@6bf491a6
calculated fs for 1: [J@6bf491a6
calculated fs for 1: [J@6bf491a6
calculated fs for 1: [J@6bf491a6
calculated fs for 1: [J@6bf491a6
calculated fs for 1: [J@6bf491a6
calculated fs for 1: [J@6bf491a6
calculated fs for 1: [J@6bf491a6
calculated fs for 1: [J@6bf491a6
calculated fs for 1: [J@6bf491a6
calculated fs for 1: [J@6bf491a6
calculated fs for 1: [J@6bf491a6
calculated fs for 1: [J@6bf491a6
calculated fs for 1: [J@6bf491a6
calculated fs for 1: [J@6bf491a6
calculated fs for 1: [J@6bf491a6
calculated fs for 1: [J@6bf491a6
calculated fs for 1: [J@6bf491a6
calculated fs for 1: [J@6bf491a6
calculated fs for 1: [J@6bf491a6
calculated fs for 1: [J@6bf491a6
calculated fs for 1: [J@6bf491a6
calculated fs for 1: [J@6bf491a6
calculated fs for 1: [J@6bf491a6
calculated fs for 1: [J@6bf491a6
calculated fs for 1: [J@6bf491a6
calculated fs for 1: [J@6bf491a6
calculated fs for 1: [J@6bf491a6
calculated fs for 1: [J@6bf491a6
calculated fs for 1: [J@6bf491a6
calculated fs for 1: [J@6bf491a6
calculated fs for 1: [J@6bf491a6
calculated fs for 1: [J@6bf491a6
calculated fs for 1: [J@6bf491a6
calculated fs for 1: [J@6bf491a6
calculated fs for 1: [J@6bf491a6
calculated fs for 1: [J@6bf491a6
calculated fs for 1: [J@6bf491a6
calculated fs for 1: [J@6bf491a6
calculated fs for 1: [J@6bf491a6
calculated fs for 1: [J@6bf491a6
calculated fs for 1: [J@6bf491a6
calculated fs for 1: [J@6bf491a6
calculated fs for 1: [J@6bf491a6
calculated fs for 1: [J@6bf491a6
calculated fs for 1: [J@6bf491a6
calculated fs for 1: [J@6bf491a6
calculated fs for 1: [J@6bf491a6
calculated fs for 1: [J@6bf491a6
calculated fs for 1: [J@6bf491a6
calculated fs for 1: [J@6bf491a6
calculated fs for 1: [J@6bf491a6
calculated fs for 1: [J@6bf491a6
calculated fs for 1: [J@6bf491a6
calculated fs for 1: [J@6bf491a6
calculated fs for 1: [J@6bf491a6
calculated fs for 1: [J@6bf491a6
calculated fs for 1: [J@6bf491a6
calculated fs for 1: [J@6bf491a6
calculated fs for 1: [J@6bf491a6
calculated fs for 1: [J@6bf491a6
calculated fs for 1: [J@6bf491a6
calculated fs for 1: [J@6bf491a6
calculated fs for 1: [J@6bf491a6
calculated fs for 1: [J@6bf491a6
calculated fs for 1: [J@6bf491a6
calculated fs for 1: [J@6bf491a6
calculated fs for 1: [J@6bf491a6
calculated fs for 1: [J@6bf491a6
calculated fs for 1: [J@6bf491a6
calculated fs for 1: [J@6bf491a6
calculated fs for 1: [J@6bf491a6
calculated fs for 1: [J@6bf491a6
calculated fs for 1: [J@6bf491a6
calculated fs for 1: [J@6bf491a6
calculated fs for 1: [J@6bf491a6
calculated fs for 1: [J@6bf491a6
calculated fs for 1: [J@6bf491a6
calculated fs for 1: [J@6bf491a6
calculated fs for 1: [J@6bf491a6
calculated fs for 1: [J@6bf491a6
calculated fs for 1: [J@6bf491a6
calculated fs for 2: [J@58660a9
calculated fs for 2: [J@58660a9
calculated fs for 2: [J@58660a9
calculated fs for 2: [J@58660a9
calculated fs for 2: [J@58660a9
calculated fs for 2: [J@58660a9
calculated fs for 2: [J@58660a9
calculated fs for 2: [J@58660a9
calculated fs for 2: [J@58660a9
calculated fs for 2: [J@58660a9
calculated fs for 2: [J@58660a9
calculated fs for 2: [J@58660a9
calculated fs for 2: [J@58660a9
calculated fs for 2: [J@58660a9
calculated fs for 2: [J@58660a9
calculated fs for 2: [J@58660a9
calculated fs for 2: [J@58660a9
calculated fs for 2: [J@58660a9
calculated fs for 2: [J@58660a9
calculated fs for 2: [J@58660a9
calculated fs for 2: [J@58660a9
calculated fs for 2: [J@58660a9
calculated fs for 2: [J@58660a9
calculated fs for 2: [J@58660a9
calculated fs for 2: [J@58660a9
calculated fs for 2: [J@58660a9
calculated fs for 2: [J@58660a9
calculated fs for 2: [J@58660a9
calculated fs for 2: [J@58660a9
calculated fs for 2: [J@58660a9
calculated fs for 2: [J@58660a9
calculated fs for 2: [J@58660a9
calculated fs for 2: [J@58660a9
calculated fs for 2: [J@58660a9
calculated fs for 2: [J@58660a9
calculated fs for 2: [J@58660a9
calculated fs for 2: [J@58660a9
calculated fs for 2: [J@58660a9
calculated fs for 2: [J@58660a9
calculated fs for 2: [J@58660a9
calculated fs for 2: [J@58660a9
calculated fs for 2: [J@58660a9
calculated fs for 2: [J@58660a9
calculated fs for 2: [J@58660a9
calculated fs for 2: [J@58660a9
calculated fs for 2: [J@58660a9
calculated fs for 2: [J@58660a9
calculated fs for 2: [J@58660a9
calculated fs for 2: [J@58660a9
calculated fs for 2: [J@58660a9
calculated fs for 2: [J@58660a9
calculated fs for 2: [J@58660a9
calculated fs for 2: [J@58660a9
calculated fs for 2: [J@58660a9
calculated fs for 2: [J@58660a9
calculated fs for 2: [J@58660a9
calculated fs for 2: [J@58660a9
calculated fs for 2: [J@58660a9
calculated fs for 2: [J@58660a9
calculated fs for 2: [J@58660a9
calculated fs for 2: [J@58660a9
calculated fs for 2: [J@58660a9
calculated fs for 2: [J@58660a9
calculated fs for 2: [J@58660a9
calculated fs for 2: [J@58660a9
calculated fs for 2: [J@58660a9
calculated fs for 2: [J@58660a9
calculated fs for 2: [J@58660a9
calculated fs for 2: [J@58660a9
calculated fs for 2: [J@58660a9
calculated fs for 2: [J@58660a9
calculated fs for 2: [J@58660a9
calculated fs for 2: [J@58660a9
calculated fs for 2: [J@58660a9
calculated fs for 2: [J@58660a9
calculated fs for 2: [J@58660a9
calculated fs for 2: [J@58660a9
calculated fs for 2: [J@58660a9
calculated fs for 2: [J@58660a9
calculated fs for 2: [J@58660a9
calculated fs for 2: [J@58660a9
calculated fs for 2: [J@58660a9
calculated fs for 2: [J@58660a9
calculated fs for 2: [J@58660a9
calculated fs for 2: [J@58660a9
calculated fs for 2: [J@58660a9
calculated fs for 2: [J@58660a9
calculated fs for 2: [J@58660a9
calculated fs for 2: [J@58660a9
calculated fs for 2: [J@58660a9
calculated fs for 2: [J@58660a9
calculated fs for 2: [J@58660a9
calculated fs for 2: [J@58660a9
calculated fs for 2: [J@58660a9
calculated fs for 2: [J@58660a9
calculated fs for 2: [J@58660a9
calculated fs for 2: [J@58660a9
calculated fs for 2: [J@58660a9
calculated fs for 2: [J@58660a9
calculated fs for 2: [J@58660a9
calculated fs for 2: [J@58660a9
calculated fs for 2: [J@58660a9
calculated fs for 2: [J@58660a9
calculated fs for 2: [J@58660a9
calculated fs for 2: [J@58660a9
calculated fs for 2: [J@58660a9
calculated fs for 2: [J@58660a9
calculated fs for 2: [J@58660a9
calculated fs for 2: [J@58660a9
calculated fs for 2: [J@58660a9
calculated fs for 2: [J@58660a9
calculated fs for 2: [J@58660a9
calculated fs for 2: [J@58660a9
calculated fs for 2: [J@58660a9
calculated fs for 2: [J@58660a9
calculated fs for 2: [J@58660a9
calculated fs for 2: [J@58660a9
calculated fs for 2: [J@58660a9
calculated fs for 2: [J@58660a9
calculated fs for 2: [J@58660a9
calculated fs for 2: [J@58660a9
calculated fs for 2: [J@58660a9
calculated fs for 2: [J@58660a9
calculated fs for 2: [J@58660a9
calculated fs for 2: [J@58660a9
calculated fs for 2: [J@58660a9
calculated fs for 2: [J@58660a9
calculated fs for 2: [J@58660a9
calculated fs for 2: [J@58660a9
calculated fs for 2: [J@58660a9
calculated fs for 2: [J@58660a9
calculated fs for 2: [J@58660a9
calculated fs for 2: [J@58660a9
calculated fs for 2: [J@58660a9
calculated fs for 2: [J@58660a9
calculated fs for 2: [J@58660a9
calculated fs for 2: [J@58660a9
calculated fs for 2: [J@58660a9
calculated fs for 2: [J@58660a9
calculated fs for 2: [J@58660a9
calculated fs for 2: [J@58660a9
calculated fs for 2: [J@58660a9
calculated fs for 2: [J@58660a9
calculated fs for 2: [J@58660a9
calculated fs for 2: [J@58660a9
calculated fs for 2: [J@58660a9
calculated fs for 2: [J@58660a9
calculated fs for 2: [J@58660a9
calculated fs for 2: [J@58660a9
calculated fs for 2: [J@58660a9
calculated fs for 2: [J@58660a9
calculated fs for 2: [J@58660a9
calculated fs for 2: [J@58660a9
calculated fs for 2: [J@58660a9
calculated fs for 2: [J@58660a9
calculated fs for 2: [J@58660a9
calculated fs for 2: [J@58660a9
calculated fs for 2: [J@58660a9
calculated fs for 2: [J@58660a9
calculated fs for 2: [J@58660a9
calculated fs for 2: [J@58660a9
calculated fs for 2: [J@58660a9
calculated fs for 2: [J@58660a9
calculated fs for 2: [J@58660a9
calculated fs for 2: [J@58660a9
calculated fs for 2: [J@58660a9
calculated fs for 2: [J@58660a9
calculated fs for 2: [J@58660a9
calculated fs for 2: [J@58660a9
calculated fs for 2: [J@58660a9
calculated fs for 2: [J@58660a9
calculated fs for 2: [J@58660a9
calculated fs for 2: [J@58660a9
calculated fs for 2: [J@58660a9
calculated fs for 2: [J@58660a9
calculated fs for 2: [J@58660a9
calculated fs for 2: [J@58660a9
calculated fs for 2: [J@58660a9
calculated fs for 2: [J@58660a9
calculated fs for 2: [J@58660a9
calculated fs for 2: [J@58660a9
calculated fs for 2: [J@58660a9
calculated fs for 2: [J@58660a9
calculated fs for 2: [J@58660a9
calculated fs for 2: [J@58660a9
calculated fs for 2: [J@58660a9
calculated fs for 2: [J@58660a9
calculated fs for 2: [J@58660a9
calculated fs for 2: [J@58660a9
calculated fs for 2: [J@58660a9
calculated fs for 2: [J@58660a9
calculated fs for 2: [J@58660a9
calculated fs for 2: [J@58660a9
calculated fs for 2: [J@58660a9
calculated fs for 2: [J@58660a9
calculated fs for 2: [J@58660a9
calculated fs for 2: [J@58660a9
calculated fs for 2: [J@58660a9
calculated fs for 2: [J@58660a9
calculated fs for 2: [J@58660a9
calculated fs for 2: [J@58660a9
calculated fs for 2: [J@58660a9
calculated fs for 2: [J@58660a9
calculated fs for 2: [J@58660a9
calculated fs for 2: [J@58660a9
calculated fs for 2: [J@58660a9
calculated fs for 2: [J@58660a9
calculated fs for 2: [J@58660a9
calculated fs for 2: [J@58660a9
calculated fs for 2: [J@58660a9
calculated fs for 2: [J@58660a9
calculated fs for 2: [J@58660a9
calculated fs for 2: [J@58660a9
calculated fs for 2: [J@58660a9
calculated fs for 2: [J@58660a9
calculated fs for 2: [J@58660a9
calculated fs for 2: [J@58660a9
calculated fs for 2: [J@58660a9
calculated fs for 2: [J@58660a9
calculated fs for 2: [J@58660a9
calculated fs for 2: [J@58660a9
calculated fs for 2: [J@58660a9
calculated fs for 2: [J@58660a9
calculated fs for 2: [J@58660a9
calculated fs for 2: [J@58660a9
calculated fs for 2: [J@58660a9
calculated fs for 2: [J@58660a9
calculated fs for 2: [J@58660a9
calculated fs for 2: [J@58660a9
calculated fs for 2: [J@58660a9
calculated fs for 2: [J@58660a9
calculated fs for 2: [J@58660a9
calculated fs for 2: [J@58660a9
calculated fs for 2: [J@58660a9
calculated fs for 2: [J@58660a9
calculated fs for 2: [J@58660a9
calculated fs for 2: [J@58660a9
calculated fs for 2: [J@58660a9
calculated fs for 2: [J@58660a9
calculated fs for 2: [J@58660a9
calculated fs for 2: [J@58660a9
calculated fs for 2: [J@58660a9
calculated fs for 2: [J@58660a9
calculated fs for 2: [J@58660a9
calculated fs for 2: [J@58660a9
calculated fs for 2: [J@58660a9
calculated fs for 2: [J@58660a9
calculated fs for 2: [J@58660a9
calculated fs for 2: [J@58660a9
calculated fs for 2: [J@58660a9
calculated fs for 2: [J@58660a9
calculated fs for 2: [J@58660a9
calculated fs for 2: [J@58660a9
calculated fs for 2: [J@58660a9
calculated fs for 2: [J@58660a9
calculated fs for 2: [J@58660a9
calculated fs for 2: [J@58660a9
calculated fs for 2: [J@58660a9
calculated fs for 2: [J@58660a9
calculated fs for 2: [J@58660a9
calculated fs for 2: [J@58660a9
calculated fs for 2: [J@58660a9
calculated fs for 2: [J@58660a9
calculated fs for 2: [J@58660a9
calculated fs for 2: [J@58660a9
calculated fs for 2: [J@58660a9
calculated fs for 2: [J@58660a9
calculated fs for 2: [J@58660a9
calculated fs for 2: [J@58660a9
calculated fs for 2: [J@58660a9
calculated fs for 2: [J@58660a9
calculated fs for 2: [J@58660a9
calculated fs for 2: [J@58660a9
calculated fs for 2: [J@58660a9
calculated fs for 2: [J@58660a9
calculated fs for 2: [J@58660a9
calculated fs for 2: [J@58660a9
calculated fs for 2: [J@58660a9
calculated fs for 2: [J@58660a9
calculated fs for 2: [J@58660a9
calculated fs for 2: [J@58660a9
calculated fs for 2: [J@58660a9
calculated fs for 2: [J@58660a9
calculated fs for 2: [J@58660a9
calculated fs for 2: [J@58660a9
calculated fs for 2: [J@58660a9
calculated fs for 2: [J@58660a9
calculated fs for 2: [J@58660a9
calculated fs for 2: [J@58660a9
calculated fs for 2: [J@58660a9
calculated fs for 2: [J@58660a9
calculated fs for 2: [J@58660a9
calculated fs for 2: [J@58660a9
calculated fs for 2: [J@58660a9
calculated fs for 2: [J@58660a9
calculated fs for 2: [J@58660a9
calculated fs for 2: [J@58660a9
calculated fs for 2: [J@58660a9
calculated fs for 2: [J@58660a9
calculated fs for 2: [J@58660a9
calculated fs for 2: [J@58660a9
calculated fs for 2: [J@58660a9
calculated fs for 2: [J@58660a9
calculated fs for 2: [J@58660a9
calculated fs for 2: [J@58660a9
calculated fs for 2: [J@58660a9
calculated fs for 2: [J@58660a9
calculated fs for 2: [J@58660a9
calculated fs for 2: [J@58660a9
calculated fs for 2: [J@58660a9
calculated fs for 2: [J@58660a9
calculated fs for 2: [J@58660a9
calculated fs for 2: [J@58660a9
calculated fs for 2: [J@58660a9
calculated fs for 2: [J@58660a9
calculated fs for 2: [J@58660a9
calculated fs for 2: [J@58660a9
calculated fs for 2: [J@58660a9
calculated fs for 2: [J@58660a9
calculated fs for 2: [J@58660a9
calculated fs for 2: [J@58660a9
calculated fs for 2: [J@58660a9
calculated fs for 2: [J@58660a9
calculated fs for 2: [J@58660a9
calculated fs for 2: [J@58660a9
calculated fs for 2: [J@58660a9
calculated fs for 2: [J@58660a9
calculated fs for 2: [J@58660a9
calculated fs for 2: [J@58660a9
calculated fs for 2: [J@58660a9
calculated fs for 2: [J@58660a9
calculated fs for 2: [J@58660a9
calculated fs for 2: [J@58660a9
calculated fs for 2: [J@58660a9
calculated fs for 2: [J@58660a9
calculated fs for 2: [J@58660a9
calculated fs for 2: [J@58660a9
calculated fs for 2: [J@58660a9
calculated fs for 2: [J@58660a9
calculated fs for 2: [J@58660a9
calculated nfs for 0: [J@3933fa14
calculated nfs for 0: [J@3933fa14
calculated nfs for 1: [J@3675463
calculated nfs for 1: [J@3675463
calculated nfs for 2: [J@74d53153
calculated nfs for 2: [J@74d53153
calculated iMatrix for 18, 0, 0, 0: -0.008729855284625554
calculated iMatrix for 18, 0, 0, 1: 0.47195867406112635
calculated iMatrix for 18, 0, 0, 2: -0.47250293477972505
calculated iMatrix for 18, 0, 0, 3: -0.33897154215520253
calculated iMatrix for 18, 0, 0, 4: 0.40824285967501867
calculated iMatrix for 18, 0, 0, 5: 0.40824285967501867
calculated iMatrix for 18, 0, 0, 6: -0.6266536146069833
calculated iMatrix for 18, 0, 0, 7: 0.1815628957377492
calculated iMatrix for 18, 0, 0, 8: -0.5313434348026583
calculated iMatrix for 18, 0, 0, 9: -0.05539625165607498
calculated iMatrix for 18, 0, 0, 10: -0.06703782667156066
calculated iMatrix for 18, 0, 0, 11: -0.044732069157262466
calculated iMatrix for 18, 0, 0, 12: 0.012426344682686108
calculated iMatrix for 18, 0, 0, 13: -0.33897154215520253
calculated iMatrix for 18, 0, 0, 14: 0.43686735424985623
calculated iMatrix for 18, 0, 0, 15: -0.10939710051070217
calculated iMatrix for 18, 0, 0, 16: 0.0058689441365270545
calculated iMatrix for 18, 0, 0, 17: 0.41336450979507344
calculated iMatrix for 18, 0, 0, 18: -0.4931222219824608
calculated iMatrix for 18, 0, 0, 19: -0.10056051871020422
calculated iMatrix for 18, 0, 1, 0: -0.5652846682306915
calculated iMatrix for 18, 0, 1, 1: -0.2699786706682509
calculated iMatrix for 18, 0, 1, 2: -0.27443302101763123
calculated iMatrix for 18, 0, 1, 3: 0.03909459176484753
calculated iMatrix for 18, 0, 1, 4: 0.14060153810668374
calculated iMatrix for 18, 0, 1, 5: -0.037303227728681554
calculated iMatrix for 18, 0, 1, 6: 0.21309704014483732
calculated iMatrix for 18, 0, 1, 7: 0.09316181303512316
calculated iMatrix for 18, 0, 1, 8: -0.28181312831525374
calculated iMatrix for 18, 0, 1, 9: 0.1354864374399134
calculated iMatrix for 18, 0, 1, 10: 0.06649356595296196
calculated iMatrix for 18, 0, 1, 11: 0.20002495857748448
calculated iMatrix for 18, 0, 1, 12: 0.3687744378258956
calculated iMatrix for 18, 0, 1, 13: 0.12711818776939676
calculated iMatrix for 18, 0, 1, 14: 0.009335152113013279
calculated iMatrix for 18, 0, 1, 15: -0.1992095997800437
calculated iMatrix for 18, 0, 1, 16: 0.6382798895086398
calculated iMatrix for 18, 0, 1, 17: -0.02447821225276481
calculated iMatrix for 18, 0, 1, 18: -1.2552622740293575
calculated iMatrix for 18, 0, 1, 19: 0.16493363876621447
calculated iMatrix for 18, 0, 2, 0: 0.022041803382128133
calculated iMatrix for 18, 0, 2, 1: 0.06649356595296196
calculated iMatrix for 18, 0, 2, 2: -0.26019066430208804
calculated iMatrix for 18, 0, 2, 3: 0.14060153810668374
calculated iMatrix for 18, 0, 2, 4: 0.14653627362649835
calculated iMatrix for 18, 0, 2, 5: -0.1708346203532043
calculated iMatrix for 18, 0, 2, 6: 0.2896371172671717
calculated iMatrix for 18, 0, 2, 7: -0.25729351114093524
calculated iMatrix for 18, 0, 2, 8: -0.7529473399312755
calculated iMatrix for 18, 0, 2, 9: 0.3967352528235388
calculated iMatrix for 18, 0, 2, 10: -0.06703782667156066
calculated iMatrix for 18, 0, 2, 11: -0.2336110264973762
calculated iMatrix for 18, 0, 2, 12: -0.4931222219824608
calculated iMatrix for 18, 0, 2, 13: 0.14060153810668374
calculated iMatrix for 18, 0, 2, 14: 0.3718752155041438
calculated iMatrix for 18, 0, 2, 15: 5.355981611645522E-4
calculated iMatrix for 18, 0, 2, 16: -0.020517811036667832
calculated iMatrix for 18, 0, 2, 17: 0.5054066081286663
calculated iMatrix for 18, 0, 2, 18: 0.7596407465129073
calculated iMatrix for 18, 0, 2, 19: -0.13830084669305132
calculated iMatrix for 18, 0, 3, 0: -0.11329954448763402
calculated iMatrix for 18, 0, 3, 1: 0.6054900666856489
calculated iMatrix for 18, 0, 3, 2: -0.19236806796332706
calculated iMatrix for 18, 0, 3, 3: -0.305069990479521
calculated iMatrix for 18, 0, 3, 4: 0.3028823440171923
calculated iMatrix for 18, 0, 3, 5: -0.23075795751496964
calculated iMatrix for 18, 0, 3, 6: 0.18427660160934545
calculated iMatrix for 18, 0, 3, 7: 0.562930452266853
calculated iMatrix for 18, 0, 3, 8: -0.10535669097369738
calculated iMatrix for 18, 0, 3, 9: -0.07165677252785518
calculated iMatrix for 18, 0, 3, 10: -0.01354914172057442
calculated iMatrix for 18, 0, 3, 11: -0.5672301941361825
calculated iMatrix for 18, 0, 3, 12: 0.24881512274691653
calculated iMatrix for 18, 0, 3, 13: -0.07660727768771136
calculated iMatrix for 18, 0, 3, 14: 0.06649356595296196
calculated iMatrix for 18, 0, 3, 15: -0.08765711387429642
calculated iMatrix for 18, 0, 3, 16: -0.21221983651605858
calculated iMatrix for 18, 0, 3, 17: 0.5248011554355062
calculated iMatrix for 18, 0, 3, 18: 0.4029658025741748
calculated iMatrix for 18, 0, 3, 19: 0.14060153810668374
calculated iMatrix for 18, 0, 4, 0: -0.20379676378694978
calculated iMatrix for 18, 0, 4, 1: 0.2741329307312065
calculated iMatrix for 18, 0, 4, 2: -0.10535669097369738
calculated iMatrix for 18, 0, 4, 3: -0.21491889348522353
calculated iMatrix for 18, 0, 4, 4: -0.018063822075101044
calculated iMatrix for 18, 0, 4, 5: 0.32138581558175194
calculated iMatrix for 18, 0, 4, 6: -0.6266536146069833
calculated iMatrix for 18, 0, 4, 7: 0.258865458600418
calculated iMatrix for 18, 0, 4, 8: 0.1932452715921058
calculated iMatrix for 18, 0, 4, 9: -0.22617604800985802
calculated iMatrix for 18, 0, 4, 10: 0.20002495857748448
calculated iMatrix for 18, 0, 4, 11: 0.017703401783529915
calculated iMatrix for 18, 0, 4, 12: 0.03370374312997115
calculated iMatrix for 18, 0, 4, 13: 0.22064424578022035
calculated iMatrix for 18, 0, 4, 14: -0.2699786706682509
calculated iMatrix for 18, 0, 4, 15: -0.227745907044978
calculated iMatrix for 18, 0, 4, 16: -0.13417712950918914
calculated iMatrix for 18, 0, 4, 17: 0.29427749682367393
calculated iMatrix for 18, 0, 4, 18: 0.6418577108565238
calculated iMatrix for 18, 0, 4, 19: -0.10939710051070217
calculated iMatrix for 18, 0, 5, 0: -0.2336110264973762
calculated iMatrix for 18, 0, 5, 1: 0.6418577108565238
calculated iMatrix for 18, 0, 5, 2: 0.04814442728476542
calculated iMatrix for 18, 0, 5, 3: -0.33897154215520253
calculated iMatrix for 18, 0, 5, 4: 0.26064958039391933
calculated iMatrix for 18, 0, 5, 5: 0.43686735424985623
calculated iMatrix for 18, 0, 5, 6: -0.28181312831525374
calculated iMatrix for 18, 0, 5, 7: -0.17191745749203624
calculated iMatrix for 18, 0, 5, 8: -0.36428935013949226
calculated iMatrix for 18, 0, 5, 9: -0.27645118517386835
calculated iMatrix for 18, 0, 5, 10: -1.232789418177299
calculated iMatrix for 18, 0, 5, 11: 0.6214904080320901
calculated iMatrix for 18, 0, 5, 12: 0.30010841713446706
calculated iMatrix for 18, 0, 5, 13: -0.028816613851362916
calculated iMatrix for 18, 0, 5, 14: -0.5984827376402871
calculated iMatrix for 18, 0, 5, 15: 0.11609050709233415
calculated iMatrix for 18, 0, 5, 16: 0.28518276691779143
calculated iMatrix for 18, 0, 5, 17: -0.33897154215520253
calculated iMatrix for 18, 0, 5, 18: -0.002499305533989471
calculated iMatrix for 18, 0, 5, 19: -0.06133980555692298
calculated iMatrix for 18, 0, 6, 0: 0.08518569896511452
calculated iMatrix for 18, 0, 6, 1: -0.22118850649881894
calculated iMatrix for 18, 0, 6, 2: -0.0366906702822688
calculated iMatrix for 18, 0, 6, 3: 0.1798222512599652
calculated iMatrix for 18, 0, 6, 4: -0.23075795751496964
calculated iMatrix for 18, 0, 6, 5: 0.5184786896960192
calculated iMatrix for 18, 0, 6, 6: 0.5520013817346627
calculated iMatrix for 18, 0, 6, 7: -0.33897154215520253
calculated iMatrix for 18, 0, 6, 8: -0.19236806796332706
calculated iMatrix for 18, 0, 6, 9: -0.28181312831525374
calculated iMatrix for 18, 0, 6, 10: -0.33897154215520253
calculated iMatrix for 18, 0, 6, 11: -0.05128946970342152
calculated iMatrix for 18, 0, 6, 12: 0.7131207308780144
calculated iMatrix for 18, 0, 6, 13: -0.36637051634331674
calculated iMatrix for 18, 0, 6, 14: -0.009492341024959994
calculated iMatrix for 18, 0, 6, 15: 0.16827626026290432
calculated iMatrix for 18, 0, 6, 16: 0.23976528722699875
calculated iMatrix for 18, 0, 6, 17: -0.945107345725518
calculated iMatrix for 18, 0, 6, 18: 0.06649356595296196
calculated iMatrix for 18, 0, 6, 19: -0.33897154215520253
calculated iMatrix for 18, 0, 7, 0: -0.6779469089945339
calculated iMatrix for 18, 0, 7, 1: -0.2519601651655726
calculated iMatrix for 18, 0, 7, 2: 0.2786680858965977
calculated iMatrix for 18, 0, 7, 3: -0.37979353667545757
calculated iMatrix for 18, 0, 7, 4: -0.5902859704361086
calculated iMatrix for 18, 0, 7, 5: 0.822819648134439
calculated iMatrix for 18, 0, 7, 6: -0.1158279908409926
calculated iMatrix for 18, 0, 7, 7: -0.37176136497819334
calculated iMatrix for 18, 0, 7, 8: 0.040518079549701214
calculated iMatrix for 18, 0, 7, 9: -0.6754437787764155
calculated iMatrix for 18, 0, 7, 10: 0.654280230855081
calculated iMatrix for 18, 0, 7, 11: 0.39499763292499795
calculated iMatrix for 18, 0, 7, 12: 0.7245494267016372
calculated iMatrix for 18, 0, 7, 13: -0.12766244848799557
calculated iMatrix for 18, 0, 7, 14: 0.1354864374399134
calculated iMatrix for 18, 0, 7, 15: 0.19570529743296816
calculated iMatrix for 18, 0, 7, 16: -0.18240248146366245
calculated iMatrix for 18, 0, 7, 17: -0.5672301941361825
calculated iMatrix for 18, 0, 7, 18: -0.05128946970342152
calculated iMatrix for 18, 0, 7, 19: -0.10939710051070217
calculated iMatrix for 18, 0, 8, 0: NaN
calculated iMatrix for 18, 0, 8, 1: NaN
calculated iMatrix for 18, 0, 8, 2: NaN
calculated iMatrix for 18, 0, 8, 3: NaN
calculated iMatrix for 18, 0, 8, 4: NaN
calculated iMatrix for 18, 0, 8, 5: NaN
calculated iMatrix for 18, 0, 8, 6: NaN
calculated iMatrix for 18, 0, 8, 7: NaN
calculated iMatrix for 18, 0, 8, 8: NaN
calculated iMatrix for 18, 0, 8, 9: NaN
calculated iMatrix for 18, 0, 8, 10: NaN
calculated iMatrix for 18, 0, 8, 11: NaN
calculated iMatrix for 18, 0, 8, 12: NaN
calculated iMatrix for 18, 0, 8, 13: NaN
calculated iMatrix for 18, 0, 8, 14: NaN
calculated iMatrix for 18, 0, 8, 15: NaN
calculated iMatrix for 18, 0, 8, 16: NaN
calculated iMatrix for 18, 0, 8, 17: NaN
calculated iMatrix for 18, 0, 8, 18: -6.457368846666256E-4
calculated iMatrix for 18, 0, 8, 19: NaN
calculated iMatrix for 18, 0, 9, 0: -0.448670459411627
calculated iMatrix for 18, 0, 9, 1: 0.2896371172671717
calculated iMatrix for 18, 0, 9, 2: 0.5248011554355062
calculated iMatrix for 18, 0, 9, 3: -0.25627982631008905
calculated iMatrix for 18, 0, 9, 4: -0.37176136497819334
calculated iMatrix for 18, 0, 9, 5: 0.6836548395349853
calculated iMatrix for 18, 0, 9, 6: 0.017703401783529915
calculated iMatrix for 18, 0, 9, 7: -0.849797165921193
calculated iMatrix for 18, 0, 9, 8: -0.08765711387429642
calculated iMatrix for 18, 0, 9, 9: -0.8761144742385666
calculated iMatrix for 18, 0, 9, 10: -0.849797165921193
calculated iMatrix for 18, 0, 9, 11: 0.24881512274691653
calculated iMatrix for 18, 0, 9, 12: 1.5806212985827375
calculated iMatrix for 18, 0, 9, 13: 0.0058689441365270545
calculated iMatrix for 18, 0, 9, 14: -0.5166527193926548
calculated iMatrix for 18, 0, 9, 15: 0.5560417912716678
calculated iMatrix for 18, 0, 9, 16: 0.48935041677299557
calculated iMatrix for 18, 0, 9, 17: -0.4548033576803242
calculated iMatrix for 18, 0, 9, 18: -0.05128946970342152
calculated iMatrix for 18, 0, 9, 19: -0.1746684908639261
calculated iMatrix for 18, 0, 10, 0: -0.6266536146069833
calculated iMatrix for 18, 0, 10, 1: 1.4527879270728525
calculated iMatrix for 18, 0, 10, 2: 0.3267766642166285
calculated iMatrix for 18, 0, 10, 3: 0.06649356595296196
calculated iMatrix for 18, 0, 10, 4: -0.15664998536124775
calculated iMatrix for 18, 0, 10, 5: 0.7179680501123392
calculated iMatrix for 18, 0, 10, 6: -0.23888808359822
calculated iMatrix for 18, 0, 10, 7: 0.040518079549701214
calculated iMatrix for 18, 0, 10, 8: -0.227745907044978
calculated iMatrix for 18, 0, 10, 9: -0.1992095997800437
calculated iMatrix for 18, 0, 10, 10: -0.2519601651655726
calculated iMatrix for 18, 0, 10, 11: 0.13393484674849443
calculated iMatrix for 18, 0, 10, 12: 0.6112207413946339
calculated iMatrix for 18, 0, 10, 13: -0.575360320219433
calculated iMatrix for 18, 0, 10, 14: -0.849797165921193
calculated iMatrix for 18, 0, 10, 15: -0.2409911337949987
calculated iMatrix for 18, 0, 10, 16: -0.12274843368556643
calculated iMatrix for 18, 0, 10, 17: -0.06355956229523585
calculated iMatrix for 18, 0, 10, 18: 0.06649356595296196
calculated iMatrix for 18, 0, 10, 19: 0.3541756384047428
calculated iMatrix for 18, 0, 11, 0: -0.1323572927922032
calculated iMatrix for 18, 0, 11, 1: -0.1158279908409926
calculated iMatrix for 18, 0, 11, 2: 0.5925866618497411
calculated iMatrix for 18, 0, 11, 3: 0.5715885150099677
calculated iMatrix for 18, 0, 11, 4: -0.228970646940874
calculated iMatrix for 18, 0, 11, 5: 0.19570529743296816
calculated iMatrix for 18, 0, 11, 6: -0.6754437787764155
calculated iMatrix for 18, 0, 11, 7: -0.4931222219824608
calculated iMatrix for 18, 0, 11, 8: -0.144815527714245
calculated iMatrix for 18, 0, 11, 9: -0.5444155163700114
calculated iMatrix for 18, 0, 11, 10: -0.6266536146069833
calculated iMatrix for 18, 0, 11, 11: -0.06355956229523585
calculated iMatrix for 18, 0, 11, 12: 0.7596407465129073
calculated iMatrix for 18, 0, 11, 13: -0.07660727768771136
calculated iMatrix for 18, 0, 11, 14: -0.16989521211126846
calculated iMatrix for 18, 0, 11, 15: 0.18629476576558257
calculated iMatrix for 18, 0, 11, 16: -0.13644727804372836
calculated iMatrix for 18, 0, 11, 17: -0.1158279908409926
calculated iMatrix for 18, 0, 11, 18: 0.47195867406112635
calculated iMatrix for 18, 0, 11, 19: -0.4342817219595273
calculated iMatrix for 18, 0, 12, 0: -0.27645118517386835
calculated iMatrix for 18, 0, 12, 1: 0.5364971951986975
calculated iMatrix for 18, 0, 12, 2: 0.24881512274691653
calculated iMatrix for 18, 0, 12, 3: 0.26320386019901626
calculated iMatrix for 18, 0, 12, 4: 0.001955044815390772
calculated iMatrix for 18, 0, 12, 5: -0.19861418446028
calculated iMatrix for 18, 0, 12, 6: -0.7444366502633669
calculated iMatrix for 18, 0, 12, 7: -0.305069990479521
calculated iMatrix for 18, 0, 12, 8: 0.24881512274691653
calculated iMatrix for 18, 0, 12, 9: -0.47250293477972505
calculated iMatrix for 18, 0, 12, 10: -0.33897154215520253
calculated iMatrix for 18, 0, 12, 11: 0.38015112480800356
calculated iMatrix for 18, 0, 12, 12: 0.5127806685813815
calculated iMatrix for 18, 0, 12, 13: 0.16493363876621447
calculated iMatrix for 18, 0, 12, 14: -0.2054401495306799
calculated iMatrix for 18, 0, 12, 15: -0.33897154215520253
calculated iMatrix for 18, 0, 12, 16: 0.15350494294259165
calculated iMatrix for 18, 0, 12, 17: -0.05128946970342152
calculated iMatrix for 18, 0, 12, 18: -0.4931222219824608
calculated iMatrix for 18, 0, 12, 19: 0.2896371172671717
calculated iMatrix for 18, 0, 13, 0: -0.0548672910513055
calculated iMatrix for 18, 0, 13, 1: 0.6054900666856489
calculated iMatrix for 18, 0, 13, 2: -0.33897154215520253
calculated iMatrix for 18, 0, 13, 3: -0.29641192773640646
calculated iMatrix for 18, 0, 13, 4: 0.03140224614169185
calculated iMatrix for 18, 0, 13, 5: -0.29641192773640646
calculated iMatrix for 18, 0, 13, 6: 0.13103208709053304
calculated iMatrix for 18, 0, 13, 7: 0.03909459176484753
calculated iMatrix for 18, 0, 13, 8: -0.40796441364215397
calculated iMatrix for 18, 0, 13, 9: 0.2896371172671717
calculated iMatrix for 18, 0, 13, 10: -0.4035100632927736
calculated iMatrix for 18, 0, 13, 11: 0.2953351383818094
calculated iMatrix for 18, 0, 13, 12: -0.018063822075101044
calculated iMatrix for 18, 0, 13, 13: 0.3178079942338681
calculated iMatrix for 18, 0, 13, 14: 0.4459831876578656
calculated iMatrix for 18, 0, 13, 15: 0.1259169864237627
calculated iMatrix for 18, 0, 13, 16: -0.08765711387429642
calculated iMatrix for 18, 0, 13, 17: 0.017703401783529915
calculated iMatrix for 18, 0, 13, 18: -0.4190142498287389
calculated iMatrix for 18, 0, 13, 19: 0.47195867406112635
calculated iMatrix for 18, 0, 14, 0: -0.02205983138848311
calculated iMatrix for 18, 0, 14, 1: -0.6266536146069833
calculated iMatrix for 18, 0, 14, 2: 0.40600070626932894
calculated iMatrix for 18, 0, 14, 3: -0.3753391863260772
calculated iMatrix for 18, 0, 14, 4: 0.26064958039391933
calculated iMatrix for 18, 0, 14, 5: -0.08765711387429642
calculated iMatrix for 18, 0, 14, 6: 0.06649356595296196
calculated iMatrix for 18, 0, 14, 7: 0.03370374312997115
calculated iMatrix for 18, 0, 14, 8: -0.0801099082389134
calculated iMatrix for 18, 0, 14, 9: -0.05128946970342152
calculated iMatrix for 18, 0, 14, 10: 0.42316850989169436
calculated iMatrix for 18, 0, 14, 11: -0.6266536146069833
calculated iMatrix for 18, 0, 14, 12: -0.13133217737695801
calculated iMatrix for 18, 0, 14, 13: 0.06649356595296196
calculated iMatrix for 18, 0, 14, 14: 0.012426344682686108
calculated iMatrix for 18, 0, 14, 15: 0.02567157143270682
calculated iMatrix for 18, 0, 14, 16: -0.14708053434509705
calculated iMatrix for 18, 0, 14, 17: 0.6643305667085824
calculated iMatrix for 18, 0, 14, 18: -0.28181312831525374
calculated iMatrix for 18, 0, 14, 19: -0.007614406200759927
calculated iMatrix for 18, 0, 15, 0: 0.1665770245099446
calculated iMatrix for 18, 0, 15, 1: -0.05128946970342152
calculated iMatrix for 18, 0, 15, 2: 0.2953351383818094
calculated iMatrix for 18, 0, 15, 3: -0.09477458164316033
calculated iMatrix for 18, 0, 15, 4: -0.01354914172057442
calculated iMatrix for 18, 0, 15, 5: 0.03012592178208706
calculated iMatrix for 18, 0, 15, 6: -0.33897154215520253
calculated iMatrix for 18, 0, 15, 7: -0.12071797613518453
calculated iMatrix for 18, 0, 15, 8: -0.1958706985145291
calculated iMatrix for 18, 0, 15, 9: -0.31080066518850613
calculated iMatrix for 18, 0, 15, 10: 0.14060153810668374
calculated iMatrix for 18, 0, 15, 11: -0.05128946970342152
calculated iMatrix for 18, 0, 15, 12: -0.4130795143089242
calculated iMatrix for 18, 0, 15, 13: 0.1718540816107883
calculated iMatrix for 18, 0, 15, 14: 0.001955044815390772
calculated iMatrix for 18, 0, 15, 15: 0.2712879785989752
calculated iMatrix for 18, 0, 15, 16: -0.0366906702822688
calculated iMatrix for 18, 0, 15, 17: 0.08754697515079424
calculated iMatrix for 18, 0, 15, 18: -0.4190142498287389
calculated iMatrix for 18, 0, 15, 19: 0.39191596638758985
calculated iMatrix for 18, 0, 16, 0: 0.19054621462294075
calculated iMatrix for 18, 0, 16, 1: -1.5429443464811383
calculated iMatrix for 18, 0, 16, 2: 0.12056078722323771
calculated iMatrix for 18, 0, 16, 3: 0.4293990596423304
calculated iMatrix for 18, 0, 16, 4: -0.20177042064171746
calculated iMatrix for 18, 0, 16, 5: 0.21602529992392572
calculated iMatrix for 18, 0, 16, 6: -0.47250293477972505
calculated iMatrix for 18, 0, 16, 7: 0.08948308417766071
calculated iMatrix for 18, 0, 16, 8: -0.09477458164316033
calculated iMatrix for 18, 0, 16, 9: 0.3541756384047428
calculated iMatrix for 18, 0, 16, 10: 0.06649356595296196
calculated iMatrix for 18, 0, 16, 11: -0.4190142498287389
calculated iMatrix for 18, 0, 16, 12: -0.05128946970342152
calculated iMatrix for 18, 0, 16, 13: -0.007614406200759927
calculated iMatrix for 18, 0, 16, 14: -0.02311859273672523
calculated iMatrix for 18, 0, 16, 15: -0.28490432088492657
calculated iMatrix for 18, 0, 16, 16: -0.3229712008087614
calculated iMatrix for 18, 0, 16, 17: 0.06649356595296196
calculated iMatrix for 18, 0, 16, 18: -0.6754437787764155
calculated iMatrix for 18, 0, 16, 19: 0.2383438228796212
calculated iMatrix for 18, 1, 0, 0: 0.09045299666985374
calculated iMatrix for 18, 1, 0, 1: -1.7514962170820565
calculated iMatrix for 18, 1, 0, 2: -0.08036473564261615
calculated iMatrix for 18, 1, 0, 3: 0.1668259754544278
calculated iMatrix for 18, 1, 0, 4: -0.013225432804987669
calculated iMatrix for 18, 1, 0, 5: -0.3439996483115628
calculated iMatrix for 18, 1, 0, 6: 0.4079880322713158
calculated iMatrix for 18, 1, 0, 7: 0.1668259754544278
calculated iMatrix for 18, 1, 0, 8: 0.537199763751322
calculated iMatrix for 18, 1, 0, 9: -0.05558470664412918
calculated iMatrix for 18, 1, 0, 10: -1.083666844506401
calculated iMatrix for 18, 1, 0, 11: 0.09290698563142052
calculated iMatrix for 18, 1, 0, 12: -0.01689516169395011
calculated iMatrix for 18, 1, 0, 13: 0.19441393197325674
calculated iMatrix for 18, 1, 0, 14: -0.23251541480320737
calculated iMatrix for 18, 1, 0, 15: 0.20438907703007636
calculated iMatrix for 18, 1, 0, 16: 0.05968133800310005
calculated iMatrix for 18, 1, 0, 17: -0.48582984375078064
calculated iMatrix for 18, 1, 0, 18: -0.05154429710712438
calculated iMatrix for 18, 1, 0, 19: 0.20034866749307134
calculated iMatrix for 18, 1, 1, 0: 0.05968133800310005
calculated iMatrix for 18, 1, 1, 1: 0.49499940926094566
calculated iMatrix for 18, 1, 1, 2: 0.24093394760814968
calculated iMatrix for 18, 1, 1, 3: 0.3316150534867419
calculated iMatrix for 18, 1, 1, 4: -0.28515914828862954
calculated iMatrix for 18, 1, 1, 5: 0.23471631099727908
calculated iMatrix for 18, 1, 1, 6: -0.19814777129899963
calculated iMatrix for 18, 1, 1, 7: -0.3827976178525454
calculated iMatrix for 18, 1, 1, 8: 0.43208558385037643
calculated iMatrix for 18, 1, 1, 9: -0.022794883821138368
calculated iMatrix for 18, 1, 1, 10: -0.1420583046479561
calculated iMatrix for 18, 1, 1, 11: 0.3316150534867419
calculated iMatrix for 18, 1, 1, 12: -0.21616627680167788
calculated iMatrix for 18, 1, 1, 13: -0.31255812247674375
calculated iMatrix for 18, 1, 1, 14: -0.21105117613490765
calculated iMatrix for 18, 1, 1, 15: -0.3339493124580615
calculated iMatrix for 18, 1, 1, 16: -0.24515381367493028
calculated iMatrix for 18, 1, 1, 17: -0.26535652099244955
calculated iMatrix for 18, 1, 1, 18: 0.4567781964407478
calculated iMatrix for 18, 1, 1, 19: 0.0185232655095926
calculated iMatrix for 18, 1, 2, 0: -0.2081981071525012
calculated iMatrix for 18, 1, 2, 1: 0.5903095890652705
calculated iMatrix for 18, 1, 2, 2: -0.08603047317829349
calculated iMatrix for 18, 1, 2, 3: 0.12030595981953496
calculated iMatrix for 18, 1, 2, 4: 0.20034866749307134
calculated iMatrix for 18, 1, 2, 5: 0.42479515058769707
calculated iMatrix for 18, 1, 2, 6: -0.3905196639464559
calculated iMatrix for 18, 1, 2, 7: -0.4595125354334071
calculated iMatrix for 18, 1, 2, 8: 0.47698090375826735
calculated iMatrix for 18, 1, 2, 9: -0.185075689731647
calculated iMatrix for 18, 1, 2, 10: 0.5510888759119892
calculated iMatrix for 18, 1, 2, 11: 0.14050866713705445
calculated iMatrix for 18, 1, 2, 12: 0.28282488931730987
calculated iMatrix for 18, 1, 2, 13: -0.28515914828862954
calculated iMatrix for 18, 1, 2, 14: -0.3721705252782592
calculated iMatrix for 18, 1, 2, 15: 0.12030595981953496
calculated iMatrix for 18, 1, 2, 16: -0.10283759149467475
calculated iMatrix for 18, 1, 2, 17: -0.39550720545749485
calculated iMatrix for 18, 1, 2, 18: -0.9211479150086261
calculated iMatrix for 18, 1, 2, 19: -0.21616627680167788
calculated iMatrix for 18, 1, 3, 0: -0.6528839284139467
calculated iMatrix for 18, 1, 3, 1: 0.34344951113374467
calculated iMatrix for 18, 1, 3, 2: 0.10125776484884041
calculated iMatrix for 18, 1, 3, 3: -0.31964532435979875
calculated iMatrix for 18, 1, 3, 4: -0.31255812247674375
calculated iMatrix for 18, 1, 3, 5: 0.47698090375826735
calculated iMatrix for 18, 1, 3, 6: 0.5722910835625922
calculated iMatrix for 18, 1, 3, 7: -0.15840744264948559
calculated iMatrix for 18, 1, 3, 8: 0.361468016636423
calculated iMatrix for 18, 1, 3, 9: -0.3615321270732035
calculated iMatrix for 18, 1, 3, 10: -1.3266130231167905
calculated iMatrix for 18, 1, 3, 11: 0.684241408899474
calculated iMatrix for 18, 1, 3, 12: -0.10283759149467475
calculated iMatrix for 18, 1, 3, 13: 0.08521464000826484
calculated iMatrix for 18, 1, 3, 14: 0.0185232655095926
calculated iMatrix for 18, 1, 3, 15: 0.1628655742383308
calculated iMatrix for 18, 1, 3, 16: 0.20731733680916464
calculated iMatrix for 18, 1, 3, 17: -0.10283759149467475
calculated iMatrix for 18, 1, 3, 18: -1.2014498801627844
calculated iMatrix for 18, 1, 3, 19: 0.19441393197325674
calculated iMatrix for 18, 1, 4, 0: -0.7620832203789387
calculated iMatrix for 18, 1, 4, 1: 0.12030595981953496
calculated iMatrix for 18, 1, 4, 2: 0.28282488931730987
calculated iMatrix for 18, 1, 4, 3: -0.16110649961865053
calculated iMatrix for 18, 1, 4, 4: 0.03574857179147195
calculated iMatrix for 18, 1, 4, 5: 0.07585419724870113
calculated iMatrix for 18, 1, 4, 6: 0.6127824449173291
calculated iMatrix for 18, 1, 4, 7: -0.31047695627291927
calculated iMatrix for 18, 1, 4, 8: 0.3209766552816862
calculated iMatrix for 18, 1, 4, 9: -0.11810506362546325
calculated iMatrix for 18, 1, 4, 10: 0.6311315835855257
calculated iMatrix for 18, 1, 4, 11: 0.07151579565010291
calculated iMatrix for 18, 1, 4, 12: 0.27937065444922227
calculated iMatrix for 18, 1, 4, 13: -0.35661811227077433
calculated iMatrix for 18, 1, 4, 14: -0.08448845282647832
calculated iMatrix for 18, 1, 4, 15: 0.34808989069024693
calculated iMatrix for 18, 1, 4, 16: -0.08036473564261615
calculated iMatrix for 18, 1, 4, 17: -0.03384472000772343
calculated iMatrix for 18, 1, 4, 18: -0.7269919005676688
calculated iMatrix for 18, 1, 4, 19: 0.1542075114952164
calculated iMatrix for 18, 1, 5, 0: 0.20034866749307134
calculated iMatrix for 18, 1, 5, 1: 0.20731733680916464
calculated iMatrix for 18, 1, 5, 2: -0.31794897111162035
calculated iMatrix for 18, 1, 5, 3: -0.79598477205462
calculated iMatrix for 18, 1, 5, 4: -0.19814777129899963
calculated iMatrix for 18, 1, 5, 5: 0.281236326632172
calculated iMatrix for 18, 1, 5, 6: -0.22800073444868074
calculated iMatrix for 18, 1, 5, 7: -0.22800073444868074
calculated iMatrix for 18, 1, 5, 8: 0.2315315949297594
calculated iMatrix for 18, 1, 5, 9: 0.0662387385492591
calculated iMatrix for 18, 1, 5, 10: 0.23808899547591844
calculated iMatrix for 18, 1, 5, 11: -0.1516277556641069
calculated iMatrix for 18, 1, 5, 12: -0.0033079961476416564
calculated iMatrix for 18, 1, 5, 13: 0.02499578001521008
calculated iMatrix for 18, 1, 5, 14: -0.28515914828862954
calculated iMatrix for 18, 1, 5, 15: 0.16990290095890714
calculated iMatrix for 18, 1, 5, 16: -0.027330038986529637
calculated iMatrix for 18, 1, 5, 17: 0.20438907703007636
calculated iMatrix for 18, 1, 5, 18: 0.05131308833258352
calculated iMatrix for 18, 1, 5, 19: -0.007527411690349983
calculated iMatrix for 18, 1, 6, 0: -0.21956186580281623
calculated iMatrix for 18, 1, 6, 1: 1.373068928314903
calculated iMatrix for 18, 1, 6, 2: 0.017121723584304194
calculated iMatrix for 18, 1, 6, 3: -0.3905196639464559
calculated iMatrix for 18, 1, 6, 4: 0.7300715314404292
calculated iMatrix for 18, 1, 6, 5: 0.05968133800310005
calculated iMatrix for 18, 1, 6, 6: -0.33167916392352237
calculated iMatrix for 18, 1, 6, 7: 0.43396351867457655
calculated iMatrix for 18, 1, 6, 8: -0.015826214505045066
calculated iMatrix for 18, 1, 6, 9: -0.08263488417715537
calculated iMatrix for 18, 1, 6, 10: -0.03384472000772343
calculated iMatrix for 18, 1, 6, 11: -0.185075689731647
calculated iMatrix for 18, 1, 6, 12: 0.08521464000826484
calculated iMatrix for 18, 1, 6, 13: -0.10283759149467475
calculated iMatrix for 18, 1, 6, 14: -0.79598477205462
calculated iMatrix for 18, 1, 6, 15: -0.39550720545749485
calculated iMatrix for 18, 1, 6, 16: -0.009747168428662856
calculated iMatrix for 18, 1, 6, 17: 0.7210798202484651
calculated iMatrix for 18, 1, 6, 18: -0.1420583046479561
calculated iMatrix for 18, 1, 6, 19: 0.05131308833258352
calculated iMatrix for 18, 1, 7, 0: -0.32598114280888457
calculated iMatrix for 18, 1, 7, 1: 0.6799217477549576
calculated iMatrix for 18, 1, 7, 2: -0.9523308424453141
calculated iMatrix for 18, 1, 7, 3: -0.49873324858668844
calculated iMatrix for 18, 1, 7, 4: 0.333880060117594
calculated iMatrix for 18, 1, 7, 5: -0.0590349688362819
calculated iMatrix for 18, 1, 7, 6: 0.5770643623152498
calculated iMatrix for 18, 1, 7, 7: 0.26340680346020817
calculated iMatrix for 18, 1, 7, 8: 0.2470576654586788
calculated iMatrix for 18, 1, 7, 9: 0.17746437365948353
calculated iMatrix for 18, 1, 7, 10: -0.21616627680167788
calculated iMatrix for 18, 1, 7, 11: -0.0573752174179174
calculated iMatrix for 18, 1, 7, 12: -0.3086896456988235
calculated iMatrix for 18, 1, 7, 13: -0.39956949946637366
calculated iMatrix for 18, 1, 7, 14: -0.25438748962187585
calculated iMatrix for 18, 1, 7, 15: -0.32961091085946337
calculated iMatrix for 18, 1, 7, 16: 0.7158146708155642
calculated iMatrix for 18, 1, 7, 17: 0.748914619241909
calculated iMatrix for 18, 1, 7, 18: 0.0025229241631514743
calculated iMatrix for 18, 1, 7, 19: 0.2538373524440575
calculated iMatrix for 18, 1, 8, 0: NaN
calculated iMatrix for 18, 1, 8, 1: NaN
calculated iMatrix for 18, 1, 8, 2: NaN
calculated iMatrix for 18, 1, 8, 3: NaN
calculated iMatrix for 18, 1, 8, 4: NaN
calculated iMatrix for 18, 1, 8, 5: NaN
calculated iMatrix for 18, 1, 8, 6: NaN
calculated iMatrix for 18, 1, 8, 7: NaN
calculated iMatrix for 18, 1, 8, 8: NaN
calculated iMatrix for 18, 1, 8, 9: NaN
calculated iMatrix for 18, 1, 8, 10: NaN
calculated iMatrix for 18, 1, 8, 11: NaN
calculated iMatrix for 18, 1, 8, 12: NaN
calculated iMatrix for 18, 1, 8, 13: NaN
calculated iMatrix for 18, 1, 8, 14: NaN
calculated iMatrix for 18, 1, 8, 15: NaN
calculated iMatrix for 18, 1, 8, 16: NaN
calculated iMatrix for 18, 1, 8, 17: NaN
calculated iMatrix for 18, 1, 8, 18: -3.5477566446373565E-4
calculated iMatrix for 18, 1, 8, 19: NaN
calculated iMatrix for 18, 1, 9, 0: -0.4522132329517956
calculated iMatrix for 18, 1, 9, 1: 0.9676038202067386
calculated iMatrix for 18, 1, 9, 2: -0.10283759149467475
calculated iMatrix for 18, 1, 9, 3: 0.04334491868340662
calculated iMatrix for 18, 1, 9, 4: -0.31794897111162035
calculated iMatrix for 18, 1, 9, 5: -0.6373797418779816
calculated iMatrix for 18, 1, 9, 6: -0.08036473564261615
calculated iMatrix for 18, 1, 9, 7: 0.8134531403794802
calculated iMatrix for 18, 1, 9, 8: -0.24741882030578255
calculated iMatrix for 18, 1, 9, 9: -0.28515914828862954
calculated iMatrix for 18, 1, 9, 10: 0.8134531403794802
calculated iMatrix for 18, 1, 9, 11: -0.12481649821344998
calculated iMatrix for 18, 1, 9, 12: -1.0110961516715657
calculated iMatrix for 18, 1, 9, 13: -0.7028943489886081
calculated iMatrix for 18, 1, 9, 14: 0.09290698563142052
calculated iMatrix for 18, 1, 9, 15: -0.15413088588222534
calculated iMatrix for 18, 1, 9, 16: 0.3579776116966545
calculated iMatrix for 18, 1, 9, 17: 0.8857738019591064
calculated iMatrix for 18, 1, 9, 18: 0.0025229241631514743
calculated iMatrix for 18, 1, 9, 19: 0.6593024605522219
calculated iMatrix for 18, 1, 10, 0: -0.3009075052567687
calculated iMatrix for 18, 1, 10, 1: -0.19814777129899963
calculated iMatrix for 18, 1, 10, 2: 0.31136119658224415
calculated iMatrix for 18, 1, 10, 3: -0.28515914828862954
calculated iMatrix for 18, 1, 10, 4: 0.2256664754773613
calculated iMatrix for 18, 1, 10, 5: -0.17694556364839664
calculated iMatrix for 18, 1, 10, 6: -0.3905196639464559
calculated iMatrix for 18, 1, 10, 7: 0.6058137756012357
calculated iMatrix for 18, 1, 10, 8: -0.6646487699935333
calculated iMatrix for 18, 1, 10, 9: 0.24435860848951374
calculated iMatrix for 18, 1, 10, 10: -0.5728412207404103
calculated iMatrix for 18, 1, 10, 11: -0.24515381367493028
calculated iMatrix for 18, 1, 10, 12: 0.43875969093806955
calculated iMatrix for 18, 1, 10, 13: -0.39956949946637366
calculated iMatrix for 18, 1, 10, 14: -0.1420583046479561
calculated iMatrix for 18, 1, 10, 15: 0.30835819132247455
calculated iMatrix for 18, 1, 10, 16: 0.10195682115133842
calculated iMatrix for 18, 1, 10, 17: 0.2203894183765176
calculated iMatrix for 18, 1, 10, 18: 0.12030595981953496
calculated iMatrix for 18, 1, 10, 19: -0.19814777129899963
calculated iMatrix for 18, 1, 11, 0: -0.13562741431766567
calculated iMatrix for 18, 1, 11, 1: 0.6956701047230968
calculated iMatrix for 18, 1, 11, 2: -0.007527411690349983
calculated iMatrix for 18, 1, 11, 3: -0.4595125354334071
calculated iMatrix for 18, 1, 11, 4: -0.4502388986480781
calculated iMatrix for 18, 1, 11, 5: 0.10377665786832435
calculated iMatrix for 18, 1, 11, 6: 0.5032982120756406
calculated iMatrix for 18, 1, 11, 7: 0.43875969093806955
calculated iMatrix for 18, 1, 11, 8: 0.06901266543198437
calculated iMatrix for 18, 1, 11, 9: -0.30019702565316986
calculated iMatrix for 18, 1, 11, 10: -0.19814777129899963
calculated iMatrix for 18, 1, 11, 11: -0.091003133847672
calculated iMatrix for 18, 1, 11, 12: 0.43875969093806955
calculated iMatrix for 18, 1, 11, 13: -0.022794883821138368
calculated iMatrix for 18, 1, 11, 14: -0.31047695627291927
calculated iMatrix for 18, 1, 11, 15: -0.13562741431766567
calculated iMatrix for 18, 1, 11, 16: 0.2481393313294199
calculated iMatrix for 18, 1, 11, 17: 0.007827976392844604
calculated iMatrix for 18, 1, 11, 18: -0.6334658425568451
calculated iMatrix for 18, 1, 11, 19: 0.579838289197975
calculated iMatrix for 18, 1, 12, 0: -0.22263879130729536
calculated iMatrix for 18, 1, 12, 1: 0.5903095890652705
calculated iMatrix for 18, 1, 12, 2: 0.5621387120985741
calculated iMatrix for 18, 1, 12, 3: -0.04674812484363122
calculated iMatrix for 18, 1, 12, 4: -0.3721705252782592
calculated iMatrix for 18, 1, 12, 5: 0.3914587303201052
calculated iMatrix for 18, 1, 12, 6: 0.2538373524440575
calculated iMatrix for 18, 1, 12, 7: 0.2336346451265382
calculated iMatrix for 18, 1, 12, 8: -0.19206872522261742
calculated iMatrix for 18, 1, 12, 9: -0.41869054091315205
calculated iMatrix for 18, 1, 12, 10: -0.6528839284139467
calculated iMatrix for 18, 1, 12, 11: -0.758943500374271
calculated iMatrix for 18, 1, 12, 12: 0.12030595981953496
calculated iMatrix for 18, 1, 12, 13: -0.7180232305849081
calculated iMatrix for 18, 1, 12, 14: -0.23969677421187208
calculated iMatrix for 18, 1, 12, 15: 0.5111722685065465
calculated iMatrix for 18, 1, 12, 16: 0.20731733680916464
calculated iMatrix for 18, 1, 12, 17: -0.3905196639464559
calculated iMatrix for 18, 1, 12, 18: 0.12030595981953496
calculated iMatrix for 18, 1, 12, 19: 0.2613845580794405
calculated iMatrix for 18, 1, 13, 0: -0.9328439547718175
calculated iMatrix for 18, 1, 13, 1: -0.3905196639464559
calculated iMatrix for 18, 1, 13, 2: 0.18218136353762238
calculated iMatrix for 18, 1, 13, 3: -0.5134178002696095
calculated iMatrix for 18, 1, 13, 4: 0.48494907340744414
calculated iMatrix for 18, 1, 13, 5: 0.21561613962385984
calculated iMatrix for 18, 1, 13, 6: 0.18484448095710604
calculated iMatrix for 18, 1, 13, 7: 0.009080324709310528
calculated iMatrix for 18, 1, 13, 8: 0.2203894183765176
calculated iMatrix for 18, 1, 13, 9: -0.9933442062131153
calculated iMatrix for 18, 1, 13, 10: -0.10283759149467475
calculated iMatrix for 18, 1, 13, 11: 0.19826750128924686
calculated iMatrix for 18, 1, 13, 12: 0.361468016636423
calculated iMatrix for 18, 1, 13, 13: 0.27937065444922227
calculated iMatrix for 18, 1, 13, 14: -0.7180232305849081
calculated iMatrix for 18, 1, 13, 15: 0.5722910835625922
calculated iMatrix for 18, 1, 13, 16: 0.19441393197325674
calculated iMatrix for 18, 1, 13, 17: 0.14440351139859542
calculated iMatrix for 18, 1, 13, 18: -0.7269919005676688
calculated iMatrix for 18, 1, 13, 19: 0.2256664754773613
calculated iMatrix for 18, 1, 14, 0: -0.25438748962187585
calculated iMatrix for 18, 1, 14, 1: 0.8134531403794802
calculated iMatrix for 18, 1, 14, 2: 0.19441393197325674
calculated iMatrix for 18, 1, 14, 3: 0.14050866713705445
calculated iMatrix for 18, 1, 14, 4: -0.08733340495870956
calculated iMatrix for 18, 1, 14, 5: 0.4079880322713158
calculated iMatrix for 18, 1, 14, 6: 0.12030595981953496
calculated iMatrix for 18, 1, 14, 7: 0.18484448095710604
calculated iMatrix for 18, 1, 14, 8: 0.047985298239908825
calculated iMatrix for 18, 1, 14, 9: -0.31964532435979875
calculated iMatrix for 18, 1, 14, 10: -0.28515914828862954
calculated iMatrix for 18, 1, 14, 11: 0.5179889274856444
calculated iMatrix for 18, 1, 14, 12: 0.2538373524440575
calculated iMatrix for 18, 1, 14, 13: -0.7269919005676688
calculated iMatrix for 18, 1, 14, 14: -0.7126031631155691
calculated iMatrix for 18, 1, 14, 15: 0.3740864805956346
calculated iMatrix for 18, 1, 14, 16: -0.09326814047852405
calculated iMatrix for 18, 1, 14, 17: -0.533620507587129
calculated iMatrix for 18, 1, 14, 18: -0.22800073444868074
calculated iMatrix for 18, 1, 14, 19: -0.31794897111162035
calculated iMatrix for 18, 1, 15, 0: -0.175158253074301
calculated iMatrix for 18, 1, 15, 1: 0.9676038202067386
calculated iMatrix for 18, 1, 15, 2: -0.21616627680167788
calculated iMatrix for 18, 1, 15, 3: -0.1879953998349817
calculated iMatrix for 18, 1, 15, 4: 0.1595266729728163
calculated iMatrix for 18, 1, 15, 5: 0.39793769641781446
calculated iMatrix for 18, 1, 15, 6: 0.47698090375826735
calculated iMatrix for 18, 1, 15, 7: -0.6387991885322077
calculated iMatrix for 18, 1, 15, 8: 0.18218136353762238
calculated iMatrix for 18, 1, 15, 9: -0.4948796792706984
calculated iMatrix for 18, 1, 15, 10: 0.19441393197325674
calculated iMatrix for 18, 1, 15, 11: 0.21127773802526173
calculated iMatrix for 18, 1, 15, 12: 0.3316150534867419
calculated iMatrix for 18, 1, 15, 13: -0.3496976694262006
calculated iMatrix for 18, 1, 15, 14: -0.25698827132193314
calculated iMatrix for 18, 1, 15, 15: -0.12264021879085452
calculated iMatrix for 18, 1, 15, 16: 0.5415194248958384
calculated iMatrix for 18, 1, 15, 17: -0.054047427325242814
calculated iMatrix for 18, 1, 15, 18: 0.4567781964407478
calculated iMatrix for 18, 1, 15, 19: -0.4103222912426354
calculated iMatrix for 18, 1, 16, 0: -0.4009909638137512
calculated iMatrix for 18, 1, 16, 1: 0.6311315835855257
calculated iMatrix for 18, 1, 16, 2: 0.09290698563142052
calculated iMatrix for 18, 1, 16, 3: -0.4628403255260818
calculated iMatrix for 18, 1, 16, 4: -0.25698827132193314
calculated iMatrix for 18, 1, 16, 5: 0.04274772547366046
calculated iMatrix for 18, 1, 16, 6: 0.21561613962385984
calculated iMatrix for 18, 1, 16, 7: -0.3057784354913653
calculated iMatrix for 18, 1, 16, 8: -0.11330889136197031
calculated iMatrix for 18, 1, 16, 9: -0.6528839284139467
calculated iMatrix for 18, 1, 16, 10: -0.9783063288485747
calculated iMatrix for 18, 1, 16, 11: 0.12030595981953496
calculated iMatrix for 18, 1, 16, 12: 0.34344951113374467
calculated iMatrix for 18, 1, 16, 13: 0.15667360399040975
calculated iMatrix for 18, 1, 16, 14: -0.47753104093608534
calculated iMatrix for 18, 1, 16, 15: 0.0996866726167992
calculated iMatrix for 18, 1, 16, 16: 0.7893555888004197
calculated iMatrix for 18, 1, 16, 17: 0.12030595981953496
calculated iMatrix for 18, 1, 16, 18: 0.5032982120756406
calculated iMatrix for 18, 1, 16, 19: 0.20731733680916464
calculated iMatrix for 18, 2, 0, 0: -0.07628879294198088
calculated iMatrix for 18, 2, 0, 1: 0.5145795384975462
calculated iMatrix for 18, 2, 0, 2: 0.45004101735997504
calculated iMatrix for 18, 2, 0, 3: 0.13508991679264254
calculated iMatrix for 18, 2, 0, 4: -0.41697866550739726
calculated iMatrix for 18, 2, 0, 5: -0.11402912092482798
calculated iMatrix for 18, 2, 0, 6: 0.10911443038938179
calculated iMatrix for 18, 2, 0, 7: -0.347643972106333
calculated iMatrix for 18, 2, 0, 8: -0.09155626507276937
calculated iMatrix for 18, 2, 0, 9: 0.099635686434838
calculated iMatrix for 18, 2, 0, 10: 0.7769438029650373
calculated iMatrix for 18, 2, 0, 11: -0.04503624943787654
calculated iMatrix for 18, 2, 0, 12: 0.0037539147315555077
calculated iMatrix for 18, 2, 0, 13: 0.10911443038938179
calculated iMatrix for 18, 2, 0, 14: -0.23919226387883397
calculated iMatrix for 18, 2, 0, 15: -0.09448452485185765
calculated iMatrix for 18, 2, 0, 16: -0.06078460640601557
calculated iMatrix for 18, 2, 0, 17: -0.011513557399232877
calculated iMatrix for 18, 2, 0, 18: 0.4404715663438244
calculated iMatrix for 18, 2, 0, 19: -0.09852493438886267
calculated iMatrix for 18, 2, 1, 0: 0.39443522665548303
calculated iMatrix for 18, 2, 1, 1: -0.25861034973593544
calculated iMatrix for 18, 2, 1, 2: 0.012487594700310134
calculated iMatrix for 18, 2, 1, 3: -0.37639338539231904
calculated iMatrix for 18, 2, 1, 4: 0.10911443038938179
calculated iMatrix for 18, 2, 1, 5: -0.19316644148355167
calculated iMatrix for 18, 2, 1, 6: -0.031964167870523696
calculated iMatrix for 18, 2, 1, 7: 0.22689746604576533
calculated iMatrix for 18, 2, 1, 8: -0.17856764206239906
calculated iMatrix for 18, 2, 1, 9: -0.10957477057544762
calculated iMatrix for 18, 2, 1, 10: 0.06259441475448896
calculated iMatrix for 18, 2, 1, 11: -0.5599351985915029
calculated iMatrix for 18, 2, 1, 12: -0.17856764206239906
calculated iMatrix for 18, 2, 1, 13: 0.14301598206506327
calculated iMatrix for 18, 2, 1, 14: 0.1716347873707159
calculated iMatrix for 18, 2, 1, 15: 0.4422588769179201
calculated iMatrix for 18, 2, 1, 16: -0.46624971451417996
calculated iMatrix for 18, 2, 1, 17: 0.24428920875763455
calculated iMatrix for 18, 2, 1, 18: 0.39679650284116275
calculated iMatrix for 18, 2, 1, 19: -0.17856764206239906
calculated iMatrix for 18, 2, 2, 0: 0.15790459455881378
calculated iMatrix for 18, 2, 2, 1: -0.7381834299978218
calculated iMatrix for 18, 2, 2, 2: 0.2968560546526757
calculated iMatrix for 18, 2, 2, 3: -0.254553549040321
calculated iMatrix for 18, 2, 2, 4: -0.34562172672556524
calculated iMatrix for 18, 2, 2, 5: -0.27094096219341424
calculated iMatrix for 18, 2, 2, 6: 0.04457590925181065
calculated iMatrix for 18, 2, 2, 7: 0.5770998954788802
calculated iMatrix for 18, 2, 2, 8: 0.12067525279045782
calculated iMatrix for 18, 2, 2, 9: -0.23683655018637484
calculated iMatrix for 18, 2, 2, 10: -0.5268743363306148
calculated iMatrix for 18, 2, 2, 11: 0.07521287871370058
calculated iMatrix for 18, 2, 2, 12: 0.13988608905613553
calculated iMatrix for 18, 2, 2, 13: 0.10911443038938179
calculated iMatrix for 18, 2, 2, 14: -0.053404499108393066
calculated iMatrix for 18, 2, 2, 15: -0.11402912092482798
calculated iMatrix for 18, 2, 2, 16: 0.10911443038938179
calculated iMatrix for 18, 2, 2, 17: -0.17856764206239906
calculated iMatrix for 18, 2, 2, 18: -0.10445966990867728
calculated iMatrix for 18, 2, 2, 19: 0.3032704448303393
calculated iMatrix for 18, 2, 3, 0: 0.5860385024796912
calculated iMatrix for 18, 2, 3, 1: -1.190168553740879
calculated iMatrix for 18, 2, 3, 2: 0.07736573207480163
calculated iMatrix for 18, 2, 3, 3: 0.5145795384975462
calculated iMatrix for 18, 2, 3, 4: -0.029035908091435303
calculated iMatrix for 18, 2, 3, 5: -0.27387782186672394
calculated iMatrix for 18, 2, 3, 6: -0.8717148226223443
calculated iMatrix for 18, 2, 3, 7: -0.4572810445314196
calculated iMatrix for 18, 2, 3, 8: -0.26312503009046206
calculated iMatrix for 18, 2, 3, 9: 0.35695059429396303
calculated iMatrix for 18, 2, 3, 10: 0.8330332696160808
calculated iMatrix for 18, 2, 3, 11: -0.2273578062318311
calculated iMatrix for 18, 2, 3, 12: -0.15189939498023786
calculated iMatrix for 18, 2, 3, 13: -0.008668605267001639
calculated iMatrix for 18, 2, 3, 14: -0.08012756924914655
calculated iMatrix for 18, 2, 3, 15: -0.07320712640457272
calculated iMatrix for 18, 2, 3, 16: -0.006717385135739828
calculated iMatrix for 18, 2, 3, 17: -0.46624971451417996
calculated iMatrix for 18, 2, 3, 18: 0.39679650284116275
calculated iMatrix for 18, 2, 3, 19: -0.33271832188965744
calculated iMatrix for 18, 2, 4, 0: 0.724874947333907
calculated iMatrix for 18, 2, 4, 1: -0.40171119337660877
calculated iMatrix for 18, 2, 4, 2: -0.17856764206239906
calculated iMatrix for 18, 2, 4, 3: 0.3222076458500901
calculated iMatrix for 18, 2, 4, 4: -0.016048712564624146
calculated iMatrix for 18, 2, 4, 5: -0.4085840726643709
calculated iMatrix for 18, 2, 4, 6: -0.10445966990867728
calculated iMatrix for 18, 2, 4, 7: 0.013804250585056965
calculated iMatrix for 18, 2, 4, 8: -0.5385703760938061
calculated iMatrix for 18, 2, 4, 9: 0.2963259724775283
calculated iMatrix for 18, 2, 4, 10: -0.9894978582787279
calculated iMatrix for 18, 2, 4, 11: -0.08325746225807418
calculated iMatrix for 18, 2, 4, 12: -0.3120990346869217
calculated iMatrix for 18, 2, 4, 13: 0.08713552367060662
calculated iMatrix for 18, 2, 4, 14: 0.3032704448303393
calculated iMatrix for 18, 2, 4, 15: -0.1360080276436032
calculated iMatrix for 18, 2, 4, 16: 0.18915713806291823
calculated iMatrix for 18, 2, 4, 17: -0.26557901905202885
calculated iMatrix for 18, 2, 4, 18: -0.09155626507276937
calculated iMatrix for 18, 2, 4, 19: -0.04503624943787654
calculated iMatrix for 18, 2, 5, 0: 0.01814265218365524
calculated iMatrix for 18, 2, 5, 1: -1.0258655024496028
calculated iMatrix for 18, 2, 5, 2: 0.21977999827690126
calculated iMatrix for 18, 2, 5, 3: 0.8510517751187592
calculated iMatrix for 18, 2, 5, 4: -0.08012756924914655
calculated iMatrix for 18, 2, 5, 5: -0.8103458762460525
calculated iMatrix for 18, 2, 5, 6: 0.42756816150791643
calculated iMatrix for 18, 2, 5, 7: 0.34022615135276846
calculated iMatrix for 18, 2, 5, 8: 0.0933660734212427
calculated iMatrix for 18, 2, 5, 9: 0.17810730187633333
calculated iMatrix for 18, 2, 5, 10: 0.5946222461710826
calculated iMatrix for 18, 2, 5, 11: -0.5385703760938061
calculated iMatrix for 18, 2, 5, 12: -0.30218159802957567
calculated iMatrix for 18, 2, 5, 13: 0.0037539147315555077
calculated iMatrix for 18, 2, 5, 14: 0.6969010952915008
calculated iMatrix for 18, 2, 5, 15: -0.2803503363723414
calculated iMatrix for 18, 2, 5, 16: -0.26194925100145006
calculated iMatrix for 18, 2, 5, 17: 0.099635686434838
calculated iMatrix for 18, 2, 5, 18: -0.04503624943787654
calculated iMatrix for 18, 2, 5, 19: 0.06259441475448896
calculated iMatrix for 18, 2, 6, 0: 0.10911443038938179
calculated iMatrix for 18, 2, 6, 1: -1.7880055544964992
calculated iMatrix for 18, 2, 6, 2: 0.01814265218365524
calculated iMatrix for 18, 2, 6, 3: 0.15167404480817775
calculated iMatrix for 18, 2, 6, 4: -0.5840327501705636
calculated iMatrix for 18, 2, 6, 5: -0.6380999714408393
calculated iMatrix for 18, 2, 6, 6: -0.2839281577202254
calculated iMatrix for 18, 2, 6, 7: -0.13204762642750623
calculated iMatrix for 18, 2, 6, 8: 0.18244570347493144
calculated iMatrix for 18, 2, 6, 9: 0.3109805832563067
calculated iMatrix for 18, 2, 6, 10: 0.3139088430353951
calculated iMatrix for 18, 2, 6, 11: 0.2044246101937066
calculated iMatrix for 18, 2, 6, 12: -0.9613269813120315
calculated iMatrix for 18, 2, 6, 13: 0.3919772164052138
calculated iMatrix for 18, 2, 6, 14: 0.5812709129962184
calculated iMatrix for 18, 2, 6, 15: 0.16627284422933053
calculated iMatrix for 18, 2, 6, 16: -0.22986093644994965
calculated iMatrix for 18, 2, 6, 17: -0.02093869785881597
calculated iMatrix for 18, 2, 6, 18: 0.06259441475448896
calculated iMatrix for 18, 2, 6, 19: 0.24014269279578593
calculated iMatrix for 18, 2, 7, 0: 0.778731113539133
calculated iMatrix for 18, 2, 7, 1: -0.49702137318093365
calculated iMatrix for 18, 2, 7, 2: 0.4021015550708559
calculated iMatrix for 18, 2, 7, 3: 0.6969010952915008
calculated iMatrix for 18, 2, 7, 4: 0.15790459455881378
calculated iMatrix for 18, 2, 7, 5: -0.9388541254599729
calculated iMatrix for 18, 2, 7, 6: -0.5070717090344352
calculated iMatrix for 18, 2, 7, 7: 0.06829243586912676
calculated iMatrix for 18, 2, 7, 8: -0.2839281577202254
calculated iMatrix for 18, 2, 7, 9: 0.36042885867028784
calculated iMatrix for 18, 2, 7, 10: -0.5150398786836119
calculated iMatrix for 18, 2, 7, 11: -0.3562488192998514
calculated iMatrix for 18, 2, 7, 12: -0.5150398786836119
calculated iMatrix for 18, 2, 7, 13: 0.43119792955849523
calculated iMatrix for 18, 2, 7, 14: 0.08969634453228026
calculated iMatrix for 18, 2, 7, 15: 0.0907652917211853
calculated iMatrix for 18, 2, 7, 16: -0.6168225729935544
calculated iMatrix for 18, 2, 7, 17: -0.30218159802957567
calculated iMatrix for 18, 2, 7, 18: 0.04457590925181065
calculated iMatrix for 18, 2, 7, 19: -0.14466609038671763
calculated iMatrix for 18, 2, 8, 0: NaN
calculated iMatrix for 18, 2, 8, 1: NaN
calculated iMatrix for 18, 2, 8, 2: NaN
calculated iMatrix for 18, 2, 8, 3: NaN
calculated iMatrix for 18, 2, 8, 4: NaN
calculated iMatrix for 18, 2, 8, 5: NaN
calculated iMatrix for 18, 2, 8, 6: NaN
calculated iMatrix for 18, 2, 8, 7: NaN
calculated iMatrix for 18, 2, 8, 8: NaN
calculated iMatrix for 18, 2, 8, 9: NaN
calculated iMatrix for 18, 2, 8, 10: NaN
calculated iMatrix for 18, 2, 8, 11: NaN
calculated iMatrix for 18, 2, 8, 12: NaN
calculated iMatrix for 18, 2, 8, 13: NaN
calculated iMatrix for 18, 2, 8, 14: NaN
calculated iMatrix for 18, 2, 8, 15: NaN
calculated iMatrix for 18, 2, 8, 16: NaN
calculated iMatrix for 18, 2, 8, 17: NaN
calculated iMatrix for 18, 2, 8, 18: 9.210516472514252E-4
calculated iMatrix for 18, 2, 8, 19: NaN
calculated iMatrix for 18, 2, 9, 0: 0.7152502339596974
calculated iMatrix for 18, 2, 9, 1: -1.9703271112904541
calculated iMatrix for 18, 2, 9, 2: -0.46624971451417996
calculated iMatrix for 18, 2, 9, 3: 0.18244570347493144
calculated iMatrix for 18, 2, 9, 4: 0.5633697026669783
calculated iMatrix for 18, 2, 9, 5: -0.1976158370330936
calculated iMatrix for 18, 2, 9, 6: 0.055047209119106044
calculated iMatrix for 18, 2, 9, 7: -0.17856764206239906
calculated iMatrix for 18, 2, 9, 8: 0.285005096853046
calculated iMatrix for 18, 2, 9, 9: 0.8659774253354349
calculated iMatrix for 18, 2, 9, 10: -0.17856764206239906
calculated iMatrix for 18, 2, 9, 11: -0.13204762642750623
calculated iMatrix for 18, 2, 9, 12: -1.094858373936554
calculated iMatrix for 18, 2, 9, 13: 0.5145795384975462
calculated iMatrix for 18, 2, 9, 14: 0.33225798170359166
calculated iMatrix for 18, 2, 9, 15: -0.45300448776415936
calculated iMatrix for 18, 2, 9, 16: -1.0078469969469244
calculated iMatrix for 18, 2, 9, 17: -0.5680324088241224
calculated iMatrix for 18, 2, 9, 18: 0.04457590925181065
calculated iMatrix for 18, 2, 9, 19: -0.550131198494882
calculated iMatrix for 18, 2, 10, 0: 0.7271409804812191
calculated iMatrix for 18, 2, 10, 1: -2.1244777911177124
calculated iMatrix for 18, 2, 10, 2: -0.6965107335972538
calculated iMatrix for 18, 2, 10, 3: 0.17810730187633333
calculated iMatrix for 18, 2, 10, 4: -0.07320712640457272
calculated iMatrix for 18, 2, 10, 5: -0.6403856867216953
calculated iMatrix for 18, 2, 10, 6: 0.5145795384975462
calculated iMatrix for 18, 2, 10, 7: -0.7271335938112369
calculated iMatrix for 18, 2, 10, 8: 0.6864297954242055
calculated iMatrix for 18, 2, 10, 9: -0.054514993392420275
calculated iMatrix for 18, 2, 10, 10: 0.6481109311220687
calculated iMatrix for 18, 2, 10, 11: 0.083796622405092
calculated iMatrix for 18, 2, 10, 12: -1.3896579141571992
calculated iMatrix for 18, 2, 10, 13: 0.7658939667784523
calculated iMatrix for 18, 2, 10, 14: 0.7377230898117559
calculated iMatrix for 18, 2, 10, 15: -0.08325746225807418
calculated iMatrix for 18, 2, 10, 16: 0.01674111025836661
calculated iMatrix for 18, 2, 10, 17: -0.15324983407810933
calculated iMatrix for 18, 2, 10, 18: -0.17856764206239906
calculated iMatrix for 18, 2, 10, 19: -0.17856764206239906
calculated iMatrix for 18, 2, 11, 0: 0.233677153031144
calculated iMatrix for 18, 2, 11, 1: -0.6640754578440999
calculated iMatrix for 18, 2, 11, 2: -0.6595403026787086
calculated iMatrix for 18, 2, 11, 3: -0.20209813947259325
calculated iMatrix for 18, 2, 11, 4: 0.5484810901732277
calculated iMatrix for 18, 2, 11, 5: -0.29635067771878254
calculated iMatrix for 18, 2, 11, 6: 0.04457590925181065
calculated iMatrix for 18, 2, 11, 7: -0.016048712564624146
calculated iMatrix for 18, 2, 11, 8: 0.06655481597058582
calculated iMatrix for 18, 2, 11, 9: 0.6722084827011293
calculated iMatrix for 18, 2, 11, 10: 0.6481109311220687
calculated iMatrix for 18, 2, 11, 11: 0.1372853073560782
calculated iMatrix for 18, 2, 11, 12: -1.7678028471789802
calculated iMatrix for 18, 2, 11, 13: 0.08969634453228026
calculated iMatrix for 18, 2, 11, 14: 0.4012508531905431
calculated iMatrix for 18, 2, 11, 15: -0.05876644224977845
calculated iMatrix for 18, 2, 11, 16: -0.11402912092482798
calculated iMatrix for 18, 2, 11, 17: 0.09684433779756757
calculated iMatrix for 18, 2, 11, 18: 0.02907172271584546
calculated iMatrix for 18, 2, 11, 19: -0.21365896187366917
calculated iMatrix for 18, 2, 12, 0: 0.41926935869322135
calculated iMatrix for 18, 2, 12, 1: -1.5648620031822895
calculated iMatrix for 18, 2, 12, 2: -0.9517575302958807
calculated iMatrix for 18, 2, 12, 3: -0.2193896365826542
calculated iMatrix for 18, 2, 12, 4: 0.3010054381994872
calculated iMatrix for 18, 2, 12, 5: -0.20842060521208028
calculated iMatrix for 18, 2, 12, 6: 0.33225798170359166
calculated iMatrix for 18, 2, 12, 7: 0.04457590925181065
calculated iMatrix for 18, 2, 12, 8: -0.07320712640457272
calculated iMatrix for 18, 2, 12, 9: 0.7087355529385037
calculated iMatrix for 18, 2, 12, 10: 0.7658939667784523
calculated iMatrix for 18, 2, 12, 11: 0.19949849185765084
calculated iMatrix for 18, 2, 12, 12: -0.704660737959178
calculated iMatrix for 18, 2, 12, 13: 0.3810481458730236
calculated iMatrix for 18, 2, 12, 14: 0.3764292000167291
calculated iMatrix for 18, 2, 12, 15: -0.21630797004524616
calculated iMatrix for 18, 2, 12, 16: -0.3608891988563536
calculated iMatrix for 18, 2, 12, 17: 0.36042885867028784
calculated iMatrix for 18, 2, 12, 18: 0.2914359871833365
calculated iMatrix for 18, 2, 12, 19: -0.5840327501705636
calculated iMatrix for 18, 2, 13, 0: 0.6932713272409221
calculated iMatrix for 18, 2, 13, 1: -0.29635067771878254
calculated iMatrix for 18, 2, 13, 2: 0.12067525279045782
calculated iMatrix for 18, 2, 13, 3: 0.6437912699775525
calculated iMatrix for 18, 2, 13, 4: -0.5532610915038099
calculated iMatrix for 18, 2, 13, 5: 0.055047209119106044
calculated iMatrix for 18, 2, 13, 6: -0.3120990346869217
calculated iMatrix for 18, 2, 13, 7: -0.04503624943787654
calculated iMatrix for 18, 2, 13, 8: 0.1372853073560782
calculated iMatrix for 18, 2, 13, 9: 0.4119253844374629
calculated iMatrix for 18, 2, 13, 10: 0.41926935869322135
calculated iMatrix for 18, 2, 13, 11: -0.5150398786836119
calculated iMatrix for 18, 2, 13, 12: -0.3504178989890584
calculated iMatrix for 18, 2, 13, 13: -0.6428732501934968
calculated iMatrix for 18, 2, 13, 14: 0.10911443038938179
calculated iMatrix for 18, 2, 13, 15: -0.7903691831683919
calculated iMatrix for 18, 2, 13, 16: -0.10445966990867728
calculated iMatrix for 18, 2, 13, 17: -0.1544700904833386
calculated iMatrix for 18, 2, 13, 18: 0.8712544824362787
calculated iMatrix for 18, 2, 13, 19: -0.7847034456327147
calculated iMatrix for 18, 2, 14, 0: 0.233677153031144
calculated iMatrix for 18, 2, 14, 1: -0.33271832188965744
calculated iMatrix for 18, 2, 14, 2: -0.6518553465093244
calculated iMatrix for 18, 2, 14, 3: 0.18736662728913
calculated iMatrix for 18, 2, 14, 4: -0.17856764206239906
calculated iMatrix for 18, 2, 14, 5: -0.33271832188965744
calculated iMatrix for 18, 2, 14, 6: -0.17856764206239906
calculated iMatrix for 18, 2, 14, 7: -0.21135746488538987
calculated iMatrix for 18, 2, 14, 8: 0.02907172271584546
calculated iMatrix for 18, 2, 14, 9: 0.30872748429339747
calculated iMatrix for 18, 2, 14, 10: -0.17856764206239906
calculated iMatrix for 18, 2, 14, 11: -0.0033635530373085087
calculated iMatrix for 18, 2, 14, 12: -0.12450042079212331
calculated iMatrix for 18, 2, 14, 13: 0.475358825344265
calculated iMatrix for 18, 2, 14, 14: 0.5145795384975462
calculated iMatrix for 18, 2, 14, 15: -0.4111899373311525
calculated iMatrix for 18, 2, 14, 16: 0.2108971246993242
calculated iMatrix for 18, 2, 14, 17: -0.2508883036420252
calculated iMatrix for 18, 2, 14, 18: 0.42756816150791643
calculated iMatrix for 18, 2, 14, 19: 0.2694570804645613
calculated iMatrix for 18, 2, 15, 0: -0.005295920788362274
calculated iMatrix for 18, 2, 15, 1: -1.190168553740879
calculated iMatrix for 18, 2, 15, 2: -0.10060610059268715
calculated iMatrix for 18, 2, 15, 3: 0.24428920875763455
calculated iMatrix for 18, 2, 15, 4: -0.1393469289091177
calculated iMatrix for 18, 2, 15, 5: -0.44427080779540473
calculated iMatrix for 18, 2, 15, 6: -0.17856764206239906
calculated iMatrix for 18, 2, 15, 7: 0.5835724099844977
calculated iMatrix for 18, 2, 15, 8: 0.0037539147315555077
calculated iMatrix for 18, 2, 15, 9: 0.6424129100074312
calculated iMatrix for 18, 2, 15, 10: -0.33271832188965744
calculated iMatrix for 18, 2, 15, 11: -0.1555781238377003
calculated iMatrix for 18, 2, 15, 12: 0.0327414516048079
calculated iMatrix for 18, 2, 15, 13: 0.1289170576855616
calculated iMatrix for 18, 2, 15, 14: 0.21447494604720807
calculated iMatrix for 18, 2, 15, 15: -0.15751423286456678
calculated iMatrix for 18, 2, 15, 16: -0.5483146675684842
calculated iMatrix for 18, 2, 15, 17: -0.03398641325129159
calculated iMatrix for 18, 2, 15, 18: -0.09155626507276937
calculated iMatrix for 18, 2, 15, 19: -0.04503624943787654
calculated iMatrix for 18, 2, 16, 0: 0.149119765003081
calculated iMatrix for 18, 2, 16, 1: 0.33225798170359166
calculated iMatrix for 18, 2, 16, 2: -0.2059666162505135
calculated iMatrix for 18, 2, 16, 3: -0.04503624943787654
calculated iMatrix for 18, 2, 16, 4: 0.38674616698766134
calculated iMatrix for 18, 2, 16, 5: -0.25612587640827356
calculated iMatrix for 18, 2, 16, 6: 0.18915713806291823
calculated iMatrix for 18, 2, 16, 7: 0.17283024477548953
calculated iMatrix for 18, 2, 16, 8: 0.18322240254310374
calculated iMatrix for 18, 2, 16, 9: 0.16093949825396792
calculated iMatrix for 18, 2, 16, 10: 0.6098897183018712
calculated iMatrix for 18, 2, 16, 11: 0.238326161869388
calculated iMatrix for 18, 2, 16, 12: -0.29635067771878254
calculated iMatrix for 18, 2, 16, 13: -0.14219999789152427
calculated iMatrix for 18, 2, 16, 14: 0.39679650284116275
calculated iMatrix for 18, 2, 16, 15: 0.1545768044661392
calculated iMatrix for 18, 2, 16, 16: -0.5680324088241224
calculated iMatrix for 18, 2, 16, 17: -0.17856764206239906
calculated iMatrix for 18, 2, 16, 18: 0.04457590925181065
calculated iMatrix for 18, 2, 16, 19: -0.4572810445314196
calculated fs for 0: [J@4b32ace3
calculated fs for 0: [J@4b32ace3
calculated fs for 0: [J@4b32ace3
calculated fs for 0: [J@4b32ace3
calculated fs for 0: [J@4b32ace3
calculated fs for 0: [J@4b32ace3
calculated fs for 0: [J@4b32ace3
calculated fs for 0: [J@4b32ace3
calculated fs for 0: [J@4b32ace3
calculated fs for 0: [J@4b32ace3
calculated fs for 0: [J@4b32ace3
calculated fs for 0: [J@4b32ace3
calculated fs for 0: [J@4b32ace3
calculated fs for 0: [J@4b32ace3
calculated fs for 0: [J@4b32ace3
calculated fs for 0: [J@4b32ace3
calculated fs for 0: [J@4b32ace3
calculated fs for 0: [J@4b32ace3
calculated fs for 0: [J@4b32ace3
calculated fs for 0: [J@4b32ace3
calculated fs for 0: [J@4b32ace3
calculated fs for 0: [J@4b32ace3
calculated fs for 0: [J@4b32ace3
calculated fs for 0: [J@4b32ace3
calculated fs for 0: [J@4b32ace3
calculated fs for 0: [J@4b32ace3
calculated fs for 0: [J@4b32ace3
calculated fs for 0: [J@4b32ace3
calculated fs for 0: [J@4b32ace3
calculated fs for 0: [J@4b32ace3
calculated fs for 0: [J@4b32ace3
calculated fs for 0: [J@4b32ace3
calculated fs for 0: [J@4b32ace3
calculated fs for 0: [J@4b32ace3
calculated fs for 0: [J@4b32ace3
calculated fs for 0: [J@4b32ace3
calculated fs for 0: [J@4b32ace3
calculated fs for 0: [J@4b32ace3
calculated fs for 0: [J@4b32ace3
calculated fs for 0: [J@4b32ace3
calculated fs for 0: [J@4b32ace3
calculated fs for 0: [J@4b32ace3
calculated fs for 0: [J@4b32ace3
calculated fs for 0: [J@4b32ace3
calculated fs for 0: [J@4b32ace3
calculated fs for 0: [J@4b32ace3
calculated fs for 0: [J@4b32ace3
calculated fs for 0: [J@4b32ace3
calculated fs for 0: [J@4b32ace3
calculated fs for 0: [J@4b32ace3
calculated fs for 0: [J@4b32ace3
calculated fs for 0: [J@4b32ace3
calculated fs for 0: [J@4b32ace3
calculated fs for 0: [J@4b32ace3
calculated fs for 0: [J@4b32ace3
calculated fs for 0: [J@4b32ace3
calculated fs for 0: [J@4b32ace3
calculated fs for 0: [J@4b32ace3
calculated fs for 0: [J@4b32ace3
calculated fs for 0: [J@4b32ace3
calculated fs for 0: [J@4b32ace3
calculated fs for 0: [J@4b32ace3
calculated fs for 0: [J@4b32ace3
calculated fs for 0: [J@4b32ace3
calculated fs for 0: [J@4b32ace3
calculated fs for 0: [J@4b32ace3
calculated fs for 0: [J@4b32ace3
calculated fs for 0: [J@4b32ace3
calculated fs for 0: [J@4b32ace3
calculated fs for 0: [J@4b32ace3
calculated fs for 0: [J@4b32ace3
calculated fs for 0: [J@4b32ace3
calculated fs for 0: [J@4b32ace3
calculated fs for 0: [J@4b32ace3
calculated fs for 0: [J@4b32ace3
calculated fs for 0: [J@4b32ace3
calculated fs for 0: [J@4b32ace3
calculated fs for 0: [J@4b32ace3
calculated fs for 0: [J@4b32ace3
calculated fs for 0: [J@4b32ace3
calculated fs for 0: [J@4b32ace3
calculated fs for 0: [J@4b32ace3
calculated fs for 0: [J@4b32ace3
calculated fs for 0: [J@4b32ace3
calculated fs for 0: [J@4b32ace3
calculated fs for 0: [J@4b32ace3
calculated fs for 0: [J@4b32ace3
calculated fs for 0: [J@4b32ace3
calculated fs for 0: [J@4b32ace3
calculated fs for 0: [J@4b32ace3
calculated fs for 0: [J@4b32ace3
calculated fs for 0: [J@4b32ace3
calculated fs for 0: [J@4b32ace3
calculated fs for 0: [J@4b32ace3
calculated fs for 0: [J@4b32ace3
calculated fs for 0: [J@4b32ace3
calculated fs for 0: [J@4b32ace3
calculated fs for 0: [J@4b32ace3
calculated fs for 0: [J@4b32ace3
calculated fs for 0: [J@4b32ace3
calculated fs for 0: [J@4b32ace3
calculated fs for 0: [J@4b32ace3
calculated fs for 0: [J@4b32ace3
calculated fs for 0: [J@4b32ace3
calculated fs for 0: [J@4b32ace3
calculated fs for 0: [J@4b32ace3
calculated fs for 0: [J@4b32ace3
calculated fs for 0: [J@4b32ace3
calculated fs for 0: [J@4b32ace3
calculated fs for 0: [J@4b32ace3
calculated fs for 0: [J@4b32ace3
calculated fs for 0: [J@4b32ace3
calculated fs for 0: [J@4b32ace3
calculated fs for 0: [J@4b32ace3
calculated fs for 0: [J@4b32ace3
calculated fs for 0: [J@4b32ace3
calculated fs for 0: [J@4b32ace3
calculated fs for 0: [J@4b32ace3
calculated fs for 0: [J@4b32ace3
calculated fs for 0: [J@4b32ace3
calculated fs for 0: [J@4b32ace3
calculated fs for 0: [J@4b32ace3
calculated fs for 0: [J@4b32ace3
calculated fs for 0: [J@4b32ace3
calculated fs for 0: [J@4b32ace3
calculated fs for 0: [J@4b32ace3
calculated fs for 0: [J@4b32ace3
calculated fs for 0: [J@4b32ace3
calculated fs for 0: [J@4b32ace3
calculated fs for 0: [J@4b32ace3
calculated fs for 0: [J@4b32ace3
calculated fs for 0: [J@4b32ace3
calculated fs for 0: [J@4b32ace3
calculated fs for 0: [J@4b32ace3
calculated fs for 0: [J@4b32ace3
calculated fs for 0: [J@4b32ace3
calculated fs for 0: [J@4b32ace3
calculated fs for 0: [J@4b32ace3
calculated fs for 0: [J@4b32ace3
calculated fs for 0: [J@4b32ace3
calculated fs for 0: [J@4b32ace3
calculated fs for 0: [J@4b32ace3
calculated fs for 0: [J@4b32ace3
calculated fs for 0: [J@4b32ace3
calculated fs for 0: [J@4b32ace3
calculated fs for 0: [J@4b32ace3
calculated fs for 0: [J@4b32ace3
calculated fs for 0: [J@4b32ace3
calculated fs for 0: [J@4b32ace3
calculated fs for 0: [J@4b32ace3
calculated fs for 0: [J@4b32ace3
calculated fs for 0: [J@4b32ace3
calculated fs for 0: [J@4b32ace3
calculated fs for 0: [J@4b32ace3
calculated fs for 0: [J@4b32ace3
calculated fs for 0: [J@4b32ace3
calculated fs for 0: [J@4b32ace3
calculated fs for 0: [J@4b32ace3
calculated fs for 0: [J@4b32ace3
calculated fs for 0: [J@4b32ace3
calculated fs for 0: [J@4b32ace3
calculated fs for 0: [J@4b32ace3
calculated fs for 0: [J@4b32ace3
calculated fs for 0: [J@4b32ace3
calculated fs for 0: [J@4b32ace3
calculated fs for 0: [J@4b32ace3
calculated fs for 0: [J@4b32ace3
calculated fs for 0: [J@4b32ace3
calculated fs for 0: [J@4b32ace3
calculated fs for 0: [J@4b32ace3
calculated fs for 0: [J@4b32ace3
calculated fs for 0: [J@4b32ace3
calculated fs for 0: [J@4b32ace3
calculated fs for 0: [J@4b32ace3
calculated fs for 0: [J@4b32ace3
calculated fs for 0: [J@4b32ace3
calculated fs for 0: [J@4b32ace3
calculated fs for 0: [J@4b32ace3
calculated fs for 0: [J@4b32ace3
calculated fs for 0: [J@4b32ace3
calculated fs for 0: [J@4b32ace3
calculated fs for 0: [J@4b32ace3
calculated fs for 0: [J@4b32ace3
calculated fs for 0: [J@4b32ace3
calculated fs for 0: [J@4b32ace3
calculated fs for 0: [J@4b32ace3
calculated fs for 0: [J@4b32ace3
calculated fs for 0: [J@4b32ace3
calculated fs for 0: [J@4b32ace3
calculated fs for 0: [J@4b32ace3
calculated fs for 0: [J@4b32ace3
calculated fs for 0: [J@4b32ace3
calculated fs for 0: [J@4b32ace3
calculated fs for 0: [J@4b32ace3
calculated fs for 0: [J@4b32ace3
calculated fs for 0: [J@4b32ace3
calculated fs for 0: [J@4b32ace3
calculated fs for 0: [J@4b32ace3
calculated fs for 0: [J@4b32ace3
calculated fs for 0: [J@4b32ace3
calculated fs for 0: [J@4b32ace3
calculated fs for 0: [J@4b32ace3
calculated fs for 0: [J@4b32ace3
calculated fs for 0: [J@4b32ace3
calculated fs for 0: [J@4b32ace3
calculated fs for 0: [J@4b32ace3
calculated fs for 0: [J@4b32ace3
calculated fs for 0: [J@4b32ace3
calculated fs for 0: [J@4b32ace3
calculated fs for 0: [J@4b32ace3
calculated fs for 0: [J@4b32ace3
calculated fs for 0: [J@4b32ace3
calculated fs for 0: [J@4b32ace3
calculated fs for 0: [J@4b32ace3
calculated fs for 0: [J@4b32ace3
calculated fs for 0: [J@4b32ace3
calculated fs for 0: [J@4b32ace3
calculated fs for 0: [J@4b32ace3
calculated fs for 0: [J@4b32ace3
calculated fs for 0: [J@4b32ace3
calculated fs for 0: [J@4b32ace3
calculated fs for 0: [J@4b32ace3
calculated fs for 0: [J@4b32ace3
calculated fs for 0: [J@4b32ace3
calculated fs for 0: [J@4b32ace3
calculated fs for 0: [J@4b32ace3
calculated fs for 0: [J@4b32ace3
calculated fs for 0: [J@4b32ace3
calculated fs for 0: [J@4b32ace3
calculated fs for 0: [J@4b32ace3
calculated fs for 0: [J@4b32ace3
calculated fs for 0: [J@4b32ace3
calculated fs for 0: [J@4b32ace3
calculated fs for 0: [J@4b32ace3
calculated fs for 0: [J@4b32ace3
calculated fs for 0: [J@4b32ace3
calculated fs for 0: [J@4b32ace3
calculated fs for 0: [J@4b32ace3
calculated fs for 0: [J@4b32ace3
calculated fs for 0: [J@4b32ace3
calculated fs for 0: [J@4b32ace3
calculated fs for 0: [J@4b32ace3
calculated fs for 0: [J@4b32ace3
calculated fs for 0: [J@4b32ace3
calculated fs for 0: [J@4b32ace3
calculated fs for 0: [J@4b32ace3
calculated fs for 0: [J@4b32ace3
calculated fs for 0: [J@4b32ace3
calculated fs for 0: [J@4b32ace3
calculated fs for 0: [J@4b32ace3
calculated fs for 0: [J@4b32ace3
calculated fs for 0: [J@4b32ace3
calculated fs for 0: [J@4b32ace3
calculated fs for 0: [J@4b32ace3
calculated fs for 0: [J@4b32ace3
calculated fs for 0: [J@4b32ace3
calculated fs for 0: [J@4b32ace3
calculated fs for 0: [J@4b32ace3
calculated fs for 0: [J@4b32ace3
calculated fs for 0: [J@4b32ace3
calculated fs for 0: [J@4b32ace3
calculated fs for 0: [J@4b32ace3
calculated fs for 0: [J@4b32ace3
calculated fs for 0: [J@4b32ace3
calculated fs for 0: [J@4b32ace3
calculated fs for 0: [J@4b32ace3
calculated fs for 0: [J@4b32ace3
calculated fs for 0: [J@4b32ace3
calculated fs for 0: [J@4b32ace3
calculated fs for 0: [J@4b32ace3
calculated fs for 0: [J@4b32ace3
calculated fs for 0: [J@4b32ace3
calculated fs for 0: [J@4b32ace3
calculated fs for 0: [J@4b32ace3
calculated fs for 0: [J@4b32ace3
calculated fs for 0: [J@4b32ace3
calculated fs for 0: [J@4b32ace3
calculated fs for 0: [J@4b32ace3
calculated fs for 0: [J@4b32ace3
calculated fs for 0: [J@4b32ace3
calculated fs for 0: [J@4b32ace3
calculated fs for 0: [J@4b32ace3
calculated fs for 0: [J@4b32ace3
calculated fs for 0: [J@4b32ace3
calculated fs for 0: [J@4b32ace3
calculated fs for 0: [J@4b32ace3
calculated fs for 0: [J@4b32ace3
calculated fs for 0: [J@4b32ace3
calculated fs for 0: [J@4b32ace3
calculated fs for 0: [J@4b32ace3
calculated fs for 0: [J@4b32ace3
calculated fs for 0: [J@4b32ace3
calculated fs for 0: [J@4b32ace3
calculated fs for 0: [J@4b32ace3
calculated fs for 0: [J@4b32ace3
calculated fs for 0: [J@4b32ace3
calculated fs for 0: [J@4b32ace3
calculated fs for 0: [J@4b32ace3
calculated fs for 0: [J@4b32ace3
calculated fs for 0: [J@4b32ace3
calculated fs for 0: [J@4b32ace3
calculated fs for 0: [J@4b32ace3
calculated fs for 0: [J@4b32ace3
calculated fs for 0: [J@4b32ace3
calculated fs for 0: [J@4b32ace3
calculated fs for 0: [J@4b32ace3
calculated fs for 0: [J@4b32ace3
calculated fs for 0: [J@4b32ace3
calculated fs for 0: [J@4b32ace3
calculated fs for 0: [J@4b32ace3
calculated fs for 0: [J@4b32ace3
calculated fs for 0: [J@4b32ace3
calculated fs for 0: [J@4b32ace3
calculated fs for 0: [J@4b32ace3
calculated fs for 0: [J@4b32ace3
calculated fs for 0: [J@4b32ace3
calculated fs for 0: [J@4b32ace3
calculated fs for 0: [J@4b32ace3
calculated fs for 0: [J@4b32ace3
calculated fs for 0: [J@4b32ace3
calculated fs for 0: [J@4b32ace3
calculated fs for 0: [J@4b32ace3
calculated fs for 0: [J@4b32ace3
calculated fs for 0: [J@4b32ace3
calculated fs for 0: [J@4b32ace3
calculated fs for 0: [J@4b32ace3
calculated fs for 0: [J@4b32ace3
calculated fs for 0: [J@4b32ace3
calculated fs for 0: [J@4b32ace3
calculated fs for 0: [J@4b32ace3
calculated fs for 0: [J@4b32ace3
calculated fs for 0: [J@4b32ace3
calculated fs for 0: [J@4b32ace3
calculated fs for 0: [J@4b32ace3
calculated fs for 0: [J@4b32ace3
calculated fs for 0: [J@4b32ace3
calculated fs for 0: [J@4b32ace3
calculated fs for 0: [J@4b32ace3
calculated fs for 0: [J@4b32ace3
calculated fs for 0: [J@4b32ace3
calculated fs for 1: [J@6bf491a6
calculated fs for 1: [J@6bf491a6
calculated fs for 1: [J@6bf491a6
calculated fs for 1: [J@6bf491a6
calculated fs for 1: [J@6bf491a6
calculated fs for 1: [J@6bf491a6
calculated fs for 1: [J@6bf491a6
calculated fs for 1: [J@6bf491a6
calculated fs for 1: [J@6bf491a6
calculated fs for 1: [J@6bf491a6
calculated fs for 1: [J@6bf491a6
calculated fs for 1: [J@6bf491a6
calculated fs for 1: [J@6bf491a6
calculated fs for 1: [J@6bf491a6
calculated fs for 1: [J@6bf491a6
calculated fs for 1: [J@6bf491a6
calculated fs for 1: [J@6bf491a6
calculated fs for 1: [J@6bf491a6
calculated fs for 1: [J@6bf491a6
calculated fs for 1: [J@6bf491a6
calculated fs for 1: [J@6bf491a6
calculated fs for 1: [J@6bf491a6
calculated fs for 1: [J@6bf491a6
calculated fs for 1: [J@6bf491a6
calculated fs for 1: [J@6bf491a6
calculated fs for 1: [J@6bf491a6
calculated fs for 1: [J@6bf491a6
calculated fs for 1: [J@6bf491a6
calculated fs for 1: [J@6bf491a6
calculated fs for 1: [J@6bf491a6
calculated fs for 1: [J@6bf491a6
calculated fs for 1: [J@6bf491a6
calculated fs for 1: [J@6bf491a6
calculated fs for 1: [J@6bf491a6
calculated fs for 1: [J@6bf491a6
calculated fs for 1: [J@6bf491a6
calculated fs for 1: [J@6bf491a6
calculated fs for 1: [J@6bf491a6
calculated fs for 1: [J@6bf491a6
calculated fs for 1: [J@6bf491a6
calculated fs for 1: [J@6bf491a6
calculated fs for 1: [J@6bf491a6
calculated fs for 1: [J@6bf491a6
calculated fs for 1: [J@6bf491a6
calculated fs for 1: [J@6bf491a6
calculated fs for 1: [J@6bf491a6
calculated fs for 1: [J@6bf491a6
calculated fs for 1: [J@6bf491a6
calculated fs for 1: [J@6bf491a6
calculated fs for 1: [J@6bf491a6
calculated fs for 1: [J@6bf491a6
calculated fs for 1: [J@6bf491a6
calculated fs for 1: [J@6bf491a6
calculated fs for 1: [J@6bf491a6
calculated fs for 1: [J@6bf491a6
calculated fs for 1: [J@6bf491a6
calculated fs for 1: [J@6bf491a6
calculated fs for 1: [J@6bf491a6
calculated fs for 1: [J@6bf491a6
calculated fs for 1: [J@6bf491a6
calculated fs for 1: [J@6bf491a6
calculated fs for 1: [J@6bf491a6
calculated fs for 1: [J@6bf491a6
calculated fs for 1: [J@6bf491a6
calculated fs for 1: [J@6bf491a6
calculated fs for 1: [J@6bf491a6
calculated fs for 1: [J@6bf491a6
calculated fs for 1: [J@6bf491a6
calculated fs for 1: [J@6bf491a6
calculated fs for 1: [J@6bf491a6
calculated fs for 1: [J@6bf491a6
calculated fs for 1: [J@6bf491a6
calculated fs for 1: [J@6bf491a6
calculated fs for 1: [J@6bf491a6
calculated fs for 1: [J@6bf491a6
calculated fs for 1: [J@6bf491a6
calculated fs for 1: [J@6bf491a6
calculated fs for 1: [J@6bf491a6
calculated fs for 1: [J@6bf491a6
calculated fs for 1: [J@6bf491a6
calculated fs for 1: [J@6bf491a6
calculated fs for 1: [J@6bf491a6
calculated fs for 1: [J@6bf491a6
calculated fs for 1: [J@6bf491a6
calculated fs for 1: [J@6bf491a6
calculated fs for 1: [J@6bf491a6
calculated fs for 1: [J@6bf491a6
calculated fs for 1: [J@6bf491a6
calculated fs for 1: [J@6bf491a6
calculated fs for 1: [J@6bf491a6
calculated fs for 1: [J@6bf491a6
calculated fs for 1: [J@6bf491a6
calculated fs for 1: [J@6bf491a6
calculated fs for 1: [J@6bf491a6
calculated fs for 1: [J@6bf491a6
calculated fs for 1: [J@6bf491a6
calculated fs for 1: [J@6bf491a6
calculated fs for 1: [J@6bf491a6
calculated fs for 1: [J@6bf491a6
calculated fs for 1: [J@6bf491a6
calculated fs for 1: [J@6bf491a6
calculated fs for 1: [J@6bf491a6
calculated fs for 1: [J@6bf491a6
calculated fs for 1: [J@6bf491a6
calculated fs for 1: [J@6bf491a6
calculated fs for 1: [J@6bf491a6
calculated fs for 1: [J@6bf491a6
calculated fs for 1: [J@6bf491a6
calculated fs for 1: [J@6bf491a6
calculated fs for 1: [J@6bf491a6
calculated fs for 1: [J@6bf491a6
calculated fs for 1: [J@6bf491a6
calculated fs for 1: [J@6bf491a6
calculated fs for 1: [J@6bf491a6
calculated fs for 1: [J@6bf491a6
calculated fs for 1: [J@6bf491a6
calculated fs for 1: [J@6bf491a6
calculated fs for 1: [J@6bf491a6
calculated fs for 1: [J@6bf491a6
calculated fs for 1: [J@6bf491a6
calculated fs for 1: [J@6bf491a6
calculated fs for 1: [J@6bf491a6
calculated fs for 1: [J@6bf491a6
calculated fs for 1: [J@6bf491a6
calculated fs for 1: [J@6bf491a6
calculated fs for 1: [J@6bf491a6
calculated fs for 1: [J@6bf491a6
calculated fs for 1: [J@6bf491a6
calculated fs for 1: [J@6bf491a6
calculated fs for 1: [J@6bf491a6
calculated fs for 1: [J@6bf491a6
calculated fs for 1: [J@6bf491a6
calculated fs for 1: [J@6bf491a6
calculated fs for 1: [J@6bf491a6
calculated fs for 1: [J@6bf491a6
calculated fs for 1: [J@6bf491a6
calculated fs for 1: [J@6bf491a6
calculated fs for 1: [J@6bf491a6
calculated fs for 1: [J@6bf491a6
calculated fs for 1: [J@6bf491a6
calculated fs for 1: [J@6bf491a6
calculated fs for 1: [J@6bf491a6
calculated fs for 1: [J@6bf491a6
calculated fs for 1: [J@6bf491a6
calculated fs for 1: [J@6bf491a6
calculated fs for 1: [J@6bf491a6
calculated fs for 1: [J@6bf491a6
calculated fs for 1: [J@6bf491a6
calculated fs for 1: [J@6bf491a6
calculated fs for 1: [J@6bf491a6
calculated fs for 1: [J@6bf491a6
calculated fs for 1: [J@6bf491a6
calculated fs for 1: [J@6bf491a6
calculated fs for 1: [J@6bf491a6
calculated fs for 1: [J@6bf491a6
calculated fs for 1: [J@6bf491a6
calculated fs for 1: [J@6bf491a6
calculated fs for 1: [J@6bf491a6
calculated fs for 1: [J@6bf491a6
calculated fs for 1: [J@6bf491a6
calculated fs for 1: [J@6bf491a6
calculated fs for 1: [J@6bf491a6
calculated fs for 1: [J@6bf491a6
calculated fs for 1: [J@6bf491a6
calculated fs for 1: [J@6bf491a6
calculated fs for 1: [J@6bf491a6
calculated fs for 1: [J@6bf491a6
calculated fs for 1: [J@6bf491a6
calculated fs for 1: [J@6bf491a6
calculated fs for 1: [J@6bf491a6
calculated fs for 1: [J@6bf491a6
calculated fs for 1: [J@6bf491a6
calculated fs for 1: [J@6bf491a6
calculated fs for 1: [J@6bf491a6
calculated fs for 1: [J@6bf491a6
calculated fs for 1: [J@6bf491a6
calculated fs for 1: [J@6bf491a6
calculated fs for 1: [J@6bf491a6
calculated fs for 1: [J@6bf491a6
calculated fs for 1: [J@6bf491a6
calculated fs for 1: [J@6bf491a6
calculated fs for 1: [J@6bf491a6
calculated fs for 1: [J@6bf491a6
calculated fs for 1: [J@6bf491a6
calculated fs for 1: [J@6bf491a6
calculated fs for 1: [J@6bf491a6
calculated fs for 1: [J@6bf491a6
calculated fs for 1: [J@6bf491a6
calculated fs for 1: [J@6bf491a6
calculated fs for 1: [J@6bf491a6
calculated fs for 1: [J@6bf491a6
calculated fs for 1: [J@6bf491a6
calculated fs for 1: [J@6bf491a6
calculated fs for 1: [J@6bf491a6
calculated fs for 1: [J@6bf491a6
calculated fs for 1: [J@6bf491a6
calculated fs for 1: [J@6bf491a6
calculated fs for 1: [J@6bf491a6
calculated fs for 1: [J@6bf491a6
calculated fs for 1: [J@6bf491a6
calculated fs for 1: [J@6bf491a6
calculated fs for 1: [J@6bf491a6
calculated fs for 1: [J@6bf491a6
calculated fs for 1: [J@6bf491a6
calculated fs for 1: [J@6bf491a6
calculated fs for 1: [J@6bf491a6
calculated fs for 1: [J@6bf491a6
calculated fs for 1: [J@6bf491a6
calculated fs for 1: [J@6bf491a6
calculated fs for 1: [J@6bf491a6
calculated fs for 1: [J@6bf491a6
calculated fs for 1: [J@6bf491a6
calculated fs for 1: [J@6bf491a6
calculated fs for 1: [J@6bf491a6
calculated fs for 1: [J@6bf491a6
calculated fs for 1: [J@6bf491a6
calculated fs for 1: [J@6bf491a6
calculated fs for 1: [J@6bf491a6
calculated fs for 1: [J@6bf491a6
calculated fs for 1: [J@6bf491a6
calculated fs for 1: [J@6bf491a6
calculated fs for 1: [J@6bf491a6
calculated fs for 1: [J@6bf491a6
calculated fs for 1: [J@6bf491a6
calculated fs for 1: [J@6bf491a6
calculated fs for 1: [J@6bf491a6
calculated fs for 1: [J@6bf491a6
calculated fs for 1: [J@6bf491a6
calculated fs for 1: [J@6bf491a6
calculated fs for 1: [J@6bf491a6
calculated fs for 1: [J@6bf491a6
calculated fs for 1: [J@6bf491a6
calculated fs for 1: [J@6bf491a6
calculated fs for 1: [J@6bf491a6
calculated fs for 1: [J@6bf491a6
calculated fs for 1: [J@6bf491a6
calculated fs for 1: [J@6bf491a6
calculated fs for 1: [J@6bf491a6
calculated fs for 1: [J@6bf491a6
calculated fs for 1: [J@6bf491a6
calculated fs for 1: [J@6bf491a6
calculated fs for 1: [J@6bf491a6
calculated fs for 1: [J@6bf491a6
calculated fs for 1: [J@6bf491a6
calculated fs for 1: [J@6bf491a6
calculated fs for 1: [J@6bf491a6
calculated fs for 1: [J@6bf491a6
calculated fs for 1: [J@6bf491a6
calculated fs for 1: [J@6bf491a6
calculated fs for 1: [J@6bf491a6
calculated fs for 1: [J@6bf491a6
calculated fs for 1: [J@6bf491a6
calculated fs for 1: [J@6bf491a6
calculated fs for 1: [J@6bf491a6
calculated fs for 1: [J@6bf491a6
calculated fs for 1: [J@6bf491a6
calculated fs for 1: [J@6bf491a6
calculated fs for 1: [J@6bf491a6
calculated fs for 1: [J@6bf491a6
calculated fs for 1: [J@6bf491a6
calculated fs for 1: [J@6bf491a6
calculated fs for 1: [J@6bf491a6
calculated fs for 1: [J@6bf491a6
calculated fs for 1: [J@6bf491a6
calculated fs for 1: [J@6bf491a6
calculated fs for 1: [J@6bf491a6
calculated fs for 1: [J@6bf491a6
calculated fs for 1: [J@6bf491a6
calculated fs for 1: [J@6bf491a6
calculated fs for 1: [J@6bf491a6
calculated fs for 1: [J@6bf491a6
calculated fs for 1: [J@6bf491a6
calculated fs for 1: [J@6bf491a6
calculated fs for 1: [J@6bf491a6
calculated fs for 1: [J@6bf491a6
calculated fs for 1: [J@6bf491a6
calculated fs for 1: [J@6bf491a6
calculated fs for 1: [J@6bf491a6
calculated fs for 1: [J@6bf491a6
calculated fs for 1: [J@6bf491a6
calculated fs for 1: [J@6bf491a6
calculated fs for 1: [J@6bf491a6
calculated fs for 1: [J@6bf491a6
calculated fs for 1: [J@6bf491a6
calculated fs for 1: [J@6bf491a6
calculated fs for 1: [J@6bf491a6
calculated fs for 1: [J@6bf491a6
calculated fs for 1: [J@6bf491a6
calculated fs for 1: [J@6bf491a6
calculated fs for 1: [J@6bf491a6
calculated fs for 1: [J@6bf491a6
calculated fs for 1: [J@6bf491a6
calculated fs for 1: [J@6bf491a6
calculated fs for 1: [J@6bf491a6
calculated fs for 1: [J@6bf491a6
calculated fs for 1: [J@6bf491a6
calculated fs for 1: [J@6bf491a6
calculated fs for 1: [J@6bf491a6
calculated fs for 1: [J@6bf491a6
calculated fs for 1: [J@6bf491a6
calculated fs for 1: [J@6bf491a6
calculated fs for 1: [J@6bf491a6
calculated fs for 1: [J@6bf491a6
calculated fs for 1: [J@6bf491a6
calculated fs for 1: [J@6bf491a6
calculated fs for 1: [J@6bf491a6
calculated fs for 1: [J@6bf491a6
calculated fs for 1: [J@6bf491a6
calculated fs for 1: [J@6bf491a6
calculated fs for 1: [J@6bf491a6
calculated fs for 1: [J@6bf491a6
calculated fs for 1: [J@6bf491a6
calculated fs for 1: [J@6bf491a6
calculated fs for 1: [J@6bf491a6
calculated fs for 1: [J@6bf491a6
calculated fs for 1: [J@6bf491a6
calculated fs for 1: [J@6bf491a6
calculated fs for 1: [J@6bf491a6
calculated fs for 1: [J@6bf491a6
calculated fs for 1: [J@6bf491a6
calculated fs for 1: [J@6bf491a6
calculated fs for 1: [J@6bf491a6
calculated fs for 1: [J@6bf491a6
calculated fs for 1: [J@6bf491a6
calculated fs for 1: [J@6bf491a6
calculated fs for 1: [J@6bf491a6
calculated fs for 1: [J@6bf491a6
calculated fs for 1: [J@6bf491a6
calculated fs for 1: [J@6bf491a6
calculated fs for 1: [J@6bf491a6
calculated fs for 1: [J@6bf491a6
calculated fs for 1: [J@6bf491a6
calculated fs for 1: [J@6bf491a6
calculated fs for 1: [J@6bf491a6
calculated fs for 1: [J@6bf491a6
calculated fs for 1: [J@6bf491a6
calculated fs for 1: [J@6bf491a6
calculated fs for 1: [J@6bf491a6
calculated fs for 1: [J@6bf491a6
calculated fs for 1: [J@6bf491a6
calculated fs for 2: [J@58660a9
calculated fs for 2: [J@58660a9
calculated fs for 2: [J@58660a9
calculated fs for 2: [J@58660a9
calculated fs for 2: [J@58660a9
calculated fs for 2: [J@58660a9
calculated fs for 2: [J@58660a9
calculated fs for 2: [J@58660a9
calculated fs for 2: [J@58660a9
calculated fs for 2: [J@58660a9
calculated fs for 2: [J@58660a9
calculated fs for 2: [J@58660a9
calculated fs for 2: [J@58660a9
calculated fs for 2: [J@58660a9
calculated fs for 2: [J@58660a9
calculated fs for 2: [J@58660a9
calculated fs for 2: [J@58660a9
calculated fs for 2: [J@58660a9
calculated fs for 2: [J@58660a9
calculated fs for 2: [J@58660a9
calculated fs for 2: [J@58660a9
calculated fs for 2: [J@58660a9
calculated fs for 2: [J@58660a9
calculated fs for 2: [J@58660a9
calculated fs for 2: [J@58660a9
calculated fs for 2: [J@58660a9
calculated fs for 2: [J@58660a9
calculated fs for 2: [J@58660a9
calculated fs for 2: [J@58660a9
calculated fs for 2: [J@58660a9
calculated fs for 2: [J@58660a9
calculated fs for 2: [J@58660a9
calculated fs for 2: [J@58660a9
calculated fs for 2: [J@58660a9
calculated fs for 2: [J@58660a9
calculated fs for 2: [J@58660a9
calculated fs for 2: [J@58660a9
calculated fs for 2: [J@58660a9
calculated fs for 2: [J@58660a9
calculated fs for 2: [J@58660a9
calculated fs for 2: [J@58660a9
calculated fs for 2: [J@58660a9
calculated fs for 2: [J@58660a9
calculated fs for 2: [J@58660a9
calculated fs for 2: [J@58660a9
calculated fs for 2: [J@58660a9
calculated fs for 2: [J@58660a9
calculated fs for 2: [J@58660a9
calculated fs for 2: [J@58660a9
calculated fs for 2: [J@58660a9
calculated fs for 2: [J@58660a9
calculated fs for 2: [J@58660a9
calculated fs for 2: [J@58660a9
calculated fs for 2: [J@58660a9
calculated fs for 2: [J@58660a9
calculated fs for 2: [J@58660a9
calculated fs for 2: [J@58660a9
calculated fs for 2: [J@58660a9
calculated fs for 2: [J@58660a9
calculated fs for 2: [J@58660a9
calculated fs for 2: [J@58660a9
calculated fs for 2: [J@58660a9
calculated fs for 2: [J@58660a9
calculated fs for 2: [J@58660a9
calculated fs for 2: [J@58660a9
calculated fs for 2: [J@58660a9
calculated fs for 2: [J@58660a9
calculated fs for 2: [J@58660a9
calculated fs for 2: [J@58660a9
calculated fs for 2: [J@58660a9
calculated fs for 2: [J@58660a9
calculated fs for 2: [J@58660a9
calculated fs for 2: [J@58660a9
calculated fs for 2: [J@58660a9
calculated fs for 2: [J@58660a9
calculated fs for 2: [J@58660a9
calculated fs for 2: [J@58660a9
calculated fs for 2: [J@58660a9
calculated fs for 2: [J@58660a9
calculated fs for 2: [J@58660a9
calculated fs for 2: [J@58660a9
calculated fs for 2: [J@58660a9
calculated fs for 2: [J@58660a9
calculated fs for 2: [J@58660a9
calculated fs for 2: [J@58660a9
calculated fs for 2: [J@58660a9
calculated fs for 2: [J@58660a9
calculated fs for 2: [J@58660a9
calculated fs for 2: [J@58660a9
calculated fs for 2: [J@58660a9
calculated fs for 2: [J@58660a9
calculated fs for 2: [J@58660a9
calculated fs for 2: [J@58660a9
calculated fs for 2: [J@58660a9
calculated fs for 2: [J@58660a9
calculated fs for 2: [J@58660a9
calculated fs for 2: [J@58660a9
calculated fs for 2: [J@58660a9
calculated fs for 2: [J@58660a9
calculated fs for 2: [J@58660a9
calculated fs for 2: [J@58660a9
calculated fs for 2: [J@58660a9
calculated fs for 2: [J@58660a9
calculated fs for 2: [J@58660a9
calculated fs for 2: [J@58660a9
calculated fs for 2: [J@58660a9
calculated fs for 2: [J@58660a9
calculated fs for 2: [J@58660a9
calculated fs for 2: [J@58660a9
calculated fs for 2: [J@58660a9
calculated fs for 2: [J@58660a9
calculated fs for 2: [J@58660a9
calculated fs for 2: [J@58660a9
calculated fs for 2: [J@58660a9
calculated fs for 2: [J@58660a9
calculated fs for 2: [J@58660a9
calculated fs for 2: [J@58660a9
calculated fs for 2: [J@58660a9
calculated fs for 2: [J@58660a9
calculated fs for 2: [J@58660a9
calculated fs for 2: [J@58660a9
calculated fs for 2: [J@58660a9
calculated fs for 2: [J@58660a9
calculated fs for 2: [J@58660a9
calculated fs for 2: [J@58660a9
calculated fs for 2: [J@58660a9
calculated fs for 2: [J@58660a9
calculated fs for 2: [J@58660a9
calculated fs for 2: [J@58660a9
calculated fs for 2: [J@58660a9
calculated fs for 2: [J@58660a9
calculated fs for 2: [J@58660a9
calculated fs for 2: [J@58660a9
calculated fs for 2: [J@58660a9
calculated fs for 2: [J@58660a9
calculated fs for 2: [J@58660a9
calculated fs for 2: [J@58660a9
calculated fs for 2: [J@58660a9
calculated fs for 2: [J@58660a9
calculated fs for 2: [J@58660a9
calculated fs for 2: [J@58660a9
calculated fs for 2: [J@58660a9
calculated fs for 2: [J@58660a9
calculated fs for 2: [J@58660a9
calculated fs for 2: [J@58660a9
calculated fs for 2: [J@58660a9
calculated fs for 2: [J@58660a9
calculated fs for 2: [J@58660a9
calculated fs for 2: [J@58660a9
calculated fs for 2: [J@58660a9
calculated fs for 2: [J@58660a9
calculated fs for 2: [J@58660a9
calculated fs for 2: [J@58660a9
calculated fs for 2: [J@58660a9
calculated fs for 2: [J@58660a9
calculated fs for 2: [J@58660a9
calculated fs for 2: [J@58660a9
calculated fs for 2: [J@58660a9
calculated fs for 2: [J@58660a9
calculated fs for 2: [J@58660a9
calculated fs for 2: [J@58660a9
calculated fs for 2: [J@58660a9
calculated fs for 2: [J@58660a9
calculated fs for 2: [J@58660a9
calculated fs for 2: [J@58660a9
calculated fs for 2: [J@58660a9
calculated fs for 2: [J@58660a9
calculated fs for 2: [J@58660a9
calculated fs for 2: [J@58660a9
calculated fs for 2: [J@58660a9
calculated fs for 2: [J@58660a9
calculated fs for 2: [J@58660a9
calculated fs for 2: [J@58660a9
calculated fs for 2: [J@58660a9
calculated fs for 2: [J@58660a9
calculated fs for 2: [J@58660a9
calculated fs for 2: [J@58660a9
calculated fs for 2: [J@58660a9
calculated fs for 2: [J@58660a9
calculated fs for 2: [J@58660a9
calculated fs for 2: [J@58660a9
calculated fs for 2: [J@58660a9
calculated fs for 2: [J@58660a9
calculated fs for 2: [J@58660a9
calculated fs for 2: [J@58660a9
calculated fs for 2: [J@58660a9
calculated fs for 2: [J@58660a9
calculated fs for 2: [J@58660a9
calculated fs for 2: [J@58660a9
calculated fs for 2: [J@58660a9
calculated fs for 2: [J@58660a9
calculated fs for 2: [J@58660a9
calculated fs for 2: [J@58660a9
calculated fs for 2: [J@58660a9
calculated fs for 2: [J@58660a9
calculated fs for 2: [J@58660a9
calculated fs for 2: [J@58660a9
calculated fs for 2: [J@58660a9
calculated fs for 2: [J@58660a9
calculated fs for 2: [J@58660a9
calculated fs for 2: [J@58660a9
calculated fs for 2: [J@58660a9
calculated fs for 2: [J@58660a9
calculated fs for 2: [J@58660a9
calculated fs for 2: [J@58660a9
calculated fs for 2: [J@58660a9
calculated fs for 2: [J@58660a9
calculated fs for 2: [J@58660a9
calculated fs for 2: [J@58660a9
calculated fs for 2: [J@58660a9
calculated fs for 2: [J@58660a9
calculated fs for 2: [J@58660a9
calculated fs for 2: [J@58660a9
calculated fs for 2: [J@58660a9
calculated fs for 2: [J@58660a9
calculated fs for 2: [J@58660a9
calculated fs for 2: [J@58660a9
calculated fs for 2: [J@58660a9
calculated fs for 2: [J@58660a9
calculated fs for 2: [J@58660a9
calculated fs for 2: [J@58660a9
calculated fs for 2: [J@58660a9
calculated fs for 2: [J@58660a9
calculated fs for 2: [J@58660a9
calculated fs for 2: [J@58660a9
calculated fs for 2: [J@58660a9
calculated fs for 2: [J@58660a9
calculated fs for 2: [J@58660a9
calculated fs for 2: [J@58660a9
calculated fs for 2: [J@58660a9
calculated fs for 2: [J@58660a9
calculated fs for 2: [J@58660a9
calculated fs for 2: [J@58660a9
calculated fs for 2: [J@58660a9
calculated fs for 2: [J@58660a9
calculated fs for 2: [J@58660a9
calculated fs for 2: [J@58660a9
calculated fs for 2: [J@58660a9
calculated fs for 2: [J@58660a9
calculated fs for 2: [J@58660a9
calculated fs for 2: [J@58660a9
calculated fs for 2: [J@58660a9
calculated fs for 2: [J@58660a9
calculated fs for 2: [J@58660a9
calculated fs for 2: [J@58660a9
calculated fs for 2: [J@58660a9
calculated fs for 2: [J@58660a9
calculated fs for 2: [J@58660a9
calculated fs for 2: [J@58660a9
calculated fs for 2: [J@58660a9
calculated fs for 2: [J@58660a9
calculated fs for 2: [J@58660a9
calculated fs for 2: [J@58660a9
calculated fs for 2: [J@58660a9
calculated fs for 2: [J@58660a9
calculated fs for 2: [J@58660a9
calculated fs for 2: [J@58660a9
calculated fs for 2: [J@58660a9
calculated fs for 2: [J@58660a9
calculated fs for 2: [J@58660a9
calculated fs for 2: [J@58660a9
calculated fs for 2: [J@58660a9
calculated fs for 2: [J@58660a9
calculated fs for 2: [J@58660a9
calculated fs for 2: [J@58660a9
calculated fs for 2: [J@58660a9
calculated fs for 2: [J@58660a9
calculated fs for 2: [J@58660a9
calculated fs for 2: [J@58660a9
calculated fs for 2: [J@58660a9
calculated fs for 2: [J@58660a9
calculated fs for 2: [J@58660a9
calculated fs for 2: [J@58660a9
calculated fs for 2: [J@58660a9
calculated fs for 2: [J@58660a9
calculated fs for 2: [J@58660a9
calculated fs for 2: [J@58660a9
calculated fs for 2: [J@58660a9
calculated fs for 2: [J@58660a9
calculated fs for 2: [J@58660a9
calculated fs for 2: [J@58660a9
calculated fs for 2: [J@58660a9
calculated fs for 2: [J@58660a9
calculated fs for 2: [J@58660a9
calculated fs for 2: [J@58660a9
calculated fs for 2: [J@58660a9
calculated fs for 2: [J@58660a9
calculated fs for 2: [J@58660a9
calculated fs for 2: [J@58660a9
calculated fs for 2: [J@58660a9
calculated fs for 2: [J@58660a9
calculated fs for 2: [J@58660a9
calculated fs for 2: [J@58660a9
calculated fs for 2: [J@58660a9
calculated fs for 2: [J@58660a9
calculated fs for 2: [J@58660a9
calculated fs for 2: [J@58660a9
calculated fs for 2: [J@58660a9
calculated fs for 2: [J@58660a9
calculated fs for 2: [J@58660a9
calculated fs for 2: [J@58660a9
calculated fs for 2: [J@58660a9
calculated fs for 2: [J@58660a9
calculated fs for 2: [J@58660a9
calculated fs for 2: [J@58660a9
calculated fs for 2: [J@58660a9
calculated fs for 2: [J@58660a9
calculated fs for 2: [J@58660a9
calculated fs for 2: [J@58660a9
calculated fs for 2: [J@58660a9
calculated fs for 2: [J@58660a9
calculated fs for 2: [J@58660a9
calculated fs for 2: [J@58660a9
calculated fs for 2: [J@58660a9
calculated fs for 2: [J@58660a9
calculated fs for 2: [J@58660a9
calculated fs for 2: [J@58660a9
calculated fs for 2: [J@58660a9
calculated fs for 2: [J@58660a9
calculated fs for 2: [J@58660a9
calculated fs for 2: [J@58660a9
calculated fs for 2: [J@58660a9
calculated fs for 2: [J@58660a9
calculated fs for 2: [J@58660a9
calculated fs for 2: [J@58660a9
calculated fs for 2: [J@58660a9
calculated fs for 2: [J@58660a9
calculated fs for 2: [J@58660a9
calculated fs for 2: [J@58660a9
calculated fs for 2: [J@58660a9
calculated fs for 2: [J@58660a9
calculated fs for 2: [J@58660a9
calculated fs for 2: [J@58660a9
calculated fs for 2: [J@58660a9
calculated fs for 2: [J@58660a9
calculated fs for 2: [J@58660a9
calculated fs for 2: [J@58660a9
calculated fs for 2: [J@58660a9
calculated fs for 2: [J@58660a9
calculated fs for 2: [J@58660a9
calculated nfs for 0: [J@3933fa14
calculated nfs for 0: [J@3933fa14
calculated nfs for 1: [J@3675463
calculated nfs for 1: [J@3675463
calculated nfs for 2: [J@74d53153
calculated nfs for 2: [J@74d53153
calculated iMatrix for 19, 0, 0, 0: -0.037332268889473386
calculated iMatrix for 19, 0, 0, 1: -0.2365301266073292
calculated iMatrix for 19, 0, 0, 2: -0.06947604194416301
calculated iMatrix for 19, 0, 0, 3: -0.0977830752185107
calculated iMatrix for 19, 0, 0, 4: 0.0769525917891849
calculated iMatrix for 19, 0, 0, 5: -0.17304924702789348
calculated iMatrix for 19, 0, 0, 6: 0.3826980641296088
calculated iMatrix for 19, 0, 0, 7: 0.06405535068035961
calculated iMatrix for 19, 0, 0, 8: 0.14346837506377474
calculated iMatrix for 19, 0, 0, 9: -0.06161745533164176
calculated iMatrix for 19, 0, 0, 10: 0.004631930209558877
calculated iMatrix for 19, 0, 0, 11: -0.07026937796355881
calculated iMatrix for 19, 0, 0, 12: -0.13846891343111445
calculated iMatrix for 19, 0, 0, 13: -0.04415823395987317
calculated iMatrix for 19, 0, 0, 14: -0.09300653935435721
calculated iMatrix for 19, 0, 0, 15: 0.1546926247852921
calculated iMatrix for 19, 0, 0, 16: -0.039043133293102716
calculated iMatrix for 19, 0, 0, 17: 0.23903263604840302
calculated iMatrix for 19, 0, 0, 18: 0.004631930209558877
calculated iMatrix for 19, 0, 0, 19: 0.07873990236328066
calculated iMatrix for 19, 0, 1, 0: -0.053636977914416906
calculated iMatrix for 19, 0, 1, 1: -0.07541077746397751
calculated iMatrix for 19, 0, 1, 2: -0.20081204400525
calculated iMatrix for 19, 0, 1, 3: 0.08310354565105416
calculated iMatrix for 19, 0, 1, 4: 0.004631930209558877
calculated iMatrix for 19, 0, 1, 5: 0.0796671161524729
calculated iMatrix for 19, 0, 1, 6: 0.16497458028473833
calculated iMatrix for 19, 0, 1, 7: 0.3191252601119966
calculated iMatrix for 19, 0, 1, 8: 0.255946358490465
calculated iMatrix for 19, 0, 1, 9: 0.0320309043976732
calculated iMatrix for 19, 0, 1, 10: 0.19878794465051625
calculated iMatrix for 19, 0, 1, 11: -0.08680227575007293
calculated iMatrix for 19, 0, 1, 12: -0.19603876525259223
calculated iMatrix for 19, 0, 1, 13: 0.16369662483924619
calculated iMatrix for 19, 0, 1, 14: 0.09164330719918856
calculated iMatrix for 19, 0, 1, 15: -0.26823505645708146
calculated iMatrix for 19, 0, 1, 16: -0.3220523000454911
calculated iMatrix for 19, 0, 1, 17: 0.23347350263840633
calculated iMatrix for 19, 0, 1, 18: -0.33831282091727144
calculated iMatrix for 19, 0, 1, 19: -0.19470097241093243
calculated iMatrix for 19, 0, 2, 0: -0.07206069057869557
calculated iMatrix for 19, 0, 2, 1: 0.6977791107695042
calculated iMatrix for 19, 0, 2, 2: -0.012175188106822388
calculated iMatrix for 19, 0, 2, 3: -0.21078957501074058
calculated iMatrix for 19, 0, 2, 4: 0.2122712949878034
calculated iMatrix for 19, 0, 2, 5: -0.29883400994348397
calculated iMatrix for 19, 0, 2, 6: -0.12542119803863894
calculated iMatrix for 19, 0, 2, 7: 0.004631930209558877
calculated iMatrix for 19, 0, 2, 8: -0.5426633733378232
calculated iMatrix for 19, 0, 2, 9: 0.18695348700351344
calculated iMatrix for 19, 0, 2, 10: 0.2457939870264469
calculated iMatrix for 19, 0, 2, 11: -0.1561412903781929
calculated iMatrix for 19, 0, 2, 12: 0.04285314302975651
calculated iMatrix for 19, 0, 2, 13: -0.010405947154981665
calculated iMatrix for 19, 0, 2, 14: 0.1290861046829649
calculated iMatrix for 19, 0, 2, 15: -0.0034002414877054576
calculated iMatrix for 19, 0, 2, 16: -0.015170697086620888
calculated iMatrix for 19, 0, 2, 17: 0.20686879670445485
calculated iMatrix for 19, 0, 2, 18: 0.3348736170801357
calculated iMatrix for 19, 0, 2, 19: 0.13138363584870272
calculated iMatrix for 19, 0, 3, 0: 0.038079864277098974
calculated iMatrix for 19, 0, 3, 1: 0.27033509594256455
calculated iMatrix for 19, 0, 3, 2: -0.21134313162603835
calculated iMatrix for 19, 0, 3, 3: -0.41553932528830106
calculated iMatrix for 19, 0, 3, 4: 0.18695348700351344
calculated iMatrix for 19, 0, 3, 5: -0.08026751357692741
calculated iMatrix for 19, 0, 3, 6: 0.33313599718159487
calculated iMatrix for 19, 0, 3, 7: 0.22777548152376859
calculated iMatrix for 19, 0, 3, 8: -0.21851162110465083
calculated iMatrix for 19, 0, 3, 9: 0.36974574279415584
calculated iMatrix for 19, 0, 3, 10: 0.2923140026613397
calculated iMatrix for 19, 0, 3, 11: -0.1776896265843957
calculated iMatrix for 19, 0, 3, 12: 0.015561000741749043
calculated iMatrix for 19, 0, 3, 13: -0.13091356178666502
calculated iMatrix for 19, 0, 3, 14: 0.054642350784220306
calculated iMatrix for 19, 0, 3, 15: -0.13116961094950286
calculated iMatrix for 19, 0, 3, 16: 0.14439387258471748
calculated iMatrix for 19, 0, 3, 17: -0.024355606663693408
calculated iMatrix for 19, 0, 3, 18: 0.10999244586738521
calculated iMatrix for 19, 0, 3, 19: 0.019020667661658552
calculated iMatrix for 19, 0, 4, 0: -0.13448087225315897
calculated iMatrix for 19, 0, 4, 1: 0.9209226620837139
calculated iMatrix for 19, 0, 4, 2: -0.07906708866708811
calculated iMatrix for 19, 0, 4, 3: -0.1839592395979912
calculated iMatrix for 19, 0, 4, 4: 0.172768852011557
calculated iMatrix for 19, 0, 4, 5: 0.004631930209558877
calculated iMatrix for 19, 0, 4, 6: -0.18642330655315043
calculated iMatrix for 19, 0, 4, 7: -0.15967112108171744
calculated iMatrix for 19, 0, 4, 8: -0.21337022160423225
calculated iMatrix for 19, 0, 4, 9: -0.02731966959704346
calculated iMatrix for 19, 0, 4, 10: -0.3138218009089757
calculated iMatrix for 19, 0, 4, 11: 0.22777548152376859
calculated iMatrix for 19, 0, 4, 12: -0.06598563700439453
calculated iMatrix for 19, 0, 4, 13: 0.071323304708231
calculated iMatrix for 19, 0, 4, 14: -0.01734697650921635
calculated iMatrix for 19, 0, 4, 15: 0.17014636868713218
calculated iMatrix for 19, 0, 4, 16: -0.06682703377258614
calculated iMatrix for 19, 0, 4, 17: 0.04324676633733837
calculated iMatrix for 19, 0, 4, 18: 0.6585583976162229
calculated iMatrix for 19, 0, 4, 19: 0.03361946708281105
calculated iMatrix for 19, 0, 5, 0: 0.1764821871362181
calculated iMatrix for 19, 0, 5, 1: -0.20300743456868564
calculated iMatrix for 19, 0, 5, 2: -0.1216617951147333
calculated iMatrix for 19, 0, 5, 3: -0.15571071986562057
calculated iMatrix for 19, 0, 5, 4: -0.05599269160687603
calculated iMatrix for 19, 0, 5, 5: -0.12320144130032606
calculated iMatrix for 19, 0, 5, 6: 0.22777548152376859
calculated iMatrix for 19, 0, 5, 7: -0.16721832671710046
calculated iMatrix for 19, 0, 5, 8: 0.1381633228340814
calculated iMatrix for 19, 0, 5, 9: 0.08159297134568722
calculated iMatrix for 19, 0, 5, 10: 0.2122712949878034
calculated iMatrix for 19, 0, 5, 11: 0.082018593824979
calculated iMatrix for 19, 0, 5, 12: -0.017840925642499728
calculated iMatrix for 19, 0, 5, 13: 0.19322310001710885
calculated iMatrix for 19, 0, 5, 14: -0.3007497193416231
calculated iMatrix for 19, 0, 5, 15: 0.01376441377283133
calculated iMatrix for 19, 0, 5, 16: 0.03638062852413915
calculated iMatrix for 19, 0, 5, 17: -0.00425701720768723
calculated iMatrix for 19, 0, 5, 18: 0.31211662995751954
calculated iMatrix for 19, 0, 5, 19: -0.060750829053292876
calculated iMatrix for 19, 0, 6, 0: -0.3352358954127923
calculated iMatrix for 19, 0, 6, 1: 0.6977791107695042
calculated iMatrix for 19, 0, 6, 2: -0.2147308982647449
calculated iMatrix for 19, 0, 6, 3: -0.03619006431069627
calculated iMatrix for 19, 0, 6, 4: -0.283050142242222
calculated iMatrix for 19, 0, 6, 5: 0.2850937546878527
calculated iMatrix for 19, 0, 6, 6: 0.3274053224726099
calculated iMatrix for 19, 0, 6, 7: -0.5851368958965513
calculated iMatrix for 19, 0, 6, 8: 0.01272914044217821
calculated iMatrix for 19, 0, 6, 9: -0.1451134561497831
calculated iMatrix for 19, 0, 6, 10: -0.4961433577029304
calculated iMatrix for 19, 0, 6, 11: 0.29745540216175836
calculated iMatrix for 19, 0, 6, 12: 0.39328992000134205
calculated iMatrix for 19, 0, 6, 13: 0.3793253796509696
calculated iMatrix for 19, 0, 6, 14: -0.16599358682120446
calculated iMatrix for 19, 0, 6, 15: 0.08467463788309526
calculated iMatrix for 19, 0, 6, 16: 0.12135620451770024
calculated iMatrix for 19, 0, 6, 17: -0.12236776055174858
calculated iMatrix for 19, 0, 6, 18: -0.49180495610433206
calculated iMatrix for 19, 0, 6, 19: 0.11326577121235426
calculated iMatrix for 19, 0, 7, 0: -0.3138218009089757
calculated iMatrix for 19, 0, 7, 1: -0.8220466429749091
calculated iMatrix for 19, 0, 7, 2: 0.20460842224223424
calculated iMatrix for 19, 0, 7, 3: -0.3160366412385285
calculated iMatrix for 19, 0, 7, 4: -0.44005389105188675
calculated iMatrix for 19, 0, 7, 5: 0.8739656789959429
calculated iMatrix for 19, 0, 7, 6: 0.11463282542388731
calculated iMatrix for 19, 0, 7, 7: -0.49992408054283644
calculated iMatrix for 19, 0, 7, 8: 0.47723634115535185
calculated iMatrix for 19, 0, 7, 9: -0.7871458537920137
calculated iMatrix for 19, 0, 7, 10: -0.7159142245385008
calculated iMatrix for 19, 0, 7, 11: 0.23202177240521965
calculated iMatrix for 19, 0, 7, 12: 1.1380909502078367
calculated iMatrix for 19, 0, 7, 13: 0.11284551484979166
calculated iMatrix for 19, 0, 7, 14: 0.1290861046829649
calculated iMatrix for 19, 0, 7, 15: -0.03829311450747508
calculated iMatrix for 19, 0, 7, 16: -0.09253181824408885
calculated iMatrix for 19, 0, 7, 17: -0.7293372448706417
calculated iMatrix for 19, 0, 7, 18: -0.9761973228021674
calculated iMatrix for 19, 0, 7, 19: -0.1686397910644778
calculated iMatrix for 19, 0, 8, 0: NaN
calculated iMatrix for 19, 0, 8, 1: NaN
calculated iMatrix for 19, 0, 8, 2: NaN
calculated iMatrix for 19, 0, 8, 3: NaN
calculated iMatrix for 19, 0, 8, 4: NaN
calculated iMatrix for 19, 0, 8, 5: NaN
calculated iMatrix for 19, 0, 8, 6: NaN
calculated iMatrix for 19, 0, 8, 7: NaN
calculated iMatrix for 19, 0, 8, 8: NaN
calculated iMatrix for 19, 0, 8, 9: NaN
calculated iMatrix for 19, 0, 8, 10: NaN
calculated iMatrix for 19, 0, 8, 11: NaN
calculated iMatrix for 19, 0, 8, 12: NaN
calculated iMatrix for 19, 0, 8, 13: NaN
calculated iMatrix for 19, 0, 8, 14: NaN
calculated iMatrix for 19, 0, 8, 15: NaN
calculated iMatrix for 19, 0, 8, 16: NaN
calculated iMatrix for 19, 0, 8, 17: NaN
calculated iMatrix for 19, 0, 8, 18: NaN
calculated iMatrix for 19, 0, 8, 19: 2.888180623936698E-4
calculated iMatrix for 19, 0, 9, 0: -0.042834607029364924
calculated iMatrix for 19, 0, 9, 1: 0.10307200302281139
calculated iMatrix for 19, 0, 9, 2: 0.43541484630201316
calculated iMatrix for 19, 0, 9, 3: 0.03334203609199027
calculated iMatrix for 19, 0, 9, 4: -0.42615098588289535
calculated iMatrix for 19, 0, 9, 5: 0.4512551108112307
calculated iMatrix for 19, 0, 9, 6: 0.41009703831772326
calculated iMatrix for 19, 0, 9, 7: -0.7838254301547114
calculated iMatrix for 19, 0, 9, 8: -0.1399492986015487
calculated iMatrix for 19, 0, 9, 9: -0.9224115934408579
calculated iMatrix for 19, 0, 9, 10: -0.6105537088806745
calculated iMatrix for 19, 0, 9, 11: 0.12801095137006346
calculated iMatrix for 19, 0, 9, 12: 1.6553128011777083
calculated iMatrix for 19, 0, 9, 13: -0.2309341411032081
calculated iMatrix for 19, 0, 9, 14: -0.13513001216559983
calculated iMatrix for 19, 0, 9, 15: 0.3397162415559237
calculated iMatrix for 19, 0, 9, 16: -0.0780597856355546
calculated iMatrix for 19, 0, 9, 17: -0.6809106509651672
calculated iMatrix for 19, 0, 9, 18: -0.25130144392764175
calculated iMatrix for 19, 0, 9, 19: -0.20733832050652568
calculated iMatrix for 19, 0, 10, 0: -0.260251227277416
calculated iMatrix for 19, 0, 10, 1: 0.07362480169651031
calculated iMatrix for 19, 0, 10, 2: 0.20060557617184072
calculated iMatrix for 19, 0, 10, 3: -0.7407010035209567
calculated iMatrix for 19, 0, 10, 4: -0.4984716474625215
calculated iMatrix for 19, 0, 10, 5: 0.5562795484958047
calculated iMatrix for 19, 0, 10, 6: -0.4008331778986056
calculated iMatrix for 19, 0, 10, 7: -0.33831282091727144
calculated iMatrix for 19, 0, 10, 8: -0.26624302392584087
calculated iMatrix for 19, 0, 10, 9: -0.451799621490633
calculated iMatrix for 19, 0, 10, 10: -0.9551439136043351
calculated iMatrix for 19, 0, 10, 11: 0.3393815135193256
calculated iMatrix for 19, 0, 10, 12: 0.9301110881381202
calculated iMatrix for 19, 0, 10, 13: 0.004631930209558877
calculated iMatrix for 19, 0, 10, 14: -0.008440151357793968
calculated iMatrix for 19, 0, 10, 15: -0.09380814260369363
calculated iMatrix for 19, 0, 10, 16: 0.1745309670049563
calculated iMatrix for 19, 0, 10, 17: 0.013000179880075402
calculated iMatrix for 19, 0, 10, 18: -0.17125873625410526
calculated iMatrix for 19, 0, 10, 19: 0.28380331299343114
calculated iMatrix for 19, 0, 11, 0: -0.2439907064056357
calculated iMatrix for 19, 0, 11, 1: 0.1764821871362181
calculated iMatrix for 19, 0, 11, 2: 0.27906877591131923
calculated iMatrix for 19, 0, 11, 3: 0.23824678139106398
calculated iMatrix for 19, 0, 11, 4: -0.7723967343310887
calculated iMatrix for 19, 0, 11, 5: 0.08186327814554906
calculated iMatrix for 19, 0, 11, 6: -0.03619006431069627
calculated iMatrix for 19, 0, 11, 7: -0.083475337300708
calculated iMatrix for 19, 0, 11, 8: -0.22275791198610206
calculated iMatrix for 19, 0, 11, 9: -0.260251227277416
calculated iMatrix for 19, 0, 11, 10: -0.27408147225946167
calculated iMatrix for 19, 0, 11, 11: 0.13040131749859218
calculated iMatrix for 19, 0, 11, 12: 0.6497698915831436
calculated iMatrix for 19, 0, 11, 13: -0.4457845657608719
calculated iMatrix for 19, 0, 11, 14: 0.1549141332588967
calculated iMatrix for 19, 0, 11, 15: 0.27033509594256455
calculated iMatrix for 19, 0, 11, 16: 0.255946358490465
calculated iMatrix for 19, 0, 11, 17: -0.13116961094950286
calculated iMatrix for 19, 0, 11, 18: -0.7575081218373378
calculated iMatrix for 19, 0, 11, 19: -0.07332961126015292
calculated iMatrix for 19, 0, 12, 0: -0.008440151357793968
calculated iMatrix for 19, 0, 12, 1: 0.13138363584870272
calculated iMatrix for 19, 0, 12, 2: 0.18368016165854428
calculated iMatrix for 19, 0, 12, 3: -0.18147034942430174
calculated iMatrix for 19, 0, 12, 4: 0.3432340930885967
calculated iMatrix for 19, 0, 12, 5: -0.023538946757137524
calculated iMatrix for 19, 0, 12, 6: -0.5474366520904808
calculated iMatrix for 19, 0, 12, 7: -0.5166649934237273
calculated iMatrix for 19, 0, 12, 8: -0.4008331778986056
calculated iMatrix for 19, 0, 12, 9: -0.2539420580841514
calculated iMatrix for 19, 0, 12, 10: -0.14055007963493904
calculated iMatrix for 19, 0, 12, 11: 0.082018593824979
calculated iMatrix for 19, 0, 12, 12: 0.6094865036238258
calculated iMatrix for 19, 0, 12, 13: 0.11674922833026491
calculated iMatrix for 19, 0, 12, 14: -0.33414180339993327
calculated iMatrix for 19, 0, 12, 15: 0.36927504379746806
calculated iMatrix for 19, 0, 12, 16: 0.004631930209558877
calculated iMatrix for 19, 0, 12, 17: 0.04975236549002848
calculated iMatrix for 19, 0, 12, 18: 0.33005433064418677
calculated iMatrix for 19, 0, 12, 19: 0.23420637185405901
calculated iMatrix for 19, 0, 13, 0: 0.16556229702219594
calculated iMatrix for 19, 0, 13, 1: -0.36309284991575863
calculated iMatrix for 19, 0, 13, 2: -0.061326037582238535
calculated iMatrix for 19, 0, 13, 3: 0.012862429346074289
calculated iMatrix for 19, 0, 13, 4: 0.3793253796509696
calculated iMatrix for 19, 0, 13, 5: -0.32957015787711486
calculated iMatrix for 19, 0, 13, 6: -0.062059444289113475
calculated iMatrix for 19, 0, 13, 7: 0.0665073339276463
calculated iMatrix for 19, 0, 13, 8: -0.2624308550394864
calculated iMatrix for 19, 0, 13, 9: -0.04943529106071698
calculated iMatrix for 19, 0, 13, 10: 0.12979507316356487
calculated iMatrix for 19, 0, 13, 11: -0.24382942908894079
calculated iMatrix for 19, 0, 13, 12: -0.15663621738656341
calculated iMatrix for 19, 0, 13, 13: -0.1776896265843957
calculated iMatrix for 19, 0, 13, 14: -0.05908388417654886
calculated iMatrix for 19, 0, 13, 15: -0.04232505287821209
calculated iMatrix for 19, 0, 13, 16: 0.09164330719918856
calculated iMatrix for 19, 0, 13, 17: 0.5278800739741067
calculated iMatrix for 19, 0, 13, 18: 0.41009703831772326
calculated iMatrix for 19, 0, 13, 19: 0.10400440402276256
calculated iMatrix for 19, 0, 14, 0: -0.014416264761135666
calculated iMatrix for 19, 0, 14, 1: 0.10999244586738521
calculated iMatrix for 19, 0, 14, 2: 0.13138363584870272
calculated iMatrix for 19, 0, 14, 3: -0.021801326858596592
calculated iMatrix for 19, 0, 14, 4: 0.30089774635273125
calculated iMatrix for 19, 0, 14, 5: 0.06917045134712996
calculated iMatrix for 19, 0, 14, 6: 0.2530932895080586
calculated iMatrix for 19, 0, 14, 7: -0.05479149026124186
calculated iMatrix for 19, 0, 14, 8: -0.07686110404162405
calculated iMatrix for 19, 0, 14, 9: 0.04908369278039271
calculated iMatrix for 19, 0, 14, 10: -0.24320423369502242
calculated iMatrix for 19, 0, 14, 11: -0.035373404404140274
calculated iMatrix for 19, 0, 14, 12: 0.11970125999434611
calculated iMatrix for 19, 0, 14, 13: -0.3862343784774527
calculated iMatrix for 19, 0, 14, 14: -0.0863398479961679
calculated iMatrix for 19, 0, 14, 15: -0.12252324527568781
calculated iMatrix for 19, 0, 14, 16: 0.05592522459710936
calculated iMatrix for 19, 0, 14, 17: -0.1942189285356063
calculated iMatrix for 19, 0, 14, 18: 0.27033509594256455
calculated iMatrix for 19, 0, 14, 19: 0.09619912373504924
calculated iMatrix for 19, 0, 15, 0: -0.1541916553170919
calculated iMatrix for 19, 0, 15, 1: 0.004631930209558877
calculated iMatrix for 19, 0, 15, 2: 0.0680015441421481
calculated iMatrix for 19, 0, 15, 3: 0.042372258192405976
calculated iMatrix for 19, 0, 15, 4: -0.05093792094525196
calculated iMatrix for 19, 0, 15, 5: -0.2309341411032081
calculated iMatrix for 19, 0, 15, 6: 0.004631930209558877
calculated iMatrix for 19, 0, 15, 7: 0.13324930803165236
calculated iMatrix for 19, 0, 15, 8: 0.05030196704274714
calculated iMatrix for 19, 0, 15, 9: -0.022036316872602435
calculated iMatrix for 19, 0, 15, 10: -0.1495187496176995
calculated iMatrix for 19, 0, 15, 11: -0.42083384460527506
calculated iMatrix for 19, 0, 15, 12: 0.31641155424040035
calculated iMatrix for 19, 0, 15, 13: 0.1755897283531983
calculated iMatrix for 19, 0, 15, 14: 0.0875195900153265
calculated iMatrix for 19, 0, 15, 15: -0.2624308550394864
calculated iMatrix for 19, 0, 15, 16: 0.02233150730895972
calculated iMatrix for 19, 0, 15, 17: 0.19828505301306337
calculated iMatrix for 19, 0, 15, 18: -0.43068614104828673
calculated iMatrix for 19, 0, 15, 19: 0.41521213898449366
calculated iMatrix for 19, 0, 16, 0: -0.04158091294557276
calculated iMatrix for 19, 0, 16, 1: 0.10471538876654152
calculated iMatrix for 19, 0, 16, 2: 0.05030196704274714
calculated iMatrix for 19, 0, 16, 3: -0.10384871278451113
calculated iMatrix for 19, 0, 16, 4: 0.09164330719918856
calculated iMatrix for 19, 0, 16, 5: -0.07874967872949212
calculated iMatrix for 19, 0, 16, 6: 0.23643354426688323
calculated iMatrix for 19, 0, 16, 7: -0.16335980102957082
calculated iMatrix for 19, 0, 16, 8: -0.16821088262985195
calculated iMatrix for 19, 0, 16, 9: 0.1005520520882981
calculated iMatrix for 19, 0, 16, 10: 0.05869915147983462
calculated iMatrix for 19, 0, 16, 11: -0.1259882522075053
calculated iMatrix for 19, 0, 16, 12: 0.07720262304439418
calculated iMatrix for 19, 0, 16, 13: -0.5152435290763497
calculated iMatrix for 19, 0, 16, 14: -0.05455694118077181
calculated iMatrix for 19, 0, 16, 15: 0.3675374238989273
calculated iMatrix for 19, 0, 16, 16: -0.053636977914416906
calculated iMatrix for 19, 0, 16, 17: -0.058168971029471495
calculated iMatrix for 19, 0, 16, 18: 0.11796061551656212
calculated iMatrix for 19, 0, 16, 19: 0.23043859894325236
calculated iMatrix for 19, 1, 0, 0: -0.17700841193369976
calculated iMatrix for 19, 1, 0, 1: 0.308499403848001
calculated iMatrix for 19, 1, 0, 2: 0.09448833609706375
calculated iMatrix for 19, 1, 0, 3: -0.13352329999396095
calculated iMatrix for 19, 1, 0, 4: 0.12172349670466609
calculated iMatrix for 19, 1, 0, 5: 0.24136010101037242
calculated iMatrix for 19, 1, 0, 6: -0.40526706391468004
calculated iMatrix for 19, 1, 0, 7: 0.11520881568347241
calculated iMatrix for 19, 1, 0, 8: -0.017828383701439465
calculated iMatrix for 19, 1, 0, 9: -0.10440068274768144
calculated iMatrix for 19, 1, 0, 10: -0.3701196761490344
calculated iMatrix for 19, 1, 0, 11: -0.15759032607659818
calculated iMatrix for 19, 1, 0, 12: 0.18830382178623373
calculated iMatrix for 19, 1, 0, 13: 0.18066603233811618
calculated iMatrix for 19, 1, 0, 14: -0.12661439818229325
calculated iMatrix for 19, 1, 0, 15: 0.021407127933517844
calculated iMatrix for 19, 1, 0, 16: -0.06604379392157711
calculated iMatrix for 19, 1, 0, 17: -0.011636413453518402
calculated iMatrix for 19, 1, 0, 18: -0.10880016190716624
calculated iMatrix for 19, 1, 0, 19: 0.12262724733102293
calculated iMatrix for 19, 1, 1, 0: 0.12357706535398894
calculated iMatrix for 19, 1, 1, 1: 0.460049301975202
calculated iMatrix for 19, 1, 1, 2: 0.09296045191901048
calculated iMatrix for 19, 1, 1, 3: -0.14242807833692073
calculated iMatrix for 19, 1, 1, 4: -0.3499622187240543
calculated iMatrix for 19, 1, 1, 5: -0.07080487822149129
calculated iMatrix for 19, 1, 1, 6: -0.26604203430409723
calculated iMatrix for 19, 1, 1, 7: -0.3812636787277037
calculated iMatrix for 19, 1, 1, 8: 0.09465824519610466
calculated iMatrix for 19, 1, 1, 9: -0.1217873574339774
calculated iMatrix for 19, 1, 1, 10: 0.0853558525337913
calculated iMatrix for 19, 1, 1, 11: 0.26055994155888185
calculated iMatrix for 19, 1, 1, 12: 0.18066603233811618
calculated iMatrix for 19, 1, 1, 13: -0.04817554009073133
calculated iMatrix for 19, 1, 1, 14: 0.17236722952342098
calculated iMatrix for 19, 1, 1, 15: 0.3504636029470332
calculated iMatrix for 19, 1, 1, 16: -0.09185060359339292
calculated iMatrix for 19, 1, 1, 17: -0.25111638408742154
calculated iMatrix for 19, 1, 1, 18: -0.023843439431200708
calculated iMatrix for 19, 1, 1, 19: -0.1139770500867
calculated iMatrix for 19, 1, 2, 0: -0.034084184330221756
calculated iMatrix for 19, 1, 2, 1: -0.5652317136073581
calculated iMatrix for 19, 1, 2, 2: -0.1692863658397894
calculated iMatrix for 19, 1, 2, 3: -0.21247859138200764
calculated iMatrix for 19, 1, 2, 4: 0.0853558525337913
calculated iMatrix for 19, 1, 2, 5: 0.5222072744626263
calculated iMatrix for 19, 1, 2, 6: 0.2586275738078281
calculated iMatrix for 19, 1, 2, 7: 0.019397884741993887
calculated iMatrix for 19, 1, 2, 8: 0.22643445079369684
calculated iMatrix for 19, 1, 2, 9: -0.190897524094367
calculated iMatrix for 19, 1, 2, 10: -0.8309348793403637
calculated iMatrix for 19, 1, 2, 11: 0.022176950912259685
calculated iMatrix for 19, 1, 2, 12: 0.16134175951171337
calculated iMatrix for 19, 1, 2, 13: -0.11688101396110473
calculated iMatrix for 19, 1, 2, 14: -0.2594846337579382
calculated iMatrix for 19, 1, 2, 15: 0.12520176108099101
calculated iMatrix for 19, 1, 2, 16: 0.09520814897680296
calculated iMatrix for 19, 1, 2, 17: -0.09696570426016327
calculated iMatrix for 19, 1, 2, 18: -0.032427183122592185
calculated iMatrix for 19, 1, 2, 19: 0.05938036613053055
calculated iMatrix for 19, 1, 3, 0: -0.19821943796533625
calculated iMatrix for 19, 1, 3, 1: -0.25111638408742154
calculated iMatrix for 19, 1, 3, 2: -0.28620770389869166
calculated iMatrix for 19, 1, 3, 3: -0.33481540296406864
calculated iMatrix for 19, 1, 3, 4: 0.03128863126351544
calculated iMatrix for 19, 1, 3, 5: 0.4160197475592573
calculated iMatrix for 19, 1, 3, 6: -0.43258723900106344
calculated iMatrix for 19, 1, 3, 7: -0.38648432451924575
calculated iMatrix for 19, 1, 3, 8: 0.3626751379500256
calculated iMatrix for 19, 1, 3, 9: -0.1377876987804184
calculated iMatrix for 19, 1, 3, 10: -0.2330978785847433
calculated iMatrix for 19, 1, 3, 11: 0.3299543388492604
calculated iMatrix for 19, 1, 3, 12: 0.030093173858741884
calculated iMatrix for 19, 1, 3, 13: -0.19335754993522924
calculated iMatrix for 19, 1, 3, 14: -0.09696570426016327
calculated iMatrix for 19, 1, 3, 15: 0.1018851544850018
calculated iMatrix for 19, 1, 3, 16: -0.06124762165808406
calculated iMatrix for 19, 1, 3, 17: 0.19868453784079454
calculated iMatrix for 19, 1, 3, 18: 0.19071636819161764
calculated iMatrix for 19, 1, 3, 19: 0.22643445079369684
calculated iMatrix for 19, 1, 4, 0: -0.11885968889489962
calculated iMatrix for 19, 1, 4, 1: -0.12228351224445322
calculated iMatrix for 19, 1, 4, 2: -0.06879482729346709
calculated iMatrix for 19, 1, 4, 3: -0.13006565268650816
calculated iMatrix for 19, 1, 4, 4: -0.47995795651626905
calculated iMatrix for 19, 1, 4, 5: 0.5944099966513998
calculated iMatrix for 19, 1, 4, 6: 0.37303792498557214
calculated iMatrix for 19, 1, 4, 7: -0.3679652767520083
calculated iMatrix for 19, 1, 4, 8: 0.26767740932774586
calculated iMatrix for 19, 1, 4, 9: -0.48518900593382175
calculated iMatrix for 19, 1, 4, 10: -0.7529733378706518
calculated iMatrix for 19, 1, 4, 11: 0.03243345107944873
calculated iMatrix for 19, 1, 4, 12: 0.2882966965304817
calculated iMatrix for 19, 1, 4, 13: 0.05145430085810998
calculated iMatrix for 19, 1, 4, 14: -0.03770424022343599
calculated iMatrix for 19, 1, 4, 15: 0.0853558525337913
calculated iMatrix for 19, 1, 4, 16: 0.24880892502336305
calculated iMatrix for 19, 1, 4, 17: -0.04179932295145539
calculated iMatrix for 19, 1, 4, 18: -0.4001519632479096
calculated iMatrix for 19, 1, 4, 19: 0.19976620371153542
calculated iMatrix for 19, 1, 5, 0: -0.7619420078534125
calculated iMatrix for 19, 1, 5, 1: 0.1837959253470438
calculated iMatrix for 19, 1, 5, 2: -0.18353372056862227
calculated iMatrix for 19, 1, 5, 3: 0.16231689366991964
calculated iMatrix for 19, 1, 5, 4: -0.0216162670183766
calculated iMatrix for 19, 1, 5, 5: 0.5231563412848921
calculated iMatrix for 19, 1, 5, 6: -0.42546977123219953
calculated iMatrix for 19, 1, 5, 7: 7.984645057282913E-4
calculated iMatrix for 19, 1, 5, 8: -0.044178199658110984
calculated iMatrix for 19, 1, 5, 9: -0.4329886036462267
calculated iMatrix for 19, 1, 5, 10: -0.2990558463765407
calculated iMatrix for 19, 1, 5, 11: -0.14825899864771397
calculated iMatrix for 19, 1, 5, 12: 0.3230275044109108
calculated iMatrix for 19, 1, 5, 13: -0.15431700073162902
calculated iMatrix for 19, 1, 5, 14: 0.03883583689889847
calculated iMatrix for 19, 1, 5, 15: 0.14872546646638052
calculated iMatrix for 19, 1, 5, 16: 0.4127782536350863
calculated iMatrix for 19, 1, 5, 17: 0.15556011120703983
calculated iMatrix for 19, 1, 5, 18: 0.19071636819161764
calculated iMatrix for 19, 1, 5, 19: -0.3201092555743732
calculated iMatrix for 19, 1, 6, 0: -0.3201092555743732
calculated iMatrix for 19, 1, 6, 1: 0.11925740420947273
calculated iMatrix for 19, 1, 6, 2: 0.09345306276641063
calculated iMatrix for 19, 1, 6, 3: -0.5909842097097728
calculated iMatrix for 19, 1, 6, 4: 0.30521532864681117
calculated iMatrix for 19, 1, 6, 5: 0.23754766787571657
calculated iMatrix for 19, 1, 6, 6: -0.08899753461098647
calculated iMatrix for 19, 1, 6, 7: 0.3859413298214801
calculated iMatrix for 19, 1, 6, 8: -0.16060237654658993
calculated iMatrix for 19, 1, 6, 9: 0.1267410686966456
calculated iMatrix for 19, 1, 6, 10: -0.41541943537869797
calculated iMatrix for 19, 1, 6, 11: 7.984645057282913E-4
calculated iMatrix for 19, 1, 6, 12: -0.3105398045582224
calculated iMatrix for 19, 1, 6, 13: -0.607791328026154
calculated iMatrix for 19, 1, 6, 14: 0.13664914692134178
calculated iMatrix for 19, 1, 6, 15: -0.030475962991330374
calculated iMatrix for 19, 1, 6, 16: 0.09448833609706375
calculated iMatrix for 19, 1, 6, 17: 0.29813661681245446
calculated iMatrix for 19, 1, 6, 18: 0.23195932672566666
calculated iMatrix for 19, 1, 6, 19: 0.05360715421921103
calculated iMatrix for 19, 1, 7, 0: -0.257588898593039
calculated iMatrix for 19, 1, 7, 1: 0.727209738706186
calculated iMatrix for 19, 1, 7, 2: -0.58426083061596
calculated iMatrix for 19, 1, 7, 3: -0.3028674491398671
calculated iMatrix for 19, 1, 7, 4: 0.026515352510857793
calculated iMatrix for 19, 1, 7, 5: -0.16429882432875031
calculated iMatrix for 19, 1, 7, 6: 0.25970923967856907
calculated iMatrix for 19, 1, 7, 7: 0.6624308618409825
calculated iMatrix for 19, 1, 7, 8: -0.5579589542782784
calculated iMatrix for 19, 1, 7, 9: 0.16539856020732768
calculated iMatrix for 19, 1, 7, 10: -0.2629508417344244
calculated iMatrix for 19, 1, 7, 11: -0.06568440487907456
calculated iMatrix for 19, 1, 7, 12: -0.9560980222943698
calculated iMatrix for 19, 1, 7, 13: -0.6543113436610468
calculated iMatrix for 19, 1, 7, 14: -0.06879482729346709
calculated iMatrix for 19, 1, 7, 15: -0.036533965075245645
calculated iMatrix for 19, 1, 7, 16: 0.4572982686033121
calculated iMatrix for 19, 1, 7, 17: 1.1039254335283646
calculated iMatrix for 19, 1, 7, 18: 1.2059470479206762
calculated iMatrix for 19, 1, 7, 19: 0.06125830095473073
calculated iMatrix for 19, 1, 8, 0: NaN
calculated iMatrix for 19, 1, 8, 1: NaN
calculated iMatrix for 19, 1, 8, 2: NaN
calculated iMatrix for 19, 1, 8, 3: NaN
calculated iMatrix for 19, 1, 8, 4: NaN
calculated iMatrix for 19, 1, 8, 5: NaN
calculated iMatrix for 19, 1, 8, 6: NaN
calculated iMatrix for 19, 1, 8, 7: NaN
calculated iMatrix for 19, 1, 8, 8: NaN
calculated iMatrix for 19, 1, 8, 9: NaN
calculated iMatrix for 19, 1, 8, 10: NaN
calculated iMatrix for 19, 1, 8, 11: NaN
calculated iMatrix for 19, 1, 8, 12: NaN
calculated iMatrix for 19, 1, 8, 13: NaN
calculated iMatrix for 19, 1, 8, 14: NaN
calculated iMatrix for 19, 1, 8, 15: NaN
calculated iMatrix for 19, 1, 8, 16: NaN
calculated iMatrix for 19, 1, 8, 17: NaN
calculated iMatrix for 19, 1, 8, 18: NaN
calculated iMatrix for 19, 1, 8, 19: 2.21272258391636E-5
calculated iMatrix for 19, 1, 9, 0: -0.3870034904044033
calculated iMatrix for 19, 1, 9, 1: 0.27951186697474867
calculated iMatrix for 19, 1, 9, 2: -0.2913302910243296
calculated iMatrix for 19, 1, 9, 3: -0.15580620428309677
calculated iMatrix for 19, 1, 9, 4: 0.11352672950048748
calculated iMatrix for 19, 1, 9, 5: -0.4234268696023993
calculated iMatrix for 19, 1, 9, 6: -0.3201092555743732
calculated iMatrix for 19, 1, 9, 7: 0.6747062394120931
calculated iMatrix for 19, 1, 9, 8: -0.05922537627731628
calculated iMatrix for 19, 1, 9, 9: -0.15976660549919364
calculated iMatrix for 19, 1, 9, 10: -0.2919383786076768
calculated iMatrix for 19, 1, 9, 11: 0.006884237092296019
calculated iMatrix for 19, 1, 9, 12: -0.8753866419111975
calculated iMatrix for 19, 1, 9, 13: -0.19422900968537027
calculated iMatrix for 19, 1, 9, 14: -0.2408598839202325
calculated iMatrix for 19, 1, 9, 15: 0.20313888819017478
calculated iMatrix for 19, 1, 9, 16: 0.5602494670737186
calculated iMatrix for 19, 1, 9, 17: 0.9006057298946365
calculated iMatrix for 19, 1, 9, 18: 0.3536198391284706
calculated iMatrix for 19, 1, 9, 19: 0.02473123071735639
calculated iMatrix for 19, 1, 10, 0: -0.22536388798500684
calculated iMatrix for 19, 1, 10, 1: 0.6387410907185779
calculated iMatrix for 19, 1, 10, 2: -0.1243646784482777
calculated iMatrix for 19, 1, 10, 3: 0.2161954534926026
calculated iMatrix for 19, 1, 10, 4: 0.6354021894530633
calculated iMatrix for 19, 1, 10, 5: -0.01103599314127457
calculated iMatrix for 19, 1, 10, 6: 0.17236722952342098
calculated iMatrix for 19, 1, 10, 7: 0.5553594817795269
calculated iMatrix for 19, 1, 10, 8: -0.6309583873076885
calculated iMatrix for 19, 1, 10, 9: 0.1553144411407017
calculated iMatrix for 19, 1, 10, 10: -0.22701883250836108
calculated iMatrix for 19, 1, 10, 11: -0.5727000082148839
calculated iMatrix for 19, 1, 10, 12: -0.07203632121763803
calculated iMatrix for 19, 1, 10, 13: -0.4569684382915704
calculated iMatrix for 19, 1, 10, 14: -0.45203679861692114
calculated iMatrix for 19, 1, 10, 15: 0.1570997573926326
calculated iMatrix for 19, 1, 10, 16: 0.05026453272252118
calculated iMatrix for 19, 1, 10, 17: 0.3823403176478857
calculated iMatrix for 19, 1, 10, 18: -0.09053481392987284
calculated iMatrix for 19, 1, 10, 19: -0.2400665479008366
calculated iMatrix for 19, 1, 11, 0: -0.2085567696686258
calculated iMatrix for 19, 1, 11, 1: 0.17236722952342098
calculated iMatrix for 19, 1, 11, 2: -0.03625127956099561
calculated iMatrix for 19, 1, 11, 3: -0.2112151673352356
calculated iMatrix for 19, 1, 11, 4: -0.16410500709779186
calculated iMatrix for 19, 1, 11, 5: 0.18333626089399513
calculated iMatrix for 19, 1, 11, 6: 0.39551078083763075
calculated iMatrix for 19, 1, 11, 7: -0.12049620167035746
calculated iMatrix for 19, 1, 11, 8: 0.13942307380406704
calculated iMatrix for 19, 1, 11, 9: -0.41957004910501117
calculated iMatrix for 19, 1, 11, 10: -0.6324839406165255
calculated iMatrix for 19, 1, 11, 11: 0.2111252398228246
calculated iMatrix for 19, 1, 11, 12: 0.02473123071735639
calculated iMatrix for 19, 1, 11, 13: -0.029419662058636886
calculated iMatrix for 19, 1, 11, 14: -0.24185705867462493
calculated iMatrix for 19, 1, 11, 15: 0.23950653236104968
calculated iMatrix for 19, 1, 11, 16: 0.17716340178691414
calculated iMatrix for 19, 1, 11, 17: 0.2941106663959015
calculated iMatrix for 19, 1, 11, 18: 0.2820661467798456
calculated iMatrix for 19, 1, 11, 19: -0.24185705867462493
calculated iMatrix for 19, 1, 12, 0: -0.21832656126443073
calculated iMatrix for 19, 1, 12, 1: 0.3586491875334726
calculated iMatrix for 19, 1, 12, 2: 0.5193943330860117
calculated iMatrix for 19, 1, 12, 3: 0.11520881568347241
calculated iMatrix for 19, 1, 12, 4: 0.005313144860254915
calculated iMatrix for 19, 1, 12, 5: 0.3221463176891829
calculated iMatrix for 19, 1, 12, 6: -0.04093787279050087
calculated iMatrix for 19, 1, 12, 7: -0.09185060359339292
calculated iMatrix for 19, 1, 12, 8: -0.09333593620958469
calculated iMatrix for 19, 1, 12, 9: -0.4919595125010323
calculated iMatrix for 19, 1, 12, 10: -0.05982615731070662
calculated iMatrix for 19, 1, 12, 11: 0.0628829966817327
calculated iMatrix for 19, 1, 12, 12: -0.027122130892899055
calculated iMatrix for 19, 1, 12, 13: -0.5024308123683277
calculated iMatrix for 19, 1, 12, 14: -0.21010836036004465
calculated iMatrix for 19, 1, 12, 15: 0.1798466959547138
calculated iMatrix for 19, 1, 12, 16: 0.27425638042578837
calculated iMatrix for 19, 1, 12, 17: -0.15197233377237496
calculated iMatrix for 19, 1, 12, 18: 0.016362981046839864
calculated iMatrix for 19, 1, 12, 19: -0.1308672559358447
calculated iMatrix for 19, 1, 13, 0: -0.3201092555743732
calculated iMatrix for 19, 1, 13, 1: 0.37303792498557214
calculated iMatrix for 19, 1, 13, 2: 0.35690854305568864
calculated iMatrix for 19, 1, 13, 3: -0.33481540296406864
calculated iMatrix for 19, 1, 13, 4: -0.20635037021771518
calculated iMatrix for 19, 1, 13, 5: 0.22053063090204383
calculated iMatrix for 19, 1, 13, 6: 0.11814567535678222
calculated iMatrix for 19, 1, 13, 7: -0.35749678764599335
calculated iMatrix for 19, 1, 13, 8: -0.15366104793670854
calculated iMatrix for 19, 1, 13, 9: -0.0639404488286689
calculated iMatrix for 19, 1, 13, 10: -0.5298297865564421
calculated iMatrix for 19, 1, 13, 11: 0.04187074059405249
calculated iMatrix for 19, 1, 13, 12: 0.25970923967856907
calculated iMatrix for 19, 1, 13, 13: -0.4001519632479096
calculated iMatrix for 19, 1, 13, 14: -0.05681863624675132
calculated iMatrix for 19, 1, 13, 15: 0.5161387686262455
calculated iMatrix for 19, 1, 13, 16: 0.20086873965563545
calculated iMatrix for 19, 1, 13, 17: -0.15366104793670854
calculated iMatrix for 19, 1, 13, 18: -0.3846477767119443
calculated iMatrix for 19, 1, 13, 19: 0.14251426637373987
calculated iMatrix for 19, 1, 14, 0: -0.07080487822149129
calculated iMatrix for 19, 1, 14, 1: 0.39284055228175196
calculated iMatrix for 19, 1, 14, 2: 0.23690575066099218
calculated iMatrix for 19, 1, 14, 3: -0.04937674143636539
calculated iMatrix for 19, 1, 14, 4: -0.02499220463507401
calculated iMatrix for 19, 1, 14, 5: 0.3366702808146974
calculated iMatrix for 19, 1, 14, 6: 0.26767740932774586
calculated iMatrix for 19, 1, 14, 7: -0.12865521521714585
calculated iMatrix for 19, 1, 14, 8: 0.0038628182826083712
calculated iMatrix for 19, 1, 14, 9: -0.2741995542702953
calculated iMatrix for 19, 1, 14, 10: -1.0338757233370541
calculated iMatrix for 19, 1, 14, 11: 0.04535051792009215
calculated iMatrix for 19, 1, 14, 12: -0.12143856077888904
calculated iMatrix for 19, 1, 14, 13: -0.08454318426160623
calculated iMatrix for 19, 1, 14, 14: -0.380733877390808
calculated iMatrix for 19, 1, 14, 15: 0.2371618654017954
calculated iMatrix for 19, 1, 14, 16: 0.2860265479959425
calculated iMatrix for 19, 1, 14, 17: 0.12865265828711558
calculated iMatrix for 19, 1, 14, 18: 0.12457656568707265
calculated iMatrix for 19, 1, 14, 19: -0.7583641865055284
calculated iMatrix for 19, 1, 15, 0: -0.34642656389174653
calculated iMatrix for 19, 1, 15, 1: 0.0853558525337913
calculated iMatrix for 19, 1, 15, 2: 0.25464790903741197
calculated iMatrix for 19, 1, 15, 3: 0.1230961805166384
calculated iMatrix for 19, 1, 15, 4: -0.012624555826412531
calculated iMatrix for 19, 1, 15, 5: 0.42075339802523876
calculated iMatrix for 19, 1, 15, 6: 0.0853558525337913
calculated iMatrix for 19, 1, 15, 7: -0.1290540188116639
calculated iMatrix for 19, 1, 15, 8: 0.1849856934826326
calculated iMatrix for 19, 1, 15, 9: -0.6987631062318809
calculated iMatrix for 19, 1, 15, 10: -0.14948373854360986
calculated iMatrix for 19, 1, 15, 11: -0.2612687555514397
calculated iMatrix for 19, 1, 15, 12: -0.1530551709112069
calculated iMatrix for 19, 1, 15, 13: -0.028588406815426404
calculated iMatrix for 19, 1, 15, 14: -0.08791586874024537
calculated iMatrix for 19, 1, 15, 15: 0.35416944068118933
calculated iMatrix for 19, 1, 15, 16: 0.25819866537320213
calculated iMatrix for 19, 1, 15, 17: -0.0037719273622160987
calculated iMatrix for 19, 1, 15, 18: 0.1837959253470438
calculated iMatrix for 19, 1, 15, 19: -0.25111638408742154
calculated iMatrix for 19, 1, 16, 0: -0.1469761248348247
calculated iMatrix for 19, 1, 16, 1: 0.47101833334577603
calculated iMatrix for 19, 1, 16, 2: -0.09522808436162256
calculated iMatrix for 19, 1, 16, 3: 0.09501776344552815
calculated iMatrix for 19, 1, 16, 4: 0.0853558525337913
calculated iMatrix for 19, 1, 16, 5: 0.18645196940516007
calculated iMatrix for 19, 1, 16, 6: 0.14477927300459204
calculated iMatrix for 19, 1, 16, 7: -0.22569957110329852
calculated iMatrix for 19, 1, 16, 8: 0.14346348334107206
calculated iMatrix for 19, 1, 16, 9: -0.45763905416559103
calculated iMatrix for 19, 1, 16, 10: -0.39421722772809487
calculated iMatrix for 19, 1, 16, 11: 0.1796665320050327
calculated iMatrix for 19, 1, 16, 12: -0.032427183122592185
calculated iMatrix for 19, 1, 16, 13: 0.13187586816868413
calculated iMatrix for 19, 1, 16, 14: -0.15976660549919364
calculated iMatrix for 19, 1, 16, 15: -0.14203398966186964
calculated iMatrix for 19, 1, 16, 16: 0.308499403848001
calculated iMatrix for 19, 1, 16, 17: 0.18149971308669366
calculated iMatrix for 19, 1, 16, 18: 0.0853558525337913
calculated iMatrix for 19, 1, 16, 19: -0.13205702407143338
calculated iMatrix for 19, 2, 0, 0: 0.19246086185853478
calculated iMatrix for 19, 2, 0, 1: -0.08749916449933581
calculated iMatrix for 19, 2, 0, 2: -0.024129550566746594
calculated iMatrix for 19, 2, 0, 3: 0.21033527941646307
calculated iMatrix for 19, 2, 0, 4: -0.1994170807033212
calculated iMatrix for 19, 2, 0, 5: -0.07522907190752148
calculated iMatrix for 19, 2, 0, 6: -0.04097914886444298
calculated iMatrix for 19, 2, 0, 7: -0.17893337045896762
calculated iMatrix for 19, 2, 0, 8: -0.12832115901959096
calculated iMatrix for 19, 2, 0, 9: 0.15264196318344497
calculated iMatrix for 19, 2, 0, 10: 0.30715502750461293
calculated iMatrix for 19, 2, 0, 11: 0.20604802740484307
calculated iMatrix for 19, 2, 0, 12: -0.05281360651144573
calculated iMatrix for 19, 2, 0, 13: -0.13628932866876786
calculated iMatrix for 19, 2, 0, 14: 0.20018290795244503
calculated iMatrix for 19, 2, 0, 15: -0.17930671375245866
calculated iMatrix for 19, 2, 0, 16: 0.09790405883202691
calculated iMatrix for 19, 2, 0, 17: -0.23889881095470422
calculated iMatrix for 19, 2, 0, 18: 0.09482239229461875
calculated iMatrix for 19, 2, 0, 19: -0.202274679091764
calculated iMatrix for 19, 2, 1, 0: -0.0683292483916157
calculated iMatrix for 19, 2, 1, 1: -0.42397140112054865
calculated iMatrix for 19, 2, 1, 2: 0.09752875389236182
calculated iMatrix for 19, 2, 1, 3: 0.0486330098252441
calculated iMatrix for 19, 2, 1, 4: 0.2919904572055678
calculated iMatrix for 19, 2, 1, 5: -0.012463978556421784
calculated iMatrix for 19, 2, 1, 6: 0.07284348557584364
calculated iMatrix for 19, 2, 1, 7: 0.007811015304989066
calculated iMatrix for 19, 2, 1, 8: -0.3723362848188855
calculated iMatrix for 19, 2, 1, 9: 0.08011624490492342
calculated iMatrix for 19, 2, 1, 10: -0.29513852927758033
calculated iMatrix for 19, 2, 1, 11: -0.17893337045896762
calculated iMatrix for 19, 2, 1, 12: 0.007811015304989066
calculated iMatrix for 19, 2, 1, 13: -0.12028898732232662
calculated iMatrix for 19, 2, 1, 14: -0.2698207212932904
calculated iMatrix for 19, 2, 1, 15: -0.10375968537111613
calculated iMatrix for 19, 2, 1, 16: 0.3635079640557446
calculated iMatrix for 19, 2, 1, 17: -0.00953762302962391
calculated iMatrix for 19, 2, 1, 18: 0.31796594360882857
calculated iMatrix for 19, 2, 1, 19: 0.27796060899512937
calculated iMatrix for 19, 2, 2, 0: 0.09971237758881057
calculated iMatrix for 19, 2, 2, 1: -0.2747107065874823
calculated iMatrix for 19, 2, 2, 2: 0.16279537588082482
calculated iMatrix for 19, 2, 2, 3: 0.37255413389323166
calculated iMatrix for 19, 2, 2, 4: -0.3106427158135455
calculated iMatrix for 19, 2, 2, 5: -0.2698207212932904
calculated iMatrix for 19, 2, 2, 6: -0.1387924588868864
calculated iMatrix for 19, 2, 2, 7: -0.022960643361764732
calculated iMatrix for 19, 2, 2, 8: 0.242742522371241
calculated iMatrix for 19, 2, 2, 9: -0.013391192345614034
calculated iMatrix for 19, 2, 2, 10: 0.38250446474639976
calculated iMatrix for 19, 2, 2, 11: 0.1243448315609405
calculated iMatrix for 19, 2, 2, 12: -0.2052822001557193
calculated iMatrix for 19, 2, 2, 13: 0.11609979074190369
calculated iMatrix for 19, 2, 2, 14: 0.10301915949879736
calculated iMatrix for 19, 2, 2, 15: -0.11976002671755726
calculated iMatrix for 19, 2, 2, 16: -0.07764686805632415
calculated iMatrix for 19, 2, 2, 17: -0.11976002671755726
calculated iMatrix for 19, 2, 2, 18: -0.3286612213162239
calculated iMatrix for 19, 2, 2, 19: -0.19285968015716215
calculated iMatrix for 19, 2, 3, 0: 0.1400143864859923
calculated iMatrix for 19, 2, 3, 1: -0.04827845134605446
calculated iMatrix for 19, 2, 3, 2: 0.4308452916806822
calculated iMatrix for 19, 2, 3, 3: 0.6276269227793846
calculated iMatrix for 19, 2, 3, 4: -0.22470028601282088
calculated iMatrix for 19, 2, 3, 5: -0.36425216641892655
calculated iMatrix for 19, 2, 3, 6: 0.03312882328927891
calculated iMatrix for 19, 2, 3, 7: 0.10599569289274408
calculated iMatrix for 19, 2, 3, 8: -0.16300671700748104
calculated iMatrix for 19, 2, 3, 9: -0.2628520519771971
calculated iMatrix for 19, 2, 3, 10: -0.08749916449933581
calculated iMatrix for 19, 2, 3, 11: -0.16575136139908409
calculated iMatrix for 19, 2, 3, 12: -0.044014052559596895
calculated iMatrix for 19, 2, 3, 13: 0.2893106878484524
calculated iMatrix for 19, 2, 3, 14: 0.0361147914678408
calculated iMatrix for 19, 2, 3, 15: 0.02644509484988189
calculated iMatrix for 19, 2, 3, 16: -0.08749916449933581
calculated iMatrix for 19, 2, 3, 17: -0.17536052029067006
calculated iMatrix for 19, 2, 3, 18: -0.3106427158135455
calculated iMatrix for 19, 2, 3, 19: -0.25082422060263543
calculated iMatrix for 19, 2, 4, 0: 0.23026036318972304
calculated iMatrix for 19, 2, 4, 1: -1.086027994610463
calculated iMatrix for 19, 2, 4, 2: 0.13726908254187575
calculated iMatrix for 19, 2, 4, 3: 0.2824210061894172
calculated iMatrix for 19, 2, 4, 4: 0.22959679315873838
calculated iMatrix for 19, 2, 4, 5: -0.7039125508278916
calculated iMatrix for 19, 2, 4, 6: -0.2052822001557193
calculated iMatrix for 19, 2, 4, 7: 0.4493019456699155
calculated iMatrix for 19, 2, 4, 8: -0.0655202577805607
calculated iMatrix for 19, 2, 4, 9: 0.41866444616084353
calculated iMatrix for 19, 2, 4, 10: 0.8287915673748192
calculated iMatrix for 19, 2, 4, 11: -0.2718028824972817
calculated iMatrix for 19, 2, 4, 12: -0.23060000814000914
calculated iMatrix for 19, 2, 4, 13: -0.12140071617501713
calculated iMatrix for 19, 2, 4, 14: 0.05176290283417173
calculated iMatrix for 19, 2, 4, 15: -0.26270325352442647
calculated iMatrix for 19, 2, 4, 16: -0.18623400518502486
calculated iMatrix for 19, 2, 4, 17: -0.0031580160655848566
calculated iMatrix for 19, 2, 4, 18: -0.36621256696835636
calculated iMatrix for 19, 2, 4, 19: -0.23703089847029957
calculated iMatrix for 19, 2, 5, 0: 0.40893772181455523
calculated iMatrix for 19, 2, 5, 1: 0.010940908313916697
calculated iMatrix for 19, 2, 5, 2: 0.2732080429673349
calculated iMatrix for 19, 2, 5, 3: -0.010538123363207474
calculated iMatrix for 19, 2, 5, 4: 0.07343120231330125
calculated iMatrix for 19, 2, 5, 5: -0.4510733308983401
calculated iMatrix for 19, 2, 5, 6: 0.1356443868148739
calculated iMatrix for 19, 2, 5, 7: 0.1536628923175522
calculated iMatrix for 19, 2, 5, 8: -0.09725533944470055
calculated iMatrix for 19, 2, 5, 9: 0.2825191946130809
calculated iMatrix for 19, 2, 5, 10: 0.052262777875822786
calculated iMatrix for 19, 2, 5, 11: 0.05481705768091949
calculated iMatrix for 19, 2, 5, 12: -0.3211140156808411
calculated iMatrix for 19, 2, 5, 13: -0.052407844688065586
calculated iMatrix for 19, 2, 5, 14: 0.23213450775904748
calculated iMatrix for 19, 2, 5, 15: -0.1616071366530577
calculated iMatrix for 19, 2, 5, 16: -0.4929642726075003
calculated iMatrix for 19, 2, 5, 17: -0.15030006573836618
calculated iMatrix for 19, 2, 5, 18: -0.5575027937450714
calculated iMatrix for 19, 2, 5, 19: 0.32801627946233
calculated iMatrix for 19, 2, 6, 0: 0.555637595485948
calculated iMatrix for 19, 2, 6, 1: -1.0593597475283016
calculated iMatrix for 19, 2, 6, 2: 0.10921112974671848
calculated iMatrix for 19, 2, 6, 3: 0.49743443142037674
calculated iMatrix for 19, 2, 6, 4: -0.04237872921886621
calculated iMatrix for 19, 2, 6, 5: -0.5815176699489453
calculated iMatrix for 19, 2, 6, 6: -0.2618525516441136
calculated iMatrix for 19, 2, 6, 7: 0.11544167949735457
calculated iMatrix for 19, 2, 6, 8: 0.1321294447074295
calculated iMatrix for 19, 2, 6, 9: 0.01497950478360155
calculated iMatrix for 19, 2, 6, 10: 0.7454099584357681
calculated iMatrix for 19, 2, 6, 11: -0.31930077855666017
calculated iMatrix for 19, 2, 6, 12: -0.13098427643907462
calculated iMatrix for 19, 2, 6, 13: 0.11162951061100007
calculated iMatrix for 19, 2, 6, 14: 0.02429224148878084
calculated iMatrix for 19, 2, 6, 15: -0.05523830228111437
calculated iMatrix for 19, 2, 6, 16: -0.21852742690574
calculated iMatrix for 19, 2, 6, 17: -0.18466291295298354
calculated iMatrix for 19, 2, 6, 18: 0.20018290795244503
calculated iMatrix for 19, 2, 6, 19: -0.1675418721728722
calculated iMatrix for 19, 2, 7, 0: 0.49123766488286524
calculated iMatrix for 19, 2, 7, 1: -0.08749916449933581
calculated iMatrix for 19, 2, 7, 2: 0.27080047516639844
calculated iMatrix for 19, 2, 7, 3: 0.5276864745908977
calculated iMatrix for 19, 2, 7, 4: 0.3518674952845099
calculated iMatrix for 19, 2, 7, 5: -0.9398860943940108
calculated iMatrix for 19, 2, 7, 6: -0.3958005241538525
calculated iMatrix for 19, 2, 7, 7: -0.2554908957384655
calculated iMatrix for 19, 2, 7, 8: -0.027395240429630374
calculated iMatrix for 19, 2, 7, 9: 0.46125351117871594
calculated iMatrix for 19, 2, 7, 10: 0.7800014032053872
calculated iMatrix for 19, 2, 7, 11: -0.177111323189023
calculated iMatrix for 19, 2, 7, 12: -0.5379156604697666
calculated iMatrix for 19, 2, 7, 13: 0.4031237519491354
calculated iMatrix for 19, 2, 7, 14: -0.06450964627463707
calculated iMatrix for 19, 2, 7, 15: 0.07050508464391247
calculated iMatrix for 19, 2, 7, 16: -0.4016144940192723
calculated iMatrix for 19, 2, 7, 17: -0.6264956652320228
calculated iMatrix for 19, 2, 7, 18: -0.5644232365896451
calculated iMatrix for 19, 2, 7, 19: 0.09908679108107632
calculated iMatrix for 19, 2, 8, 0: NaN
calculated iMatrix for 19, 2, 8, 1: NaN
calculated iMatrix for 19, 2, 8, 2: NaN
calculated iMatrix for 19, 2, 8, 3: NaN
calculated iMatrix for 19, 2, 8, 4: NaN
calculated iMatrix for 19, 2, 8, 5: NaN
calculated iMatrix for 19, 2, 8, 6: NaN
calculated iMatrix for 19, 2, 8, 7: NaN
calculated iMatrix for 19, 2, 8, 8: NaN
calculated iMatrix for 19, 2, 8, 9: NaN
calculated iMatrix for 19, 2, 8, 10: NaN
calculated iMatrix for 19, 2, 8, 11: NaN
calculated iMatrix for 19, 2, 8, 12: NaN
calculated iMatrix for 19, 2, 8, 13: NaN
calculated iMatrix for 19, 2, 8, 14: NaN
calculated iMatrix for 19, 2, 8, 15: NaN
calculated iMatrix for 19, 2, 8, 16: NaN
calculated iMatrix for 19, 2, 8, 17: NaN
calculated iMatrix for 19, 2, 8, 18: NaN
calculated iMatrix for 19, 2, 8, 19: -3.014810350172592E-4
calculated iMatrix for 19, 2, 9, 0: 0.36230175742888027
calculated iMatrix for 19, 2, 9, 1: -0.4059528956178704
calculated iMatrix for 19, 2, 9, 2: -0.19548780256343168
calculated iMatrix for 19, 2, 9, 3: 0.10847448146294603
calculated iMatrix for 19, 2, 9, 4: 0.26270326493377916
calculated iMatrix for 19, 2, 9, 5: -0.10168379949129225
calculated iMatrix for 19, 2, 9, 6: -0.14156638576961167
calculated iMatrix for 19, 2, 9, 7: -0.05434695718243532
calculated iMatrix for 19, 2, 9, 8: 0.18337578963606388
calculated iMatrix for 19, 2, 9, 9: 0.820759395677555
calculated iMatrix for 19, 2, 9, 10: 0.7334813875704944
calculated iMatrix for 19, 2, 9, 11: -0.13628932866876786
calculated iMatrix for 19, 2, 9, 12: -1.4175538072963503
calculated iMatrix for 19, 2, 9, 13: 0.37453629509722275
calculated iMatrix for 19, 2, 9, 14: 0.33121117035884917
calculated iMatrix for 19, 2, 9, 15: -0.6107473082638837
calculated iMatrix for 19, 2, 9, 16: -0.5518047726304336
calculated iMatrix for 19, 2, 9, 17: -0.3976540928031753
calculated iMatrix for 19, 2, 9, 18: -0.12259048431060593
calculated iMatrix for 19, 2, 9, 19: 0.166734973884905
calculated iMatrix for 19, 2, 10, 0: 0.4233264592666549
calculated iMatrix for 19, 2, 10, 1: -0.8702585037489683
calculated iMatrix for 19, 2, 10, 2: -0.08749916449933581
calculated iMatrix for 19, 2, 10, 3: 0.3855861312838078
calculated iMatrix for 19, 2, 10, 4: -0.22470028601282088
calculated iMatrix for 19, 2, 10, 5: -0.6423416736821008
calculated iMatrix for 19, 2, 10, 6: 0.1879128153606308
calculated iMatrix for 19, 2, 10, 7: -0.27207044102730593
calculated iMatrix for 19, 2, 10, 8: 0.7161898904604334
calculated iMatrix for 19, 2, 10, 9: 0.243242397412892
calculated iMatrix for 19, 2, 10, 10: 0.8933300885123903
calculated iMatrix for 19, 2, 10, 11: 0.12872394397030018
calculated iMatrix for 19, 2, 10, 12: -1.1861114531674455
calculated iMatrix for 19, 2, 10, 13: 0.3703339291261445
calculated iMatrix for 19, 2, 10, 14: 0.37859056542526337
calculated iMatrix for 19, 2, 10, 15: -0.06340161292027535
calculated iMatrix for 19, 2, 10, 16: -0.23060000814000914
calculated iMatrix for 19, 2, 10, 17: -0.4270063048157027
calculated iMatrix for 19, 2, 10, 18: 0.23792323593529208
calculated iMatrix for 19, 2, 10, 19: -0.07223169236854743
calculated iMatrix for 19, 2, 11, 0: 0.39674682146194284
calculated iMatrix for 19, 2, 11, 1: -0.36621256696835636
calculated iMatrix for 19, 2, 11, 2: -0.25934942142599515
calculated iMatrix for 19, 2, 11, 3: -0.049032883671539684
calculated iMatrix for 19, 2, 11, 4: 0.7366762784670134
calculated iMatrix for 19, 2, 11, 5: -0.27116390483975805
calculated iMatrix for 19, 2, 11, 6: -0.38760375694967397
calculated iMatrix for 19, 2, 11, 7: 0.18638958582010923
calculated iMatrix for 19, 2, 11, 8: 0.07213098109254812
calculated iMatrix for 19, 2, 11, 9: 0.5692803718897347
calculated iMatrix for 19, 2, 11, 10: 0.723431051716993
calculated iMatrix for 19, 2, 11, 11: -0.35716273144843835
calculated iMatrix for 19, 2, 11, 12: -0.8314186704327045
calculated iMatrix for 19, 2, 11, 13: 0.40497732059845837
calculated iMatrix for 19, 2, 11, 14: 0.062783038550002
calculated iMatrix for 19, 2, 11, 15: -0.5644232365896451
calculated iMatrix for 19, 2, 11, 16: -0.4682716600171286
calculated iMatrix for 19, 2, 11, 17: -0.17158228170987733
calculated iMatrix for 19, 2, 11, 18: 0.33371430057696766
calculated iMatrix for 19, 2, 11, 19: 0.27796060899512937
calculated iMatrix for 19, 2, 12, 0: 0.20018290795244503
calculated iMatrix for 19, 2, 12, 1: -0.5394842882423931
calculated iMatrix for 19, 2, 12, 2: -0.8431667020406151
calculated iMatrix for 19, 2, 12, 3: 0.05910430969253955
calculated iMatrix for 19, 2, 12, 4: -0.3792053872508423
calculated iMatrix for 19, 2, 12, 5: -0.3139160411585147
calculated iMatrix for 19, 2, 12, 6: 0.487864980404226
calculated iMatrix for 19, 2, 12, 7: 0.5091877498730473
calculated iMatrix for 19, 2, 12, 8: 0.4256766366116085
calculated iMatrix for 19, 2, 12, 9: 0.6147804996238819
calculated iMatrix for 19, 2, 12, 10: 0.18443455098430594
calculated iMatrix for 19, 2, 12, 11: -0.14401137476267822
calculated iMatrix for 19, 2, 12, 12: -0.6998849884148228
calculated iMatrix for 19, 2, 12, 13: 0.298917748638134
calculated iMatrix for 19, 2, 12, 14: 0.46984647490154774
calculated iMatrix for 19, 2, 12, 15: -0.6211394660314979
calculated iMatrix for 19, 2, 12, 16: -0.28913651059258194
calculated iMatrix for 19, 2, 12, 17: 0.08943154365974237
calculated iMatrix for 19, 2, 12, 18: -0.3751812369511167
calculated iMatrix for 19, 2, 12, 19: -0.11735212764901704
calculated iMatrix for 19, 2, 13, 0: 0.11609979074190369
calculated iMatrix for 19, 2, 13, 1: -0.04493955008053996
calculated iMatrix for 19, 2, 13, 2: -0.3140268137977862
calculated iMatrix for 19, 2, 13, 3: 0.27294226223487333
calculated iMatrix for 19, 2, 13, 4: -0.2084517749169984
calculated iMatrix for 19, 2, 13, 5: 0.0836490916964936
calculated iMatrix for 19, 2, 13, 6: -0.05470934167634489
calculated iMatrix for 19, 2, 13, 7: 0.24053420347601245
calculated iMatrix for 19, 2, 13, 8: 0.36723699261561127
calculated iMatrix for 19, 2, 13, 9: 0.10569206453152269
calculated iMatrix for 19, 2, 13, 10: 0.3055434236102713
calculated iMatrix for 19, 2, 13, 11: 0.18216440244976678
calculated iMatrix for 19, 2, 13, 12: -0.10997202035139442
calculated iMatrix for 19, 2, 13, 13: 0.487864980404226
calculated iMatrix for 19, 2, 13, 14: 0.10824541262675946
calculated iMatrix for 19, 2, 13, 15: -0.5348113825430005
calculated iMatrix for 19, 2, 13, 16: -0.30151023225027296
calculated iMatrix for 19, 2, 13, 17: -0.4409079106514471
calculated iMatrix for 19, 2, 13, 18: -0.08749916449933581
calculated iMatrix for 19, 2, 13, 19: -0.25082422060263543
calculated iMatrix for 19, 2, 14, 0: 0.07903852459335692
calculated iMatrix for 19, 2, 14, 1: -0.5575027937450714
calculated iMatrix for 19, 2, 14, 2: -0.3883914686879232
calculated iMatrix for 19, 2, 14, 3: 0.06665151532792257
calculated iMatrix for 19, 2, 14, 4: -0.29625397836144596
calculated iMatrix for 19, 2, 14, 5: -0.4358058587675515
calculated iMatrix for 19, 2, 14, 6: -0.5781220809478071
calculated iMatrix for 19, 2, 14, 7: 0.16739308512945417
calculated iMatrix for 19, 2, 14, 8: 0.06934330699363389
calculated iMatrix for 19, 2, 14, 9: 0.19188410513775
calculated iMatrix for 19, 2, 14, 10: 0.9241017471791441
calculated iMatrix for 19, 2, 14, 11: -0.009027549057840534
calculated iMatrix for 19, 2, 14, 12: -0.006530101965668722
calculated iMatrix for 19, 2, 14, 13: 0.40719707733677113
calculated iMatrix for 19, 2, 14, 14: 0.3959274850785405
calculated iMatrix for 19, 2, 14, 15: -0.11875170800344026
calculated iMatrix for 19, 2, 14, 16: -0.3594328799829777
calculated iMatrix for 19, 2, 14, 17: 0.057434860222998374
calculated iMatrix for 19, 2, 14, 18: -0.42397140112054865
calculated iMatrix for 19, 2, 14, 19: 0.4815953673906306
calculated iMatrix for 19, 2, 15, 0: 0.4287173079015313
calculated iMatrix for 19, 2, 15, 1: -0.08749916449933581
calculated iMatrix for 19, 2, 15, 2: -0.3363952119159602
calculated iMatrix for 19, 2, 15, 3: -0.16446020563546415
calculated iMatrix for 19, 2, 15, 4: 0.06042096557728638
calculated iMatrix for 19, 2, 15, 5: -0.2164912846904392
calculated iMatrix for 19, 2, 15, 6: -0.08749916449933581
calculated iMatrix for 19, 2, 15, 7: -0.013391192345614034
calculated iMatrix for 19, 2, 15, 8: -0.2387301342232594
calculated iMatrix for 19, 2, 15, 9: 0.5525381907466611
calculated iMatrix for 19, 2, 15, 10: 0.2691757794393966
calculated iMatrix for 19, 2, 15, 11: 0.5757950529109284
calculated iMatrix for 19, 2, 15, 12: -0.1870287598463689
calculated iMatrix for 19, 2, 15, 13: -0.152037685636907
calculated iMatrix for 19, 2, 15, 14: -0.004611504693568191
calculated iMatrix for 19, 2, 15, 15: -0.1130324665045006
calculated iMatrix for 19, 2, 15, 16: -0.2900234286108099
calculated iMatrix for 19, 2, 15, 17: -0.20144342384855352
calculated iMatrix for 19, 2, 15, 18: 0.20018290795244503
calculated iMatrix for 19, 2, 15, 19: -0.2084517749169984
calculated iMatrix for 19, 2, 16, 0: 0.17098375326018272
calculated iMatrix for 19, 2, 16, 1: -0.6580440229669489
calculated iMatrix for 19, 2, 16, 2: 0.03879456082495625
calculated iMatrix for 19, 2, 16, 3: 0.007811015304989066
calculated iMatrix for 19, 2, 16, 4: -0.177111323189023
calculated iMatrix for 19, 2, 16, 5: -0.10811845170207157
calculated iMatrix for 19, 2, 16, 6: -0.4059528956178704
calculated iMatrix for 19, 2, 16, 7: 0.34328375159311847
calculated iMatrix for 19, 2, 16, 8: 0.019598971057031234
calculated iMatrix for 19, 2, 16, 9: 0.2825191946130809
calculated iMatrix for 19, 2, 16, 10: 0.2754063291900326
calculated iMatrix for 19, 2, 16, 11: -0.05575046618475554
calculated iMatrix for 19, 2, 16, 12: -0.04582646809876778
calculated iMatrix for 19, 2, 16, 13: 0.3118868975324464
calculated iMatrix for 19, 2, 16, 14: 0.1936682269312514
calculated iMatrix for 19, 2, 16, 15: -0.25612187693512856
calculated iMatrix for 19, 2, 16, 16: -0.2661909532427118
calculated iMatrix for 19, 2, 16, 17: -0.12321724710141502
calculated iMatrix for 19, 2, 16, 18: -0.2052822001557193
calculated iMatrix for 19, 2, 16, 19: -0.1121917770897074
Predict ...
Format and write results (html, probabilities) ...
</system-out>
  </testcase>
  <testcase time="0" classname="de.bioinformatikmuenchen.pg4.ssp.ssppredict.PredictTest" name="testPrintUsageAndQuit"/>
</testsuite>